Calling target program-options parser
[14:27:19.121] [bmv2] [D] [thread 9303] Set default default entry for table 'MyIngress.ipv4_lpm': MyIngress.drop - 
[14:27:19.121] [bmv2] [D] [thread 9303] Set default default entry for table 'MyIngress.myTunnel_exact': MyIngress.drop - 
Adding interface s3-eth1 as port 1
[14:27:19.121] [bmv2] [D] [thread 9303] Adding interface s3-eth1 as port 1
Adding interface s3-eth2 as port 2
[14:27:19.150] [bmv2] [D] [thread 9303] Adding interface s3-eth2 as port 2
Adding interface s3-eth3 as port 3
[14:27:19.178] [bmv2] [D] [thread 9303] Adding interface s3-eth3 as port 3
Server listening on 0.0.0.0:50053
[14:27:19.215] [bmv2] [I] [thread 9303] Starting Thrift server on port 9092
[14:27:19.215] [bmv2] [I] [thread 9303] Thrift server was started
[14:27:19.216] [bmv2] [D] [thread 9314] [0.0] [cxt 0] Processing packet received on port 2
[14:27:19.216] [bmv2] [D] [thread 9314] [0.0] [cxt 0] Parser 'parser': start
[14:27:19.216] [bmv2] [D] [thread 9314] [0.0] [cxt 0] Parser 'parser' entering state 'start'
[14:27:19.216] [bmv2] [D] [thread 9314] [0.0] [cxt 0] Extracting header 'ethernet'
[14:27:19.216] [bmv2] [D] [thread 9314] [0.0] [cxt 0] Parser state 'start': key is 86dd
[14:27:19.216] [bmv2] [T] [thread 9314] [0.0] [cxt 0] Bytes parsed: 14
[14:27:19.216] [bmv2] [D] [thread 9314] [0.0] [cxt 0] Parser 'parser': end
[14:27:19.216] [bmv2] [D] [thread 9314] [0.0] [cxt 0] Pipeline 'ingress': start
[14:27:19.216] [bmv2] [T] [thread 9314] [0.0] [cxt 0] basic_tunnel.p4(152) Condition "hdr.ipv4.isValid() && !hdr.myTunnel.isValid()" (node_2) is false
[14:27:19.216] [bmv2] [T] [thread 9314] [0.0] [cxt 0] basic_tunnel.p4(155) Condition "hdr.myTunnel.isValid()" (node_4) is false
[14:27:19.216] [bmv2] [D] [thread 9314] [0.0] [cxt 0] Pipeline 'ingress': end
[14:27:19.216] [bmv2] [D] [thread 9314] [0.0] [cxt 0] Egress port is 0
[14:27:19.216] [bmv2] [D] [thread 9314] [1.0] [cxt 0] Processing packet received on port 2
[14:27:19.216] [bmv2] [D] [thread 9314] [1.0] [cxt 0] Parser 'parser': start
[14:27:19.216] [bmv2] [D] [thread 9314] [1.0] [cxt 0] Parser 'parser' entering state 'start'
[14:27:19.216] [bmv2] [D] [thread 9314] [1.0] [cxt 0] Extracting header 'ethernet'
[14:27:19.216] [bmv2] [D] [thread 9314] [1.0] [cxt 0] Parser state 'start': key is 86dd
[14:27:19.216] [bmv2] [T] [thread 9314] [1.0] [cxt 0] Bytes parsed: 14
[14:27:19.216] [bmv2] [D] [thread 9314] [1.0] [cxt 0] Parser 'parser': end
[14:27:19.216] [bmv2] [D] [thread 9314] [1.0] [cxt 0] Pipeline 'ingress': start
[14:27:19.216] [bmv2] [T] [thread 9314] [1.0] [cxt 0] basic_tunnel.p4(152) Condition "hdr.ipv4.isValid() && !hdr.myTunnel.isValid()" (node_2) is false
[14:27:19.216] [bmv2] [T] [thread 9314] [1.0] [cxt 0] basic_tunnel.p4(155) Condition "hdr.myTunnel.isValid()" (node_4) is false
[14:27:19.216] [bmv2] [D] [thread 9314] [1.0] [cxt 0] Pipeline 'ingress': end
[14:27:19.216] [bmv2] [D] [thread 9314] [1.0] [cxt 0] Egress port is 0
[14:27:19.216] [bmv2] [D] [thread 9315] [0.0] [cxt 0] Pipeline 'egress': start
[14:27:19.216] [bmv2] [D] [thread 9315] [0.0] [cxt 0] Pipeline 'egress': end
[14:27:19.216] [bmv2] [D] [thread 9315] [0.0] [cxt 0] Deparser 'deparser': start
[14:27:19.216] [bmv2] [T] [thread 9315] [0.0] [cxt 0] Skipping checksum 'cksum' update because condition not met
[14:27:19.216] [bmv2] [D] [thread 9315] [0.0] [cxt 0] Deparsing header 'ethernet'
[14:27:19.216] [bmv2] [D] [thread 9315] [0.0] [cxt 0] Deparser 'deparser': end
[14:27:19.216] [bmv2] [D] [thread 9315] [1.0] [cxt 0] Pipeline 'egress': start
[14:27:19.216] [bmv2] [D] [thread 9315] [1.0] [cxt 0] Pipeline 'egress': end
[14:27:19.216] [bmv2] [D] [thread 9315] [1.0] [cxt 0] Deparser 'deparser': start
[14:27:19.216] [bmv2] [T] [thread 9315] [1.0] [cxt 0] Skipping checksum 'cksum' update because condition not met
[14:27:19.216] [bmv2] [D] [thread 9315] [1.0] [cxt 0] Deparsing header 'ethernet'
[14:27:19.216] [bmv2] [D] [thread 9315] [1.0] [cxt 0] Deparser 'deparser': end
[14:27:19.217] [bmv2] [D] [thread 9319] [0.0] [cxt 0] Transmitting packet of size 110 out of port 0
[14:27:19.217] [bmv2] [D] [thread 9319] [1.0] [cxt 0] Transmitting packet of size 208 out of port 0
[14:27:19.329] [bmv2] [D] [thread 9314] [2.0] [cxt 0] Processing packet received on port 1
[14:27:19.331] [bmv2] [D] [thread 9314] [2.0] [cxt 0] Parser 'parser': start
[14:27:19.331] [bmv2] [D] [thread 9314] [2.0] [cxt 0] Parser 'parser' entering state 'start'
[14:27:19.331] [bmv2] [D] [thread 9314] [2.0] [cxt 0] Extracting header 'ethernet'
[14:27:19.331] [bmv2] [D] [thread 9314] [2.0] [cxt 0] Parser state 'start': key is 86dd
[14:27:19.331] [bmv2] [T] [thread 9314] [2.0] [cxt 0] Bytes parsed: 14
[14:27:19.331] [bmv2] [D] [thread 9314] [2.0] [cxt 0] Parser 'parser': end
[14:27:19.331] [bmv2] [D] [thread 9314] [2.0] [cxt 0] Pipeline 'ingress': start
[14:27:19.331] [bmv2] [T] [thread 9314] [2.0] [cxt 0] basic_tunnel.p4(152) Condition "hdr.ipv4.isValid() && !hdr.myTunnel.isValid()" (node_2) is false
[14:27:19.331] [bmv2] [T] [thread 9314] [2.0] [cxt 0] basic_tunnel.p4(155) Condition "hdr.myTunnel.isValid()" (node_4) is false
[14:27:19.331] [bmv2] [D] [thread 9314] [2.0] [cxt 0] Pipeline 'ingress': end
[14:27:19.331] [bmv2] [D] [thread 9314] [2.0] [cxt 0] Egress port is 0
[14:27:19.331] [bmv2] [D] [thread 9315] [2.0] [cxt 0] Pipeline 'egress': start
[14:27:19.331] [bmv2] [D] [thread 9315] [2.0] [cxt 0] Pipeline 'egress': end
[14:27:19.331] [bmv2] [D] [thread 9315] [2.0] [cxt 0] Deparser 'deparser': start
[14:27:19.331] [bmv2] [T] [thread 9315] [2.0] [cxt 0] Skipping checksum 'cksum' update because condition not met
[14:27:19.331] [bmv2] [D] [thread 9315] [2.0] [cxt 0] Deparsing header 'ethernet'
[14:27:19.331] [bmv2] [D] [thread 9315] [2.0] [cxt 0] Deparser 'deparser': end
[14:27:19.332] [bmv2] [D] [thread 9319] [2.0] [cxt 0] Transmitting packet of size 208 out of port 0
[14:27:19.363] [bmv2] [D] [thread 9314] [3.0] [cxt 0] Processing packet received on port 3
[14:27:19.363] [bmv2] [D] [thread 9314] [3.0] [cxt 0] Parser 'parser': start
[14:27:19.363] [bmv2] [D] [thread 9314] [3.0] [cxt 0] Parser 'parser' entering state 'start'
[14:27:19.363] [bmv2] [D] [thread 9314] [3.0] [cxt 0] Extracting header 'ethernet'
[14:27:19.363] [bmv2] [D] [thread 9314] [3.0] [cxt 0] Parser state 'start': key is 86dd
[14:27:19.363] [bmv2] [T] [thread 9314] [3.0] [cxt 0] Bytes parsed: 14
[14:27:19.363] [bmv2] [D] [thread 9314] [3.0] [cxt 0] Parser 'parser': end
[14:27:19.363] [bmv2] [D] [thread 9314] [3.0] [cxt 0] Pipeline 'ingress': start
[14:27:19.363] [bmv2] [T] [thread 9314] [3.0] [cxt 0] basic_tunnel.p4(152) Condition "hdr.ipv4.isValid() && !hdr.myTunnel.isValid()" (node_2) is false
[14:27:19.363] [bmv2] [T] [thread 9314] [3.0] [cxt 0] basic_tunnel.p4(155) Condition "hdr.myTunnel.isValid()" (node_4) is false
[14:27:19.363] [bmv2] [D] [thread 9314] [3.0] [cxt 0] Pipeline 'ingress': end
[14:27:19.363] [bmv2] [D] [thread 9314] [3.0] [cxt 0] Egress port is 0
[14:27:19.363] [bmv2] [D] [thread 9315] [3.0] [cxt 0] Pipeline 'egress': start
[14:27:19.365] [bmv2] [D] [thread 9315] [3.0] [cxt 0] Pipeline 'egress': end
[14:27:19.365] [bmv2] [D] [thread 9315] [3.0] [cxt 0] Deparser 'deparser': start
[14:27:19.365] [bmv2] [T] [thread 9315] [3.0] [cxt 0] Skipping checksum 'cksum' update because condition not met
[14:27:19.365] [bmv2] [D] [thread 9315] [3.0] [cxt 0] Deparsing header 'ethernet'
[14:27:19.365] [bmv2] [D] [thread 9315] [3.0] [cxt 0] Deparser 'deparser': end
[14:27:19.365] [bmv2] [D] [thread 9319] [3.0] [cxt 0] Transmitting packet of size 208 out of port 0
[14:27:19.376] [bmv2] [D] [thread 9314] [4.0] [cxt 0] Processing packet received on port 2
[14:27:19.376] [bmv2] [D] [thread 9314] [4.0] [cxt 0] Parser 'parser': start
[14:27:19.376] [bmv2] [D] [thread 9314] [4.0] [cxt 0] Parser 'parser' entering state 'start'
[14:27:19.376] [bmv2] [D] [thread 9314] [4.0] [cxt 0] Extracting header 'ethernet'
[14:27:19.376] [bmv2] [D] [thread 9314] [4.0] [cxt 0] Parser state 'start': key is 86dd
[14:27:19.376] [bmv2] [T] [thread 9314] [4.0] [cxt 0] Bytes parsed: 14
[14:27:19.376] [bmv2] [D] [thread 9314] [4.0] [cxt 0] Parser 'parser': end
[14:27:19.376] [bmv2] [D] [thread 9314] [4.0] [cxt 0] Pipeline 'ingress': start
[14:27:19.376] [bmv2] [T] [thread 9314] [4.0] [cxt 0] basic_tunnel.p4(152) Condition "hdr.ipv4.isValid() && !hdr.myTunnel.isValid()" (node_2) is false
[14:27:19.376] [bmv2] [T] [thread 9314] [4.0] [cxt 0] basic_tunnel.p4(155) Condition "hdr.myTunnel.isValid()" (node_4) is false
[14:27:19.376] [bmv2] [D] [thread 9314] [4.0] [cxt 0] Pipeline 'ingress': end
[14:27:19.376] [bmv2] [D] [thread 9314] [4.0] [cxt 0] Egress port is 0
[14:27:19.376] [bmv2] [D] [thread 9315] [4.0] [cxt 0] Pipeline 'egress': start
[14:27:19.376] [bmv2] [D] [thread 9315] [4.0] [cxt 0] Pipeline 'egress': end
[14:27:19.376] [bmv2] [D] [thread 9315] [4.0] [cxt 0] Deparser 'deparser': start
[14:27:19.376] [bmv2] [T] [thread 9315] [4.0] [cxt 0] Skipping checksum 'cksum' update because condition not met
[14:27:19.376] [bmv2] [D] [thread 9315] [4.0] [cxt 0] Deparsing header 'ethernet'
[14:27:19.376] [bmv2] [D] [thread 9315] [4.0] [cxt 0] Deparser 'deparser': end
[14:27:19.377] [bmv2] [D] [thread 9319] [4.0] [cxt 0] Transmitting packet of size 208 out of port 0
[14:27:19.434] [bmv2] [D] [thread 9314] [5.0] [cxt 0] Processing packet received on port 2
[14:27:19.434] [bmv2] [D] [thread 9314] [5.0] [cxt 0] Parser 'parser': start
[14:27:19.434] [bmv2] [D] [thread 9314] [5.0] [cxt 0] Parser 'parser' entering state 'start'
[14:27:19.434] [bmv2] [D] [thread 9314] [5.0] [cxt 0] Extracting header 'ethernet'
[14:27:19.434] [bmv2] [D] [thread 9314] [5.0] [cxt 0] Parser state 'start': key is 86dd
[14:27:19.434] [bmv2] [T] [thread 9314] [5.0] [cxt 0] Bytes parsed: 14
[14:27:19.434] [bmv2] [D] [thread 9314] [5.0] [cxt 0] Parser 'parser': end
[14:27:19.434] [bmv2] [D] [thread 9314] [5.0] [cxt 0] Pipeline 'ingress': start
[14:27:19.434] [bmv2] [T] [thread 9314] [5.0] [cxt 0] basic_tunnel.p4(152) Condition "hdr.ipv4.isValid() && !hdr.myTunnel.isValid()" (node_2) is false
[14:27:19.434] [bmv2] [T] [thread 9314] [5.0] [cxt 0] basic_tunnel.p4(155) Condition "hdr.myTunnel.isValid()" (node_4) is false
[14:27:19.434] [bmv2] [D] [thread 9314] [5.0] [cxt 0] Pipeline 'ingress': end
[14:27:19.434] [bmv2] [D] [thread 9314] [5.0] [cxt 0] Egress port is 0
[14:27:19.434] [bmv2] [D] [thread 9315] [5.0] [cxt 0] Pipeline 'egress': start
[14:27:19.434] [bmv2] [D] [thread 9315] [5.0] [cxt 0] Pipeline 'egress': end
[14:27:19.434] [bmv2] [D] [thread 9315] [5.0] [cxt 0] Deparser 'deparser': start
[14:27:19.434] [bmv2] [T] [thread 9315] [5.0] [cxt 0] Skipping checksum 'cksum' update because condition not met
[14:27:19.434] [bmv2] [D] [thread 9315] [5.0] [cxt 0] Deparsing header 'ethernet'
[14:27:19.434] [bmv2] [D] [thread 9315] [5.0] [cxt 0] Deparser 'deparser': end
[14:27:19.434] [bmv2] [D] [thread 9319] [5.0] [cxt 0] Transmitting packet of size 208 out of port 0
[14:27:19.463] [bmv2] [D] [thread 9314] [6.0] [cxt 0] Processing packet received on port 3
[14:27:19.463] [bmv2] [D] [thread 9314] [6.0] [cxt 0] Parser 'parser': start
[14:27:19.463] [bmv2] [D] [thread 9314] [6.0] [cxt 0] Parser 'parser' entering state 'start'
[14:27:19.463] [bmv2] [D] [thread 9314] [6.0] [cxt 0] Extracting header 'ethernet'
[14:27:19.463] [bmv2] [D] [thread 9314] [6.0] [cxt 0] Parser state 'start': key is 86dd
[14:27:19.463] [bmv2] [T] [thread 9314] [6.0] [cxt 0] Bytes parsed: 14
[14:27:19.463] [bmv2] [D] [thread 9314] [6.0] [cxt 0] Parser 'parser': end
[14:27:19.463] [bmv2] [D] [thread 9314] [6.0] [cxt 0] Pipeline 'ingress': start
[14:27:19.463] [bmv2] [T] [thread 9314] [6.0] [cxt 0] basic_tunnel.p4(152) Condition "hdr.ipv4.isValid() && !hdr.myTunnel.isValid()" (node_2) is false
[14:27:19.463] [bmv2] [T] [thread 9314] [6.0] [cxt 0] basic_tunnel.p4(155) Condition "hdr.myTunnel.isValid()" (node_4) is false
[14:27:19.463] [bmv2] [D] [thread 9314] [6.0] [cxt 0] Pipeline 'ingress': end
[14:27:19.463] [bmv2] [D] [thread 9314] [6.0] [cxt 0] Egress port is 0
[14:27:19.464] [bmv2] [D] [thread 9315] [6.0] [cxt 0] Pipeline 'egress': start
[14:27:19.464] [bmv2] [D] [thread 9315] [6.0] [cxt 0] Pipeline 'egress': end
[14:27:19.464] [bmv2] [D] [thread 9315] [6.0] [cxt 0] Deparser 'deparser': start
[14:27:19.464] [bmv2] [T] [thread 9315] [6.0] [cxt 0] Skipping checksum 'cksum' update because condition not met
[14:27:19.464] [bmv2] [D] [thread 9315] [6.0] [cxt 0] Deparsing header 'ethernet'
[14:27:19.464] [bmv2] [D] [thread 9315] [6.0] [cxt 0] Deparser 'deparser': end
[14:27:19.464] [bmv2] [D] [thread 9319] [6.0] [cxt 0] Transmitting packet of size 208 out of port 0
[14:27:19.561] [bmv2] [D] [thread 9314] [7.0] [cxt 0] Processing packet received on port 1
[14:27:19.561] [bmv2] [D] [thread 9314] [7.0] [cxt 0] Parser 'parser': start
[14:27:19.561] [bmv2] [D] [thread 9314] [7.0] [cxt 0] Parser 'parser' entering state 'start'
[14:27:19.561] [bmv2] [D] [thread 9314] [7.0] [cxt 0] Extracting header 'ethernet'
[14:27:19.561] [bmv2] [D] [thread 9314] [7.0] [cxt 0] Parser state 'start': key is 86dd
[14:27:19.561] [bmv2] [T] [thread 9314] [7.0] [cxt 0] Bytes parsed: 14
[14:27:19.561] [bmv2] [D] [thread 9314] [7.0] [cxt 0] Parser 'parser': end
[14:27:19.561] [bmv2] [D] [thread 9314] [7.0] [cxt 0] Pipeline 'ingress': start
[14:27:19.561] [bmv2] [T] [thread 9314] [7.0] [cxt 0] basic_tunnel.p4(152) Condition "hdr.ipv4.isValid() && !hdr.myTunnel.isValid()" (node_2) is false
[14:27:19.561] [bmv2] [T] [thread 9314] [7.0] [cxt 0] basic_tunnel.p4(155) Condition "hdr.myTunnel.isValid()" (node_4) is false
[14:27:19.561] [bmv2] [D] [thread 9314] [7.0] [cxt 0] Pipeline 'ingress': end
[14:27:19.561] [bmv2] [D] [thread 9314] [7.0] [cxt 0] Egress port is 0
[14:27:19.561] [bmv2] [D] [thread 9315] [7.0] [cxt 0] Pipeline 'egress': start
[14:27:19.561] [bmv2] [D] [thread 9315] [7.0] [cxt 0] Pipeline 'egress': end
[14:27:19.561] [bmv2] [D] [thread 9315] [7.0] [cxt 0] Deparser 'deparser': start
[14:27:19.561] [bmv2] [T] [thread 9315] [7.0] [cxt 0] Skipping checksum 'cksum' update because condition not met
[14:27:19.561] [bmv2] [D] [thread 9315] [7.0] [cxt 0] Deparsing header 'ethernet'
[14:27:19.561] [bmv2] [D] [thread 9315] [7.0] [cxt 0] Deparser 'deparser': end
[14:27:19.561] [bmv2] [D] [thread 9319] [7.0] [cxt 0] Transmitting packet of size 208 out of port 0
[14:27:19.610] [bmv2] [D] [thread 9314] [8.0] [cxt 0] Processing packet received on port 3
[14:27:19.610] [bmv2] [D] [thread 9314] [8.0] [cxt 0] Parser 'parser': start
[14:27:19.610] [bmv2] [D] [thread 9314] [8.0] [cxt 0] Parser 'parser' entering state 'start'
[14:27:19.610] [bmv2] [D] [thread 9314] [8.0] [cxt 0] Extracting header 'ethernet'
[14:27:19.610] [bmv2] [D] [thread 9314] [8.0] [cxt 0] Parser state 'start': key is 86dd
[14:27:19.610] [bmv2] [T] [thread 9314] [8.0] [cxt 0] Bytes parsed: 14
[14:27:19.610] [bmv2] [D] [thread 9314] [8.0] [cxt 0] Parser 'parser': end
[14:27:19.610] [bmv2] [D] [thread 9314] [8.0] [cxt 0] Pipeline 'ingress': start
[14:27:19.610] [bmv2] [T] [thread 9314] [8.0] [cxt 0] basic_tunnel.p4(152) Condition "hdr.ipv4.isValid() && !hdr.myTunnel.isValid()" (node_2) is false
[14:27:19.610] [bmv2] [T] [thread 9314] [8.0] [cxt 0] basic_tunnel.p4(155) Condition "hdr.myTunnel.isValid()" (node_4) is false
[14:27:19.610] [bmv2] [D] [thread 9314] [8.0] [cxt 0] Pipeline 'ingress': end
[14:27:19.610] [bmv2] [D] [thread 9314] [8.0] [cxt 0] Egress port is 0
[14:27:19.610] [bmv2] [D] [thread 9315] [8.0] [cxt 0] Pipeline 'egress': start
[14:27:19.610] [bmv2] [D] [thread 9315] [8.0] [cxt 0] Pipeline 'egress': end
[14:27:19.610] [bmv2] [D] [thread 9315] [8.0] [cxt 0] Deparser 'deparser': start
[14:27:19.610] [bmv2] [T] [thread 9315] [8.0] [cxt 0] Skipping checksum 'cksum' update because condition not met
[14:27:19.610] [bmv2] [D] [thread 9315] [8.0] [cxt 0] Deparsing header 'ethernet'
[14:27:19.610] [bmv2] [D] [thread 9315] [8.0] [cxt 0] Deparser 'deparser': end
[14:27:19.610] [bmv2] [D] [thread 9319] [8.0] [cxt 0] Transmitting packet of size 208 out of port 0
[14:27:19.627] [bmv2] [D] [thread 9314] [9.0] [cxt 0] Processing packet received on port 2
[14:27:19.627] [bmv2] [D] [thread 9314] [9.0] [cxt 0] Parser 'parser': start
[14:27:19.627] [bmv2] [D] [thread 9314] [9.0] [cxt 0] Parser 'parser' entering state 'start'
[14:27:19.627] [bmv2] [D] [thread 9314] [9.0] [cxt 0] Extracting header 'ethernet'
[14:27:19.627] [bmv2] [D] [thread 9314] [9.0] [cxt 0] Parser state 'start': key is 86dd
[14:27:19.627] [bmv2] [T] [thread 9314] [9.0] [cxt 0] Bytes parsed: 14
[14:27:19.627] [bmv2] [D] [thread 9314] [9.0] [cxt 0] Parser 'parser': end
[14:27:19.627] [bmv2] [D] [thread 9314] [9.0] [cxt 0] Pipeline 'ingress': start
[14:27:19.627] [bmv2] [T] [thread 9314] [9.0] [cxt 0] basic_tunnel.p4(152) Condition "hdr.ipv4.isValid() && !hdr.myTunnel.isValid()" (node_2) is false
[14:27:19.627] [bmv2] [T] [thread 9314] [9.0] [cxt 0] basic_tunnel.p4(155) Condition "hdr.myTunnel.isValid()" (node_4) is false
[14:27:19.627] [bmv2] [D] [thread 9314] [9.0] [cxt 0] Pipeline 'ingress': end
[14:27:19.627] [bmv2] [D] [thread 9314] [9.0] [cxt 0] Egress port is 0
[14:27:19.628] [bmv2] [D] [thread 9315] [9.0] [cxt 0] Pipeline 'egress': start
[14:27:19.628] [bmv2] [D] [thread 9315] [9.0] [cxt 0] Pipeline 'egress': end
[14:27:19.628] [bmv2] [D] [thread 9315] [9.0] [cxt 0] Deparser 'deparser': start
[14:27:19.628] [bmv2] [T] [thread 9315] [9.0] [cxt 0] Skipping checksum 'cksum' update because condition not met
[14:27:19.628] [bmv2] [D] [thread 9315] [9.0] [cxt 0] Deparsing header 'ethernet'
[14:27:19.628] [bmv2] [D] [thread 9315] [9.0] [cxt 0] Deparser 'deparser': end
[14:27:19.628] [bmv2] [D] [thread 9319] [9.0] [cxt 0] Transmitting packet of size 208 out of port 0
[14:27:19.633] [bmv2] [D] [thread 9314] [10.0] [cxt 0] Processing packet received on port 2
[14:27:19.633] [bmv2] [D] [thread 9314] [10.0] [cxt 0] Parser 'parser': start
[14:27:19.633] [bmv2] [D] [thread 9314] [10.0] [cxt 0] Parser 'parser' entering state 'start'
[14:27:19.633] [bmv2] [D] [thread 9314] [10.0] [cxt 0] Extracting header 'ethernet'
[14:27:19.633] [bmv2] [D] [thread 9314] [10.0] [cxt 0] Parser state 'start': key is 86dd
[14:27:19.633] [bmv2] [T] [thread 9314] [10.0] [cxt 0] Bytes parsed: 14
[14:27:19.633] [bmv2] [D] [thread 9314] [10.0] [cxt 0] Parser 'parser': end
[14:27:19.633] [bmv2] [D] [thread 9314] [10.0] [cxt 0] Pipeline 'ingress': start
[14:27:19.633] [bmv2] [T] [thread 9314] [10.0] [cxt 0] basic_tunnel.p4(152) Condition "hdr.ipv4.isValid() && !hdr.myTunnel.isValid()" (node_2) is false
[14:27:19.633] [bmv2] [T] [thread 9314] [10.0] [cxt 0] basic_tunnel.p4(155) Condition "hdr.myTunnel.isValid()" (node_4) is false
[14:27:19.633] [bmv2] [D] [thread 9314] [10.0] [cxt 0] Pipeline 'ingress': end
[14:27:19.633] [bmv2] [D] [thread 9314] [10.0] [cxt 0] Egress port is 0
[14:27:19.634] [bmv2] [D] [thread 9315] [10.0] [cxt 0] Pipeline 'egress': start
[14:27:19.634] [bmv2] [D] [thread 9315] [10.0] [cxt 0] Pipeline 'egress': end
[14:27:19.634] [bmv2] [D] [thread 9315] [10.0] [cxt 0] Deparser 'deparser': start
[14:27:19.634] [bmv2] [T] [thread 9315] [10.0] [cxt 0] Skipping checksum 'cksum' update because condition not met
[14:27:19.634] [bmv2] [D] [thread 9315] [10.0] [cxt 0] Deparsing header 'ethernet'
[14:27:19.634] [bmv2] [D] [thread 9315] [10.0] [cxt 0] Deparser 'deparser': end
[14:27:19.634] [bmv2] [D] [thread 9319] [10.0] [cxt 0] Transmitting packet of size 196 out of port 0
[14:27:19.655] [bmv2] [D] [thread 9314] [11.0] [cxt 0] Processing packet received on port 1
[14:27:19.655] [bmv2] [D] [thread 9314] [11.0] [cxt 0] Parser 'parser': start
[14:27:19.655] [bmv2] [D] [thread 9314] [11.0] [cxt 0] Parser 'parser' entering state 'start'
[14:27:19.655] [bmv2] [D] [thread 9314] [11.0] [cxt 0] Extracting header 'ethernet'
[14:27:19.655] [bmv2] [D] [thread 9314] [11.0] [cxt 0] Parser state 'start': key is 86dd
[14:27:19.655] [bmv2] [T] [thread 9314] [11.0] [cxt 0] Bytes parsed: 14
[14:27:19.655] [bmv2] [D] [thread 9314] [11.0] [cxt 0] Parser 'parser': end
[14:27:19.655] [bmv2] [D] [thread 9314] [11.0] [cxt 0] Pipeline 'ingress': start
[14:27:19.655] [bmv2] [T] [thread 9314] [11.0] [cxt 0] basic_tunnel.p4(152) Condition "hdr.ipv4.isValid() && !hdr.myTunnel.isValid()" (node_2) is false
[14:27:19.655] [bmv2] [T] [thread 9314] [11.0] [cxt 0] basic_tunnel.p4(155) Condition "hdr.myTunnel.isValid()" (node_4) is false
[14:27:19.655] [bmv2] [D] [thread 9314] [11.0] [cxt 0] Pipeline 'ingress': end
[14:27:19.655] [bmv2] [D] [thread 9314] [11.0] [cxt 0] Egress port is 0
[14:27:19.656] [bmv2] [D] [thread 9315] [11.0] [cxt 0] Pipeline 'egress': start
[14:27:19.657] [bmv2] [D] [thread 9315] [11.0] [cxt 0] Pipeline 'egress': end
[14:27:19.657] [bmv2] [D] [thread 9315] [11.0] [cxt 0] Deparser 'deparser': start
[14:27:19.657] [bmv2] [T] [thread 9315] [11.0] [cxt 0] Skipping checksum 'cksum' update because condition not met
[14:27:19.657] [bmv2] [D] [thread 9315] [11.0] [cxt 0] Deparsing header 'ethernet'
[14:27:19.657] [bmv2] [D] [thread 9315] [11.0] [cxt 0] Deparser 'deparser': end
[14:27:19.657] [bmv2] [D] [thread 9319] [11.0] [cxt 0] Transmitting packet of size 110 out of port 0
[14:27:19.664] [bmv2] [D] [thread 9314] [12.0] [cxt 0] Processing packet received on port 3
[14:27:19.664] [bmv2] [D] [thread 9314] [12.0] [cxt 0] Parser 'parser': start
[14:27:19.664] [bmv2] [D] [thread 9314] [12.0] [cxt 0] Parser 'parser' entering state 'start'
[14:27:19.664] [bmv2] [D] [thread 9314] [12.0] [cxt 0] Extracting header 'ethernet'
[14:27:19.664] [bmv2] [D] [thread 9314] [12.0] [cxt 0] Parser state 'start': key is 86dd
[14:27:19.664] [bmv2] [T] [thread 9314] [12.0] [cxt 0] Bytes parsed: 14
[14:27:19.664] [bmv2] [D] [thread 9314] [12.0] [cxt 0] Parser 'parser': end
[14:27:19.664] [bmv2] [D] [thread 9314] [12.0] [cxt 0] Pipeline 'ingress': start
[14:27:19.664] [bmv2] [T] [thread 9314] [12.0] [cxt 0] basic_tunnel.p4(152) Condition "hdr.ipv4.isValid() && !hdr.myTunnel.isValid()" (node_2) is false
[14:27:19.664] [bmv2] [T] [thread 9314] [12.0] [cxt 0] basic_tunnel.p4(155) Condition "hdr.myTunnel.isValid()" (node_4) is false
[14:27:19.664] [bmv2] [D] [thread 9314] [12.0] [cxt 0] Pipeline 'ingress': end
[14:27:19.664] [bmv2] [D] [thread 9314] [12.0] [cxt 0] Egress port is 0
[14:27:19.664] [bmv2] [D] [thread 9315] [12.0] [cxt 0] Pipeline 'egress': start
[14:27:19.664] [bmv2] [D] [thread 9315] [12.0] [cxt 0] Pipeline 'egress': end
[14:27:19.664] [bmv2] [D] [thread 9315] [12.0] [cxt 0] Deparser 'deparser': start
[14:27:19.664] [bmv2] [T] [thread 9315] [12.0] [cxt 0] Skipping checksum 'cksum' update because condition not met
[14:27:19.664] [bmv2] [D] [thread 9315] [12.0] [cxt 0] Deparsing header 'ethernet'
[14:27:19.664] [bmv2] [D] [thread 9315] [12.0] [cxt 0] Deparser 'deparser': end
[14:27:19.665] [bmv2] [D] [thread 9319] [12.0] [cxt 0] Transmitting packet of size 196 out of port 0
[14:27:19.687] [bmv2] [D] [thread 9314] [13.0] [cxt 0] Processing packet received on port 2
[14:27:19.687] [bmv2] [D] [thread 9314] [13.0] [cxt 0] Parser 'parser': start
[14:27:19.687] [bmv2] [D] [thread 9314] [13.0] [cxt 0] Parser 'parser' entering state 'start'
[14:27:19.687] [bmv2] [D] [thread 9314] [13.0] [cxt 0] Extracting header 'ethernet'
[14:27:19.687] [bmv2] [D] [thread 9314] [13.0] [cxt 0] Parser state 'start': key is 86dd
[14:27:19.687] [bmv2] [T] [thread 9314] [13.0] [cxt 0] Bytes parsed: 14
[14:27:19.687] [bmv2] [D] [thread 9314] [13.0] [cxt 0] Parser 'parser': end
[14:27:19.687] [bmv2] [D] [thread 9314] [13.0] [cxt 0] Pipeline 'ingress': start
[14:27:19.687] [bmv2] [T] [thread 9314] [13.0] [cxt 0] basic_tunnel.p4(152) Condition "hdr.ipv4.isValid() && !hdr.myTunnel.isValid()" (node_2) is false
[14:27:19.687] [bmv2] [T] [thread 9314] [13.0] [cxt 0] basic_tunnel.p4(155) Condition "hdr.myTunnel.isValid()" (node_4) is false
[14:27:19.687] [bmv2] [D] [thread 9314] [13.0] [cxt 0] Pipeline 'ingress': end
[14:27:19.687] [bmv2] [D] [thread 9314] [13.0] [cxt 0] Egress port is 0
[14:27:19.687] [bmv2] [D] [thread 9315] [13.0] [cxt 0] Pipeline 'egress': start
[14:27:19.687] [bmv2] [D] [thread 9315] [13.0] [cxt 0] Pipeline 'egress': end
[14:27:19.687] [bmv2] [D] [thread 9315] [13.0] [cxt 0] Deparser 'deparser': start
[14:27:19.687] [bmv2] [T] [thread 9315] [13.0] [cxt 0] Skipping checksum 'cksum' update because condition not met
[14:27:19.687] [bmv2] [D] [thread 9315] [13.0] [cxt 0] Deparsing header 'ethernet'
[14:27:19.687] [bmv2] [D] [thread 9315] [13.0] [cxt 0] Deparser 'deparser': end
[14:27:19.688] [bmv2] [D] [thread 9319] [13.0] [cxt 0] Transmitting packet of size 90 out of port 0
[14:27:19.724] [bmv2] [D] [thread 9314] [14.0] [cxt 0] Processing packet received on port 2
[14:27:19.724] [bmv2] [D] [thread 9314] [14.0] [cxt 0] Parser 'parser': start
[14:27:19.724] [bmv2] [D] [thread 9314] [14.0] [cxt 0] Parser 'parser' entering state 'start'
[14:27:19.724] [bmv2] [D] [thread 9314] [14.0] [cxt 0] Extracting header 'ethernet'
[14:27:19.724] [bmv2] [D] [thread 9314] [14.0] [cxt 0] Parser state 'start': key is 86dd
[14:27:19.724] [bmv2] [T] [thread 9314] [14.0] [cxt 0] Bytes parsed: 14
[14:27:19.724] [bmv2] [D] [thread 9314] [14.0] [cxt 0] Parser 'parser': end
[14:27:19.724] [bmv2] [D] [thread 9314] [14.0] [cxt 0] Pipeline 'ingress': start
[14:27:19.724] [bmv2] [T] [thread 9314] [14.0] [cxt 0] basic_tunnel.p4(152) Condition "hdr.ipv4.isValid() && !hdr.myTunnel.isValid()" (node_2) is false
[14:27:19.724] [bmv2] [T] [thread 9314] [14.0] [cxt 0] basic_tunnel.p4(155) Condition "hdr.myTunnel.isValid()" (node_4) is false
[14:27:19.724] [bmv2] [D] [thread 9314] [14.0] [cxt 0] Pipeline 'ingress': end
[14:27:19.724] [bmv2] [D] [thread 9314] [14.0] [cxt 0] Egress port is 0
[14:27:19.725] [bmv2] [D] [thread 9315] [14.0] [cxt 0] Pipeline 'egress': start
[14:27:19.725] [bmv2] [D] [thread 9315] [14.0] [cxt 0] Pipeline 'egress': end
[14:27:19.725] [bmv2] [D] [thread 9315] [14.0] [cxt 0] Deparser 'deparser': start
[14:27:19.725] [bmv2] [T] [thread 9315] [14.0] [cxt 0] Skipping checksum 'cksum' update because condition not met
[14:27:19.725] [bmv2] [D] [thread 9315] [14.0] [cxt 0] Deparsing header 'ethernet'
[14:27:19.725] [bmv2] [D] [thread 9315] [14.0] [cxt 0] Deparser 'deparser': end
[14:27:19.726] [bmv2] [D] [thread 9319] [14.0] [cxt 0] Transmitting packet of size 90 out of port 0
[14:27:19.765] [bmv2] [D] [thread 9314] [15.0] [cxt 0] Processing packet received on port 1
[14:27:19.765] [bmv2] [D] [thread 9314] [15.0] [cxt 0] Parser 'parser': start
[14:27:19.765] [bmv2] [D] [thread 9314] [15.0] [cxt 0] Parser 'parser' entering state 'start'
[14:27:19.765] [bmv2] [D] [thread 9314] [15.0] [cxt 0] Extracting header 'ethernet'
[14:27:19.765] [bmv2] [D] [thread 9314] [15.0] [cxt 0] Parser state 'start': key is 86dd
[14:27:19.765] [bmv2] [T] [thread 9314] [15.0] [cxt 0] Bytes parsed: 14
[14:27:19.765] [bmv2] [D] [thread 9314] [15.0] [cxt 0] Parser 'parser': end
[14:27:19.765] [bmv2] [D] [thread 9314] [15.0] [cxt 0] Pipeline 'ingress': start
[14:27:19.765] [bmv2] [T] [thread 9314] [15.0] [cxt 0] basic_tunnel.p4(152) Condition "hdr.ipv4.isValid() && !hdr.myTunnel.isValid()" (node_2) is false
[14:27:19.765] [bmv2] [T] [thread 9314] [15.0] [cxt 0] basic_tunnel.p4(155) Condition "hdr.myTunnel.isValid()" (node_4) is false
[14:27:19.765] [bmv2] [D] [thread 9314] [15.0] [cxt 0] Pipeline 'ingress': end
[14:27:19.765] [bmv2] [D] [thread 9314] [15.0] [cxt 0] Egress port is 0
[14:27:19.768] [bmv2] [D] [thread 9315] [15.0] [cxt 0] Pipeline 'egress': start
[14:27:19.768] [bmv2] [D] [thread 9315] [15.0] [cxt 0] Pipeline 'egress': end
[14:27:19.768] [bmv2] [D] [thread 9315] [15.0] [cxt 0] Deparser 'deparser': start
[14:27:19.768] [bmv2] [T] [thread 9315] [15.0] [cxt 0] Skipping checksum 'cksum' update because condition not met
[14:27:19.768] [bmv2] [D] [thread 9315] [15.0] [cxt 0] Deparsing header 'ethernet'
[14:27:19.768] [bmv2] [D] [thread 9315] [15.0] [cxt 0] Deparser 'deparser': end
[14:27:19.768] [bmv2] [D] [thread 9319] [15.0] [cxt 0] Transmitting packet of size 196 out of port 0
[14:27:19.814] [bmv2] [D] [thread 9314] [16.0] [cxt 0] Processing packet received on port 3
[14:27:19.815] [bmv2] [D] [thread 9314] [16.0] [cxt 0] Parser 'parser': start
[14:27:19.815] [bmv2] [D] [thread 9314] [16.0] [cxt 0] Parser 'parser' entering state 'start'
[14:27:19.815] [bmv2] [D] [thread 9314] [16.0] [cxt 0] Extracting header 'ethernet'
[14:27:19.815] [bmv2] [D] [thread 9314] [16.0] [cxt 0] Parser state 'start': key is 86dd
[14:27:19.815] [bmv2] [T] [thread 9314] [16.0] [cxt 0] Bytes parsed: 14
[14:27:19.815] [bmv2] [D] [thread 9314] [16.0] [cxt 0] Parser 'parser': end
[14:27:19.815] [bmv2] [D] [thread 9314] [16.0] [cxt 0] Pipeline 'ingress': start
[14:27:19.815] [bmv2] [T] [thread 9314] [16.0] [cxt 0] basic_tunnel.p4(152) Condition "hdr.ipv4.isValid() && !hdr.myTunnel.isValid()" (node_2) is false
[14:27:19.815] [bmv2] [T] [thread 9314] [16.0] [cxt 0] basic_tunnel.p4(155) Condition "hdr.myTunnel.isValid()" (node_4) is false
[14:27:19.815] [bmv2] [D] [thread 9314] [16.0] [cxt 0] Pipeline 'ingress': end
[14:27:19.815] [bmv2] [D] [thread 9314] [16.0] [cxt 0] Egress port is 0
[14:27:19.815] [bmv2] [D] [thread 9315] [16.0] [cxt 0] Pipeline 'egress': start
[14:27:19.815] [bmv2] [D] [thread 9315] [16.0] [cxt 0] Pipeline 'egress': end
[14:27:19.815] [bmv2] [D] [thread 9315] [16.0] [cxt 0] Deparser 'deparser': start
[14:27:19.815] [bmv2] [T] [thread 9315] [16.0] [cxt 0] Skipping checksum 'cksum' update because condition not met
[14:27:19.815] [bmv2] [D] [thread 9315] [16.0] [cxt 0] Deparsing header 'ethernet'
[14:27:19.815] [bmv2] [D] [thread 9315] [16.0] [cxt 0] Deparser 'deparser': end
[14:27:19.815] [bmv2] [D] [thread 9319] [16.0] [cxt 0] Transmitting packet of size 110 out of port 0
[14:27:19.827] [bmv2] [D] [thread 9314] [17.0] [cxt 0] Processing packet received on port 2
[14:27:19.827] [bmv2] [D] [thread 9314] [17.0] [cxt 0] Parser 'parser': start
[14:27:19.827] [bmv2] [D] [thread 9314] [17.0] [cxt 0] Parser 'parser' entering state 'start'
[14:27:19.827] [bmv2] [D] [thread 9314] [17.0] [cxt 0] Extracting header 'ethernet'
[14:27:19.827] [bmv2] [D] [thread 9314] [17.0] [cxt 0] Parser state 'start': key is 86dd
[14:27:19.827] [bmv2] [T] [thread 9314] [17.0] [cxt 0] Bytes parsed: 14
[14:27:19.827] [bmv2] [D] [thread 9314] [17.0] [cxt 0] Parser 'parser': end
[14:27:19.827] [bmv2] [D] [thread 9314] [17.0] [cxt 0] Pipeline 'ingress': start
[14:27:19.827] [bmv2] [T] [thread 9314] [17.0] [cxt 0] basic_tunnel.p4(152) Condition "hdr.ipv4.isValid() && !hdr.myTunnel.isValid()" (node_2) is false
[14:27:19.827] [bmv2] [T] [thread 9314] [17.0] [cxt 0] basic_tunnel.p4(155) Condition "hdr.myTunnel.isValid()" (node_4) is false
[14:27:19.827] [bmv2] [D] [thread 9314] [17.0] [cxt 0] Pipeline 'ingress': end
[14:27:19.827] [bmv2] [D] [thread 9314] [17.0] [cxt 0] Egress port is 0
[14:27:19.827] [bmv2] [D] [thread 9315] [17.0] [cxt 0] Pipeline 'egress': start
[14:27:19.827] [bmv2] [D] [thread 9315] [17.0] [cxt 0] Pipeline 'egress': end
[14:27:19.827] [bmv2] [D] [thread 9315] [17.0] [cxt 0] Deparser 'deparser': start
[14:27:19.827] [bmv2] [T] [thread 9315] [17.0] [cxt 0] Skipping checksum 'cksum' update because condition not met
[14:27:19.827] [bmv2] [D] [thread 9315] [17.0] [cxt 0] Deparsing header 'ethernet'
[14:27:19.827] [bmv2] [D] [thread 9315] [17.0] [cxt 0] Deparser 'deparser': end
[14:27:19.828] [bmv2] [D] [thread 9319] [17.0] [cxt 0] Transmitting packet of size 196 out of port 0
[14:27:19.860] [bmv2] [D] [thread 9314] [18.0] [cxt 0] Processing packet received on port 3
[14:27:19.860] [bmv2] [D] [thread 9314] [18.0] [cxt 0] Parser 'parser': start
[14:27:19.860] [bmv2] [D] [thread 9314] [18.0] [cxt 0] Parser 'parser' entering state 'start'
[14:27:19.860] [bmv2] [D] [thread 9314] [18.0] [cxt 0] Extracting header 'ethernet'
[14:27:19.860] [bmv2] [D] [thread 9314] [18.0] [cxt 0] Parser state 'start': key is 86dd
[14:27:19.860] [bmv2] [T] [thread 9314] [18.0] [cxt 0] Bytes parsed: 14
[14:27:19.860] [bmv2] [D] [thread 9314] [18.0] [cxt 0] Parser 'parser': end
[14:27:19.860] [bmv2] [D] [thread 9314] [18.0] [cxt 0] Pipeline 'ingress': start
[14:27:19.860] [bmv2] [T] [thread 9314] [18.0] [cxt 0] basic_tunnel.p4(152) Condition "hdr.ipv4.isValid() && !hdr.myTunnel.isValid()" (node_2) is false
[14:27:19.860] [bmv2] [T] [thread 9314] [18.0] [cxt 0] basic_tunnel.p4(155) Condition "hdr.myTunnel.isValid()" (node_4) is false
[14:27:19.860] [bmv2] [D] [thread 9314] [18.0] [cxt 0] Pipeline 'ingress': end
[14:27:19.860] [bmv2] [D] [thread 9314] [18.0] [cxt 0] Egress port is 0
[14:27:19.860] [bmv2] [D] [thread 9315] [18.0] [cxt 0] Pipeline 'egress': start
[14:27:19.860] [bmv2] [D] [thread 9315] [18.0] [cxt 0] Pipeline 'egress': end
[14:27:19.860] [bmv2] [D] [thread 9315] [18.0] [cxt 0] Deparser 'deparser': start
[14:27:19.861] [bmv2] [T] [thread 9315] [18.0] [cxt 0] Skipping checksum 'cksum' update because condition not met
[14:27:19.861] [bmv2] [D] [thread 9315] [18.0] [cxt 0] Deparsing header 'ethernet'
[14:27:19.861] [bmv2] [D] [thread 9315] [18.0] [cxt 0] Deparser 'deparser': end
[14:27:19.861] [bmv2] [D] [thread 9319] [18.0] [cxt 0] Transmitting packet of size 208 out of port 0
[14:27:19.943] [bmv2] [D] [thread 9314] [19.0] [cxt 0] Processing packet received on port 3
[14:27:19.943] [bmv2] [D] [thread 9314] [19.0] [cxt 0] Parser 'parser': start
[14:27:19.943] [bmv2] [D] [thread 9314] [19.0] [cxt 0] Parser 'parser' entering state 'start'
[14:27:19.943] [bmv2] [D] [thread 9314] [19.0] [cxt 0] Extracting header 'ethernet'
[14:27:19.943] [bmv2] [D] [thread 9314] [19.0] [cxt 0] Parser state 'start': key is 86dd
[14:27:19.943] [bmv2] [T] [thread 9314] [19.0] [cxt 0] Bytes parsed: 14
[14:27:19.943] [bmv2] [D] [thread 9314] [19.0] [cxt 0] Parser 'parser': end
[14:27:19.943] [bmv2] [D] [thread 9314] [19.0] [cxt 0] Pipeline 'ingress': start
[14:27:19.943] [bmv2] [T] [thread 9314] [19.0] [cxt 0] basic_tunnel.p4(152) Condition "hdr.ipv4.isValid() && !hdr.myTunnel.isValid()" (node_2) is false
[14:27:19.943] [bmv2] [T] [thread 9314] [19.0] [cxt 0] basic_tunnel.p4(155) Condition "hdr.myTunnel.isValid()" (node_4) is false
[14:27:19.943] [bmv2] [D] [thread 9314] [19.0] [cxt 0] Pipeline 'ingress': end
[14:27:19.943] [bmv2] [D] [thread 9314] [19.0] [cxt 0] Egress port is 0
[14:27:19.944] [bmv2] [D] [thread 9315] [19.0] [cxt 0] Pipeline 'egress': start
[14:27:19.944] [bmv2] [D] [thread 9315] [19.0] [cxt 0] Pipeline 'egress': end
[14:27:19.944] [bmv2] [D] [thread 9315] [19.0] [cxt 0] Deparser 'deparser': start
[14:27:19.944] [bmv2] [T] [thread 9315] [19.0] [cxt 0] Skipping checksum 'cksum' update because condition not met
[14:27:19.944] [bmv2] [D] [thread 9315] [19.0] [cxt 0] Deparsing header 'ethernet'
[14:27:19.944] [bmv2] [D] [thread 9315] [19.0] [cxt 0] Deparser 'deparser': end
[14:27:19.944] [bmv2] [D] [thread 9319] [19.0] [cxt 0] Transmitting packet of size 90 out of port 0
[14:27:20.060] [bmv2] [D] [thread 9314] [20.0] [cxt 0] Processing packet received on port 3
[14:27:20.060] [bmv2] [D] [thread 9314] [20.0] [cxt 0] Parser 'parser': start
[14:27:20.060] [bmv2] [D] [thread 9314] [20.0] [cxt 0] Parser 'parser' entering state 'start'
[14:27:20.060] [bmv2] [D] [thread 9314] [20.0] [cxt 0] Extracting header 'ethernet'
[14:27:20.060] [bmv2] [D] [thread 9314] [20.0] [cxt 0] Parser state 'start': key is 86dd
[14:27:20.060] [bmv2] [T] [thread 9314] [20.0] [cxt 0] Bytes parsed: 14
[14:27:20.060] [bmv2] [D] [thread 9314] [20.0] [cxt 0] Parser 'parser': end
[14:27:20.060] [bmv2] [D] [thread 9314] [20.0] [cxt 0] Pipeline 'ingress': start
[14:27:20.060] [bmv2] [T] [thread 9314] [20.0] [cxt 0] basic_tunnel.p4(152) Condition "hdr.ipv4.isValid() && !hdr.myTunnel.isValid()" (node_2) is false
[14:27:20.060] [bmv2] [T] [thread 9314] [20.0] [cxt 0] basic_tunnel.p4(155) Condition "hdr.myTunnel.isValid()" (node_4) is false
[14:27:20.060] [bmv2] [D] [thread 9314] [20.0] [cxt 0] Pipeline 'ingress': end
[14:27:20.060] [bmv2] [D] [thread 9314] [20.0] [cxt 0] Egress port is 0
[14:27:20.061] [bmv2] [D] [thread 9315] [20.0] [cxt 0] Pipeline 'egress': start
[14:27:20.061] [bmv2] [D] [thread 9315] [20.0] [cxt 0] Pipeline 'egress': end
[14:27:20.061] [bmv2] [D] [thread 9315] [20.0] [cxt 0] Deparser 'deparser': start
[14:27:20.061] [bmv2] [T] [thread 9315] [20.0] [cxt 0] Skipping checksum 'cksum' update because condition not met
[14:27:20.061] [bmv2] [D] [thread 9315] [20.0] [cxt 0] Deparsing header 'ethernet'
[14:27:20.061] [bmv2] [D] [thread 9315] [20.0] [cxt 0] Deparser 'deparser': end
[14:27:20.061] [bmv2] [D] [thread 9319] [20.0] [cxt 0] Transmitting packet of size 196 out of port 0
[14:27:20.788] [bmv2] [W] [thread 9404] [P4Runtime] p4::tmp::P4DeviceConfig is deprecated
[14:27:20.790] [bmv2] [D] [thread 9404] Set default default entry for table 'MyIngress.ipv4_lpm': MyIngress.drop - 
[14:27:20.790] [bmv2] [D] [thread 9404] Set default default entry for table 'MyIngress.myTunnel_exact': MyIngress.drop - 
[14:27:20.792] [bmv2] [D] [thread 9404] simple_switch target has been notified of a config swap
[14:27:20.795] [bmv2] [D] [thread 9405] Entry 0 added to table 'MyIngress.ipv4_lpm'
[14:27:20.795] [bmv2] [D] [thread 9405] Dumping entry 0
Match key:
* hdr.ipv4.dstAddr    : LPM       0a000101/32
Action entry: MyIngress.ipv4_forward - 80000000100,2,

[14:27:20.805] [bmv2] [D] [thread 9404] Entry 1 added to table 'MyIngress.ipv4_lpm'
[14:27:20.805] [bmv2] [D] [thread 9404] Dumping entry 1
Match key:
* hdr.ipv4.dstAddr    : LPM       0a000202/32
Action entry: MyIngress.ipv4_forward - 80000000200,3,

[14:27:20.808] [bmv2] [D] [thread 9405] Entry 2 added to table 'MyIngress.ipv4_lpm'
[14:27:20.808] [bmv2] [D] [thread 9405] Dumping entry 2
Match key:
* hdr.ipv4.dstAddr    : LPM       0a000303/32
Action entry: MyIngress.ipv4_forward - 80000000333,1,

[14:27:20.810] [bmv2] [D] [thread 9404] Entry 0 added to table 'MyIngress.myTunnel_exact'
[14:27:20.810] [bmv2] [D] [thread 9404] Dumping entry 0
Match key:
* hdr.myTunnel.dst_id : EXACT     0001
Action entry: MyIngress.myTunnel_forward - 2,

[14:27:20.812] [bmv2] [D] [thread 9404] Entry 1 added to table 'MyIngress.myTunnel_exact'
[14:27:20.812] [bmv2] [D] [thread 9404] Dumping entry 1
Match key:
* hdr.myTunnel.dst_id : EXACT     0002
Action entry: MyIngress.myTunnel_forward - 3,

[14:27:20.816] [bmv2] [D] [thread 9314] [21.0] [cxt 0] Processing packet received on port 2
[14:27:20.816] [bmv2] [D] [thread 9314] [21.0] [cxt 0] Parser 'parser': start
[14:27:20.817] [bmv2] [D] [thread 9314] [21.0] [cxt 0] Parser 'parser' entering state 'start'
[14:27:20.817] [bmv2] [D] [thread 9314] [21.0] [cxt 0] Extracting header 'ethernet'
[14:27:20.817] [bmv2] [D] [thread 9314] [21.0] [cxt 0] Parser state 'start': key is 86dd
[14:27:20.817] [bmv2] [T] [thread 9314] [21.0] [cxt 0] Bytes parsed: 14
[14:27:20.817] [bmv2] [D] [thread 9314] [21.0] [cxt 0] Parser 'parser': end
[14:27:20.817] [bmv2] [D] [thread 9314] [21.0] [cxt 0] Pipeline 'ingress': start
[14:27:20.817] [bmv2] [T] [thread 9314] [21.0] [cxt 0] basic_tunnel.p4(152) Condition "hdr.ipv4.isValid() && !hdr.myTunnel.isValid()" (node_2) is false
[14:27:20.817] [bmv2] [T] [thread 9314] [21.0] [cxt 0] basic_tunnel.p4(155) Condition "hdr.myTunnel.isValid()" (node_4) is false
[14:27:20.817] [bmv2] [D] [thread 9314] [21.0] [cxt 0] Pipeline 'ingress': end
[14:27:20.817] [bmv2] [D] [thread 9314] [21.0] [cxt 0] Egress port is 0
[14:27:20.817] [bmv2] [D] [thread 9315] [21.0] [cxt 0] Pipeline 'egress': start
[14:27:20.817] [bmv2] [D] [thread 9315] [21.0] [cxt 0] Pipeline 'egress': end
[14:27:20.817] [bmv2] [D] [thread 9315] [21.0] [cxt 0] Deparser 'deparser': start
[14:27:20.817] [bmv2] [T] [thread 9315] [21.0] [cxt 0] Skipping checksum 'cksum' update because condition not met
[14:27:20.817] [bmv2] [D] [thread 9315] [21.0] [cxt 0] Deparsing header 'ethernet'
[14:27:20.817] [bmv2] [D] [thread 9315] [21.0] [cxt 0] Deparser 'deparser': end
[14:27:20.819] [bmv2] [D] [thread 9319] [21.0] [cxt 0] Transmitting packet of size 196 out of port 0
[14:27:20.823] [bmv2] [D] [thread 9404] Entry 2 added to table 'MyIngress.myTunnel_exact'
[14:27:20.823] [bmv2] [D] [thread 9404] Dumping entry 2
Match key:
* hdr.myTunnel.dst_id : EXACT     0003
Action entry: MyIngress.myTunnel_forward - 1,

[14:27:20.845] [bmv2] [D] [thread 9314] [22.0] [cxt 0] Processing packet received on port 3
[14:27:20.845] [bmv2] [D] [thread 9314] [22.0] [cxt 0] Parser 'parser': start
[14:27:20.845] [bmv2] [D] [thread 9314] [22.0] [cxt 0] Parser 'parser' entering state 'start'
[14:27:20.845] [bmv2] [D] [thread 9314] [22.0] [cxt 0] Extracting header 'ethernet'
[14:27:20.845] [bmv2] [D] [thread 9314] [22.0] [cxt 0] Parser state 'start': key is 86dd
[14:27:20.845] [bmv2] [T] [thread 9314] [22.0] [cxt 0] Bytes parsed: 14
[14:27:20.845] [bmv2] [D] [thread 9314] [22.0] [cxt 0] Parser 'parser': end
[14:27:20.845] [bmv2] [D] [thread 9314] [22.0] [cxt 0] Pipeline 'ingress': start
[14:27:20.845] [bmv2] [T] [thread 9314] [22.0] [cxt 0] basic_tunnel.p4(152) Condition "hdr.ipv4.isValid() && !hdr.myTunnel.isValid()" (node_2) is false
[14:27:20.845] [bmv2] [T] [thread 9314] [22.0] [cxt 0] basic_tunnel.p4(155) Condition "hdr.myTunnel.isValid()" (node_4) is false
[14:27:20.845] [bmv2] [D] [thread 9314] [22.0] [cxt 0] Pipeline 'ingress': end
[14:27:20.845] [bmv2] [D] [thread 9314] [22.0] [cxt 0] Egress port is 0
[14:27:20.847] [bmv2] [D] [thread 9315] [22.0] [cxt 0] Pipeline 'egress': start
[14:27:20.847] [bmv2] [D] [thread 9315] [22.0] [cxt 0] Pipeline 'egress': end
[14:27:20.847] [bmv2] [D] [thread 9315] [22.0] [cxt 0] Deparser 'deparser': start
[14:27:20.847] [bmv2] [T] [thread 9315] [22.0] [cxt 0] Skipping checksum 'cksum' update because condition not met
[14:27:20.847] [bmv2] [D] [thread 9315] [22.0] [cxt 0] Deparsing header 'ethernet'
[14:27:20.847] [bmv2] [D] [thread 9315] [22.0] [cxt 0] Deparser 'deparser': end
[14:27:20.848] [bmv2] [D] [thread 9319] [22.0] [cxt 0] Transmitting packet of size 196 out of port 0
[14:27:20.949] [bmv2] [D] [thread 9314] [23.0] [cxt 0] Processing packet received on port 1
[14:27:20.950] [bmv2] [D] [thread 9314] [23.0] [cxt 0] Parser 'parser': start
[14:27:20.950] [bmv2] [D] [thread 9314] [23.0] [cxt 0] Parser 'parser' entering state 'start'
[14:27:20.952] [bmv2] [D] [thread 9314] [23.0] [cxt 0] Extracting header 'ethernet'
[14:27:20.952] [bmv2] [D] [thread 9314] [23.0] [cxt 0] Parser state 'start': key is 86dd
[14:27:20.952] [bmv2] [T] [thread 9314] [23.0] [cxt 0] Bytes parsed: 14
[14:27:20.952] [bmv2] [D] [thread 9314] [23.0] [cxt 0] Parser 'parser': end
[14:27:20.952] [bmv2] [D] [thread 9314] [23.0] [cxt 0] Pipeline 'ingress': start
[14:27:20.952] [bmv2] [T] [thread 9314] [23.0] [cxt 0] basic_tunnel.p4(152) Condition "hdr.ipv4.isValid() && !hdr.myTunnel.isValid()" (node_2) is false
[14:27:20.952] [bmv2] [T] [thread 9314] [23.0] [cxt 0] basic_tunnel.p4(155) Condition "hdr.myTunnel.isValid()" (node_4) is false
[14:27:20.952] [bmv2] [D] [thread 9314] [23.0] [cxt 0] Pipeline 'ingress': end
[14:27:20.952] [bmv2] [D] [thread 9314] [23.0] [cxt 0] Egress port is 0
[14:27:20.952] [bmv2] [D] [thread 9315] [23.0] [cxt 0] Pipeline 'egress': start
[14:27:20.952] [bmv2] [D] [thread 9315] [23.0] [cxt 0] Pipeline 'egress': end
[14:27:20.952] [bmv2] [D] [thread 9315] [23.0] [cxt 0] Deparser 'deparser': start
[14:27:20.952] [bmv2] [T] [thread 9315] [23.0] [cxt 0] Skipping checksum 'cksum' update because condition not met
[14:27:20.952] [bmv2] [D] [thread 9315] [23.0] [cxt 0] Deparsing header 'ethernet'
[14:27:20.952] [bmv2] [D] [thread 9315] [23.0] [cxt 0] Deparser 'deparser': end
[14:27:20.952] [bmv2] [D] [thread 9319] [23.0] [cxt 0] Transmitting packet of size 196 out of port 0
[14:27:21.013] [bmv2] [D] [thread 9314] [24.0] [cxt 0] Processing packet received on port 2
[14:27:21.013] [bmv2] [D] [thread 9314] [24.0] [cxt 0] Parser 'parser': start
[14:27:21.013] [bmv2] [D] [thread 9314] [24.0] [cxt 0] Parser 'parser' entering state 'start'
[14:27:21.013] [bmv2] [D] [thread 9314] [24.0] [cxt 0] Extracting header 'ethernet'
[14:27:21.013] [bmv2] [D] [thread 9314] [24.0] [cxt 0] Parser state 'start': key is 86dd
[14:27:21.013] [bmv2] [T] [thread 9314] [24.0] [cxt 0] Bytes parsed: 14
[14:27:21.013] [bmv2] [D] [thread 9314] [24.0] [cxt 0] Parser 'parser': end
[14:27:21.013] [bmv2] [D] [thread 9314] [24.0] [cxt 0] Pipeline 'ingress': start
[14:27:21.013] [bmv2] [T] [thread 9314] [24.0] [cxt 0] basic_tunnel.p4(152) Condition "hdr.ipv4.isValid() && !hdr.myTunnel.isValid()" (node_2) is false
[14:27:21.013] [bmv2] [T] [thread 9314] [24.0] [cxt 0] basic_tunnel.p4(155) Condition "hdr.myTunnel.isValid()" (node_4) is false
[14:27:21.013] [bmv2] [D] [thread 9314] [24.0] [cxt 0] Pipeline 'ingress': end
[14:27:21.013] [bmv2] [D] [thread 9314] [24.0] [cxt 0] Egress port is 0
[14:27:21.013] [bmv2] [D] [thread 9315] [24.0] [cxt 0] Pipeline 'egress': start
[14:27:21.013] [bmv2] [D] [thread 9315] [24.0] [cxt 0] Pipeline 'egress': end
[14:27:21.013] [bmv2] [D] [thread 9315] [24.0] [cxt 0] Deparser 'deparser': start
[14:27:21.013] [bmv2] [T] [thread 9315] [24.0] [cxt 0] Skipping checksum 'cksum' update because condition not met
[14:27:21.013] [bmv2] [D] [thread 9315] [24.0] [cxt 0] Deparsing header 'ethernet'
[14:27:21.013] [bmv2] [D] [thread 9315] [24.0] [cxt 0] Deparser 'deparser': end
[14:27:21.013] [bmv2] [D] [thread 9319] [24.0] [cxt 0] Transmitting packet of size 196 out of port 0
[14:27:21.242] [bmv2] [D] [thread 9314] [25.0] [cxt 0] Processing packet received on port 3
[14:27:21.242] [bmv2] [D] [thread 9314] [25.0] [cxt 0] Parser 'parser': start
[14:27:21.242] [bmv2] [D] [thread 9314] [25.0] [cxt 0] Parser 'parser' entering state 'start'
[14:27:21.242] [bmv2] [D] [thread 9314] [25.0] [cxt 0] Extracting header 'ethernet'
[14:27:21.242] [bmv2] [D] [thread 9314] [25.0] [cxt 0] Parser state 'start': key is 86dd
[14:27:21.242] [bmv2] [T] [thread 9314] [25.0] [cxt 0] Bytes parsed: 14
[14:27:21.242] [bmv2] [D] [thread 9314] [25.0] [cxt 0] Parser 'parser': end
[14:27:21.242] [bmv2] [D] [thread 9314] [25.0] [cxt 0] Pipeline 'ingress': start
[14:27:21.242] [bmv2] [T] [thread 9314] [25.0] [cxt 0] basic_tunnel.p4(152) Condition "hdr.ipv4.isValid() && !hdr.myTunnel.isValid()" (node_2) is false
[14:27:21.242] [bmv2] [T] [thread 9314] [25.0] [cxt 0] basic_tunnel.p4(155) Condition "hdr.myTunnel.isValid()" (node_4) is false
[14:27:21.242] [bmv2] [D] [thread 9314] [25.0] [cxt 0] Pipeline 'ingress': end
[14:27:21.242] [bmv2] [D] [thread 9314] [25.0] [cxt 0] Egress port is 0
[14:27:21.242] [bmv2] [D] [thread 9315] [25.0] [cxt 0] Pipeline 'egress': start
[14:27:21.242] [bmv2] [D] [thread 9315] [25.0] [cxt 0] Pipeline 'egress': end
[14:27:21.242] [bmv2] [D] [thread 9315] [25.0] [cxt 0] Deparser 'deparser': start
[14:27:21.242] [bmv2] [T] [thread 9315] [25.0] [cxt 0] Skipping checksum 'cksum' update because condition not met
[14:27:21.242] [bmv2] [D] [thread 9315] [25.0] [cxt 0] Deparsing header 'ethernet'
[14:27:21.242] [bmv2] [D] [thread 9315] [25.0] [cxt 0] Deparser 'deparser': end
[14:27:21.242] [bmv2] [D] [thread 9319] [25.0] [cxt 0] Transmitting packet of size 196 out of port 0
[14:27:22.632] [bmv2] [D] [thread 9314] [26.0] [cxt 0] Processing packet received on port 2
[14:27:22.632] [bmv2] [D] [thread 9314] [26.0] [cxt 0] Parser 'parser': start
[14:27:22.632] [bmv2] [D] [thread 9314] [26.0] [cxt 0] Parser 'parser' entering state 'start'
[14:27:22.632] [bmv2] [D] [thread 9314] [26.0] [cxt 0] Extracting header 'ethernet'
[14:27:22.632] [bmv2] [D] [thread 9314] [26.0] [cxt 0] Parser state 'start': key is 86dd
[14:27:22.632] [bmv2] [T] [thread 9314] [26.0] [cxt 0] Bytes parsed: 14
[14:27:22.632] [bmv2] [D] [thread 9314] [26.0] [cxt 0] Parser 'parser': end
[14:27:22.632] [bmv2] [D] [thread 9314] [26.0] [cxt 0] Pipeline 'ingress': start
[14:27:22.632] [bmv2] [T] [thread 9314] [26.0] [cxt 0] basic_tunnel.p4(152) Condition "hdr.ipv4.isValid() && !hdr.myTunnel.isValid()" (node_2) is false
[14:27:22.632] [bmv2] [T] [thread 9314] [26.0] [cxt 0] basic_tunnel.p4(155) Condition "hdr.myTunnel.isValid()" (node_4) is false
[14:27:22.632] [bmv2] [D] [thread 9314] [26.0] [cxt 0] Pipeline 'ingress': end
[14:27:22.632] [bmv2] [D] [thread 9314] [26.0] [cxt 0] Egress port is 0
[14:27:22.633] [bmv2] [D] [thread 9315] [26.0] [cxt 0] Pipeline 'egress': start
[14:27:22.633] [bmv2] [D] [thread 9315] [26.0] [cxt 0] Pipeline 'egress': end
[14:27:22.633] [bmv2] [D] [thread 9315] [26.0] [cxt 0] Deparser 'deparser': start
[14:27:22.633] [bmv2] [T] [thread 9315] [26.0] [cxt 0] Skipping checksum 'cksum' update because condition not met
[14:27:22.633] [bmv2] [D] [thread 9315] [26.0] [cxt 0] Deparsing header 'ethernet'
[14:27:22.633] [bmv2] [D] [thread 9315] [26.0] [cxt 0] Deparser 'deparser': end
[14:27:22.633] [bmv2] [D] [thread 9319] [26.0] [cxt 0] Transmitting packet of size 70 out of port 0
[14:27:22.888] [bmv2] [D] [thread 9314] [27.0] [cxt 0] Processing packet received on port 1
[14:27:22.888] [bmv2] [D] [thread 9314] [27.0] [cxt 0] Parser 'parser': start
[14:27:22.888] [bmv2] [D] [thread 9314] [27.0] [cxt 0] Parser 'parser' entering state 'start'
[14:27:22.888] [bmv2] [D] [thread 9314] [27.0] [cxt 0] Extracting header 'ethernet'
[14:27:22.888] [bmv2] [D] [thread 9314] [27.0] [cxt 0] Parser state 'start': key is 86dd
[14:27:22.888] [bmv2] [T] [thread 9314] [27.0] [cxt 0] Bytes parsed: 14
[14:27:22.888] [bmv2] [D] [thread 9314] [27.0] [cxt 0] Parser 'parser': end
[14:27:22.888] [bmv2] [D] [thread 9314] [27.0] [cxt 0] Pipeline 'ingress': start
[14:27:22.888] [bmv2] [T] [thread 9314] [27.0] [cxt 0] basic_tunnel.p4(152) Condition "hdr.ipv4.isValid() && !hdr.myTunnel.isValid()" (node_2) is false
[14:27:22.888] [bmv2] [T] [thread 9314] [27.0] [cxt 0] basic_tunnel.p4(155) Condition "hdr.myTunnel.isValid()" (node_4) is false
[14:27:22.888] [bmv2] [D] [thread 9314] [27.0] [cxt 0] Pipeline 'ingress': end
[14:27:22.888] [bmv2] [D] [thread 9314] [27.0] [cxt 0] Egress port is 0
[14:27:22.888] [bmv2] [D] [thread 9314] [28.0] [cxt 0] Processing packet received on port 2
[14:27:22.888] [bmv2] [D] [thread 9314] [28.0] [cxt 0] Parser 'parser': start
[14:27:22.888] [bmv2] [D] [thread 9314] [28.0] [cxt 0] Parser 'parser' entering state 'start'
[14:27:22.888] [bmv2] [D] [thread 9314] [28.0] [cxt 0] Extracting header 'ethernet'
[14:27:22.888] [bmv2] [D] [thread 9314] [28.0] [cxt 0] Parser state 'start': key is 86dd
[14:27:22.888] [bmv2] [T] [thread 9314] [28.0] [cxt 0] Bytes parsed: 14
[14:27:22.888] [bmv2] [D] [thread 9314] [28.0] [cxt 0] Parser 'parser': end
[14:27:22.888] [bmv2] [D] [thread 9314] [28.0] [cxt 0] Pipeline 'ingress': start
[14:27:22.888] [bmv2] [T] [thread 9314] [28.0] [cxt 0] basic_tunnel.p4(152) Condition "hdr.ipv4.isValid() && !hdr.myTunnel.isValid()" (node_2) is false
[14:27:22.888] [bmv2] [T] [thread 9314] [28.0] [cxt 0] basic_tunnel.p4(155) Condition "hdr.myTunnel.isValid()" (node_4) is false
[14:27:22.888] [bmv2] [D] [thread 9314] [28.0] [cxt 0] Pipeline 'ingress': end
[14:27:22.888] [bmv2] [D] [thread 9314] [28.0] [cxt 0] Egress port is 0
[14:27:22.888] [bmv2] [D] [thread 9314] [29.0] [cxt 0] Processing packet received on port 3
[14:27:22.888] [bmv2] [D] [thread 9314] [29.0] [cxt 0] Parser 'parser': start
[14:27:22.888] [bmv2] [D] [thread 9314] [29.0] [cxt 0] Parser 'parser' entering state 'start'
[14:27:22.888] [bmv2] [D] [thread 9314] [29.0] [cxt 0] Extracting header 'ethernet'
[14:27:22.888] [bmv2] [D] [thread 9314] [29.0] [cxt 0] Parser state 'start': key is 86dd
[14:27:22.888] [bmv2] [T] [thread 9314] [29.0] [cxt 0] Bytes parsed: 14
[14:27:22.888] [bmv2] [D] [thread 9314] [29.0] [cxt 0] Parser 'parser': end
[14:27:22.888] [bmv2] [D] [thread 9314] [29.0] [cxt 0] Pipeline 'ingress': start
[14:27:22.888] [bmv2] [T] [thread 9314] [29.0] [cxt 0] basic_tunnel.p4(152) Condition "hdr.ipv4.isValid() && !hdr.myTunnel.isValid()" (node_2) is false
[14:27:22.888] [bmv2] [T] [thread 9314] [29.0] [cxt 0] basic_tunnel.p4(155) Condition "hdr.myTunnel.isValid()" (node_4) is false
[14:27:22.888] [bmv2] [D] [thread 9314] [29.0] [cxt 0] Pipeline 'ingress': end
[14:27:22.888] [bmv2] [D] [thread 9314] [29.0] [cxt 0] Egress port is 0
[14:27:22.888] [bmv2] [D] [thread 9315] [27.0] [cxt 0] Pipeline 'egress': start
[14:27:22.888] [bmv2] [D] [thread 9315] [27.0] [cxt 0] Pipeline 'egress': end
[14:27:22.888] [bmv2] [D] [thread 9315] [27.0] [cxt 0] Deparser 'deparser': start
[14:27:22.888] [bmv2] [T] [thread 9315] [27.0] [cxt 0] Skipping checksum 'cksum' update because condition not met
[14:27:22.888] [bmv2] [D] [thread 9315] [27.0] [cxt 0] Deparsing header 'ethernet'
[14:27:22.888] [bmv2] [D] [thread 9315] [27.0] [cxt 0] Deparser 'deparser': end
[14:27:22.888] [bmv2] [D] [thread 9315] [28.0] [cxt 0] Pipeline 'egress': start
[14:27:22.888] [bmv2] [D] [thread 9315] [28.0] [cxt 0] Pipeline 'egress': end
[14:27:22.889] [bmv2] [D] [thread 9315] [28.0] [cxt 0] Deparser 'deparser': start
[14:27:22.889] [bmv2] [T] [thread 9315] [28.0] [cxt 0] Skipping checksum 'cksum' update because condition not met
[14:27:22.889] [bmv2] [D] [thread 9315] [28.0] [cxt 0] Deparsing header 'ethernet'
[14:27:22.889] [bmv2] [D] [thread 9315] [28.0] [cxt 0] Deparser 'deparser': end
[14:27:22.889] [bmv2] [D] [thread 9315] [29.0] [cxt 0] Pipeline 'egress': start
[14:27:22.889] [bmv2] [D] [thread 9315] [29.0] [cxt 0] Pipeline 'egress': end
[14:27:22.889] [bmv2] [D] [thread 9315] [29.0] [cxt 0] Deparser 'deparser': start
[14:27:22.889] [bmv2] [T] [thread 9315] [29.0] [cxt 0] Skipping checksum 'cksum' update because condition not met
[14:27:22.889] [bmv2] [D] [thread 9315] [29.0] [cxt 0] Deparsing header 'ethernet'
[14:27:22.889] [bmv2] [D] [thread 9315] [29.0] [cxt 0] Deparser 'deparser': end
[14:27:22.889] [bmv2] [D] [thread 9319] [27.0] [cxt 0] Transmitting packet of size 70 out of port 0
[14:27:22.889] [bmv2] [D] [thread 9319] [28.0] [cxt 0] Transmitting packet of size 70 out of port 0
[14:27:22.889] [bmv2] [D] [thread 9319] [29.0] [cxt 0] Transmitting packet of size 70 out of port 0
[14:27:23.001] [bmv2] [D] [thread 9314] [30.0] [cxt 0] Processing packet received on port 2
[14:27:23.001] [bmv2] [D] [thread 9314] [30.0] [cxt 0] Parser 'parser': start
[14:27:23.001] [bmv2] [D] [thread 9314] [30.0] [cxt 0] Parser 'parser' entering state 'start'
[14:27:23.001] [bmv2] [D] [thread 9314] [30.0] [cxt 0] Extracting header 'ethernet'
[14:27:23.001] [bmv2] [D] [thread 9314] [30.0] [cxt 0] Parser state 'start': key is 86dd
[14:27:23.001] [bmv2] [T] [thread 9314] [30.0] [cxt 0] Bytes parsed: 14
[14:27:23.001] [bmv2] [D] [thread 9314] [30.0] [cxt 0] Parser 'parser': end
[14:27:23.001] [bmv2] [D] [thread 9314] [30.0] [cxt 0] Pipeline 'ingress': start
[14:27:23.001] [bmv2] [T] [thread 9314] [30.0] [cxt 0] basic_tunnel.p4(152) Condition "hdr.ipv4.isValid() && !hdr.myTunnel.isValid()" (node_2) is false
[14:27:23.001] [bmv2] [T] [thread 9314] [30.0] [cxt 0] basic_tunnel.p4(155) Condition "hdr.myTunnel.isValid()" (node_4) is false
[14:27:23.001] [bmv2] [D] [thread 9314] [30.0] [cxt 0] Pipeline 'ingress': end
[14:27:23.001] [bmv2] [D] [thread 9314] [30.0] [cxt 0] Egress port is 0
[14:27:23.001] [bmv2] [D] [thread 9315] [30.0] [cxt 0] Pipeline 'egress': start
[14:27:23.001] [bmv2] [D] [thread 9315] [30.0] [cxt 0] Pipeline 'egress': end
[14:27:23.001] [bmv2] [D] [thread 9315] [30.0] [cxt 0] Deparser 'deparser': start
[14:27:23.001] [bmv2] [T] [thread 9315] [30.0] [cxt 0] Skipping checksum 'cksum' update because condition not met
[14:27:23.001] [bmv2] [D] [thread 9315] [30.0] [cxt 0] Deparsing header 'ethernet'
[14:27:23.001] [bmv2] [D] [thread 9315] [30.0] [cxt 0] Deparser 'deparser': end
[14:27:23.002] [bmv2] [D] [thread 9319] [30.0] [cxt 0] Transmitting packet of size 196 out of port 0
[14:27:23.028] [bmv2] [D] [thread 9314] [31.0] [cxt 0] Processing packet received on port 3
[14:27:23.028] [bmv2] [D] [thread 9314] [31.0] [cxt 0] Parser 'parser': start
[14:27:23.028] [bmv2] [D] [thread 9314] [31.0] [cxt 0] Parser 'parser' entering state 'start'
[14:27:23.028] [bmv2] [D] [thread 9314] [31.0] [cxt 0] Extracting header 'ethernet'
[14:27:23.028] [bmv2] [D] [thread 9314] [31.0] [cxt 0] Parser state 'start': key is 86dd
[14:27:23.028] [bmv2] [T] [thread 9314] [31.0] [cxt 0] Bytes parsed: 14
[14:27:23.028] [bmv2] [D] [thread 9314] [31.0] [cxt 0] Parser 'parser': end
[14:27:23.028] [bmv2] [D] [thread 9314] [31.0] [cxt 0] Pipeline 'ingress': start
[14:27:23.028] [bmv2] [T] [thread 9314] [31.0] [cxt 0] basic_tunnel.p4(152) Condition "hdr.ipv4.isValid() && !hdr.myTunnel.isValid()" (node_2) is false
[14:27:23.028] [bmv2] [T] [thread 9314] [31.0] [cxt 0] basic_tunnel.p4(155) Condition "hdr.myTunnel.isValid()" (node_4) is false
[14:27:23.028] [bmv2] [D] [thread 9314] [31.0] [cxt 0] Pipeline 'ingress': end
[14:27:23.028] [bmv2] [D] [thread 9314] [31.0] [cxt 0] Egress port is 0
[14:27:23.028] [bmv2] [D] [thread 9315] [31.0] [cxt 0] Pipeline 'egress': start
[14:27:23.029] [bmv2] [D] [thread 9315] [31.0] [cxt 0] Pipeline 'egress': end
[14:27:23.029] [bmv2] [D] [thread 9315] [31.0] [cxt 0] Deparser 'deparser': start
[14:27:23.029] [bmv2] [T] [thread 9315] [31.0] [cxt 0] Skipping checksum 'cksum' update because condition not met
[14:27:23.029] [bmv2] [D] [thread 9315] [31.0] [cxt 0] Deparsing header 'ethernet'
[14:27:23.029] [bmv2] [D] [thread 9315] [31.0] [cxt 0] Deparser 'deparser': end
[14:27:23.029] [bmv2] [D] [thread 9319] [31.0] [cxt 0] Transmitting packet of size 196 out of port 0
[14:27:23.130] [bmv2] [D] [thread 9314] [32.0] [cxt 0] Processing packet received on port 1
[14:27:23.130] [bmv2] [D] [thread 9314] [32.0] [cxt 0] Parser 'parser': start
[14:27:23.130] [bmv2] [D] [thread 9314] [32.0] [cxt 0] Parser 'parser' entering state 'start'
[14:27:23.130] [bmv2] [D] [thread 9314] [32.0] [cxt 0] Extracting header 'ethernet'
[14:27:23.130] [bmv2] [D] [thread 9314] [32.0] [cxt 0] Parser state 'start': key is 86dd
[14:27:23.130] [bmv2] [T] [thread 9314] [32.0] [cxt 0] Bytes parsed: 14
[14:27:23.130] [bmv2] [D] [thread 9314] [32.0] [cxt 0] Parser 'parser': end
[14:27:23.130] [bmv2] [D] [thread 9314] [32.0] [cxt 0] Pipeline 'ingress': start
[14:27:23.130] [bmv2] [T] [thread 9314] [32.0] [cxt 0] basic_tunnel.p4(152) Condition "hdr.ipv4.isValid() && !hdr.myTunnel.isValid()" (node_2) is false
[14:27:23.130] [bmv2] [T] [thread 9314] [32.0] [cxt 0] basic_tunnel.p4(155) Condition "hdr.myTunnel.isValid()" (node_4) is false
[14:27:23.130] [bmv2] [D] [thread 9314] [32.0] [cxt 0] Pipeline 'ingress': end
[14:27:23.130] [bmv2] [D] [thread 9314] [32.0] [cxt 0] Egress port is 0
[14:27:23.130] [bmv2] [D] [thread 9315] [32.0] [cxt 0] Pipeline 'egress': start
[14:27:23.130] [bmv2] [D] [thread 9315] [32.0] [cxt 0] Pipeline 'egress': end
[14:27:23.130] [bmv2] [D] [thread 9315] [32.0] [cxt 0] Deparser 'deparser': start
[14:27:23.130] [bmv2] [T] [thread 9315] [32.0] [cxt 0] Skipping checksum 'cksum' update because condition not met
[14:27:23.130] [bmv2] [D] [thread 9315] [32.0] [cxt 0] Deparsing header 'ethernet'
[14:27:23.131] [bmv2] [D] [thread 9315] [32.0] [cxt 0] Deparser 'deparser': end
[14:27:23.131] [bmv2] [D] [thread 9319] [32.0] [cxt 0] Transmitting packet of size 196 out of port 0
[14:27:23.142] [bmv2] [D] [thread 9314] [33.0] [cxt 0] Processing packet received on port 3
[14:27:23.142] [bmv2] [D] [thread 9314] [33.0] [cxt 0] Parser 'parser': start
[14:27:23.142] [bmv2] [D] [thread 9314] [33.0] [cxt 0] Parser 'parser' entering state 'start'
[14:27:23.142] [bmv2] [D] [thread 9314] [33.0] [cxt 0] Extracting header 'ethernet'
[14:27:23.142] [bmv2] [D] [thread 9314] [33.0] [cxt 0] Parser state 'start': key is 86dd
[14:27:23.142] [bmv2] [T] [thread 9314] [33.0] [cxt 0] Bytes parsed: 14
[14:27:23.142] [bmv2] [D] [thread 9314] [33.0] [cxt 0] Parser 'parser': end
[14:27:23.142] [bmv2] [D] [thread 9314] [33.0] [cxt 0] Pipeline 'ingress': start
[14:27:23.142] [bmv2] [T] [thread 9314] [33.0] [cxt 0] basic_tunnel.p4(152) Condition "hdr.ipv4.isValid() && !hdr.myTunnel.isValid()" (node_2) is false
[14:27:23.142] [bmv2] [T] [thread 9314] [33.0] [cxt 0] basic_tunnel.p4(155) Condition "hdr.myTunnel.isValid()" (node_4) is false
[14:27:23.142] [bmv2] [D] [thread 9314] [33.0] [cxt 0] Pipeline 'ingress': end
[14:27:23.142] [bmv2] [D] [thread 9314] [33.0] [cxt 0] Egress port is 0
[14:27:23.142] [bmv2] [D] [thread 9315] [33.0] [cxt 0] Pipeline 'egress': start
[14:27:23.142] [bmv2] [D] [thread 9315] [33.0] [cxt 0] Pipeline 'egress': end
[14:27:23.142] [bmv2] [D] [thread 9315] [33.0] [cxt 0] Deparser 'deparser': start
[14:27:23.142] [bmv2] [T] [thread 9315] [33.0] [cxt 0] Skipping checksum 'cksum' update because condition not met
[14:27:23.142] [bmv2] [D] [thread 9315] [33.0] [cxt 0] Deparsing header 'ethernet'
[14:27:23.142] [bmv2] [D] [thread 9315] [33.0] [cxt 0] Deparser 'deparser': end
[14:27:23.142] [bmv2] [D] [thread 9319] [33.0] [cxt 0] Transmitting packet of size 70 out of port 0
[14:27:23.194] [bmv2] [D] [thread 9314] [34.0] [cxt 0] Processing packet received on port 2
[14:27:23.194] [bmv2] [D] [thread 9314] [34.0] [cxt 0] Parser 'parser': start
[14:27:23.194] [bmv2] [D] [thread 9314] [34.0] [cxt 0] Parser 'parser' entering state 'start'
[14:27:23.194] [bmv2] [D] [thread 9314] [34.0] [cxt 0] Extracting header 'ethernet'
[14:27:23.194] [bmv2] [D] [thread 9314] [34.0] [cxt 0] Parser state 'start': key is 86dd
[14:27:23.194] [bmv2] [T] [thread 9314] [34.0] [cxt 0] Bytes parsed: 14
[14:27:23.194] [bmv2] [D] [thread 9314] [34.0] [cxt 0] Parser 'parser': end
[14:27:23.194] [bmv2] [D] [thread 9314] [34.0] [cxt 0] Pipeline 'ingress': start
[14:27:23.194] [bmv2] [T] [thread 9314] [34.0] [cxt 0] basic_tunnel.p4(152) Condition "hdr.ipv4.isValid() && !hdr.myTunnel.isValid()" (node_2) is false
[14:27:23.194] [bmv2] [T] [thread 9314] [34.0] [cxt 0] basic_tunnel.p4(155) Condition "hdr.myTunnel.isValid()" (node_4) is false
[14:27:23.194] [bmv2] [D] [thread 9314] [34.0] [cxt 0] Pipeline 'ingress': end
[14:27:23.194] [bmv2] [D] [thread 9314] [34.0] [cxt 0] Egress port is 0
[14:27:23.195] [bmv2] [D] [thread 9315] [34.0] [cxt 0] Pipeline 'egress': start
[14:27:23.195] [bmv2] [D] [thread 9315] [34.0] [cxt 0] Pipeline 'egress': end
[14:27:23.195] [bmv2] [D] [thread 9315] [34.0] [cxt 0] Deparser 'deparser': start
[14:27:23.195] [bmv2] [T] [thread 9315] [34.0] [cxt 0] Skipping checksum 'cksum' update because condition not met
[14:27:23.195] [bmv2] [D] [thread 9315] [34.0] [cxt 0] Deparsing header 'ethernet'
[14:27:23.195] [bmv2] [D] [thread 9315] [34.0] [cxt 0] Deparser 'deparser': end
[14:27:23.196] [bmv2] [D] [thread 9319] [34.0] [cxt 0] Transmitting packet of size 196 out of port 0
[14:27:23.425] [bmv2] [D] [thread 9314] [35.0] [cxt 0] Processing packet received on port 3
[14:27:23.426] [bmv2] [D] [thread 9314] [35.0] [cxt 0] Parser 'parser': start
[14:27:23.426] [bmv2] [D] [thread 9314] [35.0] [cxt 0] Parser 'parser' entering state 'start'
[14:27:23.426] [bmv2] [D] [thread 9314] [35.0] [cxt 0] Extracting header 'ethernet'
[14:27:23.426] [bmv2] [D] [thread 9314] [35.0] [cxt 0] Parser state 'start': key is 86dd
[14:27:23.426] [bmv2] [T] [thread 9314] [35.0] [cxt 0] Bytes parsed: 14
[14:27:23.426] [bmv2] [D] [thread 9314] [35.0] [cxt 0] Parser 'parser': end
[14:27:23.426] [bmv2] [D] [thread 9314] [35.0] [cxt 0] Pipeline 'ingress': start
[14:27:23.426] [bmv2] [T] [thread 9314] [35.0] [cxt 0] basic_tunnel.p4(152) Condition "hdr.ipv4.isValid() && !hdr.myTunnel.isValid()" (node_2) is false
[14:27:23.426] [bmv2] [T] [thread 9314] [35.0] [cxt 0] basic_tunnel.p4(155) Condition "hdr.myTunnel.isValid()" (node_4) is false
[14:27:23.426] [bmv2] [D] [thread 9314] [35.0] [cxt 0] Pipeline 'ingress': end
[14:27:23.426] [bmv2] [D] [thread 9314] [35.0] [cxt 0] Egress port is 0
[14:27:23.426] [bmv2] [D] [thread 9315] [35.0] [cxt 0] Pipeline 'egress': start
[14:27:23.426] [bmv2] [D] [thread 9315] [35.0] [cxt 0] Pipeline 'egress': end
[14:27:23.426] [bmv2] [D] [thread 9315] [35.0] [cxt 0] Deparser 'deparser': start
[14:27:23.426] [bmv2] [T] [thread 9315] [35.0] [cxt 0] Skipping checksum 'cksum' update because condition not met
[14:27:23.426] [bmv2] [D] [thread 9315] [35.0] [cxt 0] Deparsing header 'ethernet'
[14:27:23.426] [bmv2] [D] [thread 9315] [35.0] [cxt 0] Deparser 'deparser': end
[14:27:23.426] [bmv2] [D] [thread 9319] [35.0] [cxt 0] Transmitting packet of size 196 out of port 0
