Calling target program-options parser
[14:06:54.797] [bmv2] [D] [thread 7966] Set default default entry for table 'MyIngress.ipv4_lpm': MyIngress.drop - 
[14:06:54.797] [bmv2] [D] [thread 7966] Set default default entry for table 'MyIngress.myTunnel_exact': MyIngress.drop - 
Adding interface s2-eth1 as port 1
[14:06:54.798] [bmv2] [D] [thread 7966] Adding interface s2-eth1 as port 1
Adding interface s2-eth2 as port 2
[14:06:54.831] [bmv2] [D] [thread 7966] Adding interface s2-eth2 as port 2
Adding interface s2-eth3 as port 3
[14:06:54.847] [bmv2] [D] [thread 7966] Adding interface s2-eth3 as port 3
Server listening on 0.0.0.0:50052
[14:06:54.879] [bmv2] [I] [thread 7966] Starting Thrift server on port 9091
[14:06:54.880] [bmv2] [I] [thread 7966] Thrift server was started
[14:06:54.880] [bmv2] [D] [thread 7977] [0.0] [cxt 0] Processing packet received on port 2
[14:06:54.880] [bmv2] [D] [thread 7977] [0.0] [cxt 0] Parser 'parser': start
[14:06:54.880] [bmv2] [D] [thread 7977] [0.0] [cxt 0] Parser 'parser' entering state 'start'
[14:06:54.880] [bmv2] [D] [thread 7977] [0.0] [cxt 0] Extracting header 'ethernet'
[14:06:54.880] [bmv2] [D] [thread 7977] [0.0] [cxt 0] Parser state 'start': key is 86dd
[14:06:54.880] [bmv2] [T] [thread 7977] [0.0] [cxt 0] Bytes parsed: 14
[14:06:54.880] [bmv2] [D] [thread 7977] [0.0] [cxt 0] Parser 'parser': end
[14:06:54.880] [bmv2] [D] [thread 7977] [0.0] [cxt 0] Pipeline 'ingress': start
[14:06:54.880] [bmv2] [T] [thread 7977] [0.0] [cxt 0] basic_tunnel.p4(152) Condition "hdr.ipv4.isValid() && !hdr.myTunnel.isValid()" (node_2) is false
[14:06:54.880] [bmv2] [T] [thread 7977] [0.0] [cxt 0] basic_tunnel.p4(155) Condition "hdr.myTunnel.isValid()" (node_4) is false
[14:06:54.880] [bmv2] [D] [thread 7977] [0.0] [cxt 0] Pipeline 'ingress': end
[14:06:54.880] [bmv2] [D] [thread 7977] [0.0] [cxt 0] Egress port is 0
[14:06:54.880] [bmv2] [D] [thread 7977] [1.0] [cxt 0] Processing packet received on port 2
[14:06:54.880] [bmv2] [D] [thread 7977] [1.0] [cxt 0] Parser 'parser': start
[14:06:54.880] [bmv2] [D] [thread 7977] [1.0] [cxt 0] Parser 'parser' entering state 'start'
[14:06:54.880] [bmv2] [D] [thread 7977] [1.0] [cxt 0] Extracting header 'ethernet'
[14:06:54.880] [bmv2] [D] [thread 7977] [1.0] [cxt 0] Parser state 'start': key is 86dd
[14:06:54.880] [bmv2] [T] [thread 7977] [1.0] [cxt 0] Bytes parsed: 14
[14:06:54.880] [bmv2] [D] [thread 7977] [1.0] [cxt 0] Parser 'parser': end
[14:06:54.880] [bmv2] [D] [thread 7977] [1.0] [cxt 0] Pipeline 'ingress': start
[14:06:54.880] [bmv2] [T] [thread 7977] [1.0] [cxt 0] basic_tunnel.p4(152) Condition "hdr.ipv4.isValid() && !hdr.myTunnel.isValid()" (node_2) is false
[14:06:54.880] [bmv2] [T] [thread 7977] [1.0] [cxt 0] basic_tunnel.p4(155) Condition "hdr.myTunnel.isValid()" (node_4) is false
[14:06:54.880] [bmv2] [D] [thread 7977] [1.0] [cxt 0] Pipeline 'ingress': end
[14:06:54.880] [bmv2] [D] [thread 7977] [1.0] [cxt 0] Egress port is 0
[14:06:54.880] [bmv2] [D] [thread 7977] [2.0] [cxt 0] Processing packet received on port 2
[14:06:54.880] [bmv2] [D] [thread 7977] [2.0] [cxt 0] Parser 'parser': start
[14:06:54.880] [bmv2] [D] [thread 7977] [2.0] [cxt 0] Parser 'parser' entering state 'start'
[14:06:54.880] [bmv2] [D] [thread 7977] [2.0] [cxt 0] Extracting header 'ethernet'
[14:06:54.880] [bmv2] [D] [thread 7977] [2.0] [cxt 0] Parser state 'start': key is 86dd
[14:06:54.880] [bmv2] [T] [thread 7977] [2.0] [cxt 0] Bytes parsed: 14
[14:06:54.880] [bmv2] [D] [thread 7977] [2.0] [cxt 0] Parser 'parser': end
[14:06:54.880] [bmv2] [D] [thread 7977] [2.0] [cxt 0] Pipeline 'ingress': start
[14:06:54.880] [bmv2] [T] [thread 7977] [2.0] [cxt 0] basic_tunnel.p4(152) Condition "hdr.ipv4.isValid() && !hdr.myTunnel.isValid()" (node_2) is false
[14:06:54.880] [bmv2] [T] [thread 7977] [2.0] [cxt 0] basic_tunnel.p4(155) Condition "hdr.myTunnel.isValid()" (node_4) is false
[14:06:54.880] [bmv2] [D] [thread 7977] [2.0] [cxt 0] Pipeline 'ingress': end
[14:06:54.880] [bmv2] [D] [thread 7977] [2.0] [cxt 0] Egress port is 0
[14:06:54.881] [bmv2] [D] [thread 7978] [0.0] [cxt 0] Pipeline 'egress': start
[14:06:54.881] [bmv2] [D] [thread 7978] [0.0] [cxt 0] Pipeline 'egress': end
[14:06:54.881] [bmv2] [D] [thread 7978] [0.0] [cxt 0] Deparser 'deparser': start
[14:06:54.881] [bmv2] [T] [thread 7978] [0.0] [cxt 0] Skipping checksum 'cksum' update because condition not met
[14:06:54.881] [bmv2] [D] [thread 7978] [0.0] [cxt 0] Deparsing header 'ethernet'
[14:06:54.881] [bmv2] [D] [thread 7978] [0.0] [cxt 0] Deparser 'deparser': end
[14:06:54.881] [bmv2] [D] [thread 7978] [1.0] [cxt 0] Pipeline 'egress': start
[14:06:54.881] [bmv2] [D] [thread 7978] [1.0] [cxt 0] Pipeline 'egress': end
[14:06:54.881] [bmv2] [D] [thread 7978] [1.0] [cxt 0] Deparser 'deparser': start
[14:06:54.881] [bmv2] [T] [thread 7978] [1.0] [cxt 0] Skipping checksum 'cksum' update because condition not met
[14:06:54.881] [bmv2] [D] [thread 7978] [1.0] [cxt 0] Deparsing header 'ethernet'
[14:06:54.881] [bmv2] [D] [thread 7978] [1.0] [cxt 0] Deparser 'deparser': end
[14:06:54.881] [bmv2] [D] [thread 7978] [2.0] [cxt 0] Pipeline 'egress': start
[14:06:54.881] [bmv2] [D] [thread 7978] [2.0] [cxt 0] Pipeline 'egress': end
[14:06:54.881] [bmv2] [D] [thread 7978] [2.0] [cxt 0] Deparser 'deparser': start
[14:06:54.881] [bmv2] [T] [thread 7978] [2.0] [cxt 0] Skipping checksum 'cksum' update because condition not met
[14:06:54.881] [bmv2] [D] [thread 7978] [2.0] [cxt 0] Deparsing header 'ethernet'
[14:06:54.881] [bmv2] [D] [thread 7978] [2.0] [cxt 0] Deparser 'deparser': end
[14:06:54.881] [bmv2] [D] [thread 7982] [0.0] [cxt 0] Transmitting packet of size 90 out of port 0
[14:06:54.881] [bmv2] [D] [thread 7982] [1.0] [cxt 0] Transmitting packet of size 70 out of port 0
[14:06:54.881] [bmv2] [D] [thread 7982] [2.0] [cxt 0] Transmitting packet of size 90 out of port 0
[14:06:54.971] [bmv2] [D] [thread 7977] [3.0] [cxt 0] Processing packet received on port 2
[14:06:54.971] [bmv2] [D] [thread 7977] [3.0] [cxt 0] Parser 'parser': start
[14:06:54.971] [bmv2] [D] [thread 7977] [3.0] [cxt 0] Parser 'parser' entering state 'start'
[14:06:54.971] [bmv2] [D] [thread 7977] [3.0] [cxt 0] Extracting header 'ethernet'
[14:06:54.971] [bmv2] [D] [thread 7977] [3.0] [cxt 0] Parser state 'start': key is 86dd
[14:06:54.971] [bmv2] [T] [thread 7977] [3.0] [cxt 0] Bytes parsed: 14
[14:06:54.971] [bmv2] [D] [thread 7977] [3.0] [cxt 0] Parser 'parser': end
[14:06:54.971] [bmv2] [D] [thread 7977] [3.0] [cxt 0] Pipeline 'ingress': start
[14:06:54.971] [bmv2] [T] [thread 7977] [3.0] [cxt 0] basic_tunnel.p4(152) Condition "hdr.ipv4.isValid() && !hdr.myTunnel.isValid()" (node_2) is false
[14:06:54.971] [bmv2] [T] [thread 7977] [3.0] [cxt 0] basic_tunnel.p4(155) Condition "hdr.myTunnel.isValid()" (node_4) is false
[14:06:54.971] [bmv2] [D] [thread 7977] [3.0] [cxt 0] Pipeline 'ingress': end
[14:06:54.971] [bmv2] [D] [thread 7977] [3.0] [cxt 0] Egress port is 0
[14:06:54.971] [bmv2] [D] [thread 7978] [3.0] [cxt 0] Pipeline 'egress': start
[14:06:54.971] [bmv2] [D] [thread 7978] [3.0] [cxt 0] Pipeline 'egress': end
[14:06:54.971] [bmv2] [D] [thread 7978] [3.0] [cxt 0] Deparser 'deparser': start
[14:06:54.971] [bmv2] [T] [thread 7978] [3.0] [cxt 0] Skipping checksum 'cksum' update because condition not met
[14:06:54.971] [bmv2] [D] [thread 7978] [3.0] [cxt 0] Deparsing header 'ethernet'
[14:06:54.971] [bmv2] [D] [thread 7978] [3.0] [cxt 0] Deparser 'deparser': end
[14:06:54.972] [bmv2] [D] [thread 7982] [3.0] [cxt 0] Transmitting packet of size 208 out of port 0
[14:06:55.002] [bmv2] [D] [thread 7977] [4.0] [cxt 0] Processing packet received on port 2
[14:06:55.002] [bmv2] [D] [thread 7977] [4.0] [cxt 0] Parser 'parser': start
[14:06:55.002] [bmv2] [D] [thread 7977] [4.0] [cxt 0] Parser 'parser' entering state 'start'
[14:06:55.002] [bmv2] [D] [thread 7977] [4.0] [cxt 0] Extracting header 'ethernet'
[14:06:55.002] [bmv2] [D] [thread 7977] [4.0] [cxt 0] Parser state 'start': key is 86dd
[14:06:55.002] [bmv2] [T] [thread 7977] [4.0] [cxt 0] Bytes parsed: 14
[14:06:55.002] [bmv2] [D] [thread 7977] [4.0] [cxt 0] Parser 'parser': end
[14:06:55.002] [bmv2] [D] [thread 7977] [4.0] [cxt 0] Pipeline 'ingress': start
[14:06:55.002] [bmv2] [T] [thread 7977] [4.0] [cxt 0] basic_tunnel.p4(152) Condition "hdr.ipv4.isValid() && !hdr.myTunnel.isValid()" (node_2) is false
[14:06:55.002] [bmv2] [T] [thread 7977] [4.0] [cxt 0] basic_tunnel.p4(155) Condition "hdr.myTunnel.isValid()" (node_4) is false
[14:06:55.002] [bmv2] [D] [thread 7977] [4.0] [cxt 0] Pipeline 'ingress': end
[14:06:55.002] [bmv2] [D] [thread 7977] [4.0] [cxt 0] Egress port is 0
[14:06:55.003] [bmv2] [D] [thread 7978] [4.0] [cxt 0] Pipeline 'egress': start
[14:06:55.003] [bmv2] [D] [thread 7978] [4.0] [cxt 0] Pipeline 'egress': end
[14:06:55.003] [bmv2] [D] [thread 7978] [4.0] [cxt 0] Deparser 'deparser': start
[14:06:55.003] [bmv2] [T] [thread 7978] [4.0] [cxt 0] Skipping checksum 'cksum' update because condition not met
[14:06:55.003] [bmv2] [D] [thread 7978] [4.0] [cxt 0] Deparsing header 'ethernet'
[14:06:55.003] [bmv2] [D] [thread 7978] [4.0] [cxt 0] Deparser 'deparser': end
[14:06:55.003] [bmv2] [D] [thread 7982] [4.0] [cxt 0] Transmitting packet of size 208 out of port 0
[14:06:55.030] [bmv2] [D] [thread 7977] [5.0] [cxt 0] Processing packet received on port 1
[14:06:55.031] [bmv2] [D] [thread 7977] [5.0] [cxt 0] Parser 'parser': start
[14:06:55.031] [bmv2] [D] [thread 7977] [5.0] [cxt 0] Parser 'parser' entering state 'start'
[14:06:55.031] [bmv2] [D] [thread 7977] [5.0] [cxt 0] Extracting header 'ethernet'
[14:06:55.031] [bmv2] [D] [thread 7977] [5.0] [cxt 0] Parser state 'start': key is 86dd
[14:06:55.031] [bmv2] [T] [thread 7977] [5.0] [cxt 0] Bytes parsed: 14
[14:06:55.031] [bmv2] [D] [thread 7977] [5.0] [cxt 0] Parser 'parser': end
[14:06:55.031] [bmv2] [D] [thread 7977] [5.0] [cxt 0] Pipeline 'ingress': start
[14:06:55.031] [bmv2] [T] [thread 7977] [5.0] [cxt 0] basic_tunnel.p4(152) Condition "hdr.ipv4.isValid() && !hdr.myTunnel.isValid()" (node_2) is false
[14:06:55.031] [bmv2] [T] [thread 7977] [5.0] [cxt 0] basic_tunnel.p4(155) Condition "hdr.myTunnel.isValid()" (node_4) is false
[14:06:55.031] [bmv2] [D] [thread 7977] [5.0] [cxt 0] Pipeline 'ingress': end
[14:06:55.031] [bmv2] [D] [thread 7977] [5.0] [cxt 0] Egress port is 0
[14:06:55.032] [bmv2] [D] [thread 7978] [5.0] [cxt 0] Pipeline 'egress': start
[14:06:55.032] [bmv2] [D] [thread 7978] [5.0] [cxt 0] Pipeline 'egress': end
[14:06:55.032] [bmv2] [D] [thread 7978] [5.0] [cxt 0] Deparser 'deparser': start
[14:06:55.032] [bmv2] [T] [thread 7978] [5.0] [cxt 0] Skipping checksum 'cksum' update because condition not met
[14:06:55.032] [bmv2] [D] [thread 7978] [5.0] [cxt 0] Deparsing header 'ethernet'
[14:06:55.032] [bmv2] [D] [thread 7978] [5.0] [cxt 0] Deparser 'deparser': end
[14:06:55.032] [bmv2] [D] [thread 7982] [5.0] [cxt 0] Transmitting packet of size 208 out of port 0
[14:06:55.091] [bmv2] [D] [thread 7977] [6.0] [cxt 0] Processing packet received on port 2
[14:06:55.091] [bmv2] [D] [thread 7977] [6.0] [cxt 0] Parser 'parser': start
[14:06:55.092] [bmv2] [D] [thread 7977] [6.0] [cxt 0] Parser 'parser' entering state 'start'
[14:06:55.092] [bmv2] [D] [thread 7977] [6.0] [cxt 0] Extracting header 'ethernet'
[14:06:55.092] [bmv2] [D] [thread 7977] [6.0] [cxt 0] Parser state 'start': key is 86dd
[14:06:55.092] [bmv2] [T] [thread 7977] [6.0] [cxt 0] Bytes parsed: 14
[14:06:55.092] [bmv2] [D] [thread 7977] [6.0] [cxt 0] Parser 'parser': end
[14:06:55.092] [bmv2] [D] [thread 7977] [6.0] [cxt 0] Pipeline 'ingress': start
[14:06:55.092] [bmv2] [T] [thread 7977] [6.0] [cxt 0] basic_tunnel.p4(152) Condition "hdr.ipv4.isValid() && !hdr.myTunnel.isValid()" (node_2) is false
[14:06:55.092] [bmv2] [T] [thread 7977] [6.0] [cxt 0] basic_tunnel.p4(155) Condition "hdr.myTunnel.isValid()" (node_4) is false
[14:06:55.092] [bmv2] [D] [thread 7977] [6.0] [cxt 0] Pipeline 'ingress': end
[14:06:55.092] [bmv2] [D] [thread 7977] [6.0] [cxt 0] Egress port is 0
[14:06:55.093] [bmv2] [D] [thread 7978] [6.0] [cxt 0] Pipeline 'egress': start
[14:06:55.093] [bmv2] [D] [thread 7978] [6.0] [cxt 0] Pipeline 'egress': end
[14:06:55.093] [bmv2] [D] [thread 7978] [6.0] [cxt 0] Deparser 'deparser': start
[14:06:55.093] [bmv2] [T] [thread 7978] [6.0] [cxt 0] Skipping checksum 'cksum' update because condition not met
[14:06:55.093] [bmv2] [D] [thread 7978] [6.0] [cxt 0] Deparsing header 'ethernet'
[14:06:55.093] [bmv2] [D] [thread 7978] [6.0] [cxt 0] Deparser 'deparser': end
[14:06:55.093] [bmv2] [D] [thread 7982] [6.0] [cxt 0] Transmitting packet of size 90 out of port 0
[14:06:55.143] [bmv2] [D] [thread 7977] [7.0] [cxt 0] Processing packet received on port 2
[14:06:55.143] [bmv2] [D] [thread 7977] [7.0] [cxt 0] Parser 'parser': start
[14:06:55.143] [bmv2] [D] [thread 7977] [7.0] [cxt 0] Parser 'parser' entering state 'start'
[14:06:55.143] [bmv2] [D] [thread 7977] [7.0] [cxt 0] Extracting header 'ethernet'
[14:06:55.143] [bmv2] [D] [thread 7977] [7.0] [cxt 0] Parser state 'start': key is 86dd
[14:06:55.143] [bmv2] [T] [thread 7977] [7.0] [cxt 0] Bytes parsed: 14
[14:06:55.143] [bmv2] [D] [thread 7977] [7.0] [cxt 0] Parser 'parser': end
[14:06:55.143] [bmv2] [D] [thread 7977] [7.0] [cxt 0] Pipeline 'ingress': start
[14:06:55.143] [bmv2] [T] [thread 7977] [7.0] [cxt 0] basic_tunnel.p4(152) Condition "hdr.ipv4.isValid() && !hdr.myTunnel.isValid()" (node_2) is false
[14:06:55.143] [bmv2] [T] [thread 7977] [7.0] [cxt 0] basic_tunnel.p4(155) Condition "hdr.myTunnel.isValid()" (node_4) is false
[14:06:55.143] [bmv2] [D] [thread 7977] [7.0] [cxt 0] Pipeline 'ingress': end
[14:06:55.143] [bmv2] [D] [thread 7977] [7.0] [cxt 0] Egress port is 0
[14:06:55.144] [bmv2] [D] [thread 7978] [7.0] [cxt 0] Pipeline 'egress': start
[14:06:55.144] [bmv2] [D] [thread 7978] [7.0] [cxt 0] Pipeline 'egress': end
[14:06:55.144] [bmv2] [D] [thread 7978] [7.0] [cxt 0] Deparser 'deparser': start
[14:06:55.144] [bmv2] [T] [thread 7978] [7.0] [cxt 0] Skipping checksum 'cksum' update because condition not met
[14:06:55.144] [bmv2] [D] [thread 7978] [7.0] [cxt 0] Deparsing header 'ethernet'
[14:06:55.144] [bmv2] [D] [thread 7978] [7.0] [cxt 0] Deparser 'deparser': end
[14:06:55.144] [bmv2] [D] [thread 7982] [7.0] [cxt 0] Transmitting packet of size 110 out of port 0
[14:06:55.174] [bmv2] [D] [thread 7977] [8.0] [cxt 0] Processing packet received on port 2
[14:06:55.174] [bmv2] [D] [thread 7977] [8.0] [cxt 0] Parser 'parser': start
[14:06:55.174] [bmv2] [D] [thread 7977] [8.0] [cxt 0] Parser 'parser' entering state 'start'
[14:06:55.174] [bmv2] [D] [thread 7977] [8.0] [cxt 0] Extracting header 'ethernet'
[14:06:55.174] [bmv2] [D] [thread 7977] [8.0] [cxt 0] Parser state 'start': key is 86dd
[14:06:55.174] [bmv2] [T] [thread 7977] [8.0] [cxt 0] Bytes parsed: 14
[14:06:55.174] [bmv2] [D] [thread 7977] [8.0] [cxt 0] Parser 'parser': end
[14:06:55.174] [bmv2] [D] [thread 7977] [8.0] [cxt 0] Pipeline 'ingress': start
[14:06:55.174] [bmv2] [T] [thread 7977] [8.0] [cxt 0] basic_tunnel.p4(152) Condition "hdr.ipv4.isValid() && !hdr.myTunnel.isValid()" (node_2) is false
[14:06:55.174] [bmv2] [T] [thread 7977] [8.0] [cxt 0] basic_tunnel.p4(155) Condition "hdr.myTunnel.isValid()" (node_4) is false
[14:06:55.174] [bmv2] [D] [thread 7977] [8.0] [cxt 0] Pipeline 'ingress': end
[14:06:55.174] [bmv2] [D] [thread 7977] [8.0] [cxt 0] Egress port is 0
[14:06:55.175] [bmv2] [D] [thread 7978] [8.0] [cxt 0] Pipeline 'egress': start
[14:06:55.175] [bmv2] [D] [thread 7978] [8.0] [cxt 0] Pipeline 'egress': end
[14:06:55.175] [bmv2] [D] [thread 7978] [8.0] [cxt 0] Deparser 'deparser': start
[14:06:55.175] [bmv2] [T] [thread 7978] [8.0] [cxt 0] Skipping checksum 'cksum' update because condition not met
[14:06:55.175] [bmv2] [D] [thread 7978] [8.0] [cxt 0] Deparsing header 'ethernet'
[14:06:55.175] [bmv2] [D] [thread 7978] [8.0] [cxt 0] Deparser 'deparser': end
[14:06:55.175] [bmv2] [D] [thread 7982] [8.0] [cxt 0] Transmitting packet of size 90 out of port 0
[14:06:55.211] [bmv2] [D] [thread 7977] [9.0] [cxt 0] Processing packet received on port 3
[14:06:55.211] [bmv2] [D] [thread 7977] [9.0] [cxt 0] Parser 'parser': start
[14:06:55.211] [bmv2] [D] [thread 7977] [9.0] [cxt 0] Parser 'parser' entering state 'start'
[14:06:55.211] [bmv2] [D] [thread 7977] [9.0] [cxt 0] Extracting header 'ethernet'
[14:06:55.211] [bmv2] [D] [thread 7977] [9.0] [cxt 0] Parser state 'start': key is 86dd
[14:06:55.211] [bmv2] [T] [thread 7977] [9.0] [cxt 0] Bytes parsed: 14
[14:06:55.211] [bmv2] [D] [thread 7977] [9.0] [cxt 0] Parser 'parser': end
[14:06:55.211] [bmv2] [D] [thread 7977] [9.0] [cxt 0] Pipeline 'ingress': start
[14:06:55.212] [bmv2] [T] [thread 7977] [9.0] [cxt 0] basic_tunnel.p4(152) Condition "hdr.ipv4.isValid() && !hdr.myTunnel.isValid()" (node_2) is false
[14:06:55.212] [bmv2] [T] [thread 7977] [9.0] [cxt 0] basic_tunnel.p4(155) Condition "hdr.myTunnel.isValid()" (node_4) is false
[14:06:55.212] [bmv2] [D] [thread 7977] [9.0] [cxt 0] Pipeline 'ingress': end
[14:06:55.212] [bmv2] [D] [thread 7977] [9.0] [cxt 0] Egress port is 0
[14:06:55.212] [bmv2] [D] [thread 7977] [10.0] [cxt 0] Processing packet received on port 3
[14:06:55.212] [bmv2] [D] [thread 7977] [10.0] [cxt 0] Parser 'parser': start
[14:06:55.212] [bmv2] [D] [thread 7977] [10.0] [cxt 0] Parser 'parser' entering state 'start'
[14:06:55.212] [bmv2] [D] [thread 7977] [10.0] [cxt 0] Extracting header 'ethernet'
[14:06:55.212] [bmv2] [D] [thread 7977] [10.0] [cxt 0] Parser state 'start': key is 86dd
[14:06:55.212] [bmv2] [T] [thread 7977] [10.0] [cxt 0] Bytes parsed: 14
[14:06:55.212] [bmv2] [D] [thread 7977] [10.0] [cxt 0] Parser 'parser': end
[14:06:55.212] [bmv2] [D] [thread 7977] [10.0] [cxt 0] Pipeline 'ingress': start
[14:06:55.212] [bmv2] [T] [thread 7977] [10.0] [cxt 0] basic_tunnel.p4(152) Condition "hdr.ipv4.isValid() && !hdr.myTunnel.isValid()" (node_2) is false
[14:06:55.212] [bmv2] [T] [thread 7977] [10.0] [cxt 0] basic_tunnel.p4(155) Condition "hdr.myTunnel.isValid()" (node_4) is false
[14:06:55.212] [bmv2] [D] [thread 7977] [10.0] [cxt 0] Pipeline 'ingress': end
[14:06:55.213] [bmv2] [D] [thread 7978] [9.0] [cxt 0] Pipeline 'egress': start
[14:06:55.213] [bmv2] [D] [thread 7978] [9.0] [cxt 0] Pipeline 'egress': end
[14:06:55.213] [bmv2] [D] [thread 7978] [9.0] [cxt 0] Deparser 'deparser': start
[14:06:55.213] [bmv2] [D] [thread 7977] [10.0] [cxt 0] Egress port is 0
[14:06:55.213] [bmv2] [T] [thread 7978] [9.0] [cxt 0] Skipping checksum 'cksum' update because condition not met
[14:06:55.213] [bmv2] [D] [thread 7978] [9.0] [cxt 0] Deparsing header 'ethernet'
[14:06:55.213] [bmv2] [D] [thread 7978] [9.0] [cxt 0] Deparser 'deparser': end
[14:06:55.213] [bmv2] [D] [thread 7978] [10.0] [cxt 0] Pipeline 'egress': start
[14:06:55.213] [bmv2] [D] [thread 7978] [10.0] [cxt 0] Pipeline 'egress': end
[14:06:55.213] [bmv2] [D] [thread 7978] [10.0] [cxt 0] Deparser 'deparser': start
[14:06:55.213] [bmv2] [T] [thread 7978] [10.0] [cxt 0] Skipping checksum 'cksum' update because condition not met
[14:06:55.213] [bmv2] [D] [thread 7978] [10.0] [cxt 0] Deparsing header 'ethernet'
[14:06:55.213] [bmv2] [D] [thread 7978] [10.0] [cxt 0] Deparser 'deparser': end
[14:06:55.213] [bmv2] [D] [thread 7982] [9.0] [cxt 0] Transmitting packet of size 90 out of port 0
[14:06:55.213] [bmv2] [D] [thread 7982] [10.0] [cxt 0] Transmitting packet of size 70 out of port 0
[14:06:55.219] [bmv2] [D] [thread 7977] [11.0] [cxt 0] Processing packet received on port 3
[14:06:55.219] [bmv2] [D] [thread 7977] [11.0] [cxt 0] Parser 'parser': start
[14:06:55.219] [bmv2] [D] [thread 7977] [11.0] [cxt 0] Parser 'parser' entering state 'start'
[14:06:55.219] [bmv2] [D] [thread 7977] [11.0] [cxt 0] Extracting header 'ethernet'
[14:06:55.219] [bmv2] [D] [thread 7977] [11.0] [cxt 0] Parser state 'start': key is 86dd
[14:06:55.220] [bmv2] [T] [thread 7977] [11.0] [cxt 0] Bytes parsed: 14
[14:06:55.220] [bmv2] [D] [thread 7977] [11.0] [cxt 0] Parser 'parser': end
[14:06:55.220] [bmv2] [D] [thread 7977] [11.0] [cxt 0] Pipeline 'ingress': start
[14:06:55.220] [bmv2] [T] [thread 7977] [11.0] [cxt 0] basic_tunnel.p4(152) Condition "hdr.ipv4.isValid() && !hdr.myTunnel.isValid()" (node_2) is false
[14:06:55.220] [bmv2] [T] [thread 7977] [11.0] [cxt 0] basic_tunnel.p4(155) Condition "hdr.myTunnel.isValid()" (node_4) is false
[14:06:55.220] [bmv2] [D] [thread 7977] [11.0] [cxt 0] Pipeline 'ingress': end
[14:06:55.220] [bmv2] [D] [thread 7977] [11.0] [cxt 0] Egress port is 0
[14:06:55.220] [bmv2] [D] [thread 7978] [11.0] [cxt 0] Pipeline 'egress': start
[14:06:55.220] [bmv2] [D] [thread 7978] [11.0] [cxt 0] Pipeline 'egress': end
[14:06:55.220] [bmv2] [D] [thread 7978] [11.0] [cxt 0] Deparser 'deparser': start
[14:06:55.220] [bmv2] [T] [thread 7978] [11.0] [cxt 0] Skipping checksum 'cksum' update because condition not met
[14:06:55.220] [bmv2] [D] [thread 7978] [11.0] [cxt 0] Deparsing header 'ethernet'
[14:06:55.220] [bmv2] [D] [thread 7978] [11.0] [cxt 0] Deparser 'deparser': end
[14:06:55.220] [bmv2] [D] [thread 7982] [11.0] [cxt 0] Transmitting packet of size 90 out of port 0
[14:06:55.223] [bmv2] [D] [thread 7977] [12.0] [cxt 0] Processing packet received on port 2
[14:06:55.223] [bmv2] [D] [thread 7977] [12.0] [cxt 0] Parser 'parser': start
[14:06:55.224] [bmv2] [D] [thread 7977] [12.0] [cxt 0] Parser 'parser' entering state 'start'
[14:06:55.224] [bmv2] [D] [thread 7977] [12.0] [cxt 0] Extracting header 'ethernet'
[14:06:55.224] [bmv2] [D] [thread 7977] [12.0] [cxt 0] Parser state 'start': key is 86dd
[14:06:55.224] [bmv2] [T] [thread 7977] [12.0] [cxt 0] Bytes parsed: 14
[14:06:55.224] [bmv2] [D] [thread 7977] [12.0] [cxt 0] Parser 'parser': end
[14:06:55.224] [bmv2] [D] [thread 7977] [12.0] [cxt 0] Pipeline 'ingress': start
[14:06:55.224] [bmv2] [T] [thread 7977] [12.0] [cxt 0] basic_tunnel.p4(152) Condition "hdr.ipv4.isValid() && !hdr.myTunnel.isValid()" (node_2) is false
[14:06:55.225] [bmv2] [T] [thread 7977] [12.0] [cxt 0] basic_tunnel.p4(155) Condition "hdr.myTunnel.isValid()" (node_4) is false
[14:06:55.225] [bmv2] [D] [thread 7977] [12.0] [cxt 0] Pipeline 'ingress': end
[14:06:55.225] [bmv2] [D] [thread 7977] [12.0] [cxt 0] Egress port is 0
[14:06:55.225] [bmv2] [D] [thread 7978] [12.0] [cxt 0] Pipeline 'egress': start
[14:06:55.225] [bmv2] [D] [thread 7978] [12.0] [cxt 0] Pipeline 'egress': end
[14:06:55.225] [bmv2] [D] [thread 7978] [12.0] [cxt 0] Deparser 'deparser': start
[14:06:55.225] [bmv2] [T] [thread 7978] [12.0] [cxt 0] Skipping checksum 'cksum' update because condition not met
[14:06:55.225] [bmv2] [D] [thread 7978] [12.0] [cxt 0] Deparsing header 'ethernet'
[14:06:55.225] [bmv2] [D] [thread 7978] [12.0] [cxt 0] Deparser 'deparser': end
[14:06:55.225] [bmv2] [D] [thread 7982] [12.0] [cxt 0] Transmitting packet of size 208 out of port 0
[14:06:55.255] [bmv2] [D] [thread 7977] [13.0] [cxt 0] Processing packet received on port 2
[14:06:55.255] [bmv2] [D] [thread 7977] [13.0] [cxt 0] Parser 'parser': start
[14:06:55.255] [bmv2] [D] [thread 7977] [13.0] [cxt 0] Parser 'parser' entering state 'start'
[14:06:55.255] [bmv2] [D] [thread 7977] [13.0] [cxt 0] Extracting header 'ethernet'
[14:06:55.255] [bmv2] [D] [thread 7977] [13.0] [cxt 0] Parser state 'start': key is 86dd
[14:06:55.255] [bmv2] [T] [thread 7977] [13.0] [cxt 0] Bytes parsed: 14
[14:06:55.255] [bmv2] [D] [thread 7977] [13.0] [cxt 0] Parser 'parser': end
[14:06:55.255] [bmv2] [D] [thread 7977] [13.0] [cxt 0] Pipeline 'ingress': start
[14:06:55.255] [bmv2] [T] [thread 7977] [13.0] [cxt 0] basic_tunnel.p4(152) Condition "hdr.ipv4.isValid() && !hdr.myTunnel.isValid()" (node_2) is false
[14:06:55.255] [bmv2] [T] [thread 7977] [13.0] [cxt 0] basic_tunnel.p4(155) Condition "hdr.myTunnel.isValid()" (node_4) is false
[14:06:55.255] [bmv2] [D] [thread 7977] [13.0] [cxt 0] Pipeline 'ingress': end
[14:06:55.255] [bmv2] [D] [thread 7977] [13.0] [cxt 0] Egress port is 0
[14:06:55.255] [bmv2] [D] [thread 7978] [13.0] [cxt 0] Pipeline 'egress': start
[14:06:55.255] [bmv2] [D] [thread 7978] [13.0] [cxt 0] Pipeline 'egress': end
[14:06:55.255] [bmv2] [D] [thread 7978] [13.0] [cxt 0] Deparser 'deparser': start
[14:06:55.255] [bmv2] [T] [thread 7978] [13.0] [cxt 0] Skipping checksum 'cksum' update because condition not met
[14:06:55.255] [bmv2] [D] [thread 7978] [13.0] [cxt 0] Deparsing header 'ethernet'
[14:06:55.255] [bmv2] [D] [thread 7978] [13.0] [cxt 0] Deparser 'deparser': end
[14:06:55.255] [bmv2] [D] [thread 7982] [13.0] [cxt 0] Transmitting packet of size 208 out of port 0
[14:06:55.283] [bmv2] [D] [thread 7977] [14.0] [cxt 0] Processing packet received on port 1
[14:06:55.284] [bmv2] [D] [thread 7977] [14.0] [cxt 0] Parser 'parser': start
[14:06:55.284] [bmv2] [D] [thread 7977] [14.0] [cxt 0] Parser 'parser' entering state 'start'
[14:06:55.284] [bmv2] [D] [thread 7977] [14.0] [cxt 0] Extracting header 'ethernet'
[14:06:55.284] [bmv2] [D] [thread 7977] [14.0] [cxt 0] Parser state 'start': key is 86dd
[14:06:55.284] [bmv2] [T] [thread 7977] [14.0] [cxt 0] Bytes parsed: 14
[14:06:55.284] [bmv2] [D] [thread 7977] [14.0] [cxt 0] Parser 'parser': end
[14:06:55.284] [bmv2] [D] [thread 7977] [14.0] [cxt 0] Pipeline 'ingress': start
[14:06:55.284] [bmv2] [T] [thread 7977] [14.0] [cxt 0] basic_tunnel.p4(152) Condition "hdr.ipv4.isValid() && !hdr.myTunnel.isValid()" (node_2) is false
[14:06:55.284] [bmv2] [T] [thread 7977] [14.0] [cxt 0] basic_tunnel.p4(155) Condition "hdr.myTunnel.isValid()" (node_4) is false
[14:06:55.284] [bmv2] [D] [thread 7977] [14.0] [cxt 0] Pipeline 'ingress': end
[14:06:55.284] [bmv2] [D] [thread 7977] [14.0] [cxt 0] Egress port is 0
[14:06:55.284] [bmv2] [D] [thread 7978] [14.0] [cxt 0] Pipeline 'egress': start
[14:06:55.284] [bmv2] [D] [thread 7978] [14.0] [cxt 0] Pipeline 'egress': end
[14:06:55.284] [bmv2] [D] [thread 7978] [14.0] [cxt 0] Deparser 'deparser': start
[14:06:55.284] [bmv2] [T] [thread 7978] [14.0] [cxt 0] Skipping checksum 'cksum' update because condition not met
[14:06:55.284] [bmv2] [D] [thread 7978] [14.0] [cxt 0] Deparsing header 'ethernet'
[14:06:55.284] [bmv2] [D] [thread 7978] [14.0] [cxt 0] Deparser 'deparser': end
[14:06:55.284] [bmv2] [D] [thread 7982] [14.0] [cxt 0] Transmitting packet of size 208 out of port 0
[14:06:55.355] [bmv2] [D] [thread 7977] [15.0] [cxt 0] Processing packet received on port 3
[14:06:55.355] [bmv2] [D] [thread 7977] [15.0] [cxt 0] Parser 'parser': start
[14:06:55.355] [bmv2] [D] [thread 7977] [15.0] [cxt 0] Parser 'parser' entering state 'start'
[14:06:55.355] [bmv2] [D] [thread 7977] [15.0] [cxt 0] Extracting header 'ethernet'
[14:06:55.355] [bmv2] [D] [thread 7977] [15.0] [cxt 0] Parser state 'start': key is 86dd
[14:06:55.355] [bmv2] [T] [thread 7977] [15.0] [cxt 0] Bytes parsed: 14
[14:06:55.355] [bmv2] [D] [thread 7977] [15.0] [cxt 0] Parser 'parser': end
[14:06:55.355] [bmv2] [D] [thread 7977] [15.0] [cxt 0] Pipeline 'ingress': start
[14:06:55.355] [bmv2] [T] [thread 7977] [15.0] [cxt 0] basic_tunnel.p4(152) Condition "hdr.ipv4.isValid() && !hdr.myTunnel.isValid()" (node_2) is false
[14:06:55.355] [bmv2] [T] [thread 7977] [15.0] [cxt 0] basic_tunnel.p4(155) Condition "hdr.myTunnel.isValid()" (node_4) is false
[14:06:55.355] [bmv2] [D] [thread 7977] [15.0] [cxt 0] Pipeline 'ingress': end
[14:06:55.355] [bmv2] [D] [thread 7977] [15.0] [cxt 0] Egress port is 0
[14:06:55.355] [bmv2] [D] [thread 7978] [15.0] [cxt 0] Pipeline 'egress': start
[14:06:55.355] [bmv2] [D] [thread 7978] [15.0] [cxt 0] Pipeline 'egress': end
[14:06:55.355] [bmv2] [D] [thread 7978] [15.0] [cxt 0] Deparser 'deparser': start
[14:06:55.355] [bmv2] [T] [thread 7978] [15.0] [cxt 0] Skipping checksum 'cksum' update because condition not met
[14:06:55.355] [bmv2] [D] [thread 7978] [15.0] [cxt 0] Deparsing header 'ethernet'
[14:06:55.355] [bmv2] [D] [thread 7978] [15.0] [cxt 0] Deparser 'deparser': end
[14:06:55.355] [bmv2] [D] [thread 7982] [15.0] [cxt 0] Transmitting packet of size 208 out of port 0
[14:06:55.368] [bmv2] [D] [thread 7977] [16.0] [cxt 0] Processing packet received on port 2
[14:06:55.368] [bmv2] [D] [thread 7977] [16.0] [cxt 0] Parser 'parser': start
[14:06:55.368] [bmv2] [D] [thread 7977] [16.0] [cxt 0] Parser 'parser' entering state 'start'
[14:06:55.368] [bmv2] [D] [thread 7977] [16.0] [cxt 0] Extracting header 'ethernet'
[14:06:55.368] [bmv2] [D] [thread 7977] [16.0] [cxt 0] Parser state 'start': key is 86dd
[14:06:55.368] [bmv2] [T] [thread 7977] [16.0] [cxt 0] Bytes parsed: 14
[14:06:55.368] [bmv2] [D] [thread 7977] [16.0] [cxt 0] Parser 'parser': end
[14:06:55.368] [bmv2] [D] [thread 7977] [16.0] [cxt 0] Pipeline 'ingress': start
[14:06:55.368] [bmv2] [T] [thread 7977] [16.0] [cxt 0] basic_tunnel.p4(152) Condition "hdr.ipv4.isValid() && !hdr.myTunnel.isValid()" (node_2) is false
[14:06:55.368] [bmv2] [T] [thread 7977] [16.0] [cxt 0] basic_tunnel.p4(155) Condition "hdr.myTunnel.isValid()" (node_4) is false
[14:06:55.368] [bmv2] [D] [thread 7977] [16.0] [cxt 0] Pipeline 'ingress': end
[14:06:55.368] [bmv2] [D] [thread 7977] [16.0] [cxt 0] Egress port is 0
[14:06:55.369] [bmv2] [D] [thread 7978] [16.0] [cxt 0] Pipeline 'egress': start
[14:06:55.369] [bmv2] [D] [thread 7978] [16.0] [cxt 0] Pipeline 'egress': end
[14:06:55.369] [bmv2] [D] [thread 7978] [16.0] [cxt 0] Deparser 'deparser': start
[14:06:55.369] [bmv2] [T] [thread 7978] [16.0] [cxt 0] Skipping checksum 'cksum' update because condition not met
[14:06:55.369] [bmv2] [D] [thread 7978] [16.0] [cxt 0] Deparsing header 'ethernet'
[14:06:55.369] [bmv2] [D] [thread 7978] [16.0] [cxt 0] Deparser 'deparser': end
[14:06:55.369] [bmv2] [D] [thread 7982] [16.0] [cxt 0] Transmitting packet of size 110 out of port 0
[14:06:55.475] [bmv2] [D] [thread 7977] [17.0] [cxt 0] Processing packet received on port 2
[14:06:55.475] [bmv2] [D] [thread 7977] [17.0] [cxt 0] Parser 'parser': start
[14:06:55.475] [bmv2] [D] [thread 7977] [17.0] [cxt 0] Parser 'parser' entering state 'start'
[14:06:55.475] [bmv2] [D] [thread 7977] [17.0] [cxt 0] Extracting header 'ethernet'
[14:06:55.475] [bmv2] [D] [thread 7977] [17.0] [cxt 0] Parser state 'start': key is 86dd
[14:06:55.475] [bmv2] [T] [thread 7977] [17.0] [cxt 0] Bytes parsed: 14
[14:06:55.475] [bmv2] [D] [thread 7977] [17.0] [cxt 0] Parser 'parser': end
[14:06:55.475] [bmv2] [D] [thread 7977] [17.0] [cxt 0] Pipeline 'ingress': start
[14:06:55.475] [bmv2] [T] [thread 7977] [17.0] [cxt 0] basic_tunnel.p4(152) Condition "hdr.ipv4.isValid() && !hdr.myTunnel.isValid()" (node_2) is false
[14:06:55.475] [bmv2] [T] [thread 7977] [17.0] [cxt 0] basic_tunnel.p4(155) Condition "hdr.myTunnel.isValid()" (node_4) is false
[14:06:55.475] [bmv2] [D] [thread 7977] [17.0] [cxt 0] Pipeline 'ingress': end
[14:06:55.475] [bmv2] [D] [thread 7977] [17.0] [cxt 0] Egress port is 0
[14:06:55.475] [bmv2] [D] [thread 7978] [17.0] [cxt 0] Pipeline 'egress': start
[14:06:55.475] [bmv2] [D] [thread 7978] [17.0] [cxt 0] Pipeline 'egress': end
[14:06:55.476] [bmv2] [D] [thread 7978] [17.0] [cxt 0] Deparser 'deparser': start
[14:06:55.476] [bmv2] [T] [thread 7978] [17.0] [cxt 0] Skipping checksum 'cksum' update because condition not met
[14:06:55.476] [bmv2] [D] [thread 7978] [17.0] [cxt 0] Deparsing header 'ethernet'
[14:06:55.476] [bmv2] [D] [thread 7978] [17.0] [cxt 0] Deparser 'deparser': end
[14:06:55.476] [bmv2] [D] [thread 7982] [17.0] [cxt 0] Transmitting packet of size 208 out of port 0
[14:06:55.482] [bmv2] [D] [thread 7977] [18.0] [cxt 0] Processing packet received on port 1
[14:06:55.482] [bmv2] [D] [thread 7977] [18.0] [cxt 0] Parser 'parser': start
[14:06:55.482] [bmv2] [D] [thread 7977] [18.0] [cxt 0] Parser 'parser' entering state 'start'
[14:06:55.482] [bmv2] [D] [thread 7977] [18.0] [cxt 0] Extracting header 'ethernet'
[14:06:55.482] [bmv2] [D] [thread 7977] [18.0] [cxt 0] Parser state 'start': key is 86dd
[14:06:55.482] [bmv2] [T] [thread 7977] [18.0] [cxt 0] Bytes parsed: 14
[14:06:55.482] [bmv2] [D] [thread 7977] [18.0] [cxt 0] Parser 'parser': end
[14:06:55.482] [bmv2] [D] [thread 7977] [18.0] [cxt 0] Pipeline 'ingress': start
[14:06:55.482] [bmv2] [T] [thread 7977] [18.0] [cxt 0] basic_tunnel.p4(152) Condition "hdr.ipv4.isValid() && !hdr.myTunnel.isValid()" (node_2) is false
[14:06:55.482] [bmv2] [T] [thread 7977] [18.0] [cxt 0] basic_tunnel.p4(155) Condition "hdr.myTunnel.isValid()" (node_4) is false
[14:06:55.482] [bmv2] [D] [thread 7977] [18.0] [cxt 0] Pipeline 'ingress': end
[14:06:55.482] [bmv2] [D] [thread 7977] [18.0] [cxt 0] Egress port is 0
[14:06:55.482] [bmv2] [D] [thread 7978] [18.0] [cxt 0] Pipeline 'egress': start
[14:06:55.483] [bmv2] [D] [thread 7978] [18.0] [cxt 0] Pipeline 'egress': end
[14:06:55.483] [bmv2] [D] [thread 7978] [18.0] [cxt 0] Deparser 'deparser': start
[14:06:55.483] [bmv2] [T] [thread 7978] [18.0] [cxt 0] Skipping checksum 'cksum' update because condition not met
[14:06:55.483] [bmv2] [D] [thread 7978] [18.0] [cxt 0] Deparsing header 'ethernet'
[14:06:55.483] [bmv2] [D] [thread 7978] [18.0] [cxt 0] Deparser 'deparser': end
[14:06:55.483] [bmv2] [D] [thread 7982] [18.0] [cxt 0] Transmitting packet of size 196 out of port 0
[14:06:55.507] [bmv2] [D] [thread 7977] [19.0] [cxt 0] Processing packet received on port 2
[14:06:55.507] [bmv2] [D] [thread 7977] [19.0] [cxt 0] Parser 'parser': start
[14:06:55.507] [bmv2] [D] [thread 7977] [19.0] [cxt 0] Parser 'parser' entering state 'start'
[14:06:55.507] [bmv2] [D] [thread 7977] [19.0] [cxt 0] Extracting header 'ethernet'
[14:06:55.507] [bmv2] [D] [thread 7977] [19.0] [cxt 0] Parser state 'start': key is 86dd
[14:06:55.507] [bmv2] [T] [thread 7977] [19.0] [cxt 0] Bytes parsed: 14
[14:06:55.507] [bmv2] [D] [thread 7977] [19.0] [cxt 0] Parser 'parser': end
[14:06:55.507] [bmv2] [D] [thread 7977] [19.0] [cxt 0] Pipeline 'ingress': start
[14:06:55.507] [bmv2] [T] [thread 7977] [19.0] [cxt 0] basic_tunnel.p4(152) Condition "hdr.ipv4.isValid() && !hdr.myTunnel.isValid()" (node_2) is false
[14:06:55.507] [bmv2] [T] [thread 7977] [19.0] [cxt 0] basic_tunnel.p4(155) Condition "hdr.myTunnel.isValid()" (node_4) is false
[14:06:55.507] [bmv2] [D] [thread 7977] [19.0] [cxt 0] Pipeline 'ingress': end
[14:06:55.507] [bmv2] [D] [thread 7977] [19.0] [cxt 0] Egress port is 0
[14:06:55.507] [bmv2] [D] [thread 7978] [19.0] [cxt 0] Pipeline 'egress': start
[14:06:55.507] [bmv2] [D] [thread 7978] [19.0] [cxt 0] Pipeline 'egress': end
[14:06:55.507] [bmv2] [D] [thread 7978] [19.0] [cxt 0] Deparser 'deparser': start
[14:06:55.507] [bmv2] [T] [thread 7978] [19.0] [cxt 0] Skipping checksum 'cksum' update because condition not met
[14:06:55.507] [bmv2] [D] [thread 7978] [19.0] [cxt 0] Deparsing header 'ethernet'
[14:06:55.507] [bmv2] [D] [thread 7978] [19.0] [cxt 0] Deparser 'deparser': end
[14:06:55.507] [bmv2] [D] [thread 7982] [19.0] [cxt 0] Transmitting packet of size 208 out of port 0
[14:06:55.527] [bmv2] [D] [thread 7977] [20.0] [cxt 0] Processing packet received on port 1
[14:06:55.527] [bmv2] [D] [thread 7977] [20.0] [cxt 0] Parser 'parser': start
[14:06:55.527] [bmv2] [D] [thread 7977] [20.0] [cxt 0] Parser 'parser' entering state 'start'
[14:06:55.527] [bmv2] [D] [thread 7977] [20.0] [cxt 0] Extracting header 'ethernet'
[14:06:55.527] [bmv2] [D] [thread 7977] [20.0] [cxt 0] Parser state 'start': key is 86dd
[14:06:55.527] [bmv2] [T] [thread 7977] [20.0] [cxt 0] Bytes parsed: 14
[14:06:55.527] [bmv2] [D] [thread 7977] [20.0] [cxt 0] Parser 'parser': end
[14:06:55.527] [bmv2] [D] [thread 7977] [20.0] [cxt 0] Pipeline 'ingress': start
[14:06:55.527] [bmv2] [T] [thread 7977] [20.0] [cxt 0] basic_tunnel.p4(152) Condition "hdr.ipv4.isValid() && !hdr.myTunnel.isValid()" (node_2) is false
[14:06:55.527] [bmv2] [T] [thread 7977] [20.0] [cxt 0] basic_tunnel.p4(155) Condition "hdr.myTunnel.isValid()" (node_4) is false
[14:06:55.527] [bmv2] [D] [thread 7977] [20.0] [cxt 0] Pipeline 'ingress': end
[14:06:55.527] [bmv2] [D] [thread 7977] [20.0] [cxt 0] Egress port is 0
[14:06:55.527] [bmv2] [D] [thread 7978] [20.0] [cxt 0] Pipeline 'egress': start
[14:06:55.527] [bmv2] [D] [thread 7978] [20.0] [cxt 0] Pipeline 'egress': end
[14:06:55.527] [bmv2] [D] [thread 7978] [20.0] [cxt 0] Deparser 'deparser': start
[14:06:55.528] [bmv2] [T] [thread 7978] [20.0] [cxt 0] Skipping checksum 'cksum' update because condition not met
[14:06:55.528] [bmv2] [D] [thread 7978] [20.0] [cxt 0] Deparsing header 'ethernet'
[14:06:55.528] [bmv2] [D] [thread 7978] [20.0] [cxt 0] Deparser 'deparser': end
[14:06:55.528] [bmv2] [D] [thread 7982] [20.0] [cxt 0] Transmitting packet of size 110 out of port 0
[14:06:55.596] [bmv2] [D] [thread 7977] [21.0] [cxt 0] Processing packet received on port 3
[14:06:55.596] [bmv2] [D] [thread 7977] [21.0] [cxt 0] Parser 'parser': start
[14:06:55.596] [bmv2] [D] [thread 7977] [21.0] [cxt 0] Parser 'parser' entering state 'start'
[14:06:55.596] [bmv2] [D] [thread 7977] [21.0] [cxt 0] Extracting header 'ethernet'
[14:06:55.596] [bmv2] [D] [thread 7977] [21.0] [cxt 0] Parser state 'start': key is 86dd
[14:06:55.596] [bmv2] [T] [thread 7977] [21.0] [cxt 0] Bytes parsed: 14
[14:06:55.596] [bmv2] [D] [thread 7977] [21.0] [cxt 0] Parser 'parser': end
[14:06:55.596] [bmv2] [D] [thread 7977] [21.0] [cxt 0] Pipeline 'ingress': start
[14:06:55.596] [bmv2] [T] [thread 7977] [21.0] [cxt 0] basic_tunnel.p4(152) Condition "hdr.ipv4.isValid() && !hdr.myTunnel.isValid()" (node_2) is false
[14:06:55.596] [bmv2] [T] [thread 7977] [21.0] [cxt 0] basic_tunnel.p4(155) Condition "hdr.myTunnel.isValid()" (node_4) is false
[14:06:55.596] [bmv2] [D] [thread 7977] [21.0] [cxt 0] Pipeline 'ingress': end
[14:06:55.596] [bmv2] [D] [thread 7977] [21.0] [cxt 0] Egress port is 0
[14:06:55.596] [bmv2] [D] [thread 7977] [22.0] [cxt 0] Processing packet received on port 3
[14:06:55.596] [bmv2] [D] [thread 7977] [22.0] [cxt 0] Parser 'parser': start
[14:06:55.596] [bmv2] [D] [thread 7977] [22.0] [cxt 0] Parser 'parser' entering state 'start'
[14:06:55.596] [bmv2] [D] [thread 7977] [22.0] [cxt 0] Extracting header 'ethernet'
[14:06:55.596] [bmv2] [D] [thread 7977] [22.0] [cxt 0] Parser state 'start': key is 86dd
[14:06:55.596] [bmv2] [T] [thread 7977] [22.0] [cxt 0] Bytes parsed: 14
[14:06:55.596] [bmv2] [D] [thread 7977] [22.0] [cxt 0] Parser 'parser': end
[14:06:55.596] [bmv2] [D] [thread 7977] [22.0] [cxt 0] Pipeline 'ingress': start
[14:06:55.596] [bmv2] [T] [thread 7977] [22.0] [cxt 0] basic_tunnel.p4(152) Condition "hdr.ipv4.isValid() && !hdr.myTunnel.isValid()" (node_2) is false
[14:06:55.596] [bmv2] [T] [thread 7977] [22.0] [cxt 0] basic_tunnel.p4(155) Condition "hdr.myTunnel.isValid()" (node_4) is false
[14:06:55.596] [bmv2] [D] [thread 7977] [22.0] [cxt 0] Pipeline 'ingress': end
[14:06:55.596] [bmv2] [D] [thread 7977] [22.0] [cxt 0] Egress port is 0
[14:06:55.596] [bmv2] [D] [thread 7978] [21.0] [cxt 0] Pipeline 'egress': start
[14:06:55.596] [bmv2] [D] [thread 7978] [21.0] [cxt 0] Pipeline 'egress': end
[14:06:55.596] [bmv2] [D] [thread 7978] [21.0] [cxt 0] Deparser 'deparser': start
[14:06:55.596] [bmv2] [T] [thread 7978] [21.0] [cxt 0] Skipping checksum 'cksum' update because condition not met
[14:06:55.596] [bmv2] [D] [thread 7978] [21.0] [cxt 0] Deparsing header 'ethernet'
[14:06:55.596] [bmv2] [D] [thread 7978] [21.0] [cxt 0] Deparser 'deparser': end
[14:06:55.596] [bmv2] [D] [thread 7978] [22.0] [cxt 0] Pipeline 'egress': start
[14:06:55.596] [bmv2] [D] [thread 7978] [22.0] [cxt 0] Pipeline 'egress': end
[14:06:55.596] [bmv2] [D] [thread 7978] [22.0] [cxt 0] Deparser 'deparser': start
[14:06:55.596] [bmv2] [T] [thread 7978] [22.0] [cxt 0] Skipping checksum 'cksum' update because condition not met
[14:06:55.596] [bmv2] [D] [thread 7978] [22.0] [cxt 0] Deparsing header 'ethernet'
[14:06:55.596] [bmv2] [D] [thread 7978] [22.0] [cxt 0] Deparser 'deparser': end
[14:06:55.596] [bmv2] [D] [thread 7982] [21.0] [cxt 0] Transmitting packet of size 90 out of port 0
[14:06:55.597] [bmv2] [D] [thread 7982] [22.0] [cxt 0] Transmitting packet of size 70 out of port 0
[14:06:55.606] [bmv2] [D] [thread 7977] [23.0] [cxt 0] Processing packet received on port 3
[14:06:55.606] [bmv2] [D] [thread 7977] [23.0] [cxt 0] Parser 'parser': start
[14:06:55.606] [bmv2] [D] [thread 7977] [23.0] [cxt 0] Parser 'parser' entering state 'start'
[14:06:55.606] [bmv2] [D] [thread 7977] [23.0] [cxt 0] Extracting header 'ethernet'
[14:06:55.606] [bmv2] [D] [thread 7977] [23.0] [cxt 0] Parser state 'start': key is 86dd
[14:06:55.606] [bmv2] [T] [thread 7977] [23.0] [cxt 0] Bytes parsed: 14
[14:06:55.606] [bmv2] [D] [thread 7977] [23.0] [cxt 0] Parser 'parser': end
[14:06:55.606] [bmv2] [D] [thread 7977] [23.0] [cxt 0] Pipeline 'ingress': start
[14:06:55.606] [bmv2] [T] [thread 7977] [23.0] [cxt 0] basic_tunnel.p4(152) Condition "hdr.ipv4.isValid() && !hdr.myTunnel.isValid()" (node_2) is false
[14:06:55.606] [bmv2] [T] [thread 7977] [23.0] [cxt 0] basic_tunnel.p4(155) Condition "hdr.myTunnel.isValid()" (node_4) is false
[14:06:55.606] [bmv2] [D] [thread 7977] [23.0] [cxt 0] Pipeline 'ingress': end
[14:06:55.606] [bmv2] [D] [thread 7977] [23.0] [cxt 0] Egress port is 0
[14:06:55.606] [bmv2] [D] [thread 7977] [24.0] [cxt 0] Processing packet received on port 3
[14:06:55.606] [bmv2] [D] [thread 7977] [24.0] [cxt 0] Parser 'parser': start
[14:06:55.606] [bmv2] [D] [thread 7977] [24.0] [cxt 0] Parser 'parser' entering state 'start'
[14:06:55.606] [bmv2] [D] [thread 7977] [24.0] [cxt 0] Extracting header 'ethernet'
[14:06:55.606] [bmv2] [D] [thread 7977] [24.0] [cxt 0] Parser state 'start': key is 86dd
[14:06:55.607] [bmv2] [T] [thread 7977] [24.0] [cxt 0] Bytes parsed: 14
[14:06:55.607] [bmv2] [D] [thread 7977] [24.0] [cxt 0] Parser 'parser': end
[14:06:55.607] [bmv2] [D] [thread 7977] [24.0] [cxt 0] Pipeline 'ingress': start
[14:06:55.607] [bmv2] [T] [thread 7977] [24.0] [cxt 0] basic_tunnel.p4(152) Condition "hdr.ipv4.isValid() && !hdr.myTunnel.isValid()" (node_2) is false
[14:06:55.607] [bmv2] [T] [thread 7977] [24.0] [cxt 0] basic_tunnel.p4(155) Condition "hdr.myTunnel.isValid()" (node_4) is false
[14:06:55.607] [bmv2] [D] [thread 7977] [24.0] [cxt 0] Pipeline 'ingress': end
[14:06:55.607] [bmv2] [D] [thread 7977] [24.0] [cxt 0] Egress port is 0
[14:06:55.606] [bmv2] [D] [thread 7978] [23.0] [cxt 0] Pipeline 'egress': start
[14:06:55.607] [bmv2] [D] [thread 7978] [23.0] [cxt 0] Pipeline 'egress': end
[14:06:55.607] [bmv2] [D] [thread 7978] [23.0] [cxt 0] Deparser 'deparser': start
[14:06:55.607] [bmv2] [T] [thread 7978] [23.0] [cxt 0] Skipping checksum 'cksum' update because condition not met
[14:06:55.607] [bmv2] [D] [thread 7978] [23.0] [cxt 0] Deparsing header 'ethernet'
[14:06:55.607] [bmv2] [D] [thread 7978] [23.0] [cxt 0] Deparser 'deparser': end
[14:06:55.607] [bmv2] [D] [thread 7978] [24.0] [cxt 0] Pipeline 'egress': start
[14:06:55.607] [bmv2] [D] [thread 7978] [24.0] [cxt 0] Pipeline 'egress': end
[14:06:55.607] [bmv2] [D] [thread 7978] [24.0] [cxt 0] Deparser 'deparser': start
[14:06:55.607] [bmv2] [T] [thread 7978] [24.0] [cxt 0] Skipping checksum 'cksum' update because condition not met
[14:06:55.607] [bmv2] [D] [thread 7978] [24.0] [cxt 0] Deparsing header 'ethernet'
[14:06:55.607] [bmv2] [D] [thread 7978] [24.0] [cxt 0] Deparser 'deparser': end
[14:06:55.607] [bmv2] [D] [thread 7982] [23.0] [cxt 0] Transmitting packet of size 208 out of port 0
[14:06:55.607] [bmv2] [D] [thread 7982] [24.0] [cxt 0] Transmitting packet of size 90 out of port 0
[14:06:55.673] [bmv2] [D] [thread 7977] [25.0] [cxt 0] Processing packet received on port 2
[14:06:55.673] [bmv2] [D] [thread 7977] [25.0] [cxt 0] Parser 'parser': start
[14:06:55.673] [bmv2] [D] [thread 7977] [25.0] [cxt 0] Parser 'parser' entering state 'start'
[14:06:55.673] [bmv2] [D] [thread 7977] [25.0] [cxt 0] Extracting header 'ethernet'
[14:06:55.673] [bmv2] [D] [thread 7977] [25.0] [cxt 0] Parser state 'start': key is 86dd
[14:06:55.673] [bmv2] [T] [thread 7977] [25.0] [cxt 0] Bytes parsed: 14
[14:06:55.673] [bmv2] [D] [thread 7977] [25.0] [cxt 0] Parser 'parser': end
[14:06:55.673] [bmv2] [D] [thread 7977] [25.0] [cxt 0] Pipeline 'ingress': start
[14:06:55.673] [bmv2] [T] [thread 7977] [25.0] [cxt 0] basic_tunnel.p4(152) Condition "hdr.ipv4.isValid() && !hdr.myTunnel.isValid()" (node_2) is false
[14:06:55.673] [bmv2] [T] [thread 7977] [25.0] [cxt 0] basic_tunnel.p4(155) Condition "hdr.myTunnel.isValid()" (node_4) is false
[14:06:55.673] [bmv2] [D] [thread 7977] [25.0] [cxt 0] Pipeline 'ingress': end
[14:06:55.673] [bmv2] [D] [thread 7977] [25.0] [cxt 0] Egress port is 0
[14:06:55.674] [bmv2] [D] [thread 7978] [25.0] [cxt 0] Pipeline 'egress': start
[14:06:55.674] [bmv2] [D] [thread 7978] [25.0] [cxt 0] Pipeline 'egress': end
[14:06:55.674] [bmv2] [D] [thread 7978] [25.0] [cxt 0] Deparser 'deparser': start
[14:06:55.674] [bmv2] [T] [thread 7978] [25.0] [cxt 0] Skipping checksum 'cksum' update because condition not met
[14:06:55.674] [bmv2] [D] [thread 7978] [25.0] [cxt 0] Deparsing header 'ethernet'
[14:06:55.674] [bmv2] [D] [thread 7978] [25.0] [cxt 0] Deparser 'deparser': end
[14:06:55.674] [bmv2] [D] [thread 7982] [25.0] [cxt 0] Transmitting packet of size 196 out of port 0
[14:06:55.707] [bmv2] [D] [thread 7977] [26.0] [cxt 0] Processing packet received on port 2
[14:06:55.707] [bmv2] [D] [thread 7977] [26.0] [cxt 0] Parser 'parser': start
[14:06:55.707] [bmv2] [D] [thread 7977] [26.0] [cxt 0] Parser 'parser' entering state 'start'
[14:06:55.707] [bmv2] [D] [thread 7977] [26.0] [cxt 0] Extracting header 'ethernet'
[14:06:55.707] [bmv2] [D] [thread 7977] [26.0] [cxt 0] Parser state 'start': key is 86dd
[14:06:55.707] [bmv2] [T] [thread 7977] [26.0] [cxt 0] Bytes parsed: 14
[14:06:55.707] [bmv2] [D] [thread 7977] [26.0] [cxt 0] Parser 'parser': end
[14:06:55.707] [bmv2] [D] [thread 7977] [26.0] [cxt 0] Pipeline 'ingress': start
[14:06:55.707] [bmv2] [T] [thread 7977] [26.0] [cxt 0] basic_tunnel.p4(152) Condition "hdr.ipv4.isValid() && !hdr.myTunnel.isValid()" (node_2) is false
[14:06:55.707] [bmv2] [T] [thread 7977] [26.0] [cxt 0] basic_tunnel.p4(155) Condition "hdr.myTunnel.isValid()" (node_4) is false
[14:06:55.707] [bmv2] [D] [thread 7977] [26.0] [cxt 0] Pipeline 'ingress': end
[14:06:55.707] [bmv2] [D] [thread 7977] [26.0] [cxt 0] Egress port is 0
[14:06:55.707] [bmv2] [D] [thread 7978] [26.0] [cxt 0] Pipeline 'egress': start
[14:06:55.707] [bmv2] [D] [thread 7978] [26.0] [cxt 0] Pipeline 'egress': end
[14:06:55.707] [bmv2] [D] [thread 7978] [26.0] [cxt 0] Deparser 'deparser': start
[14:06:55.707] [bmv2] [T] [thread 7978] [26.0] [cxt 0] Skipping checksum 'cksum' update because condition not met
[14:06:55.707] [bmv2] [D] [thread 7978] [26.0] [cxt 0] Deparsing header 'ethernet'
[14:06:55.707] [bmv2] [D] [thread 7978] [26.0] [cxt 0] Deparser 'deparser': end
[14:06:55.707] [bmv2] [D] [thread 7982] [26.0] [cxt 0] Transmitting packet of size 196 out of port 0
[14:06:55.738] [bmv2] [D] [thread 7977] [27.0] [cxt 0] Processing packet received on port 3
[14:06:55.738] [bmv2] [D] [thread 7977] [27.0] [cxt 0] Parser 'parser': start
[14:06:55.738] [bmv2] [D] [thread 7977] [27.0] [cxt 0] Parser 'parser' entering state 'start'
[14:06:55.738] [bmv2] [D] [thread 7977] [27.0] [cxt 0] Extracting header 'ethernet'
[14:06:55.738] [bmv2] [D] [thread 7977] [27.0] [cxt 0] Parser state 'start': key is 86dd
[14:06:55.738] [bmv2] [T] [thread 7977] [27.0] [cxt 0] Bytes parsed: 14
[14:06:55.738] [bmv2] [D] [thread 7977] [27.0] [cxt 0] Parser 'parser': end
[14:06:55.738] [bmv2] [D] [thread 7977] [27.0] [cxt 0] Pipeline 'ingress': start
[14:06:55.738] [bmv2] [T] [thread 7977] [27.0] [cxt 0] basic_tunnel.p4(152) Condition "hdr.ipv4.isValid() && !hdr.myTunnel.isValid()" (node_2) is false
[14:06:55.738] [bmv2] [T] [thread 7977] [27.0] [cxt 0] basic_tunnel.p4(155) Condition "hdr.myTunnel.isValid()" (node_4) is false
[14:06:55.738] [bmv2] [D] [thread 7977] [27.0] [cxt 0] Pipeline 'ingress': end
[14:06:55.738] [bmv2] [D] [thread 7977] [27.0] [cxt 0] Egress port is 0
[14:06:55.738] [bmv2] [D] [thread 7978] [27.0] [cxt 0] Pipeline 'egress': start
[14:06:55.738] [bmv2] [D] [thread 7978] [27.0] [cxt 0] Pipeline 'egress': end
[14:06:55.738] [bmv2] [D] [thread 7978] [27.0] [cxt 0] Deparser 'deparser': start
[14:06:55.738] [bmv2] [T] [thread 7978] [27.0] [cxt 0] Skipping checksum 'cksum' update because condition not met
[14:06:55.738] [bmv2] [D] [thread 7978] [27.0] [cxt 0] Deparsing header 'ethernet'
[14:06:55.738] [bmv2] [D] [thread 7978] [27.0] [cxt 0] Deparser 'deparser': end
[14:06:55.738] [bmv2] [D] [thread 7982] [27.0] [cxt 0] Transmitting packet of size 208 out of port 0
[14:06:55.783] [bmv2] [D] [thread 7977] [28.0] [cxt 0] Processing packet received on port 3
[14:06:55.783] [bmv2] [D] [thread 7977] [28.0] [cxt 0] Parser 'parser': start
[14:06:55.783] [bmv2] [D] [thread 7977] [28.0] [cxt 0] Parser 'parser' entering state 'start'
[14:06:55.783] [bmv2] [D] [thread 7977] [28.0] [cxt 0] Extracting header 'ethernet'
[14:06:55.783] [bmv2] [D] [thread 7977] [28.0] [cxt 0] Parser state 'start': key is 86dd
[14:06:55.783] [bmv2] [T] [thread 7977] [28.0] [cxt 0] Bytes parsed: 14
[14:06:55.783] [bmv2] [D] [thread 7977] [28.0] [cxt 0] Parser 'parser': end
[14:06:55.783] [bmv2] [D] [thread 7977] [28.0] [cxt 0] Pipeline 'ingress': start
[14:06:55.783] [bmv2] [T] [thread 7977] [28.0] [cxt 0] basic_tunnel.p4(152) Condition "hdr.ipv4.isValid() && !hdr.myTunnel.isValid()" (node_2) is false
[14:06:55.783] [bmv2] [T] [thread 7977] [28.0] [cxt 0] basic_tunnel.p4(155) Condition "hdr.myTunnel.isValid()" (node_4) is false
[14:06:55.783] [bmv2] [D] [thread 7977] [28.0] [cxt 0] Pipeline 'ingress': end
[14:06:55.783] [bmv2] [D] [thread 7977] [28.0] [cxt 0] Egress port is 0
[14:06:55.783] [bmv2] [D] [thread 7978] [28.0] [cxt 0] Pipeline 'egress': start
[14:06:55.783] [bmv2] [D] [thread 7978] [28.0] [cxt 0] Pipeline 'egress': end
[14:06:55.783] [bmv2] [D] [thread 7978] [28.0] [cxt 0] Deparser 'deparser': start
[14:06:55.783] [bmv2] [T] [thread 7978] [28.0] [cxt 0] Skipping checksum 'cksum' update because condition not met
[14:06:55.783] [bmv2] [D] [thread 7978] [28.0] [cxt 0] Deparsing header 'ethernet'
[14:06:55.783] [bmv2] [D] [thread 7978] [28.0] [cxt 0] Deparser 'deparser': end
[14:06:55.783] [bmv2] [D] [thread 7982] [28.0] [cxt 0] Transmitting packet of size 110 out of port 0
[14:06:55.860] [bmv2] [D] [thread 7977] [29.0] [cxt 0] Processing packet received on port 3
[14:06:55.860] [bmv2] [D] [thread 7977] [29.0] [cxt 0] Parser 'parser': start
[14:06:55.860] [bmv2] [D] [thread 7977] [29.0] [cxt 0] Parser 'parser' entering state 'start'
[14:06:55.860] [bmv2] [D] [thread 7977] [29.0] [cxt 0] Extracting header 'ethernet'
[14:06:55.860] [bmv2] [D] [thread 7977] [29.0] [cxt 0] Parser state 'start': key is 86dd
[14:06:55.860] [bmv2] [T] [thread 7977] [29.0] [cxt 0] Bytes parsed: 14
[14:06:55.860] [bmv2] [D] [thread 7977] [29.0] [cxt 0] Parser 'parser': end
[14:06:55.861] [bmv2] [D] [thread 7977] [29.0] [cxt 0] Pipeline 'ingress': start
[14:06:55.861] [bmv2] [T] [thread 7977] [29.0] [cxt 0] basic_tunnel.p4(152) Condition "hdr.ipv4.isValid() && !hdr.myTunnel.isValid()" (node_2) is false
[14:06:55.861] [bmv2] [T] [thread 7977] [29.0] [cxt 0] basic_tunnel.p4(155) Condition "hdr.myTunnel.isValid()" (node_4) is false
[14:06:55.861] [bmv2] [D] [thread 7977] [29.0] [cxt 0] Pipeline 'ingress': end
[14:06:55.861] [bmv2] [D] [thread 7977] [29.0] [cxt 0] Egress port is 0
[14:06:55.862] [bmv2] [D] [thread 7978] [29.0] [cxt 0] Pipeline 'egress': start
[14:06:55.862] [bmv2] [D] [thread 7978] [29.0] [cxt 0] Pipeline 'egress': end
[14:06:55.862] [bmv2] [D] [thread 7978] [29.0] [cxt 0] Deparser 'deparser': start
[14:06:55.862] [bmv2] [T] [thread 7978] [29.0] [cxt 0] Skipping checksum 'cksum' update because condition not met
[14:06:55.862] [bmv2] [D] [thread 7978] [29.0] [cxt 0] Deparsing header 'ethernet'
[14:06:55.862] [bmv2] [D] [thread 7978] [29.0] [cxt 0] Deparser 'deparser': end
[14:06:55.862] [bmv2] [D] [thread 7982] [29.0] [cxt 0] Transmitting packet of size 208 out of port 0
[14:06:55.948] [bmv2] [D] [thread 7977] [30.0] [cxt 0] Processing packet received on port 3
[14:06:55.948] [bmv2] [D] [thread 7977] [30.0] [cxt 0] Parser 'parser': start
[14:06:55.948] [bmv2] [D] [thread 7977] [30.0] [cxt 0] Parser 'parser' entering state 'start'
[14:06:55.948] [bmv2] [D] [thread 7977] [30.0] [cxt 0] Extracting header 'ethernet'
[14:06:55.948] [bmv2] [D] [thread 7977] [30.0] [cxt 0] Parser state 'start': key is 86dd
[14:06:55.948] [bmv2] [T] [thread 7977] [30.0] [cxt 0] Bytes parsed: 14
[14:06:55.948] [bmv2] [D] [thread 7977] [30.0] [cxt 0] Parser 'parser': end
[14:06:55.948] [bmv2] [D] [thread 7977] [30.0] [cxt 0] Pipeline 'ingress': start
[14:06:55.948] [bmv2] [T] [thread 7977] [30.0] [cxt 0] basic_tunnel.p4(152) Condition "hdr.ipv4.isValid() && !hdr.myTunnel.isValid()" (node_2) is false
[14:06:55.948] [bmv2] [T] [thread 7977] [30.0] [cxt 0] basic_tunnel.p4(155) Condition "hdr.myTunnel.isValid()" (node_4) is false
[14:06:55.948] [bmv2] [D] [thread 7977] [30.0] [cxt 0] Pipeline 'ingress': end
[14:06:55.948] [bmv2] [D] [thread 7977] [30.0] [cxt 0] Egress port is 0
[14:06:55.948] [bmv2] [D] [thread 7978] [30.0] [cxt 0] Pipeline 'egress': start
[14:06:55.948] [bmv2] [D] [thread 7978] [30.0] [cxt 0] Pipeline 'egress': end
[14:06:55.948] [bmv2] [D] [thread 7978] [30.0] [cxt 0] Deparser 'deparser': start
[14:06:55.948] [bmv2] [T] [thread 7978] [30.0] [cxt 0] Skipping checksum 'cksum' update because condition not met
[14:06:55.948] [bmv2] [D] [thread 7978] [30.0] [cxt 0] Deparsing header 'ethernet'
[14:06:55.948] [bmv2] [D] [thread 7978] [30.0] [cxt 0] Deparser 'deparser': end
[14:06:55.948] [bmv2] [D] [thread 7982] [30.0] [cxt 0] Transmitting packet of size 90 out of port 0
[14:06:55.990] [bmv2] [D] [thread 7977] [31.0] [cxt 0] Processing packet received on port 3
[14:06:55.990] [bmv2] [D] [thread 7977] [31.0] [cxt 0] Parser 'parser': start
[14:06:55.990] [bmv2] [D] [thread 7977] [31.0] [cxt 0] Parser 'parser' entering state 'start'
[14:06:55.990] [bmv2] [D] [thread 7977] [31.0] [cxt 0] Extracting header 'ethernet'
[14:06:55.990] [bmv2] [D] [thread 7977] [31.0] [cxt 0] Parser state 'start': key is 86dd
[14:06:55.990] [bmv2] [T] [thread 7977] [31.0] [cxt 0] Bytes parsed: 14
[14:06:55.990] [bmv2] [D] [thread 7977] [31.0] [cxt 0] Parser 'parser': end
[14:06:55.990] [bmv2] [D] [thread 7977] [31.0] [cxt 0] Pipeline 'ingress': start
[14:06:55.990] [bmv2] [T] [thread 7977] [31.0] [cxt 0] basic_tunnel.p4(152) Condition "hdr.ipv4.isValid() && !hdr.myTunnel.isValid()" (node_2) is false
[14:06:55.990] [bmv2] [T] [thread 7977] [31.0] [cxt 0] basic_tunnel.p4(155) Condition "hdr.myTunnel.isValid()" (node_4) is false
[14:06:55.990] [bmv2] [D] [thread 7977] [31.0] [cxt 0] Pipeline 'ingress': end
[14:06:55.990] [bmv2] [D] [thread 7977] [31.0] [cxt 0] Egress port is 0
[14:06:55.991] [bmv2] [D] [thread 7978] [31.0] [cxt 0] Pipeline 'egress': start
[14:06:55.991] [bmv2] [D] [thread 7978] [31.0] [cxt 0] Pipeline 'egress': end
[14:06:55.991] [bmv2] [D] [thread 7978] [31.0] [cxt 0] Deparser 'deparser': start
[14:06:55.991] [bmv2] [T] [thread 7978] [31.0] [cxt 0] Skipping checksum 'cksum' update because condition not met
[14:06:55.991] [bmv2] [D] [thread 7978] [31.0] [cxt 0] Deparsing header 'ethernet'
[14:06:55.991] [bmv2] [D] [thread 7978] [31.0] [cxt 0] Deparser 'deparser': end
[14:06:55.991] [bmv2] [D] [thread 7982] [31.0] [cxt 0] Transmitting packet of size 208 out of port 0
[14:06:56.055] [bmv2] [D] [thread 7977] [32.0] [cxt 0] Processing packet received on port 3
[14:06:56.055] [bmv2] [D] [thread 7977] [32.0] [cxt 0] Parser 'parser': start
[14:06:56.055] [bmv2] [D] [thread 7977] [32.0] [cxt 0] Parser 'parser' entering state 'start'
[14:06:56.055] [bmv2] [D] [thread 7977] [32.0] [cxt 0] Extracting header 'ethernet'
[14:06:56.055] [bmv2] [D] [thread 7977] [32.0] [cxt 0] Parser state 'start': key is 86dd
[14:06:56.055] [bmv2] [T] [thread 7977] [32.0] [cxt 0] Bytes parsed: 14
[14:06:56.055] [bmv2] [D] [thread 7977] [32.0] [cxt 0] Parser 'parser': end
[14:06:56.055] [bmv2] [D] [thread 7977] [32.0] [cxt 0] Pipeline 'ingress': start
[14:06:56.055] [bmv2] [T] [thread 7977] [32.0] [cxt 0] basic_tunnel.p4(152) Condition "hdr.ipv4.isValid() && !hdr.myTunnel.isValid()" (node_2) is false
[14:06:56.055] [bmv2] [T] [thread 7977] [32.0] [cxt 0] basic_tunnel.p4(155) Condition "hdr.myTunnel.isValid()" (node_4) is false
[14:06:56.055] [bmv2] [D] [thread 7977] [32.0] [cxt 0] Pipeline 'ingress': end
[14:06:56.055] [bmv2] [D] [thread 7977] [32.0] [cxt 0] Egress port is 0
[14:06:56.056] [bmv2] [D] [thread 7978] [32.0] [cxt 0] Pipeline 'egress': start
[14:06:56.056] [bmv2] [D] [thread 7978] [32.0] [cxt 0] Pipeline 'egress': end
[14:06:56.056] [bmv2] [D] [thread 7978] [32.0] [cxt 0] Deparser 'deparser': start
[14:06:56.056] [bmv2] [T] [thread 7978] [32.0] [cxt 0] Skipping checksum 'cksum' update because condition not met
[14:06:56.056] [bmv2] [D] [thread 7978] [32.0] [cxt 0] Deparsing header 'ethernet'
[14:06:56.056] [bmv2] [D] [thread 7978] [32.0] [cxt 0] Deparser 'deparser': end
[14:06:56.056] [bmv2] [D] [thread 7982] [32.0] [cxt 0] Transmitting packet of size 196 out of port 0
[14:06:56.070] [bmv2] [D] [thread 7977] [33.0] [cxt 0] Processing packet received on port 3
[14:06:56.070] [bmv2] [D] [thread 7977] [33.0] [cxt 0] Parser 'parser': start
[14:06:56.070] [bmv2] [D] [thread 7977] [33.0] [cxt 0] Parser 'parser' entering state 'start'
[14:06:56.070] [bmv2] [D] [thread 7977] [33.0] [cxt 0] Extracting header 'ethernet'
[14:06:56.070] [bmv2] [D] [thread 7977] [33.0] [cxt 0] Parser state 'start': key is 86dd
[14:06:56.070] [bmv2] [T] [thread 7977] [33.0] [cxt 0] Bytes parsed: 14
[14:06:56.070] [bmv2] [D] [thread 7977] [33.0] [cxt 0] Parser 'parser': end
[14:06:56.070] [bmv2] [D] [thread 7977] [33.0] [cxt 0] Pipeline 'ingress': start
[14:06:56.070] [bmv2] [T] [thread 7977] [33.0] [cxt 0] basic_tunnel.p4(152) Condition "hdr.ipv4.isValid() && !hdr.myTunnel.isValid()" (node_2) is false
[14:06:56.070] [bmv2] [T] [thread 7977] [33.0] [cxt 0] basic_tunnel.p4(155) Condition "hdr.myTunnel.isValid()" (node_4) is false
[14:06:56.070] [bmv2] [D] [thread 7977] [33.0] [cxt 0] Pipeline 'ingress': end
[14:06:56.070] [bmv2] [D] [thread 7977] [33.0] [cxt 0] Egress port is 0
[14:06:56.071] [bmv2] [D] [thread 7978] [33.0] [cxt 0] Pipeline 'egress': start
[14:06:56.071] [bmv2] [D] [thread 7978] [33.0] [cxt 0] Pipeline 'egress': end
[14:06:56.071] [bmv2] [D] [thread 7978] [33.0] [cxt 0] Deparser 'deparser': start
[14:06:56.071] [bmv2] [T] [thread 7978] [33.0] [cxt 0] Skipping checksum 'cksum' update because condition not met
[14:06:56.071] [bmv2] [D] [thread 7978] [33.0] [cxt 0] Deparsing header 'ethernet'
[14:06:56.071] [bmv2] [D] [thread 7978] [33.0] [cxt 0] Deparser 'deparser': end
[14:06:56.071] [bmv2] [D] [thread 7982] [33.0] [cxt 0] Transmitting packet of size 90 out of port 0
[14:06:56.135] [bmv2] [D] [thread 7977] [34.0] [cxt 0] Processing packet received on port 3
[14:06:56.135] [bmv2] [D] [thread 7977] [34.0] [cxt 0] Parser 'parser': start
[14:06:56.135] [bmv2] [D] [thread 7977] [34.0] [cxt 0] Parser 'parser' entering state 'start'
[14:06:56.135] [bmv2] [D] [thread 7977] [34.0] [cxt 0] Extracting header 'ethernet'
[14:06:56.135] [bmv2] [D] [thread 7977] [34.0] [cxt 0] Parser state 'start': key is 86dd
[14:06:56.135] [bmv2] [T] [thread 7977] [34.0] [cxt 0] Bytes parsed: 14
[14:06:56.135] [bmv2] [D] [thread 7977] [34.0] [cxt 0] Parser 'parser': end
[14:06:56.135] [bmv2] [D] [thread 7977] [34.0] [cxt 0] Pipeline 'ingress': start
[14:06:56.135] [bmv2] [T] [thread 7977] [34.0] [cxt 0] basic_tunnel.p4(152) Condition "hdr.ipv4.isValid() && !hdr.myTunnel.isValid()" (node_2) is false
[14:06:56.135] [bmv2] [T] [thread 7977] [34.0] [cxt 0] basic_tunnel.p4(155) Condition "hdr.myTunnel.isValid()" (node_4) is false
[14:06:56.135] [bmv2] [D] [thread 7977] [34.0] [cxt 0] Pipeline 'ingress': end
[14:06:56.135] [bmv2] [D] [thread 7977] [34.0] [cxt 0] Egress port is 0
[14:06:56.135] [bmv2] [D] [thread 7978] [34.0] [cxt 0] Pipeline 'egress': start
[14:06:56.136] [bmv2] [D] [thread 7978] [34.0] [cxt 0] Pipeline 'egress': end
[14:06:56.136] [bmv2] [D] [thread 7978] [34.0] [cxt 0] Deparser 'deparser': start
[14:06:56.136] [bmv2] [T] [thread 7978] [34.0] [cxt 0] Skipping checksum 'cksum' update because condition not met
[14:06:56.136] [bmv2] [D] [thread 7978] [34.0] [cxt 0] Deparsing header 'ethernet'
[14:06:56.136] [bmv2] [D] [thread 7978] [34.0] [cxt 0] Deparser 'deparser': end
[14:06:56.136] [bmv2] [D] [thread 7982] [34.0] [cxt 0] Transmitting packet of size 110 out of port 0
[14:06:56.244] [bmv2] [D] [thread 7977] [35.0] [cxt 0] Processing packet received on port 3
[14:06:56.244] [bmv2] [D] [thread 7977] [35.0] [cxt 0] Parser 'parser': start
[14:06:56.244] [bmv2] [D] [thread 7977] [35.0] [cxt 0] Parser 'parser' entering state 'start'
[14:06:56.244] [bmv2] [D] [thread 7977] [35.0] [cxt 0] Extracting header 'ethernet'
[14:06:56.244] [bmv2] [D] [thread 7977] [35.0] [cxt 0] Parser state 'start': key is 86dd
[14:06:56.244] [bmv2] [T] [thread 7977] [35.0] [cxt 0] Bytes parsed: 14
[14:06:56.244] [bmv2] [D] [thread 7977] [35.0] [cxt 0] Parser 'parser': end
[14:06:56.244] [bmv2] [D] [thread 7977] [35.0] [cxt 0] Pipeline 'ingress': start
[14:06:56.244] [bmv2] [T] [thread 7977] [35.0] [cxt 0] basic_tunnel.p4(152) Condition "hdr.ipv4.isValid() && !hdr.myTunnel.isValid()" (node_2) is false
[14:06:56.244] [bmv2] [T] [thread 7977] [35.0] [cxt 0] basic_tunnel.p4(155) Condition "hdr.myTunnel.isValid()" (node_4) is false
[14:06:56.244] [bmv2] [D] [thread 7977] [35.0] [cxt 0] Pipeline 'ingress': end
[14:06:56.244] [bmv2] [D] [thread 7977] [35.0] [cxt 0] Egress port is 0
[14:06:56.245] [bmv2] [D] [thread 7978] [35.0] [cxt 0] Pipeline 'egress': start
[14:06:56.245] [bmv2] [D] [thread 7978] [35.0] [cxt 0] Pipeline 'egress': end
[14:06:56.245] [bmv2] [D] [thread 7978] [35.0] [cxt 0] Deparser 'deparser': start
[14:06:56.245] [bmv2] [T] [thread 7978] [35.0] [cxt 0] Skipping checksum 'cksum' update because condition not met
[14:06:56.245] [bmv2] [D] [thread 7978] [35.0] [cxt 0] Deparsing header 'ethernet'
[14:06:56.245] [bmv2] [D] [thread 7978] [35.0] [cxt 0] Deparser 'deparser': end
[14:06:56.245] [bmv2] [D] [thread 7982] [35.0] [cxt 0] Transmitting packet of size 208 out of port 0
[14:06:56.446] [bmv2] [D] [thread 7977] [36.0] [cxt 0] Processing packet received on port 3
[14:06:56.447] [bmv2] [D] [thread 7977] [36.0] [cxt 0] Parser 'parser': start
[14:06:56.447] [bmv2] [D] [thread 7977] [36.0] [cxt 0] Parser 'parser' entering state 'start'
[14:06:56.447] [bmv2] [D] [thread 7977] [36.0] [cxt 0] Extracting header 'ethernet'
[14:06:56.447] [bmv2] [D] [thread 7977] [36.0] [cxt 0] Parser state 'start': key is 86dd
[14:06:56.447] [bmv2] [T] [thread 7977] [36.0] [cxt 0] Bytes parsed: 14
[14:06:56.447] [bmv2] [D] [thread 7977] [36.0] [cxt 0] Parser 'parser': end
[14:06:56.447] [bmv2] [D] [thread 7977] [36.0] [cxt 0] Pipeline 'ingress': start
[14:06:56.447] [bmv2] [T] [thread 7977] [36.0] [cxt 0] basic_tunnel.p4(152) Condition "hdr.ipv4.isValid() && !hdr.myTunnel.isValid()" (node_2) is false
[14:06:56.447] [bmv2] [T] [thread 7977] [36.0] [cxt 0] basic_tunnel.p4(155) Condition "hdr.myTunnel.isValid()" (node_4) is false
[14:06:56.447] [bmv2] [D] [thread 7977] [36.0] [cxt 0] Pipeline 'ingress': end
[14:06:56.447] [bmv2] [D] [thread 7977] [36.0] [cxt 0] Egress port is 0
[14:06:56.447] [bmv2] [D] [thread 7978] [36.0] [cxt 0] Pipeline 'egress': start
[14:06:56.447] [bmv2] [D] [thread 7978] [36.0] [cxt 0] Pipeline 'egress': end
[14:06:56.447] [bmv2] [D] [thread 7978] [36.0] [cxt 0] Deparser 'deparser': start
[14:06:56.447] [bmv2] [T] [thread 7978] [36.0] [cxt 0] Skipping checksum 'cksum' update because condition not met
[14:06:56.447] [bmv2] [D] [thread 7978] [36.0] [cxt 0] Deparsing header 'ethernet'
[14:06:56.447] [bmv2] [D] [thread 7978] [36.0] [cxt 0] Deparser 'deparser': end
[14:06:56.447] [bmv2] [D] [thread 7982] [36.0] [cxt 0] Transmitting packet of size 196 out of port 0
[14:06:56.587] [bmv2] [D] [thread 7977] [37.0] [cxt 0] Processing packet received on port 1
[14:06:56.587] [bmv2] [D] [thread 7977] [37.0] [cxt 0] Parser 'parser': start
[14:06:56.587] [bmv2] [D] [thread 7977] [37.0] [cxt 0] Parser 'parser' entering state 'start'
[14:06:56.587] [bmv2] [D] [thread 7977] [37.0] [cxt 0] Extracting header 'ethernet'
[14:06:56.587] [bmv2] [D] [thread 7977] [37.0] [cxt 0] Parser state 'start': key is 86dd
[14:06:56.587] [bmv2] [T] [thread 7977] [37.0] [cxt 0] Bytes parsed: 14
[14:06:56.587] [bmv2] [D] [thread 7977] [37.0] [cxt 0] Parser 'parser': end
[14:06:56.587] [bmv2] [D] [thread 7977] [37.0] [cxt 0] Pipeline 'ingress': start
[14:06:56.587] [bmv2] [T] [thread 7977] [37.0] [cxt 0] basic_tunnel.p4(152) Condition "hdr.ipv4.isValid() && !hdr.myTunnel.isValid()" (node_2) is false
[14:06:56.587] [bmv2] [T] [thread 7977] [37.0] [cxt 0] basic_tunnel.p4(155) Condition "hdr.myTunnel.isValid()" (node_4) is false
[14:06:56.587] [bmv2] [D] [thread 7977] [37.0] [cxt 0] Pipeline 'ingress': end
[14:06:56.587] [bmv2] [D] [thread 7977] [37.0] [cxt 0] Egress port is 0
[14:06:56.588] [bmv2] [D] [thread 7978] [37.0] [cxt 0] Pipeline 'egress': start
[14:06:56.588] [bmv2] [D] [thread 7978] [37.0] [cxt 0] Pipeline 'egress': end
[14:06:56.588] [bmv2] [D] [thread 7978] [37.0] [cxt 0] Deparser 'deparser': start
[14:06:56.588] [bmv2] [T] [thread 7978] [37.0] [cxt 0] Skipping checksum 'cksum' update because condition not met
[14:06:56.588] [bmv2] [D] [thread 7978] [37.0] [cxt 0] Deparsing header 'ethernet'
[14:06:56.588] [bmv2] [D] [thread 7978] [37.0] [cxt 0] Deparser 'deparser': end
[14:06:56.588] [bmv2] [D] [thread 7982] [37.0] [cxt 0] Transmitting packet of size 196 out of port 0
[14:06:56.773] [bmv2] [D] [thread 7977] [38.0] [cxt 0] Processing packet received on port 2
[14:06:56.773] [bmv2] [D] [thread 7977] [38.0] [cxt 0] Parser 'parser': start
[14:06:56.773] [bmv2] [D] [thread 7977] [38.0] [cxt 0] Parser 'parser' entering state 'start'
[14:06:56.773] [bmv2] [D] [thread 7977] [38.0] [cxt 0] Extracting header 'ethernet'
[14:06:56.773] [bmv2] [D] [thread 7977] [38.0] [cxt 0] Parser state 'start': key is 86dd
[14:06:56.773] [bmv2] [T] [thread 7977] [38.0] [cxt 0] Bytes parsed: 14
[14:06:56.773] [bmv2] [D] [thread 7977] [38.0] [cxt 0] Parser 'parser': end
[14:06:56.773] [bmv2] [D] [thread 7977] [38.0] [cxt 0] Pipeline 'ingress': start
[14:06:56.773] [bmv2] [T] [thread 7977] [38.0] [cxt 0] basic_tunnel.p4(152) Condition "hdr.ipv4.isValid() && !hdr.myTunnel.isValid()" (node_2) is false
[14:06:56.773] [bmv2] [T] [thread 7977] [38.0] [cxt 0] basic_tunnel.p4(155) Condition "hdr.myTunnel.isValid()" (node_4) is false
[14:06:56.773] [bmv2] [D] [thread 7977] [38.0] [cxt 0] Pipeline 'ingress': end
[14:06:56.773] [bmv2] [D] [thread 7977] [38.0] [cxt 0] Egress port is 0
[14:06:56.773] [bmv2] [D] [thread 7978] [38.0] [cxt 0] Pipeline 'egress': start
[14:06:56.773] [bmv2] [D] [thread 7978] [38.0] [cxt 0] Pipeline 'egress': end
[14:06:56.773] [bmv2] [D] [thread 7978] [38.0] [cxt 0] Deparser 'deparser': start
[14:06:56.773] [bmv2] [T] [thread 7978] [38.0] [cxt 0] Skipping checksum 'cksum' update because condition not met
[14:06:56.773] [bmv2] [D] [thread 7978] [38.0] [cxt 0] Deparsing header 'ethernet'
[14:06:56.773] [bmv2] [D] [thread 7978] [38.0] [cxt 0] Deparser 'deparser': end
[14:06:56.773] [bmv2] [D] [thread 7982] [38.0] [cxt 0] Transmitting packet of size 196 out of port 0
[14:06:56.804] [bmv2] [D] [thread 7977] [39.0] [cxt 0] Processing packet received on port 2
[14:06:56.804] [bmv2] [D] [thread 7977] [39.0] [cxt 0] Parser 'parser': start
[14:06:56.804] [bmv2] [D] [thread 7977] [39.0] [cxt 0] Parser 'parser' entering state 'start'
[14:06:56.804] [bmv2] [D] [thread 7977] [39.0] [cxt 0] Extracting header 'ethernet'
[14:06:56.804] [bmv2] [D] [thread 7977] [39.0] [cxt 0] Parser state 'start': key is 86dd
[14:06:56.804] [bmv2] [T] [thread 7977] [39.0] [cxt 0] Bytes parsed: 14
[14:06:56.804] [bmv2] [D] [thread 7977] [39.0] [cxt 0] Parser 'parser': end
[14:06:56.804] [bmv2] [D] [thread 7977] [39.0] [cxt 0] Pipeline 'ingress': start
[14:06:56.804] [bmv2] [T] [thread 7977] [39.0] [cxt 0] basic_tunnel.p4(152) Condition "hdr.ipv4.isValid() && !hdr.myTunnel.isValid()" (node_2) is false
[14:06:56.804] [bmv2] [T] [thread 7977] [39.0] [cxt 0] basic_tunnel.p4(155) Condition "hdr.myTunnel.isValid()" (node_4) is false
[14:06:56.804] [bmv2] [D] [thread 7977] [39.0] [cxt 0] Pipeline 'ingress': end
[14:06:56.804] [bmv2] [D] [thread 7977] [39.0] [cxt 0] Egress port is 0
[14:06:56.804] [bmv2] [D] [thread 7978] [39.0] [cxt 0] Pipeline 'egress': start
[14:06:56.804] [bmv2] [D] [thread 7978] [39.0] [cxt 0] Pipeline 'egress': end
[14:06:56.804] [bmv2] [D] [thread 7978] [39.0] [cxt 0] Deparser 'deparser': start
[14:06:56.804] [bmv2] [T] [thread 7978] [39.0] [cxt 0] Skipping checksum 'cksum' update because condition not met
[14:06:56.804] [bmv2] [D] [thread 7978] [39.0] [cxt 0] Deparsing header 'ethernet'
[14:06:56.804] [bmv2] [D] [thread 7978] [39.0] [cxt 0] Deparser 'deparser': end
[14:06:56.804] [bmv2] [D] [thread 7982] [39.0] [cxt 0] Transmitting packet of size 196 out of port 0
[14:06:56.977] [bmv2] [W] [thread 8072] [P4Runtime] p4::tmp::P4DeviceConfig is deprecated
[14:06:56.982] [bmv2] [D] [thread 8072] Set default default entry for table 'MyIngress.ipv4_lpm': MyIngress.drop - 
[14:06:56.982] [bmv2] [D] [thread 8072] Set default default entry for table 'MyIngress.myTunnel_exact': MyIngress.drop - 
[14:06:56.983] [bmv2] [D] [thread 8072] simple_switch target has been notified of a config swap
[14:06:56.986] [bmv2] [D] [thread 8073] Entry 0 added to table 'MyIngress.ipv4_lpm'
[14:06:56.986] [bmv2] [D] [thread 8073] Dumping entry 0
Match key:
* hdr.ipv4.dstAddr    : LPM       0a000101/32
Action entry: MyIngress.ipv4_forward - 80000000100,2,

[14:06:56.988] [bmv2] [D] [thread 8072] Entry 1 added to table 'MyIngress.ipv4_lpm'
[14:06:56.989] [bmv2] [D] [thread 8072] Dumping entry 1
Match key:
* hdr.ipv4.dstAddr    : LPM       0a000202/32
Action entry: MyIngress.ipv4_forward - 80000000222,1,

[14:06:56.990] [bmv2] [D] [thread 8073] Entry 2 added to table 'MyIngress.ipv4_lpm'
[14:06:56.990] [bmv2] [D] [thread 8073] Dumping entry 2
Match key:
* hdr.ipv4.dstAddr    : LPM       0a000303/32
Action entry: MyIngress.ipv4_forward - 80000000300,3,

[14:06:56.993] [bmv2] [D] [thread 8072] Entry 0 added to table 'MyIngress.myTunnel_exact'
[14:06:56.993] [bmv2] [D] [thread 8072] Dumping entry 0
Match key:
* hdr.myTunnel.dst_id : EXACT     0001
Action entry: MyIngress.myTunnel_forward - 2,

[14:06:56.995] [bmv2] [D] [thread 8073] Entry 1 added to table 'MyIngress.myTunnel_exact'
[14:06:56.995] [bmv2] [D] [thread 8073] Dumping entry 1
Match key:
* hdr.myTunnel.dst_id : EXACT     0002
Action entry: MyIngress.myTunnel_forward - 1,

[14:06:57.000] [bmv2] [D] [thread 8072] Entry 2 added to table 'MyIngress.myTunnel_exact'
[14:06:57.000] [bmv2] [D] [thread 8072] Dumping entry 2
Match key:
* hdr.myTunnel.dst_id : EXACT     0003
Action entry: MyIngress.myTunnel_forward - 3,

[14:06:57.151] [bmv2] [D] [thread 7977] [40.0] [cxt 0] Processing packet received on port 3
[14:06:57.151] [bmv2] [D] [thread 7977] [40.0] [cxt 0] Parser 'parser': start
[14:06:57.151] [bmv2] [D] [thread 7977] [40.0] [cxt 0] Parser 'parser' entering state 'start'
[14:06:57.151] [bmv2] [D] [thread 7977] [40.0] [cxt 0] Extracting header 'ethernet'
[14:06:57.151] [bmv2] [D] [thread 7977] [40.0] [cxt 0] Parser state 'start': key is 86dd
[14:06:57.151] [bmv2] [T] [thread 7977] [40.0] [cxt 0] Bytes parsed: 14
[14:06:57.151] [bmv2] [D] [thread 7977] [40.0] [cxt 0] Parser 'parser': end
[14:06:57.151] [bmv2] [D] [thread 7977] [40.0] [cxt 0] Pipeline 'ingress': start
[14:06:57.151] [bmv2] [T] [thread 7977] [40.0] [cxt 0] basic_tunnel.p4(152) Condition "hdr.ipv4.isValid() && !hdr.myTunnel.isValid()" (node_2) is false
[14:06:57.151] [bmv2] [T] [thread 7977] [40.0] [cxt 0] basic_tunnel.p4(155) Condition "hdr.myTunnel.isValid()" (node_4) is false
[14:06:57.151] [bmv2] [D] [thread 7977] [40.0] [cxt 0] Pipeline 'ingress': end
[14:06:57.151] [bmv2] [D] [thread 7977] [40.0] [cxt 0] Egress port is 0
[14:06:57.151] [bmv2] [D] [thread 7978] [40.0] [cxt 0] Pipeline 'egress': start
[14:06:57.151] [bmv2] [D] [thread 7978] [40.0] [cxt 0] Pipeline 'egress': end
[14:06:57.151] [bmv2] [D] [thread 7978] [40.0] [cxt 0] Deparser 'deparser': start
[14:06:57.151] [bmv2] [T] [thread 7978] [40.0] [cxt 0] Skipping checksum 'cksum' update because condition not met
[14:06:57.151] [bmv2] [D] [thread 7978] [40.0] [cxt 0] Deparsing header 'ethernet'
[14:06:57.151] [bmv2] [D] [thread 7978] [40.0] [cxt 0] Deparser 'deparser': end
[14:06:57.151] [bmv2] [D] [thread 7982] [40.0] [cxt 0] Transmitting packet of size 196 out of port 0
[14:06:57.539] [bmv2] [D] [thread 7977] [41.0] [cxt 0] Processing packet received on port 3
[14:06:57.539] [bmv2] [D] [thread 7977] [41.0] [cxt 0] Parser 'parser': start
[14:06:57.539] [bmv2] [D] [thread 7977] [41.0] [cxt 0] Parser 'parser' entering state 'start'
[14:06:57.539] [bmv2] [D] [thread 7977] [41.0] [cxt 0] Extracting header 'ethernet'
[14:06:57.539] [bmv2] [D] [thread 7977] [41.0] [cxt 0] Parser state 'start': key is 86dd
[14:06:57.539] [bmv2] [T] [thread 7977] [41.0] [cxt 0] Bytes parsed: 14
[14:06:57.539] [bmv2] [D] [thread 7977] [41.0] [cxt 0] Parser 'parser': end
[14:06:57.539] [bmv2] [D] [thread 7977] [41.0] [cxt 0] Pipeline 'ingress': start
[14:06:57.539] [bmv2] [T] [thread 7977] [41.0] [cxt 0] basic_tunnel.p4(152) Condition "hdr.ipv4.isValid() && !hdr.myTunnel.isValid()" (node_2) is false
[14:06:57.539] [bmv2] [T] [thread 7977] [41.0] [cxt 0] basic_tunnel.p4(155) Condition "hdr.myTunnel.isValid()" (node_4) is false
[14:06:57.539] [bmv2] [D] [thread 7977] [41.0] [cxt 0] Pipeline 'ingress': end
[14:06:57.539] [bmv2] [D] [thread 7977] [41.0] [cxt 0] Egress port is 0
[14:06:57.539] [bmv2] [D] [thread 7978] [41.0] [cxt 0] Pipeline 'egress': start
[14:06:57.539] [bmv2] [D] [thread 7978] [41.0] [cxt 0] Pipeline 'egress': end
[14:06:57.539] [bmv2] [D] [thread 7978] [41.0] [cxt 0] Deparser 'deparser': start
[14:06:57.539] [bmv2] [T] [thread 7978] [41.0] [cxt 0] Skipping checksum 'cksum' update because condition not met
[14:06:57.539] [bmv2] [D] [thread 7978] [41.0] [cxt 0] Deparsing header 'ethernet'
[14:06:57.539] [bmv2] [D] [thread 7978] [41.0] [cxt 0] Deparser 'deparser': end
[14:06:57.539] [bmv2] [D] [thread 7982] [41.0] [cxt 0] Transmitting packet of size 196 out of port 0
[14:06:58.677] [bmv2] [D] [thread 7977] [42.0] [cxt 0] Processing packet received on port 1
[14:06:58.677] [bmv2] [D] [thread 7977] [42.0] [cxt 0] Parser 'parser': start
[14:06:58.677] [bmv2] [D] [thread 7977] [42.0] [cxt 0] Parser 'parser' entering state 'start'
[14:06:58.677] [bmv2] [D] [thread 7977] [42.0] [cxt 0] Extracting header 'ethernet'
[14:06:58.677] [bmv2] [D] [thread 7977] [42.0] [cxt 0] Parser state 'start': key is 86dd
[14:06:58.677] [bmv2] [T] [thread 7977] [42.0] [cxt 0] Bytes parsed: 14
[14:06:58.677] [bmv2] [D] [thread 7977] [42.0] [cxt 0] Parser 'parser': end
[14:06:58.677] [bmv2] [D] [thread 7977] [42.0] [cxt 0] Pipeline 'ingress': start
[14:06:58.677] [bmv2] [T] [thread 7977] [42.0] [cxt 0] basic_tunnel.p4(152) Condition "hdr.ipv4.isValid() && !hdr.myTunnel.isValid()" (node_2) is false
[14:06:58.677] [bmv2] [T] [thread 7977] [42.0] [cxt 0] basic_tunnel.p4(155) Condition "hdr.myTunnel.isValid()" (node_4) is false
[14:06:58.677] [bmv2] [D] [thread 7977] [42.0] [cxt 0] Pipeline 'ingress': end
[14:06:58.677] [bmv2] [D] [thread 7977] [42.0] [cxt 0] Egress port is 0
[14:06:58.677] [bmv2] [D] [thread 7978] [42.0] [cxt 0] Pipeline 'egress': start
[14:06:58.677] [bmv2] [D] [thread 7978] [42.0] [cxt 0] Pipeline 'egress': end
[14:06:58.677] [bmv2] [D] [thread 7978] [42.0] [cxt 0] Deparser 'deparser': start
[14:06:58.677] [bmv2] [T] [thread 7978] [42.0] [cxt 0] Skipping checksum 'cksum' update because condition not met
[14:06:58.677] [bmv2] [D] [thread 7978] [42.0] [cxt 0] Deparsing header 'ethernet'
[14:06:58.677] [bmv2] [D] [thread 7978] [42.0] [cxt 0] Deparser 'deparser': end
[14:06:58.677] [bmv2] [D] [thread 7982] [42.0] [cxt 0] Transmitting packet of size 196 out of port 0
[14:06:58.865] [bmv2] [D] [thread 7977] [43.0] [cxt 0] Processing packet received on port 2
[14:06:58.865] [bmv2] [D] [thread 7977] [43.0] [cxt 0] Parser 'parser': start
[14:06:58.865] [bmv2] [D] [thread 7977] [43.0] [cxt 0] Parser 'parser' entering state 'start'
[14:06:58.865] [bmv2] [D] [thread 7977] [43.0] [cxt 0] Extracting header 'ethernet'
[14:06:58.865] [bmv2] [D] [thread 7977] [43.0] [cxt 0] Parser state 'start': key is 86dd
[14:06:58.865] [bmv2] [T] [thread 7977] [43.0] [cxt 0] Bytes parsed: 14
[14:06:58.865] [bmv2] [D] [thread 7977] [43.0] [cxt 0] Parser 'parser': end
[14:06:58.865] [bmv2] [D] [thread 7977] [43.0] [cxt 0] Pipeline 'ingress': start
[14:06:58.865] [bmv2] [T] [thread 7977] [43.0] [cxt 0] basic_tunnel.p4(152) Condition "hdr.ipv4.isValid() && !hdr.myTunnel.isValid()" (node_2) is false
[14:06:58.865] [bmv2] [T] [thread 7977] [43.0] [cxt 0] basic_tunnel.p4(155) Condition "hdr.myTunnel.isValid()" (node_4) is false
[14:06:58.865] [bmv2] [D] [thread 7977] [43.0] [cxt 0] Pipeline 'ingress': end
[14:06:58.865] [bmv2] [D] [thread 7977] [43.0] [cxt 0] Egress port is 0
[14:06:58.865] [bmv2] [D] [thread 7978] [43.0] [cxt 0] Pipeline 'egress': start
[14:06:58.865] [bmv2] [D] [thread 7978] [43.0] [cxt 0] Pipeline 'egress': end
[14:06:58.865] [bmv2] [D] [thread 7978] [43.0] [cxt 0] Deparser 'deparser': start
[14:06:58.865] [bmv2] [T] [thread 7978] [43.0] [cxt 0] Skipping checksum 'cksum' update because condition not met
[14:06:58.865] [bmv2] [D] [thread 7978] [43.0] [cxt 0] Deparsing header 'ethernet'
[14:06:58.865] [bmv2] [D] [thread 7978] [43.0] [cxt 0] Deparser 'deparser': end
[14:06:58.865] [bmv2] [D] [thread 7982] [43.0] [cxt 0] Transmitting packet of size 196 out of port 0
[14:06:58.900] [bmv2] [D] [thread 7977] [44.0] [cxt 0] Processing packet received on port 2
[14:06:58.900] [bmv2] [D] [thread 7977] [44.0] [cxt 0] Parser 'parser': start
[14:06:58.900] [bmv2] [D] [thread 7977] [44.0] [cxt 0] Parser 'parser' entering state 'start'
[14:06:58.900] [bmv2] [D] [thread 7977] [44.0] [cxt 0] Extracting header 'ethernet'
[14:06:58.900] [bmv2] [D] [thread 7977] [44.0] [cxt 0] Parser state 'start': key is 86dd
[14:06:58.900] [bmv2] [T] [thread 7977] [44.0] [cxt 0] Bytes parsed: 14
[14:06:58.900] [bmv2] [D] [thread 7977] [44.0] [cxt 0] Parser 'parser': end
[14:06:58.900] [bmv2] [D] [thread 7977] [44.0] [cxt 0] Pipeline 'ingress': start
[14:06:58.900] [bmv2] [T] [thread 7977] [44.0] [cxt 0] basic_tunnel.p4(152) Condition "hdr.ipv4.isValid() && !hdr.myTunnel.isValid()" (node_2) is false
[14:06:58.900] [bmv2] [T] [thread 7977] [44.0] [cxt 0] basic_tunnel.p4(155) Condition "hdr.myTunnel.isValid()" (node_4) is false
[14:06:58.900] [bmv2] [D] [thread 7977] [44.0] [cxt 0] Pipeline 'ingress': end
[14:06:58.901] [bmv2] [D] [thread 7977] [44.0] [cxt 0] Egress port is 0
[14:06:58.901] [bmv2] [D] [thread 7978] [44.0] [cxt 0] Pipeline 'egress': start
[14:06:58.901] [bmv2] [D] [thread 7978] [44.0] [cxt 0] Pipeline 'egress': end
[14:06:58.901] [bmv2] [D] [thread 7978] [44.0] [cxt 0] Deparser 'deparser': start
[14:06:58.901] [bmv2] [T] [thread 7978] [44.0] [cxt 0] Skipping checksum 'cksum' update because condition not met
[14:06:58.901] [bmv2] [D] [thread 7978] [44.0] [cxt 0] Deparsing header 'ethernet'
[14:06:58.901] [bmv2] [D] [thread 7978] [44.0] [cxt 0] Deparser 'deparser': end
[14:06:58.901] [bmv2] [D] [thread 7982] [44.0] [cxt 0] Transmitting packet of size 196 out of port 0
[14:06:58.952] [bmv2] [D] [thread 7977] [45.0] [cxt 0] Processing packet received on port 2
[14:06:58.952] [bmv2] [D] [thread 7977] [45.0] [cxt 0] Parser 'parser': start
[14:06:58.952] [bmv2] [D] [thread 7977] [45.0] [cxt 0] Parser 'parser' entering state 'start'
[14:06:58.952] [bmv2] [D] [thread 7977] [45.0] [cxt 0] Extracting header 'ethernet'
[14:06:58.952] [bmv2] [D] [thread 7977] [45.0] [cxt 0] Parser state 'start': key is 86dd
[14:06:58.952] [bmv2] [T] [thread 7977] [45.0] [cxt 0] Bytes parsed: 14
[14:06:58.952] [bmv2] [D] [thread 7977] [45.0] [cxt 0] Parser 'parser': end
[14:06:58.952] [bmv2] [D] [thread 7977] [45.0] [cxt 0] Pipeline 'ingress': start
[14:06:58.952] [bmv2] [T] [thread 7977] [45.0] [cxt 0] basic_tunnel.p4(152) Condition "hdr.ipv4.isValid() && !hdr.myTunnel.isValid()" (node_2) is false
[14:06:58.952] [bmv2] [T] [thread 7977] [45.0] [cxt 0] basic_tunnel.p4(155) Condition "hdr.myTunnel.isValid()" (node_4) is false
[14:06:58.952] [bmv2] [D] [thread 7977] [45.0] [cxt 0] Pipeline 'ingress': end
[14:06:58.952] [bmv2] [D] [thread 7977] [45.0] [cxt 0] Egress port is 0
[14:06:58.952] [bmv2] [D] [thread 7977] [46.0] [cxt 0] Processing packet received on port 1
[14:06:58.952] [bmv2] [D] [thread 7977] [46.0] [cxt 0] Parser 'parser': start
[14:06:58.952] [bmv2] [D] [thread 7977] [46.0] [cxt 0] Parser 'parser' entering state 'start'
[14:06:58.952] [bmv2] [D] [thread 7977] [46.0] [cxt 0] Extracting header 'ethernet'
[14:06:58.952] [bmv2] [D] [thread 7977] [46.0] [cxt 0] Parser state 'start': key is 86dd
[14:06:58.952] [bmv2] [T] [thread 7977] [46.0] [cxt 0] Bytes parsed: 14
[14:06:58.952] [bmv2] [D] [thread 7977] [46.0] [cxt 0] Parser 'parser': end
[14:06:58.952] [bmv2] [D] [thread 7977] [46.0] [cxt 0] Pipeline 'ingress': start
[14:06:58.952] [bmv2] [T] [thread 7977] [46.0] [cxt 0] basic_tunnel.p4(152) Condition "hdr.ipv4.isValid() && !hdr.myTunnel.isValid()" (node_2) is false
[14:06:58.952] [bmv2] [T] [thread 7977] [46.0] [cxt 0] basic_tunnel.p4(155) Condition "hdr.myTunnel.isValid()" (node_4) is false
[14:06:58.952] [bmv2] [D] [thread 7977] [46.0] [cxt 0] Pipeline 'ingress': end
[14:06:58.952] [bmv2] [D] [thread 7977] [46.0] [cxt 0] Egress port is 0
[14:06:58.952] [bmv2] [D] [thread 7978] [45.0] [cxt 0] Pipeline 'egress': start
[14:06:58.953] [bmv2] [D] [thread 7978] [45.0] [cxt 0] Pipeline 'egress': end
[14:06:58.953] [bmv2] [D] [thread 7978] [45.0] [cxt 0] Deparser 'deparser': start
[14:06:58.953] [bmv2] [T] [thread 7978] [45.0] [cxt 0] Skipping checksum 'cksum' update because condition not met
[14:06:58.953] [bmv2] [D] [thread 7978] [45.0] [cxt 0] Deparsing header 'ethernet'
[14:06:58.953] [bmv2] [D] [thread 7978] [45.0] [cxt 0] Deparser 'deparser': end
[14:06:58.953] [bmv2] [D] [thread 7978] [46.0] [cxt 0] Pipeline 'egress': start
[14:06:58.953] [bmv2] [D] [thread 7978] [46.0] [cxt 0] Pipeline 'egress': end
[14:06:58.953] [bmv2] [D] [thread 7978] [46.0] [cxt 0] Deparser 'deparser': start
[14:06:58.953] [bmv2] [T] [thread 7978] [46.0] [cxt 0] Skipping checksum 'cksum' update because condition not met
[14:06:58.953] [bmv2] [D] [thread 7978] [46.0] [cxt 0] Deparsing header 'ethernet'
[14:06:58.953] [bmv2] [D] [thread 7978] [46.0] [cxt 0] Deparser 'deparser': end
[14:06:58.953] [bmv2] [D] [thread 7982] [45.0] [cxt 0] Transmitting packet of size 70 out of port 0
[14:06:58.953] [bmv2] [D] [thread 7982] [46.0] [cxt 0] Transmitting packet of size 70 out of port 0
[14:06:59.212] [bmv2] [D] [thread 7977] [47.0] [cxt 0] Processing packet received on port 2
[14:06:59.212] [bmv2] [D] [thread 7977] [47.0] [cxt 0] Parser 'parser': start
[14:06:59.212] [bmv2] [D] [thread 7977] [47.0] [cxt 0] Parser 'parser' entering state 'start'
[14:06:59.212] [bmv2] [D] [thread 7977] [47.0] [cxt 0] Extracting header 'ethernet'
[14:06:59.212] [bmv2] [D] [thread 7977] [47.0] [cxt 0] Parser state 'start': key is 86dd
[14:06:59.212] [bmv2] [T] [thread 7977] [47.0] [cxt 0] Bytes parsed: 14
[14:06:59.212] [bmv2] [D] [thread 7977] [47.0] [cxt 0] Parser 'parser': end
[14:06:59.212] [bmv2] [D] [thread 7977] [47.0] [cxt 0] Pipeline 'ingress': start
[14:06:59.212] [bmv2] [T] [thread 7977] [47.0] [cxt 0] basic_tunnel.p4(152) Condition "hdr.ipv4.isValid() && !hdr.myTunnel.isValid()" (node_2) is false
[14:06:59.212] [bmv2] [T] [thread 7977] [47.0] [cxt 0] basic_tunnel.p4(155) Condition "hdr.myTunnel.isValid()" (node_4) is false
[14:06:59.212] [bmv2] [D] [thread 7977] [47.0] [cxt 0] Pipeline 'ingress': end
[14:06:59.212] [bmv2] [D] [thread 7977] [47.0] [cxt 0] Egress port is 0
[14:06:59.213] [bmv2] [D] [thread 7978] [47.0] [cxt 0] Pipeline 'egress': start
[14:06:59.213] [bmv2] [D] [thread 7978] [47.0] [cxt 0] Pipeline 'egress': end
[14:06:59.213] [bmv2] [D] [thread 7978] [47.0] [cxt 0] Deparser 'deparser': start
[14:06:59.213] [bmv2] [T] [thread 7978] [47.0] [cxt 0] Skipping checksum 'cksum' update because condition not met
[14:06:59.213] [bmv2] [D] [thread 7978] [47.0] [cxt 0] Deparsing header 'ethernet'
[14:06:59.213] [bmv2] [D] [thread 7978] [47.0] [cxt 0] Deparser 'deparser': end
[14:06:59.213] [bmv2] [D] [thread 7982] [47.0] [cxt 0] Transmitting packet of size 70 out of port 0
[14:06:59.255] [bmv2] [D] [thread 7977] [48.0] [cxt 0] Processing packet received on port 3
[14:06:59.255] [bmv2] [D] [thread 7977] [48.0] [cxt 0] Parser 'parser': start
[14:06:59.255] [bmv2] [D] [thread 7977] [48.0] [cxt 0] Parser 'parser' entering state 'start'
[14:06:59.255] [bmv2] [D] [thread 7977] [48.0] [cxt 0] Extracting header 'ethernet'
[14:06:59.256] [bmv2] [D] [thread 7977] [48.0] [cxt 0] Parser state 'start': key is 86dd
[14:06:59.256] [bmv2] [T] [thread 7977] [48.0] [cxt 0] Bytes parsed: 14
[14:06:59.256] [bmv2] [D] [thread 7977] [48.0] [cxt 0] Parser 'parser': end
[14:06:59.256] [bmv2] [D] [thread 7977] [48.0] [cxt 0] Pipeline 'ingress': start
[14:06:59.256] [bmv2] [T] [thread 7977] [48.0] [cxt 0] basic_tunnel.p4(152) Condition "hdr.ipv4.isValid() && !hdr.myTunnel.isValid()" (node_2) is false
[14:06:59.256] [bmv2] [T] [thread 7977] [48.0] [cxt 0] basic_tunnel.p4(155) Condition "hdr.myTunnel.isValid()" (node_4) is false
[14:06:59.256] [bmv2] [D] [thread 7977] [48.0] [cxt 0] Pipeline 'ingress': end
[14:06:59.256] [bmv2] [D] [thread 7977] [48.0] [cxt 0] Egress port is 0
[14:06:59.256] [bmv2] [D] [thread 7978] [48.0] [cxt 0] Pipeline 'egress': start
[14:06:59.256] [bmv2] [D] [thread 7978] [48.0] [cxt 0] Pipeline 'egress': end
[14:06:59.256] [bmv2] [D] [thread 7978] [48.0] [cxt 0] Deparser 'deparser': start
[14:06:59.256] [bmv2] [T] [thread 7978] [48.0] [cxt 0] Skipping checksum 'cksum' update because condition not met
[14:06:59.256] [bmv2] [D] [thread 7978] [48.0] [cxt 0] Deparsing header 'ethernet'
[14:06:59.256] [bmv2] [D] [thread 7978] [48.0] [cxt 0] Deparser 'deparser': end
[14:06:59.257] [bmv2] [D] [thread 7982] [48.0] [cxt 0] Transmitting packet of size 196 out of port 0
[14:06:59.634] [bmv2] [D] [thread 7977] [49.0] [cxt 0] Processing packet received on port 3
[14:06:59.635] [bmv2] [D] [thread 7977] [49.0] [cxt 0] Parser 'parser': start
[14:06:59.635] [bmv2] [D] [thread 7977] [49.0] [cxt 0] Parser 'parser' entering state 'start'
[14:06:59.635] [bmv2] [D] [thread 7977] [49.0] [cxt 0] Extracting header 'ethernet'
[14:06:59.635] [bmv2] [D] [thread 7977] [49.0] [cxt 0] Parser state 'start': key is 86dd
[14:06:59.635] [bmv2] [T] [thread 7977] [49.0] [cxt 0] Bytes parsed: 14
[14:06:59.635] [bmv2] [D] [thread 7977] [49.0] [cxt 0] Parser 'parser': end
[14:06:59.635] [bmv2] [D] [thread 7977] [49.0] [cxt 0] Pipeline 'ingress': start
[14:06:59.635] [bmv2] [T] [thread 7977] [49.0] [cxt 0] basic_tunnel.p4(152) Condition "hdr.ipv4.isValid() && !hdr.myTunnel.isValid()" (node_2) is false
[14:06:59.635] [bmv2] [T] [thread 7977] [49.0] [cxt 0] basic_tunnel.p4(155) Condition "hdr.myTunnel.isValid()" (node_4) is false
[14:06:59.635] [bmv2] [D] [thread 7977] [49.0] [cxt 0] Pipeline 'ingress': end
[14:06:59.635] [bmv2] [D] [thread 7977] [49.0] [cxt 0] Egress port is 0
[14:06:59.635] [bmv2] [D] [thread 7978] [49.0] [cxt 0] Pipeline 'egress': start
[14:06:59.635] [bmv2] [D] [thread 7978] [49.0] [cxt 0] Pipeline 'egress': end
[14:06:59.635] [bmv2] [D] [thread 7978] [49.0] [cxt 0] Deparser 'deparser': start
[14:06:59.635] [bmv2] [T] [thread 7978] [49.0] [cxt 0] Skipping checksum 'cksum' update because condition not met
[14:06:59.635] [bmv2] [D] [thread 7978] [49.0] [cxt 0] Deparsing header 'ethernet'
[14:06:59.635] [bmv2] [D] [thread 7978] [49.0] [cxt 0] Deparser 'deparser': end
[14:06:59.635] [bmv2] [D] [thread 7982] [49.0] [cxt 0] Transmitting packet of size 196 out of port 0
[14:06:59.722] [bmv2] [D] [thread 7977] [50.0] [cxt 0] Processing packet received on port 3
[14:06:59.722] [bmv2] [D] [thread 7977] [50.0] [cxt 0] Parser 'parser': start
[14:06:59.722] [bmv2] [D] [thread 7977] [50.0] [cxt 0] Parser 'parser' entering state 'start'
[14:06:59.722] [bmv2] [D] [thread 7977] [50.0] [cxt 0] Extracting header 'ethernet'
[14:06:59.722] [bmv2] [D] [thread 7977] [50.0] [cxt 0] Parser state 'start': key is 86dd
[14:06:59.722] [bmv2] [T] [thread 7977] [50.0] [cxt 0] Bytes parsed: 14
[14:06:59.722] [bmv2] [D] [thread 7977] [50.0] [cxt 0] Parser 'parser': end
[14:06:59.722] [bmv2] [D] [thread 7977] [50.0] [cxt 0] Pipeline 'ingress': start
[14:06:59.722] [bmv2] [T] [thread 7977] [50.0] [cxt 0] basic_tunnel.p4(152) Condition "hdr.ipv4.isValid() && !hdr.myTunnel.isValid()" (node_2) is false
[14:06:59.722] [bmv2] [T] [thread 7977] [50.0] [cxt 0] basic_tunnel.p4(155) Condition "hdr.myTunnel.isValid()" (node_4) is false
[14:06:59.722] [bmv2] [D] [thread 7977] [50.0] [cxt 0] Pipeline 'ingress': end
[14:06:59.722] [bmv2] [D] [thread 7977] [50.0] [cxt 0] Egress port is 0
[14:06:59.722] [bmv2] [D] [thread 7978] [50.0] [cxt 0] Pipeline 'egress': start
[14:06:59.722] [bmv2] [D] [thread 7978] [50.0] [cxt 0] Pipeline 'egress': end
[14:06:59.722] [bmv2] [D] [thread 7978] [50.0] [cxt 0] Deparser 'deparser': start
[14:06:59.722] [bmv2] [T] [thread 7978] [50.0] [cxt 0] Skipping checksum 'cksum' update because condition not met
[14:06:59.722] [bmv2] [D] [thread 7978] [50.0] [cxt 0] Deparsing header 'ethernet'
[14:06:59.722] [bmv2] [D] [thread 7978] [50.0] [cxt 0] Deparser 'deparser': end
[14:06:59.723] [bmv2] [D] [thread 7982] [50.0] [cxt 0] Transmitting packet of size 70 out of port 0
[14:06:59.975] [bmv2] [D] [thread 7977] [51.0] [cxt 0] Processing packet received on port 3
[14:06:59.975] [bmv2] [D] [thread 7977] [51.0] [cxt 0] Parser 'parser': start
[14:06:59.975] [bmv2] [D] [thread 7977] [51.0] [cxt 0] Parser 'parser' entering state 'start'
[14:06:59.975] [bmv2] [D] [thread 7977] [51.0] [cxt 0] Extracting header 'ethernet'
[14:06:59.975] [bmv2] [D] [thread 7977] [51.0] [cxt 0] Parser state 'start': key is 86dd
[14:06:59.975] [bmv2] [T] [thread 7977] [51.0] [cxt 0] Bytes parsed: 14
[14:06:59.975] [bmv2] [D] [thread 7977] [51.0] [cxt 0] Parser 'parser': end
[14:06:59.975] [bmv2] [D] [thread 7977] [51.0] [cxt 0] Pipeline 'ingress': start
[14:06:59.975] [bmv2] [T] [thread 7977] [51.0] [cxt 0] basic_tunnel.p4(152) Condition "hdr.ipv4.isValid() && !hdr.myTunnel.isValid()" (node_2) is false
[14:06:59.975] [bmv2] [T] [thread 7977] [51.0] [cxt 0] basic_tunnel.p4(155) Condition "hdr.myTunnel.isValid()" (node_4) is false
[14:06:59.975] [bmv2] [D] [thread 7977] [51.0] [cxt 0] Pipeline 'ingress': end
[14:06:59.975] [bmv2] [D] [thread 7977] [51.0] [cxt 0] Egress port is 0
[14:06:59.975] [bmv2] [D] [thread 7978] [51.0] [cxt 0] Pipeline 'egress': start
[14:06:59.975] [bmv2] [D] [thread 7978] [51.0] [cxt 0] Pipeline 'egress': end
[14:06:59.975] [bmv2] [D] [thread 7978] [51.0] [cxt 0] Deparser 'deparser': start
[14:06:59.975] [bmv2] [T] [thread 7978] [51.0] [cxt 0] Skipping checksum 'cksum' update because condition not met
[14:06:59.975] [bmv2] [D] [thread 7978] [51.0] [cxt 0] Deparsing header 'ethernet'
[14:06:59.975] [bmv2] [D] [thread 7978] [51.0] [cxt 0] Deparser 'deparser': end
[14:06:59.976] [bmv2] [D] [thread 7982] [51.0] [cxt 0] Transmitting packet of size 70 out of port 0
