Calling target program-options parser
[09:22:30.801] [bmv2] [D] [thread 21362] Set default default entry for table 'tbl_expedited_forwarding': MyIngress.expedited_forwarding - 
[09:22:30.802] [bmv2] [D] [thread 21362] Set default default entry for table 'tbl_voice_admit': MyIngress.voice_admit - 
[09:22:30.803] [bmv2] [D] [thread 21362] Set default default entry for table 'MyIngress.ipv4_lpm': NoAction - 
Adding interface s2-eth1 as port 1
[09:22:30.805] [bmv2] [D] [thread 21362] Adding interface s2-eth1 as port 1
Adding interface s2-eth2 as port 2
[09:22:30.899] [bmv2] [D] [thread 21362] Adding interface s2-eth2 as port 2
Adding interface s2-eth3 as port 3
[09:22:31.005] [bmv2] [D] [thread 21362] Adding interface s2-eth3 as port 3
Adding interface s2-eth4 as port 4
[09:22:31.108] [bmv2] [D] [thread 21362] Adding interface s2-eth4 as port 4
Server listening on 0.0.0.0:50052
[09:22:31.215] [bmv2] [I] [thread 21362] Starting Thrift server on port 9091
[09:22:31.216] [bmv2] [I] [thread 21362] Thrift server was started
[09:22:31.470] [bmv2] [D] [thread 21378] [0.0] [cxt 0] Processing packet received on port 1
[09:22:31.471] [bmv2] [D] [thread 21378] [0.0] [cxt 0] Parser 'parser': start
[09:22:31.471] [bmv2] [D] [thread 21378] [0.0] [cxt 0] Parser 'parser' entering state 'start'
[09:22:31.471] [bmv2] [D] [thread 21378] [0.0] [cxt 0] Extracting header 'ethernet'
[09:22:31.471] [bmv2] [D] [thread 21378] [0.0] [cxt 0] Parser state 'start': key is 86dd
[09:22:31.471] [bmv2] [T] [thread 21378] [0.0] [cxt 0] Bytes parsed: 14
[09:22:31.471] [bmv2] [D] [thread 21378] [0.0] [cxt 0] Parser 'parser': end
[09:22:31.471] [bmv2] [D] [thread 21378] [0.0] [cxt 0] Pipeline 'ingress': start
[09:22:31.472] [bmv2] [T] [thread 21378] [0.0] [cxt 0] qos.p4(164) Condition "hdr.ipv4.isValid()" (node_2) is false
[09:22:31.472] [bmv2] [D] [thread 21378] [0.0] [cxt 0] Pipeline 'ingress': end
[09:22:31.472] [bmv2] [D] [thread 21378] [0.0] [cxt 0] Egress port is 0
[09:22:31.472] [bmv2] [D] [thread 21378] [1.0] [cxt 0] Processing packet received on port 4
[09:22:31.472] [bmv2] [D] [thread 21378] [1.0] [cxt 0] Parser 'parser': start
[09:22:31.472] [bmv2] [D] [thread 21378] [1.0] [cxt 0] Parser 'parser' entering state 'start'
[09:22:31.472] [bmv2] [D] [thread 21378] [1.0] [cxt 0] Extracting header 'ethernet'
[09:22:31.472] [bmv2] [D] [thread 21378] [1.0] [cxt 0] Parser state 'start': key is 86dd
[09:22:31.472] [bmv2] [T] [thread 21378] [1.0] [cxt 0] Bytes parsed: 14
[09:22:31.472] [bmv2] [D] [thread 21378] [1.0] [cxt 0] Parser 'parser': end
[09:22:31.472] [bmv2] [D] [thread 21378] [1.0] [cxt 0] Pipeline 'ingress': start
[09:22:31.472] [bmv2] [T] [thread 21378] [1.0] [cxt 0] qos.p4(164) Condition "hdr.ipv4.isValid()" (node_2) is false
[09:22:31.472] [bmv2] [D] [thread 21378] [1.0] [cxt 0] Pipeline 'ingress': end
[09:22:31.472] [bmv2] [D] [thread 21378] [1.0] [cxt 0] Egress port is 0
[09:22:31.472] [bmv2] [D] [thread 21379] [0.0] [cxt 0] Pipeline 'egress': start
[09:22:31.472] [bmv2] [D] [thread 21379] [0.0] [cxt 0] Pipeline 'egress': end
[09:22:31.472] [bmv2] [D] [thread 21379] [0.0] [cxt 0] Deparser 'deparser': start
[09:22:31.473] [bmv2] [T] [thread 21379] [0.0] [cxt 0] Skipping checksum 'cksum' update because condition not met
[09:22:31.473] [bmv2] [D] [thread 21379] [0.0] [cxt 0] Deparsing header 'ethernet'
[09:22:31.473] [bmv2] [D] [thread 21379] [0.0] [cxt 0] Deparser 'deparser': end
[09:22:31.473] [bmv2] [D] [thread 21379] [1.0] [cxt 0] Pipeline 'egress': start
[09:22:31.473] [bmv2] [D] [thread 21379] [1.0] [cxt 0] Pipeline 'egress': end
[09:22:31.473] [bmv2] [D] [thread 21379] [1.0] [cxt 0] Deparser 'deparser': start
[09:22:31.473] [bmv2] [T] [thread 21379] [1.0] [cxt 0] Skipping checksum 'cksum' update because condition not met
[09:22:31.473] [bmv2] [D] [thread 21379] [1.0] [cxt 0] Deparsing header 'ethernet'
[09:22:31.473] [bmv2] [D] [thread 21379] [1.0] [cxt 0] Deparser 'deparser': end
[09:22:31.473] [bmv2] [D] [thread 21383] [0.0] [cxt 0] Transmitting packet of size 196 out of port 0
[09:22:31.473] [bmv2] [D] [thread 21383] [1.0] [cxt 0] Transmitting packet of size 196 out of port 0
[09:22:31.729] [bmv2] [D] [thread 21378] [2.0] [cxt 0] Processing packet received on port 4
[09:22:31.730] [bmv2] [D] [thread 21378] [2.0] [cxt 0] Parser 'parser': start
[09:22:31.730] [bmv2] [D] [thread 21378] [2.0] [cxt 0] Parser 'parser' entering state 'start'
[09:22:31.730] [bmv2] [D] [thread 21378] [2.0] [cxt 0] Extracting header 'ethernet'
[09:22:31.730] [bmv2] [D] [thread 21378] [2.0] [cxt 0] Parser state 'start': key is 86dd
[09:22:31.730] [bmv2] [T] [thread 21378] [2.0] [cxt 0] Bytes parsed: 14
[09:22:31.730] [bmv2] [D] [thread 21378] [2.0] [cxt 0] Parser 'parser': end
[09:22:31.730] [bmv2] [D] [thread 21378] [2.0] [cxt 0] Pipeline 'ingress': start
[09:22:31.730] [bmv2] [T] [thread 21378] [2.0] [cxt 0] qos.p4(164) Condition "hdr.ipv4.isValid()" (node_2) is false
[09:22:31.730] [bmv2] [D] [thread 21378] [2.0] [cxt 0] Pipeline 'ingress': end
[09:22:31.730] [bmv2] [D] [thread 21378] [2.0] [cxt 0] Egress port is 0
[09:22:31.731] [bmv2] [D] [thread 21379] [2.0] [cxt 0] Pipeline 'egress': start
[09:22:31.731] [bmv2] [D] [thread 21379] [2.0] [cxt 0] Pipeline 'egress': end
[09:22:31.731] [bmv2] [D] [thread 21379] [2.0] [cxt 0] Deparser 'deparser': start
[09:22:31.731] [bmv2] [T] [thread 21379] [2.0] [cxt 0] Skipping checksum 'cksum' update because condition not met
[09:22:31.731] [bmv2] [D] [thread 21379] [2.0] [cxt 0] Deparsing header 'ethernet'
[09:22:31.731] [bmv2] [D] [thread 21379] [2.0] [cxt 0] Deparser 'deparser': end
[09:22:31.731] [bmv2] [D] [thread 21383] [2.0] [cxt 0] Transmitting packet of size 196 out of port 0
[09:22:32.197] [bmv2] [D] [thread 21378] [3.0] [cxt 0] Processing packet received on port 2
[09:22:32.198] [bmv2] [D] [thread 21378] [3.0] [cxt 0] Parser 'parser': start
[09:22:32.198] [bmv2] [D] [thread 21378] [3.0] [cxt 0] Parser 'parser' entering state 'start'
[09:22:32.198] [bmv2] [D] [thread 21378] [3.0] [cxt 0] Extracting header 'ethernet'
[09:22:32.198] [bmv2] [D] [thread 21378] [3.0] [cxt 0] Parser state 'start': key is 86dd
[09:22:32.198] [bmv2] [T] [thread 21378] [3.0] [cxt 0] Bytes parsed: 14
[09:22:32.198] [bmv2] [D] [thread 21378] [3.0] [cxt 0] Parser 'parser': end
[09:22:32.198] [bmv2] [D] [thread 21378] [3.0] [cxt 0] Pipeline 'ingress': start
[09:22:32.199] [bmv2] [T] [thread 21378] [3.0] [cxt 0] qos.p4(164) Condition "hdr.ipv4.isValid()" (node_2) is false
[09:22:32.199] [bmv2] [D] [thread 21378] [3.0] [cxt 0] Pipeline 'ingress': end
[09:22:32.199] [bmv2] [D] [thread 21378] [3.0] [cxt 0] Egress port is 0
[09:22:32.200] [bmv2] [D] [thread 21379] [3.0] [cxt 0] Pipeline 'egress': start
[09:22:32.200] [bmv2] [D] [thread 21379] [3.0] [cxt 0] Pipeline 'egress': end
[09:22:32.200] [bmv2] [D] [thread 21379] [3.0] [cxt 0] Deparser 'deparser': start
[09:22:32.200] [bmv2] [T] [thread 21379] [3.0] [cxt 0] Skipping checksum 'cksum' update because condition not met
[09:22:32.200] [bmv2] [D] [thread 21379] [3.0] [cxt 0] Deparsing header 'ethernet'
[09:22:32.200] [bmv2] [D] [thread 21379] [3.0] [cxt 0] Deparser 'deparser': end
[09:22:32.200] [bmv2] [D] [thread 21383] [3.0] [cxt 0] Transmitting packet of size 70 out of port 0
[09:22:32.355] [bmv2] [D] [thread 21378] [4.0] [cxt 0] Processing packet received on port 2
[09:22:32.355] [bmv2] [D] [thread 21378] [4.0] [cxt 0] Parser 'parser': start
[09:22:32.355] [bmv2] [D] [thread 21378] [4.0] [cxt 0] Parser 'parser' entering state 'start'
[09:22:32.355] [bmv2] [D] [thread 21378] [4.0] [cxt 0] Extracting header 'ethernet'
[09:22:32.355] [bmv2] [D] [thread 21378] [4.0] [cxt 0] Parser state 'start': key is 86dd
[09:22:32.355] [bmv2] [T] [thread 21378] [4.0] [cxt 0] Bytes parsed: 14
[09:22:32.355] [bmv2] [D] [thread 21378] [4.0] [cxt 0] Parser 'parser': end
[09:22:32.355] [bmv2] [D] [thread 21378] [4.0] [cxt 0] Pipeline 'ingress': start
[09:22:32.355] [bmv2] [T] [thread 21378] [4.0] [cxt 0] qos.p4(164) Condition "hdr.ipv4.isValid()" (node_2) is false
[09:22:32.355] [bmv2] [D] [thread 21378] [4.0] [cxt 0] Pipeline 'ingress': end
[09:22:32.355] [bmv2] [D] [thread 21378] [4.0] [cxt 0] Egress port is 0
[09:22:32.355] [bmv2] [D] [thread 21379] [4.0] [cxt 0] Pipeline 'egress': start
[09:22:32.356] [bmv2] [D] [thread 21379] [4.0] [cxt 0] Pipeline 'egress': end
[09:22:32.356] [bmv2] [D] [thread 21379] [4.0] [cxt 0] Deparser 'deparser': start
[09:22:32.356] [bmv2] [T] [thread 21379] [4.0] [cxt 0] Skipping checksum 'cksum' update because condition not met
[09:22:32.356] [bmv2] [D] [thread 21379] [4.0] [cxt 0] Deparsing header 'ethernet'
[09:22:32.356] [bmv2] [D] [thread 21379] [4.0] [cxt 0] Deparser 'deparser': end
[09:22:32.356] [bmv2] [D] [thread 21383] [4.0] [cxt 0] Transmitting packet of size 196 out of port 0
[09:22:32.704] [bmv2] [D] [thread 21378] [5.0] [cxt 0] Processing packet received on port 3
[09:22:32.704] [bmv2] [D] [thread 21378] [5.0] [cxt 0] Parser 'parser': start
[09:22:32.704] [bmv2] [D] [thread 21378] [5.0] [cxt 0] Parser 'parser' entering state 'start'
[09:22:32.704] [bmv2] [D] [thread 21378] [5.0] [cxt 0] Extracting header 'ethernet'
[09:22:32.704] [bmv2] [D] [thread 21378] [5.0] [cxt 0] Parser state 'start': key is 86dd
[09:22:32.704] [bmv2] [T] [thread 21378] [5.0] [cxt 0] Bytes parsed: 14
[09:22:32.704] [bmv2] [D] [thread 21378] [5.0] [cxt 0] Parser 'parser': end
[09:22:32.704] [bmv2] [D] [thread 21378] [5.0] [cxt 0] Pipeline 'ingress': start
[09:22:32.704] [bmv2] [T] [thread 21378] [5.0] [cxt 0] qos.p4(164) Condition "hdr.ipv4.isValid()" (node_2) is false
[09:22:32.704] [bmv2] [D] [thread 21378] [5.0] [cxt 0] Pipeline 'ingress': end
[09:22:32.704] [bmv2] [D] [thread 21378] [5.0] [cxt 0] Egress port is 0
[09:22:32.705] [bmv2] [D] [thread 21379] [5.0] [cxt 0] Pipeline 'egress': start
[09:22:32.705] [bmv2] [D] [thread 21379] [5.0] [cxt 0] Pipeline 'egress': end
[09:22:32.705] [bmv2] [D] [thread 21379] [5.0] [cxt 0] Deparser 'deparser': start
[09:22:32.705] [bmv2] [T] [thread 21379] [5.0] [cxt 0] Skipping checksum 'cksum' update because condition not met
[09:22:32.705] [bmv2] [D] [thread 21379] [5.0] [cxt 0] Deparsing header 'ethernet'
[09:22:32.705] [bmv2] [D] [thread 21379] [5.0] [cxt 0] Deparser 'deparser': end
[09:22:32.705] [bmv2] [D] [thread 21383] [5.0] [cxt 0] Transmitting packet of size 70 out of port 0
[09:22:32.907] [bmv2] [D] [thread 21378] [6.0] [cxt 0] Processing packet received on port 3
[09:22:32.907] [bmv2] [D] [thread 21378] [6.0] [cxt 0] Parser 'parser': start
[09:22:32.907] [bmv2] [D] [thread 21378] [6.0] [cxt 0] Parser 'parser' entering state 'start'
[09:22:32.907] [bmv2] [D] [thread 21378] [6.0] [cxt 0] Extracting header 'ethernet'
[09:22:32.907] [bmv2] [D] [thread 21378] [6.0] [cxt 0] Parser state 'start': key is 86dd
[09:22:32.907] [bmv2] [T] [thread 21378] [6.0] [cxt 0] Bytes parsed: 14
[09:22:32.907] [bmv2] [D] [thread 21378] [6.0] [cxt 0] Parser 'parser': end
[09:22:32.907] [bmv2] [D] [thread 21378] [6.0] [cxt 0] Pipeline 'ingress': start
[09:22:32.907] [bmv2] [T] [thread 21378] [6.0] [cxt 0] qos.p4(164) Condition "hdr.ipv4.isValid()" (node_2) is false
[09:22:32.907] [bmv2] [D] [thread 21378] [6.0] [cxt 0] Pipeline 'ingress': end
[09:22:32.907] [bmv2] [D] [thread 21378] [6.0] [cxt 0] Egress port is 0
[09:22:32.907] [bmv2] [D] [thread 21379] [6.0] [cxt 0] Pipeline 'egress': start
[09:22:32.907] [bmv2] [D] [thread 21379] [6.0] [cxt 0] Pipeline 'egress': end
[09:22:32.907] [bmv2] [D] [thread 21379] [6.0] [cxt 0] Deparser 'deparser': start
[09:22:32.907] [bmv2] [T] [thread 21379] [6.0] [cxt 0] Skipping checksum 'cksum' update because condition not met
[09:22:32.908] [bmv2] [D] [thread 21379] [6.0] [cxt 0] Deparsing header 'ethernet'
[09:22:32.908] [bmv2] [D] [thread 21379] [6.0] [cxt 0] Deparser 'deparser': end
[09:22:32.909] [bmv2] [D] [thread 21383] [6.0] [cxt 0] Transmitting packet of size 196 out of port 0
[09:22:33.129] [bmv2] [W] [thread 21453] [P4Runtime] p4::tmp::P4DeviceConfig is deprecated
[09:22:33.131] [bmv2] [D] [thread 21453] Set default default entry for table 'tbl_expedited_forwarding': MyIngress.expedited_forwarding - 
[09:22:33.131] [bmv2] [D] [thread 21453] Set default default entry for table 'tbl_voice_admit': MyIngress.voice_admit - 
[09:22:33.131] [bmv2] [D] [thread 21453] Set default default entry for table 'MyIngress.ipv4_lpm': NoAction - 
[09:22:33.135] [bmv2] [D] [thread 21453] simple_switch target has been notified of a config swap
[09:22:33.161] [bmv2] [D] [thread 21455] Entry 0 added to table 'MyIngress.ipv4_lpm'
[09:22:33.162] [bmv2] [D] [thread 21455] Dumping entry 0
Match key:
* hdr.ipv4.dstAddr    : LPM       0a000202/32
Action entry: MyIngress.ipv4_forward - 80000000202,2,

[09:22:33.177] [bmv2] [D] [thread 21453] Entry 1 added to table 'MyIngress.ipv4_lpm'
[09:22:33.177] [bmv2] [D] [thread 21453] Dumping entry 1
Match key:
* hdr.ipv4.dstAddr    : LPM       0a000216/32
Action entry: MyIngress.ipv4_forward - 80000000222,1,

[09:22:33.188] [bmv2] [D] [thread 21455] Entry 2 added to table 'MyIngress.ipv4_lpm'
[09:22:33.189] [bmv2] [D] [thread 21455] Dumping entry 2
Match key:
* hdr.ipv4.dstAddr    : LPM       0a000100/24
Action entry: MyIngress.ipv4_forward - 80000000100,3,

[09:22:33.192] [bmv2] [D] [thread 21453] Entry 3 added to table 'MyIngress.ipv4_lpm'
[09:22:33.192] [bmv2] [D] [thread 21453] Dumping entry 3
Match key:
* hdr.ipv4.dstAddr    : LPM       0a000300/24
Action entry: MyIngress.ipv4_forward - 80000000300,4,

[09:22:33.208] [bmv2] [D] [thread 21378] [7.0] [cxt 0] Processing packet received on port 3
[09:22:33.208] [bmv2] [D] [thread 21378] [7.0] [cxt 0] Parser 'parser': start
[09:22:33.208] [bmv2] [D] [thread 21378] [7.0] [cxt 0] Parser 'parser' entering state 'start'
[09:22:33.208] [bmv2] [D] [thread 21378] [7.0] [cxt 0] Extracting header 'ethernet'
[09:22:33.209] [bmv2] [D] [thread 21378] [7.0] [cxt 0] Parser state 'start': key is 86dd
[09:22:33.209] [bmv2] [T] [thread 21378] [7.0] [cxt 0] Bytes parsed: 14
[09:22:33.209] [bmv2] [D] [thread 21378] [7.0] [cxt 0] Parser 'parser': end
[09:22:33.209] [bmv2] [D] [thread 21378] [7.0] [cxt 0] Pipeline 'ingress': start
[09:22:33.209] [bmv2] [T] [thread 21378] [7.0] [cxt 0] qos.p4(164) Condition "hdr.ipv4.isValid()" (node_2) is false
[09:22:33.209] [bmv2] [D] [thread 21378] [7.0] [cxt 0] Pipeline 'ingress': end
[09:22:33.209] [bmv2] [D] [thread 21378] [7.0] [cxt 0] Egress port is 0
[09:22:33.211] [bmv2] [D] [thread 21379] [7.0] [cxt 0] Pipeline 'egress': start
[09:22:33.211] [bmv2] [D] [thread 21379] [7.0] [cxt 0] Pipeline 'egress': end
[09:22:33.211] [bmv2] [D] [thread 21379] [7.0] [cxt 0] Deparser 'deparser': start
[09:22:33.211] [bmv2] [T] [thread 21379] [7.0] [cxt 0] Skipping checksum 'cksum' update because condition not met
[09:22:33.211] [bmv2] [D] [thread 21379] [7.0] [cxt 0] Deparsing header 'ethernet'
[09:22:33.211] [bmv2] [D] [thread 21379] [7.0] [cxt 0] Deparser 'deparser': end
[09:22:33.212] [bmv2] [D] [thread 21383] [7.0] [cxt 0] Transmitting packet of size 196 out of port 0
[09:22:33.215] [bmv2] [D] [thread 21378] [8.0] [cxt 0] Processing packet received on port 3
[09:22:33.215] [bmv2] [D] [thread 21378] [8.0] [cxt 0] Parser 'parser': start
[09:22:33.215] [bmv2] [D] [thread 21378] [8.0] [cxt 0] Parser 'parser' entering state 'start'
[09:22:33.215] [bmv2] [D] [thread 21378] [8.0] [cxt 0] Extracting header 'ethernet'
[09:22:33.215] [bmv2] [D] [thread 21378] [8.0] [cxt 0] Parser state 'start': key is 86dd
[09:22:33.215] [bmv2] [T] [thread 21378] [8.0] [cxt 0] Bytes parsed: 14
[09:22:33.215] [bmv2] [D] [thread 21378] [8.0] [cxt 0] Parser 'parser': end
[09:22:33.215] [bmv2] [D] [thread 21378] [8.0] [cxt 0] Pipeline 'ingress': start
[09:22:33.216] [bmv2] [T] [thread 21378] [8.0] [cxt 0] qos.p4(164) Condition "hdr.ipv4.isValid()" (node_2) is false
[09:22:33.216] [bmv2] [D] [thread 21378] [8.0] [cxt 0] Pipeline 'ingress': end
[09:22:33.216] [bmv2] [D] [thread 21378] [8.0] [cxt 0] Egress port is 0
[09:22:33.216] [bmv2] [D] [thread 21379] [8.0] [cxt 0] Pipeline 'egress': start
[09:22:33.216] [bmv2] [D] [thread 21379] [8.0] [cxt 0] Pipeline 'egress': end
[09:22:33.216] [bmv2] [D] [thread 21379] [8.0] [cxt 0] Deparser 'deparser': start
[09:22:33.216] [bmv2] [T] [thread 21379] [8.0] [cxt 0] Skipping checksum 'cksum' update because condition not met
[09:22:33.216] [bmv2] [D] [thread 21379] [8.0] [cxt 0] Deparsing header 'ethernet'
[09:22:33.216] [bmv2] [D] [thread 21379] [8.0] [cxt 0] Deparser 'deparser': end
[09:22:33.217] [bmv2] [D] [thread 21383] [8.0] [cxt 0] Transmitting packet of size 70 out of port 0
[09:22:33.469] [bmv2] [D] [thread 21378] [9.0] [cxt 0] Processing packet received on port 1
[09:22:33.469] [bmv2] [D] [thread 21378] [9.0] [cxt 0] Parser 'parser': start
[09:22:33.469] [bmv2] [D] [thread 21378] [9.0] [cxt 0] Parser 'parser' entering state 'start'
[09:22:33.469] [bmv2] [D] [thread 21378] [9.0] [cxt 0] Extracting header 'ethernet'
[09:22:33.469] [bmv2] [D] [thread 21378] [9.0] [cxt 0] Parser state 'start': key is 86dd
[09:22:33.471] [bmv2] [T] [thread 21378] [9.0] [cxt 0] Bytes parsed: 14
[09:22:33.471] [bmv2] [D] [thread 21378] [9.0] [cxt 0] Parser 'parser': end
[09:22:33.471] [bmv2] [D] [thread 21378] [9.0] [cxt 0] Pipeline 'ingress': start
[09:22:33.471] [bmv2] [T] [thread 21378] [9.0] [cxt 0] qos.p4(164) Condition "hdr.ipv4.isValid()" (node_2) is false
[09:22:33.471] [bmv2] [D] [thread 21378] [9.0] [cxt 0] Pipeline 'ingress': end
[09:22:33.471] [bmv2] [D] [thread 21378] [9.0] [cxt 0] Egress port is 0
[09:22:33.471] [bmv2] [D] [thread 21379] [9.0] [cxt 0] Pipeline 'egress': start
[09:22:33.471] [bmv2] [D] [thread 21379] [9.0] [cxt 0] Pipeline 'egress': end
[09:22:33.471] [bmv2] [D] [thread 21379] [9.0] [cxt 0] Deparser 'deparser': start
[09:22:33.471] [bmv2] [T] [thread 21379] [9.0] [cxt 0] Skipping checksum 'cksum' update because condition not met
[09:22:33.471] [bmv2] [D] [thread 21379] [9.0] [cxt 0] Deparsing header 'ethernet'
[09:22:33.471] [bmv2] [D] [thread 21379] [9.0] [cxt 0] Deparser 'deparser': end
[09:22:33.471] [bmv2] [D] [thread 21383] [9.0] [cxt 0] Transmitting packet of size 70 out of port 0
[09:22:33.576] [bmv2] [D] [thread 21378] [10.0] [cxt 0] Processing packet received on port 1
[09:22:33.576] [bmv2] [D] [thread 21378] [10.0] [cxt 0] Parser 'parser': start
[09:22:33.576] [bmv2] [D] [thread 21378] [10.0] [cxt 0] Parser 'parser' entering state 'start'
[09:22:33.576] [bmv2] [D] [thread 21378] [10.0] [cxt 0] Extracting header 'ethernet'
[09:22:33.576] [bmv2] [D] [thread 21378] [10.0] [cxt 0] Parser state 'start': key is 86dd
[09:22:33.576] [bmv2] [T] [thread 21378] [10.0] [cxt 0] Bytes parsed: 14
[09:22:33.576] [bmv2] [D] [thread 21378] [10.0] [cxt 0] Parser 'parser': end
[09:22:33.576] [bmv2] [D] [thread 21378] [10.0] [cxt 0] Pipeline 'ingress': start
[09:22:33.576] [bmv2] [T] [thread 21378] [10.0] [cxt 0] qos.p4(164) Condition "hdr.ipv4.isValid()" (node_2) is false
[09:22:33.576] [bmv2] [D] [thread 21378] [10.0] [cxt 0] Pipeline 'ingress': end
[09:22:33.576] [bmv2] [D] [thread 21378] [10.0] [cxt 0] Egress port is 0
[09:22:33.576] [bmv2] [D] [thread 21378] [11.0] [cxt 0] Processing packet received on port 4
[09:22:33.576] [bmv2] [D] [thread 21378] [11.0] [cxt 0] Parser 'parser': start
[09:22:33.576] [bmv2] [D] [thread 21378] [11.0] [cxt 0] Parser 'parser' entering state 'start'
[09:22:33.576] [bmv2] [D] [thread 21378] [11.0] [cxt 0] Extracting header 'ethernet'
[09:22:33.576] [bmv2] [D] [thread 21378] [11.0] [cxt 0] Parser state 'start': key is 86dd
[09:22:33.576] [bmv2] [T] [thread 21378] [11.0] [cxt 0] Bytes parsed: 14
[09:22:33.576] [bmv2] [D] [thread 21378] [11.0] [cxt 0] Parser 'parser': end
[09:22:33.576] [bmv2] [D] [thread 21378] [11.0] [cxt 0] Pipeline 'ingress': start
[09:22:33.576] [bmv2] [T] [thread 21378] [11.0] [cxt 0] qos.p4(164) Condition "hdr.ipv4.isValid()" (node_2) is false
[09:22:33.576] [bmv2] [D] [thread 21378] [11.0] [cxt 0] Pipeline 'ingress': end
[09:22:33.576] [bmv2] [D] [thread 21378] [11.0] [cxt 0] Egress port is 0
[09:22:33.576] [bmv2] [D] [thread 21379] [10.0] [cxt 0] Pipeline 'egress': start
[09:22:33.577] [bmv2] [D] [thread 21379] [10.0] [cxt 0] Pipeline 'egress': end
[09:22:33.577] [bmv2] [D] [thread 21379] [10.0] [cxt 0] Deparser 'deparser': start
[09:22:33.577] [bmv2] [T] [thread 21379] [10.0] [cxt 0] Skipping checksum 'cksum' update because condition not met
[09:22:33.577] [bmv2] [D] [thread 21379] [10.0] [cxt 0] Deparsing header 'ethernet'
[09:22:33.577] [bmv2] [D] [thread 21379] [10.0] [cxt 0] Deparser 'deparser': end
[09:22:33.577] [bmv2] [D] [thread 21379] [11.0] [cxt 0] Pipeline 'egress': start
[09:22:33.577] [bmv2] [D] [thread 21379] [11.0] [cxt 0] Pipeline 'egress': end
[09:22:33.577] [bmv2] [D] [thread 21379] [11.0] [cxt 0] Deparser 'deparser': start
[09:22:33.577] [bmv2] [T] [thread 21379] [11.0] [cxt 0] Skipping checksum 'cksum' update because condition not met
[09:22:33.577] [bmv2] [D] [thread 21379] [11.0] [cxt 0] Deparsing header 'ethernet'
[09:22:33.577] [bmv2] [D] [thread 21379] [11.0] [cxt 0] Deparser 'deparser': end
[09:22:33.577] [bmv2] [D] [thread 21383] [10.0] [cxt 0] Transmitting packet of size 196 out of port 0
[09:22:33.577] [bmv2] [D] [thread 21383] [11.0] [cxt 0] Transmitting packet of size 196 out of port 0
[09:22:33.725] [bmv2] [D] [thread 21378] [12.0] [cxt 0] Processing packet received on port 4
[09:22:33.725] [bmv2] [D] [thread 21378] [12.0] [cxt 0] Parser 'parser': start
[09:22:33.725] [bmv2] [D] [thread 21378] [12.0] [cxt 0] Parser 'parser' entering state 'start'
[09:22:33.725] [bmv2] [D] [thread 21378] [12.0] [cxt 0] Extracting header 'ethernet'
[09:22:33.725] [bmv2] [D] [thread 21378] [12.0] [cxt 0] Parser state 'start': key is 86dd
[09:22:33.725] [bmv2] [T] [thread 21378] [12.0] [cxt 0] Bytes parsed: 14
[09:22:33.725] [bmv2] [D] [thread 21378] [12.0] [cxt 0] Parser 'parser': end
[09:22:33.725] [bmv2] [D] [thread 21378] [12.0] [cxt 0] Pipeline 'ingress': start
[09:22:33.725] [bmv2] [T] [thread 21378] [12.0] [cxt 0] qos.p4(164) Condition "hdr.ipv4.isValid()" (node_2) is false
[09:22:33.725] [bmv2] [D] [thread 21378] [12.0] [cxt 0] Pipeline 'ingress': end
[09:22:33.725] [bmv2] [D] [thread 21378] [12.0] [cxt 0] Egress port is 0
[09:22:33.726] [bmv2] [D] [thread 21379] [12.0] [cxt 0] Pipeline 'egress': start
[09:22:33.726] [bmv2] [D] [thread 21379] [12.0] [cxt 0] Pipeline 'egress': end
[09:22:33.726] [bmv2] [D] [thread 21379] [12.0] [cxt 0] Deparser 'deparser': start
[09:22:33.726] [bmv2] [T] [thread 21379] [12.0] [cxt 0] Skipping checksum 'cksum' update because condition not met
[09:22:33.726] [bmv2] [D] [thread 21379] [12.0] [cxt 0] Deparsing header 'ethernet'
[09:22:33.726] [bmv2] [D] [thread 21379] [12.0] [cxt 0] Deparser 'deparser': end
[09:22:33.726] [bmv2] [D] [thread 21383] [12.0] [cxt 0] Transmitting packet of size 70 out of port 0
[09:22:33.843] [bmv2] [D] [thread 21378] [13.0] [cxt 0] Processing packet received on port 4
[09:22:33.843] [bmv2] [D] [thread 21378] [13.0] [cxt 0] Parser 'parser': start
[09:22:33.843] [bmv2] [D] [thread 21378] [13.0] [cxt 0] Parser 'parser' entering state 'start'
[09:22:33.843] [bmv2] [D] [thread 21378] [13.0] [cxt 0] Extracting header 'ethernet'
[09:22:33.843] [bmv2] [D] [thread 21378] [13.0] [cxt 0] Parser state 'start': key is 86dd
[09:22:33.843] [bmv2] [T] [thread 21378] [13.0] [cxt 0] Bytes parsed: 14
[09:22:33.843] [bmv2] [D] [thread 21378] [13.0] [cxt 0] Parser 'parser': end
[09:22:33.843] [bmv2] [D] [thread 21378] [13.0] [cxt 0] Pipeline 'ingress': start
[09:22:33.843] [bmv2] [T] [thread 21378] [13.0] [cxt 0] qos.p4(164) Condition "hdr.ipv4.isValid()" (node_2) is false
[09:22:33.843] [bmv2] [D] [thread 21378] [13.0] [cxt 0] Pipeline 'ingress': end
[09:22:33.843] [bmv2] [D] [thread 21378] [13.0] [cxt 0] Egress port is 0
[09:22:33.844] [bmv2] [D] [thread 21379] [13.0] [cxt 0] Pipeline 'egress': start
[09:22:33.844] [bmv2] [D] [thread 21379] [13.0] [cxt 0] Pipeline 'egress': end
[09:22:33.844] [bmv2] [D] [thread 21379] [13.0] [cxt 0] Deparser 'deparser': start
[09:22:33.844] [bmv2] [T] [thread 21379] [13.0] [cxt 0] Skipping checksum 'cksum' update because condition not met
[09:22:33.844] [bmv2] [D] [thread 21379] [13.0] [cxt 0] Deparsing header 'ethernet'
[09:22:33.844] [bmv2] [D] [thread 21379] [13.0] [cxt 0] Deparser 'deparser': end
[09:22:33.844] [bmv2] [D] [thread 21383] [13.0] [cxt 0] Transmitting packet of size 196 out of port 0
[09:22:33.980] [bmv2] [D] [thread 21378] [14.0] [cxt 0] Processing packet received on port 4
[09:22:33.981] [bmv2] [D] [thread 21378] [14.0] [cxt 0] Parser 'parser': start
[09:22:33.981] [bmv2] [D] [thread 21378] [14.0] [cxt 0] Parser 'parser' entering state 'start'
[09:22:33.981] [bmv2] [D] [thread 21378] [14.0] [cxt 0] Extracting header 'ethernet'
[09:22:33.981] [bmv2] [D] [thread 21378] [14.0] [cxt 0] Parser state 'start': key is 86dd
[09:22:33.981] [bmv2] [T] [thread 21378] [14.0] [cxt 0] Bytes parsed: 14
[09:22:33.981] [bmv2] [D] [thread 21378] [14.0] [cxt 0] Parser 'parser': end
[09:22:33.981] [bmv2] [D] [thread 21378] [14.0] [cxt 0] Pipeline 'ingress': start
[09:22:33.981] [bmv2] [T] [thread 21378] [14.0] [cxt 0] qos.p4(164) Condition "hdr.ipv4.isValid()" (node_2) is false
[09:22:33.981] [bmv2] [D] [thread 21378] [14.0] [cxt 0] Pipeline 'ingress': end
[09:22:33.981] [bmv2] [D] [thread 21378] [14.0] [cxt 0] Egress port is 0
[09:22:33.983] [bmv2] [D] [thread 21379] [14.0] [cxt 0] Pipeline 'egress': start
[09:22:33.984] [bmv2] [D] [thread 21379] [14.0] [cxt 0] Pipeline 'egress': end
[09:22:33.984] [bmv2] [D] [thread 21379] [14.0] [cxt 0] Deparser 'deparser': start
[09:22:33.984] [bmv2] [T] [thread 21379] [14.0] [cxt 0] Skipping checksum 'cksum' update because condition not met
[09:22:33.984] [bmv2] [D] [thread 21379] [14.0] [cxt 0] Deparsing header 'ethernet'
[09:22:33.984] [bmv2] [D] [thread 21379] [14.0] [cxt 0] Deparser 'deparser': end
[09:22:33.984] [bmv2] [D] [thread 21383] [14.0] [cxt 0] Transmitting packet of size 70 out of port 0
