Calling target program-options parser
[09:22:31.372] [bmv2] [D] [thread 21385] Set default default entry for table 'tbl_expedited_forwarding': MyIngress.expedited_forwarding - 
[09:22:31.373] [bmv2] [D] [thread 21385] Set default default entry for table 'tbl_voice_admit': MyIngress.voice_admit - 
[09:22:31.373] [bmv2] [D] [thread 21385] Set default default entry for table 'MyIngress.ipv4_lpm': NoAction - 
Adding interface s3-eth1 as port 1
[09:22:31.377] [bmv2] [D] [thread 21385] Adding interface s3-eth1 as port 1
Adding interface s3-eth2 as port 2
[09:22:31.476] [bmv2] [D] [thread 21385] Adding interface s3-eth2 as port 2
Adding interface s3-eth3 as port 3
[09:22:31.582] [bmv2] [D] [thread 21385] Adding interface s3-eth3 as port 3
Server listening on 0.0.0.0:50053
[09:22:31.699] [bmv2] [I] [thread 21385] Starting Thrift server on port 9092
[09:22:31.701] [bmv2] [I] [thread 21385] Thrift server was started
[09:22:31.729] [bmv2] [D] [thread 21399] [0.0] [cxt 0] Processing packet received on port 3
[09:22:31.729] [bmv2] [D] [thread 21399] [0.0] [cxt 0] Parser 'parser': start
[09:22:31.729] [bmv2] [D] [thread 21399] [0.0] [cxt 0] Parser 'parser' entering state 'start'
[09:22:31.729] [bmv2] [D] [thread 21399] [0.0] [cxt 0] Extracting header 'ethernet'
[09:22:31.729] [bmv2] [D] [thread 21399] [0.0] [cxt 0] Parser state 'start': key is 86dd
[09:22:31.729] [bmv2] [T] [thread 21399] [0.0] [cxt 0] Bytes parsed: 14
[09:22:31.729] [bmv2] [D] [thread 21399] [0.0] [cxt 0] Parser 'parser': end
[09:22:31.729] [bmv2] [D] [thread 21399] [0.0] [cxt 0] Pipeline 'ingress': start
[09:22:31.729] [bmv2] [T] [thread 21399] [0.0] [cxt 0] qos.p4(164) Condition "hdr.ipv4.isValid()" (node_2) is false
[09:22:31.729] [bmv2] [D] [thread 21399] [0.0] [cxt 0] Pipeline 'ingress': end
[09:22:31.729] [bmv2] [D] [thread 21399] [0.0] [cxt 0] Egress port is 0
[09:22:31.730] [bmv2] [D] [thread 21400] [0.0] [cxt 0] Pipeline 'egress': start
[09:22:31.730] [bmv2] [D] [thread 21400] [0.0] [cxt 0] Pipeline 'egress': end
[09:22:31.730] [bmv2] [D] [thread 21400] [0.0] [cxt 0] Deparser 'deparser': start
[09:22:31.730] [bmv2] [T] [thread 21400] [0.0] [cxt 0] Skipping checksum 'cksum' update because condition not met
[09:22:31.730] [bmv2] [D] [thread 21400] [0.0] [cxt 0] Deparsing header 'ethernet'
[09:22:31.730] [bmv2] [D] [thread 21400] [0.0] [cxt 0] Deparser 'deparser': end
[09:22:31.731] [bmv2] [D] [thread 21404] [0.0] [cxt 0] Transmitting packet of size 196 out of port 0
[09:22:32.007] [bmv2] [D] [thread 21399] [1.0] [cxt 0] Processing packet received on port 2
[09:22:32.007] [bmv2] [D] [thread 21399] [1.0] [cxt 0] Parser 'parser': start
[09:22:32.007] [bmv2] [D] [thread 21399] [1.0] [cxt 0] Parser 'parser' entering state 'start'
[09:22:32.007] [bmv2] [D] [thread 21399] [1.0] [cxt 0] Extracting header 'ethernet'
[09:22:32.007] [bmv2] [D] [thread 21399] [1.0] [cxt 0] Parser state 'start': key is 86dd
[09:22:32.007] [bmv2] [T] [thread 21399] [1.0] [cxt 0] Bytes parsed: 14
[09:22:32.007] [bmv2] [D] [thread 21399] [1.0] [cxt 0] Parser 'parser': end
[09:22:32.007] [bmv2] [D] [thread 21399] [1.0] [cxt 0] Pipeline 'ingress': start
[09:22:32.007] [bmv2] [T] [thread 21399] [1.0] [cxt 0] qos.p4(164) Condition "hdr.ipv4.isValid()" (node_2) is false
[09:22:32.007] [bmv2] [D] [thread 21399] [1.0] [cxt 0] Pipeline 'ingress': end
[09:22:32.007] [bmv2] [D] [thread 21399] [1.0] [cxt 0] Egress port is 0
[09:22:32.007] [bmv2] [D] [thread 21400] [1.0] [cxt 0] Pipeline 'egress': start
[09:22:32.007] [bmv2] [D] [thread 21400] [1.0] [cxt 0] Pipeline 'egress': end
[09:22:32.007] [bmv2] [D] [thread 21400] [1.0] [cxt 0] Deparser 'deparser': start
[09:22:32.007] [bmv2] [T] [thread 21400] [1.0] [cxt 0] Skipping checksum 'cksum' update because condition not met
[09:22:32.007] [bmv2] [D] [thread 21400] [1.0] [cxt 0] Deparsing header 'ethernet'
[09:22:32.007] [bmv2] [D] [thread 21400] [1.0] [cxt 0] Deparser 'deparser': end
[09:22:32.008] [bmv2] [D] [thread 21404] [1.0] [cxt 0] Transmitting packet of size 196 out of port 0
[09:22:32.892] [bmv2] [D] [thread 21399] [2.0] [cxt 0] Processing packet received on port 1
[09:22:32.892] [bmv2] [D] [thread 21399] [2.0] [cxt 0] Parser 'parser': start
[09:22:32.892] [bmv2] [D] [thread 21399] [2.0] [cxt 0] Parser 'parser' entering state 'start'
[09:22:32.892] [bmv2] [D] [thread 21399] [2.0] [cxt 0] Extracting header 'ethernet'
[09:22:32.892] [bmv2] [D] [thread 21399] [2.0] [cxt 0] Parser state 'start': key is 86dd
[09:22:32.892] [bmv2] [T] [thread 21399] [2.0] [cxt 0] Bytes parsed: 14
[09:22:32.892] [bmv2] [D] [thread 21399] [2.0] [cxt 0] Parser 'parser': end
[09:22:32.892] [bmv2] [D] [thread 21399] [2.0] [cxt 0] Pipeline 'ingress': start
[09:22:32.892] [bmv2] [T] [thread 21399] [2.0] [cxt 0] qos.p4(164) Condition "hdr.ipv4.isValid()" (node_2) is false
[09:22:32.892] [bmv2] [D] [thread 21399] [2.0] [cxt 0] Pipeline 'ingress': end
[09:22:32.892] [bmv2] [D] [thread 21399] [2.0] [cxt 0] Egress port is 0
[09:22:32.892] [bmv2] [D] [thread 21400] [2.0] [cxt 0] Pipeline 'egress': start
[09:22:32.892] [bmv2] [D] [thread 21400] [2.0] [cxt 0] Pipeline 'egress': end
[09:22:32.892] [bmv2] [D] [thread 21400] [2.0] [cxt 0] Deparser 'deparser': start
[09:22:32.892] [bmv2] [T] [thread 21400] [2.0] [cxt 0] Skipping checksum 'cksum' update because condition not met
[09:22:32.892] [bmv2] [D] [thread 21400] [2.0] [cxt 0] Deparsing header 'ethernet'
[09:22:32.892] [bmv2] [D] [thread 21400] [2.0] [cxt 0] Deparser 'deparser': end
[09:22:32.893] [bmv2] [D] [thread 21404] [2.0] [cxt 0] Transmitting packet of size 196 out of port 0
[09:22:32.957] [bmv2] [D] [thread 21399] [3.0] [cxt 0] Processing packet received on port 2
[09:22:32.957] [bmv2] [D] [thread 21399] [3.0] [cxt 0] Parser 'parser': start
[09:22:32.957] [bmv2] [D] [thread 21399] [3.0] [cxt 0] Parser 'parser' entering state 'start'
[09:22:32.957] [bmv2] [D] [thread 21399] [3.0] [cxt 0] Extracting header 'ethernet'
[09:22:32.957] [bmv2] [D] [thread 21399] [3.0] [cxt 0] Parser state 'start': key is 86dd
[09:22:32.957] [bmv2] [T] [thread 21399] [3.0] [cxt 0] Bytes parsed: 14
[09:22:32.957] [bmv2] [D] [thread 21399] [3.0] [cxt 0] Parser 'parser': end
[09:22:32.957] [bmv2] [D] [thread 21399] [3.0] [cxt 0] Pipeline 'ingress': start
[09:22:32.957] [bmv2] [T] [thread 21399] [3.0] [cxt 0] qos.p4(164) Condition "hdr.ipv4.isValid()" (node_2) is false
[09:22:32.957] [bmv2] [D] [thread 21399] [3.0] [cxt 0] Pipeline 'ingress': end
[09:22:32.957] [bmv2] [D] [thread 21399] [3.0] [cxt 0] Egress port is 0
[09:22:32.957] [bmv2] [D] [thread 21400] [3.0] [cxt 0] Pipeline 'egress': start
[09:22:32.957] [bmv2] [D] [thread 21400] [3.0] [cxt 0] Pipeline 'egress': end
[09:22:32.957] [bmv2] [D] [thread 21400] [3.0] [cxt 0] Deparser 'deparser': start
[09:22:32.957] [bmv2] [T] [thread 21400] [3.0] [cxt 0] Skipping checksum 'cksum' update because condition not met
[09:22:32.957] [bmv2] [D] [thread 21400] [3.0] [cxt 0] Deparsing header 'ethernet'
[09:22:32.957] [bmv2] [D] [thread 21400] [3.0] [cxt 0] Deparser 'deparser': end
[09:22:32.963] [bmv2] [D] [thread 21404] [3.0] [cxt 0] Transmitting packet of size 70 out of port 0
[09:22:33.208] [bmv2] [D] [thread 21399] [4.0] [cxt 0] Processing packet received on port 2
[09:22:33.208] [bmv2] [D] [thread 21399] [4.0] [cxt 0] Parser 'parser': start
[09:22:33.208] [bmv2] [D] [thread 21399] [4.0] [cxt 0] Parser 'parser' entering state 'start'
[09:22:33.208] [bmv2] [D] [thread 21399] [4.0] [cxt 0] Extracting header 'ethernet'
[09:22:33.208] [bmv2] [D] [thread 21399] [4.0] [cxt 0] Parser state 'start': key is 86dd
[09:22:33.208] [bmv2] [T] [thread 21399] [4.0] [cxt 0] Bytes parsed: 14
[09:22:33.209] [bmv2] [D] [thread 21399] [4.0] [cxt 0] Parser 'parser': end
[09:22:33.209] [bmv2] [D] [thread 21399] [4.0] [cxt 0] Pipeline 'ingress': start
[09:22:33.209] [bmv2] [T] [thread 21399] [4.0] [cxt 0] qos.p4(164) Condition "hdr.ipv4.isValid()" (node_2) is false
[09:22:33.209] [bmv2] [D] [thread 21399] [4.0] [cxt 0] Pipeline 'ingress': end
[09:22:33.209] [bmv2] [D] [thread 21399] [4.0] [cxt 0] Egress port is 0
[09:22:33.209] [bmv2] [D] [thread 21400] [4.0] [cxt 0] Pipeline 'egress': start
[09:22:33.209] [bmv2] [D] [thread 21400] [4.0] [cxt 0] Pipeline 'egress': end
[09:22:33.209] [bmv2] [D] [thread 21400] [4.0] [cxt 0] Deparser 'deparser': start
[09:22:33.209] [bmv2] [T] [thread 21400] [4.0] [cxt 0] Skipping checksum 'cksum' update because condition not met
[09:22:33.209] [bmv2] [D] [thread 21400] [4.0] [cxt 0] Deparsing header 'ethernet'
[09:22:33.209] [bmv2] [D] [thread 21400] [4.0] [cxt 0] Deparser 'deparser': end
[09:22:33.211] [bmv2] [D] [thread 21404] [4.0] [cxt 0] Transmitting packet of size 196 out of port 0
[09:22:33.213] [bmv2] [D] [thread 21399] [5.0] [cxt 0] Processing packet received on port 1
[09:22:33.213] [bmv2] [D] [thread 21399] [5.0] [cxt 0] Parser 'parser': start
[09:22:33.213] [bmv2] [D] [thread 21399] [5.0] [cxt 0] Parser 'parser' entering state 'start'
[09:22:33.213] [bmv2] [D] [thread 21399] [5.0] [cxt 0] Extracting header 'ethernet'
[09:22:33.213] [bmv2] [D] [thread 21399] [5.0] [cxt 0] Parser state 'start': key is 86dd
[09:22:33.213] [bmv2] [T] [thread 21399] [5.0] [cxt 0] Bytes parsed: 14
[09:22:33.213] [bmv2] [D] [thread 21399] [5.0] [cxt 0] Parser 'parser': end
[09:22:33.213] [bmv2] [D] [thread 21399] [5.0] [cxt 0] Pipeline 'ingress': start
[09:22:33.213] [bmv2] [T] [thread 21399] [5.0] [cxt 0] qos.p4(164) Condition "hdr.ipv4.isValid()" (node_2) is false
[09:22:33.213] [bmv2] [D] [thread 21399] [5.0] [cxt 0] Pipeline 'ingress': end
[09:22:33.213] [bmv2] [D] [thread 21399] [5.0] [cxt 0] Egress port is 0
[09:22:33.213] [bmv2] [D] [thread 21400] [5.0] [cxt 0] Pipeline 'egress': start
[09:22:33.214] [bmv2] [D] [thread 21400] [5.0] [cxt 0] Pipeline 'egress': end
[09:22:33.214] [bmv2] [D] [thread 21400] [5.0] [cxt 0] Deparser 'deparser': start
[09:22:33.214] [bmv2] [T] [thread 21400] [5.0] [cxt 0] Skipping checksum 'cksum' update because condition not met
[09:22:33.214] [bmv2] [D] [thread 21400] [5.0] [cxt 0] Deparsing header 'ethernet'
[09:22:33.214] [bmv2] [D] [thread 21400] [5.0] [cxt 0] Deparser 'deparser': end
[09:22:33.215] [bmv2] [D] [thread 21404] [5.0] [cxt 0] Transmitting packet of size 70 out of port 0
[09:22:33.241] [bmv2] [W] [thread 21464] [P4Runtime] p4::tmp::P4DeviceConfig is deprecated
[09:22:33.253] [bmv2] [D] [thread 21464] Set default default entry for table 'tbl_expedited_forwarding': MyIngress.expedited_forwarding - 
[09:22:33.253] [bmv2] [D] [thread 21464] Set default default entry for table 'tbl_voice_admit': MyIngress.voice_admit - 
[09:22:33.253] [bmv2] [D] [thread 21464] Set default default entry for table 'MyIngress.ipv4_lpm': NoAction - 
[09:22:33.273] [bmv2] [D] [thread 21464] simple_switch target has been notified of a config swap
[09:22:33.288] [bmv2] [D] [thread 21465] Entry 0 added to table 'MyIngress.ipv4_lpm'
[09:22:33.288] [bmv2] [D] [thread 21465] Dumping entry 0
Match key:
* hdr.ipv4.dstAddr    : LPM       0a000303/32
Action entry: MyIngress.ipv4_forward - 80000000303,1,

[09:22:33.311] [bmv2] [D] [thread 21464] Entry 1 added to table 'MyIngress.ipv4_lpm'
[09:22:33.311] [bmv2] [D] [thread 21464] Dumping entry 1
Match key:
* hdr.ipv4.dstAddr    : LPM       0a000100/24
Action entry: MyIngress.ipv4_forward - 80000000100,2,

[09:22:33.321] [bmv2] [D] [thread 21465] Entry 2 added to table 'MyIngress.ipv4_lpm'
[09:22:33.321] [bmv2] [D] [thread 21465] Dumping entry 2
Match key:
* hdr.ipv4.dstAddr    : LPM       0a000200/24
Action entry: MyIngress.ipv4_forward - 80000000200,3,

[09:22:33.575] [bmv2] [D] [thread 21399] [6.0] [cxt 0] Processing packet received on port 3
[09:22:33.575] [bmv2] [D] [thread 21399] [6.0] [cxt 0] Parser 'parser': start
[09:22:33.575] [bmv2] [D] [thread 21399] [6.0] [cxt 0] Parser 'parser' entering state 'start'
[09:22:33.575] [bmv2] [D] [thread 21399] [6.0] [cxt 0] Extracting header 'ethernet'
[09:22:33.575] [bmv2] [D] [thread 21399] [6.0] [cxt 0] Parser state 'start': key is 86dd
[09:22:33.575] [bmv2] [T] [thread 21399] [6.0] [cxt 0] Bytes parsed: 14
[09:22:33.575] [bmv2] [D] [thread 21399] [6.0] [cxt 0] Parser 'parser': end
[09:22:33.575] [bmv2] [D] [thread 21399] [6.0] [cxt 0] Pipeline 'ingress': start
[09:22:33.575] [bmv2] [T] [thread 21399] [6.0] [cxt 0] qos.p4(164) Condition "hdr.ipv4.isValid()" (node_2) is false
[09:22:33.575] [bmv2] [D] [thread 21399] [6.0] [cxt 0] Pipeline 'ingress': end
[09:22:33.575] [bmv2] [D] [thread 21399] [6.0] [cxt 0] Egress port is 0
[09:22:33.575] [bmv2] [D] [thread 21400] [6.0] [cxt 0] Pipeline 'egress': start
[09:22:33.575] [bmv2] [D] [thread 21400] [6.0] [cxt 0] Pipeline 'egress': end
[09:22:33.575] [bmv2] [D] [thread 21400] [6.0] [cxt 0] Deparser 'deparser': start
[09:22:33.575] [bmv2] [T] [thread 21400] [6.0] [cxt 0] Skipping checksum 'cksum' update because condition not met
[09:22:33.575] [bmv2] [D] [thread 21400] [6.0] [cxt 0] Deparsing header 'ethernet'
[09:22:33.575] [bmv2] [D] [thread 21400] [6.0] [cxt 0] Deparser 'deparser': end
[09:22:33.576] [bmv2] [D] [thread 21404] [6.0] [cxt 0] Transmitting packet of size 196 out of port 0
[09:22:33.726] [bmv2] [D] [thread 21399] [7.0] [cxt 0] Processing packet received on port 3
[09:22:33.726] [bmv2] [D] [thread 21399] [7.0] [cxt 0] Parser 'parser': start
[09:22:33.726] [bmv2] [D] [thread 21399] [7.0] [cxt 0] Parser 'parser' entering state 'start'
[09:22:33.726] [bmv2] [D] [thread 21399] [7.0] [cxt 0] Extracting header 'ethernet'
[09:22:33.726] [bmv2] [D] [thread 21399] [7.0] [cxt 0] Parser state 'start': key is 86dd
[09:22:33.726] [bmv2] [T] [thread 21399] [7.0] [cxt 0] Bytes parsed: 14
[09:22:33.726] [bmv2] [D] [thread 21399] [7.0] [cxt 0] Parser 'parser': end
[09:22:33.726] [bmv2] [D] [thread 21399] [7.0] [cxt 0] Pipeline 'ingress': start
[09:22:33.726] [bmv2] [T] [thread 21399] [7.0] [cxt 0] qos.p4(164) Condition "hdr.ipv4.isValid()" (node_2) is false
[09:22:33.726] [bmv2] [D] [thread 21399] [7.0] [cxt 0] Pipeline 'ingress': end
[09:22:33.726] [bmv2] [D] [thread 21399] [7.0] [cxt 0] Egress port is 0
[09:22:33.726] [bmv2] [D] [thread 21400] [7.0] [cxt 0] Pipeline 'egress': start
[09:22:33.726] [bmv2] [D] [thread 21400] [7.0] [cxt 0] Pipeline 'egress': end
[09:22:33.726] [bmv2] [D] [thread 21400] [7.0] [cxt 0] Deparser 'deparser': start
[09:22:33.726] [bmv2] [T] [thread 21400] [7.0] [cxt 0] Skipping checksum 'cksum' update because condition not met
[09:22:33.726] [bmv2] [D] [thread 21400] [7.0] [cxt 0] Deparsing header 'ethernet'
[09:22:33.726] [bmv2] [D] [thread 21400] [7.0] [cxt 0] Deparser 'deparser': end
[09:22:33.727] [bmv2] [D] [thread 21404] [7.0] [cxt 0] Transmitting packet of size 70 out of port 0
[09:22:33.842] [bmv2] [D] [thread 21399] [8.0] [cxt 0] Processing packet received on port 3
[09:22:33.842] [bmv2] [D] [thread 21399] [8.0] [cxt 0] Parser 'parser': start
[09:22:33.842] [bmv2] [D] [thread 21399] [8.0] [cxt 0] Parser 'parser' entering state 'start'
[09:22:33.842] [bmv2] [D] [thread 21399] [8.0] [cxt 0] Extracting header 'ethernet'
[09:22:33.842] [bmv2] [D] [thread 21399] [8.0] [cxt 0] Parser state 'start': key is 86dd
[09:22:33.842] [bmv2] [T] [thread 21399] [8.0] [cxt 0] Bytes parsed: 14
[09:22:33.842] [bmv2] [D] [thread 21399] [8.0] [cxt 0] Parser 'parser': end
[09:22:33.842] [bmv2] [D] [thread 21399] [8.0] [cxt 0] Pipeline 'ingress': start
[09:22:33.842] [bmv2] [T] [thread 21399] [8.0] [cxt 0] qos.p4(164) Condition "hdr.ipv4.isValid()" (node_2) is false
[09:22:33.842] [bmv2] [D] [thread 21399] [8.0] [cxt 0] Pipeline 'ingress': end
[09:22:33.842] [bmv2] [D] [thread 21399] [8.0] [cxt 0] Egress port is 0
[09:22:33.842] [bmv2] [D] [thread 21400] [8.0] [cxt 0] Pipeline 'egress': start
[09:22:33.842] [bmv2] [D] [thread 21400] [8.0] [cxt 0] Pipeline 'egress': end
[09:22:33.842] [bmv2] [D] [thread 21400] [8.0] [cxt 0] Deparser 'deparser': start
[09:22:33.843] [bmv2] [T] [thread 21400] [8.0] [cxt 0] Skipping checksum 'cksum' update because condition not met
[09:22:33.843] [bmv2] [D] [thread 21400] [8.0] [cxt 0] Deparsing header 'ethernet'
[09:22:33.843] [bmv2] [D] [thread 21400] [8.0] [cxt 0] Deparser 'deparser': end
[09:22:33.843] [bmv2] [D] [thread 21404] [8.0] [cxt 0] Transmitting packet of size 196 out of port 0
[09:22:33.979] [bmv2] [D] [thread 21399] [9.0] [cxt 0] Processing packet received on port 3
[09:22:33.979] [bmv2] [D] [thread 21399] [9.0] [cxt 0] Parser 'parser': start
[09:22:33.979] [bmv2] [D] [thread 21399] [9.0] [cxt 0] Parser 'parser' entering state 'start'
[09:22:33.980] [bmv2] [D] [thread 21399] [9.0] [cxt 0] Extracting header 'ethernet'
[09:22:33.980] [bmv2] [D] [thread 21399] [9.0] [cxt 0] Parser state 'start': key is 86dd
[09:22:33.980] [bmv2] [T] [thread 21399] [9.0] [cxt 0] Bytes parsed: 14
[09:22:33.980] [bmv2] [D] [thread 21399] [9.0] [cxt 0] Parser 'parser': end
[09:22:33.980] [bmv2] [D] [thread 21399] [9.0] [cxt 0] Pipeline 'ingress': start
[09:22:33.980] [bmv2] [T] [thread 21399] [9.0] [cxt 0] qos.p4(164) Condition "hdr.ipv4.isValid()" (node_2) is false
[09:22:33.980] [bmv2] [D] [thread 21399] [9.0] [cxt 0] Pipeline 'ingress': end
[09:22:33.980] [bmv2] [D] [thread 21399] [9.0] [cxt 0] Egress port is 0
[09:22:33.982] [bmv2] [D] [thread 21400] [9.0] [cxt 0] Pipeline 'egress': start
[09:22:33.983] [bmv2] [D] [thread 21400] [9.0] [cxt 0] Pipeline 'egress': end
[09:22:33.983] [bmv2] [D] [thread 21400] [9.0] [cxt 0] Deparser 'deparser': start
[09:22:33.983] [bmv2] [T] [thread 21400] [9.0] [cxt 0] Skipping checksum 'cksum' update because condition not met
[09:22:33.983] [bmv2] [D] [thread 21400] [9.0] [cxt 0] Deparsing header 'ethernet'
[09:22:33.983] [bmv2] [D] [thread 21400] [9.0] [cxt 0] Deparser 'deparser': end
[09:22:33.983] [bmv2] [D] [thread 21404] [9.0] [cxt 0] Transmitting packet of size 70 out of port 0
[09:22:34.123] [bmv2] [D] [thread 21399] [10.0] [cxt 0] Processing packet received on port 2
[09:22:34.123] [bmv2] [D] [thread 21399] [10.0] [cxt 0] Parser 'parser': start
[09:22:34.123] [bmv2] [D] [thread 21399] [10.0] [cxt 0] Parser 'parser' entering state 'start'
[09:22:34.123] [bmv2] [D] [thread 21399] [10.0] [cxt 0] Extracting header 'ethernet'
[09:22:34.123] [bmv2] [D] [thread 21399] [10.0] [cxt 0] Parser state 'start': key is 86dd
[09:22:34.123] [bmv2] [T] [thread 21399] [10.0] [cxt 0] Bytes parsed: 14
[09:22:34.123] [bmv2] [D] [thread 21399] [10.0] [cxt 0] Parser 'parser': end
[09:22:34.123] [bmv2] [D] [thread 21399] [10.0] [cxt 0] Pipeline 'ingress': start
[09:22:34.123] [bmv2] [T] [thread 21399] [10.0] [cxt 0] qos.p4(164) Condition "hdr.ipv4.isValid()" (node_2) is false
[09:22:34.123] [bmv2] [D] [thread 21399] [10.0] [cxt 0] Pipeline 'ingress': end
[09:22:34.123] [bmv2] [D] [thread 21399] [10.0] [cxt 0] Egress port is 0
[09:22:34.124] [bmv2] [D] [thread 21400] [10.0] [cxt 0] Pipeline 'egress': start
[09:22:34.124] [bmv2] [D] [thread 21400] [10.0] [cxt 0] Pipeline 'egress': end
[09:22:34.124] [bmv2] [D] [thread 21400] [10.0] [cxt 0] Deparser 'deparser': start
[09:22:34.124] [bmv2] [T] [thread 21400] [10.0] [cxt 0] Skipping checksum 'cksum' update because condition not met
[09:22:34.124] [bmv2] [D] [thread 21400] [10.0] [cxt 0] Deparsing header 'ethernet'
[09:22:34.124] [bmv2] [D] [thread 21400] [10.0] [cxt 0] Deparser 'deparser': end
[09:22:34.124] [bmv2] [D] [thread 21404] [10.0] [cxt 0] Transmitting packet of size 196 out of port 0
[09:22:34.236] [bmv2] [D] [thread 21399] [11.0] [cxt 0] Processing packet received on port 2
[09:22:34.236] [bmv2] [D] [thread 21399] [11.0] [cxt 0] Parser 'parser': start
[09:22:34.236] [bmv2] [D] [thread 21399] [11.0] [cxt 0] Parser 'parser' entering state 'start'
[09:22:34.236] [bmv2] [D] [thread 21399] [11.0] [cxt 0] Extracting header 'ethernet'
[09:22:34.236] [bmv2] [D] [thread 21399] [11.0] [cxt 0] Parser state 'start': key is 86dd
[09:22:34.236] [bmv2] [T] [thread 21399] [11.0] [cxt 0] Bytes parsed: 14
[09:22:34.236] [bmv2] [D] [thread 21399] [11.0] [cxt 0] Parser 'parser': end
[09:22:34.236] [bmv2] [D] [thread 21399] [11.0] [cxt 0] Pipeline 'ingress': start
[09:22:34.236] [bmv2] [T] [thread 21399] [11.0] [cxt 0] qos.p4(164) Condition "hdr.ipv4.isValid()" (node_2) is false
[09:22:34.236] [bmv2] [D] [thread 21399] [11.0] [cxt 0] Pipeline 'ingress': end
[09:22:34.236] [bmv2] [D] [thread 21399] [11.0] [cxt 0] Egress port is 0
[09:22:34.237] [bmv2] [D] [thread 21400] [11.0] [cxt 0] Pipeline 'egress': start
[09:22:34.238] [bmv2] [D] [thread 21400] [11.0] [cxt 0] Pipeline 'egress': end
[09:22:34.238] [bmv2] [D] [thread 21400] [11.0] [cxt 0] Deparser 'deparser': start
[09:22:34.238] [bmv2] [T] [thread 21400] [11.0] [cxt 0] Skipping checksum 'cksum' update because condition not met
[09:22:34.238] [bmv2] [D] [thread 21400] [11.0] [cxt 0] Deparsing header 'ethernet'
[09:22:34.238] [bmv2] [D] [thread 21400] [11.0] [cxt 0] Deparser 'deparser': end
[09:22:34.239] [bmv2] [D] [thread 21404] [11.0] [cxt 0] Transmitting packet of size 70 out of port 0
