Calling target program-options parser
[09:44:09.928] [bmv2] [D] [thread 4591] Set default default entry for table 'MyIngress.ipv4_lpm': MyIngress.drop - 
[09:44:09.928] [bmv2] [D] [thread 4591] Set default default entry for table 'MyIngress.myTunnel_exact': MyIngress.drop - 
Adding interface s1-eth1 as port 1
[09:44:09.928] [bmv2] [D] [thread 4591] Adding interface s1-eth1 as port 1
Adding interface s1-eth2 as port 2
[09:44:09.965] [bmv2] [D] [thread 4591] Adding interface s1-eth2 as port 2
Server listening on 0.0.0.0:50051
[09:44:10.006] [bmv2] [I] [thread 4591] Starting Thrift server on port 9090
[09:44:10.007] [bmv2] [I] [thread 4591] Thrift server was started
[09:44:10.161] [bmv2] [D] [thread 4602] [0.0] [cxt 0] Processing packet received on port 1
[09:44:10.161] [bmv2] [D] [thread 4602] [0.0] [cxt 0] Parser 'parser': start
[09:44:10.161] [bmv2] [D] [thread 4602] [0.0] [cxt 0] Parser 'parser' entering state 'start'
[09:44:10.161] [bmv2] [D] [thread 4602] [0.0] [cxt 0] Extracting header 'ethernet'
[09:44:10.161] [bmv2] [D] [thread 4602] [0.0] [cxt 0] Parser state 'start': key is 86dd
[09:44:10.161] [bmv2] [T] [thread 4602] [0.0] [cxt 0] Bytes parsed: 14
[09:44:10.161] [bmv2] [D] [thread 4602] [0.0] [cxt 0] Parser 'parser': end
[09:44:10.161] [bmv2] [D] [thread 4602] [0.0] [cxt 0] Pipeline 'ingress': start
[09:44:10.161] [bmv2] [T] [thread 4602] [0.0] [cxt 0] basic_tunnel.p4(152) Condition "hdr.ipv4.isValid() && !hdr.myTunnel.isValid()" (node_2) is false
[09:44:10.161] [bmv2] [T] [thread 4602] [0.0] [cxt 0] basic_tunnel.p4(155) Condition "hdr.myTunnel.isValid()" (node_4) is false
[09:44:10.161] [bmv2] [D] [thread 4602] [0.0] [cxt 0] Pipeline 'ingress': end
[09:44:10.161] [bmv2] [D] [thread 4602] [0.0] [cxt 0] Egress port is 0
[09:44:10.161] [bmv2] [D] [thread 4603] [0.0] [cxt 0] Pipeline 'egress': start
[09:44:10.161] [bmv2] [D] [thread 4603] [0.0] [cxt 0] Pipeline 'egress': end
[09:44:10.161] [bmv2] [D] [thread 4603] [0.0] [cxt 0] Deparser 'deparser': start
[09:44:10.161] [bmv2] [T] [thread 4603] [0.0] [cxt 0] Skipping checksum 'cksum' update because condition not met
[09:44:10.161] [bmv2] [D] [thread 4603] [0.0] [cxt 0] Deparsing header 'ethernet'
[09:44:10.161] [bmv2] [D] [thread 4603] [0.0] [cxt 0] Deparser 'deparser': end
[09:44:10.161] [bmv2] [D] [thread 4607] [0.0] [cxt 0] Transmitting packet of size 90 out of port 0
[09:44:10.480] [bmv2] [D] [thread 4602] [1.0] [cxt 0] Processing packet received on port 2
[09:44:10.481] [bmv2] [D] [thread 4602] [1.0] [cxt 0] Parser 'parser': start
[09:44:10.481] [bmv2] [D] [thread 4602] [1.0] [cxt 0] Parser 'parser' entering state 'start'
[09:44:10.481] [bmv2] [D] [thread 4602] [1.0] [cxt 0] Extracting header 'ethernet'
[09:44:10.481] [bmv2] [D] [thread 4602] [1.0] [cxt 0] Parser state 'start': key is 86dd
[09:44:10.481] [bmv2] [T] [thread 4602] [1.0] [cxt 0] Bytes parsed: 14
[09:44:10.481] [bmv2] [D] [thread 4602] [1.0] [cxt 0] Parser 'parser': end
[09:44:10.481] [bmv2] [D] [thread 4602] [1.0] [cxt 0] Pipeline 'ingress': start
[09:44:10.481] [bmv2] [T] [thread 4602] [1.0] [cxt 0] basic_tunnel.p4(152) Condition "hdr.ipv4.isValid() && !hdr.myTunnel.isValid()" (node_2) is false
[09:44:10.481] [bmv2] [T] [thread 4602] [1.0] [cxt 0] basic_tunnel.p4(155) Condition "hdr.myTunnel.isValid()" (node_4) is false
[09:44:10.481] [bmv2] [D] [thread 4602] [1.0] [cxt 0] Pipeline 'ingress': end
[09:44:10.481] [bmv2] [D] [thread 4602] [1.0] [cxt 0] Egress port is 0
[09:44:10.481] [bmv2] [D] [thread 4603] [1.0] [cxt 0] Pipeline 'egress': start
[09:44:10.481] [bmv2] [D] [thread 4603] [1.0] [cxt 0] Pipeline 'egress': end
[09:44:10.481] [bmv2] [D] [thread 4603] [1.0] [cxt 0] Deparser 'deparser': start
[09:44:10.481] [bmv2] [T] [thread 4603] [1.0] [cxt 0] Skipping checksum 'cksum' update because condition not met
[09:44:10.481] [bmv2] [D] [thread 4603] [1.0] [cxt 0] Deparsing header 'ethernet'
[09:44:10.481] [bmv2] [D] [thread 4603] [1.0] [cxt 0] Deparser 'deparser': end
[09:44:10.481] [bmv2] [D] [thread 4607] [1.0] [cxt 0] Transmitting packet of size 90 out of port 0
[09:44:10.550] [bmv2] [D] [thread 4602] [2.0] [cxt 0] Processing packet received on port 1
[09:44:10.550] [bmv2] [D] [thread 4602] [2.0] [cxt 0] Parser 'parser': start
[09:44:10.550] [bmv2] [D] [thread 4602] [2.0] [cxt 0] Parser 'parser' entering state 'start'
[09:44:10.550] [bmv2] [D] [thread 4602] [2.0] [cxt 0] Extracting header 'ethernet'
[09:44:10.550] [bmv2] [D] [thread 4602] [2.0] [cxt 0] Parser state 'start': key is 86dd
[09:44:10.550] [bmv2] [T] [thread 4602] [2.0] [cxt 0] Bytes parsed: 14
[09:44:10.550] [bmv2] [D] [thread 4602] [2.0] [cxt 0] Parser 'parser': end
[09:44:10.551] [bmv2] [D] [thread 4602] [2.0] [cxt 0] Pipeline 'ingress': start
[09:44:10.551] [bmv2] [T] [thread 4602] [2.0] [cxt 0] basic_tunnel.p4(152) Condition "hdr.ipv4.isValid() && !hdr.myTunnel.isValid()" (node_2) is false
[09:44:10.551] [bmv2] [T] [thread 4602] [2.0] [cxt 0] basic_tunnel.p4(155) Condition "hdr.myTunnel.isValid()" (node_4) is false
[09:44:10.551] [bmv2] [D] [thread 4602] [2.0] [cxt 0] Pipeline 'ingress': end
[09:44:10.551] [bmv2] [D] [thread 4602] [2.0] [cxt 0] Egress port is 0
[09:44:10.551] [bmv2] [D] [thread 4602] [3.0] [cxt 0] Processing packet received on port 1
[09:44:10.551] [bmv2] [D] [thread 4602] [3.0] [cxt 0] Parser 'parser': start
[09:44:10.551] [bmv2] [D] [thread 4602] [3.0] [cxt 0] Parser 'parser' entering state 'start'
[09:44:10.551] [bmv2] [D] [thread 4602] [3.0] [cxt 0] Extracting header 'ethernet'
[09:44:10.551] [bmv2] [D] [thread 4602] [3.0] [cxt 0] Parser state 'start': key is 86dd
[09:44:10.551] [bmv2] [T] [thread 4602] [3.0] [cxt 0] Bytes parsed: 14
[09:44:10.551] [bmv2] [D] [thread 4602] [3.0] [cxt 0] Parser 'parser': end
[09:44:10.551] [bmv2] [D] [thread 4602] [3.0] [cxt 0] Pipeline 'ingress': start
[09:44:10.551] [bmv2] [T] [thread 4602] [3.0] [cxt 0] basic_tunnel.p4(152) Condition "hdr.ipv4.isValid() && !hdr.myTunnel.isValid()" (node_2) is false
[09:44:10.551] [bmv2] [T] [thread 4602] [3.0] [cxt 0] basic_tunnel.p4(155) Condition "hdr.myTunnel.isValid()" (node_4) is false
[09:44:10.551] [bmv2] [D] [thread 4602] [3.0] [cxt 0] Pipeline 'ingress': end
[09:44:10.551] [bmv2] [D] [thread 4602] [3.0] [cxt 0] Egress port is 0
[09:44:10.551] [bmv2] [D] [thread 4603] [2.0] [cxt 0] Pipeline 'egress': start
[09:44:10.551] [bmv2] [D] [thread 4603] [2.0] [cxt 0] Pipeline 'egress': end
[09:44:10.551] [bmv2] [D] [thread 4603] [2.0] [cxt 0] Deparser 'deparser': start
[09:44:10.551] [bmv2] [T] [thread 4603] [2.0] [cxt 0] Skipping checksum 'cksum' update because condition not met
[09:44:10.551] [bmv2] [D] [thread 4603] [2.0] [cxt 0] Deparsing header 'ethernet'
[09:44:10.551] [bmv2] [D] [thread 4603] [2.0] [cxt 0] Deparser 'deparser': end
[09:44:10.551] [bmv2] [D] [thread 4603] [3.0] [cxt 0] Pipeline 'egress': start
[09:44:10.551] [bmv2] [D] [thread 4603] [3.0] [cxt 0] Pipeline 'egress': end
[09:44:10.551] [bmv2] [D] [thread 4603] [3.0] [cxt 0] Deparser 'deparser': start
[09:44:10.551] [bmv2] [T] [thread 4603] [3.0] [cxt 0] Skipping checksum 'cksum' update because condition not met
[09:44:10.551] [bmv2] [D] [thread 4603] [3.0] [cxt 0] Deparsing header 'ethernet'
[09:44:10.551] [bmv2] [D] [thread 4603] [3.0] [cxt 0] Deparser 'deparser': end
[09:44:10.551] [bmv2] [D] [thread 4607] [2.0] [cxt 0] Transmitting packet of size 90 out of port 0
[09:44:10.551] [bmv2] [D] [thread 4607] [3.0] [cxt 0] Transmitting packet of size 70 out of port 0
[09:44:10.563] [bmv2] [D] [thread 4602] [4.0] [cxt 0] Processing packet received on port 1
[09:44:10.563] [bmv2] [D] [thread 4602] [4.0] [cxt 0] Parser 'parser': start
[09:44:10.563] [bmv2] [D] [thread 4602] [4.0] [cxt 0] Parser 'parser' entering state 'start'
[09:44:10.563] [bmv2] [D] [thread 4602] [4.0] [cxt 0] Extracting header 'ethernet'
[09:44:10.563] [bmv2] [D] [thread 4602] [4.0] [cxt 0] Parser state 'start': key is 86dd
[09:44:10.563] [bmv2] [T] [thread 4602] [4.0] [cxt 0] Bytes parsed: 14
[09:44:10.563] [bmv2] [D] [thread 4602] [4.0] [cxt 0] Parser 'parser': end
[09:44:10.563] [bmv2] [D] [thread 4602] [4.0] [cxt 0] Pipeline 'ingress': start
[09:44:10.563] [bmv2] [T] [thread 4602] [4.0] [cxt 0] basic_tunnel.p4(152) Condition "hdr.ipv4.isValid() && !hdr.myTunnel.isValid()" (node_2) is false
[09:44:10.563] [bmv2] [T] [thread 4602] [4.0] [cxt 0] basic_tunnel.p4(155) Condition "hdr.myTunnel.isValid()" (node_4) is false
[09:44:10.563] [bmv2] [D] [thread 4602] [4.0] [cxt 0] Pipeline 'ingress': end
[09:44:10.569] [bmv2] [D] [thread 4602] [4.0] [cxt 0] Egress port is 0
[09:44:10.569] [bmv2] [D] [thread 4603] [4.0] [cxt 0] Pipeline 'egress': start
[09:44:10.569] [bmv2] [D] [thread 4603] [4.0] [cxt 0] Pipeline 'egress': end
[09:44:10.569] [bmv2] [D] [thread 4603] [4.0] [cxt 0] Deparser 'deparser': start
[09:44:10.569] [bmv2] [T] [thread 4603] [4.0] [cxt 0] Skipping checksum 'cksum' update because condition not met
[09:44:10.570] [bmv2] [D] [thread 4603] [4.0] [cxt 0] Deparsing header 'ethernet'
[09:44:10.570] [bmv2] [D] [thread 4603] [4.0] [cxt 0] Deparser 'deparser': end
[09:44:10.570] [bmv2] [D] [thread 4607] [4.0] [cxt 0] Transmitting packet of size 90 out of port 0
[09:44:10.667] [bmv2] [D] [thread 4602] [5.0] [cxt 0] Processing packet received on port 1
[09:44:10.667] [bmv2] [D] [thread 4602] [5.0] [cxt 0] Parser 'parser': start
[09:44:10.667] [bmv2] [D] [thread 4602] [5.0] [cxt 0] Parser 'parser' entering state 'start'
[09:44:10.667] [bmv2] [D] [thread 4602] [5.0] [cxt 0] Extracting header 'ethernet'
[09:44:10.667] [bmv2] [D] [thread 4602] [5.0] [cxt 0] Parser state 'start': key is 86dd
[09:44:10.667] [bmv2] [T] [thread 4602] [5.0] [cxt 0] Bytes parsed: 14
[09:44:10.667] [bmv2] [D] [thread 4602] [5.0] [cxt 0] Parser 'parser': end
[09:44:10.667] [bmv2] [D] [thread 4602] [5.0] [cxt 0] Pipeline 'ingress': start
[09:44:10.667] [bmv2] [T] [thread 4602] [5.0] [cxt 0] basic_tunnel.p4(152) Condition "hdr.ipv4.isValid() && !hdr.myTunnel.isValid()" (node_2) is false
[09:44:10.667] [bmv2] [T] [thread 4602] [5.0] [cxt 0] basic_tunnel.p4(155) Condition "hdr.myTunnel.isValid()" (node_4) is false
[09:44:10.667] [bmv2] [D] [thread 4602] [5.0] [cxt 0] Pipeline 'ingress': end
[09:44:10.667] [bmv2] [D] [thread 4602] [5.0] [cxt 0] Egress port is 0
[09:44:10.667] [bmv2] [D] [thread 4603] [5.0] [cxt 0] Pipeline 'egress': start
[09:44:10.667] [bmv2] [D] [thread 4603] [5.0] [cxt 0] Pipeline 'egress': end
[09:44:10.667] [bmv2] [D] [thread 4603] [5.0] [cxt 0] Deparser 'deparser': start
[09:44:10.667] [bmv2] [T] [thread 4603] [5.0] [cxt 0] Skipping checksum 'cksum' update because condition not met
[09:44:10.667] [bmv2] [D] [thread 4603] [5.0] [cxt 0] Deparsing header 'ethernet'
[09:44:10.667] [bmv2] [D] [thread 4603] [5.0] [cxt 0] Deparser 'deparser': end
[09:44:10.668] [bmv2] [D] [thread 4607] [5.0] [cxt 0] Transmitting packet of size 208 out of port 0
[09:44:10.789] [bmv2] [D] [thread 4602] [6.0] [cxt 0] Processing packet received on port 1
[09:44:10.789] [bmv2] [D] [thread 4602] [6.0] [cxt 0] Parser 'parser': start
[09:44:10.789] [bmv2] [D] [thread 4602] [6.0] [cxt 0] Parser 'parser' entering state 'start'
[09:44:10.789] [bmv2] [D] [thread 4602] [6.0] [cxt 0] Extracting header 'ethernet'
[09:44:10.789] [bmv2] [D] [thread 4602] [6.0] [cxt 0] Parser state 'start': key is 86dd
[09:44:10.789] [bmv2] [T] [thread 4602] [6.0] [cxt 0] Bytes parsed: 14
[09:44:10.789] [bmv2] [D] [thread 4602] [6.0] [cxt 0] Parser 'parser': end
[09:44:10.789] [bmv2] [D] [thread 4602] [6.0] [cxt 0] Pipeline 'ingress': start
[09:44:10.789] [bmv2] [T] [thread 4602] [6.0] [cxt 0] basic_tunnel.p4(152) Condition "hdr.ipv4.isValid() && !hdr.myTunnel.isValid()" (node_2) is false
[09:44:10.789] [bmv2] [T] [thread 4602] [6.0] [cxt 0] basic_tunnel.p4(155) Condition "hdr.myTunnel.isValid()" (node_4) is false
[09:44:10.789] [bmv2] [D] [thread 4602] [6.0] [cxt 0] Pipeline 'ingress': end
[09:44:10.789] [bmv2] [D] [thread 4602] [6.0] [cxt 0] Egress port is 0
[09:44:10.789] [bmv2] [D] [thread 4603] [6.0] [cxt 0] Pipeline 'egress': start
[09:44:10.789] [bmv2] [D] [thread 4603] [6.0] [cxt 0] Pipeline 'egress': end
[09:44:10.789] [bmv2] [D] [thread 4603] [6.0] [cxt 0] Deparser 'deparser': start
[09:44:10.789] [bmv2] [T] [thread 4603] [6.0] [cxt 0] Skipping checksum 'cksum' update because condition not met
[09:44:10.789] [bmv2] [D] [thread 4603] [6.0] [cxt 0] Deparsing header 'ethernet'
[09:44:10.789] [bmv2] [D] [thread 4603] [6.0] [cxt 0] Deparser 'deparser': end
[09:44:10.790] [bmv2] [D] [thread 4607] [6.0] [cxt 0] Transmitting packet of size 90 out of port 0
[09:44:10.894] [bmv2] [D] [thread 4602] [7.0] [cxt 0] Processing packet received on port 2
[09:44:10.895] [bmv2] [D] [thread 4602] [7.0] [cxt 0] Parser 'parser': start
[09:44:10.895] [bmv2] [D] [thread 4602] [7.0] [cxt 0] Parser 'parser' entering state 'start'
[09:44:10.895] [bmv2] [D] [thread 4602] [7.0] [cxt 0] Extracting header 'ethernet'
[09:44:10.895] [bmv2] [D] [thread 4602] [7.0] [cxt 0] Parser state 'start': key is 86dd
[09:44:10.895] [bmv2] [T] [thread 4602] [7.0] [cxt 0] Bytes parsed: 14
[09:44:10.895] [bmv2] [D] [thread 4602] [7.0] [cxt 0] Parser 'parser': end
[09:44:10.895] [bmv2] [D] [thread 4602] [7.0] [cxt 0] Pipeline 'ingress': start
[09:44:10.895] [bmv2] [T] [thread 4602] [7.0] [cxt 0] basic_tunnel.p4(152) Condition "hdr.ipv4.isValid() && !hdr.myTunnel.isValid()" (node_2) is false
[09:44:10.895] [bmv2] [T] [thread 4602] [7.0] [cxt 0] basic_tunnel.p4(155) Condition "hdr.myTunnel.isValid()" (node_4) is false
[09:44:10.895] [bmv2] [D] [thread 4602] [7.0] [cxt 0] Pipeline 'ingress': end
[09:44:10.895] [bmv2] [D] [thread 4602] [7.0] [cxt 0] Egress port is 0
[09:44:10.895] [bmv2] [D] [thread 4602] [8.0] [cxt 0] Processing packet received on port 2
[09:44:10.895] [bmv2] [D] [thread 4602] [8.0] [cxt 0] Parser 'parser': start
[09:44:10.895] [bmv2] [D] [thread 4602] [8.0] [cxt 0] Parser 'parser' entering state 'start'
[09:44:10.895] [bmv2] [D] [thread 4602] [8.0] [cxt 0] Extracting header 'ethernet'
[09:44:10.895] [bmv2] [D] [thread 4602] [8.0] [cxt 0] Parser state 'start': key is 86dd
[09:44:10.895] [bmv2] [T] [thread 4602] [8.0] [cxt 0] Bytes parsed: 14
[09:44:10.895] [bmv2] [D] [thread 4602] [8.0] [cxt 0] Parser 'parser': end
[09:44:10.895] [bmv2] [D] [thread 4602] [8.0] [cxt 0] Pipeline 'ingress': start
[09:44:10.895] [bmv2] [T] [thread 4602] [8.0] [cxt 0] basic_tunnel.p4(152) Condition "hdr.ipv4.isValid() && !hdr.myTunnel.isValid()" (node_2) is false
[09:44:10.895] [bmv2] [T] [thread 4602] [8.0] [cxt 0] basic_tunnel.p4(155) Condition "hdr.myTunnel.isValid()" (node_4) is false
[09:44:10.895] [bmv2] [D] [thread 4602] [8.0] [cxt 0] Pipeline 'ingress': end
[09:44:10.895] [bmv2] [D] [thread 4602] [8.0] [cxt 0] Egress port is 0
[09:44:10.896] [bmv2] [D] [thread 4603] [7.0] [cxt 0] Pipeline 'egress': start
[09:44:10.896] [bmv2] [D] [thread 4603] [7.0] [cxt 0] Pipeline 'egress': end
[09:44:10.896] [bmv2] [D] [thread 4603] [7.0] [cxt 0] Deparser 'deparser': start
[09:44:10.896] [bmv2] [T] [thread 4603] [7.0] [cxt 0] Skipping checksum 'cksum' update because condition not met
[09:44:10.896] [bmv2] [D] [thread 4603] [7.0] [cxt 0] Deparsing header 'ethernet'
[09:44:10.896] [bmv2] [D] [thread 4603] [7.0] [cxt 0] Deparser 'deparser': end
[09:44:10.896] [bmv2] [D] [thread 4603] [8.0] [cxt 0] Pipeline 'egress': start
[09:44:10.896] [bmv2] [D] [thread 4603] [8.0] [cxt 0] Pipeline 'egress': end
[09:44:10.896] [bmv2] [D] [thread 4603] [8.0] [cxt 0] Deparser 'deparser': start
[09:44:10.896] [bmv2] [T] [thread 4603] [8.0] [cxt 0] Skipping checksum 'cksum' update because condition not met
[09:44:10.896] [bmv2] [D] [thread 4603] [8.0] [cxt 0] Deparsing header 'ethernet'
[09:44:10.896] [bmv2] [D] [thread 4603] [8.0] [cxt 0] Deparser 'deparser': end
[09:44:10.896] [bmv2] [D] [thread 4607] [7.0] [cxt 0] Transmitting packet of size 90 out of port 0
[09:44:10.896] [bmv2] [D] [thread 4607] [8.0] [cxt 0] Transmitting packet of size 70 out of port 0
[09:44:10.913] [bmv2] [D] [thread 4602] [9.0] [cxt 0] Processing packet received on port 2
[09:44:10.913] [bmv2] [D] [thread 4602] [9.0] [cxt 0] Parser 'parser': start
[09:44:10.913] [bmv2] [D] [thread 4602] [9.0] [cxt 0] Parser 'parser' entering state 'start'
[09:44:10.913] [bmv2] [D] [thread 4602] [9.0] [cxt 0] Extracting header 'ethernet'
[09:44:10.913] [bmv2] [D] [thread 4602] [9.0] [cxt 0] Parser state 'start': key is 86dd
[09:44:10.913] [bmv2] [T] [thread 4602] [9.0] [cxt 0] Bytes parsed: 14
[09:44:10.914] [bmv2] [D] [thread 4602] [9.0] [cxt 0] Parser 'parser': end
[09:44:10.915] [bmv2] [D] [thread 4602] [9.0] [cxt 0] Pipeline 'ingress': start
[09:44:10.915] [bmv2] [T] [thread 4602] [9.0] [cxt 0] basic_tunnel.p4(152) Condition "hdr.ipv4.isValid() && !hdr.myTunnel.isValid()" (node_2) is false
[09:44:10.915] [bmv2] [T] [thread 4602] [9.0] [cxt 0] basic_tunnel.p4(155) Condition "hdr.myTunnel.isValid()" (node_4) is false
[09:44:10.915] [bmv2] [D] [thread 4602] [9.0] [cxt 0] Pipeline 'ingress': end
[09:44:10.915] [bmv2] [D] [thread 4602] [9.0] [cxt 0] Egress port is 0
[09:44:10.915] [bmv2] [D] [thread 4603] [9.0] [cxt 0] Pipeline 'egress': start
[09:44:10.915] [bmv2] [D] [thread 4603] [9.0] [cxt 0] Pipeline 'egress': end
[09:44:10.915] [bmv2] [D] [thread 4603] [9.0] [cxt 0] Deparser 'deparser': start
[09:44:10.915] [bmv2] [T] [thread 4603] [9.0] [cxt 0] Skipping checksum 'cksum' update because condition not met
[09:44:10.915] [bmv2] [D] [thread 4603] [9.0] [cxt 0] Deparsing header 'ethernet'
[09:44:10.915] [bmv2] [D] [thread 4603] [9.0] [cxt 0] Deparser 'deparser': end
[09:44:10.916] [bmv2] [D] [thread 4607] [9.0] [cxt 0] Transmitting packet of size 90 out of port 0
[09:44:10.920] [bmv2] [D] [thread 4602] [10.0] [cxt 0] Processing packet received on port 1
[09:44:10.920] [bmv2] [D] [thread 4602] [10.0] [cxt 0] Parser 'parser': start
[09:44:10.920] [bmv2] [D] [thread 4602] [10.0] [cxt 0] Parser 'parser' entering state 'start'
[09:44:10.920] [bmv2] [D] [thread 4602] [10.0] [cxt 0] Extracting header 'ethernet'
[09:44:10.920] [bmv2] [D] [thread 4602] [10.0] [cxt 0] Parser state 'start': key is 86dd
[09:44:10.920] [bmv2] [T] [thread 4602] [10.0] [cxt 0] Bytes parsed: 14
[09:44:10.920] [bmv2] [D] [thread 4602] [10.0] [cxt 0] Parser 'parser': end
[09:44:10.920] [bmv2] [D] [thread 4602] [10.0] [cxt 0] Pipeline 'ingress': start
[09:44:10.920] [bmv2] [T] [thread 4602] [10.0] [cxt 0] basic_tunnel.p4(152) Condition "hdr.ipv4.isValid() && !hdr.myTunnel.isValid()" (node_2) is false
[09:44:10.920] [bmv2] [T] [thread 4602] [10.0] [cxt 0] basic_tunnel.p4(155) Condition "hdr.myTunnel.isValid()" (node_4) is false
[09:44:10.920] [bmv2] [D] [thread 4602] [10.0] [cxt 0] Pipeline 'ingress': end
[09:44:10.920] [bmv2] [D] [thread 4602] [10.0] [cxt 0] Egress port is 0
[09:44:10.920] [bmv2] [D] [thread 4603] [10.0] [cxt 0] Pipeline 'egress': start
[09:44:10.920] [bmv2] [D] [thread 4603] [10.0] [cxt 0] Pipeline 'egress': end
[09:44:10.920] [bmv2] [D] [thread 4603] [10.0] [cxt 0] Deparser 'deparser': start
[09:44:10.920] [bmv2] [T] [thread 4603] [10.0] [cxt 0] Skipping checksum 'cksum' update because condition not met
[09:44:10.920] [bmv2] [D] [thread 4603] [10.0] [cxt 0] Deparsing header 'ethernet'
[09:44:10.920] [bmv2] [D] [thread 4603] [10.0] [cxt 0] Deparser 'deparser': end
[09:44:10.921] [bmv2] [D] [thread 4607] [10.0] [cxt 0] Transmitting packet of size 208 out of port 0
[09:44:11.028] [bmv2] [D] [thread 4602] [11.0] [cxt 0] Processing packet received on port 1
[09:44:11.028] [bmv2] [D] [thread 4602] [11.0] [cxt 0] Parser 'parser': start
[09:44:11.028] [bmv2] [D] [thread 4602] [11.0] [cxt 0] Parser 'parser' entering state 'start'
[09:44:11.028] [bmv2] [D] [thread 4602] [11.0] [cxt 0] Extracting header 'ethernet'
[09:44:11.028] [bmv2] [D] [thread 4602] [11.0] [cxt 0] Parser state 'start': key is 86dd
[09:44:11.028] [bmv2] [T] [thread 4602] [11.0] [cxt 0] Bytes parsed: 14
[09:44:11.028] [bmv2] [D] [thread 4602] [11.0] [cxt 0] Parser 'parser': end
[09:44:11.028] [bmv2] [D] [thread 4602] [11.0] [cxt 0] Pipeline 'ingress': start
[09:44:11.028] [bmv2] [T] [thread 4602] [11.0] [cxt 0] basic_tunnel.p4(152) Condition "hdr.ipv4.isValid() && !hdr.myTunnel.isValid()" (node_2) is false
[09:44:11.028] [bmv2] [T] [thread 4602] [11.0] [cxt 0] basic_tunnel.p4(155) Condition "hdr.myTunnel.isValid()" (node_4) is false
[09:44:11.029] [bmv2] [D] [thread 4602] [11.0] [cxt 0] Pipeline 'ingress': end
[09:44:11.029] [bmv2] [D] [thread 4602] [11.0] [cxt 0] Egress port is 0
[09:44:11.029] [bmv2] [D] [thread 4602] [12.0] [cxt 0] Processing packet received on port 2
[09:44:11.029] [bmv2] [D] [thread 4602] [12.0] [cxt 0] Parser 'parser': start
[09:44:11.029] [bmv2] [D] [thread 4602] [12.0] [cxt 0] Parser 'parser' entering state 'start'
[09:44:11.029] [bmv2] [D] [thread 4602] [12.0] [cxt 0] Extracting header 'ethernet'
[09:44:11.029] [bmv2] [D] [thread 4602] [12.0] [cxt 0] Parser state 'start': key is 86dd
[09:44:11.029] [bmv2] [T] [thread 4602] [12.0] [cxt 0] Bytes parsed: 14
[09:44:11.029] [bmv2] [D] [thread 4602] [12.0] [cxt 0] Parser 'parser': end
[09:44:11.029] [bmv2] [D] [thread 4602] [12.0] [cxt 0] Pipeline 'ingress': start
[09:44:11.029] [bmv2] [T] [thread 4602] [12.0] [cxt 0] basic_tunnel.p4(152) Condition "hdr.ipv4.isValid() && !hdr.myTunnel.isValid()" (node_2) is false
[09:44:11.029] [bmv2] [T] [thread 4602] [12.0] [cxt 0] basic_tunnel.p4(155) Condition "hdr.myTunnel.isValid()" (node_4) is false
[09:44:11.029] [bmv2] [D] [thread 4602] [12.0] [cxt 0] Pipeline 'ingress': end
[09:44:11.029] [bmv2] [D] [thread 4602] [12.0] [cxt 0] Egress port is 0
[09:44:11.032] [bmv2] [D] [thread 4603] [11.0] [cxt 0] Pipeline 'egress': start
[09:44:11.032] [bmv2] [D] [thread 4603] [11.0] [cxt 0] Pipeline 'egress': end
[09:44:11.033] [bmv2] [D] [thread 4603] [11.0] [cxt 0] Deparser 'deparser': start
[09:44:11.033] [bmv2] [T] [thread 4603] [11.0] [cxt 0] Skipping checksum 'cksum' update because condition not met
[09:44:11.033] [bmv2] [D] [thread 4603] [11.0] [cxt 0] Deparsing header 'ethernet'
[09:44:11.033] [bmv2] [D] [thread 4603] [11.0] [cxt 0] Deparser 'deparser': end
[09:44:11.034] [bmv2] [D] [thread 4607] [11.0] [cxt 0] Transmitting packet of size 110 out of port 0
[09:44:11.034] [bmv2] [D] [thread 4603] [12.0] [cxt 0] Pipeline 'egress': start
[09:44:11.034] [bmv2] [D] [thread 4603] [12.0] [cxt 0] Pipeline 'egress': end
[09:44:11.034] [bmv2] [D] [thread 4603] [12.0] [cxt 0] Deparser 'deparser': start
[09:44:11.034] [bmv2] [T] [thread 4603] [12.0] [cxt 0] Skipping checksum 'cksum' update because condition not met
[09:44:11.034] [bmv2] [D] [thread 4603] [12.0] [cxt 0] Deparsing header 'ethernet'
[09:44:11.034] [bmv2] [D] [thread 4603] [12.0] [cxt 0] Deparser 'deparser': end
[09:44:11.035] [bmv2] [D] [thread 4607] [12.0] [cxt 0] Transmitting packet of size 208 out of port 0
[09:44:11.172] [bmv2] [D] [thread 4602] [13.0] [cxt 0] Processing packet received on port 1
[09:44:11.172] [bmv2] [D] [thread 4602] [13.0] [cxt 0] Parser 'parser': start
[09:44:11.172] [bmv2] [D] [thread 4602] [13.0] [cxt 0] Parser 'parser' entering state 'start'
[09:44:11.173] [bmv2] [D] [thread 4602] [13.0] [cxt 0] Extracting header 'ethernet'
[09:44:11.173] [bmv2] [D] [thread 4602] [13.0] [cxt 0] Parser state 'start': key is 86dd
[09:44:11.173] [bmv2] [T] [thread 4602] [13.0] [cxt 0] Bytes parsed: 14
[09:44:11.173] [bmv2] [D] [thread 4602] [13.0] [cxt 0] Parser 'parser': end
[09:44:11.173] [bmv2] [D] [thread 4602] [13.0] [cxt 0] Pipeline 'ingress': start
[09:44:11.173] [bmv2] [T] [thread 4602] [13.0] [cxt 0] basic_tunnel.p4(152) Condition "hdr.ipv4.isValid() && !hdr.myTunnel.isValid()" (node_2) is false
[09:44:11.173] [bmv2] [T] [thread 4602] [13.0] [cxt 0] basic_tunnel.p4(155) Condition "hdr.myTunnel.isValid()" (node_4) is false
[09:44:11.173] [bmv2] [D] [thread 4602] [13.0] [cxt 0] Pipeline 'ingress': end
[09:44:11.173] [bmv2] [D] [thread 4602] [13.0] [cxt 0] Egress port is 0
[09:44:11.173] [bmv2] [D] [thread 4603] [13.0] [cxt 0] Pipeline 'egress': start
[09:44:11.174] [bmv2] [D] [thread 4603] [13.0] [cxt 0] Pipeline 'egress': end
[09:44:11.174] [bmv2] [D] [thread 4603] [13.0] [cxt 0] Deparser 'deparser': start
[09:44:11.174] [bmv2] [T] [thread 4603] [13.0] [cxt 0] Skipping checksum 'cksum' update because condition not met
[09:44:11.174] [bmv2] [D] [thread 4603] [13.0] [cxt 0] Deparsing header 'ethernet'
[09:44:11.174] [bmv2] [D] [thread 4603] [13.0] [cxt 0] Deparser 'deparser': end
[09:44:11.174] [bmv2] [D] [thread 4607] [13.0] [cxt 0] Transmitting packet of size 208 out of port 0
[09:44:11.271] [bmv2] [D] [thread 4602] [14.0] [cxt 0] Processing packet received on port 2
[09:44:11.271] [bmv2] [D] [thread 4602] [14.0] [cxt 0] Parser 'parser': start
[09:44:11.271] [bmv2] [D] [thread 4602] [14.0] [cxt 0] Parser 'parser' entering state 'start'
[09:44:11.271] [bmv2] [D] [thread 4602] [14.0] [cxt 0] Extracting header 'ethernet'
[09:44:11.271] [bmv2] [D] [thread 4602] [14.0] [cxt 0] Parser state 'start': key is 86dd
[09:44:11.271] [bmv2] [T] [thread 4602] [14.0] [cxt 0] Bytes parsed: 14
[09:44:11.271] [bmv2] [D] [thread 4602] [14.0] [cxt 0] Parser 'parser': end
[09:44:11.271] [bmv2] [D] [thread 4602] [14.0] [cxt 0] Pipeline 'ingress': start
[09:44:11.271] [bmv2] [T] [thread 4602] [14.0] [cxt 0] basic_tunnel.p4(152) Condition "hdr.ipv4.isValid() && !hdr.myTunnel.isValid()" (node_2) is false
[09:44:11.271] [bmv2] [T] [thread 4602] [14.0] [cxt 0] basic_tunnel.p4(155) Condition "hdr.myTunnel.isValid()" (node_4) is false
[09:44:11.271] [bmv2] [D] [thread 4602] [14.0] [cxt 0] Pipeline 'ingress': end
[09:44:11.271] [bmv2] [D] [thread 4602] [14.0] [cxt 0] Egress port is 0
[09:44:11.271] [bmv2] [D] [thread 4603] [14.0] [cxt 0] Pipeline 'egress': start
[09:44:11.271] [bmv2] [D] [thread 4603] [14.0] [cxt 0] Pipeline 'egress': end
[09:44:11.271] [bmv2] [D] [thread 4603] [14.0] [cxt 0] Deparser 'deparser': start
[09:44:11.271] [bmv2] [T] [thread 4603] [14.0] [cxt 0] Skipping checksum 'cksum' update because condition not met
[09:44:11.271] [bmv2] [D] [thread 4603] [14.0] [cxt 0] Deparsing header 'ethernet'
[09:44:11.271] [bmv2] [D] [thread 4603] [14.0] [cxt 0] Deparser 'deparser': end
[09:44:11.271] [bmv2] [D] [thread 4607] [14.0] [cxt 0] Transmitting packet of size 208 out of port 0
[09:44:11.372] [bmv2] [D] [thread 4602] [15.0] [cxt 0] Processing packet received on port 1
[09:44:11.372] [bmv2] [D] [thread 4602] [15.0] [cxt 0] Parser 'parser': start
[09:44:11.372] [bmv2] [D] [thread 4602] [15.0] [cxt 0] Parser 'parser' entering state 'start'
[09:44:11.372] [bmv2] [D] [thread 4602] [15.0] [cxt 0] Extracting header 'ethernet'
[09:44:11.372] [bmv2] [D] [thread 4602] [15.0] [cxt 0] Parser state 'start': key is 86dd
[09:44:11.372] [bmv2] [T] [thread 4602] [15.0] [cxt 0] Bytes parsed: 14
[09:44:11.372] [bmv2] [D] [thread 4602] [15.0] [cxt 0] Parser 'parser': end
[09:44:11.372] [bmv2] [D] [thread 4602] [15.0] [cxt 0] Pipeline 'ingress': start
[09:44:11.372] [bmv2] [T] [thread 4602] [15.0] [cxt 0] basic_tunnel.p4(152) Condition "hdr.ipv4.isValid() && !hdr.myTunnel.isValid()" (node_2) is false
[09:44:11.372] [bmv2] [T] [thread 4602] [15.0] [cxt 0] basic_tunnel.p4(155) Condition "hdr.myTunnel.isValid()" (node_4) is false
[09:44:11.372] [bmv2] [D] [thread 4602] [15.0] [cxt 0] Pipeline 'ingress': end
[09:44:11.372] [bmv2] [D] [thread 4602] [15.0] [cxt 0] Egress port is 0
[09:44:11.372] [bmv2] [D] [thread 4603] [15.0] [cxt 0] Pipeline 'egress': start
[09:44:11.372] [bmv2] [D] [thread 4603] [15.0] [cxt 0] Pipeline 'egress': end
[09:44:11.372] [bmv2] [D] [thread 4603] [15.0] [cxt 0] Deparser 'deparser': start
[09:44:11.372] [bmv2] [T] [thread 4603] [15.0] [cxt 0] Skipping checksum 'cksum' update because condition not met
[09:44:11.372] [bmv2] [D] [thread 4603] [15.0] [cxt 0] Deparsing header 'ethernet'
[09:44:11.372] [bmv2] [D] [thread 4603] [15.0] [cxt 0] Deparser 'deparser': end
[09:44:11.372] [bmv2] [D] [thread 4607] [15.0] [cxt 0] Transmitting packet of size 196 out of port 0
[09:44:11.525] [bmv2] [D] [thread 4602] [16.0] [cxt 0] Processing packet received on port 2
[09:44:11.525] [bmv2] [D] [thread 4602] [16.0] [cxt 0] Parser 'parser': start
[09:44:11.525] [bmv2] [D] [thread 4602] [16.0] [cxt 0] Parser 'parser' entering state 'start'
[09:44:11.525] [bmv2] [D] [thread 4602] [16.0] [cxt 0] Extracting header 'ethernet'
[09:44:11.525] [bmv2] [D] [thread 4602] [16.0] [cxt 0] Parser state 'start': key is 86dd
[09:44:11.525] [bmv2] [T] [thread 4602] [16.0] [cxt 0] Bytes parsed: 14
[09:44:11.525] [bmv2] [D] [thread 4602] [16.0] [cxt 0] Parser 'parser': end
[09:44:11.525] [bmv2] [D] [thread 4602] [16.0] [cxt 0] Pipeline 'ingress': start
[09:44:11.525] [bmv2] [T] [thread 4602] [16.0] [cxt 0] basic_tunnel.p4(152) Condition "hdr.ipv4.isValid() && !hdr.myTunnel.isValid()" (node_2) is false
[09:44:11.525] [bmv2] [T] [thread 4602] [16.0] [cxt 0] basic_tunnel.p4(155) Condition "hdr.myTunnel.isValid()" (node_4) is false
[09:44:11.525] [bmv2] [D] [thread 4602] [16.0] [cxt 0] Pipeline 'ingress': end
[09:44:11.525] [bmv2] [D] [thread 4602] [16.0] [cxt 0] Egress port is 0
[09:44:11.525] [bmv2] [D] [thread 4603] [16.0] [cxt 0] Pipeline 'egress': start
[09:44:11.525] [bmv2] [D] [thread 4603] [16.0] [cxt 0] Pipeline 'egress': end
[09:44:11.525] [bmv2] [D] [thread 4603] [16.0] [cxt 0] Deparser 'deparser': start
[09:44:11.525] [bmv2] [T] [thread 4603] [16.0] [cxt 0] Skipping checksum 'cksum' update because condition not met
[09:44:11.525] [bmv2] [D] [thread 4603] [16.0] [cxt 0] Deparsing header 'ethernet'
[09:44:11.525] [bmv2] [D] [thread 4603] [16.0] [cxt 0] Deparser 'deparser': end
[09:44:11.525] [bmv2] [D] [thread 4607] [16.0] [cxt 0] Transmitting packet of size 208 out of port 0
[09:44:11.600] [bmv2] [D] [thread 4602] [17.0] [cxt 0] Processing packet received on port 2
[09:44:11.600] [bmv2] [D] [thread 4602] [17.0] [cxt 0] Parser 'parser': start
[09:44:11.600] [bmv2] [D] [thread 4602] [17.0] [cxt 0] Parser 'parser' entering state 'start'
[09:44:11.600] [bmv2] [D] [thread 4602] [17.0] [cxt 0] Extracting header 'ethernet'
[09:44:11.600] [bmv2] [D] [thread 4602] [17.0] [cxt 0] Parser state 'start': key is 86dd
[09:44:11.600] [bmv2] [T] [thread 4602] [17.0] [cxt 0] Bytes parsed: 14
[09:44:11.600] [bmv2] [D] [thread 4602] [17.0] [cxt 0] Parser 'parser': end
[09:44:11.600] [bmv2] [D] [thread 4602] [17.0] [cxt 0] Pipeline 'ingress': start
[09:44:11.600] [bmv2] [T] [thread 4602] [17.0] [cxt 0] basic_tunnel.p4(152) Condition "hdr.ipv4.isValid() && !hdr.myTunnel.isValid()" (node_2) is false
[09:44:11.600] [bmv2] [T] [thread 4602] [17.0] [cxt 0] basic_tunnel.p4(155) Condition "hdr.myTunnel.isValid()" (node_4) is false
[09:44:11.601] [bmv2] [D] [thread 4602] [17.0] [cxt 0] Pipeline 'ingress': end
[09:44:11.601] [bmv2] [D] [thread 4602] [17.0] [cxt 0] Egress port is 0
[09:44:11.601] [bmv2] [D] [thread 4603] [17.0] [cxt 0] Pipeline 'egress': start
[09:44:11.601] [bmv2] [D] [thread 4603] [17.0] [cxt 0] Pipeline 'egress': end
[09:44:11.601] [bmv2] [D] [thread 4603] [17.0] [cxt 0] Deparser 'deparser': start
[09:44:11.601] [bmv2] [T] [thread 4603] [17.0] [cxt 0] Skipping checksum 'cksum' update because condition not met
[09:44:11.601] [bmv2] [D] [thread 4603] [17.0] [cxt 0] Deparsing header 'ethernet'
[09:44:11.601] [bmv2] [D] [thread 4603] [17.0] [cxt 0] Deparser 'deparser': end
[09:44:11.601] [bmv2] [D] [thread 4607] [17.0] [cxt 0] Transmitting packet of size 90 out of port 0
[09:44:11.724] [bmv2] [D] [thread 4602] [18.0] [cxt 0] Processing packet received on port 2
[09:44:11.724] [bmv2] [D] [thread 4602] [18.0] [cxt 0] Parser 'parser': start
[09:44:11.724] [bmv2] [D] [thread 4602] [18.0] [cxt 0] Parser 'parser' entering state 'start'
[09:44:11.724] [bmv2] [D] [thread 4602] [18.0] [cxt 0] Extracting header 'ethernet'
[09:44:11.724] [bmv2] [D] [thread 4602] [18.0] [cxt 0] Parser state 'start': key is 86dd
[09:44:11.724] [bmv2] [T] [thread 4602] [18.0] [cxt 0] Bytes parsed: 14
[09:44:11.724] [bmv2] [D] [thread 4602] [18.0] [cxt 0] Parser 'parser': end
[09:44:11.724] [bmv2] [D] [thread 4602] [18.0] [cxt 0] Pipeline 'ingress': start
[09:44:11.724] [bmv2] [T] [thread 4602] [18.0] [cxt 0] basic_tunnel.p4(152) Condition "hdr.ipv4.isValid() && !hdr.myTunnel.isValid()" (node_2) is false
[09:44:11.724] [bmv2] [T] [thread 4602] [18.0] [cxt 0] basic_tunnel.p4(155) Condition "hdr.myTunnel.isValid()" (node_4) is false
[09:44:11.724] [bmv2] [D] [thread 4602] [18.0] [cxt 0] Pipeline 'ingress': end
[09:44:11.724] [bmv2] [D] [thread 4602] [18.0] [cxt 0] Egress port is 0
[09:44:11.724] [bmv2] [D] [thread 4603] [18.0] [cxt 0] Pipeline 'egress': start
[09:44:11.724] [bmv2] [D] [thread 4603] [18.0] [cxt 0] Pipeline 'egress': end
[09:44:11.724] [bmv2] [D] [thread 4603] [18.0] [cxt 0] Deparser 'deparser': start
[09:44:11.724] [bmv2] [T] [thread 4603] [18.0] [cxt 0] Skipping checksum 'cksum' update because condition not met
[09:44:11.724] [bmv2] [D] [thread 4603] [18.0] [cxt 0] Deparsing header 'ethernet'
[09:44:11.724] [bmv2] [D] [thread 4603] [18.0] [cxt 0] Deparser 'deparser': end
[09:44:11.725] [bmv2] [D] [thread 4607] [18.0] [cxt 0] Transmitting packet of size 196 out of port 0
[09:44:11.825] [bmv2] [D] [thread 4602] [19.0] [cxt 0] Processing packet received on port 2
[09:44:11.827] [bmv2] [D] [thread 4602] [19.0] [cxt 0] Parser 'parser': start
[09:44:11.827] [bmv2] [D] [thread 4602] [19.0] [cxt 0] Parser 'parser' entering state 'start'
[09:44:11.827] [bmv2] [D] [thread 4602] [19.0] [cxt 0] Extracting header 'ethernet'
[09:44:11.827] [bmv2] [D] [thread 4602] [19.0] [cxt 0] Parser state 'start': key is 86dd
[09:44:11.827] [bmv2] [T] [thread 4602] [19.0] [cxt 0] Bytes parsed: 14
[09:44:11.827] [bmv2] [D] [thread 4602] [19.0] [cxt 0] Parser 'parser': end
[09:44:11.827] [bmv2] [D] [thread 4602] [19.0] [cxt 0] Pipeline 'ingress': start
[09:44:11.827] [bmv2] [T] [thread 4602] [19.0] [cxt 0] basic_tunnel.p4(152) Condition "hdr.ipv4.isValid() && !hdr.myTunnel.isValid()" (node_2) is false
[09:44:11.827] [bmv2] [T] [thread 4602] [19.0] [cxt 0] basic_tunnel.p4(155) Condition "hdr.myTunnel.isValid()" (node_4) is false
[09:44:11.828] [bmv2] [D] [thread 4602] [19.0] [cxt 0] Pipeline 'ingress': end
[09:44:11.828] [bmv2] [D] [thread 4602] [19.0] [cxt 0] Egress port is 0
[09:44:11.828] [bmv2] [D] [thread 4603] [19.0] [cxt 0] Pipeline 'egress': start
[09:44:11.828] [bmv2] [D] [thread 4603] [19.0] [cxt 0] Pipeline 'egress': end
[09:44:11.828] [bmv2] [D] [thread 4603] [19.0] [cxt 0] Deparser 'deparser': start
[09:44:11.828] [bmv2] [T] [thread 4603] [19.0] [cxt 0] Skipping checksum 'cksum' update because condition not met
[09:44:11.828] [bmv2] [D] [thread 4603] [19.0] [cxt 0] Deparsing header 'ethernet'
[09:44:11.828] [bmv2] [D] [thread 4603] [19.0] [cxt 0] Deparser 'deparser': end
[09:44:11.828] [bmv2] [D] [thread 4607] [19.0] [cxt 0] Transmitting packet of size 110 out of port 0
[09:44:11.859] [bmv2] [W] [thread 4683] [P4Runtime] p4::tmp::P4DeviceConfig is deprecated
[09:44:11.876] [bmv2] [D] [thread 4683] Set default default entry for table 'MyIngress.ipv4_lpm': MyIngress.drop - 
[09:44:11.876] [bmv2] [D] [thread 4683] Set default default entry for table 'MyIngress.myTunnel_exact': MyIngress.drop - 
[09:44:11.882] [bmv2] [D] [thread 4683] simple_switch target has been notified of a config swap
[09:44:11.891] [bmv2] [D] [thread 4684] Entry 0 added to table 'MyIngress.ipv4_lpm'
[09:44:11.891] [bmv2] [D] [thread 4684] Dumping entry 0
Match key:
* hdr.ipv4.dstAddr    : LPM       0a000101/32
Action entry: MyIngress.ipv4_forward - 80000000111,1,

[09:44:11.894] [bmv2] [D] [thread 4683] Entry 1 added to table 'MyIngress.ipv4_lpm'
[09:44:11.895] [bmv2] [D] [thread 4683] Dumping entry 1
Match key:
* hdr.ipv4.dstAddr    : LPM       0a000202/32
Action entry: MyIngress.ipv4_forward - 80000000200,2,

[09:44:11.900] [bmv2] [D] [thread 4684] Entry 2 added to table 'MyIngress.ipv4_lpm'
[09:44:11.900] [bmv2] [D] [thread 4684] Dumping entry 2
Match key:
* hdr.ipv4.dstAddr    : LPM       0a000303/32
Action entry: MyIngress.ipv4_forward - 80000000300,3,

[09:44:11.904] [bmv2] [D] [thread 4683] Entry 0 added to table 'MyIngress.myTunnel_exact'
[09:44:11.904] [bmv2] [D] [thread 4683] Dumping entry 0
Match key:
* hdr.myTunnel.dst_id : EXACT     0001
Action entry: MyIngress.myTunnel_forward - 1,

[09:44:11.907] [bmv2] [D] [thread 4684] Entry 1 added to table 'MyIngress.myTunnel_exact'
[09:44:11.907] [bmv2] [D] [thread 4684] Dumping entry 1
Match key:
* hdr.myTunnel.dst_id : EXACT     0002
Action entry: MyIngress.myTunnel_forward - 2,

[09:44:11.910] [bmv2] [D] [thread 4683] Entry 2 added to table 'MyIngress.myTunnel_exact'
[09:44:11.910] [bmv2] [D] [thread 4683] Dumping entry 2
Match key:
* hdr.myTunnel.dst_id : EXACT     0003
Action entry: MyIngress.myTunnel_forward - 3,

[09:44:12.446] [bmv2] [D] [thread 4602] [20.0] [cxt 0] Processing packet received on port 1
[09:44:12.446] [bmv2] [D] [thread 4602] [20.0] [cxt 0] Parser 'parser': start
[09:44:12.446] [bmv2] [D] [thread 4602] [20.0] [cxt 0] Parser 'parser' entering state 'start'
[09:44:12.446] [bmv2] [D] [thread 4602] [20.0] [cxt 0] Extracting header 'ethernet'
[09:44:12.446] [bmv2] [D] [thread 4602] [20.0] [cxt 0] Parser state 'start': key is 86dd
[09:44:12.446] [bmv2] [T] [thread 4602] [20.0] [cxt 0] Bytes parsed: 14
[09:44:12.446] [bmv2] [D] [thread 4602] [20.0] [cxt 0] Parser 'parser': end
[09:44:12.446] [bmv2] [D] [thread 4602] [20.0] [cxt 0] Pipeline 'ingress': start
[09:44:12.446] [bmv2] [T] [thread 4602] [20.0] [cxt 0] basic_tunnel.p4(152) Condition "hdr.ipv4.isValid() && !hdr.myTunnel.isValid()" (node_2) is false
[09:44:12.446] [bmv2] [T] [thread 4602] [20.0] [cxt 0] basic_tunnel.p4(155) Condition "hdr.myTunnel.isValid()" (node_4) is false
[09:44:12.446] [bmv2] [D] [thread 4602] [20.0] [cxt 0] Pipeline 'ingress': end
[09:44:12.446] [bmv2] [D] [thread 4602] [20.0] [cxt 0] Egress port is 0
[09:44:12.448] [bmv2] [D] [thread 4603] [20.0] [cxt 0] Pipeline 'egress': start
[09:44:12.448] [bmv2] [D] [thread 4603] [20.0] [cxt 0] Pipeline 'egress': end
[09:44:12.448] [bmv2] [D] [thread 4603] [20.0] [cxt 0] Deparser 'deparser': start
[09:44:12.448] [bmv2] [T] [thread 4603] [20.0] [cxt 0] Skipping checksum 'cksum' update because condition not met
[09:44:12.448] [bmv2] [D] [thread 4603] [20.0] [cxt 0] Deparsing header 'ethernet'
[09:44:12.448] [bmv2] [D] [thread 4603] [20.0] [cxt 0] Deparser 'deparser': end
[09:44:12.448] [bmv2] [D] [thread 4607] [20.0] [cxt 0] Transmitting packet of size 196 out of port 0
[09:44:12.796] [bmv2] [D] [thread 4602] [21.0] [cxt 0] Processing packet received on port 2
[09:44:12.797] [bmv2] [D] [thread 4602] [21.0] [cxt 0] Parser 'parser': start
[09:44:12.797] [bmv2] [D] [thread 4602] [21.0] [cxt 0] Parser 'parser' entering state 'start'
[09:44:12.797] [bmv2] [D] [thread 4602] [21.0] [cxt 0] Extracting header 'ethernet'
[09:44:12.797] [bmv2] [D] [thread 4602] [21.0] [cxt 0] Parser state 'start': key is 86dd
[09:44:12.797] [bmv2] [T] [thread 4602] [21.0] [cxt 0] Bytes parsed: 14
[09:44:12.797] [bmv2] [D] [thread 4602] [21.0] [cxt 0] Parser 'parser': end
[09:44:12.797] [bmv2] [D] [thread 4602] [21.0] [cxt 0] Pipeline 'ingress': start
[09:44:12.797] [bmv2] [T] [thread 4602] [21.0] [cxt 0] basic_tunnel.p4(152) Condition "hdr.ipv4.isValid() && !hdr.myTunnel.isValid()" (node_2) is false
[09:44:12.797] [bmv2] [T] [thread 4602] [21.0] [cxt 0] basic_tunnel.p4(155) Condition "hdr.myTunnel.isValid()" (node_4) is false
[09:44:12.797] [bmv2] [D] [thread 4602] [21.0] [cxt 0] Pipeline 'ingress': end
[09:44:12.797] [bmv2] [D] [thread 4602] [21.0] [cxt 0] Egress port is 0
[09:44:12.797] [bmv2] [D] [thread 4603] [21.0] [cxt 0] Pipeline 'egress': start
[09:44:12.798] [bmv2] [D] [thread 4603] [21.0] [cxt 0] Pipeline 'egress': end
[09:44:12.798] [bmv2] [D] [thread 4603] [21.0] [cxt 0] Deparser 'deparser': start
[09:44:12.798] [bmv2] [T] [thread 4603] [21.0] [cxt 0] Skipping checksum 'cksum' update because condition not met
[09:44:12.800] [bmv2] [D] [thread 4603] [21.0] [cxt 0] Deparsing header 'ethernet'
[09:44:12.802] [bmv2] [D] [thread 4603] [21.0] [cxt 0] Deparser 'deparser': end
[09:44:12.803] [bmv2] [D] [thread 4607] [21.0] [cxt 0] Transmitting packet of size 196 out of port 0
[09:44:14.516] [bmv2] [D] [thread 4602] [22.0] [cxt 0] Processing packet received on port 1
[09:44:14.516] [bmv2] [D] [thread 4602] [22.0] [cxt 0] Parser 'parser': start
[09:44:14.516] [bmv2] [D] [thread 4602] [22.0] [cxt 0] Parser 'parser' entering state 'start'
[09:44:14.516] [bmv2] [D] [thread 4602] [22.0] [cxt 0] Extracting header 'ethernet'
[09:44:14.516] [bmv2] [D] [thread 4602] [22.0] [cxt 0] Parser state 'start': key is 86dd
[09:44:14.516] [bmv2] [T] [thread 4602] [22.0] [cxt 0] Bytes parsed: 14
[09:44:14.516] [bmv2] [D] [thread 4602] [22.0] [cxt 0] Parser 'parser': end
[09:44:14.516] [bmv2] [D] [thread 4602] [22.0] [cxt 0] Pipeline 'ingress': start
[09:44:14.516] [bmv2] [T] [thread 4602] [22.0] [cxt 0] basic_tunnel.p4(152) Condition "hdr.ipv4.isValid() && !hdr.myTunnel.isValid()" (node_2) is false
[09:44:14.516] [bmv2] [T] [thread 4602] [22.0] [cxt 0] basic_tunnel.p4(155) Condition "hdr.myTunnel.isValid()" (node_4) is false
[09:44:14.516] [bmv2] [D] [thread 4602] [22.0] [cxt 0] Pipeline 'ingress': end
[09:44:14.516] [bmv2] [D] [thread 4602] [22.0] [cxt 0] Egress port is 0
[09:44:14.516] [bmv2] [D] [thread 4603] [22.0] [cxt 0] Pipeline 'egress': start
[09:44:14.516] [bmv2] [D] [thread 4603] [22.0] [cxt 0] Pipeline 'egress': end
[09:44:14.516] [bmv2] [D] [thread 4603] [22.0] [cxt 0] Deparser 'deparser': start
[09:44:14.516] [bmv2] [T] [thread 4603] [22.0] [cxt 0] Skipping checksum 'cksum' update because condition not met
[09:44:14.516] [bmv2] [D] [thread 4603] [22.0] [cxt 0] Deparsing header 'ethernet'
[09:44:14.516] [bmv2] [D] [thread 4603] [22.0] [cxt 0] Deparser 'deparser': end
[09:44:14.517] [bmv2] [D] [thread 4607] [22.0] [cxt 0] Transmitting packet of size 196 out of port 0
[09:44:14.701] [bmv2] [D] [thread 4602] [23.0] [cxt 0] Processing packet received on port 1
[09:44:14.701] [bmv2] [D] [thread 4602] [23.0] [cxt 0] Parser 'parser': start
[09:44:14.701] [bmv2] [D] [thread 4602] [23.0] [cxt 0] Parser 'parser' entering state 'start'
[09:44:14.701] [bmv2] [D] [thread 4602] [23.0] [cxt 0] Extracting header 'ethernet'
[09:44:14.701] [bmv2] [D] [thread 4602] [23.0] [cxt 0] Parser state 'start': key is 86dd
[09:44:14.701] [bmv2] [T] [thread 4602] [23.0] [cxt 0] Bytes parsed: 14
[09:44:14.701] [bmv2] [D] [thread 4602] [23.0] [cxt 0] Parser 'parser': end
[09:44:14.701] [bmv2] [D] [thread 4602] [23.0] [cxt 0] Pipeline 'ingress': start
[09:44:14.701] [bmv2] [T] [thread 4602] [23.0] [cxt 0] basic_tunnel.p4(152) Condition "hdr.ipv4.isValid() && !hdr.myTunnel.isValid()" (node_2) is false
[09:44:14.701] [bmv2] [T] [thread 4602] [23.0] [cxt 0] basic_tunnel.p4(155) Condition "hdr.myTunnel.isValid()" (node_4) is false
[09:44:14.701] [bmv2] [D] [thread 4602] [23.0] [cxt 0] Pipeline 'ingress': end
[09:44:14.701] [bmv2] [D] [thread 4602] [23.0] [cxt 0] Egress port is 0
[09:44:14.702] [bmv2] [D] [thread 4603] [23.0] [cxt 0] Pipeline 'egress': start
[09:44:14.702] [bmv2] [D] [thread 4603] [23.0] [cxt 0] Pipeline 'egress': end
[09:44:14.702] [bmv2] [D] [thread 4603] [23.0] [cxt 0] Deparser 'deparser': start
[09:44:14.702] [bmv2] [T] [thread 4603] [23.0] [cxt 0] Skipping checksum 'cksum' update because condition not met
[09:44:14.702] [bmv2] [D] [thread 4603] [23.0] [cxt 0] Deparsing header 'ethernet'
[09:44:14.702] [bmv2] [D] [thread 4603] [23.0] [cxt 0] Deparser 'deparser': end
[09:44:14.702] [bmv2] [D] [thread 4607] [23.0] [cxt 0] Transmitting packet of size 70 out of port 0
[09:44:14.869] [bmv2] [D] [thread 4602] [24.0] [cxt 0] Processing packet received on port 2
[09:44:14.872] [bmv2] [D] [thread 4602] [24.0] [cxt 0] Parser 'parser': start
[09:44:14.872] [bmv2] [D] [thread 4602] [24.0] [cxt 0] Parser 'parser' entering state 'start'
[09:44:14.872] [bmv2] [D] [thread 4602] [24.0] [cxt 0] Extracting header 'ethernet'
[09:44:14.872] [bmv2] [D] [thread 4602] [24.0] [cxt 0] Parser state 'start': key is 86dd
[09:44:14.872] [bmv2] [T] [thread 4602] [24.0] [cxt 0] Bytes parsed: 14
[09:44:14.872] [bmv2] [D] [thread 4602] [24.0] [cxt 0] Parser 'parser': end
[09:44:14.872] [bmv2] [D] [thread 4602] [24.0] [cxt 0] Pipeline 'ingress': start
[09:44:14.872] [bmv2] [T] [thread 4602] [24.0] [cxt 0] basic_tunnel.p4(152) Condition "hdr.ipv4.isValid() && !hdr.myTunnel.isValid()" (node_2) is false
[09:44:14.872] [bmv2] [T] [thread 4602] [24.0] [cxt 0] basic_tunnel.p4(155) Condition "hdr.myTunnel.isValid()" (node_4) is false
[09:44:14.872] [bmv2] [D] [thread 4602] [24.0] [cxt 0] Pipeline 'ingress': end
[09:44:14.872] [bmv2] [D] [thread 4602] [24.0] [cxt 0] Egress port is 0
[09:44:14.873] [bmv2] [D] [thread 4603] [24.0] [cxt 0] Pipeline 'egress': start
[09:44:14.874] [bmv2] [D] [thread 4603] [24.0] [cxt 0] Pipeline 'egress': end
[09:44:14.874] [bmv2] [D] [thread 4603] [24.0] [cxt 0] Deparser 'deparser': start
[09:44:14.874] [bmv2] [T] [thread 4603] [24.0] [cxt 0] Skipping checksum 'cksum' update because condition not met
[09:44:14.874] [bmv2] [D] [thread 4603] [24.0] [cxt 0] Deparsing header 'ethernet'
[09:44:14.874] [bmv2] [D] [thread 4603] [24.0] [cxt 0] Deparser 'deparser': end
[09:44:14.874] [bmv2] [D] [thread 4607] [24.0] [cxt 0] Transmitting packet of size 196 out of port 0
[09:44:15.212] [bmv2] [D] [thread 4602] [25.0] [cxt 0] Processing packet received on port 2
[09:44:15.212] [bmv2] [D] [thread 4602] [25.0] [cxt 0] Parser 'parser': start
[09:44:15.213] [bmv2] [D] [thread 4602] [25.0] [cxt 0] Parser 'parser' entering state 'start'
[09:44:15.213] [bmv2] [D] [thread 4602] [25.0] [cxt 0] Extracting header 'ethernet'
[09:44:15.213] [bmv2] [D] [thread 4602] [25.0] [cxt 0] Parser state 'start': key is 86dd
[09:44:15.213] [bmv2] [T] [thread 4602] [25.0] [cxt 0] Bytes parsed: 14
[09:44:15.213] [bmv2] [D] [thread 4602] [25.0] [cxt 0] Parser 'parser': end
[09:44:15.213] [bmv2] [D] [thread 4602] [25.0] [cxt 0] Pipeline 'ingress': start
[09:44:15.213] [bmv2] [T] [thread 4602] [25.0] [cxt 0] basic_tunnel.p4(152) Condition "hdr.ipv4.isValid() && !hdr.myTunnel.isValid()" (node_2) is false
[09:44:15.213] [bmv2] [T] [thread 4602] [25.0] [cxt 0] basic_tunnel.p4(155) Condition "hdr.myTunnel.isValid()" (node_4) is false
[09:44:15.213] [bmv2] [D] [thread 4602] [25.0] [cxt 0] Pipeline 'ingress': end
[09:44:15.213] [bmv2] [D] [thread 4602] [25.0] [cxt 0] Egress port is 0
[09:44:15.213] [bmv2] [D] [thread 4603] [25.0] [cxt 0] Pipeline 'egress': start
[09:44:15.213] [bmv2] [D] [thread 4603] [25.0] [cxt 0] Pipeline 'egress': end
[09:44:15.213] [bmv2] [D] [thread 4603] [25.0] [cxt 0] Deparser 'deparser': start
[09:44:15.213] [bmv2] [T] [thread 4603] [25.0] [cxt 0] Skipping checksum 'cksum' update because condition not met
[09:44:15.213] [bmv2] [D] [thread 4603] [25.0] [cxt 0] Deparsing header 'ethernet'
[09:44:15.213] [bmv2] [D] [thread 4603] [25.0] [cxt 0] Deparser 'deparser': end
[09:44:15.214] [bmv2] [D] [thread 4607] [25.0] [cxt 0] Transmitting packet of size 70 out of port 0
[09:44:16.657] [bmv2] [D] [thread 4602] [26.0] [cxt 0] Processing packet received on port 1
[09:44:16.657] [bmv2] [D] [thread 4602] [26.0] [cxt 0] Parser 'parser': start
[09:44:16.657] [bmv2] [D] [thread 4602] [26.0] [cxt 0] Parser 'parser' entering state 'start'
[09:44:16.657] [bmv2] [D] [thread 4602] [26.0] [cxt 0] Extracting header 'ethernet'
[09:44:16.657] [bmv2] [D] [thread 4602] [26.0] [cxt 0] Parser state 'start': key is 0800
[09:44:16.657] [bmv2] [T] [thread 4602] [26.0] [cxt 0] Bytes parsed: 14
[09:44:16.657] [bmv2] [D] [thread 4602] [26.0] [cxt 0] Parser 'parser' entering state 'parse_ipv4'
[09:44:16.657] [bmv2] [D] [thread 4602] [26.0] [cxt 0] Extracting header 'ipv4'
[09:44:16.657] [bmv2] [D] [thread 4602] [26.0] [cxt 0] Parser state 'parse_ipv4' has no switch, going to default next state
[09:44:16.657] [bmv2] [T] [thread 4602] [26.0] [cxt 0] Bytes parsed: 34
[09:44:16.657] [bmv2] [D] [thread 4602] [26.0] [cxt 0] Parser 'parser': end
[09:44:16.657] [bmv2] [D] [thread 4602] [26.0] [cxt 0] Pipeline 'ingress': start
[09:44:16.657] [bmv2] [T] [thread 4602] [26.0] [cxt 0] basic_tunnel.p4(152) Condition "hdr.ipv4.isValid() && !hdr.myTunnel.isValid()" (node_2) is true
[09:44:16.657] [bmv2] [T] [thread 4602] [26.0] [cxt 0] Applying table 'MyIngress.ipv4_lpm'
[09:44:16.657] [bmv2] [D] [thread 4602] [26.0] [cxt 0] Looking up key:
* hdr.ipv4.dstAddr    : 0a000202

[09:44:16.657] [bmv2] [D] [thread 4602] [26.0] [cxt 0] Table 'MyIngress.ipv4_lpm': hit with handle 1
[09:44:16.657] [bmv2] [D] [thread 4602] [26.0] [cxt 0] Dumping entry 1
Match key:
* hdr.ipv4.dstAddr    : LPM       0a000202/32
Action entry: MyIngress.ipv4_forward - 80000000200,2,

[09:44:16.657] [bmv2] [D] [thread 4602] [26.0] [cxt 0] Action entry is MyIngress.ipv4_forward - 80000000200,2,
[09:44:16.657] [bmv2] [T] [thread 4602] [26.0] [cxt 0] Action MyIngress.ipv4_forward
[09:44:16.657] [bmv2] [T] [thread 4602] [26.0] [cxt 0] basic_tunnel.p4(111) Primitive standard_metadata.egress_spec = port
[09:44:16.657] [bmv2] [T] [thread 4602] [26.0] [cxt 0] basic_tunnel.p4(112) Primitive hdr.ethernet.srcAddr = hdr.ethernet.dstAddr
[09:44:16.657] [bmv2] [T] [thread 4602] [26.0] [cxt 0] basic_tunnel.p4(113) Primitive hdr.ethernet.dstAddr = dstAddr
[09:44:16.657] [bmv2] [T] [thread 4602] [26.0] [cxt 0] basic_tunnel.p4(114) Primitive hdr.ipv4.ttl = hdr.ipv4.ttl - 1
[09:44:16.657] [bmv2] [T] [thread 4602] [26.0] [cxt 0] basic_tunnel.p4(155) Condition "hdr.myTunnel.isValid()" (node_4) is false
[09:44:16.657] [bmv2] [D] [thread 4602] [26.0] [cxt 0] Pipeline 'ingress': end
[09:44:16.657] [bmv2] [D] [thread 4602] [26.0] [cxt 0] Egress port is 2
[09:44:16.657] [bmv2] [D] [thread 4605] [26.0] [cxt 0] Pipeline 'egress': start
[09:44:16.657] [bmv2] [D] [thread 4605] [26.0] [cxt 0] Pipeline 'egress': end
[09:44:16.657] [bmv2] [D] [thread 4605] [26.0] [cxt 0] Deparser 'deparser': start
[09:44:16.658] [bmv2] [D] [thread 4605] [26.0] [cxt 0] Updating checksum 'cksum'
[09:44:16.658] [bmv2] [D] [thread 4605] [26.0] [cxt 0] Deparsing header 'ethernet'
[09:44:16.658] [bmv2] [D] [thread 4605] [26.0] [cxt 0] Deparsing header 'ipv4'
[09:44:16.658] [bmv2] [D] [thread 4605] [26.0] [cxt 0] Deparser 'deparser': end
[09:44:16.658] [bmv2] [D] [thread 4607] [26.0] [cxt 0] Transmitting packet of size 98 out of port 2
open: No such file or directory
