stratum_bmv2 -device_id=1 -chassis_config_file=/tmp/leaf2/chassis-config.txt -forwarding_pipeline_configs_file=/tmp/leaf2/pipe.txt -persistent_config_dir=/tmp/leaf2 -initial_pipeline=/root/dummy.json -cpu_port=255 -external_stratum_urls=0.0.0.0:50002 -local_stratum_url=localhost:39519 -max_num_controllers_per_node=10 -write_req_log_file=/tmp/leaf2/write-reqs.txt -logtosyslog=false -logtostderr=true -bmv2_log_level=warn

--------------------------------------------------------------------------------

E1018 12:19:42.832712   144 main.cc:121] Starting bmv2 simple_switch and waiting for P4 pipeline
W1018 12:19:42.861883   144 credentials_manager.cc:45] Using insecure server credentials
I1018 12:19:42.872910   144 timer_daemon.cc:90] The timer daemon has been started.
I1018 12:19:42.873011   144 hal.cc:128] Setting up HAL in COLDBOOT mode...
I1018 12:19:42.874810   144 config_monitoring_service.cc:90] Pushing the saved chassis config read from /tmp/leaf2/chassis-config.txt...
I1018 12:19:42.903126   144 bmv2_chassis_manager.cc:476] Registered port status callbacks successfully for node 1.
I1018 12:19:42.903165   144 bmv2_chassis_manager.cc:61] Adding port 1 to node 1
I1018 12:19:42.943876   144 bmv2_chassis_manager.cc:61] Adding port 2 to node 1
I1018 12:19:42.988840   144 bmv2_chassis_manager.cc:61] Adding port 3 to node 1
I1018 12:19:43.047117   144 bmv2_chassis_manager.cc:61] Adding port 4 to node 1
I1018 12:19:43.085103   212 bmv2_chassis_manager.cc:409] State of port 1 in node 1: UP.
I1018 12:19:43.085170   212 bmv2_chassis_manager.cc:409] State of port 2 in node 1: UP.
I1018 12:19:43.085184   212 bmv2_chassis_manager.cc:409] State of port 3 in node 1: UP.
I1018 12:19:43.085193   212 bmv2_chassis_manager.cc:409] State of port 4 in node 1: UP.
I1018 12:19:43.090647   144 p4_service.cc:119] Pushing the saved forwarding pipeline configs read from /tmp/leaf2/pipe.txt...
E1018 12:19:43.090700   144 utils.cc:109] StratumErrorSpace::ERR_FILE_NOT_FOUND: /tmp/leaf2/pipe.txt not found.
E1018 12:19:43.090947   144 utils.cc:65] Return Error: ReadFileToString(filename, &text) failed with StratumErrorSpace::ERR_FILE_NOT_FOUND: /tmp/leaf2/pipe.txt not found.
W1018 12:19:43.090958   144 p4_service.cc:128] No saved forwarding pipeline config found at /tmp/leaf2/pipe.txt. This is normal when the switch is just installed and no master controller is connected yet.
E1018 12:19:43.094073321     144 server_chttp2.cc:40]        {"created":"@1697631583.094041923","description":"Only 1 addresses added out of total 2 resolved","file":"external/com_github_grpc_grpc/src/core/ext/transport/chttp2/server/chttp2_server.cc","file_line":406,"referenced_errors":[{"created":"@1697631583.094038987","description":"Address family not supported by protocol","errno":97,"file":"external/com_github_grpc_grpc/src/core/lib/iomgr/socket_utils_common_posix.cc","file_line":420,"os_error":"Address family not supported by protocol","syscall":"socket","target_address":"[::1]:39519"}]}
E1018 12:19:43.094264   144 hal.cc:223] Stratum external facing services are listening to 0.0.0.0:50002, localhost:39519...
I1018 12:20:30.223642   226 p4_service.cc:696] Controller (connection_id: 1, election_id: 40, uri: ipv4:172.19.0.3:37630) is connected as MASTER for node (aka device) with ID 1.
I1018 12:20:31.195880   241 bmv2_switch.cc:74] P4-based forwarding pipeline config pushed successfully to node with ID 1.
E1018 12:20:31.822968   241 bmv2_switch.cc:189] StratumErrorSpace::ERR_INTERNAL: Not supported yet
E1018 12:20:31.823060   241 bmv2_switch.cc:189] StratumErrorSpace::ERR_INTERNAL: Not supported yet
E1018 12:20:31.829303   241 bmv2_switch.cc:189] StratumErrorSpace::ERR_INTERNAL: Not supported yet
E1018 12:20:31.829381   241 bmv2_switch.cc:189] StratumErrorSpace::ERR_INTERNAL: Not supported yet
E1018 12:20:31.829463   241 bmv2_switch.cc:189] StratumErrorSpace::ERR_INTERNAL: Not supported yet
E1018 12:20:31.829787   241 bmv2_switch.cc:189] StratumErrorSpace::ERR_INTERNAL: Not supported yet
E1018 12:20:31.829838   241 bmv2_switch.cc:189] StratumErrorSpace::ERR_INTERNAL: Not supported yet
E1018 12:20:31.830368   241 bmv2_switch.cc:189] StratumErrorSpace::ERR_INTERNAL: Not supported yet
E1018 12:20:31.830410   241 bmv2_switch.cc:189] StratumErrorSpace::ERR_INTERNAL: Not supported yet
E1018 12:20:31.830490   241 bmv2_switch.cc:189] StratumErrorSpace::ERR_INTERNAL: Not supported yet
E1018 12:20:31.830811   241 bmv2_switch.cc:189] StratumErrorSpace::ERR_INTERNAL: Not supported yet
E1018 12:20:31.830861   241 bmv2_switch.cc:189] StratumErrorSpace::ERR_INTERNAL: Not supported yet
E1018 12:20:31.831386   241 bmv2_switch.cc:189] StratumErrorSpace::ERR_INTERNAL: Not supported yet
E1018 12:20:31.831430   241 bmv2_switch.cc:189] StratumErrorSpace::ERR_INTERNAL: Not supported yet
E1018 12:20:31.831516   241 bmv2_switch.cc:189] StratumErrorSpace::ERR_INTERNAL: Not supported yet
E1018 12:20:31.831843   241 bmv2_switch.cc:189] StratumErrorSpace::ERR_INTERNAL: Not supported yet
E1018 12:20:31.831894   241 bmv2_switch.cc:189] StratumErrorSpace::ERR_INTERNAL: Not supported yet
E1018 12:20:31.832432   241 bmv2_switch.cc:189] StratumErrorSpace::ERR_INTERNAL: Not supported yet
E1018 12:20:31.832473   241 bmv2_switch.cc:189] StratumErrorSpace::ERR_INTERNAL: Not supported yet
E1018 12:20:31.832557   241 bmv2_switch.cc:189] StratumErrorSpace::ERR_INTERNAL: Not supported yet
I1018 12:20:32.187901   226 p4_service.cc:696] Controller (connection_id: 1, election_id: 40, uri: ipv4:172.19.0.3:37630) is connected as MASTER for node (aka device) with ID 1.
I1018 12:20:32.486220   241 config_monitoring_service.cc:377] Initial Subscribe request from ipv4:172.19.0.3:37644 over stream 0x7faad57f9510.
[12:20:33.148] [bmv2] [E] [thread 243] [P4Runtime] Clone session id already exists
E1018 12:20:33.148697   243 p4_service.cc:270] Failed to write forwarding entries to node 1: 
[12:20:34.169] [bmv2] [E] [thread 251] [P4Runtime] Clone session id already exists
E1018 12:20:34.170018   251 p4_service.cc:270] Failed to write forwarding entries to node 1: 
I1018 15:12:42.616587   226 p4_service.cc:723] Controller (connection_id: 1, election_id: 40, uri: ipv4:172.19.0.3:37630) which was MASTER for node (aka device) with ID 1 is disconnected. The node is now orphan :(
I1018 15:12:42.677561   241 config_monitoring_service.cc:569] Subscribe stream 0x7faad57f9510 from ipv4:172.19.0.3:37644 has been closed.
