Calling target program-options parser
[20:09:58.757] [bmv2] [D] [thread 3137] Set default default entry for table 'MyIngress.ipv4_lpm': MyIngress.drop - 
[20:09:58.757] [bmv2] [D] [thread 3137] Set default default entry for table 'MyIngress.myTunnel_exact': MyIngress.drop - 
Adding interface s3-eth1 as port 1
[20:09:58.761] [bmv2] [D] [thread 3137] Adding interface s3-eth1 as port 1
Adding interface s3-eth2 as port 2
[20:09:58.846] [bmv2] [D] [thread 3137] Adding interface s3-eth2 as port 2
Adding interface s3-eth3 as port 3
[20:09:58.913] [bmv2] [D] [thread 3137] Adding interface s3-eth3 as port 3
Server listening on 0.0.0.0:50053
[20:09:58.991] [bmv2] [I] [thread 3137] Starting Thrift server on port 9092
[20:09:58.993] [bmv2] [I] [thread 3137] Thrift server was started
[20:09:58.999] [bmv2] [D] [thread 3147] [0.0] [cxt 0] Processing packet received on port 2
[20:09:58.999] [bmv2] [D] [thread 3147] [0.0] [cxt 0] Parser 'parser': start
[20:09:58.999] [bmv2] [D] [thread 3147] [0.0] [cxt 0] Parser 'parser' entering state 'start'
[20:09:58.999] [bmv2] [D] [thread 3147] [0.0] [cxt 0] Extracting header 'ethernet'
[20:09:58.999] [bmv2] [D] [thread 3147] [0.0] [cxt 0] Parser state 'start': key is 86dd
[20:09:58.999] [bmv2] [T] [thread 3147] [0.0] [cxt 0] Bytes parsed: 14
[20:09:58.999] [bmv2] [D] [thread 3147] [0.0] [cxt 0] Parser 'parser': end
[20:09:58.999] [bmv2] [D] [thread 3147] [0.0] [cxt 0] Pipeline 'ingress': start
[20:09:58.999] [bmv2] [T] [thread 3147] [0.0] [cxt 0] basic_tunnel.p4(152) Condition "hdr.ipv4.isValid() && !hdr.myTunnel.isValid()" (node_2) is false
[20:09:58.999] [bmv2] [T] [thread 3147] [0.0] [cxt 0] basic_tunnel.p4(155) Condition "hdr.myTunnel.isValid()" (node_4) is false
[20:09:58.999] [bmv2] [D] [thread 3147] [0.0] [cxt 0] Pipeline 'ingress': end
[20:09:58.999] [bmv2] [D] [thread 3147] [0.0] [cxt 0] Egress port is 0
[20:09:58.999] [bmv2] [D] [thread 3147] [1.0] [cxt 0] Processing packet received on port 2
[20:09:58.999] [bmv2] [D] [thread 3147] [1.0] [cxt 0] Parser 'parser': start
[20:09:58.999] [bmv2] [D] [thread 3147] [1.0] [cxt 0] Parser 'parser' entering state 'start'
[20:09:58.999] [bmv2] [D] [thread 3147] [1.0] [cxt 0] Extracting header 'ethernet'
[20:09:58.999] [bmv2] [D] [thread 3147] [1.0] [cxt 0] Parser state 'start': key is 86dd
[20:09:58.999] [bmv2] [T] [thread 3147] [1.0] [cxt 0] Bytes parsed: 14
[20:09:58.999] [bmv2] [D] [thread 3147] [1.0] [cxt 0] Parser 'parser': end
[20:09:58.999] [bmv2] [D] [thread 3147] [1.0] [cxt 0] Pipeline 'ingress': start
[20:09:58.999] [bmv2] [T] [thread 3147] [1.0] [cxt 0] basic_tunnel.p4(152) Condition "hdr.ipv4.isValid() && !hdr.myTunnel.isValid()" (node_2) is false
[20:09:58.999] [bmv2] [T] [thread 3147] [1.0] [cxt 0] basic_tunnel.p4(155) Condition "hdr.myTunnel.isValid()" (node_4) is false
[20:09:58.999] [bmv2] [D] [thread 3147] [1.0] [cxt 0] Pipeline 'ingress': end
[20:09:58.999] [bmv2] [D] [thread 3147] [1.0] [cxt 0] Egress port is 0
[20:09:59.000] [bmv2] [D] [thread 3148] [0.0] [cxt 0] Pipeline 'egress': start
[20:09:59.000] [bmv2] [D] [thread 3148] [0.0] [cxt 0] Pipeline 'egress': end
[20:09:59.000] [bmv2] [D] [thread 3148] [0.0] [cxt 0] Deparser 'deparser': start
[20:09:59.000] [bmv2] [T] [thread 3148] [0.0] [cxt 0] Skipping checksum 'cksum' update because condition not met
[20:09:59.000] [bmv2] [D] [thread 3148] [0.0] [cxt 0] Deparsing header 'ethernet'
[20:09:59.000] [bmv2] [D] [thread 3148] [0.0] [cxt 0] Deparser 'deparser': end
[20:09:59.000] [bmv2] [D] [thread 3148] [1.0] [cxt 0] Pipeline 'egress': start
[20:09:59.000] [bmv2] [D] [thread 3148] [1.0] [cxt 0] Pipeline 'egress': end
[20:09:59.000] [bmv2] [D] [thread 3148] [1.0] [cxt 0] Deparser 'deparser': start
[20:09:59.000] [bmv2] [T] [thread 3148] [1.0] [cxt 0] Skipping checksum 'cksum' update because condition not met
[20:09:59.000] [bmv2] [D] [thread 3148] [1.0] [cxt 0] Deparsing header 'ethernet'
[20:09:59.000] [bmv2] [D] [thread 3148] [1.0] [cxt 0] Deparser 'deparser': end
[20:09:59.001] [bmv2] [D] [thread 3152] [0.0] [cxt 0] Transmitting packet of size 208 out of port 0
[20:09:59.001] [bmv2] [D] [thread 3152] [1.0] [cxt 0] Transmitting packet of size 110 out of port 0
[20:09:59.072] [bmv2] [D] [thread 3147] [2.0] [cxt 0] Processing packet received on port 1
[20:09:59.072] [bmv2] [D] [thread 3147] [2.0] [cxt 0] Parser 'parser': start
[20:09:59.072] [bmv2] [D] [thread 3147] [2.0] [cxt 0] Parser 'parser' entering state 'start'
[20:09:59.072] [bmv2] [D] [thread 3147] [2.0] [cxt 0] Extracting header 'ethernet'
[20:09:59.073] [bmv2] [D] [thread 3147] [2.0] [cxt 0] Parser state 'start': key is 86dd
[20:09:59.073] [bmv2] [T] [thread 3147] [2.0] [cxt 0] Bytes parsed: 14
[20:09:59.073] [bmv2] [D] [thread 3147] [2.0] [cxt 0] Parser 'parser': end
[20:09:59.073] [bmv2] [D] [thread 3147] [2.0] [cxt 0] Pipeline 'ingress': start
[20:09:59.073] [bmv2] [T] [thread 3147] [2.0] [cxt 0] basic_tunnel.p4(152) Condition "hdr.ipv4.isValid() && !hdr.myTunnel.isValid()" (node_2) is false
[20:09:59.073] [bmv2] [T] [thread 3147] [2.0] [cxt 0] basic_tunnel.p4(155) Condition "hdr.myTunnel.isValid()" (node_4) is false
[20:09:59.073] [bmv2] [D] [thread 3147] [2.0] [cxt 0] Pipeline 'ingress': end
[20:09:59.073] [bmv2] [D] [thread 3147] [2.0] [cxt 0] Egress port is 0
[20:09:59.073] [bmv2] [D] [thread 3147] [3.0] [cxt 0] Processing packet received on port 1
[20:09:59.073] [bmv2] [D] [thread 3147] [3.0] [cxt 0] Parser 'parser': start
[20:09:59.073] [bmv2] [D] [thread 3147] [3.0] [cxt 0] Parser 'parser' entering state 'start'
[20:09:59.073] [bmv2] [D] [thread 3147] [3.0] [cxt 0] Extracting header 'ethernet'
[20:09:59.073] [bmv2] [D] [thread 3147] [3.0] [cxt 0] Parser state 'start': key is 86dd
[20:09:59.073] [bmv2] [T] [thread 3147] [3.0] [cxt 0] Bytes parsed: 14
[20:09:59.073] [bmv2] [D] [thread 3147] [3.0] [cxt 0] Parser 'parser': end
[20:09:59.073] [bmv2] [D] [thread 3147] [3.0] [cxt 0] Pipeline 'ingress': start
[20:09:59.073] [bmv2] [T] [thread 3147] [3.0] [cxt 0] basic_tunnel.p4(152) Condition "hdr.ipv4.isValid() && !hdr.myTunnel.isValid()" (node_2) is false
[20:09:59.073] [bmv2] [T] [thread 3147] [3.0] [cxt 0] basic_tunnel.p4(155) Condition "hdr.myTunnel.isValid()" (node_4) is false
[20:09:59.073] [bmv2] [D] [thread 3147] [3.0] [cxt 0] Pipeline 'ingress': end
[20:09:59.073] [bmv2] [D] [thread 3147] [3.0] [cxt 0] Egress port is 0
[20:09:59.073] [bmv2] [D] [thread 3148] [2.0] [cxt 0] Pipeline 'egress': start
[20:09:59.073] [bmv2] [D] [thread 3148] [2.0] [cxt 0] Pipeline 'egress': end
[20:09:59.073] [bmv2] [D] [thread 3148] [2.0] [cxt 0] Deparser 'deparser': start
[20:09:59.073] [bmv2] [T] [thread 3148] [2.0] [cxt 0] Skipping checksum 'cksum' update because condition not met
[20:09:59.073] [bmv2] [D] [thread 3148] [2.0] [cxt 0] Deparsing header 'ethernet'
[20:09:59.073] [bmv2] [D] [thread 3148] [2.0] [cxt 0] Deparser 'deparser': end
[20:09:59.073] [bmv2] [D] [thread 3148] [3.0] [cxt 0] Pipeline 'egress': start
[20:09:59.073] [bmv2] [D] [thread 3148] [3.0] [cxt 0] Pipeline 'egress': end
[20:09:59.073] [bmv2] [D] [thread 3148] [3.0] [cxt 0] Deparser 'deparser': start
[20:09:59.073] [bmv2] [T] [thread 3148] [3.0] [cxt 0] Skipping checksum 'cksum' update because condition not met
[20:09:59.073] [bmv2] [D] [thread 3148] [3.0] [cxt 0] Deparsing header 'ethernet'
[20:09:59.073] [bmv2] [D] [thread 3148] [3.0] [cxt 0] Deparser 'deparser': end
[20:09:59.074] [bmv2] [D] [thread 3152] [2.0] [cxt 0] Transmitting packet of size 90 out of port 0
[20:09:59.074] [bmv2] [D] [thread 3152] [3.0] [cxt 0] Transmitting packet of size 70 out of port 0
[20:09:59.079] [bmv2] [D] [thread 3147] [4.0] [cxt 0] Processing packet received on port 1
[20:09:59.079] [bmv2] [D] [thread 3147] [4.0] [cxt 0] Parser 'parser': start
[20:09:59.079] [bmv2] [D] [thread 3147] [4.0] [cxt 0] Parser 'parser' entering state 'start'
[20:09:59.079] [bmv2] [D] [thread 3147] [4.0] [cxt 0] Extracting header 'ethernet'
[20:09:59.079] [bmv2] [D] [thread 3147] [4.0] [cxt 0] Parser state 'start': key is 86dd
[20:09:59.079] [bmv2] [T] [thread 3147] [4.0] [cxt 0] Bytes parsed: 14
[20:09:59.079] [bmv2] [D] [thread 3147] [4.0] [cxt 0] Parser 'parser': end
[20:09:59.079] [bmv2] [D] [thread 3147] [4.0] [cxt 0] Pipeline 'ingress': start
[20:09:59.079] [bmv2] [T] [thread 3147] [4.0] [cxt 0] basic_tunnel.p4(152) Condition "hdr.ipv4.isValid() && !hdr.myTunnel.isValid()" (node_2) is false
[20:09:59.079] [bmv2] [T] [thread 3147] [4.0] [cxt 0] basic_tunnel.p4(155) Condition "hdr.myTunnel.isValid()" (node_4) is false
[20:09:59.079] [bmv2] [D] [thread 3147] [4.0] [cxt 0] Pipeline 'ingress': end
[20:09:59.079] [bmv2] [D] [thread 3147] [4.0] [cxt 0] Egress port is 0
[20:09:59.079] [bmv2] [D] [thread 3148] [4.0] [cxt 0] Pipeline 'egress': start
[20:09:59.079] [bmv2] [D] [thread 3148] [4.0] [cxt 0] Pipeline 'egress': end
[20:09:59.079] [bmv2] [D] [thread 3148] [4.0] [cxt 0] Deparser 'deparser': start
[20:09:59.079] [bmv2] [T] [thread 3148] [4.0] [cxt 0] Skipping checksum 'cksum' update because condition not met
[20:09:59.079] [bmv2] [D] [thread 3148] [4.0] [cxt 0] Deparsing header 'ethernet'
[20:09:59.079] [bmv2] [D] [thread 3148] [4.0] [cxt 0] Deparser 'deparser': end
[20:09:59.080] [bmv2] [D] [thread 3152] [4.0] [cxt 0] Transmitting packet of size 90 out of port 0
[20:09:59.128] [bmv2] [D] [thread 3147] [5.0] [cxt 0] Processing packet received on port 2
[20:09:59.128] [bmv2] [D] [thread 3147] [5.0] [cxt 0] Parser 'parser': start
[20:09:59.128] [bmv2] [D] [thread 3147] [5.0] [cxt 0] Parser 'parser' entering state 'start'
[20:09:59.128] [bmv2] [D] [thread 3147] [5.0] [cxt 0] Extracting header 'ethernet'
[20:09:59.128] [bmv2] [D] [thread 3147] [5.0] [cxt 0] Parser state 'start': key is 86dd
[20:09:59.128] [bmv2] [T] [thread 3147] [5.0] [cxt 0] Bytes parsed: 14
[20:09:59.128] [bmv2] [D] [thread 3147] [5.0] [cxt 0] Parser 'parser': end
[20:09:59.128] [bmv2] [D] [thread 3147] [5.0] [cxt 0] Pipeline 'ingress': start
[20:09:59.128] [bmv2] [T] [thread 3147] [5.0] [cxt 0] basic_tunnel.p4(152) Condition "hdr.ipv4.isValid() && !hdr.myTunnel.isValid()" (node_2) is false
[20:09:59.128] [bmv2] [T] [thread 3147] [5.0] [cxt 0] basic_tunnel.p4(155) Condition "hdr.myTunnel.isValid()" (node_4) is false
[20:09:59.128] [bmv2] [D] [thread 3147] [5.0] [cxt 0] Pipeline 'ingress': end
[20:09:59.128] [bmv2] [D] [thread 3147] [5.0] [cxt 0] Egress port is 0
[20:09:59.129] [bmv2] [D] [thread 3148] [5.0] [cxt 0] Pipeline 'egress': start
[20:09:59.129] [bmv2] [D] [thread 3148] [5.0] [cxt 0] Pipeline 'egress': end
[20:09:59.129] [bmv2] [D] [thread 3148] [5.0] [cxt 0] Deparser 'deparser': start
[20:09:59.129] [bmv2] [T] [thread 3148] [5.0] [cxt 0] Skipping checksum 'cksum' update because condition not met
[20:09:59.129] [bmv2] [D] [thread 3148] [5.0] [cxt 0] Deparsing header 'ethernet'
[20:09:59.129] [bmv2] [D] [thread 3148] [5.0] [cxt 0] Deparser 'deparser': end
[20:09:59.129] [bmv2] [D] [thread 3152] [5.0] [cxt 0] Transmitting packet of size 208 out of port 0
[20:09:59.195] [bmv2] [D] [thread 3147] [6.0] [cxt 0] Processing packet received on port 3
[20:09:59.195] [bmv2] [D] [thread 3147] [6.0] [cxt 0] Parser 'parser': start
[20:09:59.195] [bmv2] [D] [thread 3147] [6.0] [cxt 0] Parser 'parser' entering state 'start'
[20:09:59.195] [bmv2] [D] [thread 3147] [6.0] [cxt 0] Extracting header 'ethernet'
[20:09:59.195] [bmv2] [D] [thread 3147] [6.0] [cxt 0] Parser state 'start': key is 86dd
[20:09:59.195] [bmv2] [T] [thread 3147] [6.0] [cxt 0] Bytes parsed: 14
[20:09:59.195] [bmv2] [D] [thread 3147] [6.0] [cxt 0] Parser 'parser': end
[20:09:59.195] [bmv2] [D] [thread 3147] [6.0] [cxt 0] Pipeline 'ingress': start
[20:09:59.195] [bmv2] [T] [thread 3147] [6.0] [cxt 0] basic_tunnel.p4(152) Condition "hdr.ipv4.isValid() && !hdr.myTunnel.isValid()" (node_2) is false
[20:09:59.195] [bmv2] [T] [thread 3147] [6.0] [cxt 0] basic_tunnel.p4(155) Condition "hdr.myTunnel.isValid()" (node_4) is false
[20:09:59.195] [bmv2] [D] [thread 3147] [6.0] [cxt 0] Pipeline 'ingress': end
[20:09:59.195] [bmv2] [D] [thread 3147] [6.0] [cxt 0] Egress port is 0
[20:09:59.196] [bmv2] [D] [thread 3148] [6.0] [cxt 0] Pipeline 'egress': start
[20:09:59.197] [bmv2] [D] [thread 3148] [6.0] [cxt 0] Pipeline 'egress': end
[20:09:59.197] [bmv2] [D] [thread 3148] [6.0] [cxt 0] Deparser 'deparser': start
[20:09:59.197] [bmv2] [T] [thread 3148] [6.0] [cxt 0] Skipping checksum 'cksum' update because condition not met
[20:09:59.197] [bmv2] [D] [thread 3148] [6.0] [cxt 0] Deparsing header 'ethernet'
[20:09:59.197] [bmv2] [D] [thread 3148] [6.0] [cxt 0] Deparser 'deparser': end
[20:09:59.197] [bmv2] [D] [thread 3152] [6.0] [cxt 0] Transmitting packet of size 110 out of port 0
[20:09:59.203] [bmv2] [D] [thread 3147] [7.0] [cxt 0] Processing packet received on port 2
[20:09:59.203] [bmv2] [D] [thread 3147] [7.0] [cxt 0] Parser 'parser': start
[20:09:59.203] [bmv2] [D] [thread 3147] [7.0] [cxt 0] Parser 'parser' entering state 'start'
[20:09:59.203] [bmv2] [D] [thread 3147] [7.0] [cxt 0] Extracting header 'ethernet'
[20:09:59.203] [bmv2] [D] [thread 3147] [7.0] [cxt 0] Parser state 'start': key is 86dd
[20:09:59.203] [bmv2] [T] [thread 3147] [7.0] [cxt 0] Bytes parsed: 14
[20:09:59.203] [bmv2] [D] [thread 3147] [7.0] [cxt 0] Parser 'parser': end
[20:09:59.203] [bmv2] [D] [thread 3147] [7.0] [cxt 0] Pipeline 'ingress': start
[20:09:59.203] [bmv2] [T] [thread 3147] [7.0] [cxt 0] basic_tunnel.p4(152) Condition "hdr.ipv4.isValid() && !hdr.myTunnel.isValid()" (node_2) is false
[20:09:59.203] [bmv2] [T] [thread 3147] [7.0] [cxt 0] basic_tunnel.p4(155) Condition "hdr.myTunnel.isValid()" (node_4) is false
[20:09:59.203] [bmv2] [D] [thread 3147] [7.0] [cxt 0] Pipeline 'ingress': end
[20:09:59.203] [bmv2] [D] [thread 3147] [7.0] [cxt 0] Egress port is 0
[20:09:59.204] [bmv2] [D] [thread 3148] [7.0] [cxt 0] Pipeline 'egress': start
[20:09:59.204] [bmv2] [D] [thread 3148] [7.0] [cxt 0] Pipeline 'egress': end
[20:09:59.204] [bmv2] [D] [thread 3148] [7.0] [cxt 0] Deparser 'deparser': start
[20:09:59.204] [bmv2] [T] [thread 3148] [7.0] [cxt 0] Skipping checksum 'cksum' update because condition not met
[20:09:59.204] [bmv2] [D] [thread 3148] [7.0] [cxt 0] Deparsing header 'ethernet'
[20:09:59.204] [bmv2] [D] [thread 3148] [7.0] [cxt 0] Deparser 'deparser': end
[20:09:59.204] [bmv2] [D] [thread 3152] [7.0] [cxt 0] Transmitting packet of size 208 out of port 0
[20:09:59.223] [bmv2] [D] [thread 3147] [8.0] [cxt 0] Processing packet received on port 3
[20:09:59.223] [bmv2] [D] [thread 3147] [8.0] [cxt 0] Parser 'parser': start
[20:09:59.223] [bmv2] [D] [thread 3147] [8.0] [cxt 0] Parser 'parser' entering state 'start'
[20:09:59.223] [bmv2] [D] [thread 3147] [8.0] [cxt 0] Extracting header 'ethernet'
[20:09:59.223] [bmv2] [D] [thread 3147] [8.0] [cxt 0] Parser state 'start': key is 86dd
[20:09:59.223] [bmv2] [T] [thread 3147] [8.0] [cxt 0] Bytes parsed: 14
[20:09:59.223] [bmv2] [D] [thread 3147] [8.0] [cxt 0] Parser 'parser': end
[20:09:59.223] [bmv2] [D] [thread 3147] [8.0] [cxt 0] Pipeline 'ingress': start
[20:09:59.223] [bmv2] [T] [thread 3147] [8.0] [cxt 0] basic_tunnel.p4(152) Condition "hdr.ipv4.isValid() && !hdr.myTunnel.isValid()" (node_2) is false
[20:09:59.223] [bmv2] [T] [thread 3147] [8.0] [cxt 0] basic_tunnel.p4(155) Condition "hdr.myTunnel.isValid()" (node_4) is false
[20:09:59.223] [bmv2] [D] [thread 3147] [8.0] [cxt 0] Pipeline 'ingress': end
[20:09:59.223] [bmv2] [D] [thread 3147] [8.0] [cxt 0] Egress port is 0
[20:09:59.223] [bmv2] [D] [thread 3148] [8.0] [cxt 0] Pipeline 'egress': start
[20:09:59.223] [bmv2] [D] [thread 3148] [8.0] [cxt 0] Pipeline 'egress': end
[20:09:59.223] [bmv2] [D] [thread 3148] [8.0] [cxt 0] Deparser 'deparser': start
[20:09:59.223] [bmv2] [T] [thread 3148] [8.0] [cxt 0] Skipping checksum 'cksum' update because condition not met
[20:09:59.223] [bmv2] [D] [thread 3148] [8.0] [cxt 0] Deparsing header 'ethernet'
[20:09:59.223] [bmv2] [D] [thread 3148] [8.0] [cxt 0] Deparser 'deparser': end
[20:09:59.223] [bmv2] [D] [thread 3152] [8.0] [cxt 0] Transmitting packet of size 208 out of port 0
[20:09:59.255] [bmv2] [D] [thread 3147] [9.0] [cxt 0] Processing packet received on port 1
[20:09:59.256] [bmv2] [D] [thread 3147] [9.0] [cxt 0] Parser 'parser': start
[20:09:59.256] [bmv2] [D] [thread 3147] [9.0] [cxt 0] Parser 'parser' entering state 'start'
[20:09:59.256] [bmv2] [D] [thread 3147] [9.0] [cxt 0] Extracting header 'ethernet'
[20:09:59.256] [bmv2] [D] [thread 3147] [9.0] [cxt 0] Parser state 'start': key is 86dd
[20:09:59.256] [bmv2] [T] [thread 3147] [9.0] [cxt 0] Bytes parsed: 14
[20:09:59.256] [bmv2] [D] [thread 3147] [9.0] [cxt 0] Parser 'parser': end
[20:09:59.256] [bmv2] [D] [thread 3147] [9.0] [cxt 0] Pipeline 'ingress': start
[20:09:59.256] [bmv2] [T] [thread 3147] [9.0] [cxt 0] basic_tunnel.p4(152) Condition "hdr.ipv4.isValid() && !hdr.myTunnel.isValid()" (node_2) is false
[20:09:59.256] [bmv2] [T] [thread 3147] [9.0] [cxt 0] basic_tunnel.p4(155) Condition "hdr.myTunnel.isValid()" (node_4) is false
[20:09:59.256] [bmv2] [D] [thread 3147] [9.0] [cxt 0] Pipeline 'ingress': end
[20:09:59.256] [bmv2] [D] [thread 3147] [9.0] [cxt 0] Egress port is 0
[20:09:59.256] [bmv2] [D] [thread 3148] [9.0] [cxt 0] Pipeline 'egress': start
[20:09:59.256] [bmv2] [D] [thread 3148] [9.0] [cxt 0] Pipeline 'egress': end
[20:09:59.256] [bmv2] [D] [thread 3148] [9.0] [cxt 0] Deparser 'deparser': start
[20:09:59.256] [bmv2] [T] [thread 3148] [9.0] [cxt 0] Skipping checksum 'cksum' update because condition not met
[20:09:59.256] [bmv2] [D] [thread 3148] [9.0] [cxt 0] Deparsing header 'ethernet'
[20:09:59.256] [bmv2] [D] [thread 3148] [9.0] [cxt 0] Deparser 'deparser': end
[20:09:59.256] [bmv2] [D] [thread 3152] [9.0] [cxt 0] Transmitting packet of size 208 out of port 0
[20:09:59.268] [bmv2] [D] [thread 3147] [10.0] [cxt 0] Processing packet received on port 3
[20:09:59.268] [bmv2] [D] [thread 3147] [10.0] [cxt 0] Parser 'parser': start
[20:09:59.268] [bmv2] [D] [thread 3147] [10.0] [cxt 0] Parser 'parser' entering state 'start'
[20:09:59.268] [bmv2] [D] [thread 3147] [10.0] [cxt 0] Extracting header 'ethernet'
[20:09:59.268] [bmv2] [D] [thread 3147] [10.0] [cxt 0] Parser state 'start': key is 86dd
[20:09:59.268] [bmv2] [T] [thread 3147] [10.0] [cxt 0] Bytes parsed: 14
[20:09:59.268] [bmv2] [D] [thread 3147] [10.0] [cxt 0] Parser 'parser': end
[20:09:59.268] [bmv2] [D] [thread 3147] [10.0] [cxt 0] Pipeline 'ingress': start
[20:09:59.268] [bmv2] [T] [thread 3147] [10.0] [cxt 0] basic_tunnel.p4(152) Condition "hdr.ipv4.isValid() && !hdr.myTunnel.isValid()" (node_2) is false
[20:09:59.268] [bmv2] [T] [thread 3147] [10.0] [cxt 0] basic_tunnel.p4(155) Condition "hdr.myTunnel.isValid()" (node_4) is false
[20:09:59.268] [bmv2] [D] [thread 3147] [10.0] [cxt 0] Pipeline 'ingress': end
[20:09:59.268] [bmv2] [D] [thread 3147] [10.0] [cxt 0] Egress port is 0
[20:09:59.268] [bmv2] [D] [thread 3147] [11.0] [cxt 0] Processing packet received on port 3
[20:09:59.268] [bmv2] [D] [thread 3147] [11.0] [cxt 0] Parser 'parser': start
[20:09:59.268] [bmv2] [D] [thread 3147] [11.0] [cxt 0] Parser 'parser' entering state 'start'
[20:09:59.268] [bmv2] [D] [thread 3147] [11.0] [cxt 0] Extracting header 'ethernet'
[20:09:59.268] [bmv2] [D] [thread 3147] [11.0] [cxt 0] Parser state 'start': key is 86dd
[20:09:59.268] [bmv2] [T] [thread 3147] [11.0] [cxt 0] Bytes parsed: 14
[20:09:59.268] [bmv2] [D] [thread 3147] [11.0] [cxt 0] Parser 'parser': end
[20:09:59.268] [bmv2] [D] [thread 3147] [11.0] [cxt 0] Pipeline 'ingress': start
[20:09:59.268] [bmv2] [T] [thread 3147] [11.0] [cxt 0] basic_tunnel.p4(152) Condition "hdr.ipv4.isValid() && !hdr.myTunnel.isValid()" (node_2) is false
[20:09:59.268] [bmv2] [T] [thread 3147] [11.0] [cxt 0] basic_tunnel.p4(155) Condition "hdr.myTunnel.isValid()" (node_4) is false
[20:09:59.268] [bmv2] [D] [thread 3147] [11.0] [cxt 0] Pipeline 'ingress': end
[20:09:59.268] [bmv2] [D] [thread 3147] [11.0] [cxt 0] Egress port is 0
[20:09:59.269] [bmv2] [D] [thread 3148] [10.0] [cxt 0] Pipeline 'egress': start
[20:09:59.269] [bmv2] [D] [thread 3148] [10.0] [cxt 0] Pipeline 'egress': end
[20:09:59.269] [bmv2] [D] [thread 3148] [10.0] [cxt 0] Deparser 'deparser': start
[20:09:59.269] [bmv2] [T] [thread 3148] [10.0] [cxt 0] Skipping checksum 'cksum' update because condition not met
[20:09:59.269] [bmv2] [D] [thread 3148] [10.0] [cxt 0] Deparsing header 'ethernet'
[20:09:59.269] [bmv2] [D] [thread 3148] [10.0] [cxt 0] Deparser 'deparser': end
[20:09:59.269] [bmv2] [D] [thread 3148] [11.0] [cxt 0] Pipeline 'egress': start
[20:09:59.269] [bmv2] [D] [thread 3148] [11.0] [cxt 0] Pipeline 'egress': end
[20:09:59.269] [bmv2] [D] [thread 3148] [11.0] [cxt 0] Deparser 'deparser': start
[20:09:59.269] [bmv2] [T] [thread 3148] [11.0] [cxt 0] Skipping checksum 'cksum' update because condition not met
[20:09:59.269] [bmv2] [D] [thread 3148] [11.0] [cxt 0] Deparsing header 'ethernet'
[20:09:59.269] [bmv2] [D] [thread 3148] [11.0] [cxt 0] Deparser 'deparser': end
[20:09:59.270] [bmv2] [D] [thread 3152] [10.0] [cxt 0] Transmitting packet of size 90 out of port 0
[20:09:59.270] [bmv2] [D] [thread 3152] [11.0] [cxt 0] Transmitting packet of size 70 out of port 0
[20:09:59.271] [bmv2] [D] [thread 3147] [12.0] [cxt 0] Processing packet received on port 3
[20:09:59.271] [bmv2] [D] [thread 3147] [12.0] [cxt 0] Parser 'parser': start
[20:09:59.271] [bmv2] [D] [thread 3147] [12.0] [cxt 0] Parser 'parser' entering state 'start'
[20:09:59.271] [bmv2] [D] [thread 3147] [12.0] [cxt 0] Extracting header 'ethernet'
[20:09:59.271] [bmv2] [D] [thread 3147] [12.0] [cxt 0] Parser state 'start': key is 86dd
[20:09:59.271] [bmv2] [T] [thread 3147] [12.0] [cxt 0] Bytes parsed: 14
[20:09:59.271] [bmv2] [D] [thread 3147] [12.0] [cxt 0] Parser 'parser': end
[20:09:59.272] [bmv2] [D] [thread 3147] [12.0] [cxt 0] Pipeline 'ingress': start
[20:09:59.272] [bmv2] [T] [thread 3147] [12.0] [cxt 0] basic_tunnel.p4(152) Condition "hdr.ipv4.isValid() && !hdr.myTunnel.isValid()" (node_2) is false
[20:09:59.272] [bmv2] [T] [thread 3147] [12.0] [cxt 0] basic_tunnel.p4(155) Condition "hdr.myTunnel.isValid()" (node_4) is false
[20:09:59.272] [bmv2] [D] [thread 3147] [12.0] [cxt 0] Pipeline 'ingress': end
[20:09:59.272] [bmv2] [D] [thread 3147] [12.0] [cxt 0] Egress port is 0
[20:09:59.280] [bmv2] [D] [thread 3148] [12.0] [cxt 0] Pipeline 'egress': start
[20:09:59.280] [bmv2] [D] [thread 3148] [12.0] [cxt 0] Pipeline 'egress': end
[20:09:59.280] [bmv2] [D] [thread 3148] [12.0] [cxt 0] Deparser 'deparser': start
[20:09:59.280] [bmv2] [T] [thread 3148] [12.0] [cxt 0] Skipping checksum 'cksum' update because condition not met
[20:09:59.280] [bmv2] [D] [thread 3148] [12.0] [cxt 0] Deparsing header 'ethernet'
[20:09:59.280] [bmv2] [D] [thread 3148] [12.0] [cxt 0] Deparser 'deparser': end
[20:09:59.280] [bmv2] [D] [thread 3152] [12.0] [cxt 0] Transmitting packet of size 90 out of port 0
[20:09:59.328] [bmv2] [D] [thread 3147] [13.0] [cxt 0] Processing packet received on port 2
[20:09:59.328] [bmv2] [D] [thread 3147] [13.0] [cxt 0] Parser 'parser': start
[20:09:59.328] [bmv2] [D] [thread 3147] [13.0] [cxt 0] Parser 'parser' entering state 'start'
[20:09:59.328] [bmv2] [D] [thread 3147] [13.0] [cxt 0] Extracting header 'ethernet'
[20:09:59.328] [bmv2] [D] [thread 3147] [13.0] [cxt 0] Parser state 'start': key is 86dd
[20:09:59.328] [bmv2] [T] [thread 3147] [13.0] [cxt 0] Bytes parsed: 14
[20:09:59.328] [bmv2] [D] [thread 3147] [13.0] [cxt 0] Parser 'parser': end
[20:09:59.328] [bmv2] [D] [thread 3147] [13.0] [cxt 0] Pipeline 'ingress': start
[20:09:59.328] [bmv2] [T] [thread 3147] [13.0] [cxt 0] basic_tunnel.p4(152) Condition "hdr.ipv4.isValid() && !hdr.myTunnel.isValid()" (node_2) is false
[20:09:59.328] [bmv2] [T] [thread 3147] [13.0] [cxt 0] basic_tunnel.p4(155) Condition "hdr.myTunnel.isValid()" (node_4) is false
[20:09:59.328] [bmv2] [D] [thread 3147] [13.0] [cxt 0] Pipeline 'ingress': end
[20:09:59.328] [bmv2] [D] [thread 3147] [13.0] [cxt 0] Egress port is 0
[20:09:59.328] [bmv2] [D] [thread 3148] [13.0] [cxt 0] Pipeline 'egress': start
[20:09:59.328] [bmv2] [D] [thread 3148] [13.0] [cxt 0] Pipeline 'egress': end
[20:09:59.328] [bmv2] [D] [thread 3148] [13.0] [cxt 0] Deparser 'deparser': start
[20:09:59.328] [bmv2] [T] [thread 3148] [13.0] [cxt 0] Skipping checksum 'cksum' update because condition not met
[20:09:59.328] [bmv2] [D] [thread 3148] [13.0] [cxt 0] Deparsing header 'ethernet'
[20:09:59.328] [bmv2] [D] [thread 3148] [13.0] [cxt 0] Deparser 'deparser': end
[20:09:59.328] [bmv2] [D] [thread 3152] [13.0] [cxt 0] Transmitting packet of size 90 out of port 0
[20:09:59.330] [bmv2] [D] [thread 3147] [14.0] [cxt 0] Processing packet received on port 2
[20:09:59.330] [bmv2] [D] [thread 3147] [14.0] [cxt 0] Parser 'parser': start
[20:09:59.330] [bmv2] [D] [thread 3147] [14.0] [cxt 0] Parser 'parser' entering state 'start'
[20:09:59.330] [bmv2] [D] [thread 3147] [14.0] [cxt 0] Extracting header 'ethernet'
[20:09:59.330] [bmv2] [D] [thread 3147] [14.0] [cxt 0] Parser state 'start': key is 86dd
[20:09:59.330] [bmv2] [T] [thread 3147] [14.0] [cxt 0] Bytes parsed: 14
[20:09:59.330] [bmv2] [D] [thread 3147] [14.0] [cxt 0] Parser 'parser': end
[20:09:59.330] [bmv2] [D] [thread 3147] [14.0] [cxt 0] Pipeline 'ingress': start
[20:09:59.330] [bmv2] [T] [thread 3147] [14.0] [cxt 0] basic_tunnel.p4(152) Condition "hdr.ipv4.isValid() && !hdr.myTunnel.isValid()" (node_2) is false
[20:09:59.330] [bmv2] [T] [thread 3147] [14.0] [cxt 0] basic_tunnel.p4(155) Condition "hdr.myTunnel.isValid()" (node_4) is false
[20:09:59.330] [bmv2] [D] [thread 3147] [14.0] [cxt 0] Pipeline 'ingress': end
[20:09:59.330] [bmv2] [D] [thread 3147] [14.0] [cxt 0] Egress port is 0
[20:09:59.330] [bmv2] [D] [thread 3148] [14.0] [cxt 0] Pipeline 'egress': start
[20:09:59.330] [bmv2] [D] [thread 3148] [14.0] [cxt 0] Pipeline 'egress': end
[20:09:59.330] [bmv2] [D] [thread 3148] [14.0] [cxt 0] Deparser 'deparser': start
[20:09:59.330] [bmv2] [T] [thread 3148] [14.0] [cxt 0] Skipping checksum 'cksum' update because condition not met
[20:09:59.330] [bmv2] [D] [thread 3148] [14.0] [cxt 0] Deparsing header 'ethernet'
[20:09:59.330] [bmv2] [D] [thread 3148] [14.0] [cxt 0] Deparser 'deparser': end
[20:09:59.330] [bmv2] [D] [thread 3152] [14.0] [cxt 0] Transmitting packet of size 196 out of port 0
[20:09:59.449] [bmv2] [D] [thread 3147] [15.0] [cxt 0] Processing packet received on port 3
[20:09:59.449] [bmv2] [D] [thread 3147] [15.0] [cxt 0] Parser 'parser': start
[20:09:59.449] [bmv2] [D] [thread 3147] [15.0] [cxt 0] Parser 'parser' entering state 'start'
[20:09:59.449] [bmv2] [D] [thread 3147] [15.0] [cxt 0] Extracting header 'ethernet'
[20:09:59.449] [bmv2] [D] [thread 3147] [15.0] [cxt 0] Parser state 'start': key is 86dd
[20:09:59.449] [bmv2] [T] [thread 3147] [15.0] [cxt 0] Bytes parsed: 14
[20:09:59.449] [bmv2] [D] [thread 3147] [15.0] [cxt 0] Parser 'parser': end
[20:09:59.449] [bmv2] [D] [thread 3147] [15.0] [cxt 0] Pipeline 'ingress': start
[20:09:59.449] [bmv2] [T] [thread 3147] [15.0] [cxt 0] basic_tunnel.p4(152) Condition "hdr.ipv4.isValid() && !hdr.myTunnel.isValid()" (node_2) is false
[20:09:59.449] [bmv2] [T] [thread 3147] [15.0] [cxt 0] basic_tunnel.p4(155) Condition "hdr.myTunnel.isValid()" (node_4) is false
[20:09:59.449] [bmv2] [D] [thread 3147] [15.0] [cxt 0] Pipeline 'ingress': end
[20:09:59.449] [bmv2] [D] [thread 3147] [15.0] [cxt 0] Egress port is 0
[20:09:59.449] [bmv2] [D] [thread 3148] [15.0] [cxt 0] Pipeline 'egress': start
[20:09:59.449] [bmv2] [D] [thread 3148] [15.0] [cxt 0] Pipeline 'egress': end
[20:09:59.449] [bmv2] [D] [thread 3148] [15.0] [cxt 0] Deparser 'deparser': start
[20:09:59.449] [bmv2] [T] [thread 3148] [15.0] [cxt 0] Skipping checksum 'cksum' update because condition not met
[20:09:59.449] [bmv2] [D] [thread 3148] [15.0] [cxt 0] Deparsing header 'ethernet'
[20:09:59.449] [bmv2] [D] [thread 3148] [15.0] [cxt 0] Deparser 'deparser': end
[20:09:59.449] [bmv2] [D] [thread 3152] [15.0] [cxt 0] Transmitting packet of size 208 out of port 0
[20:09:59.455] [bmv2] [D] [thread 3147] [16.0] [cxt 0] Processing packet received on port 2
[20:09:59.455] [bmv2] [D] [thread 3147] [16.0] [cxt 0] Parser 'parser': start
[20:09:59.455] [bmv2] [D] [thread 3147] [16.0] [cxt 0] Parser 'parser' entering state 'start'
[20:09:59.455] [bmv2] [D] [thread 3147] [16.0] [cxt 0] Extracting header 'ethernet'
[20:09:59.455] [bmv2] [D] [thread 3147] [16.0] [cxt 0] Parser state 'start': key is 86dd
[20:09:59.455] [bmv2] [T] [thread 3147] [16.0] [cxt 0] Bytes parsed: 14
[20:09:59.455] [bmv2] [D] [thread 3147] [16.0] [cxt 0] Parser 'parser': end
[20:09:59.455] [bmv2] [D] [thread 3147] [16.0] [cxt 0] Pipeline 'ingress': start
[20:09:59.455] [bmv2] [T] [thread 3147] [16.0] [cxt 0] basic_tunnel.p4(152) Condition "hdr.ipv4.isValid() && !hdr.myTunnel.isValid()" (node_2) is false
[20:09:59.455] [bmv2] [T] [thread 3147] [16.0] [cxt 0] basic_tunnel.p4(155) Condition "hdr.myTunnel.isValid()" (node_4) is false
[20:09:59.455] [bmv2] [D] [thread 3147] [16.0] [cxt 0] Pipeline 'ingress': end
[20:09:59.455] [bmv2] [D] [thread 3147] [16.0] [cxt 0] Egress port is 0
[20:09:59.455] [bmv2] [D] [thread 3147] [17.0] [cxt 0] Processing packet received on port 2
[20:09:59.455] [bmv2] [D] [thread 3147] [17.0] [cxt 0] Parser 'parser': start
[20:09:59.455] [bmv2] [D] [thread 3147] [17.0] [cxt 0] Parser 'parser' entering state 'start'
[20:09:59.455] [bmv2] [D] [thread 3147] [17.0] [cxt 0] Extracting header 'ethernet'
[20:09:59.455] [bmv2] [D] [thread 3147] [17.0] [cxt 0] Parser state 'start': key is 86dd
[20:09:59.455] [bmv2] [T] [thread 3147] [17.0] [cxt 0] Bytes parsed: 14
[20:09:59.455] [bmv2] [D] [thread 3147] [17.0] [cxt 0] Parser 'parser': end
[20:09:59.455] [bmv2] [D] [thread 3147] [17.0] [cxt 0] Pipeline 'ingress': start
[20:09:59.455] [bmv2] [T] [thread 3147] [17.0] [cxt 0] basic_tunnel.p4(152) Condition "hdr.ipv4.isValid() && !hdr.myTunnel.isValid()" (node_2) is false
[20:09:59.455] [bmv2] [T] [thread 3147] [17.0] [cxt 0] basic_tunnel.p4(155) Condition "hdr.myTunnel.isValid()" (node_4) is false
[20:09:59.455] [bmv2] [D] [thread 3147] [17.0] [cxt 0] Pipeline 'ingress': end
[20:09:59.455] [bmv2] [D] [thread 3147] [17.0] [cxt 0] Egress port is 0
[20:09:59.455] [bmv2] [D] [thread 3148] [16.0] [cxt 0] Pipeline 'egress': start
[20:09:59.455] [bmv2] [D] [thread 3148] [16.0] [cxt 0] Pipeline 'egress': end
[20:09:59.455] [bmv2] [D] [thread 3148] [16.0] [cxt 0] Deparser 'deparser': start
[20:09:59.455] [bmv2] [T] [thread 3148] [16.0] [cxt 0] Skipping checksum 'cksum' update because condition not met
[20:09:59.455] [bmv2] [D] [thread 3148] [16.0] [cxt 0] Deparsing header 'ethernet'
[20:09:59.455] [bmv2] [D] [thread 3148] [16.0] [cxt 0] Deparser 'deparser': end
[20:09:59.455] [bmv2] [D] [thread 3148] [17.0] [cxt 0] Pipeline 'egress': start
[20:09:59.455] [bmv2] [D] [thread 3148] [17.0] [cxt 0] Pipeline 'egress': end
[20:09:59.455] [bmv2] [D] [thread 3148] [17.0] [cxt 0] Deparser 'deparser': start
[20:09:59.455] [bmv2] [T] [thread 3148] [17.0] [cxt 0] Skipping checksum 'cksum' update because condition not met
[20:09:59.455] [bmv2] [D] [thread 3148] [17.0] [cxt 0] Deparsing header 'ethernet'
[20:09:59.455] [bmv2] [D] [thread 3148] [17.0] [cxt 0] Deparser 'deparser': end
[20:09:59.456] [bmv2] [D] [thread 3152] [16.0] [cxt 0] Transmitting packet of size 90 out of port 0
[20:09:59.456] [bmv2] [D] [thread 3152] [17.0] [cxt 0] Transmitting packet of size 208 out of port 0
[20:09:59.473] [bmv2] [D] [thread 3147] [18.0] [cxt 0] Processing packet received on port 3
[20:09:59.473] [bmv2] [D] [thread 3147] [18.0] [cxt 0] Parser 'parser': start
[20:09:59.473] [bmv2] [D] [thread 3147] [18.0] [cxt 0] Parser 'parser' entering state 'start'
[20:09:59.473] [bmv2] [D] [thread 3147] [18.0] [cxt 0] Extracting header 'ethernet'
[20:09:59.473] [bmv2] [D] [thread 3147] [18.0] [cxt 0] Parser state 'start': key is 86dd
[20:09:59.473] [bmv2] [T] [thread 3147] [18.0] [cxt 0] Bytes parsed: 14
[20:09:59.473] [bmv2] [D] [thread 3147] [18.0] [cxt 0] Parser 'parser': end
[20:09:59.473] [bmv2] [D] [thread 3147] [18.0] [cxt 0] Pipeline 'ingress': start
[20:09:59.473] [bmv2] [T] [thread 3147] [18.0] [cxt 0] basic_tunnel.p4(152) Condition "hdr.ipv4.isValid() && !hdr.myTunnel.isValid()" (node_2) is false
[20:09:59.473] [bmv2] [T] [thread 3147] [18.0] [cxt 0] basic_tunnel.p4(155) Condition "hdr.myTunnel.isValid()" (node_4) is false
[20:09:59.473] [bmv2] [D] [thread 3147] [18.0] [cxt 0] Pipeline 'ingress': end
[20:09:59.473] [bmv2] [D] [thread 3147] [18.0] [cxt 0] Egress port is 0
[20:09:59.473] [bmv2] [D] [thread 3148] [18.0] [cxt 0] Pipeline 'egress': start
[20:09:59.473] [bmv2] [D] [thread 3148] [18.0] [cxt 0] Pipeline 'egress': end
[20:09:59.473] [bmv2] [D] [thread 3148] [18.0] [cxt 0] Deparser 'deparser': start
[20:09:59.473] [bmv2] [T] [thread 3148] [18.0] [cxt 0] Skipping checksum 'cksum' update because condition not met
[20:09:59.473] [bmv2] [D] [thread 3148] [18.0] [cxt 0] Deparsing header 'ethernet'
[20:09:59.473] [bmv2] [D] [thread 3148] [18.0] [cxt 0] Deparser 'deparser': end
[20:09:59.473] [bmv2] [D] [thread 3152] [18.0] [cxt 0] Transmitting packet of size 208 out of port 0
[20:09:59.507] [bmv2] [D] [thread 3147] [19.0] [cxt 0] Processing packet received on port 1
[20:09:59.507] [bmv2] [D] [thread 3147] [19.0] [cxt 0] Parser 'parser': start
[20:09:59.507] [bmv2] [D] [thread 3147] [19.0] [cxt 0] Parser 'parser' entering state 'start'
[20:09:59.507] [bmv2] [D] [thread 3147] [19.0] [cxt 0] Extracting header 'ethernet'
[20:09:59.507] [bmv2] [D] [thread 3147] [19.0] [cxt 0] Parser state 'start': key is 86dd
[20:09:59.507] [bmv2] [T] [thread 3147] [19.0] [cxt 0] Bytes parsed: 14
[20:09:59.507] [bmv2] [D] [thread 3147] [19.0] [cxt 0] Parser 'parser': end
[20:09:59.507] [bmv2] [D] [thread 3147] [19.0] [cxt 0] Pipeline 'ingress': start
[20:09:59.507] [bmv2] [T] [thread 3147] [19.0] [cxt 0] basic_tunnel.p4(152) Condition "hdr.ipv4.isValid() && !hdr.myTunnel.isValid()" (node_2) is false
[20:09:59.507] [bmv2] [T] [thread 3147] [19.0] [cxt 0] basic_tunnel.p4(155) Condition "hdr.myTunnel.isValid()" (node_4) is false
[20:09:59.507] [bmv2] [D] [thread 3147] [19.0] [cxt 0] Pipeline 'ingress': end
[20:09:59.507] [bmv2] [D] [thread 3147] [19.0] [cxt 0] Egress port is 0
[20:09:59.507] [bmv2] [D] [thread 3148] [19.0] [cxt 0] Pipeline 'egress': start
[20:09:59.507] [bmv2] [D] [thread 3148] [19.0] [cxt 0] Pipeline 'egress': end
[20:09:59.507] [bmv2] [D] [thread 3148] [19.0] [cxt 0] Deparser 'deparser': start
[20:09:59.507] [bmv2] [T] [thread 3148] [19.0] [cxt 0] Skipping checksum 'cksum' update because condition not met
[20:09:59.507] [bmv2] [D] [thread 3148] [19.0] [cxt 0] Deparsing header 'ethernet'
[20:09:59.507] [bmv2] [D] [thread 3148] [19.0] [cxt 0] Deparser 'deparser': end
[20:09:59.507] [bmv2] [D] [thread 3152] [19.0] [cxt 0] Transmitting packet of size 208 out of port 0
[20:09:59.552] [bmv2] [D] [thread 3147] [20.0] [cxt 0] Processing packet received on port 2
[20:09:59.552] [bmv2] [D] [thread 3147] [20.0] [cxt 0] Parser 'parser': start
[20:09:59.552] [bmv2] [D] [thread 3147] [20.0] [cxt 0] Parser 'parser' entering state 'start'
[20:09:59.552] [bmv2] [D] [thread 3147] [20.0] [cxt 0] Extracting header 'ethernet'
[20:09:59.552] [bmv2] [D] [thread 3147] [20.0] [cxt 0] Parser state 'start': key is 86dd
[20:09:59.552] [bmv2] [T] [thread 3147] [20.0] [cxt 0] Bytes parsed: 14
[20:09:59.552] [bmv2] [D] [thread 3147] [20.0] [cxt 0] Parser 'parser': end
[20:09:59.552] [bmv2] [D] [thread 3147] [20.0] [cxt 0] Pipeline 'ingress': start
[20:09:59.552] [bmv2] [T] [thread 3147] [20.0] [cxt 0] basic_tunnel.p4(152) Condition "hdr.ipv4.isValid() && !hdr.myTunnel.isValid()" (node_2) is false
[20:09:59.552] [bmv2] [T] [thread 3147] [20.0] [cxt 0] basic_tunnel.p4(155) Condition "hdr.myTunnel.isValid()" (node_4) is false
[20:09:59.552] [bmv2] [D] [thread 3147] [20.0] [cxt 0] Pipeline 'ingress': end
[20:09:59.552] [bmv2] [D] [thread 3147] [20.0] [cxt 0] Egress port is 0
[20:09:59.552] [bmv2] [D] [thread 3148] [20.0] [cxt 0] Pipeline 'egress': start
[20:09:59.552] [bmv2] [D] [thread 3148] [20.0] [cxt 0] Pipeline 'egress': end
[20:09:59.552] [bmv2] [D] [thread 3148] [20.0] [cxt 0] Deparser 'deparser': start
[20:09:59.552] [bmv2] [T] [thread 3148] [20.0] [cxt 0] Skipping checksum 'cksum' update because condition not met
[20:09:59.552] [bmv2] [D] [thread 3148] [20.0] [cxt 0] Deparsing header 'ethernet'
[20:09:59.552] [bmv2] [D] [thread 3148] [20.0] [cxt 0] Deparser 'deparser': end
[20:09:59.552] [bmv2] [D] [thread 3152] [20.0] [cxt 0] Transmitting packet of size 110 out of port 0
[20:09:59.648] [bmv2] [D] [thread 3147] [21.0] [cxt 0] Processing packet received on port 3
[20:09:59.648] [bmv2] [D] [thread 3147] [21.0] [cxt 0] Parser 'parser': start
[20:09:59.648] [bmv2] [D] [thread 3147] [21.0] [cxt 0] Parser 'parser' entering state 'start'
[20:09:59.648] [bmv2] [D] [thread 3147] [21.0] [cxt 0] Extracting header 'ethernet'
[20:09:59.648] [bmv2] [D] [thread 3147] [21.0] [cxt 0] Parser state 'start': key is 86dd
[20:09:59.648] [bmv2] [T] [thread 3147] [21.0] [cxt 0] Bytes parsed: 14
[20:09:59.648] [bmv2] [D] [thread 3147] [21.0] [cxt 0] Parser 'parser': end
[20:09:59.648] [bmv2] [D] [thread 3147] [21.0] [cxt 0] Pipeline 'ingress': start
[20:09:59.648] [bmv2] [T] [thread 3147] [21.0] [cxt 0] basic_tunnel.p4(152) Condition "hdr.ipv4.isValid() && !hdr.myTunnel.isValid()" (node_2) is false
[20:09:59.648] [bmv2] [T] [thread 3147] [21.0] [cxt 0] basic_tunnel.p4(155) Condition "hdr.myTunnel.isValid()" (node_4) is false
[20:09:59.648] [bmv2] [D] [thread 3147] [21.0] [cxt 0] Pipeline 'ingress': end
[20:09:59.648] [bmv2] [D] [thread 3147] [21.0] [cxt 0] Egress port is 0
[20:09:59.648] [bmv2] [D] [thread 3148] [21.0] [cxt 0] Pipeline 'egress': start
[20:09:59.648] [bmv2] [D] [thread 3148] [21.0] [cxt 0] Pipeline 'egress': end
[20:09:59.648] [bmv2] [D] [thread 3148] [21.0] [cxt 0] Deparser 'deparser': start
[20:09:59.648] [bmv2] [T] [thread 3148] [21.0] [cxt 0] Skipping checksum 'cksum' update because condition not met
[20:09:59.648] [bmv2] [D] [thread 3148] [21.0] [cxt 0] Deparsing header 'ethernet'
[20:09:59.648] [bmv2] [D] [thread 3148] [21.0] [cxt 0] Deparser 'deparser': end
[20:09:59.648] [bmv2] [D] [thread 3152] [21.0] [cxt 0] Transmitting packet of size 90 out of port 0
[20:09:59.655] [bmv2] [D] [thread 3147] [22.0] [cxt 0] Processing packet received on port 2
[20:09:59.655] [bmv2] [D] [thread 3147] [22.0] [cxt 0] Parser 'parser': start
[20:09:59.655] [bmv2] [D] [thread 3147] [22.0] [cxt 0] Parser 'parser' entering state 'start'
[20:09:59.655] [bmv2] [D] [thread 3147] [22.0] [cxt 0] Extracting header 'ethernet'
[20:09:59.655] [bmv2] [D] [thread 3147] [22.0] [cxt 0] Parser state 'start': key is 86dd
[20:09:59.655] [bmv2] [T] [thread 3147] [22.0] [cxt 0] Bytes parsed: 14
[20:09:59.655] [bmv2] [D] [thread 3147] [22.0] [cxt 0] Parser 'parser': end
[20:09:59.655] [bmv2] [D] [thread 3147] [22.0] [cxt 0] Pipeline 'ingress': start
[20:09:59.655] [bmv2] [T] [thread 3147] [22.0] [cxt 0] basic_tunnel.p4(152) Condition "hdr.ipv4.isValid() && !hdr.myTunnel.isValid()" (node_2) is false
[20:09:59.655] [bmv2] [T] [thread 3147] [22.0] [cxt 0] basic_tunnel.p4(155) Condition "hdr.myTunnel.isValid()" (node_4) is false
[20:09:59.655] [bmv2] [D] [thread 3147] [22.0] [cxt 0] Pipeline 'ingress': end
[20:09:59.655] [bmv2] [D] [thread 3147] [22.0] [cxt 0] Egress port is 0
[20:09:59.655] [bmv2] [D] [thread 3148] [22.0] [cxt 0] Pipeline 'egress': start
[20:09:59.655] [bmv2] [D] [thread 3148] [22.0] [cxt 0] Pipeline 'egress': end
[20:09:59.655] [bmv2] [D] [thread 3148] [22.0] [cxt 0] Deparser 'deparser': start
[20:09:59.655] [bmv2] [T] [thread 3148] [22.0] [cxt 0] Skipping checksum 'cksum' update because condition not met
[20:09:59.655] [bmv2] [D] [thread 3148] [22.0] [cxt 0] Deparsing header 'ethernet'
[20:09:59.655] [bmv2] [D] [thread 3148] [22.0] [cxt 0] Deparser 'deparser': end
[20:09:59.655] [bmv2] [D] [thread 3152] [22.0] [cxt 0] Transmitting packet of size 196 out of port 0
[20:09:59.673] [bmv2] [D] [thread 3147] [23.0] [cxt 0] Processing packet received on port 3
[20:09:59.673] [bmv2] [D] [thread 3147] [23.0] [cxt 0] Parser 'parser': start
[20:09:59.673] [bmv2] [D] [thread 3147] [23.0] [cxt 0] Parser 'parser' entering state 'start'
[20:09:59.673] [bmv2] [D] [thread 3147] [23.0] [cxt 0] Extracting header 'ethernet'
[20:09:59.674] [bmv2] [D] [thread 3147] [23.0] [cxt 0] Parser state 'start': key is 86dd
[20:09:59.674] [bmv2] [T] [thread 3147] [23.0] [cxt 0] Bytes parsed: 14
[20:09:59.674] [bmv2] [D] [thread 3147] [23.0] [cxt 0] Parser 'parser': end
[20:09:59.674] [bmv2] [D] [thread 3147] [23.0] [cxt 0] Pipeline 'ingress': start
[20:09:59.674] [bmv2] [T] [thread 3147] [23.0] [cxt 0] basic_tunnel.p4(152) Condition "hdr.ipv4.isValid() && !hdr.myTunnel.isValid()" (node_2) is false
[20:09:59.674] [bmv2] [T] [thread 3147] [23.0] [cxt 0] basic_tunnel.p4(155) Condition "hdr.myTunnel.isValid()" (node_4) is false
[20:09:59.674] [bmv2] [D] [thread 3147] [23.0] [cxt 0] Pipeline 'ingress': end
[20:09:59.674] [bmv2] [D] [thread 3147] [23.0] [cxt 0] Egress port is 0
[20:09:59.674] [bmv2] [D] [thread 3148] [23.0] [cxt 0] Pipeline 'egress': start
[20:09:59.674] [bmv2] [D] [thread 3148] [23.0] [cxt 0] Pipeline 'egress': end
[20:09:59.674] [bmv2] [D] [thread 3148] [23.0] [cxt 0] Deparser 'deparser': start
[20:09:59.674] [bmv2] [T] [thread 3148] [23.0] [cxt 0] Skipping checksum 'cksum' update because condition not met
[20:09:59.674] [bmv2] [D] [thread 3148] [23.0] [cxt 0] Deparsing header 'ethernet'
[20:09:59.674] [bmv2] [D] [thread 3148] [23.0] [cxt 0] Deparser 'deparser': end
[20:09:59.674] [bmv2] [D] [thread 3152] [23.0] [cxt 0] Transmitting packet of size 196 out of port 0
[20:09:59.701] [bmv2] [D] [thread 3147] [24.0] [cxt 0] Processing packet received on port 3
[20:09:59.701] [bmv2] [D] [thread 3147] [24.0] [cxt 0] Parser 'parser': start
[20:09:59.701] [bmv2] [D] [thread 3147] [24.0] [cxt 0] Parser 'parser' entering state 'start'
[20:09:59.701] [bmv2] [D] [thread 3147] [24.0] [cxt 0] Extracting header 'ethernet'
[20:09:59.701] [bmv2] [D] [thread 3147] [24.0] [cxt 0] Parser state 'start': key is 86dd
[20:09:59.701] [bmv2] [T] [thread 3147] [24.0] [cxt 0] Bytes parsed: 14
[20:09:59.701] [bmv2] [D] [thread 3147] [24.0] [cxt 0] Parser 'parser': end
[20:09:59.701] [bmv2] [D] [thread 3147] [24.0] [cxt 0] Pipeline 'ingress': start
[20:09:59.701] [bmv2] [T] [thread 3147] [24.0] [cxt 0] basic_tunnel.p4(152) Condition "hdr.ipv4.isValid() && !hdr.myTunnel.isValid()" (node_2) is false
[20:09:59.701] [bmv2] [T] [thread 3147] [24.0] [cxt 0] basic_tunnel.p4(155) Condition "hdr.myTunnel.isValid()" (node_4) is false
[20:09:59.701] [bmv2] [D] [thread 3147] [24.0] [cxt 0] Pipeline 'ingress': end
[20:09:59.702] [bmv2] [D] [thread 3147] [24.0] [cxt 0] Egress port is 0
[20:09:59.702] [bmv2] [D] [thread 3148] [24.0] [cxt 0] Pipeline 'egress': start
[20:09:59.702] [bmv2] [D] [thread 3148] [24.0] [cxt 0] Pipeline 'egress': end
[20:09:59.702] [bmv2] [D] [thread 3148] [24.0] [cxt 0] Deparser 'deparser': start
[20:09:59.702] [bmv2] [T] [thread 3148] [24.0] [cxt 0] Skipping checksum 'cksum' update because condition not met
[20:09:59.702] [bmv2] [D] [thread 3148] [24.0] [cxt 0] Deparsing header 'ethernet'
[20:09:59.702] [bmv2] [D] [thread 3148] [24.0] [cxt 0] Deparser 'deparser': end
[20:09:59.702] [bmv2] [D] [thread 3152] [24.0] [cxt 0] Transmitting packet of size 208 out of port 0
[20:09:59.739] [bmv2] [D] [thread 3147] [25.0] [cxt 0] Processing packet received on port 1
[20:09:59.739] [bmv2] [D] [thread 3147] [25.0] [cxt 0] Parser 'parser': start
[20:09:59.739] [bmv2] [D] [thread 3147] [25.0] [cxt 0] Parser 'parser' entering state 'start'
[20:09:59.739] [bmv2] [D] [thread 3147] [25.0] [cxt 0] Extracting header 'ethernet'
[20:09:59.739] [bmv2] [D] [thread 3147] [25.0] [cxt 0] Parser state 'start': key is 86dd
[20:09:59.739] [bmv2] [T] [thread 3147] [25.0] [cxt 0] Bytes parsed: 14
[20:09:59.739] [bmv2] [D] [thread 3147] [25.0] [cxt 0] Parser 'parser': end
[20:09:59.739] [bmv2] [D] [thread 3147] [25.0] [cxt 0] Pipeline 'ingress': start
[20:09:59.739] [bmv2] [T] [thread 3147] [25.0] [cxt 0] basic_tunnel.p4(152) Condition "hdr.ipv4.isValid() && !hdr.myTunnel.isValid()" (node_2) is false
[20:09:59.739] [bmv2] [T] [thread 3147] [25.0] [cxt 0] basic_tunnel.p4(155) Condition "hdr.myTunnel.isValid()" (node_4) is false
[20:09:59.739] [bmv2] [D] [thread 3147] [25.0] [cxt 0] Pipeline 'ingress': end
[20:09:59.739] [bmv2] [D] [thread 3147] [25.0] [cxt 0] Egress port is 0
[20:09:59.739] [bmv2] [D] [thread 3148] [25.0] [cxt 0] Pipeline 'egress': start
[20:09:59.739] [bmv2] [D] [thread 3148] [25.0] [cxt 0] Pipeline 'egress': end
[20:09:59.739] [bmv2] [D] [thread 3148] [25.0] [cxt 0] Deparser 'deparser': start
[20:09:59.739] [bmv2] [T] [thread 3148] [25.0] [cxt 0] Skipping checksum 'cksum' update because condition not met
[20:09:59.739] [bmv2] [D] [thread 3148] [25.0] [cxt 0] Deparsing header 'ethernet'
[20:09:59.739] [bmv2] [D] [thread 3148] [25.0] [cxt 0] Deparser 'deparser': end
[20:09:59.739] [bmv2] [D] [thread 3152] [25.0] [cxt 0] Transmitting packet of size 90 out of port 0
[20:09:59.798] [bmv2] [D] [thread 3147] [26.0] [cxt 0] Processing packet received on port 1
[20:09:59.798] [bmv2] [D] [thread 3147] [26.0] [cxt 0] Parser 'parser': start
[20:09:59.798] [bmv2] [D] [thread 3147] [26.0] [cxt 0] Parser 'parser' entering state 'start'
[20:09:59.798] [bmv2] [D] [thread 3147] [26.0] [cxt 0] Extracting header 'ethernet'
[20:09:59.798] [bmv2] [D] [thread 3147] [26.0] [cxt 0] Parser state 'start': key is 86dd
[20:09:59.798] [bmv2] [T] [thread 3147] [26.0] [cxt 0] Bytes parsed: 14
[20:09:59.798] [bmv2] [D] [thread 3147] [26.0] [cxt 0] Parser 'parser': end
[20:09:59.798] [bmv2] [D] [thread 3147] [26.0] [cxt 0] Pipeline 'ingress': start
[20:09:59.798] [bmv2] [T] [thread 3147] [26.0] [cxt 0] basic_tunnel.p4(152) Condition "hdr.ipv4.isValid() && !hdr.myTunnel.isValid()" (node_2) is false
[20:09:59.798] [bmv2] [T] [thread 3147] [26.0] [cxt 0] basic_tunnel.p4(155) Condition "hdr.myTunnel.isValid()" (node_4) is false
[20:09:59.798] [bmv2] [D] [thread 3147] [26.0] [cxt 0] Pipeline 'ingress': end
[20:09:59.798] [bmv2] [D] [thread 3147] [26.0] [cxt 0] Egress port is 0
[20:09:59.798] [bmv2] [D] [thread 3148] [26.0] [cxt 0] Pipeline 'egress': start
[20:09:59.798] [bmv2] [D] [thread 3148] [26.0] [cxt 0] Pipeline 'egress': end
[20:09:59.798] [bmv2] [D] [thread 3148] [26.0] [cxt 0] Deparser 'deparser': start
[20:09:59.798] [bmv2] [T] [thread 3148] [26.0] [cxt 0] Skipping checksum 'cksum' update because condition not met
[20:09:59.798] [bmv2] [D] [thread 3148] [26.0] [cxt 0] Deparsing header 'ethernet'
[20:09:59.798] [bmv2] [D] [thread 3148] [26.0] [cxt 0] Deparser 'deparser': end
[20:09:59.798] [bmv2] [D] [thread 3152] [26.0] [cxt 0] Transmitting packet of size 208 out of port 0
[20:09:59.868] [bmv2] [D] [thread 3147] [27.0] [cxt 0] Processing packet received on port 1
[20:09:59.868] [bmv2] [D] [thread 3147] [27.0] [cxt 0] Parser 'parser': start
[20:09:59.868] [bmv2] [D] [thread 3147] [27.0] [cxt 0] Parser 'parser' entering state 'start'
[20:09:59.868] [bmv2] [D] [thread 3147] [27.0] [cxt 0] Extracting header 'ethernet'
[20:09:59.868] [bmv2] [D] [thread 3147] [27.0] [cxt 0] Parser state 'start': key is 86dd
[20:09:59.868] [bmv2] [T] [thread 3147] [27.0] [cxt 0] Bytes parsed: 14
[20:09:59.868] [bmv2] [D] [thread 3147] [27.0] [cxt 0] Parser 'parser': end
[20:09:59.868] [bmv2] [D] [thread 3147] [27.0] [cxt 0] Pipeline 'ingress': start
[20:09:59.868] [bmv2] [T] [thread 3147] [27.0] [cxt 0] basic_tunnel.p4(152) Condition "hdr.ipv4.isValid() && !hdr.myTunnel.isValid()" (node_2) is false
[20:09:59.868] [bmv2] [T] [thread 3147] [27.0] [cxt 0] basic_tunnel.p4(155) Condition "hdr.myTunnel.isValid()" (node_4) is false
[20:09:59.868] [bmv2] [D] [thread 3147] [27.0] [cxt 0] Pipeline 'ingress': end
[20:09:59.868] [bmv2] [D] [thread 3147] [27.0] [cxt 0] Egress port is 0
[20:09:59.869] [bmv2] [D] [thread 3148] [27.0] [cxt 0] Pipeline 'egress': start
[20:09:59.870] [bmv2] [D] [thread 3148] [27.0] [cxt 0] Pipeline 'egress': end
[20:09:59.870] [bmv2] [D] [thread 3148] [27.0] [cxt 0] Deparser 'deparser': start
[20:09:59.870] [bmv2] [T] [thread 3148] [27.0] [cxt 0] Skipping checksum 'cksum' update because condition not met
[20:09:59.870] [bmv2] [D] [thread 3148] [27.0] [cxt 0] Deparsing header 'ethernet'
[20:09:59.870] [bmv2] [D] [thread 3148] [27.0] [cxt 0] Deparser 'deparser': end
[20:09:59.870] [bmv2] [D] [thread 3152] [27.0] [cxt 0] Transmitting packet of size 110 out of port 0
[20:09:59.967] [bmv2] [D] [thread 3147] [28.0] [cxt 0] Processing packet received on port 1
[20:09:59.967] [bmv2] [D] [thread 3147] [28.0] [cxt 0] Parser 'parser': start
[20:09:59.967] [bmv2] [D] [thread 3147] [28.0] [cxt 0] Parser 'parser' entering state 'start'
[20:09:59.967] [bmv2] [D] [thread 3147] [28.0] [cxt 0] Extracting header 'ethernet'
[20:09:59.967] [bmv2] [D] [thread 3147] [28.0] [cxt 0] Parser state 'start': key is 86dd
[20:09:59.967] [bmv2] [T] [thread 3147] [28.0] [cxt 0] Bytes parsed: 14
[20:09:59.967] [bmv2] [D] [thread 3147] [28.0] [cxt 0] Parser 'parser': end
[20:09:59.967] [bmv2] [D] [thread 3147] [28.0] [cxt 0] Pipeline 'ingress': start
[20:09:59.967] [bmv2] [T] [thread 3147] [28.0] [cxt 0] basic_tunnel.p4(152) Condition "hdr.ipv4.isValid() && !hdr.myTunnel.isValid()" (node_2) is false
[20:09:59.967] [bmv2] [T] [thread 3147] [28.0] [cxt 0] basic_tunnel.p4(155) Condition "hdr.myTunnel.isValid()" (node_4) is false
[20:09:59.967] [bmv2] [D] [thread 3147] [28.0] [cxt 0] Pipeline 'ingress': end
[20:09:59.967] [bmv2] [D] [thread 3147] [28.0] [cxt 0] Egress port is 0
[20:09:59.967] [bmv2] [D] [thread 3147] [29.0] [cxt 0] Processing packet received on port 3
[20:09:59.967] [bmv2] [D] [thread 3147] [29.0] [cxt 0] Parser 'parser': start
[20:09:59.967] [bmv2] [D] [thread 3147] [29.0] [cxt 0] Parser 'parser' entering state 'start'
[20:09:59.967] [bmv2] [D] [thread 3147] [29.0] [cxt 0] Extracting header 'ethernet'
[20:09:59.967] [bmv2] [D] [thread 3147] [29.0] [cxt 0] Parser state 'start': key is 86dd
[20:09:59.967] [bmv2] [T] [thread 3147] [29.0] [cxt 0] Bytes parsed: 14
[20:09:59.967] [bmv2] [D] [thread 3147] [29.0] [cxt 0] Parser 'parser': end
[20:09:59.967] [bmv2] [D] [thread 3147] [29.0] [cxt 0] Pipeline 'ingress': start
[20:09:59.967] [bmv2] [T] [thread 3147] [29.0] [cxt 0] basic_tunnel.p4(152) Condition "hdr.ipv4.isValid() && !hdr.myTunnel.isValid()" (node_2) is false
[20:09:59.967] [bmv2] [T] [thread 3147] [29.0] [cxt 0] basic_tunnel.p4(155) Condition "hdr.myTunnel.isValid()" (node_4) is false
[20:09:59.967] [bmv2] [D] [thread 3147] [29.0] [cxt 0] Pipeline 'ingress': end
[20:09:59.967] [bmv2] [D] [thread 3147] [29.0] [cxt 0] Egress port is 0
[20:09:59.967] [bmv2] [D] [thread 3148] [28.0] [cxt 0] Pipeline 'egress': start
[20:09:59.967] [bmv2] [D] [thread 3148] [28.0] [cxt 0] Pipeline 'egress': end
[20:09:59.967] [bmv2] [D] [thread 3148] [28.0] [cxt 0] Deparser 'deparser': start
[20:09:59.967] [bmv2] [T] [thread 3148] [28.0] [cxt 0] Skipping checksum 'cksum' update because condition not met
[20:09:59.967] [bmv2] [D] [thread 3148] [28.0] [cxt 0] Deparsing header 'ethernet'
[20:09:59.967] [bmv2] [D] [thread 3148] [28.0] [cxt 0] Deparser 'deparser': end
[20:09:59.967] [bmv2] [D] [thread 3148] [29.0] [cxt 0] Pipeline 'egress': start
[20:09:59.967] [bmv2] [D] [thread 3148] [29.0] [cxt 0] Pipeline 'egress': end
[20:09:59.967] [bmv2] [D] [thread 3148] [29.0] [cxt 0] Deparser 'deparser': start
[20:09:59.967] [bmv2] [T] [thread 3148] [29.0] [cxt 0] Skipping checksum 'cksum' update because condition not met
[20:09:59.967] [bmv2] [D] [thread 3148] [29.0] [cxt 0] Deparsing header 'ethernet'
[20:09:59.967] [bmv2] [D] [thread 3148] [29.0] [cxt 0] Deparser 'deparser': end
[20:09:59.967] [bmv2] [D] [thread 3152] [28.0] [cxt 0] Transmitting packet of size 196 out of port 0
[20:09:59.967] [bmv2] [D] [thread 3152] [29.0] [cxt 0] Transmitting packet of size 208 out of port 0
[20:09:59.995] [bmv2] [D] [thread 3147] [30.0] [cxt 0] Processing packet received on port 3
[20:09:59.995] [bmv2] [D] [thread 3147] [30.0] [cxt 0] Parser 'parser': start
[20:09:59.995] [bmv2] [D] [thread 3147] [30.0] [cxt 0] Parser 'parser' entering state 'start'
[20:09:59.995] [bmv2] [D] [thread 3147] [30.0] [cxt 0] Extracting header 'ethernet'
[20:09:59.995] [bmv2] [D] [thread 3147] [30.0] [cxt 0] Parser state 'start': key is 86dd
[20:09:59.995] [bmv2] [T] [thread 3147] [30.0] [cxt 0] Bytes parsed: 14
[20:09:59.995] [bmv2] [D] [thread 3147] [30.0] [cxt 0] Parser 'parser': end
[20:09:59.995] [bmv2] [D] [thread 3147] [30.0] [cxt 0] Pipeline 'ingress': start
[20:09:59.995] [bmv2] [T] [thread 3147] [30.0] [cxt 0] basic_tunnel.p4(152) Condition "hdr.ipv4.isValid() && !hdr.myTunnel.isValid()" (node_2) is false
[20:09:59.995] [bmv2] [T] [thread 3147] [30.0] [cxt 0] basic_tunnel.p4(155) Condition "hdr.myTunnel.isValid()" (node_4) is false
[20:09:59.995] [bmv2] [D] [thread 3147] [30.0] [cxt 0] Pipeline 'ingress': end
[20:09:59.995] [bmv2] [D] [thread 3147] [30.0] [cxt 0] Egress port is 0
[20:09:59.995] [bmv2] [D] [thread 3148] [30.0] [cxt 0] Pipeline 'egress': start
[20:09:59.995] [bmv2] [D] [thread 3148] [30.0] [cxt 0] Pipeline 'egress': end
[20:09:59.995] [bmv2] [D] [thread 3148] [30.0] [cxt 0] Deparser 'deparser': start
[20:09:59.995] [bmv2] [T] [thread 3148] [30.0] [cxt 0] Skipping checksum 'cksum' update because condition not met
[20:09:59.995] [bmv2] [D] [thread 3148] [30.0] [cxt 0] Deparsing header 'ethernet'
[20:09:59.995] [bmv2] [D] [thread 3148] [30.0] [cxt 0] Deparser 'deparser': end
[20:09:59.995] [bmv2] [D] [thread 3152] [30.0] [cxt 0] Transmitting packet of size 110 out of port 0
[20:10:00.162] [bmv2] [D] [thread 3147] [31.0] [cxt 0] Processing packet received on port 3
[20:10:00.162] [bmv2] [D] [thread 3147] [31.0] [cxt 0] Parser 'parser': start
[20:10:00.162] [bmv2] [D] [thread 3147] [31.0] [cxt 0] Parser 'parser' entering state 'start'
[20:10:00.162] [bmv2] [D] [thread 3147] [31.0] [cxt 0] Extracting header 'ethernet'
[20:10:00.162] [bmv2] [D] [thread 3147] [31.0] [cxt 0] Parser state 'start': key is 86dd
[20:10:00.162] [bmv2] [T] [thread 3147] [31.0] [cxt 0] Bytes parsed: 14
[20:10:00.162] [bmv2] [D] [thread 3147] [31.0] [cxt 0] Parser 'parser': end
[20:10:00.162] [bmv2] [D] [thread 3147] [31.0] [cxt 0] Pipeline 'ingress': start
[20:10:00.162] [bmv2] [T] [thread 3147] [31.0] [cxt 0] basic_tunnel.p4(152) Condition "hdr.ipv4.isValid() && !hdr.myTunnel.isValid()" (node_2) is false
[20:10:00.162] [bmv2] [T] [thread 3147] [31.0] [cxt 0] basic_tunnel.p4(155) Condition "hdr.myTunnel.isValid()" (node_4) is false
[20:10:00.162] [bmv2] [D] [thread 3147] [31.0] [cxt 0] Pipeline 'ingress': end
[20:10:00.162] [bmv2] [D] [thread 3147] [31.0] [cxt 0] Egress port is 0
[20:10:00.162] [bmv2] [D] [thread 3148] [31.0] [cxt 0] Pipeline 'egress': start
[20:10:00.162] [bmv2] [D] [thread 3148] [31.0] [cxt 0] Pipeline 'egress': end
[20:10:00.162] [bmv2] [D] [thread 3148] [31.0] [cxt 0] Deparser 'deparser': start
[20:10:00.162] [bmv2] [T] [thread 3148] [31.0] [cxt 0] Skipping checksum 'cksum' update because condition not met
[20:10:00.162] [bmv2] [D] [thread 3148] [31.0] [cxt 0] Deparsing header 'ethernet'
[20:10:00.162] [bmv2] [D] [thread 3148] [31.0] [cxt 0] Deparser 'deparser': end
[20:10:00.162] [bmv2] [D] [thread 3152] [31.0] [cxt 0] Transmitting packet of size 196 out of port 0
[20:10:00.465] [bmv2] [D] [thread 3147] [32.0] [cxt 0] Processing packet received on port 2
[20:10:00.465] [bmv2] [D] [thread 3147] [32.0] [cxt 0] Parser 'parser': start
[20:10:00.465] [bmv2] [D] [thread 3147] [32.0] [cxt 0] Parser 'parser' entering state 'start'
[20:10:00.465] [bmv2] [D] [thread 3147] [32.0] [cxt 0] Extracting header 'ethernet'
[20:10:00.465] [bmv2] [D] [thread 3147] [32.0] [cxt 0] Parser state 'start': key is 86dd
[20:10:00.465] [bmv2] [T] [thread 3147] [32.0] [cxt 0] Bytes parsed: 14
[20:10:00.465] [bmv2] [D] [thread 3147] [32.0] [cxt 0] Parser 'parser': end
[20:10:00.466] [bmv2] [D] [thread 3147] [32.0] [cxt 0] Pipeline 'ingress': start
[20:10:00.467] [bmv2] [T] [thread 3147] [32.0] [cxt 0] basic_tunnel.p4(152) Condition "hdr.ipv4.isValid() && !hdr.myTunnel.isValid()" (node_2) is false
[20:10:00.467] [bmv2] [T] [thread 3147] [32.0] [cxt 0] basic_tunnel.p4(155) Condition "hdr.myTunnel.isValid()" (node_4) is false
[20:10:00.467] [bmv2] [D] [thread 3147] [32.0] [cxt 0] Pipeline 'ingress': end
[20:10:00.467] [bmv2] [D] [thread 3147] [32.0] [cxt 0] Egress port is 0
[20:10:00.467] [bmv2] [D] [thread 3148] [32.0] [cxt 0] Pipeline 'egress': start
[20:10:00.467] [bmv2] [D] [thread 3148] [32.0] [cxt 0] Pipeline 'egress': end
[20:10:00.467] [bmv2] [D] [thread 3148] [32.0] [cxt 0] Deparser 'deparser': start
[20:10:00.467] [bmv2] [T] [thread 3148] [32.0] [cxt 0] Skipping checksum 'cksum' update because condition not met
[20:10:00.467] [bmv2] [D] [thread 3148] [32.0] [cxt 0] Deparsing header 'ethernet'
[20:10:00.467] [bmv2] [D] [thread 3148] [32.0] [cxt 0] Deparser 'deparser': end
[20:10:00.467] [bmv2] [D] [thread 3152] [32.0] [cxt 0] Transmitting packet of size 196 out of port 0
[20:10:00.576] [bmv2] [W] [thread 3193] [P4Runtime] p4::tmp::P4DeviceConfig is deprecated
[20:10:00.583] [bmv2] [D] [thread 3193] Set default default entry for table 'MyIngress.ipv4_lpm': MyIngress.drop - 
[20:10:00.583] [bmv2] [D] [thread 3193] Set default default entry for table 'MyIngress.myTunnel_exact': MyIngress.drop - 
[20:10:00.589] [bmv2] [D] [thread 3193] simple_switch target has been notified of a config swap
[20:10:00.593] [bmv2] [D] [thread 3194] Entry 0 added to table 'MyIngress.ipv4_lpm'
[20:10:00.593] [bmv2] [D] [thread 3194] Dumping entry 0
Match key:
* hdr.ipv4.dstAddr    : LPM       0a000101/32
Action entry: MyIngress.ipv4_forward - 80000000100,2,

[20:10:00.595] [bmv2] [D] [thread 3193] Entry 1 added to table 'MyIngress.ipv4_lpm'
[20:10:00.595] [bmv2] [D] [thread 3193] Dumping entry 1
Match key:
* hdr.ipv4.dstAddr    : LPM       0a000202/32
Action entry: MyIngress.ipv4_forward - 80000000200,3,

[20:10:00.598] [bmv2] [D] [thread 3194] Entry 2 added to table 'MyIngress.ipv4_lpm'
[20:10:00.599] [bmv2] [D] [thread 3194] Dumping entry 2
Match key:
* hdr.ipv4.dstAddr    : LPM       0a000303/32
Action entry: MyIngress.ipv4_forward - 80000000333,1,

[20:10:00.607] [bmv2] [D] [thread 3193] Entry 0 added to table 'MyIngress.myTunnel_exact'
[20:10:00.607] [bmv2] [D] [thread 3193] Dumping entry 0
Match key:
* hdr.myTunnel.dst_id : EXACT     0001
Action entry: MyIngress.myTunnel_forward - 2,

[20:10:00.612] [bmv2] [D] [thread 3194] Entry 1 added to table 'MyIngress.myTunnel_exact'
[20:10:00.612] [bmv2] [D] [thread 3194] Dumping entry 1
Match key:
* hdr.myTunnel.dst_id : EXACT     0002
Action entry: MyIngress.myTunnel_forward - 3,

[20:10:00.616] [bmv2] [D] [thread 3193] Entry 2 added to table 'MyIngress.myTunnel_exact'
[20:10:00.616] [bmv2] [D] [thread 3193] Dumping entry 2
Match key:
* hdr.myTunnel.dst_id : EXACT     0003
Action entry: MyIngress.myTunnel_forward - 1,

[20:10:00.791] [bmv2] [D] [thread 3147] [33.0] [cxt 0] Processing packet received on port 2
[20:10:00.791] [bmv2] [D] [thread 3147] [33.0] [cxt 0] Parser 'parser': start
[20:10:00.791] [bmv2] [D] [thread 3147] [33.0] [cxt 0] Parser 'parser' entering state 'start'
[20:10:00.791] [bmv2] [D] [thread 3147] [33.0] [cxt 0] Extracting header 'ethernet'
[20:10:00.791] [bmv2] [D] [thread 3147] [33.0] [cxt 0] Parser state 'start': key is 86dd
[20:10:00.791] [bmv2] [T] [thread 3147] [33.0] [cxt 0] Bytes parsed: 14
[20:10:00.791] [bmv2] [D] [thread 3147] [33.0] [cxt 0] Parser 'parser': end
[20:10:00.791] [bmv2] [D] [thread 3147] [33.0] [cxt 0] Pipeline 'ingress': start
[20:10:00.791] [bmv2] [T] [thread 3147] [33.0] [cxt 0] basic_tunnel.p4(152) Condition "hdr.ipv4.isValid() && !hdr.myTunnel.isValid()" (node_2) is false
[20:10:00.791] [bmv2] [T] [thread 3147] [33.0] [cxt 0] basic_tunnel.p4(155) Condition "hdr.myTunnel.isValid()" (node_4) is false
[20:10:00.791] [bmv2] [D] [thread 3147] [33.0] [cxt 0] Pipeline 'ingress': end
[20:10:00.791] [bmv2] [D] [thread 3147] [33.0] [cxt 0] Egress port is 0
[20:10:00.791] [bmv2] [D] [thread 3148] [33.0] [cxt 0] Pipeline 'egress': start
[20:10:00.791] [bmv2] [D] [thread 3148] [33.0] [cxt 0] Pipeline 'egress': end
[20:10:00.791] [bmv2] [D] [thread 3148] [33.0] [cxt 0] Deparser 'deparser': start
[20:10:00.791] [bmv2] [T] [thread 3148] [33.0] [cxt 0] Skipping checksum 'cksum' update because condition not met
[20:10:00.791] [bmv2] [D] [thread 3148] [33.0] [cxt 0] Deparsing header 'ethernet'
[20:10:00.791] [bmv2] [D] [thread 3148] [33.0] [cxt 0] Deparser 'deparser': end
[20:10:00.791] [bmv2] [D] [thread 3152] [33.0] [cxt 0] Transmitting packet of size 196 out of port 0
[20:10:00.809] [bmv2] [D] [thread 3147] [34.0] [cxt 0] Processing packet received on port 3
[20:10:00.809] [bmv2] [D] [thread 3147] [34.0] [cxt 0] Parser 'parser': start
[20:10:00.809] [bmv2] [D] [thread 3147] [34.0] [cxt 0] Parser 'parser' entering state 'start'
[20:10:00.809] [bmv2] [D] [thread 3147] [34.0] [cxt 0] Extracting header 'ethernet'
[20:10:00.809] [bmv2] [D] [thread 3147] [34.0] [cxt 0] Parser state 'start': key is 86dd
[20:10:00.809] [bmv2] [T] [thread 3147] [34.0] [cxt 0] Bytes parsed: 14
[20:10:00.809] [bmv2] [D] [thread 3147] [34.0] [cxt 0] Parser 'parser': end
[20:10:00.809] [bmv2] [D] [thread 3147] [34.0] [cxt 0] Pipeline 'ingress': start
[20:10:00.811] [bmv2] [T] [thread 3147] [34.0] [cxt 0] basic_tunnel.p4(152) Condition "hdr.ipv4.isValid() && !hdr.myTunnel.isValid()" (node_2) is false
[20:10:00.811] [bmv2] [T] [thread 3147] [34.0] [cxt 0] basic_tunnel.p4(155) Condition "hdr.myTunnel.isValid()" (node_4) is false
[20:10:00.811] [bmv2] [D] [thread 3147] [34.0] [cxt 0] Pipeline 'ingress': end
[20:10:00.811] [bmv2] [D] [thread 3147] [34.0] [cxt 0] Egress port is 0
[20:10:00.811] [bmv2] [D] [thread 3148] [34.0] [cxt 0] Pipeline 'egress': start
[20:10:00.811] [bmv2] [D] [thread 3148] [34.0] [cxt 0] Pipeline 'egress': end
[20:10:00.811] [bmv2] [D] [thread 3148] [34.0] [cxt 0] Deparser 'deparser': start
[20:10:00.811] [bmv2] [T] [thread 3148] [34.0] [cxt 0] Skipping checksum 'cksum' update because condition not met
[20:10:00.811] [bmv2] [D] [thread 3148] [34.0] [cxt 0] Deparsing header 'ethernet'
[20:10:00.811] [bmv2] [D] [thread 3148] [34.0] [cxt 0] Deparser 'deparser': end
[20:10:00.814] [bmv2] [D] [thread 3152] [34.0] [cxt 0] Transmitting packet of size 196 out of port 0
[20:10:01.102] [bmv2] [D] [thread 3147] [35.0] [cxt 0] Processing packet received on port 1
[20:10:01.102] [bmv2] [D] [thread 3147] [35.0] [cxt 0] Parser 'parser': start
[20:10:01.102] [bmv2] [D] [thread 3147] [35.0] [cxt 0] Parser 'parser' entering state 'start'
[20:10:01.102] [bmv2] [D] [thread 3147] [35.0] [cxt 0] Extracting header 'ethernet'
[20:10:01.102] [bmv2] [D] [thread 3147] [35.0] [cxt 0] Parser state 'start': key is 86dd
[20:10:01.102] [bmv2] [T] [thread 3147] [35.0] [cxt 0] Bytes parsed: 14
[20:10:01.102] [bmv2] [D] [thread 3147] [35.0] [cxt 0] Parser 'parser': end
[20:10:01.102] [bmv2] [D] [thread 3147] [35.0] [cxt 0] Pipeline 'ingress': start
[20:10:01.102] [bmv2] [T] [thread 3147] [35.0] [cxt 0] basic_tunnel.p4(152) Condition "hdr.ipv4.isValid() && !hdr.myTunnel.isValid()" (node_2) is false
[20:10:01.102] [bmv2] [T] [thread 3147] [35.0] [cxt 0] basic_tunnel.p4(155) Condition "hdr.myTunnel.isValid()" (node_4) is false
[20:10:01.102] [bmv2] [D] [thread 3147] [35.0] [cxt 0] Pipeline 'ingress': end
[20:10:01.102] [bmv2] [D] [thread 3147] [35.0] [cxt 0] Egress port is 0
[20:10:01.102] [bmv2] [D] [thread 3148] [35.0] [cxt 0] Pipeline 'egress': start
[20:10:01.102] [bmv2] [D] [thread 3148] [35.0] [cxt 0] Pipeline 'egress': end
[20:10:01.102] [bmv2] [D] [thread 3148] [35.0] [cxt 0] Deparser 'deparser': start
[20:10:01.102] [bmv2] [T] [thread 3148] [35.0] [cxt 0] Skipping checksum 'cksum' update because condition not met
[20:10:01.102] [bmv2] [D] [thread 3148] [35.0] [cxt 0] Deparsing header 'ethernet'
[20:10:01.102] [bmv2] [D] [thread 3148] [35.0] [cxt 0] Deparser 'deparser': end
[20:10:01.102] [bmv2] [D] [thread 3152] [35.0] [cxt 0] Transmitting packet of size 196 out of port 0
[20:10:01.296] [bmv2] [D] [thread 3147] [36.0] [cxt 0] Processing packet received on port 3
[20:10:01.296] [bmv2] [D] [thread 3147] [36.0] [cxt 0] Parser 'parser': start
[20:10:01.296] [bmv2] [D] [thread 3147] [36.0] [cxt 0] Parser 'parser' entering state 'start'
[20:10:01.296] [bmv2] [D] [thread 3147] [36.0] [cxt 0] Extracting header 'ethernet'
[20:10:01.296] [bmv2] [D] [thread 3147] [36.0] [cxt 0] Parser state 'start': key is 86dd
[20:10:01.296] [bmv2] [T] [thread 3147] [36.0] [cxt 0] Bytes parsed: 14
[20:10:01.296] [bmv2] [D] [thread 3147] [36.0] [cxt 0] Parser 'parser': end
[20:10:01.296] [bmv2] [D] [thread 3147] [36.0] [cxt 0] Pipeline 'ingress': start
[20:10:01.297] [bmv2] [T] [thread 3147] [36.0] [cxt 0] basic_tunnel.p4(152) Condition "hdr.ipv4.isValid() && !hdr.myTunnel.isValid()" (node_2) is false
[20:10:01.297] [bmv2] [T] [thread 3147] [36.0] [cxt 0] basic_tunnel.p4(155) Condition "hdr.myTunnel.isValid()" (node_4) is false
[20:10:01.297] [bmv2] [D] [thread 3147] [36.0] [cxt 0] Pipeline 'ingress': end
[20:10:01.297] [bmv2] [D] [thread 3147] [36.0] [cxt 0] Egress port is 0
[20:10:01.297] [bmv2] [D] [thread 3148] [36.0] [cxt 0] Pipeline 'egress': start
[20:10:01.297] [bmv2] [D] [thread 3148] [36.0] [cxt 0] Pipeline 'egress': end
[20:10:01.297] [bmv2] [D] [thread 3148] [36.0] [cxt 0] Deparser 'deparser': start
[20:10:01.297] [bmv2] [T] [thread 3148] [36.0] [cxt 0] Skipping checksum 'cksum' update because condition not met
[20:10:01.297] [bmv2] [D] [thread 3148] [36.0] [cxt 0] Deparsing header 'ethernet'
[20:10:01.297] [bmv2] [D] [thread 3148] [36.0] [cxt 0] Deparser 'deparser': end
[20:10:01.298] [bmv2] [D] [thread 3152] [36.0] [cxt 0] Transmitting packet of size 196 out of port 0
[20:10:02.204] [bmv2] [D] [thread 3147] [37.0] [cxt 0] Processing packet received on port 2
[20:10:02.204] [bmv2] [D] [thread 3147] [37.0] [cxt 0] Parser 'parser': start
[20:10:02.204] [bmv2] [D] [thread 3147] [37.0] [cxt 0] Parser 'parser' entering state 'start'
[20:10:02.204] [bmv2] [D] [thread 3147] [37.0] [cxt 0] Extracting header 'ethernet'
[20:10:02.204] [bmv2] [D] [thread 3147] [37.0] [cxt 0] Parser state 'start': key is 86dd
[20:10:02.204] [bmv2] [T] [thread 3147] [37.0] [cxt 0] Bytes parsed: 14
[20:10:02.204] [bmv2] [D] [thread 3147] [37.0] [cxt 0] Parser 'parser': end
[20:10:02.204] [bmv2] [D] [thread 3147] [37.0] [cxt 0] Pipeline 'ingress': start
[20:10:02.204] [bmv2] [T] [thread 3147] [37.0] [cxt 0] basic_tunnel.p4(152) Condition "hdr.ipv4.isValid() && !hdr.myTunnel.isValid()" (node_2) is false
[20:10:02.204] [bmv2] [T] [thread 3147] [37.0] [cxt 0] basic_tunnel.p4(155) Condition "hdr.myTunnel.isValid()" (node_4) is false
[20:10:02.204] [bmv2] [D] [thread 3147] [37.0] [cxt 0] Pipeline 'ingress': end
[20:10:02.204] [bmv2] [D] [thread 3147] [37.0] [cxt 0] Egress port is 0
[20:10:02.205] [bmv2] [D] [thread 3148] [37.0] [cxt 0] Pipeline 'egress': start
[20:10:02.205] [bmv2] [D] [thread 3148] [37.0] [cxt 0] Pipeline 'egress': end
[20:10:02.205] [bmv2] [D] [thread 3148] [37.0] [cxt 0] Deparser 'deparser': start
[20:10:02.205] [bmv2] [T] [thread 3148] [37.0] [cxt 0] Skipping checksum 'cksum' update because condition not met
[20:10:02.205] [bmv2] [D] [thread 3148] [37.0] [cxt 0] Deparsing header 'ethernet'
[20:10:02.205] [bmv2] [D] [thread 3148] [37.0] [cxt 0] Deparser 'deparser': end
[20:10:02.208] [bmv2] [D] [thread 3152] [37.0] [cxt 0] Transmitting packet of size 70 out of port 0
[20:10:02.461] [bmv2] [D] [thread 3147] [38.0] [cxt 0] Processing packet received on port 2
[20:10:02.461] [bmv2] [D] [thread 3147] [38.0] [cxt 0] Parser 'parser': start
[20:10:02.461] [bmv2] [D] [thread 3147] [38.0] [cxt 0] Parser 'parser' entering state 'start'
[20:10:02.461] [bmv2] [D] [thread 3147] [38.0] [cxt 0] Extracting header 'ethernet'
[20:10:02.461] [bmv2] [D] [thread 3147] [38.0] [cxt 0] Parser state 'start': key is 86dd
[20:10:02.461] [bmv2] [T] [thread 3147] [38.0] [cxt 0] Bytes parsed: 14
[20:10:02.461] [bmv2] [D] [thread 3147] [38.0] [cxt 0] Parser 'parser': end
[20:10:02.461] [bmv2] [D] [thread 3147] [38.0] [cxt 0] Pipeline 'ingress': start
[20:10:02.461] [bmv2] [T] [thread 3147] [38.0] [cxt 0] basic_tunnel.p4(152) Condition "hdr.ipv4.isValid() && !hdr.myTunnel.isValid()" (node_2) is false
[20:10:02.461] [bmv2] [T] [thread 3147] [38.0] [cxt 0] basic_tunnel.p4(155) Condition "hdr.myTunnel.isValid()" (node_4) is false
[20:10:02.461] [bmv2] [D] [thread 3147] [38.0] [cxt 0] Pipeline 'ingress': end
[20:10:02.461] [bmv2] [D] [thread 3147] [38.0] [cxt 0] Egress port is 0
[20:10:02.461] [bmv2] [D] [thread 3148] [38.0] [cxt 0] Pipeline 'egress': start
[20:10:02.461] [bmv2] [D] [thread 3148] [38.0] [cxt 0] Pipeline 'egress': end
[20:10:02.461] [bmv2] [D] [thread 3148] [38.0] [cxt 0] Deparser 'deparser': start
[20:10:02.461] [bmv2] [T] [thread 3148] [38.0] [cxt 0] Skipping checksum 'cksum' update because condition not met
[20:10:02.461] [bmv2] [D] [thread 3148] [38.0] [cxt 0] Deparsing header 'ethernet'
[20:10:02.461] [bmv2] [D] [thread 3148] [38.0] [cxt 0] Deparser 'deparser': end
[20:10:02.461] [bmv2] [D] [thread 3152] [38.0] [cxt 0] Transmitting packet of size 70 out of port 0
[20:10:02.601] [bmv2] [D] [thread 3147] [39.0] [cxt 0] Processing packet received on port 2
[20:10:02.601] [bmv2] [D] [thread 3147] [39.0] [cxt 0] Parser 'parser': start
[20:10:02.601] [bmv2] [D] [thread 3147] [39.0] [cxt 0] Parser 'parser' entering state 'start'
[20:10:02.601] [bmv2] [D] [thread 3147] [39.0] [cxt 0] Extracting header 'ethernet'
[20:10:02.601] [bmv2] [D] [thread 3147] [39.0] [cxt 0] Parser state 'start': key is 86dd
[20:10:02.601] [bmv2] [T] [thread 3147] [39.0] [cxt 0] Bytes parsed: 14
[20:10:02.601] [bmv2] [D] [thread 3147] [39.0] [cxt 0] Parser 'parser': end
[20:10:02.602] [bmv2] [D] [thread 3147] [39.0] [cxt 0] Pipeline 'ingress': start
[20:10:02.602] [bmv2] [T] [thread 3147] [39.0] [cxt 0] basic_tunnel.p4(152) Condition "hdr.ipv4.isValid() && !hdr.myTunnel.isValid()" (node_2) is false
[20:10:02.602] [bmv2] [T] [thread 3147] [39.0] [cxt 0] basic_tunnel.p4(155) Condition "hdr.myTunnel.isValid()" (node_4) is false
[20:10:02.602] [bmv2] [D] [thread 3147] [39.0] [cxt 0] Pipeline 'ingress': end
[20:10:02.602] [bmv2] [D] [thread 3147] [39.0] [cxt 0] Egress port is 0
[20:10:02.605] [bmv2] [D] [thread 3148] [39.0] [cxt 0] Pipeline 'egress': start
[20:10:02.605] [bmv2] [D] [thread 3148] [39.0] [cxt 0] Pipeline 'egress': end
[20:10:02.605] [bmv2] [D] [thread 3148] [39.0] [cxt 0] Deparser 'deparser': start
[20:10:02.605] [bmv2] [T] [thread 3148] [39.0] [cxt 0] Skipping checksum 'cksum' update because condition not met
[20:10:02.605] [bmv2] [D] [thread 3148] [39.0] [cxt 0] Deparsing header 'ethernet'
[20:10:02.605] [bmv2] [D] [thread 3148] [39.0] [cxt 0] Deparser 'deparser': end
[20:10:02.605] [bmv2] [D] [thread 3152] [39.0] [cxt 0] Transmitting packet of size 196 out of port 0
[20:10:02.927] [bmv2] [D] [thread 3147] [40.0] [cxt 0] Processing packet received on port 2
[20:10:02.928] [bmv2] [D] [thread 3147] [40.0] [cxt 0] Parser 'parser': start
[20:10:02.928] [bmv2] [D] [thread 3147] [40.0] [cxt 0] Parser 'parser' entering state 'start'
[20:10:02.928] [bmv2] [D] [thread 3147] [40.0] [cxt 0] Extracting header 'ethernet'
[20:10:02.928] [bmv2] [D] [thread 3147] [40.0] [cxt 0] Parser state 'start': key is 86dd
[20:10:02.928] [bmv2] [T] [thread 3147] [40.0] [cxt 0] Bytes parsed: 14
[20:10:02.928] [bmv2] [D] [thread 3147] [40.0] [cxt 0] Parser 'parser': end
[20:10:02.928] [bmv2] [D] [thread 3147] [40.0] [cxt 0] Pipeline 'ingress': start
[20:10:02.928] [bmv2] [T] [thread 3147] [40.0] [cxt 0] basic_tunnel.p4(152) Condition "hdr.ipv4.isValid() && !hdr.myTunnel.isValid()" (node_2) is false
[20:10:02.928] [bmv2] [T] [thread 3147] [40.0] [cxt 0] basic_tunnel.p4(155) Condition "hdr.myTunnel.isValid()" (node_4) is false
[20:10:02.928] [bmv2] [D] [thread 3147] [40.0] [cxt 0] Pipeline 'ingress': end
[20:10:02.928] [bmv2] [D] [thread 3147] [40.0] [cxt 0] Egress port is 0
[20:10:02.928] [bmv2] [D] [thread 3148] [40.0] [cxt 0] Pipeline 'egress': start
[20:10:02.928] [bmv2] [D] [thread 3148] [40.0] [cxt 0] Pipeline 'egress': end
[20:10:02.928] [bmv2] [D] [thread 3148] [40.0] [cxt 0] Deparser 'deparser': start
[20:10:02.928] [bmv2] [T] [thread 3148] [40.0] [cxt 0] Skipping checksum 'cksum' update because condition not met
[20:10:02.928] [bmv2] [D] [thread 3148] [40.0] [cxt 0] Deparsing header 'ethernet'
[20:10:02.928] [bmv2] [D] [thread 3148] [40.0] [cxt 0] Deparser 'deparser': end
[20:10:02.928] [bmv2] [D] [thread 3152] [40.0] [cxt 0] Transmitting packet of size 196 out of port 0
[20:10:02.943] [bmv2] [D] [thread 3147] [41.0] [cxt 0] Processing packet received on port 3
[20:10:02.943] [bmv2] [D] [thread 3147] [41.0] [cxt 0] Parser 'parser': start
[20:10:02.943] [bmv2] [D] [thread 3147] [41.0] [cxt 0] Parser 'parser' entering state 'start'
[20:10:02.943] [bmv2] [D] [thread 3147] [41.0] [cxt 0] Extracting header 'ethernet'
[20:10:02.943] [bmv2] [D] [thread 3147] [41.0] [cxt 0] Parser state 'start': key is 86dd
[20:10:02.943] [bmv2] [T] [thread 3147] [41.0] [cxt 0] Bytes parsed: 14
[20:10:02.943] [bmv2] [D] [thread 3147] [41.0] [cxt 0] Parser 'parser': end
[20:10:02.944] [bmv2] [D] [thread 3147] [41.0] [cxt 0] Pipeline 'ingress': start
[20:10:02.944] [bmv2] [T] [thread 3147] [41.0] [cxt 0] basic_tunnel.p4(152) Condition "hdr.ipv4.isValid() && !hdr.myTunnel.isValid()" (node_2) is false
[20:10:02.944] [bmv2] [T] [thread 3147] [41.0] [cxt 0] basic_tunnel.p4(155) Condition "hdr.myTunnel.isValid()" (node_4) is false
[20:10:02.944] [bmv2] [D] [thread 3147] [41.0] [cxt 0] Pipeline 'ingress': end
[20:10:02.944] [bmv2] [D] [thread 3147] [41.0] [cxt 0] Egress port is 0
[20:10:02.944] [bmv2] [D] [thread 3148] [41.0] [cxt 0] Pipeline 'egress': start
[20:10:02.944] [bmv2] [D] [thread 3148] [41.0] [cxt 0] Pipeline 'egress': end
[20:10:02.944] [bmv2] [D] [thread 3148] [41.0] [cxt 0] Deparser 'deparser': start
[20:10:02.944] [bmv2] [T] [thread 3148] [41.0] [cxt 0] Skipping checksum 'cksum' update because condition not met
[20:10:02.944] [bmv2] [D] [thread 3148] [41.0] [cxt 0] Deparsing header 'ethernet'
[20:10:02.944] [bmv2] [D] [thread 3148] [41.0] [cxt 0] Deparser 'deparser': end
[20:10:02.945] [bmv2] [D] [thread 3152] [41.0] [cxt 0] Transmitting packet of size 196 out of port 0
[20:10:02.972] [bmv2] [D] [thread 3147] [42.0] [cxt 0] Processing packet received on port 3
[20:10:02.972] [bmv2] [D] [thread 3147] [42.0] [cxt 0] Parser 'parser': start
[20:10:02.972] [bmv2] [D] [thread 3147] [42.0] [cxt 0] Parser 'parser' entering state 'start'
[20:10:02.972] [bmv2] [D] [thread 3147] [42.0] [cxt 0] Extracting header 'ethernet'
[20:10:02.972] [bmv2] [D] [thread 3147] [42.0] [cxt 0] Parser state 'start': key is 86dd
[20:10:02.972] [bmv2] [T] [thread 3147] [42.0] [cxt 0] Bytes parsed: 14
[20:10:02.972] [bmv2] [D] [thread 3147] [42.0] [cxt 0] Parser 'parser': end
[20:10:02.972] [bmv2] [D] [thread 3147] [42.0] [cxt 0] Pipeline 'ingress': start
[20:10:02.972] [bmv2] [T] [thread 3147] [42.0] [cxt 0] basic_tunnel.p4(152) Condition "hdr.ipv4.isValid() && !hdr.myTunnel.isValid()" (node_2) is false
[20:10:02.972] [bmv2] [T] [thread 3147] [42.0] [cxt 0] basic_tunnel.p4(155) Condition "hdr.myTunnel.isValid()" (node_4) is false
[20:10:02.972] [bmv2] [D] [thread 3147] [42.0] [cxt 0] Pipeline 'ingress': end
[20:10:02.972] [bmv2] [D] [thread 3147] [42.0] [cxt 0] Egress port is 0
[20:10:02.973] [bmv2] [D] [thread 3148] [42.0] [cxt 0] Pipeline 'egress': start
[20:10:02.973] [bmv2] [D] [thread 3148] [42.0] [cxt 0] Pipeline 'egress': end
[20:10:02.973] [bmv2] [D] [thread 3148] [42.0] [cxt 0] Deparser 'deparser': start
[20:10:02.973] [bmv2] [T] [thread 3148] [42.0] [cxt 0] Skipping checksum 'cksum' update because condition not met
[20:10:02.973] [bmv2] [D] [thread 3148] [42.0] [cxt 0] Deparsing header 'ethernet'
[20:10:02.973] [bmv2] [D] [thread 3148] [42.0] [cxt 0] Deparser 'deparser': end
[20:10:02.973] [bmv2] [D] [thread 3152] [42.0] [cxt 0] Transmitting packet of size 70 out of port 0
[20:10:03.227] [bmv2] [D] [thread 3147] [43.0] [cxt 0] Processing packet received on port 1
[20:10:03.227] [bmv2] [D] [thread 3147] [43.0] [cxt 0] Parser 'parser': start
[20:10:03.227] [bmv2] [D] [thread 3147] [43.0] [cxt 0] Parser 'parser' entering state 'start'
[20:10:03.227] [bmv2] [D] [thread 3147] [43.0] [cxt 0] Extracting header 'ethernet'
[20:10:03.227] [bmv2] [D] [thread 3147] [43.0] [cxt 0] Parser state 'start': key is 86dd
[20:10:03.227] [bmv2] [T] [thread 3147] [43.0] [cxt 0] Bytes parsed: 14
[20:10:03.227] [bmv2] [D] [thread 3147] [43.0] [cxt 0] Parser 'parser': end
[20:10:03.227] [bmv2] [D] [thread 3147] [43.0] [cxt 0] Pipeline 'ingress': start
[20:10:03.227] [bmv2] [T] [thread 3147] [43.0] [cxt 0] basic_tunnel.p4(152) Condition "hdr.ipv4.isValid() && !hdr.myTunnel.isValid()" (node_2) is false
[20:10:03.227] [bmv2] [T] [thread 3147] [43.0] [cxt 0] basic_tunnel.p4(155) Condition "hdr.myTunnel.isValid()" (node_4) is false
[20:10:03.227] [bmv2] [D] [thread 3147] [43.0] [cxt 0] Pipeline 'ingress': end
[20:10:03.227] [bmv2] [D] [thread 3147] [43.0] [cxt 0] Egress port is 0
[20:10:03.227] [bmv2] [D] [thread 3148] [43.0] [cxt 0] Pipeline 'egress': start
[20:10:03.227] [bmv2] [D] [thread 3148] [43.0] [cxt 0] Pipeline 'egress': end
[20:10:03.227] [bmv2] [D] [thread 3148] [43.0] [cxt 0] Deparser 'deparser': start
[20:10:03.227] [bmv2] [T] [thread 3148] [43.0] [cxt 0] Skipping checksum 'cksum' update because condition not met
[20:10:03.227] [bmv2] [D] [thread 3148] [43.0] [cxt 0] Deparsing header 'ethernet'
[20:10:03.227] [bmv2] [D] [thread 3148] [43.0] [cxt 0] Deparser 'deparser': end
[20:10:03.228] [bmv2] [D] [thread 3152] [43.0] [cxt 0] Transmitting packet of size 70 out of port 0
[20:10:03.237] [bmv2] [D] [thread 3147] [44.0] [cxt 0] Processing packet received on port 1
[20:10:03.237] [bmv2] [D] [thread 3147] [44.0] [cxt 0] Parser 'parser': start
[20:10:03.237] [bmv2] [D] [thread 3147] [44.0] [cxt 0] Parser 'parser' entering state 'start'
[20:10:03.237] [bmv2] [D] [thread 3147] [44.0] [cxt 0] Extracting header 'ethernet'
[20:10:03.237] [bmv2] [D] [thread 3147] [44.0] [cxt 0] Parser state 'start': key is 86dd
[20:10:03.237] [bmv2] [T] [thread 3147] [44.0] [cxt 0] Bytes parsed: 14
[20:10:03.237] [bmv2] [D] [thread 3147] [44.0] [cxt 0] Parser 'parser': end
[20:10:03.237] [bmv2] [D] [thread 3147] [44.0] [cxt 0] Pipeline 'ingress': start
[20:10:03.237] [bmv2] [T] [thread 3147] [44.0] [cxt 0] basic_tunnel.p4(152) Condition "hdr.ipv4.isValid() && !hdr.myTunnel.isValid()" (node_2) is false
[20:10:03.237] [bmv2] [T] [thread 3147] [44.0] [cxt 0] basic_tunnel.p4(155) Condition "hdr.myTunnel.isValid()" (node_4) is false
[20:10:03.237] [bmv2] [D] [thread 3147] [44.0] [cxt 0] Pipeline 'ingress': end
[20:10:03.237] [bmv2] [D] [thread 3147] [44.0] [cxt 0] Egress port is 0
[20:10:03.238] [bmv2] [D] [thread 3148] [44.0] [cxt 0] Pipeline 'egress': start
[20:10:03.238] [bmv2] [D] [thread 3148] [44.0] [cxt 0] Pipeline 'egress': end
[20:10:03.238] [bmv2] [D] [thread 3148] [44.0] [cxt 0] Deparser 'deparser': start
[20:10:03.238] [bmv2] [T] [thread 3148] [44.0] [cxt 0] Skipping checksum 'cksum' update because condition not met
[20:10:03.238] [bmv2] [D] [thread 3148] [44.0] [cxt 0] Deparsing header 'ethernet'
[20:10:03.238] [bmv2] [D] [thread 3148] [44.0] [cxt 0] Deparser 'deparser': end
[20:10:03.238] [bmv2] [D] [thread 3152] [44.0] [cxt 0] Transmitting packet of size 196 out of port 0
[20:10:03.431] [bmv2] [D] [thread 3147] [45.0] [cxt 0] Processing packet received on port 3
[20:10:03.431] [bmv2] [D] [thread 3147] [45.0] [cxt 0] Parser 'parser': start
[20:10:03.431] [bmv2] [D] [thread 3147] [45.0] [cxt 0] Parser 'parser' entering state 'start'
[20:10:03.431] [bmv2] [D] [thread 3147] [45.0] [cxt 0] Extracting header 'ethernet'
[20:10:03.431] [bmv2] [D] [thread 3147] [45.0] [cxt 0] Parser state 'start': key is 86dd
[20:10:03.431] [bmv2] [T] [thread 3147] [45.0] [cxt 0] Bytes parsed: 14
[20:10:03.431] [bmv2] [D] [thread 3147] [45.0] [cxt 0] Parser 'parser': end
[20:10:03.431] [bmv2] [D] [thread 3147] [45.0] [cxt 0] Pipeline 'ingress': start
[20:10:03.431] [bmv2] [T] [thread 3147] [45.0] [cxt 0] basic_tunnel.p4(152) Condition "hdr.ipv4.isValid() && !hdr.myTunnel.isValid()" (node_2) is false
[20:10:03.431] [bmv2] [T] [thread 3147] [45.0] [cxt 0] basic_tunnel.p4(155) Condition "hdr.myTunnel.isValid()" (node_4) is false
[20:10:03.431] [bmv2] [D] [thread 3147] [45.0] [cxt 0] Pipeline 'ingress': end
[20:10:03.431] [bmv2] [D] [thread 3147] [45.0] [cxt 0] Egress port is 0
[20:10:03.431] [bmv2] [D] [thread 3148] [45.0] [cxt 0] Pipeline 'egress': start
[20:10:03.432] [bmv2] [D] [thread 3148] [45.0] [cxt 0] Pipeline 'egress': end
[20:10:03.432] [bmv2] [D] [thread 3148] [45.0] [cxt 0] Deparser 'deparser': start
[20:10:03.432] [bmv2] [T] [thread 3148] [45.0] [cxt 0] Skipping checksum 'cksum' update because condition not met
[20:10:03.432] [bmv2] [D] [thread 3148] [45.0] [cxt 0] Deparsing header 'ethernet'
[20:10:03.432] [bmv2] [D] [thread 3148] [45.0] [cxt 0] Deparser 'deparser': end
[20:10:03.432] [bmv2] [D] [thread 3152] [45.0] [cxt 0] Transmitting packet of size 196 out of port 0
[20:10:03.483] [bmv2] [D] [thread 3147] [46.0] [cxt 0] Processing packet received on port 3
[20:10:03.483] [bmv2] [D] [thread 3147] [46.0] [cxt 0] Parser 'parser': start
[20:10:03.483] [bmv2] [D] [thread 3147] [46.0] [cxt 0] Parser 'parser' entering state 'start'
[20:10:03.483] [bmv2] [D] [thread 3147] [46.0] [cxt 0] Extracting header 'ethernet'
[20:10:03.483] [bmv2] [D] [thread 3147] [46.0] [cxt 0] Parser state 'start': key is 86dd
[20:10:03.484] [bmv2] [T] [thread 3147] [46.0] [cxt 0] Bytes parsed: 14
[20:10:03.484] [bmv2] [D] [thread 3147] [46.0] [cxt 0] Parser 'parser': end
[20:10:03.484] [bmv2] [D] [thread 3147] [46.0] [cxt 0] Pipeline 'ingress': start
[20:10:03.484] [bmv2] [T] [thread 3147] [46.0] [cxt 0] basic_tunnel.p4(152) Condition "hdr.ipv4.isValid() && !hdr.myTunnel.isValid()" (node_2) is false
[20:10:03.484] [bmv2] [T] [thread 3147] [46.0] [cxt 0] basic_tunnel.p4(155) Condition "hdr.myTunnel.isValid()" (node_4) is false
[20:10:03.484] [bmv2] [D] [thread 3147] [46.0] [cxt 0] Pipeline 'ingress': end
[20:10:03.484] [bmv2] [D] [thread 3147] [46.0] [cxt 0] Egress port is 0
[20:10:03.484] [bmv2] [D] [thread 3148] [46.0] [cxt 0] Pipeline 'egress': start
[20:10:03.484] [bmv2] [D] [thread 3148] [46.0] [cxt 0] Pipeline 'egress': end
[20:10:03.484] [bmv2] [D] [thread 3148] [46.0] [cxt 0] Deparser 'deparser': start
[20:10:03.484] [bmv2] [T] [thread 3148] [46.0] [cxt 0] Skipping checksum 'cksum' update because condition not met
[20:10:03.484] [bmv2] [D] [thread 3148] [46.0] [cxt 0] Deparsing header 'ethernet'
[20:10:03.484] [bmv2] [D] [thread 3148] [46.0] [cxt 0] Deparser 'deparser': end
[20:10:03.485] [bmv2] [D] [thread 3152] [46.0] [cxt 0] Transmitting packet of size 70 out of port 0
