Calling target program-options parser
[19:43:41.620] [bmv2] [D] [thread 122926] Set default default entry for table 'MyIngress.ipv4_lpm': MyIngress.drop - 
[19:43:41.620] [bmv2] [D] [thread 122926] Set default default entry for table 'MyIngress.myTunnel_exact': MyIngress.drop - 
Adding interface s3-eth1 as port 1
[19:43:41.620] [bmv2] [D] [thread 122926] Adding interface s3-eth1 as port 1
Adding interface s3-eth2 as port 2
[19:43:41.658] [bmv2] [D] [thread 122926] Adding interface s3-eth2 as port 2
Adding interface s3-eth3 as port 3
[19:43:41.707] [bmv2] [D] [thread 122926] Adding interface s3-eth3 as port 3
Server listening on 0.0.0.0:50053
[19:43:41.755] [bmv2] [I] [thread 122926] Starting Thrift server on port 9092
[19:43:41.755] [bmv2] [I] [thread 122926] Thrift server was started
[19:43:41.756] [bmv2] [D] [thread 122936] [0.0] [cxt 0] Processing packet received on port 1
[19:43:41.756] [bmv2] [D] [thread 122936] [0.0] [cxt 0] Parser 'parser': start
[19:43:41.756] [bmv2] [D] [thread 122936] [0.0] [cxt 0] Parser 'parser' entering state 'start'
[19:43:41.756] [bmv2] [D] [thread 122936] [0.0] [cxt 0] Extracting header 'ethernet'
[19:43:41.756] [bmv2] [D] [thread 122936] [0.0] [cxt 0] Parser state 'start': key is 86dd
[19:43:41.756] [bmv2] [T] [thread 122936] [0.0] [cxt 0] Bytes parsed: 14
[19:43:41.756] [bmv2] [D] [thread 122936] [0.0] [cxt 0] Parser 'parser': end
[19:43:41.756] [bmv2] [D] [thread 122936] [0.0] [cxt 0] Pipeline 'ingress': start
[19:43:41.756] [bmv2] [T] [thread 122936] [0.0] [cxt 0] basic_tunnel.p4(152) Condition "hdr.ipv4.isValid() && !hdr.myTunnel.isValid()" (node_2) is false
[19:43:41.756] [bmv2] [T] [thread 122936] [0.0] [cxt 0] basic_tunnel.p4(155) Condition "hdr.myTunnel.isValid()" (node_4) is false
[19:43:41.756] [bmv2] [D] [thread 122936] [0.0] [cxt 0] Pipeline 'ingress': end
[19:43:41.756] [bmv2] [D] [thread 122936] [0.0] [cxt 0] Egress port is 0
[19:43:41.756] [bmv2] [D] [thread 122937] [0.0] [cxt 0] Pipeline 'egress': start
[19:43:41.756] [bmv2] [D] [thread 122937] [0.0] [cxt 0] Pipeline 'egress': end
[19:43:41.756] [bmv2] [D] [thread 122937] [0.0] [cxt 0] Deparser 'deparser': start
[19:43:41.756] [bmv2] [T] [thread 122937] [0.0] [cxt 0] Skipping checksum 'cksum' update because condition not met
[19:43:41.756] [bmv2] [D] [thread 122937] [0.0] [cxt 0] Deparsing header 'ethernet'
[19:43:41.756] [bmv2] [D] [thread 122937] [0.0] [cxt 0] Deparser 'deparser': end
[19:43:41.757] [bmv2] [D] [thread 122941] [0.0] [cxt 0] Transmitting packet of size 208 out of port 0
[19:43:41.796] [bmv2] [D] [thread 122936] [1.0] [cxt 0] Processing packet received on port 3
[19:43:41.796] [bmv2] [D] [thread 122936] [1.0] [cxt 0] Parser 'parser': start
[19:43:41.796] [bmv2] [D] [thread 122936] [1.0] [cxt 0] Parser 'parser' entering state 'start'
[19:43:41.796] [bmv2] [D] [thread 122936] [1.0] [cxt 0] Extracting header 'ethernet'
[19:43:41.797] [bmv2] [D] [thread 122936] [1.0] [cxt 0] Parser state 'start': key is 86dd
[19:43:41.797] [bmv2] [T] [thread 122936] [1.0] [cxt 0] Bytes parsed: 14
[19:43:41.797] [bmv2] [D] [thread 122936] [1.0] [cxt 0] Parser 'parser': end
[19:43:41.797] [bmv2] [D] [thread 122936] [1.0] [cxt 0] Pipeline 'ingress': start
[19:43:41.797] [bmv2] [T] [thread 122936] [1.0] [cxt 0] basic_tunnel.p4(152) Condition "hdr.ipv4.isValid() && !hdr.myTunnel.isValid()" (node_2) is false
[19:43:41.797] [bmv2] [T] [thread 122936] [1.0] [cxt 0] basic_tunnel.p4(155) Condition "hdr.myTunnel.isValid()" (node_4) is false
[19:43:41.797] [bmv2] [D] [thread 122936] [1.0] [cxt 0] Pipeline 'ingress': end
[19:43:41.797] [bmv2] [D] [thread 122936] [1.0] [cxt 0] Egress port is 0
[19:43:41.798] [bmv2] [D] [thread 122937] [1.0] [cxt 0] Pipeline 'egress': start
[19:43:41.798] [bmv2] [D] [thread 122937] [1.0] [cxt 0] Pipeline 'egress': end
[19:43:41.798] [bmv2] [D] [thread 122937] [1.0] [cxt 0] Deparser 'deparser': start
[19:43:41.798] [bmv2] [T] [thread 122937] [1.0] [cxt 0] Skipping checksum 'cksum' update because condition not met
[19:43:41.798] [bmv2] [D] [thread 122937] [1.0] [cxt 0] Deparsing header 'ethernet'
[19:43:41.798] [bmv2] [D] [thread 122937] [1.0] [cxt 0] Deparser 'deparser': end
[19:43:41.798] [bmv2] [D] [thread 122941] [1.0] [cxt 0] Transmitting packet of size 208 out of port 0
[19:43:41.827] [bmv2] [D] [thread 122936] [2.0] [cxt 0] Processing packet received on port 1
[19:43:41.827] [bmv2] [D] [thread 122936] [2.0] [cxt 0] Parser 'parser': start
[19:43:41.827] [bmv2] [D] [thread 122936] [2.0] [cxt 0] Parser 'parser' entering state 'start'
[19:43:41.827] [bmv2] [D] [thread 122936] [2.0] [cxt 0] Extracting header 'ethernet'
[19:43:41.827] [bmv2] [D] [thread 122936] [2.0] [cxt 0] Parser state 'start': key is 86dd
[19:43:41.827] [bmv2] [T] [thread 122936] [2.0] [cxt 0] Bytes parsed: 14
[19:43:41.827] [bmv2] [D] [thread 122936] [2.0] [cxt 0] Parser 'parser': end
[19:43:41.827] [bmv2] [D] [thread 122936] [2.0] [cxt 0] Pipeline 'ingress': start
[19:43:41.827] [bmv2] [T] [thread 122936] [2.0] [cxt 0] basic_tunnel.p4(152) Condition "hdr.ipv4.isValid() && !hdr.myTunnel.isValid()" (node_2) is false
[19:43:41.827] [bmv2] [T] [thread 122936] [2.0] [cxt 0] basic_tunnel.p4(155) Condition "hdr.myTunnel.isValid()" (node_4) is false
[19:43:41.827] [bmv2] [D] [thread 122936] [2.0] [cxt 0] Pipeline 'ingress': end
[19:43:41.827] [bmv2] [D] [thread 122936] [2.0] [cxt 0] Egress port is 0
[19:43:41.828] [bmv2] [D] [thread 122937] [2.0] [cxt 0] Pipeline 'egress': start
[19:43:41.828] [bmv2] [D] [thread 122937] [2.0] [cxt 0] Pipeline 'egress': end
[19:43:41.828] [bmv2] [D] [thread 122937] [2.0] [cxt 0] Deparser 'deparser': start
[19:43:41.828] [bmv2] [T] [thread 122937] [2.0] [cxt 0] Skipping checksum 'cksum' update because condition not met
[19:43:41.828] [bmv2] [D] [thread 122937] [2.0] [cxt 0] Deparsing header 'ethernet'
[19:43:41.828] [bmv2] [D] [thread 122937] [2.0] [cxt 0] Deparser 'deparser': end
[19:43:41.828] [bmv2] [D] [thread 122941] [2.0] [cxt 0] Transmitting packet of size 90 out of port 0
[19:43:41.828] [bmv2] [D] [thread 122936] [3.0] [cxt 0] Processing packet received on port 3
[19:43:41.828] [bmv2] [D] [thread 122936] [3.0] [cxt 0] Parser 'parser': start
[19:43:41.828] [bmv2] [D] [thread 122936] [3.0] [cxt 0] Parser 'parser' entering state 'start'
[19:43:41.828] [bmv2] [D] [thread 122936] [3.0] [cxt 0] Extracting header 'ethernet'
[19:43:41.828] [bmv2] [D] [thread 122936] [3.0] [cxt 0] Parser state 'start': key is 86dd
[19:43:41.828] [bmv2] [T] [thread 122936] [3.0] [cxt 0] Bytes parsed: 14
[19:43:41.828] [bmv2] [D] [thread 122936] [3.0] [cxt 0] Parser 'parser': end
[19:43:41.828] [bmv2] [D] [thread 122936] [3.0] [cxt 0] Pipeline 'ingress': start
[19:43:41.828] [bmv2] [T] [thread 122936] [3.0] [cxt 0] basic_tunnel.p4(152) Condition "hdr.ipv4.isValid() && !hdr.myTunnel.isValid()" (node_2) is false
[19:43:41.828] [bmv2] [T] [thread 122936] [3.0] [cxt 0] basic_tunnel.p4(155) Condition "hdr.myTunnel.isValid()" (node_4) is false
[19:43:41.828] [bmv2] [D] [thread 122936] [3.0] [cxt 0] Pipeline 'ingress': end
[19:43:41.828] [bmv2] [D] [thread 122936] [3.0] [cxt 0] Egress port is 0
[19:43:41.828] [bmv2] [D] [thread 122937] [3.0] [cxt 0] Pipeline 'egress': start
[19:43:41.828] [bmv2] [D] [thread 122937] [3.0] [cxt 0] Pipeline 'egress': end
[19:43:41.828] [bmv2] [D] [thread 122937] [3.0] [cxt 0] Deparser 'deparser': start
[19:43:41.828] [bmv2] [T] [thread 122937] [3.0] [cxt 0] Skipping checksum 'cksum' update because condition not met
[19:43:41.828] [bmv2] [D] [thread 122937] [3.0] [cxt 0] Deparsing header 'ethernet'
[19:43:41.828] [bmv2] [D] [thread 122937] [3.0] [cxt 0] Deparser 'deparser': end
[19:43:41.828] [bmv2] [D] [thread 122941] [3.0] [cxt 0] Transmitting packet of size 90 out of port 0
[19:43:41.865] [bmv2] [D] [thread 122936] [4.0] [cxt 0] Processing packet received on port 2
[19:43:41.865] [bmv2] [D] [thread 122936] [4.0] [cxt 0] Parser 'parser': start
[19:43:41.865] [bmv2] [D] [thread 122936] [4.0] [cxt 0] Parser 'parser' entering state 'start'
[19:43:41.865] [bmv2] [D] [thread 122936] [4.0] [cxt 0] Extracting header 'ethernet'
[19:43:41.865] [bmv2] [D] [thread 122936] [4.0] [cxt 0] Parser state 'start': key is 86dd
[19:43:41.865] [bmv2] [T] [thread 122936] [4.0] [cxt 0] Bytes parsed: 14
[19:43:41.865] [bmv2] [D] [thread 122936] [4.0] [cxt 0] Parser 'parser': end
[19:43:41.865] [bmv2] [D] [thread 122936] [4.0] [cxt 0] Pipeline 'ingress': start
[19:43:41.865] [bmv2] [T] [thread 122936] [4.0] [cxt 0] basic_tunnel.p4(152) Condition "hdr.ipv4.isValid() && !hdr.myTunnel.isValid()" (node_2) is false
[19:43:41.865] [bmv2] [T] [thread 122936] [4.0] [cxt 0] basic_tunnel.p4(155) Condition "hdr.myTunnel.isValid()" (node_4) is false
[19:43:41.865] [bmv2] [D] [thread 122936] [4.0] [cxt 0] Pipeline 'ingress': end
[19:43:41.865] [bmv2] [D] [thread 122936] [4.0] [cxt 0] Egress port is 0
[19:43:41.865] [bmv2] [D] [thread 122937] [4.0] [cxt 0] Pipeline 'egress': start
[19:43:41.865] [bmv2] [D] [thread 122937] [4.0] [cxt 0] Pipeline 'egress': end
[19:43:41.865] [bmv2] [D] [thread 122937] [4.0] [cxt 0] Deparser 'deparser': start
[19:43:41.865] [bmv2] [T] [thread 122937] [4.0] [cxt 0] Skipping checksum 'cksum' update because condition not met
[19:43:41.865] [bmv2] [D] [thread 122937] [4.0] [cxt 0] Deparsing header 'ethernet'
[19:43:41.865] [bmv2] [D] [thread 122937] [4.0] [cxt 0] Deparser 'deparser': end
[19:43:41.865] [bmv2] [D] [thread 122941] [4.0] [cxt 0] Transmitting packet of size 90 out of port 0
[19:43:41.865] [bmv2] [D] [thread 122936] [5.0] [cxt 0] Processing packet received on port 2
[19:43:41.865] [bmv2] [D] [thread 122936] [5.0] [cxt 0] Parser 'parser': start
[19:43:41.865] [bmv2] [D] [thread 122936] [5.0] [cxt 0] Parser 'parser' entering state 'start'
[19:43:41.865] [bmv2] [D] [thread 122936] [5.0] [cxt 0] Extracting header 'ethernet'
[19:43:41.865] [bmv2] [D] [thread 122936] [5.0] [cxt 0] Parser state 'start': key is 86dd
[19:43:41.865] [bmv2] [T] [thread 122936] [5.0] [cxt 0] Bytes parsed: 14
[19:43:41.865] [bmv2] [D] [thread 122936] [5.0] [cxt 0] Parser 'parser': end
[19:43:41.865] [bmv2] [D] [thread 122936] [5.0] [cxt 0] Pipeline 'ingress': start
[19:43:41.865] [bmv2] [T] [thread 122936] [5.0] [cxt 0] basic_tunnel.p4(152) Condition "hdr.ipv4.isValid() && !hdr.myTunnel.isValid()" (node_2) is false
[19:43:41.865] [bmv2] [T] [thread 122936] [5.0] [cxt 0] basic_tunnel.p4(155) Condition "hdr.myTunnel.isValid()" (node_4) is false
[19:43:41.865] [bmv2] [D] [thread 122936] [5.0] [cxt 0] Pipeline 'ingress': end
[19:43:41.865] [bmv2] [D] [thread 122936] [5.0] [cxt 0] Egress port is 0
[19:43:41.865] [bmv2] [D] [thread 122937] [5.0] [cxt 0] Pipeline 'egress': start
[19:43:41.865] [bmv2] [D] [thread 122937] [5.0] [cxt 0] Pipeline 'egress': end
[19:43:41.865] [bmv2] [D] [thread 122937] [5.0] [cxt 0] Deparser 'deparser': start
[19:43:41.865] [bmv2] [T] [thread 122937] [5.0] [cxt 0] Skipping checksum 'cksum' update because condition not met
[19:43:41.865] [bmv2] [D] [thread 122937] [5.0] [cxt 0] Deparsing header 'ethernet'
[19:43:41.865] [bmv2] [D] [thread 122937] [5.0] [cxt 0] Deparser 'deparser': end
[19:43:41.865] [bmv2] [D] [thread 122941] [5.0] [cxt 0] Transmitting packet of size 70 out of port 0
[19:43:41.871] [bmv2] [D] [thread 122936] [6.0] [cxt 0] Processing packet received on port 2
[19:43:41.871] [bmv2] [D] [thread 122936] [6.0] [cxt 0] Parser 'parser': start
[19:43:41.871] [bmv2] [D] [thread 122936] [6.0] [cxt 0] Parser 'parser' entering state 'start'
[19:43:41.871] [bmv2] [D] [thread 122936] [6.0] [cxt 0] Extracting header 'ethernet'
[19:43:41.871] [bmv2] [D] [thread 122936] [6.0] [cxt 0] Parser state 'start': key is 86dd
[19:43:41.871] [bmv2] [T] [thread 122936] [6.0] [cxt 0] Bytes parsed: 14
[19:43:41.871] [bmv2] [D] [thread 122936] [6.0] [cxt 0] Parser 'parser': end
[19:43:41.871] [bmv2] [D] [thread 122936] [6.0] [cxt 0] Pipeline 'ingress': start
[19:43:41.871] [bmv2] [T] [thread 122936] [6.0] [cxt 0] basic_tunnel.p4(152) Condition "hdr.ipv4.isValid() && !hdr.myTunnel.isValid()" (node_2) is false
[19:43:41.871] [bmv2] [T] [thread 122936] [6.0] [cxt 0] basic_tunnel.p4(155) Condition "hdr.myTunnel.isValid()" (node_4) is false
[19:43:41.871] [bmv2] [D] [thread 122936] [6.0] [cxt 0] Pipeline 'ingress': end
[19:43:41.871] [bmv2] [D] [thread 122936] [6.0] [cxt 0] Egress port is 0
[19:43:41.871] [bmv2] [D] [thread 122937] [6.0] [cxt 0] Pipeline 'egress': start
[19:43:41.871] [bmv2] [D] [thread 122937] [6.0] [cxt 0] Pipeline 'egress': end
[19:43:41.871] [bmv2] [D] [thread 122937] [6.0] [cxt 0] Deparser 'deparser': start
[19:43:41.871] [bmv2] [T] [thread 122937] [6.0] [cxt 0] Skipping checksum 'cksum' update because condition not met
[19:43:41.871] [bmv2] [D] [thread 122937] [6.0] [cxt 0] Deparsing header 'ethernet'
[19:43:41.871] [bmv2] [D] [thread 122937] [6.0] [cxt 0] Deparser 'deparser': end
[19:43:41.871] [bmv2] [D] [thread 122941] [6.0] [cxt 0] Transmitting packet of size 90 out of port 0
[19:43:41.891] [bmv2] [D] [thread 122936] [7.0] [cxt 0] Processing packet received on port 3
[19:43:41.891] [bmv2] [D] [thread 122936] [7.0] [cxt 0] Parser 'parser': start
[19:43:41.891] [bmv2] [D] [thread 122936] [7.0] [cxt 0] Parser 'parser' entering state 'start'
[19:43:41.891] [bmv2] [D] [thread 122936] [7.0] [cxt 0] Extracting header 'ethernet'
[19:43:41.891] [bmv2] [D] [thread 122936] [7.0] [cxt 0] Parser state 'start': key is 86dd
[19:43:41.891] [bmv2] [T] [thread 122936] [7.0] [cxt 0] Bytes parsed: 14
[19:43:41.891] [bmv2] [D] [thread 122936] [7.0] [cxt 0] Parser 'parser': end
[19:43:41.891] [bmv2] [D] [thread 122936] [7.0] [cxt 0] Pipeline 'ingress': start
[19:43:41.891] [bmv2] [T] [thread 122936] [7.0] [cxt 0] basic_tunnel.p4(152) Condition "hdr.ipv4.isValid() && !hdr.myTunnel.isValid()" (node_2) is false
[19:43:41.891] [bmv2] [T] [thread 122936] [7.0] [cxt 0] basic_tunnel.p4(155) Condition "hdr.myTunnel.isValid()" (node_4) is false
[19:43:41.891] [bmv2] [D] [thread 122936] [7.0] [cxt 0] Pipeline 'ingress': end
[19:43:41.891] [bmv2] [D] [thread 122936] [7.0] [cxt 0] Egress port is 0
[19:43:41.891] [bmv2] [D] [thread 122937] [7.0] [cxt 0] Pipeline 'egress': start
[19:43:41.891] [bmv2] [D] [thread 122937] [7.0] [cxt 0] Pipeline 'egress': end
[19:43:41.891] [bmv2] [D] [thread 122937] [7.0] [cxt 0] Deparser 'deparser': start
[19:43:41.891] [bmv2] [T] [thread 122937] [7.0] [cxt 0] Skipping checksum 'cksum' update because condition not met
[19:43:41.891] [bmv2] [D] [thread 122937] [7.0] [cxt 0] Deparsing header 'ethernet'
[19:43:41.891] [bmv2] [D] [thread 122937] [7.0] [cxt 0] Deparser 'deparser': end
[19:43:41.891] [bmv2] [D] [thread 122941] [7.0] [cxt 0] Transmitting packet of size 110 out of port 0
[19:43:41.895] [bmv2] [D] [thread 122936] [8.0] [cxt 0] Processing packet received on port 2
[19:43:41.895] [bmv2] [D] [thread 122936] [8.0] [cxt 0] Parser 'parser': start
[19:43:41.895] [bmv2] [D] [thread 122936] [8.0] [cxt 0] Parser 'parser' entering state 'start'
[19:43:41.895] [bmv2] [D] [thread 122936] [8.0] [cxt 0] Extracting header 'ethernet'
[19:43:41.895] [bmv2] [D] [thread 122936] [8.0] [cxt 0] Parser state 'start': key is 86dd
[19:43:41.895] [bmv2] [T] [thread 122936] [8.0] [cxt 0] Bytes parsed: 14
[19:43:41.895] [bmv2] [D] [thread 122936] [8.0] [cxt 0] Parser 'parser': end
[19:43:41.895] [bmv2] [D] [thread 122936] [8.0] [cxt 0] Pipeline 'ingress': start
[19:43:41.895] [bmv2] [T] [thread 122936] [8.0] [cxt 0] basic_tunnel.p4(152) Condition "hdr.ipv4.isValid() && !hdr.myTunnel.isValid()" (node_2) is false
[19:43:41.895] [bmv2] [T] [thread 122936] [8.0] [cxt 0] basic_tunnel.p4(155) Condition "hdr.myTunnel.isValid()" (node_4) is false
[19:43:41.895] [bmv2] [D] [thread 122936] [8.0] [cxt 0] Pipeline 'ingress': end
[19:43:41.895] [bmv2] [D] [thread 122936] [8.0] [cxt 0] Egress port is 0
[19:43:41.896] [bmv2] [D] [thread 122937] [8.0] [cxt 0] Pipeline 'egress': start
[19:43:41.896] [bmv2] [D] [thread 122937] [8.0] [cxt 0] Pipeline 'egress': end
[19:43:41.896] [bmv2] [D] [thread 122937] [8.0] [cxt 0] Deparser 'deparser': start
[19:43:41.896] [bmv2] [T] [thread 122937] [8.0] [cxt 0] Skipping checksum 'cksum' update because condition not met
[19:43:41.896] [bmv2] [D] [thread 122937] [8.0] [cxt 0] Deparsing header 'ethernet'
[19:43:41.896] [bmv2] [D] [thread 122937] [8.0] [cxt 0] Deparser 'deparser': end
[19:43:41.896] [bmv2] [D] [thread 122941] [8.0] [cxt 0] Transmitting packet of size 90 out of port 0
[19:43:41.914] [bmv2] [D] [thread 122936] [9.0] [cxt 0] Processing packet received on port 2
[19:43:41.914] [bmv2] [D] [thread 122936] [9.0] [cxt 0] Parser 'parser': start
[19:43:41.914] [bmv2] [D] [thread 122936] [9.0] [cxt 0] Parser 'parser' entering state 'start'
[19:43:41.914] [bmv2] [D] [thread 122936] [9.0] [cxt 0] Extracting header 'ethernet'
[19:43:41.914] [bmv2] [D] [thread 122936] [9.0] [cxt 0] Parser state 'start': key is 86dd
[19:43:41.914] [bmv2] [T] [thread 122936] [9.0] [cxt 0] Bytes parsed: 14
[19:43:41.914] [bmv2] [D] [thread 122936] [9.0] [cxt 0] Parser 'parser': end
[19:43:41.914] [bmv2] [D] [thread 122936] [9.0] [cxt 0] Pipeline 'ingress': start
[19:43:41.914] [bmv2] [T] [thread 122936] [9.0] [cxt 0] basic_tunnel.p4(152) Condition "hdr.ipv4.isValid() && !hdr.myTunnel.isValid()" (node_2) is false
[19:43:41.914] [bmv2] [T] [thread 122936] [9.0] [cxt 0] basic_tunnel.p4(155) Condition "hdr.myTunnel.isValid()" (node_4) is false
[19:43:41.914] [bmv2] [D] [thread 122936] [9.0] [cxt 0] Pipeline 'ingress': end
[19:43:41.914] [bmv2] [D] [thread 122936] [9.0] [cxt 0] Egress port is 0
[19:43:41.915] [bmv2] [D] [thread 122937] [9.0] [cxt 0] Pipeline 'egress': start
[19:43:41.915] [bmv2] [D] [thread 122937] [9.0] [cxt 0] Pipeline 'egress': end
[19:43:41.915] [bmv2] [D] [thread 122937] [9.0] [cxt 0] Deparser 'deparser': start
[19:43:41.915] [bmv2] [T] [thread 122937] [9.0] [cxt 0] Skipping checksum 'cksum' update because condition not met
[19:43:41.915] [bmv2] [D] [thread 122937] [9.0] [cxt 0] Deparsing header 'ethernet'
[19:43:41.915] [bmv2] [D] [thread 122937] [9.0] [cxt 0] Deparser 'deparser': end
[19:43:41.915] [bmv2] [D] [thread 122941] [9.0] [cxt 0] Transmitting packet of size 208 out of port 0
[19:43:41.918] [bmv2] [D] [thread 122936] [10.0] [cxt 0] Processing packet received on port 2
[19:43:41.918] [bmv2] [D] [thread 122936] [10.0] [cxt 0] Parser 'parser': start
[19:43:41.918] [bmv2] [D] [thread 122936] [10.0] [cxt 0] Parser 'parser' entering state 'start'
[19:43:41.918] [bmv2] [D] [thread 122936] [10.0] [cxt 0] Extracting header 'ethernet'
[19:43:41.918] [bmv2] [D] [thread 122936] [10.0] [cxt 0] Parser state 'start': key is 86dd
[19:43:41.918] [bmv2] [T] [thread 122936] [10.0] [cxt 0] Bytes parsed: 14
[19:43:41.918] [bmv2] [D] [thread 122936] [10.0] [cxt 0] Parser 'parser': end
[19:43:41.919] [bmv2] [D] [thread 122936] [10.0] [cxt 0] Pipeline 'ingress': start
[19:43:41.919] [bmv2] [T] [thread 122936] [10.0] [cxt 0] basic_tunnel.p4(152) Condition "hdr.ipv4.isValid() && !hdr.myTunnel.isValid()" (node_2) is false
[19:43:41.919] [bmv2] [T] [thread 122936] [10.0] [cxt 0] basic_tunnel.p4(155) Condition "hdr.myTunnel.isValid()" (node_4) is false
[19:43:41.919] [bmv2] [D] [thread 122936] [10.0] [cxt 0] Pipeline 'ingress': end
[19:43:41.919] [bmv2] [D] [thread 122936] [10.0] [cxt 0] Egress port is 0
[19:43:41.919] [bmv2] [D] [thread 122937] [10.0] [cxt 0] Pipeline 'egress': start
[19:43:41.919] [bmv2] [D] [thread 122937] [10.0] [cxt 0] Pipeline 'egress': end
[19:43:41.919] [bmv2] [D] [thread 122937] [10.0] [cxt 0] Deparser 'deparser': start
[19:43:41.919] [bmv2] [T] [thread 122937] [10.0] [cxt 0] Skipping checksum 'cksum' update because condition not met
[19:43:41.919] [bmv2] [D] [thread 122937] [10.0] [cxt 0] Deparsing header 'ethernet'
[19:43:41.919] [bmv2] [D] [thread 122937] [10.0] [cxt 0] Deparser 'deparser': end
[19:43:41.919] [bmv2] [D] [thread 122941] [10.0] [cxt 0] Transmitting packet of size 208 out of port 0
[19:43:41.943] [bmv2] [D] [thread 122936] [11.0] [cxt 0] Processing packet received on port 1
[19:43:41.943] [bmv2] [D] [thread 122936] [11.0] [cxt 0] Parser 'parser': start
[19:43:41.943] [bmv2] [D] [thread 122936] [11.0] [cxt 0] Parser 'parser' entering state 'start'
[19:43:41.943] [bmv2] [D] [thread 122936] [11.0] [cxt 0] Extracting header 'ethernet'
[19:43:41.943] [bmv2] [D] [thread 122936] [11.0] [cxt 0] Parser state 'start': key is 86dd
[19:43:41.943] [bmv2] [T] [thread 122936] [11.0] [cxt 0] Bytes parsed: 14
[19:43:41.943] [bmv2] [D] [thread 122936] [11.0] [cxt 0] Parser 'parser': end
[19:43:41.943] [bmv2] [D] [thread 122936] [11.0] [cxt 0] Pipeline 'ingress': start
[19:43:41.943] [bmv2] [T] [thread 122936] [11.0] [cxt 0] basic_tunnel.p4(152) Condition "hdr.ipv4.isValid() && !hdr.myTunnel.isValid()" (node_2) is false
[19:43:41.943] [bmv2] [T] [thread 122936] [11.0] [cxt 0] basic_tunnel.p4(155) Condition "hdr.myTunnel.isValid()" (node_4) is false
[19:43:41.943] [bmv2] [D] [thread 122936] [11.0] [cxt 0] Pipeline 'ingress': end
[19:43:41.943] [bmv2] [D] [thread 122936] [11.0] [cxt 0] Egress port is 0
[19:43:41.943] [bmv2] [D] [thread 122937] [11.0] [cxt 0] Pipeline 'egress': start
[19:43:41.943] [bmv2] [D] [thread 122937] [11.0] [cxt 0] Pipeline 'egress': end
[19:43:41.943] [bmv2] [D] [thread 122937] [11.0] [cxt 0] Deparser 'deparser': start
[19:43:41.943] [bmv2] [T] [thread 122937] [11.0] [cxt 0] Skipping checksum 'cksum' update because condition not met
[19:43:41.943] [bmv2] [D] [thread 122937] [11.0] [cxt 0] Deparsing header 'ethernet'
[19:43:41.943] [bmv2] [D] [thread 122937] [11.0] [cxt 0] Deparser 'deparser': end
[19:43:41.943] [bmv2] [D] [thread 122941] [11.0] [cxt 0] Transmitting packet of size 208 out of port 0
[19:43:41.943] [bmv2] [D] [thread 122936] [12.0] [cxt 0] Processing packet received on port 3
[19:43:41.943] [bmv2] [D] [thread 122936] [12.0] [cxt 0] Parser 'parser': start
[19:43:41.943] [bmv2] [D] [thread 122936] [12.0] [cxt 0] Parser 'parser' entering state 'start'
[19:43:41.943] [bmv2] [D] [thread 122936] [12.0] [cxt 0] Extracting header 'ethernet'
[19:43:41.943] [bmv2] [D] [thread 122936] [12.0] [cxt 0] Parser state 'start': key is 86dd
[19:43:41.943] [bmv2] [T] [thread 122936] [12.0] [cxt 0] Bytes parsed: 14
[19:43:41.943] [bmv2] [D] [thread 122936] [12.0] [cxt 0] Parser 'parser': end
[19:43:41.943] [bmv2] [D] [thread 122936] [12.0] [cxt 0] Pipeline 'ingress': start
[19:43:41.943] [bmv2] [T] [thread 122936] [12.0] [cxt 0] basic_tunnel.p4(152) Condition "hdr.ipv4.isValid() && !hdr.myTunnel.isValid()" (node_2) is false
[19:43:41.943] [bmv2] [T] [thread 122936] [12.0] [cxt 0] basic_tunnel.p4(155) Condition "hdr.myTunnel.isValid()" (node_4) is false
[19:43:41.943] [bmv2] [D] [thread 122936] [12.0] [cxt 0] Pipeline 'ingress': end
[19:43:41.943] [bmv2] [D] [thread 122936] [12.0] [cxt 0] Egress port is 0
[19:43:41.943] [bmv2] [D] [thread 122937] [12.0] [cxt 0] Pipeline 'egress': start
[19:43:41.943] [bmv2] [D] [thread 122937] [12.0] [cxt 0] Pipeline 'egress': end
[19:43:41.943] [bmv2] [D] [thread 122937] [12.0] [cxt 0] Deparser 'deparser': start
[19:43:41.943] [bmv2] [T] [thread 122937] [12.0] [cxt 0] Skipping checksum 'cksum' update because condition not met
[19:43:41.943] [bmv2] [D] [thread 122937] [12.0] [cxt 0] Deparsing header 'ethernet'
[19:43:41.943] [bmv2] [D] [thread 122937] [12.0] [cxt 0] Deparser 'deparser': end
[19:43:41.943] [bmv2] [D] [thread 122941] [12.0] [cxt 0] Transmitting packet of size 208 out of port 0
[19:43:41.993] [bmv2] [D] [thread 122936] [13.0] [cxt 0] Processing packet received on port 2
[19:43:41.993] [bmv2] [D] [thread 122936] [13.0] [cxt 0] Parser 'parser': start
[19:43:41.993] [bmv2] [D] [thread 122936] [13.0] [cxt 0] Parser 'parser' entering state 'start'
[19:43:41.993] [bmv2] [D] [thread 122936] [13.0] [cxt 0] Extracting header 'ethernet'
[19:43:41.993] [bmv2] [D] [thread 122936] [13.0] [cxt 0] Parser state 'start': key is 86dd
[19:43:41.993] [bmv2] [T] [thread 122936] [13.0] [cxt 0] Bytes parsed: 14
[19:43:41.993] [bmv2] [D] [thread 122936] [13.0] [cxt 0] Parser 'parser': end
[19:43:41.993] [bmv2] [D] [thread 122936] [13.0] [cxt 0] Pipeline 'ingress': start
[19:43:41.993] [bmv2] [T] [thread 122936] [13.0] [cxt 0] basic_tunnel.p4(152) Condition "hdr.ipv4.isValid() && !hdr.myTunnel.isValid()" (node_2) is false
[19:43:41.993] [bmv2] [T] [thread 122936] [13.0] [cxt 0] basic_tunnel.p4(155) Condition "hdr.myTunnel.isValid()" (node_4) is false
[19:43:41.993] [bmv2] [D] [thread 122936] [13.0] [cxt 0] Pipeline 'ingress': end
[19:43:41.993] [bmv2] [D] [thread 122936] [13.0] [cxt 0] Egress port is 0
[19:43:41.994] [bmv2] [D] [thread 122937] [13.0] [cxt 0] Pipeline 'egress': start
[19:43:41.994] [bmv2] [D] [thread 122937] [13.0] [cxt 0] Pipeline 'egress': end
[19:43:41.994] [bmv2] [D] [thread 122937] [13.0] [cxt 0] Deparser 'deparser': start
[19:43:41.994] [bmv2] [T] [thread 122937] [13.0] [cxt 0] Skipping checksum 'cksum' update because condition not met
[19:43:41.994] [bmv2] [D] [thread 122937] [13.0] [cxt 0] Deparsing header 'ethernet'
[19:43:41.994] [bmv2] [D] [thread 122937] [13.0] [cxt 0] Deparser 'deparser': end
[19:43:41.997] [bmv2] [D] [thread 122941] [13.0] [cxt 0] Transmitting packet of size 110 out of port 0
[19:43:42.068] [bmv2] [D] [thread 122936] [14.0] [cxt 0] Processing packet received on port 3
[19:43:42.068] [bmv2] [D] [thread 122936] [14.0] [cxt 0] Parser 'parser': start
[19:43:42.068] [bmv2] [D] [thread 122936] [14.0] [cxt 0] Parser 'parser' entering state 'start'
[19:43:42.068] [bmv2] [D] [thread 122936] [14.0] [cxt 0] Extracting header 'ethernet'
[19:43:42.068] [bmv2] [D] [thread 122936] [14.0] [cxt 0] Parser state 'start': key is 86dd
[19:43:42.068] [bmv2] [T] [thread 122936] [14.0] [cxt 0] Bytes parsed: 14
[19:43:42.068] [bmv2] [D] [thread 122936] [14.0] [cxt 0] Parser 'parser': end
[19:43:42.068] [bmv2] [D] [thread 122936] [14.0] [cxt 0] Pipeline 'ingress': start
[19:43:42.068] [bmv2] [T] [thread 122936] [14.0] [cxt 0] basic_tunnel.p4(152) Condition "hdr.ipv4.isValid() && !hdr.myTunnel.isValid()" (node_2) is false
[19:43:42.068] [bmv2] [T] [thread 122936] [14.0] [cxt 0] basic_tunnel.p4(155) Condition "hdr.myTunnel.isValid()" (node_4) is false
[19:43:42.068] [bmv2] [D] [thread 122936] [14.0] [cxt 0] Pipeline 'ingress': end
[19:43:42.068] [bmv2] [D] [thread 122936] [14.0] [cxt 0] Egress port is 0
[19:43:42.068] [bmv2] [D] [thread 122937] [14.0] [cxt 0] Pipeline 'egress': start
[19:43:42.068] [bmv2] [D] [thread 122937] [14.0] [cxt 0] Pipeline 'egress': end
[19:43:42.068] [bmv2] [D] [thread 122937] [14.0] [cxt 0] Deparser 'deparser': start
[19:43:42.068] [bmv2] [T] [thread 122937] [14.0] [cxt 0] Skipping checksum 'cksum' update because condition not met
[19:43:42.068] [bmv2] [D] [thread 122937] [14.0] [cxt 0] Deparsing header 'ethernet'
[19:43:42.068] [bmv2] [D] [thread 122937] [14.0] [cxt 0] Deparser 'deparser': end
[19:43:42.069] [bmv2] [D] [thread 122941] [14.0] [cxt 0] Transmitting packet of size 208 out of port 0
[19:43:42.138] [bmv2] [D] [thread 122936] [15.0] [cxt 0] Processing packet received on port 1
[19:43:42.138] [bmv2] [D] [thread 122936] [15.0] [cxt 0] Parser 'parser': start
[19:43:42.138] [bmv2] [D] [thread 122936] [15.0] [cxt 0] Parser 'parser' entering state 'start'
[19:43:42.138] [bmv2] [D] [thread 122936] [15.0] [cxt 0] Extracting header 'ethernet'
[19:43:42.138] [bmv2] [D] [thread 122936] [15.0] [cxt 0] Parser state 'start': key is 86dd
[19:43:42.138] [bmv2] [T] [thread 122936] [15.0] [cxt 0] Bytes parsed: 14
[19:43:42.138] [bmv2] [D] [thread 122936] [15.0] [cxt 0] Parser 'parser': end
[19:43:42.138] [bmv2] [D] [thread 122936] [15.0] [cxt 0] Pipeline 'ingress': start
[19:43:42.138] [bmv2] [T] [thread 122936] [15.0] [cxt 0] basic_tunnel.p4(152) Condition "hdr.ipv4.isValid() && !hdr.myTunnel.isValid()" (node_2) is false
[19:43:42.138] [bmv2] [T] [thread 122936] [15.0] [cxt 0] basic_tunnel.p4(155) Condition "hdr.myTunnel.isValid()" (node_4) is false
[19:43:42.138] [bmv2] [D] [thread 122936] [15.0] [cxt 0] Pipeline 'ingress': end
[19:43:42.138] [bmv2] [D] [thread 122936] [15.0] [cxt 0] Egress port is 0
[19:43:42.138] [bmv2] [D] [thread 122936] [16.0] [cxt 0] Processing packet received on port 3
[19:43:42.138] [bmv2] [D] [thread 122936] [16.0] [cxt 0] Parser 'parser': start
[19:43:42.138] [bmv2] [D] [thread 122936] [16.0] [cxt 0] Parser 'parser' entering state 'start'
[19:43:42.138] [bmv2] [D] [thread 122936] [16.0] [cxt 0] Extracting header 'ethernet'
[19:43:42.138] [bmv2] [D] [thread 122936] [16.0] [cxt 0] Parser state 'start': key is 86dd
[19:43:42.138] [bmv2] [T] [thread 122936] [16.0] [cxt 0] Bytes parsed: 14
[19:43:42.138] [bmv2] [D] [thread 122936] [16.0] [cxt 0] Parser 'parser': end
[19:43:42.138] [bmv2] [D] [thread 122936] [16.0] [cxt 0] Pipeline 'ingress': start
[19:43:42.138] [bmv2] [T] [thread 122936] [16.0] [cxt 0] basic_tunnel.p4(152) Condition "hdr.ipv4.isValid() && !hdr.myTunnel.isValid()" (node_2) is false
[19:43:42.138] [bmv2] [T] [thread 122936] [16.0] [cxt 0] basic_tunnel.p4(155) Condition "hdr.myTunnel.isValid()" (node_4) is false
[19:43:42.138] [bmv2] [D] [thread 122936] [16.0] [cxt 0] Pipeline 'ingress': end
[19:43:42.138] [bmv2] [D] [thread 122936] [16.0] [cxt 0] Egress port is 0
[19:43:42.138] [bmv2] [D] [thread 122937] [15.0] [cxt 0] Pipeline 'egress': start
[19:43:42.138] [bmv2] [D] [thread 122937] [15.0] [cxt 0] Pipeline 'egress': end
[19:43:42.138] [bmv2] [D] [thread 122937] [15.0] [cxt 0] Deparser 'deparser': start
[19:43:42.138] [bmv2] [T] [thread 122937] [15.0] [cxt 0] Skipping checksum 'cksum' update because condition not met
[19:43:42.138] [bmv2] [D] [thread 122937] [15.0] [cxt 0] Deparsing header 'ethernet'
[19:43:42.138] [bmv2] [D] [thread 122937] [15.0] [cxt 0] Deparser 'deparser': end
[19:43:42.138] [bmv2] [D] [thread 122937] [16.0] [cxt 0] Pipeline 'egress': start
[19:43:42.138] [bmv2] [D] [thread 122937] [16.0] [cxt 0] Pipeline 'egress': end
[19:43:42.138] [bmv2] [D] [thread 122937] [16.0] [cxt 0] Deparser 'deparser': start
[19:43:42.138] [bmv2] [T] [thread 122937] [16.0] [cxt 0] Skipping checksum 'cksum' update because condition not met
[19:43:42.138] [bmv2] [D] [thread 122937] [16.0] [cxt 0] Deparsing header 'ethernet'
[19:43:42.138] [bmv2] [D] [thread 122937] [16.0] [cxt 0] Deparser 'deparser': end
[19:43:42.138] [bmv2] [D] [thread 122941] [15.0] [cxt 0] Transmitting packet of size 196 out of port 0
[19:43:42.138] [bmv2] [D] [thread 122941] [16.0] [cxt 0] Transmitting packet of size 196 out of port 0
[19:43:42.168] [bmv2] [D] [thread 122936] [17.0] [cxt 0] Processing packet received on port 2
[19:43:42.168] [bmv2] [D] [thread 122936] [17.0] [cxt 0] Parser 'parser': start
[19:43:42.168] [bmv2] [D] [thread 122936] [17.0] [cxt 0] Parser 'parser' entering state 'start'
[19:43:42.168] [bmv2] [D] [thread 122936] [17.0] [cxt 0] Extracting header 'ethernet'
[19:43:42.168] [bmv2] [D] [thread 122936] [17.0] [cxt 0] Parser state 'start': key is 86dd
[19:43:42.168] [bmv2] [T] [thread 122936] [17.0] [cxt 0] Bytes parsed: 14
[19:43:42.168] [bmv2] [D] [thread 122936] [17.0] [cxt 0] Parser 'parser': end
[19:43:42.168] [bmv2] [D] [thread 122936] [17.0] [cxt 0] Pipeline 'ingress': start
[19:43:42.168] [bmv2] [T] [thread 122936] [17.0] [cxt 0] basic_tunnel.p4(152) Condition "hdr.ipv4.isValid() && !hdr.myTunnel.isValid()" (node_2) is false
[19:43:42.168] [bmv2] [T] [thread 122936] [17.0] [cxt 0] basic_tunnel.p4(155) Condition "hdr.myTunnel.isValid()" (node_4) is false
[19:43:42.168] [bmv2] [D] [thread 122936] [17.0] [cxt 0] Pipeline 'ingress': end
[19:43:42.168] [bmv2] [D] [thread 122936] [17.0] [cxt 0] Egress port is 0
[19:43:42.168] [bmv2] [D] [thread 122937] [17.0] [cxt 0] Pipeline 'egress': start
[19:43:42.168] [bmv2] [D] [thread 122937] [17.0] [cxt 0] Pipeline 'egress': end
[19:43:42.168] [bmv2] [D] [thread 122937] [17.0] [cxt 0] Deparser 'deparser': start
[19:43:42.168] [bmv2] [T] [thread 122937] [17.0] [cxt 0] Skipping checksum 'cksum' update because condition not met
[19:43:42.168] [bmv2] [D] [thread 122937] [17.0] [cxt 0] Deparsing header 'ethernet'
[19:43:42.168] [bmv2] [D] [thread 122937] [17.0] [cxt 0] Deparser 'deparser': end
[19:43:42.168] [bmv2] [D] [thread 122941] [17.0] [cxt 0] Transmitting packet of size 208 out of port 0
[19:43:42.169] [bmv2] [D] [thread 122936] [18.0] [cxt 0] Processing packet received on port 2
[19:43:42.170] [bmv2] [D] [thread 122936] [18.0] [cxt 0] Parser 'parser': start
[19:43:42.170] [bmv2] [D] [thread 122936] [18.0] [cxt 0] Parser 'parser' entering state 'start'
[19:43:42.170] [bmv2] [D] [thread 122936] [18.0] [cxt 0] Extracting header 'ethernet'
[19:43:42.170] [bmv2] [D] [thread 122936] [18.0] [cxt 0] Parser state 'start': key is 86dd
[19:43:42.170] [bmv2] [T] [thread 122936] [18.0] [cxt 0] Bytes parsed: 14
[19:43:42.170] [bmv2] [D] [thread 122936] [18.0] [cxt 0] Parser 'parser': end
[19:43:42.170] [bmv2] [D] [thread 122936] [18.0] [cxt 0] Pipeline 'ingress': start
[19:43:42.170] [bmv2] [T] [thread 122936] [18.0] [cxt 0] basic_tunnel.p4(152) Condition "hdr.ipv4.isValid() && !hdr.myTunnel.isValid()" (node_2) is false
[19:43:42.170] [bmv2] [T] [thread 122936] [18.0] [cxt 0] basic_tunnel.p4(155) Condition "hdr.myTunnel.isValid()" (node_4) is false
[19:43:42.170] [bmv2] [D] [thread 122936] [18.0] [cxt 0] Pipeline 'ingress': end
[19:43:42.170] [bmv2] [D] [thread 122936] [18.0] [cxt 0] Egress port is 0
[19:43:42.171] [bmv2] [D] [thread 122937] [18.0] [cxt 0] Pipeline 'egress': start
[19:43:42.171] [bmv2] [D] [thread 122937] [18.0] [cxt 0] Pipeline 'egress': end
[19:43:42.171] [bmv2] [D] [thread 122937] [18.0] [cxt 0] Deparser 'deparser': start
[19:43:42.171] [bmv2] [T] [thread 122937] [18.0] [cxt 0] Skipping checksum 'cksum' update because condition not met
[19:43:42.171] [bmv2] [D] [thread 122937] [18.0] [cxt 0] Deparsing header 'ethernet'
[19:43:42.171] [bmv2] [D] [thread 122937] [18.0] [cxt 0] Deparser 'deparser': end
[19:43:42.171] [bmv2] [D] [thread 122941] [18.0] [cxt 0] Transmitting packet of size 208 out of port 0
[19:43:42.179] [bmv2] [D] [thread 122936] [19.0] [cxt 0] Processing packet received on port 2
[19:43:42.179] [bmv2] [D] [thread 122936] [19.0] [cxt 0] Parser 'parser': start
[19:43:42.179] [bmv2] [D] [thread 122936] [19.0] [cxt 0] Parser 'parser' entering state 'start'
[19:43:42.179] [bmv2] [D] [thread 122936] [19.0] [cxt 0] Extracting header 'ethernet'
[19:43:42.179] [bmv2] [D] [thread 122936] [19.0] [cxt 0] Parser state 'start': key is 86dd
[19:43:42.179] [bmv2] [T] [thread 122936] [19.0] [cxt 0] Bytes parsed: 14
[19:43:42.179] [bmv2] [D] [thread 122936] [19.0] [cxt 0] Parser 'parser': end
[19:43:42.179] [bmv2] [D] [thread 122936] [19.0] [cxt 0] Pipeline 'ingress': start
[19:43:42.179] [bmv2] [T] [thread 122936] [19.0] [cxt 0] basic_tunnel.p4(152) Condition "hdr.ipv4.isValid() && !hdr.myTunnel.isValid()" (node_2) is false
[19:43:42.179] [bmv2] [T] [thread 122936] [19.0] [cxt 0] basic_tunnel.p4(155) Condition "hdr.myTunnel.isValid()" (node_4) is false
[19:43:42.179] [bmv2] [D] [thread 122936] [19.0] [cxt 0] Pipeline 'ingress': end
[19:43:42.179] [bmv2] [D] [thread 122936] [19.0] [cxt 0] Egress port is 0
[19:43:42.179] [bmv2] [D] [thread 122937] [19.0] [cxt 0] Pipeline 'egress': start
[19:43:42.179] [bmv2] [D] [thread 122937] [19.0] [cxt 0] Pipeline 'egress': end
[19:43:42.179] [bmv2] [D] [thread 122937] [19.0] [cxt 0] Deparser 'deparser': start
[19:43:42.179] [bmv2] [T] [thread 122937] [19.0] [cxt 0] Skipping checksum 'cksum' update because condition not met
[19:43:42.179] [bmv2] [D] [thread 122937] [19.0] [cxt 0] Deparsing header 'ethernet'
[19:43:42.179] [bmv2] [D] [thread 122937] [19.0] [cxt 0] Deparser 'deparser': end
[19:43:42.179] [bmv2] [D] [thread 122941] [19.0] [cxt 0] Transmitting packet of size 110 out of port 0
[19:43:42.243] [bmv2] [D] [thread 122936] [20.0] [cxt 0] Processing packet received on port 3
[19:43:42.243] [bmv2] [D] [thread 122936] [20.0] [cxt 0] Parser 'parser': start
[19:43:42.243] [bmv2] [D] [thread 122936] [20.0] [cxt 0] Parser 'parser' entering state 'start'
[19:43:42.243] [bmv2] [D] [thread 122936] [20.0] [cxt 0] Extracting header 'ethernet'
[19:43:42.243] [bmv2] [D] [thread 122936] [20.0] [cxt 0] Parser state 'start': key is 86dd
[19:43:42.243] [bmv2] [T] [thread 122936] [20.0] [cxt 0] Bytes parsed: 14
[19:43:42.243] [bmv2] [D] [thread 122936] [20.0] [cxt 0] Parser 'parser': end
[19:43:42.243] [bmv2] [D] [thread 122936] [20.0] [cxt 0] Pipeline 'ingress': start
[19:43:42.243] [bmv2] [T] [thread 122936] [20.0] [cxt 0] basic_tunnel.p4(152) Condition "hdr.ipv4.isValid() && !hdr.myTunnel.isValid()" (node_2) is false
[19:43:42.243] [bmv2] [T] [thread 122936] [20.0] [cxt 0] basic_tunnel.p4(155) Condition "hdr.myTunnel.isValid()" (node_4) is false
[19:43:42.243] [bmv2] [D] [thread 122936] [20.0] [cxt 0] Pipeline 'ingress': end
[19:43:42.243] [bmv2] [D] [thread 122936] [20.0] [cxt 0] Egress port is 0
[19:43:42.243] [bmv2] [D] [thread 122937] [20.0] [cxt 0] Pipeline 'egress': start
[19:43:42.243] [bmv2] [D] [thread 122937] [20.0] [cxt 0] Pipeline 'egress': end
[19:43:42.243] [bmv2] [D] [thread 122937] [20.0] [cxt 0] Deparser 'deparser': start
[19:43:42.243] [bmv2] [T] [thread 122937] [20.0] [cxt 0] Skipping checksum 'cksum' update because condition not met
[19:43:42.243] [bmv2] [D] [thread 122937] [20.0] [cxt 0] Deparsing header 'ethernet'
[19:43:42.243] [bmv2] [D] [thread 122937] [20.0] [cxt 0] Deparser 'deparser': end
[19:43:42.244] [bmv2] [D] [thread 122941] [20.0] [cxt 0] Transmitting packet of size 110 out of port 0
[19:43:42.300] [bmv2] [D] [thread 122936] [21.0] [cxt 0] Processing packet received on port 3
[19:43:42.300] [bmv2] [D] [thread 122936] [21.0] [cxt 0] Parser 'parser': start
[19:43:42.300] [bmv2] [D] [thread 122936] [21.0] [cxt 0] Parser 'parser' entering state 'start'
[19:43:42.300] [bmv2] [D] [thread 122936] [21.0] [cxt 0] Extracting header 'ethernet'
[19:43:42.300] [bmv2] [D] [thread 122936] [21.0] [cxt 0] Parser state 'start': key is 86dd
[19:43:42.300] [bmv2] [T] [thread 122936] [21.0] [cxt 0] Bytes parsed: 14
[19:43:42.300] [bmv2] [D] [thread 122936] [21.0] [cxt 0] Parser 'parser': end
[19:43:42.300] [bmv2] [D] [thread 122936] [21.0] [cxt 0] Pipeline 'ingress': start
[19:43:42.300] [bmv2] [T] [thread 122936] [21.0] [cxt 0] basic_tunnel.p4(152) Condition "hdr.ipv4.isValid() && !hdr.myTunnel.isValid()" (node_2) is false
[19:43:42.300] [bmv2] [T] [thread 122936] [21.0] [cxt 0] basic_tunnel.p4(155) Condition "hdr.myTunnel.isValid()" (node_4) is false
[19:43:42.300] [bmv2] [D] [thread 122936] [21.0] [cxt 0] Pipeline 'ingress': end
[19:43:42.300] [bmv2] [D] [thread 122936] [21.0] [cxt 0] Egress port is 0
[19:43:42.300] [bmv2] [D] [thread 122937] [21.0] [cxt 0] Pipeline 'egress': start
[19:43:42.300] [bmv2] [D] [thread 122937] [21.0] [cxt 0] Pipeline 'egress': end
[19:43:42.300] [bmv2] [D] [thread 122937] [21.0] [cxt 0] Deparser 'deparser': start
[19:43:42.300] [bmv2] [T] [thread 122937] [21.0] [cxt 0] Skipping checksum 'cksum' update because condition not met
[19:43:42.300] [bmv2] [D] [thread 122937] [21.0] [cxt 0] Deparsing header 'ethernet'
[19:43:42.300] [bmv2] [D] [thread 122937] [21.0] [cxt 0] Deparser 'deparser': end
[19:43:42.301] [bmv2] [D] [thread 122941] [21.0] [cxt 0] Transmitting packet of size 208 out of port 0
[19:43:42.367] [bmv2] [D] [thread 122936] [22.0] [cxt 0] Processing packet received on port 2
[19:43:42.367] [bmv2] [D] [thread 122936] [22.0] [cxt 0] Parser 'parser': start
[19:43:42.367] [bmv2] [D] [thread 122936] [22.0] [cxt 0] Parser 'parser' entering state 'start'
[19:43:42.367] [bmv2] [D] [thread 122936] [22.0] [cxt 0] Extracting header 'ethernet'
[19:43:42.367] [bmv2] [D] [thread 122936] [22.0] [cxt 0] Parser state 'start': key is 86dd
[19:43:42.367] [bmv2] [T] [thread 122936] [22.0] [cxt 0] Bytes parsed: 14
[19:43:42.367] [bmv2] [D] [thread 122936] [22.0] [cxt 0] Parser 'parser': end
[19:43:42.367] [bmv2] [D] [thread 122936] [22.0] [cxt 0] Pipeline 'ingress': start
[19:43:42.367] [bmv2] [T] [thread 122936] [22.0] [cxt 0] basic_tunnel.p4(152) Condition "hdr.ipv4.isValid() && !hdr.myTunnel.isValid()" (node_2) is false
[19:43:42.367] [bmv2] [T] [thread 122936] [22.0] [cxt 0] basic_tunnel.p4(155) Condition "hdr.myTunnel.isValid()" (node_4) is false
[19:43:42.367] [bmv2] [D] [thread 122936] [22.0] [cxt 0] Pipeline 'ingress': end
[19:43:42.367] [bmv2] [D] [thread 122936] [22.0] [cxt 0] Egress port is 0
[19:43:42.368] [bmv2] [D] [thread 122937] [22.0] [cxt 0] Pipeline 'egress': start
[19:43:42.368] [bmv2] [D] [thread 122937] [22.0] [cxt 0] Pipeline 'egress': end
[19:43:42.368] [bmv2] [D] [thread 122937] [22.0] [cxt 0] Deparser 'deparser': start
[19:43:42.368] [bmv2] [T] [thread 122937] [22.0] [cxt 0] Skipping checksum 'cksum' update because condition not met
[19:43:42.368] [bmv2] [D] [thread 122937] [22.0] [cxt 0] Deparsing header 'ethernet'
[19:43:42.368] [bmv2] [D] [thread 122937] [22.0] [cxt 0] Deparser 'deparser': end
[19:43:42.368] [bmv2] [D] [thread 122941] [22.0] [cxt 0] Transmitting packet of size 196 out of port 0
[19:43:42.371] [bmv2] [D] [thread 122936] [23.0] [cxt 0] Processing packet received on port 1
[19:43:42.371] [bmv2] [D] [thread 122936] [23.0] [cxt 0] Parser 'parser': start
[19:43:42.371] [bmv2] [D] [thread 122936] [23.0] [cxt 0] Parser 'parser' entering state 'start'
[19:43:42.371] [bmv2] [D] [thread 122936] [23.0] [cxt 0] Extracting header 'ethernet'
[19:43:42.371] [bmv2] [D] [thread 122936] [23.0] [cxt 0] Parser state 'start': key is 86dd
[19:43:42.371] [bmv2] [T] [thread 122936] [23.0] [cxt 0] Bytes parsed: 14
[19:43:42.371] [bmv2] [D] [thread 122936] [23.0] [cxt 0] Parser 'parser': end
[19:43:42.371] [bmv2] [D] [thread 122936] [23.0] [cxt 0] Pipeline 'ingress': start
[19:43:42.371] [bmv2] [T] [thread 122936] [23.0] [cxt 0] basic_tunnel.p4(152) Condition "hdr.ipv4.isValid() && !hdr.myTunnel.isValid()" (node_2) is false
[19:43:42.371] [bmv2] [T] [thread 122936] [23.0] [cxt 0] basic_tunnel.p4(155) Condition "hdr.myTunnel.isValid()" (node_4) is false
[19:43:42.371] [bmv2] [D] [thread 122936] [23.0] [cxt 0] Pipeline 'ingress': end
[19:43:42.371] [bmv2] [D] [thread 122936] [23.0] [cxt 0] Egress port is 0
[19:43:42.372] [bmv2] [D] [thread 122937] [23.0] [cxt 0] Pipeline 'egress': start
[19:43:42.372] [bmv2] [D] [thread 122937] [23.0] [cxt 0] Pipeline 'egress': end
[19:43:42.372] [bmv2] [D] [thread 122937] [23.0] [cxt 0] Deparser 'deparser': start
[19:43:42.372] [bmv2] [T] [thread 122937] [23.0] [cxt 0] Skipping checksum 'cksum' update because condition not met
[19:43:42.372] [bmv2] [D] [thread 122937] [23.0] [cxt 0] Deparsing header 'ethernet'
[19:43:42.372] [bmv2] [D] [thread 122937] [23.0] [cxt 0] Deparser 'deparser': end
[19:43:42.373] [bmv2] [D] [thread 122941] [23.0] [cxt 0] Transmitting packet of size 110 out of port 0
[19:43:42.424] [bmv2] [D] [thread 122936] [24.0] [cxt 0] Processing packet received on port 2
[19:43:42.424] [bmv2] [D] [thread 122936] [24.0] [cxt 0] Parser 'parser': start
[19:43:42.424] [bmv2] [D] [thread 122936] [24.0] [cxt 0] Parser 'parser' entering state 'start'
[19:43:42.424] [bmv2] [D] [thread 122936] [24.0] [cxt 0] Extracting header 'ethernet'
[19:43:42.424] [bmv2] [D] [thread 122936] [24.0] [cxt 0] Parser state 'start': key is 86dd
[19:43:42.424] [bmv2] [T] [thread 122936] [24.0] [cxt 0] Bytes parsed: 14
[19:43:42.424] [bmv2] [D] [thread 122936] [24.0] [cxt 0] Parser 'parser': end
[19:43:42.424] [bmv2] [D] [thread 122936] [24.0] [cxt 0] Pipeline 'ingress': start
[19:43:42.424] [bmv2] [T] [thread 122936] [24.0] [cxt 0] basic_tunnel.p4(152) Condition "hdr.ipv4.isValid() && !hdr.myTunnel.isValid()" (node_2) is false
[19:43:42.424] [bmv2] [T] [thread 122936] [24.0] [cxt 0] basic_tunnel.p4(155) Condition "hdr.myTunnel.isValid()" (node_4) is false
[19:43:42.424] [bmv2] [D] [thread 122936] [24.0] [cxt 0] Pipeline 'ingress': end
[19:43:42.424] [bmv2] [D] [thread 122936] [24.0] [cxt 0] Egress port is 0
[19:43:42.424] [bmv2] [D] [thread 122937] [24.0] [cxt 0] Pipeline 'egress': start
[19:43:42.424] [bmv2] [D] [thread 122937] [24.0] [cxt 0] Pipeline 'egress': end
[19:43:42.424] [bmv2] [D] [thread 122937] [24.0] [cxt 0] Deparser 'deparser': start
[19:43:42.424] [bmv2] [T] [thread 122937] [24.0] [cxt 0] Skipping checksum 'cksum' update because condition not met
[19:43:42.424] [bmv2] [D] [thread 122937] [24.0] [cxt 0] Deparsing header 'ethernet'
[19:43:42.424] [bmv2] [D] [thread 122937] [24.0] [cxt 0] Deparser 'deparser': end
[19:43:42.425] [bmv2] [D] [thread 122941] [24.0] [cxt 0] Transmitting packet of size 208 out of port 0
[19:43:42.468] [bmv2] [D] [thread 122936] [25.0] [cxt 0] Processing packet received on port 2
[19:43:42.468] [bmv2] [D] [thread 122936] [25.0] [cxt 0] Parser 'parser': start
[19:43:42.468] [bmv2] [D] [thread 122936] [25.0] [cxt 0] Parser 'parser' entering state 'start'
[19:43:42.468] [bmv2] [D] [thread 122936] [25.0] [cxt 0] Extracting header 'ethernet'
[19:43:42.468] [bmv2] [D] [thread 122936] [25.0] [cxt 0] Parser state 'start': key is 86dd
[19:43:42.468] [bmv2] [T] [thread 122936] [25.0] [cxt 0] Bytes parsed: 14
[19:43:42.468] [bmv2] [D] [thread 122936] [25.0] [cxt 0] Parser 'parser': end
[19:43:42.468] [bmv2] [D] [thread 122936] [25.0] [cxt 0] Pipeline 'ingress': start
[19:43:42.468] [bmv2] [T] [thread 122936] [25.0] [cxt 0] basic_tunnel.p4(152) Condition "hdr.ipv4.isValid() && !hdr.myTunnel.isValid()" (node_2) is false
[19:43:42.468] [bmv2] [T] [thread 122936] [25.0] [cxt 0] basic_tunnel.p4(155) Condition "hdr.myTunnel.isValid()" (node_4) is false
[19:43:42.468] [bmv2] [D] [thread 122936] [25.0] [cxt 0] Pipeline 'ingress': end
[19:43:42.470] [bmv2] [D] [thread 122936] [25.0] [cxt 0] Egress port is 0
[19:43:42.471] [bmv2] [D] [thread 122937] [25.0] [cxt 0] Pipeline 'egress': start
[19:43:42.471] [bmv2] [D] [thread 122937] [25.0] [cxt 0] Pipeline 'egress': end
[19:43:42.471] [bmv2] [D] [thread 122937] [25.0] [cxt 0] Deparser 'deparser': start
[19:43:42.471] [bmv2] [T] [thread 122937] [25.0] [cxt 0] Skipping checksum 'cksum' update because condition not met
[19:43:42.471] [bmv2] [D] [thread 122937] [25.0] [cxt 0] Deparsing header 'ethernet'
[19:43:42.471] [bmv2] [D] [thread 122937] [25.0] [cxt 0] Deparser 'deparser': end
[19:43:42.471] [bmv2] [D] [thread 122941] [25.0] [cxt 0] Transmitting packet of size 90 out of port 0
[19:43:42.499] [bmv2] [D] [thread 122936] [26.0] [cxt 0] Processing packet received on port 3
[19:43:42.499] [bmv2] [D] [thread 122936] [26.0] [cxt 0] Parser 'parser': start
[19:43:42.499] [bmv2] [D] [thread 122936] [26.0] [cxt 0] Parser 'parser' entering state 'start'
[19:43:42.499] [bmv2] [D] [thread 122936] [26.0] [cxt 0] Extracting header 'ethernet'
[19:43:42.499] [bmv2] [D] [thread 122936] [26.0] [cxt 0] Parser state 'start': key is 86dd
[19:43:42.499] [bmv2] [T] [thread 122936] [26.0] [cxt 0] Bytes parsed: 14
[19:43:42.499] [bmv2] [D] [thread 122936] [26.0] [cxt 0] Parser 'parser': end
[19:43:42.499] [bmv2] [D] [thread 122936] [26.0] [cxt 0] Pipeline 'ingress': start
[19:43:42.500] [bmv2] [T] [thread 122936] [26.0] [cxt 0] basic_tunnel.p4(152) Condition "hdr.ipv4.isValid() && !hdr.myTunnel.isValid()" (node_2) is false
[19:43:42.500] [bmv2] [T] [thread 122936] [26.0] [cxt 0] basic_tunnel.p4(155) Condition "hdr.myTunnel.isValid()" (node_4) is false
[19:43:42.500] [bmv2] [D] [thread 122936] [26.0] [cxt 0] Pipeline 'ingress': end
[19:43:42.500] [bmv2] [D] [thread 122936] [26.0] [cxt 0] Egress port is 0
[19:43:42.500] [bmv2] [D] [thread 122937] [26.0] [cxt 0] Pipeline 'egress': start
[19:43:42.500] [bmv2] [D] [thread 122937] [26.0] [cxt 0] Pipeline 'egress': end
[19:43:42.500] [bmv2] [D] [thread 122937] [26.0] [cxt 0] Deparser 'deparser': start
[19:43:42.500] [bmv2] [T] [thread 122937] [26.0] [cxt 0] Skipping checksum 'cksum' update because condition not met
[19:43:42.500] [bmv2] [D] [thread 122937] [26.0] [cxt 0] Deparsing header 'ethernet'
[19:43:42.500] [bmv2] [D] [thread 122937] [26.0] [cxt 0] Deparser 'deparser': end
[19:43:42.501] [bmv2] [D] [thread 122941] [26.0] [cxt 0] Transmitting packet of size 196 out of port 0
[19:43:42.623] [bmv2] [D] [thread 122936] [27.0] [cxt 0] Processing packet received on port 2
[19:43:42.623] [bmv2] [D] [thread 122936] [27.0] [cxt 0] Parser 'parser': start
[19:43:42.623] [bmv2] [D] [thread 122936] [27.0] [cxt 0] Parser 'parser' entering state 'start'
[19:43:42.623] [bmv2] [D] [thread 122936] [27.0] [cxt 0] Extracting header 'ethernet'
[19:43:42.623] [bmv2] [D] [thread 122936] [27.0] [cxt 0] Parser state 'start': key is 86dd
[19:43:42.623] [bmv2] [T] [thread 122936] [27.0] [cxt 0] Bytes parsed: 14
[19:43:42.623] [bmv2] [D] [thread 122936] [27.0] [cxt 0] Parser 'parser': end
[19:43:42.623] [bmv2] [D] [thread 122936] [27.0] [cxt 0] Pipeline 'ingress': start
[19:43:42.623] [bmv2] [T] [thread 122936] [27.0] [cxt 0] basic_tunnel.p4(152) Condition "hdr.ipv4.isValid() && !hdr.myTunnel.isValid()" (node_2) is false
[19:43:42.623] [bmv2] [T] [thread 122936] [27.0] [cxt 0] basic_tunnel.p4(155) Condition "hdr.myTunnel.isValid()" (node_4) is false
[19:43:42.623] [bmv2] [D] [thread 122936] [27.0] [cxt 0] Pipeline 'ingress': end
[19:43:42.623] [bmv2] [D] [thread 122936] [27.0] [cxt 0] Egress port is 0
[19:43:42.623] [bmv2] [D] [thread 122937] [27.0] [cxt 0] Pipeline 'egress': start
[19:43:42.623] [bmv2] [D] [thread 122937] [27.0] [cxt 0] Pipeline 'egress': end
[19:43:42.623] [bmv2] [D] [thread 122937] [27.0] [cxt 0] Deparser 'deparser': start
[19:43:42.623] [bmv2] [T] [thread 122937] [27.0] [cxt 0] Skipping checksum 'cksum' update because condition not met
[19:43:42.623] [bmv2] [D] [thread 122937] [27.0] [cxt 0] Deparsing header 'ethernet'
[19:43:42.623] [bmv2] [D] [thread 122937] [27.0] [cxt 0] Deparser 'deparser': end
[19:43:42.624] [bmv2] [D] [thread 122941] [27.0] [cxt 0] Transmitting packet of size 196 out of port 0
[19:43:42.691] [bmv2] [D] [thread 122936] [28.0] [cxt 0] Processing packet received on port 3
[19:43:42.691] [bmv2] [D] [thread 122936] [28.0] [cxt 0] Parser 'parser': start
[19:43:42.691] [bmv2] [D] [thread 122936] [28.0] [cxt 0] Parser 'parser' entering state 'start'
[19:43:42.692] [bmv2] [D] [thread 122936] [28.0] [cxt 0] Extracting header 'ethernet'
[19:43:42.692] [bmv2] [D] [thread 122936] [28.0] [cxt 0] Parser state 'start': key is 86dd
[19:43:42.692] [bmv2] [T] [thread 122936] [28.0] [cxt 0] Bytes parsed: 14
[19:43:42.692] [bmv2] [D] [thread 122936] [28.0] [cxt 0] Parser 'parser': end
[19:43:42.692] [bmv2] [D] [thread 122936] [28.0] [cxt 0] Pipeline 'ingress': start
[19:43:42.692] [bmv2] [T] [thread 122936] [28.0] [cxt 0] basic_tunnel.p4(152) Condition "hdr.ipv4.isValid() && !hdr.myTunnel.isValid()" (node_2) is false
[19:43:42.692] [bmv2] [T] [thread 122936] [28.0] [cxt 0] basic_tunnel.p4(155) Condition "hdr.myTunnel.isValid()" (node_4) is false
[19:43:42.692] [bmv2] [D] [thread 122936] [28.0] [cxt 0] Pipeline 'ingress': end
[19:43:42.692] [bmv2] [D] [thread 122936] [28.0] [cxt 0] Egress port is 0
[19:43:42.692] [bmv2] [D] [thread 122937] [28.0] [cxt 0] Pipeline 'egress': start
[19:43:42.692] [bmv2] [D] [thread 122937] [28.0] [cxt 0] Pipeline 'egress': end
[19:43:42.692] [bmv2] [D] [thread 122937] [28.0] [cxt 0] Deparser 'deparser': start
[19:43:42.692] [bmv2] [T] [thread 122937] [28.0] [cxt 0] Skipping checksum 'cksum' update because condition not met
[19:43:42.692] [bmv2] [D] [thread 122937] [28.0] [cxt 0] Deparsing header 'ethernet'
[19:43:42.692] [bmv2] [D] [thread 122937] [28.0] [cxt 0] Deparser 'deparser': end
[19:43:42.692] [bmv2] [D] [thread 122941] [28.0] [cxt 0] Transmitting packet of size 90 out of port 0
[19:43:43.143] [bmv2] [D] [thread 122936] [29.0] [cxt 0] Processing packet received on port 1
[19:43:43.144] [bmv2] [D] [thread 122936] [29.0] [cxt 0] Parser 'parser': start
[19:43:43.144] [bmv2] [D] [thread 122936] [29.0] [cxt 0] Parser 'parser' entering state 'start'
[19:43:43.144] [bmv2] [D] [thread 122936] [29.0] [cxt 0] Extracting header 'ethernet'
[19:43:43.144] [bmv2] [D] [thread 122936] [29.0] [cxt 0] Parser state 'start': key is 86dd
[19:43:43.144] [bmv2] [T] [thread 122936] [29.0] [cxt 0] Bytes parsed: 14
[19:43:43.144] [bmv2] [D] [thread 122936] [29.0] [cxt 0] Parser 'parser': end
[19:43:43.144] [bmv2] [D] [thread 122936] [29.0] [cxt 0] Pipeline 'ingress': start
[19:43:43.144] [bmv2] [T] [thread 122936] [29.0] [cxt 0] basic_tunnel.p4(152) Condition "hdr.ipv4.isValid() && !hdr.myTunnel.isValid()" (node_2) is false
[19:43:43.144] [bmv2] [T] [thread 122936] [29.0] [cxt 0] basic_tunnel.p4(155) Condition "hdr.myTunnel.isValid()" (node_4) is false
[19:43:43.144] [bmv2] [D] [thread 122936] [29.0] [cxt 0] Pipeline 'ingress': end
[19:43:43.144] [bmv2] [D] [thread 122936] [29.0] [cxt 0] Egress port is 0
[19:43:43.144] [bmv2] [D] [thread 122936] [30.0] [cxt 0] Processing packet received on port 3
[19:43:43.144] [bmv2] [D] [thread 122936] [30.0] [cxt 0] Parser 'parser': start
[19:43:43.144] [bmv2] [D] [thread 122936] [30.0] [cxt 0] Parser 'parser' entering state 'start'
[19:43:43.144] [bmv2] [D] [thread 122936] [30.0] [cxt 0] Extracting header 'ethernet'
[19:43:43.144] [bmv2] [D] [thread 122936] [30.0] [cxt 0] Parser state 'start': key is 86dd
[19:43:43.144] [bmv2] [T] [thread 122936] [30.0] [cxt 0] Bytes parsed: 14
[19:43:43.144] [bmv2] [D] [thread 122936] [30.0] [cxt 0] Parser 'parser': end
[19:43:43.144] [bmv2] [D] [thread 122936] [30.0] [cxt 0] Pipeline 'ingress': start
[19:43:43.144] [bmv2] [T] [thread 122936] [30.0] [cxt 0] basic_tunnel.p4(152) Condition "hdr.ipv4.isValid() && !hdr.myTunnel.isValid()" (node_2) is false
[19:43:43.144] [bmv2] [T] [thread 122936] [30.0] [cxt 0] basic_tunnel.p4(155) Condition "hdr.myTunnel.isValid()" (node_4) is false
[19:43:43.144] [bmv2] [D] [thread 122936] [30.0] [cxt 0] Pipeline 'ingress': end
[19:43:43.144] [bmv2] [D] [thread 122936] [30.0] [cxt 0] Egress port is 0
[19:43:43.144] [bmv2] [D] [thread 122937] [29.0] [cxt 0] Pipeline 'egress': start
[19:43:43.144] [bmv2] [D] [thread 122937] [29.0] [cxt 0] Pipeline 'egress': end
[19:43:43.144] [bmv2] [D] [thread 122937] [29.0] [cxt 0] Deparser 'deparser': start
[19:43:43.144] [bmv2] [T] [thread 122937] [29.0] [cxt 0] Skipping checksum 'cksum' update because condition not met
[19:43:43.144] [bmv2] [D] [thread 122937] [29.0] [cxt 0] Deparsing header 'ethernet'
[19:43:43.144] [bmv2] [D] [thread 122937] [29.0] [cxt 0] Deparser 'deparser': end
[19:43:43.144] [bmv2] [D] [thread 122937] [30.0] [cxt 0] Pipeline 'egress': start
[19:43:43.144] [bmv2] [D] [thread 122937] [30.0] [cxt 0] Pipeline 'egress': end
[19:43:43.144] [bmv2] [D] [thread 122937] [30.0] [cxt 0] Deparser 'deparser': start
[19:43:43.144] [bmv2] [T] [thread 122937] [30.0] [cxt 0] Skipping checksum 'cksum' update because condition not met
[19:43:43.144] [bmv2] [D] [thread 122937] [30.0] [cxt 0] Deparsing header 'ethernet'
[19:43:43.144] [bmv2] [D] [thread 122937] [30.0] [cxt 0] Deparser 'deparser': end
[19:43:43.144] [bmv2] [D] [thread 122941] [29.0] [cxt 0] Transmitting packet of size 196 out of port 0
[19:43:43.144] [bmv2] [D] [thread 122941] [30.0] [cxt 0] Transmitting packet of size 196 out of port 0
[19:43:43.346] [bmv2] [W] [thread 122984] [P4Runtime] p4::tmp::P4DeviceConfig is deprecated
[19:43:43.349] [bmv2] [D] [thread 122984] Set default default entry for table 'MyIngress.ipv4_lpm': MyIngress.drop - 
[19:43:43.349] [bmv2] [D] [thread 122984] Set default default entry for table 'MyIngress.myTunnel_exact': MyIngress.drop - 
[19:43:43.351] [bmv2] [D] [thread 122984] simple_switch target has been notified of a config swap
[19:43:43.353] [bmv2] [D] [thread 122985] Entry 0 added to table 'MyIngress.ipv4_lpm'
[19:43:43.353] [bmv2] [D] [thread 122985] Dumping entry 0
Match key:
* hdr.ipv4.dstAddr    : LPM       0a000101/32
Action entry: MyIngress.ipv4_forward - 80000000100,2,

[19:43:43.355] [bmv2] [D] [thread 122984] Entry 1 added to table 'MyIngress.ipv4_lpm'
[19:43:43.355] [bmv2] [D] [thread 122984] Dumping entry 1
Match key:
* hdr.ipv4.dstAddr    : LPM       0a000202/32
Action entry: MyIngress.ipv4_forward - 80000000200,3,

[19:43:43.356] [bmv2] [D] [thread 122985] Entry 2 added to table 'MyIngress.ipv4_lpm'
[19:43:43.356] [bmv2] [D] [thread 122985] Dumping entry 2
Match key:
* hdr.ipv4.dstAddr    : LPM       0a000303/32
Action entry: MyIngress.ipv4_forward - 80000000333,1,

[19:43:43.358] [bmv2] [D] [thread 122984] Entry 0 added to table 'MyIngress.myTunnel_exact'
[19:43:43.358] [bmv2] [D] [thread 122984] Dumping entry 0
Match key:
* hdr.myTunnel.dst_id : EXACT     0001
Action entry: MyIngress.myTunnel_forward - 2,

[19:43:43.364] [bmv2] [D] [thread 122985] Entry 1 added to table 'MyIngress.myTunnel_exact'
[19:43:43.364] [bmv2] [D] [thread 122985] Dumping entry 1
Match key:
* hdr.myTunnel.dst_id : EXACT     0002
Action entry: MyIngress.myTunnel_forward - 3,

[19:43:43.365] [bmv2] [D] [thread 122984] Entry 2 added to table 'MyIngress.myTunnel_exact'
[19:43:43.365] [bmv2] [D] [thread 122984] Dumping entry 2
Match key:
* hdr.myTunnel.dst_id : EXACT     0003
Action entry: MyIngress.myTunnel_forward - 1,

[19:43:43.372] [bmv2] [D] [thread 122936] [31.0] [cxt 0] Processing packet received on port 2
[19:43:43.372] [bmv2] [D] [thread 122936] [31.0] [cxt 0] Parser 'parser': start
[19:43:43.372] [bmv2] [D] [thread 122936] [31.0] [cxt 0] Parser 'parser' entering state 'start'
[19:43:43.372] [bmv2] [D] [thread 122936] [31.0] [cxt 0] Extracting header 'ethernet'
[19:43:43.372] [bmv2] [D] [thread 122936] [31.0] [cxt 0] Parser state 'start': key is 86dd
[19:43:43.372] [bmv2] [T] [thread 122936] [31.0] [cxt 0] Bytes parsed: 14
[19:43:43.372] [bmv2] [D] [thread 122936] [31.0] [cxt 0] Parser 'parser': end
[19:43:43.372] [bmv2] [D] [thread 122936] [31.0] [cxt 0] Pipeline 'ingress': start
[19:43:43.372] [bmv2] [T] [thread 122936] [31.0] [cxt 0] basic_tunnel.p4(152) Condition "hdr.ipv4.isValid() && !hdr.myTunnel.isValid()" (node_2) is false
[19:43:43.372] [bmv2] [T] [thread 122936] [31.0] [cxt 0] basic_tunnel.p4(155) Condition "hdr.myTunnel.isValid()" (node_4) is false
[19:43:43.372] [bmv2] [D] [thread 122936] [31.0] [cxt 0] Pipeline 'ingress': end
[19:43:43.372] [bmv2] [D] [thread 122936] [31.0] [cxt 0] Egress port is 0
[19:43:43.372] [bmv2] [D] [thread 122937] [31.0] [cxt 0] Pipeline 'egress': start
[19:43:43.372] [bmv2] [D] [thread 122937] [31.0] [cxt 0] Pipeline 'egress': end
[19:43:43.372] [bmv2] [D] [thread 122937] [31.0] [cxt 0] Deparser 'deparser': start
[19:43:43.372] [bmv2] [T] [thread 122937] [31.0] [cxt 0] Skipping checksum 'cksum' update because condition not met
[19:43:43.372] [bmv2] [D] [thread 122937] [31.0] [cxt 0] Deparsing header 'ethernet'
[19:43:43.372] [bmv2] [D] [thread 122937] [31.0] [cxt 0] Deparser 'deparser': end
[19:43:43.372] [bmv2] [D] [thread 122941] [31.0] [cxt 0] Transmitting packet of size 196 out of port 0
[19:43:43.504] [bmv2] [D] [thread 122936] [32.0] [cxt 0] Processing packet received on port 3
[19:43:43.504] [bmv2] [D] [thread 122936] [32.0] [cxt 0] Parser 'parser': start
[19:43:43.504] [bmv2] [D] [thread 122936] [32.0] [cxt 0] Parser 'parser' entering state 'start'
[19:43:43.504] [bmv2] [D] [thread 122936] [32.0] [cxt 0] Extracting header 'ethernet'
[19:43:43.504] [bmv2] [D] [thread 122936] [32.0] [cxt 0] Parser state 'start': key is 86dd
[19:43:43.504] [bmv2] [T] [thread 122936] [32.0] [cxt 0] Bytes parsed: 14
[19:43:43.504] [bmv2] [D] [thread 122936] [32.0] [cxt 0] Parser 'parser': end
[19:43:43.504] [bmv2] [D] [thread 122936] [32.0] [cxt 0] Pipeline 'ingress': start
[19:43:43.504] [bmv2] [T] [thread 122936] [32.0] [cxt 0] basic_tunnel.p4(152) Condition "hdr.ipv4.isValid() && !hdr.myTunnel.isValid()" (node_2) is false
[19:43:43.504] [bmv2] [T] [thread 122936] [32.0] [cxt 0] basic_tunnel.p4(155) Condition "hdr.myTunnel.isValid()" (node_4) is false
[19:43:43.504] [bmv2] [D] [thread 122936] [32.0] [cxt 0] Pipeline 'ingress': end
[19:43:43.504] [bmv2] [D] [thread 122936] [32.0] [cxt 0] Egress port is 0
[19:43:43.504] [bmv2] [D] [thread 122937] [32.0] [cxt 0] Pipeline 'egress': start
[19:43:43.504] [bmv2] [D] [thread 122937] [32.0] [cxt 0] Pipeline 'egress': end
[19:43:43.504] [bmv2] [D] [thread 122937] [32.0] [cxt 0] Deparser 'deparser': start
[19:43:43.504] [bmv2] [T] [thread 122937] [32.0] [cxt 0] Skipping checksum 'cksum' update because condition not met
[19:43:43.504] [bmv2] [D] [thread 122937] [32.0] [cxt 0] Deparsing header 'ethernet'
[19:43:43.504] [bmv2] [D] [thread 122937] [32.0] [cxt 0] Deparser 'deparser': end
[19:43:43.504] [bmv2] [D] [thread 122941] [32.0] [cxt 0] Transmitting packet of size 196 out of port 0
[19:43:43.628] [bmv2] [D] [thread 122936] [33.0] [cxt 0] Processing packet received on port 2
[19:43:43.628] [bmv2] [D] [thread 122936] [33.0] [cxt 0] Parser 'parser': start
[19:43:43.628] [bmv2] [D] [thread 122936] [33.0] [cxt 0] Parser 'parser' entering state 'start'
[19:43:43.628] [bmv2] [D] [thread 122936] [33.0] [cxt 0] Extracting header 'ethernet'
[19:43:43.628] [bmv2] [D] [thread 122936] [33.0] [cxt 0] Parser state 'start': key is 86dd
[19:43:43.628] [bmv2] [T] [thread 122936] [33.0] [cxt 0] Bytes parsed: 14
[19:43:43.628] [bmv2] [D] [thread 122936] [33.0] [cxt 0] Parser 'parser': end
[19:43:43.628] [bmv2] [D] [thread 122936] [33.0] [cxt 0] Pipeline 'ingress': start
[19:43:43.628] [bmv2] [T] [thread 122936] [33.0] [cxt 0] basic_tunnel.p4(152) Condition "hdr.ipv4.isValid() && !hdr.myTunnel.isValid()" (node_2) is false
[19:43:43.628] [bmv2] [T] [thread 122936] [33.0] [cxt 0] basic_tunnel.p4(155) Condition "hdr.myTunnel.isValid()" (node_4) is false
[19:43:43.628] [bmv2] [D] [thread 122936] [33.0] [cxt 0] Pipeline 'ingress': end
[19:43:43.628] [bmv2] [D] [thread 122936] [33.0] [cxt 0] Egress port is 0
[19:43:43.628] [bmv2] [D] [thread 122937] [33.0] [cxt 0] Pipeline 'egress': start
[19:43:43.628] [bmv2] [D] [thread 122937] [33.0] [cxt 0] Pipeline 'egress': end
[19:43:43.628] [bmv2] [D] [thread 122937] [33.0] [cxt 0] Deparser 'deparser': start
[19:43:43.628] [bmv2] [T] [thread 122937] [33.0] [cxt 0] Skipping checksum 'cksum' update because condition not met
[19:43:43.628] [bmv2] [D] [thread 122937] [33.0] [cxt 0] Deparsing header 'ethernet'
[19:43:43.628] [bmv2] [D] [thread 122937] [33.0] [cxt 0] Deparser 'deparser': end
[19:43:43.628] [bmv2] [D] [thread 122941] [33.0] [cxt 0] Transmitting packet of size 196 out of port 0
[19:43:45.149] [bmv2] [D] [thread 122936] [34.0] [cxt 0] Processing packet received on port 1
[19:43:45.149] [bmv2] [D] [thread 122936] [34.0] [cxt 0] Parser 'parser': start
[19:43:45.149] [bmv2] [D] [thread 122936] [34.0] [cxt 0] Parser 'parser' entering state 'start'
[19:43:45.149] [bmv2] [D] [thread 122936] [34.0] [cxt 0] Extracting header 'ethernet'
[19:43:45.149] [bmv2] [D] [thread 122936] [34.0] [cxt 0] Parser state 'start': key is 86dd
[19:43:45.149] [bmv2] [T] [thread 122936] [34.0] [cxt 0] Bytes parsed: 14
[19:43:45.149] [bmv2] [D] [thread 122936] [34.0] [cxt 0] Parser 'parser': end
[19:43:45.149] [bmv2] [D] [thread 122936] [34.0] [cxt 0] Pipeline 'ingress': start
[19:43:45.149] [bmv2] [T] [thread 122936] [34.0] [cxt 0] basic_tunnel.p4(152) Condition "hdr.ipv4.isValid() && !hdr.myTunnel.isValid()" (node_2) is false
[19:43:45.149] [bmv2] [T] [thread 122936] [34.0] [cxt 0] basic_tunnel.p4(155) Condition "hdr.myTunnel.isValid()" (node_4) is false
[19:43:45.149] [bmv2] [D] [thread 122936] [34.0] [cxt 0] Pipeline 'ingress': end
[19:43:45.149] [bmv2] [D] [thread 122936] [34.0] [cxt 0] Egress port is 0
[19:43:45.149] [bmv2] [D] [thread 122936] [35.0] [cxt 0] Processing packet received on port 3
[19:43:45.149] [bmv2] [D] [thread 122936] [35.0] [cxt 0] Parser 'parser': start
[19:43:45.149] [bmv2] [D] [thread 122936] [35.0] [cxt 0] Parser 'parser' entering state 'start'
[19:43:45.149] [bmv2] [D] [thread 122936] [35.0] [cxt 0] Extracting header 'ethernet'
[19:43:45.149] [bmv2] [D] [thread 122936] [35.0] [cxt 0] Parser state 'start': key is 86dd
[19:43:45.149] [bmv2] [T] [thread 122936] [35.0] [cxt 0] Bytes parsed: 14
[19:43:45.149] [bmv2] [D] [thread 122936] [35.0] [cxt 0] Parser 'parser': end
[19:43:45.149] [bmv2] [D] [thread 122936] [35.0] [cxt 0] Pipeline 'ingress': start
[19:43:45.149] [bmv2] [T] [thread 122936] [35.0] [cxt 0] basic_tunnel.p4(152) Condition "hdr.ipv4.isValid() && !hdr.myTunnel.isValid()" (node_2) is false
[19:43:45.149] [bmv2] [T] [thread 122936] [35.0] [cxt 0] basic_tunnel.p4(155) Condition "hdr.myTunnel.isValid()" (node_4) is false
[19:43:45.149] [bmv2] [D] [thread 122936] [35.0] [cxt 0] Pipeline 'ingress': end
[19:43:45.149] [bmv2] [D] [thread 122936] [35.0] [cxt 0] Egress port is 0
[19:43:45.149] [bmv2] [D] [thread 122937] [34.0] [cxt 0] Pipeline 'egress': start
[19:43:45.149] [bmv2] [D] [thread 122937] [34.0] [cxt 0] Pipeline 'egress': end
[19:43:45.149] [bmv2] [D] [thread 122937] [34.0] [cxt 0] Deparser 'deparser': start
[19:43:45.149] [bmv2] [T] [thread 122937] [34.0] [cxt 0] Skipping checksum 'cksum' update because condition not met
[19:43:45.149] [bmv2] [D] [thread 122937] [34.0] [cxt 0] Deparsing header 'ethernet'
[19:43:45.149] [bmv2] [D] [thread 122937] [34.0] [cxt 0] Deparser 'deparser': end
[19:43:45.149] [bmv2] [D] [thread 122937] [35.0] [cxt 0] Pipeline 'egress': start
[19:43:45.149] [bmv2] [D] [thread 122937] [35.0] [cxt 0] Pipeline 'egress': end
[19:43:45.149] [bmv2] [D] [thread 122937] [35.0] [cxt 0] Deparser 'deparser': start
[19:43:45.149] [bmv2] [T] [thread 122937] [35.0] [cxt 0] Skipping checksum 'cksum' update because condition not met
[19:43:45.149] [bmv2] [D] [thread 122937] [35.0] [cxt 0] Deparsing header 'ethernet'
[19:43:45.149] [bmv2] [D] [thread 122937] [35.0] [cxt 0] Deparser 'deparser': end
[19:43:45.149] [bmv2] [D] [thread 122941] [34.0] [cxt 0] Transmitting packet of size 196 out of port 0
[19:43:45.149] [bmv2] [D] [thread 122941] [35.0] [cxt 0] Transmitting packet of size 196 out of port 0
[19:43:45.251] [bmv2] [D] [thread 122936] [36.0] [cxt 0] Processing packet received on port 1
[19:43:45.251] [bmv2] [D] [thread 122936] [36.0] [cxt 0] Parser 'parser': start
[19:43:45.251] [bmv2] [D] [thread 122936] [36.0] [cxt 0] Parser 'parser' entering state 'start'
[19:43:45.251] [bmv2] [D] [thread 122936] [36.0] [cxt 0] Extracting header 'ethernet'
[19:43:45.251] [bmv2] [D] [thread 122936] [36.0] [cxt 0] Parser state 'start': key is 86dd
[19:43:45.251] [bmv2] [T] [thread 122936] [36.0] [cxt 0] Bytes parsed: 14
[19:43:45.251] [bmv2] [D] [thread 122936] [36.0] [cxt 0] Parser 'parser': end
[19:43:45.251] [bmv2] [D] [thread 122936] [36.0] [cxt 0] Pipeline 'ingress': start
[19:43:45.251] [bmv2] [T] [thread 122936] [36.0] [cxt 0] basic_tunnel.p4(152) Condition "hdr.ipv4.isValid() && !hdr.myTunnel.isValid()" (node_2) is false
[19:43:45.251] [bmv2] [T] [thread 122936] [36.0] [cxt 0] basic_tunnel.p4(155) Condition "hdr.myTunnel.isValid()" (node_4) is false
[19:43:45.251] [bmv2] [D] [thread 122936] [36.0] [cxt 0] Pipeline 'ingress': end
[19:43:45.251] [bmv2] [D] [thread 122936] [36.0] [cxt 0] Egress port is 0
[19:43:45.251] [bmv2] [D] [thread 122937] [36.0] [cxt 0] Pipeline 'egress': start
[19:43:45.251] [bmv2] [D] [thread 122937] [36.0] [cxt 0] Pipeline 'egress': end
[19:43:45.251] [bmv2] [D] [thread 122937] [36.0] [cxt 0] Deparser 'deparser': start
[19:43:45.251] [bmv2] [T] [thread 122937] [36.0] [cxt 0] Skipping checksum 'cksum' update because condition not met
[19:43:45.251] [bmv2] [D] [thread 122937] [36.0] [cxt 0] Deparsing header 'ethernet'
[19:43:45.251] [bmv2] [D] [thread 122937] [36.0] [cxt 0] Deparser 'deparser': end
[19:43:45.252] [bmv2] [D] [thread 122941] [36.0] [cxt 0] Transmitting packet of size 70 out of port 0
[19:43:45.377] [bmv2] [D] [thread 122936] [37.0] [cxt 0] Processing packet received on port 2
[19:43:45.377] [bmv2] [D] [thread 122936] [37.0] [cxt 0] Parser 'parser': start
[19:43:45.377] [bmv2] [D] [thread 122936] [37.0] [cxt 0] Parser 'parser' entering state 'start'
[19:43:45.377] [bmv2] [D] [thread 122936] [37.0] [cxt 0] Extracting header 'ethernet'
[19:43:45.377] [bmv2] [D] [thread 122936] [37.0] [cxt 0] Parser state 'start': key is 86dd
[19:43:45.377] [bmv2] [T] [thread 122936] [37.0] [cxt 0] Bytes parsed: 14
[19:43:45.377] [bmv2] [D] [thread 122936] [37.0] [cxt 0] Parser 'parser': end
[19:43:45.377] [bmv2] [D] [thread 122936] [37.0] [cxt 0] Pipeline 'ingress': start
[19:43:45.377] [bmv2] [T] [thread 122936] [37.0] [cxt 0] basic_tunnel.p4(152) Condition "hdr.ipv4.isValid() && !hdr.myTunnel.isValid()" (node_2) is false
[19:43:45.377] [bmv2] [T] [thread 122936] [37.0] [cxt 0] basic_tunnel.p4(155) Condition "hdr.myTunnel.isValid()" (node_4) is false
[19:43:45.377] [bmv2] [D] [thread 122936] [37.0] [cxt 0] Pipeline 'ingress': end
[19:43:45.377] [bmv2] [D] [thread 122936] [37.0] [cxt 0] Egress port is 0
[19:43:45.377] [bmv2] [D] [thread 122937] [37.0] [cxt 0] Pipeline 'egress': start
[19:43:45.377] [bmv2] [D] [thread 122937] [37.0] [cxt 0] Pipeline 'egress': end
[19:43:45.377] [bmv2] [D] [thread 122937] [37.0] [cxt 0] Deparser 'deparser': start
[19:43:45.377] [bmv2] [T] [thread 122937] [37.0] [cxt 0] Skipping checksum 'cksum' update because condition not met
[19:43:45.377] [bmv2] [D] [thread 122937] [37.0] [cxt 0] Deparsing header 'ethernet'
[19:43:45.377] [bmv2] [D] [thread 122937] [37.0] [cxt 0] Deparser 'deparser': end
[19:43:45.377] [bmv2] [D] [thread 122941] [37.0] [cxt 0] Transmitting packet of size 196 out of port 0
[19:43:45.510] [bmv2] [D] [thread 122936] [38.0] [cxt 0] Processing packet received on port 3
[19:43:45.510] [bmv2] [D] [thread 122936] [38.0] [cxt 0] Parser 'parser': start
[19:43:45.510] [bmv2] [D] [thread 122936] [38.0] [cxt 0] Parser 'parser' entering state 'start'
[19:43:45.510] [bmv2] [D] [thread 122936] [38.0] [cxt 0] Extracting header 'ethernet'
[19:43:45.510] [bmv2] [D] [thread 122936] [38.0] [cxt 0] Parser state 'start': key is 86dd
[19:43:45.510] [bmv2] [T] [thread 122936] [38.0] [cxt 0] Bytes parsed: 14
[19:43:45.510] [bmv2] [D] [thread 122936] [38.0] [cxt 0] Parser 'parser': end
[19:43:45.510] [bmv2] [D] [thread 122936] [38.0] [cxt 0] Pipeline 'ingress': start
[19:43:45.510] [bmv2] [T] [thread 122936] [38.0] [cxt 0] basic_tunnel.p4(152) Condition "hdr.ipv4.isValid() && !hdr.myTunnel.isValid()" (node_2) is false
[19:43:45.510] [bmv2] [T] [thread 122936] [38.0] [cxt 0] basic_tunnel.p4(155) Condition "hdr.myTunnel.isValid()" (node_4) is false
[19:43:45.510] [bmv2] [D] [thread 122936] [38.0] [cxt 0] Pipeline 'ingress': end
[19:43:45.510] [bmv2] [D] [thread 122936] [38.0] [cxt 0] Egress port is 0
[19:43:45.510] [bmv2] [D] [thread 122937] [38.0] [cxt 0] Pipeline 'egress': start
[19:43:45.510] [bmv2] [D] [thread 122937] [38.0] [cxt 0] Pipeline 'egress': end
[19:43:45.510] [bmv2] [D] [thread 122937] [38.0] [cxt 0] Deparser 'deparser': start
[19:43:45.510] [bmv2] [T] [thread 122937] [38.0] [cxt 0] Skipping checksum 'cksum' update because condition not met
[19:43:45.510] [bmv2] [D] [thread 122937] [38.0] [cxt 0] Deparsing header 'ethernet'
[19:43:45.510] [bmv2] [D] [thread 122937] [38.0] [cxt 0] Deparser 'deparser': end
[19:43:45.510] [bmv2] [D] [thread 122941] [38.0] [cxt 0] Transmitting packet of size 196 out of port 0
[19:43:45.632] [bmv2] [D] [thread 122936] [39.0] [cxt 0] Processing packet received on port 2
[19:43:45.632] [bmv2] [D] [thread 122936] [39.0] [cxt 0] Parser 'parser': start
[19:43:45.632] [bmv2] [D] [thread 122936] [39.0] [cxt 0] Parser 'parser' entering state 'start'
[19:43:45.632] [bmv2] [D] [thread 122936] [39.0] [cxt 0] Extracting header 'ethernet'
[19:43:45.632] [bmv2] [D] [thread 122936] [39.0] [cxt 0] Parser state 'start': key is 86dd
[19:43:45.632] [bmv2] [T] [thread 122936] [39.0] [cxt 0] Bytes parsed: 14
[19:43:45.632] [bmv2] [D] [thread 122936] [39.0] [cxt 0] Parser 'parser': end
[19:43:45.632] [bmv2] [D] [thread 122936] [39.0] [cxt 0] Pipeline 'ingress': start
[19:43:45.632] [bmv2] [T] [thread 122936] [39.0] [cxt 0] basic_tunnel.p4(152) Condition "hdr.ipv4.isValid() && !hdr.myTunnel.isValid()" (node_2) is false
[19:43:45.632] [bmv2] [T] [thread 122936] [39.0] [cxt 0] basic_tunnel.p4(155) Condition "hdr.myTunnel.isValid()" (node_4) is false
[19:43:45.632] [bmv2] [D] [thread 122936] [39.0] [cxt 0] Pipeline 'ingress': end
[19:43:45.632] [bmv2] [D] [thread 122936] [39.0] [cxt 0] Egress port is 0
[19:43:45.632] [bmv2] [D] [thread 122937] [39.0] [cxt 0] Pipeline 'egress': start
[19:43:45.632] [bmv2] [D] [thread 122937] [39.0] [cxt 0] Pipeline 'egress': end
[19:43:45.632] [bmv2] [D] [thread 122937] [39.0] [cxt 0] Deparser 'deparser': start
[19:43:45.632] [bmv2] [T] [thread 122937] [39.0] [cxt 0] Skipping checksum 'cksum' update because condition not met
[19:43:45.632] [bmv2] [D] [thread 122937] [39.0] [cxt 0] Deparsing header 'ethernet'
[19:43:45.632] [bmv2] [D] [thread 122937] [39.0] [cxt 0] Deparser 'deparser': end
[19:43:45.632] [bmv2] [D] [thread 122941] [39.0] [cxt 0] Transmitting packet of size 196 out of port 0
[19:43:45.764] [bmv2] [D] [thread 122936] [40.0] [cxt 0] Processing packet received on port 3
[19:43:45.764] [bmv2] [D] [thread 122936] [40.0] [cxt 0] Parser 'parser': start
[19:43:45.764] [bmv2] [D] [thread 122936] [40.0] [cxt 0] Parser 'parser' entering state 'start'
[19:43:45.764] [bmv2] [D] [thread 122936] [40.0] [cxt 0] Extracting header 'ethernet'
[19:43:45.764] [bmv2] [D] [thread 122936] [40.0] [cxt 0] Parser state 'start': key is 86dd
[19:43:45.764] [bmv2] [T] [thread 122936] [40.0] [cxt 0] Bytes parsed: 14
[19:43:45.764] [bmv2] [D] [thread 122936] [40.0] [cxt 0] Parser 'parser': end
[19:43:45.764] [bmv2] [D] [thread 122936] [40.0] [cxt 0] Pipeline 'ingress': start
[19:43:45.764] [bmv2] [T] [thread 122936] [40.0] [cxt 0] basic_tunnel.p4(152) Condition "hdr.ipv4.isValid() && !hdr.myTunnel.isValid()" (node_2) is false
[19:43:45.764] [bmv2] [T] [thread 122936] [40.0] [cxt 0] basic_tunnel.p4(155) Condition "hdr.myTunnel.isValid()" (node_4) is false
[19:43:45.764] [bmv2] [D] [thread 122936] [40.0] [cxt 0] Pipeline 'ingress': end
[19:43:45.764] [bmv2] [D] [thread 122936] [40.0] [cxt 0] Egress port is 0
[19:43:45.764] [bmv2] [D] [thread 122936] [41.0] [cxt 0] Processing packet received on port 3
[19:43:45.764] [bmv2] [D] [thread 122936] [41.0] [cxt 0] Parser 'parser': start
[19:43:45.764] [bmv2] [D] [thread 122936] [41.0] [cxt 0] Parser 'parser' entering state 'start'
[19:43:45.764] [bmv2] [D] [thread 122936] [41.0] [cxt 0] Extracting header 'ethernet'
[19:43:45.764] [bmv2] [D] [thread 122936] [41.0] [cxt 0] Parser state 'start': key is 86dd
[19:43:45.764] [bmv2] [T] [thread 122936] [41.0] [cxt 0] Bytes parsed: 14
[19:43:45.764] [bmv2] [D] [thread 122936] [41.0] [cxt 0] Parser 'parser': end
[19:43:45.764] [bmv2] [D] [thread 122936] [41.0] [cxt 0] Pipeline 'ingress': start
[19:43:45.764] [bmv2] [T] [thread 122936] [41.0] [cxt 0] basic_tunnel.p4(152) Condition "hdr.ipv4.isValid() && !hdr.myTunnel.isValid()" (node_2) is false
[19:43:45.764] [bmv2] [T] [thread 122936] [41.0] [cxt 0] basic_tunnel.p4(155) Condition "hdr.myTunnel.isValid()" (node_4) is false
[19:43:45.764] [bmv2] [D] [thread 122936] [41.0] [cxt 0] Pipeline 'ingress': end
[19:43:45.764] [bmv2] [D] [thread 122936] [41.0] [cxt 0] Egress port is 0
[19:43:45.764] [bmv2] [D] [thread 122937] [40.0] [cxt 0] Pipeline 'egress': start
[19:43:45.764] [bmv2] [D] [thread 122937] [40.0] [cxt 0] Pipeline 'egress': end
[19:43:45.764] [bmv2] [D] [thread 122937] [40.0] [cxt 0] Deparser 'deparser': start
[19:43:45.764] [bmv2] [T] [thread 122937] [40.0] [cxt 0] Skipping checksum 'cksum' update because condition not met
[19:43:45.764] [bmv2] [D] [thread 122937] [40.0] [cxt 0] Deparsing header 'ethernet'
[19:43:45.765] [bmv2] [D] [thread 122937] [40.0] [cxt 0] Deparser 'deparser': end
[19:43:45.765] [bmv2] [D] [thread 122937] [41.0] [cxt 0] Pipeline 'egress': start
[19:43:45.765] [bmv2] [D] [thread 122937] [41.0] [cxt 0] Pipeline 'egress': end
[19:43:45.765] [bmv2] [D] [thread 122937] [41.0] [cxt 0] Deparser 'deparser': start
[19:43:45.765] [bmv2] [T] [thread 122937] [41.0] [cxt 0] Skipping checksum 'cksum' update because condition not met
[19:43:45.765] [bmv2] [D] [thread 122937] [41.0] [cxt 0] Deparsing header 'ethernet'
[19:43:45.765] [bmv2] [D] [thread 122937] [41.0] [cxt 0] Deparser 'deparser': end
[19:43:45.765] [bmv2] [D] [thread 122941] [40.0] [cxt 0] Transmitting packet of size 70 out of port 0
[19:43:45.765] [bmv2] [D] [thread 122941] [41.0] [cxt 0] Transmitting packet of size 70 out of port 0
[19:43:46.019] [bmv2] [D] [thread 122936] [42.0] [cxt 0] Processing packet received on port 2
[19:43:46.019] [bmv2] [D] [thread 122936] [42.0] [cxt 0] Parser 'parser': start
[19:43:46.019] [bmv2] [D] [thread 122936] [42.0] [cxt 0] Parser 'parser' entering state 'start'
[19:43:46.019] [bmv2] [D] [thread 122936] [42.0] [cxt 0] Extracting header 'ethernet'
[19:43:46.019] [bmv2] [D] [thread 122936] [42.0] [cxt 0] Parser state 'start': key is 86dd
[19:43:46.019] [bmv2] [T] [thread 122936] [42.0] [cxt 0] Bytes parsed: 14
[19:43:46.019] [bmv2] [D] [thread 122936] [42.0] [cxt 0] Parser 'parser': end
[19:43:46.019] [bmv2] [D] [thread 122936] [42.0] [cxt 0] Pipeline 'ingress': start
[19:43:46.019] [bmv2] [T] [thread 122936] [42.0] [cxt 0] basic_tunnel.p4(152) Condition "hdr.ipv4.isValid() && !hdr.myTunnel.isValid()" (node_2) is false
[19:43:46.019] [bmv2] [T] [thread 122936] [42.0] [cxt 0] basic_tunnel.p4(155) Condition "hdr.myTunnel.isValid()" (node_4) is false
[19:43:46.019] [bmv2] [D] [thread 122936] [42.0] [cxt 0] Pipeline 'ingress': end
[19:43:46.019] [bmv2] [D] [thread 122936] [42.0] [cxt 0] Egress port is 0
[19:43:46.019] [bmv2] [D] [thread 122937] [42.0] [cxt 0] Pipeline 'egress': start
[19:43:46.019] [bmv2] [D] [thread 122937] [42.0] [cxt 0] Pipeline 'egress': end
[19:43:46.019] [bmv2] [D] [thread 122937] [42.0] [cxt 0] Deparser 'deparser': start
[19:43:46.019] [bmv2] [T] [thread 122937] [42.0] [cxt 0] Skipping checksum 'cksum' update because condition not met
[19:43:46.019] [bmv2] [D] [thread 122937] [42.0] [cxt 0] Deparsing header 'ethernet'
[19:43:46.019] [bmv2] [D] [thread 122937] [42.0] [cxt 0] Deparser 'deparser': end
[19:43:46.020] [bmv2] [D] [thread 122941] [42.0] [cxt 0] Transmitting packet of size 70 out of port 0
[19:43:46.274] [bmv2] [D] [thread 122936] [43.0] [cxt 0] Processing packet received on port 2
[19:43:46.274] [bmv2] [D] [thread 122936] [43.0] [cxt 0] Parser 'parser': start
[19:43:46.274] [bmv2] [D] [thread 122936] [43.0] [cxt 0] Parser 'parser' entering state 'start'
[19:43:46.274] [bmv2] [D] [thread 122936] [43.0] [cxt 0] Extracting header 'ethernet'
[19:43:46.274] [bmv2] [D] [thread 122936] [43.0] [cxt 0] Parser state 'start': key is 86dd
[19:43:46.274] [bmv2] [T] [thread 122936] [43.0] [cxt 0] Bytes parsed: 14
[19:43:46.274] [bmv2] [D] [thread 122936] [43.0] [cxt 0] Parser 'parser': end
[19:43:46.274] [bmv2] [D] [thread 122936] [43.0] [cxt 0] Pipeline 'ingress': start
[19:43:46.274] [bmv2] [T] [thread 122936] [43.0] [cxt 0] basic_tunnel.p4(152) Condition "hdr.ipv4.isValid() && !hdr.myTunnel.isValid()" (node_2) is false
[19:43:46.274] [bmv2] [T] [thread 122936] [43.0] [cxt 0] basic_tunnel.p4(155) Condition "hdr.myTunnel.isValid()" (node_4) is false
[19:43:46.274] [bmv2] [D] [thread 122936] [43.0] [cxt 0] Pipeline 'ingress': end
[19:43:46.274] [bmv2] [D] [thread 122936] [43.0] [cxt 0] Egress port is 0
[19:43:46.274] [bmv2] [D] [thread 122937] [43.0] [cxt 0] Pipeline 'egress': start
[19:43:46.274] [bmv2] [D] [thread 122937] [43.0] [cxt 0] Pipeline 'egress': end
[19:43:46.274] [bmv2] [D] [thread 122937] [43.0] [cxt 0] Deparser 'deparser': start
[19:43:46.274] [bmv2] [T] [thread 122937] [43.0] [cxt 0] Skipping checksum 'cksum' update because condition not met
[19:43:46.274] [bmv2] [D] [thread 122937] [43.0] [cxt 0] Deparsing header 'ethernet'
[19:43:46.274] [bmv2] [D] [thread 122937] [43.0] [cxt 0] Deparser 'deparser': end
[19:43:46.274] [bmv2] [D] [thread 122941] [43.0] [cxt 0] Transmitting packet of size 70 out of port 0
