Calling target program-options parser
[17:35:31.554] [bmv2] [D] [thread 20503] Set default default entry for table 'MyIngress.ecmp_group': NoAction - 
[17:35:31.556] [bmv2] [D] [thread 20503] Set default default entry for table 'MyIngress.ecmp_nhop': NoAction - 
[17:35:31.557] [bmv2] [D] [thread 20503] Set default default entry for table 'MyEgress.send_frame': NoAction - 
Adding interface s1-eth1 as port 1
[17:35:31.561] [bmv2] [D] [thread 20503] Adding interface s1-eth1 as port 1
Adding interface s1-eth2 as port 2
[17:35:31.703] [bmv2] [D] [thread 20503] Adding interface s1-eth2 as port 2
Adding interface s1-eth3 as port 3
[17:35:31.870] [bmv2] [D] [thread 20503] Adding interface s1-eth3 as port 3
Server listening on 0.0.0.0:50051
[17:35:32.057] [bmv2] [I] [thread 20503] Starting Thrift server on port 9090
[17:35:32.058] [bmv2] [I] [thread 20503] Thrift server was started
[17:35:32.066] [bmv2] [D] [thread 20518] [0.0] [cxt 0] Processing packet received on port 1
[17:35:32.067] [bmv2] [D] [thread 20518] [0.0] [cxt 0] Parser 'parser': start
[17:35:32.067] [bmv2] [D] [thread 20518] [0.0] [cxt 0] Parser 'parser' entering state 'start'
[17:35:32.068] [bmv2] [D] [thread 20518] [0.0] [cxt 0] Extracting header 'ethernet'
[17:35:32.068] [bmv2] [D] [thread 20518] [0.0] [cxt 0] Parser state 'start': key is 86dd
[17:35:32.068] [bmv2] [T] [thread 20518] [0.0] [cxt 0] Bytes parsed: 14
[17:35:32.068] [bmv2] [D] [thread 20518] [0.0] [cxt 0] Parser 'parser': end
[17:35:32.068] [bmv2] [D] [thread 20518] [0.0] [cxt 0] Pipeline 'ingress': start
[17:35:32.069] [bmv2] [T] [thread 20518] [0.0] [cxt 0] load_balance.p4(147) Condition "hdr.ipv4.isValid() && hdr.ipv4.ttl > 0" (node_2) is false
[17:35:32.069] [bmv2] [D] [thread 20518] [0.0] [cxt 0] Pipeline 'ingress': end
[17:35:32.069] [bmv2] [D] [thread 20518] [0.0] [cxt 0] Egress port is 0
[17:35:32.069] [bmv2] [D] [thread 20518] [1.0] [cxt 0] Processing packet received on port 2
[17:35:32.069] [bmv2] [D] [thread 20518] [1.0] [cxt 0] Parser 'parser': start
[17:35:32.069] [bmv2] [D] [thread 20518] [1.0] [cxt 0] Parser 'parser' entering state 'start'
[17:35:32.069] [bmv2] [D] [thread 20518] [1.0] [cxt 0] Extracting header 'ethernet'
[17:35:32.069] [bmv2] [D] [thread 20518] [1.0] [cxt 0] Parser state 'start': key is 86dd
[17:35:32.069] [bmv2] [T] [thread 20518] [1.0] [cxt 0] Bytes parsed: 14
[17:35:32.069] [bmv2] [D] [thread 20518] [1.0] [cxt 0] Parser 'parser': end
[17:35:32.069] [bmv2] [D] [thread 20518] [1.0] [cxt 0] Pipeline 'ingress': start
[17:35:32.069] [bmv2] [T] [thread 20518] [1.0] [cxt 0] load_balance.p4(147) Condition "hdr.ipv4.isValid() && hdr.ipv4.ttl > 0" (node_2) is false
[17:35:32.069] [bmv2] [D] [thread 20518] [1.0] [cxt 0] Pipeline 'ingress': end
[17:35:32.069] [bmv2] [D] [thread 20518] [1.0] [cxt 0] Egress port is 0
[17:35:32.070] [bmv2] [D] [thread 20519] [0.0] [cxt 0] Pipeline 'egress': start
[17:35:32.070] [bmv2] [T] [thread 20519] [0.0] [cxt 0] Applying table 'MyEgress.send_frame'
[17:35:32.071] [bmv2] [D] [thread 20519] [0.0] [cxt 0] Looking up key:
* standard_metadata.egress_port: 0000

[17:35:32.072] [bmv2] [D] [thread 20519] [0.0] [cxt 0] Table 'MyEgress.send_frame': miss
[17:35:32.072] [bmv2] [D] [thread 20519] [0.0] [cxt 0] Action entry is NoAction - 
[17:35:32.072] [bmv2] [T] [thread 20519] [0.0] [cxt 0] Action NoAction
[17:35:32.072] [bmv2] [D] [thread 20519] [0.0] [cxt 0] Pipeline 'egress': end
[17:35:32.072] [bmv2] [D] [thread 20519] [0.0] [cxt 0] Deparser 'deparser': start
[17:35:32.072] [bmv2] [T] [thread 20519] [0.0] [cxt 0] Skipping checksum 'cksum' update because condition not met
[17:35:32.073] [bmv2] [D] [thread 20519] [0.0] [cxt 0] Deparsing header 'ethernet'
[17:35:32.073] [bmv2] [D] [thread 20519] [0.0] [cxt 0] Deparser 'deparser': end
[17:35:32.073] [bmv2] [D] [thread 20519] [1.0] [cxt 0] Pipeline 'egress': start
[17:35:32.073] [bmv2] [T] [thread 20519] [1.0] [cxt 0] Applying table 'MyEgress.send_frame'
[17:35:32.073] [bmv2] [D] [thread 20519] [1.0] [cxt 0] Looking up key:
* standard_metadata.egress_port: 0000

[17:35:32.073] [bmv2] [D] [thread 20519] [1.0] [cxt 0] Table 'MyEgress.send_frame': miss
[17:35:32.073] [bmv2] [D] [thread 20519] [1.0] [cxt 0] Action entry is NoAction - 
[17:35:32.073] [bmv2] [T] [thread 20519] [1.0] [cxt 0] Action NoAction
[17:35:32.073] [bmv2] [D] [thread 20519] [1.0] [cxt 0] Pipeline 'egress': end
[17:35:32.073] [bmv2] [D] [thread 20519] [1.0] [cxt 0] Deparser 'deparser': start
[17:35:32.073] [bmv2] [T] [thread 20519] [1.0] [cxt 0] Skipping checksum 'cksum' update because condition not met
[17:35:32.073] [bmv2] [D] [thread 20519] [1.0] [cxt 0] Deparsing header 'ethernet'
[17:35:32.073] [bmv2] [D] [thread 20519] [1.0] [cxt 0] Deparser 'deparser': end
[17:35:32.072] [bmv2] [D] [thread 20518] [2.0] [cxt 0] Processing packet received on port 3
[17:35:32.073] [bmv2] [D] [thread 20518] [2.0] [cxt 0] Parser 'parser': start
[17:35:32.073] [bmv2] [D] [thread 20518] [2.0] [cxt 0] Parser 'parser' entering state 'start'
[17:35:32.073] [bmv2] [D] [thread 20518] [2.0] [cxt 0] Extracting header 'ethernet'
[17:35:32.074] [bmv2] [D] [thread 20518] [2.0] [cxt 0] Parser state 'start': key is 86dd
[17:35:32.074] [bmv2] [T] [thread 20518] [2.0] [cxt 0] Bytes parsed: 14
[17:35:32.074] [bmv2] [D] [thread 20518] [2.0] [cxt 0] Parser 'parser': end
[17:35:32.074] [bmv2] [D] [thread 20518] [2.0] [cxt 0] Pipeline 'ingress': start
[17:35:32.074] [bmv2] [T] [thread 20518] [2.0] [cxt 0] load_balance.p4(147) Condition "hdr.ipv4.isValid() && hdr.ipv4.ttl > 0" (node_2) is false
[17:35:32.074] [bmv2] [D] [thread 20518] [2.0] [cxt 0] Pipeline 'ingress': end
[17:35:32.074] [bmv2] [D] [thread 20518] [2.0] [cxt 0] Egress port is 0
[17:35:32.073] [bmv2] [D] [thread 20523] [0.0] [cxt 0] Transmitting packet of size 110 out of port 0
[17:35:32.074] [bmv2] [D] [thread 20523] [1.0] [cxt 0] Transmitting packet of size 208 out of port 0
[17:35:32.075] [bmv2] [D] [thread 20518] [3.0] [cxt 0] Processing packet received on port 2
[17:35:32.075] [bmv2] [D] [thread 20518] [3.0] [cxt 0] Parser 'parser': start
[17:35:32.075] [bmv2] [D] [thread 20518] [3.0] [cxt 0] Parser 'parser' entering state 'start'
[17:35:32.075] [bmv2] [D] [thread 20518] [3.0] [cxt 0] Extracting header 'ethernet'
[17:35:32.075] [bmv2] [D] [thread 20518] [3.0] [cxt 0] Parser state 'start': key is 86dd
[17:35:32.075] [bmv2] [T] [thread 20518] [3.0] [cxt 0] Bytes parsed: 14
[17:35:32.075] [bmv2] [D] [thread 20518] [3.0] [cxt 0] Parser 'parser': end
[17:35:32.075] [bmv2] [D] [thread 20518] [3.0] [cxt 0] Pipeline 'ingress': start
[17:35:32.075] [bmv2] [T] [thread 20518] [3.0] [cxt 0] load_balance.p4(147) Condition "hdr.ipv4.isValid() && hdr.ipv4.ttl > 0" (node_2) is false
[17:35:32.075] [bmv2] [D] [thread 20518] [3.0] [cxt 0] Pipeline 'ingress': end
[17:35:32.075] [bmv2] [D] [thread 20518] [3.0] [cxt 0] Egress port is 0
[17:35:32.075] [bmv2] [D] [thread 20518] [4.0] [cxt 0] Processing packet received on port 3
[17:35:32.075] [bmv2] [D] [thread 20518] [4.0] [cxt 0] Parser 'parser': start
[17:35:32.075] [bmv2] [D] [thread 20518] [4.0] [cxt 0] Parser 'parser' entering state 'start'
[17:35:32.075] [bmv2] [D] [thread 20518] [4.0] [cxt 0] Extracting header 'ethernet'
[17:35:32.075] [bmv2] [D] [thread 20518] [4.0] [cxt 0] Parser state 'start': key is 86dd
[17:35:32.075] [bmv2] [T] [thread 20518] [4.0] [cxt 0] Bytes parsed: 14
[17:35:32.075] [bmv2] [D] [thread 20518] [4.0] [cxt 0] Parser 'parser': end
[17:35:32.075] [bmv2] [D] [thread 20518] [4.0] [cxt 0] Pipeline 'ingress': start
[17:35:32.075] [bmv2] [T] [thread 20518] [4.0] [cxt 0] load_balance.p4(147) Condition "hdr.ipv4.isValid() && hdr.ipv4.ttl > 0" (node_2) is false
[17:35:32.075] [bmv2] [D] [thread 20518] [4.0] [cxt 0] Pipeline 'ingress': end
[17:35:32.075] [bmv2] [D] [thread 20518] [4.0] [cxt 0] Egress port is 0
[17:35:32.074] [bmv2] [D] [thread 20519] [2.0] [cxt 0] Pipeline 'egress': start
[17:35:32.075] [bmv2] [T] [thread 20519] [2.0] [cxt 0] Applying table 'MyEgress.send_frame'
[17:35:32.076] [bmv2] [D] [thread 20519] [2.0] [cxt 0] Looking up key:
* standard_metadata.egress_port: 0000

[17:35:32.076] [bmv2] [D] [thread 20519] [2.0] [cxt 0] Table 'MyEgress.send_frame': miss
[17:35:32.076] [bmv2] [D] [thread 20519] [2.0] [cxt 0] Action entry is NoAction - 
[17:35:32.076] [bmv2] [T] [thread 20519] [2.0] [cxt 0] Action NoAction
[17:35:32.076] [bmv2] [D] [thread 20519] [2.0] [cxt 0] Pipeline 'egress': end
[17:35:32.076] [bmv2] [D] [thread 20519] [2.0] [cxt 0] Deparser 'deparser': start
[17:35:32.077] [bmv2] [T] [thread 20519] [2.0] [cxt 0] Skipping checksum 'cksum' update because condition not met
[17:35:32.077] [bmv2] [D] [thread 20519] [2.0] [cxt 0] Deparsing header 'ethernet'
[17:35:32.077] [bmv2] [D] [thread 20519] [2.0] [cxt 0] Deparser 'deparser': end
[17:35:32.077] [bmv2] [D] [thread 20519] [3.0] [cxt 0] Pipeline 'egress': start
[17:35:32.077] [bmv2] [T] [thread 20519] [3.0] [cxt 0] Applying table 'MyEgress.send_frame'
[17:35:32.077] [bmv2] [D] [thread 20519] [3.0] [cxt 0] Looking up key:
* standard_metadata.egress_port: 0000

[17:35:32.077] [bmv2] [D] [thread 20519] [3.0] [cxt 0] Table 'MyEgress.send_frame': miss
[17:35:32.077] [bmv2] [D] [thread 20519] [3.0] [cxt 0] Action entry is NoAction - 
[17:35:32.077] [bmv2] [T] [thread 20519] [3.0] [cxt 0] Action NoAction
[17:35:32.077] [bmv2] [D] [thread 20519] [3.0] [cxt 0] Pipeline 'egress': end
[17:35:32.077] [bmv2] [D] [thread 20519] [3.0] [cxt 0] Deparser 'deparser': start
[17:35:32.077] [bmv2] [T] [thread 20519] [3.0] [cxt 0] Skipping checksum 'cksum' update because condition not met
[17:35:32.077] [bmv2] [D] [thread 20519] [3.0] [cxt 0] Deparsing header 'ethernet'
[17:35:32.077] [bmv2] [D] [thread 20519] [3.0] [cxt 0] Deparser 'deparser': end
[17:35:32.077] [bmv2] [D] [thread 20519] [4.0] [cxt 0] Pipeline 'egress': start
[17:35:32.077] [bmv2] [T] [thread 20519] [4.0] [cxt 0] Applying table 'MyEgress.send_frame'
[17:35:32.077] [bmv2] [D] [thread 20519] [4.0] [cxt 0] Looking up key:
* standard_metadata.egress_port: 0000

[17:35:32.077] [bmv2] [D] [thread 20519] [4.0] [cxt 0] Table 'MyEgress.send_frame': miss
[17:35:32.077] [bmv2] [D] [thread 20519] [4.0] [cxt 0] Action entry is NoAction - 
[17:35:32.077] [bmv2] [T] [thread 20519] [4.0] [cxt 0] Action NoAction
[17:35:32.077] [bmv2] [D] [thread 20519] [4.0] [cxt 0] Pipeline 'egress': end
[17:35:32.077] [bmv2] [D] [thread 20519] [4.0] [cxt 0] Deparser 'deparser': start
[17:35:32.078] [bmv2] [T] [thread 20519] [4.0] [cxt 0] Skipping checksum 'cksum' update because condition not met
[17:35:32.078] [bmv2] [D] [thread 20519] [4.0] [cxt 0] Deparsing header 'ethernet'
[17:35:32.078] [bmv2] [D] [thread 20519] [4.0] [cxt 0] Deparser 'deparser': end
[17:35:32.077] [bmv2] [D] [thread 20523] [2.0] [cxt 0] Transmitting packet of size 208 out of port 0
[17:35:32.078] [bmv2] [D] [thread 20523] [3.0] [cxt 0] Transmitting packet of size 208 out of port 0
[17:35:32.078] [bmv2] [D] [thread 20523] [4.0] [cxt 0] Transmitting packet of size 208 out of port 0
[17:35:32.137] [bmv2] [D] [thread 20518] [5.0] [cxt 0] Processing packet received on port 3
[17:35:32.137] [bmv2] [D] [thread 20518] [5.0] [cxt 0] Parser 'parser': start
[17:35:32.137] [bmv2] [D] [thread 20518] [5.0] [cxt 0] Parser 'parser' entering state 'start'
[17:35:32.137] [bmv2] [D] [thread 20518] [5.0] [cxt 0] Extracting header 'ethernet'
[17:35:32.137] [bmv2] [D] [thread 20518] [5.0] [cxt 0] Parser state 'start': key is 86dd
[17:35:32.137] [bmv2] [T] [thread 20518] [5.0] [cxt 0] Bytes parsed: 14
[17:35:32.137] [bmv2] [D] [thread 20518] [5.0] [cxt 0] Parser 'parser': end
[17:35:32.137] [bmv2] [D] [thread 20518] [5.0] [cxt 0] Pipeline 'ingress': start
[17:35:32.137] [bmv2] [T] [thread 20518] [5.0] [cxt 0] load_balance.p4(147) Condition "hdr.ipv4.isValid() && hdr.ipv4.ttl > 0" (node_2) is false
[17:35:32.137] [bmv2] [D] [thread 20518] [5.0] [cxt 0] Pipeline 'ingress': end
[17:35:32.137] [bmv2] [D] [thread 20518] [5.0] [cxt 0] Egress port is 0
[17:35:32.137] [bmv2] [D] [thread 20519] [5.0] [cxt 0] Pipeline 'egress': start
[17:35:32.137] [bmv2] [T] [thread 20519] [5.0] [cxt 0] Applying table 'MyEgress.send_frame'
[17:35:32.137] [bmv2] [D] [thread 20519] [5.0] [cxt 0] Looking up key:
* standard_metadata.egress_port: 0000

[17:35:32.137] [bmv2] [D] [thread 20519] [5.0] [cxt 0] Table 'MyEgress.send_frame': miss
[17:35:32.137] [bmv2] [D] [thread 20519] [5.0] [cxt 0] Action entry is NoAction - 
[17:35:32.137] [bmv2] [T] [thread 20519] [5.0] [cxt 0] Action NoAction
[17:35:32.137] [bmv2] [D] [thread 20519] [5.0] [cxt 0] Pipeline 'egress': end
[17:35:32.137] [bmv2] [D] [thread 20519] [5.0] [cxt 0] Deparser 'deparser': start
[17:35:32.137] [bmv2] [T] [thread 20519] [5.0] [cxt 0] Skipping checksum 'cksum' update because condition not met
[17:35:32.137] [bmv2] [D] [thread 20519] [5.0] [cxt 0] Deparsing header 'ethernet'
[17:35:32.137] [bmv2] [D] [thread 20519] [5.0] [cxt 0] Deparser 'deparser': end
[17:35:32.138] [bmv2] [D] [thread 20523] [5.0] [cxt 0] Transmitting packet of size 90 out of port 0
[17:35:32.209] [bmv2] [D] [thread 20518] [6.0] [cxt 0] Processing packet received on port 2
[17:35:32.209] [bmv2] [D] [thread 20518] [6.0] [cxt 0] Parser 'parser': start
[17:35:32.209] [bmv2] [D] [thread 20518] [6.0] [cxt 0] Parser 'parser' entering state 'start'
[17:35:32.209] [bmv2] [D] [thread 20518] [6.0] [cxt 0] Extracting header 'ethernet'
[17:35:32.209] [bmv2] [D] [thread 20518] [6.0] [cxt 0] Parser state 'start': key is 86dd
[17:35:32.209] [bmv2] [T] [thread 20518] [6.0] [cxt 0] Bytes parsed: 14
[17:35:32.209] [bmv2] [D] [thread 20518] [6.0] [cxt 0] Parser 'parser': end
[17:35:32.209] [bmv2] [D] [thread 20518] [6.0] [cxt 0] Pipeline 'ingress': start
[17:35:32.209] [bmv2] [T] [thread 20518] [6.0] [cxt 0] load_balance.p4(147) Condition "hdr.ipv4.isValid() && hdr.ipv4.ttl > 0" (node_2) is false
[17:35:32.209] [bmv2] [D] [thread 20518] [6.0] [cxt 0] Pipeline 'ingress': end
[17:35:32.209] [bmv2] [D] [thread 20518] [6.0] [cxt 0] Egress port is 0
[17:35:32.209] [bmv2] [D] [thread 20518] [7.0] [cxt 0] Processing packet received on port 2
[17:35:32.209] [bmv2] [D] [thread 20518] [7.0] [cxt 0] Parser 'parser': start
[17:35:32.209] [bmv2] [D] [thread 20518] [7.0] [cxt 0] Parser 'parser' entering state 'start'
[17:35:32.209] [bmv2] [D] [thread 20518] [7.0] [cxt 0] Extracting header 'ethernet'
[17:35:32.209] [bmv2] [D] [thread 20518] [7.0] [cxt 0] Parser state 'start': key is 86dd
[17:35:32.209] [bmv2] [T] [thread 20518] [7.0] [cxt 0] Bytes parsed: 14
[17:35:32.209] [bmv2] [D] [thread 20518] [7.0] [cxt 0] Parser 'parser': end
[17:35:32.209] [bmv2] [D] [thread 20518] [7.0] [cxt 0] Pipeline 'ingress': start
[17:35:32.209] [bmv2] [T] [thread 20518] [7.0] [cxt 0] load_balance.p4(147) Condition "hdr.ipv4.isValid() && hdr.ipv4.ttl > 0" (node_2) is false
[17:35:32.209] [bmv2] [D] [thread 20518] [7.0] [cxt 0] Pipeline 'ingress': end
[17:35:32.209] [bmv2] [D] [thread 20518] [7.0] [cxt 0] Egress port is 0
[17:35:32.210] [bmv2] [D] [thread 20519] [6.0] [cxt 0] Pipeline 'egress': start
[17:35:32.210] [bmv2] [T] [thread 20519] [6.0] [cxt 0] Applying table 'MyEgress.send_frame'
[17:35:32.210] [bmv2] [D] [thread 20519] [6.0] [cxt 0] Looking up key:
* standard_metadata.egress_port: 0000

[17:35:32.210] [bmv2] [D] [thread 20519] [6.0] [cxt 0] Table 'MyEgress.send_frame': miss
[17:35:32.210] [bmv2] [D] [thread 20519] [6.0] [cxt 0] Action entry is NoAction - 
[17:35:32.210] [bmv2] [T] [thread 20519] [6.0] [cxt 0] Action NoAction
[17:35:32.210] [bmv2] [D] [thread 20519] [6.0] [cxt 0] Pipeline 'egress': end
[17:35:32.210] [bmv2] [D] [thread 20519] [6.0] [cxt 0] Deparser 'deparser': start
[17:35:32.210] [bmv2] [T] [thread 20519] [6.0] [cxt 0] Skipping checksum 'cksum' update because condition not met
[17:35:32.211] [bmv2] [D] [thread 20519] [6.0] [cxt 0] Deparsing header 'ethernet'
[17:35:32.211] [bmv2] [D] [thread 20519] [6.0] [cxt 0] Deparser 'deparser': end
[17:35:32.211] [bmv2] [D] [thread 20519] [7.0] [cxt 0] Pipeline 'egress': start
[17:35:32.211] [bmv2] [T] [thread 20519] [7.0] [cxt 0] Applying table 'MyEgress.send_frame'
[17:35:32.211] [bmv2] [D] [thread 20519] [7.0] [cxt 0] Looking up key:
* standard_metadata.egress_port: 0000

[17:35:32.213] [bmv2] [D] [thread 20523] [6.0] [cxt 0] Transmitting packet of size 196 out of port 0
[17:35:32.211] [bmv2] [D] [thread 20519] [7.0] [cxt 0] Table 'MyEgress.send_frame': miss
[17:35:32.214] [bmv2] [D] [thread 20519] [7.0] [cxt 0] Action entry is NoAction - 
[17:35:32.214] [bmv2] [T] [thread 20519] [7.0] [cxt 0] Action NoAction
[17:35:32.214] [bmv2] [D] [thread 20519] [7.0] [cxt 0] Pipeline 'egress': end
[17:35:32.214] [bmv2] [D] [thread 20519] [7.0] [cxt 0] Deparser 'deparser': start
[17:35:32.214] [bmv2] [T] [thread 20519] [7.0] [cxt 0] Skipping checksum 'cksum' update because condition not met
[17:35:32.214] [bmv2] [D] [thread 20519] [7.0] [cxt 0] Deparsing header 'ethernet'
[17:35:32.214] [bmv2] [D] [thread 20519] [7.0] [cxt 0] Deparser 'deparser': end
[17:35:32.214] [bmv2] [D] [thread 20523] [7.0] [cxt 0] Transmitting packet of size 208 out of port 0
[17:35:32.300] [bmv2] [D] [thread 20518] [8.0] [cxt 0] Processing packet received on port 2
[17:35:32.300] [bmv2] [D] [thread 20518] [8.0] [cxt 0] Parser 'parser': start
[17:35:32.300] [bmv2] [D] [thread 20518] [8.0] [cxt 0] Parser 'parser' entering state 'start'
[17:35:32.300] [bmv2] [D] [thread 20518] [8.0] [cxt 0] Extracting header 'ethernet'
[17:35:32.300] [bmv2] [D] [thread 20518] [8.0] [cxt 0] Parser state 'start': key is 86dd
[17:35:32.300] [bmv2] [T] [thread 20518] [8.0] [cxt 0] Bytes parsed: 14
[17:35:32.300] [bmv2] [D] [thread 20518] [8.0] [cxt 0] Parser 'parser': end
[17:35:32.300] [bmv2] [D] [thread 20518] [8.0] [cxt 0] Pipeline 'ingress': start
[17:35:32.300] [bmv2] [T] [thread 20518] [8.0] [cxt 0] load_balance.p4(147) Condition "hdr.ipv4.isValid() && hdr.ipv4.ttl > 0" (node_2) is false
[17:35:32.300] [bmv2] [D] [thread 20518] [8.0] [cxt 0] Pipeline 'ingress': end
[17:35:32.300] [bmv2] [D] [thread 20518] [8.0] [cxt 0] Egress port is 0
[17:35:32.300] [bmv2] [D] [thread 20519] [8.0] [cxt 0] Pipeline 'egress': start
[17:35:32.300] [bmv2] [T] [thread 20519] [8.0] [cxt 0] Applying table 'MyEgress.send_frame'
[17:35:32.300] [bmv2] [D] [thread 20519] [8.0] [cxt 0] Looking up key:
* standard_metadata.egress_port: 0000

[17:35:32.300] [bmv2] [D] [thread 20519] [8.0] [cxt 0] Table 'MyEgress.send_frame': miss
[17:35:32.300] [bmv2] [D] [thread 20519] [8.0] [cxt 0] Action entry is NoAction - 
[17:35:32.300] [bmv2] [T] [thread 20519] [8.0] [cxt 0] Action NoAction
[17:35:32.300] [bmv2] [D] [thread 20519] [8.0] [cxt 0] Pipeline 'egress': end
[17:35:32.300] [bmv2] [D] [thread 20519] [8.0] [cxt 0] Deparser 'deparser': start
[17:35:32.300] [bmv2] [T] [thread 20519] [8.0] [cxt 0] Skipping checksum 'cksum' update because condition not met
[17:35:32.300] [bmv2] [D] [thread 20519] [8.0] [cxt 0] Deparsing header 'ethernet'
[17:35:32.300] [bmv2] [D] [thread 20519] [8.0] [cxt 0] Deparser 'deparser': end
[17:35:32.300] [bmv2] [D] [thread 20523] [8.0] [cxt 0] Transmitting packet of size 90 out of port 0
[17:35:32.309] [bmv2] [D] [thread 20518] [9.0] [cxt 0] Processing packet received on port 3
[17:35:32.310] [bmv2] [D] [thread 20518] [9.0] [cxt 0] Parser 'parser': start
[17:35:32.310] [bmv2] [D] [thread 20518] [9.0] [cxt 0] Parser 'parser' entering state 'start'
[17:35:32.310] [bmv2] [D] [thread 20518] [9.0] [cxt 0] Extracting header 'ethernet'
[17:35:32.310] [bmv2] [D] [thread 20518] [9.0] [cxt 0] Parser state 'start': key is 86dd
[17:35:32.310] [bmv2] [T] [thread 20518] [9.0] [cxt 0] Bytes parsed: 14
[17:35:32.310] [bmv2] [D] [thread 20518] [9.0] [cxt 0] Parser 'parser': end
[17:35:32.310] [bmv2] [D] [thread 20518] [9.0] [cxt 0] Pipeline 'ingress': start
[17:35:32.310] [bmv2] [T] [thread 20518] [9.0] [cxt 0] load_balance.p4(147) Condition "hdr.ipv4.isValid() && hdr.ipv4.ttl > 0" (node_2) is false
[17:35:32.310] [bmv2] [D] [thread 20518] [9.0] [cxt 0] Pipeline 'ingress': end
[17:35:32.310] [bmv2] [D] [thread 20518] [9.0] [cxt 0] Egress port is 0
[17:35:32.310] [bmv2] [D] [thread 20518] [10.0] [cxt 0] Processing packet received on port 3
[17:35:32.310] [bmv2] [D] [thread 20518] [10.0] [cxt 0] Parser 'parser': start
[17:35:32.310] [bmv2] [D] [thread 20518] [10.0] [cxt 0] Parser 'parser' entering state 'start'
[17:35:32.310] [bmv2] [D] [thread 20518] [10.0] [cxt 0] Extracting header 'ethernet'
[17:35:32.310] [bmv2] [D] [thread 20518] [10.0] [cxt 0] Parser state 'start': key is 86dd
[17:35:32.310] [bmv2] [T] [thread 20518] [10.0] [cxt 0] Bytes parsed: 14
[17:35:32.310] [bmv2] [D] [thread 20518] [10.0] [cxt 0] Parser 'parser': end
[17:35:32.310] [bmv2] [D] [thread 20518] [10.0] [cxt 0] Pipeline 'ingress': start
[17:35:32.310] [bmv2] [T] [thread 20518] [10.0] [cxt 0] load_balance.p4(147) Condition "hdr.ipv4.isValid() && hdr.ipv4.ttl > 0" (node_2) is false
[17:35:32.310] [bmv2] [D] [thread 20518] [10.0] [cxt 0] Pipeline 'ingress': end
[17:35:32.310] [bmv2] [D] [thread 20518] [10.0] [cxt 0] Egress port is 0
[17:35:32.310] [bmv2] [D] [thread 20519] [9.0] [cxt 0] Pipeline 'egress': start
[17:35:32.310] [bmv2] [T] [thread 20519] [9.0] [cxt 0] Applying table 'MyEgress.send_frame'
[17:35:32.310] [bmv2] [D] [thread 20519] [9.0] [cxt 0] Looking up key:
* standard_metadata.egress_port: 0000

[17:35:32.310] [bmv2] [D] [thread 20519] [9.0] [cxt 0] Table 'MyEgress.send_frame': miss
[17:35:32.310] [bmv2] [D] [thread 20519] [9.0] [cxt 0] Action entry is NoAction - 
[17:35:32.310] [bmv2] [T] [thread 20519] [9.0] [cxt 0] Action NoAction
[17:35:32.310] [bmv2] [D] [thread 20519] [9.0] [cxt 0] Pipeline 'egress': end
[17:35:32.310] [bmv2] [D] [thread 20519] [9.0] [cxt 0] Deparser 'deparser': start
[17:35:32.310] [bmv2] [T] [thread 20519] [9.0] [cxt 0] Skipping checksum 'cksum' update because condition not met
[17:35:32.310] [bmv2] [D] [thread 20519] [9.0] [cxt 0] Deparsing header 'ethernet'
[17:35:32.310] [bmv2] [D] [thread 20519] [9.0] [cxt 0] Deparser 'deparser': end
[17:35:32.310] [bmv2] [D] [thread 20519] [10.0] [cxt 0] Pipeline 'egress': start
[17:35:32.310] [bmv2] [T] [thread 20519] [10.0] [cxt 0] Applying table 'MyEgress.send_frame'
[17:35:32.310] [bmv2] [D] [thread 20519] [10.0] [cxt 0] Looking up key:
* standard_metadata.egress_port: 0000

[17:35:32.310] [bmv2] [D] [thread 20519] [10.0] [cxt 0] Table 'MyEgress.send_frame': miss
[17:35:32.310] [bmv2] [D] [thread 20519] [10.0] [cxt 0] Action entry is NoAction - 
[17:35:32.310] [bmv2] [T] [thread 20519] [10.0] [cxt 0] Action NoAction
[17:35:32.310] [bmv2] [D] [thread 20519] [10.0] [cxt 0] Pipeline 'egress': end
[17:35:32.310] [bmv2] [D] [thread 20519] [10.0] [cxt 0] Deparser 'deparser': start
[17:35:32.310] [bmv2] [T] [thread 20519] [10.0] [cxt 0] Skipping checksum 'cksum' update because condition not met
[17:35:32.311] [bmv2] [D] [thread 20519] [10.0] [cxt 0] Deparsing header 'ethernet'
[17:35:32.311] [bmv2] [D] [thread 20519] [10.0] [cxt 0] Deparser 'deparser': end
[17:35:32.311] [bmv2] [D] [thread 20523] [9.0] [cxt 0] Transmitting packet of size 208 out of port 0
[17:35:32.311] [bmv2] [D] [thread 20523] [10.0] [cxt 0] Transmitting packet of size 208 out of port 0
[17:35:32.394] [bmv2] [D] [thread 20518] [11.0] [cxt 0] Processing packet received on port 2
[17:35:32.395] [bmv2] [D] [thread 20518] [11.0] [cxt 0] Parser 'parser': start
[17:35:32.395] [bmv2] [D] [thread 20518] [11.0] [cxt 0] Parser 'parser' entering state 'start'
[17:35:32.395] [bmv2] [D] [thread 20518] [11.0] [cxt 0] Extracting header 'ethernet'
[17:35:32.395] [bmv2] [D] [thread 20518] [11.0] [cxt 0] Parser state 'start': key is 86dd
[17:35:32.395] [bmv2] [T] [thread 20518] [11.0] [cxt 0] Bytes parsed: 14
[17:35:32.395] [bmv2] [D] [thread 20518] [11.0] [cxt 0] Parser 'parser': end
[17:35:32.395] [bmv2] [D] [thread 20518] [11.0] [cxt 0] Pipeline 'ingress': start
[17:35:32.395] [bmv2] [T] [thread 20518] [11.0] [cxt 0] load_balance.p4(147) Condition "hdr.ipv4.isValid() && hdr.ipv4.ttl > 0" (node_2) is false
[17:35:32.395] [bmv2] [D] [thread 20518] [11.0] [cxt 0] Pipeline 'ingress': end
[17:35:32.395] [bmv2] [D] [thread 20518] [11.0] [cxt 0] Egress port is 0
[17:35:32.395] [bmv2] [D] [thread 20519] [11.0] [cxt 0] Pipeline 'egress': start
[17:35:32.395] [bmv2] [T] [thread 20519] [11.0] [cxt 0] Applying table 'MyEgress.send_frame'
[17:35:32.395] [bmv2] [D] [thread 20519] [11.0] [cxt 0] Looking up key:
* standard_metadata.egress_port: 0000

[17:35:32.395] [bmv2] [D] [thread 20519] [11.0] [cxt 0] Table 'MyEgress.send_frame': miss
[17:35:32.395] [bmv2] [D] [thread 20519] [11.0] [cxt 0] Action entry is NoAction - 
[17:35:32.396] [bmv2] [T] [thread 20519] [11.0] [cxt 0] Action NoAction
[17:35:32.396] [bmv2] [D] [thread 20519] [11.0] [cxt 0] Pipeline 'egress': end
[17:35:32.396] [bmv2] [D] [thread 20519] [11.0] [cxt 0] Deparser 'deparser': start
[17:35:32.396] [bmv2] [T] [thread 20519] [11.0] [cxt 0] Skipping checksum 'cksum' update because condition not met
[17:35:32.396] [bmv2] [D] [thread 20519] [11.0] [cxt 0] Deparsing header 'ethernet'
[17:35:32.396] [bmv2] [D] [thread 20519] [11.0] [cxt 0] Deparser 'deparser': end
[17:35:32.396] [bmv2] [D] [thread 20523] [11.0] [cxt 0] Transmitting packet of size 110 out of port 0
[17:35:32.489] [bmv2] [D] [thread 20518] [12.0] [cxt 0] Processing packet received on port 1
[17:35:32.489] [bmv2] [D] [thread 20518] [12.0] [cxt 0] Parser 'parser': start
[17:35:32.489] [bmv2] [D] [thread 20518] [12.0] [cxt 0] Parser 'parser' entering state 'start'
[17:35:32.489] [bmv2] [D] [thread 20518] [12.0] [cxt 0] Extracting header 'ethernet'
[17:35:32.489] [bmv2] [D] [thread 20518] [12.0] [cxt 0] Parser state 'start': key is 86dd
[17:35:32.489] [bmv2] [T] [thread 20518] [12.0] [cxt 0] Bytes parsed: 14
[17:35:32.489] [bmv2] [D] [thread 20518] [12.0] [cxt 0] Parser 'parser': end
[17:35:32.489] [bmv2] [D] [thread 20518] [12.0] [cxt 0] Pipeline 'ingress': start
[17:35:32.489] [bmv2] [T] [thread 20518] [12.0] [cxt 0] load_balance.p4(147) Condition "hdr.ipv4.isValid() && hdr.ipv4.ttl > 0" (node_2) is false
[17:35:32.489] [bmv2] [D] [thread 20518] [12.0] [cxt 0] Pipeline 'ingress': end
[17:35:32.489] [bmv2] [D] [thread 20518] [12.0] [cxt 0] Egress port is 0
[17:35:32.489] [bmv2] [D] [thread 20518] [13.0] [cxt 0] Processing packet received on port 2
[17:35:32.489] [bmv2] [D] [thread 20518] [13.0] [cxt 0] Parser 'parser': start
[17:35:32.489] [bmv2] [D] [thread 20518] [13.0] [cxt 0] Parser 'parser' entering state 'start'
[17:35:32.489] [bmv2] [D] [thread 20518] [13.0] [cxt 0] Extracting header 'ethernet'
[17:35:32.489] [bmv2] [D] [thread 20518] [13.0] [cxt 0] Parser state 'start': key is 86dd
[17:35:32.489] [bmv2] [T] [thread 20518] [13.0] [cxt 0] Bytes parsed: 14
[17:35:32.489] [bmv2] [D] [thread 20518] [13.0] [cxt 0] Parser 'parser': end
[17:35:32.489] [bmv2] [D] [thread 20518] [13.0] [cxt 0] Pipeline 'ingress': start
[17:35:32.489] [bmv2] [T] [thread 20518] [13.0] [cxt 0] load_balance.p4(147) Condition "hdr.ipv4.isValid() && hdr.ipv4.ttl > 0" (node_2) is false
[17:35:32.489] [bmv2] [D] [thread 20518] [13.0] [cxt 0] Pipeline 'ingress': end
[17:35:32.489] [bmv2] [D] [thread 20518] [13.0] [cxt 0] Egress port is 0
[17:35:32.490] [bmv2] [D] [thread 20519] [12.0] [cxt 0] Pipeline 'egress': start
[17:35:32.490] [bmv2] [T] [thread 20519] [12.0] [cxt 0] Applying table 'MyEgress.send_frame'
[17:35:32.490] [bmv2] [D] [thread 20519] [12.0] [cxt 0] Looking up key:
* standard_metadata.egress_port: 0000

[17:35:32.490] [bmv2] [D] [thread 20519] [12.0] [cxt 0] Table 'MyEgress.send_frame': miss
[17:35:32.490] [bmv2] [D] [thread 20519] [12.0] [cxt 0] Action entry is NoAction - 
[17:35:32.490] [bmv2] [T] [thread 20519] [12.0] [cxt 0] Action NoAction
[17:35:32.490] [bmv2] [D] [thread 20519] [12.0] [cxt 0] Pipeline 'egress': end
[17:35:32.490] [bmv2] [D] [thread 20519] [12.0] [cxt 0] Deparser 'deparser': start
[17:35:32.490] [bmv2] [T] [thread 20519] [12.0] [cxt 0] Skipping checksum 'cksum' update because condition not met
[17:35:32.490] [bmv2] [D] [thread 20519] [12.0] [cxt 0] Deparsing header 'ethernet'
[17:35:32.490] [bmv2] [D] [thread 20519] [12.0] [cxt 0] Deparser 'deparser': end
[17:35:32.490] [bmv2] [D] [thread 20519] [13.0] [cxt 0] Pipeline 'egress': start
[17:35:32.490] [bmv2] [T] [thread 20519] [13.0] [cxt 0] Applying table 'MyEgress.send_frame'
[17:35:32.490] [bmv2] [D] [thread 20519] [13.0] [cxt 0] Looking up key:
* standard_metadata.egress_port: 0000

[17:35:32.493] [bmv2] [D] [thread 20523] [12.0] [cxt 0] Transmitting packet of size 196 out of port 0
[17:35:32.493] [bmv2] [D] [thread 20519] [13.0] [cxt 0] Table 'MyEgress.send_frame': miss
[17:35:32.493] [bmv2] [D] [thread 20519] [13.0] [cxt 0] Action entry is NoAction - 
[17:35:32.494] [bmv2] [T] [thread 20519] [13.0] [cxt 0] Action NoAction
[17:35:32.494] [bmv2] [D] [thread 20519] [13.0] [cxt 0] Pipeline 'egress': end
[17:35:32.494] [bmv2] [D] [thread 20519] [13.0] [cxt 0] Deparser 'deparser': start
[17:35:32.494] [bmv2] [T] [thread 20519] [13.0] [cxt 0] Skipping checksum 'cksum' update because condition not met
[17:35:32.494] [bmv2] [D] [thread 20519] [13.0] [cxt 0] Deparsing header 'ethernet'
[17:35:32.494] [bmv2] [D] [thread 20519] [13.0] [cxt 0] Deparser 'deparser': end
[17:35:32.494] [bmv2] [D] [thread 20523] [13.0] [cxt 0] Transmitting packet of size 208 out of port 0
[17:35:32.506] [bmv2] [D] [thread 20518] [14.0] [cxt 0] Processing packet received on port 3
[17:35:32.506] [bmv2] [D] [thread 20518] [14.0] [cxt 0] Parser 'parser': start
[17:35:32.506] [bmv2] [D] [thread 20518] [14.0] [cxt 0] Parser 'parser' entering state 'start'
[17:35:32.506] [bmv2] [D] [thread 20518] [14.0] [cxt 0] Extracting header 'ethernet'
[17:35:32.506] [bmv2] [D] [thread 20518] [14.0] [cxt 0] Parser state 'start': key is 86dd
[17:35:32.506] [bmv2] [T] [thread 20518] [14.0] [cxt 0] Bytes parsed: 14
[17:35:32.506] [bmv2] [D] [thread 20518] [14.0] [cxt 0] Parser 'parser': end
[17:35:32.506] [bmv2] [D] [thread 20518] [14.0] [cxt 0] Pipeline 'ingress': start
[17:35:32.506] [bmv2] [T] [thread 20518] [14.0] [cxt 0] load_balance.p4(147) Condition "hdr.ipv4.isValid() && hdr.ipv4.ttl > 0" (node_2) is false
[17:35:32.506] [bmv2] [D] [thread 20518] [14.0] [cxt 0] Pipeline 'ingress': end
[17:35:32.506] [bmv2] [D] [thread 20518] [14.0] [cxt 0] Egress port is 0
[17:35:32.506] [bmv2] [D] [thread 20519] [14.0] [cxt 0] Pipeline 'egress': start
[17:35:32.506] [bmv2] [T] [thread 20519] [14.0] [cxt 0] Applying table 'MyEgress.send_frame'
[17:35:32.507] [bmv2] [D] [thread 20519] [14.0] [cxt 0] Looking up key:
* standard_metadata.egress_port: 0000

[17:35:32.507] [bmv2] [D] [thread 20519] [14.0] [cxt 0] Table 'MyEgress.send_frame': miss
[17:35:32.507] [bmv2] [D] [thread 20519] [14.0] [cxt 0] Action entry is NoAction - 
[17:35:32.507] [bmv2] [T] [thread 20519] [14.0] [cxt 0] Action NoAction
[17:35:32.507] [bmv2] [D] [thread 20519] [14.0] [cxt 0] Pipeline 'egress': end
[17:35:32.507] [bmv2] [D] [thread 20519] [14.0] [cxt 0] Deparser 'deparser': start
[17:35:32.507] [bmv2] [T] [thread 20519] [14.0] [cxt 0] Skipping checksum 'cksum' update because condition not met
[17:35:32.507] [bmv2] [D] [thread 20519] [14.0] [cxt 0] Deparsing header 'ethernet'
[17:35:32.507] [bmv2] [D] [thread 20519] [14.0] [cxt 0] Deparser 'deparser': end
[17:35:32.507] [bmv2] [D] [thread 20523] [14.0] [cxt 0] Transmitting packet of size 196 out of port 0
[17:35:32.565] [bmv2] [D] [thread 20518] [15.0] [cxt 0] Processing packet received on port 3
[17:35:32.565] [bmv2] [D] [thread 20518] [15.0] [cxt 0] Parser 'parser': start
[17:35:32.565] [bmv2] [D] [thread 20518] [15.0] [cxt 0] Parser 'parser' entering state 'start'
[17:35:32.565] [bmv2] [D] [thread 20518] [15.0] [cxt 0] Extracting header 'ethernet'
[17:35:32.565] [bmv2] [D] [thread 20518] [15.0] [cxt 0] Parser state 'start': key is 86dd
[17:35:32.565] [bmv2] [T] [thread 20518] [15.0] [cxt 0] Bytes parsed: 14
[17:35:32.565] [bmv2] [D] [thread 20518] [15.0] [cxt 0] Parser 'parser': end
[17:35:32.565] [bmv2] [D] [thread 20518] [15.0] [cxt 0] Pipeline 'ingress': start
[17:35:32.565] [bmv2] [T] [thread 20518] [15.0] [cxt 0] load_balance.p4(147) Condition "hdr.ipv4.isValid() && hdr.ipv4.ttl > 0" (node_2) is false
[17:35:32.565] [bmv2] [D] [thread 20518] [15.0] [cxt 0] Pipeline 'ingress': end
[17:35:32.565] [bmv2] [D] [thread 20518] [15.0] [cxt 0] Egress port is 0
[17:35:32.565] [bmv2] [D] [thread 20519] [15.0] [cxt 0] Pipeline 'egress': start
[17:35:32.565] [bmv2] [T] [thread 20519] [15.0] [cxt 0] Applying table 'MyEgress.send_frame'
[17:35:32.565] [bmv2] [D] [thread 20519] [15.0] [cxt 0] Looking up key:
* standard_metadata.egress_port: 0000

[17:35:32.566] [bmv2] [D] [thread 20519] [15.0] [cxt 0] Table 'MyEgress.send_frame': miss
[17:35:32.566] [bmv2] [D] [thread 20519] [15.0] [cxt 0] Action entry is NoAction - 
[17:35:32.571] [bmv2] [T] [thread 20519] [15.0] [cxt 0] Action NoAction
[17:35:32.571] [bmv2] [D] [thread 20519] [15.0] [cxt 0] Pipeline 'egress': end
[17:35:32.571] [bmv2] [D] [thread 20519] [15.0] [cxt 0] Deparser 'deparser': start
[17:35:32.571] [bmv2] [T] [thread 20519] [15.0] [cxt 0] Skipping checksum 'cksum' update because condition not met
[17:35:32.571] [bmv2] [D] [thread 20519] [15.0] [cxt 0] Deparsing header 'ethernet'
[17:35:32.571] [bmv2] [D] [thread 20519] [15.0] [cxt 0] Deparser 'deparser': end
[17:35:32.571] [bmv2] [D] [thread 20523] [15.0] [cxt 0] Transmitting packet of size 208 out of port 0
[17:35:32.687] [bmv2] [D] [thread 20518] [16.0] [cxt 0] Processing packet received on port 2
[17:35:32.687] [bmv2] [D] [thread 20518] [16.0] [cxt 0] Parser 'parser': start
[17:35:32.687] [bmv2] [D] [thread 20518] [16.0] [cxt 0] Parser 'parser' entering state 'start'
[17:35:32.687] [bmv2] [D] [thread 20518] [16.0] [cxt 0] Extracting header 'ethernet'
[17:35:32.687] [bmv2] [D] [thread 20518] [16.0] [cxt 0] Parser state 'start': key is 86dd
[17:35:32.687] [bmv2] [T] [thread 20518] [16.0] [cxt 0] Bytes parsed: 14
[17:35:32.687] [bmv2] [D] [thread 20518] [16.0] [cxt 0] Parser 'parser': end
[17:35:32.687] [bmv2] [D] [thread 20518] [16.0] [cxt 0] Pipeline 'ingress': start
[17:35:32.687] [bmv2] [T] [thread 20518] [16.0] [cxt 0] load_balance.p4(147) Condition "hdr.ipv4.isValid() && hdr.ipv4.ttl > 0" (node_2) is false
[17:35:32.687] [bmv2] [D] [thread 20518] [16.0] [cxt 0] Pipeline 'ingress': end
[17:35:32.687] [bmv2] [D] [thread 20518] [16.0] [cxt 0] Egress port is 0
[17:35:32.689] [bmv2] [D] [thread 20518] [17.0] [cxt 0] Processing packet received on port 3
[17:35:32.689] [bmv2] [D] [thread 20518] [17.0] [cxt 0] Parser 'parser': start
[17:35:32.689] [bmv2] [D] [thread 20518] [17.0] [cxt 0] Parser 'parser' entering state 'start'
[17:35:32.689] [bmv2] [D] [thread 20518] [17.0] [cxt 0] Extracting header 'ethernet'
[17:35:32.689] [bmv2] [D] [thread 20518] [17.0] [cxt 0] Parser state 'start': key is 86dd
[17:35:32.689] [bmv2] [T] [thread 20518] [17.0] [cxt 0] Bytes parsed: 14
[17:35:32.689] [bmv2] [D] [thread 20518] [17.0] [cxt 0] Parser 'parser': end
[17:35:32.689] [bmv2] [D] [thread 20518] [17.0] [cxt 0] Pipeline 'ingress': start
[17:35:32.689] [bmv2] [T] [thread 20518] [17.0] [cxt 0] load_balance.p4(147) Condition "hdr.ipv4.isValid() && hdr.ipv4.ttl > 0" (node_2) is false
[17:35:32.689] [bmv2] [D] [thread 20518] [17.0] [cxt 0] Pipeline 'ingress': end
[17:35:32.689] [bmv2] [D] [thread 20518] [17.0] [cxt 0] Egress port is 0
[17:35:32.689] [bmv2] [D] [thread 20519] [16.0] [cxt 0] Pipeline 'egress': start
[17:35:32.690] [bmv2] [T] [thread 20519] [16.0] [cxt 0] Applying table 'MyEgress.send_frame'
[17:35:32.690] [bmv2] [D] [thread 20519] [16.0] [cxt 0] Looking up key:
* standard_metadata.egress_port: 0000

[17:35:32.690] [bmv2] [D] [thread 20519] [16.0] [cxt 0] Table 'MyEgress.send_frame': miss
[17:35:32.690] [bmv2] [D] [thread 20519] [16.0] [cxt 0] Action entry is NoAction - 
[17:35:32.690] [bmv2] [T] [thread 20519] [16.0] [cxt 0] Action NoAction
[17:35:32.690] [bmv2] [D] [thread 20519] [16.0] [cxt 0] Pipeline 'egress': end
[17:35:32.690] [bmv2] [D] [thread 20519] [16.0] [cxt 0] Deparser 'deparser': start
[17:35:32.690] [bmv2] [T] [thread 20519] [16.0] [cxt 0] Skipping checksum 'cksum' update because condition not met
[17:35:32.690] [bmv2] [D] [thread 20519] [16.0] [cxt 0] Deparsing header 'ethernet'
[17:35:32.690] [bmv2] [D] [thread 20519] [16.0] [cxt 0] Deparser 'deparser': end
[17:35:32.690] [bmv2] [D] [thread 20519] [17.0] [cxt 0] Pipeline 'egress': start
[17:35:32.690] [bmv2] [T] [thread 20519] [17.0] [cxt 0] Applying table 'MyEgress.send_frame'
[17:35:32.690] [bmv2] [D] [thread 20519] [17.0] [cxt 0] Looking up key:
* standard_metadata.egress_port: 0000

[17:35:32.691] [bmv2] [D] [thread 20519] [17.0] [cxt 0] Table 'MyEgress.send_frame': miss
[17:35:32.691] [bmv2] [D] [thread 20519] [17.0] [cxt 0] Action entry is NoAction - 
[17:35:32.691] [bmv2] [T] [thread 20519] [17.0] [cxt 0] Action NoAction
[17:35:32.691] [bmv2] [D] [thread 20519] [17.0] [cxt 0] Pipeline 'egress': end
[17:35:32.691] [bmv2] [D] [thread 20519] [17.0] [cxt 0] Deparser 'deparser': start
[17:35:32.691] [bmv2] [T] [thread 20519] [17.0] [cxt 0] Skipping checksum 'cksum' update because condition not met
[17:35:32.691] [bmv2] [D] [thread 20519] [17.0] [cxt 0] Deparsing header 'ethernet'
[17:35:32.691] [bmv2] [D] [thread 20519] [17.0] [cxt 0] Deparser 'deparser': end
[17:35:32.695] [bmv2] [D] [thread 20523] [16.0] [cxt 0] Transmitting packet of size 196 out of port 0
[17:35:32.695] [bmv2] [D] [thread 20523] [17.0] [cxt 0] Transmitting packet of size 110 out of port 0
[17:35:32.794] [bmv2] [D] [thread 20518] [18.0] [cxt 0] Processing packet received on port 3
[17:35:32.794] [bmv2] [D] [thread 20518] [18.0] [cxt 0] Parser 'parser': start
[17:35:32.794] [bmv2] [D] [thread 20518] [18.0] [cxt 0] Parser 'parser' entering state 'start'
[17:35:32.794] [bmv2] [D] [thread 20518] [18.0] [cxt 0] Extracting header 'ethernet'
[17:35:32.794] [bmv2] [D] [thread 20518] [18.0] [cxt 0] Parser state 'start': key is 86dd
[17:35:32.794] [bmv2] [T] [thread 20518] [18.0] [cxt 0] Bytes parsed: 14
[17:35:32.794] [bmv2] [D] [thread 20518] [18.0] [cxt 0] Parser 'parser': end
[17:35:32.794] [bmv2] [D] [thread 20518] [18.0] [cxt 0] Pipeline 'ingress': start
[17:35:32.794] [bmv2] [T] [thread 20518] [18.0] [cxt 0] load_balance.p4(147) Condition "hdr.ipv4.isValid() && hdr.ipv4.ttl > 0" (node_2) is false
[17:35:32.794] [bmv2] [D] [thread 20518] [18.0] [cxt 0] Pipeline 'ingress': end
[17:35:32.794] [bmv2] [D] [thread 20518] [18.0] [cxt 0] Egress port is 0
[17:35:32.797] [bmv2] [D] [thread 20519] [18.0] [cxt 0] Pipeline 'egress': start
[17:35:32.797] [bmv2] [T] [thread 20519] [18.0] [cxt 0] Applying table 'MyEgress.send_frame'
[17:35:32.797] [bmv2] [D] [thread 20519] [18.0] [cxt 0] Looking up key:
* standard_metadata.egress_port: 0000

[17:35:32.797] [bmv2] [D] [thread 20519] [18.0] [cxt 0] Table 'MyEgress.send_frame': miss
[17:35:32.797] [bmv2] [D] [thread 20519] [18.0] [cxt 0] Action entry is NoAction - 
[17:35:32.797] [bmv2] [T] [thread 20519] [18.0] [cxt 0] Action NoAction
[17:35:32.797] [bmv2] [D] [thread 20519] [18.0] [cxt 0] Pipeline 'egress': end
[17:35:32.797] [bmv2] [D] [thread 20519] [18.0] [cxt 0] Deparser 'deparser': start
[17:35:32.797] [bmv2] [T] [thread 20519] [18.0] [cxt 0] Skipping checksum 'cksum' update because condition not met
[17:35:32.797] [bmv2] [D] [thread 20519] [18.0] [cxt 0] Deparsing header 'ethernet'
[17:35:32.797] [bmv2] [D] [thread 20519] [18.0] [cxt 0] Deparser 'deparser': end
[17:35:32.798] [bmv2] [D] [thread 20523] [18.0] [cxt 0] Transmitting packet of size 196 out of port 0
[17:35:33.422] [bmv2] [D] [thread 20518] [19.0] [cxt 0] Processing packet received on port 2
[17:35:33.422] [bmv2] [D] [thread 20518] [19.0] [cxt 0] Parser 'parser': start
[17:35:33.422] [bmv2] [D] [thread 20518] [19.0] [cxt 0] Parser 'parser' entering state 'start'
[17:35:33.422] [bmv2] [D] [thread 20518] [19.0] [cxt 0] Extracting header 'ethernet'
[17:35:33.422] [bmv2] [D] [thread 20518] [19.0] [cxt 0] Parser state 'start': key is 86dd
[17:35:33.422] [bmv2] [T] [thread 20518] [19.0] [cxt 0] Bytes parsed: 14
[17:35:33.422] [bmv2] [D] [thread 20518] [19.0] [cxt 0] Parser 'parser': end
[17:35:33.422] [bmv2] [D] [thread 20518] [19.0] [cxt 0] Pipeline 'ingress': start
[17:35:33.422] [bmv2] [T] [thread 20518] [19.0] [cxt 0] load_balance.p4(147) Condition "hdr.ipv4.isValid() && hdr.ipv4.ttl > 0" (node_2) is false
[17:35:33.422] [bmv2] [D] [thread 20518] [19.0] [cxt 0] Pipeline 'ingress': end
[17:35:33.422] [bmv2] [D] [thread 20518] [19.0] [cxt 0] Egress port is 0
[17:35:33.422] [bmv2] [D] [thread 20519] [19.0] [cxt 0] Pipeline 'egress': start
[17:35:33.422] [bmv2] [T] [thread 20519] [19.0] [cxt 0] Applying table 'MyEgress.send_frame'
[17:35:33.422] [bmv2] [D] [thread 20519] [19.0] [cxt 0] Looking up key:
* standard_metadata.egress_port: 0000

[17:35:33.422] [bmv2] [D] [thread 20519] [19.0] [cxt 0] Table 'MyEgress.send_frame': miss
[17:35:33.422] [bmv2] [D] [thread 20519] [19.0] [cxt 0] Action entry is NoAction - 
[17:35:33.422] [bmv2] [T] [thread 20519] [19.0] [cxt 0] Action NoAction
[17:35:33.422] [bmv2] [D] [thread 20519] [19.0] [cxt 0] Pipeline 'egress': end
[17:35:33.422] [bmv2] [D] [thread 20519] [19.0] [cxt 0] Deparser 'deparser': start
[17:35:33.423] [bmv2] [T] [thread 20519] [19.0] [cxt 0] Skipping checksum 'cksum' update because condition not met
[17:35:33.423] [bmv2] [D] [thread 20519] [19.0] [cxt 0] Deparsing header 'ethernet'
[17:35:33.423] [bmv2] [D] [thread 20519] [19.0] [cxt 0] Deparser 'deparser': end
[17:35:33.424] [bmv2] [D] [thread 20523] [19.0] [cxt 0] Transmitting packet of size 196 out of port 0
[17:35:33.728] [bmv2] [D] [thread 20518] [20.0] [cxt 0] Processing packet received on port 3
[17:35:33.728] [bmv2] [D] [thread 20518] [20.0] [cxt 0] Parser 'parser': start
[17:35:33.728] [bmv2] [D] [thread 20518] [20.0] [cxt 0] Parser 'parser' entering state 'start'
[17:35:33.728] [bmv2] [D] [thread 20518] [20.0] [cxt 0] Extracting header 'ethernet'
[17:35:33.728] [bmv2] [D] [thread 20518] [20.0] [cxt 0] Parser state 'start': key is 86dd
[17:35:33.728] [bmv2] [T] [thread 20518] [20.0] [cxt 0] Bytes parsed: 14
[17:35:33.728] [bmv2] [D] [thread 20518] [20.0] [cxt 0] Parser 'parser': end
[17:35:33.728] [bmv2] [D] [thread 20518] [20.0] [cxt 0] Pipeline 'ingress': start
[17:35:33.728] [bmv2] [T] [thread 20518] [20.0] [cxt 0] load_balance.p4(147) Condition "hdr.ipv4.isValid() && hdr.ipv4.ttl > 0" (node_2) is false
[17:35:33.728] [bmv2] [D] [thread 20518] [20.0] [cxt 0] Pipeline 'ingress': end
[17:35:33.728] [bmv2] [D] [thread 20518] [20.0] [cxt 0] Egress port is 0
[17:35:33.728] [bmv2] [D] [thread 20519] [20.0] [cxt 0] Pipeline 'egress': start
[17:35:33.728] [bmv2] [T] [thread 20519] [20.0] [cxt 0] Applying table 'MyEgress.send_frame'
[17:35:33.728] [bmv2] [D] [thread 20519] [20.0] [cxt 0] Looking up key:
* standard_metadata.egress_port: 0000

[17:35:33.728] [bmv2] [D] [thread 20519] [20.0] [cxt 0] Table 'MyEgress.send_frame': miss
[17:35:33.728] [bmv2] [D] [thread 20519] [20.0] [cxt 0] Action entry is NoAction - 
[17:35:33.728] [bmv2] [T] [thread 20519] [20.0] [cxt 0] Action NoAction
[17:35:33.728] [bmv2] [D] [thread 20519] [20.0] [cxt 0] Pipeline 'egress': end
[17:35:33.728] [bmv2] [D] [thread 20519] [20.0] [cxt 0] Deparser 'deparser': start
[17:35:33.728] [bmv2] [T] [thread 20519] [20.0] [cxt 0] Skipping checksum 'cksum' update because condition not met
[17:35:33.728] [bmv2] [D] [thread 20519] [20.0] [cxt 0] Deparsing header 'ethernet'
[17:35:33.728] [bmv2] [D] [thread 20519] [20.0] [cxt 0] Deparser 'deparser': end
[17:35:33.728] [bmv2] [D] [thread 20523] [20.0] [cxt 0] Transmitting packet of size 196 out of port 0
[17:35:33.905] [bmv2] [D] [thread 20518] [21.0] [cxt 0] Processing packet received on port 2
[17:35:33.905] [bmv2] [D] [thread 20518] [21.0] [cxt 0] Parser 'parser': start
[17:35:33.905] [bmv2] [D] [thread 20518] [21.0] [cxt 0] Parser 'parser' entering state 'start'
[17:35:33.905] [bmv2] [D] [thread 20518] [21.0] [cxt 0] Extracting header 'ethernet'
[17:35:33.905] [bmv2] [D] [thread 20518] [21.0] [cxt 0] Parser state 'start': key is 86dd
[17:35:33.905] [bmv2] [T] [thread 20518] [21.0] [cxt 0] Bytes parsed: 14
[17:35:33.905] [bmv2] [D] [thread 20518] [21.0] [cxt 0] Parser 'parser': end
[17:35:33.905] [bmv2] [D] [thread 20518] [21.0] [cxt 0] Pipeline 'ingress': start
[17:35:33.905] [bmv2] [T] [thread 20518] [21.0] [cxt 0] load_balance.p4(147) Condition "hdr.ipv4.isValid() && hdr.ipv4.ttl > 0" (node_2) is false
[17:35:33.905] [bmv2] [D] [thread 20518] [21.0] [cxt 0] Pipeline 'ingress': end
[17:35:33.905] [bmv2] [D] [thread 20518] [21.0] [cxt 0] Egress port is 0
[17:35:33.907] [bmv2] [D] [thread 20519] [21.0] [cxt 0] Pipeline 'egress': start
[17:35:33.907] [bmv2] [T] [thread 20519] [21.0] [cxt 0] Applying table 'MyEgress.send_frame'
[17:35:33.907] [bmv2] [D] [thread 20519] [21.0] [cxt 0] Looking up key:
* standard_metadata.egress_port: 0000

[17:35:33.907] [bmv2] [D] [thread 20519] [21.0] [cxt 0] Table 'MyEgress.send_frame': miss
[17:35:33.907] [bmv2] [D] [thread 20519] [21.0] [cxt 0] Action entry is NoAction - 
[17:35:33.908] [bmv2] [T] [thread 20519] [21.0] [cxt 0] Action NoAction
[17:35:33.908] [bmv2] [D] [thread 20519] [21.0] [cxt 0] Pipeline 'egress': end
[17:35:33.908] [bmv2] [D] [thread 20519] [21.0] [cxt 0] Deparser 'deparser': start
[17:35:33.908] [bmv2] [T] [thread 20519] [21.0] [cxt 0] Skipping checksum 'cksum' update because condition not met
[17:35:33.908] [bmv2] [D] [thread 20519] [21.0] [cxt 0] Deparsing header 'ethernet'
[17:35:33.908] [bmv2] [D] [thread 20519] [21.0] [cxt 0] Deparser 'deparser': end
[17:35:33.908] [bmv2] [D] [thread 20523] [21.0] [cxt 0] Transmitting packet of size 196 out of port 0
[17:35:34.010] [bmv2] [D] [thread 20518] [22.0] [cxt 0] Processing packet received on port 3
[17:35:34.010] [bmv2] [D] [thread 20518] [22.0] [cxt 0] Parser 'parser': start
[17:35:34.010] [bmv2] [D] [thread 20518] [22.0] [cxt 0] Parser 'parser' entering state 'start'
[17:35:34.010] [bmv2] [D] [thread 20518] [22.0] [cxt 0] Extracting header 'ethernet'
[17:35:34.010] [bmv2] [D] [thread 20518] [22.0] [cxt 0] Parser state 'start': key is 86dd
[17:35:34.010] [bmv2] [T] [thread 20518] [22.0] [cxt 0] Bytes parsed: 14
[17:35:34.010] [bmv2] [D] [thread 20518] [22.0] [cxt 0] Parser 'parser': end
[17:35:34.010] [bmv2] [D] [thread 20518] [22.0] [cxt 0] Pipeline 'ingress': start
[17:35:34.010] [bmv2] [T] [thread 20518] [22.0] [cxt 0] load_balance.p4(147) Condition "hdr.ipv4.isValid() && hdr.ipv4.ttl > 0" (node_2) is false
[17:35:34.010] [bmv2] [D] [thread 20518] [22.0] [cxt 0] Pipeline 'ingress': end
[17:35:34.010] [bmv2] [D] [thread 20518] [22.0] [cxt 0] Egress port is 0
[17:35:34.011] [bmv2] [D] [thread 20519] [22.0] [cxt 0] Pipeline 'egress': start
[17:35:34.011] [bmv2] [T] [thread 20519] [22.0] [cxt 0] Applying table 'MyEgress.send_frame'
[17:35:34.012] [bmv2] [D] [thread 20519] [22.0] [cxt 0] Looking up key:
* standard_metadata.egress_port: 0000

[17:35:34.012] [bmv2] [D] [thread 20519] [22.0] [cxt 0] Table 'MyEgress.send_frame': miss
[17:35:34.012] [bmv2] [D] [thread 20519] [22.0] [cxt 0] Action entry is NoAction - 
[17:35:34.012] [bmv2] [T] [thread 20519] [22.0] [cxt 0] Action NoAction
[17:35:34.012] [bmv2] [D] [thread 20519] [22.0] [cxt 0] Pipeline 'egress': end
[17:35:34.012] [bmv2] [D] [thread 20519] [22.0] [cxt 0] Deparser 'deparser': start
[17:35:34.012] [bmv2] [T] [thread 20519] [22.0] [cxt 0] Skipping checksum 'cksum' update because condition not met
[17:35:34.012] [bmv2] [D] [thread 20519] [22.0] [cxt 0] Deparsing header 'ethernet'
[17:35:34.012] [bmv2] [D] [thread 20519] [22.0] [cxt 0] Deparser 'deparser': end
[17:35:34.012] [bmv2] [D] [thread 20523] [22.0] [cxt 0] Transmitting packet of size 196 out of port 0
[17:35:34.505] [bmv2] [D] [thread 20518] [23.0] [cxt 0] Processing packet received on port 1
[17:35:34.505] [bmv2] [D] [thread 20518] [23.0] [cxt 0] Parser 'parser': start
[17:35:34.505] [bmv2] [D] [thread 20518] [23.0] [cxt 0] Parser 'parser' entering state 'start'
[17:35:34.505] [bmv2] [D] [thread 20518] [23.0] [cxt 0] Extracting header 'ethernet'
[17:35:34.505] [bmv2] [D] [thread 20518] [23.0] [cxt 0] Parser state 'start': key is 86dd
[17:35:34.505] [bmv2] [T] [thread 20518] [23.0] [cxt 0] Bytes parsed: 14
[17:35:34.505] [bmv2] [D] [thread 20518] [23.0] [cxt 0] Parser 'parser': end
[17:35:34.505] [bmv2] [D] [thread 20518] [23.0] [cxt 0] Pipeline 'ingress': start
[17:35:34.505] [bmv2] [T] [thread 20518] [23.0] [cxt 0] load_balance.p4(147) Condition "hdr.ipv4.isValid() && hdr.ipv4.ttl > 0" (node_2) is false
[17:35:34.505] [bmv2] [D] [thread 20518] [23.0] [cxt 0] Pipeline 'ingress': end
[17:35:34.505] [bmv2] [D] [thread 20518] [23.0] [cxt 0] Egress port is 0
[17:35:34.506] [bmv2] [D] [thread 20519] [23.0] [cxt 0] Pipeline 'egress': start
[17:35:34.506] [bmv2] [T] [thread 20519] [23.0] [cxt 0] Applying table 'MyEgress.send_frame'
[17:35:34.506] [bmv2] [D] [thread 20519] [23.0] [cxt 0] Looking up key:
* standard_metadata.egress_port: 0000

[17:35:34.506] [bmv2] [D] [thread 20519] [23.0] [cxt 0] Table 'MyEgress.send_frame': miss
[17:35:34.506] [bmv2] [D] [thread 20519] [23.0] [cxt 0] Action entry is NoAction - 
[17:35:34.506] [bmv2] [T] [thread 20519] [23.0] [cxt 0] Action NoAction
[17:35:34.507] [bmv2] [D] [thread 20519] [23.0] [cxt 0] Pipeline 'egress': end
[17:35:34.507] [bmv2] [D] [thread 20519] [23.0] [cxt 0] Deparser 'deparser': start
[17:35:34.507] [bmv2] [T] [thread 20519] [23.0] [cxt 0] Skipping checksum 'cksum' update because condition not met
[17:35:34.507] [bmv2] [D] [thread 20519] [23.0] [cxt 0] Deparsing header 'ethernet'
[17:35:34.507] [bmv2] [D] [thread 20519] [23.0] [cxt 0] Deparser 'deparser': end
[17:35:34.507] [bmv2] [D] [thread 20523] [23.0] [cxt 0] Transmitting packet of size 70 out of port 0
[17:35:34.694] [bmv2] [D] [thread 20518] [24.0] [cxt 0] Processing packet received on port 1
[17:35:34.694] [bmv2] [D] [thread 20518] [24.0] [cxt 0] Parser 'parser': start
[17:35:34.694] [bmv2] [D] [thread 20518] [24.0] [cxt 0] Parser 'parser' entering state 'start'
[17:35:34.694] [bmv2] [D] [thread 20518] [24.0] [cxt 0] Extracting header 'ethernet'
[17:35:34.694] [bmv2] [D] [thread 20518] [24.0] [cxt 0] Parser state 'start': key is 86dd
[17:35:34.694] [bmv2] [T] [thread 20518] [24.0] [cxt 0] Bytes parsed: 14
[17:35:34.694] [bmv2] [D] [thread 20518] [24.0] [cxt 0] Parser 'parser': end
[17:35:34.694] [bmv2] [D] [thread 20518] [24.0] [cxt 0] Pipeline 'ingress': start
[17:35:34.694] [bmv2] [T] [thread 20518] [24.0] [cxt 0] load_balance.p4(147) Condition "hdr.ipv4.isValid() && hdr.ipv4.ttl > 0" (node_2) is false
[17:35:34.694] [bmv2] [D] [thread 20518] [24.0] [cxt 0] Pipeline 'ingress': end
[17:35:34.694] [bmv2] [D] [thread 20518] [24.0] [cxt 0] Egress port is 0
[17:35:34.695] [bmv2] [D] [thread 20519] [24.0] [cxt 0] Pipeline 'egress': start
[17:35:34.696] [bmv2] [T] [thread 20519] [24.0] [cxt 0] Applying table 'MyEgress.send_frame'
[17:35:34.696] [bmv2] [D] [thread 20519] [24.0] [cxt 0] Looking up key:
* standard_metadata.egress_port: 0000

[17:35:34.696] [bmv2] [D] [thread 20519] [24.0] [cxt 0] Table 'MyEgress.send_frame': miss
[17:35:34.696] [bmv2] [D] [thread 20519] [24.0] [cxt 0] Action entry is NoAction - 
[17:35:34.696] [bmv2] [T] [thread 20519] [24.0] [cxt 0] Action NoAction
[17:35:34.696] [bmv2] [D] [thread 20519] [24.0] [cxt 0] Pipeline 'egress': end
[17:35:34.696] [bmv2] [D] [thread 20519] [24.0] [cxt 0] Deparser 'deparser': start
[17:35:34.696] [bmv2] [T] [thread 20519] [24.0] [cxt 0] Skipping checksum 'cksum' update because condition not met
[17:35:34.696] [bmv2] [D] [thread 20519] [24.0] [cxt 0] Deparsing header 'ethernet'
[17:35:34.696] [bmv2] [D] [thread 20519] [24.0] [cxt 0] Deparser 'deparser': end
[17:35:34.697] [bmv2] [D] [thread 20523] [24.0] [cxt 0] Transmitting packet of size 196 out of port 0
[17:35:35.037] [bmv2] [W] [thread 20605] [P4Runtime] p4::tmp::P4DeviceConfig is deprecated
[17:35:35.040] [bmv2] [D] [thread 20605] Set default default entry for table 'MyIngress.ecmp_group': NoAction - 
[17:35:35.040] [bmv2] [D] [thread 20605] Set default default entry for table 'MyIngress.ecmp_nhop': NoAction - 
[17:35:35.040] [bmv2] [D] [thread 20605] Set default default entry for table 'MyEgress.send_frame': NoAction - 
[17:35:35.059] [bmv2] [D] [thread 20605] simple_switch target has been notified of a config swap
[17:35:35.080] [bmv2] [D] [thread 20606] Set default entry for table 'MyIngress.ecmp_group': MyIngress.drop - 
[17:35:35.116] [bmv2] [D] [thread 20605] Entry 0 added to table 'MyIngress.ecmp_group'
[17:35:35.117] [bmv2] [D] [thread 20605] Dumping entry 0
Match key:
* hdr.ipv4.dstAddr    : LPM       0a000001/32
Action entry: MyIngress.set_ecmp_select - 0,2,

[17:35:35.124] [bmv2] [D] [thread 20606] Entry 0 added to table 'MyIngress.ecmp_nhop'
[17:35:35.124] [bmv2] [D] [thread 20606] Dumping entry 0
Match key:
* meta.ecmp_select    : EXACT     0000
Action entry: MyIngress.set_nhop - 102,a000202,2,

[17:35:35.128] [bmv2] [D] [thread 20605] Entry 1 added to table 'MyIngress.ecmp_nhop'
[17:35:35.128] [bmv2] [D] [thread 20605] Dumping entry 1
Match key:
* meta.ecmp_select    : EXACT     0001
Action entry: MyIngress.set_nhop - 103,a000303,3,

[17:35:35.132] [bmv2] [D] [thread 20606] Entry 0 added to table 'MyEgress.send_frame'
[17:35:35.132] [bmv2] [D] [thread 20606] Dumping entry 0
Match key:
* standard_metadata.egress_port: EXACT     0002
Action entry: MyEgress.rewrite_mac - 10200,

[17:35:35.137] [bmv2] [D] [thread 20605] Entry 1 added to table 'MyEgress.send_frame'
[17:35:35.137] [bmv2] [D] [thread 20605] Dumping entry 1
Match key:
* standard_metadata.egress_port: EXACT     0003
Action entry: MyEgress.rewrite_mac - 10300,

[17:35:35.275] [bmv2] [D] [thread 20518] [25.0] [cxt 0] Processing packet received on port 2
[17:35:35.275] [bmv2] [D] [thread 20518] [25.0] [cxt 0] Parser 'parser': start
[17:35:35.275] [bmv2] [D] [thread 20518] [25.0] [cxt 0] Parser 'parser' entering state 'start'
[17:35:35.275] [bmv2] [D] [thread 20518] [25.0] [cxt 0] Extracting header 'ethernet'
[17:35:35.275] [bmv2] [D] [thread 20518] [25.0] [cxt 0] Parser state 'start': key is 86dd
[17:35:35.275] [bmv2] [T] [thread 20518] [25.0] [cxt 0] Bytes parsed: 14
[17:35:35.275] [bmv2] [D] [thread 20518] [25.0] [cxt 0] Parser 'parser': end
[17:35:35.275] [bmv2] [D] [thread 20518] [25.0] [cxt 0] Pipeline 'ingress': start
[17:35:35.275] [bmv2] [T] [thread 20518] [25.0] [cxt 0] load_balance.p4(147) Condition "hdr.ipv4.isValid() && hdr.ipv4.ttl > 0" (node_2) is false
[17:35:35.275] [bmv2] [D] [thread 20518] [25.0] [cxt 0] Pipeline 'ingress': end
[17:35:35.275] [bmv2] [D] [thread 20518] [25.0] [cxt 0] Egress port is 0
[17:35:35.276] [bmv2] [D] [thread 20519] [25.0] [cxt 0] Pipeline 'egress': start
[17:35:35.276] [bmv2] [T] [thread 20519] [25.0] [cxt 0] Applying table 'MyEgress.send_frame'
[17:35:35.276] [bmv2] [D] [thread 20519] [25.0] [cxt 0] Looking up key:
* standard_metadata.egress_port: 0000

[17:35:35.276] [bmv2] [D] [thread 20519] [25.0] [cxt 0] Table 'MyEgress.send_frame': miss
[17:35:35.276] [bmv2] [D] [thread 20519] [25.0] [cxt 0] Action entry is NoAction - 
[17:35:35.276] [bmv2] [T] [thread 20519] [25.0] [cxt 0] Action NoAction
[17:35:35.276] [bmv2] [D] [thread 20519] [25.0] [cxt 0] Pipeline 'egress': end
[17:35:35.276] [bmv2] [D] [thread 20519] [25.0] [cxt 0] Deparser 'deparser': start
[17:35:35.276] [bmv2] [T] [thread 20519] [25.0] [cxt 0] Skipping checksum 'cksum' update because condition not met
[17:35:35.276] [bmv2] [D] [thread 20519] [25.0] [cxt 0] Deparsing header 'ethernet'
[17:35:35.276] [bmv2] [D] [thread 20519] [25.0] [cxt 0] Deparser 'deparser': end
[17:35:35.277] [bmv2] [D] [thread 20523] [25.0] [cxt 0] Transmitting packet of size 70 out of port 0
[17:35:35.533] [bmv2] [D] [thread 20518] [26.0] [cxt 0] Processing packet received on port 3
[17:35:35.533] [bmv2] [D] [thread 20518] [26.0] [cxt 0] Parser 'parser': start
[17:35:35.533] [bmv2] [D] [thread 20518] [26.0] [cxt 0] Parser 'parser' entering state 'start'
[17:35:35.533] [bmv2] [D] [thread 20518] [26.0] [cxt 0] Extracting header 'ethernet'
[17:35:35.533] [bmv2] [D] [thread 20518] [26.0] [cxt 0] Parser state 'start': key is 86dd
[17:35:35.533] [bmv2] [T] [thread 20518] [26.0] [cxt 0] Bytes parsed: 14
[17:35:35.533] [bmv2] [D] [thread 20518] [26.0] [cxt 0] Parser 'parser': end
[17:35:35.533] [bmv2] [D] [thread 20518] [26.0] [cxt 0] Pipeline 'ingress': start
[17:35:35.533] [bmv2] [T] [thread 20518] [26.0] [cxt 0] load_balance.p4(147) Condition "hdr.ipv4.isValid() && hdr.ipv4.ttl > 0" (node_2) is false
[17:35:35.533] [bmv2] [D] [thread 20518] [26.0] [cxt 0] Pipeline 'ingress': end
[17:35:35.533] [bmv2] [D] [thread 20518] [26.0] [cxt 0] Egress port is 0
[17:35:35.533] [bmv2] [D] [thread 20519] [26.0] [cxt 0] Pipeline 'egress': start
[17:35:35.534] [bmv2] [T] [thread 20519] [26.0] [cxt 0] Applying table 'MyEgress.send_frame'
[17:35:35.534] [bmv2] [D] [thread 20519] [26.0] [cxt 0] Looking up key:
* standard_metadata.egress_port: 0000

[17:35:35.534] [bmv2] [D] [thread 20519] [26.0] [cxt 0] Table 'MyEgress.send_frame': miss
[17:35:35.534] [bmv2] [D] [thread 20519] [26.0] [cxt 0] Action entry is NoAction - 
[17:35:35.534] [bmv2] [T] [thread 20519] [26.0] [cxt 0] Action NoAction
[17:35:35.534] [bmv2] [D] [thread 20519] [26.0] [cxt 0] Pipeline 'egress': end
[17:35:35.534] [bmv2] [D] [thread 20519] [26.0] [cxt 0] Deparser 'deparser': start
[17:35:35.534] [bmv2] [T] [thread 20519] [26.0] [cxt 0] Skipping checksum 'cksum' update because condition not met
[17:35:35.534] [bmv2] [D] [thread 20519] [26.0] [cxt 0] Deparsing header 'ethernet'
[17:35:35.534] [bmv2] [D] [thread 20519] [26.0] [cxt 0] Deparser 'deparser': end
[17:35:35.534] [bmv2] [D] [thread 20523] [26.0] [cxt 0] Transmitting packet of size 70 out of port 0
[17:35:35.639] [bmv2] [D] [thread 20518] [27.0] [cxt 0] Processing packet received on port 2
[17:35:35.640] [bmv2] [D] [thread 20518] [27.0] [cxt 0] Parser 'parser': start
[17:35:35.640] [bmv2] [D] [thread 20518] [27.0] [cxt 0] Parser 'parser' entering state 'start'
[17:35:35.640] [bmv2] [D] [thread 20518] [27.0] [cxt 0] Extracting header 'ethernet'
[17:35:35.640] [bmv2] [D] [thread 20518] [27.0] [cxt 0] Parser state 'start': key is 86dd
[17:35:35.640] [bmv2] [T] [thread 20518] [27.0] [cxt 0] Bytes parsed: 14
[17:35:35.640] [bmv2] [D] [thread 20518] [27.0] [cxt 0] Parser 'parser': end
[17:35:35.640] [bmv2] [D] [thread 20518] [27.0] [cxt 0] Pipeline 'ingress': start
[17:35:35.640] [bmv2] [T] [thread 20518] [27.0] [cxt 0] load_balance.p4(147) Condition "hdr.ipv4.isValid() && hdr.ipv4.ttl > 0" (node_2) is false
[17:35:35.640] [bmv2] [D] [thread 20518] [27.0] [cxt 0] Pipeline 'ingress': end
[17:35:35.640] [bmv2] [D] [thread 20518] [27.0] [cxt 0] Egress port is 0
[17:35:35.640] [bmv2] [D] [thread 20519] [27.0] [cxt 0] Pipeline 'egress': start
[17:35:35.640] [bmv2] [T] [thread 20519] [27.0] [cxt 0] Applying table 'MyEgress.send_frame'
[17:35:35.640] [bmv2] [D] [thread 20519] [27.0] [cxt 0] Looking up key:
* standard_metadata.egress_port: 0000

[17:35:35.640] [bmv2] [D] [thread 20519] [27.0] [cxt 0] Table 'MyEgress.send_frame': miss
[17:35:35.640] [bmv2] [D] [thread 20519] [27.0] [cxt 0] Action entry is NoAction - 
[17:35:35.640] [bmv2] [T] [thread 20519] [27.0] [cxt 0] Action NoAction
[17:35:35.640] [bmv2] [D] [thread 20519] [27.0] [cxt 0] Pipeline 'egress': end
[17:35:35.640] [bmv2] [D] [thread 20519] [27.0] [cxt 0] Deparser 'deparser': start
[17:35:35.640] [bmv2] [T] [thread 20519] [27.0] [cxt 0] Skipping checksum 'cksum' update because condition not met
[17:35:35.640] [bmv2] [D] [thread 20519] [27.0] [cxt 0] Deparsing header 'ethernet'
[17:35:35.640] [bmv2] [D] [thread 20519] [27.0] [cxt 0] Deparser 'deparser': end
[17:35:35.642] [bmv2] [D] [thread 20523] [27.0] [cxt 0] Transmitting packet of size 196 out of port 0
[17:35:35.945] [bmv2] [D] [thread 20518] [28.0] [cxt 0] Processing packet received on port 3
[17:35:35.945] [bmv2] [D] [thread 20518] [28.0] [cxt 0] Parser 'parser': start
[17:35:35.945] [bmv2] [D] [thread 20518] [28.0] [cxt 0] Parser 'parser' entering state 'start'
[17:35:35.945] [bmv2] [D] [thread 20518] [28.0] [cxt 0] Extracting header 'ethernet'
[17:35:35.945] [bmv2] [D] [thread 20518] [28.0] [cxt 0] Parser state 'start': key is 86dd
[17:35:35.945] [bmv2] [T] [thread 20518] [28.0] [cxt 0] Bytes parsed: 14
[17:35:35.945] [bmv2] [D] [thread 20518] [28.0] [cxt 0] Parser 'parser': end
[17:35:35.945] [bmv2] [D] [thread 20518] [28.0] [cxt 0] Pipeline 'ingress': start
[17:35:35.945] [bmv2] [T] [thread 20518] [28.0] [cxt 0] load_balance.p4(147) Condition "hdr.ipv4.isValid() && hdr.ipv4.ttl > 0" (node_2) is false
[17:35:35.945] [bmv2] [D] [thread 20518] [28.0] [cxt 0] Pipeline 'ingress': end
[17:35:35.945] [bmv2] [D] [thread 20518] [28.0] [cxt 0] Egress port is 0
[17:35:35.946] [bmv2] [D] [thread 20519] [28.0] [cxt 0] Pipeline 'egress': start
[17:35:35.946] [bmv2] [T] [thread 20519] [28.0] [cxt 0] Applying table 'MyEgress.send_frame'
[17:35:35.946] [bmv2] [D] [thread 20519] [28.0] [cxt 0] Looking up key:
* standard_metadata.egress_port: 0000

[17:35:35.946] [bmv2] [D] [thread 20519] [28.0] [cxt 0] Table 'MyEgress.send_frame': miss
[17:35:35.946] [bmv2] [D] [thread 20519] [28.0] [cxt 0] Action entry is NoAction - 
[17:35:35.946] [bmv2] [T] [thread 20519] [28.0] [cxt 0] Action NoAction
[17:35:35.947] [bmv2] [D] [thread 20519] [28.0] [cxt 0] Pipeline 'egress': end
[17:35:35.947] [bmv2] [D] [thread 20519] [28.0] [cxt 0] Deparser 'deparser': start
[17:35:35.947] [bmv2] [T] [thread 20519] [28.0] [cxt 0] Skipping checksum 'cksum' update because condition not met
[17:35:35.947] [bmv2] [D] [thread 20519] [28.0] [cxt 0] Deparsing header 'ethernet'
[17:35:35.947] [bmv2] [D] [thread 20519] [28.0] [cxt 0] Deparser 'deparser': end
[17:35:35.948] [bmv2] [D] [thread 20523] [28.0] [cxt 0] Transmitting packet of size 196 out of port 0
[17:35:36.042] [bmv2] [D] [thread 20518] [29.0] [cxt 0] Processing packet received on port 2
[17:35:36.042] [bmv2] [D] [thread 20518] [29.0] [cxt 0] Parser 'parser': start
[17:35:36.042] [bmv2] [D] [thread 20518] [29.0] [cxt 0] Parser 'parser' entering state 'start'
[17:35:36.042] [bmv2] [D] [thread 20518] [29.0] [cxt 0] Extracting header 'ethernet'
[17:35:36.042] [bmv2] [D] [thread 20518] [29.0] [cxt 0] Parser state 'start': key is 86dd
[17:35:36.042] [bmv2] [T] [thread 20518] [29.0] [cxt 0] Bytes parsed: 14
[17:35:36.042] [bmv2] [D] [thread 20518] [29.0] [cxt 0] Parser 'parser': end
[17:35:36.042] [bmv2] [D] [thread 20518] [29.0] [cxt 0] Pipeline 'ingress': start
[17:35:36.042] [bmv2] [T] [thread 20518] [29.0] [cxt 0] load_balance.p4(147) Condition "hdr.ipv4.isValid() && hdr.ipv4.ttl > 0" (node_2) is false
[17:35:36.042] [bmv2] [D] [thread 20518] [29.0] [cxt 0] Pipeline 'ingress': end
[17:35:36.042] [bmv2] [D] [thread 20518] [29.0] [cxt 0] Egress port is 0
[17:35:36.042] [bmv2] [D] [thread 20518] [30.0] [cxt 0] Processing packet received on port 3
[17:35:36.042] [bmv2] [D] [thread 20518] [30.0] [cxt 0] Parser 'parser': start
[17:35:36.042] [bmv2] [D] [thread 20518] [30.0] [cxt 0] Parser 'parser' entering state 'start'
[17:35:36.042] [bmv2] [D] [thread 20518] [30.0] [cxt 0] Extracting header 'ethernet'
[17:35:36.042] [bmv2] [D] [thread 20518] [30.0] [cxt 0] Parser state 'start': key is 86dd
[17:35:36.042] [bmv2] [T] [thread 20518] [30.0] [cxt 0] Bytes parsed: 14
[17:35:36.042] [bmv2] [D] [thread 20518] [30.0] [cxt 0] Parser 'parser': end
[17:35:36.042] [bmv2] [D] [thread 20518] [30.0] [cxt 0] Pipeline 'ingress': start
[17:35:36.042] [bmv2] [T] [thread 20518] [30.0] [cxt 0] load_balance.p4(147) Condition "hdr.ipv4.isValid() && hdr.ipv4.ttl > 0" (node_2) is false
[17:35:36.042] [bmv2] [D] [thread 20518] [30.0] [cxt 0] Pipeline 'ingress': end
[17:35:36.042] [bmv2] [D] [thread 20518] [30.0] [cxt 0] Egress port is 0
[17:35:36.042] [bmv2] [D] [thread 20519] [29.0] [cxt 0] Pipeline 'egress': start
[17:35:36.042] [bmv2] [T] [thread 20519] [29.0] [cxt 0] Applying table 'MyEgress.send_frame'
[17:35:36.042] [bmv2] [D] [thread 20519] [29.0] [cxt 0] Looking up key:
* standard_metadata.egress_port: 0000

[17:35:36.042] [bmv2] [D] [thread 20519] [29.0] [cxt 0] Table 'MyEgress.send_frame': miss
[17:35:36.042] [bmv2] [D] [thread 20519] [29.0] [cxt 0] Action entry is NoAction - 
[17:35:36.042] [bmv2] [T] [thread 20519] [29.0] [cxt 0] Action NoAction
[17:35:36.042] [bmv2] [D] [thread 20519] [29.0] [cxt 0] Pipeline 'egress': end
[17:35:36.042] [bmv2] [D] [thread 20519] [29.0] [cxt 0] Deparser 'deparser': start
[17:35:36.042] [bmv2] [T] [thread 20519] [29.0] [cxt 0] Skipping checksum 'cksum' update because condition not met
[17:35:36.042] [bmv2] [D] [thread 20519] [29.0] [cxt 0] Deparsing header 'ethernet'
[17:35:36.042] [bmv2] [D] [thread 20519] [29.0] [cxt 0] Deparser 'deparser': end
[17:35:36.043] [bmv2] [D] [thread 20519] [30.0] [cxt 0] Pipeline 'egress': start
[17:35:36.043] [bmv2] [T] [thread 20519] [30.0] [cxt 0] Applying table 'MyEgress.send_frame'
[17:35:36.043] [bmv2] [D] [thread 20519] [30.0] [cxt 0] Looking up key:
* standard_metadata.egress_port: 0000

[17:35:36.043] [bmv2] [D] [thread 20519] [30.0] [cxt 0] Table 'MyEgress.send_frame': miss
[17:35:36.043] [bmv2] [D] [thread 20519] [30.0] [cxt 0] Action entry is NoAction - 
[17:35:36.044] [bmv2] [T] [thread 20519] [30.0] [cxt 0] Action NoAction
[17:35:36.044] [bmv2] [D] [thread 20519] [30.0] [cxt 0] Pipeline 'egress': end
[17:35:36.044] [bmv2] [D] [thread 20519] [30.0] [cxt 0] Deparser 'deparser': start
[17:35:36.044] [bmv2] [T] [thread 20519] [30.0] [cxt 0] Skipping checksum 'cksum' update because condition not met
[17:35:36.044] [bmv2] [D] [thread 20519] [30.0] [cxt 0] Deparsing header 'ethernet'
[17:35:36.044] [bmv2] [D] [thread 20519] [30.0] [cxt 0] Deparser 'deparser': end
[17:35:36.043] [bmv2] [D] [thread 20523] [29.0] [cxt 0] Transmitting packet of size 70 out of port 0
[17:35:36.044] [bmv2] [D] [thread 20523] [30.0] [cxt 0] Transmitting packet of size 70 out of port 0
[17:35:36.122] [bmv2] [D] [thread 20518] [31.0] [cxt 0] Processing packet received on port 2
[17:35:36.122] [bmv2] [D] [thread 20518] [31.0] [cxt 0] Parser 'parser': start
[17:35:36.122] [bmv2] [D] [thread 20518] [31.0] [cxt 0] Parser 'parser' entering state 'start'
[17:35:36.122] [bmv2] [D] [thread 20518] [31.0] [cxt 0] Extracting header 'ethernet'
[17:35:36.123] [bmv2] [D] [thread 20518] [31.0] [cxt 0] Parser state 'start': key is 86dd
[17:35:36.123] [bmv2] [T] [thread 20518] [31.0] [cxt 0] Bytes parsed: 14
[17:35:36.123] [bmv2] [D] [thread 20518] [31.0] [cxt 0] Parser 'parser': end
[17:35:36.123] [bmv2] [D] [thread 20518] [31.0] [cxt 0] Pipeline 'ingress': start
[17:35:36.123] [bmv2] [T] [thread 20518] [31.0] [cxt 0] load_balance.p4(147) Condition "hdr.ipv4.isValid() && hdr.ipv4.ttl > 0" (node_2) is false
[17:35:36.123] [bmv2] [D] [thread 20518] [31.0] [cxt 0] Pipeline 'ingress': end
[17:35:36.123] [bmv2] [D] [thread 20518] [31.0] [cxt 0] Egress port is 0
[17:35:36.124] [bmv2] [D] [thread 20519] [31.0] [cxt 0] Pipeline 'egress': start
[17:35:36.124] [bmv2] [T] [thread 20519] [31.0] [cxt 0] Applying table 'MyEgress.send_frame'
[17:35:36.124] [bmv2] [D] [thread 20519] [31.0] [cxt 0] Looking up key:
* standard_metadata.egress_port: 0000

[17:35:36.124] [bmv2] [D] [thread 20519] [31.0] [cxt 0] Table 'MyEgress.send_frame': miss
[17:35:36.124] [bmv2] [D] [thread 20519] [31.0] [cxt 0] Action entry is NoAction - 
[17:35:36.124] [bmv2] [T] [thread 20519] [31.0] [cxt 0] Action NoAction
[17:35:36.124] [bmv2] [D] [thread 20519] [31.0] [cxt 0] Pipeline 'egress': end
[17:35:36.124] [bmv2] [D] [thread 20519] [31.0] [cxt 0] Deparser 'deparser': start
[17:35:36.124] [bmv2] [T] [thread 20519] [31.0] [cxt 0] Skipping checksum 'cksum' update because condition not met
[17:35:36.124] [bmv2] [D] [thread 20519] [31.0] [cxt 0] Deparsing header 'ethernet'
[17:35:36.124] [bmv2] [D] [thread 20519] [31.0] [cxt 0] Deparser 'deparser': end
[17:35:36.124] [bmv2] [D] [thread 20523] [31.0] [cxt 0] Transmitting packet of size 196 out of port 0
[17:35:36.228] [bmv2] [D] [thread 20518] [32.0] [cxt 0] Processing packet received on port 3
[17:35:36.229] [bmv2] [D] [thread 20518] [32.0] [cxt 0] Parser 'parser': start
[17:35:36.229] [bmv2] [D] [thread 20518] [32.0] [cxt 0] Parser 'parser' entering state 'start'
[17:35:36.229] [bmv2] [D] [thread 20518] [32.0] [cxt 0] Extracting header 'ethernet'
[17:35:36.229] [bmv2] [D] [thread 20518] [32.0] [cxt 0] Parser state 'start': key is 86dd
[17:35:36.229] [bmv2] [T] [thread 20518] [32.0] [cxt 0] Bytes parsed: 14
[17:35:36.229] [bmv2] [D] [thread 20518] [32.0] [cxt 0] Parser 'parser': end
[17:35:36.229] [bmv2] [D] [thread 20518] [32.0] [cxt 0] Pipeline 'ingress': start
[17:35:36.229] [bmv2] [T] [thread 20518] [32.0] [cxt 0] load_balance.p4(147) Condition "hdr.ipv4.isValid() && hdr.ipv4.ttl > 0" (node_2) is false
[17:35:36.229] [bmv2] [D] [thread 20518] [32.0] [cxt 0] Pipeline 'ingress': end
[17:35:36.229] [bmv2] [D] [thread 20518] [32.0] [cxt 0] Egress port is 0
[17:35:36.229] [bmv2] [D] [thread 20519] [32.0] [cxt 0] Pipeline 'egress': start
[17:35:36.229] [bmv2] [T] [thread 20519] [32.0] [cxt 0] Applying table 'MyEgress.send_frame'
[17:35:36.229] [bmv2] [D] [thread 20519] [32.0] [cxt 0] Looking up key:
* standard_metadata.egress_port: 0000

[17:35:36.229] [bmv2] [D] [thread 20519] [32.0] [cxt 0] Table 'MyEgress.send_frame': miss
[17:35:36.229] [bmv2] [D] [thread 20519] [32.0] [cxt 0] Action entry is NoAction - 
[17:35:36.229] [bmv2] [T] [thread 20519] [32.0] [cxt 0] Action NoAction
[17:35:36.229] [bmv2] [D] [thread 20519] [32.0] [cxt 0] Pipeline 'egress': end
[17:35:36.229] [bmv2] [D] [thread 20519] [32.0] [cxt 0] Deparser 'deparser': start
[17:35:36.229] [bmv2] [T] [thread 20519] [32.0] [cxt 0] Skipping checksum 'cksum' update because condition not met
[17:35:36.229] [bmv2] [D] [thread 20519] [32.0] [cxt 0] Deparsing header 'ethernet'
[17:35:36.229] [bmv2] [D] [thread 20519] [32.0] [cxt 0] Deparser 'deparser': end
[17:35:36.230] [bmv2] [D] [thread 20523] [32.0] [cxt 0] Transmitting packet of size 196 out of port 0
