Calling target program-options parser
[09:39:58.443] [bmv2] [D] [thread 4232] Set default default entry for table 'MyIngress.ipv4_lpm': MyIngress.drop - 
[09:39:58.444] [bmv2] [D] [thread 4232] Set default default entry for table 'MyIngress.myTunnel_exact': MyIngress.drop - 
Adding interface s1-eth1 as port 1
[09:39:58.444] [bmv2] [D] [thread 4232] Adding interface s1-eth1 as port 1
Adding interface s1-eth2 as port 2
[09:39:58.501] [bmv2] [D] [thread 4232] Adding interface s1-eth2 as port 2
Server listening on 0.0.0.0:50051
[09:39:58.546] [bmv2] [I] [thread 4232] Starting Thrift server on port 9090
[09:39:58.546] [bmv2] [I] [thread 4232] Thrift server was started
[09:39:58.873] [bmv2] [D] [thread 4244] [0.0] [cxt 0] Processing packet received on port 1
[09:39:58.873] [bmv2] [D] [thread 4244] [0.0] [cxt 0] Parser 'parser': start
[09:39:58.873] [bmv2] [D] [thread 4244] [0.0] [cxt 0] Parser 'parser' entering state 'start'
[09:39:58.873] [bmv2] [D] [thread 4244] [0.0] [cxt 0] Extracting header 'ethernet'
[09:39:58.873] [bmv2] [D] [thread 4244] [0.0] [cxt 0] Parser state 'start': key is 86dd
[09:39:58.873] [bmv2] [T] [thread 4244] [0.0] [cxt 0] Bytes parsed: 14
[09:39:58.873] [bmv2] [D] [thread 4244] [0.0] [cxt 0] Parser 'parser': end
[09:39:58.873] [bmv2] [D] [thread 4244] [0.0] [cxt 0] Pipeline 'ingress': start
[09:39:58.873] [bmv2] [T] [thread 4244] [0.0] [cxt 0] basic_tunnel.p4(152) Condition "hdr.ipv4.isValid() && !hdr.myTunnel.isValid()" (node_2) is false
[09:39:58.873] [bmv2] [T] [thread 4244] [0.0] [cxt 0] basic_tunnel.p4(155) Condition "hdr.myTunnel.isValid()" (node_4) is false
[09:39:58.873] [bmv2] [D] [thread 4244] [0.0] [cxt 0] Pipeline 'ingress': end
[09:39:58.873] [bmv2] [D] [thread 4244] [0.0] [cxt 0] Egress port is 0
[09:39:58.873] [bmv2] [D] [thread 4244] [1.0] [cxt 0] Processing packet received on port 1
[09:39:58.873] [bmv2] [D] [thread 4244] [1.0] [cxt 0] Parser 'parser': start
[09:39:58.873] [bmv2] [D] [thread 4244] [1.0] [cxt 0] Parser 'parser' entering state 'start'
[09:39:58.873] [bmv2] [D] [thread 4244] [1.0] [cxt 0] Extracting header 'ethernet'
[09:39:58.873] [bmv2] [D] [thread 4244] [1.0] [cxt 0] Parser state 'start': key is 86dd
[09:39:58.873] [bmv2] [T] [thread 4244] [1.0] [cxt 0] Bytes parsed: 14
[09:39:58.873] [bmv2] [D] [thread 4244] [1.0] [cxt 0] Parser 'parser': end
[09:39:58.873] [bmv2] [D] [thread 4244] [1.0] [cxt 0] Pipeline 'ingress': start
[09:39:58.873] [bmv2] [T] [thread 4244] [1.0] [cxt 0] basic_tunnel.p4(152) Condition "hdr.ipv4.isValid() && !hdr.myTunnel.isValid()" (node_2) is false
[09:39:58.873] [bmv2] [T] [thread 4244] [1.0] [cxt 0] basic_tunnel.p4(155) Condition "hdr.myTunnel.isValid()" (node_4) is false
[09:39:58.873] [bmv2] [D] [thread 4244] [1.0] [cxt 0] Pipeline 'ingress': end
[09:39:58.873] [bmv2] [D] [thread 4244] [1.0] [cxt 0] Egress port is 0
[09:39:58.874] [bmv2] [D] [thread 4245] [0.0] [cxt 0] Pipeline 'egress': start
[09:39:58.874] [bmv2] [D] [thread 4245] [0.0] [cxt 0] Pipeline 'egress': end
[09:39:58.874] [bmv2] [D] [thread 4245] [0.0] [cxt 0] Deparser 'deparser': start
[09:39:58.874] [bmv2] [T] [thread 4245] [0.0] [cxt 0] Skipping checksum 'cksum' update because condition not met
[09:39:58.874] [bmv2] [D] [thread 4245] [0.0] [cxt 0] Deparsing header 'ethernet'
[09:39:58.874] [bmv2] [D] [thread 4245] [0.0] [cxt 0] Deparser 'deparser': end
[09:39:58.874] [bmv2] [D] [thread 4249] [0.0] [cxt 0] Transmitting packet of size 90 out of port 0
[09:39:58.874] [bmv2] [D] [thread 4245] [1.0] [cxt 0] Pipeline 'egress': start
[09:39:58.874] [bmv2] [D] [thread 4245] [1.0] [cxt 0] Pipeline 'egress': end
[09:39:58.874] [bmv2] [D] [thread 4245] [1.0] [cxt 0] Deparser 'deparser': start
[09:39:58.874] [bmv2] [T] [thread 4245] [1.0] [cxt 0] Skipping checksum 'cksum' update because condition not met
[09:39:58.874] [bmv2] [D] [thread 4245] [1.0] [cxt 0] Deparsing header 'ethernet'
[09:39:58.875] [bmv2] [D] [thread 4245] [1.0] [cxt 0] Deparser 'deparser': end
[09:39:58.875] [bmv2] [D] [thread 4249] [1.0] [cxt 0] Transmitting packet of size 70 out of port 0
[09:39:58.892] [bmv2] [D] [thread 4244] [2.0] [cxt 0] Processing packet received on port 1
[09:39:58.892] [bmv2] [D] [thread 4244] [2.0] [cxt 0] Parser 'parser': start
[09:39:58.892] [bmv2] [D] [thread 4244] [2.0] [cxt 0] Parser 'parser' entering state 'start'
[09:39:58.892] [bmv2] [D] [thread 4244] [2.0] [cxt 0] Extracting header 'ethernet'
[09:39:58.892] [bmv2] [D] [thread 4244] [2.0] [cxt 0] Parser state 'start': key is 86dd
[09:39:58.892] [bmv2] [T] [thread 4244] [2.0] [cxt 0] Bytes parsed: 14
[09:39:58.892] [bmv2] [D] [thread 4244] [2.0] [cxt 0] Parser 'parser': end
[09:39:58.892] [bmv2] [D] [thread 4244] [2.0] [cxt 0] Pipeline 'ingress': start
[09:39:58.892] [bmv2] [T] [thread 4244] [2.0] [cxt 0] basic_tunnel.p4(152) Condition "hdr.ipv4.isValid() && !hdr.myTunnel.isValid()" (node_2) is false
[09:39:58.892] [bmv2] [T] [thread 4244] [2.0] [cxt 0] basic_tunnel.p4(155) Condition "hdr.myTunnel.isValid()" (node_4) is false
[09:39:58.892] [bmv2] [D] [thread 4244] [2.0] [cxt 0] Pipeline 'ingress': end
[09:39:58.892] [bmv2] [D] [thread 4244] [2.0] [cxt 0] Egress port is 0
[09:39:58.892] [bmv2] [D] [thread 4245] [2.0] [cxt 0] Pipeline 'egress': start
[09:39:58.892] [bmv2] [D] [thread 4245] [2.0] [cxt 0] Pipeline 'egress': end
[09:39:58.892] [bmv2] [D] [thread 4245] [2.0] [cxt 0] Deparser 'deparser': start
[09:39:58.892] [bmv2] [T] [thread 4245] [2.0] [cxt 0] Skipping checksum 'cksum' update because condition not met
[09:39:58.892] [bmv2] [D] [thread 4245] [2.0] [cxt 0] Deparsing header 'ethernet'
[09:39:58.892] [bmv2] [D] [thread 4245] [2.0] [cxt 0] Deparser 'deparser': end
[09:39:58.892] [bmv2] [D] [thread 4249] [2.0] [cxt 0] Transmitting packet of size 90 out of port 0
[09:39:58.934] [bmv2] [D] [thread 4244] [3.0] [cxt 0] Processing packet received on port 1
[09:39:58.934] [bmv2] [D] [thread 4244] [3.0] [cxt 0] Parser 'parser': start
[09:39:58.934] [bmv2] [D] [thread 4244] [3.0] [cxt 0] Parser 'parser' entering state 'start'
[09:39:58.934] [bmv2] [D] [thread 4244] [3.0] [cxt 0] Extracting header 'ethernet'
[09:39:58.934] [bmv2] [D] [thread 4244] [3.0] [cxt 0] Parser state 'start': key is 86dd
[09:39:58.934] [bmv2] [T] [thread 4244] [3.0] [cxt 0] Bytes parsed: 14
[09:39:58.934] [bmv2] [D] [thread 4244] [3.0] [cxt 0] Parser 'parser': end
[09:39:58.934] [bmv2] [D] [thread 4244] [3.0] [cxt 0] Pipeline 'ingress': start
[09:39:58.934] [bmv2] [T] [thread 4244] [3.0] [cxt 0] basic_tunnel.p4(152) Condition "hdr.ipv4.isValid() && !hdr.myTunnel.isValid()" (node_2) is false
[09:39:58.934] [bmv2] [T] [thread 4244] [3.0] [cxt 0] basic_tunnel.p4(155) Condition "hdr.myTunnel.isValid()" (node_4) is false
[09:39:58.934] [bmv2] [D] [thread 4244] [3.0] [cxt 0] Pipeline 'ingress': end
[09:39:58.934] [bmv2] [D] [thread 4244] [3.0] [cxt 0] Egress port is 0
[09:39:58.934] [bmv2] [D] [thread 4245] [3.0] [cxt 0] Pipeline 'egress': start
[09:39:58.934] [bmv2] [D] [thread 4245] [3.0] [cxt 0] Pipeline 'egress': end
[09:39:58.934] [bmv2] [D] [thread 4245] [3.0] [cxt 0] Deparser 'deparser': start
[09:39:58.934] [bmv2] [T] [thread 4245] [3.0] [cxt 0] Skipping checksum 'cksum' update because condition not met
[09:39:58.934] [bmv2] [D] [thread 4245] [3.0] [cxt 0] Deparsing header 'ethernet'
[09:39:58.934] [bmv2] [D] [thread 4245] [3.0] [cxt 0] Deparser 'deparser': end
[09:39:58.935] [bmv2] [D] [thread 4249] [3.0] [cxt 0] Transmitting packet of size 208 out of port 0
[09:39:59.185] [bmv2] [D] [thread 4244] [4.0] [cxt 0] Processing packet received on port 1
[09:39:59.185] [bmv2] [D] [thread 4244] [4.0] [cxt 0] Parser 'parser': start
[09:39:59.185] [bmv2] [D] [thread 4244] [4.0] [cxt 0] Parser 'parser' entering state 'start'
[09:39:59.185] [bmv2] [D] [thread 4244] [4.0] [cxt 0] Extracting header 'ethernet'
[09:39:59.185] [bmv2] [D] [thread 4244] [4.0] [cxt 0] Parser state 'start': key is 86dd
[09:39:59.185] [bmv2] [T] [thread 4244] [4.0] [cxt 0] Bytes parsed: 14
[09:39:59.185] [bmv2] [D] [thread 4244] [4.0] [cxt 0] Parser 'parser': end
[09:39:59.185] [bmv2] [D] [thread 4244] [4.0] [cxt 0] Pipeline 'ingress': start
[09:39:59.185] [bmv2] [T] [thread 4244] [4.0] [cxt 0] basic_tunnel.p4(152) Condition "hdr.ipv4.isValid() && !hdr.myTunnel.isValid()" (node_2) is false
[09:39:59.185] [bmv2] [T] [thread 4244] [4.0] [cxt 0] basic_tunnel.p4(155) Condition "hdr.myTunnel.isValid()" (node_4) is false
[09:39:59.185] [bmv2] [D] [thread 4244] [4.0] [cxt 0] Pipeline 'ingress': end
[09:39:59.185] [bmv2] [D] [thread 4244] [4.0] [cxt 0] Egress port is 0
[09:39:59.185] [bmv2] [D] [thread 4245] [4.0] [cxt 0] Pipeline 'egress': start
[09:39:59.185] [bmv2] [D] [thread 4245] [4.0] [cxt 0] Pipeline 'egress': end
[09:39:59.185] [bmv2] [D] [thread 4245] [4.0] [cxt 0] Deparser 'deparser': start
[09:39:59.185] [bmv2] [T] [thread 4245] [4.0] [cxt 0] Skipping checksum 'cksum' update because condition not met
[09:39:59.185] [bmv2] [D] [thread 4245] [4.0] [cxt 0] Deparsing header 'ethernet'
[09:39:59.185] [bmv2] [D] [thread 4245] [4.0] [cxt 0] Deparser 'deparser': end
[09:39:59.185] [bmv2] [D] [thread 4249] [4.0] [cxt 0] Transmitting packet of size 208 out of port 0
[09:39:59.277] [bmv2] [D] [thread 4244] [5.0] [cxt 0] Processing packet received on port 2
[09:39:59.277] [bmv2] [D] [thread 4244] [5.0] [cxt 0] Parser 'parser': start
[09:39:59.277] [bmv2] [D] [thread 4244] [5.0] [cxt 0] Parser 'parser' entering state 'start'
[09:39:59.277] [bmv2] [D] [thread 4244] [5.0] [cxt 0] Extracting header 'ethernet'
[09:39:59.277] [bmv2] [D] [thread 4244] [5.0] [cxt 0] Parser state 'start': key is 86dd
[09:39:59.277] [bmv2] [T] [thread 4244] [5.0] [cxt 0] Bytes parsed: 14
[09:39:59.277] [bmv2] [D] [thread 4244] [5.0] [cxt 0] Parser 'parser': end
[09:39:59.277] [bmv2] [D] [thread 4244] [5.0] [cxt 0] Pipeline 'ingress': start
[09:39:59.277] [bmv2] [T] [thread 4244] [5.0] [cxt 0] basic_tunnel.p4(152) Condition "hdr.ipv4.isValid() && !hdr.myTunnel.isValid()" (node_2) is false
[09:39:59.277] [bmv2] [T] [thread 4244] [5.0] [cxt 0] basic_tunnel.p4(155) Condition "hdr.myTunnel.isValid()" (node_4) is false
[09:39:59.277] [bmv2] [D] [thread 4244] [5.0] [cxt 0] Pipeline 'ingress': end
[09:39:59.277] [bmv2] [D] [thread 4244] [5.0] [cxt 0] Egress port is 0
[09:39:59.277] [bmv2] [D] [thread 4245] [5.0] [cxt 0] Pipeline 'egress': start
[09:39:59.277] [bmv2] [D] [thread 4245] [5.0] [cxt 0] Pipeline 'egress': end
[09:39:59.277] [bmv2] [D] [thread 4245] [5.0] [cxt 0] Deparser 'deparser': start
[09:39:59.277] [bmv2] [T] [thread 4245] [5.0] [cxt 0] Skipping checksum 'cksum' update because condition not met
[09:39:59.277] [bmv2] [D] [thread 4245] [5.0] [cxt 0] Deparsing header 'ethernet'
[09:39:59.277] [bmv2] [D] [thread 4245] [5.0] [cxt 0] Deparser 'deparser': end
[09:39:59.278] [bmv2] [D] [thread 4249] [5.0] [cxt 0] Transmitting packet of size 90 out of port 0
[09:39:59.436] [bmv2] [D] [thread 4244] [6.0] [cxt 0] Processing packet received on port 1
[09:39:59.436] [bmv2] [D] [thread 4244] [6.0] [cxt 0] Parser 'parser': start
[09:39:59.436] [bmv2] [D] [thread 4244] [6.0] [cxt 0] Parser 'parser' entering state 'start'
[09:39:59.436] [bmv2] [D] [thread 4244] [6.0] [cxt 0] Extracting header 'ethernet'
[09:39:59.436] [bmv2] [D] [thread 4244] [6.0] [cxt 0] Parser state 'start': key is 86dd
[09:39:59.436] [bmv2] [T] [thread 4244] [6.0] [cxt 0] Bytes parsed: 14
[09:39:59.436] [bmv2] [D] [thread 4244] [6.0] [cxt 0] Parser 'parser': end
[09:39:59.436] [bmv2] [D] [thread 4244] [6.0] [cxt 0] Pipeline 'ingress': start
[09:39:59.436] [bmv2] [T] [thread 4244] [6.0] [cxt 0] basic_tunnel.p4(152) Condition "hdr.ipv4.isValid() && !hdr.myTunnel.isValid()" (node_2) is false
[09:39:59.436] [bmv2] [T] [thread 4244] [6.0] [cxt 0] basic_tunnel.p4(155) Condition "hdr.myTunnel.isValid()" (node_4) is false
[09:39:59.436] [bmv2] [D] [thread 4244] [6.0] [cxt 0] Pipeline 'ingress': end
[09:39:59.436] [bmv2] [D] [thread 4244] [6.0] [cxt 0] Egress port is 0
[09:39:59.436] [bmv2] [D] [thread 4245] [6.0] [cxt 0] Pipeline 'egress': start
[09:39:59.436] [bmv2] [D] [thread 4245] [6.0] [cxt 0] Pipeline 'egress': end
[09:39:59.436] [bmv2] [D] [thread 4245] [6.0] [cxt 0] Deparser 'deparser': start
[09:39:59.436] [bmv2] [T] [thread 4245] [6.0] [cxt 0] Skipping checksum 'cksum' update because condition not met
[09:39:59.436] [bmv2] [D] [thread 4245] [6.0] [cxt 0] Deparsing header 'ethernet'
[09:39:59.436] [bmv2] [D] [thread 4245] [6.0] [cxt 0] Deparser 'deparser': end
[09:39:59.437] [bmv2] [D] [thread 4249] [6.0] [cxt 0] Transmitting packet of size 90 out of port 0
[09:39:59.438] [bmv2] [D] [thread 4244] [7.0] [cxt 0] Processing packet received on port 1
[09:39:59.438] [bmv2] [D] [thread 4244] [7.0] [cxt 0] Parser 'parser': start
[09:39:59.438] [bmv2] [D] [thread 4244] [7.0] [cxt 0] Parser 'parser' entering state 'start'
[09:39:59.439] [bmv2] [D] [thread 4244] [7.0] [cxt 0] Extracting header 'ethernet'
[09:39:59.439] [bmv2] [D] [thread 4244] [7.0] [cxt 0] Parser state 'start': key is 86dd
[09:39:59.439] [bmv2] [T] [thread 4244] [7.0] [cxt 0] Bytes parsed: 14
[09:39:59.439] [bmv2] [D] [thread 4244] [7.0] [cxt 0] Parser 'parser': end
[09:39:59.439] [bmv2] [D] [thread 4244] [7.0] [cxt 0] Pipeline 'ingress': start
[09:39:59.439] [bmv2] [T] [thread 4244] [7.0] [cxt 0] basic_tunnel.p4(152) Condition "hdr.ipv4.isValid() && !hdr.myTunnel.isValid()" (node_2) is false
[09:39:59.439] [bmv2] [T] [thread 4244] [7.0] [cxt 0] basic_tunnel.p4(155) Condition "hdr.myTunnel.isValid()" (node_4) is false
[09:39:59.439] [bmv2] [D] [thread 4244] [7.0] [cxt 0] Pipeline 'ingress': end
[09:39:59.439] [bmv2] [D] [thread 4244] [7.0] [cxt 0] Egress port is 0
[09:39:59.439] [bmv2] [D] [thread 4245] [7.0] [cxt 0] Pipeline 'egress': start
[09:39:59.439] [bmv2] [D] [thread 4245] [7.0] [cxt 0] Pipeline 'egress': end
[09:39:59.439] [bmv2] [D] [thread 4245] [7.0] [cxt 0] Deparser 'deparser': start
[09:39:59.439] [bmv2] [T] [thread 4245] [7.0] [cxt 0] Skipping checksum 'cksum' update because condition not met
[09:39:59.439] [bmv2] [D] [thread 4245] [7.0] [cxt 0] Deparsing header 'ethernet'
[09:39:59.439] [bmv2] [D] [thread 4245] [7.0] [cxt 0] Deparser 'deparser': end
[09:39:59.439] [bmv2] [D] [thread 4249] [7.0] [cxt 0] Transmitting packet of size 208 out of port 0
[09:39:59.509] [bmv2] [D] [thread 4244] [8.0] [cxt 0] Processing packet received on port 2
[09:39:59.509] [bmv2] [D] [thread 4244] [8.0] [cxt 0] Parser 'parser': start
[09:39:59.509] [bmv2] [D] [thread 4244] [8.0] [cxt 0] Parser 'parser' entering state 'start'
[09:39:59.510] [bmv2] [D] [thread 4244] [8.0] [cxt 0] Extracting header 'ethernet'
[09:39:59.510] [bmv2] [D] [thread 4244] [8.0] [cxt 0] Parser state 'start': key is 86dd
[09:39:59.510] [bmv2] [T] [thread 4244] [8.0] [cxt 0] Bytes parsed: 14
[09:39:59.510] [bmv2] [D] [thread 4244] [8.0] [cxt 0] Parser 'parser': end
[09:39:59.510] [bmv2] [D] [thread 4244] [8.0] [cxt 0] Pipeline 'ingress': start
[09:39:59.510] [bmv2] [T] [thread 4244] [8.0] [cxt 0] basic_tunnel.p4(152) Condition "hdr.ipv4.isValid() && !hdr.myTunnel.isValid()" (node_2) is false
[09:39:59.510] [bmv2] [T] [thread 4244] [8.0] [cxt 0] basic_tunnel.p4(155) Condition "hdr.myTunnel.isValid()" (node_4) is false
[09:39:59.510] [bmv2] [D] [thread 4244] [8.0] [cxt 0] Pipeline 'ingress': end
[09:39:59.510] [bmv2] [D] [thread 4244] [8.0] [cxt 0] Egress port is 0
[09:39:59.510] [bmv2] [D] [thread 4244] [9.0] [cxt 0] Processing packet received on port 2
[09:39:59.510] [bmv2] [D] [thread 4244] [9.0] [cxt 0] Parser 'parser': start
[09:39:59.510] [bmv2] [D] [thread 4244] [9.0] [cxt 0] Parser 'parser' entering state 'start'
[09:39:59.510] [bmv2] [D] [thread 4244] [9.0] [cxt 0] Extracting header 'ethernet'
[09:39:59.510] [bmv2] [D] [thread 4244] [9.0] [cxt 0] Parser state 'start': key is 86dd
[09:39:59.510] [bmv2] [T] [thread 4244] [9.0] [cxt 0] Bytes parsed: 14
[09:39:59.510] [bmv2] [D] [thread 4244] [9.0] [cxt 0] Parser 'parser': end
[09:39:59.510] [bmv2] [D] [thread 4244] [9.0] [cxt 0] Pipeline 'ingress': start
[09:39:59.510] [bmv2] [T] [thread 4244] [9.0] [cxt 0] basic_tunnel.p4(152) Condition "hdr.ipv4.isValid() && !hdr.myTunnel.isValid()" (node_2) is false
[09:39:59.510] [bmv2] [T] [thread 4244] [9.0] [cxt 0] basic_tunnel.p4(155) Condition "hdr.myTunnel.isValid()" (node_4) is false
[09:39:59.510] [bmv2] [D] [thread 4244] [9.0] [cxt 0] Pipeline 'ingress': end
[09:39:59.510] [bmv2] [D] [thread 4244] [9.0] [cxt 0] Egress port is 0
[09:39:59.510] [bmv2] [D] [thread 4245] [8.0] [cxt 0] Pipeline 'egress': start
[09:39:59.510] [bmv2] [D] [thread 4245] [8.0] [cxt 0] Pipeline 'egress': end
[09:39:59.510] [bmv2] [D] [thread 4245] [8.0] [cxt 0] Deparser 'deparser': start
[09:39:59.510] [bmv2] [T] [thread 4245] [8.0] [cxt 0] Skipping checksum 'cksum' update because condition not met
[09:39:59.510] [bmv2] [D] [thread 4245] [8.0] [cxt 0] Deparsing header 'ethernet'
[09:39:59.510] [bmv2] [D] [thread 4245] [8.0] [cxt 0] Deparser 'deparser': end
[09:39:59.511] [bmv2] [D] [thread 4245] [9.0] [cxt 0] Pipeline 'egress': start
[09:39:59.511] [bmv2] [D] [thread 4245] [9.0] [cxt 0] Pipeline 'egress': end
[09:39:59.511] [bmv2] [D] [thread 4245] [9.0] [cxt 0] Deparser 'deparser': start
[09:39:59.511] [bmv2] [T] [thread 4245] [9.0] [cxt 0] Skipping checksum 'cksum' update because condition not met
[09:39:59.511] [bmv2] [D] [thread 4245] [9.0] [cxt 0] Deparsing header 'ethernet'
[09:39:59.511] [bmv2] [D] [thread 4245] [9.0] [cxt 0] Deparser 'deparser': end
[09:39:59.512] [bmv2] [D] [thread 4249] [8.0] [cxt 0] Transmitting packet of size 90 out of port 0
[09:39:59.512] [bmv2] [D] [thread 4249] [9.0] [cxt 0] Transmitting packet of size 70 out of port 0
[09:39:59.516] [bmv2] [D] [thread 4244] [10.0] [cxt 0] Processing packet received on port 2
[09:39:59.516] [bmv2] [D] [thread 4244] [10.0] [cxt 0] Parser 'parser': start
[09:39:59.516] [bmv2] [D] [thread 4244] [10.0] [cxt 0] Parser 'parser' entering state 'start'
[09:39:59.516] [bmv2] [D] [thread 4244] [10.0] [cxt 0] Extracting header 'ethernet'
[09:39:59.516] [bmv2] [D] [thread 4244] [10.0] [cxt 0] Parser state 'start': key is 86dd
[09:39:59.516] [bmv2] [T] [thread 4244] [10.0] [cxt 0] Bytes parsed: 14
[09:39:59.516] [bmv2] [D] [thread 4244] [10.0] [cxt 0] Parser 'parser': end
[09:39:59.516] [bmv2] [D] [thread 4244] [10.0] [cxt 0] Pipeline 'ingress': start
[09:39:59.516] [bmv2] [T] [thread 4244] [10.0] [cxt 0] basic_tunnel.p4(152) Condition "hdr.ipv4.isValid() && !hdr.myTunnel.isValid()" (node_2) is false
[09:39:59.516] [bmv2] [T] [thread 4244] [10.0] [cxt 0] basic_tunnel.p4(155) Condition "hdr.myTunnel.isValid()" (node_4) is false
[09:39:59.516] [bmv2] [D] [thread 4244] [10.0] [cxt 0] Pipeline 'ingress': end
[09:39:59.516] [bmv2] [D] [thread 4244] [10.0] [cxt 0] Egress port is 0
[09:39:59.517] [bmv2] [D] [thread 4245] [10.0] [cxt 0] Pipeline 'egress': start
[09:39:59.517] [bmv2] [D] [thread 4245] [10.0] [cxt 0] Pipeline 'egress': end
[09:39:59.517] [bmv2] [D] [thread 4245] [10.0] [cxt 0] Deparser 'deparser': start
[09:39:59.517] [bmv2] [T] [thread 4245] [10.0] [cxt 0] Skipping checksum 'cksum' update because condition not met
[09:39:59.517] [bmv2] [D] [thread 4245] [10.0] [cxt 0] Deparsing header 'ethernet'
[09:39:59.517] [bmv2] [D] [thread 4245] [10.0] [cxt 0] Deparser 'deparser': end
[09:39:59.517] [bmv2] [D] [thread 4249] [10.0] [cxt 0] Transmitting packet of size 90 out of port 0
[09:39:59.570] [bmv2] [D] [thread 4244] [11.0] [cxt 0] Processing packet received on port 2
[09:39:59.570] [bmv2] [D] [thread 4244] [11.0] [cxt 0] Parser 'parser': start
[09:39:59.570] [bmv2] [D] [thread 4244] [11.0] [cxt 0] Parser 'parser' entering state 'start'
[09:39:59.570] [bmv2] [D] [thread 4244] [11.0] [cxt 0] Extracting header 'ethernet'
[09:39:59.570] [bmv2] [D] [thread 4244] [11.0] [cxt 0] Parser state 'start': key is 86dd
[09:39:59.570] [bmv2] [T] [thread 4244] [11.0] [cxt 0] Bytes parsed: 14
[09:39:59.570] [bmv2] [D] [thread 4244] [11.0] [cxt 0] Parser 'parser': end
[09:39:59.570] [bmv2] [D] [thread 4244] [11.0] [cxt 0] Pipeline 'ingress': start
[09:39:59.570] [bmv2] [T] [thread 4244] [11.0] [cxt 0] basic_tunnel.p4(152) Condition "hdr.ipv4.isValid() && !hdr.myTunnel.isValid()" (node_2) is false
[09:39:59.570] [bmv2] [T] [thread 4244] [11.0] [cxt 0] basic_tunnel.p4(155) Condition "hdr.myTunnel.isValid()" (node_4) is false
[09:39:59.570] [bmv2] [D] [thread 4244] [11.0] [cxt 0] Pipeline 'ingress': end
[09:39:59.570] [bmv2] [D] [thread 4244] [11.0] [cxt 0] Egress port is 0
[09:39:59.571] [bmv2] [D] [thread 4245] [11.0] [cxt 0] Pipeline 'egress': start
[09:39:59.571] [bmv2] [D] [thread 4245] [11.0] [cxt 0] Pipeline 'egress': end
[09:39:59.571] [bmv2] [D] [thread 4245] [11.0] [cxt 0] Deparser 'deparser': start
[09:39:59.571] [bmv2] [T] [thread 4245] [11.0] [cxt 0] Skipping checksum 'cksum' update because condition not met
[09:39:59.571] [bmv2] [D] [thread 4245] [11.0] [cxt 0] Deparsing header 'ethernet'
[09:39:59.571] [bmv2] [D] [thread 4245] [11.0] [cxt 0] Deparser 'deparser': end
[09:39:59.572] [bmv2] [D] [thread 4249] [11.0] [cxt 0] Transmitting packet of size 208 out of port 0
[09:39:59.632] [bmv2] [D] [thread 4244] [12.0] [cxt 0] Processing packet received on port 1
[09:39:59.632] [bmv2] [D] [thread 4244] [12.0] [cxt 0] Parser 'parser': start
[09:39:59.632] [bmv2] [D] [thread 4244] [12.0] [cxt 0] Parser 'parser' entering state 'start'
[09:39:59.632] [bmv2] [D] [thread 4244] [12.0] [cxt 0] Extracting header 'ethernet'
[09:39:59.632] [bmv2] [D] [thread 4244] [12.0] [cxt 0] Parser state 'start': key is 86dd
[09:39:59.632] [bmv2] [T] [thread 4244] [12.0] [cxt 0] Bytes parsed: 14
[09:39:59.632] [bmv2] [D] [thread 4244] [12.0] [cxt 0] Parser 'parser': end
[09:39:59.632] [bmv2] [D] [thread 4244] [12.0] [cxt 0] Pipeline 'ingress': start
[09:39:59.632] [bmv2] [T] [thread 4244] [12.0] [cxt 0] basic_tunnel.p4(152) Condition "hdr.ipv4.isValid() && !hdr.myTunnel.isValid()" (node_2) is false
[09:39:59.632] [bmv2] [T] [thread 4244] [12.0] [cxt 0] basic_tunnel.p4(155) Condition "hdr.myTunnel.isValid()" (node_4) is false
[09:39:59.632] [bmv2] [D] [thread 4244] [12.0] [cxt 0] Pipeline 'ingress': end
[09:39:59.632] [bmv2] [D] [thread 4244] [12.0] [cxt 0] Egress port is 0
[09:39:59.632] [bmv2] [D] [thread 4245] [12.0] [cxt 0] Pipeline 'egress': start
[09:39:59.632] [bmv2] [D] [thread 4245] [12.0] [cxt 0] Pipeline 'egress': end
[09:39:59.632] [bmv2] [D] [thread 4245] [12.0] [cxt 0] Deparser 'deparser': start
[09:39:59.632] [bmv2] [T] [thread 4245] [12.0] [cxt 0] Skipping checksum 'cksum' update because condition not met
[09:39:59.632] [bmv2] [D] [thread 4245] [12.0] [cxt 0] Deparsing header 'ethernet'
[09:39:59.632] [bmv2] [D] [thread 4245] [12.0] [cxt 0] Deparser 'deparser': end
[09:39:59.633] [bmv2] [D] [thread 4249] [12.0] [cxt 0] Transmitting packet of size 110 out of port 0
[09:39:59.643] [bmv2] [D] [thread 4244] [13.0] [cxt 0] Processing packet received on port 1
[09:39:59.644] [bmv2] [D] [thread 4244] [13.0] [cxt 0] Parser 'parser': start
[09:39:59.644] [bmv2] [D] [thread 4244] [13.0] [cxt 0] Parser 'parser' entering state 'start'
[09:39:59.644] [bmv2] [D] [thread 4244] [13.0] [cxt 0] Extracting header 'ethernet'
[09:39:59.644] [bmv2] [D] [thread 4244] [13.0] [cxt 0] Parser state 'start': key is 86dd
[09:39:59.644] [bmv2] [T] [thread 4244] [13.0] [cxt 0] Bytes parsed: 14
[09:39:59.644] [bmv2] [D] [thread 4244] [13.0] [cxt 0] Parser 'parser': end
[09:39:59.644] [bmv2] [D] [thread 4244] [13.0] [cxt 0] Pipeline 'ingress': start
[09:39:59.644] [bmv2] [T] [thread 4244] [13.0] [cxt 0] basic_tunnel.p4(152) Condition "hdr.ipv4.isValid() && !hdr.myTunnel.isValid()" (node_2) is false
[09:39:59.644] [bmv2] [T] [thread 4244] [13.0] [cxt 0] basic_tunnel.p4(155) Condition "hdr.myTunnel.isValid()" (node_4) is false
[09:39:59.644] [bmv2] [D] [thread 4244] [13.0] [cxt 0] Pipeline 'ingress': end
[09:39:59.644] [bmv2] [D] [thread 4244] [13.0] [cxt 0] Egress port is 0
[09:39:59.644] [bmv2] [D] [thread 4245] [13.0] [cxt 0] Pipeline 'egress': start
[09:39:59.644] [bmv2] [D] [thread 4245] [13.0] [cxt 0] Pipeline 'egress': end
[09:39:59.644] [bmv2] [D] [thread 4245] [13.0] [cxt 0] Deparser 'deparser': start
[09:39:59.644] [bmv2] [T] [thread 4245] [13.0] [cxt 0] Skipping checksum 'cksum' update because condition not met
[09:39:59.644] [bmv2] [D] [thread 4245] [13.0] [cxt 0] Deparsing header 'ethernet'
[09:39:59.644] [bmv2] [D] [thread 4245] [13.0] [cxt 0] Deparser 'deparser': end
[09:39:59.644] [bmv2] [D] [thread 4249] [13.0] [cxt 0] Transmitting packet of size 196 out of port 0
[09:39:59.824] [bmv2] [D] [thread 4244] [14.0] [cxt 0] Processing packet received on port 2
[09:39:59.824] [bmv2] [D] [thread 4244] [14.0] [cxt 0] Parser 'parser': start
[09:39:59.824] [bmv2] [D] [thread 4244] [14.0] [cxt 0] Parser 'parser' entering state 'start'
[09:39:59.824] [bmv2] [D] [thread 4244] [14.0] [cxt 0] Extracting header 'ethernet'
[09:39:59.824] [bmv2] [D] [thread 4244] [14.0] [cxt 0] Parser state 'start': key is 86dd
[09:39:59.824] [bmv2] [T] [thread 4244] [14.0] [cxt 0] Bytes parsed: 14
[09:39:59.824] [bmv2] [D] [thread 4244] [14.0] [cxt 0] Parser 'parser': end
[09:39:59.824] [bmv2] [D] [thread 4244] [14.0] [cxt 0] Pipeline 'ingress': start
[09:39:59.824] [bmv2] [T] [thread 4244] [14.0] [cxt 0] basic_tunnel.p4(152) Condition "hdr.ipv4.isValid() && !hdr.myTunnel.isValid()" (node_2) is false
[09:39:59.824] [bmv2] [T] [thread 4244] [14.0] [cxt 0] basic_tunnel.p4(155) Condition "hdr.myTunnel.isValid()" (node_4) is false
[09:39:59.824] [bmv2] [D] [thread 4244] [14.0] [cxt 0] Pipeline 'ingress': end
[09:39:59.824] [bmv2] [D] [thread 4244] [14.0] [cxt 0] Egress port is 0
[09:39:59.824] [bmv2] [D] [thread 4245] [14.0] [cxt 0] Pipeline 'egress': start
[09:39:59.824] [bmv2] [D] [thread 4245] [14.0] [cxt 0] Pipeline 'egress': end
[09:39:59.824] [bmv2] [D] [thread 4245] [14.0] [cxt 0] Deparser 'deparser': start
[09:39:59.824] [bmv2] [T] [thread 4245] [14.0] [cxt 0] Skipping checksum 'cksum' update because condition not met
[09:39:59.824] [bmv2] [D] [thread 4245] [14.0] [cxt 0] Deparsing header 'ethernet'
[09:39:59.824] [bmv2] [D] [thread 4245] [14.0] [cxt 0] Deparser 'deparser': end
[09:39:59.825] [bmv2] [D] [thread 4249] [14.0] [cxt 0] Transmitting packet of size 208 out of port 0
[09:40:00.074] [bmv2] [D] [thread 4244] [15.0] [cxt 0] Processing packet received on port 2
[09:40:00.074] [bmv2] [D] [thread 4244] [15.0] [cxt 0] Parser 'parser': start
[09:40:00.074] [bmv2] [D] [thread 4244] [15.0] [cxt 0] Parser 'parser' entering state 'start'
[09:40:00.074] [bmv2] [D] [thread 4244] [15.0] [cxt 0] Extracting header 'ethernet'
[09:40:00.074] [bmv2] [D] [thread 4244] [15.0] [cxt 0] Parser state 'start': key is 86dd
[09:40:00.074] [bmv2] [T] [thread 4244] [15.0] [cxt 0] Bytes parsed: 14
[09:40:00.074] [bmv2] [D] [thread 4244] [15.0] [cxt 0] Parser 'parser': end
[09:40:00.074] [bmv2] [D] [thread 4244] [15.0] [cxt 0] Pipeline 'ingress': start
[09:40:00.074] [bmv2] [T] [thread 4244] [15.0] [cxt 0] basic_tunnel.p4(152) Condition "hdr.ipv4.isValid() && !hdr.myTunnel.isValid()" (node_2) is false
[09:40:00.074] [bmv2] [T] [thread 4244] [15.0] [cxt 0] basic_tunnel.p4(155) Condition "hdr.myTunnel.isValid()" (node_4) is false
[09:40:00.074] [bmv2] [D] [thread 4244] [15.0] [cxt 0] Pipeline 'ingress': end
[09:40:00.074] [bmv2] [D] [thread 4244] [15.0] [cxt 0] Egress port is 0
[09:40:00.074] [bmv2] [D] [thread 4245] [15.0] [cxt 0] Pipeline 'egress': start
[09:40:00.074] [bmv2] [D] [thread 4245] [15.0] [cxt 0] Pipeline 'egress': end
[09:40:00.074] [bmv2] [D] [thread 4245] [15.0] [cxt 0] Deparser 'deparser': start
[09:40:00.074] [bmv2] [T] [thread 4245] [15.0] [cxt 0] Skipping checksum 'cksum' update because condition not met
[09:40:00.074] [bmv2] [D] [thread 4245] [15.0] [cxt 0] Deparsing header 'ethernet'
[09:40:00.074] [bmv2] [D] [thread 4245] [15.0] [cxt 0] Deparser 'deparser': end
[09:40:00.074] [bmv2] [D] [thread 4249] [15.0] [cxt 0] Transmitting packet of size 208 out of port 0
[09:40:00.162] [bmv2] [W] [thread 4327] [P4Runtime] p4::tmp::P4DeviceConfig is deprecated
[09:40:00.164] [bmv2] [D] [thread 4327] Set default default entry for table 'MyIngress.ipv4_lpm': MyIngress.drop - 
[09:40:00.164] [bmv2] [D] [thread 4327] Set default default entry for table 'MyIngress.myTunnel_exact': MyIngress.drop - 
[09:40:00.179] [bmv2] [D] [thread 4244] [16.0] [cxt 0] Processing packet received on port 2
[09:40:00.179] [bmv2] [D] [thread 4244] [16.0] [cxt 0] Parser 'parser': start
[09:40:00.179] [bmv2] [D] [thread 4244] [16.0] [cxt 0] Parser 'parser' entering state 'start'
[09:40:00.179] [bmv2] [D] [thread 4244] [16.0] [cxt 0] Extracting header 'ethernet'
[09:40:00.179] [bmv2] [D] [thread 4244] [16.0] [cxt 0] Parser state 'start': key is 86dd
[09:40:00.179] [bmv2] [T] [thread 4244] [16.0] [cxt 0] Bytes parsed: 14
[09:40:00.179] [bmv2] [D] [thread 4244] [16.0] [cxt 0] Parser 'parser': end
[09:40:00.179] [bmv2] [D] [thread 4244] [16.0] [cxt 0] Pipeline 'ingress': start
[09:40:00.179] [bmv2] [T] [thread 4244] [16.0] [cxt 0] basic_tunnel.p4(152) Condition "hdr.ipv4.isValid() && !hdr.myTunnel.isValid()" (node_2) is false
[09:40:00.179] [bmv2] [T] [thread 4244] [16.0] [cxt 0] basic_tunnel.p4(155) Condition "hdr.myTunnel.isValid()" (node_4) is false
[09:40:00.179] [bmv2] [D] [thread 4244] [16.0] [cxt 0] Pipeline 'ingress': end
[09:40:00.179] [bmv2] [D] [thread 4244] [16.0] [cxt 0] Egress port is 0
[09:40:00.179] [bmv2] [D] [thread 4245] [16.0] [cxt 0] Pipeline 'egress': start
[09:40:00.182] [bmv2] [D] [thread 4245] [16.0] [cxt 0] Pipeline 'egress': end
[09:40:00.182] [bmv2] [D] [thread 4245] [16.0] [cxt 0] Deparser 'deparser': start
[09:40:00.182] [bmv2] [T] [thread 4245] [16.0] [cxt 0] Skipping checksum 'cksum' update because condition not met
[09:40:00.182] [bmv2] [D] [thread 4245] [16.0] [cxt 0] Deparsing header 'ethernet'
[09:40:00.182] [bmv2] [D] [thread 4245] [16.0] [cxt 0] Deparser 'deparser': end
[09:40:00.182] [bmv2] [D] [thread 4249] [16.0] [cxt 0] Transmitting packet of size 110 out of port 0
[09:40:00.191] [bmv2] [D] [thread 4327] simple_switch target has been notified of a config swap
[09:40:00.200] [bmv2] [D] [thread 4328] Entry 0 added to table 'MyIngress.ipv4_lpm'
[09:40:00.200] [bmv2] [D] [thread 4328] Dumping entry 0
Match key:
* hdr.ipv4.dstAddr    : LPM       0a000101/32
Action entry: MyIngress.ipv4_forward - 80000000111,1,

[09:40:00.204] [bmv2] [D] [thread 4327] Entry 0 added to table 'MyIngress.myTunnel_exact'
[09:40:00.204] [bmv2] [D] [thread 4327] Dumping entry 0
Match key:
* hdr.myTunnel.dst_id : EXACT     0001
Action entry: MyIngress.myTunnel_forward - 1,

[09:40:00.268] [bmv2] [D] [thread 4244] [17.0] [cxt 0] Processing packet received on port 2
[09:40:00.268] [bmv2] [D] [thread 4244] [17.0] [cxt 0] Parser 'parser': start
[09:40:00.268] [bmv2] [D] [thread 4244] [17.0] [cxt 0] Parser 'parser' entering state 'start'
[09:40:00.268] [bmv2] [D] [thread 4244] [17.0] [cxt 0] Extracting header 'ethernet'
[09:40:00.268] [bmv2] [D] [thread 4244] [17.0] [cxt 0] Parser state 'start': key is 86dd
[09:40:00.268] [bmv2] [T] [thread 4244] [17.0] [cxt 0] Bytes parsed: 14
[09:40:00.268] [bmv2] [D] [thread 4244] [17.0] [cxt 0] Parser 'parser': end
[09:40:00.268] [bmv2] [D] [thread 4244] [17.0] [cxt 0] Pipeline 'ingress': start
[09:40:00.268] [bmv2] [T] [thread 4244] [17.0] [cxt 0] basic_tunnel.p4(152) Condition "hdr.ipv4.isValid() && !hdr.myTunnel.isValid()" (node_2) is false
[09:40:00.268] [bmv2] [T] [thread 4244] [17.0] [cxt 0] basic_tunnel.p4(155) Condition "hdr.myTunnel.isValid()" (node_4) is false
[09:40:00.268] [bmv2] [D] [thread 4244] [17.0] [cxt 0] Pipeline 'ingress': end
[09:40:00.269] [bmv2] [D] [thread 4244] [17.0] [cxt 0] Egress port is 0
[09:40:00.269] [bmv2] [D] [thread 4245] [17.0] [cxt 0] Pipeline 'egress': start
[09:40:00.269] [bmv2] [D] [thread 4245] [17.0] [cxt 0] Pipeline 'egress': end
[09:40:00.269] [bmv2] [D] [thread 4245] [17.0] [cxt 0] Deparser 'deparser': start
[09:40:00.269] [bmv2] [T] [thread 4245] [17.0] [cxt 0] Skipping checksum 'cksum' update because condition not met
[09:40:00.269] [bmv2] [D] [thread 4245] [17.0] [cxt 0] Deparsing header 'ethernet'
[09:40:00.269] [bmv2] [D] [thread 4245] [17.0] [cxt 0] Deparser 'deparser': end
[09:40:00.269] [bmv2] [D] [thread 4249] [17.0] [cxt 0] Transmitting packet of size 90 out of port 0
[09:40:00.273] [bmv2] [D] [thread 4244] [18.0] [cxt 0] Processing packet received on port 2
[09:40:00.273] [bmv2] [D] [thread 4244] [18.0] [cxt 0] Parser 'parser': start
[09:40:00.273] [bmv2] [D] [thread 4244] [18.0] [cxt 0] Parser 'parser' entering state 'start'
[09:40:00.273] [bmv2] [D] [thread 4244] [18.0] [cxt 0] Extracting header 'ethernet'
[09:40:00.273] [bmv2] [D] [thread 4244] [18.0] [cxt 0] Parser state 'start': key is 86dd
[09:40:00.274] [bmv2] [T] [thread 4244] [18.0] [cxt 0] Bytes parsed: 14
[09:40:00.274] [bmv2] [D] [thread 4244] [18.0] [cxt 0] Parser 'parser': end
[09:40:00.274] [bmv2] [D] [thread 4244] [18.0] [cxt 0] Pipeline 'ingress': start
[09:40:00.274] [bmv2] [T] [thread 4244] [18.0] [cxt 0] basic_tunnel.p4(152) Condition "hdr.ipv4.isValid() && !hdr.myTunnel.isValid()" (node_2) is false
[09:40:00.274] [bmv2] [T] [thread 4244] [18.0] [cxt 0] basic_tunnel.p4(155) Condition "hdr.myTunnel.isValid()" (node_4) is false
[09:40:00.274] [bmv2] [D] [thread 4244] [18.0] [cxt 0] Pipeline 'ingress': end
[09:40:00.274] [bmv2] [D] [thread 4244] [18.0] [cxt 0] Egress port is 0
[09:40:00.274] [bmv2] [D] [thread 4245] [18.0] [cxt 0] Pipeline 'egress': start
[09:40:00.274] [bmv2] [D] [thread 4245] [18.0] [cxt 0] Pipeline 'egress': end
[09:40:00.274] [bmv2] [D] [thread 4245] [18.0] [cxt 0] Deparser 'deparser': start
[09:40:00.274] [bmv2] [T] [thread 4245] [18.0] [cxt 0] Skipping checksum 'cksum' update because condition not met
[09:40:00.274] [bmv2] [D] [thread 4245] [18.0] [cxt 0] Deparsing header 'ethernet'
[09:40:00.274] [bmv2] [D] [thread 4245] [18.0] [cxt 0] Deparser 'deparser': end
[09:40:00.274] [bmv2] [D] [thread 4249] [18.0] [cxt 0] Transmitting packet of size 196 out of port 0
[09:40:00.656] [bmv2] [D] [thread 4244] [19.0] [cxt 0] Processing packet received on port 1
[09:40:00.656] [bmv2] [D] [thread 4244] [19.0] [cxt 0] Parser 'parser': start
[09:40:00.656] [bmv2] [D] [thread 4244] [19.0] [cxt 0] Parser 'parser' entering state 'start'
[09:40:00.656] [bmv2] [D] [thread 4244] [19.0] [cxt 0] Extracting header 'ethernet'
[09:40:00.656] [bmv2] [D] [thread 4244] [19.0] [cxt 0] Parser state 'start': key is 86dd
[09:40:00.656] [bmv2] [T] [thread 4244] [19.0] [cxt 0] Bytes parsed: 14
[09:40:00.656] [bmv2] [D] [thread 4244] [19.0] [cxt 0] Parser 'parser': end
[09:40:00.657] [bmv2] [D] [thread 4244] [19.0] [cxt 0] Pipeline 'ingress': start
[09:40:00.657] [bmv2] [T] [thread 4244] [19.0] [cxt 0] basic_tunnel.p4(152) Condition "hdr.ipv4.isValid() && !hdr.myTunnel.isValid()" (node_2) is false
[09:40:00.657] [bmv2] [T] [thread 4244] [19.0] [cxt 0] basic_tunnel.p4(155) Condition "hdr.myTunnel.isValid()" (node_4) is false
[09:40:00.657] [bmv2] [D] [thread 4244] [19.0] [cxt 0] Pipeline 'ingress': end
[09:40:00.657] [bmv2] [D] [thread 4244] [19.0] [cxt 0] Egress port is 0
[09:40:00.657] [bmv2] [D] [thread 4245] [19.0] [cxt 0] Pipeline 'egress': start
[09:40:00.657] [bmv2] [D] [thread 4245] [19.0] [cxt 0] Pipeline 'egress': end
[09:40:00.657] [bmv2] [D] [thread 4245] [19.0] [cxt 0] Deparser 'deparser': start
[09:40:00.657] [bmv2] [T] [thread 4245] [19.0] [cxt 0] Skipping checksum 'cksum' update because condition not met
[09:40:00.657] [bmv2] [D] [thread 4245] [19.0] [cxt 0] Deparsing header 'ethernet'
[09:40:00.657] [bmv2] [D] [thread 4245] [19.0] [cxt 0] Deparser 'deparser': end
[09:40:00.657] [bmv2] [D] [thread 4249] [19.0] [cxt 0] Transmitting packet of size 196 out of port 0
[09:40:01.281] [bmv2] [D] [thread 4244] [20.0] [cxt 0] Processing packet received on port 2
[09:40:01.281] [bmv2] [D] [thread 4244] [20.0] [cxt 0] Parser 'parser': start
[09:40:01.281] [bmv2] [D] [thread 4244] [20.0] [cxt 0] Parser 'parser' entering state 'start'
[09:40:01.281] [bmv2] [D] [thread 4244] [20.0] [cxt 0] Extracting header 'ethernet'
[09:40:01.281] [bmv2] [D] [thread 4244] [20.0] [cxt 0] Parser state 'start': key is 86dd
[09:40:01.281] [bmv2] [T] [thread 4244] [20.0] [cxt 0] Bytes parsed: 14
[09:40:01.281] [bmv2] [D] [thread 4244] [20.0] [cxt 0] Parser 'parser': end
[09:40:01.281] [bmv2] [D] [thread 4244] [20.0] [cxt 0] Pipeline 'ingress': start
[09:40:01.281] [bmv2] [T] [thread 4244] [20.0] [cxt 0] basic_tunnel.p4(152) Condition "hdr.ipv4.isValid() && !hdr.myTunnel.isValid()" (node_2) is false
[09:40:01.281] [bmv2] [T] [thread 4244] [20.0] [cxt 0] basic_tunnel.p4(155) Condition "hdr.myTunnel.isValid()" (node_4) is false
[09:40:01.281] [bmv2] [D] [thread 4244] [20.0] [cxt 0] Pipeline 'ingress': end
[09:40:01.281] [bmv2] [D] [thread 4244] [20.0] [cxt 0] Egress port is 0
[09:40:01.281] [bmv2] [D] [thread 4245] [20.0] [cxt 0] Pipeline 'egress': start
[09:40:01.281] [bmv2] [D] [thread 4245] [20.0] [cxt 0] Pipeline 'egress': end
[09:40:01.281] [bmv2] [D] [thread 4245] [20.0] [cxt 0] Deparser 'deparser': start
[09:40:01.281] [bmv2] [T] [thread 4245] [20.0] [cxt 0] Skipping checksum 'cksum' update because condition not met
[09:40:01.281] [bmv2] [D] [thread 4245] [20.0] [cxt 0] Deparsing header 'ethernet'
[09:40:01.281] [bmv2] [D] [thread 4245] [20.0] [cxt 0] Deparser 'deparser': end
[09:40:01.281] [bmv2] [D] [thread 4249] [20.0] [cxt 0] Transmitting packet of size 196 out of port 0
[09:40:02.662] [bmv2] [D] [thread 4244] [21.0] [cxt 0] Processing packet received on port 1
[09:40:02.664] [bmv2] [D] [thread 4244] [21.0] [cxt 0] Parser 'parser': start
[09:40:02.664] [bmv2] [D] [thread 4244] [21.0] [cxt 0] Parser 'parser' entering state 'start'
[09:40:02.664] [bmv2] [D] [thread 4244] [21.0] [cxt 0] Extracting header 'ethernet'
[09:40:02.664] [bmv2] [D] [thread 4244] [21.0] [cxt 0] Parser state 'start': key is 86dd
[09:40:02.664] [bmv2] [T] [thread 4244] [21.0] [cxt 0] Bytes parsed: 14
[09:40:02.664] [bmv2] [D] [thread 4244] [21.0] [cxt 0] Parser 'parser': end
[09:40:02.664] [bmv2] [D] [thread 4244] [21.0] [cxt 0] Pipeline 'ingress': start
[09:40:02.664] [bmv2] [T] [thread 4244] [21.0] [cxt 0] basic_tunnel.p4(152) Condition "hdr.ipv4.isValid() && !hdr.myTunnel.isValid()" (node_2) is false
[09:40:02.664] [bmv2] [T] [thread 4244] [21.0] [cxt 0] basic_tunnel.p4(155) Condition "hdr.myTunnel.isValid()" (node_4) is false
[09:40:02.664] [bmv2] [D] [thread 4244] [21.0] [cxt 0] Pipeline 'ingress': end
[09:40:02.664] [bmv2] [D] [thread 4244] [21.0] [cxt 0] Egress port is 0
[09:40:02.664] [bmv2] [D] [thread 4245] [21.0] [cxt 0] Pipeline 'egress': start
[09:40:02.664] [bmv2] [D] [thread 4245] [21.0] [cxt 0] Pipeline 'egress': end
[09:40:02.664] [bmv2] [D] [thread 4245] [21.0] [cxt 0] Deparser 'deparser': start
[09:40:02.664] [bmv2] [T] [thread 4245] [21.0] [cxt 0] Skipping checksum 'cksum' update because condition not met
[09:40:02.664] [bmv2] [D] [thread 4245] [21.0] [cxt 0] Deparsing header 'ethernet'
[09:40:02.664] [bmv2] [D] [thread 4245] [21.0] [cxt 0] Deparser 'deparser': end
[09:40:02.664] [bmv2] [D] [thread 4249] [21.0] [cxt 0] Transmitting packet of size 196 out of port 0
[09:40:03.285] [bmv2] [D] [thread 4244] [22.0] [cxt 0] Processing packet received on port 2
[09:40:03.285] [bmv2] [D] [thread 4244] [22.0] [cxt 0] Parser 'parser': start
[09:40:03.285] [bmv2] [D] [thread 4244] [22.0] [cxt 0] Parser 'parser' entering state 'start'
[09:40:03.285] [bmv2] [D] [thread 4244] [22.0] [cxt 0] Extracting header 'ethernet'
[09:40:03.285] [bmv2] [D] [thread 4244] [22.0] [cxt 0] Parser state 'start': key is 86dd
[09:40:03.285] [bmv2] [T] [thread 4244] [22.0] [cxt 0] Bytes parsed: 14
[09:40:03.285] [bmv2] [D] [thread 4244] [22.0] [cxt 0] Parser 'parser': end
[09:40:03.285] [bmv2] [D] [thread 4244] [22.0] [cxt 0] Pipeline 'ingress': start
[09:40:03.285] [bmv2] [T] [thread 4244] [22.0] [cxt 0] basic_tunnel.p4(152) Condition "hdr.ipv4.isValid() && !hdr.myTunnel.isValid()" (node_2) is false
[09:40:03.285] [bmv2] [T] [thread 4244] [22.0] [cxt 0] basic_tunnel.p4(155) Condition "hdr.myTunnel.isValid()" (node_4) is false
[09:40:03.285] [bmv2] [D] [thread 4244] [22.0] [cxt 0] Pipeline 'ingress': end
[09:40:03.285] [bmv2] [D] [thread 4244] [22.0] [cxt 0] Egress port is 0
[09:40:03.285] [bmv2] [D] [thread 4245] [22.0] [cxt 0] Pipeline 'egress': start
[09:40:03.285] [bmv2] [D] [thread 4245] [22.0] [cxt 0] Pipeline 'egress': end
[09:40:03.285] [bmv2] [D] [thread 4245] [22.0] [cxt 0] Deparser 'deparser': start
[09:40:03.285] [bmv2] [T] [thread 4245] [22.0] [cxt 0] Skipping checksum 'cksum' update because condition not met
[09:40:03.285] [bmv2] [D] [thread 4245] [22.0] [cxt 0] Deparsing header 'ethernet'
[09:40:03.285] [bmv2] [D] [thread 4245] [22.0] [cxt 0] Deparser 'deparser': end
[09:40:03.285] [bmv2] [D] [thread 4249] [22.0] [cxt 0] Transmitting packet of size 196 out of port 0
[09:40:03.311] [bmv2] [D] [thread 4244] [23.0] [cxt 0] Processing packet received on port 1
[09:40:03.311] [bmv2] [D] [thread 4244] [23.0] [cxt 0] Parser 'parser': start
[09:40:03.312] [bmv2] [D] [thread 4244] [23.0] [cxt 0] Parser 'parser' entering state 'start'
[09:40:03.312] [bmv2] [D] [thread 4244] [23.0] [cxt 0] Extracting header 'ethernet'
[09:40:03.312] [bmv2] [D] [thread 4244] [23.0] [cxt 0] Parser state 'start': key is 86dd
[09:40:03.312] [bmv2] [T] [thread 4244] [23.0] [cxt 0] Bytes parsed: 14
[09:40:03.312] [bmv2] [D] [thread 4244] [23.0] [cxt 0] Parser 'parser': end
[09:40:03.312] [bmv2] [D] [thread 4244] [23.0] [cxt 0] Pipeline 'ingress': start
[09:40:03.312] [bmv2] [T] [thread 4244] [23.0] [cxt 0] basic_tunnel.p4(152) Condition "hdr.ipv4.isValid() && !hdr.myTunnel.isValid()" (node_2) is false
[09:40:03.312] [bmv2] [T] [thread 4244] [23.0] [cxt 0] basic_tunnel.p4(155) Condition "hdr.myTunnel.isValid()" (node_4) is false
[09:40:03.312] [bmv2] [D] [thread 4244] [23.0] [cxt 0] Pipeline 'ingress': end
[09:40:03.312] [bmv2] [D] [thread 4244] [23.0] [cxt 0] Egress port is 0
[09:40:03.313] [bmv2] [D] [thread 4245] [23.0] [cxt 0] Pipeline 'egress': start
[09:40:03.313] [bmv2] [D] [thread 4245] [23.0] [cxt 0] Pipeline 'egress': end
[09:40:03.313] [bmv2] [D] [thread 4245] [23.0] [cxt 0] Deparser 'deparser': start
[09:40:03.313] [bmv2] [T] [thread 4245] [23.0] [cxt 0] Skipping checksum 'cksum' update because condition not met
[09:40:03.313] [bmv2] [D] [thread 4245] [23.0] [cxt 0] Deparsing header 'ethernet'
[09:40:03.313] [bmv2] [D] [thread 4245] [23.0] [cxt 0] Deparser 'deparser': end
[09:40:03.313] [bmv2] [D] [thread 4249] [23.0] [cxt 0] Transmitting packet of size 70 out of port 0
[09:40:03.570] [bmv2] [D] [thread 4244] [24.0] [cxt 0] Processing packet received on port 2
[09:40:03.570] [bmv2] [D] [thread 4244] [24.0] [cxt 0] Parser 'parser': start
[09:40:03.571] [bmv2] [D] [thread 4244] [24.0] [cxt 0] Parser 'parser' entering state 'start'
[09:40:03.571] [bmv2] [D] [thread 4244] [24.0] [cxt 0] Extracting header 'ethernet'
[09:40:03.571] [bmv2] [D] [thread 4244] [24.0] [cxt 0] Parser state 'start': key is 86dd
[09:40:03.571] [bmv2] [T] [thread 4244] [24.0] [cxt 0] Bytes parsed: 14
[09:40:03.571] [bmv2] [D] [thread 4244] [24.0] [cxt 0] Parser 'parser': end
[09:40:03.571] [bmv2] [D] [thread 4244] [24.0] [cxt 0] Pipeline 'ingress': start
[09:40:03.571] [bmv2] [T] [thread 4244] [24.0] [cxt 0] basic_tunnel.p4(152) Condition "hdr.ipv4.isValid() && !hdr.myTunnel.isValid()" (node_2) is false
[09:40:03.571] [bmv2] [T] [thread 4244] [24.0] [cxt 0] basic_tunnel.p4(155) Condition "hdr.myTunnel.isValid()" (node_4) is false
[09:40:03.571] [bmv2] [D] [thread 4244] [24.0] [cxt 0] Pipeline 'ingress': end
[09:40:03.571] [bmv2] [D] [thread 4244] [24.0] [cxt 0] Egress port is 0
[09:40:03.571] [bmv2] [D] [thread 4245] [24.0] [cxt 0] Pipeline 'egress': start
[09:40:03.571] [bmv2] [D] [thread 4245] [24.0] [cxt 0] Pipeline 'egress': end
[09:40:03.571] [bmv2] [D] [thread 4245] [24.0] [cxt 0] Deparser 'deparser': start
[09:40:03.571] [bmv2] [T] [thread 4245] [24.0] [cxt 0] Skipping checksum 'cksum' update because condition not met
[09:40:03.571] [bmv2] [D] [thread 4245] [24.0] [cxt 0] Deparsing header 'ethernet'
[09:40:03.571] [bmv2] [D] [thread 4245] [24.0] [cxt 0] Deparser 'deparser': end
[09:40:03.572] [bmv2] [D] [thread 4249] [24.0] [cxt 0] Transmitting packet of size 70 out of port 0
