Calling target program-options parser
[13:55:04.337] [bmv2] [D] [thread 5128] Set default default entry for table 'MyIngress.ipv4_lpm': NoAction - 
Adding interface s3-eth1 as port 1
[13:55:04.352] [bmv2] [D] [thread 5128] Adding interface s3-eth1 as port 1
Adding interface s3-eth2 as port 2
[13:55:04.416] [bmv2] [D] [thread 5128] Adding interface s3-eth2 as port 2
Server listening on 0.0.0.0:50053
[13:55:04.432] [bmv2] [I] [thread 5128] Starting Thrift server on port 9092
[13:55:04.433] [bmv2] [I] [thread 5128] Thrift server was started
[13:55:04.565] [bmv2] [D] [thread 5139] [0.0] [cxt 0] Processing packet received on port 1
[13:55:04.565] [bmv2] [D] [thread 5139] [0.0] [cxt 0] Parser 'parser': start
[13:55:04.565] [bmv2] [D] [thread 5139] [0.0] [cxt 0] Parser 'parser' entering state 'start'
[13:55:04.565] [bmv2] [D] [thread 5139] [0.0] [cxt 0] Extracting header 'ethernet'
[13:55:04.565] [bmv2] [D] [thread 5139] [0.0] [cxt 0] Parser state 'start': key is 86dd
[13:55:04.565] [bmv2] [T] [thread 5139] [0.0] [cxt 0] Bytes parsed: 14
[13:55:04.565] [bmv2] [D] [thread 5139] [0.0] [cxt 0] Parser 'parser': end
[13:55:04.565] [bmv2] [D] [thread 5139] [0.0] [cxt 0] Pipeline 'ingress': start
[13:55:04.565] [bmv2] [T] [thread 5139] [0.0] [cxt 0] basic.p4(115) Condition "        if (hdr.ipv4.isValid()) { /*avaliar a qualidade do header \"hdr\" aqui ainda OG*/" (node_2) is false
[13:55:04.565] [bmv2] [D] [thread 5139] [0.0] [cxt 0] Pipeline 'ingress': end
[13:55:04.565] [bmv2] [D] [thread 5139] [0.0] [cxt 0] Egress port is 0
[13:55:04.566] [bmv2] [D] [thread 5140] [0.0] [cxt 0] Pipeline 'egress': start
[13:55:04.566] [bmv2] [D] [thread 5140] [0.0] [cxt 0] Pipeline 'egress': end
[13:55:04.566] [bmv2] [D] [thread 5140] [0.0] [cxt 0] Deparser 'deparser': start
[13:55:04.566] [bmv2] [T] [thread 5140] [0.0] [cxt 0] Skipping checksum 'cksum' update because condition not met
[13:55:04.566] [bmv2] [D] [thread 5140] [0.0] [cxt 0] Deparsing header 'ethernet'
[13:55:04.566] [bmv2] [D] [thread 5140] [0.0] [cxt 0] Deparser 'deparser': end
[13:55:04.566] [bmv2] [D] [thread 5144] [0.0] [cxt 0] Transmitting packet of size 90 out of port 0
[13:55:04.758] [bmv2] [D] [thread 5139] [1.0] [cxt 0] Processing packet received on port 1
[13:55:04.758] [bmv2] [D] [thread 5139] [1.0] [cxt 0] Parser 'parser': start
[13:55:04.758] [bmv2] [D] [thread 5139] [1.0] [cxt 0] Parser 'parser' entering state 'start'
[13:55:04.758] [bmv2] [D] [thread 5139] [1.0] [cxt 0] Extracting header 'ethernet'
[13:55:04.758] [bmv2] [D] [thread 5139] [1.0] [cxt 0] Parser state 'start': key is 86dd
[13:55:04.758] [bmv2] [T] [thread 5139] [1.0] [cxt 0] Bytes parsed: 14
[13:55:04.758] [bmv2] [D] [thread 5139] [1.0] [cxt 0] Parser 'parser': end
[13:55:04.759] [bmv2] [D] [thread 5139] [1.0] [cxt 0] Pipeline 'ingress': start
[13:55:04.759] [bmv2] [T] [thread 5139] [1.0] [cxt 0] basic.p4(115) Condition "        if (hdr.ipv4.isValid()) { /*avaliar a qualidade do header \"hdr\" aqui ainda OG*/" (node_2) is false
[13:55:04.759] [bmv2] [D] [thread 5139] [1.0] [cxt 0] Pipeline 'ingress': end
[13:55:04.759] [bmv2] [D] [thread 5139] [1.0] [cxt 0] Egress port is 0
[13:55:04.759] [bmv2] [D] [thread 5140] [1.0] [cxt 0] Pipeline 'egress': start
[13:55:04.759] [bmv2] [D] [thread 5140] [1.0] [cxt 0] Pipeline 'egress': end
[13:55:04.759] [bmv2] [D] [thread 5140] [1.0] [cxt 0] Deparser 'deparser': start
[13:55:04.759] [bmv2] [T] [thread 5140] [1.0] [cxt 0] Skipping checksum 'cksum' update because condition not met
[13:55:04.759] [bmv2] [D] [thread 5140] [1.0] [cxt 0] Deparsing header 'ethernet'
[13:55:04.759] [bmv2] [D] [thread 5140] [1.0] [cxt 0] Deparser 'deparser': end
[13:55:04.759] [bmv2] [D] [thread 5144] [1.0] [cxt 0] Transmitting packet of size 90 out of port 0
[13:55:04.824] [bmv2] [D] [thread 5139] [2.0] [cxt 0] Processing packet received on port 2
[13:55:04.824] [bmv2] [D] [thread 5139] [2.0] [cxt 0] Parser 'parser': start
[13:55:04.824] [bmv2] [D] [thread 5139] [2.0] [cxt 0] Parser 'parser' entering state 'start'
[13:55:04.824] [bmv2] [D] [thread 5139] [2.0] [cxt 0] Extracting header 'ethernet'
[13:55:04.824] [bmv2] [D] [thread 5139] [2.0] [cxt 0] Parser state 'start': key is 86dd
[13:55:04.824] [bmv2] [T] [thread 5139] [2.0] [cxt 0] Bytes parsed: 14
[13:55:04.824] [bmv2] [D] [thread 5139] [2.0] [cxt 0] Parser 'parser': end
[13:55:04.824] [bmv2] [D] [thread 5139] [2.0] [cxt 0] Pipeline 'ingress': start
[13:55:04.824] [bmv2] [T] [thread 5139] [2.0] [cxt 0] basic.p4(115) Condition "        if (hdr.ipv4.isValid()) { /*avaliar a qualidade do header \"hdr\" aqui ainda OG*/" (node_2) is false
[13:55:04.824] [bmv2] [D] [thread 5139] [2.0] [cxt 0] Pipeline 'ingress': end
[13:55:04.824] [bmv2] [D] [thread 5139] [2.0] [cxt 0] Egress port is 0
[13:55:04.824] [bmv2] [D] [thread 5139] [3.0] [cxt 0] Processing packet received on port 2
[13:55:04.824] [bmv2] [D] [thread 5139] [3.0] [cxt 0] Parser 'parser': start
[13:55:04.824] [bmv2] [D] [thread 5139] [3.0] [cxt 0] Parser 'parser' entering state 'start'
[13:55:04.824] [bmv2] [D] [thread 5139] [3.0] [cxt 0] Extracting header 'ethernet'
[13:55:04.824] [bmv2] [D] [thread 5139] [3.0] [cxt 0] Parser state 'start': key is 86dd
[13:55:04.824] [bmv2] [T] [thread 5139] [3.0] [cxt 0] Bytes parsed: 14
[13:55:04.824] [bmv2] [D] [thread 5139] [3.0] [cxt 0] Parser 'parser': end
[13:55:04.824] [bmv2] [D] [thread 5139] [3.0] [cxt 0] Pipeline 'ingress': start
[13:55:04.824] [bmv2] [T] [thread 5139] [3.0] [cxt 0] basic.p4(115) Condition "        if (hdr.ipv4.isValid()) { /*avaliar a qualidade do header \"hdr\" aqui ainda OG*/" (node_2) is false
[13:55:04.824] [bmv2] [D] [thread 5139] [3.0] [cxt 0] Pipeline 'ingress': end
[13:55:04.824] [bmv2] [D] [thread 5139] [3.0] [cxt 0] Egress port is 0
[13:55:04.827] [bmv2] [D] [thread 5140] [2.0] [cxt 0] Pipeline 'egress': start
[13:55:04.838] [bmv2] [D] [thread 5140] [2.0] [cxt 0] Pipeline 'egress': end
[13:55:04.838] [bmv2] [D] [thread 5140] [2.0] [cxt 0] Deparser 'deparser': start
[13:55:04.838] [bmv2] [T] [thread 5140] [2.0] [cxt 0] Skipping checksum 'cksum' update because condition not met
[13:55:04.838] [bmv2] [D] [thread 5140] [2.0] [cxt 0] Deparsing header 'ethernet'
[13:55:04.838] [bmv2] [D] [thread 5140] [2.0] [cxt 0] Deparser 'deparser': end
[13:55:04.838] [bmv2] [D] [thread 5140] [3.0] [cxt 0] Pipeline 'egress': start
[13:55:04.838] [bmv2] [D] [thread 5140] [3.0] [cxt 0] Pipeline 'egress': end
[13:55:04.838] [bmv2] [D] [thread 5140] [3.0] [cxt 0] Deparser 'deparser': start
[13:55:04.840] [bmv2] [D] [thread 5144] [2.0] [cxt 0] Transmitting packet of size 90 out of port 0
[13:55:04.854] [bmv2] [T] [thread 5140] [3.0] [cxt 0] Skipping checksum 'cksum' update because condition not met
[13:55:04.854] [bmv2] [D] [thread 5140] [3.0] [cxt 0] Deparsing header 'ethernet'
[13:55:04.854] [bmv2] [D] [thread 5140] [3.0] [cxt 0] Deparser 'deparser': end
[13:55:04.855] [bmv2] [D] [thread 5144] [3.0] [cxt 0] Transmitting packet of size 70 out of port 0
[13:55:05.494] [bmv2] [D] [thread 5139] [4.0] [cxt 0] Processing packet received on port 2
[13:55:05.494] [bmv2] [D] [thread 5139] [4.0] [cxt 0] Parser 'parser': start
[13:55:05.494] [bmv2] [D] [thread 5139] [4.0] [cxt 0] Parser 'parser' entering state 'start'
[13:55:05.494] [bmv2] [D] [thread 5139] [4.0] [cxt 0] Extracting header 'ethernet'
[13:55:05.494] [bmv2] [D] [thread 5139] [4.0] [cxt 0] Parser state 'start': key is 86dd
[13:55:05.494] [bmv2] [T] [thread 5139] [4.0] [cxt 0] Bytes parsed: 14
[13:55:05.494] [bmv2] [D] [thread 5139] [4.0] [cxt 0] Parser 'parser': end
[13:55:05.494] [bmv2] [D] [thread 5139] [4.0] [cxt 0] Pipeline 'ingress': start
[13:55:05.494] [bmv2] [T] [thread 5139] [4.0] [cxt 0] basic.p4(115) Condition "        if (hdr.ipv4.isValid()) { /*avaliar a qualidade do header \"hdr\" aqui ainda OG*/" (node_2) is false
[13:55:05.494] [bmv2] [D] [thread 5139] [4.0] [cxt 0] Pipeline 'ingress': end
[13:55:05.494] [bmv2] [D] [thread 5139] [4.0] [cxt 0] Egress port is 0
[13:55:05.495] [bmv2] [D] [thread 5140] [4.0] [cxt 0] Pipeline 'egress': start
[13:55:05.495] [bmv2] [D] [thread 5140] [4.0] [cxt 0] Pipeline 'egress': end
[13:55:05.495] [bmv2] [D] [thread 5140] [4.0] [cxt 0] Deparser 'deparser': start
[13:55:05.495] [bmv2] [T] [thread 5140] [4.0] [cxt 0] Skipping checksum 'cksum' update because condition not met
[13:55:05.495] [bmv2] [D] [thread 5140] [4.0] [cxt 0] Deparsing header 'ethernet'
[13:55:05.495] [bmv2] [D] [thread 5140] [4.0] [cxt 0] Deparser 'deparser': end
[13:55:05.495] [bmv2] [D] [thread 5144] [4.0] [cxt 0] Transmitting packet of size 90 out of port 0
[13:55:06.667] [bmv2] [W] [thread 5220] [P4Runtime] p4::tmp::P4DeviceConfig is deprecated
[13:55:06.668] [bmv2] [D] [thread 5220] Set default default entry for table 'MyIngress.ipv4_lpm': NoAction - 
[13:55:06.670] [bmv2] [D] [thread 5220] simple_switch target has been notified of a config swap
[13:55:06.673] [bmv2] [D] [thread 5221] Set default entry for table 'MyIngress.ipv4_lpm': MyIngress.drop - 
[13:55:06.675] [bmv2] [D] [thread 5220] Entry 0 added to table 'MyIngress.ipv4_lpm'
[13:55:06.675] [bmv2] [D] [thread 5220] Dumping entry 0
Match key:
* hdr.ipv4.dstAddr    : LPM       0a000101/32
Action entry: MyIngress.ipv4_forward - 80000000100,1,

[13:55:06.679] [bmv2] [D] [thread 5221] Entry 1 added to table 'MyIngress.ipv4_lpm'
[13:55:06.679] [bmv2] [D] [thread 5221] Dumping entry 1
Match key:
* hdr.ipv4.dstAddr    : LPM       0a000202/32
Action entry: MyIngress.ipv4_forward - 80000000100,1,

[13:55:06.681] [bmv2] [D] [thread 5220] Entry 2 added to table 'MyIngress.ipv4_lpm'
[13:55:06.681] [bmv2] [D] [thread 5220] Dumping entry 2
Match key:
* hdr.ipv4.dstAddr    : LPM       0a000303/32
Action entry: MyIngress.ipv4_forward - 80000000200,2,

[13:55:06.685] [bmv2] [D] [thread 5221] Entry 3 added to table 'MyIngress.ipv4_lpm'
[13:55:06.685] [bmv2] [D] [thread 5221] Dumping entry 3
Match key:
* hdr.ipv4.dstAddr    : LPM       0a000404/32
Action entry: MyIngress.ipv4_forward - 80000000200,2,

[13:55:08.022] [bmv2] [D] [thread 5139] [5.0] [cxt 0] Processing packet received on port 1
[13:55:08.023] [bmv2] [D] [thread 5139] [5.0] [cxt 0] Parser 'parser': start
[13:55:08.023] [bmv2] [D] [thread 5139] [5.0] [cxt 0] Parser 'parser' entering state 'start'
[13:55:08.023] [bmv2] [D] [thread 5139] [5.0] [cxt 0] Extracting header 'ethernet'
[13:55:08.023] [bmv2] [D] [thread 5139] [5.0] [cxt 0] Parser state 'start': key is 86dd
[13:55:08.023] [bmv2] [T] [thread 5139] [5.0] [cxt 0] Bytes parsed: 14
[13:55:08.023] [bmv2] [D] [thread 5139] [5.0] [cxt 0] Parser 'parser': end
[13:55:08.023] [bmv2] [D] [thread 5139] [5.0] [cxt 0] Pipeline 'ingress': start
[13:55:08.023] [bmv2] [T] [thread 5139] [5.0] [cxt 0] basic.p4(115) Condition "        if (hdr.ipv4.isValid()) { /*avaliar a qualidade do header \"hdr\" aqui ainda OG*/" (node_2) is false
[13:55:08.023] [bmv2] [D] [thread 5139] [5.0] [cxt 0] Pipeline 'ingress': end
[13:55:08.023] [bmv2] [D] [thread 5139] [5.0] [cxt 0] Egress port is 0
[13:55:08.023] [bmv2] [D] [thread 5139] [6.0] [cxt 0] Processing packet received on port 1
[13:55:08.023] [bmv2] [D] [thread 5139] [6.0] [cxt 0] Parser 'parser': start
[13:55:08.023] [bmv2] [D] [thread 5139] [6.0] [cxt 0] Parser 'parser' entering state 'start'
[13:55:08.023] [bmv2] [D] [thread 5139] [6.0] [cxt 0] Extracting header 'ethernet'
[13:55:08.023] [bmv2] [D] [thread 5139] [6.0] [cxt 0] Parser state 'start': key is 86dd
[13:55:08.023] [bmv2] [T] [thread 5139] [6.0] [cxt 0] Bytes parsed: 14
[13:55:08.023] [bmv2] [D] [thread 5139] [6.0] [cxt 0] Parser 'parser': end
[13:55:08.023] [bmv2] [D] [thread 5139] [6.0] [cxt 0] Pipeline 'ingress': start
[13:55:08.023] [bmv2] [T] [thread 5139] [6.0] [cxt 0] basic.p4(115) Condition "        if (hdr.ipv4.isValid()) { /*avaliar a qualidade do header \"hdr\" aqui ainda OG*/" (node_2) is false
[13:55:08.023] [bmv2] [D] [thread 5139] [6.0] [cxt 0] Pipeline 'ingress': end
[13:55:08.023] [bmv2] [D] [thread 5139] [6.0] [cxt 0] Egress port is 0
[13:55:08.023] [bmv2] [D] [thread 5140] [5.0] [cxt 0] Pipeline 'egress': start
[13:55:08.023] [bmv2] [D] [thread 5140] [5.0] [cxt 0] Pipeline 'egress': end
[13:55:08.023] [bmv2] [D] [thread 5140] [5.0] [cxt 0] Deparser 'deparser': start
[13:55:08.023] [bmv2] [T] [thread 5140] [5.0] [cxt 0] Skipping checksum 'cksum' update because condition not met
[13:55:08.023] [bmv2] [D] [thread 5140] [5.0] [cxt 0] Deparsing header 'ethernet'
[13:55:08.023] [bmv2] [D] [thread 5140] [5.0] [cxt 0] Deparser 'deparser': end
[13:55:08.023] [bmv2] [D] [thread 5140] [6.0] [cxt 0] Pipeline 'egress': start
[13:55:08.023] [bmv2] [D] [thread 5140] [6.0] [cxt 0] Pipeline 'egress': end
[13:55:08.024] [bmv2] [D] [thread 5144] [5.0] [cxt 0] Transmitting packet of size 70 out of port 0
[13:55:08.024] [bmv2] [D] [thread 5140] [6.0] [cxt 0] Deparser 'deparser': start
[13:55:08.024] [bmv2] [T] [thread 5140] [6.0] [cxt 0] Skipping checksum 'cksum' update because condition not met
[13:55:08.024] [bmv2] [D] [thread 5140] [6.0] [cxt 0] Deparsing header 'ethernet'
[13:55:08.024] [bmv2] [D] [thread 5140] [6.0] [cxt 0] Deparser 'deparser': end
[13:55:08.024] [bmv2] [D] [thread 5144] [6.0] [cxt 0] Transmitting packet of size 70 out of port 0
[13:55:08.275] [bmv2] [D] [thread 5139] [7.0] [cxt 0] Processing packet received on port 2
[13:55:08.275] [bmv2] [D] [thread 5139] [7.0] [cxt 0] Parser 'parser': start
[13:55:08.275] [bmv2] [D] [thread 5139] [7.0] [cxt 0] Parser 'parser' entering state 'start'
[13:55:08.275] [bmv2] [D] [thread 5139] [7.0] [cxt 0] Extracting header 'ethernet'
[13:55:08.275] [bmv2] [D] [thread 5139] [7.0] [cxt 0] Parser state 'start': key is 86dd
[13:55:08.275] [bmv2] [T] [thread 5139] [7.0] [cxt 0] Bytes parsed: 14
[13:55:08.275] [bmv2] [D] [thread 5139] [7.0] [cxt 0] Parser 'parser': end
[13:55:08.275] [bmv2] [D] [thread 5139] [7.0] [cxt 0] Pipeline 'ingress': start
[13:55:08.275] [bmv2] [T] [thread 5139] [7.0] [cxt 0] basic.p4(115) Condition "        if (hdr.ipv4.isValid()) { /*avaliar a qualidade do header \"hdr\" aqui ainda OG*/" (node_2) is false
[13:55:08.275] [bmv2] [D] [thread 5139] [7.0] [cxt 0] Pipeline 'ingress': end
[13:55:08.275] [bmv2] [D] [thread 5139] [7.0] [cxt 0] Egress port is 0
[13:55:08.275] [bmv2] [D] [thread 5140] [7.0] [cxt 0] Pipeline 'egress': start
[13:55:08.275] [bmv2] [D] [thread 5140] [7.0] [cxt 0] Pipeline 'egress': end
[13:55:08.275] [bmv2] [D] [thread 5140] [7.0] [cxt 0] Deparser 'deparser': start
[13:55:08.275] [bmv2] [T] [thread 5140] [7.0] [cxt 0] Skipping checksum 'cksum' update because condition not met
[13:55:08.275] [bmv2] [D] [thread 5140] [7.0] [cxt 0] Deparsing header 'ethernet'
[13:55:08.275] [bmv2] [D] [thread 5140] [7.0] [cxt 0] Deparser 'deparser': end
[13:55:08.276] [bmv2] [D] [thread 5144] [7.0] [cxt 0] Transmitting packet of size 70 out of port 0
[13:55:09.043] [bmv2] [D] [thread 5139] [8.0] [cxt 0] Processing packet received on port 2
[13:55:09.043] [bmv2] [D] [thread 5139] [8.0] [cxt 0] Parser 'parser': start
[13:55:09.043] [bmv2] [D] [thread 5139] [8.0] [cxt 0] Parser 'parser' entering state 'start'
[13:55:09.043] [bmv2] [D] [thread 5139] [8.0] [cxt 0] Extracting header 'ethernet'
[13:55:09.043] [bmv2] [D] [thread 5139] [8.0] [cxt 0] Parser state 'start': key is 86dd
[13:55:09.043] [bmv2] [T] [thread 5139] [8.0] [cxt 0] Bytes parsed: 14
[13:55:09.043] [bmv2] [D] [thread 5139] [8.0] [cxt 0] Parser 'parser': end
[13:55:09.043] [bmv2] [D] [thread 5139] [8.0] [cxt 0] Pipeline 'ingress': start
[13:55:09.043] [bmv2] [T] [thread 5139] [8.0] [cxt 0] basic.p4(115) Condition "        if (hdr.ipv4.isValid()) { /*avaliar a qualidade do header \"hdr\" aqui ainda OG*/" (node_2) is false
[13:55:09.043] [bmv2] [D] [thread 5139] [8.0] [cxt 0] Pipeline 'ingress': end
[13:55:09.043] [bmv2] [D] [thread 5139] [8.0] [cxt 0] Egress port is 0
[13:55:09.044] [bmv2] [D] [thread 5140] [8.0] [cxt 0] Pipeline 'egress': start
[13:55:09.044] [bmv2] [D] [thread 5140] [8.0] [cxt 0] Pipeline 'egress': end
[13:55:09.044] [bmv2] [D] [thread 5140] [8.0] [cxt 0] Deparser 'deparser': start
[13:55:09.044] [bmv2] [T] [thread 5140] [8.0] [cxt 0] Skipping checksum 'cksum' update because condition not met
[13:55:09.044] [bmv2] [D] [thread 5140] [8.0] [cxt 0] Deparsing header 'ethernet'
[13:55:09.044] [bmv2] [D] [thread 5140] [8.0] [cxt 0] Deparser 'deparser': end
[13:55:09.044] [bmv2] [D] [thread 5144] [8.0] [cxt 0] Transmitting packet of size 70 out of port 0
[13:55:15.443] [bmv2] [D] [thread 5139] [9.0] [cxt 0] Processing packet received on port 1
[13:55:15.443] [bmv2] [D] [thread 5139] [9.0] [cxt 0] Parser 'parser': start
[13:55:15.443] [bmv2] [D] [thread 5139] [9.0] [cxt 0] Parser 'parser' entering state 'start'
[13:55:15.443] [bmv2] [D] [thread 5139] [9.0] [cxt 0] Extracting header 'ethernet'
[13:55:15.443] [bmv2] [D] [thread 5139] [9.0] [cxt 0] Parser state 'start': key is 86dd
[13:55:15.443] [bmv2] [T] [thread 5139] [9.0] [cxt 0] Bytes parsed: 14
[13:55:15.443] [bmv2] [D] [thread 5139] [9.0] [cxt 0] Parser 'parser': end
[13:55:15.443] [bmv2] [D] [thread 5139] [9.0] [cxt 0] Pipeline 'ingress': start
[13:55:15.443] [bmv2] [T] [thread 5139] [9.0] [cxt 0] basic.p4(115) Condition "        if (hdr.ipv4.isValid()) { /*avaliar a qualidade do header \"hdr\" aqui ainda OG*/" (node_2) is false
[13:55:15.443] [bmv2] [D] [thread 5139] [9.0] [cxt 0] Pipeline 'ingress': end
[13:55:15.443] [bmv2] [D] [thread 5139] [9.0] [cxt 0] Egress port is 0
[13:55:15.443] [bmv2] [D] [thread 5140] [9.0] [cxt 0] Pipeline 'egress': start
[13:55:15.444] [bmv2] [D] [thread 5140] [9.0] [cxt 0] Pipeline 'egress': end
[13:55:15.444] [bmv2] [D] [thread 5140] [9.0] [cxt 0] Deparser 'deparser': start
[13:55:15.444] [bmv2] [T] [thread 5140] [9.0] [cxt 0] Skipping checksum 'cksum' update because condition not met
[13:55:15.444] [bmv2] [D] [thread 5140] [9.0] [cxt 0] Deparsing header 'ethernet'
[13:55:15.444] [bmv2] [D] [thread 5140] [9.0] [cxt 0] Deparser 'deparser': end
[13:55:15.444] [bmv2] [D] [thread 5144] [9.0] [cxt 0] Transmitting packet of size 70 out of port 0
[13:55:16.216] [bmv2] [D] [thread 5139] [10.0] [cxt 0] Processing packet received on port 1
[13:55:16.216] [bmv2] [D] [thread 5139] [10.0] [cxt 0] Parser 'parser': start
[13:55:16.216] [bmv2] [D] [thread 5139] [10.0] [cxt 0] Parser 'parser' entering state 'start'
[13:55:16.216] [bmv2] [D] [thread 5139] [10.0] [cxt 0] Extracting header 'ethernet'
[13:55:16.216] [bmv2] [D] [thread 5139] [10.0] [cxt 0] Parser state 'start': key is 86dd
[13:55:16.216] [bmv2] [T] [thread 5139] [10.0] [cxt 0] Bytes parsed: 14
[13:55:16.216] [bmv2] [D] [thread 5139] [10.0] [cxt 0] Parser 'parser': end
[13:55:16.216] [bmv2] [D] [thread 5139] [10.0] [cxt 0] Pipeline 'ingress': start
[13:55:16.216] [bmv2] [T] [thread 5139] [10.0] [cxt 0] basic.p4(115) Condition "        if (hdr.ipv4.isValid()) { /*avaliar a qualidade do header \"hdr\" aqui ainda OG*/" (node_2) is false
[13:55:16.216] [bmv2] [D] [thread 5139] [10.0] [cxt 0] Pipeline 'ingress': end
[13:55:16.216] [bmv2] [D] [thread 5139] [10.0] [cxt 0] Egress port is 0
[13:55:16.217] [bmv2] [D] [thread 5140] [10.0] [cxt 0] Pipeline 'egress': start
[13:55:16.218] [bmv2] [D] [thread 5140] [10.0] [cxt 0] Pipeline 'egress': end
[13:55:16.218] [bmv2] [D] [thread 5140] [10.0] [cxt 0] Deparser 'deparser': start
[13:55:16.218] [bmv2] [T] [thread 5140] [10.0] [cxt 0] Skipping checksum 'cksum' update because condition not met
[13:55:16.218] [bmv2] [D] [thread 5140] [10.0] [cxt 0] Deparsing header 'ethernet'
[13:55:16.218] [bmv2] [D] [thread 5140] [10.0] [cxt 0] Deparser 'deparser': end
[13:55:16.220] [bmv2] [D] [thread 5144] [10.0] [cxt 0] Transmitting packet of size 70 out of port 0
[13:55:17.236] [bmv2] [D] [thread 5139] [11.0] [cxt 0] Processing packet received on port 2
[13:55:17.236] [bmv2] [D] [thread 5139] [11.0] [cxt 0] Parser 'parser': start
[13:55:17.236] [bmv2] [D] [thread 5139] [11.0] [cxt 0] Parser 'parser' entering state 'start'
[13:55:17.236] [bmv2] [D] [thread 5139] [11.0] [cxt 0] Extracting header 'ethernet'
[13:55:17.236] [bmv2] [D] [thread 5139] [11.0] [cxt 0] Parser state 'start': key is 86dd
[13:55:17.236] [bmv2] [T] [thread 5139] [11.0] [cxt 0] Bytes parsed: 14
[13:55:17.236] [bmv2] [D] [thread 5139] [11.0] [cxt 0] Parser 'parser': end
[13:55:17.236] [bmv2] [D] [thread 5139] [11.0] [cxt 0] Pipeline 'ingress': start
[13:55:17.236] [bmv2] [T] [thread 5139] [11.0] [cxt 0] basic.p4(115) Condition "        if (hdr.ipv4.isValid()) { /*avaliar a qualidade do header \"hdr\" aqui ainda OG*/" (node_2) is false
[13:55:17.236] [bmv2] [D] [thread 5139] [11.0] [cxt 0] Pipeline 'ingress': end
[13:55:17.236] [bmv2] [D] [thread 5139] [11.0] [cxt 0] Egress port is 0
[13:55:17.241] [bmv2] [D] [thread 5140] [11.0] [cxt 0] Pipeline 'egress': start
[13:55:17.241] [bmv2] [D] [thread 5140] [11.0] [cxt 0] Pipeline 'egress': end
[13:55:17.241] [bmv2] [D] [thread 5140] [11.0] [cxt 0] Deparser 'deparser': start
[13:55:17.241] [bmv2] [T] [thread 5140] [11.0] [cxt 0] Skipping checksum 'cksum' update because condition not met
[13:55:17.241] [bmv2] [D] [thread 5140] [11.0] [cxt 0] Deparsing header 'ethernet'
[13:55:17.241] [bmv2] [D] [thread 5140] [11.0] [cxt 0] Deparser 'deparser': end
[13:55:17.241] [bmv2] [D] [thread 5144] [11.0] [cxt 0] Transmitting packet of size 70 out of port 0
[13:55:17.491] [bmv2] [D] [thread 5139] [12.0] [cxt 0] Processing packet received on port 2
[13:55:17.491] [bmv2] [D] [thread 5139] [12.0] [cxt 0] Parser 'parser': start
[13:55:17.491] [bmv2] [D] [thread 5139] [12.0] [cxt 0] Parser 'parser' entering state 'start'
[13:55:17.491] [bmv2] [D] [thread 5139] [12.0] [cxt 0] Extracting header 'ethernet'
[13:55:17.491] [bmv2] [D] [thread 5139] [12.0] [cxt 0] Parser state 'start': key is 86dd
[13:55:17.491] [bmv2] [T] [thread 5139] [12.0] [cxt 0] Bytes parsed: 14
[13:55:17.491] [bmv2] [D] [thread 5139] [12.0] [cxt 0] Parser 'parser': end
[13:55:17.491] [bmv2] [D] [thread 5139] [12.0] [cxt 0] Pipeline 'ingress': start
[13:55:17.491] [bmv2] [T] [thread 5139] [12.0] [cxt 0] basic.p4(115) Condition "        if (hdr.ipv4.isValid()) { /*avaliar a qualidade do header \"hdr\" aqui ainda OG*/" (node_2) is false
[13:55:17.491] [bmv2] [D] [thread 5139] [12.0] [cxt 0] Pipeline 'ingress': end
[13:55:17.491] [bmv2] [D] [thread 5139] [12.0] [cxt 0] Egress port is 0
[13:55:17.491] [bmv2] [D] [thread 5140] [12.0] [cxt 0] Pipeline 'egress': start
[13:55:17.491] [bmv2] [D] [thread 5140] [12.0] [cxt 0] Pipeline 'egress': end
[13:55:17.491] [bmv2] [D] [thread 5140] [12.0] [cxt 0] Deparser 'deparser': start
[13:55:17.491] [bmv2] [T] [thread 5140] [12.0] [cxt 0] Skipping checksum 'cksum' update because condition not met
[13:55:17.491] [bmv2] [D] [thread 5140] [12.0] [cxt 0] Deparsing header 'ethernet'
[13:55:17.491] [bmv2] [D] [thread 5140] [12.0] [cxt 0] Deparser 'deparser': end
[13:55:17.492] [bmv2] [D] [thread 5144] [12.0] [cxt 0] Transmitting packet of size 70 out of port 0
[13:55:30.548] [bmv2] [D] [thread 5139] [13.0] [cxt 0] Processing packet received on port 1
[13:55:30.548] [bmv2] [D] [thread 5139] [13.0] [cxt 0] Parser 'parser': start
[13:55:30.548] [bmv2] [D] [thread 5139] [13.0] [cxt 0] Parser 'parser' entering state 'start'
[13:55:30.548] [bmv2] [D] [thread 5139] [13.0] [cxt 0] Extracting header 'ethernet'
[13:55:30.548] [bmv2] [D] [thread 5139] [13.0] [cxt 0] Parser state 'start': key is 86dd
[13:55:30.548] [bmv2] [T] [thread 5139] [13.0] [cxt 0] Bytes parsed: 14
[13:55:30.548] [bmv2] [D] [thread 5139] [13.0] [cxt 0] Parser 'parser': end
[13:55:30.548] [bmv2] [D] [thread 5139] [13.0] [cxt 0] Pipeline 'ingress': start
[13:55:30.548] [bmv2] [T] [thread 5139] [13.0] [cxt 0] basic.p4(115) Condition "        if (hdr.ipv4.isValid()) { /*avaliar a qualidade do header \"hdr\" aqui ainda OG*/" (node_2) is false
[13:55:30.548] [bmv2] [D] [thread 5139] [13.0] [cxt 0] Pipeline 'ingress': end
[13:55:30.548] [bmv2] [D] [thread 5139] [13.0] [cxt 0] Egress port is 0
[13:55:30.549] [bmv2] [D] [thread 5140] [13.0] [cxt 0] Pipeline 'egress': start
[13:55:30.549] [bmv2] [D] [thread 5140] [13.0] [cxt 0] Pipeline 'egress': end
[13:55:30.549] [bmv2] [D] [thread 5140] [13.0] [cxt 0] Deparser 'deparser': start
[13:55:30.549] [bmv2] [T] [thread 5140] [13.0] [cxt 0] Skipping checksum 'cksum' update because condition not met
[13:55:30.549] [bmv2] [D] [thread 5140] [13.0] [cxt 0] Deparsing header 'ethernet'
[13:55:30.549] [bmv2] [D] [thread 5140] [13.0] [cxt 0] Deparser 'deparser': end
[13:55:30.549] [bmv2] [D] [thread 5144] [13.0] [cxt 0] Transmitting packet of size 70 out of port 0
[13:55:33.106] [bmv2] [D] [thread 5139] [14.0] [cxt 0] Processing packet received on port 1
[13:55:33.106] [bmv2] [D] [thread 5139] [14.0] [cxt 0] Parser 'parser': start
[13:55:33.106] [bmv2] [D] [thread 5139] [14.0] [cxt 0] Parser 'parser' entering state 'start'
[13:55:33.106] [bmv2] [D] [thread 5139] [14.0] [cxt 0] Extracting header 'ethernet'
[13:55:33.106] [bmv2] [D] [thread 5139] [14.0] [cxt 0] Parser state 'start': key is 86dd
[13:55:33.106] [bmv2] [T] [thread 5139] [14.0] [cxt 0] Bytes parsed: 14
[13:55:33.106] [bmv2] [D] [thread 5139] [14.0] [cxt 0] Parser 'parser': end
[13:55:33.106] [bmv2] [D] [thread 5139] [14.0] [cxt 0] Pipeline 'ingress': start
[13:55:33.106] [bmv2] [T] [thread 5139] [14.0] [cxt 0] basic.p4(115) Condition "        if (hdr.ipv4.isValid()) { /*avaliar a qualidade do header \"hdr\" aqui ainda OG*/" (node_2) is false
[13:55:33.106] [bmv2] [D] [thread 5139] [14.0] [cxt 0] Pipeline 'ingress': end
[13:55:33.106] [bmv2] [D] [thread 5139] [14.0] [cxt 0] Egress port is 0
[13:55:33.106] [bmv2] [D] [thread 5140] [14.0] [cxt 0] Pipeline 'egress': start
[13:55:33.106] [bmv2] [D] [thread 5140] [14.0] [cxt 0] Pipeline 'egress': end
[13:55:33.106] [bmv2] [D] [thread 5140] [14.0] [cxt 0] Deparser 'deparser': start
[13:55:33.106] [bmv2] [T] [thread 5140] [14.0] [cxt 0] Skipping checksum 'cksum' update because condition not met
[13:55:33.106] [bmv2] [D] [thread 5140] [14.0] [cxt 0] Deparsing header 'ethernet'
[13:55:33.106] [bmv2] [D] [thread 5140] [14.0] [cxt 0] Deparser 'deparser': end
[13:55:33.107] [bmv2] [D] [thread 5144] [14.0] [cxt 0] Transmitting packet of size 70 out of port 0
[13:55:35.157] [bmv2] [D] [thread 5139] [15.0] [cxt 0] Processing packet received on port 2
[13:55:35.157] [bmv2] [D] [thread 5139] [15.0] [cxt 0] Parser 'parser': start
[13:55:35.157] [bmv2] [D] [thread 5139] [15.0] [cxt 0] Parser 'parser' entering state 'start'
[13:55:35.157] [bmv2] [D] [thread 5139] [15.0] [cxt 0] Extracting header 'ethernet'
[13:55:35.157] [bmv2] [D] [thread 5139] [15.0] [cxt 0] Parser state 'start': key is 86dd
[13:55:35.157] [bmv2] [T] [thread 5139] [15.0] [cxt 0] Bytes parsed: 14
[13:55:35.158] [bmv2] [D] [thread 5139] [15.0] [cxt 0] Parser 'parser': end
[13:55:35.159] [bmv2] [D] [thread 5139] [15.0] [cxt 0] Pipeline 'ingress': start
[13:55:35.164] [bmv2] [T] [thread 5139] [15.0] [cxt 0] basic.p4(115) Condition "        if (hdr.ipv4.isValid()) { /*avaliar a qualidade do header \"hdr\" aqui ainda OG*/" (node_2) is false
[13:55:35.164] [bmv2] [D] [thread 5139] [15.0] [cxt 0] Pipeline 'ingress': end
[13:55:35.164] [bmv2] [D] [thread 5139] [15.0] [cxt 0] Egress port is 0
[13:55:35.165] [bmv2] [D] [thread 5140] [15.0] [cxt 0] Pipeline 'egress': start
[13:55:35.166] [bmv2] [D] [thread 5140] [15.0] [cxt 0] Pipeline 'egress': end
[13:55:35.166] [bmv2] [D] [thread 5140] [15.0] [cxt 0] Deparser 'deparser': start
[13:55:35.166] [bmv2] [T] [thread 5140] [15.0] [cxt 0] Skipping checksum 'cksum' update because condition not met
[13:55:35.166] [bmv2] [D] [thread 5140] [15.0] [cxt 0] Deparsing header 'ethernet'
[13:55:35.166] [bmv2] [D] [thread 5140] [15.0] [cxt 0] Deparser 'deparser': end
[13:55:35.167] [bmv2] [D] [thread 5144] [15.0] [cxt 0] Transmitting packet of size 70 out of port 0
[13:55:37.202] [bmv2] [D] [thread 5139] [16.0] [cxt 0] Processing packet received on port 2
[13:55:37.202] [bmv2] [D] [thread 5139] [16.0] [cxt 0] Parser 'parser': start
[13:55:37.202] [bmv2] [D] [thread 5139] [16.0] [cxt 0] Parser 'parser' entering state 'start'
[13:55:37.202] [bmv2] [D] [thread 5139] [16.0] [cxt 0] Extracting header 'ethernet'
[13:55:37.202] [bmv2] [D] [thread 5139] [16.0] [cxt 0] Parser state 'start': key is 86dd
[13:55:37.202] [bmv2] [T] [thread 5139] [16.0] [cxt 0] Bytes parsed: 14
[13:55:37.202] [bmv2] [D] [thread 5139] [16.0] [cxt 0] Parser 'parser': end
[13:55:37.202] [bmv2] [D] [thread 5139] [16.0] [cxt 0] Pipeline 'ingress': start
[13:55:37.202] [bmv2] [T] [thread 5139] [16.0] [cxt 0] basic.p4(115) Condition "        if (hdr.ipv4.isValid()) { /*avaliar a qualidade do header \"hdr\" aqui ainda OG*/" (node_2) is false
[13:55:37.202] [bmv2] [D] [thread 5139] [16.0] [cxt 0] Pipeline 'ingress': end
[13:55:37.202] [bmv2] [D] [thread 5139] [16.0] [cxt 0] Egress port is 0
[13:55:37.202] [bmv2] [D] [thread 5140] [16.0] [cxt 0] Pipeline 'egress': start
[13:55:37.202] [bmv2] [D] [thread 5140] [16.0] [cxt 0] Pipeline 'egress': end
[13:55:37.202] [bmv2] [D] [thread 5140] [16.0] [cxt 0] Deparser 'deparser': start
[13:55:37.202] [bmv2] [T] [thread 5140] [16.0] [cxt 0] Skipping checksum 'cksum' update because condition not met
[13:55:37.202] [bmv2] [D] [thread 5140] [16.0] [cxt 0] Deparsing header 'ethernet'
[13:55:37.202] [bmv2] [D] [thread 5140] [16.0] [cxt 0] Deparser 'deparser': end
[13:55:37.202] [bmv2] [D] [thread 5144] [16.0] [cxt 0] Transmitting packet of size 70 out of port 0
[13:56:01.781] [bmv2] [D] [thread 5139] [17.0] [cxt 0] Processing packet received on port 1
[13:56:01.781] [bmv2] [D] [thread 5139] [17.0] [cxt 0] Parser 'parser': start
[13:56:01.781] [bmv2] [D] [thread 5139] [17.0] [cxt 0] Parser 'parser' entering state 'start'
[13:56:01.781] [bmv2] [D] [thread 5139] [17.0] [cxt 0] Extracting header 'ethernet'
[13:56:01.781] [bmv2] [D] [thread 5139] [17.0] [cxt 0] Parser state 'start': key is 86dd
[13:56:01.781] [bmv2] [T] [thread 5139] [17.0] [cxt 0] Bytes parsed: 14
[13:56:01.781] [bmv2] [D] [thread 5139] [17.0] [cxt 0] Parser 'parser': end
[13:56:01.781] [bmv2] [D] [thread 5139] [17.0] [cxt 0] Pipeline 'ingress': start
[13:56:01.781] [bmv2] [T] [thread 5139] [17.0] [cxt 0] basic.p4(115) Condition "        if (hdr.ipv4.isValid()) { /*avaliar a qualidade do header \"hdr\" aqui ainda OG*/" (node_2) is false
[13:56:01.781] [bmv2] [D] [thread 5139] [17.0] [cxt 0] Pipeline 'ingress': end
[13:56:01.781] [bmv2] [D] [thread 5139] [17.0] [cxt 0] Egress port is 0
[13:56:01.781] [bmv2] [D] [thread 5140] [17.0] [cxt 0] Pipeline 'egress': start
[13:56:01.781] [bmv2] [D] [thread 5140] [17.0] [cxt 0] Pipeline 'egress': end
[13:56:01.781] [bmv2] [D] [thread 5140] [17.0] [cxt 0] Deparser 'deparser': start
[13:56:01.781] [bmv2] [T] [thread 5140] [17.0] [cxt 0] Skipping checksum 'cksum' update because condition not met
[13:56:01.781] [bmv2] [D] [thread 5140] [17.0] [cxt 0] Deparsing header 'ethernet'
[13:56:01.781] [bmv2] [D] [thread 5140] [17.0] [cxt 0] Deparser 'deparser': end
[13:56:01.781] [bmv2] [D] [thread 5144] [17.0] [cxt 0] Transmitting packet of size 70 out of port 0
[13:56:07.923] [bmv2] [D] [thread 5139] [18.0] [cxt 0] Processing packet received on port 1
[13:56:07.923] [bmv2] [D] [thread 5139] [18.0] [cxt 0] Parser 'parser': start
[13:56:07.923] [bmv2] [D] [thread 5139] [18.0] [cxt 0] Parser 'parser' entering state 'start'
[13:56:07.923] [bmv2] [D] [thread 5139] [18.0] [cxt 0] Extracting header 'ethernet'
[13:56:07.923] [bmv2] [D] [thread 5139] [18.0] [cxt 0] Parser state 'start': key is 86dd
[13:56:07.923] [bmv2] [T] [thread 5139] [18.0] [cxt 0] Bytes parsed: 14
[13:56:07.923] [bmv2] [D] [thread 5139] [18.0] [cxt 0] Parser 'parser': end
[13:56:07.923] [bmv2] [D] [thread 5139] [18.0] [cxt 0] Pipeline 'ingress': start
[13:56:07.923] [bmv2] [T] [thread 5139] [18.0] [cxt 0] basic.p4(115) Condition "        if (hdr.ipv4.isValid()) { /*avaliar a qualidade do header \"hdr\" aqui ainda OG*/" (node_2) is false
[13:56:07.923] [bmv2] [D] [thread 5139] [18.0] [cxt 0] Pipeline 'ingress': end
[13:56:07.923] [bmv2] [D] [thread 5139] [18.0] [cxt 0] Egress port is 0
[13:56:07.923] [bmv2] [D] [thread 5140] [18.0] [cxt 0] Pipeline 'egress': start
[13:56:07.923] [bmv2] [D] [thread 5140] [18.0] [cxt 0] Pipeline 'egress': end
[13:56:07.923] [bmv2] [D] [thread 5140] [18.0] [cxt 0] Deparser 'deparser': start
[13:56:07.923] [bmv2] [T] [thread 5140] [18.0] [cxt 0] Skipping checksum 'cksum' update because condition not met
[13:56:07.923] [bmv2] [D] [thread 5140] [18.0] [cxt 0] Deparsing header 'ethernet'
[13:56:07.923] [bmv2] [D] [thread 5140] [18.0] [cxt 0] Deparser 'deparser': end
[13:56:07.923] [bmv2] [D] [thread 5144] [18.0] [cxt 0] Transmitting packet of size 70 out of port 0
[13:56:09.975] [bmv2] [D] [thread 5139] [19.0] [cxt 0] Processing packet received on port 2
[13:56:09.975] [bmv2] [D] [thread 5139] [19.0] [cxt 0] Parser 'parser': start
[13:56:09.975] [bmv2] [D] [thread 5139] [19.0] [cxt 0] Parser 'parser' entering state 'start'
[13:56:09.975] [bmv2] [D] [thread 5139] [19.0] [cxt 0] Extracting header 'ethernet'
[13:56:09.975] [bmv2] [D] [thread 5139] [19.0] [cxt 0] Parser state 'start': key is 86dd
[13:56:09.975] [bmv2] [T] [thread 5139] [19.0] [cxt 0] Bytes parsed: 14
[13:56:09.975] [bmv2] [D] [thread 5139] [19.0] [cxt 0] Parser 'parser': end
[13:56:09.975] [bmv2] [D] [thread 5139] [19.0] [cxt 0] Pipeline 'ingress': start
[13:56:09.975] [bmv2] [T] [thread 5139] [19.0] [cxt 0] basic.p4(115) Condition "        if (hdr.ipv4.isValid()) { /*avaliar a qualidade do header \"hdr\" aqui ainda OG*/" (node_2) is false
[13:56:09.975] [bmv2] [D] [thread 5139] [19.0] [cxt 0] Pipeline 'ingress': end
[13:56:09.975] [bmv2] [D] [thread 5139] [19.0] [cxt 0] Egress port is 0
[13:56:09.975] [bmv2] [D] [thread 5140] [19.0] [cxt 0] Pipeline 'egress': start
[13:56:09.975] [bmv2] [D] [thread 5140] [19.0] [cxt 0] Pipeline 'egress': end
[13:56:09.975] [bmv2] [D] [thread 5140] [19.0] [cxt 0] Deparser 'deparser': start
[13:56:09.975] [bmv2] [T] [thread 5140] [19.0] [cxt 0] Skipping checksum 'cksum' update because condition not met
[13:56:09.975] [bmv2] [D] [thread 5140] [19.0] [cxt 0] Deparsing header 'ethernet'
[13:56:09.975] [bmv2] [D] [thread 5140] [19.0] [cxt 0] Deparser 'deparser': end
[13:56:09.975] [bmv2] [D] [thread 5144] [19.0] [cxt 0] Transmitting packet of size 70 out of port 0
[13:56:14.079] [bmv2] [D] [thread 5139] [20.0] [cxt 0] Processing packet received on port 2
[13:56:14.079] [bmv2] [D] [thread 5139] [20.0] [cxt 0] Parser 'parser': start
[13:56:14.079] [bmv2] [D] [thread 5139] [20.0] [cxt 0] Parser 'parser' entering state 'start'
[13:56:14.079] [bmv2] [D] [thread 5139] [20.0] [cxt 0] Extracting header 'ethernet'
[13:56:14.079] [bmv2] [D] [thread 5139] [20.0] [cxt 0] Parser state 'start': key is 86dd
[13:56:14.079] [bmv2] [T] [thread 5139] [20.0] [cxt 0] Bytes parsed: 14
[13:56:14.079] [bmv2] [D] [thread 5139] [20.0] [cxt 0] Parser 'parser': end
[13:56:14.079] [bmv2] [D] [thread 5139] [20.0] [cxt 0] Pipeline 'ingress': start
[13:56:14.079] [bmv2] [T] [thread 5139] [20.0] [cxt 0] basic.p4(115) Condition "        if (hdr.ipv4.isValid()) { /*avaliar a qualidade do header \"hdr\" aqui ainda OG*/" (node_2) is false
[13:56:14.079] [bmv2] [D] [thread 5139] [20.0] [cxt 0] Pipeline 'ingress': end
[13:56:14.079] [bmv2] [D] [thread 5139] [20.0] [cxt 0] Egress port is 0
[13:56:14.079] [bmv2] [D] [thread 5140] [20.0] [cxt 0] Pipeline 'egress': start
[13:56:14.079] [bmv2] [D] [thread 5140] [20.0] [cxt 0] Pipeline 'egress': end
[13:56:14.079] [bmv2] [D] [thread 5140] [20.0] [cxt 0] Deparser 'deparser': start
[13:56:14.079] [bmv2] [T] [thread 5140] [20.0] [cxt 0] Skipping checksum 'cksum' update because condition not met
[13:56:14.079] [bmv2] [D] [thread 5140] [20.0] [cxt 0] Deparsing header 'ethernet'
[13:56:14.079] [bmv2] [D] [thread 5140] [20.0] [cxt 0] Deparser 'deparser': end
[13:56:14.080] [bmv2] [D] [thread 5144] [20.0] [cxt 0] Transmitting packet of size 70 out of port 0
[13:57:01.178] [bmv2] [D] [thread 5139] [21.0] [cxt 0] Processing packet received on port 1
[13:57:01.178] [bmv2] [D] [thread 5139] [21.0] [cxt 0] Parser 'parser': start
[13:57:01.178] [bmv2] [D] [thread 5139] [21.0] [cxt 0] Parser 'parser' entering state 'start'
[13:57:01.178] [bmv2] [D] [thread 5139] [21.0] [cxt 0] Extracting header 'ethernet'
[13:57:01.178] [bmv2] [D] [thread 5139] [21.0] [cxt 0] Parser state 'start': key is 86dd
[13:57:01.178] [bmv2] [T] [thread 5139] [21.0] [cxt 0] Bytes parsed: 14
[13:57:01.178] [bmv2] [D] [thread 5139] [21.0] [cxt 0] Parser 'parser': end
[13:57:01.178] [bmv2] [D] [thread 5139] [21.0] [cxt 0] Pipeline 'ingress': start
[13:57:01.178] [bmv2] [T] [thread 5139] [21.0] [cxt 0] basic.p4(115) Condition "        if (hdr.ipv4.isValid()) { /*avaliar a qualidade do header \"hdr\" aqui ainda OG*/" (node_2) is false
[13:57:01.178] [bmv2] [D] [thread 5139] [21.0] [cxt 0] Pipeline 'ingress': end
[13:57:01.178] [bmv2] [D] [thread 5139] [21.0] [cxt 0] Egress port is 0
[13:57:01.178] [bmv2] [D] [thread 5140] [21.0] [cxt 0] Pipeline 'egress': start
[13:57:01.178] [bmv2] [D] [thread 5140] [21.0] [cxt 0] Pipeline 'egress': end
[13:57:01.178] [bmv2] [D] [thread 5140] [21.0] [cxt 0] Deparser 'deparser': start
[13:57:01.178] [bmv2] [T] [thread 5140] [21.0] [cxt 0] Skipping checksum 'cksum' update because condition not met
[13:57:01.178] [bmv2] [D] [thread 5140] [21.0] [cxt 0] Deparsing header 'ethernet'
[13:57:01.178] [bmv2] [D] [thread 5140] [21.0] [cxt 0] Deparser 'deparser': end
[13:57:01.178] [bmv2] [D] [thread 5144] [21.0] [cxt 0] Transmitting packet of size 70 out of port 0
[13:57:13.461] [bmv2] [D] [thread 5139] [22.0] [cxt 0] Processing packet received on port 1
[13:57:13.461] [bmv2] [D] [thread 5139] [22.0] [cxt 0] Parser 'parser': start
[13:57:13.461] [bmv2] [D] [thread 5139] [22.0] [cxt 0] Parser 'parser' entering state 'start'
[13:57:13.461] [bmv2] [D] [thread 5139] [22.0] [cxt 0] Extracting header 'ethernet'
[13:57:13.462] [bmv2] [D] [thread 5139] [22.0] [cxt 0] Parser state 'start': key is 86dd
[13:57:13.462] [bmv2] [T] [thread 5139] [22.0] [cxt 0] Bytes parsed: 14
[13:57:13.462] [bmv2] [D] [thread 5139] [22.0] [cxt 0] Parser 'parser': end
[13:57:13.462] [bmv2] [D] [thread 5139] [22.0] [cxt 0] Pipeline 'ingress': start
[13:57:13.462] [bmv2] [T] [thread 5139] [22.0] [cxt 0] basic.p4(115) Condition "        if (hdr.ipv4.isValid()) { /*avaliar a qualidade do header \"hdr\" aqui ainda OG*/" (node_2) is false
[13:57:13.462] [bmv2] [D] [thread 5139] [22.0] [cxt 0] Pipeline 'ingress': end
[13:57:13.462] [bmv2] [D] [thread 5139] [22.0] [cxt 0] Egress port is 0
[13:57:13.462] [bmv2] [D] [thread 5140] [22.0] [cxt 0] Pipeline 'egress': start
[13:57:13.462] [bmv2] [D] [thread 5140] [22.0] [cxt 0] Pipeline 'egress': end
[13:57:13.462] [bmv2] [D] [thread 5140] [22.0] [cxt 0] Deparser 'deparser': start
[13:57:13.462] [bmv2] [T] [thread 5140] [22.0] [cxt 0] Skipping checksum 'cksum' update because condition not met
[13:57:13.462] [bmv2] [D] [thread 5140] [22.0] [cxt 0] Deparsing header 'ethernet'
[13:57:13.462] [bmv2] [D] [thread 5140] [22.0] [cxt 0] Deparser 'deparser': end
[13:57:13.462] [bmv2] [D] [thread 5144] [22.0] [cxt 0] Transmitting packet of size 70 out of port 0
[13:57:19.605] [bmv2] [D] [thread 5139] [23.0] [cxt 0] Processing packet received on port 2
[13:57:19.605] [bmv2] [D] [thread 5139] [23.0] [cxt 0] Parser 'parser': start
[13:57:19.605] [bmv2] [D] [thread 5139] [23.0] [cxt 0] Parser 'parser' entering state 'start'
[13:57:19.605] [bmv2] [D] [thread 5139] [23.0] [cxt 0] Extracting header 'ethernet'
[13:57:19.605] [bmv2] [D] [thread 5139] [23.0] [cxt 0] Parser state 'start': key is 86dd
[13:57:19.605] [bmv2] [T] [thread 5139] [23.0] [cxt 0] Bytes parsed: 14
[13:57:19.605] [bmv2] [D] [thread 5139] [23.0] [cxt 0] Parser 'parser': end
[13:57:19.605] [bmv2] [D] [thread 5139] [23.0] [cxt 0] Pipeline 'ingress': start
[13:57:19.605] [bmv2] [T] [thread 5139] [23.0] [cxt 0] basic.p4(115) Condition "        if (hdr.ipv4.isValid()) { /*avaliar a qualidade do header \"hdr\" aqui ainda OG*/" (node_2) is false
[13:57:19.605] [bmv2] [D] [thread 5139] [23.0] [cxt 0] Pipeline 'ingress': end
[13:57:19.605] [bmv2] [D] [thread 5139] [23.0] [cxt 0] Egress port is 0
[13:57:19.605] [bmv2] [D] [thread 5140] [23.0] [cxt 0] Pipeline 'egress': start
[13:57:19.605] [bmv2] [D] [thread 5140] [23.0] [cxt 0] Pipeline 'egress': end
[13:57:19.605] [bmv2] [D] [thread 5140] [23.0] [cxt 0] Deparser 'deparser': start
[13:57:19.605] [bmv2] [T] [thread 5140] [23.0] [cxt 0] Skipping checksum 'cksum' update because condition not met
[13:57:19.605] [bmv2] [D] [thread 5140] [23.0] [cxt 0] Deparsing header 'ethernet'
[13:57:19.605] [bmv2] [D] [thread 5140] [23.0] [cxt 0] Deparser 'deparser': end
[13:57:19.605] [bmv2] [D] [thread 5144] [23.0] [cxt 0] Transmitting packet of size 70 out of port 0
[13:57:23.703] [bmv2] [D] [thread 5139] [24.0] [cxt 0] Processing packet received on port 2
[13:57:23.703] [bmv2] [D] [thread 5139] [24.0] [cxt 0] Parser 'parser': start
[13:57:23.703] [bmv2] [D] [thread 5139] [24.0] [cxt 0] Parser 'parser' entering state 'start'
[13:57:23.703] [bmv2] [D] [thread 5139] [24.0] [cxt 0] Extracting header 'ethernet'
[13:57:23.703] [bmv2] [D] [thread 5139] [24.0] [cxt 0] Parser state 'start': key is 86dd
[13:57:23.703] [bmv2] [T] [thread 5139] [24.0] [cxt 0] Bytes parsed: 14
[13:57:23.703] [bmv2] [D] [thread 5139] [24.0] [cxt 0] Parser 'parser': end
[13:57:23.703] [bmv2] [D] [thread 5139] [24.0] [cxt 0] Pipeline 'ingress': start
[13:57:23.703] [bmv2] [T] [thread 5139] [24.0] [cxt 0] basic.p4(115) Condition "        if (hdr.ipv4.isValid()) { /*avaliar a qualidade do header \"hdr\" aqui ainda OG*/" (node_2) is false
[13:57:23.703] [bmv2] [D] [thread 5139] [24.0] [cxt 0] Pipeline 'ingress': end
[13:57:23.703] [bmv2] [D] [thread 5139] [24.0] [cxt 0] Egress port is 0
[13:57:23.703] [bmv2] [D] [thread 5140] [24.0] [cxt 0] Pipeline 'egress': start
[13:57:23.703] [bmv2] [D] [thread 5140] [24.0] [cxt 0] Pipeline 'egress': end
[13:57:23.703] [bmv2] [D] [thread 5140] [24.0] [cxt 0] Deparser 'deparser': start
[13:57:23.703] [bmv2] [T] [thread 5140] [24.0] [cxt 0] Skipping checksum 'cksum' update because condition not met
[13:57:23.703] [bmv2] [D] [thread 5140] [24.0] [cxt 0] Deparsing header 'ethernet'
[13:57:23.703] [bmv2] [D] [thread 5140] [24.0] [cxt 0] Deparser 'deparser': end
[13:57:23.703] [bmv2] [D] [thread 5144] [24.0] [cxt 0] Transmitting packet of size 70 out of port 0
[13:58:59.955] [bmv2] [D] [thread 5139] [25.0] [cxt 0] Processing packet received on port 1
[13:58:59.955] [bmv2] [D] [thread 5139] [25.0] [cxt 0] Parser 'parser': start
[13:58:59.955] [bmv2] [D] [thread 5139] [25.0] [cxt 0] Parser 'parser' entering state 'start'
[13:58:59.955] [bmv2] [D] [thread 5139] [25.0] [cxt 0] Extracting header 'ethernet'
[13:58:59.955] [bmv2] [D] [thread 5139] [25.0] [cxt 0] Parser state 'start': key is 86dd
[13:58:59.955] [bmv2] [T] [thread 5139] [25.0] [cxt 0] Bytes parsed: 14
[13:58:59.955] [bmv2] [D] [thread 5139] [25.0] [cxt 0] Parser 'parser': end
[13:58:59.955] [bmv2] [D] [thread 5139] [25.0] [cxt 0] Pipeline 'ingress': start
[13:58:59.955] [bmv2] [T] [thread 5139] [25.0] [cxt 0] basic.p4(115) Condition "        if (hdr.ipv4.isValid()) { /*avaliar a qualidade do header \"hdr\" aqui ainda OG*/" (node_2) is false
[13:58:59.955] [bmv2] [D] [thread 5139] [25.0] [cxt 0] Pipeline 'ingress': end
[13:58:59.955] [bmv2] [D] [thread 5139] [25.0] [cxt 0] Egress port is 0
[13:58:59.955] [bmv2] [D] [thread 5140] [25.0] [cxt 0] Pipeline 'egress': start
[13:58:59.955] [bmv2] [D] [thread 5140] [25.0] [cxt 0] Pipeline 'egress': end
[13:58:59.955] [bmv2] [D] [thread 5140] [25.0] [cxt 0] Deparser 'deparser': start
[13:58:59.955] [bmv2] [T] [thread 5140] [25.0] [cxt 0] Skipping checksum 'cksum' update because condition not met
[13:58:59.955] [bmv2] [D] [thread 5140] [25.0] [cxt 0] Deparsing header 'ethernet'
[13:58:59.955] [bmv2] [D] [thread 5140] [25.0] [cxt 0] Deparser 'deparser': end
[13:58:59.955] [bmv2] [D] [thread 5144] [25.0] [cxt 0] Transmitting packet of size 70 out of port 0
[13:59:40.916] [bmv2] [D] [thread 5139] [26.0] [cxt 0] Processing packet received on port 1
[13:59:40.916] [bmv2] [D] [thread 5139] [26.0] [cxt 0] Parser 'parser': start
[13:59:40.917] [bmv2] [D] [thread 5139] [26.0] [cxt 0] Parser 'parser' entering state 'start'
[13:59:40.917] [bmv2] [D] [thread 5139] [26.0] [cxt 0] Extracting header 'ethernet'
[13:59:40.919] [bmv2] [D] [thread 5139] [26.0] [cxt 0] Parser state 'start': key is 86dd
[13:59:40.919] [bmv2] [T] [thread 5139] [26.0] [cxt 0] Bytes parsed: 14
[13:59:40.919] [bmv2] [D] [thread 5139] [26.0] [cxt 0] Parser 'parser': end
[13:59:40.919] [bmv2] [D] [thread 5139] [26.0] [cxt 0] Pipeline 'ingress': start
[13:59:40.919] [bmv2] [T] [thread 5139] [26.0] [cxt 0] basic.p4(115) Condition "        if (hdr.ipv4.isValid()) { /*avaliar a qualidade do header \"hdr\" aqui ainda OG*/" (node_2) is false
[13:59:40.919] [bmv2] [D] [thread 5139] [26.0] [cxt 0] Pipeline 'ingress': end
[13:59:40.919] [bmv2] [D] [thread 5139] [26.0] [cxt 0] Egress port is 0
[13:59:40.919] [bmv2] [D] [thread 5140] [26.0] [cxt 0] Pipeline 'egress': start
[13:59:40.919] [bmv2] [D] [thread 5140] [26.0] [cxt 0] Pipeline 'egress': end
[13:59:40.919] [bmv2] [D] [thread 5140] [26.0] [cxt 0] Deparser 'deparser': start
[13:59:40.919] [bmv2] [T] [thread 5140] [26.0] [cxt 0] Skipping checksum 'cksum' update because condition not met
[13:59:40.919] [bmv2] [D] [thread 5140] [26.0] [cxt 0] Deparsing header 'ethernet'
[13:59:40.919] [bmv2] [D] [thread 5140] [26.0] [cxt 0] Deparser 'deparser': end
[13:59:40.919] [bmv2] [D] [thread 5144] [26.0] [cxt 0] Transmitting packet of size 70 out of port 0
[13:59:40.919] [bmv2] [D] [thread 5139] [27.0] [cxt 0] Processing packet received on port 2
[13:59:40.921] [bmv2] [D] [thread 5139] [27.0] [cxt 0] Parser 'parser': start
[13:59:40.921] [bmv2] [D] [thread 5139] [27.0] [cxt 0] Parser 'parser' entering state 'start'
[13:59:40.921] [bmv2] [D] [thread 5139] [27.0] [cxt 0] Extracting header 'ethernet'
[13:59:40.921] [bmv2] [D] [thread 5139] [27.0] [cxt 0] Parser state 'start': key is 86dd
[13:59:40.921] [bmv2] [T] [thread 5139] [27.0] [cxt 0] Bytes parsed: 14
[13:59:40.921] [bmv2] [D] [thread 5139] [27.0] [cxt 0] Parser 'parser': end
[13:59:40.921] [bmv2] [D] [thread 5139] [27.0] [cxt 0] Pipeline 'ingress': start
[13:59:40.921] [bmv2] [T] [thread 5139] [27.0] [cxt 0] basic.p4(115) Condition "        if (hdr.ipv4.isValid()) { /*avaliar a qualidade do header \"hdr\" aqui ainda OG*/" (node_2) is false
[13:59:40.921] [bmv2] [D] [thread 5139] [27.0] [cxt 0] Pipeline 'ingress': end
[13:59:40.921] [bmv2] [D] [thread 5139] [27.0] [cxt 0] Egress port is 0
[13:59:40.922] [bmv2] [D] [thread 5140] [27.0] [cxt 0] Pipeline 'egress': start
[13:59:40.922] [bmv2] [D] [thread 5140] [27.0] [cxt 0] Pipeline 'egress': end
[13:59:40.922] [bmv2] [D] [thread 5140] [27.0] [cxt 0] Deparser 'deparser': start
[13:59:40.922] [bmv2] [T] [thread 5140] [27.0] [cxt 0] Skipping checksum 'cksum' update because condition not met
[13:59:40.922] [bmv2] [D] [thread 5140] [27.0] [cxt 0] Deparsing header 'ethernet'
[13:59:40.922] [bmv2] [D] [thread 5140] [27.0] [cxt 0] Deparser 'deparser': end
[13:59:40.922] [bmv2] [D] [thread 5144] [27.0] [cxt 0] Transmitting packet of size 70 out of port 0
[13:59:57.298] [bmv2] [D] [thread 5139] [28.0] [cxt 0] Processing packet received on port 2
[13:59:57.298] [bmv2] [D] [thread 5139] [28.0] [cxt 0] Parser 'parser': start
[13:59:57.298] [bmv2] [D] [thread 5139] [28.0] [cxt 0] Parser 'parser' entering state 'start'
[13:59:57.298] [bmv2] [D] [thread 5139] [28.0] [cxt 0] Extracting header 'ethernet'
[13:59:57.298] [bmv2] [D] [thread 5139] [28.0] [cxt 0] Parser state 'start': key is 86dd
[13:59:57.298] [bmv2] [T] [thread 5139] [28.0] [cxt 0] Bytes parsed: 14
[13:59:57.298] [bmv2] [D] [thread 5139] [28.0] [cxt 0] Parser 'parser': end
[13:59:57.298] [bmv2] [D] [thread 5139] [28.0] [cxt 0] Pipeline 'ingress': start
[13:59:57.298] [bmv2] [T] [thread 5139] [28.0] [cxt 0] basic.p4(115) Condition "        if (hdr.ipv4.isValid()) { /*avaliar a qualidade do header \"hdr\" aqui ainda OG*/" (node_2) is false
[13:59:57.298] [bmv2] [D] [thread 5139] [28.0] [cxt 0] Pipeline 'ingress': end
[13:59:57.298] [bmv2] [D] [thread 5139] [28.0] [cxt 0] Egress port is 0
[13:59:57.299] [bmv2] [D] [thread 5140] [28.0] [cxt 0] Pipeline 'egress': start
[13:59:57.299] [bmv2] [D] [thread 5140] [28.0] [cxt 0] Pipeline 'egress': end
[13:59:57.299] [bmv2] [D] [thread 5140] [28.0] [cxt 0] Deparser 'deparser': start
[13:59:57.299] [bmv2] [T] [thread 5140] [28.0] [cxt 0] Skipping checksum 'cksum' update because condition not met
[13:59:57.299] [bmv2] [D] [thread 5140] [28.0] [cxt 0] Deparsing header 'ethernet'
[13:59:57.299] [bmv2] [D] [thread 5140] [28.0] [cxt 0] Deparser 'deparser': end
[13:59:57.299] [bmv2] [D] [thread 5144] [28.0] [cxt 0] Transmitting packet of size 70 out of port 0
open: No such file or directory
open: No such file or directory
open: No such file or directory
open: No such file or directory
