stratum_bmv2 -device_id=1 -chassis_config_file=/tmp/leaf2/chassis-config.txt -forwarding_pipeline_configs_file=/tmp/leaf2/pipe.txt -persistent_config_dir=/tmp/leaf2 -initial_pipeline=/root/dummy.json -cpu_port=255 -external_stratum_urls=0.0.0.0:50002 -local_stratum_url=localhost:51227 -max_num_controllers_per_node=10 -write_req_log_file=/tmp/leaf2/write-reqs.txt -logtosyslog=false -logtostderr=true -bmv2_log_level=warn

--------------------------------------------------------------------------------

E1101 15:42:41.797459   144 main.cc:121] Starting bmv2 simple_switch and waiting for P4 pipeline
W1101 15:42:41.801627   144 credentials_manager.cc:45] Using insecure server credentials
I1101 15:42:41.801931   144 timer_daemon.cc:90] The timer daemon has been started.
I1101 15:42:41.802006   144 hal.cc:128] Setting up HAL in COLDBOOT mode...
I1101 15:42:41.802093   144 config_monitoring_service.cc:90] Pushing the saved chassis config read from /tmp/leaf2/chassis-config.txt...
I1101 15:42:41.837033   144 bmv2_chassis_manager.cc:476] Registered port status callbacks successfully for node 1.
I1101 15:42:41.837210   144 bmv2_chassis_manager.cc:61] Adding port 1 to node 1
I1101 15:42:41.882038   144 bmv2_chassis_manager.cc:61] Adding port 2 to node 1
I1101 15:42:41.920502   144 bmv2_chassis_manager.cc:61] Adding port 3 to node 1
I1101 15:42:41.954017   144 bmv2_chassis_manager.cc:61] Adding port 4 to node 1
I1101 15:42:42.003307   144 p4_service.cc:119] Pushing the saved forwarding pipeline configs read from /tmp/leaf2/pipe.txt...
E1101 15:42:42.004279   144 utils.cc:109] StratumErrorSpace::ERR_FILE_NOT_FOUND: /tmp/leaf2/pipe.txt not found.
E1101 15:42:42.004637   144 utils.cc:65] Return Error: ReadFileToString(filename, &text) failed with StratumErrorSpace::ERR_FILE_NOT_FOUND: /tmp/leaf2/pipe.txt not found.
W1101 15:42:42.004655   144 p4_service.cc:128] No saved forwarding pipeline config found at /tmp/leaf2/pipe.txt. This is normal when the switch is just installed and no master controller is connected yet.
E1101 15:42:42.008165186     144 server_chttp2.cc:40]        {"created":"@1698853362.008122411","description":"Only 1 addresses added out of total 2 resolved","file":"external/com_github_grpc_grpc/src/core/ext/transport/chttp2/server/chttp2_server.cc","file_line":406,"referenced_errors":[{"created":"@1698853362.008118175","description":"Address family not supported by protocol","errno":97,"file":"external/com_github_grpc_grpc/src/core/lib/iomgr/socket_utils_common_posix.cc","file_line":420,"os_error":"Address family not supported by protocol","syscall":"socket","target_address":"[::1]:51227"}]}
E1101 15:42:42.008512   144 hal.cc:223] Stratum external facing services are listening to 0.0.0.0:50002, localhost:51227...
I1101 15:42:42.027921   182 bmv2_chassis_manager.cc:409] State of port 1 in node 1: UP.
I1101 15:42:42.028004   182 bmv2_chassis_manager.cc:409] State of port 2 in node 1: UP.
I1101 15:42:42.028026   182 bmv2_chassis_manager.cc:409] State of port 3 in node 1: UP.
I1101 15:42:42.028039   182 bmv2_chassis_manager.cc:409] State of port 4 in node 1: UP.
