2023-10-17 17:35:30.758914;1;type: INSERT entity { packet_replication_engine_entry { clone_session_entry { session_id: 99 replicas { egress_port: 255 instance: 1 } } } };
2023-10-17 17:35:30.779481;1;type: INSERT entity { table_entry { table_id: 33557865 match { field_id: 4 ternary { value: "\010\000" mask: "\377\377" } } action { action { action_id: 16782152 } } priority: 10 } };
2023-10-17 17:35:30.999651;1;type: DELETE entity { table_entry { table_id: 33557865 match { field_id: 4 ternary { value: "\010\000" mask: "\377\377" } } action { action { action_id: 16782152 } } priority: 10 } };
2023-10-17 17:35:30.999651;1;type: DELETE entity { packet_replication_engine_entry { clone_session_entry { session_id: 99 replicas { egress_port: 255 instance: 1 } } } };
2023-10-17 17:35:31.033070;1;type: INSERT entity { packet_replication_engine_entry { clone_session_entry { session_id: 99 replicas { egress_port: 255 instance: 1 } } } };
2023-10-17 17:35:31.047313;1;type: INSERT entity { table_entry { table_id: 33557865 match { field_id: 4 ternary { value: "\010\000" mask: "\377\377" } } action { action { action_id: 16782152 } } priority: 10 } };
2023-10-17 17:35:31.175437;1;type: DELETE entity { table_entry { table_id: 33557865 match { field_id: 4 ternary { value: "\010\000" mask: "\377\377" } } action { action { action_id: 16782152 } } priority: 10 } };
2023-10-17 17:35:31.175437;1;type: DELETE entity { packet_replication_engine_entry { clone_session_entry { session_id: 99 replicas { egress_port: 255 instance: 1 } } } };
2023-10-17 17:35:31.191666;1;type: INSERT entity { packet_replication_engine_entry { clone_session_entry { session_id: 99 replicas { egress_port: 255 instance: 1 } } } };
2023-10-17 17:35:31.202322;1;type: INSERT entity { table_entry { table_id: 33557865 match { field_id: 4 ternary { value: "\010\000" mask: "\377\377" } } action { action { action_id: 16782152 } } priority: 10 } };
2023-10-17 17:35:31.324428;1;type: DELETE entity { table_entry { table_id: 33557865 match { field_id: 4 ternary { value: "\010\000" mask: "\377\377" } } action { action { action_id: 16782152 } } priority: 10 } };
2023-10-17 17:35:31.324428;1;type: DELETE entity { packet_replication_engine_entry { clone_session_entry { session_id: 99 replicas { egress_port: 255 instance: 1 } } } };
2023-10-17 17:35:31.353788;1;type: INSERT entity { packet_replication_engine_entry { clone_session_entry { session_id: 99 replicas { egress_port: 255 instance: 1 } } } };
2023-10-17 17:35:31.375420;1;type: INSERT entity { table_entry { table_id: 33557865 match { field_id: 4 ternary { value: "\010\006" mask: "\377\377" } } action { action { action_id: 16782152 } } priority: 10 } };
2023-10-17 17:35:31.574943;1;type: DELETE entity { table_entry { table_id: 33557865 match { field_id: 4 ternary { value: "\010\006" mask: "\377\377" } } action { action { action_id: 16782152 } } priority: 10 } };
2023-10-17 17:35:31.574943;1;type: DELETE entity { packet_replication_engine_entry { clone_session_entry { session_id: 99 replicas { egress_port: 255 instance: 1 } } } };
2023-10-17 17:35:31.600389;1;type: INSERT entity { packet_replication_engine_entry { clone_session_entry { session_id: 99 replicas { egress_port: 255 instance: 1 } } } };
2023-10-17 17:35:31.609261;1;type: INSERT entity { table_entry { table_id: 33557865 match { field_id: 4 ternary { value: "\206\335" mask: "\377\377" } } action { action { action_id: 16782152 } } priority: 10 } };
2023-10-17 17:35:31.796409;1;type: DELETE entity { table_entry { table_id: 33557865 match { field_id: 4 ternary { value: "\206\335" mask: "\377\377" } } action { action { action_id: 16782152 } } priority: 10 } };
2023-10-17 17:35:31.796409;1;type: DELETE entity { packet_replication_engine_entry { clone_session_entry { session_id: 99 replicas { egress_port: 255 instance: 1 } } } };
2023-10-17 17:35:31.812508;1;type: INSERT entity { packet_replication_engine_entry { clone_session_entry { session_id: 99 replicas { egress_port: 255 instance: 1 } } } };
2023-10-17 17:35:31.815779;1;type: INSERT entity { table_entry { table_id: 33557865 match { field_id: 4 ternary { value: "\206\335" mask: "\377\377" } } action { action { action_id: 16782152 } } priority: 10 } };
2023-10-17 17:35:31.963774;1;type: DELETE entity { table_entry { table_id: 33557865 match { field_id: 4 ternary { value: "\206\335" mask: "\377\377" } } action { action { action_id: 16782152 } } priority: 10 } };
2023-10-17 17:35:31.963774;1;type: DELETE entity { packet_replication_engine_entry { clone_session_entry { session_id: 99 replicas { egress_port: 255 instance: 1 } } } };
2023-10-17 17:35:31.978389;1;type: INSERT entity { packet_replication_engine_entry { clone_session_entry { session_id: 99 replicas { egress_port: 255 instance: 1 } } } };
2023-10-17 17:35:31.984776;1;type: INSERT entity { table_entry { table_id: 33557865 match { field_id: 4 ternary { value: "\206\335" mask: "\377\377" } } action { action { action_id: 16782152 } } priority: 10 } };
2023-10-17 17:35:32.168348;1;type: DELETE entity { table_entry { table_id: 33557865 match { field_id: 4 ternary { value: "\206\335" mask: "\377\377" } } action { action { action_id: 16782152 } } priority: 10 } };
2023-10-17 17:35:32.168348;1;type: DELETE entity { packet_replication_engine_entry { clone_session_entry { session_id: 99 replicas { egress_port: 255 instance: 1 } } } };
2023-10-17 17:36:04.657103;1;type: INSERT entity { packet_replication_engine_entry { multicast_group_entry { multicast_group_id: 10 replicas { egress_port: 1 } replicas { egress_port: 2 } replicas { egress_port: 3 } } } };
2023-10-17 17:36:04.663632;1;type: INSERT entity { table_entry { table_id: 33573501 match { field_id: 1 ternary { value: "\377\377\377\377\377\377" mask: "\377\377\377\377\377\377" } } action { action { action_id: 16841371 params { param_id: 1 value: "\000\n" } } } priority: 10 } };
2023-10-17 17:36:04.670274;1;type: INSERT entity { table_entry { table_id: 33573501 match { field_id: 1 ternary { value: "33\000\000\000\000" mask: "\377\377\000\000\000\000" } } action { action { action_id: 16841371 params { param_id: 1 value: "\000\n" } } } priority: 10 } };
2023-10-17 17:36:04.678520;1;type: INSERT entity { packet_replication_engine_entry { clone_session_entry { session_id: 99 replicas { egress_port: 255 instance: 1 } } } };
2023-10-17 17:36:04.688131;1;type: INSERT entity { table_entry { table_id: 33557865 match { field_id: 4 ternary { value: "\010\006" mask: "\377\377" } } action { action { action_id: 16782152 } } priority: 10 } };
2023-10-17 17:36:04.693877;1;type: INSERT entity { table_entry { table_id: 33557865 match { field_id: 5 ternary { value: ":" mask: "\377" } } match { field_id: 4 ternary { value: "\206\335" mask: "\377\377" } } match { field_id: 6 ternary { value: "\207" mask: "\377" } } action { action { action_id: 16782152 } } priority: 10 } };
2023-10-17 17:36:04.937259;1;type: DELETE entity { table_entry { table_id: 33557865 match { field_id: 5 ternary { value: ":" mask: "\377" } } match { field_id: 4 ternary { value: "\206\335" mask: "\377\377" } } match { field_id: 6 ternary { value: "\207" mask: "\377" } } action { action { action_id: 16782152 } } priority: 10 } };
2023-10-17 17:36:04.937259;1;type: DELETE entity { table_entry { table_id: 33557865 match { field_id: 4 ternary { value: "\010\006" mask: "\377\377" } } action { action { action_id: 16782152 } } priority: 10 } };
2023-10-17 17:36:04.937259;1;type: DELETE entity { packet_replication_engine_entry { clone_session_entry { session_id: 99 replicas { egress_port: 255 instance: 1 } } } };
2023-10-17 17:36:04.937259;1;type: DELETE entity { table_entry { table_id: 33573501 match { field_id: 1 ternary { value: "33\000\000\000\000" mask: "\377\377\000\000\000\000" } } action { action { action_id: 16841371 params { param_id: 1 value: "\000\n" } } } priority: 10 } };
2023-10-17 17:36:04.937259;1;type: DELETE entity { table_entry { table_id: 33573501 match { field_id: 1 ternary { value: "\377\377\377\377\377\377" mask: "\377\377\377\377\377\377" } } action { action { action_id: 16841371 params { param_id: 1 value: "\000\n" } } } priority: 10 } };
2023-10-17 17:36:04.937259;1;type: DELETE entity { packet_replication_engine_entry { multicast_group_entry { multicast_group_id: 10 replicas { egress_port: 1 } replicas { egress_port: 2 } replicas { egress_port: 3 } } } };
2023-10-17 17:36:04.958120;1;type: INSERT entity { packet_replication_engine_entry { multicast_group_entry { multicast_group_id: 10 replicas { egress_port: 1 } replicas { egress_port: 2 } replicas { egress_port: 3 } } } };
2023-10-17 17:36:04.965479;1;type: INSERT entity { table_entry { table_id: 33573501 match { field_id: 1 ternary { value: "\377\377\377\377\377\377" mask: "\377\377\377\377\377\377" } } action { action { action_id: 16841371 params { param_id: 1 value: "\000\n" } } } priority: 10 } };
2023-10-17 17:36:04.971883;1;type: INSERT entity { table_entry { table_id: 33573501 match { field_id: 1 ternary { value: "33\000\000\000\000" mask: "\377\377\000\000\000\000" } } action { action { action_id: 16841371 params { param_id: 1 value: "\000\n" } } } priority: 10 } };
2023-10-17 17:36:04.980574;1;type: INSERT entity { packet_replication_engine_entry { clone_session_entry { session_id: 99 replicas { egress_port: 255 instance: 1 } } } };
2023-10-17 17:36:04.988648;1;type: INSERT entity { table_entry { table_id: 33557865 match { field_id: 4 ternary { value: "\010\006" mask: "\377\377" } } action { action { action_id: 16782152 } } priority: 10 } };
2023-10-17 17:36:04.996333;1;type: INSERT entity { table_entry { table_id: 33557865 match { field_id: 5 ternary { value: ":" mask: "\377" } } match { field_id: 4 ternary { value: "\206\335" mask: "\377\377" } } match { field_id: 6 ternary { value: "\207" mask: "\377" } } action { action { action_id: 16782152 } } priority: 10 } };
2023-10-17 17:36:05.283448;1;type: DELETE entity { table_entry { table_id: 33557865 match { field_id: 5 ternary { value: ":" mask: "\377" } } match { field_id: 4 ternary { value: "\206\335" mask: "\377\377" } } match { field_id: 6 ternary { value: "\207" mask: "\377" } } action { action { action_id: 16782152 } } priority: 10 } };
2023-10-17 17:36:05.283448;1;type: DELETE entity { table_entry { table_id: 33557865 match { field_id: 4 ternary { value: "\010\006" mask: "\377\377" } } action { action { action_id: 16782152 } } priority: 10 } };
2023-10-17 17:36:05.283448;1;type: DELETE entity { packet_replication_engine_entry { clone_session_entry { session_id: 99 replicas { egress_port: 255 instance: 1 } } } };
2023-10-17 17:36:05.283448;1;type: DELETE entity { table_entry { table_id: 33573501 match { field_id: 1 ternary { value: "33\000\000\000\000" mask: "\377\377\000\000\000\000" } } action { action { action_id: 16841371 params { param_id: 1 value: "\000\n" } } } priority: 10 } };
2023-10-17 17:36:05.283448;1;type: DELETE entity { table_entry { table_id: 33573501 match { field_id: 1 ternary { value: "\377\377\377\377\377\377" mask: "\377\377\377\377\377\377" } } action { action { action_id: 16841371 params { param_id: 1 value: "\000\n" } } } priority: 10 } };
2023-10-17 17:36:05.283448;1;type: DELETE entity { packet_replication_engine_entry { multicast_group_entry { multicast_group_id: 10 replicas { egress_port: 1 } replicas { egress_port: 2 } replicas { egress_port: 3 } } } };
2023-10-17 17:36:05.415391;1;type: INSERT entity { table_entry { table_id: 33605373 match { field_id: 1 exact { value: "\000\000\000\000\000\002" } } action { action { action_id: 16812802 params { param_id: 1 value: "\000\002" } } } } };
2023-10-17 17:36:05.421751;1;type: INSERT entity { packet_replication_engine_entry { clone_session_entry { session_id: 99 replicas { egress_port: 255 instance: 1 } } } };
2023-10-17 17:36:05.427762;1;type: INSERT entity { table_entry { table_id: 33557865 match { field_id: 4 ternary { value: "\010\006" mask: "\377\377" } } action { action { action_id: 16782152 } } priority: 10 } };
2023-10-17 17:36:05.438774;1;type: INSERT entity { table_entry { table_id: 33557865 match { field_id: 5 ternary { value: ":" mask: "\377" } } match { field_id: 4 ternary { value: "\206\335" mask: "\377\377" } } match { field_id: 6 ternary { value: "\210" mask: "\377" } } action { action { action_id: 16782152 } } priority: 10 } };
2023-10-17 17:36:05.507641;1;type: DELETE entity { table_entry { table_id: 33557865 match { field_id: 5 ternary { value: ":" mask: "\377" } } match { field_id: 4 ternary { value: "\206\335" mask: "\377\377" } } match { field_id: 6 ternary { value: "\210" mask: "\377" } } action { action { action_id: 16782152 } } priority: 10 } };
2023-10-17 17:36:05.507641;1;type: DELETE entity { table_entry { table_id: 33557865 match { field_id: 4 ternary { value: "\010\006" mask: "\377\377" } } action { action { action_id: 16782152 } } priority: 10 } };
2023-10-17 17:36:05.507641;1;type: DELETE entity { packet_replication_engine_entry { clone_session_entry { session_id: 99 replicas { egress_port: 255 instance: 1 } } } };
2023-10-17 17:36:05.507641;1;type: DELETE entity { table_entry { table_id: 33605373 match { field_id: 1 exact { value: "\000\000\000\000\000\002" } } action { action { action_id: 16812802 params { param_id: 1 value: "\000\002" } } } } };
2023-10-17 17:36:05.538146;1;type: INSERT entity { table_entry { table_id: 33605373 match { field_id: 1 exact { value: "33\000\000\000\001" } } action { action { action_id: 16812802 params { param_id: 1 value: "\000\002" } } } } };
2023-10-17 17:36:05.542674;1;type: INSERT entity { packet_replication_engine_entry { clone_session_entry { session_id: 99 replicas { egress_port: 255 instance: 1 } } } };
2023-10-17 17:36:05.545511;1;type: INSERT entity { table_entry { table_id: 33557865 match { field_id: 4 ternary { value: "\010\006" mask: "\377\377" } } action { action { action_id: 16782152 } } priority: 10 } };
2023-10-17 17:36:05.548579;1;type: INSERT entity { table_entry { table_id: 33557865 match { field_id: 5 ternary { value: ":" mask: "\377" } } match { field_id: 4 ternary { value: "\206\335" mask: "\377\377" } } match { field_id: 6 ternary { value: "\210" mask: "\377" } } action { action { action_id: 16782152 } } priority: 10 } };
2023-10-17 17:36:05.612137;1;type: DELETE entity { table_entry { table_id: 33557865 match { field_id: 5 ternary { value: ":" mask: "\377" } } match { field_id: 4 ternary { value: "\206\335" mask: "\377\377" } } match { field_id: 6 ternary { value: "\210" mask: "\377" } } action { action { action_id: 16782152 } } priority: 10 } };
2023-10-17 17:36:05.612137;1;type: DELETE entity { table_entry { table_id: 33557865 match { field_id: 4 ternary { value: "\010\006" mask: "\377\377" } } action { action { action_id: 16782152 } } priority: 10 } };
2023-10-17 17:36:05.612137;1;type: DELETE entity { packet_replication_engine_entry { clone_session_entry { session_id: 99 replicas { egress_port: 255 instance: 1 } } } };
2023-10-17 17:36:05.612137;1;type: DELETE entity { table_entry { table_id: 33605373 match { field_id: 1 exact { value: "33\000\000\000\001" } } action { action { action_id: 16812802 params { param_id: 1 value: "\000\002" } } } } };
2023-10-17 17:36:05.727905;1;type: INSERT entity { table_entry { table_id: 33605373 match { field_id: 1 exact { value: "\000\001\002\003\004\005" } } action { action { action_id: 16812802 params { param_id: 1 value: "\000\002" } } } } };
2023-10-17 17:36:05.743732;1;type: INSERT entity { table_entry { table_id: 33605373 match { field_id: 1 exact { value: "\000\006\007\010\t\n" } } action { action { action_id: 16812802 params { param_id: 1 value: "\000\001" } } } } };
2023-10-17 17:36:05.894622;1;type: DELETE entity { table_entry { table_id: 33605373 match { field_id: 1 exact { value: "\000\006\007\010\t\n" } } action { action { action_id: 16812802 params { param_id: 1 value: "\000\001" } } } } };
2023-10-17 17:36:05.894622;1;type: DELETE entity { table_entry { table_id: 33605373 match { field_id: 1 exact { value: "\000\001\002\003\004\005" } } action { action { action_id: 16812802 params { param_id: 1 value: "\000\002" } } } } };
2023-10-17 17:36:05.918504;1;type: INSERT entity { table_entry { table_id: 33605373 match { field_id: 1 exact { value: "\000\001\002\003\004\005" } } action { action { action_id: 16812802 params { param_id: 1 value: "\000\002" } } } } };
2023-10-17 17:36:05.930412;1;type: INSERT entity { table_entry { table_id: 33605373 match { field_id: 1 exact { value: "\000\006\007\010\t\n" } } action { action { action_id: 16812802 params { param_id: 1 value: "\000\001" } } } } };
2023-10-17 17:36:06.102916;1;type: DELETE entity { table_entry { table_id: 33605373 match { field_id: 1 exact { value: "\000\006\007\010\t\n" } } action { action { action_id: 16812802 params { param_id: 1 value: "\000\001" } } } } };
2023-10-17 17:36:06.102916;1;type: DELETE entity { table_entry { table_id: 33605373 match { field_id: 1 exact { value: "\000\001\002\003\004\005" } } action { action { action_id: 16812802 params { param_id: 1 value: "\000\002" } } } } };
2023-10-17 17:36:06.125563;1;type: INSERT entity { table_entry { table_id: 33605373 match { field_id: 1 exact { value: "\000\001\002\003\004\005" } } action { action { action_id: 16812802 params { param_id: 1 value: "\000\002" } } } } };
2023-10-17 17:36:06.147119;1;type: INSERT entity { table_entry { table_id: 33605373 match { field_id: 1 exact { value: "\000\006\007\010\t\n" } } action { action { action_id: 16812802 params { param_id: 1 value: "\000\001" } } } } };
2023-10-17 17:36:06.351198;1;type: DELETE entity { table_entry { table_id: 33605373 match { field_id: 1 exact { value: "\000\006\007\010\t\n" } } action { action { action_id: 16812802 params { param_id: 1 value: "\000\001" } } } } };
2023-10-17 17:36:06.351198;1;type: DELETE entity { table_entry { table_id: 33605373 match { field_id: 1 exact { value: "\000\001\002\003\004\005" } } action { action { action_id: 16812802 params { param_id: 1 value: "\000\002" } } } } };
2023-10-17 17:36:06.364135;1;type: INSERT entity { table_entry { table_id: 33605373 match { field_id: 1 exact { value: "\000\001\002\003\004\005" } } action { action { action_id: 16812802 params { param_id: 1 value: "\000\002" } } } } };
2023-10-17 17:36:06.370782;1;type: INSERT entity { table_entry { table_id: 33605373 match { field_id: 1 exact { value: "\000\006\007\010\t\n" } } action { action { action_id: 16812802 params { param_id: 1 value: "\000\001" } } } } };
2023-10-17 17:36:06.521007;1;type: DELETE entity { table_entry { table_id: 33605373 match { field_id: 1 exact { value: "\000\006\007\010\t\n" } } action { action { action_id: 16812802 params { param_id: 1 value: "\000\001" } } } } };
2023-10-17 17:36:06.521007;1;type: DELETE entity { table_entry { table_id: 33605373 match { field_id: 1 exact { value: "\000\001\002\003\004\005" } } action { action { action_id: 16812802 params { param_id: 1 value: "\000\002" } } } } };
2023-10-17 17:36:06.531357;1;type: INSERT entity { table_entry { table_id: 33605373 match { field_id: 1 exact { value: "\000\001\002\003\004\005" } } action { action { action_id: 16812802 params { param_id: 1 value: "\000\002" } } } } };
2023-10-17 17:36:06.538661;1;type: INSERT entity { table_entry { table_id: 33605373 match { field_id: 1 exact { value: "\000\006\007\010\t\n" } } action { action { action_id: 16812802 params { param_id: 1 value: "\000\001" } } } } };
2023-10-17 17:36:06.714178;1;type: DELETE entity { table_entry { table_id: 33605373 match { field_id: 1 exact { value: "\000\006\007\010\t\n" } } action { action { action_id: 16812802 params { param_id: 1 value: "\000\001" } } } } };
2023-10-17 17:36:06.714178;1;type: DELETE entity { table_entry { table_id: 33605373 match { field_id: 1 exact { value: "\000\001\002\003\004\005" } } action { action { action_id: 16812802 params { param_id: 1 value: "\000\002" } } } } };
2023-10-17 17:36:06.732972;1;type: INSERT entity { table_entry { table_id: 33605373 match { field_id: 1 exact { value: "\000\001\002\003\004\005" } } action { action { action_id: 16812802 params { param_id: 1 value: "\000\002" } } } } };
2023-10-17 17:36:06.744086;1;type: INSERT entity { table_entry { table_id: 33605373 match { field_id: 1 exact { value: "\000\006\007\010\t\n" } } action { action { action_id: 16812802 params { param_id: 1 value: "\000\001" } } } } };
2023-10-17 17:36:06.906589;1;type: DELETE entity { table_entry { table_id: 33605373 match { field_id: 1 exact { value: "\000\006\007\010\t\n" } } action { action { action_id: 16812802 params { param_id: 1 value: "\000\001" } } } } };
2023-10-17 17:36:06.906589;1;type: DELETE entity { table_entry { table_id: 33605373 match { field_id: 1 exact { value: "\000\001\002\003\004\005" } } action { action { action_id: 16812802 params { param_id: 1 value: "\000\002" } } } } };
2023-10-18 14:17:59.399090;1;type: INSERT entity { table_entry { table_id: 33589970 match { field_id: 1 exact { value: "\000\001\002\003\004\005" } } action { action { action_id: 16800567 } } } };
2023-10-18 14:17:59.406299;1;type: DELETE entity { table_entry { table_id: 33589970 match { field_id: 1 exact { value: "\000\001\002\003\004\005" } } action { action { action_id: 16800567 } } } };
2023-10-18 14:17:59.449057;1;type: INSERT entity { table_entry { table_id: 33592650 match { field_id: 1 exact { value: " \001\000\000\000\001\000\000\000\000\000\000\000\000\000\001" } } action { action { action_id: 16806517 params { param_id: 1 value: "\000\000\000\000\252\001" } } } } };
2023-10-18 14:17:59.466655;1;type: DELETE entity { table_entry { table_id: 33592650 match { field_id: 1 exact { value: " \001\000\000\000\001\000\000\000\000\000\000\000\000\000\001" } } action { action { action_id: 16806517 params { param_id: 1 value: "\000\000\000\000\252\001" } } } } };
