Calling target program-options parser
[15:33:37.322] [bmv2] [D] [thread 19349] Set default default entry for table 'tbl_srcRoute_finish': MyIngress.srcRoute_finish - 
[15:33:37.323] [bmv2] [D] [thread 19349] Set default default entry for table 'tbl_srcRoute_nhop': MyIngress.srcRoute_nhop - 
[15:33:37.323] [bmv2] [D] [thread 19349] Set default default entry for table 'tbl_update_ttl': MyIngress.update_ttl - 
[15:33:37.323] [bmv2] [D] [thread 19349] Set default default entry for table 'tbl_drop': MyIngress.drop - 
Adding interface s2-eth1 as port 1
[15:33:37.323] [bmv2] [D] [thread 19349] Adding interface s2-eth1 as port 1
Adding interface s2-eth2 as port 2
[15:33:37.352] [bmv2] [D] [thread 19349] Adding interface s2-eth2 as port 2
Adding interface s2-eth3 as port 3
[15:33:37.388] [bmv2] [D] [thread 19349] Adding interface s2-eth3 as port 3
Server listening on 0.0.0.0:50052
[15:33:37.421] [bmv2] [I] [thread 19349] Starting Thrift server on port 9091
[15:33:37.421] [bmv2] [I] [thread 19349] Thrift server was started
[15:33:37.575] [bmv2] [D] [thread 19361] [0.0] [cxt 0] Processing packet received on port 1
[15:33:37.575] [bmv2] [D] [thread 19361] [0.0] [cxt 0] Parser 'parser': start
[15:33:37.575] [bmv2] [D] [thread 19361] [0.0] [cxt 0] Parser 'parser' entering state 'start'
[15:33:37.575] [bmv2] [D] [thread 19361] [0.0] [cxt 0] Extracting header 'ethernet'
[15:33:37.575] [bmv2] [D] [thread 19361] [0.0] [cxt 0] Parser state 'start': key is 86dd
[15:33:37.576] [bmv2] [T] [thread 19361] [0.0] [cxt 0] Bytes parsed: 14
[15:33:37.576] [bmv2] [D] [thread 19361] [0.0] [cxt 0] Parser 'parser': end
[15:33:37.576] [bmv2] [D] [thread 19361] [0.0] [cxt 0] Pipeline 'ingress': start
[15:33:37.576] [bmv2] [T] [thread 19361] [0.0] [cxt 0] source_routing.p4(149) Condition "hdr.srcRoutes[0].isValid()" (node_2) is false
[15:33:37.576] [bmv2] [T] [thread 19361] [0.0] [cxt 0] Applying table 'tbl_drop'
[15:33:37.576] [bmv2] [D] [thread 19361] [0.0] [cxt 0] Looking up key:

[15:33:37.576] [bmv2] [D] [thread 19361] [0.0] [cxt 0] Table 'tbl_drop': miss
[15:33:37.576] [bmv2] [D] [thread 19361] [0.0] [cxt 0] Action entry is MyIngress.drop - 
[15:33:37.576] [bmv2] [T] [thread 19361] [0.0] [cxt 0] Action MyIngress.drop
[15:33:37.576] [bmv2] [T] [thread 19361] [0.0] [cxt 0] source_routing.p4(121) Primitive mark_to_drop(standard_metadata)
[15:33:37.576] [bmv2] [D] [thread 19361] [0.0] [cxt 0] Pipeline 'ingress': end
[15:33:37.576] [bmv2] [D] [thread 19361] [0.0] [cxt 0] Egress port is 511
[15:33:37.576] [bmv2] [D] [thread 19361] [0.0] [cxt 0] Dropping packet at the end of ingress
[15:33:37.576] [bmv2] [D] [thread 19361] [1.0] [cxt 0] Processing packet received on port 1
[15:33:37.576] [bmv2] [D] [thread 19361] [1.0] [cxt 0] Parser 'parser': start
[15:33:37.576] [bmv2] [D] [thread 19361] [1.0] [cxt 0] Parser 'parser' entering state 'start'
[15:33:37.576] [bmv2] [D] [thread 19361] [1.0] [cxt 0] Extracting header 'ethernet'
[15:33:37.576] [bmv2] [D] [thread 19361] [1.0] [cxt 0] Parser state 'start': key is 86dd
[15:33:37.576] [bmv2] [T] [thread 19361] [1.0] [cxt 0] Bytes parsed: 14
[15:33:37.576] [bmv2] [D] [thread 19361] [1.0] [cxt 0] Parser 'parser': end
[15:33:37.576] [bmv2] [D] [thread 19361] [1.0] [cxt 0] Pipeline 'ingress': start
[15:33:37.576] [bmv2] [T] [thread 19361] [1.0] [cxt 0] source_routing.p4(149) Condition "hdr.srcRoutes[0].isValid()" (node_2) is false
[15:33:37.576] [bmv2] [T] [thread 19361] [1.0] [cxt 0] Applying table 'tbl_drop'
[15:33:37.576] [bmv2] [D] [thread 19361] [1.0] [cxt 0] Looking up key:

[15:33:37.576] [bmv2] [D] [thread 19361] [1.0] [cxt 0] Table 'tbl_drop': miss
[15:33:37.576] [bmv2] [D] [thread 19361] [1.0] [cxt 0] Action entry is MyIngress.drop - 
[15:33:37.576] [bmv2] [T] [thread 19361] [1.0] [cxt 0] Action MyIngress.drop
[15:33:37.576] [bmv2] [T] [thread 19361] [1.0] [cxt 0] source_routing.p4(121) Primitive mark_to_drop(standard_metadata)
[15:33:37.576] [bmv2] [D] [thread 19361] [1.0] [cxt 0] Pipeline 'ingress': end
[15:33:37.576] [bmv2] [D] [thread 19361] [1.0] [cxt 0] Egress port is 511
[15:33:37.576] [bmv2] [D] [thread 19361] [1.0] [cxt 0] Dropping packet at the end of ingress
[15:33:37.583] [bmv2] [D] [thread 19361] [2.0] [cxt 0] Processing packet received on port 1
[15:33:37.583] [bmv2] [D] [thread 19361] [2.0] [cxt 0] Parser 'parser': start
[15:33:37.583] [bmv2] [D] [thread 19361] [2.0] [cxt 0] Parser 'parser' entering state 'start'
[15:33:37.584] [bmv2] [D] [thread 19361] [2.0] [cxt 0] Extracting header 'ethernet'
[15:33:37.584] [bmv2] [D] [thread 19361] [2.0] [cxt 0] Parser state 'start': key is 86dd
[15:33:37.584] [bmv2] [T] [thread 19361] [2.0] [cxt 0] Bytes parsed: 14
[15:33:37.584] [bmv2] [D] [thread 19361] [2.0] [cxt 0] Parser 'parser': end
[15:33:37.584] [bmv2] [D] [thread 19361] [2.0] [cxt 0] Pipeline 'ingress': start
[15:33:37.584] [bmv2] [T] [thread 19361] [2.0] [cxt 0] source_routing.p4(149) Condition "hdr.srcRoutes[0].isValid()" (node_2) is false
[15:33:37.584] [bmv2] [T] [thread 19361] [2.0] [cxt 0] Applying table 'tbl_drop'
[15:33:37.584] [bmv2] [D] [thread 19361] [2.0] [cxt 0] Looking up key:

[15:33:37.584] [bmv2] [D] [thread 19361] [2.0] [cxt 0] Table 'tbl_drop': miss
[15:33:37.584] [bmv2] [D] [thread 19361] [2.0] [cxt 0] Action entry is MyIngress.drop - 
[15:33:37.584] [bmv2] [T] [thread 19361] [2.0] [cxt 0] Action MyIngress.drop
[15:33:37.584] [bmv2] [T] [thread 19361] [2.0] [cxt 0] source_routing.p4(121) Primitive mark_to_drop(standard_metadata)
[15:33:37.584] [bmv2] [D] [thread 19361] [2.0] [cxt 0] Pipeline 'ingress': end
[15:33:37.584] [bmv2] [D] [thread 19361] [2.0] [cxt 0] Egress port is 511
[15:33:37.584] [bmv2] [D] [thread 19361] [2.0] [cxt 0] Dropping packet at the end of ingress
[15:33:37.638] [bmv2] [D] [thread 19361] [3.0] [cxt 0] Processing packet received on port 2
[15:33:37.638] [bmv2] [D] [thread 19361] [3.0] [cxt 0] Parser 'parser': start
[15:33:37.638] [bmv2] [D] [thread 19361] [3.0] [cxt 0] Parser 'parser' entering state 'start'
[15:33:37.638] [bmv2] [D] [thread 19361] [3.0] [cxt 0] Extracting header 'ethernet'
[15:33:37.638] [bmv2] [D] [thread 19361] [3.0] [cxt 0] Parser state 'start': key is 86dd
[15:33:37.638] [bmv2] [T] [thread 19361] [3.0] [cxt 0] Bytes parsed: 14
[15:33:37.638] [bmv2] [D] [thread 19361] [3.0] [cxt 0] Parser 'parser': end
[15:33:37.638] [bmv2] [D] [thread 19361] [3.0] [cxt 0] Pipeline 'ingress': start
[15:33:37.638] [bmv2] [T] [thread 19361] [3.0] [cxt 0] source_routing.p4(149) Condition "hdr.srcRoutes[0].isValid()" (node_2) is false
[15:33:37.638] [bmv2] [T] [thread 19361] [3.0] [cxt 0] Applying table 'tbl_drop'
[15:33:37.638] [bmv2] [D] [thread 19361] [3.0] [cxt 0] Looking up key:

[15:33:37.638] [bmv2] [D] [thread 19361] [3.0] [cxt 0] Table 'tbl_drop': miss
[15:33:37.638] [bmv2] [D] [thread 19361] [3.0] [cxt 0] Action entry is MyIngress.drop - 
[15:33:37.638] [bmv2] [T] [thread 19361] [3.0] [cxt 0] Action MyIngress.drop
[15:33:37.638] [bmv2] [T] [thread 19361] [3.0] [cxt 0] source_routing.p4(121) Primitive mark_to_drop(standard_metadata)
[15:33:37.638] [bmv2] [D] [thread 19361] [3.0] [cxt 0] Pipeline 'ingress': end
[15:33:37.638] [bmv2] [D] [thread 19361] [3.0] [cxt 0] Egress port is 511
[15:33:37.638] [bmv2] [D] [thread 19361] [3.0] [cxt 0] Dropping packet at the end of ingress
[15:33:37.638] [bmv2] [D] [thread 19361] [4.0] [cxt 0] Processing packet received on port 2
[15:33:37.638] [bmv2] [D] [thread 19361] [4.0] [cxt 0] Parser 'parser': start
[15:33:37.638] [bmv2] [D] [thread 19361] [4.0] [cxt 0] Parser 'parser' entering state 'start'
[15:33:37.638] [bmv2] [D] [thread 19361] [4.0] [cxt 0] Extracting header 'ethernet'
[15:33:37.638] [bmv2] [D] [thread 19361] [4.0] [cxt 0] Parser state 'start': key is 86dd
[15:33:37.639] [bmv2] [T] [thread 19361] [4.0] [cxt 0] Bytes parsed: 14
[15:33:37.639] [bmv2] [D] [thread 19361] [4.0] [cxt 0] Parser 'parser': end
[15:33:37.639] [bmv2] [D] [thread 19361] [4.0] [cxt 0] Pipeline 'ingress': start
[15:33:37.639] [bmv2] [T] [thread 19361] [4.0] [cxt 0] source_routing.p4(149) Condition "hdr.srcRoutes[0].isValid()" (node_2) is false
[15:33:37.639] [bmv2] [T] [thread 19361] [4.0] [cxt 0] Applying table 'tbl_drop'
[15:33:37.639] [bmv2] [D] [thread 19361] [4.0] [cxt 0] Looking up key:

[15:33:37.639] [bmv2] [D] [thread 19361] [4.0] [cxt 0] Table 'tbl_drop': miss
[15:33:37.639] [bmv2] [D] [thread 19361] [4.0] [cxt 0] Action entry is MyIngress.drop - 
[15:33:37.639] [bmv2] [T] [thread 19361] [4.0] [cxt 0] Action MyIngress.drop
[15:33:37.639] [bmv2] [T] [thread 19361] [4.0] [cxt 0] source_routing.p4(121) Primitive mark_to_drop(standard_metadata)
[15:33:37.639] [bmv2] [D] [thread 19361] [4.0] [cxt 0] Pipeline 'ingress': end
[15:33:37.639] [bmv2] [D] [thread 19361] [4.0] [cxt 0] Egress port is 511
[15:33:37.639] [bmv2] [D] [thread 19361] [4.0] [cxt 0] Dropping packet at the end of ingress
[15:33:37.648] [bmv2] [D] [thread 19361] [5.0] [cxt 0] Processing packet received on port 2
[15:33:37.648] [bmv2] [D] [thread 19361] [5.0] [cxt 0] Parser 'parser': start
[15:33:37.648] [bmv2] [D] [thread 19361] [5.0] [cxt 0] Parser 'parser' entering state 'start'
[15:33:37.648] [bmv2] [D] [thread 19361] [5.0] [cxt 0] Extracting header 'ethernet'
[15:33:37.648] [bmv2] [D] [thread 19361] [5.0] [cxt 0] Parser state 'start': key is 86dd
[15:33:37.648] [bmv2] [T] [thread 19361] [5.0] [cxt 0] Bytes parsed: 14
[15:33:37.648] [bmv2] [D] [thread 19361] [5.0] [cxt 0] Parser 'parser': end
[15:33:37.649] [bmv2] [D] [thread 19361] [5.0] [cxt 0] Pipeline 'ingress': start
[15:33:37.649] [bmv2] [T] [thread 19361] [5.0] [cxt 0] source_routing.p4(149) Condition "hdr.srcRoutes[0].isValid()" (node_2) is false
[15:33:37.649] [bmv2] [T] [thread 19361] [5.0] [cxt 0] Applying table 'tbl_drop'
[15:33:37.649] [bmv2] [D] [thread 19361] [5.0] [cxt 0] Looking up key:

[15:33:37.649] [bmv2] [D] [thread 19361] [5.0] [cxt 0] Table 'tbl_drop': miss
[15:33:37.649] [bmv2] [D] [thread 19361] [5.0] [cxt 0] Action entry is MyIngress.drop - 
[15:33:37.649] [bmv2] [T] [thread 19361] [5.0] [cxt 0] Action MyIngress.drop
[15:33:37.649] [bmv2] [T] [thread 19361] [5.0] [cxt 0] source_routing.p4(121) Primitive mark_to_drop(standard_metadata)
[15:33:37.649] [bmv2] [D] [thread 19361] [5.0] [cxt 0] Pipeline 'ingress': end
[15:33:37.649] [bmv2] [D] [thread 19361] [5.0] [cxt 0] Egress port is 511
[15:33:37.649] [bmv2] [D] [thread 19361] [5.0] [cxt 0] Dropping packet at the end of ingress
[15:33:37.699] [bmv2] [D] [thread 19361] [6.0] [cxt 0] Processing packet received on port 1
[15:33:37.699] [bmv2] [D] [thread 19361] [6.0] [cxt 0] Parser 'parser': start
[15:33:37.699] [bmv2] [D] [thread 19361] [6.0] [cxt 0] Parser 'parser' entering state 'start'
[15:33:37.699] [bmv2] [D] [thread 19361] [6.0] [cxt 0] Extracting header 'ethernet'
[15:33:37.699] [bmv2] [D] [thread 19361] [6.0] [cxt 0] Parser state 'start': key is 86dd
[15:33:37.699] [bmv2] [T] [thread 19361] [6.0] [cxt 0] Bytes parsed: 14
[15:33:37.699] [bmv2] [D] [thread 19361] [6.0] [cxt 0] Parser 'parser': end
[15:33:37.699] [bmv2] [D] [thread 19361] [6.0] [cxt 0] Pipeline 'ingress': start
[15:33:37.699] [bmv2] [T] [thread 19361] [6.0] [cxt 0] source_routing.p4(149) Condition "hdr.srcRoutes[0].isValid()" (node_2) is false
[15:33:37.699] [bmv2] [T] [thread 19361] [6.0] [cxt 0] Applying table 'tbl_drop'
[15:33:37.699] [bmv2] [D] [thread 19361] [6.0] [cxt 0] Looking up key:

[15:33:37.699] [bmv2] [D] [thread 19361] [6.0] [cxt 0] Table 'tbl_drop': miss
[15:33:37.699] [bmv2] [D] [thread 19361] [6.0] [cxt 0] Action entry is MyIngress.drop - 
[15:33:37.699] [bmv2] [T] [thread 19361] [6.0] [cxt 0] Action MyIngress.drop
[15:33:37.700] [bmv2] [T] [thread 19361] [6.0] [cxt 0] source_routing.p4(121) Primitive mark_to_drop(standard_metadata)
[15:33:37.700] [bmv2] [D] [thread 19361] [6.0] [cxt 0] Pipeline 'ingress': end
[15:33:37.700] [bmv2] [D] [thread 19361] [6.0] [cxt 0] Egress port is 511
[15:33:37.700] [bmv2] [D] [thread 19361] [6.0] [cxt 0] Dropping packet at the end of ingress
[15:33:37.741] [bmv2] [D] [thread 19361] [7.0] [cxt 0] Processing packet received on port 2
[15:33:37.741] [bmv2] [D] [thread 19361] [7.0] [cxt 0] Parser 'parser': start
[15:33:37.741] [bmv2] [D] [thread 19361] [7.0] [cxt 0] Parser 'parser' entering state 'start'
[15:33:37.741] [bmv2] [D] [thread 19361] [7.0] [cxt 0] Extracting header 'ethernet'
[15:33:37.741] [bmv2] [D] [thread 19361] [7.0] [cxt 0] Parser state 'start': key is 86dd
[15:33:37.741] [bmv2] [T] [thread 19361] [7.0] [cxt 0] Bytes parsed: 14
[15:33:37.741] [bmv2] [D] [thread 19361] [7.0] [cxt 0] Parser 'parser': end
[15:33:37.741] [bmv2] [D] [thread 19361] [7.0] [cxt 0] Pipeline 'ingress': start
[15:33:37.741] [bmv2] [T] [thread 19361] [7.0] [cxt 0] source_routing.p4(149) Condition "hdr.srcRoutes[0].isValid()" (node_2) is false
[15:33:37.741] [bmv2] [T] [thread 19361] [7.0] [cxt 0] Applying table 'tbl_drop'
[15:33:37.741] [bmv2] [D] [thread 19361] [7.0] [cxt 0] Looking up key:

[15:33:37.741] [bmv2] [D] [thread 19361] [7.0] [cxt 0] Table 'tbl_drop': miss
[15:33:37.741] [bmv2] [D] [thread 19361] [7.0] [cxt 0] Action entry is MyIngress.drop - 
[15:33:37.741] [bmv2] [T] [thread 19361] [7.0] [cxt 0] Action MyIngress.drop
[15:33:37.741] [bmv2] [T] [thread 19361] [7.0] [cxt 0] source_routing.p4(121) Primitive mark_to_drop(standard_metadata)
[15:33:37.741] [bmv2] [D] [thread 19361] [7.0] [cxt 0] Pipeline 'ingress': end
[15:33:37.741] [bmv2] [D] [thread 19361] [7.0] [cxt 0] Egress port is 511
[15:33:37.741] [bmv2] [D] [thread 19361] [7.0] [cxt 0] Dropping packet at the end of ingress
[15:33:37.741] [bmv2] [D] [thread 19361] [8.0] [cxt 0] Processing packet received on port 3
[15:33:37.741] [bmv2] [D] [thread 19361] [8.0] [cxt 0] Parser 'parser': start
[15:33:37.741] [bmv2] [D] [thread 19361] [8.0] [cxt 0] Parser 'parser' entering state 'start'
[15:33:37.741] [bmv2] [D] [thread 19361] [8.0] [cxt 0] Extracting header 'ethernet'
[15:33:37.741] [bmv2] [D] [thread 19361] [8.0] [cxt 0] Parser state 'start': key is 86dd
[15:33:37.741] [bmv2] [T] [thread 19361] [8.0] [cxt 0] Bytes parsed: 14
[15:33:37.741] [bmv2] [D] [thread 19361] [8.0] [cxt 0] Parser 'parser': end
[15:33:37.741] [bmv2] [D] [thread 19361] [8.0] [cxt 0] Pipeline 'ingress': start
[15:33:37.741] [bmv2] [T] [thread 19361] [8.0] [cxt 0] source_routing.p4(149) Condition "hdr.srcRoutes[0].isValid()" (node_2) is false
[15:33:37.741] [bmv2] [T] [thread 19361] [8.0] [cxt 0] Applying table 'tbl_drop'
[15:33:37.741] [bmv2] [D] [thread 19361] [8.0] [cxt 0] Looking up key:

[15:33:37.741] [bmv2] [D] [thread 19361] [8.0] [cxt 0] Table 'tbl_drop': miss
[15:33:37.741] [bmv2] [D] [thread 19361] [8.0] [cxt 0] Action entry is MyIngress.drop - 
[15:33:37.742] [bmv2] [T] [thread 19361] [8.0] [cxt 0] Action MyIngress.drop
[15:33:37.742] [bmv2] [T] [thread 19361] [8.0] [cxt 0] source_routing.p4(121) Primitive mark_to_drop(standard_metadata)
[15:33:37.742] [bmv2] [D] [thread 19361] [8.0] [cxt 0] Pipeline 'ingress': end
[15:33:37.742] [bmv2] [D] [thread 19361] [8.0] [cxt 0] Egress port is 511
[15:33:37.742] [bmv2] [D] [thread 19361] [8.0] [cxt 0] Dropping packet at the end of ingress
[15:33:37.742] [bmv2] [D] [thread 19361] [9.0] [cxt 0] Processing packet received on port 2
[15:33:37.742] [bmv2] [D] [thread 19361] [9.0] [cxt 0] Parser 'parser': start
[15:33:37.742] [bmv2] [D] [thread 19361] [9.0] [cxt 0] Parser 'parser' entering state 'start'
[15:33:37.742] [bmv2] [D] [thread 19361] [9.0] [cxt 0] Extracting header 'ethernet'
[15:33:37.742] [bmv2] [D] [thread 19361] [9.0] [cxt 0] Parser state 'start': key is 86dd
[15:33:37.742] [bmv2] [T] [thread 19361] [9.0] [cxt 0] Bytes parsed: 14
[15:33:37.742] [bmv2] [D] [thread 19361] [9.0] [cxt 0] Parser 'parser': end
[15:33:37.742] [bmv2] [D] [thread 19361] [9.0] [cxt 0] Pipeline 'ingress': start
[15:33:37.742] [bmv2] [T] [thread 19361] [9.0] [cxt 0] source_routing.p4(149) Condition "hdr.srcRoutes[0].isValid()" (node_2) is false
[15:33:37.742] [bmv2] [T] [thread 19361] [9.0] [cxt 0] Applying table 'tbl_drop'
[15:33:37.742] [bmv2] [D] [thread 19361] [9.0] [cxt 0] Looking up key:

[15:33:37.742] [bmv2] [D] [thread 19361] [9.0] [cxt 0] Table 'tbl_drop': miss
[15:33:37.742] [bmv2] [D] [thread 19361] [9.0] [cxt 0] Action entry is MyIngress.drop - 
[15:33:37.742] [bmv2] [T] [thread 19361] [9.0] [cxt 0] Action MyIngress.drop
[15:33:37.742] [bmv2] [T] [thread 19361] [9.0] [cxt 0] source_routing.p4(121) Primitive mark_to_drop(standard_metadata)
[15:33:37.742] [bmv2] [D] [thread 19361] [9.0] [cxt 0] Pipeline 'ingress': end
[15:33:37.742] [bmv2] [D] [thread 19361] [9.0] [cxt 0] Egress port is 511
[15:33:37.742] [bmv2] [D] [thread 19361] [9.0] [cxt 0] Dropping packet at the end of ingress
[15:33:37.742] [bmv2] [D] [thread 19361] [10.0] [cxt 0] Processing packet received on port 3
[15:33:37.742] [bmv2] [D] [thread 19361] [10.0] [cxt 0] Parser 'parser': start
[15:33:37.742] [bmv2] [D] [thread 19361] [10.0] [cxt 0] Parser 'parser' entering state 'start'
[15:33:37.742] [bmv2] [D] [thread 19361] [10.0] [cxt 0] Extracting header 'ethernet'
[15:33:37.742] [bmv2] [D] [thread 19361] [10.0] [cxt 0] Parser state 'start': key is 86dd
[15:33:37.742] [bmv2] [T] [thread 19361] [10.0] [cxt 0] Bytes parsed: 14
[15:33:37.742] [bmv2] [D] [thread 19361] [10.0] [cxt 0] Parser 'parser': end
[15:33:37.742] [bmv2] [D] [thread 19361] [10.0] [cxt 0] Pipeline 'ingress': start
[15:33:37.742] [bmv2] [T] [thread 19361] [10.0] [cxt 0] source_routing.p4(149) Condition "hdr.srcRoutes[0].isValid()" (node_2) is false
[15:33:37.742] [bmv2] [T] [thread 19361] [10.0] [cxt 0] Applying table 'tbl_drop'
[15:33:37.742] [bmv2] [D] [thread 19361] [10.0] [cxt 0] Looking up key:

[15:33:37.742] [bmv2] [D] [thread 19361] [10.0] [cxt 0] Table 'tbl_drop': miss
[15:33:37.742] [bmv2] [D] [thread 19361] [10.0] [cxt 0] Action entry is MyIngress.drop - 
[15:33:37.742] [bmv2] [T] [thread 19361] [10.0] [cxt 0] Action MyIngress.drop
[15:33:37.742] [bmv2] [T] [thread 19361] [10.0] [cxt 0] source_routing.p4(121) Primitive mark_to_drop(standard_metadata)
[15:33:37.742] [bmv2] [D] [thread 19361] [10.0] [cxt 0] Pipeline 'ingress': end
[15:33:37.742] [bmv2] [D] [thread 19361] [10.0] [cxt 0] Egress port is 511
[15:33:37.742] [bmv2] [D] [thread 19361] [10.0] [cxt 0] Dropping packet at the end of ingress
[15:33:37.745] [bmv2] [D] [thread 19361] [11.0] [cxt 0] Processing packet received on port 3
[15:33:37.745] [bmv2] [D] [thread 19361] [11.0] [cxt 0] Parser 'parser': start
[15:33:37.745] [bmv2] [D] [thread 19361] [11.0] [cxt 0] Parser 'parser' entering state 'start'
[15:33:37.745] [bmv2] [D] [thread 19361] [11.0] [cxt 0] Extracting header 'ethernet'
[15:33:37.745] [bmv2] [D] [thread 19361] [11.0] [cxt 0] Parser state 'start': key is 86dd
[15:33:37.745] [bmv2] [T] [thread 19361] [11.0] [cxt 0] Bytes parsed: 14
[15:33:37.745] [bmv2] [D] [thread 19361] [11.0] [cxt 0] Parser 'parser': end
[15:33:37.745] [bmv2] [D] [thread 19361] [11.0] [cxt 0] Pipeline 'ingress': start
[15:33:37.745] [bmv2] [T] [thread 19361] [11.0] [cxt 0] source_routing.p4(149) Condition "hdr.srcRoutes[0].isValid()" (node_2) is false
[15:33:37.745] [bmv2] [T] [thread 19361] [11.0] [cxt 0] Applying table 'tbl_drop'
[15:33:37.745] [bmv2] [D] [thread 19361] [11.0] [cxt 0] Looking up key:

[15:33:37.745] [bmv2] [D] [thread 19361] [11.0] [cxt 0] Table 'tbl_drop': miss
[15:33:37.745] [bmv2] [D] [thread 19361] [11.0] [cxt 0] Action entry is MyIngress.drop - 
[15:33:37.745] [bmv2] [T] [thread 19361] [11.0] [cxt 0] Action MyIngress.drop
[15:33:37.745] [bmv2] [T] [thread 19361] [11.0] [cxt 0] source_routing.p4(121) Primitive mark_to_drop(standard_metadata)
[15:33:37.745] [bmv2] [D] [thread 19361] [11.0] [cxt 0] Pipeline 'ingress': end
[15:33:37.745] [bmv2] [D] [thread 19361] [11.0] [cxt 0] Egress port is 511
[15:33:37.745] [bmv2] [D] [thread 19361] [11.0] [cxt 0] Dropping packet at the end of ingress
[15:33:37.748] [bmv2] [D] [thread 19361] [12.0] [cxt 0] Processing packet received on port 2
[15:33:37.748] [bmv2] [D] [thread 19361] [12.0] [cxt 0] Parser 'parser': start
[15:33:37.748] [bmv2] [D] [thread 19361] [12.0] [cxt 0] Parser 'parser' entering state 'start'
[15:33:37.748] [bmv2] [D] [thread 19361] [12.0] [cxt 0] Extracting header 'ethernet'
[15:33:37.748] [bmv2] [D] [thread 19361] [12.0] [cxt 0] Parser state 'start': key is 86dd
[15:33:37.748] [bmv2] [T] [thread 19361] [12.0] [cxt 0] Bytes parsed: 14
[15:33:37.748] [bmv2] [D] [thread 19361] [12.0] [cxt 0] Parser 'parser': end
[15:33:37.748] [bmv2] [D] [thread 19361] [12.0] [cxt 0] Pipeline 'ingress': start
[15:33:37.748] [bmv2] [T] [thread 19361] [12.0] [cxt 0] source_routing.p4(149) Condition "hdr.srcRoutes[0].isValid()" (node_2) is false
[15:33:37.748] [bmv2] [T] [thread 19361] [12.0] [cxt 0] Applying table 'tbl_drop'
[15:33:37.748] [bmv2] [D] [thread 19361] [12.0] [cxt 0] Looking up key:

[15:33:37.748] [bmv2] [D] [thread 19361] [12.0] [cxt 0] Table 'tbl_drop': miss
[15:33:37.748] [bmv2] [D] [thread 19361] [12.0] [cxt 0] Action entry is MyIngress.drop - 
[15:33:37.748] [bmv2] [T] [thread 19361] [12.0] [cxt 0] Action MyIngress.drop
[15:33:37.748] [bmv2] [T] [thread 19361] [12.0] [cxt 0] source_routing.p4(121) Primitive mark_to_drop(standard_metadata)
[15:33:37.748] [bmv2] [D] [thread 19361] [12.0] [cxt 0] Pipeline 'ingress': end
[15:33:37.748] [bmv2] [D] [thread 19361] [12.0] [cxt 0] Egress port is 511
[15:33:37.748] [bmv2] [D] [thread 19361] [12.0] [cxt 0] Dropping packet at the end of ingress
[15:33:37.762] [bmv2] [D] [thread 19361] [13.0] [cxt 0] Processing packet received on port 2
[15:33:37.762] [bmv2] [D] [thread 19361] [13.0] [cxt 0] Parser 'parser': start
[15:33:37.762] [bmv2] [D] [thread 19361] [13.0] [cxt 0] Parser 'parser' entering state 'start'
[15:33:37.762] [bmv2] [D] [thread 19361] [13.0] [cxt 0] Extracting header 'ethernet'
[15:33:37.762] [bmv2] [D] [thread 19361] [13.0] [cxt 0] Parser state 'start': key is 86dd
[15:33:37.762] [bmv2] [T] [thread 19361] [13.0] [cxt 0] Bytes parsed: 14
[15:33:37.762] [bmv2] [D] [thread 19361] [13.0] [cxt 0] Parser 'parser': end
[15:33:37.762] [bmv2] [D] [thread 19361] [13.0] [cxt 0] Pipeline 'ingress': start
[15:33:37.762] [bmv2] [T] [thread 19361] [13.0] [cxt 0] source_routing.p4(149) Condition "hdr.srcRoutes[0].isValid()" (node_2) is false
[15:33:37.762] [bmv2] [T] [thread 19361] [13.0] [cxt 0] Applying table 'tbl_drop'
[15:33:37.762] [bmv2] [D] [thread 19361] [13.0] [cxt 0] Looking up key:

[15:33:37.762] [bmv2] [D] [thread 19361] [13.0] [cxt 0] Table 'tbl_drop': miss
[15:33:37.762] [bmv2] [D] [thread 19361] [13.0] [cxt 0] Action entry is MyIngress.drop - 
[15:33:37.762] [bmv2] [T] [thread 19361] [13.0] [cxt 0] Action MyIngress.drop
[15:33:37.762] [bmv2] [T] [thread 19361] [13.0] [cxt 0] source_routing.p4(121) Primitive mark_to_drop(standard_metadata)
[15:33:37.762] [bmv2] [D] [thread 19361] [13.0] [cxt 0] Pipeline 'ingress': end
[15:33:37.762] [bmv2] [D] [thread 19361] [13.0] [cxt 0] Egress port is 511
[15:33:37.762] [bmv2] [D] [thread 19361] [13.0] [cxt 0] Dropping packet at the end of ingress
[15:33:37.830] [bmv2] [D] [thread 19361] [14.0] [cxt 0] Processing packet received on port 2
[15:33:37.832] [bmv2] [D] [thread 19361] [14.0] [cxt 0] Parser 'parser': start
[15:33:37.832] [bmv2] [D] [thread 19361] [14.0] [cxt 0] Parser 'parser' entering state 'start'
[15:33:37.832] [bmv2] [D] [thread 19361] [14.0] [cxt 0] Extracting header 'ethernet'
[15:33:37.832] [bmv2] [D] [thread 19361] [14.0] [cxt 0] Parser state 'start': key is 86dd
[15:33:37.832] [bmv2] [T] [thread 19361] [14.0] [cxt 0] Bytes parsed: 14
[15:33:37.832] [bmv2] [D] [thread 19361] [14.0] [cxt 0] Parser 'parser': end
[15:33:37.832] [bmv2] [D] [thread 19361] [14.0] [cxt 0] Pipeline 'ingress': start
[15:33:37.832] [bmv2] [T] [thread 19361] [14.0] [cxt 0] source_routing.p4(149) Condition "hdr.srcRoutes[0].isValid()" (node_2) is false
[15:33:37.832] [bmv2] [T] [thread 19361] [14.0] [cxt 0] Applying table 'tbl_drop'
[15:33:37.832] [bmv2] [D] [thread 19361] [14.0] [cxt 0] Looking up key:

[15:33:37.832] [bmv2] [D] [thread 19361] [14.0] [cxt 0] Table 'tbl_drop': miss
[15:33:37.832] [bmv2] [D] [thread 19361] [14.0] [cxt 0] Action entry is MyIngress.drop - 
[15:33:37.832] [bmv2] [T] [thread 19361] [14.0] [cxt 0] Action MyIngress.drop
[15:33:37.832] [bmv2] [T] [thread 19361] [14.0] [cxt 0] source_routing.p4(121) Primitive mark_to_drop(standard_metadata)
[15:33:37.832] [bmv2] [D] [thread 19361] [14.0] [cxt 0] Pipeline 'ingress': end
[15:33:37.832] [bmv2] [D] [thread 19361] [14.0] [cxt 0] Egress port is 511
[15:33:37.832] [bmv2] [D] [thread 19361] [14.0] [cxt 0] Dropping packet at the end of ingress
[15:33:37.864] [bmv2] [D] [thread 19361] [15.0] [cxt 0] Processing packet received on port 2
[15:33:37.864] [bmv2] [D] [thread 19361] [15.0] [cxt 0] Parser 'parser': start
[15:33:37.864] [bmv2] [D] [thread 19361] [15.0] [cxt 0] Parser 'parser' entering state 'start'
[15:33:37.864] [bmv2] [D] [thread 19361] [15.0] [cxt 0] Extracting header 'ethernet'
[15:33:37.864] [bmv2] [D] [thread 19361] [15.0] [cxt 0] Parser state 'start': key is 86dd
[15:33:37.864] [bmv2] [T] [thread 19361] [15.0] [cxt 0] Bytes parsed: 14
[15:33:37.864] [bmv2] [D] [thread 19361] [15.0] [cxt 0] Parser 'parser': end
[15:33:37.864] [bmv2] [D] [thread 19361] [15.0] [cxt 0] Pipeline 'ingress': start
[15:33:37.864] [bmv2] [T] [thread 19361] [15.0] [cxt 0] source_routing.p4(149) Condition "hdr.srcRoutes[0].isValid()" (node_2) is false
[15:33:37.864] [bmv2] [T] [thread 19361] [15.0] [cxt 0] Applying table 'tbl_drop'
[15:33:37.864] [bmv2] [D] [thread 19361] [15.0] [cxt 0] Looking up key:

[15:33:37.864] [bmv2] [D] [thread 19361] [15.0] [cxt 0] Table 'tbl_drop': miss
[15:33:37.864] [bmv2] [D] [thread 19361] [15.0] [cxt 0] Action entry is MyIngress.drop - 
[15:33:37.864] [bmv2] [T] [thread 19361] [15.0] [cxt 0] Action MyIngress.drop
[15:33:37.864] [bmv2] [T] [thread 19361] [15.0] [cxt 0] source_routing.p4(121) Primitive mark_to_drop(standard_metadata)
[15:33:37.864] [bmv2] [D] [thread 19361] [15.0] [cxt 0] Pipeline 'ingress': end
[15:33:37.864] [bmv2] [D] [thread 19361] [15.0] [cxt 0] Egress port is 511
[15:33:37.864] [bmv2] [D] [thread 19361] [15.0] [cxt 0] Dropping packet at the end of ingress
[15:33:37.864] [bmv2] [D] [thread 19361] [16.0] [cxt 0] Processing packet received on port 3
[15:33:37.864] [bmv2] [D] [thread 19361] [16.0] [cxt 0] Parser 'parser': start
[15:33:37.864] [bmv2] [D] [thread 19361] [16.0] [cxt 0] Parser 'parser' entering state 'start'
[15:33:37.864] [bmv2] [D] [thread 19361] [16.0] [cxt 0] Extracting header 'ethernet'
[15:33:37.864] [bmv2] [D] [thread 19361] [16.0] [cxt 0] Parser state 'start': key is 86dd
[15:33:37.864] [bmv2] [T] [thread 19361] [16.0] [cxt 0] Bytes parsed: 14
[15:33:37.864] [bmv2] [D] [thread 19361] [16.0] [cxt 0] Parser 'parser': end
[15:33:37.864] [bmv2] [D] [thread 19361] [16.0] [cxt 0] Pipeline 'ingress': start
[15:33:37.864] [bmv2] [T] [thread 19361] [16.0] [cxt 0] source_routing.p4(149) Condition "hdr.srcRoutes[0].isValid()" (node_2) is false
[15:33:37.864] [bmv2] [T] [thread 19361] [16.0] [cxt 0] Applying table 'tbl_drop'
[15:33:37.864] [bmv2] [D] [thread 19361] [16.0] [cxt 0] Looking up key:

[15:33:37.864] [bmv2] [D] [thread 19361] [16.0] [cxt 0] Table 'tbl_drop': miss
[15:33:37.864] [bmv2] [D] [thread 19361] [16.0] [cxt 0] Action entry is MyIngress.drop - 
[15:33:37.864] [bmv2] [T] [thread 19361] [16.0] [cxt 0] Action MyIngress.drop
[15:33:37.864] [bmv2] [T] [thread 19361] [16.0] [cxt 0] source_routing.p4(121) Primitive mark_to_drop(standard_metadata)
[15:33:37.864] [bmv2] [D] [thread 19361] [16.0] [cxt 0] Pipeline 'ingress': end
[15:33:37.864] [bmv2] [D] [thread 19361] [16.0] [cxt 0] Egress port is 511
[15:33:37.864] [bmv2] [D] [thread 19361] [16.0] [cxt 0] Dropping packet at the end of ingress
[15:33:37.948] [bmv2] [D] [thread 19361] [17.0] [cxt 0] Processing packet received on port 1
[15:33:37.948] [bmv2] [D] [thread 19361] [17.0] [cxt 0] Parser 'parser': start
[15:33:37.948] [bmv2] [D] [thread 19361] [17.0] [cxt 0] Parser 'parser' entering state 'start'
[15:33:37.948] [bmv2] [D] [thread 19361] [17.0] [cxt 0] Extracting header 'ethernet'
[15:33:37.948] [bmv2] [D] [thread 19361] [17.0] [cxt 0] Parser state 'start': key is 86dd
[15:33:37.948] [bmv2] [T] [thread 19361] [17.0] [cxt 0] Bytes parsed: 14
[15:33:37.948] [bmv2] [D] [thread 19361] [17.0] [cxt 0] Parser 'parser': end
[15:33:37.949] [bmv2] [D] [thread 19361] [17.0] [cxt 0] Pipeline 'ingress': start
[15:33:37.949] [bmv2] [T] [thread 19361] [17.0] [cxt 0] source_routing.p4(149) Condition "hdr.srcRoutes[0].isValid()" (node_2) is false
[15:33:37.949] [bmv2] [T] [thread 19361] [17.0] [cxt 0] Applying table 'tbl_drop'
[15:33:37.949] [bmv2] [D] [thread 19361] [17.0] [cxt 0] Looking up key:

[15:33:37.949] [bmv2] [D] [thread 19361] [17.0] [cxt 0] Table 'tbl_drop': miss
[15:33:37.949] [bmv2] [D] [thread 19361] [17.0] [cxt 0] Action entry is MyIngress.drop - 
[15:33:37.949] [bmv2] [T] [thread 19361] [17.0] [cxt 0] Action MyIngress.drop
[15:33:37.949] [bmv2] [T] [thread 19361] [17.0] [cxt 0] source_routing.p4(121) Primitive mark_to_drop(standard_metadata)
[15:33:37.949] [bmv2] [D] [thread 19361] [17.0] [cxt 0] Pipeline 'ingress': end
[15:33:37.949] [bmv2] [D] [thread 19361] [17.0] [cxt 0] Egress port is 511
[15:33:37.949] [bmv2] [D] [thread 19361] [17.0] [cxt 0] Dropping packet at the end of ingress
[15:33:38.013] [bmv2] [D] [thread 19361] [18.0] [cxt 0] Processing packet received on port 2
[15:33:38.013] [bmv2] [D] [thread 19361] [18.0] [cxt 0] Parser 'parser': start
[15:33:38.013] [bmv2] [D] [thread 19361] [18.0] [cxt 0] Parser 'parser' entering state 'start'
[15:33:38.013] [bmv2] [D] [thread 19361] [18.0] [cxt 0] Extracting header 'ethernet'
[15:33:38.013] [bmv2] [D] [thread 19361] [18.0] [cxt 0] Parser state 'start': key is 86dd
[15:33:38.013] [bmv2] [T] [thread 19361] [18.0] [cxt 0] Bytes parsed: 14
[15:33:38.013] [bmv2] [D] [thread 19361] [18.0] [cxt 0] Parser 'parser': end
[15:33:38.013] [bmv2] [D] [thread 19361] [18.0] [cxt 0] Pipeline 'ingress': start
[15:33:38.013] [bmv2] [T] [thread 19361] [18.0] [cxt 0] source_routing.p4(149) Condition "hdr.srcRoutes[0].isValid()" (node_2) is false
[15:33:38.013] [bmv2] [T] [thread 19361] [18.0] [cxt 0] Applying table 'tbl_drop'
[15:33:38.013] [bmv2] [D] [thread 19361] [18.0] [cxt 0] Looking up key:

[15:33:38.013] [bmv2] [D] [thread 19361] [18.0] [cxt 0] Table 'tbl_drop': miss
[15:33:38.013] [bmv2] [D] [thread 19361] [18.0] [cxt 0] Action entry is MyIngress.drop - 
[15:33:38.013] [bmv2] [T] [thread 19361] [18.0] [cxt 0] Action MyIngress.drop
[15:33:38.013] [bmv2] [T] [thread 19361] [18.0] [cxt 0] source_routing.p4(121) Primitive mark_to_drop(standard_metadata)
[15:33:38.013] [bmv2] [D] [thread 19361] [18.0] [cxt 0] Pipeline 'ingress': end
[15:33:38.013] [bmv2] [D] [thread 19361] [18.0] [cxt 0] Egress port is 511
[15:33:38.013] [bmv2] [D] [thread 19361] [18.0] [cxt 0] Dropping packet at the end of ingress
[15:33:38.113] [bmv2] [D] [thread 19361] [19.0] [cxt 0] Processing packet received on port 2
[15:33:38.113] [bmv2] [D] [thread 19361] [19.0] [cxt 0] Parser 'parser': start
[15:33:38.113] [bmv2] [D] [thread 19361] [19.0] [cxt 0] Parser 'parser' entering state 'start'
[15:33:38.113] [bmv2] [D] [thread 19361] [19.0] [cxt 0] Extracting header 'ethernet'
[15:33:38.113] [bmv2] [D] [thread 19361] [19.0] [cxt 0] Parser state 'start': key is 86dd
[15:33:38.113] [bmv2] [T] [thread 19361] [19.0] [cxt 0] Bytes parsed: 14
[15:33:38.113] [bmv2] [D] [thread 19361] [19.0] [cxt 0] Parser 'parser': end
[15:33:38.113] [bmv2] [D] [thread 19361] [19.0] [cxt 0] Pipeline 'ingress': start
[15:33:38.113] [bmv2] [T] [thread 19361] [19.0] [cxt 0] source_routing.p4(149) Condition "hdr.srcRoutes[0].isValid()" (node_2) is false
[15:33:38.113] [bmv2] [T] [thread 19361] [19.0] [cxt 0] Applying table 'tbl_drop'
[15:33:38.113] [bmv2] [D] [thread 19361] [19.0] [cxt 0] Looking up key:

[15:33:38.113] [bmv2] [D] [thread 19361] [19.0] [cxt 0] Table 'tbl_drop': miss
[15:33:38.113] [bmv2] [D] [thread 19361] [19.0] [cxt 0] Action entry is MyIngress.drop - 
[15:33:38.113] [bmv2] [T] [thread 19361] [19.0] [cxt 0] Action MyIngress.drop
[15:33:38.113] [bmv2] [T] [thread 19361] [19.0] [cxt 0] source_routing.p4(121) Primitive mark_to_drop(standard_metadata)
[15:33:38.113] [bmv2] [D] [thread 19361] [19.0] [cxt 0] Pipeline 'ingress': end
[15:33:38.113] [bmv2] [D] [thread 19361] [19.0] [cxt 0] Egress port is 511
[15:33:38.113] [bmv2] [D] [thread 19361] [19.0] [cxt 0] Dropping packet at the end of ingress
[15:33:38.113] [bmv2] [D] [thread 19361] [20.0] [cxt 0] Processing packet received on port 3
[15:33:38.113] [bmv2] [D] [thread 19361] [20.0] [cxt 0] Parser 'parser': start
[15:33:38.113] [bmv2] [D] [thread 19361] [20.0] [cxt 0] Parser 'parser' entering state 'start'
[15:33:38.113] [bmv2] [D] [thread 19361] [20.0] [cxt 0] Extracting header 'ethernet'
[15:33:38.113] [bmv2] [D] [thread 19361] [20.0] [cxt 0] Parser state 'start': key is 86dd
[15:33:38.113] [bmv2] [T] [thread 19361] [20.0] [cxt 0] Bytes parsed: 14
[15:33:38.113] [bmv2] [D] [thread 19361] [20.0] [cxt 0] Parser 'parser': end
[15:33:38.113] [bmv2] [D] [thread 19361] [20.0] [cxt 0] Pipeline 'ingress': start
[15:33:38.113] [bmv2] [T] [thread 19361] [20.0] [cxt 0] source_routing.p4(149) Condition "hdr.srcRoutes[0].isValid()" (node_2) is false
[15:33:38.113] [bmv2] [T] [thread 19361] [20.0] [cxt 0] Applying table 'tbl_drop'
[15:33:38.113] [bmv2] [D] [thread 19361] [20.0] [cxt 0] Looking up key:

[15:33:38.113] [bmv2] [D] [thread 19361] [20.0] [cxt 0] Table 'tbl_drop': miss
[15:33:38.113] [bmv2] [D] [thread 19361] [20.0] [cxt 0] Action entry is MyIngress.drop - 
[15:33:38.113] [bmv2] [T] [thread 19361] [20.0] [cxt 0] Action MyIngress.drop
[15:33:38.113] [bmv2] [T] [thread 19361] [20.0] [cxt 0] source_routing.p4(121) Primitive mark_to_drop(standard_metadata)
[15:33:38.113] [bmv2] [D] [thread 19361] [20.0] [cxt 0] Pipeline 'ingress': end
[15:33:38.113] [bmv2] [D] [thread 19361] [20.0] [cxt 0] Egress port is 511
[15:33:38.113] [bmv2] [D] [thread 19361] [20.0] [cxt 0] Dropping packet at the end of ingress
[15:33:38.184] [bmv2] [D] [thread 19361] [21.0] [cxt 0] Processing packet received on port 1
[15:33:38.184] [bmv2] [D] [thread 19361] [21.0] [cxt 0] Parser 'parser': start
[15:33:38.184] [bmv2] [D] [thread 19361] [21.0] [cxt 0] Parser 'parser' entering state 'start'
[15:33:38.184] [bmv2] [D] [thread 19361] [21.0] [cxt 0] Extracting header 'ethernet'
[15:33:38.184] [bmv2] [D] [thread 19361] [21.0] [cxt 0] Parser state 'start': key is 86dd
[15:33:38.184] [bmv2] [T] [thread 19361] [21.0] [cxt 0] Bytes parsed: 14
[15:33:38.184] [bmv2] [D] [thread 19361] [21.0] [cxt 0] Parser 'parser': end
[15:33:38.184] [bmv2] [D] [thread 19361] [21.0] [cxt 0] Pipeline 'ingress': start
[15:33:38.184] [bmv2] [T] [thread 19361] [21.0] [cxt 0] source_routing.p4(149) Condition "hdr.srcRoutes[0].isValid()" (node_2) is false
[15:33:38.184] [bmv2] [T] [thread 19361] [21.0] [cxt 0] Applying table 'tbl_drop'
[15:33:38.184] [bmv2] [D] [thread 19361] [21.0] [cxt 0] Looking up key:

[15:33:38.184] [bmv2] [D] [thread 19361] [21.0] [cxt 0] Table 'tbl_drop': miss
[15:33:38.184] [bmv2] [D] [thread 19361] [21.0] [cxt 0] Action entry is MyIngress.drop - 
[15:33:38.184] [bmv2] [T] [thread 19361] [21.0] [cxt 0] Action MyIngress.drop
[15:33:38.184] [bmv2] [T] [thread 19361] [21.0] [cxt 0] source_routing.p4(121) Primitive mark_to_drop(standard_metadata)
[15:33:38.184] [bmv2] [D] [thread 19361] [21.0] [cxt 0] Pipeline 'ingress': end
[15:33:38.184] [bmv2] [D] [thread 19361] [21.0] [cxt 0] Egress port is 511
[15:33:38.184] [bmv2] [D] [thread 19361] [21.0] [cxt 0] Dropping packet at the end of ingress
[15:33:38.200] [bmv2] [D] [thread 19361] [22.0] [cxt 0] Processing packet received on port 1
[15:33:38.200] [bmv2] [D] [thread 19361] [22.0] [cxt 0] Parser 'parser': start
[15:33:38.200] [bmv2] [D] [thread 19361] [22.0] [cxt 0] Parser 'parser' entering state 'start'
[15:33:38.200] [bmv2] [D] [thread 19361] [22.0] [cxt 0] Extracting header 'ethernet'
[15:33:38.200] [bmv2] [D] [thread 19361] [22.0] [cxt 0] Parser state 'start': key is 86dd
[15:33:38.200] [bmv2] [T] [thread 19361] [22.0] [cxt 0] Bytes parsed: 14
[15:33:38.200] [bmv2] [D] [thread 19361] [22.0] [cxt 0] Parser 'parser': end
[15:33:38.200] [bmv2] [D] [thread 19361] [22.0] [cxt 0] Pipeline 'ingress': start
[15:33:38.200] [bmv2] [T] [thread 19361] [22.0] [cxt 0] source_routing.p4(149) Condition "hdr.srcRoutes[0].isValid()" (node_2) is false
[15:33:38.200] [bmv2] [T] [thread 19361] [22.0] [cxt 0] Applying table 'tbl_drop'
[15:33:38.200] [bmv2] [D] [thread 19361] [22.0] [cxt 0] Looking up key:

[15:33:38.200] [bmv2] [D] [thread 19361] [22.0] [cxt 0] Table 'tbl_drop': miss
[15:33:38.200] [bmv2] [D] [thread 19361] [22.0] [cxt 0] Action entry is MyIngress.drop - 
[15:33:38.200] [bmv2] [T] [thread 19361] [22.0] [cxt 0] Action MyIngress.drop
[15:33:38.200] [bmv2] [T] [thread 19361] [22.0] [cxt 0] source_routing.p4(121) Primitive mark_to_drop(standard_metadata)
[15:33:38.200] [bmv2] [D] [thread 19361] [22.0] [cxt 0] Pipeline 'ingress': end
[15:33:38.200] [bmv2] [D] [thread 19361] [22.0] [cxt 0] Egress port is 511
[15:33:38.200] [bmv2] [D] [thread 19361] [22.0] [cxt 0] Dropping packet at the end of ingress
[15:33:38.263] [bmv2] [D] [thread 19361] [23.0] [cxt 0] Processing packet received on port 2
[15:33:38.263] [bmv2] [D] [thread 19361] [23.0] [cxt 0] Parser 'parser': start
[15:33:38.263] [bmv2] [D] [thread 19361] [23.0] [cxt 0] Parser 'parser' entering state 'start'
[15:33:38.263] [bmv2] [D] [thread 19361] [23.0] [cxt 0] Extracting header 'ethernet'
[15:33:38.263] [bmv2] [D] [thread 19361] [23.0] [cxt 0] Parser state 'start': key is 86dd
[15:33:38.263] [bmv2] [T] [thread 19361] [23.0] [cxt 0] Bytes parsed: 14
[15:33:38.263] [bmv2] [D] [thread 19361] [23.0] [cxt 0] Parser 'parser': end
[15:33:38.263] [bmv2] [D] [thread 19361] [23.0] [cxt 0] Pipeline 'ingress': start
[15:33:38.263] [bmv2] [T] [thread 19361] [23.0] [cxt 0] source_routing.p4(149) Condition "hdr.srcRoutes[0].isValid()" (node_2) is false
[15:33:38.263] [bmv2] [T] [thread 19361] [23.0] [cxt 0] Applying table 'tbl_drop'
[15:33:38.263] [bmv2] [D] [thread 19361] [23.0] [cxt 0] Looking up key:

[15:33:38.263] [bmv2] [D] [thread 19361] [23.0] [cxt 0] Table 'tbl_drop': miss
[15:33:38.263] [bmv2] [D] [thread 19361] [23.0] [cxt 0] Action entry is MyIngress.drop - 
[15:33:38.263] [bmv2] [T] [thread 19361] [23.0] [cxt 0] Action MyIngress.drop
[15:33:38.263] [bmv2] [T] [thread 19361] [23.0] [cxt 0] source_routing.p4(121) Primitive mark_to_drop(standard_metadata)
[15:33:38.263] [bmv2] [D] [thread 19361] [23.0] [cxt 0] Pipeline 'ingress': end
[15:33:38.263] [bmv2] [D] [thread 19361] [23.0] [cxt 0] Egress port is 511
[15:33:38.263] [bmv2] [D] [thread 19361] [23.0] [cxt 0] Dropping packet at the end of ingress
[15:33:38.277] [bmv2] [D] [thread 19361] [24.0] [cxt 0] Processing packet received on port 1
[15:33:38.277] [bmv2] [D] [thread 19361] [24.0] [cxt 0] Parser 'parser': start
[15:33:38.277] [bmv2] [D] [thread 19361] [24.0] [cxt 0] Parser 'parser' entering state 'start'
[15:33:38.277] [bmv2] [D] [thread 19361] [24.0] [cxt 0] Extracting header 'ethernet'
[15:33:38.277] [bmv2] [D] [thread 19361] [24.0] [cxt 0] Parser state 'start': key is 86dd
[15:33:38.277] [bmv2] [T] [thread 19361] [24.0] [cxt 0] Bytes parsed: 14
[15:33:38.277] [bmv2] [D] [thread 19361] [24.0] [cxt 0] Parser 'parser': end
[15:33:38.277] [bmv2] [D] [thread 19361] [24.0] [cxt 0] Pipeline 'ingress': start
[15:33:38.277] [bmv2] [T] [thread 19361] [24.0] [cxt 0] source_routing.p4(149) Condition "hdr.srcRoutes[0].isValid()" (node_2) is false
[15:33:38.277] [bmv2] [T] [thread 19361] [24.0] [cxt 0] Applying table 'tbl_drop'
[15:33:38.277] [bmv2] [D] [thread 19361] [24.0] [cxt 0] Looking up key:

[15:33:38.277] [bmv2] [D] [thread 19361] [24.0] [cxt 0] Table 'tbl_drop': miss
[15:33:38.277] [bmv2] [D] [thread 19361] [24.0] [cxt 0] Action entry is MyIngress.drop - 
[15:33:38.277] [bmv2] [T] [thread 19361] [24.0] [cxt 0] Action MyIngress.drop
[15:33:38.277] [bmv2] [T] [thread 19361] [24.0] [cxt 0] source_routing.p4(121) Primitive mark_to_drop(standard_metadata)
[15:33:38.277] [bmv2] [D] [thread 19361] [24.0] [cxt 0] Pipeline 'ingress': end
[15:33:38.277] [bmv2] [D] [thread 19361] [24.0] [cxt 0] Egress port is 511
[15:33:38.277] [bmv2] [D] [thread 19361] [24.0] [cxt 0] Dropping packet at the end of ingress
[15:33:38.341] [bmv2] [D] [thread 19361] [25.0] [cxt 0] Processing packet received on port 2
[15:33:38.341] [bmv2] [D] [thread 19361] [25.0] [cxt 0] Parser 'parser': start
[15:33:38.341] [bmv2] [D] [thread 19361] [25.0] [cxt 0] Parser 'parser' entering state 'start'
[15:33:38.341] [bmv2] [D] [thread 19361] [25.0] [cxt 0] Extracting header 'ethernet'
[15:33:38.341] [bmv2] [D] [thread 19361] [25.0] [cxt 0] Parser state 'start': key is 86dd
[15:33:38.341] [bmv2] [T] [thread 19361] [25.0] [cxt 0] Bytes parsed: 14
[15:33:38.341] [bmv2] [D] [thread 19361] [25.0] [cxt 0] Parser 'parser': end
[15:33:38.341] [bmv2] [D] [thread 19361] [25.0] [cxt 0] Pipeline 'ingress': start
[15:33:38.341] [bmv2] [T] [thread 19361] [25.0] [cxt 0] source_routing.p4(149) Condition "hdr.srcRoutes[0].isValid()" (node_2) is false
[15:33:38.341] [bmv2] [T] [thread 19361] [25.0] [cxt 0] Applying table 'tbl_drop'
[15:33:38.341] [bmv2] [D] [thread 19361] [25.0] [cxt 0] Looking up key:

[15:33:38.341] [bmv2] [D] [thread 19361] [25.0] [cxt 0] Table 'tbl_drop': miss
[15:33:38.341] [bmv2] [D] [thread 19361] [25.0] [cxt 0] Action entry is MyIngress.drop - 
[15:33:38.341] [bmv2] [T] [thread 19361] [25.0] [cxt 0] Action MyIngress.drop
[15:33:38.341] [bmv2] [T] [thread 19361] [25.0] [cxt 0] source_routing.p4(121) Primitive mark_to_drop(standard_metadata)
[15:33:38.341] [bmv2] [D] [thread 19361] [25.0] [cxt 0] Pipeline 'ingress': end
[15:33:38.341] [bmv2] [D] [thread 19361] [25.0] [cxt 0] Egress port is 511
[15:33:38.341] [bmv2] [D] [thread 19361] [25.0] [cxt 0] Dropping packet at the end of ingress
[15:33:38.365] [bmv2] [D] [thread 19361] [26.0] [cxt 0] Processing packet received on port 2
[15:33:38.365] [bmv2] [D] [thread 19361] [26.0] [cxt 0] Parser 'parser': start
[15:33:38.365] [bmv2] [D] [thread 19361] [26.0] [cxt 0] Parser 'parser' entering state 'start'
[15:33:38.365] [bmv2] [D] [thread 19361] [26.0] [cxt 0] Extracting header 'ethernet'
[15:33:38.365] [bmv2] [D] [thread 19361] [26.0] [cxt 0] Parser state 'start': key is 86dd
[15:33:38.365] [bmv2] [T] [thread 19361] [26.0] [cxt 0] Bytes parsed: 14
[15:33:38.365] [bmv2] [D] [thread 19361] [26.0] [cxt 0] Parser 'parser': end
[15:33:38.365] [bmv2] [D] [thread 19361] [26.0] [cxt 0] Pipeline 'ingress': start
[15:33:38.365] [bmv2] [T] [thread 19361] [26.0] [cxt 0] source_routing.p4(149) Condition "hdr.srcRoutes[0].isValid()" (node_2) is false
[15:33:38.365] [bmv2] [T] [thread 19361] [26.0] [cxt 0] Applying table 'tbl_drop'
[15:33:38.365] [bmv2] [D] [thread 19361] [26.0] [cxt 0] Looking up key:

[15:33:38.365] [bmv2] [D] [thread 19361] [26.0] [cxt 0] Table 'tbl_drop': miss
[15:33:38.365] [bmv2] [D] [thread 19361] [26.0] [cxt 0] Action entry is MyIngress.drop - 
[15:33:38.365] [bmv2] [T] [thread 19361] [26.0] [cxt 0] Action MyIngress.drop
[15:33:38.365] [bmv2] [T] [thread 19361] [26.0] [cxt 0] source_routing.p4(121) Primitive mark_to_drop(standard_metadata)
[15:33:38.365] [bmv2] [D] [thread 19361] [26.0] [cxt 0] Pipeline 'ingress': end
[15:33:38.365] [bmv2] [D] [thread 19361] [26.0] [cxt 0] Egress port is 511
[15:33:38.365] [bmv2] [D] [thread 19361] [26.0] [cxt 0] Dropping packet at the end of ingress
[15:33:38.365] [bmv2] [D] [thread 19361] [27.0] [cxt 0] Processing packet received on port 3
[15:33:38.365] [bmv2] [D] [thread 19361] [27.0] [cxt 0] Parser 'parser': start
[15:33:38.365] [bmv2] [D] [thread 19361] [27.0] [cxt 0] Parser 'parser' entering state 'start'
[15:33:38.365] [bmv2] [D] [thread 19361] [27.0] [cxt 0] Extracting header 'ethernet'
[15:33:38.365] [bmv2] [D] [thread 19361] [27.0] [cxt 0] Parser state 'start': key is 86dd
[15:33:38.365] [bmv2] [T] [thread 19361] [27.0] [cxt 0] Bytes parsed: 14
[15:33:38.365] [bmv2] [D] [thread 19361] [27.0] [cxt 0] Parser 'parser': end
[15:33:38.365] [bmv2] [D] [thread 19361] [27.0] [cxt 0] Pipeline 'ingress': start
[15:33:38.365] [bmv2] [T] [thread 19361] [27.0] [cxt 0] source_routing.p4(149) Condition "hdr.srcRoutes[0].isValid()" (node_2) is false
[15:33:38.365] [bmv2] [T] [thread 19361] [27.0] [cxt 0] Applying table 'tbl_drop'
[15:33:38.365] [bmv2] [D] [thread 19361] [27.0] [cxt 0] Looking up key:

[15:33:38.365] [bmv2] [D] [thread 19361] [27.0] [cxt 0] Table 'tbl_drop': miss
[15:33:38.365] [bmv2] [D] [thread 19361] [27.0] [cxt 0] Action entry is MyIngress.drop - 
[15:33:38.365] [bmv2] [T] [thread 19361] [27.0] [cxt 0] Action MyIngress.drop
[15:33:38.365] [bmv2] [T] [thread 19361] [27.0] [cxt 0] source_routing.p4(121) Primitive mark_to_drop(standard_metadata)
[15:33:38.365] [bmv2] [D] [thread 19361] [27.0] [cxt 0] Pipeline 'ingress': end
[15:33:38.365] [bmv2] [D] [thread 19361] [27.0] [cxt 0] Egress port is 511
[15:33:38.365] [bmv2] [D] [thread 19361] [27.0] [cxt 0] Dropping packet at the end of ingress
[15:33:38.398] [bmv2] [D] [thread 19361] [28.0] [cxt 0] Processing packet received on port 1
[15:33:38.398] [bmv2] [D] [thread 19361] [28.0] [cxt 0] Parser 'parser': start
[15:33:38.398] [bmv2] [D] [thread 19361] [28.0] [cxt 0] Parser 'parser' entering state 'start'
[15:33:38.398] [bmv2] [D] [thread 19361] [28.0] [cxt 0] Extracting header 'ethernet'
[15:33:38.398] [bmv2] [D] [thread 19361] [28.0] [cxt 0] Parser state 'start': key is 86dd
[15:33:38.398] [bmv2] [T] [thread 19361] [28.0] [cxt 0] Bytes parsed: 14
[15:33:38.398] [bmv2] [D] [thread 19361] [28.0] [cxt 0] Parser 'parser': end
[15:33:38.398] [bmv2] [D] [thread 19361] [28.0] [cxt 0] Pipeline 'ingress': start
[15:33:38.398] [bmv2] [T] [thread 19361] [28.0] [cxt 0] source_routing.p4(149) Condition "hdr.srcRoutes[0].isValid()" (node_2) is false
[15:33:38.398] [bmv2] [T] [thread 19361] [28.0] [cxt 0] Applying table 'tbl_drop'
[15:33:38.399] [bmv2] [D] [thread 19361] [28.0] [cxt 0] Looking up key:

[15:33:38.399] [bmv2] [D] [thread 19361] [28.0] [cxt 0] Table 'tbl_drop': miss
[15:33:38.399] [bmv2] [D] [thread 19361] [28.0] [cxt 0] Action entry is MyIngress.drop - 
[15:33:38.399] [bmv2] [T] [thread 19361] [28.0] [cxt 0] Action MyIngress.drop
[15:33:38.399] [bmv2] [T] [thread 19361] [28.0] [cxt 0] source_routing.p4(121) Primitive mark_to_drop(standard_metadata)
[15:33:38.399] [bmv2] [D] [thread 19361] [28.0] [cxt 0] Pipeline 'ingress': end
[15:33:38.399] [bmv2] [D] [thread 19361] [28.0] [cxt 0] Egress port is 511
[15:33:38.399] [bmv2] [D] [thread 19361] [28.0] [cxt 0] Dropping packet at the end of ingress
[15:33:38.413] [bmv2] [D] [thread 19361] [29.0] [cxt 0] Processing packet received on port 3
[15:33:38.413] [bmv2] [D] [thread 19361] [29.0] [cxt 0] Parser 'parser': start
[15:33:38.413] [bmv2] [D] [thread 19361] [29.0] [cxt 0] Parser 'parser' entering state 'start'
[15:33:38.413] [bmv2] [D] [thread 19361] [29.0] [cxt 0] Extracting header 'ethernet'
[15:33:38.413] [bmv2] [D] [thread 19361] [29.0] [cxt 0] Parser state 'start': key is 86dd
[15:33:38.413] [bmv2] [T] [thread 19361] [29.0] [cxt 0] Bytes parsed: 14
[15:33:38.413] [bmv2] [D] [thread 19361] [29.0] [cxt 0] Parser 'parser': end
[15:33:38.413] [bmv2] [D] [thread 19361] [29.0] [cxt 0] Pipeline 'ingress': start
[15:33:38.413] [bmv2] [T] [thread 19361] [29.0] [cxt 0] source_routing.p4(149) Condition "hdr.srcRoutes[0].isValid()" (node_2) is false
[15:33:38.414] [bmv2] [T] [thread 19361] [29.0] [cxt 0] Applying table 'tbl_drop'
[15:33:38.414] [bmv2] [D] [thread 19361] [29.0] [cxt 0] Looking up key:

[15:33:38.414] [bmv2] [D] [thread 19361] [29.0] [cxt 0] Table 'tbl_drop': miss
[15:33:38.414] [bmv2] [D] [thread 19361] [29.0] [cxt 0] Action entry is MyIngress.drop - 
[15:33:38.414] [bmv2] [T] [thread 19361] [29.0] [cxt 0] Action MyIngress.drop
[15:33:38.414] [bmv2] [T] [thread 19361] [29.0] [cxt 0] source_routing.p4(121) Primitive mark_to_drop(standard_metadata)
[15:33:38.414] [bmv2] [D] [thread 19361] [29.0] [cxt 0] Pipeline 'ingress': end
[15:33:38.414] [bmv2] [D] [thread 19361] [29.0] [cxt 0] Egress port is 511
[15:33:38.414] [bmv2] [D] [thread 19361] [29.0] [cxt 0] Dropping packet at the end of ingress
[15:33:38.414] [bmv2] [D] [thread 19361] [30.0] [cxt 0] Processing packet received on port 3
[15:33:38.414] [bmv2] [D] [thread 19361] [30.0] [cxt 0] Parser 'parser': start
[15:33:38.414] [bmv2] [D] [thread 19361] [30.0] [cxt 0] Parser 'parser' entering state 'start'
[15:33:38.414] [bmv2] [D] [thread 19361] [30.0] [cxt 0] Extracting header 'ethernet'
[15:33:38.414] [bmv2] [D] [thread 19361] [30.0] [cxt 0] Parser state 'start': key is 86dd
[15:33:38.414] [bmv2] [T] [thread 19361] [30.0] [cxt 0] Bytes parsed: 14
[15:33:38.414] [bmv2] [D] [thread 19361] [30.0] [cxt 0] Parser 'parser': end
[15:33:38.414] [bmv2] [D] [thread 19361] [30.0] [cxt 0] Pipeline 'ingress': start
[15:33:38.414] [bmv2] [T] [thread 19361] [30.0] [cxt 0] source_routing.p4(149) Condition "hdr.srcRoutes[0].isValid()" (node_2) is false
[15:33:38.414] [bmv2] [T] [thread 19361] [30.0] [cxt 0] Applying table 'tbl_drop'
[15:33:38.414] [bmv2] [D] [thread 19361] [30.0] [cxt 0] Looking up key:

[15:33:38.414] [bmv2] [D] [thread 19361] [30.0] [cxt 0] Table 'tbl_drop': miss
[15:33:38.414] [bmv2] [D] [thread 19361] [30.0] [cxt 0] Action entry is MyIngress.drop - 
[15:33:38.414] [bmv2] [T] [thread 19361] [30.0] [cxt 0] Action MyIngress.drop
[15:33:38.414] [bmv2] [T] [thread 19361] [30.0] [cxt 0] source_routing.p4(121) Primitive mark_to_drop(standard_metadata)
[15:33:38.414] [bmv2] [D] [thread 19361] [30.0] [cxt 0] Pipeline 'ingress': end
[15:33:38.414] [bmv2] [D] [thread 19361] [30.0] [cxt 0] Egress port is 511
[15:33:38.414] [bmv2] [D] [thread 19361] [30.0] [cxt 0] Dropping packet at the end of ingress
[15:33:38.423] [bmv2] [D] [thread 19361] [31.0] [cxt 0] Processing packet received on port 3
[15:33:38.423] [bmv2] [D] [thread 19361] [31.0] [cxt 0] Parser 'parser': start
[15:33:38.423] [bmv2] [D] [thread 19361] [31.0] [cxt 0] Parser 'parser' entering state 'start'
[15:33:38.423] [bmv2] [D] [thread 19361] [31.0] [cxt 0] Extracting header 'ethernet'
[15:33:38.423] [bmv2] [D] [thread 19361] [31.0] [cxt 0] Parser state 'start': key is 86dd
[15:33:38.423] [bmv2] [T] [thread 19361] [31.0] [cxt 0] Bytes parsed: 14
[15:33:38.423] [bmv2] [D] [thread 19361] [31.0] [cxt 0] Parser 'parser': end
[15:33:38.423] [bmv2] [D] [thread 19361] [31.0] [cxt 0] Pipeline 'ingress': start
[15:33:38.423] [bmv2] [T] [thread 19361] [31.0] [cxt 0] source_routing.p4(149) Condition "hdr.srcRoutes[0].isValid()" (node_2) is false
[15:33:38.423] [bmv2] [T] [thread 19361] [31.0] [cxt 0] Applying table 'tbl_drop'
[15:33:38.423] [bmv2] [D] [thread 19361] [31.0] [cxt 0] Looking up key:

[15:33:38.423] [bmv2] [D] [thread 19361] [31.0] [cxt 0] Table 'tbl_drop': miss
[15:33:38.423] [bmv2] [D] [thread 19361] [31.0] [cxt 0] Action entry is MyIngress.drop - 
[15:33:38.423] [bmv2] [T] [thread 19361] [31.0] [cxt 0] Action MyIngress.drop
[15:33:38.424] [bmv2] [T] [thread 19361] [31.0] [cxt 0] source_routing.p4(121) Primitive mark_to_drop(standard_metadata)
[15:33:38.424] [bmv2] [D] [thread 19361] [31.0] [cxt 0] Pipeline 'ingress': end
[15:33:38.424] [bmv2] [D] [thread 19361] [31.0] [cxt 0] Egress port is 511
[15:33:38.424] [bmv2] [D] [thread 19361] [31.0] [cxt 0] Dropping packet at the end of ingress
[15:33:38.440] [bmv2] [D] [thread 19361] [32.0] [cxt 0] Processing packet received on port 2
[15:33:38.440] [bmv2] [D] [thread 19361] [32.0] [cxt 0] Parser 'parser': start
[15:33:38.440] [bmv2] [D] [thread 19361] [32.0] [cxt 0] Parser 'parser' entering state 'start'
[15:33:38.440] [bmv2] [D] [thread 19361] [32.0] [cxt 0] Extracting header 'ethernet'
[15:33:38.440] [bmv2] [D] [thread 19361] [32.0] [cxt 0] Parser state 'start': key is 86dd
[15:33:38.440] [bmv2] [T] [thread 19361] [32.0] [cxt 0] Bytes parsed: 14
[15:33:38.440] [bmv2] [D] [thread 19361] [32.0] [cxt 0] Parser 'parser': end
[15:33:38.440] [bmv2] [D] [thread 19361] [32.0] [cxt 0] Pipeline 'ingress': start
[15:33:38.440] [bmv2] [T] [thread 19361] [32.0] [cxt 0] source_routing.p4(149) Condition "hdr.srcRoutes[0].isValid()" (node_2) is false
[15:33:38.440] [bmv2] [T] [thread 19361] [32.0] [cxt 0] Applying table 'tbl_drop'
[15:33:38.440] [bmv2] [D] [thread 19361] [32.0] [cxt 0] Looking up key:

[15:33:38.440] [bmv2] [D] [thread 19361] [32.0] [cxt 0] Table 'tbl_drop': miss
[15:33:38.440] [bmv2] [D] [thread 19361] [32.0] [cxt 0] Action entry is MyIngress.drop - 
[15:33:38.440] [bmv2] [T] [thread 19361] [32.0] [cxt 0] Action MyIngress.drop
[15:33:38.440] [bmv2] [T] [thread 19361] [32.0] [cxt 0] source_routing.p4(121) Primitive mark_to_drop(standard_metadata)
[15:33:38.440] [bmv2] [D] [thread 19361] [32.0] [cxt 0] Pipeline 'ingress': end
[15:33:38.440] [bmv2] [D] [thread 19361] [32.0] [cxt 0] Egress port is 511
[15:33:38.440] [bmv2] [D] [thread 19361] [32.0] [cxt 0] Dropping packet at the end of ingress
[15:33:38.464] [bmv2] [D] [thread 19361] [33.0] [cxt 0] Processing packet received on port 2
[15:33:38.464] [bmv2] [D] [thread 19361] [33.0] [cxt 0] Parser 'parser': start
[15:33:38.464] [bmv2] [D] [thread 19361] [33.0] [cxt 0] Parser 'parser' entering state 'start'
[15:33:38.464] [bmv2] [D] [thread 19361] [33.0] [cxt 0] Extracting header 'ethernet'
[15:33:38.464] [bmv2] [D] [thread 19361] [33.0] [cxt 0] Parser state 'start': key is 86dd
[15:33:38.464] [bmv2] [T] [thread 19361] [33.0] [cxt 0] Bytes parsed: 14
[15:33:38.464] [bmv2] [D] [thread 19361] [33.0] [cxt 0] Parser 'parser': end
[15:33:38.464] [bmv2] [D] [thread 19361] [33.0] [cxt 0] Pipeline 'ingress': start
[15:33:38.464] [bmv2] [T] [thread 19361] [33.0] [cxt 0] source_routing.p4(149) Condition "hdr.srcRoutes[0].isValid()" (node_2) is false
[15:33:38.464] [bmv2] [T] [thread 19361] [33.0] [cxt 0] Applying table 'tbl_drop'
[15:33:38.464] [bmv2] [D] [thread 19361] [33.0] [cxt 0] Looking up key:

[15:33:38.464] [bmv2] [D] [thread 19361] [33.0] [cxt 0] Table 'tbl_drop': miss
[15:33:38.464] [bmv2] [D] [thread 19361] [33.0] [cxt 0] Action entry is MyIngress.drop - 
[15:33:38.464] [bmv2] [T] [thread 19361] [33.0] [cxt 0] Action MyIngress.drop
[15:33:38.464] [bmv2] [T] [thread 19361] [33.0] [cxt 0] source_routing.p4(121) Primitive mark_to_drop(standard_metadata)
[15:33:38.464] [bmv2] [D] [thread 19361] [33.0] [cxt 0] Pipeline 'ingress': end
[15:33:38.464] [bmv2] [D] [thread 19361] [33.0] [cxt 0] Egress port is 511
[15:33:38.464] [bmv2] [D] [thread 19361] [33.0] [cxt 0] Dropping packet at the end of ingress
[15:33:38.502] [bmv2] [D] [thread 19361] [34.0] [cxt 0] Processing packet received on port 2
[15:33:38.502] [bmv2] [D] [thread 19361] [34.0] [cxt 0] Parser 'parser': start
[15:33:38.502] [bmv2] [D] [thread 19361] [34.0] [cxt 0] Parser 'parser' entering state 'start'
[15:33:38.502] [bmv2] [D] [thread 19361] [34.0] [cxt 0] Extracting header 'ethernet'
[15:33:38.502] [bmv2] [D] [thread 19361] [34.0] [cxt 0] Parser state 'start': key is 86dd
[15:33:38.502] [bmv2] [T] [thread 19361] [34.0] [cxt 0] Bytes parsed: 14
[15:33:38.502] [bmv2] [D] [thread 19361] [34.0] [cxt 0] Parser 'parser': end
[15:33:38.502] [bmv2] [D] [thread 19361] [34.0] [cxt 0] Pipeline 'ingress': start
[15:33:38.502] [bmv2] [T] [thread 19361] [34.0] [cxt 0] source_routing.p4(149) Condition "hdr.srcRoutes[0].isValid()" (node_2) is false
[15:33:38.502] [bmv2] [T] [thread 19361] [34.0] [cxt 0] Applying table 'tbl_drop'
[15:33:38.502] [bmv2] [D] [thread 19361] [34.0] [cxt 0] Looking up key:

[15:33:38.502] [bmv2] [D] [thread 19361] [34.0] [cxt 0] Table 'tbl_drop': miss
[15:33:38.502] [bmv2] [D] [thread 19361] [34.0] [cxt 0] Action entry is MyIngress.drop - 
[15:33:38.502] [bmv2] [T] [thread 19361] [34.0] [cxt 0] Action MyIngress.drop
[15:33:38.502] [bmv2] [T] [thread 19361] [34.0] [cxt 0] source_routing.p4(121) Primitive mark_to_drop(standard_metadata)
[15:33:38.502] [bmv2] [D] [thread 19361] [34.0] [cxt 0] Pipeline 'ingress': end
[15:33:38.502] [bmv2] [D] [thread 19361] [34.0] [cxt 0] Egress port is 511
[15:33:38.502] [bmv2] [D] [thread 19361] [34.0] [cxt 0] Dropping packet at the end of ingress
[15:33:38.532] [bmv2] [D] [thread 19361] [35.0] [cxt 0] Processing packet received on port 3
[15:33:38.532] [bmv2] [D] [thread 19361] [35.0] [cxt 0] Parser 'parser': start
[15:33:38.532] [bmv2] [D] [thread 19361] [35.0] [cxt 0] Parser 'parser' entering state 'start'
[15:33:38.532] [bmv2] [D] [thread 19361] [35.0] [cxt 0] Extracting header 'ethernet'
[15:33:38.532] [bmv2] [D] [thread 19361] [35.0] [cxt 0] Parser state 'start': key is 86dd
[15:33:38.532] [bmv2] [T] [thread 19361] [35.0] [cxt 0] Bytes parsed: 14
[15:33:38.532] [bmv2] [D] [thread 19361] [35.0] [cxt 0] Parser 'parser': end
[15:33:38.532] [bmv2] [D] [thread 19361] [35.0] [cxt 0] Pipeline 'ingress': start
[15:33:38.532] [bmv2] [T] [thread 19361] [35.0] [cxt 0] source_routing.p4(149) Condition "hdr.srcRoutes[0].isValid()" (node_2) is false
[15:33:38.532] [bmv2] [T] [thread 19361] [35.0] [cxt 0] Applying table 'tbl_drop'
[15:33:38.532] [bmv2] [D] [thread 19361] [35.0] [cxt 0] Looking up key:

[15:33:38.532] [bmv2] [D] [thread 19361] [35.0] [cxt 0] Table 'tbl_drop': miss
[15:33:38.532] [bmv2] [D] [thread 19361] [35.0] [cxt 0] Action entry is MyIngress.drop - 
[15:33:38.532] [bmv2] [T] [thread 19361] [35.0] [cxt 0] Action MyIngress.drop
[15:33:38.532] [bmv2] [T] [thread 19361] [35.0] [cxt 0] source_routing.p4(121) Primitive mark_to_drop(standard_metadata)
[15:33:38.532] [bmv2] [D] [thread 19361] [35.0] [cxt 0] Pipeline 'ingress': end
[15:33:38.532] [bmv2] [D] [thread 19361] [35.0] [cxt 0] Egress port is 511
[15:33:38.532] [bmv2] [D] [thread 19361] [35.0] [cxt 0] Dropping packet at the end of ingress
[15:33:38.532] [bmv2] [D] [thread 19361] [36.0] [cxt 0] Processing packet received on port 3
[15:33:38.532] [bmv2] [D] [thread 19361] [36.0] [cxt 0] Parser 'parser': start
[15:33:38.532] [bmv2] [D] [thread 19361] [36.0] [cxt 0] Parser 'parser' entering state 'start'
[15:33:38.532] [bmv2] [D] [thread 19361] [36.0] [cxt 0] Extracting header 'ethernet'
[15:33:38.532] [bmv2] [D] [thread 19361] [36.0] [cxt 0] Parser state 'start': key is 86dd
[15:33:38.532] [bmv2] [T] [thread 19361] [36.0] [cxt 0] Bytes parsed: 14
[15:33:38.532] [bmv2] [D] [thread 19361] [36.0] [cxt 0] Parser 'parser': end
[15:33:38.532] [bmv2] [D] [thread 19361] [36.0] [cxt 0] Pipeline 'ingress': start
[15:33:38.532] [bmv2] [T] [thread 19361] [36.0] [cxt 0] source_routing.p4(149) Condition "hdr.srcRoutes[0].isValid()" (node_2) is false
[15:33:38.532] [bmv2] [T] [thread 19361] [36.0] [cxt 0] Applying table 'tbl_drop'
[15:33:38.532] [bmv2] [D] [thread 19361] [36.0] [cxt 0] Looking up key:

[15:33:38.532] [bmv2] [D] [thread 19361] [36.0] [cxt 0] Table 'tbl_drop': miss
[15:33:38.532] [bmv2] [D] [thread 19361] [36.0] [cxt 0] Action entry is MyIngress.drop - 
[15:33:38.532] [bmv2] [T] [thread 19361] [36.0] [cxt 0] Action MyIngress.drop
[15:33:38.532] [bmv2] [T] [thread 19361] [36.0] [cxt 0] source_routing.p4(121) Primitive mark_to_drop(standard_metadata)
[15:33:38.532] [bmv2] [D] [thread 19361] [36.0] [cxt 0] Pipeline 'ingress': end
[15:33:38.532] [bmv2] [D] [thread 19361] [36.0] [cxt 0] Egress port is 511
[15:33:38.532] [bmv2] [D] [thread 19361] [36.0] [cxt 0] Dropping packet at the end of ingress
[15:33:38.537] [bmv2] [D] [thread 19361] [37.0] [cxt 0] Processing packet received on port 3
[15:33:38.537] [bmv2] [D] [thread 19361] [37.0] [cxt 0] Parser 'parser': start
[15:33:38.537] [bmv2] [D] [thread 19361] [37.0] [cxt 0] Parser 'parser' entering state 'start'
[15:33:38.537] [bmv2] [D] [thread 19361] [37.0] [cxt 0] Extracting header 'ethernet'
[15:33:38.537] [bmv2] [D] [thread 19361] [37.0] [cxt 0] Parser state 'start': key is 86dd
[15:33:38.537] [bmv2] [T] [thread 19361] [37.0] [cxt 0] Bytes parsed: 14
[15:33:38.537] [bmv2] [D] [thread 19361] [37.0] [cxt 0] Parser 'parser': end
[15:33:38.537] [bmv2] [D] [thread 19361] [37.0] [cxt 0] Pipeline 'ingress': start
[15:33:38.537] [bmv2] [T] [thread 19361] [37.0] [cxt 0] source_routing.p4(149) Condition "hdr.srcRoutes[0].isValid()" (node_2) is false
[15:33:38.537] [bmv2] [T] [thread 19361] [37.0] [cxt 0] Applying table 'tbl_drop'
[15:33:38.537] [bmv2] [D] [thread 19361] [37.0] [cxt 0] Looking up key:

[15:33:38.537] [bmv2] [D] [thread 19361] [37.0] [cxt 0] Table 'tbl_drop': miss
[15:33:38.537] [bmv2] [D] [thread 19361] [37.0] [cxt 0] Action entry is MyIngress.drop - 
[15:33:38.537] [bmv2] [T] [thread 19361] [37.0] [cxt 0] Action MyIngress.drop
[15:33:38.537] [bmv2] [T] [thread 19361] [37.0] [cxt 0] source_routing.p4(121) Primitive mark_to_drop(standard_metadata)
[15:33:38.537] [bmv2] [D] [thread 19361] [37.0] [cxt 0] Pipeline 'ingress': end
[15:33:38.537] [bmv2] [D] [thread 19361] [37.0] [cxt 0] Egress port is 511
[15:33:38.537] [bmv2] [D] [thread 19361] [37.0] [cxt 0] Dropping packet at the end of ingress
[15:33:38.563] [bmv2] [D] [thread 19361] [38.0] [cxt 0] Processing packet received on port 2
[15:33:38.563] [bmv2] [D] [thread 19361] [38.0] [cxt 0] Parser 'parser': start
[15:33:38.563] [bmv2] [D] [thread 19361] [38.0] [cxt 0] Parser 'parser' entering state 'start'
[15:33:38.563] [bmv2] [D] [thread 19361] [38.0] [cxt 0] Extracting header 'ethernet'
[15:33:38.563] [bmv2] [D] [thread 19361] [38.0] [cxt 0] Parser state 'start': key is 86dd
[15:33:38.563] [bmv2] [T] [thread 19361] [38.0] [cxt 0] Bytes parsed: 14
[15:33:38.563] [bmv2] [D] [thread 19361] [38.0] [cxt 0] Parser 'parser': end
[15:33:38.563] [bmv2] [D] [thread 19361] [38.0] [cxt 0] Pipeline 'ingress': start
[15:33:38.563] [bmv2] [T] [thread 19361] [38.0] [cxt 0] source_routing.p4(149) Condition "hdr.srcRoutes[0].isValid()" (node_2) is false
[15:33:38.563] [bmv2] [T] [thread 19361] [38.0] [cxt 0] Applying table 'tbl_drop'
[15:33:38.563] [bmv2] [D] [thread 19361] [38.0] [cxt 0] Looking up key:

[15:33:38.564] [bmv2] [D] [thread 19361] [38.0] [cxt 0] Table 'tbl_drop': miss
[15:33:38.564] [bmv2] [D] [thread 19361] [38.0] [cxt 0] Action entry is MyIngress.drop - 
[15:33:38.564] [bmv2] [T] [thread 19361] [38.0] [cxt 0] Action MyIngress.drop
[15:33:38.564] [bmv2] [T] [thread 19361] [38.0] [cxt 0] source_routing.p4(121) Primitive mark_to_drop(standard_metadata)
[15:33:38.564] [bmv2] [D] [thread 19361] [38.0] [cxt 0] Pipeline 'ingress': end
[15:33:38.564] [bmv2] [D] [thread 19361] [38.0] [cxt 0] Egress port is 511
[15:33:38.564] [bmv2] [D] [thread 19361] [38.0] [cxt 0] Dropping packet at the end of ingress
[15:33:38.564] [bmv2] [D] [thread 19361] [39.0] [cxt 0] Processing packet received on port 3
[15:33:38.564] [bmv2] [D] [thread 19361] [39.0] [cxt 0] Parser 'parser': start
[15:33:38.564] [bmv2] [D] [thread 19361] [39.0] [cxt 0] Parser 'parser' entering state 'start'
[15:33:38.564] [bmv2] [D] [thread 19361] [39.0] [cxt 0] Extracting header 'ethernet'
[15:33:38.564] [bmv2] [D] [thread 19361] [39.0] [cxt 0] Parser state 'start': key is 86dd
[15:33:38.564] [bmv2] [T] [thread 19361] [39.0] [cxt 0] Bytes parsed: 14
[15:33:38.564] [bmv2] [D] [thread 19361] [39.0] [cxt 0] Parser 'parser': end
[15:33:38.564] [bmv2] [D] [thread 19361] [39.0] [cxt 0] Pipeline 'ingress': start
[15:33:38.564] [bmv2] [T] [thread 19361] [39.0] [cxt 0] source_routing.p4(149) Condition "hdr.srcRoutes[0].isValid()" (node_2) is false
[15:33:38.564] [bmv2] [T] [thread 19361] [39.0] [cxt 0] Applying table 'tbl_drop'
[15:33:38.564] [bmv2] [D] [thread 19361] [39.0] [cxt 0] Looking up key:

[15:33:38.564] [bmv2] [D] [thread 19361] [39.0] [cxt 0] Table 'tbl_drop': miss
[15:33:38.564] [bmv2] [D] [thread 19361] [39.0] [cxt 0] Action entry is MyIngress.drop - 
[15:33:38.564] [bmv2] [T] [thread 19361] [39.0] [cxt 0] Action MyIngress.drop
[15:33:38.564] [bmv2] [T] [thread 19361] [39.0] [cxt 0] source_routing.p4(121) Primitive mark_to_drop(standard_metadata)
[15:33:38.564] [bmv2] [D] [thread 19361] [39.0] [cxt 0] Pipeline 'ingress': end
[15:33:38.564] [bmv2] [D] [thread 19361] [39.0] [cxt 0] Egress port is 511
[15:33:38.564] [bmv2] [D] [thread 19361] [39.0] [cxt 0] Dropping packet at the end of ingress
[15:33:38.796] [bmv2] [D] [thread 19361] [40.0] [cxt 0] Processing packet received on port 3
[15:33:38.796] [bmv2] [D] [thread 19361] [40.0] [cxt 0] Parser 'parser': start
[15:33:38.797] [bmv2] [D] [thread 19361] [40.0] [cxt 0] Parser 'parser' entering state 'start'
[15:33:38.797] [bmv2] [D] [thread 19361] [40.0] [cxt 0] Extracting header 'ethernet'
[15:33:38.797] [bmv2] [D] [thread 19361] [40.0] [cxt 0] Parser state 'start': key is 86dd
[15:33:38.797] [bmv2] [T] [thread 19361] [40.0] [cxt 0] Bytes parsed: 14
[15:33:38.797] [bmv2] [D] [thread 19361] [40.0] [cxt 0] Parser 'parser': end
[15:33:38.797] [bmv2] [D] [thread 19361] [40.0] [cxt 0] Pipeline 'ingress': start
[15:33:38.797] [bmv2] [T] [thread 19361] [40.0] [cxt 0] source_routing.p4(149) Condition "hdr.srcRoutes[0].isValid()" (node_2) is false
[15:33:38.797] [bmv2] [T] [thread 19361] [40.0] [cxt 0] Applying table 'tbl_drop'
[15:33:38.797] [bmv2] [D] [thread 19361] [40.0] [cxt 0] Looking up key:

[15:33:38.797] [bmv2] [D] [thread 19361] [40.0] [cxt 0] Table 'tbl_drop': miss
[15:33:38.797] [bmv2] [D] [thread 19361] [40.0] [cxt 0] Action entry is MyIngress.drop - 
[15:33:38.797] [bmv2] [T] [thread 19361] [40.0] [cxt 0] Action MyIngress.drop
[15:33:38.797] [bmv2] [T] [thread 19361] [40.0] [cxt 0] source_routing.p4(121) Primitive mark_to_drop(standard_metadata)
[15:33:38.797] [bmv2] [D] [thread 19361] [40.0] [cxt 0] Pipeline 'ingress': end
[15:33:38.797] [bmv2] [D] [thread 19361] [40.0] [cxt 0] Egress port is 511
[15:33:38.797] [bmv2] [D] [thread 19361] [40.0] [cxt 0] Dropping packet at the end of ingress
[15:33:39.045] [bmv2] [D] [thread 19361] [41.0] [cxt 0] Processing packet received on port 3
[15:33:39.045] [bmv2] [D] [thread 19361] [41.0] [cxt 0] Parser 'parser': start
[15:33:39.045] [bmv2] [D] [thread 19361] [41.0] [cxt 0] Parser 'parser' entering state 'start'
[15:33:39.045] [bmv2] [D] [thread 19361] [41.0] [cxt 0] Extracting header 'ethernet'
[15:33:39.045] [bmv2] [D] [thread 19361] [41.0] [cxt 0] Parser state 'start': key is 86dd
[15:33:39.045] [bmv2] [T] [thread 19361] [41.0] [cxt 0] Bytes parsed: 14
[15:33:39.045] [bmv2] [D] [thread 19361] [41.0] [cxt 0] Parser 'parser': end
[15:33:39.045] [bmv2] [D] [thread 19361] [41.0] [cxt 0] Pipeline 'ingress': start
[15:33:39.045] [bmv2] [T] [thread 19361] [41.0] [cxt 0] source_routing.p4(149) Condition "hdr.srcRoutes[0].isValid()" (node_2) is false
[15:33:39.045] [bmv2] [T] [thread 19361] [41.0] [cxt 0] Applying table 'tbl_drop'
[15:33:39.045] [bmv2] [D] [thread 19361] [41.0] [cxt 0] Looking up key:

[15:33:39.045] [bmv2] [D] [thread 19361] [41.0] [cxt 0] Table 'tbl_drop': miss
[15:33:39.045] [bmv2] [D] [thread 19361] [41.0] [cxt 0] Action entry is MyIngress.drop - 
[15:33:39.045] [bmv2] [T] [thread 19361] [41.0] [cxt 0] Action MyIngress.drop
[15:33:39.045] [bmv2] [T] [thread 19361] [41.0] [cxt 0] source_routing.p4(121) Primitive mark_to_drop(standard_metadata)
[15:33:39.045] [bmv2] [D] [thread 19361] [41.0] [cxt 0] Pipeline 'ingress': end
[15:33:39.045] [bmv2] [D] [thread 19361] [41.0] [cxt 0] Egress port is 511
[15:33:39.045] [bmv2] [D] [thread 19361] [41.0] [cxt 0] Dropping packet at the end of ingress
[15:33:39.140] [bmv2] [D] [thread 19361] [42.0] [cxt 0] Processing packet received on port 3
[15:33:39.141] [bmv2] [D] [thread 19361] [42.0] [cxt 0] Parser 'parser': start
[15:33:39.141] [bmv2] [D] [thread 19361] [42.0] [cxt 0] Parser 'parser' entering state 'start'
[15:33:39.141] [bmv2] [D] [thread 19361] [42.0] [cxt 0] Extracting header 'ethernet'
[15:33:39.141] [bmv2] [D] [thread 19361] [42.0] [cxt 0] Parser state 'start': key is 86dd
[15:33:39.141] [bmv2] [T] [thread 19361] [42.0] [cxt 0] Bytes parsed: 14
[15:33:39.141] [bmv2] [D] [thread 19361] [42.0] [cxt 0] Parser 'parser': end
[15:33:39.141] [bmv2] [D] [thread 19361] [42.0] [cxt 0] Pipeline 'ingress': start
[15:33:39.141] [bmv2] [T] [thread 19361] [42.0] [cxt 0] source_routing.p4(149) Condition "hdr.srcRoutes[0].isValid()" (node_2) is false
[15:33:39.141] [bmv2] [T] [thread 19361] [42.0] [cxt 0] Applying table 'tbl_drop'
[15:33:39.141] [bmv2] [D] [thread 19361] [42.0] [cxt 0] Looking up key:

[15:33:39.141] [bmv2] [D] [thread 19361] [42.0] [cxt 0] Table 'tbl_drop': miss
[15:33:39.141] [bmv2] [D] [thread 19361] [42.0] [cxt 0] Action entry is MyIngress.drop - 
[15:33:39.141] [bmv2] [T] [thread 19361] [42.0] [cxt 0] Action MyIngress.drop
[15:33:39.141] [bmv2] [T] [thread 19361] [42.0] [cxt 0] source_routing.p4(121) Primitive mark_to_drop(standard_metadata)
[15:33:39.141] [bmv2] [D] [thread 19361] [42.0] [cxt 0] Pipeline 'ingress': end
[15:33:39.141] [bmv2] [D] [thread 19361] [42.0] [cxt 0] Egress port is 511
[15:33:39.141] [bmv2] [D] [thread 19361] [42.0] [cxt 0] Dropping packet at the end of ingress
[15:33:39.145] [bmv2] [D] [thread 19361] [43.0] [cxt 0] Processing packet received on port 3
[15:33:39.145] [bmv2] [D] [thread 19361] [43.0] [cxt 0] Parser 'parser': start
[15:33:39.145] [bmv2] [D] [thread 19361] [43.0] [cxt 0] Parser 'parser' entering state 'start'
[15:33:39.145] [bmv2] [D] [thread 19361] [43.0] [cxt 0] Extracting header 'ethernet'
[15:33:39.145] [bmv2] [D] [thread 19361] [43.0] [cxt 0] Parser state 'start': key is 86dd
[15:33:39.145] [bmv2] [T] [thread 19361] [43.0] [cxt 0] Bytes parsed: 14
[15:33:39.145] [bmv2] [D] [thread 19361] [43.0] [cxt 0] Parser 'parser': end
[15:33:39.145] [bmv2] [D] [thread 19361] [43.0] [cxt 0] Pipeline 'ingress': start
[15:33:39.145] [bmv2] [T] [thread 19361] [43.0] [cxt 0] source_routing.p4(149) Condition "hdr.srcRoutes[0].isValid()" (node_2) is false
[15:33:39.145] [bmv2] [T] [thread 19361] [43.0] [cxt 0] Applying table 'tbl_drop'
[15:33:39.145] [bmv2] [D] [thread 19361] [43.0] [cxt 0] Looking up key:

[15:33:39.145] [bmv2] [D] [thread 19361] [43.0] [cxt 0] Table 'tbl_drop': miss
[15:33:39.145] [bmv2] [D] [thread 19361] [43.0] [cxt 0] Action entry is MyIngress.drop - 
[15:33:39.145] [bmv2] [T] [thread 19361] [43.0] [cxt 0] Action MyIngress.drop
[15:33:39.145] [bmv2] [T] [thread 19361] [43.0] [cxt 0] source_routing.p4(121) Primitive mark_to_drop(standard_metadata)
[15:33:39.145] [bmv2] [D] [thread 19361] [43.0] [cxt 0] Pipeline 'ingress': end
[15:33:39.145] [bmv2] [D] [thread 19361] [43.0] [cxt 0] Egress port is 511
[15:33:39.145] [bmv2] [D] [thread 19361] [43.0] [cxt 0] Dropping packet at the end of ingress
[15:33:39.244] [bmv2] [D] [thread 19361] [44.0] [cxt 0] Processing packet received on port 3
[15:33:39.244] [bmv2] [D] [thread 19361] [44.0] [cxt 0] Parser 'parser': start
[15:33:39.244] [bmv2] [D] [thread 19361] [44.0] [cxt 0] Parser 'parser' entering state 'start'
[15:33:39.244] [bmv2] [D] [thread 19361] [44.0] [cxt 0] Extracting header 'ethernet'
[15:33:39.244] [bmv2] [D] [thread 19361] [44.0] [cxt 0] Parser state 'start': key is 86dd
[15:33:39.244] [bmv2] [T] [thread 19361] [44.0] [cxt 0] Bytes parsed: 14
[15:33:39.244] [bmv2] [D] [thread 19361] [44.0] [cxt 0] Parser 'parser': end
[15:33:39.244] [bmv2] [D] [thread 19361] [44.0] [cxt 0] Pipeline 'ingress': start
[15:33:39.244] [bmv2] [T] [thread 19361] [44.0] [cxt 0] source_routing.p4(149) Condition "hdr.srcRoutes[0].isValid()" (node_2) is false
[15:33:39.244] [bmv2] [T] [thread 19361] [44.0] [cxt 0] Applying table 'tbl_drop'
[15:33:39.244] [bmv2] [D] [thread 19361] [44.0] [cxt 0] Looking up key:

[15:33:39.244] [bmv2] [D] [thread 19361] [44.0] [cxt 0] Table 'tbl_drop': miss
[15:33:39.244] [bmv2] [D] [thread 19361] [44.0] [cxt 0] Action entry is MyIngress.drop - 
[15:33:39.244] [bmv2] [T] [thread 19361] [44.0] [cxt 0] Action MyIngress.drop
[15:33:39.244] [bmv2] [T] [thread 19361] [44.0] [cxt 0] source_routing.p4(121) Primitive mark_to_drop(standard_metadata)
[15:33:39.244] [bmv2] [D] [thread 19361] [44.0] [cxt 0] Pipeline 'ingress': end
[15:33:39.244] [bmv2] [D] [thread 19361] [44.0] [cxt 0] Egress port is 511
[15:33:39.244] [bmv2] [D] [thread 19361] [44.0] [cxt 0] Dropping packet at the end of ingress
[15:33:39.472] [bmv2] [D] [thread 19361] [45.0] [cxt 0] Processing packet received on port 1
[15:33:39.472] [bmv2] [D] [thread 19361] [45.0] [cxt 0] Parser 'parser': start
[15:33:39.472] [bmv2] [D] [thread 19361] [45.0] [cxt 0] Parser 'parser' entering state 'start'
[15:33:39.472] [bmv2] [D] [thread 19361] [45.0] [cxt 0] Extracting header 'ethernet'
[15:33:39.472] [bmv2] [D] [thread 19361] [45.0] [cxt 0] Parser state 'start': key is 86dd
[15:33:39.472] [bmv2] [T] [thread 19361] [45.0] [cxt 0] Bytes parsed: 14
[15:33:39.472] [bmv2] [D] [thread 19361] [45.0] [cxt 0] Parser 'parser': end
[15:33:39.472] [bmv2] [D] [thread 19361] [45.0] [cxt 0] Pipeline 'ingress': start
[15:33:39.472] [bmv2] [T] [thread 19361] [45.0] [cxt 0] source_routing.p4(149) Condition "hdr.srcRoutes[0].isValid()" (node_2) is false
[15:33:39.472] [bmv2] [T] [thread 19361] [45.0] [cxt 0] Applying table 'tbl_drop'
[15:33:39.472] [bmv2] [D] [thread 19361] [45.0] [cxt 0] Looking up key:

[15:33:39.472] [bmv2] [D] [thread 19361] [45.0] [cxt 0] Table 'tbl_drop': miss
[15:33:39.472] [bmv2] [D] [thread 19361] [45.0] [cxt 0] Action entry is MyIngress.drop - 
[15:33:39.472] [bmv2] [T] [thread 19361] [45.0] [cxt 0] Action MyIngress.drop
[15:33:39.472] [bmv2] [T] [thread 19361] [45.0] [cxt 0] source_routing.p4(121) Primitive mark_to_drop(standard_metadata)
[15:33:39.472] [bmv2] [D] [thread 19361] [45.0] [cxt 0] Pipeline 'ingress': end
[15:33:39.472] [bmv2] [D] [thread 19361] [45.0] [cxt 0] Egress port is 511
[15:33:39.472] [bmv2] [D] [thread 19361] [45.0] [cxt 0] Dropping packet at the end of ingress
[15:33:39.527] [bmv2] [W] [thread 19440] [P4Runtime] p4::tmp::P4DeviceConfig is deprecated
[15:33:39.528] [bmv2] [D] [thread 19440] Set default default entry for table 'tbl_srcRoute_finish': MyIngress.srcRoute_finish - 
[15:33:39.528] [bmv2] [D] [thread 19440] Set default default entry for table 'tbl_srcRoute_nhop': MyIngress.srcRoute_nhop - 
[15:33:39.528] [bmv2] [D] [thread 19440] Set default default entry for table 'tbl_update_ttl': MyIngress.update_ttl - 
[15:33:39.528] [bmv2] [D] [thread 19440] Set default default entry for table 'tbl_drop': MyIngress.drop - 
[15:33:39.531] [bmv2] [D] [thread 19440] simple_switch target has been notified of a config swap
[15:33:39.537] [bmv2] [D] [thread 19361] [46.0] [cxt 0] Processing packet received on port 2
[15:33:39.537] [bmv2] [D] [thread 19361] [46.0] [cxt 0] Parser 'parser': start
[15:33:39.537] [bmv2] [D] [thread 19361] [46.0] [cxt 0] Parser 'parser' entering state 'start'
[15:33:39.537] [bmv2] [D] [thread 19361] [46.0] [cxt 0] Extracting header 'ethernet'
[15:33:39.537] [bmv2] [D] [thread 19361] [46.0] [cxt 0] Parser state 'start': key is 86dd
[15:33:39.537] [bmv2] [T] [thread 19361] [46.0] [cxt 0] Bytes parsed: 14
[15:33:39.537] [bmv2] [D] [thread 19361] [46.0] [cxt 0] Parser 'parser': end
[15:33:39.537] [bmv2] [D] [thread 19361] [46.0] [cxt 0] Pipeline 'ingress': start
[15:33:39.537] [bmv2] [T] [thread 19361] [46.0] [cxt 0] source_routing.p4(149) Condition "hdr.srcRoutes[0].isValid()" (node_2) is false
[15:33:39.537] [bmv2] [T] [thread 19361] [46.0] [cxt 0] Applying table 'tbl_drop'
[15:33:39.537] [bmv2] [D] [thread 19361] [46.0] [cxt 0] Looking up key:

[15:33:39.537] [bmv2] [D] [thread 19361] [46.0] [cxt 0] Table 'tbl_drop': miss
[15:33:39.537] [bmv2] [D] [thread 19361] [46.0] [cxt 0] Action entry is MyIngress.drop - 
[15:33:39.537] [bmv2] [T] [thread 19361] [46.0] [cxt 0] Action MyIngress.drop
[15:33:39.537] [bmv2] [T] [thread 19361] [46.0] [cxt 0] source_routing.p4(121) Primitive mark_to_drop(standard_metadata)
[15:33:39.537] [bmv2] [D] [thread 19361] [46.0] [cxt 0] Pipeline 'ingress': end
[15:33:39.537] [bmv2] [D] [thread 19361] [46.0] [cxt 0] Egress port is 511
[15:33:39.537] [bmv2] [D] [thread 19361] [46.0] [cxt 0] Dropping packet at the end of ingress
[15:33:39.634] [bmv2] [D] [thread 19361] [47.0] [cxt 0] Processing packet received on port 2
[15:33:39.634] [bmv2] [D] [thread 19361] [47.0] [cxt 0] Parser 'parser': start
[15:33:39.634] [bmv2] [D] [thread 19361] [47.0] [cxt 0] Parser 'parser' entering state 'start'
[15:33:39.634] [bmv2] [D] [thread 19361] [47.0] [cxt 0] Extracting header 'ethernet'
[15:33:39.634] [bmv2] [D] [thread 19361] [47.0] [cxt 0] Parser state 'start': key is 86dd
[15:33:39.634] [bmv2] [T] [thread 19361] [47.0] [cxt 0] Bytes parsed: 14
[15:33:39.634] [bmv2] [D] [thread 19361] [47.0] [cxt 0] Parser 'parser': end
[15:33:39.634] [bmv2] [D] [thread 19361] [47.0] [cxt 0] Pipeline 'ingress': start
[15:33:39.634] [bmv2] [T] [thread 19361] [47.0] [cxt 0] source_routing.p4(149) Condition "hdr.srcRoutes[0].isValid()" (node_2) is false
[15:33:39.634] [bmv2] [T] [thread 19361] [47.0] [cxt 0] Applying table 'tbl_drop'
[15:33:39.634] [bmv2] [D] [thread 19361] [47.0] [cxt 0] Looking up key:

[15:33:39.634] [bmv2] [D] [thread 19361] [47.0] [cxt 0] Table 'tbl_drop': miss
[15:33:39.634] [bmv2] [D] [thread 19361] [47.0] [cxt 0] Action entry is MyIngress.drop - 
[15:33:39.634] [bmv2] [T] [thread 19361] [47.0] [cxt 0] Action MyIngress.drop
[15:33:39.634] [bmv2] [T] [thread 19361] [47.0] [cxt 0] source_routing.p4(121) Primitive mark_to_drop(standard_metadata)
[15:33:39.634] [bmv2] [D] [thread 19361] [47.0] [cxt 0] Pipeline 'ingress': end
[15:33:39.634] [bmv2] [D] [thread 19361] [47.0] [cxt 0] Egress port is 511
[15:33:39.634] [bmv2] [D] [thread 19361] [47.0] [cxt 0] Dropping packet at the end of ingress
[15:33:39.634] [bmv2] [D] [thread 19361] [48.0] [cxt 0] Processing packet received on port 3
[15:33:39.634] [bmv2] [D] [thread 19361] [48.0] [cxt 0] Parser 'parser': start
[15:33:39.634] [bmv2] [D] [thread 19361] [48.0] [cxt 0] Parser 'parser' entering state 'start'
[15:33:39.634] [bmv2] [D] [thread 19361] [48.0] [cxt 0] Extracting header 'ethernet'
[15:33:39.634] [bmv2] [D] [thread 19361] [48.0] [cxt 0] Parser state 'start': key is 86dd
[15:33:39.634] [bmv2] [T] [thread 19361] [48.0] [cxt 0] Bytes parsed: 14
[15:33:39.634] [bmv2] [D] [thread 19361] [48.0] [cxt 0] Parser 'parser': end
[15:33:39.634] [bmv2] [D] [thread 19361] [48.0] [cxt 0] Pipeline 'ingress': start
[15:33:39.634] [bmv2] [T] [thread 19361] [48.0] [cxt 0] source_routing.p4(149) Condition "hdr.srcRoutes[0].isValid()" (node_2) is false
[15:33:39.634] [bmv2] [T] [thread 19361] [48.0] [cxt 0] Applying table 'tbl_drop'
[15:33:39.634] [bmv2] [D] [thread 19361] [48.0] [cxt 0] Looking up key:

[15:33:39.634] [bmv2] [D] [thread 19361] [48.0] [cxt 0] Table 'tbl_drop': miss
[15:33:39.634] [bmv2] [D] [thread 19361] [48.0] [cxt 0] Action entry is MyIngress.drop - 
[15:33:39.634] [bmv2] [T] [thread 19361] [48.0] [cxt 0] Action MyIngress.drop
[15:33:39.634] [bmv2] [T] [thread 19361] [48.0] [cxt 0] source_routing.p4(121) Primitive mark_to_drop(standard_metadata)
[15:33:39.634] [bmv2] [D] [thread 19361] [48.0] [cxt 0] Pipeline 'ingress': end
[15:33:39.634] [bmv2] [D] [thread 19361] [48.0] [cxt 0] Egress port is 511
[15:33:39.634] [bmv2] [D] [thread 19361] [48.0] [cxt 0] Dropping packet at the end of ingress
[15:33:40.316] [bmv2] [D] [thread 19361] [49.0] [cxt 0] Processing packet received on port 3
[15:33:40.316] [bmv2] [D] [thread 19361] [49.0] [cxt 0] Parser 'parser': start
[15:33:40.316] [bmv2] [D] [thread 19361] [49.0] [cxt 0] Parser 'parser' entering state 'start'
[15:33:40.316] [bmv2] [D] [thread 19361] [49.0] [cxt 0] Extracting header 'ethernet'
[15:33:40.316] [bmv2] [D] [thread 19361] [49.0] [cxt 0] Parser state 'start': key is 86dd
[15:33:40.316] [bmv2] [T] [thread 19361] [49.0] [cxt 0] Bytes parsed: 14
[15:33:40.316] [bmv2] [D] [thread 19361] [49.0] [cxt 0] Parser 'parser': end
[15:33:40.316] [bmv2] [D] [thread 19361] [49.0] [cxt 0] Pipeline 'ingress': start
[15:33:40.316] [bmv2] [T] [thread 19361] [49.0] [cxt 0] source_routing.p4(149) Condition "hdr.srcRoutes[0].isValid()" (node_2) is false
[15:33:40.316] [bmv2] [T] [thread 19361] [49.0] [cxt 0] Applying table 'tbl_drop'
[15:33:40.316] [bmv2] [D] [thread 19361] [49.0] [cxt 0] Looking up key:

[15:33:40.316] [bmv2] [D] [thread 19361] [49.0] [cxt 0] Table 'tbl_drop': miss
[15:33:40.316] [bmv2] [D] [thread 19361] [49.0] [cxt 0] Action entry is MyIngress.drop - 
[15:33:40.316] [bmv2] [T] [thread 19361] [49.0] [cxt 0] Action MyIngress.drop
[15:33:40.316] [bmv2] [T] [thread 19361] [49.0] [cxt 0] source_routing.p4(121) Primitive mark_to_drop(standard_metadata)
[15:33:40.316] [bmv2] [D] [thread 19361] [49.0] [cxt 0] Pipeline 'ingress': end
[15:33:40.316] [bmv2] [D] [thread 19361] [49.0] [cxt 0] Egress port is 511
[15:33:40.316] [bmv2] [D] [thread 19361] [49.0] [cxt 0] Dropping packet at the end of ingress
[15:33:41.545] [bmv2] [D] [thread 19361] [50.0] [cxt 0] Processing packet received on port 1
[15:33:41.546] [bmv2] [D] [thread 19361] [50.0] [cxt 0] Parser 'parser': start
[15:33:41.546] [bmv2] [D] [thread 19361] [50.0] [cxt 0] Parser 'parser' entering state 'start'
[15:33:41.546] [bmv2] [D] [thread 19361] [50.0] [cxt 0] Extracting header 'ethernet'
[15:33:41.546] [bmv2] [D] [thread 19361] [50.0] [cxt 0] Parser state 'start': key is 86dd
[15:33:41.546] [bmv2] [T] [thread 19361] [50.0] [cxt 0] Bytes parsed: 14
[15:33:41.546] [bmv2] [D] [thread 19361] [50.0] [cxt 0] Parser 'parser': end
[15:33:41.546] [bmv2] [D] [thread 19361] [50.0] [cxt 0] Pipeline 'ingress': start
[15:33:41.546] [bmv2] [T] [thread 19361] [50.0] [cxt 0] source_routing.p4(149) Condition "hdr.srcRoutes[0].isValid()" (node_2) is false
[15:33:41.546] [bmv2] [T] [thread 19361] [50.0] [cxt 0] Applying table 'tbl_drop'
[15:33:41.546] [bmv2] [D] [thread 19361] [50.0] [cxt 0] Looking up key:

[15:33:41.546] [bmv2] [D] [thread 19361] [50.0] [cxt 0] Table 'tbl_drop': miss
[15:33:41.546] [bmv2] [D] [thread 19361] [50.0] [cxt 0] Action entry is MyIngress.drop - 
[15:33:41.547] [bmv2] [T] [thread 19361] [50.0] [cxt 0] Action MyIngress.drop
[15:33:41.547] [bmv2] [T] [thread 19361] [50.0] [cxt 0] source_routing.p4(121) Primitive mark_to_drop(standard_metadata)
[15:33:41.548] [bmv2] [D] [thread 19361] [50.0] [cxt 0] Pipeline 'ingress': end
[15:33:41.548] [bmv2] [D] [thread 19361] [50.0] [cxt 0] Egress port is 511
[15:33:41.548] [bmv2] [D] [thread 19361] [50.0] [cxt 0] Dropping packet at the end of ingress
[15:33:41.612] [bmv2] [D] [thread 19361] [51.0] [cxt 0] Processing packet received on port 2
[15:33:41.612] [bmv2] [D] [thread 19361] [51.0] [cxt 0] Parser 'parser': start
[15:33:41.612] [bmv2] [D] [thread 19361] [51.0] [cxt 0] Parser 'parser' entering state 'start'
[15:33:41.612] [bmv2] [D] [thread 19361] [51.0] [cxt 0] Extracting header 'ethernet'
[15:33:41.612] [bmv2] [D] [thread 19361] [51.0] [cxt 0] Parser state 'start': key is 86dd
[15:33:41.612] [bmv2] [T] [thread 19361] [51.0] [cxt 0] Bytes parsed: 14
[15:33:41.612] [bmv2] [D] [thread 19361] [51.0] [cxt 0] Parser 'parser': end
[15:33:41.612] [bmv2] [D] [thread 19361] [51.0] [cxt 0] Pipeline 'ingress': start
[15:33:41.612] [bmv2] [T] [thread 19361] [51.0] [cxt 0] source_routing.p4(149) Condition "hdr.srcRoutes[0].isValid()" (node_2) is false
[15:33:41.612] [bmv2] [T] [thread 19361] [51.0] [cxt 0] Applying table 'tbl_drop'
[15:33:41.612] [bmv2] [D] [thread 19361] [51.0] [cxt 0] Looking up key:

[15:33:41.612] [bmv2] [D] [thread 19361] [51.0] [cxt 0] Table 'tbl_drop': miss
[15:33:41.612] [bmv2] [D] [thread 19361] [51.0] [cxt 0] Action entry is MyIngress.drop - 
[15:33:41.612] [bmv2] [T] [thread 19361] [51.0] [cxt 0] Action MyIngress.drop
[15:33:41.612] [bmv2] [T] [thread 19361] [51.0] [cxt 0] source_routing.p4(121) Primitive mark_to_drop(standard_metadata)
[15:33:41.612] [bmv2] [D] [thread 19361] [51.0] [cxt 0] Pipeline 'ingress': end
[15:33:41.612] [bmv2] [D] [thread 19361] [51.0] [cxt 0] Egress port is 511
[15:33:41.612] [bmv2] [D] [thread 19361] [51.0] [cxt 0] Dropping packet at the end of ingress
[15:33:41.668] [bmv2] [D] [thread 19361] [52.0] [cxt 0] Processing packet received on port 2
[15:33:41.668] [bmv2] [D] [thread 19361] [52.0] [cxt 0] Parser 'parser': start
[15:33:41.668] [bmv2] [D] [thread 19361] [52.0] [cxt 0] Parser 'parser' entering state 'start'
[15:33:41.668] [bmv2] [D] [thread 19361] [52.0] [cxt 0] Extracting header 'ethernet'
[15:33:41.668] [bmv2] [D] [thread 19361] [52.0] [cxt 0] Parser state 'start': key is 86dd
[15:33:41.668] [bmv2] [T] [thread 19361] [52.0] [cxt 0] Bytes parsed: 14
[15:33:41.668] [bmv2] [D] [thread 19361] [52.0] [cxt 0] Parser 'parser': end
[15:33:41.668] [bmv2] [D] [thread 19361] [52.0] [cxt 0] Pipeline 'ingress': start
[15:33:41.671] [bmv2] [T] [thread 19361] [52.0] [cxt 0] source_routing.p4(149) Condition "hdr.srcRoutes[0].isValid()" (node_2) is false
[15:33:41.671] [bmv2] [T] [thread 19361] [52.0] [cxt 0] Applying table 'tbl_drop'
[15:33:41.672] [bmv2] [D] [thread 19361] [52.0] [cxt 0] Looking up key:

[15:33:41.672] [bmv2] [D] [thread 19361] [52.0] [cxt 0] Table 'tbl_drop': miss
[15:33:41.672] [bmv2] [D] [thread 19361] [52.0] [cxt 0] Action entry is MyIngress.drop - 
[15:33:41.672] [bmv2] [T] [thread 19361] [52.0] [cxt 0] Action MyIngress.drop
[15:33:41.672] [bmv2] [T] [thread 19361] [52.0] [cxt 0] source_routing.p4(121) Primitive mark_to_drop(standard_metadata)
[15:33:41.672] [bmv2] [D] [thread 19361] [52.0] [cxt 0] Pipeline 'ingress': end
[15:33:41.672] [bmv2] [D] [thread 19361] [52.0] [cxt 0] Egress port is 511
[15:33:41.672] [bmv2] [D] [thread 19361] [52.0] [cxt 0] Dropping packet at the end of ingress
[15:33:41.707] [bmv2] [D] [thread 19361] [53.0] [cxt 0] Processing packet received on port 3
[15:33:41.707] [bmv2] [D] [thread 19361] [53.0] [cxt 0] Parser 'parser': start
[15:33:41.707] [bmv2] [D] [thread 19361] [53.0] [cxt 0] Parser 'parser' entering state 'start'
[15:33:41.707] [bmv2] [D] [thread 19361] [53.0] [cxt 0] Extracting header 'ethernet'
[15:33:41.707] [bmv2] [D] [thread 19361] [53.0] [cxt 0] Parser state 'start': key is 86dd
[15:33:41.708] [bmv2] [T] [thread 19361] [53.0] [cxt 0] Bytes parsed: 14
[15:33:41.708] [bmv2] [D] [thread 19361] [53.0] [cxt 0] Parser 'parser': end
[15:33:41.708] [bmv2] [D] [thread 19361] [53.0] [cxt 0] Pipeline 'ingress': start
[15:33:41.708] [bmv2] [T] [thread 19361] [53.0] [cxt 0] source_routing.p4(149) Condition "hdr.srcRoutes[0].isValid()" (node_2) is false
[15:33:41.708] [bmv2] [T] [thread 19361] [53.0] [cxt 0] Applying table 'tbl_drop'
[15:33:41.708] [bmv2] [D] [thread 19361] [53.0] [cxt 0] Looking up key:

[15:33:41.708] [bmv2] [D] [thread 19361] [53.0] [cxt 0] Table 'tbl_drop': miss
[15:33:41.708] [bmv2] [D] [thread 19361] [53.0] [cxt 0] Action entry is MyIngress.drop - 
[15:33:41.708] [bmv2] [T] [thread 19361] [53.0] [cxt 0] Action MyIngress.drop
[15:33:41.708] [bmv2] [T] [thread 19361] [53.0] [cxt 0] source_routing.p4(121) Primitive mark_to_drop(standard_metadata)
[15:33:41.708] [bmv2] [D] [thread 19361] [53.0] [cxt 0] Pipeline 'ingress': end
[15:33:41.708] [bmv2] [D] [thread 19361] [53.0] [cxt 0] Egress port is 511
[15:33:41.708] [bmv2] [D] [thread 19361] [53.0] [cxt 0] Dropping packet at the end of ingress
[15:33:41.708] [bmv2] [D] [thread 19361] [54.0] [cxt 0] Processing packet received on port 2
[15:33:41.708] [bmv2] [D] [thread 19361] [54.0] [cxt 0] Parser 'parser': start
[15:33:41.708] [bmv2] [D] [thread 19361] [54.0] [cxt 0] Parser 'parser' entering state 'start'
[15:33:41.708] [bmv2] [D] [thread 19361] [54.0] [cxt 0] Extracting header 'ethernet'
[15:33:41.708] [bmv2] [D] [thread 19361] [54.0] [cxt 0] Parser state 'start': key is 86dd
[15:33:41.708] [bmv2] [T] [thread 19361] [54.0] [cxt 0] Bytes parsed: 14
[15:33:41.708] [bmv2] [D] [thread 19361] [54.0] [cxt 0] Parser 'parser': end
[15:33:41.708] [bmv2] [D] [thread 19361] [54.0] [cxt 0] Pipeline 'ingress': start
[15:33:41.708] [bmv2] [T] [thread 19361] [54.0] [cxt 0] source_routing.p4(149) Condition "hdr.srcRoutes[0].isValid()" (node_2) is false
[15:33:41.708] [bmv2] [T] [thread 19361] [54.0] [cxt 0] Applying table 'tbl_drop'
[15:33:41.708] [bmv2] [D] [thread 19361] [54.0] [cxt 0] Looking up key:

[15:33:41.708] [bmv2] [D] [thread 19361] [54.0] [cxt 0] Table 'tbl_drop': miss
[15:33:41.708] [bmv2] [D] [thread 19361] [54.0] [cxt 0] Action entry is MyIngress.drop - 
[15:33:41.708] [bmv2] [T] [thread 19361] [54.0] [cxt 0] Action MyIngress.drop
[15:33:41.708] [bmv2] [T] [thread 19361] [54.0] [cxt 0] source_routing.p4(121) Primitive mark_to_drop(standard_metadata)
[15:33:41.708] [bmv2] [D] [thread 19361] [54.0] [cxt 0] Pipeline 'ingress': end
[15:33:41.708] [bmv2] [D] [thread 19361] [54.0] [cxt 0] Egress port is 511
[15:33:41.708] [bmv2] [D] [thread 19361] [54.0] [cxt 0] Dropping packet at the end of ingress
[15:33:41.924] [bmv2] [D] [thread 19361] [55.0] [cxt 0] Processing packet received on port 1
[15:33:41.924] [bmv2] [D] [thread 19361] [55.0] [cxt 0] Parser 'parser': start
[15:33:41.924] [bmv2] [D] [thread 19361] [55.0] [cxt 0] Parser 'parser' entering state 'start'
[15:33:41.924] [bmv2] [D] [thread 19361] [55.0] [cxt 0] Extracting header 'ethernet'
[15:33:41.924] [bmv2] [D] [thread 19361] [55.0] [cxt 0] Parser state 'start': key is 86dd
[15:33:41.924] [bmv2] [T] [thread 19361] [55.0] [cxt 0] Bytes parsed: 14
[15:33:41.924] [bmv2] [D] [thread 19361] [55.0] [cxt 0] Parser 'parser': end
[15:33:41.924] [bmv2] [D] [thread 19361] [55.0] [cxt 0] Pipeline 'ingress': start
[15:33:41.924] [bmv2] [T] [thread 19361] [55.0] [cxt 0] source_routing.p4(149) Condition "hdr.srcRoutes[0].isValid()" (node_2) is false
[15:33:41.924] [bmv2] [T] [thread 19361] [55.0] [cxt 0] Applying table 'tbl_drop'
[15:33:41.924] [bmv2] [D] [thread 19361] [55.0] [cxt 0] Looking up key:

[15:33:41.924] [bmv2] [D] [thread 19361] [55.0] [cxt 0] Table 'tbl_drop': miss
[15:33:41.924] [bmv2] [D] [thread 19361] [55.0] [cxt 0] Action entry is MyIngress.drop - 
[15:33:41.924] [bmv2] [T] [thread 19361] [55.0] [cxt 0] Action MyIngress.drop
[15:33:41.924] [bmv2] [T] [thread 19361] [55.0] [cxt 0] source_routing.p4(121) Primitive mark_to_drop(standard_metadata)
[15:33:41.924] [bmv2] [D] [thread 19361] [55.0] [cxt 0] Pipeline 'ingress': end
[15:33:41.924] [bmv2] [D] [thread 19361] [55.0] [cxt 0] Egress port is 511
[15:33:41.924] [bmv2] [D] [thread 19361] [55.0] [cxt 0] Dropping packet at the end of ingress
[15:33:41.925] [bmv2] [D] [thread 19361] [56.0] [cxt 0] Processing packet received on port 2
[15:33:41.925] [bmv2] [D] [thread 19361] [56.0] [cxt 0] Parser 'parser': start
[15:33:41.925] [bmv2] [D] [thread 19361] [56.0] [cxt 0] Parser 'parser' entering state 'start'
[15:33:41.925] [bmv2] [D] [thread 19361] [56.0] [cxt 0] Extracting header 'ethernet'
[15:33:41.925] [bmv2] [D] [thread 19361] [56.0] [cxt 0] Parser state 'start': key is 86dd
[15:33:41.925] [bmv2] [T] [thread 19361] [56.0] [cxt 0] Bytes parsed: 14
[15:33:41.925] [bmv2] [D] [thread 19361] [56.0] [cxt 0] Parser 'parser': end
[15:33:41.925] [bmv2] [D] [thread 19361] [56.0] [cxt 0] Pipeline 'ingress': start
[15:33:41.925] [bmv2] [T] [thread 19361] [56.0] [cxt 0] source_routing.p4(149) Condition "hdr.srcRoutes[0].isValid()" (node_2) is false
[15:33:41.925] [bmv2] [T] [thread 19361] [56.0] [cxt 0] Applying table 'tbl_drop'
[15:33:41.925] [bmv2] [D] [thread 19361] [56.0] [cxt 0] Looking up key:

[15:33:41.925] [bmv2] [D] [thread 19361] [56.0] [cxt 0] Table 'tbl_drop': miss
[15:33:41.925] [bmv2] [D] [thread 19361] [56.0] [cxt 0] Action entry is MyIngress.drop - 
[15:33:41.925] [bmv2] [T] [thread 19361] [56.0] [cxt 0] Action MyIngress.drop
[15:33:41.925] [bmv2] [T] [thread 19361] [56.0] [cxt 0] source_routing.p4(121) Primitive mark_to_drop(standard_metadata)
[15:33:41.925] [bmv2] [D] [thread 19361] [56.0] [cxt 0] Pipeline 'ingress': end
[15:33:41.925] [bmv2] [D] [thread 19361] [56.0] [cxt 0] Egress port is 511
[15:33:41.925] [bmv2] [D] [thread 19361] [56.0] [cxt 0] Dropping packet at the end of ingress
[15:33:42.180] [bmv2] [D] [thread 19361] [57.0] [cxt 0] Processing packet received on port 3
[15:33:42.180] [bmv2] [D] [thread 19361] [57.0] [cxt 0] Parser 'parser': start
[15:33:42.180] [bmv2] [D] [thread 19361] [57.0] [cxt 0] Parser 'parser' entering state 'start'
[15:33:42.180] [bmv2] [D] [thread 19361] [57.0] [cxt 0] Extracting header 'ethernet'
[15:33:42.180] [bmv2] [D] [thread 19361] [57.0] [cxt 0] Parser state 'start': key is 86dd
[15:33:42.180] [bmv2] [T] [thread 19361] [57.0] [cxt 0] Bytes parsed: 14
[15:33:42.180] [bmv2] [D] [thread 19361] [57.0] [cxt 0] Parser 'parser': end
[15:33:42.180] [bmv2] [D] [thread 19361] [57.0] [cxt 0] Pipeline 'ingress': start
[15:33:42.180] [bmv2] [T] [thread 19361] [57.0] [cxt 0] source_routing.p4(149) Condition "hdr.srcRoutes[0].isValid()" (node_2) is false
[15:33:42.180] [bmv2] [T] [thread 19361] [57.0] [cxt 0] Applying table 'tbl_drop'
[15:33:42.180] [bmv2] [D] [thread 19361] [57.0] [cxt 0] Looking up key:

[15:33:42.180] [bmv2] [D] [thread 19361] [57.0] [cxt 0] Table 'tbl_drop': miss
[15:33:42.180] [bmv2] [D] [thread 19361] [57.0] [cxt 0] Action entry is MyIngress.drop - 
[15:33:42.180] [bmv2] [T] [thread 19361] [57.0] [cxt 0] Action MyIngress.drop
[15:33:42.180] [bmv2] [T] [thread 19361] [57.0] [cxt 0] source_routing.p4(121) Primitive mark_to_drop(standard_metadata)
[15:33:42.180] [bmv2] [D] [thread 19361] [57.0] [cxt 0] Pipeline 'ingress': end
[15:33:42.180] [bmv2] [D] [thread 19361] [57.0] [cxt 0] Egress port is 511
[15:33:42.180] [bmv2] [D] [thread 19361] [57.0] [cxt 0] Dropping packet at the end of ingress
[15:33:42.392] [bmv2] [D] [thread 19361] [58.0] [cxt 0] Processing packet received on port 3
[15:33:42.392] [bmv2] [D] [thread 19361] [58.0] [cxt 0] Parser 'parser': start
[15:33:42.392] [bmv2] [D] [thread 19361] [58.0] [cxt 0] Parser 'parser' entering state 'start'
[15:33:42.392] [bmv2] [D] [thread 19361] [58.0] [cxt 0] Extracting header 'ethernet'
[15:33:42.392] [bmv2] [D] [thread 19361] [58.0] [cxt 0] Parser state 'start': key is 86dd
[15:33:42.392] [bmv2] [T] [thread 19361] [58.0] [cxt 0] Bytes parsed: 14
[15:33:42.392] [bmv2] [D] [thread 19361] [58.0] [cxt 0] Parser 'parser': end
[15:33:42.392] [bmv2] [D] [thread 19361] [58.0] [cxt 0] Pipeline 'ingress': start
[15:33:42.392] [bmv2] [T] [thread 19361] [58.0] [cxt 0] source_routing.p4(149) Condition "hdr.srcRoutes[0].isValid()" (node_2) is false
[15:33:42.392] [bmv2] [T] [thread 19361] [58.0] [cxt 0] Applying table 'tbl_drop'
[15:33:42.392] [bmv2] [D] [thread 19361] [58.0] [cxt 0] Looking up key:

[15:33:42.392] [bmv2] [D] [thread 19361] [58.0] [cxt 0] Table 'tbl_drop': miss
[15:33:42.392] [bmv2] [D] [thread 19361] [58.0] [cxt 0] Action entry is MyIngress.drop - 
[15:33:42.392] [bmv2] [T] [thread 19361] [58.0] [cxt 0] Action MyIngress.drop
[15:33:42.392] [bmv2] [T] [thread 19361] [58.0] [cxt 0] source_routing.p4(121) Primitive mark_to_drop(standard_metadata)
[15:33:42.392] [bmv2] [D] [thread 19361] [58.0] [cxt 0] Pipeline 'ingress': end
[15:33:42.392] [bmv2] [D] [thread 19361] [58.0] [cxt 0] Egress port is 511
[15:33:42.392] [bmv2] [D] [thread 19361] [58.0] [cxt 0] Dropping packet at the end of ingress
[15:33:42.436] [bmv2] [D] [thread 19361] [59.0] [cxt 0] Processing packet received on port 3
[15:33:42.436] [bmv2] [D] [thread 19361] [59.0] [cxt 0] Parser 'parser': start
[15:33:42.436] [bmv2] [D] [thread 19361] [59.0] [cxt 0] Parser 'parser' entering state 'start'
[15:33:42.436] [bmv2] [D] [thread 19361] [59.0] [cxt 0] Extracting header 'ethernet'
[15:33:42.436] [bmv2] [D] [thread 19361] [59.0] [cxt 0] Parser state 'start': key is 86dd
[15:33:42.436] [bmv2] [T] [thread 19361] [59.0] [cxt 0] Bytes parsed: 14
[15:33:42.436] [bmv2] [D] [thread 19361] [59.0] [cxt 0] Parser 'parser': end
[15:33:42.436] [bmv2] [D] [thread 19361] [59.0] [cxt 0] Pipeline 'ingress': start
[15:33:42.436] [bmv2] [T] [thread 19361] [59.0] [cxt 0] source_routing.p4(149) Condition "hdr.srcRoutes[0].isValid()" (node_2) is false
[15:33:42.436] [bmv2] [T] [thread 19361] [59.0] [cxt 0] Applying table 'tbl_drop'
[15:33:42.436] [bmv2] [D] [thread 19361] [59.0] [cxt 0] Looking up key:

[15:33:42.436] [bmv2] [D] [thread 19361] [59.0] [cxt 0] Table 'tbl_drop': miss
[15:33:42.436] [bmv2] [D] [thread 19361] [59.0] [cxt 0] Action entry is MyIngress.drop - 
[15:33:42.436] [bmv2] [T] [thread 19361] [59.0] [cxt 0] Action MyIngress.drop
[15:33:42.436] [bmv2] [T] [thread 19361] [59.0] [cxt 0] source_routing.p4(121) Primitive mark_to_drop(standard_metadata)
[15:33:42.436] [bmv2] [D] [thread 19361] [59.0] [cxt 0] Pipeline 'ingress': end
[15:33:42.436] [bmv2] [D] [thread 19361] [59.0] [cxt 0] Egress port is 511
[15:33:42.436] [bmv2] [D] [thread 19361] [59.0] [cxt 0] Dropping packet at the end of ingress
