stratum_bmv2 -device_id=1 -chassis_config_file=/tmp/leaf1/chassis-config.txt -forwarding_pipeline_configs_file=/tmp/leaf1/pipe.txt -persistent_config_dir=/tmp/leaf1 -initial_pipeline=/root/dummy.json -cpu_port=255 -external_stratum_urls=0.0.0.0:50001 -local_stratum_url=localhost:46563 -max_num_controllers_per_node=10 -write_req_log_file=/tmp/leaf1/write-reqs.txt -logtosyslog=false -logtostderr=true -bmv2_log_level=warn

--------------------------------------------------------------------------------

E1023 15:36:23.008186   141 main.cc:121] Starting bmv2 simple_switch and waiting for P4 pipeline
W1023 15:36:23.041883   141 credentials_manager.cc:45] Using insecure server credentials
I1023 15:36:23.051038   141 timer_daemon.cc:90] The timer daemon has been started.
I1023 15:36:23.051127   141 hal.cc:128] Setting up HAL in COLDBOOT mode...
I1023 15:36:23.053632   141 config_monitoring_service.cc:90] Pushing the saved chassis config read from /tmp/leaf1/chassis-config.txt...
I1023 15:36:23.090931   141 bmv2_chassis_manager.cc:476] Registered port status callbacks successfully for node 1.
I1023 15:36:23.091097   141 bmv2_chassis_manager.cc:61] Adding port 1 to node 1
I1023 15:36:23.139959   141 bmv2_chassis_manager.cc:61] Adding port 2 to node 1
I1023 15:36:23.170843   141 bmv2_chassis_manager.cc:61] Adding port 3 to node 1
I1023 15:36:23.216943   141 bmv2_chassis_manager.cc:61] Adding port 4 to node 1
I1023 15:36:23.259557   141 bmv2_chassis_manager.cc:61] Adding port 5 to node 1
I1023 15:36:23.290815   141 bmv2_chassis_manager.cc:61] Adding port 6 to node 1
I1023 15:36:23.331987   212 bmv2_chassis_manager.cc:409] State of port 1 in node 1: UP.
I1023 15:36:23.332989   212 bmv2_chassis_manager.cc:409] State of port 2 in node 1: UP.
I1023 15:36:23.333020   212 bmv2_chassis_manager.cc:409] State of port 3 in node 1: UP.
I1023 15:36:23.333031   212 bmv2_chassis_manager.cc:409] State of port 4 in node 1: UP.
I1023 15:36:23.340056   141 p4_service.cc:119] Pushing the saved forwarding pipeline configs read from /tmp/leaf1/pipe.txt...
E1023 15:36:23.340133   141 utils.cc:109] StratumErrorSpace::ERR_FILE_NOT_FOUND: /tmp/leaf1/pipe.txt not found.
E1023 15:36:23.340402   141 utils.cc:65] Return Error: ReadFileToString(filename, &text) failed with StratumErrorSpace::ERR_FILE_NOT_FOUND: /tmp/leaf1/pipe.txt not found.
W1023 15:36:23.340415   141 p4_service.cc:128] No saved forwarding pipeline config found at /tmp/leaf1/pipe.txt. This is normal when the switch is just installed and no master controller is connected yet.
E1023 15:36:23.341338540     141 server_chttp2.cc:40]        {"created":"@1698075383.341299902","description":"Only 1 addresses added out of total 2 resolved","file":"external/com_github_grpc_grpc/src/core/ext/transport/chttp2/server/chttp2_server.cc","file_line":406,"referenced_errors":[{"created":"@1698075383.341296977","description":"Address family not supported by protocol","errno":97,"file":"external/com_github_grpc_grpc/src/core/lib/iomgr/socket_utils_common_posix.cc","file_line":420,"os_error":"Address family not supported by protocol","syscall":"socket","target_address":"[::1]:46563"}]}
E1023 15:36:23.341521   141 hal.cc:223] Stratum external facing services are listening to 0.0.0.0:50001, localhost:46563...
I1023 15:36:23.460702   212 bmv2_chassis_manager.cc:409] State of port 5 in node 1: UP.
I1023 15:36:23.461274   212 bmv2_chassis_manager.cc:409] State of port 6 in node 1: UP.
I1023 15:37:40.133008   229 p4_service.cc:696] Controller (connection_id: 1, election_id: 20, uri: ipv4:172.27.0.3:47106) is connected as MASTER for node (aka device) with ID 1.
I1023 15:37:40.203753   229 p4_service.cc:696] Controller (connection_id: 1, election_id: 40, uri: ipv4:172.27.0.3:47106) is connected as MASTER for node (aka device) with ID 1.
I1023 15:37:40.650943   244 bmv2_switch.cc:74] P4-based forwarding pipeline config pushed successfully to node with ID 1.
E1023 15:37:40.970605   235 bmv2_switch.cc:189] StratumErrorSpace::ERR_INTERNAL: Not supported yet
E1023 15:37:40.970700   235 bmv2_switch.cc:189] StratumErrorSpace::ERR_INTERNAL: Not supported yet
E1023 15:37:40.971477   235 bmv2_switch.cc:189] StratumErrorSpace::ERR_INTERNAL: Not supported yet
E1023 15:37:40.971539   235 bmv2_switch.cc:189] StratumErrorSpace::ERR_INTERNAL: Not supported yet
E1023 15:37:40.971655   235 bmv2_switch.cc:189] StratumErrorSpace::ERR_INTERNAL: Not supported yet
E1023 15:37:40.972072   235 bmv2_switch.cc:189] StratumErrorSpace::ERR_INTERNAL: Not supported yet
E1023 15:37:40.972136   235 bmv2_switch.cc:189] StratumErrorSpace::ERR_INTERNAL: Not supported yet
E1023 15:37:40.972884   235 bmv2_switch.cc:189] StratumErrorSpace::ERR_INTERNAL: Not supported yet
E1023 15:37:40.972942   235 bmv2_switch.cc:189] StratumErrorSpace::ERR_INTERNAL: Not supported yet
E1023 15:37:40.973062   235 bmv2_switch.cc:189] StratumErrorSpace::ERR_INTERNAL: Not supported yet
E1023 15:37:40.973480   235 bmv2_switch.cc:189] StratumErrorSpace::ERR_INTERNAL: Not supported yet
E1023 15:37:40.974275   235 bmv2_switch.cc:189] StratumErrorSpace::ERR_INTERNAL: Not supported yet
E1023 15:37:40.979002   235 bmv2_switch.cc:189] StratumErrorSpace::ERR_INTERNAL: Not supported yet
E1023 15:37:40.979627   235 bmv2_switch.cc:189] StratumErrorSpace::ERR_INTERNAL: Not supported yet
E1023 15:37:40.981333   235 bmv2_switch.cc:189] StratumErrorSpace::ERR_INTERNAL: Not supported yet
E1023 15:37:40.983929   235 bmv2_switch.cc:189] StratumErrorSpace::ERR_INTERNAL: Not supported yet
E1023 15:37:40.984251   235 bmv2_switch.cc:189] StratumErrorSpace::ERR_INTERNAL: Not supported yet
E1023 15:37:40.985311   235 bmv2_switch.cc:189] StratumErrorSpace::ERR_INTERNAL: Not supported yet
E1023 15:37:40.985496   235 bmv2_switch.cc:189] StratumErrorSpace::ERR_INTERNAL: Not supported yet
E1023 15:37:40.985625   235 bmv2_switch.cc:189] StratumErrorSpace::ERR_INTERNAL: Not supported yet
E1023 15:37:40.986030   235 bmv2_switch.cc:189] StratumErrorSpace::ERR_INTERNAL: Not supported yet
E1023 15:37:40.986367   235 bmv2_switch.cc:189] StratumErrorSpace::ERR_INTERNAL: Not supported yet
E1023 15:37:40.987462   235 bmv2_switch.cc:189] StratumErrorSpace::ERR_INTERNAL: Not supported yet
E1023 15:37:40.988091   235 bmv2_switch.cc:189] StratumErrorSpace::ERR_INTERNAL: Not supported yet
E1023 15:37:40.988334   235 bmv2_switch.cc:189] StratumErrorSpace::ERR_INTERNAL: Not supported yet
E1023 15:37:40.988783   235 bmv2_switch.cc:189] StratumErrorSpace::ERR_INTERNAL: Not supported yet
E1023 15:37:40.989598   235 bmv2_switch.cc:189] StratumErrorSpace::ERR_INTERNAL: Not supported yet
E1023 15:37:40.990862   235 bmv2_switch.cc:189] StratumErrorSpace::ERR_INTERNAL: Not supported yet
E1023 15:37:40.991057   235 bmv2_switch.cc:189] StratumErrorSpace::ERR_INTERNAL: Not supported yet
E1023 15:37:40.992698   235 bmv2_switch.cc:189] StratumErrorSpace::ERR_INTERNAL: Not supported yet
I1023 15:37:41.206923   229 p4_service.cc:696] Controller (connection_id: 1, election_id: 40, uri: ipv4:172.27.0.3:47106) is connected as MASTER for node (aka device) with ID 1.
I1023 15:37:41.942106   235 config_monitoring_service.cc:377] Initial Subscribe request from ipv4:172.27.0.3:47108 over stream 0x7f918d5e7510.
[15:37:42.433] [bmv2] [E] [thread 255] [P4Runtime] Clone session id already exists
E1023 15:37:42.434948   255 p4_service.cc:270] Failed to write forwarding entries to node 1: 
[15:37:42.770] [bmv2] [E] [thread 244] [P4Runtime] Clone session id already exists
E1023 15:37:42.770814   244 p4_service.cc:270] Failed to write forwarding entries to node 1: 
[15:37:42.911] [bmv2] [E] [thread 244] [P4Runtime] Clone session id already exists
E1023 15:37:42.912123   244 p4_service.cc:270] Failed to write forwarding entries to node 1: 
I1023 15:47:11.027727   212 bmv2_chassis_manager.cc:409] State of port 2 in node 1: DOWN.
I1023 15:49:25.961577   212 bmv2_chassis_manager.cc:409] State of port 2 in node 1: UP.
