Calling target program-options parser
[09:53:33.438] [bmv2] [D] [thread 5634] Set default default entry for table 'MyIngress.ipv4_lpm': MyIngress.drop - 
[09:53:33.438] [bmv2] [D] [thread 5634] Set default default entry for table 'MyIngress.myTunnel_exact': MyIngress.drop - 
Adding interface s1-eth1 as port 1
[09:53:33.439] [bmv2] [D] [thread 5634] Adding interface s1-eth1 as port 1
Adding interface s1-eth2 as port 2
[09:53:33.476] [bmv2] [D] [thread 5634] Adding interface s1-eth2 as port 2
Server listening on 0.0.0.0:50051
[09:53:33.511] [bmv2] [I] [thread 5634] Starting Thrift server on port 9090
[09:53:33.511] [bmv2] [I] [thread 5634] Thrift server was started
[09:53:33.677] [bmv2] [D] [thread 5646] [0.0] [cxt 0] Processing packet received on port 1
[09:53:33.677] [bmv2] [D] [thread 5646] [0.0] [cxt 0] Parser 'parser': start
[09:53:33.677] [bmv2] [D] [thread 5646] [0.0] [cxt 0] Parser 'parser' entering state 'start'
[09:53:33.677] [bmv2] [D] [thread 5646] [0.0] [cxt 0] Extracting header 'ethernet'
[09:53:33.677] [bmv2] [D] [thread 5646] [0.0] [cxt 0] Parser state 'start': key is 86dd
[09:53:33.677] [bmv2] [T] [thread 5646] [0.0] [cxt 0] Bytes parsed: 14
[09:53:33.677] [bmv2] [D] [thread 5646] [0.0] [cxt 0] Parser 'parser': end
[09:53:33.677] [bmv2] [D] [thread 5646] [0.0] [cxt 0] Pipeline 'ingress': start
[09:53:33.677] [bmv2] [T] [thread 5646] [0.0] [cxt 0] basic_tunnel.p4(152) Condition "hdr.ipv4.isValid() && !hdr.myTunnel.isValid()" (node_2) is false
[09:53:33.677] [bmv2] [T] [thread 5646] [0.0] [cxt 0] basic_tunnel.p4(155) Condition "hdr.myTunnel.isValid()" (node_4) is false
[09:53:33.677] [bmv2] [D] [thread 5646] [0.0] [cxt 0] Pipeline 'ingress': end
[09:53:33.677] [bmv2] [D] [thread 5646] [0.0] [cxt 0] Egress port is 0
[09:53:33.677] [bmv2] [D] [thread 5646] [1.0] [cxt 0] Processing packet received on port 1
[09:53:33.677] [bmv2] [D] [thread 5646] [1.0] [cxt 0] Parser 'parser': start
[09:53:33.677] [bmv2] [D] [thread 5646] [1.0] [cxt 0] Parser 'parser' entering state 'start'
[09:53:33.677] [bmv2] [D] [thread 5646] [1.0] [cxt 0] Extracting header 'ethernet'
[09:53:33.677] [bmv2] [D] [thread 5646] [1.0] [cxt 0] Parser state 'start': key is 86dd
[09:53:33.677] [bmv2] [T] [thread 5646] [1.0] [cxt 0] Bytes parsed: 14
[09:53:33.677] [bmv2] [D] [thread 5646] [1.0] [cxt 0] Parser 'parser': end
[09:53:33.677] [bmv2] [D] [thread 5646] [1.0] [cxt 0] Pipeline 'ingress': start
[09:53:33.677] [bmv2] [T] [thread 5646] [1.0] [cxt 0] basic_tunnel.p4(152) Condition "hdr.ipv4.isValid() && !hdr.myTunnel.isValid()" (node_2) is false
[09:53:33.677] [bmv2] [T] [thread 5646] [1.0] [cxt 0] basic_tunnel.p4(155) Condition "hdr.myTunnel.isValid()" (node_4) is false
[09:53:33.677] [bmv2] [D] [thread 5646] [1.0] [cxt 0] Pipeline 'ingress': end
[09:53:33.677] [bmv2] [D] [thread 5646] [1.0] [cxt 0] Egress port is 0
[09:53:33.677] [bmv2] [D] [thread 5647] [0.0] [cxt 0] Pipeline 'egress': start
[09:53:33.677] [bmv2] [D] [thread 5647] [0.0] [cxt 0] Pipeline 'egress': end
[09:53:33.677] [bmv2] [D] [thread 5647] [0.0] [cxt 0] Deparser 'deparser': start
[09:53:33.677] [bmv2] [T] [thread 5647] [0.0] [cxt 0] Skipping checksum 'cksum' update because condition not met
[09:53:33.678] [bmv2] [D] [thread 5647] [0.0] [cxt 0] Deparsing header 'ethernet'
[09:53:33.678] [bmv2] [D] [thread 5647] [0.0] [cxt 0] Deparser 'deparser': end
[09:53:33.678] [bmv2] [D] [thread 5647] [1.0] [cxt 0] Pipeline 'egress': start
[09:53:33.678] [bmv2] [D] [thread 5647] [1.0] [cxt 0] Pipeline 'egress': end
[09:53:33.678] [bmv2] [D] [thread 5647] [1.0] [cxt 0] Deparser 'deparser': start
[09:53:33.678] [bmv2] [T] [thread 5647] [1.0] [cxt 0] Skipping checksum 'cksum' update because condition not met
[09:53:33.678] [bmv2] [D] [thread 5647] [1.0] [cxt 0] Deparsing header 'ethernet'
[09:53:33.678] [bmv2] [D] [thread 5647] [1.0] [cxt 0] Deparser 'deparser': end
[09:53:33.678] [bmv2] [D] [thread 5651] [0.0] [cxt 0] Transmitting packet of size 90 out of port 0
[09:53:33.678] [bmv2] [D] [thread 5651] [1.0] [cxt 0] Transmitting packet of size 86 out of port 0
[09:53:33.715] [bmv2] [D] [thread 5646] [2.0] [cxt 0] Processing packet received on port 2
[09:53:33.715] [bmv2] [D] [thread 5646] [2.0] [cxt 0] Parser 'parser': start
[09:53:33.715] [bmv2] [D] [thread 5646] [2.0] [cxt 0] Parser 'parser' entering state 'start'
[09:53:33.715] [bmv2] [D] [thread 5646] [2.0] [cxt 0] Extracting header 'ethernet'
[09:53:33.715] [bmv2] [D] [thread 5646] [2.0] [cxt 0] Parser state 'start': key is 86dd
[09:53:33.715] [bmv2] [T] [thread 5646] [2.0] [cxt 0] Bytes parsed: 14
[09:53:33.715] [bmv2] [D] [thread 5646] [2.0] [cxt 0] Parser 'parser': end
[09:53:33.715] [bmv2] [D] [thread 5646] [2.0] [cxt 0] Pipeline 'ingress': start
[09:53:33.715] [bmv2] [T] [thread 5646] [2.0] [cxt 0] basic_tunnel.p4(152) Condition "hdr.ipv4.isValid() && !hdr.myTunnel.isValid()" (node_2) is false
[09:53:33.715] [bmv2] [T] [thread 5646] [2.0] [cxt 0] basic_tunnel.p4(155) Condition "hdr.myTunnel.isValid()" (node_4) is false
[09:53:33.715] [bmv2] [D] [thread 5646] [2.0] [cxt 0] Pipeline 'ingress': end
[09:53:33.715] [bmv2] [D] [thread 5646] [2.0] [cxt 0] Egress port is 0
[09:53:33.715] [bmv2] [D] [thread 5647] [2.0] [cxt 0] Pipeline 'egress': start
[09:53:33.715] [bmv2] [D] [thread 5647] [2.0] [cxt 0] Pipeline 'egress': end
[09:53:33.715] [bmv2] [D] [thread 5647] [2.0] [cxt 0] Deparser 'deparser': start
[09:53:33.715] [bmv2] [T] [thread 5647] [2.0] [cxt 0] Skipping checksum 'cksum' update because condition not met
[09:53:33.715] [bmv2] [D] [thread 5647] [2.0] [cxt 0] Deparsing header 'ethernet'
[09:53:33.715] [bmv2] [D] [thread 5647] [2.0] [cxt 0] Deparser 'deparser': end
[09:53:33.715] [bmv2] [D] [thread 5651] [2.0] [cxt 0] Transmitting packet of size 86 out of port 0
[09:53:34.706] [bmv2] [D] [thread 5646] [3.0] [cxt 0] Processing packet received on port 1
[09:53:34.706] [bmv2] [D] [thread 5646] [3.0] [cxt 0] Parser 'parser': start
[09:53:34.706] [bmv2] [D] [thread 5646] [3.0] [cxt 0] Parser 'parser' entering state 'start'
[09:53:34.706] [bmv2] [D] [thread 5646] [3.0] [cxt 0] Extracting header 'ethernet'
[09:53:34.706] [bmv2] [D] [thread 5646] [3.0] [cxt 0] Parser state 'start': key is 86dd
[09:53:34.706] [bmv2] [T] [thread 5646] [3.0] [cxt 0] Bytes parsed: 14
[09:53:34.706] [bmv2] [D] [thread 5646] [3.0] [cxt 0] Parser 'parser': end
[09:53:34.706] [bmv2] [D] [thread 5646] [3.0] [cxt 0] Pipeline 'ingress': start
[09:53:34.706] [bmv2] [T] [thread 5646] [3.0] [cxt 0] basic_tunnel.p4(152) Condition "hdr.ipv4.isValid() && !hdr.myTunnel.isValid()" (node_2) is false
[09:53:34.706] [bmv2] [T] [thread 5646] [3.0] [cxt 0] basic_tunnel.p4(155) Condition "hdr.myTunnel.isValid()" (node_4) is false
[09:53:34.706] [bmv2] [D] [thread 5646] [3.0] [cxt 0] Pipeline 'ingress': end
[09:53:34.706] [bmv2] [D] [thread 5646] [3.0] [cxt 0] Egress port is 0
[09:53:34.706] [bmv2] [D] [thread 5646] [4.0] [cxt 0] Processing packet received on port 1
[09:53:34.706] [bmv2] [D] [thread 5646] [4.0] [cxt 0] Parser 'parser': start
[09:53:34.706] [bmv2] [D] [thread 5646] [4.0] [cxt 0] Parser 'parser' entering state 'start'
[09:53:34.706] [bmv2] [D] [thread 5646] [4.0] [cxt 0] Extracting header 'ethernet'
[09:53:34.706] [bmv2] [D] [thread 5646] [4.0] [cxt 0] Parser state 'start': key is 86dd
[09:53:34.706] [bmv2] [T] [thread 5646] [4.0] [cxt 0] Bytes parsed: 14
[09:53:34.706] [bmv2] [D] [thread 5646] [4.0] [cxt 0] Parser 'parser': end
[09:53:34.706] [bmv2] [D] [thread 5646] [4.0] [cxt 0] Pipeline 'ingress': start
[09:53:34.706] [bmv2] [T] [thread 5646] [4.0] [cxt 0] basic_tunnel.p4(152) Condition "hdr.ipv4.isValid() && !hdr.myTunnel.isValid()" (node_2) is false
[09:53:34.706] [bmv2] [T] [thread 5646] [4.0] [cxt 0] basic_tunnel.p4(155) Condition "hdr.myTunnel.isValid()" (node_4) is false
[09:53:34.706] [bmv2] [D] [thread 5646] [4.0] [cxt 0] Pipeline 'ingress': end
[09:53:34.706] [bmv2] [D] [thread 5646] [4.0] [cxt 0] Egress port is 0
[09:53:34.706] [bmv2] [D] [thread 5647] [3.0] [cxt 0] Pipeline 'egress': start
[09:53:34.706] [bmv2] [D] [thread 5647] [3.0] [cxt 0] Pipeline 'egress': end
[09:53:34.706] [bmv2] [D] [thread 5647] [3.0] [cxt 0] Deparser 'deparser': start
[09:53:34.706] [bmv2] [T] [thread 5647] [3.0] [cxt 0] Skipping checksum 'cksum' update because condition not met
[09:53:34.706] [bmv2] [D] [thread 5647] [3.0] [cxt 0] Deparsing header 'ethernet'
[09:53:34.707] [bmv2] [D] [thread 5647] [3.0] [cxt 0] Deparser 'deparser': end
[09:53:34.707] [bmv2] [D] [thread 5647] [4.0] [cxt 0] Pipeline 'egress': start
[09:53:34.707] [bmv2] [D] [thread 5647] [4.0] [cxt 0] Pipeline 'egress': end
[09:53:34.707] [bmv2] [D] [thread 5647] [4.0] [cxt 0] Deparser 'deparser': start
[09:53:34.707] [bmv2] [T] [thread 5647] [4.0] [cxt 0] Skipping checksum 'cksum' update because condition not met
[09:53:34.707] [bmv2] [D] [thread 5647] [4.0] [cxt 0] Deparsing header 'ethernet'
[09:53:34.707] [bmv2] [D] [thread 5647] [4.0] [cxt 0] Deparser 'deparser': end
[09:53:34.707] [bmv2] [D] [thread 5651] [3.0] [cxt 0] Transmitting packet of size 90 out of port 0
[09:53:34.707] [bmv2] [D] [thread 5651] [4.0] [cxt 0] Transmitting packet of size 70 out of port 0
[09:53:34.719] [bmv2] [D] [thread 5646] [5.0] [cxt 0] Processing packet received on port 1
[09:53:34.719] [bmv2] [D] [thread 5646] [5.0] [cxt 0] Parser 'parser': start
[09:53:34.719] [bmv2] [D] [thread 5646] [5.0] [cxt 0] Parser 'parser' entering state 'start'
[09:53:34.719] [bmv2] [D] [thread 5646] [5.0] [cxt 0] Extracting header 'ethernet'
[09:53:34.719] [bmv2] [D] [thread 5646] [5.0] [cxt 0] Parser state 'start': key is 86dd
[09:53:34.719] [bmv2] [T] [thread 5646] [5.0] [cxt 0] Bytes parsed: 14
[09:53:34.719] [bmv2] [D] [thread 5646] [5.0] [cxt 0] Parser 'parser': end
[09:53:34.719] [bmv2] [D] [thread 5646] [5.0] [cxt 0] Pipeline 'ingress': start
[09:53:34.720] [bmv2] [T] [thread 5646] [5.0] [cxt 0] basic_tunnel.p4(152) Condition "hdr.ipv4.isValid() && !hdr.myTunnel.isValid()" (node_2) is false
[09:53:34.720] [bmv2] [T] [thread 5646] [5.0] [cxt 0] basic_tunnel.p4(155) Condition "hdr.myTunnel.isValid()" (node_4) is false
[09:53:34.720] [bmv2] [D] [thread 5646] [5.0] [cxt 0] Pipeline 'ingress': end
[09:53:34.720] [bmv2] [D] [thread 5646] [5.0] [cxt 0] Egress port is 0
[09:53:34.720] [bmv2] [D] [thread 5647] [5.0] [cxt 0] Pipeline 'egress': start
[09:53:34.720] [bmv2] [D] [thread 5647] [5.0] [cxt 0] Pipeline 'egress': end
[09:53:34.720] [bmv2] [D] [thread 5647] [5.0] [cxt 0] Deparser 'deparser': start
[09:53:34.720] [bmv2] [T] [thread 5647] [5.0] [cxt 0] Skipping checksum 'cksum' update because condition not met
[09:53:34.720] [bmv2] [D] [thread 5647] [5.0] [cxt 0] Deparsing header 'ethernet'
[09:53:34.720] [bmv2] [D] [thread 5647] [5.0] [cxt 0] Deparser 'deparser': end
[09:53:34.720] [bmv2] [D] [thread 5651] [5.0] [cxt 0] Transmitting packet of size 90 out of port 0
[09:53:34.738] [bmv2] [D] [thread 5646] [6.0] [cxt 0] Processing packet received on port 2
[09:53:34.738] [bmv2] [D] [thread 5646] [6.0] [cxt 0] Parser 'parser': start
[09:53:34.738] [bmv2] [D] [thread 5646] [6.0] [cxt 0] Parser 'parser' entering state 'start'
[09:53:34.738] [bmv2] [D] [thread 5646] [6.0] [cxt 0] Extracting header 'ethernet'
[09:53:34.738] [bmv2] [D] [thread 5646] [6.0] [cxt 0] Parser state 'start': key is 86dd
[09:53:34.738] [bmv2] [T] [thread 5646] [6.0] [cxt 0] Bytes parsed: 14
[09:53:34.738] [bmv2] [D] [thread 5646] [6.0] [cxt 0] Parser 'parser': end
[09:53:34.738] [bmv2] [D] [thread 5646] [6.0] [cxt 0] Pipeline 'ingress': start
[09:53:34.738] [bmv2] [T] [thread 5646] [6.0] [cxt 0] basic_tunnel.p4(152) Condition "hdr.ipv4.isValid() && !hdr.myTunnel.isValid()" (node_2) is false
[09:53:34.738] [bmv2] [T] [thread 5646] [6.0] [cxt 0] basic_tunnel.p4(155) Condition "hdr.myTunnel.isValid()" (node_4) is false
[09:53:34.738] [bmv2] [D] [thread 5646] [6.0] [cxt 0] Pipeline 'ingress': end
[09:53:34.738] [bmv2] [D] [thread 5646] [6.0] [cxt 0] Egress port is 0
[09:53:34.738] [bmv2] [D] [thread 5646] [7.0] [cxt 0] Processing packet received on port 2
[09:53:34.738] [bmv2] [D] [thread 5646] [7.0] [cxt 0] Parser 'parser': start
[09:53:34.738] [bmv2] [D] [thread 5646] [7.0] [cxt 0] Parser 'parser' entering state 'start'
[09:53:34.738] [bmv2] [D] [thread 5646] [7.0] [cxt 0] Extracting header 'ethernet'
[09:53:34.738] [bmv2] [D] [thread 5646] [7.0] [cxt 0] Parser state 'start': key is 86dd
[09:53:34.738] [bmv2] [T] [thread 5646] [7.0] [cxt 0] Bytes parsed: 14
[09:53:34.738] [bmv2] [D] [thread 5646] [7.0] [cxt 0] Parser 'parser': end
[09:53:34.738] [bmv2] [D] [thread 5646] [7.0] [cxt 0] Pipeline 'ingress': start
[09:53:34.738] [bmv2] [T] [thread 5646] [7.0] [cxt 0] basic_tunnel.p4(152) Condition "hdr.ipv4.isValid() && !hdr.myTunnel.isValid()" (node_2) is false
[09:53:34.738] [bmv2] [T] [thread 5646] [7.0] [cxt 0] basic_tunnel.p4(155) Condition "hdr.myTunnel.isValid()" (node_4) is false
[09:53:34.738] [bmv2] [D] [thread 5646] [7.0] [cxt 0] Pipeline 'ingress': end
[09:53:34.738] [bmv2] [D] [thread 5646] [7.0] [cxt 0] Egress port is 0
[09:53:34.738] [bmv2] [D] [thread 5647] [6.0] [cxt 0] Pipeline 'egress': start
[09:53:34.738] [bmv2] [D] [thread 5647] [6.0] [cxt 0] Pipeline 'egress': end
[09:53:34.738] [bmv2] [D] [thread 5647] [6.0] [cxt 0] Deparser 'deparser': start
[09:53:34.738] [bmv2] [T] [thread 5647] [6.0] [cxt 0] Skipping checksum 'cksum' update because condition not met
[09:53:34.738] [bmv2] [D] [thread 5647] [6.0] [cxt 0] Deparsing header 'ethernet'
[09:53:34.738] [bmv2] [D] [thread 5647] [6.0] [cxt 0] Deparser 'deparser': end
[09:53:34.738] [bmv2] [D] [thread 5647] [7.0] [cxt 0] Pipeline 'egress': start
[09:53:34.738] [bmv2] [D] [thread 5647] [7.0] [cxt 0] Pipeline 'egress': end
[09:53:34.738] [bmv2] [D] [thread 5647] [7.0] [cxt 0] Deparser 'deparser': start
[09:53:34.738] [bmv2] [T] [thread 5647] [7.0] [cxt 0] Skipping checksum 'cksum' update because condition not met
[09:53:34.738] [bmv2] [D] [thread 5647] [7.0] [cxt 0] Deparsing header 'ethernet'
[09:53:34.738] [bmv2] [D] [thread 5647] [7.0] [cxt 0] Deparser 'deparser': end
[09:53:34.738] [bmv2] [D] [thread 5651] [6.0] [cxt 0] Transmitting packet of size 90 out of port 0
[09:53:34.738] [bmv2] [D] [thread 5651] [7.0] [cxt 0] Transmitting packet of size 70 out of port 0
[09:53:34.746] [bmv2] [D] [thread 5646] [8.0] [cxt 0] Processing packet received on port 2
[09:53:34.746] [bmv2] [D] [thread 5646] [8.0] [cxt 0] Parser 'parser': start
[09:53:34.746] [bmv2] [D] [thread 5646] [8.0] [cxt 0] Parser 'parser' entering state 'start'
[09:53:34.746] [bmv2] [D] [thread 5646] [8.0] [cxt 0] Extracting header 'ethernet'
[09:53:34.746] [bmv2] [D] [thread 5646] [8.0] [cxt 0] Parser state 'start': key is 86dd
[09:53:34.746] [bmv2] [T] [thread 5646] [8.0] [cxt 0] Bytes parsed: 14
[09:53:34.746] [bmv2] [D] [thread 5646] [8.0] [cxt 0] Parser 'parser': end
[09:53:34.746] [bmv2] [D] [thread 5646] [8.0] [cxt 0] Pipeline 'ingress': start
[09:53:34.746] [bmv2] [T] [thread 5646] [8.0] [cxt 0] basic_tunnel.p4(152) Condition "hdr.ipv4.isValid() && !hdr.myTunnel.isValid()" (node_2) is false
[09:53:34.746] [bmv2] [T] [thread 5646] [8.0] [cxt 0] basic_tunnel.p4(155) Condition "hdr.myTunnel.isValid()" (node_4) is false
[09:53:34.746] [bmv2] [D] [thread 5646] [8.0] [cxt 0] Pipeline 'ingress': end
[09:53:34.746] [bmv2] [D] [thread 5646] [8.0] [cxt 0] Egress port is 0
[09:53:34.746] [bmv2] [D] [thread 5647] [8.0] [cxt 0] Pipeline 'egress': start
[09:53:34.746] [bmv2] [D] [thread 5647] [8.0] [cxt 0] Pipeline 'egress': end
[09:53:34.746] [bmv2] [D] [thread 5647] [8.0] [cxt 0] Deparser 'deparser': start
[09:53:34.746] [bmv2] [T] [thread 5647] [8.0] [cxt 0] Skipping checksum 'cksum' update because condition not met
[09:53:34.746] [bmv2] [D] [thread 5647] [8.0] [cxt 0] Deparsing header 'ethernet'
[09:53:34.746] [bmv2] [D] [thread 5647] [8.0] [cxt 0] Deparser 'deparser': end
[09:53:34.746] [bmv2] [D] [thread 5651] [8.0] [cxt 0] Transmitting packet of size 90 out of port 0
[09:53:34.781] [bmv2] [D] [thread 5646] [9.0] [cxt 0] Processing packet received on port 1
[09:53:34.781] [bmv2] [D] [thread 5646] [9.0] [cxt 0] Parser 'parser': start
[09:53:34.781] [bmv2] [D] [thread 5646] [9.0] [cxt 0] Parser 'parser' entering state 'start'
[09:53:34.781] [bmv2] [D] [thread 5646] [9.0] [cxt 0] Extracting header 'ethernet'
[09:53:34.781] [bmv2] [D] [thread 5646] [9.0] [cxt 0] Parser state 'start': key is 86dd
[09:53:34.781] [bmv2] [T] [thread 5646] [9.0] [cxt 0] Bytes parsed: 14
[09:53:34.781] [bmv2] [D] [thread 5646] [9.0] [cxt 0] Parser 'parser': end
[09:53:34.781] [bmv2] [D] [thread 5646] [9.0] [cxt 0] Pipeline 'ingress': start
[09:53:34.781] [bmv2] [T] [thread 5646] [9.0] [cxt 0] basic_tunnel.p4(152) Condition "hdr.ipv4.isValid() && !hdr.myTunnel.isValid()" (node_2) is false
[09:53:34.781] [bmv2] [T] [thread 5646] [9.0] [cxt 0] basic_tunnel.p4(155) Condition "hdr.myTunnel.isValid()" (node_4) is false
[09:53:34.781] [bmv2] [D] [thread 5646] [9.0] [cxt 0] Pipeline 'ingress': end
[09:53:34.781] [bmv2] [D] [thread 5646] [9.0] [cxt 0] Egress port is 0
[09:53:34.781] [bmv2] [D] [thread 5647] [9.0] [cxt 0] Pipeline 'egress': start
[09:53:34.781] [bmv2] [D] [thread 5647] [9.0] [cxt 0] Pipeline 'egress': end
[09:53:34.781] [bmv2] [D] [thread 5647] [9.0] [cxt 0] Deparser 'deparser': start
[09:53:34.781] [bmv2] [T] [thread 5647] [9.0] [cxt 0] Skipping checksum 'cksum' update because condition not met
[09:53:34.781] [bmv2] [D] [thread 5647] [9.0] [cxt 0] Deparsing header 'ethernet'
[09:53:34.781] [bmv2] [D] [thread 5647] [9.0] [cxt 0] Deparser 'deparser': end
[09:53:34.781] [bmv2] [D] [thread 5651] [9.0] [cxt 0] Transmitting packet of size 208 out of port 0
[09:53:34.812] [bmv2] [D] [thread 5646] [10.0] [cxt 0] Processing packet received on port 2
[09:53:34.813] [bmv2] [D] [thread 5646] [10.0] [cxt 0] Parser 'parser': start
[09:53:34.813] [bmv2] [D] [thread 5646] [10.0] [cxt 0] Parser 'parser' entering state 'start'
[09:53:34.813] [bmv2] [D] [thread 5646] [10.0] [cxt 0] Extracting header 'ethernet'
[09:53:34.813] [bmv2] [D] [thread 5646] [10.0] [cxt 0] Parser state 'start': key is 86dd
[09:53:34.813] [bmv2] [T] [thread 5646] [10.0] [cxt 0] Bytes parsed: 14
[09:53:34.813] [bmv2] [D] [thread 5646] [10.0] [cxt 0] Parser 'parser': end
[09:53:34.813] [bmv2] [D] [thread 5646] [10.0] [cxt 0] Pipeline 'ingress': start
[09:53:34.813] [bmv2] [T] [thread 5646] [10.0] [cxt 0] basic_tunnel.p4(152) Condition "hdr.ipv4.isValid() && !hdr.myTunnel.isValid()" (node_2) is false
[09:53:34.813] [bmv2] [T] [thread 5646] [10.0] [cxt 0] basic_tunnel.p4(155) Condition "hdr.myTunnel.isValid()" (node_4) is false
[09:53:34.813] [bmv2] [D] [thread 5646] [10.0] [cxt 0] Pipeline 'ingress': end
[09:53:34.813] [bmv2] [D] [thread 5646] [10.0] [cxt 0] Egress port is 0
[09:53:34.814] [bmv2] [D] [thread 5647] [10.0] [cxt 0] Pipeline 'egress': start
[09:53:34.814] [bmv2] [D] [thread 5647] [10.0] [cxt 0] Pipeline 'egress': end
[09:53:34.814] [bmv2] [D] [thread 5647] [10.0] [cxt 0] Deparser 'deparser': start
[09:53:34.814] [bmv2] [T] [thread 5647] [10.0] [cxt 0] Skipping checksum 'cksum' update because condition not met
[09:53:34.814] [bmv2] [D] [thread 5647] [10.0] [cxt 0] Deparsing header 'ethernet'
[09:53:34.814] [bmv2] [D] [thread 5647] [10.0] [cxt 0] Deparser 'deparser': end
[09:53:34.814] [bmv2] [D] [thread 5651] [10.0] [cxt 0] Transmitting packet of size 208 out of port 0
[09:53:35.020] [bmv2] [D] [thread 5646] [11.0] [cxt 0] Processing packet received on port 1
[09:53:35.021] [bmv2] [D] [thread 5646] [11.0] [cxt 0] Parser 'parser': start
[09:53:35.021] [bmv2] [D] [thread 5646] [11.0] [cxt 0] Parser 'parser' entering state 'start'
[09:53:35.021] [bmv2] [D] [thread 5646] [11.0] [cxt 0] Extracting header 'ethernet'
[09:53:35.021] [bmv2] [D] [thread 5646] [11.0] [cxt 0] Parser state 'start': key is 86dd
[09:53:35.021] [bmv2] [T] [thread 5646] [11.0] [cxt 0] Bytes parsed: 14
[09:53:35.021] [bmv2] [D] [thread 5646] [11.0] [cxt 0] Parser 'parser': end
[09:53:35.021] [bmv2] [D] [thread 5646] [11.0] [cxt 0] Pipeline 'ingress': start
[09:53:35.021] [bmv2] [T] [thread 5646] [11.0] [cxt 0] basic_tunnel.p4(152) Condition "hdr.ipv4.isValid() && !hdr.myTunnel.isValid()" (node_2) is false
[09:53:35.021] [bmv2] [T] [thread 5646] [11.0] [cxt 0] basic_tunnel.p4(155) Condition "hdr.myTunnel.isValid()" (node_4) is false
[09:53:35.021] [bmv2] [D] [thread 5646] [11.0] [cxt 0] Pipeline 'ingress': end
[09:53:35.021] [bmv2] [D] [thread 5646] [11.0] [cxt 0] Egress port is 0
[09:53:35.022] [bmv2] [D] [thread 5647] [11.0] [cxt 0] Pipeline 'egress': start
[09:53:35.022] [bmv2] [D] [thread 5647] [11.0] [cxt 0] Pipeline 'egress': end
[09:53:35.022] [bmv2] [D] [thread 5647] [11.0] [cxt 0] Deparser 'deparser': start
[09:53:35.022] [bmv2] [T] [thread 5647] [11.0] [cxt 0] Skipping checksum 'cksum' update because condition not met
[09:53:35.022] [bmv2] [D] [thread 5647] [11.0] [cxt 0] Deparsing header 'ethernet'
[09:53:35.022] [bmv2] [D] [thread 5647] [11.0] [cxt 0] Deparser 'deparser': end
[09:53:35.023] [bmv2] [D] [thread 5651] [11.0] [cxt 0] Transmitting packet of size 110 out of port 0
[09:53:35.042] [bmv2] [D] [thread 5646] [12.0] [cxt 0] Processing packet received on port 1
[09:53:35.042] [bmv2] [D] [thread 5646] [12.0] [cxt 0] Parser 'parser': start
[09:53:35.042] [bmv2] [D] [thread 5646] [12.0] [cxt 0] Parser 'parser' entering state 'start'
[09:53:35.042] [bmv2] [D] [thread 5646] [12.0] [cxt 0] Extracting header 'ethernet'
[09:53:35.042] [bmv2] [D] [thread 5646] [12.0] [cxt 0] Parser state 'start': key is 86dd
[09:53:35.042] [bmv2] [T] [thread 5646] [12.0] [cxt 0] Bytes parsed: 14
[09:53:35.042] [bmv2] [D] [thread 5646] [12.0] [cxt 0] Parser 'parser': end
[09:53:35.042] [bmv2] [D] [thread 5646] [12.0] [cxt 0] Pipeline 'ingress': start
[09:53:35.042] [bmv2] [T] [thread 5646] [12.0] [cxt 0] basic_tunnel.p4(152) Condition "hdr.ipv4.isValid() && !hdr.myTunnel.isValid()" (node_2) is false
[09:53:35.042] [bmv2] [T] [thread 5646] [12.0] [cxt 0] basic_tunnel.p4(155) Condition "hdr.myTunnel.isValid()" (node_4) is false
[09:53:35.042] [bmv2] [D] [thread 5646] [12.0] [cxt 0] Pipeline 'ingress': end
[09:53:35.042] [bmv2] [D] [thread 5646] [12.0] [cxt 0] Egress port is 0
[09:53:35.042] [bmv2] [D] [thread 5647] [12.0] [cxt 0] Pipeline 'egress': start
[09:53:35.042] [bmv2] [D] [thread 5647] [12.0] [cxt 0] Pipeline 'egress': end
[09:53:35.042] [bmv2] [D] [thread 5647] [12.0] [cxt 0] Deparser 'deparser': start
[09:53:35.042] [bmv2] [T] [thread 5647] [12.0] [cxt 0] Skipping checksum 'cksum' update because condition not met
[09:53:35.042] [bmv2] [D] [thread 5647] [12.0] [cxt 0] Deparsing header 'ethernet'
[09:53:35.042] [bmv2] [D] [thread 5647] [12.0] [cxt 0] Deparser 'deparser': end
[09:53:35.042] [bmv2] [D] [thread 5651] [12.0] [cxt 0] Transmitting packet of size 208 out of port 0
[09:53:35.062] [bmv2] [D] [thread 5646] [13.0] [cxt 0] Processing packet received on port 2
[09:53:35.062] [bmv2] [D] [thread 5646] [13.0] [cxt 0] Parser 'parser': start
[09:53:35.062] [bmv2] [D] [thread 5646] [13.0] [cxt 0] Parser 'parser' entering state 'start'
[09:53:35.062] [bmv2] [D] [thread 5646] [13.0] [cxt 0] Extracting header 'ethernet'
[09:53:35.062] [bmv2] [D] [thread 5646] [13.0] [cxt 0] Parser state 'start': key is 86dd
[09:53:35.062] [bmv2] [T] [thread 5646] [13.0] [cxt 0] Bytes parsed: 14
[09:53:35.062] [bmv2] [D] [thread 5646] [13.0] [cxt 0] Parser 'parser': end
[09:53:35.062] [bmv2] [D] [thread 5646] [13.0] [cxt 0] Pipeline 'ingress': start
[09:53:35.062] [bmv2] [T] [thread 5646] [13.0] [cxt 0] basic_tunnel.p4(152) Condition "hdr.ipv4.isValid() && !hdr.myTunnel.isValid()" (node_2) is false
[09:53:35.062] [bmv2] [T] [thread 5646] [13.0] [cxt 0] basic_tunnel.p4(155) Condition "hdr.myTunnel.isValid()" (node_4) is false
[09:53:35.062] [bmv2] [D] [thread 5646] [13.0] [cxt 0] Pipeline 'ingress': end
[09:53:35.062] [bmv2] [D] [thread 5646] [13.0] [cxt 0] Egress port is 0
[09:53:35.063] [bmv2] [D] [thread 5647] [13.0] [cxt 0] Pipeline 'egress': start
[09:53:35.063] [bmv2] [D] [thread 5647] [13.0] [cxt 0] Pipeline 'egress': end
[09:53:35.063] [bmv2] [D] [thread 5647] [13.0] [cxt 0] Deparser 'deparser': start
[09:53:35.063] [bmv2] [T] [thread 5647] [13.0] [cxt 0] Skipping checksum 'cksum' update because condition not met
[09:53:35.063] [bmv2] [D] [thread 5647] [13.0] [cxt 0] Deparsing header 'ethernet'
[09:53:35.063] [bmv2] [D] [thread 5647] [13.0] [cxt 0] Deparser 'deparser': end
[09:53:35.064] [bmv2] [D] [thread 5651] [13.0] [cxt 0] Transmitting packet of size 208 out of port 0
[09:53:35.092] [bmv2] [W] [thread 5721] [P4Runtime] p4::tmp::P4DeviceConfig is deprecated
[09:53:35.094] [bmv2] [D] [thread 5721] Set default default entry for table 'MyIngress.ipv4_lpm': MyIngress.drop - 
[09:53:35.094] [bmv2] [D] [thread 5721] Set default default entry for table 'MyIngress.myTunnel_exact': MyIngress.drop - 
[09:53:35.106] [bmv2] [D] [thread 5721] simple_switch target has been notified of a config swap
[09:53:35.117] [bmv2] [D] [thread 5723] Entry 0 added to table 'MyIngress.ipv4_lpm'
[09:53:35.117] [bmv2] [D] [thread 5723] Dumping entry 0
Match key:
* hdr.ipv4.dstAddr    : LPM       0a000101/32
Action entry: MyIngress.ipv4_forward - 80000000111,1,

[09:53:35.130] [bmv2] [D] [thread 5721] Entry 1 added to table 'MyIngress.ipv4_lpm'
[09:53:35.130] [bmv2] [D] [thread 5721] Dumping entry 1
Match key:
* hdr.ipv4.dstAddr    : LPM       0a000102/32
Action entry: MyIngress.ipv4_forward - 80000000122,2,

[09:53:35.137] [bmv2] [D] [thread 5723] Entry 0 added to table 'MyIngress.myTunnel_exact'
[09:53:35.137] [bmv2] [D] [thread 5723] Dumping entry 0
Match key:
* hdr.myTunnel.dst_id : EXACT     0001
Action entry: MyIngress.myTunnel_forward - 1,

[09:53:35.146] [bmv2] [D] [thread 5721] Entry 1 added to table 'MyIngress.myTunnel_exact'
[09:53:35.146] [bmv2] [D] [thread 5721] Dumping entry 1
Match key:
* hdr.myTunnel.dst_id : EXACT     0002
Action entry: MyIngress.myTunnel_forward - 2,

[09:53:35.149] [bmv2] [D] [thread 5646] [14.0] [cxt 0] Processing packet received on port 2
[09:53:35.149] [bmv2] [D] [thread 5646] [14.0] [cxt 0] Parser 'parser': start
[09:53:35.149] [bmv2] [D] [thread 5646] [14.0] [cxt 0] Parser 'parser' entering state 'start'
[09:53:35.149] [bmv2] [D] [thread 5646] [14.0] [cxt 0] Extracting header 'ethernet'
[09:53:35.149] [bmv2] [D] [thread 5646] [14.0] [cxt 0] Parser state 'start': key is 86dd
[09:53:35.149] [bmv2] [T] [thread 5646] [14.0] [cxt 0] Bytes parsed: 14
[09:53:35.149] [bmv2] [D] [thread 5646] [14.0] [cxt 0] Parser 'parser': end
[09:53:35.149] [bmv2] [D] [thread 5646] [14.0] [cxt 0] Pipeline 'ingress': start
[09:53:35.149] [bmv2] [T] [thread 5646] [14.0] [cxt 0] basic_tunnel.p4(152) Condition "hdr.ipv4.isValid() && !hdr.myTunnel.isValid()" (node_2) is false
[09:53:35.149] [bmv2] [T] [thread 5646] [14.0] [cxt 0] basic_tunnel.p4(155) Condition "hdr.myTunnel.isValid()" (node_4) is false
[09:53:35.149] [bmv2] [D] [thread 5646] [14.0] [cxt 0] Pipeline 'ingress': end
[09:53:35.149] [bmv2] [D] [thread 5646] [14.0] [cxt 0] Egress port is 0
[09:53:35.149] [bmv2] [D] [thread 5647] [14.0] [cxt 0] Pipeline 'egress': start
[09:53:35.149] [bmv2] [D] [thread 5647] [14.0] [cxt 0] Pipeline 'egress': end
[09:53:35.149] [bmv2] [D] [thread 5647] [14.0] [cxt 0] Deparser 'deparser': start
[09:53:35.149] [bmv2] [T] [thread 5647] [14.0] [cxt 0] Skipping checksum 'cksum' update because condition not met
[09:53:35.149] [bmv2] [D] [thread 5647] [14.0] [cxt 0] Deparsing header 'ethernet'
[09:53:35.149] [bmv2] [D] [thread 5647] [14.0] [cxt 0] Deparser 'deparser': end
[09:53:35.151] [bmv2] [D] [thread 5651] [14.0] [cxt 0] Transmitting packet of size 110 out of port 0
[09:53:35.244] [bmv2] [D] [thread 5646] [15.0] [cxt 0] Processing packet received on port 2
[09:53:35.244] [bmv2] [D] [thread 5646] [15.0] [cxt 0] Parser 'parser': start
[09:53:35.244] [bmv2] [D] [thread 5646] [15.0] [cxt 0] Parser 'parser' entering state 'start'
[09:53:35.244] [bmv2] [D] [thread 5646] [15.0] [cxt 0] Extracting header 'ethernet'
[09:53:35.244] [bmv2] [D] [thread 5646] [15.0] [cxt 0] Parser state 'start': key is 86dd
[09:53:35.244] [bmv2] [T] [thread 5646] [15.0] [cxt 0] Bytes parsed: 14
[09:53:35.244] [bmv2] [D] [thread 5646] [15.0] [cxt 0] Parser 'parser': end
[09:53:35.244] [bmv2] [D] [thread 5646] [15.0] [cxt 0] Pipeline 'ingress': start
[09:53:35.244] [bmv2] [T] [thread 5646] [15.0] [cxt 0] basic_tunnel.p4(152) Condition "hdr.ipv4.isValid() && !hdr.myTunnel.isValid()" (node_2) is false
[09:53:35.244] [bmv2] [T] [thread 5646] [15.0] [cxt 0] basic_tunnel.p4(155) Condition "hdr.myTunnel.isValid()" (node_4) is false
[09:53:35.244] [bmv2] [D] [thread 5646] [15.0] [cxt 0] Pipeline 'ingress': end
[09:53:35.244] [bmv2] [D] [thread 5646] [15.0] [cxt 0] Egress port is 0
[09:53:35.244] [bmv2] [D] [thread 5647] [15.0] [cxt 0] Pipeline 'egress': start
[09:53:35.245] [bmv2] [D] [thread 5647] [15.0] [cxt 0] Pipeline 'egress': end
[09:53:35.245] [bmv2] [D] [thread 5647] [15.0] [cxt 0] Deparser 'deparser': start
[09:53:35.245] [bmv2] [T] [thread 5647] [15.0] [cxt 0] Skipping checksum 'cksum' update because condition not met
[09:53:35.245] [bmv2] [D] [thread 5647] [15.0] [cxt 0] Deparsing header 'ethernet'
[09:53:35.245] [bmv2] [D] [thread 5647] [15.0] [cxt 0] Deparser 'deparser': end
[09:53:35.245] [bmv2] [D] [thread 5651] [15.0] [cxt 0] Transmitting packet of size 90 out of port 0
[09:53:35.283] [bmv2] [D] [thread 5646] [16.0] [cxt 0] Processing packet received on port 1
[09:53:35.284] [bmv2] [D] [thread 5646] [16.0] [cxt 0] Parser 'parser': start
[09:53:35.284] [bmv2] [D] [thread 5646] [16.0] [cxt 0] Parser 'parser' entering state 'start'
[09:53:35.284] [bmv2] [D] [thread 5646] [16.0] [cxt 0] Extracting header 'ethernet'
[09:53:35.284] [bmv2] [D] [thread 5646] [16.0] [cxt 0] Parser state 'start': key is 86dd
[09:53:35.284] [bmv2] [T] [thread 5646] [16.0] [cxt 0] Bytes parsed: 14
[09:53:35.284] [bmv2] [D] [thread 5646] [16.0] [cxt 0] Parser 'parser': end
[09:53:35.284] [bmv2] [D] [thread 5646] [16.0] [cxt 0] Pipeline 'ingress': start
[09:53:35.284] [bmv2] [T] [thread 5646] [16.0] [cxt 0] basic_tunnel.p4(152) Condition "hdr.ipv4.isValid() && !hdr.myTunnel.isValid()" (node_2) is false
[09:53:35.284] [bmv2] [T] [thread 5646] [16.0] [cxt 0] basic_tunnel.p4(155) Condition "hdr.myTunnel.isValid()" (node_4) is false
[09:53:35.284] [bmv2] [D] [thread 5646] [16.0] [cxt 0] Pipeline 'ingress': end
[09:53:35.284] [bmv2] [D] [thread 5646] [16.0] [cxt 0] Egress port is 0
[09:53:35.284] [bmv2] [D] [thread 5647] [16.0] [cxt 0] Pipeline 'egress': start
[09:53:35.284] [bmv2] [D] [thread 5647] [16.0] [cxt 0] Pipeline 'egress': end
[09:53:35.284] [bmv2] [D] [thread 5647] [16.0] [cxt 0] Deparser 'deparser': start
[09:53:35.284] [bmv2] [T] [thread 5647] [16.0] [cxt 0] Skipping checksum 'cksum' update because condition not met
[09:53:35.284] [bmv2] [D] [thread 5647] [16.0] [cxt 0] Deparsing header 'ethernet'
[09:53:35.284] [bmv2] [D] [thread 5647] [16.0] [cxt 0] Deparser 'deparser': end
[09:53:35.284] [bmv2] [D] [thread 5651] [16.0] [cxt 0] Transmitting packet of size 208 out of port 0
[09:53:35.314] [bmv2] [D] [thread 5646] [17.0] [cxt 0] Processing packet received on port 2
[09:53:35.314] [bmv2] [D] [thread 5646] [17.0] [cxt 0] Parser 'parser': start
[09:53:35.314] [bmv2] [D] [thread 5646] [17.0] [cxt 0] Parser 'parser' entering state 'start'
[09:53:35.314] [bmv2] [D] [thread 5646] [17.0] [cxt 0] Extracting header 'ethernet'
[09:53:35.314] [bmv2] [D] [thread 5646] [17.0] [cxt 0] Parser state 'start': key is 86dd
[09:53:35.314] [bmv2] [T] [thread 5646] [17.0] [cxt 0] Bytes parsed: 14
[09:53:35.314] [bmv2] [D] [thread 5646] [17.0] [cxt 0] Parser 'parser': end
[09:53:35.314] [bmv2] [D] [thread 5646] [17.0] [cxt 0] Pipeline 'ingress': start
[09:53:35.314] [bmv2] [T] [thread 5646] [17.0] [cxt 0] basic_tunnel.p4(152) Condition "hdr.ipv4.isValid() && !hdr.myTunnel.isValid()" (node_2) is false
[09:53:35.314] [bmv2] [T] [thread 5646] [17.0] [cxt 0] basic_tunnel.p4(155) Condition "hdr.myTunnel.isValid()" (node_4) is false
[09:53:35.314] [bmv2] [D] [thread 5646] [17.0] [cxt 0] Pipeline 'ingress': end
[09:53:35.314] [bmv2] [D] [thread 5646] [17.0] [cxt 0] Egress port is 0
[09:53:35.314] [bmv2] [D] [thread 5647] [17.0] [cxt 0] Pipeline 'egress': start
[09:53:35.314] [bmv2] [D] [thread 5647] [17.0] [cxt 0] Pipeline 'egress': end
[09:53:35.314] [bmv2] [D] [thread 5647] [17.0] [cxt 0] Deparser 'deparser': start
[09:53:35.314] [bmv2] [T] [thread 5647] [17.0] [cxt 0] Skipping checksum 'cksum' update because condition not met
[09:53:35.314] [bmv2] [D] [thread 5647] [17.0] [cxt 0] Deparsing header 'ethernet'
[09:53:35.314] [bmv2] [D] [thread 5647] [17.0] [cxt 0] Deparser 'deparser': end
[09:53:35.314] [bmv2] [D] [thread 5651] [17.0] [cxt 0] Transmitting packet of size 208 out of port 0
[09:53:35.415] [bmv2] [D] [thread 5646] [18.0] [cxt 0] Processing packet received on port 1
[09:53:35.415] [bmv2] [D] [thread 5646] [18.0] [cxt 0] Parser 'parser': start
[09:53:35.415] [bmv2] [D] [thread 5646] [18.0] [cxt 0] Parser 'parser' entering state 'start'
[09:53:35.415] [bmv2] [D] [thread 5646] [18.0] [cxt 0] Extracting header 'ethernet'
[09:53:35.415] [bmv2] [D] [thread 5646] [18.0] [cxt 0] Parser state 'start': key is 86dd
[09:53:35.415] [bmv2] [T] [thread 5646] [18.0] [cxt 0] Bytes parsed: 14
[09:53:35.415] [bmv2] [D] [thread 5646] [18.0] [cxt 0] Parser 'parser': end
[09:53:35.415] [bmv2] [D] [thread 5646] [18.0] [cxt 0] Pipeline 'ingress': start
[09:53:35.415] [bmv2] [T] [thread 5646] [18.0] [cxt 0] basic_tunnel.p4(152) Condition "hdr.ipv4.isValid() && !hdr.myTunnel.isValid()" (node_2) is false
[09:53:35.415] [bmv2] [T] [thread 5646] [18.0] [cxt 0] basic_tunnel.p4(155) Condition "hdr.myTunnel.isValid()" (node_4) is false
[09:53:35.415] [bmv2] [D] [thread 5646] [18.0] [cxt 0] Pipeline 'ingress': end
[09:53:35.415] [bmv2] [D] [thread 5646] [18.0] [cxt 0] Egress port is 0
[09:53:35.415] [bmv2] [D] [thread 5647] [18.0] [cxt 0] Pipeline 'egress': start
[09:53:35.415] [bmv2] [D] [thread 5647] [18.0] [cxt 0] Pipeline 'egress': end
[09:53:35.415] [bmv2] [D] [thread 5647] [18.0] [cxt 0] Deparser 'deparser': start
[09:53:35.415] [bmv2] [T] [thread 5647] [18.0] [cxt 0] Skipping checksum 'cksum' update because condition not met
[09:53:35.415] [bmv2] [D] [thread 5647] [18.0] [cxt 0] Deparsing header 'ethernet'
[09:53:35.415] [bmv2] [D] [thread 5647] [18.0] [cxt 0] Deparser 'deparser': end
[09:53:35.415] [bmv2] [D] [thread 5651] [18.0] [cxt 0] Transmitting packet of size 90 out of port 0
[09:53:35.484] [bmv2] [D] [thread 5646] [19.0] [cxt 0] Processing packet received on port 1
[09:53:35.484] [bmv2] [D] [thread 5646] [19.0] [cxt 0] Parser 'parser': start
[09:53:35.484] [bmv2] [D] [thread 5646] [19.0] [cxt 0] Parser 'parser' entering state 'start'
[09:53:35.484] [bmv2] [D] [thread 5646] [19.0] [cxt 0] Extracting header 'ethernet'
[09:53:35.484] [bmv2] [D] [thread 5646] [19.0] [cxt 0] Parser state 'start': key is 86dd
[09:53:35.484] [bmv2] [T] [thread 5646] [19.0] [cxt 0] Bytes parsed: 14
[09:53:35.485] [bmv2] [D] [thread 5646] [19.0] [cxt 0] Parser 'parser': end
[09:53:35.485] [bmv2] [D] [thread 5646] [19.0] [cxt 0] Pipeline 'ingress': start
[09:53:35.485] [bmv2] [T] [thread 5646] [19.0] [cxt 0] basic_tunnel.p4(152) Condition "hdr.ipv4.isValid() && !hdr.myTunnel.isValid()" (node_2) is false
[09:53:35.485] [bmv2] [T] [thread 5646] [19.0] [cxt 0] basic_tunnel.p4(155) Condition "hdr.myTunnel.isValid()" (node_4) is false
[09:53:35.485] [bmv2] [D] [thread 5646] [19.0] [cxt 0] Pipeline 'ingress': end
[09:53:35.485] [bmv2] [D] [thread 5646] [19.0] [cxt 0] Egress port is 0
[09:53:35.485] [bmv2] [D] [thread 5647] [19.0] [cxt 0] Pipeline 'egress': start
[09:53:35.485] [bmv2] [D] [thread 5647] [19.0] [cxt 0] Pipeline 'egress': end
[09:53:35.485] [bmv2] [D] [thread 5647] [19.0] [cxt 0] Deparser 'deparser': start
[09:53:35.485] [bmv2] [T] [thread 5647] [19.0] [cxt 0] Skipping checksum 'cksum' update because condition not met
[09:53:35.485] [bmv2] [D] [thread 5647] [19.0] [cxt 0] Deparsing header 'ethernet'
[09:53:35.485] [bmv2] [D] [thread 5647] [19.0] [cxt 0] Deparser 'deparser': end
[09:53:35.485] [bmv2] [D] [thread 5651] [19.0] [cxt 0] Transmitting packet of size 196 out of port 0
[09:53:35.513] [bmv2] [D] [thread 5646] [20.0] [cxt 0] Processing packet received on port 2
[09:53:35.513] [bmv2] [D] [thread 5646] [20.0] [cxt 0] Parser 'parser': start
[09:53:35.513] [bmv2] [D] [thread 5646] [20.0] [cxt 0] Parser 'parser' entering state 'start'
[09:53:35.513] [bmv2] [D] [thread 5646] [20.0] [cxt 0] Extracting header 'ethernet'
[09:53:35.513] [bmv2] [D] [thread 5646] [20.0] [cxt 0] Parser state 'start': key is 86dd
[09:53:35.513] [bmv2] [T] [thread 5646] [20.0] [cxt 0] Bytes parsed: 14
[09:53:35.513] [bmv2] [D] [thread 5646] [20.0] [cxt 0] Parser 'parser': end
[09:53:35.513] [bmv2] [D] [thread 5646] [20.0] [cxt 0] Pipeline 'ingress': start
[09:53:35.513] [bmv2] [T] [thread 5646] [20.0] [cxt 0] basic_tunnel.p4(152) Condition "hdr.ipv4.isValid() && !hdr.myTunnel.isValid()" (node_2) is false
[09:53:35.513] [bmv2] [T] [thread 5646] [20.0] [cxt 0] basic_tunnel.p4(155) Condition "hdr.myTunnel.isValid()" (node_4) is false
[09:53:35.513] [bmv2] [D] [thread 5646] [20.0] [cxt 0] Pipeline 'ingress': end
[09:53:35.513] [bmv2] [D] [thread 5646] [20.0] [cxt 0] Egress port is 0
[09:53:35.514] [bmv2] [D] [thread 5647] [20.0] [cxt 0] Pipeline 'egress': start
[09:53:35.514] [bmv2] [D] [thread 5647] [20.0] [cxt 0] Pipeline 'egress': end
[09:53:35.514] [bmv2] [D] [thread 5647] [20.0] [cxt 0] Deparser 'deparser': start
[09:53:35.514] [bmv2] [T] [thread 5647] [20.0] [cxt 0] Skipping checksum 'cksum' update because condition not met
[09:53:35.514] [bmv2] [D] [thread 5647] [20.0] [cxt 0] Deparsing header 'ethernet'
[09:53:35.514] [bmv2] [D] [thread 5647] [20.0] [cxt 0] Deparser 'deparser': end
[09:53:35.514] [bmv2] [D] [thread 5651] [20.0] [cxt 0] Transmitting packet of size 196 out of port 0
[09:53:36.512] [bmv2] [D] [thread 5646] [21.0] [cxt 0] Processing packet received on port 1
[09:53:36.512] [bmv2] [D] [thread 5646] [21.0] [cxt 0] Parser 'parser': start
[09:53:36.512] [bmv2] [D] [thread 5646] [21.0] [cxt 0] Parser 'parser' entering state 'start'
[09:53:36.512] [bmv2] [D] [thread 5646] [21.0] [cxt 0] Extracting header 'ethernet'
[09:53:36.512] [bmv2] [D] [thread 5646] [21.0] [cxt 0] Parser state 'start': key is 86dd
[09:53:36.512] [bmv2] [T] [thread 5646] [21.0] [cxt 0] Bytes parsed: 14
[09:53:36.512] [bmv2] [D] [thread 5646] [21.0] [cxt 0] Parser 'parser': end
[09:53:36.512] [bmv2] [D] [thread 5646] [21.0] [cxt 0] Pipeline 'ingress': start
[09:53:36.512] [bmv2] [T] [thread 5646] [21.0] [cxt 0] basic_tunnel.p4(152) Condition "hdr.ipv4.isValid() && !hdr.myTunnel.isValid()" (node_2) is false
[09:53:36.512] [bmv2] [T] [thread 5646] [21.0] [cxt 0] basic_tunnel.p4(155) Condition "hdr.myTunnel.isValid()" (node_4) is false
[09:53:36.512] [bmv2] [D] [thread 5646] [21.0] [cxt 0] Pipeline 'ingress': end
[09:53:36.512] [bmv2] [D] [thread 5646] [21.0] [cxt 0] Egress port is 0
[09:53:36.512] [bmv2] [D] [thread 5647] [21.0] [cxt 0] Pipeline 'egress': start
[09:53:36.512] [bmv2] [D] [thread 5647] [21.0] [cxt 0] Pipeline 'egress': end
[09:53:36.512] [bmv2] [D] [thread 5647] [21.0] [cxt 0] Deparser 'deparser': start
[09:53:36.512] [bmv2] [T] [thread 5647] [21.0] [cxt 0] Skipping checksum 'cksum' update because condition not met
[09:53:36.512] [bmv2] [D] [thread 5647] [21.0] [cxt 0] Deparsing header 'ethernet'
[09:53:36.512] [bmv2] [D] [thread 5647] [21.0] [cxt 0] Deparser 'deparser': end
[09:53:36.512] [bmv2] [D] [thread 5651] [21.0] [cxt 0] Transmitting packet of size 196 out of port 0
[09:53:36.543] [bmv2] [D] [thread 5646] [22.0] [cxt 0] Processing packet received on port 2
[09:53:36.543] [bmv2] [D] [thread 5646] [22.0] [cxt 0] Parser 'parser': start
[09:53:36.543] [bmv2] [D] [thread 5646] [22.0] [cxt 0] Parser 'parser' entering state 'start'
[09:53:36.543] [bmv2] [D] [thread 5646] [22.0] [cxt 0] Extracting header 'ethernet'
[09:53:36.545] [bmv2] [D] [thread 5646] [22.0] [cxt 0] Parser state 'start': key is 86dd
[09:53:36.545] [bmv2] [T] [thread 5646] [22.0] [cxt 0] Bytes parsed: 14
[09:53:36.545] [bmv2] [D] [thread 5646] [22.0] [cxt 0] Parser 'parser': end
[09:53:36.545] [bmv2] [D] [thread 5646] [22.0] [cxt 0] Pipeline 'ingress': start
[09:53:36.545] [bmv2] [T] [thread 5646] [22.0] [cxt 0] basic_tunnel.p4(152) Condition "hdr.ipv4.isValid() && !hdr.myTunnel.isValid()" (node_2) is false
[09:53:36.545] [bmv2] [T] [thread 5646] [22.0] [cxt 0] basic_tunnel.p4(155) Condition "hdr.myTunnel.isValid()" (node_4) is false
[09:53:36.545] [bmv2] [D] [thread 5646] [22.0] [cxt 0] Pipeline 'ingress': end
[09:53:36.545] [bmv2] [D] [thread 5646] [22.0] [cxt 0] Egress port is 0
[09:53:36.545] [bmv2] [D] [thread 5647] [22.0] [cxt 0] Pipeline 'egress': start
[09:53:36.545] [bmv2] [D] [thread 5647] [22.0] [cxt 0] Pipeline 'egress': end
[09:53:36.545] [bmv2] [D] [thread 5647] [22.0] [cxt 0] Deparser 'deparser': start
[09:53:36.545] [bmv2] [T] [thread 5647] [22.0] [cxt 0] Skipping checksum 'cksum' update because condition not met
[09:53:36.545] [bmv2] [D] [thread 5647] [22.0] [cxt 0] Deparsing header 'ethernet'
[09:53:36.545] [bmv2] [D] [thread 5647] [22.0] [cxt 0] Deparser 'deparser': end
[09:53:36.545] [bmv2] [D] [thread 5651] [22.0] [cxt 0] Transmitting packet of size 196 out of port 0
[09:53:38.413] [bmv2] [D] [thread 5646] [23.0] [cxt 0] Processing packet received on port 1
[09:53:38.413] [bmv2] [D] [thread 5646] [23.0] [cxt 0] Parser 'parser': start
[09:53:38.413] [bmv2] [D] [thread 5646] [23.0] [cxt 0] Parser 'parser' entering state 'start'
[09:53:38.413] [bmv2] [D] [thread 5646] [23.0] [cxt 0] Extracting header 'ethernet'
[09:53:38.413] [bmv2] [D] [thread 5646] [23.0] [cxt 0] Parser state 'start': key is 86dd
[09:53:38.413] [bmv2] [T] [thread 5646] [23.0] [cxt 0] Bytes parsed: 14
[09:53:38.413] [bmv2] [D] [thread 5646] [23.0] [cxt 0] Parser 'parser': end
[09:53:38.413] [bmv2] [D] [thread 5646] [23.0] [cxt 0] Pipeline 'ingress': start
[09:53:38.413] [bmv2] [T] [thread 5646] [23.0] [cxt 0] basic_tunnel.p4(152) Condition "hdr.ipv4.isValid() && !hdr.myTunnel.isValid()" (node_2) is false
[09:53:38.413] [bmv2] [T] [thread 5646] [23.0] [cxt 0] basic_tunnel.p4(155) Condition "hdr.myTunnel.isValid()" (node_4) is false
[09:53:38.413] [bmv2] [D] [thread 5646] [23.0] [cxt 0] Pipeline 'ingress': end
[09:53:38.413] [bmv2] [D] [thread 5646] [23.0] [cxt 0] Egress port is 0
[09:53:38.413] [bmv2] [D] [thread 5647] [23.0] [cxt 0] Pipeline 'egress': start
[09:53:38.413] [bmv2] [D] [thread 5647] [23.0] [cxt 0] Pipeline 'egress': end
[09:53:38.413] [bmv2] [D] [thread 5647] [23.0] [cxt 0] Deparser 'deparser': start
[09:53:38.413] [bmv2] [T] [thread 5647] [23.0] [cxt 0] Skipping checksum 'cksum' update because condition not met
[09:53:38.413] [bmv2] [D] [thread 5647] [23.0] [cxt 0] Deparsing header 'ethernet'
[09:53:38.413] [bmv2] [D] [thread 5647] [23.0] [cxt 0] Deparser 'deparser': end
[09:53:38.413] [bmv2] [D] [thread 5651] [23.0] [cxt 0] Transmitting packet of size 70 out of port 0
[09:53:38.538] [bmv2] [D] [thread 5646] [24.0] [cxt 0] Processing packet received on port 1
[09:53:38.539] [bmv2] [D] [thread 5646] [24.0] [cxt 0] Parser 'parser': start
[09:53:38.539] [bmv2] [D] [thread 5646] [24.0] [cxt 0] Parser 'parser' entering state 'start'
[09:53:38.539] [bmv2] [D] [thread 5646] [24.0] [cxt 0] Extracting header 'ethernet'
[09:53:38.539] [bmv2] [D] [thread 5646] [24.0] [cxt 0] Parser state 'start': key is 86dd
[09:53:38.539] [bmv2] [T] [thread 5646] [24.0] [cxt 0] Bytes parsed: 14
[09:53:38.539] [bmv2] [D] [thread 5646] [24.0] [cxt 0] Parser 'parser': end
[09:53:38.539] [bmv2] [D] [thread 5646] [24.0] [cxt 0] Pipeline 'ingress': start
[09:53:38.539] [bmv2] [T] [thread 5646] [24.0] [cxt 0] basic_tunnel.p4(152) Condition "hdr.ipv4.isValid() && !hdr.myTunnel.isValid()" (node_2) is false
[09:53:38.539] [bmv2] [T] [thread 5646] [24.0] [cxt 0] basic_tunnel.p4(155) Condition "hdr.myTunnel.isValid()" (node_4) is false
[09:53:38.539] [bmv2] [D] [thread 5646] [24.0] [cxt 0] Pipeline 'ingress': end
[09:53:38.539] [bmv2] [D] [thread 5646] [24.0] [cxt 0] Egress port is 0
[09:53:38.539] [bmv2] [D] [thread 5647] [24.0] [cxt 0] Pipeline 'egress': start
[09:53:38.539] [bmv2] [D] [thread 5647] [24.0] [cxt 0] Pipeline 'egress': end
[09:53:38.539] [bmv2] [D] [thread 5647] [24.0] [cxt 0] Deparser 'deparser': start
[09:53:38.539] [bmv2] [T] [thread 5647] [24.0] [cxt 0] Skipping checksum 'cksum' update because condition not met
[09:53:38.539] [bmv2] [D] [thread 5647] [24.0] [cxt 0] Deparsing header 'ethernet'
[09:53:38.539] [bmv2] [D] [thread 5647] [24.0] [cxt 0] Deparser 'deparser': end
[09:53:38.539] [bmv2] [D] [thread 5651] [24.0] [cxt 0] Transmitting packet of size 196 out of port 0
[09:53:38.568] [bmv2] [D] [thread 5646] [25.0] [cxt 0] Processing packet received on port 2
[09:53:38.568] [bmv2] [D] [thread 5646] [25.0] [cxt 0] Parser 'parser': start
[09:53:38.568] [bmv2] [D] [thread 5646] [25.0] [cxt 0] Parser 'parser' entering state 'start'
[09:53:38.568] [bmv2] [D] [thread 5646] [25.0] [cxt 0] Extracting header 'ethernet'
[09:53:38.568] [bmv2] [D] [thread 5646] [25.0] [cxt 0] Parser state 'start': key is 86dd
[09:53:38.568] [bmv2] [T] [thread 5646] [25.0] [cxt 0] Bytes parsed: 14
[09:53:38.568] [bmv2] [D] [thread 5646] [25.0] [cxt 0] Parser 'parser': end
[09:53:38.568] [bmv2] [D] [thread 5646] [25.0] [cxt 0] Pipeline 'ingress': start
[09:53:38.568] [bmv2] [T] [thread 5646] [25.0] [cxt 0] basic_tunnel.p4(152) Condition "hdr.ipv4.isValid() && !hdr.myTunnel.isValid()" (node_2) is false
[09:53:38.568] [bmv2] [T] [thread 5646] [25.0] [cxt 0] basic_tunnel.p4(155) Condition "hdr.myTunnel.isValid()" (node_4) is false
[09:53:38.568] [bmv2] [D] [thread 5646] [25.0] [cxt 0] Pipeline 'ingress': end
[09:53:38.569] [bmv2] [D] [thread 5646] [25.0] [cxt 0] Egress port is 0
[09:53:38.569] [bmv2] [D] [thread 5647] [25.0] [cxt 0] Pipeline 'egress': start
[09:53:38.569] [bmv2] [D] [thread 5647] [25.0] [cxt 0] Pipeline 'egress': end
[09:53:38.569] [bmv2] [D] [thread 5647] [25.0] [cxt 0] Deparser 'deparser': start
[09:53:38.569] [bmv2] [T] [thread 5647] [25.0] [cxt 0] Skipping checksum 'cksum' update because condition not met
[09:53:38.569] [bmv2] [D] [thread 5647] [25.0] [cxt 0] Deparsing header 'ethernet'
[09:53:38.569] [bmv2] [D] [thread 5647] [25.0] [cxt 0] Deparser 'deparser': end
[09:53:38.569] [bmv2] [D] [thread 5651] [25.0] [cxt 0] Transmitting packet of size 196 out of port 0
[09:53:38.669] [bmv2] [D] [thread 5646] [26.0] [cxt 0] Processing packet received on port 2
[09:53:38.669] [bmv2] [D] [thread 5646] [26.0] [cxt 0] Parser 'parser': start
[09:53:38.669] [bmv2] [D] [thread 5646] [26.0] [cxt 0] Parser 'parser' entering state 'start'
[09:53:38.669] [bmv2] [D] [thread 5646] [26.0] [cxt 0] Extracting header 'ethernet'
[09:53:38.669] [bmv2] [D] [thread 5646] [26.0] [cxt 0] Parser state 'start': key is 86dd
[09:53:38.669] [bmv2] [T] [thread 5646] [26.0] [cxt 0] Bytes parsed: 14
[09:53:38.669] [bmv2] [D] [thread 5646] [26.0] [cxt 0] Parser 'parser': end
[09:53:38.669] [bmv2] [D] [thread 5646] [26.0] [cxt 0] Pipeline 'ingress': start
[09:53:38.669] [bmv2] [T] [thread 5646] [26.0] [cxt 0] basic_tunnel.p4(152) Condition "hdr.ipv4.isValid() && !hdr.myTunnel.isValid()" (node_2) is false
[09:53:38.669] [bmv2] [T] [thread 5646] [26.0] [cxt 0] basic_tunnel.p4(155) Condition "hdr.myTunnel.isValid()" (node_4) is false
[09:53:38.669] [bmv2] [D] [thread 5646] [26.0] [cxt 0] Pipeline 'ingress': end
[09:53:38.670] [bmv2] [D] [thread 5646] [26.0] [cxt 0] Egress port is 0
[09:53:38.670] [bmv2] [D] [thread 5647] [26.0] [cxt 0] Pipeline 'egress': start
[09:53:38.670] [bmv2] [D] [thread 5647] [26.0] [cxt 0] Pipeline 'egress': end
[09:53:38.670] [bmv2] [D] [thread 5647] [26.0] [cxt 0] Deparser 'deparser': start
[09:53:38.670] [bmv2] [T] [thread 5647] [26.0] [cxt 0] Skipping checksum 'cksum' update because condition not met
[09:53:38.670] [bmv2] [D] [thread 5647] [26.0] [cxt 0] Deparsing header 'ethernet'
[09:53:38.670] [bmv2] [D] [thread 5647] [26.0] [cxt 0] Deparser 'deparser': end
[09:53:38.670] [bmv2] [D] [thread 5651] [26.0] [cxt 0] Transmitting packet of size 70 out of port 0
[09:53:39.238] [bmv2] [D] [thread 5646] [27.0] [cxt 0] Processing packet received on port 1
[09:53:39.238] [bmv2] [D] [thread 5646] [27.0] [cxt 0] Parser 'parser': start
[09:53:39.238] [bmv2] [D] [thread 5646] [27.0] [cxt 0] Parser 'parser' entering state 'start'
[09:53:39.238] [bmv2] [D] [thread 5646] [27.0] [cxt 0] Extracting header 'ethernet'
[09:53:39.238] [bmv2] [D] [thread 5646] [27.0] [cxt 0] Parser state 'start': key is 0806
[09:53:39.238] [bmv2] [T] [thread 5646] [27.0] [cxt 0] Bytes parsed: 14
[09:53:39.238] [bmv2] [D] [thread 5646] [27.0] [cxt 0] Parser 'parser': end
[09:53:39.238] [bmv2] [D] [thread 5646] [27.0] [cxt 0] Pipeline 'ingress': start
[09:53:39.238] [bmv2] [T] [thread 5646] [27.0] [cxt 0] basic_tunnel.p4(152) Condition "hdr.ipv4.isValid() && !hdr.myTunnel.isValid()" (node_2) is false
[09:53:39.238] [bmv2] [T] [thread 5646] [27.0] [cxt 0] basic_tunnel.p4(155) Condition "hdr.myTunnel.isValid()" (node_4) is false
[09:53:39.238] [bmv2] [D] [thread 5646] [27.0] [cxt 0] Pipeline 'ingress': end
[09:53:39.238] [bmv2] [D] [thread 5646] [27.0] [cxt 0] Egress port is 0
[09:53:39.238] [bmv2] [D] [thread 5647] [27.0] [cxt 0] Pipeline 'egress': start
[09:53:39.238] [bmv2] [D] [thread 5647] [27.0] [cxt 0] Pipeline 'egress': end
[09:53:39.238] [bmv2] [D] [thread 5647] [27.0] [cxt 0] Deparser 'deparser': start
[09:53:39.238] [bmv2] [T] [thread 5647] [27.0] [cxt 0] Skipping checksum 'cksum' update because condition not met
[09:53:39.238] [bmv2] [D] [thread 5647] [27.0] [cxt 0] Deparsing header 'ethernet'
[09:53:39.238] [bmv2] [D] [thread 5647] [27.0] [cxt 0] Deparser 'deparser': end
[09:53:39.238] [bmv2] [D] [thread 5651] [27.0] [cxt 0] Transmitting packet of size 42 out of port 0
[09:53:40.269] [bmv2] [D] [thread 5646] [28.0] [cxt 0] Processing packet received on port 1
[09:53:40.269] [bmv2] [D] [thread 5646] [28.0] [cxt 0] Parser 'parser': start
[09:53:40.269] [bmv2] [D] [thread 5646] [28.0] [cxt 0] Parser 'parser' entering state 'start'
[09:53:40.269] [bmv2] [D] [thread 5646] [28.0] [cxt 0] Extracting header 'ethernet'
[09:53:40.269] [bmv2] [D] [thread 5646] [28.0] [cxt 0] Parser state 'start': key is 0806
[09:53:40.269] [bmv2] [T] [thread 5646] [28.0] [cxt 0] Bytes parsed: 14
[09:53:40.269] [bmv2] [D] [thread 5646] [28.0] [cxt 0] Parser 'parser': end
[09:53:40.269] [bmv2] [D] [thread 5646] [28.0] [cxt 0] Pipeline 'ingress': start
[09:53:40.269] [bmv2] [T] [thread 5646] [28.0] [cxt 0] basic_tunnel.p4(152) Condition "hdr.ipv4.isValid() && !hdr.myTunnel.isValid()" (node_2) is false
[09:53:40.269] [bmv2] [T] [thread 5646] [28.0] [cxt 0] basic_tunnel.p4(155) Condition "hdr.myTunnel.isValid()" (node_4) is false
[09:53:40.269] [bmv2] [D] [thread 5646] [28.0] [cxt 0] Pipeline 'ingress': end
[09:53:40.269] [bmv2] [D] [thread 5646] [28.0] [cxt 0] Egress port is 0
[09:53:40.269] [bmv2] [D] [thread 5647] [28.0] [cxt 0] Pipeline 'egress': start
[09:53:40.269] [bmv2] [D] [thread 5647] [28.0] [cxt 0] Pipeline 'egress': end
[09:53:40.269] [bmv2] [D] [thread 5647] [28.0] [cxt 0] Deparser 'deparser': start
[09:53:40.269] [bmv2] [T] [thread 5647] [28.0] [cxt 0] Skipping checksum 'cksum' update because condition not met
[09:53:40.269] [bmv2] [D] [thread 5647] [28.0] [cxt 0] Deparsing header 'ethernet'
[09:53:40.269] [bmv2] [D] [thread 5647] [28.0] [cxt 0] Deparser 'deparser': end
[09:53:40.269] [bmv2] [D] [thread 5651] [28.0] [cxt 0] Transmitting packet of size 42 out of port 0
[09:53:41.293] [bmv2] [D] [thread 5646] [29.0] [cxt 0] Processing packet received on port 1
[09:53:41.293] [bmv2] [D] [thread 5646] [29.0] [cxt 0] Parser 'parser': start
[09:53:41.293] [bmv2] [D] [thread 5646] [29.0] [cxt 0] Parser 'parser' entering state 'start'
[09:53:41.293] [bmv2] [D] [thread 5646] [29.0] [cxt 0] Extracting header 'ethernet'
[09:53:41.293] [bmv2] [D] [thread 5646] [29.0] [cxt 0] Parser state 'start': key is 0806
[09:53:41.293] [bmv2] [T] [thread 5646] [29.0] [cxt 0] Bytes parsed: 14
[09:53:41.293] [bmv2] [D] [thread 5646] [29.0] [cxt 0] Parser 'parser': end
[09:53:41.293] [bmv2] [D] [thread 5646] [29.0] [cxt 0] Pipeline 'ingress': start
[09:53:41.293] [bmv2] [T] [thread 5646] [29.0] [cxt 0] basic_tunnel.p4(152) Condition "hdr.ipv4.isValid() && !hdr.myTunnel.isValid()" (node_2) is false
[09:53:41.293] [bmv2] [T] [thread 5646] [29.0] [cxt 0] basic_tunnel.p4(155) Condition "hdr.myTunnel.isValid()" (node_4) is false
[09:53:41.293] [bmv2] [D] [thread 5646] [29.0] [cxt 0] Pipeline 'ingress': end
[09:53:41.293] [bmv2] [D] [thread 5646] [29.0] [cxt 0] Egress port is 0
[09:53:41.293] [bmv2] [D] [thread 5647] [29.0] [cxt 0] Pipeline 'egress': start
[09:53:41.293] [bmv2] [D] [thread 5647] [29.0] [cxt 0] Pipeline 'egress': end
[09:53:41.293] [bmv2] [D] [thread 5647] [29.0] [cxt 0] Deparser 'deparser': start
[09:53:41.293] [bmv2] [T] [thread 5647] [29.0] [cxt 0] Skipping checksum 'cksum' update because condition not met
[09:53:41.293] [bmv2] [D] [thread 5647] [29.0] [cxt 0] Deparsing header 'ethernet'
[09:53:41.293] [bmv2] [D] [thread 5647] [29.0] [cxt 0] Deparser 'deparser': end
[09:53:41.293] [bmv2] [D] [thread 5651] [29.0] [cxt 0] Transmitting packet of size 42 out of port 0
[09:53:42.328] [bmv2] [D] [thread 5646] [30.0] [cxt 0] Processing packet received on port 2
[09:53:42.328] [bmv2] [D] [thread 5646] [30.0] [cxt 0] Parser 'parser': start
[09:53:42.328] [bmv2] [D] [thread 5646] [30.0] [cxt 0] Parser 'parser' entering state 'start'
[09:53:42.328] [bmv2] [D] [thread 5646] [30.0] [cxt 0] Extracting header 'ethernet'
[09:53:42.328] [bmv2] [D] [thread 5646] [30.0] [cxt 0] Parser state 'start': key is 0806
[09:53:42.328] [bmv2] [T] [thread 5646] [30.0] [cxt 0] Bytes parsed: 14
[09:53:42.328] [bmv2] [D] [thread 5646] [30.0] [cxt 0] Parser 'parser': end
[09:53:42.328] [bmv2] [D] [thread 5646] [30.0] [cxt 0] Pipeline 'ingress': start
[09:53:42.328] [bmv2] [T] [thread 5646] [30.0] [cxt 0] basic_tunnel.p4(152) Condition "hdr.ipv4.isValid() && !hdr.myTunnel.isValid()" (node_2) is false
[09:53:42.328] [bmv2] [T] [thread 5646] [30.0] [cxt 0] basic_tunnel.p4(155) Condition "hdr.myTunnel.isValid()" (node_4) is false
[09:53:42.328] [bmv2] [D] [thread 5646] [30.0] [cxt 0] Pipeline 'ingress': end
[09:53:42.328] [bmv2] [D] [thread 5646] [30.0] [cxt 0] Egress port is 0
[09:53:42.328] [bmv2] [D] [thread 5647] [30.0] [cxt 0] Pipeline 'egress': start
[09:53:42.328] [bmv2] [D] [thread 5647] [30.0] [cxt 0] Pipeline 'egress': end
[09:53:42.328] [bmv2] [D] [thread 5647] [30.0] [cxt 0] Deparser 'deparser': start
[09:53:42.328] [bmv2] [T] [thread 5647] [30.0] [cxt 0] Skipping checksum 'cksum' update because condition not met
[09:53:42.328] [bmv2] [D] [thread 5647] [30.0] [cxt 0] Deparsing header 'ethernet'
[09:53:42.328] [bmv2] [D] [thread 5647] [30.0] [cxt 0] Deparser 'deparser': end
[09:53:42.328] [bmv2] [D] [thread 5651] [30.0] [cxt 0] Transmitting packet of size 42 out of port 0
[09:53:43.349] [bmv2] [D] [thread 5646] [31.0] [cxt 0] Processing packet received on port 2
[09:53:43.349] [bmv2] [D] [thread 5646] [31.0] [cxt 0] Parser 'parser': start
[09:53:43.349] [bmv2] [D] [thread 5646] [31.0] [cxt 0] Parser 'parser' entering state 'start'
[09:53:43.349] [bmv2] [D] [thread 5646] [31.0] [cxt 0] Extracting header 'ethernet'
[09:53:43.349] [bmv2] [D] [thread 5646] [31.0] [cxt 0] Parser state 'start': key is 0806
[09:53:43.349] [bmv2] [T] [thread 5646] [31.0] [cxt 0] Bytes parsed: 14
[09:53:43.349] [bmv2] [D] [thread 5646] [31.0] [cxt 0] Parser 'parser': end
[09:53:43.349] [bmv2] [D] [thread 5646] [31.0] [cxt 0] Pipeline 'ingress': start
[09:53:43.349] [bmv2] [T] [thread 5646] [31.0] [cxt 0] basic_tunnel.p4(152) Condition "hdr.ipv4.isValid() && !hdr.myTunnel.isValid()" (node_2) is false
[09:53:43.349] [bmv2] [T] [thread 5646] [31.0] [cxt 0] basic_tunnel.p4(155) Condition "hdr.myTunnel.isValid()" (node_4) is false
[09:53:43.349] [bmv2] [D] [thread 5646] [31.0] [cxt 0] Pipeline 'ingress': end
[09:53:43.349] [bmv2] [D] [thread 5646] [31.0] [cxt 0] Egress port is 0
[09:53:43.349] [bmv2] [D] [thread 5647] [31.0] [cxt 0] Pipeline 'egress': start
[09:53:43.349] [bmv2] [D] [thread 5647] [31.0] [cxt 0] Pipeline 'egress': end
[09:53:43.349] [bmv2] [D] [thread 5647] [31.0] [cxt 0] Deparser 'deparser': start
[09:53:43.349] [bmv2] [T] [thread 5647] [31.0] [cxt 0] Skipping checksum 'cksum' update because condition not met
[09:53:43.349] [bmv2] [D] [thread 5647] [31.0] [cxt 0] Deparsing header 'ethernet'
[09:53:43.349] [bmv2] [D] [thread 5647] [31.0] [cxt 0] Deparser 'deparser': end
[09:53:43.349] [bmv2] [D] [thread 5651] [31.0] [cxt 0] Transmitting packet of size 42 out of port 0
[09:53:44.365] [bmv2] [D] [thread 5646] [32.0] [cxt 0] Processing packet received on port 2
[09:53:44.365] [bmv2] [D] [thread 5646] [32.0] [cxt 0] Parser 'parser': start
[09:53:44.365] [bmv2] [D] [thread 5646] [32.0] [cxt 0] Parser 'parser' entering state 'start'
[09:53:44.365] [bmv2] [D] [thread 5646] [32.0] [cxt 0] Extracting header 'ethernet'
[09:53:44.365] [bmv2] [D] [thread 5646] [32.0] [cxt 0] Parser state 'start': key is 0806
[09:53:44.365] [bmv2] [T] [thread 5646] [32.0] [cxt 0] Bytes parsed: 14
[09:53:44.365] [bmv2] [D] [thread 5646] [32.0] [cxt 0] Parser 'parser': end
[09:53:44.365] [bmv2] [D] [thread 5646] [32.0] [cxt 0] Pipeline 'ingress': start
[09:53:44.365] [bmv2] [T] [thread 5646] [32.0] [cxt 0] basic_tunnel.p4(152) Condition "hdr.ipv4.isValid() && !hdr.myTunnel.isValid()" (node_2) is false
[09:53:44.365] [bmv2] [T] [thread 5646] [32.0] [cxt 0] basic_tunnel.p4(155) Condition "hdr.myTunnel.isValid()" (node_4) is false
[09:53:44.365] [bmv2] [D] [thread 5646] [32.0] [cxt 0] Pipeline 'ingress': end
[09:53:44.365] [bmv2] [D] [thread 5646] [32.0] [cxt 0] Egress port is 0
[09:53:44.365] [bmv2] [D] [thread 5647] [32.0] [cxt 0] Pipeline 'egress': start
[09:53:44.366] [bmv2] [D] [thread 5647] [32.0] [cxt 0] Pipeline 'egress': end
[09:53:44.366] [bmv2] [D] [thread 5647] [32.0] [cxt 0] Deparser 'deparser': start
[09:53:44.366] [bmv2] [T] [thread 5647] [32.0] [cxt 0] Skipping checksum 'cksum' update because condition not met
[09:53:44.366] [bmv2] [D] [thread 5647] [32.0] [cxt 0] Deparsing header 'ethernet'
[09:53:44.366] [bmv2] [D] [thread 5647] [32.0] [cxt 0] Deparser 'deparser': end
[09:53:44.366] [bmv2] [D] [thread 5651] [32.0] [cxt 0] Transmitting packet of size 42 out of port 0
[09:53:45.580] [bmv2] [D] [thread 5646] [33.0] [cxt 0] Processing packet received on port 1
[09:53:45.580] [bmv2] [D] [thread 5646] [33.0] [cxt 0] Parser 'parser': start
[09:53:45.580] [bmv2] [D] [thread 5646] [33.0] [cxt 0] Parser 'parser' entering state 'start'
[09:53:45.580] [bmv2] [D] [thread 5646] [33.0] [cxt 0] Extracting header 'ethernet'
[09:53:45.580] [bmv2] [D] [thread 5646] [33.0] [cxt 0] Parser state 'start': key is 86dd
[09:53:45.580] [bmv2] [T] [thread 5646] [33.0] [cxt 0] Bytes parsed: 14
[09:53:45.580] [bmv2] [D] [thread 5646] [33.0] [cxt 0] Parser 'parser': end
[09:53:45.580] [bmv2] [D] [thread 5646] [33.0] [cxt 0] Pipeline 'ingress': start
[09:53:45.580] [bmv2] [T] [thread 5646] [33.0] [cxt 0] basic_tunnel.p4(152) Condition "hdr.ipv4.isValid() && !hdr.myTunnel.isValid()" (node_2) is false
[09:53:45.580] [bmv2] [T] [thread 5646] [33.0] [cxt 0] basic_tunnel.p4(155) Condition "hdr.myTunnel.isValid()" (node_4) is false
[09:53:45.580] [bmv2] [D] [thread 5646] [33.0] [cxt 0] Pipeline 'ingress': end
[09:53:45.580] [bmv2] [D] [thread 5646] [33.0] [cxt 0] Egress port is 0
[09:53:45.580] [bmv2] [D] [thread 5647] [33.0] [cxt 0] Pipeline 'egress': start
[09:53:45.580] [bmv2] [D] [thread 5647] [33.0] [cxt 0] Pipeline 'egress': end
[09:53:45.580] [bmv2] [D] [thread 5647] [33.0] [cxt 0] Deparser 'deparser': start
[09:53:45.580] [bmv2] [T] [thread 5647] [33.0] [cxt 0] Skipping checksum 'cksum' update because condition not met
[09:53:45.580] [bmv2] [D] [thread 5647] [33.0] [cxt 0] Deparsing header 'ethernet'
[09:53:45.580] [bmv2] [D] [thread 5647] [33.0] [cxt 0] Deparser 'deparser': end
[09:53:45.580] [bmv2] [D] [thread 5651] [33.0] [cxt 0] Transmitting packet of size 70 out of port 0
[09:53:46.093] [bmv2] [D] [thread 5646] [34.0] [cxt 0] Processing packet received on port 2
[09:53:46.093] [bmv2] [D] [thread 5646] [34.0] [cxt 0] Parser 'parser': start
[09:53:46.093] [bmv2] [D] [thread 5646] [34.0] [cxt 0] Parser 'parser' entering state 'start'
[09:53:46.093] [bmv2] [D] [thread 5646] [34.0] [cxt 0] Extracting header 'ethernet'
[09:53:46.093] [bmv2] [D] [thread 5646] [34.0] [cxt 0] Parser state 'start': key is 86dd
[09:53:46.093] [bmv2] [T] [thread 5646] [34.0] [cxt 0] Bytes parsed: 14
[09:53:46.093] [bmv2] [D] [thread 5646] [34.0] [cxt 0] Parser 'parser': end
[09:53:46.093] [bmv2] [D] [thread 5646] [34.0] [cxt 0] Pipeline 'ingress': start
[09:53:46.094] [bmv2] [T] [thread 5646] [34.0] [cxt 0] basic_tunnel.p4(152) Condition "hdr.ipv4.isValid() && !hdr.myTunnel.isValid()" (node_2) is false
[09:53:46.094] [bmv2] [T] [thread 5646] [34.0] [cxt 0] basic_tunnel.p4(155) Condition "hdr.myTunnel.isValid()" (node_4) is false
[09:53:46.094] [bmv2] [D] [thread 5646] [34.0] [cxt 0] Pipeline 'ingress': end
[09:53:46.094] [bmv2] [D] [thread 5646] [34.0] [cxt 0] Egress port is 0
[09:53:46.094] [bmv2] [D] [thread 5647] [34.0] [cxt 0] Pipeline 'egress': start
[09:53:46.094] [bmv2] [D] [thread 5647] [34.0] [cxt 0] Pipeline 'egress': end
[09:53:46.094] [bmv2] [D] [thread 5647] [34.0] [cxt 0] Deparser 'deparser': start
[09:53:46.094] [bmv2] [T] [thread 5647] [34.0] [cxt 0] Skipping checksum 'cksum' update because condition not met
[09:53:46.094] [bmv2] [D] [thread 5647] [34.0] [cxt 0] Deparsing header 'ethernet'
[09:53:46.094] [bmv2] [D] [thread 5647] [34.0] [cxt 0] Deparser 'deparser': end
[09:53:46.094] [bmv2] [D] [thread 5651] [34.0] [cxt 0] Transmitting packet of size 70 out of port 0
[09:53:59.409] [bmv2] [D] [thread 5646] [35.0] [cxt 0] Processing packet received on port 1
[09:53:59.409] [bmv2] [D] [thread 5646] [35.0] [cxt 0] Parser 'parser': start
[09:53:59.409] [bmv2] [D] [thread 5646] [35.0] [cxt 0] Parser 'parser' entering state 'start'
[09:53:59.409] [bmv2] [D] [thread 5646] [35.0] [cxt 0] Extracting header 'ethernet'
[09:53:59.409] [bmv2] [D] [thread 5646] [35.0] [cxt 0] Parser state 'start': key is 86dd
[09:53:59.409] [bmv2] [T] [thread 5646] [35.0] [cxt 0] Bytes parsed: 14
[09:53:59.409] [bmv2] [D] [thread 5646] [35.0] [cxt 0] Parser 'parser': end
[09:53:59.409] [bmv2] [D] [thread 5646] [35.0] [cxt 0] Pipeline 'ingress': start
[09:53:59.409] [bmv2] [T] [thread 5646] [35.0] [cxt 0] basic_tunnel.p4(152) Condition "hdr.ipv4.isValid() && !hdr.myTunnel.isValid()" (node_2) is false
[09:53:59.409] [bmv2] [T] [thread 5646] [35.0] [cxt 0] basic_tunnel.p4(155) Condition "hdr.myTunnel.isValid()" (node_4) is false
[09:53:59.409] [bmv2] [D] [thread 5646] [35.0] [cxt 0] Pipeline 'ingress': end
[09:53:59.409] [bmv2] [D] [thread 5646] [35.0] [cxt 0] Egress port is 0
[09:53:59.409] [bmv2] [D] [thread 5647] [35.0] [cxt 0] Pipeline 'egress': start
[09:53:59.409] [bmv2] [D] [thread 5647] [35.0] [cxt 0] Pipeline 'egress': end
[09:53:59.409] [bmv2] [D] [thread 5647] [35.0] [cxt 0] Deparser 'deparser': start
[09:53:59.409] [bmv2] [T] [thread 5647] [35.0] [cxt 0] Skipping checksum 'cksum' update because condition not met
[09:53:59.409] [bmv2] [D] [thread 5647] [35.0] [cxt 0] Deparsing header 'ethernet'
[09:53:59.409] [bmv2] [D] [thread 5647] [35.0] [cxt 0] Deparser 'deparser': end
[09:53:59.409] [bmv2] [D] [thread 5651] [35.0] [cxt 0] Transmitting packet of size 70 out of port 0
[09:54:00.942] [bmv2] [D] [thread 5646] [36.0] [cxt 0] Processing packet received on port 2
[09:54:00.942] [bmv2] [D] [thread 5646] [36.0] [cxt 0] Parser 'parser': start
[09:54:00.942] [bmv2] [D] [thread 5646] [36.0] [cxt 0] Parser 'parser' entering state 'start'
[09:54:00.942] [bmv2] [D] [thread 5646] [36.0] [cxt 0] Extracting header 'ethernet'
[09:54:00.942] [bmv2] [D] [thread 5646] [36.0] [cxt 0] Parser state 'start': key is 86dd
[09:54:00.942] [bmv2] [T] [thread 5646] [36.0] [cxt 0] Bytes parsed: 14
[09:54:00.942] [bmv2] [D] [thread 5646] [36.0] [cxt 0] Parser 'parser': end
[09:54:00.942] [bmv2] [D] [thread 5646] [36.0] [cxt 0] Pipeline 'ingress': start
[09:54:00.942] [bmv2] [T] [thread 5646] [36.0] [cxt 0] basic_tunnel.p4(152) Condition "hdr.ipv4.isValid() && !hdr.myTunnel.isValid()" (node_2) is false
[09:54:00.942] [bmv2] [T] [thread 5646] [36.0] [cxt 0] basic_tunnel.p4(155) Condition "hdr.myTunnel.isValid()" (node_4) is false
[09:54:00.942] [bmv2] [D] [thread 5646] [36.0] [cxt 0] Pipeline 'ingress': end
[09:54:00.942] [bmv2] [D] [thread 5646] [36.0] [cxt 0] Egress port is 0
[09:54:00.943] [bmv2] [D] [thread 5647] [36.0] [cxt 0] Pipeline 'egress': start
[09:54:00.943] [bmv2] [D] [thread 5647] [36.0] [cxt 0] Pipeline 'egress': end
[09:54:00.943] [bmv2] [D] [thread 5647] [36.0] [cxt 0] Deparser 'deparser': start
[09:54:00.943] [bmv2] [T] [thread 5647] [36.0] [cxt 0] Skipping checksum 'cksum' update because condition not met
[09:54:00.943] [bmv2] [D] [thread 5647] [36.0] [cxt 0] Deparsing header 'ethernet'
[09:54:00.943] [bmv2] [D] [thread 5647] [36.0] [cxt 0] Deparser 'deparser': end
[09:54:00.943] [bmv2] [D] [thread 5651] [36.0] [cxt 0] Transmitting packet of size 70 out of port 0
[09:54:28.084] [bmv2] [D] [thread 5646] [37.0] [cxt 0] Processing packet received on port 1
[09:54:28.084] [bmv2] [D] [thread 5646] [37.0] [cxt 0] Parser 'parser': start
[09:54:28.084] [bmv2] [D] [thread 5646] [37.0] [cxt 0] Parser 'parser' entering state 'start'
[09:54:28.084] [bmv2] [D] [thread 5646] [37.0] [cxt 0] Extracting header 'ethernet'
[09:54:28.084] [bmv2] [D] [thread 5646] [37.0] [cxt 0] Parser state 'start': key is 86dd
[09:54:28.084] [bmv2] [T] [thread 5646] [37.0] [cxt 0] Bytes parsed: 14
[09:54:28.084] [bmv2] [D] [thread 5646] [37.0] [cxt 0] Parser 'parser': end
[09:54:28.084] [bmv2] [D] [thread 5646] [37.0] [cxt 0] Pipeline 'ingress': start
[09:54:28.084] [bmv2] [T] [thread 5646] [37.0] [cxt 0] basic_tunnel.p4(152) Condition "hdr.ipv4.isValid() && !hdr.myTunnel.isValid()" (node_2) is false
[09:54:28.084] [bmv2] [T] [thread 5646] [37.0] [cxt 0] basic_tunnel.p4(155) Condition "hdr.myTunnel.isValid()" (node_4) is false
[09:54:28.084] [bmv2] [D] [thread 5646] [37.0] [cxt 0] Pipeline 'ingress': end
[09:54:28.084] [bmv2] [D] [thread 5646] [37.0] [cxt 0] Egress port is 0
[09:54:28.084] [bmv2] [D] [thread 5647] [37.0] [cxt 0] Pipeline 'egress': start
[09:54:28.084] [bmv2] [D] [thread 5647] [37.0] [cxt 0] Pipeline 'egress': end
[09:54:28.084] [bmv2] [D] [thread 5647] [37.0] [cxt 0] Deparser 'deparser': start
[09:54:28.084] [bmv2] [T] [thread 5647] [37.0] [cxt 0] Skipping checksum 'cksum' update because condition not met
[09:54:28.084] [bmv2] [D] [thread 5647] [37.0] [cxt 0] Deparsing header 'ethernet'
[09:54:28.084] [bmv2] [D] [thread 5647] [37.0] [cxt 0] Deparser 'deparser': end
[09:54:28.084] [bmv2] [D] [thread 5651] [37.0] [cxt 0] Transmitting packet of size 70 out of port 0
[09:54:32.173] [bmv2] [D] [thread 5646] [38.0] [cxt 0] Processing packet received on port 2
[09:54:32.173] [bmv2] [D] [thread 5646] [38.0] [cxt 0] Parser 'parser': start
[09:54:32.173] [bmv2] [D] [thread 5646] [38.0] [cxt 0] Parser 'parser' entering state 'start'
[09:54:32.173] [bmv2] [D] [thread 5646] [38.0] [cxt 0] Extracting header 'ethernet'
[09:54:32.173] [bmv2] [D] [thread 5646] [38.0] [cxt 0] Parser state 'start': key is 86dd
[09:54:32.173] [bmv2] [T] [thread 5646] [38.0] [cxt 0] Bytes parsed: 14
[09:54:32.173] [bmv2] [D] [thread 5646] [38.0] [cxt 0] Parser 'parser': end
[09:54:32.173] [bmv2] [D] [thread 5646] [38.0] [cxt 0] Pipeline 'ingress': start
[09:54:32.173] [bmv2] [T] [thread 5646] [38.0] [cxt 0] basic_tunnel.p4(152) Condition "hdr.ipv4.isValid() && !hdr.myTunnel.isValid()" (node_2) is false
[09:54:32.173] [bmv2] [T] [thread 5646] [38.0] [cxt 0] basic_tunnel.p4(155) Condition "hdr.myTunnel.isValid()" (node_4) is false
[09:54:32.173] [bmv2] [D] [thread 5646] [38.0] [cxt 0] Pipeline 'ingress': end
[09:54:32.173] [bmv2] [D] [thread 5646] [38.0] [cxt 0] Egress port is 0
[09:54:32.173] [bmv2] [D] [thread 5647] [38.0] [cxt 0] Pipeline 'egress': start
[09:54:32.173] [bmv2] [D] [thread 5647] [38.0] [cxt 0] Pipeline 'egress': end
[09:54:32.173] [bmv2] [D] [thread 5647] [38.0] [cxt 0] Deparser 'deparser': start
[09:54:32.173] [bmv2] [T] [thread 5647] [38.0] [cxt 0] Skipping checksum 'cksum' update because condition not met
[09:54:32.173] [bmv2] [D] [thread 5647] [38.0] [cxt 0] Deparsing header 'ethernet'
[09:54:32.173] [bmv2] [D] [thread 5647] [38.0] [cxt 0] Deparser 'deparser': end
[09:54:32.173] [bmv2] [D] [thread 5651] [38.0] [cxt 0] Transmitting packet of size 70 out of port 0
[09:55:21.334] [bmv2] [D] [thread 5646] [39.0] [cxt 0] Processing packet received on port 1
[09:55:21.334] [bmv2] [D] [thread 5646] [39.0] [cxt 0] Parser 'parser': start
[09:55:21.334] [bmv2] [D] [thread 5646] [39.0] [cxt 0] Parser 'parser' entering state 'start'
[09:55:21.334] [bmv2] [D] [thread 5646] [39.0] [cxt 0] Extracting header 'ethernet'
[09:55:21.334] [bmv2] [D] [thread 5646] [39.0] [cxt 0] Parser state 'start': key is 86dd
[09:55:21.334] [bmv2] [T] [thread 5646] [39.0] [cxt 0] Bytes parsed: 14
[09:55:21.334] [bmv2] [D] [thread 5646] [39.0] [cxt 0] Parser 'parser': end
[09:55:21.334] [bmv2] [D] [thread 5646] [39.0] [cxt 0] Pipeline 'ingress': start
[09:55:21.334] [bmv2] [T] [thread 5646] [39.0] [cxt 0] basic_tunnel.p4(152) Condition "hdr.ipv4.isValid() && !hdr.myTunnel.isValid()" (node_2) is false
[09:55:21.334] [bmv2] [T] [thread 5646] [39.0] [cxt 0] basic_tunnel.p4(155) Condition "hdr.myTunnel.isValid()" (node_4) is false
[09:55:21.334] [bmv2] [D] [thread 5646] [39.0] [cxt 0] Pipeline 'ingress': end
[09:55:21.334] [bmv2] [D] [thread 5646] [39.0] [cxt 0] Egress port is 0
[09:55:21.334] [bmv2] [D] [thread 5647] [39.0] [cxt 0] Pipeline 'egress': start
[09:55:21.334] [bmv2] [D] [thread 5647] [39.0] [cxt 0] Pipeline 'egress': end
[09:55:21.334] [bmv2] [D] [thread 5647] [39.0] [cxt 0] Deparser 'deparser': start
[09:55:21.334] [bmv2] [T] [thread 5647] [39.0] [cxt 0] Skipping checksum 'cksum' update because condition not met
[09:55:21.335] [bmv2] [D] [thread 5647] [39.0] [cxt 0] Deparsing header 'ethernet'
[09:55:21.335] [bmv2] [D] [thread 5647] [39.0] [cxt 0] Deparser 'deparser': end
[09:55:21.335] [bmv2] [D] [thread 5651] [39.0] [cxt 0] Transmitting packet of size 70 out of port 0
[09:55:31.566] [bmv2] [D] [thread 5646] [40.0] [cxt 0] Processing packet received on port 2
[09:55:31.566] [bmv2] [D] [thread 5646] [40.0] [cxt 0] Parser 'parser': start
[09:55:31.566] [bmv2] [D] [thread 5646] [40.0] [cxt 0] Parser 'parser' entering state 'start'
[09:55:31.566] [bmv2] [D] [thread 5646] [40.0] [cxt 0] Extracting header 'ethernet'
[09:55:31.566] [bmv2] [D] [thread 5646] [40.0] [cxt 0] Parser state 'start': key is 86dd
[09:55:31.566] [bmv2] [T] [thread 5646] [40.0] [cxt 0] Bytes parsed: 14
[09:55:31.566] [bmv2] [D] [thread 5646] [40.0] [cxt 0] Parser 'parser': end
[09:55:31.566] [bmv2] [D] [thread 5646] [40.0] [cxt 0] Pipeline 'ingress': start
[09:55:31.566] [bmv2] [T] [thread 5646] [40.0] [cxt 0] basic_tunnel.p4(152) Condition "hdr.ipv4.isValid() && !hdr.myTunnel.isValid()" (node_2) is false
[09:55:31.566] [bmv2] [T] [thread 5646] [40.0] [cxt 0] basic_tunnel.p4(155) Condition "hdr.myTunnel.isValid()" (node_4) is false
[09:55:31.566] [bmv2] [D] [thread 5646] [40.0] [cxt 0] Pipeline 'ingress': end
[09:55:31.566] [bmv2] [D] [thread 5646] [40.0] [cxt 0] Egress port is 0
[09:55:31.566] [bmv2] [D] [thread 5647] [40.0] [cxt 0] Pipeline 'egress': start
[09:55:31.566] [bmv2] [D] [thread 5647] [40.0] [cxt 0] Pipeline 'egress': end
[09:55:31.566] [bmv2] [D] [thread 5647] [40.0] [cxt 0] Deparser 'deparser': start
[09:55:31.566] [bmv2] [T] [thread 5647] [40.0] [cxt 0] Skipping checksum 'cksum' update because condition not met
[09:55:31.566] [bmv2] [D] [thread 5647] [40.0] [cxt 0] Deparsing header 'ethernet'
[09:55:31.566] [bmv2] [D] [thread 5647] [40.0] [cxt 0] Deparser 'deparser': end
[09:55:31.566] [bmv2] [D] [thread 5651] [40.0] [cxt 0] Transmitting packet of size 70 out of port 0
open: No such file or directory
