Calling target program-options parser
[15:52:31.931] [bmv2] [D] [thread 10903] Set default default entry for table 'MyIngress.ipv4_lpm': MyIngress.drop - 
[15:52:31.933] [bmv2] [D] [thread 10903] Set default default entry for table 'MyIngress.myTunnel_exact': MyIngress.drop - 
Adding interface s3-eth1 as port 1
[15:52:31.934] [bmv2] [D] [thread 10903] Adding interface s3-eth1 as port 1
Adding interface s3-eth2 as port 2
[15:52:32.014] [bmv2] [D] [thread 10903] Adding interface s3-eth2 as port 2
Adding interface s3-eth3 as port 3
[15:52:32.183] [bmv2] [D] [thread 10903] Adding interface s3-eth3 as port 3
Server listening on 0.0.0.0:50053
[15:52:32.268] [bmv2] [I] [thread 10903] Starting Thrift server on port 9092
[15:52:32.272] [bmv2] [I] [thread 10903] Thrift server was started
[15:52:32.277] [bmv2] [D] [thread 10916] [0.0] [cxt 0] Processing packet received on port 1
[15:52:32.277] [bmv2] [D] [thread 10916] [0.0] [cxt 0] Parser 'parser': start
[15:52:32.277] [bmv2] [D] [thread 10916] [0.0] [cxt 0] Parser 'parser' entering state 'start'
[15:52:32.277] [bmv2] [D] [thread 10916] [0.0] [cxt 0] Extracting header 'ethernet'
[15:52:32.277] [bmv2] [D] [thread 10916] [0.0] [cxt 0] Parser state 'start': key is 86dd
[15:52:32.277] [bmv2] [T] [thread 10916] [0.0] [cxt 0] Bytes parsed: 14
[15:52:32.277] [bmv2] [D] [thread 10916] [0.0] [cxt 0] Parser 'parser': end
[15:52:32.277] [bmv2] [D] [thread 10916] [0.0] [cxt 0] Pipeline 'ingress': start
[15:52:32.277] [bmv2] [T] [thread 10916] [0.0] [cxt 0] basic_tunnel.p4(152) Condition "hdr.ipv4.isValid() && !hdr.myTunnel.isValid()" (node_2) is false
[15:52:32.277] [bmv2] [T] [thread 10916] [0.0] [cxt 0] basic_tunnel.p4(155) Condition "hdr.myTunnel.isValid()" (node_4) is false
[15:52:32.277] [bmv2] [D] [thread 10916] [0.0] [cxt 0] Pipeline 'ingress': end
[15:52:32.277] [bmv2] [D] [thread 10916] [0.0] [cxt 0] Egress port is 0
[15:52:32.277] [bmv2] [D] [thread 10916] [1.0] [cxt 0] Processing packet received on port 2
[15:52:32.277] [bmv2] [D] [thread 10916] [1.0] [cxt 0] Parser 'parser': start
[15:52:32.277] [bmv2] [D] [thread 10916] [1.0] [cxt 0] Parser 'parser' entering state 'start'
[15:52:32.277] [bmv2] [D] [thread 10916] [1.0] [cxt 0] Extracting header 'ethernet'
[15:52:32.277] [bmv2] [D] [thread 10916] [1.0] [cxt 0] Parser state 'start': key is 86dd
[15:52:32.277] [bmv2] [T] [thread 10916] [1.0] [cxt 0] Bytes parsed: 14
[15:52:32.277] [bmv2] [D] [thread 10916] [1.0] [cxt 0] Parser 'parser': end
[15:52:32.277] [bmv2] [D] [thread 10916] [1.0] [cxt 0] Pipeline 'ingress': start
[15:52:32.277] [bmv2] [T] [thread 10916] [1.0] [cxt 0] basic_tunnel.p4(152) Condition "hdr.ipv4.isValid() && !hdr.myTunnel.isValid()" (node_2) is false
[15:52:32.277] [bmv2] [T] [thread 10916] [1.0] [cxt 0] basic_tunnel.p4(155) Condition "hdr.myTunnel.isValid()" (node_4) is false
[15:52:32.277] [bmv2] [D] [thread 10916] [1.0] [cxt 0] Pipeline 'ingress': end
[15:52:32.277] [bmv2] [D] [thread 10916] [1.0] [cxt 0] Egress port is 0
[15:52:32.277] [bmv2] [D] [thread 10916] [2.0] [cxt 0] Processing packet received on port 2
[15:52:32.277] [bmv2] [D] [thread 10916] [2.0] [cxt 0] Parser 'parser': start
[15:52:32.277] [bmv2] [D] [thread 10916] [2.0] [cxt 0] Parser 'parser' entering state 'start'
[15:52:32.277] [bmv2] [D] [thread 10916] [2.0] [cxt 0] Extracting header 'ethernet'
[15:52:32.277] [bmv2] [D] [thread 10916] [2.0] [cxt 0] Parser state 'start': key is 86dd
[15:52:32.277] [bmv2] [T] [thread 10916] [2.0] [cxt 0] Bytes parsed: 14
[15:52:32.277] [bmv2] [D] [thread 10916] [2.0] [cxt 0] Parser 'parser': end
[15:52:32.277] [bmv2] [D] [thread 10916] [2.0] [cxt 0] Pipeline 'ingress': start
[15:52:32.277] [bmv2] [T] [thread 10916] [2.0] [cxt 0] basic_tunnel.p4(152) Condition "hdr.ipv4.isValid() && !hdr.myTunnel.isValid()" (node_2) is false
[15:52:32.277] [bmv2] [T] [thread 10916] [2.0] [cxt 0] basic_tunnel.p4(155) Condition "hdr.myTunnel.isValid()" (node_4) is false
[15:52:32.277] [bmv2] [D] [thread 10916] [2.0] [cxt 0] Pipeline 'ingress': end
[15:52:32.277] [bmv2] [D] [thread 10916] [2.0] [cxt 0] Egress port is 0
[15:52:32.277] [bmv2] [D] [thread 10917] [0.0] [cxt 0] Pipeline 'egress': start
[15:52:32.277] [bmv2] [D] [thread 10917] [0.0] [cxt 0] Pipeline 'egress': end
[15:52:32.277] [bmv2] [D] [thread 10917] [0.0] [cxt 0] Deparser 'deparser': start
[15:52:32.277] [bmv2] [T] [thread 10917] [0.0] [cxt 0] Skipping checksum 'cksum' update because condition not met
[15:52:32.277] [bmv2] [D] [thread 10917] [0.0] [cxt 0] Deparsing header 'ethernet'
[15:52:32.277] [bmv2] [D] [thread 10917] [0.0] [cxt 0] Deparser 'deparser': end
[15:52:32.277] [bmv2] [D] [thread 10917] [1.0] [cxt 0] Pipeline 'egress': start
[15:52:32.277] [bmv2] [D] [thread 10917] [1.0] [cxt 0] Pipeline 'egress': end
[15:52:32.277] [bmv2] [D] [thread 10917] [1.0] [cxt 0] Deparser 'deparser': start
[15:52:32.277] [bmv2] [T] [thread 10917] [1.0] [cxt 0] Skipping checksum 'cksum' update because condition not met
[15:52:32.277] [bmv2] [D] [thread 10917] [1.0] [cxt 0] Deparsing header 'ethernet'
[15:52:32.277] [bmv2] [D] [thread 10917] [1.0] [cxt 0] Deparser 'deparser': end
[15:52:32.277] [bmv2] [D] [thread 10917] [2.0] [cxt 0] Pipeline 'egress': start
[15:52:32.277] [bmv2] [D] [thread 10917] [2.0] [cxt 0] Pipeline 'egress': end
[15:52:32.277] [bmv2] [D] [thread 10917] [2.0] [cxt 0] Deparser 'deparser': start
[15:52:32.277] [bmv2] [T] [thread 10917] [2.0] [cxt 0] Skipping checksum 'cksum' update because condition not met
[15:52:32.277] [bmv2] [D] [thread 10917] [2.0] [cxt 0] Deparsing header 'ethernet'
[15:52:32.277] [bmv2] [D] [thread 10917] [2.0] [cxt 0] Deparser 'deparser': end
[15:52:32.279] [bmv2] [D] [thread 10921] [0.0] [cxt 0] Transmitting packet of size 208 out of port 0
[15:52:32.279] [bmv2] [D] [thread 10921] [1.0] [cxt 0] Transmitting packet of size 208 out of port 0
[15:52:32.279] [bmv2] [D] [thread 10921] [2.0] [cxt 0] Transmitting packet of size 208 out of port 0
[15:52:32.314] [bmv2] [D] [thread 10916] [3.0] [cxt 0] Processing packet received on port 3
[15:52:32.314] [bmv2] [D] [thread 10916] [3.0] [cxt 0] Parser 'parser': start
[15:52:32.314] [bmv2] [D] [thread 10916] [3.0] [cxt 0] Parser 'parser' entering state 'start'
[15:52:32.314] [bmv2] [D] [thread 10916] [3.0] [cxt 0] Extracting header 'ethernet'
[15:52:32.314] [bmv2] [D] [thread 10916] [3.0] [cxt 0] Parser state 'start': key is 86dd
[15:52:32.314] [bmv2] [T] [thread 10916] [3.0] [cxt 0] Bytes parsed: 14
[15:52:32.314] [bmv2] [D] [thread 10916] [3.0] [cxt 0] Parser 'parser': end
[15:52:32.314] [bmv2] [D] [thread 10916] [3.0] [cxt 0] Pipeline 'ingress': start
[15:52:32.314] [bmv2] [T] [thread 10916] [3.0] [cxt 0] basic_tunnel.p4(152) Condition "hdr.ipv4.isValid() && !hdr.myTunnel.isValid()" (node_2) is false
[15:52:32.314] [bmv2] [T] [thread 10916] [3.0] [cxt 0] basic_tunnel.p4(155) Condition "hdr.myTunnel.isValid()" (node_4) is false
[15:52:32.314] [bmv2] [D] [thread 10916] [3.0] [cxt 0] Pipeline 'ingress': end
[15:52:32.314] [bmv2] [D] [thread 10916] [3.0] [cxt 0] Egress port is 0
[15:52:32.314] [bmv2] [D] [thread 10916] [4.0] [cxt 0] Processing packet received on port 3
[15:52:32.314] [bmv2] [D] [thread 10916] [4.0] [cxt 0] Parser 'parser': start
[15:52:32.314] [bmv2] [D] [thread 10916] [4.0] [cxt 0] Parser 'parser' entering state 'start'
[15:52:32.314] [bmv2] [D] [thread 10916] [4.0] [cxt 0] Extracting header 'ethernet'
[15:52:32.314] [bmv2] [D] [thread 10916] [4.0] [cxt 0] Parser state 'start': key is 86dd
[15:52:32.314] [bmv2] [T] [thread 10916] [4.0] [cxt 0] Bytes parsed: 14
[15:52:32.314] [bmv2] [D] [thread 10916] [4.0] [cxt 0] Parser 'parser': end
[15:52:32.314] [bmv2] [D] [thread 10916] [4.0] [cxt 0] Pipeline 'ingress': start
[15:52:32.314] [bmv2] [T] [thread 10916] [4.0] [cxt 0] basic_tunnel.p4(152) Condition "hdr.ipv4.isValid() && !hdr.myTunnel.isValid()" (node_2) is false
[15:52:32.314] [bmv2] [T] [thread 10916] [4.0] [cxt 0] basic_tunnel.p4(155) Condition "hdr.myTunnel.isValid()" (node_4) is false
[15:52:32.314] [bmv2] [D] [thread 10916] [4.0] [cxt 0] Pipeline 'ingress': end
[15:52:32.314] [bmv2] [D] [thread 10916] [4.0] [cxt 0] Egress port is 0
[15:52:32.315] [bmv2] [D] [thread 10917] [3.0] [cxt 0] Pipeline 'egress': start
[15:52:32.315] [bmv2] [D] [thread 10917] [3.0] [cxt 0] Pipeline 'egress': end
[15:52:32.315] [bmv2] [D] [thread 10917] [3.0] [cxt 0] Deparser 'deparser': start
[15:52:32.315] [bmv2] [T] [thread 10917] [3.0] [cxt 0] Skipping checksum 'cksum' update because condition not met
[15:52:32.315] [bmv2] [D] [thread 10917] [3.0] [cxt 0] Deparsing header 'ethernet'
[15:52:32.315] [bmv2] [D] [thread 10917] [3.0] [cxt 0] Deparser 'deparser': end
[15:52:32.315] [bmv2] [D] [thread 10917] [4.0] [cxt 0] Pipeline 'egress': start
[15:52:32.315] [bmv2] [D] [thread 10917] [4.0] [cxt 0] Pipeline 'egress': end
[15:52:32.315] [bmv2] [D] [thread 10917] [4.0] [cxt 0] Deparser 'deparser': start
[15:52:32.315] [bmv2] [T] [thread 10917] [4.0] [cxt 0] Skipping checksum 'cksum' update because condition not met
[15:52:32.315] [bmv2] [D] [thread 10917] [4.0] [cxt 0] Deparsing header 'ethernet'
[15:52:32.315] [bmv2] [D] [thread 10917] [4.0] [cxt 0] Deparser 'deparser': end
[15:52:32.315] [bmv2] [D] [thread 10921] [3.0] [cxt 0] Transmitting packet of size 90 out of port 0
[15:52:32.315] [bmv2] [D] [thread 10921] [4.0] [cxt 0] Transmitting packet of size 70 out of port 0
[15:52:32.315] [bmv2] [D] [thread 10916] [5.0] [cxt 0] Processing packet received on port 1
[15:52:32.315] [bmv2] [D] [thread 10916] [5.0] [cxt 0] Parser 'parser': start
[15:52:32.315] [bmv2] [D] [thread 10916] [5.0] [cxt 0] Parser 'parser' entering state 'start'
[15:52:32.315] [bmv2] [D] [thread 10916] [5.0] [cxt 0] Extracting header 'ethernet'
[15:52:32.315] [bmv2] [D] [thread 10916] [5.0] [cxt 0] Parser state 'start': key is 86dd
[15:52:32.315] [bmv2] [T] [thread 10916] [5.0] [cxt 0] Bytes parsed: 14
[15:52:32.315] [bmv2] [D] [thread 10916] [5.0] [cxt 0] Parser 'parser': end
[15:52:32.315] [bmv2] [D] [thread 10916] [5.0] [cxt 0] Pipeline 'ingress': start
[15:52:32.315] [bmv2] [T] [thread 10916] [5.0] [cxt 0] basic_tunnel.p4(152) Condition "hdr.ipv4.isValid() && !hdr.myTunnel.isValid()" (node_2) is false
[15:52:32.315] [bmv2] [T] [thread 10916] [5.0] [cxt 0] basic_tunnel.p4(155) Condition "hdr.myTunnel.isValid()" (node_4) is false
[15:52:32.315] [bmv2] [D] [thread 10916] [5.0] [cxt 0] Pipeline 'ingress': end
[15:52:32.315] [bmv2] [D] [thread 10916] [5.0] [cxt 0] Egress port is 0
[15:52:32.315] [bmv2] [D] [thread 10917] [5.0] [cxt 0] Pipeline 'egress': start
[15:52:32.315] [bmv2] [D] [thread 10917] [5.0] [cxt 0] Pipeline 'egress': end
[15:52:32.315] [bmv2] [D] [thread 10917] [5.0] [cxt 0] Deparser 'deparser': start
[15:52:32.315] [bmv2] [T] [thread 10917] [5.0] [cxt 0] Skipping checksum 'cksum' update because condition not met
[15:52:32.315] [bmv2] [D] [thread 10917] [5.0] [cxt 0] Deparsing header 'ethernet'
[15:52:32.315] [bmv2] [D] [thread 10917] [5.0] [cxt 0] Deparser 'deparser': end
[15:52:32.315] [bmv2] [D] [thread 10921] [5.0] [cxt 0] Transmitting packet of size 196 out of port 0
[15:52:32.319] [bmv2] [D] [thread 10916] [6.0] [cxt 0] Processing packet received on port 3
[15:52:32.319] [bmv2] [D] [thread 10916] [6.0] [cxt 0] Parser 'parser': start
[15:52:32.319] [bmv2] [D] [thread 10916] [6.0] [cxt 0] Parser 'parser' entering state 'start'
[15:52:32.319] [bmv2] [D] [thread 10916] [6.0] [cxt 0] Extracting header 'ethernet'
[15:52:32.319] [bmv2] [D] [thread 10916] [6.0] [cxt 0] Parser state 'start': key is 86dd
[15:52:32.319] [bmv2] [T] [thread 10916] [6.0] [cxt 0] Bytes parsed: 14
[15:52:32.319] [bmv2] [D] [thread 10916] [6.0] [cxt 0] Parser 'parser': end
[15:52:32.319] [bmv2] [D] [thread 10916] [6.0] [cxt 0] Pipeline 'ingress': start
[15:52:32.319] [bmv2] [T] [thread 10916] [6.0] [cxt 0] basic_tunnel.p4(152) Condition "hdr.ipv4.isValid() && !hdr.myTunnel.isValid()" (node_2) is false
[15:52:32.319] [bmv2] [T] [thread 10916] [6.0] [cxt 0] basic_tunnel.p4(155) Condition "hdr.myTunnel.isValid()" (node_4) is false
[15:52:32.319] [bmv2] [D] [thread 10916] [6.0] [cxt 0] Pipeline 'ingress': end
[15:52:32.319] [bmv2] [D] [thread 10916] [6.0] [cxt 0] Egress port is 0
[15:52:32.319] [bmv2] [D] [thread 10917] [6.0] [cxt 0] Pipeline 'egress': start
[15:52:32.319] [bmv2] [D] [thread 10917] [6.0] [cxt 0] Pipeline 'egress': end
[15:52:32.319] [bmv2] [D] [thread 10917] [6.0] [cxt 0] Deparser 'deparser': start
[15:52:32.319] [bmv2] [T] [thread 10917] [6.0] [cxt 0] Skipping checksum 'cksum' update because condition not met
[15:52:32.319] [bmv2] [D] [thread 10917] [6.0] [cxt 0] Deparsing header 'ethernet'
[15:52:32.319] [bmv2] [D] [thread 10917] [6.0] [cxt 0] Deparser 'deparser': end
[15:52:32.319] [bmv2] [D] [thread 10921] [6.0] [cxt 0] Transmitting packet of size 90 out of port 0
[15:52:32.375] [bmv2] [D] [thread 10916] [7.0] [cxt 0] Processing packet received on port 3
[15:52:32.375] [bmv2] [D] [thread 10916] [7.0] [cxt 0] Parser 'parser': start
[15:52:32.375] [bmv2] [D] [thread 10916] [7.0] [cxt 0] Parser 'parser' entering state 'start'
[15:52:32.375] [bmv2] [D] [thread 10916] [7.0] [cxt 0] Extracting header 'ethernet'
[15:52:32.375] [bmv2] [D] [thread 10916] [7.0] [cxt 0] Parser state 'start': key is 86dd
[15:52:32.375] [bmv2] [T] [thread 10916] [7.0] [cxt 0] Bytes parsed: 14
[15:52:32.375] [bmv2] [D] [thread 10916] [7.0] [cxt 0] Parser 'parser': end
[15:52:32.375] [bmv2] [D] [thread 10916] [7.0] [cxt 0] Pipeline 'ingress': start
[15:52:32.375] [bmv2] [T] [thread 10916] [7.0] [cxt 0] basic_tunnel.p4(152) Condition "hdr.ipv4.isValid() && !hdr.myTunnel.isValid()" (node_2) is false
[15:52:32.375] [bmv2] [T] [thread 10916] [7.0] [cxt 0] basic_tunnel.p4(155) Condition "hdr.myTunnel.isValid()" (node_4) is false
[15:52:32.375] [bmv2] [D] [thread 10916] [7.0] [cxt 0] Pipeline 'ingress': end
[15:52:32.375] [bmv2] [D] [thread 10916] [7.0] [cxt 0] Egress port is 0
[15:52:32.375] [bmv2] [D] [thread 10917] [7.0] [cxt 0] Pipeline 'egress': start
[15:52:32.375] [bmv2] [D] [thread 10917] [7.0] [cxt 0] Pipeline 'egress': end
[15:52:32.375] [bmv2] [D] [thread 10917] [7.0] [cxt 0] Deparser 'deparser': start
[15:52:32.375] [bmv2] [T] [thread 10917] [7.0] [cxt 0] Skipping checksum 'cksum' update because condition not met
[15:52:32.375] [bmv2] [D] [thread 10917] [7.0] [cxt 0] Deparsing header 'ethernet'
[15:52:32.375] [bmv2] [D] [thread 10917] [7.0] [cxt 0] Deparser 'deparser': end
[15:52:32.375] [bmv2] [D] [thread 10921] [7.0] [cxt 0] Transmitting packet of size 196 out of port 0
[15:52:32.411] [bmv2] [D] [thread 10916] [8.0] [cxt 0] Processing packet received on port 3
[15:52:32.411] [bmv2] [D] [thread 10916] [8.0] [cxt 0] Parser 'parser': start
[15:52:32.411] [bmv2] [D] [thread 10916] [8.0] [cxt 0] Parser 'parser' entering state 'start'
[15:52:32.411] [bmv2] [D] [thread 10916] [8.0] [cxt 0] Extracting header 'ethernet'
[15:52:32.411] [bmv2] [D] [thread 10916] [8.0] [cxt 0] Parser state 'start': key is 86dd
[15:52:32.411] [bmv2] [T] [thread 10916] [8.0] [cxt 0] Bytes parsed: 14
[15:52:32.411] [bmv2] [D] [thread 10916] [8.0] [cxt 0] Parser 'parser': end
[15:52:32.411] [bmv2] [D] [thread 10916] [8.0] [cxt 0] Pipeline 'ingress': start
[15:52:32.411] [bmv2] [T] [thread 10916] [8.0] [cxt 0] basic_tunnel.p4(152) Condition "hdr.ipv4.isValid() && !hdr.myTunnel.isValid()" (node_2) is false
[15:52:32.411] [bmv2] [T] [thread 10916] [8.0] [cxt 0] basic_tunnel.p4(155) Condition "hdr.myTunnel.isValid()" (node_4) is false
[15:52:32.411] [bmv2] [D] [thread 10916] [8.0] [cxt 0] Pipeline 'ingress': end
[15:52:32.411] [bmv2] [D] [thread 10916] [8.0] [cxt 0] Egress port is 0
[15:52:32.412] [bmv2] [D] [thread 10917] [8.0] [cxt 0] Pipeline 'egress': start
[15:52:32.412] [bmv2] [D] [thread 10917] [8.0] [cxt 0] Pipeline 'egress': end
[15:52:32.412] [bmv2] [D] [thread 10917] [8.0] [cxt 0] Deparser 'deparser': start
[15:52:32.412] [bmv2] [T] [thread 10917] [8.0] [cxt 0] Skipping checksum 'cksum' update because condition not met
[15:52:32.412] [bmv2] [D] [thread 10917] [8.0] [cxt 0] Deparsing header 'ethernet'
[15:52:32.412] [bmv2] [D] [thread 10917] [8.0] [cxt 0] Deparser 'deparser': end
[15:52:32.412] [bmv2] [D] [thread 10921] [8.0] [cxt 0] Transmitting packet of size 180 out of port 0
[15:52:32.415] [bmv2] [D] [thread 10916] [9.0] [cxt 0] Processing packet received on port 1
[15:52:32.415] [bmv2] [D] [thread 10916] [9.0] [cxt 0] Parser 'parser': start
[15:52:32.415] [bmv2] [D] [thread 10916] [9.0] [cxt 0] Parser 'parser' entering state 'start'
[15:52:32.415] [bmv2] [D] [thread 10916] [9.0] [cxt 0] Extracting header 'ethernet'
[15:52:32.415] [bmv2] [D] [thread 10916] [9.0] [cxt 0] Parser state 'start': key is 86dd
[15:52:32.415] [bmv2] [T] [thread 10916] [9.0] [cxt 0] Bytes parsed: 14
[15:52:32.415] [bmv2] [D] [thread 10916] [9.0] [cxt 0] Parser 'parser': end
[15:52:32.415] [bmv2] [D] [thread 10916] [9.0] [cxt 0] Pipeline 'ingress': start
[15:52:32.415] [bmv2] [T] [thread 10916] [9.0] [cxt 0] basic_tunnel.p4(152) Condition "hdr.ipv4.isValid() && !hdr.myTunnel.isValid()" (node_2) is false
[15:52:32.415] [bmv2] [T] [thread 10916] [9.0] [cxt 0] basic_tunnel.p4(155) Condition "hdr.myTunnel.isValid()" (node_4) is false
[15:52:32.415] [bmv2] [D] [thread 10916] [9.0] [cxt 0] Pipeline 'ingress': end
[15:52:32.415] [bmv2] [D] [thread 10916] [9.0] [cxt 0] Egress port is 0
[15:52:32.415] [bmv2] [D] [thread 10917] [9.0] [cxt 0] Pipeline 'egress': start
[15:52:32.415] [bmv2] [D] [thread 10917] [9.0] [cxt 0] Pipeline 'egress': end
[15:52:32.415] [bmv2] [D] [thread 10917] [9.0] [cxt 0] Deparser 'deparser': start
[15:52:32.415] [bmv2] [T] [thread 10917] [9.0] [cxt 0] Skipping checksum 'cksum' update because condition not met
[15:52:32.415] [bmv2] [D] [thread 10917] [9.0] [cxt 0] Deparsing header 'ethernet'
[15:52:32.415] [bmv2] [D] [thread 10917] [9.0] [cxt 0] Deparser 'deparser': end
[15:52:32.415] [bmv2] [D] [thread 10921] [9.0] [cxt 0] Transmitting packet of size 180 out of port 0
[15:52:32.445] [bmv2] [D] [thread 10916] [10.0] [cxt 0] Processing packet received on port 2
[15:52:32.445] [bmv2] [D] [thread 10916] [10.0] [cxt 0] Parser 'parser': start
[15:52:32.445] [bmv2] [D] [thread 10916] [10.0] [cxt 0] Parser 'parser' entering state 'start'
[15:52:32.445] [bmv2] [D] [thread 10916] [10.0] [cxt 0] Extracting header 'ethernet'
[15:52:32.445] [bmv2] [D] [thread 10916] [10.0] [cxt 0] Parser state 'start': key is 86dd
[15:52:32.445] [bmv2] [T] [thread 10916] [10.0] [cxt 0] Bytes parsed: 14
[15:52:32.445] [bmv2] [D] [thread 10916] [10.0] [cxt 0] Parser 'parser': end
[15:52:32.445] [bmv2] [D] [thread 10916] [10.0] [cxt 0] Pipeline 'ingress': start
[15:52:32.445] [bmv2] [T] [thread 10916] [10.0] [cxt 0] basic_tunnel.p4(152) Condition "hdr.ipv4.isValid() && !hdr.myTunnel.isValid()" (node_2) is false
[15:52:32.445] [bmv2] [T] [thread 10916] [10.0] [cxt 0] basic_tunnel.p4(155) Condition "hdr.myTunnel.isValid()" (node_4) is false
[15:52:32.445] [bmv2] [D] [thread 10916] [10.0] [cxt 0] Pipeline 'ingress': end
[15:52:32.445] [bmv2] [D] [thread 10916] [10.0] [cxt 0] Egress port is 0
[15:52:32.445] [bmv2] [D] [thread 10917] [10.0] [cxt 0] Pipeline 'egress': start
[15:52:32.445] [bmv2] [D] [thread 10917] [10.0] [cxt 0] Pipeline 'egress': end
[15:52:32.445] [bmv2] [D] [thread 10917] [10.0] [cxt 0] Deparser 'deparser': start
[15:52:32.445] [bmv2] [T] [thread 10917] [10.0] [cxt 0] Skipping checksum 'cksum' update because condition not met
[15:52:32.445] [bmv2] [D] [thread 10917] [10.0] [cxt 0] Deparsing header 'ethernet'
[15:52:32.445] [bmv2] [D] [thread 10917] [10.0] [cxt 0] Deparser 'deparser': end
[15:52:32.445] [bmv2] [D] [thread 10921] [10.0] [cxt 0] Transmitting packet of size 196 out of port 0
[15:52:32.512] [bmv2] [D] [thread 10916] [11.0] [cxt 0] Processing packet received on port 2
[15:52:32.512] [bmv2] [D] [thread 10916] [11.0] [cxt 0] Parser 'parser': start
[15:52:32.512] [bmv2] [D] [thread 10916] [11.0] [cxt 0] Parser 'parser' entering state 'start'
[15:52:32.512] [bmv2] [D] [thread 10916] [11.0] [cxt 0] Extracting header 'ethernet'
[15:52:32.512] [bmv2] [D] [thread 10916] [11.0] [cxt 0] Parser state 'start': key is 86dd
[15:52:32.512] [bmv2] [T] [thread 10916] [11.0] [cxt 0] Bytes parsed: 14
[15:52:32.512] [bmv2] [D] [thread 10916] [11.0] [cxt 0] Parser 'parser': end
[15:52:32.512] [bmv2] [D] [thread 10916] [11.0] [cxt 0] Pipeline 'ingress': start
[15:52:32.512] [bmv2] [T] [thread 10916] [11.0] [cxt 0] basic_tunnel.p4(152) Condition "hdr.ipv4.isValid() && !hdr.myTunnel.isValid()" (node_2) is false
[15:52:32.512] [bmv2] [T] [thread 10916] [11.0] [cxt 0] basic_tunnel.p4(155) Condition "hdr.myTunnel.isValid()" (node_4) is false
[15:52:32.512] [bmv2] [D] [thread 10916] [11.0] [cxt 0] Pipeline 'ingress': end
[15:52:32.512] [bmv2] [D] [thread 10916] [11.0] [cxt 0] Egress port is 0
[15:52:32.513] [bmv2] [D] [thread 10917] [11.0] [cxt 0] Pipeline 'egress': start
[15:52:32.513] [bmv2] [D] [thread 10917] [11.0] [cxt 0] Pipeline 'egress': end
[15:52:32.513] [bmv2] [D] [thread 10917] [11.0] [cxt 0] Deparser 'deparser': start
[15:52:32.513] [bmv2] [T] [thread 10917] [11.0] [cxt 0] Skipping checksum 'cksum' update because condition not met
[15:52:32.513] [bmv2] [D] [thread 10917] [11.0] [cxt 0] Deparsing header 'ethernet'
[15:52:32.513] [bmv2] [D] [thread 10917] [11.0] [cxt 0] Deparser 'deparser': end
[15:52:32.513] [bmv2] [D] [thread 10921] [11.0] [cxt 0] Transmitting packet of size 208 out of port 0
[15:52:32.527] [bmv2] [D] [thread 10916] [12.0] [cxt 0] Processing packet received on port 2
[15:52:32.527] [bmv2] [D] [thread 10916] [12.0] [cxt 0] Parser 'parser': start
[15:52:32.527] [bmv2] [D] [thread 10916] [12.0] [cxt 0] Parser 'parser' entering state 'start'
[15:52:32.527] [bmv2] [D] [thread 10916] [12.0] [cxt 0] Extracting header 'ethernet'
[15:52:32.527] [bmv2] [D] [thread 10916] [12.0] [cxt 0] Parser state 'start': key is 86dd
[15:52:32.527] [bmv2] [T] [thread 10916] [12.0] [cxt 0] Bytes parsed: 14
[15:52:32.527] [bmv2] [D] [thread 10916] [12.0] [cxt 0] Parser 'parser': end
[15:52:32.527] [bmv2] [D] [thread 10916] [12.0] [cxt 0] Pipeline 'ingress': start
[15:52:32.527] [bmv2] [T] [thread 10916] [12.0] [cxt 0] basic_tunnel.p4(152) Condition "hdr.ipv4.isValid() && !hdr.myTunnel.isValid()" (node_2) is false
[15:52:32.527] [bmv2] [T] [thread 10916] [12.0] [cxt 0] basic_tunnel.p4(155) Condition "hdr.myTunnel.isValid()" (node_4) is false
[15:52:32.527] [bmv2] [D] [thread 10916] [12.0] [cxt 0] Pipeline 'ingress': end
[15:52:32.527] [bmv2] [D] [thread 10916] [12.0] [cxt 0] Egress port is 0
[15:52:32.527] [bmv2] [D] [thread 10917] [12.0] [cxt 0] Pipeline 'egress': start
[15:52:32.527] [bmv2] [D] [thread 10917] [12.0] [cxt 0] Pipeline 'egress': end
[15:52:32.527] [bmv2] [D] [thread 10917] [12.0] [cxt 0] Deparser 'deparser': start
[15:52:32.527] [bmv2] [T] [thread 10917] [12.0] [cxt 0] Skipping checksum 'cksum' update because condition not met
[15:52:32.527] [bmv2] [D] [thread 10917] [12.0] [cxt 0] Deparsing header 'ethernet'
[15:52:32.528] [bmv2] [D] [thread 10917] [12.0] [cxt 0] Deparser 'deparser': end
[15:52:32.528] [bmv2] [D] [thread 10921] [12.0] [cxt 0] Transmitting packet of size 90 out of port 0
[15:52:32.546] [bmv2] [D] [thread 10916] [13.0] [cxt 0] Processing packet received on port 2
[15:52:32.546] [bmv2] [D] [thread 10916] [13.0] [cxt 0] Parser 'parser': start
[15:52:32.546] [bmv2] [D] [thread 10916] [13.0] [cxt 0] Parser 'parser' entering state 'start'
[15:52:32.546] [bmv2] [D] [thread 10916] [13.0] [cxt 0] Extracting header 'ethernet'
[15:52:32.546] [bmv2] [D] [thread 10916] [13.0] [cxt 0] Parser state 'start': key is 86dd
[15:52:32.546] [bmv2] [T] [thread 10916] [13.0] [cxt 0] Bytes parsed: 14
[15:52:32.546] [bmv2] [D] [thread 10916] [13.0] [cxt 0] Parser 'parser': end
[15:52:32.546] [bmv2] [D] [thread 10916] [13.0] [cxt 0] Pipeline 'ingress': start
[15:52:32.546] [bmv2] [T] [thread 10916] [13.0] [cxt 0] basic_tunnel.p4(152) Condition "hdr.ipv4.isValid() && !hdr.myTunnel.isValid()" (node_2) is false
[15:52:32.546] [bmv2] [T] [thread 10916] [13.0] [cxt 0] basic_tunnel.p4(155) Condition "hdr.myTunnel.isValid()" (node_4) is false
[15:52:32.546] [bmv2] [D] [thread 10916] [13.0] [cxt 0] Pipeline 'ingress': end
[15:52:32.546] [bmv2] [D] [thread 10916] [13.0] [cxt 0] Egress port is 0
[15:52:32.546] [bmv2] [D] [thread 10917] [13.0] [cxt 0] Pipeline 'egress': start
[15:52:32.546] [bmv2] [D] [thread 10917] [13.0] [cxt 0] Pipeline 'egress': end
[15:52:32.546] [bmv2] [D] [thread 10917] [13.0] [cxt 0] Deparser 'deparser': start
[15:52:32.546] [bmv2] [T] [thread 10917] [13.0] [cxt 0] Skipping checksum 'cksum' update because condition not met
[15:52:32.546] [bmv2] [D] [thread 10917] [13.0] [cxt 0] Deparsing header 'ethernet'
[15:52:32.546] [bmv2] [D] [thread 10917] [13.0] [cxt 0] Deparser 'deparser': end
[15:52:32.547] [bmv2] [D] [thread 10921] [13.0] [cxt 0] Transmitting packet of size 180 out of port 0
[15:52:32.607] [bmv2] [D] [thread 10916] [14.0] [cxt 0] Processing packet received on port 3
[15:52:32.607] [bmv2] [D] [thread 10916] [14.0] [cxt 0] Parser 'parser': start
[15:52:32.607] [bmv2] [D] [thread 10916] [14.0] [cxt 0] Parser 'parser' entering state 'start'
[15:52:32.607] [bmv2] [D] [thread 10916] [14.0] [cxt 0] Extracting header 'ethernet'
[15:52:32.607] [bmv2] [D] [thread 10916] [14.0] [cxt 0] Parser state 'start': key is 86dd
[15:52:32.607] [bmv2] [T] [thread 10916] [14.0] [cxt 0] Bytes parsed: 14
[15:52:32.607] [bmv2] [D] [thread 10916] [14.0] [cxt 0] Parser 'parser': end
[15:52:32.607] [bmv2] [D] [thread 10916] [14.0] [cxt 0] Pipeline 'ingress': start
[15:52:32.607] [bmv2] [T] [thread 10916] [14.0] [cxt 0] basic_tunnel.p4(152) Condition "hdr.ipv4.isValid() && !hdr.myTunnel.isValid()" (node_2) is false
[15:52:32.607] [bmv2] [T] [thread 10916] [14.0] [cxt 0] basic_tunnel.p4(155) Condition "hdr.myTunnel.isValid()" (node_4) is false
[15:52:32.607] [bmv2] [D] [thread 10916] [14.0] [cxt 0] Pipeline 'ingress': end
[15:52:32.607] [bmv2] [D] [thread 10916] [14.0] [cxt 0] Egress port is 0
[15:52:32.607] [bmv2] [D] [thread 10917] [14.0] [cxt 0] Pipeline 'egress': start
[15:52:32.607] [bmv2] [D] [thread 10917] [14.0] [cxt 0] Pipeline 'egress': end
[15:52:32.607] [bmv2] [D] [thread 10917] [14.0] [cxt 0] Deparser 'deparser': start
[15:52:32.607] [bmv2] [T] [thread 10917] [14.0] [cxt 0] Skipping checksum 'cksum' update because condition not met
[15:52:32.607] [bmv2] [D] [thread 10917] [14.0] [cxt 0] Deparsing header 'ethernet'
[15:52:32.607] [bmv2] [D] [thread 10917] [14.0] [cxt 0] Deparser 'deparser': end
[15:52:32.607] [bmv2] [D] [thread 10921] [14.0] [cxt 0] Transmitting packet of size 208 out of port 0
[15:52:32.692] [bmv2] [D] [thread 10916] [15.0] [cxt 0] Processing packet received on port 3
[15:52:32.692] [bmv2] [D] [thread 10916] [15.0] [cxt 0] Parser 'parser': start
[15:52:32.692] [bmv2] [D] [thread 10916] [15.0] [cxt 0] Parser 'parser' entering state 'start'
[15:52:32.692] [bmv2] [D] [thread 10916] [15.0] [cxt 0] Extracting header 'ethernet'
[15:52:32.692] [bmv2] [D] [thread 10916] [15.0] [cxt 0] Parser state 'start': key is 86dd
[15:52:32.692] [bmv2] [T] [thread 10916] [15.0] [cxt 0] Bytes parsed: 14
[15:52:32.692] [bmv2] [D] [thread 10916] [15.0] [cxt 0] Parser 'parser': end
[15:52:32.692] [bmv2] [D] [thread 10916] [15.0] [cxt 0] Pipeline 'ingress': start
[15:52:32.692] [bmv2] [T] [thread 10916] [15.0] [cxt 0] basic_tunnel.p4(152) Condition "hdr.ipv4.isValid() && !hdr.myTunnel.isValid()" (node_2) is false
[15:52:32.692] [bmv2] [T] [thread 10916] [15.0] [cxt 0] basic_tunnel.p4(155) Condition "hdr.myTunnel.isValid()" (node_4) is false
[15:52:32.692] [bmv2] [D] [thread 10916] [15.0] [cxt 0] Pipeline 'ingress': end
[15:52:32.692] [bmv2] [D] [thread 10916] [15.0] [cxt 0] Egress port is 0
[15:52:32.692] [bmv2] [D] [thread 10917] [15.0] [cxt 0] Pipeline 'egress': start
[15:52:32.692] [bmv2] [D] [thread 10917] [15.0] [cxt 0] Pipeline 'egress': end
[15:52:32.692] [bmv2] [D] [thread 10917] [15.0] [cxt 0] Deparser 'deparser': start
[15:52:32.692] [bmv2] [T] [thread 10917] [15.0] [cxt 0] Skipping checksum 'cksum' update because condition not met
[15:52:32.692] [bmv2] [D] [thread 10917] [15.0] [cxt 0] Deparsing header 'ethernet'
[15:52:32.692] [bmv2] [D] [thread 10917] [15.0] [cxt 0] Deparser 'deparser': end
[15:52:32.692] [bmv2] [D] [thread 10921] [15.0] [cxt 0] Transmitting packet of size 90 out of port 0
[15:52:32.763] [bmv2] [D] [thread 10916] [16.0] [cxt 0] Processing packet received on port 2
[15:52:32.763] [bmv2] [D] [thread 10916] [16.0] [cxt 0] Parser 'parser': start
[15:52:32.763] [bmv2] [D] [thread 10916] [16.0] [cxt 0] Parser 'parser' entering state 'start'
[15:52:32.763] [bmv2] [D] [thread 10916] [16.0] [cxt 0] Extracting header 'ethernet'
[15:52:32.763] [bmv2] [D] [thread 10916] [16.0] [cxt 0] Parser state 'start': key is 86dd
[15:52:32.763] [bmv2] [T] [thread 10916] [16.0] [cxt 0] Bytes parsed: 14
[15:52:32.763] [bmv2] [D] [thread 10916] [16.0] [cxt 0] Parser 'parser': end
[15:52:32.763] [bmv2] [D] [thread 10916] [16.0] [cxt 0] Pipeline 'ingress': start
[15:52:32.763] [bmv2] [T] [thread 10916] [16.0] [cxt 0] basic_tunnel.p4(152) Condition "hdr.ipv4.isValid() && !hdr.myTunnel.isValid()" (node_2) is false
[15:52:32.763] [bmv2] [T] [thread 10916] [16.0] [cxt 0] basic_tunnel.p4(155) Condition "hdr.myTunnel.isValid()" (node_4) is false
[15:52:32.763] [bmv2] [D] [thread 10916] [16.0] [cxt 0] Pipeline 'ingress': end
[15:52:32.764] [bmv2] [D] [thread 10916] [16.0] [cxt 0] Egress port is 0
[15:52:32.764] [bmv2] [D] [thread 10917] [16.0] [cxt 0] Pipeline 'egress': start
[15:52:32.764] [bmv2] [D] [thread 10917] [16.0] [cxt 0] Pipeline 'egress': end
[15:52:32.764] [bmv2] [D] [thread 10917] [16.0] [cxt 0] Deparser 'deparser': start
[15:52:32.764] [bmv2] [T] [thread 10917] [16.0] [cxt 0] Skipping checksum 'cksum' update because condition not met
[15:52:32.764] [bmv2] [D] [thread 10917] [16.0] [cxt 0] Deparsing header 'ethernet'
[15:52:32.764] [bmv2] [D] [thread 10917] [16.0] [cxt 0] Deparser 'deparser': end
[15:52:32.764] [bmv2] [D] [thread 10921] [16.0] [cxt 0] Transmitting packet of size 208 out of port 0
[15:52:32.783] [bmv2] [D] [thread 10916] [17.0] [cxt 0] Processing packet received on port 2
[15:52:32.783] [bmv2] [D] [thread 10916] [17.0] [cxt 0] Parser 'parser': start
[15:52:32.783] [bmv2] [D] [thread 10916] [17.0] [cxt 0] Parser 'parser' entering state 'start'
[15:52:32.783] [bmv2] [D] [thread 10916] [17.0] [cxt 0] Extracting header 'ethernet'
[15:52:32.783] [bmv2] [D] [thread 10916] [17.0] [cxt 0] Parser state 'start': key is 86dd
[15:52:32.784] [bmv2] [T] [thread 10916] [17.0] [cxt 0] Bytes parsed: 14
[15:52:32.784] [bmv2] [D] [thread 10916] [17.0] [cxt 0] Parser 'parser': end
[15:52:32.784] [bmv2] [D] [thread 10916] [17.0] [cxt 0] Pipeline 'ingress': start
[15:52:32.784] [bmv2] [T] [thread 10916] [17.0] [cxt 0] basic_tunnel.p4(152) Condition "hdr.ipv4.isValid() && !hdr.myTunnel.isValid()" (node_2) is false
[15:52:32.784] [bmv2] [T] [thread 10916] [17.0] [cxt 0] basic_tunnel.p4(155) Condition "hdr.myTunnel.isValid()" (node_4) is false
[15:52:32.784] [bmv2] [D] [thread 10916] [17.0] [cxt 0] Pipeline 'ingress': end
[15:52:32.784] [bmv2] [D] [thread 10916] [17.0] [cxt 0] Egress port is 0
[15:52:32.784] [bmv2] [D] [thread 10917] [17.0] [cxt 0] Pipeline 'egress': start
[15:52:32.784] [bmv2] [D] [thread 10917] [17.0] [cxt 0] Pipeline 'egress': end
[15:52:32.784] [bmv2] [D] [thread 10917] [17.0] [cxt 0] Deparser 'deparser': start
[15:52:32.784] [bmv2] [T] [thread 10917] [17.0] [cxt 0] Skipping checksum 'cksum' update because condition not met
[15:52:32.784] [bmv2] [D] [thread 10917] [17.0] [cxt 0] Deparsing header 'ethernet'
[15:52:32.784] [bmv2] [D] [thread 10917] [17.0] [cxt 0] Deparser 'deparser': end
[15:52:32.784] [bmv2] [D] [thread 10921] [17.0] [cxt 0] Transmitting packet of size 110 out of port 0
[15:52:32.858] [bmv2] [D] [thread 10916] [18.0] [cxt 0] Processing packet received on port 3
[15:52:32.858] [bmv2] [D] [thread 10916] [18.0] [cxt 0] Parser 'parser': start
[15:52:32.858] [bmv2] [D] [thread 10916] [18.0] [cxt 0] Parser 'parser' entering state 'start'
[15:52:32.858] [bmv2] [D] [thread 10916] [18.0] [cxt 0] Extracting header 'ethernet'
[15:52:32.858] [bmv2] [D] [thread 10916] [18.0] [cxt 0] Parser state 'start': key is 86dd
[15:52:32.858] [bmv2] [T] [thread 10916] [18.0] [cxt 0] Bytes parsed: 14
[15:52:32.858] [bmv2] [D] [thread 10916] [18.0] [cxt 0] Parser 'parser': end
[15:52:32.858] [bmv2] [D] [thread 10916] [18.0] [cxt 0] Pipeline 'ingress': start
[15:52:32.858] [bmv2] [T] [thread 10916] [18.0] [cxt 0] basic_tunnel.p4(152) Condition "hdr.ipv4.isValid() && !hdr.myTunnel.isValid()" (node_2) is false
[15:52:32.858] [bmv2] [T] [thread 10916] [18.0] [cxt 0] basic_tunnel.p4(155) Condition "hdr.myTunnel.isValid()" (node_4) is false
[15:52:32.858] [bmv2] [D] [thread 10916] [18.0] [cxt 0] Pipeline 'ingress': end
[15:52:32.858] [bmv2] [D] [thread 10916] [18.0] [cxt 0] Egress port is 0
[15:52:32.858] [bmv2] [D] [thread 10917] [18.0] [cxt 0] Pipeline 'egress': start
[15:52:32.858] [bmv2] [D] [thread 10917] [18.0] [cxt 0] Pipeline 'egress': end
[15:52:32.858] [bmv2] [D] [thread 10917] [18.0] [cxt 0] Deparser 'deparser': start
[15:52:32.858] [bmv2] [T] [thread 10917] [18.0] [cxt 0] Skipping checksum 'cksum' update because condition not met
[15:52:32.858] [bmv2] [D] [thread 10917] [18.0] [cxt 0] Deparsing header 'ethernet'
[15:52:32.858] [bmv2] [D] [thread 10917] [18.0] [cxt 0] Deparser 'deparser': end
[15:52:32.858] [bmv2] [D] [thread 10921] [18.0] [cxt 0] Transmitting packet of size 208 out of port 0
[15:52:32.886] [bmv2] [D] [thread 10916] [19.0] [cxt 0] Processing packet received on port 3
[15:52:32.887] [bmv2] [D] [thread 10916] [19.0] [cxt 0] Parser 'parser': start
[15:52:32.887] [bmv2] [D] [thread 10916] [19.0] [cxt 0] Parser 'parser' entering state 'start'
[15:52:32.887] [bmv2] [D] [thread 10916] [19.0] [cxt 0] Extracting header 'ethernet'
[15:52:32.887] [bmv2] [D] [thread 10916] [19.0] [cxt 0] Parser state 'start': key is 86dd
[15:52:32.887] [bmv2] [T] [thread 10916] [19.0] [cxt 0] Bytes parsed: 14
[15:52:32.887] [bmv2] [D] [thread 10916] [19.0] [cxt 0] Parser 'parser': end
[15:52:32.887] [bmv2] [D] [thread 10916] [19.0] [cxt 0] Pipeline 'ingress': start
[15:52:32.887] [bmv2] [T] [thread 10916] [19.0] [cxt 0] basic_tunnel.p4(152) Condition "hdr.ipv4.isValid() && !hdr.myTunnel.isValid()" (node_2) is false
[15:52:32.887] [bmv2] [T] [thread 10916] [19.0] [cxt 0] basic_tunnel.p4(155) Condition "hdr.myTunnel.isValid()" (node_4) is false
[15:52:32.887] [bmv2] [D] [thread 10916] [19.0] [cxt 0] Pipeline 'ingress': end
[15:52:32.887] [bmv2] [D] [thread 10916] [19.0] [cxt 0] Egress port is 0
[15:52:32.887] [bmv2] [D] [thread 10917] [19.0] [cxt 0] Pipeline 'egress': start
[15:52:32.887] [bmv2] [D] [thread 10917] [19.0] [cxt 0] Pipeline 'egress': end
[15:52:32.887] [bmv2] [D] [thread 10917] [19.0] [cxt 0] Deparser 'deparser': start
[15:52:32.887] [bmv2] [T] [thread 10917] [19.0] [cxt 0] Skipping checksum 'cksum' update because condition not met
[15:52:32.887] [bmv2] [D] [thread 10917] [19.0] [cxt 0] Deparsing header 'ethernet'
[15:52:32.887] [bmv2] [D] [thread 10917] [19.0] [cxt 0] Deparser 'deparser': end
[15:52:32.887] [bmv2] [D] [thread 10921] [19.0] [cxt 0] Transmitting packet of size 110 out of port 0
[15:52:32.961] [bmv2] [D] [thread 10916] [20.0] [cxt 0] Processing packet received on port 2
[15:52:32.961] [bmv2] [D] [thread 10916] [20.0] [cxt 0] Parser 'parser': start
[15:52:32.961] [bmv2] [D] [thread 10916] [20.0] [cxt 0] Parser 'parser' entering state 'start'
[15:52:32.961] [bmv2] [D] [thread 10916] [20.0] [cxt 0] Extracting header 'ethernet'
[15:52:32.961] [bmv2] [D] [thread 10916] [20.0] [cxt 0] Parser state 'start': key is 86dd
[15:52:32.961] [bmv2] [T] [thread 10916] [20.0] [cxt 0] Bytes parsed: 14
[15:52:32.961] [bmv2] [D] [thread 10916] [20.0] [cxt 0] Parser 'parser': end
[15:52:32.961] [bmv2] [D] [thread 10916] [20.0] [cxt 0] Pipeline 'ingress': start
[15:52:32.961] [bmv2] [T] [thread 10916] [20.0] [cxt 0] basic_tunnel.p4(152) Condition "hdr.ipv4.isValid() && !hdr.myTunnel.isValid()" (node_2) is false
[15:52:32.961] [bmv2] [T] [thread 10916] [20.0] [cxt 0] basic_tunnel.p4(155) Condition "hdr.myTunnel.isValid()" (node_4) is false
[15:52:32.961] [bmv2] [D] [thread 10916] [20.0] [cxt 0] Pipeline 'ingress': end
[15:52:32.961] [bmv2] [D] [thread 10916] [20.0] [cxt 0] Egress port is 0
[15:52:32.962] [bmv2] [D] [thread 10917] [20.0] [cxt 0] Pipeline 'egress': start
[15:52:32.962] [bmv2] [D] [thread 10917] [20.0] [cxt 0] Pipeline 'egress': end
[15:52:32.962] [bmv2] [D] [thread 10917] [20.0] [cxt 0] Deparser 'deparser': start
[15:52:32.962] [bmv2] [T] [thread 10917] [20.0] [cxt 0] Skipping checksum 'cksum' update because condition not met
[15:52:32.962] [bmv2] [D] [thread 10917] [20.0] [cxt 0] Deparsing header 'ethernet'
[15:52:32.962] [bmv2] [D] [thread 10917] [20.0] [cxt 0] Deparser 'deparser': end
[15:52:32.963] [bmv2] [D] [thread 10921] [20.0] [cxt 0] Transmitting packet of size 196 out of port 0
[15:52:33.063] [bmv2] [D] [thread 10916] [21.0] [cxt 0] Processing packet received on port 2
[15:52:33.063] [bmv2] [D] [thread 10916] [21.0] [cxt 0] Parser 'parser': start
[15:52:33.063] [bmv2] [D] [thread 10916] [21.0] [cxt 0] Parser 'parser' entering state 'start'
[15:52:33.063] [bmv2] [D] [thread 10916] [21.0] [cxt 0] Extracting header 'ethernet'
[15:52:33.063] [bmv2] [D] [thread 10916] [21.0] [cxt 0] Parser state 'start': key is 86dd
[15:52:33.063] [bmv2] [T] [thread 10916] [21.0] [cxt 0] Bytes parsed: 14
[15:52:33.063] [bmv2] [D] [thread 10916] [21.0] [cxt 0] Parser 'parser': end
[15:52:33.063] [bmv2] [D] [thread 10916] [21.0] [cxt 0] Pipeline 'ingress': start
[15:52:33.063] [bmv2] [T] [thread 10916] [21.0] [cxt 0] basic_tunnel.p4(152) Condition "hdr.ipv4.isValid() && !hdr.myTunnel.isValid()" (node_2) is false
[15:52:33.063] [bmv2] [T] [thread 10916] [21.0] [cxt 0] basic_tunnel.p4(155) Condition "hdr.myTunnel.isValid()" (node_4) is false
[15:52:33.063] [bmv2] [D] [thread 10916] [21.0] [cxt 0] Pipeline 'ingress': end
[15:52:33.063] [bmv2] [D] [thread 10916] [21.0] [cxt 0] Egress port is 0
[15:52:33.063] [bmv2] [D] [thread 10917] [21.0] [cxt 0] Pipeline 'egress': start
[15:52:33.063] [bmv2] [D] [thread 10917] [21.0] [cxt 0] Pipeline 'egress': end
[15:52:33.063] [bmv2] [D] [thread 10917] [21.0] [cxt 0] Deparser 'deparser': start
[15:52:33.063] [bmv2] [T] [thread 10917] [21.0] [cxt 0] Skipping checksum 'cksum' update because condition not met
[15:52:33.063] [bmv2] [D] [thread 10917] [21.0] [cxt 0] Deparsing header 'ethernet'
[15:52:33.063] [bmv2] [D] [thread 10917] [21.0] [cxt 0] Deparser 'deparser': end
[15:52:33.063] [bmv2] [D] [thread 10921] [21.0] [cxt 0] Transmitting packet of size 180 out of port 0
[15:52:33.111] [bmv2] [D] [thread 10916] [22.0] [cxt 0] Processing packet received on port 3
[15:52:33.111] [bmv2] [D] [thread 10916] [22.0] [cxt 0] Parser 'parser': start
[15:52:33.111] [bmv2] [D] [thread 10916] [22.0] [cxt 0] Parser 'parser' entering state 'start'
[15:52:33.111] [bmv2] [D] [thread 10916] [22.0] [cxt 0] Extracting header 'ethernet'
[15:52:33.111] [bmv2] [D] [thread 10916] [22.0] [cxt 0] Parser state 'start': key is 86dd
[15:52:33.111] [bmv2] [T] [thread 10916] [22.0] [cxt 0] Bytes parsed: 14
[15:52:33.111] [bmv2] [D] [thread 10916] [22.0] [cxt 0] Parser 'parser': end
[15:52:33.111] [bmv2] [D] [thread 10916] [22.0] [cxt 0] Pipeline 'ingress': start
[15:52:33.111] [bmv2] [T] [thread 10916] [22.0] [cxt 0] basic_tunnel.p4(152) Condition "hdr.ipv4.isValid() && !hdr.myTunnel.isValid()" (node_2) is false
[15:52:33.111] [bmv2] [T] [thread 10916] [22.0] [cxt 0] basic_tunnel.p4(155) Condition "hdr.myTunnel.isValid()" (node_4) is false
[15:52:33.111] [bmv2] [D] [thread 10916] [22.0] [cxt 0] Pipeline 'ingress': end
[15:52:33.111] [bmv2] [D] [thread 10916] [22.0] [cxt 0] Egress port is 0
[15:52:33.111] [bmv2] [D] [thread 10916] [23.0] [cxt 0] Processing packet received on port 3
[15:52:33.111] [bmv2] [D] [thread 10916] [23.0] [cxt 0] Parser 'parser': start
[15:52:33.111] [bmv2] [D] [thread 10916] [23.0] [cxt 0] Parser 'parser' entering state 'start'
[15:52:33.111] [bmv2] [D] [thread 10916] [23.0] [cxt 0] Extracting header 'ethernet'
[15:52:33.111] [bmv2] [D] [thread 10916] [23.0] [cxt 0] Parser state 'start': key is 86dd
[15:52:33.111] [bmv2] [T] [thread 10916] [23.0] [cxt 0] Bytes parsed: 14
[15:52:33.111] [bmv2] [D] [thread 10916] [23.0] [cxt 0] Parser 'parser': end
[15:52:33.111] [bmv2] [D] [thread 10916] [23.0] [cxt 0] Pipeline 'ingress': start
[15:52:33.111] [bmv2] [T] [thread 10916] [23.0] [cxt 0] basic_tunnel.p4(152) Condition "hdr.ipv4.isValid() && !hdr.myTunnel.isValid()" (node_2) is false
[15:52:33.111] [bmv2] [T] [thread 10916] [23.0] [cxt 0] basic_tunnel.p4(155) Condition "hdr.myTunnel.isValid()" (node_4) is false
[15:52:33.111] [bmv2] [D] [thread 10916] [23.0] [cxt 0] Pipeline 'ingress': end
[15:52:33.111] [bmv2] [D] [thread 10916] [23.0] [cxt 0] Egress port is 0
[15:52:33.111] [bmv2] [D] [thread 10917] [22.0] [cxt 0] Pipeline 'egress': start
[15:52:33.111] [bmv2] [D] [thread 10917] [22.0] [cxt 0] Pipeline 'egress': end
[15:52:33.111] [bmv2] [D] [thread 10917] [22.0] [cxt 0] Deparser 'deparser': start
[15:52:33.111] [bmv2] [T] [thread 10917] [22.0] [cxt 0] Skipping checksum 'cksum' update because condition not met
[15:52:33.111] [bmv2] [D] [thread 10917] [22.0] [cxt 0] Deparsing header 'ethernet'
[15:52:33.111] [bmv2] [D] [thread 10917] [22.0] [cxt 0] Deparser 'deparser': end
[15:52:33.111] [bmv2] [D] [thread 10917] [23.0] [cxt 0] Pipeline 'egress': start
[15:52:33.111] [bmv2] [D] [thread 10917] [23.0] [cxt 0] Pipeline 'egress': end
[15:52:33.111] [bmv2] [D] [thread 10917] [23.0] [cxt 0] Deparser 'deparser': start
[15:52:33.111] [bmv2] [T] [thread 10917] [23.0] [cxt 0] Skipping checksum 'cksum' update because condition not met
[15:52:33.111] [bmv2] [D] [thread 10917] [23.0] [cxt 0] Deparsing header 'ethernet'
[15:52:33.111] [bmv2] [D] [thread 10917] [23.0] [cxt 0] Deparser 'deparser': end
[15:52:33.111] [bmv2] [D] [thread 10921] [22.0] [cxt 0] Transmitting packet of size 208 out of port 0
[15:52:33.111] [bmv2] [D] [thread 10921] [23.0] [cxt 0] Transmitting packet of size 110 out of port 0
[15:52:33.313] [bmv2] [D] [thread 10916] [24.0] [cxt 0] Processing packet received on port 3
[15:52:33.313] [bmv2] [D] [thread 10916] [24.0] [cxt 0] Parser 'parser': start
[15:52:33.314] [bmv2] [D] [thread 10916] [24.0] [cxt 0] Parser 'parser' entering state 'start'
[15:52:33.314] [bmv2] [D] [thread 10916] [24.0] [cxt 0] Extracting header 'ethernet'
[15:52:33.314] [bmv2] [D] [thread 10916] [24.0] [cxt 0] Parser state 'start': key is 86dd
[15:52:33.314] [bmv2] [T] [thread 10916] [24.0] [cxt 0] Bytes parsed: 14
[15:52:33.314] [bmv2] [D] [thread 10916] [24.0] [cxt 0] Parser 'parser': end
[15:52:33.314] [bmv2] [D] [thread 10916] [24.0] [cxt 0] Pipeline 'ingress': start
[15:52:33.314] [bmv2] [T] [thread 10916] [24.0] [cxt 0] basic_tunnel.p4(152) Condition "hdr.ipv4.isValid() && !hdr.myTunnel.isValid()" (node_2) is false
[15:52:33.314] [bmv2] [T] [thread 10916] [24.0] [cxt 0] basic_tunnel.p4(155) Condition "hdr.myTunnel.isValid()" (node_4) is false
[15:52:33.314] [bmv2] [D] [thread 10916] [24.0] [cxt 0] Pipeline 'ingress': end
[15:52:33.315] [bmv2] [D] [thread 10916] [24.0] [cxt 0] Egress port is 0
[15:52:33.315] [bmv2] [D] [thread 10917] [24.0] [cxt 0] Pipeline 'egress': start
[15:52:33.315] [bmv2] [D] [thread 10917] [24.0] [cxt 0] Pipeline 'egress': end
[15:52:33.315] [bmv2] [D] [thread 10917] [24.0] [cxt 0] Deparser 'deparser': start
[15:52:33.315] [bmv2] [T] [thread 10917] [24.0] [cxt 0] Skipping checksum 'cksum' update because condition not met
[15:52:33.315] [bmv2] [D] [thread 10917] [24.0] [cxt 0] Deparsing header 'ethernet'
[15:52:33.315] [bmv2] [D] [thread 10917] [24.0] [cxt 0] Deparser 'deparser': end
[15:52:33.315] [bmv2] [D] [thread 10921] [24.0] [cxt 0] Transmitting packet of size 196 out of port 0
[15:52:33.414] [bmv2] [D] [thread 10916] [25.0] [cxt 0] Processing packet received on port 3
[15:52:33.414] [bmv2] [D] [thread 10916] [25.0] [cxt 0] Parser 'parser': start
[15:52:33.414] [bmv2] [D] [thread 10916] [25.0] [cxt 0] Parser 'parser' entering state 'start'
[15:52:33.414] [bmv2] [D] [thread 10916] [25.0] [cxt 0] Extracting header 'ethernet'
[15:52:33.414] [bmv2] [D] [thread 10916] [25.0] [cxt 0] Parser state 'start': key is 86dd
[15:52:33.414] [bmv2] [T] [thread 10916] [25.0] [cxt 0] Bytes parsed: 14
[15:52:33.414] [bmv2] [D] [thread 10916] [25.0] [cxt 0] Parser 'parser': end
[15:52:33.414] [bmv2] [D] [thread 10916] [25.0] [cxt 0] Pipeline 'ingress': start
[15:52:33.414] [bmv2] [T] [thread 10916] [25.0] [cxt 0] basic_tunnel.p4(152) Condition "hdr.ipv4.isValid() && !hdr.myTunnel.isValid()" (node_2) is false
[15:52:33.414] [bmv2] [T] [thread 10916] [25.0] [cxt 0] basic_tunnel.p4(155) Condition "hdr.myTunnel.isValid()" (node_4) is false
[15:52:33.415] [bmv2] [D] [thread 10916] [25.0] [cxt 0] Pipeline 'ingress': end
[15:52:33.415] [bmv2] [D] [thread 10916] [25.0] [cxt 0] Egress port is 0
[15:52:33.415] [bmv2] [D] [thread 10917] [25.0] [cxt 0] Pipeline 'egress': start
[15:52:33.416] [bmv2] [D] [thread 10917] [25.0] [cxt 0] Pipeline 'egress': end
[15:52:33.416] [bmv2] [D] [thread 10917] [25.0] [cxt 0] Deparser 'deparser': start
[15:52:33.416] [bmv2] [T] [thread 10917] [25.0] [cxt 0] Skipping checksum 'cksum' update because condition not met
[15:52:33.416] [bmv2] [D] [thread 10917] [25.0] [cxt 0] Deparsing header 'ethernet'
[15:52:33.416] [bmv2] [D] [thread 10917] [25.0] [cxt 0] Deparser 'deparser': end
[15:52:33.416] [bmv2] [D] [thread 10921] [25.0] [cxt 0] Transmitting packet of size 180 out of port 0
[15:52:33.562] [bmv2] [D] [thread 10916] [26.0] [cxt 0] Processing packet received on port 1
[15:52:33.562] [bmv2] [D] [thread 10916] [26.0] [cxt 0] Parser 'parser': start
[15:52:33.562] [bmv2] [D] [thread 10916] [26.0] [cxt 0] Parser 'parser' entering state 'start'
[15:52:33.562] [bmv2] [D] [thread 10916] [26.0] [cxt 0] Extracting header 'ethernet'
[15:52:33.562] [bmv2] [D] [thread 10916] [26.0] [cxt 0] Parser state 'start': key is 86dd
[15:52:33.562] [bmv2] [T] [thread 10916] [26.0] [cxt 0] Bytes parsed: 14
[15:52:33.562] [bmv2] [D] [thread 10916] [26.0] [cxt 0] Parser 'parser': end
[15:52:33.562] [bmv2] [D] [thread 10916] [26.0] [cxt 0] Pipeline 'ingress': start
[15:52:33.562] [bmv2] [T] [thread 10916] [26.0] [cxt 0] basic_tunnel.p4(152) Condition "hdr.ipv4.isValid() && !hdr.myTunnel.isValid()" (node_2) is false
[15:52:33.562] [bmv2] [T] [thread 10916] [26.0] [cxt 0] basic_tunnel.p4(155) Condition "hdr.myTunnel.isValid()" (node_4) is false
[15:52:33.562] [bmv2] [D] [thread 10916] [26.0] [cxt 0] Pipeline 'ingress': end
[15:52:33.562] [bmv2] [D] [thread 10916] [26.0] [cxt 0] Egress port is 0
[15:52:33.562] [bmv2] [D] [thread 10917] [26.0] [cxt 0] Pipeline 'egress': start
[15:52:33.562] [bmv2] [D] [thread 10917] [26.0] [cxt 0] Pipeline 'egress': end
[15:52:33.562] [bmv2] [D] [thread 10917] [26.0] [cxt 0] Deparser 'deparser': start
[15:52:33.562] [bmv2] [T] [thread 10917] [26.0] [cxt 0] Skipping checksum 'cksum' update because condition not met
[15:52:33.562] [bmv2] [D] [thread 10917] [26.0] [cxt 0] Deparsing header 'ethernet'
[15:52:33.562] [bmv2] [D] [thread 10917] [26.0] [cxt 0] Deparser 'deparser': end
[15:52:33.562] [bmv2] [D] [thread 10921] [26.0] [cxt 0] Transmitting packet of size 196 out of port 0
[15:52:33.622] [bmv2] [D] [thread 10916] [27.0] [cxt 0] Processing packet received on port 3
[15:52:33.622] [bmv2] [D] [thread 10916] [27.0] [cxt 0] Parser 'parser': start
[15:52:33.622] [bmv2] [D] [thread 10916] [27.0] [cxt 0] Parser 'parser' entering state 'start'
[15:52:33.622] [bmv2] [D] [thread 10916] [27.0] [cxt 0] Extracting header 'ethernet'
[15:52:33.622] [bmv2] [D] [thread 10916] [27.0] [cxt 0] Parser state 'start': key is 86dd
[15:52:33.622] [bmv2] [T] [thread 10916] [27.0] [cxt 0] Bytes parsed: 14
[15:52:33.622] [bmv2] [D] [thread 10916] [27.0] [cxt 0] Parser 'parser': end
[15:52:33.622] [bmv2] [D] [thread 10916] [27.0] [cxt 0] Pipeline 'ingress': start
[15:52:33.622] [bmv2] [T] [thread 10916] [27.0] [cxt 0] basic_tunnel.p4(152) Condition "hdr.ipv4.isValid() && !hdr.myTunnel.isValid()" (node_2) is false
[15:52:33.622] [bmv2] [T] [thread 10916] [27.0] [cxt 0] basic_tunnel.p4(155) Condition "hdr.myTunnel.isValid()" (node_4) is false
[15:52:33.622] [bmv2] [D] [thread 10916] [27.0] [cxt 0] Pipeline 'ingress': end
[15:52:33.622] [bmv2] [D] [thread 10916] [27.0] [cxt 0] Egress port is 0
[15:52:33.622] [bmv2] [D] [thread 10917] [27.0] [cxt 0] Pipeline 'egress': start
[15:52:33.622] [bmv2] [D] [thread 10917] [27.0] [cxt 0] Pipeline 'egress': end
[15:52:33.622] [bmv2] [D] [thread 10917] [27.0] [cxt 0] Deparser 'deparser': start
[15:52:33.622] [bmv2] [T] [thread 10917] [27.0] [cxt 0] Skipping checksum 'cksum' update because condition not met
[15:52:33.622] [bmv2] [D] [thread 10917] [27.0] [cxt 0] Deparsing header 'ethernet'
[15:52:33.622] [bmv2] [D] [thread 10917] [27.0] [cxt 0] Deparser 'deparser': end
[15:52:33.622] [bmv2] [D] [thread 10921] [27.0] [cxt 0] Transmitting packet of size 196 out of port 0
[15:52:33.692] [bmv2] [D] [thread 10916] [28.0] [cxt 0] Processing packet received on port 2
[15:52:33.692] [bmv2] [D] [thread 10916] [28.0] [cxt 0] Parser 'parser': start
[15:52:33.692] [bmv2] [D] [thread 10916] [28.0] [cxt 0] Parser 'parser' entering state 'start'
[15:52:33.692] [bmv2] [D] [thread 10916] [28.0] [cxt 0] Extracting header 'ethernet'
[15:52:33.692] [bmv2] [D] [thread 10916] [28.0] [cxt 0] Parser state 'start': key is 86dd
[15:52:33.692] [bmv2] [T] [thread 10916] [28.0] [cxt 0] Bytes parsed: 14
[15:52:33.692] [bmv2] [D] [thread 10916] [28.0] [cxt 0] Parser 'parser': end
[15:52:33.692] [bmv2] [D] [thread 10916] [28.0] [cxt 0] Pipeline 'ingress': start
[15:52:33.692] [bmv2] [T] [thread 10916] [28.0] [cxt 0] basic_tunnel.p4(152) Condition "hdr.ipv4.isValid() && !hdr.myTunnel.isValid()" (node_2) is false
[15:52:33.692] [bmv2] [T] [thread 10916] [28.0] [cxt 0] basic_tunnel.p4(155) Condition "hdr.myTunnel.isValid()" (node_4) is false
[15:52:33.692] [bmv2] [D] [thread 10916] [28.0] [cxt 0] Pipeline 'ingress': end
[15:52:33.692] [bmv2] [D] [thread 10916] [28.0] [cxt 0] Egress port is 0
[15:52:33.692] [bmv2] [D] [thread 10917] [28.0] [cxt 0] Pipeline 'egress': start
[15:52:33.692] [bmv2] [D] [thread 10917] [28.0] [cxt 0] Pipeline 'egress': end
[15:52:33.692] [bmv2] [D] [thread 10917] [28.0] [cxt 0] Deparser 'deparser': start
[15:52:33.692] [bmv2] [T] [thread 10917] [28.0] [cxt 0] Skipping checksum 'cksum' update because condition not met
[15:52:33.692] [bmv2] [D] [thread 10917] [28.0] [cxt 0] Deparsing header 'ethernet'
[15:52:33.692] [bmv2] [D] [thread 10917] [28.0] [cxt 0] Deparser 'deparser': end
[15:52:33.692] [bmv2] [D] [thread 10921] [28.0] [cxt 0] Transmitting packet of size 196 out of port 0
[15:52:33.734] [bmv2] [W] [thread 10978] [P4Runtime] p4::tmp::P4DeviceConfig is deprecated
[15:52:33.734] [bmv2] [D] [thread 10978] Set default default entry for table 'MyIngress.ipv4_lpm': MyIngress.drop - 
[15:52:33.735] [bmv2] [D] [thread 10978] Set default default entry for table 'MyIngress.myTunnel_exact': MyIngress.drop - 
[15:52:33.736] [bmv2] [D] [thread 10978] simple_switch target has been notified of a config swap
[15:52:33.738] [bmv2] [D] [thread 10978] Entry 0 added to table 'MyIngress.ipv4_lpm'
[15:52:33.738] [bmv2] [D] [thread 10978] Dumping entry 0
Match key:
* hdr.ipv4.dstAddr    : LPM       0a000101/32
Action entry: MyIngress.ipv4_forward - 80000000100,2,

[15:52:33.740] [bmv2] [D] [thread 10978] Entry 1 added to table 'MyIngress.ipv4_lpm'
[15:52:33.740] [bmv2] [D] [thread 10978] Dumping entry 1
Match key:
* hdr.ipv4.dstAddr    : LPM       0a000202/32
Action entry: MyIngress.ipv4_forward - 80000000200,3,

[15:52:33.742] [bmv2] [D] [thread 10978] Entry 2 added to table 'MyIngress.ipv4_lpm'
[15:52:33.742] [bmv2] [D] [thread 10978] Dumping entry 2
Match key:
* hdr.ipv4.dstAddr    : LPM       0a000303/32
Action entry: MyIngress.ipv4_forward - 80000000333,1,

[15:52:33.743] [bmv2] [D] [thread 10978] Entry 0 added to table 'MyIngress.myTunnel_exact'
[15:52:33.743] [bmv2] [D] [thread 10978] Dumping entry 0
Match key:
* hdr.myTunnel.dst_id : EXACT     0001
Action entry: MyIngress.myTunnel_forward - 2,

[15:52:33.744] [bmv2] [D] [thread 10978] Entry 1 added to table 'MyIngress.myTunnel_exact'
[15:52:33.744] [bmv2] [D] [thread 10978] Dumping entry 1
Match key:
* hdr.myTunnel.dst_id : EXACT     0002
Action entry: MyIngress.myTunnel_forward - 3,

[15:52:33.746] [bmv2] [D] [thread 10978] Entry 2 added to table 'MyIngress.myTunnel_exact'
[15:52:33.746] [bmv2] [D] [thread 10978] Dumping entry 2
Match key:
* hdr.myTunnel.dst_id : EXACT     0003
Action entry: MyIngress.myTunnel_forward - 1,

[15:52:34.210] [bmv2] [D] [thread 10916] [29.0] [cxt 0] Processing packet received on port 2
[15:52:34.211] [bmv2] [D] [thread 10916] [29.0] [cxt 0] Parser 'parser': start
[15:52:34.211] [bmv2] [D] [thread 10916] [29.0] [cxt 0] Parser 'parser' entering state 'start'
[15:52:34.211] [bmv2] [D] [thread 10916] [29.0] [cxt 0] Extracting header 'ethernet'
[15:52:34.211] [bmv2] [D] [thread 10916] [29.0] [cxt 0] Parser state 'start': key is 86dd
[15:52:34.211] [bmv2] [T] [thread 10916] [29.0] [cxt 0] Bytes parsed: 14
[15:52:34.211] [bmv2] [D] [thread 10916] [29.0] [cxt 0] Parser 'parser': end
[15:52:34.211] [bmv2] [D] [thread 10916] [29.0] [cxt 0] Pipeline 'ingress': start
[15:52:34.211] [bmv2] [T] [thread 10916] [29.0] [cxt 0] basic_tunnel.p4(152) Condition "hdr.ipv4.isValid() && !hdr.myTunnel.isValid()" (node_2) is false
[15:52:34.211] [bmv2] [T] [thread 10916] [29.0] [cxt 0] basic_tunnel.p4(155) Condition "hdr.myTunnel.isValid()" (node_4) is false
[15:52:34.211] [bmv2] [D] [thread 10916] [29.0] [cxt 0] Pipeline 'ingress': end
[15:52:34.211] [bmv2] [D] [thread 10916] [29.0] [cxt 0] Egress port is 0
[15:52:34.211] [bmv2] [D] [thread 10917] [29.0] [cxt 0] Pipeline 'egress': start
[15:52:34.211] [bmv2] [D] [thread 10917] [29.0] [cxt 0] Pipeline 'egress': end
[15:52:34.211] [bmv2] [D] [thread 10917] [29.0] [cxt 0] Deparser 'deparser': start
[15:52:34.211] [bmv2] [T] [thread 10917] [29.0] [cxt 0] Skipping checksum 'cksum' update because condition not met
[15:52:34.211] [bmv2] [D] [thread 10917] [29.0] [cxt 0] Deparsing header 'ethernet'
[15:52:34.211] [bmv2] [D] [thread 10917] [29.0] [cxt 0] Deparser 'deparser': end
[15:52:34.212] [bmv2] [D] [thread 10921] [29.0] [cxt 0] Transmitting packet of size 196 out of port 0
[15:52:34.417] [bmv2] [D] [thread 10916] [30.0] [cxt 0] Processing packet received on port 1
[15:52:34.417] [bmv2] [D] [thread 10916] [30.0] [cxt 0] Parser 'parser': start
[15:52:34.417] [bmv2] [D] [thread 10916] [30.0] [cxt 0] Parser 'parser' entering state 'start'
[15:52:34.417] [bmv2] [D] [thread 10916] [30.0] [cxt 0] Extracting header 'ethernet'
[15:52:34.417] [bmv2] [D] [thread 10916] [30.0] [cxt 0] Parser state 'start': key is 86dd
[15:52:34.417] [bmv2] [T] [thread 10916] [30.0] [cxt 0] Bytes parsed: 14
[15:52:34.417] [bmv2] [D] [thread 10916] [30.0] [cxt 0] Parser 'parser': end
[15:52:34.417] [bmv2] [D] [thread 10916] [30.0] [cxt 0] Pipeline 'ingress': start
[15:52:34.417] [bmv2] [T] [thread 10916] [30.0] [cxt 0] basic_tunnel.p4(152) Condition "hdr.ipv4.isValid() && !hdr.myTunnel.isValid()" (node_2) is false
[15:52:34.417] [bmv2] [T] [thread 10916] [30.0] [cxt 0] basic_tunnel.p4(155) Condition "hdr.myTunnel.isValid()" (node_4) is false
[15:52:34.417] [bmv2] [D] [thread 10916] [30.0] [cxt 0] Pipeline 'ingress': end
[15:52:34.417] [bmv2] [D] [thread 10916] [30.0] [cxt 0] Egress port is 0
[15:52:34.417] [bmv2] [D] [thread 10917] [30.0] [cxt 0] Pipeline 'egress': start
[15:52:34.417] [bmv2] [D] [thread 10917] [30.0] [cxt 0] Pipeline 'egress': end
[15:52:34.417] [bmv2] [D] [thread 10917] [30.0] [cxt 0] Deparser 'deparser': start
[15:52:34.417] [bmv2] [T] [thread 10917] [30.0] [cxt 0] Skipping checksum 'cksum' update because condition not met
[15:52:34.417] [bmv2] [D] [thread 10917] [30.0] [cxt 0] Deparsing header 'ethernet'
[15:52:34.417] [bmv2] [D] [thread 10917] [30.0] [cxt 0] Deparser 'deparser': end
[15:52:34.417] [bmv2] [D] [thread 10921] [30.0] [cxt 0] Transmitting packet of size 180 out of port 0
[15:52:34.477] [bmv2] [D] [thread 10916] [31.0] [cxt 0] Processing packet received on port 3
[15:52:34.477] [bmv2] [D] [thread 10916] [31.0] [cxt 0] Parser 'parser': start
[15:52:34.477] [bmv2] [D] [thread 10916] [31.0] [cxt 0] Parser 'parser' entering state 'start'
[15:52:34.477] [bmv2] [D] [thread 10916] [31.0] [cxt 0] Extracting header 'ethernet'
[15:52:34.477] [bmv2] [D] [thread 10916] [31.0] [cxt 0] Parser state 'start': key is 86dd
[15:52:34.477] [bmv2] [T] [thread 10916] [31.0] [cxt 0] Bytes parsed: 14
[15:52:34.477] [bmv2] [D] [thread 10916] [31.0] [cxt 0] Parser 'parser': end
[15:52:34.477] [bmv2] [D] [thread 10916] [31.0] [cxt 0] Pipeline 'ingress': start
[15:52:34.477] [bmv2] [T] [thread 10916] [31.0] [cxt 0] basic_tunnel.p4(152) Condition "hdr.ipv4.isValid() && !hdr.myTunnel.isValid()" (node_2) is false
[15:52:34.477] [bmv2] [T] [thread 10916] [31.0] [cxt 0] basic_tunnel.p4(155) Condition "hdr.myTunnel.isValid()" (node_4) is false
[15:52:34.477] [bmv2] [D] [thread 10916] [31.0] [cxt 0] Pipeline 'ingress': end
[15:52:34.477] [bmv2] [D] [thread 10916] [31.0] [cxt 0] Egress port is 0
[15:52:34.477] [bmv2] [D] [thread 10917] [31.0] [cxt 0] Pipeline 'egress': start
[15:52:34.477] [bmv2] [D] [thread 10917] [31.0] [cxt 0] Pipeline 'egress': end
[15:52:34.477] [bmv2] [D] [thread 10917] [31.0] [cxt 0] Deparser 'deparser': start
[15:52:34.477] [bmv2] [T] [thread 10917] [31.0] [cxt 0] Skipping checksum 'cksum' update because condition not met
[15:52:34.477] [bmv2] [D] [thread 10917] [31.0] [cxt 0] Deparsing header 'ethernet'
[15:52:34.477] [bmv2] [D] [thread 10917] [31.0] [cxt 0] Deparser 'deparser': end
[15:52:34.477] [bmv2] [D] [thread 10921] [31.0] [cxt 0] Transmitting packet of size 180 out of port 0
[15:52:34.548] [bmv2] [D] [thread 10916] [32.0] [cxt 0] Processing packet received on port 2
[15:52:34.548] [bmv2] [D] [thread 10916] [32.0] [cxt 0] Parser 'parser': start
[15:52:34.548] [bmv2] [D] [thread 10916] [32.0] [cxt 0] Parser 'parser' entering state 'start'
[15:52:34.548] [bmv2] [D] [thread 10916] [32.0] [cxt 0] Extracting header 'ethernet'
[15:52:34.548] [bmv2] [D] [thread 10916] [32.0] [cxt 0] Parser state 'start': key is 86dd
[15:52:34.548] [bmv2] [T] [thread 10916] [32.0] [cxt 0] Bytes parsed: 14
[15:52:34.548] [bmv2] [D] [thread 10916] [32.0] [cxt 0] Parser 'parser': end
[15:52:34.548] [bmv2] [D] [thread 10916] [32.0] [cxt 0] Pipeline 'ingress': start
[15:52:34.548] [bmv2] [T] [thread 10916] [32.0] [cxt 0] basic_tunnel.p4(152) Condition "hdr.ipv4.isValid() && !hdr.myTunnel.isValid()" (node_2) is false
[15:52:34.548] [bmv2] [T] [thread 10916] [32.0] [cxt 0] basic_tunnel.p4(155) Condition "hdr.myTunnel.isValid()" (node_4) is false
[15:52:34.548] [bmv2] [D] [thread 10916] [32.0] [cxt 0] Pipeline 'ingress': end
[15:52:34.548] [bmv2] [D] [thread 10916] [32.0] [cxt 0] Egress port is 0
[15:52:34.548] [bmv2] [D] [thread 10917] [32.0] [cxt 0] Pipeline 'egress': start
[15:52:34.548] [bmv2] [D] [thread 10917] [32.0] [cxt 0] Pipeline 'egress': end
[15:52:34.548] [bmv2] [D] [thread 10917] [32.0] [cxt 0] Deparser 'deparser': start
[15:52:34.548] [bmv2] [T] [thread 10917] [32.0] [cxt 0] Skipping checksum 'cksum' update because condition not met
[15:52:34.548] [bmv2] [D] [thread 10917] [32.0] [cxt 0] Deparsing header 'ethernet'
[15:52:34.548] [bmv2] [D] [thread 10917] [32.0] [cxt 0] Deparser 'deparser': end
[15:52:34.548] [bmv2] [D] [thread 10921] [32.0] [cxt 0] Transmitting packet of size 180 out of port 0
[15:52:34.558] [bmv2] [D] [thread 10916] [33.0] [cxt 0] Processing packet received on port 3
[15:52:34.558] [bmv2] [D] [thread 10916] [33.0] [cxt 0] Parser 'parser': start
[15:52:34.558] [bmv2] [D] [thread 10916] [33.0] [cxt 0] Parser 'parser' entering state 'start'
[15:52:34.558] [bmv2] [D] [thread 10916] [33.0] [cxt 0] Extracting header 'ethernet'
[15:52:34.558] [bmv2] [D] [thread 10916] [33.0] [cxt 0] Parser state 'start': key is 86dd
[15:52:34.558] [bmv2] [T] [thread 10916] [33.0] [cxt 0] Bytes parsed: 14
[15:52:34.558] [bmv2] [D] [thread 10916] [33.0] [cxt 0] Parser 'parser': end
[15:52:34.558] [bmv2] [D] [thread 10916] [33.0] [cxt 0] Pipeline 'ingress': start
[15:52:34.558] [bmv2] [T] [thread 10916] [33.0] [cxt 0] basic_tunnel.p4(152) Condition "hdr.ipv4.isValid() && !hdr.myTunnel.isValid()" (node_2) is false
[15:52:34.558] [bmv2] [T] [thread 10916] [33.0] [cxt 0] basic_tunnel.p4(155) Condition "hdr.myTunnel.isValid()" (node_4) is false
[15:52:34.558] [bmv2] [D] [thread 10916] [33.0] [cxt 0] Pipeline 'ingress': end
[15:52:34.558] [bmv2] [D] [thread 10916] [33.0] [cxt 0] Egress port is 0
[15:52:34.558] [bmv2] [D] [thread 10917] [33.0] [cxt 0] Pipeline 'egress': start
[15:52:34.558] [bmv2] [D] [thread 10917] [33.0] [cxt 0] Pipeline 'egress': end
[15:52:34.558] [bmv2] [D] [thread 10917] [33.0] [cxt 0] Deparser 'deparser': start
[15:52:34.558] [bmv2] [T] [thread 10917] [33.0] [cxt 0] Skipping checksum 'cksum' update because condition not met
[15:52:34.558] [bmv2] [D] [thread 10917] [33.0] [cxt 0] Deparsing header 'ethernet'
[15:52:34.558] [bmv2] [D] [thread 10917] [33.0] [cxt 0] Deparser 'deparser': end
[15:52:34.558] [bmv2] [D] [thread 10921] [33.0] [cxt 0] Transmitting packet of size 196 out of port 0
[15:52:35.064] [bmv2] [D] [thread 10916] [34.0] [cxt 0] Processing packet received on port 2
[15:52:35.064] [bmv2] [D] [thread 10916] [34.0] [cxt 0] Parser 'parser': start
[15:52:35.064] [bmv2] [D] [thread 10916] [34.0] [cxt 0] Parser 'parser' entering state 'start'
[15:52:35.064] [bmv2] [D] [thread 10916] [34.0] [cxt 0] Extracting header 'ethernet'
[15:52:35.064] [bmv2] [D] [thread 10916] [34.0] [cxt 0] Parser state 'start': key is 86dd
[15:52:35.064] [bmv2] [T] [thread 10916] [34.0] [cxt 0] Bytes parsed: 14
[15:52:35.064] [bmv2] [D] [thread 10916] [34.0] [cxt 0] Parser 'parser': end
[15:52:35.064] [bmv2] [D] [thread 10916] [34.0] [cxt 0] Pipeline 'ingress': start
[15:52:35.064] [bmv2] [T] [thread 10916] [34.0] [cxt 0] basic_tunnel.p4(152) Condition "hdr.ipv4.isValid() && !hdr.myTunnel.isValid()" (node_2) is false
[15:52:35.064] [bmv2] [T] [thread 10916] [34.0] [cxt 0] basic_tunnel.p4(155) Condition "hdr.myTunnel.isValid()" (node_4) is false
[15:52:35.064] [bmv2] [D] [thread 10916] [34.0] [cxt 0] Pipeline 'ingress': end
[15:52:35.064] [bmv2] [D] [thread 10916] [34.0] [cxt 0] Egress port is 0
[15:52:35.064] [bmv2] [D] [thread 10917] [34.0] [cxt 0] Pipeline 'egress': start
[15:52:35.064] [bmv2] [D] [thread 10917] [34.0] [cxt 0] Pipeline 'egress': end
[15:52:35.064] [bmv2] [D] [thread 10917] [34.0] [cxt 0] Deparser 'deparser': start
[15:52:35.064] [bmv2] [T] [thread 10917] [34.0] [cxt 0] Skipping checksum 'cksum' update because condition not met
[15:52:35.064] [bmv2] [D] [thread 10917] [34.0] [cxt 0] Deparsing header 'ethernet'
[15:52:35.064] [bmv2] [D] [thread 10917] [34.0] [cxt 0] Deparser 'deparser': end
[15:52:35.064] [bmv2] [D] [thread 10921] [34.0] [cxt 0] Transmitting packet of size 180 out of port 0
[15:52:35.155] [bmv2] [D] [thread 10916] [35.0] [cxt 0] Processing packet received on port 3
[15:52:35.155] [bmv2] [D] [thread 10916] [35.0] [cxt 0] Parser 'parser': start
[15:52:35.155] [bmv2] [D] [thread 10916] [35.0] [cxt 0] Parser 'parser' entering state 'start'
[15:52:35.155] [bmv2] [D] [thread 10916] [35.0] [cxt 0] Extracting header 'ethernet'
[15:52:35.155] [bmv2] [D] [thread 10916] [35.0] [cxt 0] Parser state 'start': key is 86dd
[15:52:35.155] [bmv2] [T] [thread 10916] [35.0] [cxt 0] Bytes parsed: 14
[15:52:35.155] [bmv2] [D] [thread 10916] [35.0] [cxt 0] Parser 'parser': end
[15:52:35.155] [bmv2] [D] [thread 10916] [35.0] [cxt 0] Pipeline 'ingress': start
[15:52:35.155] [bmv2] [T] [thread 10916] [35.0] [cxt 0] basic_tunnel.p4(152) Condition "hdr.ipv4.isValid() && !hdr.myTunnel.isValid()" (node_2) is false
[15:52:35.155] [bmv2] [T] [thread 10916] [35.0] [cxt 0] basic_tunnel.p4(155) Condition "hdr.myTunnel.isValid()" (node_4) is false
[15:52:35.155] [bmv2] [D] [thread 10916] [35.0] [cxt 0] Pipeline 'ingress': end
[15:52:35.155] [bmv2] [D] [thread 10916] [35.0] [cxt 0] Egress port is 0
[15:52:35.155] [bmv2] [D] [thread 10917] [35.0] [cxt 0] Pipeline 'egress': start
[15:52:35.155] [bmv2] [D] [thread 10917] [35.0] [cxt 0] Pipeline 'egress': end
[15:52:35.155] [bmv2] [D] [thread 10917] [35.0] [cxt 0] Deparser 'deparser': start
[15:52:35.155] [bmv2] [T] [thread 10917] [35.0] [cxt 0] Skipping checksum 'cksum' update because condition not met
[15:52:35.155] [bmv2] [D] [thread 10917] [35.0] [cxt 0] Deparsing header 'ethernet'
[15:52:35.155] [bmv2] [D] [thread 10917] [35.0] [cxt 0] Deparser 'deparser': end
[15:52:35.155] [bmv2] [D] [thread 10921] [35.0] [cxt 0] Transmitting packet of size 70 out of port 0
[15:52:35.413] [bmv2] [D] [thread 10916] [36.0] [cxt 0] Processing packet received on port 3
[15:52:35.413] [bmv2] [D] [thread 10916] [36.0] [cxt 0] Parser 'parser': start
[15:52:35.413] [bmv2] [D] [thread 10916] [36.0] [cxt 0] Parser 'parser' entering state 'start'
[15:52:35.413] [bmv2] [D] [thread 10916] [36.0] [cxt 0] Extracting header 'ethernet'
[15:52:35.413] [bmv2] [D] [thread 10916] [36.0] [cxt 0] Parser state 'start': key is 86dd
[15:52:35.413] [bmv2] [T] [thread 10916] [36.0] [cxt 0] Bytes parsed: 14
[15:52:35.413] [bmv2] [D] [thread 10916] [36.0] [cxt 0] Parser 'parser': end
[15:52:35.413] [bmv2] [D] [thread 10916] [36.0] [cxt 0] Pipeline 'ingress': start
[15:52:35.413] [bmv2] [T] [thread 10916] [36.0] [cxt 0] basic_tunnel.p4(152) Condition "hdr.ipv4.isValid() && !hdr.myTunnel.isValid()" (node_2) is false
[15:52:35.413] [bmv2] [T] [thread 10916] [36.0] [cxt 0] basic_tunnel.p4(155) Condition "hdr.myTunnel.isValid()" (node_4) is false
[15:52:35.413] [bmv2] [D] [thread 10916] [36.0] [cxt 0] Pipeline 'ingress': end
[15:52:35.413] [bmv2] [D] [thread 10916] [36.0] [cxt 0] Egress port is 0
[15:52:35.413] [bmv2] [D] [thread 10917] [36.0] [cxt 0] Pipeline 'egress': start
[15:52:35.413] [bmv2] [D] [thread 10917] [36.0] [cxt 0] Pipeline 'egress': end
[15:52:35.416] [bmv2] [D] [thread 10917] [36.0] [cxt 0] Deparser 'deparser': start
[15:52:35.416] [bmv2] [T] [thread 10917] [36.0] [cxt 0] Skipping checksum 'cksum' update because condition not met
[15:52:35.416] [bmv2] [D] [thread 10917] [36.0] [cxt 0] Deparsing header 'ethernet'
[15:52:35.416] [bmv2] [D] [thread 10917] [36.0] [cxt 0] Deparser 'deparser': end
[15:52:35.416] [bmv2] [D] [thread 10921] [36.0] [cxt 0] Transmitting packet of size 180 out of port 0
[15:52:35.665] [bmv2] [D] [thread 10916] [37.0] [cxt 0] Processing packet received on port 1
[15:52:35.665] [bmv2] [D] [thread 10916] [37.0] [cxt 0] Parser 'parser': start
[15:52:35.665] [bmv2] [D] [thread 10916] [37.0] [cxt 0] Parser 'parser' entering state 'start'
[15:52:35.665] [bmv2] [D] [thread 10916] [37.0] [cxt 0] Extracting header 'ethernet'
[15:52:35.665] [bmv2] [D] [thread 10916] [37.0] [cxt 0] Parser state 'start': key is 86dd
[15:52:35.665] [bmv2] [T] [thread 10916] [37.0] [cxt 0] Bytes parsed: 14
[15:52:35.665] [bmv2] [D] [thread 10916] [37.0] [cxt 0] Parser 'parser': end
[15:52:35.665] [bmv2] [D] [thread 10916] [37.0] [cxt 0] Pipeline 'ingress': start
[15:52:35.665] [bmv2] [T] [thread 10916] [37.0] [cxt 0] basic_tunnel.p4(152) Condition "hdr.ipv4.isValid() && !hdr.myTunnel.isValid()" (node_2) is false
[15:52:35.665] [bmv2] [T] [thread 10916] [37.0] [cxt 0] basic_tunnel.p4(155) Condition "hdr.myTunnel.isValid()" (node_4) is false
[15:52:35.665] [bmv2] [D] [thread 10916] [37.0] [cxt 0] Pipeline 'ingress': end
[15:52:35.665] [bmv2] [D] [thread 10916] [37.0] [cxt 0] Egress port is 0
[15:52:35.666] [bmv2] [D] [thread 10917] [37.0] [cxt 0] Pipeline 'egress': start
[15:52:35.666] [bmv2] [D] [thread 10917] [37.0] [cxt 0] Pipeline 'egress': end
[15:52:35.666] [bmv2] [D] [thread 10917] [37.0] [cxt 0] Deparser 'deparser': start
[15:52:35.666] [bmv2] [T] [thread 10917] [37.0] [cxt 0] Skipping checksum 'cksum' update because condition not met
[15:52:35.666] [bmv2] [D] [thread 10917] [37.0] [cxt 0] Deparsing header 'ethernet'
[15:52:35.666] [bmv2] [D] [thread 10917] [37.0] [cxt 0] Deparser 'deparser': end
[15:52:35.666] [bmv2] [D] [thread 10921] [37.0] [cxt 0] Transmitting packet of size 70 out of port 0
[15:52:35.811] [bmv2] [D] [thread 10916] [38.0] [cxt 0] Processing packet received on port 1
[15:52:35.811] [bmv2] [D] [thread 10916] [38.0] [cxt 0] Parser 'parser': start
[15:52:35.811] [bmv2] [D] [thread 10916] [38.0] [cxt 0] Parser 'parser' entering state 'start'
[15:52:35.811] [bmv2] [D] [thread 10916] [38.0] [cxt 0] Extracting header 'ethernet'
[15:52:35.811] [bmv2] [D] [thread 10916] [38.0] [cxt 0] Parser state 'start': key is 86dd
[15:52:35.811] [bmv2] [T] [thread 10916] [38.0] [cxt 0] Bytes parsed: 14
[15:52:35.811] [bmv2] [D] [thread 10916] [38.0] [cxt 0] Parser 'parser': end
[15:52:35.811] [bmv2] [D] [thread 10916] [38.0] [cxt 0] Pipeline 'ingress': start
[15:52:35.811] [bmv2] [T] [thread 10916] [38.0] [cxt 0] basic_tunnel.p4(152) Condition "hdr.ipv4.isValid() && !hdr.myTunnel.isValid()" (node_2) is false
[15:52:35.811] [bmv2] [T] [thread 10916] [38.0] [cxt 0] basic_tunnel.p4(155) Condition "hdr.myTunnel.isValid()" (node_4) is false
[15:52:35.811] [bmv2] [D] [thread 10916] [38.0] [cxt 0] Pipeline 'ingress': end
[15:52:35.811] [bmv2] [D] [thread 10916] [38.0] [cxt 0] Egress port is 0
[15:52:35.812] [bmv2] [D] [thread 10917] [38.0] [cxt 0] Pipeline 'egress': start
[15:52:35.812] [bmv2] [D] [thread 10917] [38.0] [cxt 0] Pipeline 'egress': end
[15:52:35.812] [bmv2] [D] [thread 10917] [38.0] [cxt 0] Deparser 'deparser': start
[15:52:35.812] [bmv2] [T] [thread 10917] [38.0] [cxt 0] Skipping checksum 'cksum' update because condition not met
[15:52:35.812] [bmv2] [D] [thread 10917] [38.0] [cxt 0] Deparsing header 'ethernet'
[15:52:35.812] [bmv2] [D] [thread 10917] [38.0] [cxt 0] Deparser 'deparser': end
[15:52:35.812] [bmv2] [D] [thread 10921] [38.0] [cxt 0] Transmitting packet of size 196 out of port 0
[15:52:35.871] [bmv2] [D] [thread 10916] [39.0] [cxt 0] Processing packet received on port 3
[15:52:35.871] [bmv2] [D] [thread 10916] [39.0] [cxt 0] Parser 'parser': start
[15:52:35.871] [bmv2] [D] [thread 10916] [39.0] [cxt 0] Parser 'parser' entering state 'start'
[15:52:35.871] [bmv2] [D] [thread 10916] [39.0] [cxt 0] Extracting header 'ethernet'
[15:52:35.871] [bmv2] [D] [thread 10916] [39.0] [cxt 0] Parser state 'start': key is 86dd
[15:52:35.871] [bmv2] [T] [thread 10916] [39.0] [cxt 0] Bytes parsed: 14
[15:52:35.871] [bmv2] [D] [thread 10916] [39.0] [cxt 0] Parser 'parser': end
[15:52:35.871] [bmv2] [D] [thread 10916] [39.0] [cxt 0] Pipeline 'ingress': start
[15:52:35.871] [bmv2] [T] [thread 10916] [39.0] [cxt 0] basic_tunnel.p4(152) Condition "hdr.ipv4.isValid() && !hdr.myTunnel.isValid()" (node_2) is false
[15:52:35.871] [bmv2] [T] [thread 10916] [39.0] [cxt 0] basic_tunnel.p4(155) Condition "hdr.myTunnel.isValid()" (node_4) is false
[15:52:35.871] [bmv2] [D] [thread 10916] [39.0] [cxt 0] Pipeline 'ingress': end
[15:52:35.871] [bmv2] [D] [thread 10916] [39.0] [cxt 0] Egress port is 0
[15:52:35.871] [bmv2] [D] [thread 10917] [39.0] [cxt 0] Pipeline 'egress': start
[15:52:35.871] [bmv2] [D] [thread 10917] [39.0] [cxt 0] Pipeline 'egress': end
[15:52:35.871] [bmv2] [D] [thread 10917] [39.0] [cxt 0] Deparser 'deparser': start
[15:52:35.871] [bmv2] [T] [thread 10917] [39.0] [cxt 0] Skipping checksum 'cksum' update because condition not met
[15:52:35.871] [bmv2] [D] [thread 10917] [39.0] [cxt 0] Deparsing header 'ethernet'
[15:52:35.871] [bmv2] [D] [thread 10917] [39.0] [cxt 0] Deparser 'deparser': end
[15:52:35.872] [bmv2] [D] [thread 10921] [39.0] [cxt 0] Transmitting packet of size 196 out of port 0
[15:52:35.923] [bmv2] [D] [thread 10916] [40.0] [cxt 0] Processing packet received on port 2
[15:52:35.923] [bmv2] [D] [thread 10916] [40.0] [cxt 0] Parser 'parser': start
[15:52:35.923] [bmv2] [D] [thread 10916] [40.0] [cxt 0] Parser 'parser' entering state 'start'
[15:52:35.923] [bmv2] [D] [thread 10916] [40.0] [cxt 0] Extracting header 'ethernet'
[15:52:35.923] [bmv2] [D] [thread 10916] [40.0] [cxt 0] Parser state 'start': key is 86dd
[15:52:35.923] [bmv2] [T] [thread 10916] [40.0] [cxt 0] Bytes parsed: 14
[15:52:35.923] [bmv2] [D] [thread 10916] [40.0] [cxt 0] Parser 'parser': end
[15:52:35.923] [bmv2] [D] [thread 10916] [40.0] [cxt 0] Pipeline 'ingress': start
[15:52:35.923] [bmv2] [T] [thread 10916] [40.0] [cxt 0] basic_tunnel.p4(152) Condition "hdr.ipv4.isValid() && !hdr.myTunnel.isValid()" (node_2) is false
[15:52:35.923] [bmv2] [T] [thread 10916] [40.0] [cxt 0] basic_tunnel.p4(155) Condition "hdr.myTunnel.isValid()" (node_4) is false
[15:52:35.923] [bmv2] [D] [thread 10916] [40.0] [cxt 0] Pipeline 'ingress': end
[15:52:35.923] [bmv2] [D] [thread 10916] [40.0] [cxt 0] Egress port is 0
[15:52:35.923] [bmv2] [D] [thread 10916] [41.0] [cxt 0] Processing packet received on port 2
[15:52:35.923] [bmv2] [D] [thread 10916] [41.0] [cxt 0] Parser 'parser': start
[15:52:35.923] [bmv2] [D] [thread 10916] [41.0] [cxt 0] Parser 'parser' entering state 'start'
[15:52:35.923] [bmv2] [D] [thread 10916] [41.0] [cxt 0] Extracting header 'ethernet'
[15:52:35.923] [bmv2] [D] [thread 10916] [41.0] [cxt 0] Parser state 'start': key is 86dd
[15:52:35.923] [bmv2] [T] [thread 10916] [41.0] [cxt 0] Bytes parsed: 14
[15:52:35.923] [bmv2] [D] [thread 10916] [41.0] [cxt 0] Parser 'parser': end
[15:52:35.923] [bmv2] [D] [thread 10916] [41.0] [cxt 0] Pipeline 'ingress': start
[15:52:35.923] [bmv2] [T] [thread 10916] [41.0] [cxt 0] basic_tunnel.p4(152) Condition "hdr.ipv4.isValid() && !hdr.myTunnel.isValid()" (node_2) is false
[15:52:35.923] [bmv2] [T] [thread 10916] [41.0] [cxt 0] basic_tunnel.p4(155) Condition "hdr.myTunnel.isValid()" (node_4) is false
[15:52:35.923] [bmv2] [D] [thread 10916] [41.0] [cxt 0] Pipeline 'ingress': end
[15:52:35.923] [bmv2] [D] [thread 10916] [41.0] [cxt 0] Egress port is 0
[15:52:35.923] [bmv2] [D] [thread 10917] [40.0] [cxt 0] Pipeline 'egress': start
[15:52:35.923] [bmv2] [D] [thread 10917] [40.0] [cxt 0] Pipeline 'egress': end
[15:52:35.923] [bmv2] [D] [thread 10917] [40.0] [cxt 0] Deparser 'deparser': start
[15:52:35.923] [bmv2] [T] [thread 10917] [40.0] [cxt 0] Skipping checksum 'cksum' update because condition not met
[15:52:35.923] [bmv2] [D] [thread 10917] [40.0] [cxt 0] Deparsing header 'ethernet'
[15:52:35.923] [bmv2] [D] [thread 10917] [40.0] [cxt 0] Deparser 'deparser': end
[15:52:35.924] [bmv2] [D] [thread 10921] [40.0] [cxt 0] Transmitting packet of size 70 out of port 0
[15:52:35.924] [bmv2] [D] [thread 10917] [41.0] [cxt 0] Pipeline 'egress': start
[15:52:35.924] [bmv2] [D] [thread 10917] [41.0] [cxt 0] Pipeline 'egress': end
[15:52:35.924] [bmv2] [D] [thread 10917] [41.0] [cxt 0] Deparser 'deparser': start
[15:52:35.924] [bmv2] [T] [thread 10917] [41.0] [cxt 0] Skipping checksum 'cksum' update because condition not met
[15:52:35.924] [bmv2] [D] [thread 10917] [41.0] [cxt 0] Deparsing header 'ethernet'
[15:52:35.924] [bmv2] [D] [thread 10917] [41.0] [cxt 0] Deparser 'deparser': end
[15:52:35.924] [bmv2] [D] [thread 10921] [41.0] [cxt 0] Transmitting packet of size 70 out of port 0
[15:52:35.938] [bmv2] [D] [thread 10916] [42.0] [cxt 0] Processing packet received on port 2
[15:52:35.938] [bmv2] [D] [thread 10916] [42.0] [cxt 0] Parser 'parser': start
[15:52:35.938] [bmv2] [D] [thread 10916] [42.0] [cxt 0] Parser 'parser' entering state 'start'
[15:52:35.938] [bmv2] [D] [thread 10916] [42.0] [cxt 0] Extracting header 'ethernet'
[15:52:35.938] [bmv2] [D] [thread 10916] [42.0] [cxt 0] Parser state 'start': key is 86dd
[15:52:35.938] [bmv2] [T] [thread 10916] [42.0] [cxt 0] Bytes parsed: 14
[15:52:35.938] [bmv2] [D] [thread 10916] [42.0] [cxt 0] Parser 'parser': end
[15:52:35.938] [bmv2] [D] [thread 10916] [42.0] [cxt 0] Pipeline 'ingress': start
[15:52:35.938] [bmv2] [T] [thread 10916] [42.0] [cxt 0] basic_tunnel.p4(152) Condition "hdr.ipv4.isValid() && !hdr.myTunnel.isValid()" (node_2) is false
[15:52:35.938] [bmv2] [T] [thread 10916] [42.0] [cxt 0] basic_tunnel.p4(155) Condition "hdr.myTunnel.isValid()" (node_4) is false
[15:52:35.938] [bmv2] [D] [thread 10916] [42.0] [cxt 0] Pipeline 'ingress': end
[15:52:35.938] [bmv2] [D] [thread 10916] [42.0] [cxt 0] Egress port is 0
[15:52:35.938] [bmv2] [D] [thread 10917] [42.0] [cxt 0] Pipeline 'egress': start
[15:52:35.938] [bmv2] [D] [thread 10917] [42.0] [cxt 0] Pipeline 'egress': end
[15:52:35.938] [bmv2] [D] [thread 10917] [42.0] [cxt 0] Deparser 'deparser': start
[15:52:35.938] [bmv2] [T] [thread 10917] [42.0] [cxt 0] Skipping checksum 'cksum' update because condition not met
[15:52:35.938] [bmv2] [D] [thread 10917] [42.0] [cxt 0] Deparsing header 'ethernet'
[15:52:35.938] [bmv2] [D] [thread 10917] [42.0] [cxt 0] Deparser 'deparser': end
[15:52:35.938] [bmv2] [D] [thread 10921] [42.0] [cxt 0] Transmitting packet of size 196 out of port 0
[15:52:36.460] [bmv2] [D] [thread 10916] [43.0] [cxt 0] Processing packet received on port 2
[15:52:36.460] [bmv2] [D] [thread 10916] [43.0] [cxt 0] Parser 'parser': start
[15:52:36.460] [bmv2] [D] [thread 10916] [43.0] [cxt 0] Parser 'parser' entering state 'start'
[15:52:36.460] [bmv2] [D] [thread 10916] [43.0] [cxt 0] Extracting header 'ethernet'
[15:52:36.460] [bmv2] [D] [thread 10916] [43.0] [cxt 0] Parser state 'start': key is 86dd
[15:52:36.460] [bmv2] [T] [thread 10916] [43.0] [cxt 0] Bytes parsed: 14
[15:52:36.460] [bmv2] [D] [thread 10916] [43.0] [cxt 0] Parser 'parser': end
[15:52:36.460] [bmv2] [D] [thread 10916] [43.0] [cxt 0] Pipeline 'ingress': start
[15:52:36.460] [bmv2] [T] [thread 10916] [43.0] [cxt 0] basic_tunnel.p4(152) Condition "hdr.ipv4.isValid() && !hdr.myTunnel.isValid()" (node_2) is false
[15:52:36.460] [bmv2] [T] [thread 10916] [43.0] [cxt 0] basic_tunnel.p4(155) Condition "hdr.myTunnel.isValid()" (node_4) is false
[15:52:36.460] [bmv2] [D] [thread 10916] [43.0] [cxt 0] Pipeline 'ingress': end
[15:52:36.460] [bmv2] [D] [thread 10916] [43.0] [cxt 0] Egress port is 0
[15:52:36.461] [bmv2] [D] [thread 10917] [43.0] [cxt 0] Pipeline 'egress': start
[15:52:36.461] [bmv2] [D] [thread 10917] [43.0] [cxt 0] Pipeline 'egress': end
[15:52:36.461] [bmv2] [D] [thread 10917] [43.0] [cxt 0] Deparser 'deparser': start
[15:52:36.461] [bmv2] [T] [thread 10917] [43.0] [cxt 0] Skipping checksum 'cksum' update because condition not met
[15:52:36.461] [bmv2] [D] [thread 10917] [43.0] [cxt 0] Deparsing header 'ethernet'
[15:52:36.461] [bmv2] [D] [thread 10917] [43.0] [cxt 0] Deparser 'deparser': end
[15:52:36.461] [bmv2] [D] [thread 10921] [43.0] [cxt 0] Transmitting packet of size 196 out of port 0
[15:52:36.689] [bmv2] [D] [thread 10916] [44.0] [cxt 0] Processing packet received on port 3
[15:52:36.689] [bmv2] [D] [thread 10916] [44.0] [cxt 0] Parser 'parser': start
[15:52:36.689] [bmv2] [D] [thread 10916] [44.0] [cxt 0] Parser 'parser' entering state 'start'
[15:52:36.689] [bmv2] [D] [thread 10916] [44.0] [cxt 0] Extracting header 'ethernet'
[15:52:36.689] [bmv2] [D] [thread 10916] [44.0] [cxt 0] Parser state 'start': key is 86dd
[15:52:36.689] [bmv2] [T] [thread 10916] [44.0] [cxt 0] Bytes parsed: 14
[15:52:36.689] [bmv2] [D] [thread 10916] [44.0] [cxt 0] Parser 'parser': end
[15:52:36.689] [bmv2] [D] [thread 10916] [44.0] [cxt 0] Pipeline 'ingress': start
[15:52:36.689] [bmv2] [T] [thread 10916] [44.0] [cxt 0] basic_tunnel.p4(152) Condition "hdr.ipv4.isValid() && !hdr.myTunnel.isValid()" (node_2) is false
[15:52:36.689] [bmv2] [T] [thread 10916] [44.0] [cxt 0] basic_tunnel.p4(155) Condition "hdr.myTunnel.isValid()" (node_4) is false
[15:52:36.689] [bmv2] [D] [thread 10916] [44.0] [cxt 0] Pipeline 'ingress': end
[15:52:36.689] [bmv2] [D] [thread 10916] [44.0] [cxt 0] Egress port is 0
[15:52:36.689] [bmv2] [D] [thread 10917] [44.0] [cxt 0] Pipeline 'egress': start
[15:52:36.689] [bmv2] [D] [thread 10917] [44.0] [cxt 0] Pipeline 'egress': end
[15:52:36.689] [bmv2] [D] [thread 10917] [44.0] [cxt 0] Deparser 'deparser': start
[15:52:36.689] [bmv2] [T] [thread 10917] [44.0] [cxt 0] Skipping checksum 'cksum' update because condition not met
[15:52:36.689] [bmv2] [D] [thread 10917] [44.0] [cxt 0] Deparsing header 'ethernet'
[15:52:36.689] [bmv2] [D] [thread 10917] [44.0] [cxt 0] Deparser 'deparser': end
[15:52:36.689] [bmv2] [D] [thread 10921] [44.0] [cxt 0] Transmitting packet of size 70 out of port 0
[15:52:36.806] [bmv2] [D] [thread 10916] [45.0] [cxt 0] Processing packet received on port 3
[15:52:36.806] [bmv2] [D] [thread 10916] [45.0] [cxt 0] Parser 'parser': start
[15:52:36.806] [bmv2] [D] [thread 10916] [45.0] [cxt 0] Parser 'parser' entering state 'start'
[15:52:36.806] [bmv2] [D] [thread 10916] [45.0] [cxt 0] Extracting header 'ethernet'
[15:52:36.806] [bmv2] [D] [thread 10916] [45.0] [cxt 0] Parser state 'start': key is 86dd
[15:52:36.806] [bmv2] [T] [thread 10916] [45.0] [cxt 0] Bytes parsed: 14
[15:52:36.806] [bmv2] [D] [thread 10916] [45.0] [cxt 0] Parser 'parser': end
[15:52:36.806] [bmv2] [D] [thread 10916] [45.0] [cxt 0] Pipeline 'ingress': start
[15:52:36.806] [bmv2] [T] [thread 10916] [45.0] [cxt 0] basic_tunnel.p4(152) Condition "hdr.ipv4.isValid() && !hdr.myTunnel.isValid()" (node_2) is false
[15:52:36.806] [bmv2] [T] [thread 10916] [45.0] [cxt 0] basic_tunnel.p4(155) Condition "hdr.myTunnel.isValid()" (node_4) is false
[15:52:36.806] [bmv2] [D] [thread 10916] [45.0] [cxt 0] Pipeline 'ingress': end
[15:52:36.806] [bmv2] [D] [thread 10916] [45.0] [cxt 0] Egress port is 0
[15:52:36.806] [bmv2] [D] [thread 10917] [45.0] [cxt 0] Pipeline 'egress': start
[15:52:36.806] [bmv2] [D] [thread 10917] [45.0] [cxt 0] Pipeline 'egress': end
[15:52:36.806] [bmv2] [D] [thread 10917] [45.0] [cxt 0] Deparser 'deparser': start
[15:52:36.806] [bmv2] [T] [thread 10917] [45.0] [cxt 0] Skipping checksum 'cksum' update because condition not met
[15:52:36.806] [bmv2] [D] [thread 10917] [45.0] [cxt 0] Deparsing header 'ethernet'
[15:52:36.806] [bmv2] [D] [thread 10917] [45.0] [cxt 0] Deparser 'deparser': end
[15:52:36.806] [bmv2] [D] [thread 10921] [45.0] [cxt 0] Transmitting packet of size 196 out of port 0
[15:52:38.424] [bmv2] [D] [thread 10916] [46.0] [cxt 0] Processing packet received on port 1
[15:52:38.424] [bmv2] [D] [thread 10916] [46.0] [cxt 0] Parser 'parser': start
[15:52:38.424] [bmv2] [D] [thread 10916] [46.0] [cxt 0] Parser 'parser' entering state 'start'
[15:52:38.424] [bmv2] [D] [thread 10916] [46.0] [cxt 0] Extracting header 'ethernet'
[15:52:38.424] [bmv2] [D] [thread 10916] [46.0] [cxt 0] Parser state 'start': key is 86dd
[15:52:38.424] [bmv2] [T] [thread 10916] [46.0] [cxt 0] Bytes parsed: 14
[15:52:38.424] [bmv2] [D] [thread 10916] [46.0] [cxt 0] Parser 'parser': end
[15:52:38.424] [bmv2] [D] [thread 10916] [46.0] [cxt 0] Pipeline 'ingress': start
[15:52:38.424] [bmv2] [T] [thread 10916] [46.0] [cxt 0] basic_tunnel.p4(152) Condition "hdr.ipv4.isValid() && !hdr.myTunnel.isValid()" (node_2) is false
[15:52:38.424] [bmv2] [T] [thread 10916] [46.0] [cxt 0] basic_tunnel.p4(155) Condition "hdr.myTunnel.isValid()" (node_4) is false
[15:52:38.424] [bmv2] [D] [thread 10916] [46.0] [cxt 0] Pipeline 'ingress': end
[15:52:38.424] [bmv2] [D] [thread 10916] [46.0] [cxt 0] Egress port is 0
[15:52:38.424] [bmv2] [D] [thread 10917] [46.0] [cxt 0] Pipeline 'egress': start
[15:52:38.424] [bmv2] [D] [thread 10917] [46.0] [cxt 0] Pipeline 'egress': end
[15:52:38.424] [bmv2] [D] [thread 10917] [46.0] [cxt 0] Deparser 'deparser': start
[15:52:38.424] [bmv2] [T] [thread 10917] [46.0] [cxt 0] Skipping checksum 'cksum' update because condition not met
[15:52:38.424] [bmv2] [D] [thread 10917] [46.0] [cxt 0] Deparsing header 'ethernet'
[15:52:38.424] [bmv2] [D] [thread 10917] [46.0] [cxt 0] Deparser 'deparser': end
[15:52:38.424] [bmv2] [D] [thread 10921] [46.0] [cxt 0] Transmitting packet of size 180 out of port 0
[15:52:38.477] [bmv2] [D] [thread 10916] [47.0] [cxt 0] Processing packet received on port 3
[15:52:38.477] [bmv2] [D] [thread 10916] [47.0] [cxt 0] Parser 'parser': start
[15:52:38.477] [bmv2] [D] [thread 10916] [47.0] [cxt 0] Parser 'parser' entering state 'start'
[15:52:38.477] [bmv2] [D] [thread 10916] [47.0] [cxt 0] Extracting header 'ethernet'
[15:52:38.477] [bmv2] [D] [thread 10916] [47.0] [cxt 0] Parser state 'start': key is 86dd
[15:52:38.477] [bmv2] [T] [thread 10916] [47.0] [cxt 0] Bytes parsed: 14
[15:52:38.477] [bmv2] [D] [thread 10916] [47.0] [cxt 0] Parser 'parser': end
[15:52:38.477] [bmv2] [D] [thread 10916] [47.0] [cxt 0] Pipeline 'ingress': start
[15:52:38.477] [bmv2] [T] [thread 10916] [47.0] [cxt 0] basic_tunnel.p4(152) Condition "hdr.ipv4.isValid() && !hdr.myTunnel.isValid()" (node_2) is false
[15:52:38.477] [bmv2] [T] [thread 10916] [47.0] [cxt 0] basic_tunnel.p4(155) Condition "hdr.myTunnel.isValid()" (node_4) is false
[15:52:38.477] [bmv2] [D] [thread 10916] [47.0] [cxt 0] Pipeline 'ingress': end
[15:52:38.477] [bmv2] [D] [thread 10916] [47.0] [cxt 0] Egress port is 0
[15:52:38.477] [bmv2] [D] [thread 10917] [47.0] [cxt 0] Pipeline 'egress': start
[15:52:38.477] [bmv2] [D] [thread 10917] [47.0] [cxt 0] Pipeline 'egress': end
[15:52:38.477] [bmv2] [D] [thread 10917] [47.0] [cxt 0] Deparser 'deparser': start
[15:52:38.477] [bmv2] [T] [thread 10917] [47.0] [cxt 0] Skipping checksum 'cksum' update because condition not met
[15:52:38.477] [bmv2] [D] [thread 10917] [47.0] [cxt 0] Deparsing header 'ethernet'
[15:52:38.477] [bmv2] [D] [thread 10917] [47.0] [cxt 0] Deparser 'deparser': end
[15:52:38.477] [bmv2] [D] [thread 10921] [47.0] [cxt 0] Transmitting packet of size 180 out of port 0
[15:52:38.549] [bmv2] [D] [thread 10916] [48.0] [cxt 0] Processing packet received on port 2
[15:52:38.549] [bmv2] [D] [thread 10916] [48.0] [cxt 0] Parser 'parser': start
[15:52:38.549] [bmv2] [D] [thread 10916] [48.0] [cxt 0] Parser 'parser' entering state 'start'
[15:52:38.551] [bmv2] [D] [thread 10916] [48.0] [cxt 0] Extracting header 'ethernet'
[15:52:38.551] [bmv2] [D] [thread 10916] [48.0] [cxt 0] Parser state 'start': key is 86dd
[15:52:38.551] [bmv2] [T] [thread 10916] [48.0] [cxt 0] Bytes parsed: 14
[15:52:38.551] [bmv2] [D] [thread 10916] [48.0] [cxt 0] Parser 'parser': end
[15:52:38.551] [bmv2] [D] [thread 10916] [48.0] [cxt 0] Pipeline 'ingress': start
[15:52:38.551] [bmv2] [T] [thread 10916] [48.0] [cxt 0] basic_tunnel.p4(152) Condition "hdr.ipv4.isValid() && !hdr.myTunnel.isValid()" (node_2) is false
[15:52:38.551] [bmv2] [T] [thread 10916] [48.0] [cxt 0] basic_tunnel.p4(155) Condition "hdr.myTunnel.isValid()" (node_4) is false
[15:52:38.551] [bmv2] [D] [thread 10916] [48.0] [cxt 0] Pipeline 'ingress': end
[15:52:38.551] [bmv2] [D] [thread 10916] [48.0] [cxt 0] Egress port is 0
[15:52:38.556] [bmv2] [D] [thread 10917] [48.0] [cxt 0] Pipeline 'egress': start
[15:52:38.557] [bmv2] [D] [thread 10917] [48.0] [cxt 0] Pipeline 'egress': end
[15:52:38.557] [bmv2] [D] [thread 10917] [48.0] [cxt 0] Deparser 'deparser': start
[15:52:38.557] [bmv2] [T] [thread 10917] [48.0] [cxt 0] Skipping checksum 'cksum' update because condition not met
[15:52:38.557] [bmv2] [D] [thread 10917] [48.0] [cxt 0] Deparsing header 'ethernet'
[15:52:38.557] [bmv2] [D] [thread 10917] [48.0] [cxt 0] Deparser 'deparser': end
[15:52:38.557] [bmv2] [D] [thread 10921] [48.0] [cxt 0] Transmitting packet of size 180 out of port 0
[15:52:39.075] [bmv2] [D] [thread 10916] [49.0] [cxt 0] Processing packet received on port 2
[15:52:39.075] [bmv2] [D] [thread 10916] [49.0] [cxt 0] Parser 'parser': start
[15:52:39.075] [bmv2] [D] [thread 10916] [49.0] [cxt 0] Parser 'parser' entering state 'start'
[15:52:39.075] [bmv2] [D] [thread 10916] [49.0] [cxt 0] Extracting header 'ethernet'
[15:52:39.075] [bmv2] [D] [thread 10916] [49.0] [cxt 0] Parser state 'start': key is 86dd
[15:52:39.075] [bmv2] [T] [thread 10916] [49.0] [cxt 0] Bytes parsed: 14
[15:52:39.075] [bmv2] [D] [thread 10916] [49.0] [cxt 0] Parser 'parser': end
[15:52:39.075] [bmv2] [D] [thread 10916] [49.0] [cxt 0] Pipeline 'ingress': start
[15:52:39.075] [bmv2] [T] [thread 10916] [49.0] [cxt 0] basic_tunnel.p4(152) Condition "hdr.ipv4.isValid() && !hdr.myTunnel.isValid()" (node_2) is false
[15:52:39.075] [bmv2] [T] [thread 10916] [49.0] [cxt 0] basic_tunnel.p4(155) Condition "hdr.myTunnel.isValid()" (node_4) is false
[15:52:39.075] [bmv2] [D] [thread 10916] [49.0] [cxt 0] Pipeline 'ingress': end
[15:52:39.075] [bmv2] [D] [thread 10916] [49.0] [cxt 0] Egress port is 0
[15:52:39.076] [bmv2] [D] [thread 10917] [49.0] [cxt 0] Pipeline 'egress': start
[15:52:39.076] [bmv2] [D] [thread 10917] [49.0] [cxt 0] Pipeline 'egress': end
[15:52:39.076] [bmv2] [D] [thread 10917] [49.0] [cxt 0] Deparser 'deparser': start
[15:52:39.076] [bmv2] [T] [thread 10917] [49.0] [cxt 0] Skipping checksum 'cksum' update because condition not met
[15:52:39.076] [bmv2] [D] [thread 10917] [49.0] [cxt 0] Deparsing header 'ethernet'
[15:52:39.076] [bmv2] [D] [thread 10917] [49.0] [cxt 0] Deparser 'deparser': end
[15:52:39.077] [bmv2] [D] [thread 10921] [49.0] [cxt 0] Transmitting packet of size 180 out of port 0
[15:52:39.415] [bmv2] [D] [thread 10916] [50.0] [cxt 0] Processing packet received on port 3
[15:52:39.415] [bmv2] [D] [thread 10916] [50.0] [cxt 0] Parser 'parser': start
[15:52:39.415] [bmv2] [D] [thread 10916] [50.0] [cxt 0] Parser 'parser' entering state 'start'
[15:52:39.415] [bmv2] [D] [thread 10916] [50.0] [cxt 0] Extracting header 'ethernet'
[15:52:39.415] [bmv2] [D] [thread 10916] [50.0] [cxt 0] Parser state 'start': key is 86dd
[15:52:39.415] [bmv2] [T] [thread 10916] [50.0] [cxt 0] Bytes parsed: 14
[15:52:39.415] [bmv2] [D] [thread 10916] [50.0] [cxt 0] Parser 'parser': end
[15:52:39.415] [bmv2] [D] [thread 10916] [50.0] [cxt 0] Pipeline 'ingress': start
[15:52:39.415] [bmv2] [T] [thread 10916] [50.0] [cxt 0] basic_tunnel.p4(152) Condition "hdr.ipv4.isValid() && !hdr.myTunnel.isValid()" (node_2) is false
[15:52:39.415] [bmv2] [T] [thread 10916] [50.0] [cxt 0] basic_tunnel.p4(155) Condition "hdr.myTunnel.isValid()" (node_4) is false
[15:52:39.415] [bmv2] [D] [thread 10916] [50.0] [cxt 0] Pipeline 'ingress': end
[15:52:39.415] [bmv2] [D] [thread 10916] [50.0] [cxt 0] Egress port is 0
[15:52:39.415] [bmv2] [D] [thread 10917] [50.0] [cxt 0] Pipeline 'egress': start
[15:52:39.415] [bmv2] [D] [thread 10917] [50.0] [cxt 0] Pipeline 'egress': end
[15:52:39.415] [bmv2] [D] [thread 10917] [50.0] [cxt 0] Deparser 'deparser': start
[15:52:39.415] [bmv2] [T] [thread 10917] [50.0] [cxt 0] Skipping checksum 'cksum' update because condition not met
[15:52:39.415] [bmv2] [D] [thread 10917] [50.0] [cxt 0] Deparsing header 'ethernet'
[15:52:39.415] [bmv2] [D] [thread 10917] [50.0] [cxt 0] Deparser 'deparser': end
[15:52:39.415] [bmv2] [D] [thread 10921] [50.0] [cxt 0] Transmitting packet of size 180 out of port 0
[15:52:42.576] [bmv2] [D] [thread 10916] [51.0] [cxt 0] Processing packet received on port 3
[15:52:42.576] [bmv2] [D] [thread 10916] [51.0] [cxt 0] Parser 'parser': start
[15:52:42.576] [bmv2] [D] [thread 10916] [51.0] [cxt 0] Parser 'parser' entering state 'start'
[15:52:42.576] [bmv2] [D] [thread 10916] [51.0] [cxt 0] Extracting header 'ethernet'
[15:52:42.576] [bmv2] [D] [thread 10916] [51.0] [cxt 0] Parser state 'start': key is 86dd
[15:52:42.576] [bmv2] [T] [thread 10916] [51.0] [cxt 0] Bytes parsed: 14
[15:52:42.576] [bmv2] [D] [thread 10916] [51.0] [cxt 0] Parser 'parser': end
[15:52:42.576] [bmv2] [D] [thread 10916] [51.0] [cxt 0] Pipeline 'ingress': start
[15:52:42.576] [bmv2] [T] [thread 10916] [51.0] [cxt 0] basic_tunnel.p4(152) Condition "hdr.ipv4.isValid() && !hdr.myTunnel.isValid()" (node_2) is false
[15:52:42.576] [bmv2] [T] [thread 10916] [51.0] [cxt 0] basic_tunnel.p4(155) Condition "hdr.myTunnel.isValid()" (node_4) is false
[15:52:42.576] [bmv2] [D] [thread 10916] [51.0] [cxt 0] Pipeline 'ingress': end
[15:52:42.576] [bmv2] [D] [thread 10916] [51.0] [cxt 0] Egress port is 0
[15:52:42.576] [bmv2] [D] [thread 10917] [51.0] [cxt 0] Pipeline 'egress': start
[15:52:42.576] [bmv2] [D] [thread 10917] [51.0] [cxt 0] Pipeline 'egress': end
[15:52:42.576] [bmv2] [D] [thread 10917] [51.0] [cxt 0] Deparser 'deparser': start
[15:52:42.576] [bmv2] [T] [thread 10917] [51.0] [cxt 0] Skipping checksum 'cksum' update because condition not met
[15:52:42.576] [bmv2] [D] [thread 10917] [51.0] [cxt 0] Deparsing header 'ethernet'
[15:52:42.576] [bmv2] [D] [thread 10917] [51.0] [cxt 0] Deparser 'deparser': end
[15:52:42.576] [bmv2] [D] [thread 10921] [51.0] [cxt 0] Transmitting packet of size 70 out of port 0
[15:52:43.600] [bmv2] [D] [thread 10916] [52.0] [cxt 0] Processing packet received on port 2
[15:52:43.600] [bmv2] [D] [thread 10916] [52.0] [cxt 0] Parser 'parser': start
[15:52:43.600] [bmv2] [D] [thread 10916] [52.0] [cxt 0] Parser 'parser' entering state 'start'
[15:52:43.600] [bmv2] [D] [thread 10916] [52.0] [cxt 0] Extracting header 'ethernet'
[15:52:43.600] [bmv2] [D] [thread 10916] [52.0] [cxt 0] Parser state 'start': key is 86dd
[15:52:43.600] [bmv2] [T] [thread 10916] [52.0] [cxt 0] Bytes parsed: 14
[15:52:43.600] [bmv2] [D] [thread 10916] [52.0] [cxt 0] Parser 'parser': end
[15:52:43.600] [bmv2] [D] [thread 10916] [52.0] [cxt 0] Pipeline 'ingress': start
[15:52:43.600] [bmv2] [T] [thread 10916] [52.0] [cxt 0] basic_tunnel.p4(152) Condition "hdr.ipv4.isValid() && !hdr.myTunnel.isValid()" (node_2) is false
[15:52:43.600] [bmv2] [T] [thread 10916] [52.0] [cxt 0] basic_tunnel.p4(155) Condition "hdr.myTunnel.isValid()" (node_4) is false
[15:52:43.600] [bmv2] [D] [thread 10916] [52.0] [cxt 0] Pipeline 'ingress': end
[15:52:43.600] [bmv2] [D] [thread 10916] [52.0] [cxt 0] Egress port is 0
[15:52:43.600] [bmv2] [D] [thread 10917] [52.0] [cxt 0] Pipeline 'egress': start
[15:52:43.600] [bmv2] [D] [thread 10917] [52.0] [cxt 0] Pipeline 'egress': end
[15:52:43.600] [bmv2] [D] [thread 10917] [52.0] [cxt 0] Deparser 'deparser': start
[15:52:43.600] [bmv2] [T] [thread 10917] [52.0] [cxt 0] Skipping checksum 'cksum' update because condition not met
[15:52:43.600] [bmv2] [D] [thread 10917] [52.0] [cxt 0] Deparsing header 'ethernet'
[15:52:43.600] [bmv2] [D] [thread 10917] [52.0] [cxt 0] Deparser 'deparser': end
[15:52:43.601] [bmv2] [D] [thread 10921] [52.0] [cxt 0] Transmitting packet of size 70 out of port 0
[15:52:44.110] [bmv2] [D] [thread 10916] [53.0] [cxt 0] Processing packet received on port 1
[15:52:44.110] [bmv2] [D] [thread 10916] [53.0] [cxt 0] Parser 'parser': start
[15:52:44.110] [bmv2] [D] [thread 10916] [53.0] [cxt 0] Parser 'parser' entering state 'start'
[15:52:44.110] [bmv2] [D] [thread 10916] [53.0] [cxt 0] Extracting header 'ethernet'
[15:52:44.110] [bmv2] [D] [thread 10916] [53.0] [cxt 0] Parser state 'start': key is 86dd
[15:52:44.110] [bmv2] [T] [thread 10916] [53.0] [cxt 0] Bytes parsed: 14
[15:52:44.110] [bmv2] [D] [thread 10916] [53.0] [cxt 0] Parser 'parser': end
[15:52:44.110] [bmv2] [D] [thread 10916] [53.0] [cxt 0] Pipeline 'ingress': start
[15:52:44.111] [bmv2] [T] [thread 10916] [53.0] [cxt 0] basic_tunnel.p4(152) Condition "hdr.ipv4.isValid() && !hdr.myTunnel.isValid()" (node_2) is false
[15:52:44.111] [bmv2] [T] [thread 10916] [53.0] [cxt 0] basic_tunnel.p4(155) Condition "hdr.myTunnel.isValid()" (node_4) is false
[15:52:44.111] [bmv2] [D] [thread 10916] [53.0] [cxt 0] Pipeline 'ingress': end
[15:52:44.111] [bmv2] [D] [thread 10916] [53.0] [cxt 0] Egress port is 0
[15:52:44.111] [bmv2] [D] [thread 10917] [53.0] [cxt 0] Pipeline 'egress': start
[15:52:44.111] [bmv2] [D] [thread 10917] [53.0] [cxt 0] Pipeline 'egress': end
[15:52:44.111] [bmv2] [D] [thread 10917] [53.0] [cxt 0] Deparser 'deparser': start
[15:52:44.111] [bmv2] [T] [thread 10917] [53.0] [cxt 0] Skipping checksum 'cksum' update because condition not met
[15:52:44.111] [bmv2] [D] [thread 10917] [53.0] [cxt 0] Deparsing header 'ethernet'
[15:52:44.111] [bmv2] [D] [thread 10917] [53.0] [cxt 0] Deparser 'deparser': end
[15:52:44.111] [bmv2] [D] [thread 10921] [53.0] [cxt 0] Transmitting packet of size 70 out of port 0
open: No such file or directory
open: No such file or directory
open: No such file or directory
open: No such file or directory
open: No such file or directory
open: No such file or directory
open: No such file or directory
