Calling target program-options parser
[20:18:58.138] [bmv2] [D] [thread 124645] Set default default entry for table 'MyIngress.ipv4_lpm': MyIngress.drop - 
[20:18:58.138] [bmv2] [D] [thread 124645] Set default default entry for table 'MyIngress.myTunnel_exact': MyIngress.drop - 
Adding interface s3-eth1 as port 1
[20:18:58.140] [bmv2] [D] [thread 124645] Adding interface s3-eth1 as port 1
Adding interface s3-eth2 as port 2
[20:18:58.374] [bmv2] [D] [thread 124645] Adding interface s3-eth2 as port 2
Adding interface s3-eth3 as port 3
[20:18:58.462] [bmv2] [D] [thread 124645] Adding interface s3-eth3 as port 3
Server listening on 0.0.0.0:50053
[20:18:58.700] [bmv2] [I] [thread 124645] Starting Thrift server on port 9092
[20:18:58.701] [bmv2] [I] [thread 124645] Thrift server was started
[20:18:58.709] [bmv2] [D] [thread 124655] [0.0] [cxt 0] Processing packet received on port 2
[20:18:58.709] [bmv2] [D] [thread 124655] [0.0] [cxt 0] Parser 'parser': start
[20:18:58.709] [bmv2] [D] [thread 124655] [0.0] [cxt 0] Parser 'parser' entering state 'start'
[20:18:58.709] [bmv2] [D] [thread 124655] [0.0] [cxt 0] Extracting header 'ethernet'
[20:18:58.709] [bmv2] [D] [thread 124655] [0.0] [cxt 0] Parser state 'start': key is 86dd
[20:18:58.709] [bmv2] [T] [thread 124655] [0.0] [cxt 0] Bytes parsed: 14
[20:18:58.709] [bmv2] [D] [thread 124655] [0.0] [cxt 0] Parser 'parser': end
[20:18:58.709] [bmv2] [D] [thread 124655] [0.0] [cxt 0] Pipeline 'ingress': start
[20:18:58.709] [bmv2] [T] [thread 124655] [0.0] [cxt 0] basic_tunnel.p4(152) Condition "hdr.ipv4.isValid() && !hdr.myTunnel.isValid()" (node_2) is false
[20:18:58.709] [bmv2] [T] [thread 124655] [0.0] [cxt 0] basic_tunnel.p4(155) Condition "hdr.myTunnel.isValid()" (node_4) is false
[20:18:58.709] [bmv2] [D] [thread 124655] [0.0] [cxt 0] Pipeline 'ingress': end
[20:18:58.709] [bmv2] [D] [thread 124655] [0.0] [cxt 0] Egress port is 0
[20:18:58.710] [bmv2] [D] [thread 124656] [0.0] [cxt 0] Pipeline 'egress': start
[20:18:58.711] [bmv2] [D] [thread 124656] [0.0] [cxt 0] Pipeline 'egress': end
[20:18:58.711] [bmv2] [D] [thread 124656] [0.0] [cxt 0] Deparser 'deparser': start
[20:18:58.711] [bmv2] [T] [thread 124656] [0.0] [cxt 0] Skipping checksum 'cksum' update because condition not met
[20:18:58.711] [bmv2] [D] [thread 124656] [0.0] [cxt 0] Deparsing header 'ethernet'
[20:18:58.711] [bmv2] [D] [thread 124656] [0.0] [cxt 0] Deparser 'deparser': end
[20:18:58.713] [bmv2] [D] [thread 124660] [0.0] [cxt 0] Transmitting packet of size 70 out of port 0
[20:18:58.873] [bmv2] [D] [thread 124655] [1.0] [cxt 0] Processing packet received on port 3
[20:18:58.873] [bmv2] [D] [thread 124655] [1.0] [cxt 0] Parser 'parser': start
[20:18:58.873] [bmv2] [D] [thread 124655] [1.0] [cxt 0] Parser 'parser' entering state 'start'
[20:18:58.873] [bmv2] [D] [thread 124655] [1.0] [cxt 0] Extracting header 'ethernet'
[20:18:58.874] [bmv2] [D] [thread 124655] [1.0] [cxt 0] Parser state 'start': key is 86dd
[20:18:58.874] [bmv2] [T] [thread 124655] [1.0] [cxt 0] Bytes parsed: 14
[20:18:58.874] [bmv2] [D] [thread 124655] [1.0] [cxt 0] Parser 'parser': end
[20:18:58.874] [bmv2] [D] [thread 124655] [1.0] [cxt 0] Pipeline 'ingress': start
[20:18:58.874] [bmv2] [T] [thread 124655] [1.0] [cxt 0] basic_tunnel.p4(152) Condition "hdr.ipv4.isValid() && !hdr.myTunnel.isValid()" (node_2) is false
[20:18:58.874] [bmv2] [T] [thread 124655] [1.0] [cxt 0] basic_tunnel.p4(155) Condition "hdr.myTunnel.isValid()" (node_4) is false
[20:18:58.874] [bmv2] [D] [thread 124655] [1.0] [cxt 0] Pipeline 'ingress': end
[20:18:58.874] [bmv2] [D] [thread 124655] [1.0] [cxt 0] Egress port is 0
[20:18:58.874] [bmv2] [D] [thread 124656] [1.0] [cxt 0] Pipeline 'egress': start
[20:18:58.874] [bmv2] [D] [thread 124656] [1.0] [cxt 0] Pipeline 'egress': end
[20:18:58.874] [bmv2] [D] [thread 124656] [1.0] [cxt 0] Deparser 'deparser': start
[20:18:58.874] [bmv2] [T] [thread 124656] [1.0] [cxt 0] Skipping checksum 'cksum' update because condition not met
[20:18:58.874] [bmv2] [D] [thread 124656] [1.0] [cxt 0] Deparsing header 'ethernet'
[20:18:58.874] [bmv2] [D] [thread 124656] [1.0] [cxt 0] Deparser 'deparser': end
[20:18:58.875] [bmv2] [D] [thread 124660] [1.0] [cxt 0] Transmitting packet of size 70 out of port 0
[20:18:58.990] [bmv2] [D] [thread 124655] [2.0] [cxt 0] Processing packet received on port 2
[20:18:58.990] [bmv2] [D] [thread 124655] [2.0] [cxt 0] Parser 'parser': start
[20:18:58.990] [bmv2] [D] [thread 124655] [2.0] [cxt 0] Parser 'parser' entering state 'start'
[20:18:58.990] [bmv2] [D] [thread 124655] [2.0] [cxt 0] Extracting header 'ethernet'
[20:18:58.990] [bmv2] [D] [thread 124655] [2.0] [cxt 0] Parser state 'start': key is 86dd
[20:18:58.990] [bmv2] [T] [thread 124655] [2.0] [cxt 0] Bytes parsed: 14
[20:18:58.990] [bmv2] [D] [thread 124655] [2.0] [cxt 0] Parser 'parser': end
[20:18:58.990] [bmv2] [D] [thread 124655] [2.0] [cxt 0] Pipeline 'ingress': start
[20:18:58.990] [bmv2] [T] [thread 124655] [2.0] [cxt 0] basic_tunnel.p4(152) Condition "hdr.ipv4.isValid() && !hdr.myTunnel.isValid()" (node_2) is false
[20:18:58.990] [bmv2] [T] [thread 124655] [2.0] [cxt 0] basic_tunnel.p4(155) Condition "hdr.myTunnel.isValid()" (node_4) is false
[20:18:58.990] [bmv2] [D] [thread 124655] [2.0] [cxt 0] Pipeline 'ingress': end
[20:18:58.990] [bmv2] [D] [thread 124655] [2.0] [cxt 0] Egress port is 0
[20:18:58.990] [bmv2] [D] [thread 124656] [2.0] [cxt 0] Pipeline 'egress': start
[20:18:58.990] [bmv2] [D] [thread 124656] [2.0] [cxt 0] Pipeline 'egress': end
[20:18:58.990] [bmv2] [D] [thread 124656] [2.0] [cxt 0] Deparser 'deparser': start
[20:18:58.990] [bmv2] [T] [thread 124656] [2.0] [cxt 0] Skipping checksum 'cksum' update because condition not met
[20:18:58.990] [bmv2] [D] [thread 124656] [2.0] [cxt 0] Deparsing header 'ethernet'
[20:18:58.990] [bmv2] [D] [thread 124656] [2.0] [cxt 0] Deparser 'deparser': end
[20:18:58.991] [bmv2] [D] [thread 124660] [2.0] [cxt 0] Transmitting packet of size 196 out of port 0
[20:18:59.246] [bmv2] [D] [thread 124655] [3.0] [cxt 0] Processing packet received on port 3
[20:18:59.246] [bmv2] [D] [thread 124655] [3.0] [cxt 0] Parser 'parser': start
[20:18:59.246] [bmv2] [D] [thread 124655] [3.0] [cxt 0] Parser 'parser' entering state 'start'
[20:18:59.246] [bmv2] [D] [thread 124655] [3.0] [cxt 0] Extracting header 'ethernet'
[20:18:59.246] [bmv2] [D] [thread 124655] [3.0] [cxt 0] Parser state 'start': key is 86dd
[20:18:59.246] [bmv2] [T] [thread 124655] [3.0] [cxt 0] Bytes parsed: 14
[20:18:59.246] [bmv2] [D] [thread 124655] [3.0] [cxt 0] Parser 'parser': end
[20:18:59.246] [bmv2] [D] [thread 124655] [3.0] [cxt 0] Pipeline 'ingress': start
[20:18:59.246] [bmv2] [T] [thread 124655] [3.0] [cxt 0] basic_tunnel.p4(152) Condition "hdr.ipv4.isValid() && !hdr.myTunnel.isValid()" (node_2) is false
[20:18:59.246] [bmv2] [T] [thread 124655] [3.0] [cxt 0] basic_tunnel.p4(155) Condition "hdr.myTunnel.isValid()" (node_4) is false
[20:18:59.246] [bmv2] [D] [thread 124655] [3.0] [cxt 0] Pipeline 'ingress': end
[20:18:59.246] [bmv2] [D] [thread 124655] [3.0] [cxt 0] Egress port is 0
[20:18:59.246] [bmv2] [D] [thread 124655] [4.0] [cxt 0] Processing packet received on port 3
[20:18:59.246] [bmv2] [D] [thread 124655] [4.0] [cxt 0] Parser 'parser': start
[20:18:59.246] [bmv2] [D] [thread 124655] [4.0] [cxt 0] Parser 'parser' entering state 'start'
[20:18:59.246] [bmv2] [D] [thread 124655] [4.0] [cxt 0] Extracting header 'ethernet'
[20:18:59.246] [bmv2] [D] [thread 124655] [4.0] [cxt 0] Parser state 'start': key is 86dd
[20:18:59.246] [bmv2] [T] [thread 124655] [4.0] [cxt 0] Bytes parsed: 14
[20:18:59.246] [bmv2] [D] [thread 124655] [4.0] [cxt 0] Parser 'parser': end
[20:18:59.246] [bmv2] [D] [thread 124655] [4.0] [cxt 0] Pipeline 'ingress': start
[20:18:59.246] [bmv2] [T] [thread 124655] [4.0] [cxt 0] basic_tunnel.p4(152) Condition "hdr.ipv4.isValid() && !hdr.myTunnel.isValid()" (node_2) is false
[20:18:59.246] [bmv2] [T] [thread 124655] [4.0] [cxt 0] basic_tunnel.p4(155) Condition "hdr.myTunnel.isValid()" (node_4) is false
[20:18:59.247] [bmv2] [D] [thread 124655] [4.0] [cxt 0] Pipeline 'ingress': end
[20:18:59.247] [bmv2] [D] [thread 124655] [4.0] [cxt 0] Egress port is 0
[20:18:59.247] [bmv2] [D] [thread 124656] [3.0] [cxt 0] Pipeline 'egress': start
[20:18:59.247] [bmv2] [D] [thread 124656] [3.0] [cxt 0] Pipeline 'egress': end
[20:18:59.247] [bmv2] [D] [thread 124656] [3.0] [cxt 0] Deparser 'deparser': start
[20:18:59.247] [bmv2] [T] [thread 124656] [3.0] [cxt 0] Skipping checksum 'cksum' update because condition not met
[20:18:59.247] [bmv2] [D] [thread 124656] [3.0] [cxt 0] Deparsing header 'ethernet'
[20:18:59.247] [bmv2] [D] [thread 124656] [3.0] [cxt 0] Deparser 'deparser': end
[20:18:59.247] [bmv2] [D] [thread 124656] [4.0] [cxt 0] Pipeline 'egress': start
[20:18:59.247] [bmv2] [D] [thread 124656] [4.0] [cxt 0] Pipeline 'egress': end
[20:18:59.247] [bmv2] [D] [thread 124656] [4.0] [cxt 0] Deparser 'deparser': start
[20:18:59.247] [bmv2] [T] [thread 124656] [4.0] [cxt 0] Skipping checksum 'cksum' update because condition not met
[20:18:59.247] [bmv2] [D] [thread 124656] [4.0] [cxt 0] Deparsing header 'ethernet'
[20:18:59.247] [bmv2] [D] [thread 124656] [4.0] [cxt 0] Deparser 'deparser': end
[20:18:59.248] [bmv2] [D] [thread 124660] [3.0] [cxt 0] Transmitting packet of size 196 out of port 0
[20:18:59.248] [bmv2] [D] [thread 124660] [4.0] [cxt 0] Transmitting packet of size 196 out of port 0
[20:18:59.701] [bmv2] [D] [thread 124655] [5.0] [cxt 0] Processing packet received on port 2
[20:18:59.701] [bmv2] [D] [thread 124655] [5.0] [cxt 0] Parser 'parser': start
[20:18:59.701] [bmv2] [D] [thread 124655] [5.0] [cxt 0] Parser 'parser' entering state 'start'
[20:18:59.701] [bmv2] [D] [thread 124655] [5.0] [cxt 0] Extracting header 'ethernet'
[20:18:59.701] [bmv2] [D] [thread 124655] [5.0] [cxt 0] Parser state 'start': key is 86dd
[20:18:59.701] [bmv2] [T] [thread 124655] [5.0] [cxt 0] Bytes parsed: 14
[20:18:59.701] [bmv2] [D] [thread 124655] [5.0] [cxt 0] Parser 'parser': end
[20:18:59.701] [bmv2] [D] [thread 124655] [5.0] [cxt 0] Pipeline 'ingress': start
[20:18:59.701] [bmv2] [T] [thread 124655] [5.0] [cxt 0] basic_tunnel.p4(152) Condition "hdr.ipv4.isValid() && !hdr.myTunnel.isValid()" (node_2) is false
[20:18:59.702] [bmv2] [T] [thread 124655] [5.0] [cxt 0] basic_tunnel.p4(155) Condition "hdr.myTunnel.isValid()" (node_4) is false
[20:18:59.702] [bmv2] [D] [thread 124655] [5.0] [cxt 0] Pipeline 'ingress': end
[20:18:59.702] [bmv2] [D] [thread 124655] [5.0] [cxt 0] Egress port is 0
[20:18:59.702] [bmv2] [D] [thread 124656] [5.0] [cxt 0] Pipeline 'egress': start
[20:18:59.702] [bmv2] [D] [thread 124656] [5.0] [cxt 0] Pipeline 'egress': end
[20:18:59.702] [bmv2] [D] [thread 124656] [5.0] [cxt 0] Deparser 'deparser': start
[20:18:59.702] [bmv2] [T] [thread 124656] [5.0] [cxt 0] Skipping checksum 'cksum' update because condition not met
[20:18:59.702] [bmv2] [D] [thread 124656] [5.0] [cxt 0] Deparsing header 'ethernet'
[20:18:59.702] [bmv2] [D] [thread 124656] [5.0] [cxt 0] Deparser 'deparser': end
[20:18:59.703] [bmv2] [D] [thread 124660] [5.0] [cxt 0] Transmitting packet of size 196 out of port 0
[20:18:59.898] [bmv2] [D] [thread 124655] [6.0] [cxt 0] Processing packet received on port 2
[20:18:59.898] [bmv2] [D] [thread 124655] [6.0] [cxt 0] Parser 'parser': start
[20:18:59.898] [bmv2] [D] [thread 124655] [6.0] [cxt 0] Parser 'parser' entering state 'start'
[20:18:59.898] [bmv2] [D] [thread 124655] [6.0] [cxt 0] Extracting header 'ethernet'
[20:18:59.898] [bmv2] [D] [thread 124655] [6.0] [cxt 0] Parser state 'start': key is 86dd
[20:18:59.898] [bmv2] [T] [thread 124655] [6.0] [cxt 0] Bytes parsed: 14
[20:18:59.898] [bmv2] [D] [thread 124655] [6.0] [cxt 0] Parser 'parser': end
[20:18:59.898] [bmv2] [D] [thread 124655] [6.0] [cxt 0] Pipeline 'ingress': start
[20:18:59.898] [bmv2] [T] [thread 124655] [6.0] [cxt 0] basic_tunnel.p4(152) Condition "hdr.ipv4.isValid() && !hdr.myTunnel.isValid()" (node_2) is false
[20:18:59.898] [bmv2] [T] [thread 124655] [6.0] [cxt 0] basic_tunnel.p4(155) Condition "hdr.myTunnel.isValid()" (node_4) is false
[20:18:59.898] [bmv2] [D] [thread 124655] [6.0] [cxt 0] Pipeline 'ingress': end
[20:18:59.898] [bmv2] [D] [thread 124655] [6.0] [cxt 0] Egress port is 0
[20:18:59.898] [bmv2] [D] [thread 124656] [6.0] [cxt 0] Pipeline 'egress': start
[20:18:59.898] [bmv2] [D] [thread 124656] [6.0] [cxt 0] Pipeline 'egress': end
[20:18:59.898] [bmv2] [D] [thread 124656] [6.0] [cxt 0] Deparser 'deparser': start
[20:18:59.898] [bmv2] [T] [thread 124656] [6.0] [cxt 0] Skipping checksum 'cksum' update because condition not met
[20:18:59.898] [bmv2] [D] [thread 124656] [6.0] [cxt 0] Deparsing header 'ethernet'
[20:18:59.898] [bmv2] [D] [thread 124656] [6.0] [cxt 0] Deparser 'deparser': end
[20:18:59.899] [bmv2] [D] [thread 124660] [6.0] [cxt 0] Transmitting packet of size 70 out of port 0
[20:19:00.554] [bmv2] [W] [thread 124694] [P4Runtime] p4::tmp::P4DeviceConfig is deprecated
[20:19:00.558] [bmv2] [D] [thread 124694] Set default default entry for table 'MyIngress.ipv4_lpm': MyIngress.drop - 
[20:19:00.558] [bmv2] [D] [thread 124694] Set default default entry for table 'MyIngress.myTunnel_exact': MyIngress.drop - 
[20:19:00.563] [bmv2] [D] [thread 124694] simple_switch target has been notified of a config swap
[20:19:00.571] [bmv2] [D] [thread 124695] Entry 0 added to table 'MyIngress.ipv4_lpm'
[20:19:00.571] [bmv2] [D] [thread 124695] Dumping entry 0
Match key:
* hdr.ipv4.dstAddr    : LPM       0a000101/32
Action entry: MyIngress.ipv4_forward - 80000000100,2,

[20:19:00.575] [bmv2] [D] [thread 124694] Entry 1 added to table 'MyIngress.ipv4_lpm'
[20:19:00.575] [bmv2] [D] [thread 124694] Dumping entry 1
Match key:
* hdr.ipv4.dstAddr    : LPM       0a000202/32
Action entry: MyIngress.ipv4_forward - 80000000200,3,

[20:19:00.579] [bmv2] [D] [thread 124695] Entry 2 added to table 'MyIngress.ipv4_lpm'
[20:19:00.580] [bmv2] [D] [thread 124695] Dumping entry 2
Match key:
* hdr.ipv4.dstAddr    : LPM       0a000303/32
Action entry: MyIngress.ipv4_forward - 80000000333,1,

[20:19:00.583] [bmv2] [D] [thread 124694] Entry 0 added to table 'MyIngress.myTunnel_exact'
[20:19:00.583] [bmv2] [D] [thread 124694] Dumping entry 0
Match key:
* hdr.myTunnel.dst_id : EXACT     0001
Action entry: MyIngress.myTunnel_forward - 2,

[20:19:00.586] [bmv2] [D] [thread 124695] Entry 1 added to table 'MyIngress.myTunnel_exact'
[20:19:00.586] [bmv2] [D] [thread 124695] Dumping entry 1
Match key:
* hdr.myTunnel.dst_id : EXACT     0002
Action entry: MyIngress.myTunnel_forward - 3,

[20:19:00.589] [bmv2] [D] [thread 124694] Entry 2 added to table 'MyIngress.myTunnel_exact'
[20:19:00.589] [bmv2] [D] [thread 124694] Dumping entry 2
Match key:
* hdr.myTunnel.dst_id : EXACT     0003
Action entry: MyIngress.myTunnel_forward - 1,

[20:19:06.296] [bmv2] [D] [thread 124655] [7.0] [cxt 0] Processing packet received on port 3
[20:19:06.296] [bmv2] [D] [thread 124655] [7.0] [cxt 0] Parser 'parser': start
[20:19:06.296] [bmv2] [D] [thread 124655] [7.0] [cxt 0] Parser 'parser' entering state 'start'
[20:19:06.296] [bmv2] [D] [thread 124655] [7.0] [cxt 0] Extracting header 'ethernet'
[20:19:06.296] [bmv2] [D] [thread 124655] [7.0] [cxt 0] Parser state 'start': key is 86dd
[20:19:06.296] [bmv2] [T] [thread 124655] [7.0] [cxt 0] Bytes parsed: 14
[20:19:06.296] [bmv2] [D] [thread 124655] [7.0] [cxt 0] Parser 'parser': end
[20:19:06.296] [bmv2] [D] [thread 124655] [7.0] [cxt 0] Pipeline 'ingress': start
[20:19:06.296] [bmv2] [T] [thread 124655] [7.0] [cxt 0] basic_tunnel.p4(152) Condition "hdr.ipv4.isValid() && !hdr.myTunnel.isValid()" (node_2) is false
[20:19:06.296] [bmv2] [T] [thread 124655] [7.0] [cxt 0] basic_tunnel.p4(155) Condition "hdr.myTunnel.isValid()" (node_4) is false
[20:19:06.296] [bmv2] [D] [thread 124655] [7.0] [cxt 0] Pipeline 'ingress': end
[20:19:06.296] [bmv2] [D] [thread 124655] [7.0] [cxt 0] Egress port is 0
[20:19:06.297] [bmv2] [D] [thread 124656] [7.0] [cxt 0] Pipeline 'egress': start
[20:19:06.297] [bmv2] [D] [thread 124656] [7.0] [cxt 0] Pipeline 'egress': end
[20:19:06.297] [bmv2] [D] [thread 124656] [7.0] [cxt 0] Deparser 'deparser': start
[20:19:06.297] [bmv2] [T] [thread 124656] [7.0] [cxt 0] Skipping checksum 'cksum' update because condition not met
[20:19:06.297] [bmv2] [D] [thread 124656] [7.0] [cxt 0] Deparsing header 'ethernet'
[20:19:06.297] [bmv2] [D] [thread 124656] [7.0] [cxt 0] Deparser 'deparser': end
[20:19:06.298] [bmv2] [D] [thread 124660] [7.0] [cxt 0] Transmitting packet of size 70 out of port 0
[20:19:06.551] [bmv2] [D] [thread 124655] [8.0] [cxt 0] Processing packet received on port 1
[20:19:06.551] [bmv2] [D] [thread 124655] [8.0] [cxt 0] Parser 'parser': start
[20:19:06.551] [bmv2] [D] [thread 124655] [8.0] [cxt 0] Parser 'parser' entering state 'start'
[20:19:06.551] [bmv2] [D] [thread 124655] [8.0] [cxt 0] Extracting header 'ethernet'
[20:19:06.551] [bmv2] [D] [thread 124655] [8.0] [cxt 0] Parser state 'start': key is 86dd
[20:19:06.552] [bmv2] [T] [thread 124655] [8.0] [cxt 0] Bytes parsed: 14
[20:19:06.552] [bmv2] [D] [thread 124655] [8.0] [cxt 0] Parser 'parser': end
[20:19:06.552] [bmv2] [D] [thread 124655] [8.0] [cxt 0] Pipeline 'ingress': start
[20:19:06.552] [bmv2] [T] [thread 124655] [8.0] [cxt 0] basic_tunnel.p4(152) Condition "hdr.ipv4.isValid() && !hdr.myTunnel.isValid()" (node_2) is false
[20:19:06.552] [bmv2] [T] [thread 124655] [8.0] [cxt 0] basic_tunnel.p4(155) Condition "hdr.myTunnel.isValid()" (node_4) is false
[20:19:06.552] [bmv2] [D] [thread 124655] [8.0] [cxt 0] Pipeline 'ingress': end
[20:19:06.552] [bmv2] [D] [thread 124655] [8.0] [cxt 0] Egress port is 0
[20:19:06.552] [bmv2] [D] [thread 124655] [9.0] [cxt 0] Processing packet received on port 2
[20:19:06.552] [bmv2] [D] [thread 124655] [9.0] [cxt 0] Parser 'parser': start
[20:19:06.552] [bmv2] [D] [thread 124655] [9.0] [cxt 0] Parser 'parser' entering state 'start'
[20:19:06.552] [bmv2] [D] [thread 124655] [9.0] [cxt 0] Extracting header 'ethernet'
[20:19:06.552] [bmv2] [D] [thread 124655] [9.0] [cxt 0] Parser state 'start': key is 86dd
[20:19:06.552] [bmv2] [T] [thread 124655] [9.0] [cxt 0] Bytes parsed: 14
[20:19:06.552] [bmv2] [D] [thread 124655] [9.0] [cxt 0] Parser 'parser': end
[20:19:06.552] [bmv2] [D] [thread 124655] [9.0] [cxt 0] Pipeline 'ingress': start
[20:19:06.552] [bmv2] [T] [thread 124655] [9.0] [cxt 0] basic_tunnel.p4(152) Condition "hdr.ipv4.isValid() && !hdr.myTunnel.isValid()" (node_2) is false
[20:19:06.552] [bmv2] [T] [thread 124655] [9.0] [cxt 0] basic_tunnel.p4(155) Condition "hdr.myTunnel.isValid()" (node_4) is false
[20:19:06.552] [bmv2] [D] [thread 124655] [9.0] [cxt 0] Pipeline 'ingress': end
[20:19:06.552] [bmv2] [D] [thread 124655] [9.0] [cxt 0] Egress port is 0
[20:19:06.552] [bmv2] [D] [thread 124656] [8.0] [cxt 0] Pipeline 'egress': start
[20:19:06.552] [bmv2] [D] [thread 124656] [8.0] [cxt 0] Pipeline 'egress': end
[20:19:06.552] [bmv2] [D] [thread 124656] [8.0] [cxt 0] Deparser 'deparser': start
[20:19:06.552] [bmv2] [T] [thread 124656] [8.0] [cxt 0] Skipping checksum 'cksum' update because condition not met
[20:19:06.552] [bmv2] [D] [thread 124656] [8.0] [cxt 0] Deparsing header 'ethernet'
[20:19:06.552] [bmv2] [D] [thread 124656] [8.0] [cxt 0] Deparser 'deparser': end
[20:19:06.552] [bmv2] [D] [thread 124656] [9.0] [cxt 0] Pipeline 'egress': start
[20:19:06.552] [bmv2] [D] [thread 124656] [9.0] [cxt 0] Pipeline 'egress': end
[20:19:06.552] [bmv2] [D] [thread 124656] [9.0] [cxt 0] Deparser 'deparser': start
[20:19:06.552] [bmv2] [T] [thread 124656] [9.0] [cxt 0] Skipping checksum 'cksum' update because condition not met
[20:19:06.552] [bmv2] [D] [thread 124656] [9.0] [cxt 0] Deparsing header 'ethernet'
[20:19:06.552] [bmv2] [D] [thread 124656] [9.0] [cxt 0] Deparser 'deparser': end
[20:19:06.553] [bmv2] [D] [thread 124660] [8.0] [cxt 0] Transmitting packet of size 70 out of port 0
[20:19:06.553] [bmv2] [D] [thread 124660] [9.0] [cxt 0] Transmitting packet of size 70 out of port 0
[20:19:07.065] [bmv2] [D] [thread 124655] [10.0] [cxt 0] Processing packet received on port 3
[20:19:07.065] [bmv2] [D] [thread 124655] [10.0] [cxt 0] Parser 'parser': start
[20:19:07.065] [bmv2] [D] [thread 124655] [10.0] [cxt 0] Parser 'parser' entering state 'start'
[20:19:07.065] [bmv2] [D] [thread 124655] [10.0] [cxt 0] Extracting header 'ethernet'
[20:19:07.065] [bmv2] [D] [thread 124655] [10.0] [cxt 0] Parser state 'start': key is 86dd
[20:19:07.065] [bmv2] [T] [thread 124655] [10.0] [cxt 0] Bytes parsed: 14
[20:19:07.065] [bmv2] [D] [thread 124655] [10.0] [cxt 0] Parser 'parser': end
[20:19:07.065] [bmv2] [D] [thread 124655] [10.0] [cxt 0] Pipeline 'ingress': start
[20:19:07.065] [bmv2] [T] [thread 124655] [10.0] [cxt 0] basic_tunnel.p4(152) Condition "hdr.ipv4.isValid() && !hdr.myTunnel.isValid()" (node_2) is false
[20:19:07.065] [bmv2] [T] [thread 124655] [10.0] [cxt 0] basic_tunnel.p4(155) Condition "hdr.myTunnel.isValid()" (node_4) is false
[20:19:07.065] [bmv2] [D] [thread 124655] [10.0] [cxt 0] Pipeline 'ingress': end
[20:19:07.065] [bmv2] [D] [thread 124655] [10.0] [cxt 0] Egress port is 0
[20:19:07.065] [bmv2] [D] [thread 124656] [10.0] [cxt 0] Pipeline 'egress': start
[20:19:07.065] [bmv2] [D] [thread 124656] [10.0] [cxt 0] Pipeline 'egress': end
[20:19:07.066] [bmv2] [D] [thread 124656] [10.0] [cxt 0] Deparser 'deparser': start
[20:19:07.066] [bmv2] [T] [thread 124656] [10.0] [cxt 0] Skipping checksum 'cksum' update because condition not met
[20:19:07.066] [bmv2] [D] [thread 124656] [10.0] [cxt 0] Deparsing header 'ethernet'
[20:19:07.066] [bmv2] [D] [thread 124656] [10.0] [cxt 0] Deparser 'deparser': end
[20:19:07.067] [bmv2] [D] [thread 124660] [10.0] [cxt 0] Transmitting packet of size 70 out of port 0
[20:19:08.858] [bmv2] [D] [thread 124655] [11.0] [cxt 0] Processing packet received on port 2
[20:19:08.858] [bmv2] [D] [thread 124655] [11.0] [cxt 0] Parser 'parser': start
[20:19:08.858] [bmv2] [D] [thread 124655] [11.0] [cxt 0] Parser 'parser' entering state 'start'
[20:19:08.858] [bmv2] [D] [thread 124655] [11.0] [cxt 0] Extracting header 'ethernet'
[20:19:08.858] [bmv2] [D] [thread 124655] [11.0] [cxt 0] Parser state 'start': key is 86dd
[20:19:08.858] [bmv2] [T] [thread 124655] [11.0] [cxt 0] Bytes parsed: 14
[20:19:08.858] [bmv2] [D] [thread 124655] [11.0] [cxt 0] Parser 'parser': end
[20:19:08.858] [bmv2] [D] [thread 124655] [11.0] [cxt 0] Pipeline 'ingress': start
[20:19:08.858] [bmv2] [T] [thread 124655] [11.0] [cxt 0] basic_tunnel.p4(152) Condition "hdr.ipv4.isValid() && !hdr.myTunnel.isValid()" (node_2) is false
[20:19:08.858] [bmv2] [T] [thread 124655] [11.0] [cxt 0] basic_tunnel.p4(155) Condition "hdr.myTunnel.isValid()" (node_4) is false
[20:19:08.858] [bmv2] [D] [thread 124655] [11.0] [cxt 0] Pipeline 'ingress': end
[20:19:08.858] [bmv2] [D] [thread 124655] [11.0] [cxt 0] Egress port is 0
[20:19:08.858] [bmv2] [D] [thread 124656] [11.0] [cxt 0] Pipeline 'egress': start
[20:19:08.858] [bmv2] [D] [thread 124656] [11.0] [cxt 0] Pipeline 'egress': end
[20:19:08.858] [bmv2] [D] [thread 124656] [11.0] [cxt 0] Deparser 'deparser': start
[20:19:08.858] [bmv2] [T] [thread 124656] [11.0] [cxt 0] Skipping checksum 'cksum' update because condition not met
[20:19:08.858] [bmv2] [D] [thread 124656] [11.0] [cxt 0] Deparsing header 'ethernet'
[20:19:08.858] [bmv2] [D] [thread 124656] [11.0] [cxt 0] Deparser 'deparser': end
[20:19:08.859] [bmv2] [D] [thread 124660] [11.0] [cxt 0] Transmitting packet of size 70 out of port 0
[20:19:20.890] [bmv2] [D] [thread 124655] [12.0] [cxt 0] Processing packet received on port 3
[20:19:20.890] [bmv2] [D] [thread 124655] [12.0] [cxt 0] Parser 'parser': start
[20:19:20.890] [bmv2] [D] [thread 124655] [12.0] [cxt 0] Parser 'parser' entering state 'start'
[20:19:20.890] [bmv2] [D] [thread 124655] [12.0] [cxt 0] Extracting header 'ethernet'
[20:19:20.890] [bmv2] [D] [thread 124655] [12.0] [cxt 0] Parser state 'start': key is 86dd
[20:19:20.890] [bmv2] [T] [thread 124655] [12.0] [cxt 0] Bytes parsed: 14
[20:19:20.890] [bmv2] [D] [thread 124655] [12.0] [cxt 0] Parser 'parser': end
[20:19:20.890] [bmv2] [D] [thread 124655] [12.0] [cxt 0] Pipeline 'ingress': start
[20:19:20.890] [bmv2] [T] [thread 124655] [12.0] [cxt 0] basic_tunnel.p4(152) Condition "hdr.ipv4.isValid() && !hdr.myTunnel.isValid()" (node_2) is false
[20:19:20.890] [bmv2] [T] [thread 124655] [12.0] [cxt 0] basic_tunnel.p4(155) Condition "hdr.myTunnel.isValid()" (node_4) is false
[20:19:20.890] [bmv2] [D] [thread 124655] [12.0] [cxt 0] Pipeline 'ingress': end
[20:19:20.890] [bmv2] [D] [thread 124655] [12.0] [cxt 0] Egress port is 0
[20:19:20.890] [bmv2] [D] [thread 124656] [12.0] [cxt 0] Pipeline 'egress': start
[20:19:20.891] [bmv2] [D] [thread 124656] [12.0] [cxt 0] Pipeline 'egress': end
[20:19:20.891] [bmv2] [D] [thread 124656] [12.0] [cxt 0] Deparser 'deparser': start
[20:19:20.891] [bmv2] [T] [thread 124656] [12.0] [cxt 0] Skipping checksum 'cksum' update because condition not met
[20:19:20.891] [bmv2] [D] [thread 124656] [12.0] [cxt 0] Deparsing header 'ethernet'
[20:19:20.891] [bmv2] [D] [thread 124656] [12.0] [cxt 0] Deparser 'deparser': end
[20:19:20.891] [bmv2] [D] [thread 124660] [12.0] [cxt 0] Transmitting packet of size 70 out of port 0
[20:19:22.174] [bmv2] [D] [thread 124655] [13.0] [cxt 0] Processing packet received on port 2
[20:19:22.174] [bmv2] [D] [thread 124655] [13.0] [cxt 0] Parser 'parser': start
[20:19:22.174] [bmv2] [D] [thread 124655] [13.0] [cxt 0] Parser 'parser' entering state 'start'
[20:19:22.174] [bmv2] [D] [thread 124655] [13.0] [cxt 0] Extracting header 'ethernet'
[20:19:22.174] [bmv2] [D] [thread 124655] [13.0] [cxt 0] Parser state 'start': key is 86dd
[20:19:22.174] [bmv2] [T] [thread 124655] [13.0] [cxt 0] Bytes parsed: 14
[20:19:22.174] [bmv2] [D] [thread 124655] [13.0] [cxt 0] Parser 'parser': end
[20:19:22.174] [bmv2] [D] [thread 124655] [13.0] [cxt 0] Pipeline 'ingress': start
[20:19:22.174] [bmv2] [T] [thread 124655] [13.0] [cxt 0] basic_tunnel.p4(152) Condition "hdr.ipv4.isValid() && !hdr.myTunnel.isValid()" (node_2) is false
[20:19:22.174] [bmv2] [T] [thread 124655] [13.0] [cxt 0] basic_tunnel.p4(155) Condition "hdr.myTunnel.isValid()" (node_4) is false
[20:19:22.174] [bmv2] [D] [thread 124655] [13.0] [cxt 0] Pipeline 'ingress': end
[20:19:22.174] [bmv2] [D] [thread 124655] [13.0] [cxt 0] Egress port is 0
[20:19:22.174] [bmv2] [D] [thread 124656] [13.0] [cxt 0] Pipeline 'egress': start
[20:19:22.174] [bmv2] [D] [thread 124656] [13.0] [cxt 0] Pipeline 'egress': end
[20:19:22.174] [bmv2] [D] [thread 124656] [13.0] [cxt 0] Deparser 'deparser': start
[20:19:22.174] [bmv2] [T] [thread 124656] [13.0] [cxt 0] Skipping checksum 'cksum' update because condition not met
[20:19:22.174] [bmv2] [D] [thread 124656] [13.0] [cxt 0] Deparsing header 'ethernet'
[20:19:22.174] [bmv2] [D] [thread 124656] [13.0] [cxt 0] Deparser 'deparser': end
[20:19:22.176] [bmv2] [D] [thread 124660] [13.0] [cxt 0] Transmitting packet of size 70 out of port 0
[20:19:22.678] [bmv2] [D] [thread 124655] [14.0] [cxt 0] Processing packet received on port 3
[20:19:22.678] [bmv2] [D] [thread 124655] [14.0] [cxt 0] Parser 'parser': start
[20:19:22.678] [bmv2] [D] [thread 124655] [14.0] [cxt 0] Parser 'parser' entering state 'start'
[20:19:22.678] [bmv2] [D] [thread 124655] [14.0] [cxt 0] Extracting header 'ethernet'
[20:19:22.678] [bmv2] [D] [thread 124655] [14.0] [cxt 0] Parser state 'start': key is 86dd
[20:19:22.678] [bmv2] [T] [thread 124655] [14.0] [cxt 0] Bytes parsed: 14
[20:19:22.678] [bmv2] [D] [thread 124655] [14.0] [cxt 0] Parser 'parser': end
[20:19:22.678] [bmv2] [D] [thread 124655] [14.0] [cxt 0] Pipeline 'ingress': start
[20:19:22.678] [bmv2] [T] [thread 124655] [14.0] [cxt 0] basic_tunnel.p4(152) Condition "hdr.ipv4.isValid() && !hdr.myTunnel.isValid()" (node_2) is false
[20:19:22.678] [bmv2] [T] [thread 124655] [14.0] [cxt 0] basic_tunnel.p4(155) Condition "hdr.myTunnel.isValid()" (node_4) is false
[20:19:22.678] [bmv2] [D] [thread 124655] [14.0] [cxt 0] Pipeline 'ingress': end
[20:19:22.678] [bmv2] [D] [thread 124655] [14.0] [cxt 0] Egress port is 0
[20:19:22.678] [bmv2] [D] [thread 124656] [14.0] [cxt 0] Pipeline 'egress': start
[20:19:22.678] [bmv2] [D] [thread 124656] [14.0] [cxt 0] Pipeline 'egress': end
[20:19:22.678] [bmv2] [D] [thread 124656] [14.0] [cxt 0] Deparser 'deparser': start
[20:19:22.679] [bmv2] [T] [thread 124656] [14.0] [cxt 0] Skipping checksum 'cksum' update because condition not met
[20:19:22.679] [bmv2] [D] [thread 124656] [14.0] [cxt 0] Deparsing header 'ethernet'
[20:19:22.679] [bmv2] [D] [thread 124656] [14.0] [cxt 0] Deparser 'deparser': end
[20:19:22.679] [bmv2] [D] [thread 124660] [14.0] [cxt 0] Transmitting packet of size 70 out of port 0
[20:19:23.703] [bmv2] [D] [thread 124655] [15.0] [cxt 0] Processing packet received on port 1
[20:19:23.703] [bmv2] [D] [thread 124655] [15.0] [cxt 0] Parser 'parser': start
[20:19:23.703] [bmv2] [D] [thread 124655] [15.0] [cxt 0] Parser 'parser' entering state 'start'
[20:19:23.703] [bmv2] [D] [thread 124655] [15.0] [cxt 0] Extracting header 'ethernet'
[20:19:23.704] [bmv2] [D] [thread 124655] [15.0] [cxt 0] Parser state 'start': key is 86dd
[20:19:23.704] [bmv2] [T] [thread 124655] [15.0] [cxt 0] Bytes parsed: 14
[20:19:23.704] [bmv2] [D] [thread 124655] [15.0] [cxt 0] Parser 'parser': end
[20:19:23.704] [bmv2] [D] [thread 124655] [15.0] [cxt 0] Pipeline 'ingress': start
[20:19:23.704] [bmv2] [T] [thread 124655] [15.0] [cxt 0] basic_tunnel.p4(152) Condition "hdr.ipv4.isValid() && !hdr.myTunnel.isValid()" (node_2) is false
[20:19:23.704] [bmv2] [T] [thread 124655] [15.0] [cxt 0] basic_tunnel.p4(155) Condition "hdr.myTunnel.isValid()" (node_4) is false
[20:19:23.704] [bmv2] [D] [thread 124655] [15.0] [cxt 0] Pipeline 'ingress': end
[20:19:23.704] [bmv2] [D] [thread 124655] [15.0] [cxt 0] Egress port is 0
[20:19:23.704] [bmv2] [D] [thread 124656] [15.0] [cxt 0] Pipeline 'egress': start
[20:19:23.705] [bmv2] [D] [thread 124656] [15.0] [cxt 0] Pipeline 'egress': end
[20:19:23.705] [bmv2] [D] [thread 124656] [15.0] [cxt 0] Deparser 'deparser': start
[20:19:23.705] [bmv2] [T] [thread 124656] [15.0] [cxt 0] Skipping checksum 'cksum' update because condition not met
[20:19:23.705] [bmv2] [D] [thread 124656] [15.0] [cxt 0] Deparsing header 'ethernet'
[20:19:23.705] [bmv2] [D] [thread 124656] [15.0] [cxt 0] Deparser 'deparser': end
[20:19:23.706] [bmv2] [D] [thread 124660] [15.0] [cxt 0] Transmitting packet of size 70 out of port 0
[20:19:27.798] [bmv2] [D] [thread 124655] [16.0] [cxt 0] Processing packet received on port 2
[20:19:27.798] [bmv2] [D] [thread 124655] [16.0] [cxt 0] Parser 'parser': start
[20:19:27.798] [bmv2] [D] [thread 124655] [16.0] [cxt 0] Parser 'parser' entering state 'start'
[20:19:27.798] [bmv2] [D] [thread 124655] [16.0] [cxt 0] Extracting header 'ethernet'
[20:19:27.798] [bmv2] [D] [thread 124655] [16.0] [cxt 0] Parser state 'start': key is 86dd
[20:19:27.798] [bmv2] [T] [thread 124655] [16.0] [cxt 0] Bytes parsed: 14
[20:19:27.798] [bmv2] [D] [thread 124655] [16.0] [cxt 0] Parser 'parser': end
[20:19:27.798] [bmv2] [D] [thread 124655] [16.0] [cxt 0] Pipeline 'ingress': start
[20:19:27.798] [bmv2] [T] [thread 124655] [16.0] [cxt 0] basic_tunnel.p4(152) Condition "hdr.ipv4.isValid() && !hdr.myTunnel.isValid()" (node_2) is false
[20:19:27.798] [bmv2] [T] [thread 124655] [16.0] [cxt 0] basic_tunnel.p4(155) Condition "hdr.myTunnel.isValid()" (node_4) is false
[20:19:27.798] [bmv2] [D] [thread 124655] [16.0] [cxt 0] Pipeline 'ingress': end
[20:19:27.799] [bmv2] [D] [thread 124655] [16.0] [cxt 0] Egress port is 0
[20:19:27.799] [bmv2] [D] [thread 124656] [16.0] [cxt 0] Pipeline 'egress': start
[20:19:27.799] [bmv2] [D] [thread 124656] [16.0] [cxt 0] Pipeline 'egress': end
[20:19:27.799] [bmv2] [D] [thread 124656] [16.0] [cxt 0] Deparser 'deparser': start
[20:19:27.799] [bmv2] [T] [thread 124656] [16.0] [cxt 0] Skipping checksum 'cksum' update because condition not met
[20:19:27.799] [bmv2] [D] [thread 124656] [16.0] [cxt 0] Deparsing header 'ethernet'
[20:19:27.799] [bmv2] [D] [thread 124656] [16.0] [cxt 0] Deparser 'deparser': end
[20:19:27.799] [bmv2] [D] [thread 124660] [16.0] [cxt 0] Transmitting packet of size 70 out of port 0
