Calling target program-options parser
[18:41:42.781] [bmv2] [D] [thread 136055] Set default default entry for table 'MyIngress.ipv4_lpm': NoAction - 
Adding interface s3-eth1 as port 1
[18:41:42.781] [bmv2] [D] [thread 136055] Adding interface s3-eth1 as port 1
Adding interface s3-eth2 as port 2
[18:41:42.855] [bmv2] [D] [thread 136055] Adding interface s3-eth2 as port 2
Server listening on 0.0.0.0:50053
[18:41:43.024] [bmv2] [I] [thread 136055] Starting Thrift server on port 9092
[18:41:43.025] [bmv2] [I] [thread 136055] Thrift server was started
[18:41:43.025] [bmv2] [D] [thread 136065] [0.0] [cxt 0] Processing packet received on port 1
[18:41:43.025] [bmv2] [D] [thread 136065] [0.0] [cxt 0] Parser 'parser': start
[18:41:43.025] [bmv2] [D] [thread 136065] [0.0] [cxt 0] Parser 'parser' entering state 'start'
[18:41:43.025] [bmv2] [D] [thread 136065] [0.0] [cxt 0] Extracting header 'ethernet'
[18:41:43.025] [bmv2] [D] [thread 136065] [0.0] [cxt 0] Parser state 'start': key is 86dd
[18:41:43.025] [bmv2] [T] [thread 136065] [0.0] [cxt 0] Bytes parsed: 14
[18:41:43.025] [bmv2] [D] [thread 136065] [0.0] [cxt 0] Parser 'parser': end
[18:41:43.025] [bmv2] [D] [thread 136065] [0.0] [cxt 0] Pipeline 'ingress': start
[18:41:43.026] [bmv2] [T] [thread 136065] [0.0] [cxt 0] basic.p4(119) Condition "        if (hdr.ipv4.isValid()) { /*avaliar a validade do header \"hdr\" aqui ainda OG*/" (node_2) is false
[18:41:43.026] [bmv2] [D] [thread 136065] [0.0] [cxt 0] Pipeline 'ingress': end
[18:41:43.026] [bmv2] [D] [thread 136065] [0.0] [cxt 0] Egress port is 0
[18:41:43.026] [bmv2] [D] [thread 136065] [1.0] [cxt 0] Processing packet received on port 1
[18:41:43.026] [bmv2] [D] [thread 136065] [1.0] [cxt 0] Parser 'parser': start
[18:41:43.026] [bmv2] [D] [thread 136065] [1.0] [cxt 0] Parser 'parser' entering state 'start'
[18:41:43.026] [bmv2] [D] [thread 136065] [1.0] [cxt 0] Extracting header 'ethernet'
[18:41:43.026] [bmv2] [D] [thread 136065] [1.0] [cxt 0] Parser state 'start': key is 86dd
[18:41:43.026] [bmv2] [T] [thread 136065] [1.0] [cxt 0] Bytes parsed: 14
[18:41:43.026] [bmv2] [D] [thread 136065] [1.0] [cxt 0] Parser 'parser': end
[18:41:43.026] [bmv2] [D] [thread 136065] [1.0] [cxt 0] Pipeline 'ingress': start
[18:41:43.026] [bmv2] [T] [thread 136065] [1.0] [cxt 0] basic.p4(119) Condition "        if (hdr.ipv4.isValid()) { /*avaliar a validade do header \"hdr\" aqui ainda OG*/" (node_2) is false
[18:41:43.026] [bmv2] [D] [thread 136065] [1.0] [cxt 0] Pipeline 'ingress': end
[18:41:43.026] [bmv2] [D] [thread 136065] [1.0] [cxt 0] Egress port is 0
[18:41:43.026] [bmv2] [D] [thread 136065] [2.0] [cxt 0] Processing packet received on port 1
[18:41:43.026] [bmv2] [D] [thread 136065] [2.0] [cxt 0] Parser 'parser': start
[18:41:43.026] [bmv2] [D] [thread 136065] [2.0] [cxt 0] Parser 'parser' entering state 'start'
[18:41:43.026] [bmv2] [D] [thread 136065] [2.0] [cxt 0] Extracting header 'ethernet'
[18:41:43.026] [bmv2] [D] [thread 136065] [2.0] [cxt 0] Parser state 'start': key is 86dd
[18:41:43.026] [bmv2] [T] [thread 136065] [2.0] [cxt 0] Bytes parsed: 14
[18:41:43.026] [bmv2] [D] [thread 136065] [2.0] [cxt 0] Parser 'parser': end
[18:41:43.026] [bmv2] [D] [thread 136065] [2.0] [cxt 0] Pipeline 'ingress': start
[18:41:43.026] [bmv2] [T] [thread 136065] [2.0] [cxt 0] basic.p4(119) Condition "        if (hdr.ipv4.isValid()) { /*avaliar a validade do header \"hdr\" aqui ainda OG*/" (node_2) is false
[18:41:43.026] [bmv2] [D] [thread 136065] [2.0] [cxt 0] Pipeline 'ingress': end
[18:41:43.026] [bmv2] [D] [thread 136065] [2.0] [cxt 0] Egress port is 0
[18:41:43.026] [bmv2] [D] [thread 136066] [0.0] [cxt 0] Pipeline 'egress': start
[18:41:43.026] [bmv2] [D] [thread 136066] [0.0] [cxt 0] Pipeline 'egress': end
[18:41:43.026] [bmv2] [D] [thread 136066] [0.0] [cxt 0] Deparser 'deparser': start
[18:41:43.026] [bmv2] [T] [thread 136066] [0.0] [cxt 0] Skipping checksum 'cksum' update because condition not met
[18:41:43.026] [bmv2] [D] [thread 136066] [0.0] [cxt 0] Deparsing header 'ethernet'
[18:41:43.026] [bmv2] [D] [thread 136066] [0.0] [cxt 0] Deparser 'deparser': end
[18:41:43.026] [bmv2] [D] [thread 136066] [1.0] [cxt 0] Pipeline 'egress': start
[18:41:43.026] [bmv2] [D] [thread 136066] [1.0] [cxt 0] Pipeline 'egress': end
[18:41:43.026] [bmv2] [D] [thread 136066] [1.0] [cxt 0] Deparser 'deparser': start
[18:41:43.026] [bmv2] [T] [thread 136066] [1.0] [cxt 0] Skipping checksum 'cksum' update because condition not met
[18:41:43.026] [bmv2] [D] [thread 136066] [1.0] [cxt 0] Deparsing header 'ethernet'
[18:41:43.026] [bmv2] [D] [thread 136066] [1.0] [cxt 0] Deparser 'deparser': end
[18:41:43.026] [bmv2] [D] [thread 136066] [2.0] [cxt 0] Pipeline 'egress': start
[18:41:43.026] [bmv2] [D] [thread 136066] [2.0] [cxt 0] Pipeline 'egress': end
[18:41:43.026] [bmv2] [D] [thread 136066] [2.0] [cxt 0] Deparser 'deparser': start
[18:41:43.026] [bmv2] [T] [thread 136066] [2.0] [cxt 0] Skipping checksum 'cksum' update because condition not met
[18:41:43.026] [bmv2] [D] [thread 136066] [2.0] [cxt 0] Deparsing header 'ethernet'
[18:41:43.026] [bmv2] [D] [thread 136066] [2.0] [cxt 0] Deparser 'deparser': end
[18:41:43.026] [bmv2] [D] [thread 136070] [0.0] [cxt 0] Transmitting packet of size 110 out of port 0
[18:41:43.026] [bmv2] [D] [thread 136070] [1.0] [cxt 0] Transmitting packet of size 208 out of port 0
[18:41:43.026] [bmv2] [D] [thread 136070] [2.0] [cxt 0] Transmitting packet of size 90 out of port 0
[18:41:43.036] [bmv2] [D] [thread 136065] [3.0] [cxt 0] Processing packet received on port 1
[18:41:43.037] [bmv2] [D] [thread 136065] [3.0] [cxt 0] Parser 'parser': start
[18:41:43.037] [bmv2] [D] [thread 136065] [3.0] [cxt 0] Parser 'parser' entering state 'start'
[18:41:43.037] [bmv2] [D] [thread 136065] [3.0] [cxt 0] Extracting header 'ethernet'
[18:41:43.037] [bmv2] [D] [thread 136065] [3.0] [cxt 0] Parser state 'start': key is 86dd
[18:41:43.037] [bmv2] [T] [thread 136065] [3.0] [cxt 0] Bytes parsed: 14
[18:41:43.037] [bmv2] [D] [thread 136065] [3.0] [cxt 0] Parser 'parser': end
[18:41:43.037] [bmv2] [D] [thread 136065] [3.0] [cxt 0] Pipeline 'ingress': start
[18:41:43.037] [bmv2] [T] [thread 136065] [3.0] [cxt 0] basic.p4(119) Condition "        if (hdr.ipv4.isValid()) { /*avaliar a validade do header \"hdr\" aqui ainda OG*/" (node_2) is false
[18:41:43.037] [bmv2] [D] [thread 136065] [3.0] [cxt 0] Pipeline 'ingress': end
[18:41:43.037] [bmv2] [D] [thread 136065] [3.0] [cxt 0] Egress port is 0
[18:41:43.037] [bmv2] [D] [thread 136066] [3.0] [cxt 0] Pipeline 'egress': start
[18:41:43.037] [bmv2] [D] [thread 136066] [3.0] [cxt 0] Pipeline 'egress': end
[18:41:43.037] [bmv2] [D] [thread 136066] [3.0] [cxt 0] Deparser 'deparser': start
[18:41:43.037] [bmv2] [T] [thread 136066] [3.0] [cxt 0] Skipping checksum 'cksum' update because condition not met
[18:41:43.037] [bmv2] [D] [thread 136066] [3.0] [cxt 0] Deparsing header 'ethernet'
[18:41:43.037] [bmv2] [D] [thread 136066] [3.0] [cxt 0] Deparser 'deparser': end
[18:41:43.037] [bmv2] [D] [thread 136070] [3.0] [cxt 0] Transmitting packet of size 208 out of port 0
[18:41:43.079] [bmv2] [D] [thread 136065] [4.0] [cxt 0] Processing packet received on port 2
[18:41:43.079] [bmv2] [D] [thread 136065] [4.0] [cxt 0] Parser 'parser': start
[18:41:43.079] [bmv2] [D] [thread 136065] [4.0] [cxt 0] Parser 'parser' entering state 'start'
[18:41:43.079] [bmv2] [D] [thread 136065] [4.0] [cxt 0] Extracting header 'ethernet'
[18:41:43.079] [bmv2] [D] [thread 136065] [4.0] [cxt 0] Parser state 'start': key is 86dd
[18:41:43.079] [bmv2] [T] [thread 136065] [4.0] [cxt 0] Bytes parsed: 14
[18:41:43.079] [bmv2] [D] [thread 136065] [4.0] [cxt 0] Parser 'parser': end
[18:41:43.079] [bmv2] [D] [thread 136065] [4.0] [cxt 0] Pipeline 'ingress': start
[18:41:43.079] [bmv2] [T] [thread 136065] [4.0] [cxt 0] basic.p4(119) Condition "        if (hdr.ipv4.isValid()) { /*avaliar a validade do header \"hdr\" aqui ainda OG*/" (node_2) is false
[18:41:43.079] [bmv2] [D] [thread 136065] [4.0] [cxt 0] Pipeline 'ingress': end
[18:41:43.079] [bmv2] [D] [thread 136065] [4.0] [cxt 0] Egress port is 0
[18:41:43.079] [bmv2] [D] [thread 136066] [4.0] [cxt 0] Pipeline 'egress': start
[18:41:43.079] [bmv2] [D] [thread 136066] [4.0] [cxt 0] Pipeline 'egress': end
[18:41:43.079] [bmv2] [D] [thread 136066] [4.0] [cxt 0] Deparser 'deparser': start
[18:41:43.079] [bmv2] [T] [thread 136066] [4.0] [cxt 0] Skipping checksum 'cksum' update because condition not met
[18:41:43.079] [bmv2] [D] [thread 136066] [4.0] [cxt 0] Deparsing header 'ethernet'
[18:41:43.079] [bmv2] [D] [thread 136066] [4.0] [cxt 0] Deparser 'deparser': end
[18:41:43.079] [bmv2] [D] [thread 136070] [4.0] [cxt 0] Transmitting packet of size 90 out of port 0
[18:41:43.139] [bmv2] [D] [thread 136065] [5.0] [cxt 0] Processing packet received on port 1
[18:41:43.139] [bmv2] [D] [thread 136065] [5.0] [cxt 0] Parser 'parser': start
[18:41:43.139] [bmv2] [D] [thread 136065] [5.0] [cxt 0] Parser 'parser' entering state 'start'
[18:41:43.139] [bmv2] [D] [thread 136065] [5.0] [cxt 0] Extracting header 'ethernet'
[18:41:43.139] [bmv2] [D] [thread 136065] [5.0] [cxt 0] Parser state 'start': key is 86dd
[18:41:43.139] [bmv2] [T] [thread 136065] [5.0] [cxt 0] Bytes parsed: 14
[18:41:43.139] [bmv2] [D] [thread 136065] [5.0] [cxt 0] Parser 'parser': end
[18:41:43.139] [bmv2] [D] [thread 136065] [5.0] [cxt 0] Pipeline 'ingress': start
[18:41:43.139] [bmv2] [T] [thread 136065] [5.0] [cxt 0] basic.p4(119) Condition "        if (hdr.ipv4.isValid()) { /*avaliar a validade do header \"hdr\" aqui ainda OG*/" (node_2) is false
[18:41:43.139] [bmv2] [D] [thread 136065] [5.0] [cxt 0] Pipeline 'ingress': end
[18:41:43.139] [bmv2] [D] [thread 136065] [5.0] [cxt 0] Egress port is 0
[18:41:43.139] [bmv2] [D] [thread 136066] [5.0] [cxt 0] Pipeline 'egress': start
[18:41:43.139] [bmv2] [D] [thread 136066] [5.0] [cxt 0] Pipeline 'egress': end
[18:41:43.139] [bmv2] [D] [thread 136066] [5.0] [cxt 0] Deparser 'deparser': start
[18:41:43.139] [bmv2] [T] [thread 136066] [5.0] [cxt 0] Skipping checksum 'cksum' update because condition not met
[18:41:43.139] [bmv2] [D] [thread 136066] [5.0] [cxt 0] Deparsing header 'ethernet'
[18:41:43.139] [bmv2] [D] [thread 136066] [5.0] [cxt 0] Deparser 'deparser': end
[18:41:43.139] [bmv2] [D] [thread 136070] [5.0] [cxt 0] Transmitting packet of size 208 out of port 0
[18:41:43.145] [bmv2] [D] [thread 136065] [6.0] [cxt 0] Processing packet received on port 1
[18:41:43.145] [bmv2] [D] [thread 136065] [6.0] [cxt 0] Parser 'parser': start
[18:41:43.145] [bmv2] [D] [thread 136065] [6.0] [cxt 0] Parser 'parser' entering state 'start'
[18:41:43.145] [bmv2] [D] [thread 136065] [6.0] [cxt 0] Extracting header 'ethernet'
[18:41:43.145] [bmv2] [D] [thread 136065] [6.0] [cxt 0] Parser state 'start': key is 86dd
[18:41:43.145] [bmv2] [T] [thread 136065] [6.0] [cxt 0] Bytes parsed: 14
[18:41:43.145] [bmv2] [D] [thread 136065] [6.0] [cxt 0] Parser 'parser': end
[18:41:43.145] [bmv2] [D] [thread 136065] [6.0] [cxt 0] Pipeline 'ingress': start
[18:41:43.145] [bmv2] [T] [thread 136065] [6.0] [cxt 0] basic.p4(119) Condition "        if (hdr.ipv4.isValid()) { /*avaliar a validade do header \"hdr\" aqui ainda OG*/" (node_2) is false
[18:41:43.145] [bmv2] [D] [thread 136065] [6.0] [cxt 0] Pipeline 'ingress': end
[18:41:43.145] [bmv2] [D] [thread 136065] [6.0] [cxt 0] Egress port is 0
[18:41:43.145] [bmv2] [D] [thread 136066] [6.0] [cxt 0] Pipeline 'egress': start
[18:41:43.145] [bmv2] [D] [thread 136066] [6.0] [cxt 0] Pipeline 'egress': end
[18:41:43.145] [bmv2] [D] [thread 136066] [6.0] [cxt 0] Deparser 'deparser': start
[18:41:43.145] [bmv2] [T] [thread 136066] [6.0] [cxt 0] Skipping checksum 'cksum' update because condition not met
[18:41:43.145] [bmv2] [D] [thread 136066] [6.0] [cxt 0] Deparsing header 'ethernet'
[18:41:43.145] [bmv2] [D] [thread 136066] [6.0] [cxt 0] Deparser 'deparser': end
[18:41:43.145] [bmv2] [D] [thread 136070] [6.0] [cxt 0] Transmitting packet of size 110 out of port 0
[18:41:43.227] [bmv2] [D] [thread 136065] [7.0] [cxt 0] Processing packet received on port 2
[18:41:43.227] [bmv2] [D] [thread 136065] [7.0] [cxt 0] Parser 'parser': start
[18:41:43.227] [bmv2] [D] [thread 136065] [7.0] [cxt 0] Parser 'parser' entering state 'start'
[18:41:43.227] [bmv2] [D] [thread 136065] [7.0] [cxt 0] Extracting header 'ethernet'
[18:41:43.227] [bmv2] [D] [thread 136065] [7.0] [cxt 0] Parser state 'start': key is 86dd
[18:41:43.227] [bmv2] [T] [thread 136065] [7.0] [cxt 0] Bytes parsed: 14
[18:41:43.227] [bmv2] [D] [thread 136065] [7.0] [cxt 0] Parser 'parser': end
[18:41:43.227] [bmv2] [D] [thread 136065] [7.0] [cxt 0] Pipeline 'ingress': start
[18:41:43.227] [bmv2] [T] [thread 136065] [7.0] [cxt 0] basic.p4(119) Condition "        if (hdr.ipv4.isValid()) { /*avaliar a validade do header \"hdr\" aqui ainda OG*/" (node_2) is false
[18:41:43.227] [bmv2] [D] [thread 136065] [7.0] [cxt 0] Pipeline 'ingress': end
[18:41:43.227] [bmv2] [D] [thread 136065] [7.0] [cxt 0] Egress port is 0
[18:41:43.227] [bmv2] [D] [thread 136066] [7.0] [cxt 0] Pipeline 'egress': start
[18:41:43.227] [bmv2] [D] [thread 136066] [7.0] [cxt 0] Pipeline 'egress': end
[18:41:43.227] [bmv2] [D] [thread 136066] [7.0] [cxt 0] Deparser 'deparser': start
[18:41:43.227] [bmv2] [T] [thread 136066] [7.0] [cxt 0] Skipping checksum 'cksum' update because condition not met
[18:41:43.227] [bmv2] [D] [thread 136066] [7.0] [cxt 0] Deparsing header 'ethernet'
[18:41:43.227] [bmv2] [D] [thread 136066] [7.0] [cxt 0] Deparser 'deparser': end
[18:41:43.227] [bmv2] [D] [thread 136070] [7.0] [cxt 0] Transmitting packet of size 208 out of port 0
[18:41:43.237] [bmv2] [D] [thread 136065] [8.0] [cxt 0] Processing packet received on port 1
[18:41:43.237] [bmv2] [D] [thread 136065] [8.0] [cxt 0] Parser 'parser': start
[18:41:43.237] [bmv2] [D] [thread 136065] [8.0] [cxt 0] Parser 'parser' entering state 'start'
[18:41:43.237] [bmv2] [D] [thread 136065] [8.0] [cxt 0] Extracting header 'ethernet'
[18:41:43.237] [bmv2] [D] [thread 136065] [8.0] [cxt 0] Parser state 'start': key is 86dd
[18:41:43.237] [bmv2] [T] [thread 136065] [8.0] [cxt 0] Bytes parsed: 14
[18:41:43.237] [bmv2] [D] [thread 136065] [8.0] [cxt 0] Parser 'parser': end
[18:41:43.237] [bmv2] [D] [thread 136065] [8.0] [cxt 0] Pipeline 'ingress': start
[18:41:43.237] [bmv2] [T] [thread 136065] [8.0] [cxt 0] basic.p4(119) Condition "        if (hdr.ipv4.isValid()) { /*avaliar a validade do header \"hdr\" aqui ainda OG*/" (node_2) is false
[18:41:43.237] [bmv2] [D] [thread 136065] [8.0] [cxt 0] Pipeline 'ingress': end
[18:41:43.237] [bmv2] [D] [thread 136065] [8.0] [cxt 0] Egress port is 0
[18:41:43.237] [bmv2] [D] [thread 136066] [8.0] [cxt 0] Pipeline 'egress': start
[18:41:43.237] [bmv2] [D] [thread 136066] [8.0] [cxt 0] Pipeline 'egress': end
[18:41:43.237] [bmv2] [D] [thread 136066] [8.0] [cxt 0] Deparser 'deparser': start
[18:41:43.237] [bmv2] [T] [thread 136066] [8.0] [cxt 0] Skipping checksum 'cksum' update because condition not met
[18:41:43.237] [bmv2] [D] [thread 136066] [8.0] [cxt 0] Deparsing header 'ethernet'
[18:41:43.237] [bmv2] [D] [thread 136066] [8.0] [cxt 0] Deparser 'deparser': end
[18:41:43.237] [bmv2] [D] [thread 136070] [8.0] [cxt 0] Transmitting packet of size 196 out of port 0
[18:41:43.242] [bmv2] [D] [thread 136065] [9.0] [cxt 0] Processing packet received on port 2
[18:41:43.242] [bmv2] [D] [thread 136065] [9.0] [cxt 0] Parser 'parser': start
[18:41:43.242] [bmv2] [D] [thread 136065] [9.0] [cxt 0] Parser 'parser' entering state 'start'
[18:41:43.242] [bmv2] [D] [thread 136065] [9.0] [cxt 0] Extracting header 'ethernet'
[18:41:43.242] [bmv2] [D] [thread 136065] [9.0] [cxt 0] Parser state 'start': key is 86dd
[18:41:43.242] [bmv2] [T] [thread 136065] [9.0] [cxt 0] Bytes parsed: 14
[18:41:43.242] [bmv2] [D] [thread 136065] [9.0] [cxt 0] Parser 'parser': end
[18:41:43.242] [bmv2] [D] [thread 136065] [9.0] [cxt 0] Pipeline 'ingress': start
[18:41:43.242] [bmv2] [T] [thread 136065] [9.0] [cxt 0] basic.p4(119) Condition "        if (hdr.ipv4.isValid()) { /*avaliar a validade do header \"hdr\" aqui ainda OG*/" (node_2) is false
[18:41:43.242] [bmv2] [D] [thread 136065] [9.0] [cxt 0] Pipeline 'ingress': end
[18:41:43.242] [bmv2] [D] [thread 136065] [9.0] [cxt 0] Egress port is 0
[18:41:43.242] [bmv2] [D] [thread 136065] [10.0] [cxt 0] Processing packet received on port 2
[18:41:43.242] [bmv2] [D] [thread 136065] [10.0] [cxt 0] Parser 'parser': start
[18:41:43.242] [bmv2] [D] [thread 136065] [10.0] [cxt 0] Parser 'parser' entering state 'start'
[18:41:43.242] [bmv2] [D] [thread 136065] [10.0] [cxt 0] Extracting header 'ethernet'
[18:41:43.242] [bmv2] [D] [thread 136065] [10.0] [cxt 0] Parser state 'start': key is 86dd
[18:41:43.242] [bmv2] [T] [thread 136065] [10.0] [cxt 0] Bytes parsed: 14
[18:41:43.242] [bmv2] [D] [thread 136065] [10.0] [cxt 0] Parser 'parser': end
[18:41:43.242] [bmv2] [D] [thread 136065] [10.0] [cxt 0] Pipeline 'ingress': start
[18:41:43.242] [bmv2] [T] [thread 136065] [10.0] [cxt 0] basic.p4(119) Condition "        if (hdr.ipv4.isValid()) { /*avaliar a validade do header \"hdr\" aqui ainda OG*/" (node_2) is false
[18:41:43.242] [bmv2] [D] [thread 136065] [10.0] [cxt 0] Pipeline 'ingress': end
[18:41:43.242] [bmv2] [D] [thread 136065] [10.0] [cxt 0] Egress port is 0
[18:41:43.242] [bmv2] [D] [thread 136066] [9.0] [cxt 0] Pipeline 'egress': start
[18:41:43.242] [bmv2] [D] [thread 136066] [9.0] [cxt 0] Pipeline 'egress': end
[18:41:43.242] [bmv2] [D] [thread 136066] [9.0] [cxt 0] Deparser 'deparser': start
[18:41:43.242] [bmv2] [T] [thread 136066] [9.0] [cxt 0] Skipping checksum 'cksum' update because condition not met
[18:41:43.242] [bmv2] [D] [thread 136066] [9.0] [cxt 0] Deparsing header 'ethernet'
[18:41:43.242] [bmv2] [D] [thread 136066] [9.0] [cxt 0] Deparser 'deparser': end
[18:41:43.242] [bmv2] [D] [thread 136066] [10.0] [cxt 0] Pipeline 'egress': start
[18:41:43.242] [bmv2] [D] [thread 136066] [10.0] [cxt 0] Pipeline 'egress': end
[18:41:43.242] [bmv2] [D] [thread 136066] [10.0] [cxt 0] Deparser 'deparser': start
[18:41:43.242] [bmv2] [T] [thread 136066] [10.0] [cxt 0] Skipping checksum 'cksum' update because condition not met
[18:41:43.242] [bmv2] [D] [thread 136066] [10.0] [cxt 0] Deparsing header 'ethernet'
[18:41:43.242] [bmv2] [D] [thread 136066] [10.0] [cxt 0] Deparser 'deparser': end
[18:41:43.242] [bmv2] [D] [thread 136070] [9.0] [cxt 0] Transmitting packet of size 110 out of port 0
[18:41:43.242] [bmv2] [D] [thread 136070] [10.0] [cxt 0] Transmitting packet of size 208 out of port 0
[18:41:43.271] [bmv2] [D] [thread 136065] [11.0] [cxt 0] Processing packet received on port 1
[18:41:43.271] [bmv2] [D] [thread 136065] [11.0] [cxt 0] Parser 'parser': start
[18:41:43.271] [bmv2] [D] [thread 136065] [11.0] [cxt 0] Parser 'parser' entering state 'start'
[18:41:43.271] [bmv2] [D] [thread 136065] [11.0] [cxt 0] Extracting header 'ethernet'
[18:41:43.271] [bmv2] [D] [thread 136065] [11.0] [cxt 0] Parser state 'start': key is 86dd
[18:41:43.272] [bmv2] [T] [thread 136065] [11.0] [cxt 0] Bytes parsed: 14
[18:41:43.272] [bmv2] [D] [thread 136065] [11.0] [cxt 0] Parser 'parser': end
[18:41:43.272] [bmv2] [D] [thread 136065] [11.0] [cxt 0] Pipeline 'ingress': start
[18:41:43.272] [bmv2] [T] [thread 136065] [11.0] [cxt 0] basic.p4(119) Condition "        if (hdr.ipv4.isValid()) { /*avaliar a validade do header \"hdr\" aqui ainda OG*/" (node_2) is false
[18:41:43.272] [bmv2] [D] [thread 136065] [11.0] [cxt 0] Pipeline 'ingress': end
[18:41:43.272] [bmv2] [D] [thread 136065] [11.0] [cxt 0] Egress port is 0
[18:41:43.272] [bmv2] [D] [thread 136066] [11.0] [cxt 0] Pipeline 'egress': start
[18:41:43.272] [bmv2] [D] [thread 136066] [11.0] [cxt 0] Pipeline 'egress': end
[18:41:43.272] [bmv2] [D] [thread 136066] [11.0] [cxt 0] Deparser 'deparser': start
[18:41:43.272] [bmv2] [T] [thread 136066] [11.0] [cxt 0] Skipping checksum 'cksum' update because condition not met
[18:41:43.272] [bmv2] [D] [thread 136066] [11.0] [cxt 0] Deparsing header 'ethernet'
[18:41:43.272] [bmv2] [D] [thread 136066] [11.0] [cxt 0] Deparser 'deparser': end
[18:41:43.272] [bmv2] [D] [thread 136070] [11.0] [cxt 0] Transmitting packet of size 90 out of port 0
[18:41:43.389] [bmv2] [D] [thread 136065] [12.0] [cxt 0] Processing packet received on port 1
[18:41:43.389] [bmv2] [D] [thread 136065] [12.0] [cxt 0] Parser 'parser': start
[18:41:43.389] [bmv2] [D] [thread 136065] [12.0] [cxt 0] Parser 'parser' entering state 'start'
[18:41:43.389] [bmv2] [D] [thread 136065] [12.0] [cxt 0] Extracting header 'ethernet'
[18:41:43.389] [bmv2] [D] [thread 136065] [12.0] [cxt 0] Parser state 'start': key is 86dd
[18:41:43.389] [bmv2] [T] [thread 136065] [12.0] [cxt 0] Bytes parsed: 14
[18:41:43.389] [bmv2] [D] [thread 136065] [12.0] [cxt 0] Parser 'parser': end
[18:41:43.389] [bmv2] [D] [thread 136065] [12.0] [cxt 0] Pipeline 'ingress': start
[18:41:43.389] [bmv2] [T] [thread 136065] [12.0] [cxt 0] basic.p4(119) Condition "        if (hdr.ipv4.isValid()) { /*avaliar a validade do header \"hdr\" aqui ainda OG*/" (node_2) is false
[18:41:43.389] [bmv2] [D] [thread 136065] [12.0] [cxt 0] Pipeline 'ingress': end
[18:41:43.389] [bmv2] [D] [thread 136065] [12.0] [cxt 0] Egress port is 0
[18:41:43.389] [bmv2] [D] [thread 136066] [12.0] [cxt 0] Pipeline 'egress': start
[18:41:43.389] [bmv2] [D] [thread 136066] [12.0] [cxt 0] Pipeline 'egress': end
[18:41:43.389] [bmv2] [D] [thread 136066] [12.0] [cxt 0] Deparser 'deparser': start
[18:41:43.389] [bmv2] [T] [thread 136066] [12.0] [cxt 0] Skipping checksum 'cksum' update because condition not met
[18:41:43.389] [bmv2] [D] [thread 136066] [12.0] [cxt 0] Deparsing header 'ethernet'
[18:41:43.389] [bmv2] [D] [thread 136066] [12.0] [cxt 0] Deparser 'deparser': end
[18:41:43.389] [bmv2] [D] [thread 136070] [12.0] [cxt 0] Transmitting packet of size 208 out of port 0
[18:41:43.427] [bmv2] [D] [thread 136065] [13.0] [cxt 0] Processing packet received on port 2
[18:41:43.427] [bmv2] [D] [thread 136065] [13.0] [cxt 0] Parser 'parser': start
[18:41:43.427] [bmv2] [D] [thread 136065] [13.0] [cxt 0] Parser 'parser' entering state 'start'
[18:41:43.427] [bmv2] [D] [thread 136065] [13.0] [cxt 0] Extracting header 'ethernet'
[18:41:43.427] [bmv2] [D] [thread 136065] [13.0] [cxt 0] Parser state 'start': key is 86dd
[18:41:43.427] [bmv2] [T] [thread 136065] [13.0] [cxt 0] Bytes parsed: 14
[18:41:43.427] [bmv2] [D] [thread 136065] [13.0] [cxt 0] Parser 'parser': end
[18:41:43.427] [bmv2] [D] [thread 136065] [13.0] [cxt 0] Pipeline 'ingress': start
[18:41:43.427] [bmv2] [T] [thread 136065] [13.0] [cxt 0] basic.p4(119) Condition "        if (hdr.ipv4.isValid()) { /*avaliar a validade do header \"hdr\" aqui ainda OG*/" (node_2) is false
[18:41:43.427] [bmv2] [D] [thread 136065] [13.0] [cxt 0] Pipeline 'ingress': end
[18:41:43.427] [bmv2] [D] [thread 136065] [13.0] [cxt 0] Egress port is 0
[18:41:43.427] [bmv2] [D] [thread 136066] [13.0] [cxt 0] Pipeline 'egress': start
[18:41:43.427] [bmv2] [D] [thread 136066] [13.0] [cxt 0] Pipeline 'egress': end
[18:41:43.427] [bmv2] [D] [thread 136066] [13.0] [cxt 0] Deparser 'deparser': start
[18:41:43.427] [bmv2] [T] [thread 136066] [13.0] [cxt 0] Skipping checksum 'cksum' update because condition not met
[18:41:43.427] [bmv2] [D] [thread 136066] [13.0] [cxt 0] Deparsing header 'ethernet'
[18:41:43.427] [bmv2] [D] [thread 136066] [13.0] [cxt 0] Deparser 'deparser': end
[18:41:43.427] [bmv2] [D] [thread 136070] [13.0] [cxt 0] Transmitting packet of size 196 out of port 0
[18:41:43.491] [bmv2] [D] [thread 136065] [14.0] [cxt 0] Processing packet received on port 2
[18:41:43.491] [bmv2] [D] [thread 136065] [14.0] [cxt 0] Parser 'parser': start
[18:41:43.491] [bmv2] [D] [thread 136065] [14.0] [cxt 0] Parser 'parser' entering state 'start'
[18:41:43.491] [bmv2] [D] [thread 136065] [14.0] [cxt 0] Extracting header 'ethernet'
[18:41:43.491] [bmv2] [D] [thread 136065] [14.0] [cxt 0] Parser state 'start': key is 86dd
[18:41:43.491] [bmv2] [T] [thread 136065] [14.0] [cxt 0] Bytes parsed: 14
[18:41:43.491] [bmv2] [D] [thread 136065] [14.0] [cxt 0] Parser 'parser': end
[18:41:43.491] [bmv2] [D] [thread 136065] [14.0] [cxt 0] Pipeline 'ingress': start
[18:41:43.491] [bmv2] [T] [thread 136065] [14.0] [cxt 0] basic.p4(119) Condition "        if (hdr.ipv4.isValid()) { /*avaliar a validade do header \"hdr\" aqui ainda OG*/" (node_2) is false
[18:41:43.491] [bmv2] [D] [thread 136065] [14.0] [cxt 0] Pipeline 'ingress': end
[18:41:43.491] [bmv2] [D] [thread 136065] [14.0] [cxt 0] Egress port is 0
[18:41:43.491] [bmv2] [D] [thread 136066] [14.0] [cxt 0] Pipeline 'egress': start
[18:41:43.491] [bmv2] [D] [thread 136066] [14.0] [cxt 0] Pipeline 'egress': end
[18:41:43.491] [bmv2] [D] [thread 136066] [14.0] [cxt 0] Deparser 'deparser': start
[18:41:43.491] [bmv2] [T] [thread 136066] [14.0] [cxt 0] Skipping checksum 'cksum' update because condition not met
[18:41:43.491] [bmv2] [D] [thread 136066] [14.0] [cxt 0] Deparsing header 'ethernet'
[18:41:43.491] [bmv2] [D] [thread 136066] [14.0] [cxt 0] Deparser 'deparser': end
[18:41:43.491] [bmv2] [D] [thread 136070] [14.0] [cxt 0] Transmitting packet of size 208 out of port 0
[18:41:43.495] [bmv2] [D] [thread 136065] [15.0] [cxt 0] Processing packet received on port 2
[18:41:43.495] [bmv2] [D] [thread 136065] [15.0] [cxt 0] Parser 'parser': start
[18:41:43.495] [bmv2] [D] [thread 136065] [15.0] [cxt 0] Parser 'parser' entering state 'start'
[18:41:43.495] [bmv2] [D] [thread 136065] [15.0] [cxt 0] Extracting header 'ethernet'
[18:41:43.495] [bmv2] [D] [thread 136065] [15.0] [cxt 0] Parser state 'start': key is 86dd
[18:41:43.495] [bmv2] [T] [thread 136065] [15.0] [cxt 0] Bytes parsed: 14
[18:41:43.495] [bmv2] [D] [thread 136065] [15.0] [cxt 0] Parser 'parser': end
[18:41:43.495] [bmv2] [D] [thread 136065] [15.0] [cxt 0] Pipeline 'ingress': start
[18:41:43.495] [bmv2] [T] [thread 136065] [15.0] [cxt 0] basic.p4(119) Condition "        if (hdr.ipv4.isValid()) { /*avaliar a validade do header \"hdr\" aqui ainda OG*/" (node_2) is false
[18:41:43.495] [bmv2] [D] [thread 136065] [15.0] [cxt 0] Pipeline 'ingress': end
[18:41:43.495] [bmv2] [D] [thread 136065] [15.0] [cxt 0] Egress port is 0
[18:41:43.495] [bmv2] [D] [thread 136066] [15.0] [cxt 0] Pipeline 'egress': start
[18:41:43.495] [bmv2] [D] [thread 136066] [15.0] [cxt 0] Pipeline 'egress': end
[18:41:43.495] [bmv2] [D] [thread 136066] [15.0] [cxt 0] Deparser 'deparser': start
[18:41:43.495] [bmv2] [T] [thread 136066] [15.0] [cxt 0] Skipping checksum 'cksum' update because condition not met
[18:41:43.495] [bmv2] [D] [thread 136066] [15.0] [cxt 0] Deparsing header 'ethernet'
[18:41:43.495] [bmv2] [D] [thread 136066] [15.0] [cxt 0] Deparser 'deparser': end
[18:41:43.495] [bmv2] [D] [thread 136070] [15.0] [cxt 0] Transmitting packet of size 110 out of port 0
[18:41:43.588] [bmv2] [D] [thread 136065] [16.0] [cxt 0] Processing packet received on port 1
[18:41:43.588] [bmv2] [D] [thread 136065] [16.0] [cxt 0] Parser 'parser': start
[18:41:43.588] [bmv2] [D] [thread 136065] [16.0] [cxt 0] Parser 'parser' entering state 'start'
[18:41:43.588] [bmv2] [D] [thread 136065] [16.0] [cxt 0] Extracting header 'ethernet'
[18:41:43.588] [bmv2] [D] [thread 136065] [16.0] [cxt 0] Parser state 'start': key is 86dd
[18:41:43.588] [bmv2] [T] [thread 136065] [16.0] [cxt 0] Bytes parsed: 14
[18:41:43.588] [bmv2] [D] [thread 136065] [16.0] [cxt 0] Parser 'parser': end
[18:41:43.588] [bmv2] [D] [thread 136065] [16.0] [cxt 0] Pipeline 'ingress': start
[18:41:43.589] [bmv2] [T] [thread 136065] [16.0] [cxt 0] basic.p4(119) Condition "        if (hdr.ipv4.isValid()) { /*avaliar a validade do header \"hdr\" aqui ainda OG*/" (node_2) is false
[18:41:43.589] [bmv2] [D] [thread 136065] [16.0] [cxt 0] Pipeline 'ingress': end
[18:41:43.589] [bmv2] [D] [thread 136065] [16.0] [cxt 0] Egress port is 0
[18:41:43.589] [bmv2] [D] [thread 136066] [16.0] [cxt 0] Pipeline 'egress': start
[18:41:43.589] [bmv2] [D] [thread 136066] [16.0] [cxt 0] Pipeline 'egress': end
[18:41:43.589] [bmv2] [D] [thread 136066] [16.0] [cxt 0] Deparser 'deparser': start
[18:41:43.589] [bmv2] [T] [thread 136066] [16.0] [cxt 0] Skipping checksum 'cksum' update because condition not met
[18:41:43.589] [bmv2] [D] [thread 136066] [16.0] [cxt 0] Deparsing header 'ethernet'
[18:41:43.589] [bmv2] [D] [thread 136066] [16.0] [cxt 0] Deparser 'deparser': end
[18:41:43.589] [bmv2] [D] [thread 136070] [16.0] [cxt 0] Transmitting packet of size 196 out of port 0
[18:41:43.692] [bmv2] [D] [thread 136065] [17.0] [cxt 0] Processing packet received on port 2
[18:41:43.692] [bmv2] [D] [thread 136065] [17.0] [cxt 0] Parser 'parser': start
[18:41:43.692] [bmv2] [D] [thread 136065] [17.0] [cxt 0] Parser 'parser' entering state 'start'
[18:41:43.692] [bmv2] [D] [thread 136065] [17.0] [cxt 0] Extracting header 'ethernet'
[18:41:43.692] [bmv2] [D] [thread 136065] [17.0] [cxt 0] Parser state 'start': key is 86dd
[18:41:43.692] [bmv2] [T] [thread 136065] [17.0] [cxt 0] Bytes parsed: 14
[18:41:43.692] [bmv2] [D] [thread 136065] [17.0] [cxt 0] Parser 'parser': end
[18:41:43.692] [bmv2] [D] [thread 136065] [17.0] [cxt 0] Pipeline 'ingress': start
[18:41:43.692] [bmv2] [T] [thread 136065] [17.0] [cxt 0] basic.p4(119) Condition "        if (hdr.ipv4.isValid()) { /*avaliar a validade do header \"hdr\" aqui ainda OG*/" (node_2) is false
[18:41:43.692] [bmv2] [D] [thread 136065] [17.0] [cxt 0] Pipeline 'ingress': end
[18:41:43.692] [bmv2] [D] [thread 136065] [17.0] [cxt 0] Egress port is 0
[18:41:43.692] [bmv2] [D] [thread 136066] [17.0] [cxt 0] Pipeline 'egress': start
[18:41:43.692] [bmv2] [D] [thread 136066] [17.0] [cxt 0] Pipeline 'egress': end
[18:41:43.692] [bmv2] [D] [thread 136066] [17.0] [cxt 0] Deparser 'deparser': start
[18:41:43.692] [bmv2] [T] [thread 136066] [17.0] [cxt 0] Skipping checksum 'cksum' update because condition not met
[18:41:43.692] [bmv2] [D] [thread 136066] [17.0] [cxt 0] Deparsing header 'ethernet'
[18:41:43.692] [bmv2] [D] [thread 136066] [17.0] [cxt 0] Deparser 'deparser': end
[18:41:43.692] [bmv2] [D] [thread 136070] [17.0] [cxt 0] Transmitting packet of size 196 out of port 0
[18:41:44.343] [bmv2] [D] [thread 136065] [18.0] [cxt 0] Processing packet received on port 1
[18:41:44.343] [bmv2] [D] [thread 136065] [18.0] [cxt 0] Parser 'parser': start
[18:41:44.343] [bmv2] [D] [thread 136065] [18.0] [cxt 0] Parser 'parser' entering state 'start'
[18:41:44.343] [bmv2] [D] [thread 136065] [18.0] [cxt 0] Extracting header 'ethernet'
[18:41:44.343] [bmv2] [D] [thread 136065] [18.0] [cxt 0] Parser state 'start': key is 86dd
[18:41:44.343] [bmv2] [T] [thread 136065] [18.0] [cxt 0] Bytes parsed: 14
[18:41:44.343] [bmv2] [D] [thread 136065] [18.0] [cxt 0] Parser 'parser': end
[18:41:44.343] [bmv2] [D] [thread 136065] [18.0] [cxt 0] Pipeline 'ingress': start
[18:41:44.343] [bmv2] [T] [thread 136065] [18.0] [cxt 0] basic.p4(119) Condition "        if (hdr.ipv4.isValid()) { /*avaliar a validade do header \"hdr\" aqui ainda OG*/" (node_2) is false
[18:41:44.343] [bmv2] [D] [thread 136065] [18.0] [cxt 0] Pipeline 'ingress': end
[18:41:44.343] [bmv2] [D] [thread 136065] [18.0] [cxt 0] Egress port is 0
[18:41:44.343] [bmv2] [D] [thread 136066] [18.0] [cxt 0] Pipeline 'egress': start
[18:41:44.343] [bmv2] [D] [thread 136066] [18.0] [cxt 0] Pipeline 'egress': end
[18:41:44.343] [bmv2] [D] [thread 136066] [18.0] [cxt 0] Deparser 'deparser': start
[18:41:44.343] [bmv2] [T] [thread 136066] [18.0] [cxt 0] Skipping checksum 'cksum' update because condition not met
[18:41:44.343] [bmv2] [D] [thread 136066] [18.0] [cxt 0] Deparsing header 'ethernet'
[18:41:44.343] [bmv2] [D] [thread 136066] [18.0] [cxt 0] Deparser 'deparser': end
[18:41:44.343] [bmv2] [D] [thread 136070] [18.0] [cxt 0] Transmitting packet of size 196 out of port 0
[18:41:44.536] [bmv2] [D] [thread 136065] [19.0] [cxt 0] Processing packet received on port 2
[18:41:44.536] [bmv2] [D] [thread 136065] [19.0] [cxt 0] Parser 'parser': start
[18:41:44.536] [bmv2] [D] [thread 136065] [19.0] [cxt 0] Parser 'parser' entering state 'start'
[18:41:44.536] [bmv2] [D] [thread 136065] [19.0] [cxt 0] Extracting header 'ethernet'
[18:41:44.536] [bmv2] [D] [thread 136065] [19.0] [cxt 0] Parser state 'start': key is 86dd
[18:41:44.536] [bmv2] [T] [thread 136065] [19.0] [cxt 0] Bytes parsed: 14
[18:41:44.536] [bmv2] [D] [thread 136065] [19.0] [cxt 0] Parser 'parser': end
[18:41:44.536] [bmv2] [D] [thread 136065] [19.0] [cxt 0] Pipeline 'ingress': start
[18:41:44.536] [bmv2] [T] [thread 136065] [19.0] [cxt 0] basic.p4(119) Condition "        if (hdr.ipv4.isValid()) { /*avaliar a validade do header \"hdr\" aqui ainda OG*/" (node_2) is false
[18:41:44.536] [bmv2] [D] [thread 136065] [19.0] [cxt 0] Pipeline 'ingress': end
[18:41:44.536] [bmv2] [D] [thread 136065] [19.0] [cxt 0] Egress port is 0
[18:41:44.536] [bmv2] [D] [thread 136066] [19.0] [cxt 0] Pipeline 'egress': start
[18:41:44.536] [bmv2] [D] [thread 136066] [19.0] [cxt 0] Pipeline 'egress': end
[18:41:44.536] [bmv2] [D] [thread 136066] [19.0] [cxt 0] Deparser 'deparser': start
[18:41:44.536] [bmv2] [T] [thread 136066] [19.0] [cxt 0] Skipping checksum 'cksum' update because condition not met
[18:41:44.536] [bmv2] [D] [thread 136066] [19.0] [cxt 0] Deparsing header 'ethernet'
[18:41:44.536] [bmv2] [D] [thread 136066] [19.0] [cxt 0] Deparser 'deparser': end
[18:41:44.536] [bmv2] [D] [thread 136070] [19.0] [cxt 0] Transmitting packet of size 196 out of port 0
[18:41:44.694] [bmv2] [D] [thread 136065] [20.0] [cxt 0] Processing packet received on port 1
[18:41:44.694] [bmv2] [D] [thread 136065] [20.0] [cxt 0] Parser 'parser': start
[18:41:44.694] [bmv2] [D] [thread 136065] [20.0] [cxt 0] Parser 'parser' entering state 'start'
[18:41:44.694] [bmv2] [D] [thread 136065] [20.0] [cxt 0] Extracting header 'ethernet'
[18:41:44.694] [bmv2] [D] [thread 136065] [20.0] [cxt 0] Parser state 'start': key is 86dd
[18:41:44.694] [bmv2] [T] [thread 136065] [20.0] [cxt 0] Bytes parsed: 14
[18:41:44.694] [bmv2] [D] [thread 136065] [20.0] [cxt 0] Parser 'parser': end
[18:41:44.694] [bmv2] [D] [thread 136065] [20.0] [cxt 0] Pipeline 'ingress': start
[18:41:44.694] [bmv2] [T] [thread 136065] [20.0] [cxt 0] basic.p4(119) Condition "        if (hdr.ipv4.isValid()) { /*avaliar a validade do header \"hdr\" aqui ainda OG*/" (node_2) is false
[18:41:44.694] [bmv2] [D] [thread 136065] [20.0] [cxt 0] Pipeline 'ingress': end
[18:41:44.694] [bmv2] [D] [thread 136065] [20.0] [cxt 0] Egress port is 0
[18:41:44.694] [bmv2] [D] [thread 136066] [20.0] [cxt 0] Pipeline 'egress': start
[18:41:44.694] [bmv2] [D] [thread 136066] [20.0] [cxt 0] Pipeline 'egress': end
[18:41:44.694] [bmv2] [D] [thread 136066] [20.0] [cxt 0] Deparser 'deparser': start
[18:41:44.694] [bmv2] [T] [thread 136066] [20.0] [cxt 0] Skipping checksum 'cksum' update because condition not met
[18:41:44.694] [bmv2] [D] [thread 136066] [20.0] [cxt 0] Deparsing header 'ethernet'
[18:41:44.694] [bmv2] [D] [thread 136066] [20.0] [cxt 0] Deparser 'deparser': end
[18:41:44.694] [bmv2] [D] [thread 136070] [20.0] [cxt 0] Transmitting packet of size 196 out of port 0
[18:41:44.806] [bmv2] [D] [thread 136065] [21.0] [cxt 0] Processing packet received on port 2
[18:41:44.806] [bmv2] [D] [thread 136065] [21.0] [cxt 0] Parser 'parser': start
[18:41:44.806] [bmv2] [D] [thread 136065] [21.0] [cxt 0] Parser 'parser' entering state 'start'
[18:41:44.806] [bmv2] [D] [thread 136065] [21.0] [cxt 0] Extracting header 'ethernet'
[18:41:44.806] [bmv2] [D] [thread 136065] [21.0] [cxt 0] Parser state 'start': key is 86dd
[18:41:44.806] [bmv2] [T] [thread 136065] [21.0] [cxt 0] Bytes parsed: 14
[18:41:44.806] [bmv2] [D] [thread 136065] [21.0] [cxt 0] Parser 'parser': end
[18:41:44.806] [bmv2] [D] [thread 136065] [21.0] [cxt 0] Pipeline 'ingress': start
[18:41:44.806] [bmv2] [T] [thread 136065] [21.0] [cxt 0] basic.p4(119) Condition "        if (hdr.ipv4.isValid()) { /*avaliar a validade do header \"hdr\" aqui ainda OG*/" (node_2) is false
[18:41:44.806] [bmv2] [D] [thread 136065] [21.0] [cxt 0] Pipeline 'ingress': end
[18:41:44.806] [bmv2] [D] [thread 136065] [21.0] [cxt 0] Egress port is 0
[18:41:44.807] [bmv2] [D] [thread 136066] [21.0] [cxt 0] Pipeline 'egress': start
[18:41:44.807] [bmv2] [D] [thread 136066] [21.0] [cxt 0] Pipeline 'egress': end
[18:41:44.807] [bmv2] [D] [thread 136066] [21.0] [cxt 0] Deparser 'deparser': start
[18:41:44.807] [bmv2] [T] [thread 136066] [21.0] [cxt 0] Skipping checksum 'cksum' update because condition not met
[18:41:44.807] [bmv2] [D] [thread 136066] [21.0] [cxt 0] Deparsing header 'ethernet'
[18:41:44.807] [bmv2] [D] [thread 136066] [21.0] [cxt 0] Deparser 'deparser': end
[18:41:44.807] [bmv2] [D] [thread 136070] [21.0] [cxt 0] Transmitting packet of size 196 out of port 0
[18:41:45.018] [bmv2] [W] [thread 136130] [P4Runtime] p4::tmp::P4DeviceConfig is deprecated
[18:41:45.019] [bmv2] [D] [thread 136130] Set default default entry for table 'MyIngress.ipv4_lpm': NoAction - 
[18:41:45.020] [bmv2] [D] [thread 136130] simple_switch target has been notified of a config swap
[18:41:45.022] [bmv2] [D] [thread 136131] Set default entry for table 'MyIngress.ipv4_lpm': MyIngress.drop - 
[18:41:45.026] [bmv2] [D] [thread 136130] Entry 0 added to table 'MyIngress.ipv4_lpm'
[18:41:45.026] [bmv2] [D] [thread 136130] Dumping entry 0
Match key:
* hdr.ipv4.dstAddr    : LPM       0a000101/32
Action entry: MyIngress.ipv4_forward - 80000000100,1,

[18:41:45.029] [bmv2] [D] [thread 136131] Entry 1 added to table 'MyIngress.ipv4_lpm'
[18:41:45.029] [bmv2] [D] [thread 136131] Dumping entry 1
Match key:
* hdr.ipv4.dstAddr    : LPM       0a000202/32
Action entry: MyIngress.ipv4_forward - 80000000100,1,

[18:41:45.032] [bmv2] [D] [thread 136130] Entry 2 added to table 'MyIngress.ipv4_lpm'
[18:41:45.032] [bmv2] [D] [thread 136130] Dumping entry 2
Match key:
* hdr.ipv4.dstAddr    : LPM       0a000303/32
Action entry: MyIngress.ipv4_forward - 80000000200,2,

[18:41:45.037] [bmv2] [D] [thread 136131] Entry 3 added to table 'MyIngress.ipv4_lpm'
[18:41:45.037] [bmv2] [D] [thread 136131] Dumping entry 3
Match key:
* hdr.ipv4.dstAddr    : LPM       0a000404/32
Action entry: MyIngress.ipv4_forward - 80000000200,2,

[18:41:46.192] [bmv2] [D] [thread 136065] [22.0] [cxt 0] Processing packet received on port 1
[18:41:46.192] [bmv2] [D] [thread 136065] [22.0] [cxt 0] Parser 'parser': start
[18:41:46.192] [bmv2] [D] [thread 136065] [22.0] [cxt 0] Parser 'parser' entering state 'start'
[18:41:46.192] [bmv2] [D] [thread 136065] [22.0] [cxt 0] Extracting header 'ethernet'
[18:41:46.192] [bmv2] [D] [thread 136065] [22.0] [cxt 0] Parser state 'start': key is 86dd
[18:41:46.192] [bmv2] [T] [thread 136065] [22.0] [cxt 0] Bytes parsed: 14
[18:41:46.192] [bmv2] [D] [thread 136065] [22.0] [cxt 0] Parser 'parser': end
[18:41:46.192] [bmv2] [D] [thread 136065] [22.0] [cxt 0] Pipeline 'ingress': start
[18:41:46.192] [bmv2] [T] [thread 136065] [22.0] [cxt 0] basic.p4(119) Condition "        if (hdr.ipv4.isValid()) { /*avaliar a validade do header \"hdr\" aqui ainda OG*/" (node_2) is false
[18:41:46.192] [bmv2] [D] [thread 136065] [22.0] [cxt 0] Pipeline 'ingress': end
[18:41:46.192] [bmv2] [D] [thread 136065] [22.0] [cxt 0] Egress port is 0
[18:41:46.192] [bmv2] [D] [thread 136066] [22.0] [cxt 0] Pipeline 'egress': start
[18:41:46.192] [bmv2] [D] [thread 136066] [22.0] [cxt 0] Pipeline 'egress': end
[18:41:46.192] [bmv2] [D] [thread 136066] [22.0] [cxt 0] Deparser 'deparser': start
[18:41:46.192] [bmv2] [T] [thread 136066] [22.0] [cxt 0] Skipping checksum 'cksum' update because condition not met
[18:41:46.192] [bmv2] [D] [thread 136066] [22.0] [cxt 0] Deparsing header 'ethernet'
[18:41:46.192] [bmv2] [D] [thread 136066] [22.0] [cxt 0] Deparser 'deparser': end
[18:41:46.192] [bmv2] [D] [thread 136070] [22.0] [cxt 0] Transmitting packet of size 70 out of port 0
[18:41:46.453] [bmv2] [D] [thread 136065] [23.0] [cxt 0] Processing packet received on port 1
[18:41:46.453] [bmv2] [D] [thread 136065] [23.0] [cxt 0] Parser 'parser': start
[18:41:46.453] [bmv2] [D] [thread 136065] [23.0] [cxt 0] Parser 'parser' entering state 'start'
[18:41:46.453] [bmv2] [D] [thread 136065] [23.0] [cxt 0] Extracting header 'ethernet'
[18:41:46.453] [bmv2] [D] [thread 136065] [23.0] [cxt 0] Parser state 'start': key is 86dd
[18:41:46.453] [bmv2] [T] [thread 136065] [23.0] [cxt 0] Bytes parsed: 14
[18:41:46.453] [bmv2] [D] [thread 136065] [23.0] [cxt 0] Parser 'parser': end
[18:41:46.453] [bmv2] [D] [thread 136065] [23.0] [cxt 0] Pipeline 'ingress': start
[18:41:46.453] [bmv2] [T] [thread 136065] [23.0] [cxt 0] basic.p4(119) Condition "        if (hdr.ipv4.isValid()) { /*avaliar a validade do header \"hdr\" aqui ainda OG*/" (node_2) is false
[18:41:46.453] [bmv2] [D] [thread 136065] [23.0] [cxt 0] Pipeline 'ingress': end
[18:41:46.453] [bmv2] [D] [thread 136065] [23.0] [cxt 0] Egress port is 0
[18:41:46.454] [bmv2] [D] [thread 136066] [23.0] [cxt 0] Pipeline 'egress': start
[18:41:46.454] [bmv2] [D] [thread 136066] [23.0] [cxt 0] Pipeline 'egress': end
[18:41:46.454] [bmv2] [D] [thread 136066] [23.0] [cxt 0] Deparser 'deparser': start
[18:41:46.454] [bmv2] [T] [thread 136066] [23.0] [cxt 0] Skipping checksum 'cksum' update because condition not met
[18:41:46.454] [bmv2] [D] [thread 136066] [23.0] [cxt 0] Deparsing header 'ethernet'
[18:41:46.454] [bmv2] [D] [thread 136066] [23.0] [cxt 0] Deparser 'deparser': end
[18:41:46.454] [bmv2] [D] [thread 136070] [23.0] [cxt 0] Transmitting packet of size 196 out of port 0
[18:41:46.456] [bmv2] [D] [thread 136065] [24.0] [cxt 0] Processing packet received on port 2
[18:41:46.456] [bmv2] [D] [thread 136065] [24.0] [cxt 0] Parser 'parser': start
[18:41:46.456] [bmv2] [D] [thread 136065] [24.0] [cxt 0] Parser 'parser' entering state 'start'
[18:41:46.456] [bmv2] [D] [thread 136065] [24.0] [cxt 0] Extracting header 'ethernet'
[18:41:46.456] [bmv2] [D] [thread 136065] [24.0] [cxt 0] Parser state 'start': key is 86dd
[18:41:46.456] [bmv2] [T] [thread 136065] [24.0] [cxt 0] Bytes parsed: 14
[18:41:46.456] [bmv2] [D] [thread 136065] [24.0] [cxt 0] Parser 'parser': end
[18:41:46.456] [bmv2] [D] [thread 136065] [24.0] [cxt 0] Pipeline 'ingress': start
[18:41:46.456] [bmv2] [T] [thread 136065] [24.0] [cxt 0] basic.p4(119) Condition "        if (hdr.ipv4.isValid()) { /*avaliar a validade do header \"hdr\" aqui ainda OG*/" (node_2) is false
[18:41:46.456] [bmv2] [D] [thread 136065] [24.0] [cxt 0] Pipeline 'ingress': end
[18:41:46.456] [bmv2] [D] [thread 136065] [24.0] [cxt 0] Egress port is 0
[18:41:46.456] [bmv2] [D] [thread 136066] [24.0] [cxt 0] Pipeline 'egress': start
[18:41:46.456] [bmv2] [D] [thread 136066] [24.0] [cxt 0] Pipeline 'egress': end
[18:41:46.456] [bmv2] [D] [thread 136066] [24.0] [cxt 0] Deparser 'deparser': start
[18:41:46.456] [bmv2] [T] [thread 136066] [24.0] [cxt 0] Skipping checksum 'cksum' update because condition not met
[18:41:46.456] [bmv2] [D] [thread 136066] [24.0] [cxt 0] Deparsing header 'ethernet'
[18:41:46.456] [bmv2] [D] [thread 136066] [24.0] [cxt 0] Deparser 'deparser': end
[18:41:46.457] [bmv2] [D] [thread 136070] [24.0] [cxt 0] Transmitting packet of size 70 out of port 0
[18:41:46.642] [bmv2] [D] [thread 136065] [25.0] [cxt 0] Processing packet received on port 2
[18:41:46.642] [bmv2] [D] [thread 136065] [25.0] [cxt 0] Parser 'parser': start
[18:41:46.642] [bmv2] [D] [thread 136065] [25.0] [cxt 0] Parser 'parser' entering state 'start'
[18:41:46.642] [bmv2] [D] [thread 136065] [25.0] [cxt 0] Extracting header 'ethernet'
[18:41:46.642] [bmv2] [D] [thread 136065] [25.0] [cxt 0] Parser state 'start': key is 86dd
[18:41:46.642] [bmv2] [T] [thread 136065] [25.0] [cxt 0] Bytes parsed: 14
[18:41:46.642] [bmv2] [D] [thread 136065] [25.0] [cxt 0] Parser 'parser': end
[18:41:46.642] [bmv2] [D] [thread 136065] [25.0] [cxt 0] Pipeline 'ingress': start
[18:41:46.642] [bmv2] [T] [thread 136065] [25.0] [cxt 0] basic.p4(119) Condition "        if (hdr.ipv4.isValid()) { /*avaliar a validade do header \"hdr\" aqui ainda OG*/" (node_2) is false
[18:41:46.642] [bmv2] [D] [thread 136065] [25.0] [cxt 0] Pipeline 'ingress': end
[18:41:46.642] [bmv2] [D] [thread 136065] [25.0] [cxt 0] Egress port is 0
[18:41:46.643] [bmv2] [D] [thread 136066] [25.0] [cxt 0] Pipeline 'egress': start
[18:41:46.643] [bmv2] [D] [thread 136066] [25.0] [cxt 0] Pipeline 'egress': end
[18:41:46.643] [bmv2] [D] [thread 136066] [25.0] [cxt 0] Deparser 'deparser': start
[18:41:46.643] [bmv2] [T] [thread 136066] [25.0] [cxt 0] Skipping checksum 'cksum' update because condition not met
[18:41:46.643] [bmv2] [D] [thread 136066] [25.0] [cxt 0] Deparsing header 'ethernet'
[18:41:46.643] [bmv2] [D] [thread 136066] [25.0] [cxt 0] Deparser 'deparser': end
[18:41:46.643] [bmv2] [D] [thread 136070] [25.0] [cxt 0] Transmitting packet of size 196 out of port 0
[18:41:46.695] [bmv2] [D] [thread 136065] [26.0] [cxt 0] Processing packet received on port 1
[18:41:46.695] [bmv2] [D] [thread 136065] [26.0] [cxt 0] Parser 'parser': start
[18:41:46.695] [bmv2] [D] [thread 136065] [26.0] [cxt 0] Parser 'parser' entering state 'start'
[18:41:46.695] [bmv2] [D] [thread 136065] [26.0] [cxt 0] Extracting header 'ethernet'
[18:41:46.695] [bmv2] [D] [thread 136065] [26.0] [cxt 0] Parser state 'start': key is 86dd
[18:41:46.695] [bmv2] [T] [thread 136065] [26.0] [cxt 0] Bytes parsed: 14
[18:41:46.695] [bmv2] [D] [thread 136065] [26.0] [cxt 0] Parser 'parser': end
[18:41:46.695] [bmv2] [D] [thread 136065] [26.0] [cxt 0] Pipeline 'ingress': start
[18:41:46.695] [bmv2] [T] [thread 136065] [26.0] [cxt 0] basic.p4(119) Condition "        if (hdr.ipv4.isValid()) { /*avaliar a validade do header \"hdr\" aqui ainda OG*/" (node_2) is false
[18:41:46.695] [bmv2] [D] [thread 136065] [26.0] [cxt 0] Pipeline 'ingress': end
[18:41:46.695] [bmv2] [D] [thread 136065] [26.0] [cxt 0] Egress port is 0
[18:41:46.696] [bmv2] [D] [thread 136066] [26.0] [cxt 0] Pipeline 'egress': start
[18:41:46.696] [bmv2] [D] [thread 136066] [26.0] [cxt 0] Pipeline 'egress': end
[18:41:46.696] [bmv2] [D] [thread 136066] [26.0] [cxt 0] Deparser 'deparser': start
[18:41:46.696] [bmv2] [T] [thread 136066] [26.0] [cxt 0] Skipping checksum 'cksum' update because condition not met
[18:41:46.696] [bmv2] [D] [thread 136066] [26.0] [cxt 0] Deparsing header 'ethernet'
[18:41:46.696] [bmv2] [D] [thread 136066] [26.0] [cxt 0] Deparser 'deparser': end
[18:41:46.696] [bmv2] [D] [thread 136070] [26.0] [cxt 0] Transmitting packet of size 70 out of port 0
[18:41:46.799] [bmv2] [D] [thread 136065] [27.0] [cxt 0] Processing packet received on port 1
[18:41:46.799] [bmv2] [D] [thread 136065] [27.0] [cxt 0] Parser 'parser': start
[18:41:46.799] [bmv2] [D] [thread 136065] [27.0] [cxt 0] Parser 'parser' entering state 'start'
[18:41:46.799] [bmv2] [D] [thread 136065] [27.0] [cxt 0] Extracting header 'ethernet'
[18:41:46.799] [bmv2] [D] [thread 136065] [27.0] [cxt 0] Parser state 'start': key is 86dd
[18:41:46.799] [bmv2] [T] [thread 136065] [27.0] [cxt 0] Bytes parsed: 14
[18:41:46.799] [bmv2] [D] [thread 136065] [27.0] [cxt 0] Parser 'parser': end
[18:41:46.799] [bmv2] [D] [thread 136065] [27.0] [cxt 0] Pipeline 'ingress': start
[18:41:46.799] [bmv2] [T] [thread 136065] [27.0] [cxt 0] basic.p4(119) Condition "        if (hdr.ipv4.isValid()) { /*avaliar a validade do header \"hdr\" aqui ainda OG*/" (node_2) is false
[18:41:46.799] [bmv2] [D] [thread 136065] [27.0] [cxt 0] Pipeline 'ingress': end
[18:41:46.799] [bmv2] [D] [thread 136065] [27.0] [cxt 0] Egress port is 0
[18:41:46.799] [bmv2] [D] [thread 136066] [27.0] [cxt 0] Pipeline 'egress': start
[18:41:46.799] [bmv2] [D] [thread 136066] [27.0] [cxt 0] Pipeline 'egress': end
[18:41:46.799] [bmv2] [D] [thread 136066] [27.0] [cxt 0] Deparser 'deparser': start
[18:41:46.799] [bmv2] [T] [thread 136066] [27.0] [cxt 0] Skipping checksum 'cksum' update because condition not met
[18:41:46.799] [bmv2] [D] [thread 136066] [27.0] [cxt 0] Deparsing header 'ethernet'
[18:41:46.799] [bmv2] [D] [thread 136066] [27.0] [cxt 0] Deparser 'deparser': end
[18:41:46.799] [bmv2] [D] [thread 136070] [27.0] [cxt 0] Transmitting packet of size 196 out of port 0
[18:41:46.910] [bmv2] [D] [thread 136065] [28.0] [cxt 0] Processing packet received on port 2
[18:41:46.910] [bmv2] [D] [thread 136065] [28.0] [cxt 0] Parser 'parser': start
[18:41:46.910] [bmv2] [D] [thread 136065] [28.0] [cxt 0] Parser 'parser' entering state 'start'
[18:41:46.910] [bmv2] [D] [thread 136065] [28.0] [cxt 0] Extracting header 'ethernet'
[18:41:46.910] [bmv2] [D] [thread 136065] [28.0] [cxt 0] Parser state 'start': key is 86dd
[18:41:46.910] [bmv2] [T] [thread 136065] [28.0] [cxt 0] Bytes parsed: 14
[18:41:46.910] [bmv2] [D] [thread 136065] [28.0] [cxt 0] Parser 'parser': end
[18:41:46.910] [bmv2] [D] [thread 136065] [28.0] [cxt 0] Pipeline 'ingress': start
[18:41:46.910] [bmv2] [T] [thread 136065] [28.0] [cxt 0] basic.p4(119) Condition "        if (hdr.ipv4.isValid()) { /*avaliar a validade do header \"hdr\" aqui ainda OG*/" (node_2) is false
[18:41:46.910] [bmv2] [D] [thread 136065] [28.0] [cxt 0] Pipeline 'ingress': end
[18:41:46.910] [bmv2] [D] [thread 136065] [28.0] [cxt 0] Egress port is 0
[18:41:46.911] [bmv2] [D] [thread 136066] [28.0] [cxt 0] Pipeline 'egress': start
[18:41:46.911] [bmv2] [D] [thread 136066] [28.0] [cxt 0] Pipeline 'egress': end
[18:41:46.911] [bmv2] [D] [thread 136066] [28.0] [cxt 0] Deparser 'deparser': start
[18:41:46.911] [bmv2] [T] [thread 136066] [28.0] [cxt 0] Skipping checksum 'cksum' update because condition not met
[18:41:46.911] [bmv2] [D] [thread 136066] [28.0] [cxt 0] Deparsing header 'ethernet'
[18:41:46.911] [bmv2] [D] [thread 136066] [28.0] [cxt 0] Deparser 'deparser': end
[18:41:46.911] [bmv2] [D] [thread 136070] [28.0] [cxt 0] Transmitting packet of size 196 out of port 0
[18:41:47.211] [bmv2] [D] [thread 136065] [29.0] [cxt 0] Processing packet received on port 2
[18:41:47.211] [bmv2] [D] [thread 136065] [29.0] [cxt 0] Parser 'parser': start
[18:41:47.211] [bmv2] [D] [thread 136065] [29.0] [cxt 0] Parser 'parser' entering state 'start'
[18:41:47.211] [bmv2] [D] [thread 136065] [29.0] [cxt 0] Extracting header 'ethernet'
[18:41:47.211] [bmv2] [D] [thread 136065] [29.0] [cxt 0] Parser state 'start': key is 86dd
[18:41:47.211] [bmv2] [T] [thread 136065] [29.0] [cxt 0] Bytes parsed: 14
[18:41:47.211] [bmv2] [D] [thread 136065] [29.0] [cxt 0] Parser 'parser': end
[18:41:47.211] [bmv2] [D] [thread 136065] [29.0] [cxt 0] Pipeline 'ingress': start
[18:41:47.211] [bmv2] [T] [thread 136065] [29.0] [cxt 0] basic.p4(119) Condition "        if (hdr.ipv4.isValid()) { /*avaliar a validade do header \"hdr\" aqui ainda OG*/" (node_2) is false
[18:41:47.211] [bmv2] [D] [thread 136065] [29.0] [cxt 0] Pipeline 'ingress': end
[18:41:47.211] [bmv2] [D] [thread 136065] [29.0] [cxt 0] Egress port is 0
[18:41:47.211] [bmv2] [D] [thread 136066] [29.0] [cxt 0] Pipeline 'egress': start
[18:41:47.211] [bmv2] [D] [thread 136066] [29.0] [cxt 0] Pipeline 'egress': end
[18:41:47.211] [bmv2] [D] [thread 136066] [29.0] [cxt 0] Deparser 'deparser': start
[18:41:47.211] [bmv2] [T] [thread 136066] [29.0] [cxt 0] Skipping checksum 'cksum' update because condition not met
[18:41:47.211] [bmv2] [D] [thread 136066] [29.0] [cxt 0] Deparsing header 'ethernet'
[18:41:47.211] [bmv2] [D] [thread 136066] [29.0] [cxt 0] Deparser 'deparser': end
[18:41:47.211] [bmv2] [D] [thread 136070] [29.0] [cxt 0] Transmitting packet of size 70 out of port 0
open: No such file or directory
open: No such file or directory
open: No such file or directory
open: No such file or directory
open: No such file or directory
