Calling target program-options parser
[09:56:02.424] [bmv2] [D] [thread 6161] Set default default entry for table 'MyIngress.ipv4_lpm': MyIngress.drop - 
[09:56:02.424] [bmv2] [D] [thread 6161] Set default default entry for table 'MyIngress.myTunnel_exact': MyIngress.drop - 
Adding interface s3-eth1 as port 1
[09:56:02.429] [bmv2] [D] [thread 6161] Adding interface s3-eth1 as port 1
Adding interface s3-eth2 as port 2
[09:56:02.505] [bmv2] [D] [thread 6161] Adding interface s3-eth2 as port 2
Adding interface s3-eth3 as port 3
[09:56:02.588] [bmv2] [D] [thread 6161] Adding interface s3-eth3 as port 3
Server listening on 0.0.0.0:50053
[09:56:02.637] [bmv2] [I] [thread 6161] Starting Thrift server on port 9092
[09:56:02.640] [bmv2] [I] [thread 6161] Thrift server was started
[09:56:02.955] [bmv2] [D] [thread 6172] [0.0] [cxt 0] Processing packet received on port 2
[09:56:02.955] [bmv2] [D] [thread 6172] [0.0] [cxt 0] Parser 'parser': start
[09:56:02.955] [bmv2] [D] [thread 6172] [0.0] [cxt 0] Parser 'parser' entering state 'start'
[09:56:02.955] [bmv2] [D] [thread 6172] [0.0] [cxt 0] Extracting header 'ethernet'
[09:56:02.955] [bmv2] [D] [thread 6172] [0.0] [cxt 0] Parser state 'start': key is 86dd
[09:56:02.955] [bmv2] [T] [thread 6172] [0.0] [cxt 0] Bytes parsed: 14
[09:56:02.955] [bmv2] [D] [thread 6172] [0.0] [cxt 0] Parser 'parser': end
[09:56:02.955] [bmv2] [D] [thread 6172] [0.0] [cxt 0] Pipeline 'ingress': start
[09:56:02.955] [bmv2] [T] [thread 6172] [0.0] [cxt 0] basic_tunnel.p4(152) Condition "hdr.ipv4.isValid() && !hdr.myTunnel.isValid()" (node_2) is false
[09:56:02.955] [bmv2] [T] [thread 6172] [0.0] [cxt 0] basic_tunnel.p4(155) Condition "hdr.myTunnel.isValid()" (node_4) is false
[09:56:02.955] [bmv2] [D] [thread 6172] [0.0] [cxt 0] Pipeline 'ingress': end
[09:56:02.955] [bmv2] [D] [thread 6172] [0.0] [cxt 0] Egress port is 0
[09:56:02.955] [bmv2] [D] [thread 6173] [0.0] [cxt 0] Pipeline 'egress': start
[09:56:02.955] [bmv2] [D] [thread 6173] [0.0] [cxt 0] Pipeline 'egress': end
[09:56:02.955] [bmv2] [D] [thread 6173] [0.0] [cxt 0] Deparser 'deparser': start
[09:56:02.955] [bmv2] [T] [thread 6173] [0.0] [cxt 0] Skipping checksum 'cksum' update because condition not met
[09:56:02.956] [bmv2] [D] [thread 6173] [0.0] [cxt 0] Deparsing header 'ethernet'
[09:56:02.956] [bmv2] [D] [thread 6173] [0.0] [cxt 0] Deparser 'deparser': end
[09:56:02.956] [bmv2] [D] [thread 6177] [0.0] [cxt 0] Transmitting packet of size 196 out of port 0
[09:56:03.109] [bmv2] [D] [thread 6172] [1.0] [cxt 0] Processing packet received on port 1
[09:56:03.109] [bmv2] [D] [thread 6172] [1.0] [cxt 0] Parser 'parser': start
[09:56:03.109] [bmv2] [D] [thread 6172] [1.0] [cxt 0] Parser 'parser' entering state 'start'
[09:56:03.109] [bmv2] [D] [thread 6172] [1.0] [cxt 0] Extracting header 'ethernet'
[09:56:03.109] [bmv2] [D] [thread 6172] [1.0] [cxt 0] Parser state 'start': key is 86dd
[09:56:03.109] [bmv2] [T] [thread 6172] [1.0] [cxt 0] Bytes parsed: 14
[09:56:03.109] [bmv2] [D] [thread 6172] [1.0] [cxt 0] Parser 'parser': end
[09:56:03.109] [bmv2] [D] [thread 6172] [1.0] [cxt 0] Pipeline 'ingress': start
[09:56:03.109] [bmv2] [T] [thread 6172] [1.0] [cxt 0] basic_tunnel.p4(152) Condition "hdr.ipv4.isValid() && !hdr.myTunnel.isValid()" (node_2) is false
[09:56:03.109] [bmv2] [T] [thread 6172] [1.0] [cxt 0] basic_tunnel.p4(155) Condition "hdr.myTunnel.isValid()" (node_4) is false
[09:56:03.109] [bmv2] [D] [thread 6172] [1.0] [cxt 0] Pipeline 'ingress': end
[09:56:03.109] [bmv2] [D] [thread 6172] [1.0] [cxt 0] Egress port is 0
[09:56:03.109] [bmv2] [D] [thread 6173] [1.0] [cxt 0] Pipeline 'egress': start
[09:56:03.109] [bmv2] [D] [thread 6173] [1.0] [cxt 0] Pipeline 'egress': end
[09:56:03.109] [bmv2] [D] [thread 6173] [1.0] [cxt 0] Deparser 'deparser': start
[09:56:03.109] [bmv2] [T] [thread 6173] [1.0] [cxt 0] Skipping checksum 'cksum' update because condition not met
[09:56:03.109] [bmv2] [D] [thread 6173] [1.0] [cxt 0] Deparsing header 'ethernet'
[09:56:03.109] [bmv2] [D] [thread 6173] [1.0] [cxt 0] Deparser 'deparser': end
[09:56:03.112] [bmv2] [D] [thread 6177] [1.0] [cxt 0] Transmitting packet of size 196 out of port 0
[09:56:03.376] [bmv2] [D] [thread 6172] [2.0] [cxt 0] Processing packet received on port 3
[09:56:03.376] [bmv2] [D] [thread 6172] [2.0] [cxt 0] Parser 'parser': start
[09:56:03.376] [bmv2] [D] [thread 6172] [2.0] [cxt 0] Parser 'parser' entering state 'start'
[09:56:03.376] [bmv2] [D] [thread 6172] [2.0] [cxt 0] Extracting header 'ethernet'
[09:56:03.376] [bmv2] [D] [thread 6172] [2.0] [cxt 0] Parser state 'start': key is 86dd
[09:56:03.376] [bmv2] [T] [thread 6172] [2.0] [cxt 0] Bytes parsed: 14
[09:56:03.376] [bmv2] [D] [thread 6172] [2.0] [cxt 0] Parser 'parser': end
[09:56:03.376] [bmv2] [D] [thread 6172] [2.0] [cxt 0] Pipeline 'ingress': start
[09:56:03.376] [bmv2] [T] [thread 6172] [2.0] [cxt 0] basic_tunnel.p4(152) Condition "hdr.ipv4.isValid() && !hdr.myTunnel.isValid()" (node_2) is false
[09:56:03.376] [bmv2] [T] [thread 6172] [2.0] [cxt 0] basic_tunnel.p4(155) Condition "hdr.myTunnel.isValid()" (node_4) is false
[09:56:03.376] [bmv2] [D] [thread 6172] [2.0] [cxt 0] Pipeline 'ingress': end
[09:56:03.377] [bmv2] [D] [thread 6172] [2.0] [cxt 0] Egress port is 0
[09:56:03.377] [bmv2] [D] [thread 6173] [2.0] [cxt 0] Pipeline 'egress': start
[09:56:03.377] [bmv2] [D] [thread 6173] [2.0] [cxt 0] Pipeline 'egress': end
[09:56:03.377] [bmv2] [D] [thread 6173] [2.0] [cxt 0] Deparser 'deparser': start
[09:56:03.377] [bmv2] [T] [thread 6173] [2.0] [cxt 0] Skipping checksum 'cksum' update because condition not met
[09:56:03.377] [bmv2] [D] [thread 6173] [2.0] [cxt 0] Deparsing header 'ethernet'
[09:56:03.377] [bmv2] [D] [thread 6173] [2.0] [cxt 0] Deparser 'deparser': end
[09:56:03.377] [bmv2] [D] [thread 6177] [2.0] [cxt 0] Transmitting packet of size 196 out of port 0
[09:56:03.468] [bmv2] [D] [thread 6172] [3.0] [cxt 0] Processing packet received on port 2
[09:56:03.468] [bmv2] [D] [thread 6172] [3.0] [cxt 0] Parser 'parser': start
[09:56:03.468] [bmv2] [D] [thread 6172] [3.0] [cxt 0] Parser 'parser' entering state 'start'
[09:56:03.468] [bmv2] [D] [thread 6172] [3.0] [cxt 0] Extracting header 'ethernet'
[09:56:03.468] [bmv2] [D] [thread 6172] [3.0] [cxt 0] Parser state 'start': key is 86dd
[09:56:03.468] [bmv2] [T] [thread 6172] [3.0] [cxt 0] Bytes parsed: 14
[09:56:03.468] [bmv2] [D] [thread 6172] [3.0] [cxt 0] Parser 'parser': end
[09:56:03.468] [bmv2] [D] [thread 6172] [3.0] [cxt 0] Pipeline 'ingress': start
[09:56:03.468] [bmv2] [T] [thread 6172] [3.0] [cxt 0] basic_tunnel.p4(152) Condition "hdr.ipv4.isValid() && !hdr.myTunnel.isValid()" (node_2) is false
[09:56:03.468] [bmv2] [T] [thread 6172] [3.0] [cxt 0] basic_tunnel.p4(155) Condition "hdr.myTunnel.isValid()" (node_4) is false
[09:56:03.468] [bmv2] [D] [thread 6172] [3.0] [cxt 0] Pipeline 'ingress': end
[09:56:03.468] [bmv2] [D] [thread 6172] [3.0] [cxt 0] Egress port is 0
[09:56:03.468] [bmv2] [D] [thread 6173] [3.0] [cxt 0] Pipeline 'egress': start
[09:56:03.468] [bmv2] [D] [thread 6173] [3.0] [cxt 0] Pipeline 'egress': end
[09:56:03.468] [bmv2] [D] [thread 6173] [3.0] [cxt 0] Deparser 'deparser': start
[09:56:03.468] [bmv2] [T] [thread 6173] [3.0] [cxt 0] Skipping checksum 'cksum' update because condition not met
[09:56:03.468] [bmv2] [D] [thread 6173] [3.0] [cxt 0] Deparsing header 'ethernet'
[09:56:03.468] [bmv2] [D] [thread 6173] [3.0] [cxt 0] Deparser 'deparser': end
[09:56:03.469] [bmv2] [D] [thread 6177] [3.0] [cxt 0] Transmitting packet of size 196 out of port 0
[09:56:03.627] [bmv2] [D] [thread 6172] [4.0] [cxt 0] Processing packet received on port 3
[09:56:03.627] [bmv2] [D] [thread 6172] [4.0] [cxt 0] Parser 'parser': start
[09:56:03.627] [bmv2] [D] [thread 6172] [4.0] [cxt 0] Parser 'parser' entering state 'start'
[09:56:03.627] [bmv2] [D] [thread 6172] [4.0] [cxt 0] Extracting header 'ethernet'
[09:56:03.627] [bmv2] [D] [thread 6172] [4.0] [cxt 0] Parser state 'start': key is 86dd
[09:56:03.627] [bmv2] [T] [thread 6172] [4.0] [cxt 0] Bytes parsed: 14
[09:56:03.627] [bmv2] [D] [thread 6172] [4.0] [cxt 0] Parser 'parser': end
[09:56:03.628] [bmv2] [D] [thread 6172] [4.0] [cxt 0] Pipeline 'ingress': start
[09:56:03.628] [bmv2] [T] [thread 6172] [4.0] [cxt 0] basic_tunnel.p4(152) Condition "hdr.ipv4.isValid() && !hdr.myTunnel.isValid()" (node_2) is false
[09:56:03.628] [bmv2] [T] [thread 6172] [4.0] [cxt 0] basic_tunnel.p4(155) Condition "hdr.myTunnel.isValid()" (node_4) is false
[09:56:03.628] [bmv2] [D] [thread 6172] [4.0] [cxt 0] Pipeline 'ingress': end
[09:56:03.628] [bmv2] [D] [thread 6172] [4.0] [cxt 0] Egress port is 0
[09:56:03.628] [bmv2] [D] [thread 6173] [4.0] [cxt 0] Pipeline 'egress': start
[09:56:03.628] [bmv2] [D] [thread 6173] [4.0] [cxt 0] Pipeline 'egress': end
[09:56:03.628] [bmv2] [D] [thread 6173] [4.0] [cxt 0] Deparser 'deparser': start
[09:56:03.628] [bmv2] [T] [thread 6173] [4.0] [cxt 0] Skipping checksum 'cksum' update because condition not met
[09:56:03.628] [bmv2] [D] [thread 6173] [4.0] [cxt 0] Deparsing header 'ethernet'
[09:56:03.628] [bmv2] [D] [thread 6173] [4.0] [cxt 0] Deparser 'deparser': end
[09:56:03.629] [bmv2] [D] [thread 6177] [4.0] [cxt 0] Transmitting packet of size 196 out of port 0
[09:56:04.565] [bmv2] [W] [thread 6251] [P4Runtime] p4::tmp::P4DeviceConfig is deprecated
[09:56:04.567] [bmv2] [D] [thread 6251] Set default default entry for table 'MyIngress.ipv4_lpm': MyIngress.drop - 
[09:56:04.567] [bmv2] [D] [thread 6251] Set default default entry for table 'MyIngress.myTunnel_exact': MyIngress.drop - 
[09:56:04.569] [bmv2] [D] [thread 6251] simple_switch target has been notified of a config swap
[09:56:04.576] [bmv2] [D] [thread 6254] Entry 0 added to table 'MyIngress.ipv4_lpm'
[09:56:04.576] [bmv2] [D] [thread 6254] Dumping entry 0
Match key:
* hdr.ipv4.dstAddr    : LPM       0a000101/32
Action entry: MyIngress.ipv4_forward - 80000000100,2,

[09:56:04.582] [bmv2] [D] [thread 6251] Entry 1 added to table 'MyIngress.ipv4_lpm'
[09:56:04.582] [bmv2] [D] [thread 6251] Dumping entry 1
Match key:
* hdr.ipv4.dstAddr    : LPM       0a000202/32
Action entry: MyIngress.ipv4_forward - 80000000200,3,

[09:56:04.589] [bmv2] [D] [thread 6259] Entry 2 added to table 'MyIngress.ipv4_lpm'
[09:56:04.589] [bmv2] [D] [thread 6259] Dumping entry 2
Match key:
* hdr.ipv4.dstAddr    : LPM       0a000303/32
Action entry: MyIngress.ipv4_forward - 80000000333,1,

[09:56:04.595] [bmv2] [D] [thread 6251] Entry 0 added to table 'MyIngress.myTunnel_exact'
[09:56:04.595] [bmv2] [D] [thread 6251] Dumping entry 0
Match key:
* hdr.myTunnel.dst_id : EXACT     0001
Action entry: MyIngress.myTunnel_forward - 2,

[09:56:04.598] [bmv2] [D] [thread 6259] Entry 1 added to table 'MyIngress.myTunnel_exact'
[09:56:04.598] [bmv2] [D] [thread 6259] Dumping entry 1
Match key:
* hdr.myTunnel.dst_id : EXACT     0002
Action entry: MyIngress.myTunnel_forward - 3,

[09:56:04.602] [bmv2] [D] [thread 6251] Entry 2 added to table 'MyIngress.myTunnel_exact'
[09:56:04.602] [bmv2] [D] [thread 6251] Dumping entry 2
Match key:
* hdr.myTunnel.dst_id : EXACT     0003
Action entry: MyIngress.myTunnel_forward - 1,

[09:56:04.852] [bmv2] [D] [thread 6172] [5.0] [cxt 0] Processing packet received on port 2
[09:56:04.852] [bmv2] [D] [thread 6172] [5.0] [cxt 0] Parser 'parser': start
[09:56:04.852] [bmv2] [D] [thread 6172] [5.0] [cxt 0] Parser 'parser' entering state 'start'
[09:56:04.852] [bmv2] [D] [thread 6172] [5.0] [cxt 0] Extracting header 'ethernet'
[09:56:04.852] [bmv2] [D] [thread 6172] [5.0] [cxt 0] Parser state 'start': key is 86dd
[09:56:04.852] [bmv2] [T] [thread 6172] [5.0] [cxt 0] Bytes parsed: 14
[09:56:04.852] [bmv2] [D] [thread 6172] [5.0] [cxt 0] Parser 'parser': end
[09:56:04.852] [bmv2] [D] [thread 6172] [5.0] [cxt 0] Pipeline 'ingress': start
[09:56:04.852] [bmv2] [T] [thread 6172] [5.0] [cxt 0] basic_tunnel.p4(152) Condition "hdr.ipv4.isValid() && !hdr.myTunnel.isValid()" (node_2) is false
[09:56:04.852] [bmv2] [T] [thread 6172] [5.0] [cxt 0] basic_tunnel.p4(155) Condition "hdr.myTunnel.isValid()" (node_4) is false
[09:56:04.852] [bmv2] [D] [thread 6172] [5.0] [cxt 0] Pipeline 'ingress': end
[09:56:04.852] [bmv2] [D] [thread 6172] [5.0] [cxt 0] Egress port is 0
[09:56:04.852] [bmv2] [D] [thread 6173] [5.0] [cxt 0] Pipeline 'egress': start
[09:56:04.852] [bmv2] [D] [thread 6173] [5.0] [cxt 0] Pipeline 'egress': end
[09:56:04.852] [bmv2] [D] [thread 6173] [5.0] [cxt 0] Deparser 'deparser': start
[09:56:04.852] [bmv2] [T] [thread 6173] [5.0] [cxt 0] Skipping checksum 'cksum' update because condition not met
[09:56:04.852] [bmv2] [D] [thread 6173] [5.0] [cxt 0] Deparsing header 'ethernet'
[09:56:04.852] [bmv2] [D] [thread 6173] [5.0] [cxt 0] Deparser 'deparser': end
[09:56:04.852] [bmv2] [D] [thread 6177] [5.0] [cxt 0] Transmitting packet of size 70 out of port 0
[09:56:05.060] [bmv2] [D] [thread 6172] [6.0] [cxt 0] Processing packet received on port 2
[09:56:05.060] [bmv2] [D] [thread 6172] [6.0] [cxt 0] Parser 'parser': start
[09:56:05.060] [bmv2] [D] [thread 6172] [6.0] [cxt 0] Parser 'parser' entering state 'start'
[09:56:05.060] [bmv2] [D] [thread 6172] [6.0] [cxt 0] Extracting header 'ethernet'
[09:56:05.060] [bmv2] [D] [thread 6172] [6.0] [cxt 0] Parser state 'start': key is 86dd
[09:56:05.060] [bmv2] [T] [thread 6172] [6.0] [cxt 0] Bytes parsed: 14
[09:56:05.060] [bmv2] [D] [thread 6172] [6.0] [cxt 0] Parser 'parser': end
[09:56:05.060] [bmv2] [D] [thread 6172] [6.0] [cxt 0] Pipeline 'ingress': start
[09:56:05.060] [bmv2] [T] [thread 6172] [6.0] [cxt 0] basic_tunnel.p4(152) Condition "hdr.ipv4.isValid() && !hdr.myTunnel.isValid()" (node_2) is false
[09:56:05.060] [bmv2] [T] [thread 6172] [6.0] [cxt 0] basic_tunnel.p4(155) Condition "hdr.myTunnel.isValid()" (node_4) is false
[09:56:05.060] [bmv2] [D] [thread 6172] [6.0] [cxt 0] Pipeline 'ingress': end
[09:56:05.060] [bmv2] [D] [thread 6172] [6.0] [cxt 0] Egress port is 0
[09:56:05.062] [bmv2] [D] [thread 6173] [6.0] [cxt 0] Pipeline 'egress': start
[09:56:05.062] [bmv2] [D] [thread 6173] [6.0] [cxt 0] Pipeline 'egress': end
[09:56:05.062] [bmv2] [D] [thread 6173] [6.0] [cxt 0] Deparser 'deparser': start
[09:56:05.062] [bmv2] [T] [thread 6173] [6.0] [cxt 0] Skipping checksum 'cksum' update because condition not met
[09:56:05.062] [bmv2] [D] [thread 6173] [6.0] [cxt 0] Deparsing header 'ethernet'
[09:56:05.062] [bmv2] [D] [thread 6173] [6.0] [cxt 0] Deparser 'deparser': end
[09:56:05.065] [bmv2] [D] [thread 6177] [6.0] [cxt 0] Transmitting packet of size 196 out of port 0
[09:56:05.100] [bmv2] [D] [thread 6172] [7.0] [cxt 0] Processing packet received on port 1
[09:56:05.100] [bmv2] [D] [thread 6172] [7.0] [cxt 0] Parser 'parser': start
[09:56:05.100] [bmv2] [D] [thread 6172] [7.0] [cxt 0] Parser 'parser' entering state 'start'
[09:56:05.100] [bmv2] [D] [thread 6172] [7.0] [cxt 0] Extracting header 'ethernet'
[09:56:05.100] [bmv2] [D] [thread 6172] [7.0] [cxt 0] Parser state 'start': key is 86dd
[09:56:05.100] [bmv2] [T] [thread 6172] [7.0] [cxt 0] Bytes parsed: 14
[09:56:05.100] [bmv2] [D] [thread 6172] [7.0] [cxt 0] Parser 'parser': end
[09:56:05.100] [bmv2] [D] [thread 6172] [7.0] [cxt 0] Pipeline 'ingress': start
[09:56:05.100] [bmv2] [T] [thread 6172] [7.0] [cxt 0] basic_tunnel.p4(152) Condition "hdr.ipv4.isValid() && !hdr.myTunnel.isValid()" (node_2) is false
[09:56:05.100] [bmv2] [T] [thread 6172] [7.0] [cxt 0] basic_tunnel.p4(155) Condition "hdr.myTunnel.isValid()" (node_4) is false
[09:56:05.100] [bmv2] [D] [thread 6172] [7.0] [cxt 0] Pipeline 'ingress': end
[09:56:05.100] [bmv2] [D] [thread 6172] [7.0] [cxt 0] Egress port is 0
[09:56:05.100] [bmv2] [D] [thread 6173] [7.0] [cxt 0] Pipeline 'egress': start
[09:56:05.100] [bmv2] [D] [thread 6173] [7.0] [cxt 0] Pipeline 'egress': end
[09:56:05.100] [bmv2] [D] [thread 6173] [7.0] [cxt 0] Deparser 'deparser': start
[09:56:05.100] [bmv2] [T] [thread 6173] [7.0] [cxt 0] Skipping checksum 'cksum' update because condition not met
[09:56:05.100] [bmv2] [D] [thread 6173] [7.0] [cxt 0] Deparsing header 'ethernet'
[09:56:05.100] [bmv2] [D] [thread 6173] [7.0] [cxt 0] Deparser 'deparser': end
[09:56:05.106] [bmv2] [D] [thread 6177] [7.0] [cxt 0] Transmitting packet of size 70 out of port 0
[09:56:05.213] [bmv2] [D] [thread 6172] [8.0] [cxt 0] Processing packet received on port 1
[09:56:05.213] [bmv2] [D] [thread 6172] [8.0] [cxt 0] Parser 'parser': start
[09:56:05.213] [bmv2] [D] [thread 6172] [8.0] [cxt 0] Parser 'parser' entering state 'start'
[09:56:05.213] [bmv2] [D] [thread 6172] [8.0] [cxt 0] Extracting header 'ethernet'
[09:56:05.213] [bmv2] [D] [thread 6172] [8.0] [cxt 0] Parser state 'start': key is 86dd
[09:56:05.213] [bmv2] [T] [thread 6172] [8.0] [cxt 0] Bytes parsed: 14
[09:56:05.213] [bmv2] [D] [thread 6172] [8.0] [cxt 0] Parser 'parser': end
[09:56:05.213] [bmv2] [D] [thread 6172] [8.0] [cxt 0] Pipeline 'ingress': start
[09:56:05.213] [bmv2] [T] [thread 6172] [8.0] [cxt 0] basic_tunnel.p4(152) Condition "hdr.ipv4.isValid() && !hdr.myTunnel.isValid()" (node_2) is false
[09:56:05.213] [bmv2] [T] [thread 6172] [8.0] [cxt 0] basic_tunnel.p4(155) Condition "hdr.myTunnel.isValid()" (node_4) is false
[09:56:05.213] [bmv2] [D] [thread 6172] [8.0] [cxt 0] Pipeline 'ingress': end
[09:56:05.213] [bmv2] [D] [thread 6172] [8.0] [cxt 0] Egress port is 0
[09:56:05.213] [bmv2] [D] [thread 6173] [8.0] [cxt 0] Pipeline 'egress': start
[09:56:05.213] [bmv2] [D] [thread 6173] [8.0] [cxt 0] Pipeline 'egress': end
[09:56:05.213] [bmv2] [D] [thread 6173] [8.0] [cxt 0] Deparser 'deparser': start
[09:56:05.213] [bmv2] [T] [thread 6173] [8.0] [cxt 0] Skipping checksum 'cksum' update because condition not met
[09:56:05.213] [bmv2] [D] [thread 6173] [8.0] [cxt 0] Deparsing header 'ethernet'
[09:56:05.213] [bmv2] [D] [thread 6173] [8.0] [cxt 0] Deparser 'deparser': end
[09:56:05.214] [bmv2] [D] [thread 6177] [8.0] [cxt 0] Transmitting packet of size 196 out of port 0
[09:56:05.361] [bmv2] [D] [thread 6172] [9.0] [cxt 0] Processing packet received on port 2
[09:56:05.361] [bmv2] [D] [thread 6172] [9.0] [cxt 0] Parser 'parser': start
[09:56:05.361] [bmv2] [D] [thread 6172] [9.0] [cxt 0] Parser 'parser' entering state 'start'
[09:56:05.361] [bmv2] [D] [thread 6172] [9.0] [cxt 0] Extracting header 'ethernet'
[09:56:05.361] [bmv2] [D] [thread 6172] [9.0] [cxt 0] Parser state 'start': key is 86dd
[09:56:05.361] [bmv2] [T] [thread 6172] [9.0] [cxt 0] Bytes parsed: 14
[09:56:05.361] [bmv2] [D] [thread 6172] [9.0] [cxt 0] Parser 'parser': end
[09:56:05.361] [bmv2] [D] [thread 6172] [9.0] [cxt 0] Pipeline 'ingress': start
[09:56:05.361] [bmv2] [T] [thread 6172] [9.0] [cxt 0] basic_tunnel.p4(152) Condition "hdr.ipv4.isValid() && !hdr.myTunnel.isValid()" (node_2) is false
[09:56:05.361] [bmv2] [T] [thread 6172] [9.0] [cxt 0] basic_tunnel.p4(155) Condition "hdr.myTunnel.isValid()" (node_4) is false
[09:56:05.361] [bmv2] [D] [thread 6172] [9.0] [cxt 0] Pipeline 'ingress': end
[09:56:05.361] [bmv2] [D] [thread 6172] [9.0] [cxt 0] Egress port is 0
[09:56:05.361] [bmv2] [D] [thread 6173] [9.0] [cxt 0] Pipeline 'egress': start
[09:56:05.361] [bmv2] [D] [thread 6173] [9.0] [cxt 0] Pipeline 'egress': end
[09:56:05.361] [bmv2] [D] [thread 6173] [9.0] [cxt 0] Deparser 'deparser': start
[09:56:05.361] [bmv2] [T] [thread 6173] [9.0] [cxt 0] Skipping checksum 'cksum' update because condition not met
[09:56:05.361] [bmv2] [D] [thread 6173] [9.0] [cxt 0] Deparsing header 'ethernet'
[09:56:05.361] [bmv2] [D] [thread 6173] [9.0] [cxt 0] Deparser 'deparser': end
[09:56:05.361] [bmv2] [D] [thread 6177] [9.0] [cxt 0] Transmitting packet of size 70 out of port 0
[09:56:05.483] [bmv2] [D] [thread 6172] [10.0] [cxt 0] Processing packet received on port 3
[09:56:05.483] [bmv2] [D] [thread 6172] [10.0] [cxt 0] Parser 'parser': start
[09:56:05.483] [bmv2] [D] [thread 6172] [10.0] [cxt 0] Parser 'parser' entering state 'start'
[09:56:05.483] [bmv2] [D] [thread 6172] [10.0] [cxt 0] Extracting header 'ethernet'
[09:56:05.484] [bmv2] [D] [thread 6172] [10.0] [cxt 0] Parser state 'start': key is 86dd
[09:56:05.484] [bmv2] [T] [thread 6172] [10.0] [cxt 0] Bytes parsed: 14
[09:56:05.484] [bmv2] [D] [thread 6172] [10.0] [cxt 0] Parser 'parser': end
[09:56:05.484] [bmv2] [D] [thread 6172] [10.0] [cxt 0] Pipeline 'ingress': start
[09:56:05.484] [bmv2] [T] [thread 6172] [10.0] [cxt 0] basic_tunnel.p4(152) Condition "hdr.ipv4.isValid() && !hdr.myTunnel.isValid()" (node_2) is false
[09:56:05.484] [bmv2] [T] [thread 6172] [10.0] [cxt 0] basic_tunnel.p4(155) Condition "hdr.myTunnel.isValid()" (node_4) is false
[09:56:05.484] [bmv2] [D] [thread 6172] [10.0] [cxt 0] Pipeline 'ingress': end
[09:56:05.484] [bmv2] [D] [thread 6172] [10.0] [cxt 0] Egress port is 0
[09:56:05.485] [bmv2] [D] [thread 6173] [10.0] [cxt 0] Pipeline 'egress': start
[09:56:05.485] [bmv2] [D] [thread 6173] [10.0] [cxt 0] Pipeline 'egress': end
[09:56:05.485] [bmv2] [D] [thread 6173] [10.0] [cxt 0] Deparser 'deparser': start
[09:56:05.485] [bmv2] [T] [thread 6173] [10.0] [cxt 0] Skipping checksum 'cksum' update because condition not met
[09:56:05.485] [bmv2] [D] [thread 6173] [10.0] [cxt 0] Deparsing header 'ethernet'
[09:56:05.486] [bmv2] [D] [thread 6173] [10.0] [cxt 0] Deparser 'deparser': end
[09:56:05.486] [bmv2] [D] [thread 6177] [10.0] [cxt 0] Transmitting packet of size 196 out of port 0
[09:56:05.574] [bmv2] [D] [thread 6172] [11.0] [cxt 0] Processing packet received on port 2
[09:56:05.574] [bmv2] [D] [thread 6172] [11.0] [cxt 0] Parser 'parser': start
[09:56:05.574] [bmv2] [D] [thread 6172] [11.0] [cxt 0] Parser 'parser' entering state 'start'
[09:56:05.574] [bmv2] [D] [thread 6172] [11.0] [cxt 0] Extracting header 'ethernet'
[09:56:05.574] [bmv2] [D] [thread 6172] [11.0] [cxt 0] Parser state 'start': key is 86dd
[09:56:05.574] [bmv2] [T] [thread 6172] [11.0] [cxt 0] Bytes parsed: 14
[09:56:05.574] [bmv2] [D] [thread 6172] [11.0] [cxt 0] Parser 'parser': end
[09:56:05.574] [bmv2] [D] [thread 6172] [11.0] [cxt 0] Pipeline 'ingress': start
[09:56:05.574] [bmv2] [T] [thread 6172] [11.0] [cxt 0] basic_tunnel.p4(152) Condition "hdr.ipv4.isValid() && !hdr.myTunnel.isValid()" (node_2) is false
[09:56:05.574] [bmv2] [T] [thread 6172] [11.0] [cxt 0] basic_tunnel.p4(155) Condition "hdr.myTunnel.isValid()" (node_4) is false
[09:56:05.574] [bmv2] [D] [thread 6172] [11.0] [cxt 0] Pipeline 'ingress': end
[09:56:05.574] [bmv2] [D] [thread 6172] [11.0] [cxt 0] Egress port is 0
[09:56:05.574] [bmv2] [D] [thread 6173] [11.0] [cxt 0] Pipeline 'egress': start
[09:56:05.574] [bmv2] [D] [thread 6173] [11.0] [cxt 0] Pipeline 'egress': end
[09:56:05.574] [bmv2] [D] [thread 6173] [11.0] [cxt 0] Deparser 'deparser': start
[09:56:05.574] [bmv2] [T] [thread 6173] [11.0] [cxt 0] Skipping checksum 'cksum' update because condition not met
[09:56:05.574] [bmv2] [D] [thread 6173] [11.0] [cxt 0] Deparsing header 'ethernet'
[09:56:05.574] [bmv2] [D] [thread 6173] [11.0] [cxt 0] Deparser 'deparser': end
[09:56:05.574] [bmv2] [D] [thread 6177] [11.0] [cxt 0] Transmitting packet of size 196 out of port 0
[09:56:05.614] [bmv2] [D] [thread 6172] [12.0] [cxt 0] Processing packet received on port 3
[09:56:05.614] [bmv2] [D] [thread 6172] [12.0] [cxt 0] Parser 'parser': start
[09:56:05.614] [bmv2] [D] [thread 6172] [12.0] [cxt 0] Parser 'parser' entering state 'start'
[09:56:05.614] [bmv2] [D] [thread 6172] [12.0] [cxt 0] Extracting header 'ethernet'
[09:56:05.614] [bmv2] [D] [thread 6172] [12.0] [cxt 0] Parser state 'start': key is 86dd
[09:56:05.614] [bmv2] [T] [thread 6172] [12.0] [cxt 0] Bytes parsed: 14
[09:56:05.614] [bmv2] [D] [thread 6172] [12.0] [cxt 0] Parser 'parser': end
[09:56:05.614] [bmv2] [D] [thread 6172] [12.0] [cxt 0] Pipeline 'ingress': start
[09:56:05.614] [bmv2] [T] [thread 6172] [12.0] [cxt 0] basic_tunnel.p4(152) Condition "hdr.ipv4.isValid() && !hdr.myTunnel.isValid()" (node_2) is false
[09:56:05.614] [bmv2] [T] [thread 6172] [12.0] [cxt 0] basic_tunnel.p4(155) Condition "hdr.myTunnel.isValid()" (node_4) is false
[09:56:05.614] [bmv2] [D] [thread 6172] [12.0] [cxt 0] Pipeline 'ingress': end
[09:56:05.614] [bmv2] [D] [thread 6172] [12.0] [cxt 0] Egress port is 0
[09:56:05.614] [bmv2] [D] [thread 6173] [12.0] [cxt 0] Pipeline 'egress': start
[09:56:05.614] [bmv2] [D] [thread 6173] [12.0] [cxt 0] Pipeline 'egress': end
[09:56:05.614] [bmv2] [D] [thread 6173] [12.0] [cxt 0] Deparser 'deparser': start
[09:56:05.614] [bmv2] [T] [thread 6173] [12.0] [cxt 0] Skipping checksum 'cksum' update because condition not met
[09:56:05.614] [bmv2] [D] [thread 6173] [12.0] [cxt 0] Deparsing header 'ethernet'
[09:56:05.614] [bmv2] [D] [thread 6173] [12.0] [cxt 0] Deparser 'deparser': end
[09:56:05.614] [bmv2] [D] [thread 6177] [12.0] [cxt 0] Transmitting packet of size 70 out of port 0
[09:56:05.733] [bmv2] [D] [thread 6172] [13.0] [cxt 0] Processing packet received on port 3
[09:56:05.733] [bmv2] [D] [thread 6172] [13.0] [cxt 0] Parser 'parser': start
[09:56:05.733] [bmv2] [D] [thread 6172] [13.0] [cxt 0] Parser 'parser' entering state 'start'
[09:56:05.733] [bmv2] [D] [thread 6172] [13.0] [cxt 0] Extracting header 'ethernet'
[09:56:05.733] [bmv2] [D] [thread 6172] [13.0] [cxt 0] Parser state 'start': key is 86dd
[09:56:05.733] [bmv2] [T] [thread 6172] [13.0] [cxt 0] Bytes parsed: 14
[09:56:05.733] [bmv2] [D] [thread 6172] [13.0] [cxt 0] Parser 'parser': end
[09:56:05.733] [bmv2] [D] [thread 6172] [13.0] [cxt 0] Pipeline 'ingress': start
[09:56:05.733] [bmv2] [T] [thread 6172] [13.0] [cxt 0] basic_tunnel.p4(152) Condition "hdr.ipv4.isValid() && !hdr.myTunnel.isValid()" (node_2) is false
[09:56:05.733] [bmv2] [T] [thread 6172] [13.0] [cxt 0] basic_tunnel.p4(155) Condition "hdr.myTunnel.isValid()" (node_4) is false
[09:56:05.733] [bmv2] [D] [thread 6172] [13.0] [cxt 0] Pipeline 'ingress': end
[09:56:05.733] [bmv2] [D] [thread 6172] [13.0] [cxt 0] Egress port is 0
[09:56:05.733] [bmv2] [D] [thread 6173] [13.0] [cxt 0] Pipeline 'egress': start
[09:56:05.733] [bmv2] [D] [thread 6173] [13.0] [cxt 0] Pipeline 'egress': end
[09:56:05.733] [bmv2] [D] [thread 6173] [13.0] [cxt 0] Deparser 'deparser': start
[09:56:05.733] [bmv2] [T] [thread 6173] [13.0] [cxt 0] Skipping checksum 'cksum' update because condition not met
[09:56:05.733] [bmv2] [D] [thread 6173] [13.0] [cxt 0] Deparsing header 'ethernet'
[09:56:05.733] [bmv2] [D] [thread 6173] [13.0] [cxt 0] Deparser 'deparser': end
[09:56:05.733] [bmv2] [D] [thread 6177] [13.0] [cxt 0] Transmitting packet of size 196 out of port 0
[09:56:05.873] [bmv2] [D] [thread 6172] [14.0] [cxt 0] Processing packet received on port 3
[09:56:05.873] [bmv2] [D] [thread 6172] [14.0] [cxt 0] Parser 'parser': start
[09:56:05.873] [bmv2] [D] [thread 6172] [14.0] [cxt 0] Parser 'parser' entering state 'start'
[09:56:05.873] [bmv2] [D] [thread 6172] [14.0] [cxt 0] Extracting header 'ethernet'
[09:56:05.873] [bmv2] [D] [thread 6172] [14.0] [cxt 0] Parser state 'start': key is 86dd
[09:56:05.873] [bmv2] [T] [thread 6172] [14.0] [cxt 0] Bytes parsed: 14
[09:56:05.873] [bmv2] [D] [thread 6172] [14.0] [cxt 0] Parser 'parser': end
[09:56:05.873] [bmv2] [D] [thread 6172] [14.0] [cxt 0] Pipeline 'ingress': start
[09:56:05.873] [bmv2] [T] [thread 6172] [14.0] [cxt 0] basic_tunnel.p4(152) Condition "hdr.ipv4.isValid() && !hdr.myTunnel.isValid()" (node_2) is false
[09:56:05.873] [bmv2] [T] [thread 6172] [14.0] [cxt 0] basic_tunnel.p4(155) Condition "hdr.myTunnel.isValid()" (node_4) is false
[09:56:05.873] [bmv2] [D] [thread 6172] [14.0] [cxt 0] Pipeline 'ingress': end
[09:56:05.873] [bmv2] [D] [thread 6172] [14.0] [cxt 0] Egress port is 0
[09:56:05.873] [bmv2] [D] [thread 6173] [14.0] [cxt 0] Pipeline 'egress': start
[09:56:05.873] [bmv2] [D] [thread 6173] [14.0] [cxt 0] Pipeline 'egress': end
[09:56:05.873] [bmv2] [D] [thread 6173] [14.0] [cxt 0] Deparser 'deparser': start
[09:56:05.873] [bmv2] [T] [thread 6173] [14.0] [cxt 0] Skipping checksum 'cksum' update because condition not met
[09:56:05.873] [bmv2] [D] [thread 6173] [14.0] [cxt 0] Deparsing header 'ethernet'
[09:56:05.873] [bmv2] [D] [thread 6173] [14.0] [cxt 0] Deparser 'deparser': end
[09:56:05.873] [bmv2] [D] [thread 6177] [14.0] [cxt 0] Transmitting packet of size 70 out of port 0
