Calling target program-options parser
[20:49:27.434] [bmv2] [D] [thread 12614] Set default default entry for table 'MyIngress.ipv4_lpm': NoAction - 
[20:49:27.435] [bmv2] [D] [thread 12614] Set default default entry for table 'MyEgress.swtrace': NoAction - 
Adding interface s3-eth1 as port 1
[20:49:27.437] [bmv2] [D] [thread 12614] Adding interface s3-eth1 as port 1
Adding interface s3-eth2 as port 2
[20:49:27.501] [bmv2] [D] [thread 12614] Adding interface s3-eth2 as port 2
Adding interface s3-eth3 as port 3
[20:49:27.574] [bmv2] [D] [thread 12614] Adding interface s3-eth3 as port 3
Server listening on 0.0.0.0:50053
[20:49:27.641] [bmv2] [I] [thread 12614] Starting Thrift server on port 9092
[20:49:27.642] [bmv2] [I] [thread 12614] Thrift server was started
[20:49:27.682] [bmv2] [D] [thread 12627] [0.0] [cxt 0] Processing packet received on port 2
[20:49:27.682] [bmv2] [D] [thread 12627] [0.0] [cxt 0] Parser 'parser': start
[20:49:27.682] [bmv2] [D] [thread 12627] [0.0] [cxt 0] Parser 'parser' entering state 'start'
[20:49:27.682] [bmv2] [D] [thread 12627] [0.0] [cxt 0] Extracting header 'ethernet'
[20:49:27.683] [bmv2] [D] [thread 12627] [0.0] [cxt 0] Parser state 'start': key is 86dd
[20:49:27.683] [bmv2] [T] [thread 12627] [0.0] [cxt 0] Bytes parsed: 14
[20:49:27.683] [bmv2] [D] [thread 12627] [0.0] [cxt 0] Parser 'parser': end
[20:49:27.683] [bmv2] [D] [thread 12627] [0.0] [cxt 0] Pipeline 'ingress': start
[20:49:27.683] [bmv2] [T] [thread 12627] [0.0] [cxt 0] mri.p4(203) Condition "hdr.ipv4.isValid()" (node_2) is false
[20:49:27.683] [bmv2] [D] [thread 12627] [0.0] [cxt 0] Pipeline 'ingress': end
[20:49:27.683] [bmv2] [D] [thread 12627] [0.0] [cxt 0] Egress port is 0
[20:49:27.683] [bmv2] [D] [thread 12628] [0.0] [cxt 0] Pipeline 'egress': start
[20:49:27.683] [bmv2] [T] [thread 12628] [0.0] [cxt 0] mri.p4(254) Condition "hdr.mri.isValid()" (node_6) is false
[20:49:27.683] [bmv2] [D] [thread 12628] [0.0] [cxt 0] Pipeline 'egress': end
[20:49:27.683] [bmv2] [D] [thread 12628] [0.0] [cxt 0] Deparser 'deparser': start
[20:49:27.683] [bmv2] [T] [thread 12628] [0.0] [cxt 0] Skipping checksum 'cksum' update because condition not met
[20:49:27.683] [bmv2] [D] [thread 12628] [0.0] [cxt 0] Deparsing header 'ethernet'
[20:49:27.683] [bmv2] [D] [thread 12628] [0.0] [cxt 0] Deparser 'deparser': end
[20:49:27.683] [bmv2] [D] [thread 12632] [0.0] [cxt 0] Transmitting packet of size 110 out of port 0
[20:49:27.762] [bmv2] [D] [thread 12627] [1.0] [cxt 0] Processing packet received on port 2
[20:49:27.762] [bmv2] [D] [thread 12627] [1.0] [cxt 0] Parser 'parser': start
[20:49:27.762] [bmv2] [D] [thread 12627] [1.0] [cxt 0] Parser 'parser' entering state 'start'
[20:49:27.762] [bmv2] [D] [thread 12627] [1.0] [cxt 0] Extracting header 'ethernet'
[20:49:27.762] [bmv2] [D] [thread 12627] [1.0] [cxt 0] Parser state 'start': key is 86dd
[20:49:27.762] [bmv2] [T] [thread 12627] [1.0] [cxt 0] Bytes parsed: 14
[20:49:27.762] [bmv2] [D] [thread 12627] [1.0] [cxt 0] Parser 'parser': end
[20:49:27.762] [bmv2] [D] [thread 12627] [1.0] [cxt 0] Pipeline 'ingress': start
[20:49:27.762] [bmv2] [T] [thread 12627] [1.0] [cxt 0] mri.p4(203) Condition "hdr.ipv4.isValid()" (node_2) is false
[20:49:27.762] [bmv2] [D] [thread 12627] [1.0] [cxt 0] Pipeline 'ingress': end
[20:49:27.762] [bmv2] [D] [thread 12627] [1.0] [cxt 0] Egress port is 0
[20:49:27.762] [bmv2] [D] [thread 12628] [1.0] [cxt 0] Pipeline 'egress': start
[20:49:27.762] [bmv2] [T] [thread 12628] [1.0] [cxt 0] mri.p4(254) Condition "hdr.mri.isValid()" (node_6) is false
[20:49:27.762] [bmv2] [D] [thread 12628] [1.0] [cxt 0] Pipeline 'egress': end
[20:49:27.762] [bmv2] [D] [thread 12628] [1.0] [cxt 0] Deparser 'deparser': start
[20:49:27.762] [bmv2] [T] [thread 12628] [1.0] [cxt 0] Skipping checksum 'cksum' update because condition not met
[20:49:27.762] [bmv2] [D] [thread 12628] [1.0] [cxt 0] Deparsing header 'ethernet'
[20:49:27.762] [bmv2] [D] [thread 12628] [1.0] [cxt 0] Deparser 'deparser': end
[20:49:27.763] [bmv2] [D] [thread 12632] [1.0] [cxt 0] Transmitting packet of size 196 out of port 0
[20:49:27.858] [bmv2] [D] [thread 12627] [2.0] [cxt 0] Processing packet received on port 3
[20:49:27.858] [bmv2] [D] [thread 12627] [2.0] [cxt 0] Parser 'parser': start
[20:49:27.858] [bmv2] [D] [thread 12627] [2.0] [cxt 0] Parser 'parser' entering state 'start'
[20:49:27.858] [bmv2] [D] [thread 12627] [2.0] [cxt 0] Extracting header 'ethernet'
[20:49:27.858] [bmv2] [D] [thread 12627] [2.0] [cxt 0] Parser state 'start': key is 86dd
[20:49:27.858] [bmv2] [T] [thread 12627] [2.0] [cxt 0] Bytes parsed: 14
[20:49:27.858] [bmv2] [D] [thread 12627] [2.0] [cxt 0] Parser 'parser': end
[20:49:27.858] [bmv2] [D] [thread 12627] [2.0] [cxt 0] Pipeline 'ingress': start
[20:49:27.858] [bmv2] [T] [thread 12627] [2.0] [cxt 0] mri.p4(203) Condition "hdr.ipv4.isValid()" (node_2) is false
[20:49:27.858] [bmv2] [D] [thread 12627] [2.0] [cxt 0] Pipeline 'ingress': end
[20:49:27.858] [bmv2] [D] [thread 12627] [2.0] [cxt 0] Egress port is 0
[20:49:27.859] [bmv2] [D] [thread 12628] [2.0] [cxt 0] Pipeline 'egress': start
[20:49:27.859] [bmv2] [T] [thread 12628] [2.0] [cxt 0] mri.p4(254) Condition "hdr.mri.isValid()" (node_6) is false
[20:49:27.859] [bmv2] [D] [thread 12628] [2.0] [cxt 0] Pipeline 'egress': end
[20:49:27.859] [bmv2] [D] [thread 12628] [2.0] [cxt 0] Deparser 'deparser': start
[20:49:27.859] [bmv2] [T] [thread 12628] [2.0] [cxt 0] Skipping checksum 'cksum' update because condition not met
[20:49:27.859] [bmv2] [D] [thread 12628] [2.0] [cxt 0] Deparsing header 'ethernet'
[20:49:27.859] [bmv2] [D] [thread 12628] [2.0] [cxt 0] Deparser 'deparser': end
[20:49:27.859] [bmv2] [D] [thread 12632] [2.0] [cxt 0] Transmitting packet of size 196 out of port 0
[20:49:27.859] [bmv2] [D] [thread 12627] [3.0] [cxt 0] Processing packet received on port 3
[20:49:27.859] [bmv2] [D] [thread 12627] [3.0] [cxt 0] Parser 'parser': start
[20:49:27.859] [bmv2] [D] [thread 12627] [3.0] [cxt 0] Parser 'parser' entering state 'start'
[20:49:27.859] [bmv2] [D] [thread 12627] [3.0] [cxt 0] Extracting header 'ethernet'
[20:49:27.859] [bmv2] [D] [thread 12627] [3.0] [cxt 0] Parser state 'start': key is 86dd
[20:49:27.859] [bmv2] [T] [thread 12627] [3.0] [cxt 0] Bytes parsed: 14
[20:49:27.859] [bmv2] [D] [thread 12627] [3.0] [cxt 0] Parser 'parser': end
[20:49:27.859] [bmv2] [D] [thread 12627] [3.0] [cxt 0] Pipeline 'ingress': start
[20:49:27.859] [bmv2] [T] [thread 12627] [3.0] [cxt 0] mri.p4(203) Condition "hdr.ipv4.isValid()" (node_2) is false
[20:49:27.859] [bmv2] [D] [thread 12627] [3.0] [cxt 0] Pipeline 'ingress': end
[20:49:27.859] [bmv2] [D] [thread 12627] [3.0] [cxt 0] Egress port is 0
[20:49:27.859] [bmv2] [D] [thread 12628] [3.0] [cxt 0] Pipeline 'egress': start
[20:49:27.859] [bmv2] [T] [thread 12628] [3.0] [cxt 0] mri.p4(254) Condition "hdr.mri.isValid()" (node_6) is false
[20:49:27.859] [bmv2] [D] [thread 12628] [3.0] [cxt 0] Pipeline 'egress': end
[20:49:27.859] [bmv2] [D] [thread 12628] [3.0] [cxt 0] Deparser 'deparser': start
[20:49:27.859] [bmv2] [T] [thread 12628] [3.0] [cxt 0] Skipping checksum 'cksum' update because condition not met
[20:49:27.859] [bmv2] [D] [thread 12628] [3.0] [cxt 0] Deparsing header 'ethernet'
[20:49:27.859] [bmv2] [D] [thread 12628] [3.0] [cxt 0] Deparser 'deparser': end
[20:49:27.859] [bmv2] [D] [thread 12632] [3.0] [cxt 0] Transmitting packet of size 196 out of port 0
[20:49:28.046] [bmv2] [D] [thread 12627] [4.0] [cxt 0] Processing packet received on port 2
[20:49:28.046] [bmv2] [D] [thread 12627] [4.0] [cxt 0] Parser 'parser': start
[20:49:28.046] [bmv2] [D] [thread 12627] [4.0] [cxt 0] Parser 'parser' entering state 'start'
[20:49:28.046] [bmv2] [D] [thread 12627] [4.0] [cxt 0] Extracting header 'ethernet'
[20:49:28.046] [bmv2] [D] [thread 12627] [4.0] [cxt 0] Parser state 'start': key is 86dd
[20:49:28.046] [bmv2] [T] [thread 12627] [4.0] [cxt 0] Bytes parsed: 14
[20:49:28.046] [bmv2] [D] [thread 12627] [4.0] [cxt 0] Parser 'parser': end
[20:49:28.046] [bmv2] [D] [thread 12627] [4.0] [cxt 0] Pipeline 'ingress': start
[20:49:28.046] [bmv2] [T] [thread 12627] [4.0] [cxt 0] mri.p4(203) Condition "hdr.ipv4.isValid()" (node_2) is false
[20:49:28.046] [bmv2] [D] [thread 12627] [4.0] [cxt 0] Pipeline 'ingress': end
[20:49:28.046] [bmv2] [D] [thread 12627] [4.0] [cxt 0] Egress port is 0
[20:49:28.046] [bmv2] [D] [thread 12628] [4.0] [cxt 0] Pipeline 'egress': start
[20:49:28.046] [bmv2] [T] [thread 12628] [4.0] [cxt 0] mri.p4(254) Condition "hdr.mri.isValid()" (node_6) is false
[20:49:28.046] [bmv2] [D] [thread 12628] [4.0] [cxt 0] Pipeline 'egress': end
[20:49:28.046] [bmv2] [D] [thread 12628] [4.0] [cxt 0] Deparser 'deparser': start
[20:49:28.046] [bmv2] [T] [thread 12628] [4.0] [cxt 0] Skipping checksum 'cksum' update because condition not met
[20:49:28.046] [bmv2] [D] [thread 12628] [4.0] [cxt 0] Deparsing header 'ethernet'
[20:49:28.046] [bmv2] [D] [thread 12628] [4.0] [cxt 0] Deparser 'deparser': end
[20:49:28.047] [bmv2] [D] [thread 12632] [4.0] [cxt 0] Transmitting packet of size 168 out of port 0
[20:49:28.508] [bmv2] [D] [thread 12627] [5.0] [cxt 0] Processing packet received on port 1
[20:49:28.508] [bmv2] [D] [thread 12627] [5.0] [cxt 0] Parser 'parser': start
[20:49:28.508] [bmv2] [D] [thread 12627] [5.0] [cxt 0] Parser 'parser' entering state 'start'
[20:49:28.508] [bmv2] [D] [thread 12627] [5.0] [cxt 0] Extracting header 'ethernet'
[20:49:28.508] [bmv2] [D] [thread 12627] [5.0] [cxt 0] Parser state 'start': key is 86dd
[20:49:28.508] [bmv2] [T] [thread 12627] [5.0] [cxt 0] Bytes parsed: 14
[20:49:28.508] [bmv2] [D] [thread 12627] [5.0] [cxt 0] Parser 'parser': end
[20:49:28.508] [bmv2] [D] [thread 12627] [5.0] [cxt 0] Pipeline 'ingress': start
[20:49:28.510] [bmv2] [T] [thread 12627] [5.0] [cxt 0] mri.p4(203) Condition "hdr.ipv4.isValid()" (node_2) is false
[20:49:28.510] [bmv2] [D] [thread 12627] [5.0] [cxt 0] Pipeline 'ingress': end
[20:49:28.510] [bmv2] [D] [thread 12627] [5.0] [cxt 0] Egress port is 0
[20:49:28.512] [bmv2] [D] [thread 12628] [5.0] [cxt 0] Pipeline 'egress': start
[20:49:28.512] [bmv2] [T] [thread 12628] [5.0] [cxt 0] mri.p4(254) Condition "hdr.mri.isValid()" (node_6) is false
[20:49:28.512] [bmv2] [D] [thread 12628] [5.0] [cxt 0] Pipeline 'egress': end
[20:49:28.512] [bmv2] [D] [thread 12628] [5.0] [cxt 0] Deparser 'deparser': start
[20:49:28.512] [bmv2] [T] [thread 12628] [5.0] [cxt 0] Skipping checksum 'cksum' update because condition not met
[20:49:28.512] [bmv2] [D] [thread 12628] [5.0] [cxt 0] Deparsing header 'ethernet'
[20:49:28.512] [bmv2] [D] [thread 12628] [5.0] [cxt 0] Deparser 'deparser': end
[20:49:28.512] [bmv2] [D] [thread 12632] [5.0] [cxt 0] Transmitting packet of size 196 out of port 0
[20:49:28.858] [bmv2] [D] [thread 12627] [6.0] [cxt 0] Processing packet received on port 2
[20:49:28.858] [bmv2] [D] [thread 12627] [6.0] [cxt 0] Parser 'parser': start
[20:49:28.858] [bmv2] [D] [thread 12627] [6.0] [cxt 0] Parser 'parser' entering state 'start'
[20:49:28.858] [bmv2] [D] [thread 12627] [6.0] [cxt 0] Extracting header 'ethernet'
[20:49:28.858] [bmv2] [D] [thread 12627] [6.0] [cxt 0] Parser state 'start': key is 86dd
[20:49:28.858] [bmv2] [T] [thread 12627] [6.0] [cxt 0] Bytes parsed: 14
[20:49:28.858] [bmv2] [D] [thread 12627] [6.0] [cxt 0] Parser 'parser': end
[20:49:28.858] [bmv2] [D] [thread 12627] [6.0] [cxt 0] Pipeline 'ingress': start
[20:49:28.858] [bmv2] [T] [thread 12627] [6.0] [cxt 0] mri.p4(203) Condition "hdr.ipv4.isValid()" (node_2) is false
[20:49:28.858] [bmv2] [D] [thread 12627] [6.0] [cxt 0] Pipeline 'ingress': end
[20:49:28.858] [bmv2] [D] [thread 12627] [6.0] [cxt 0] Egress port is 0
[20:49:28.858] [bmv2] [D] [thread 12628] [6.0] [cxt 0] Pipeline 'egress': start
[20:49:28.859] [bmv2] [T] [thread 12628] [6.0] [cxt 0] mri.p4(254) Condition "hdr.mri.isValid()" (node_6) is false
[20:49:28.859] [bmv2] [D] [thread 12628] [6.0] [cxt 0] Pipeline 'egress': end
[20:49:28.859] [bmv2] [D] [thread 12628] [6.0] [cxt 0] Deparser 'deparser': start
[20:49:28.859] [bmv2] [T] [thread 12628] [6.0] [cxt 0] Skipping checksum 'cksum' update because condition not met
[20:49:28.859] [bmv2] [D] [thread 12628] [6.0] [cxt 0] Deparsing header 'ethernet'
[20:49:28.859] [bmv2] [D] [thread 12628] [6.0] [cxt 0] Deparser 'deparser': end
[20:49:28.859] [bmv2] [D] [thread 12632] [6.0] [cxt 0] Transmitting packet of size 196 out of port 0
[20:49:28.945] [bmv2] [D] [thread 12627] [7.0] [cxt 0] Processing packet received on port 3
[20:49:28.945] [bmv2] [D] [thread 12627] [7.0] [cxt 0] Parser 'parser': start
[20:49:28.945] [bmv2] [D] [thread 12627] [7.0] [cxt 0] Parser 'parser' entering state 'start'
[20:49:28.945] [bmv2] [D] [thread 12627] [7.0] [cxt 0] Extracting header 'ethernet'
[20:49:28.945] [bmv2] [D] [thread 12627] [7.0] [cxt 0] Parser state 'start': key is 86dd
[20:49:28.945] [bmv2] [T] [thread 12627] [7.0] [cxt 0] Bytes parsed: 14
[20:49:28.945] [bmv2] [D] [thread 12627] [7.0] [cxt 0] Parser 'parser': end
[20:49:28.945] [bmv2] [D] [thread 12627] [7.0] [cxt 0] Pipeline 'ingress': start
[20:49:28.945] [bmv2] [T] [thread 12627] [7.0] [cxt 0] mri.p4(203) Condition "hdr.ipv4.isValid()" (node_2) is false
[20:49:28.945] [bmv2] [D] [thread 12627] [7.0] [cxt 0] Pipeline 'ingress': end
[20:49:28.945] [bmv2] [D] [thread 12627] [7.0] [cxt 0] Egress port is 0
[20:49:28.945] [bmv2] [D] [thread 12627] [8.0] [cxt 0] Processing packet received on port 3
[20:49:28.945] [bmv2] [D] [thread 12627] [8.0] [cxt 0] Parser 'parser': start
[20:49:28.945] [bmv2] [D] [thread 12627] [8.0] [cxt 0] Parser 'parser' entering state 'start'
[20:49:28.945] [bmv2] [D] [thread 12627] [8.0] [cxt 0] Extracting header 'ethernet'
[20:49:28.945] [bmv2] [D] [thread 12627] [8.0] [cxt 0] Parser state 'start': key is 86dd
[20:49:28.945] [bmv2] [T] [thread 12627] [8.0] [cxt 0] Bytes parsed: 14
[20:49:28.945] [bmv2] [D] [thread 12627] [8.0] [cxt 0] Parser 'parser': end
[20:49:28.945] [bmv2] [D] [thread 12627] [8.0] [cxt 0] Pipeline 'ingress': start
[20:49:28.945] [bmv2] [T] [thread 12627] [8.0] [cxt 0] mri.p4(203) Condition "hdr.ipv4.isValid()" (node_2) is false
[20:49:28.945] [bmv2] [D] [thread 12627] [8.0] [cxt 0] Pipeline 'ingress': end
[20:49:28.945] [bmv2] [D] [thread 12627] [8.0] [cxt 0] Egress port is 0
[20:49:28.945] [bmv2] [D] [thread 12628] [7.0] [cxt 0] Pipeline 'egress': start
[20:49:28.945] [bmv2] [T] [thread 12628] [7.0] [cxt 0] mri.p4(254) Condition "hdr.mri.isValid()" (node_6) is false
[20:49:28.945] [bmv2] [D] [thread 12628] [7.0] [cxt 0] Pipeline 'egress': end
[20:49:28.945] [bmv2] [D] [thread 12628] [7.0] [cxt 0] Deparser 'deparser': start
[20:49:28.945] [bmv2] [T] [thread 12628] [7.0] [cxt 0] Skipping checksum 'cksum' update because condition not met
[20:49:28.945] [bmv2] [D] [thread 12628] [7.0] [cxt 0] Deparsing header 'ethernet'
[20:49:28.945] [bmv2] [D] [thread 12628] [7.0] [cxt 0] Deparser 'deparser': end
[20:49:28.946] [bmv2] [D] [thread 12628] [8.0] [cxt 0] Pipeline 'egress': start
[20:49:28.946] [bmv2] [T] [thread 12628] [8.0] [cxt 0] mri.p4(254) Condition "hdr.mri.isValid()" (node_6) is false
[20:49:28.946] [bmv2] [D] [thread 12628] [8.0] [cxt 0] Pipeline 'egress': end
[20:49:28.946] [bmv2] [D] [thread 12628] [8.0] [cxt 0] Deparser 'deparser': start
[20:49:28.946] [bmv2] [T] [thread 12628] [8.0] [cxt 0] Skipping checksum 'cksum' update because condition not met
[20:49:28.946] [bmv2] [D] [thread 12628] [8.0] [cxt 0] Deparsing header 'ethernet'
[20:49:28.946] [bmv2] [D] [thread 12628] [8.0] [cxt 0] Deparser 'deparser': end
[20:49:28.946] [bmv2] [D] [thread 12632] [7.0] [cxt 0] Transmitting packet of size 196 out of port 0
[20:49:28.946] [bmv2] [D] [thread 12632] [8.0] [cxt 0] Transmitting packet of size 196 out of port 0
[20:49:29.107] [bmv2] [W] [thread 12691] [P4Runtime] p4::tmp::P4DeviceConfig is deprecated
[20:49:29.108] [bmv2] [D] [thread 12691] Set default default entry for table 'MyIngress.ipv4_lpm': NoAction - 
[20:49:29.108] [bmv2] [D] [thread 12691] Set default default entry for table 'MyEgress.swtrace': NoAction - 
[20:49:29.111] [bmv2] [D] [thread 12691] simple_switch target has been notified of a config swap
[20:49:29.114] [bmv2] [D] [thread 12692] Set default entry for table 'MyEgress.swtrace': MyEgress.add_swtrace - 3,
[20:49:29.118] [bmv2] [D] [thread 12691] Entry 0 added to table 'MyIngress.ipv4_lpm'
[20:49:29.118] [bmv2] [D] [thread 12691] Dumping entry 0
Match key:
* hdr.ipv4.dstAddr    : LPM       0a000303/32
Action entry: MyIngress.ipv4_forward - 80000000303,1,

[20:49:29.124] [bmv2] [D] [thread 12692] Entry 1 added to table 'MyIngress.ipv4_lpm'
[20:49:29.124] [bmv2] [D] [thread 12692] Dumping entry 1
Match key:
* hdr.ipv4.dstAddr    : LPM       0a000100/24
Action entry: MyIngress.ipv4_forward - 80000000100,2,

[20:49:29.126] [bmv2] [D] [thread 12691] Entry 2 added to table 'MyIngress.ipv4_lpm'
[20:49:29.126] [bmv2] [D] [thread 12691] Dumping entry 2
Match key:
* hdr.ipv4.dstAddr    : LPM       0a000200/24
Action entry: MyIngress.ipv4_forward - 80000000200,3,

[20:49:30.134] [bmv2] [D] [thread 12627] [9.0] [cxt 0] Processing packet received on port 2
[20:49:30.134] [bmv2] [D] [thread 12627] [9.0] [cxt 0] Parser 'parser': start
[20:49:30.134] [bmv2] [D] [thread 12627] [9.0] [cxt 0] Parser 'parser' entering state 'start'
[20:49:30.134] [bmv2] [D] [thread 12627] [9.0] [cxt 0] Extracting header 'ethernet'
[20:49:30.134] [bmv2] [D] [thread 12627] [9.0] [cxt 0] Parser state 'start': key is 86dd
[20:49:30.134] [bmv2] [T] [thread 12627] [9.0] [cxt 0] Bytes parsed: 14
[20:49:30.134] [bmv2] [D] [thread 12627] [9.0] [cxt 0] Parser 'parser': end
[20:49:30.134] [bmv2] [D] [thread 12627] [9.0] [cxt 0] Pipeline 'ingress': start
[20:49:30.134] [bmv2] [T] [thread 12627] [9.0] [cxt 0] mri.p4(203) Condition "hdr.ipv4.isValid()" (node_2) is false
[20:49:30.134] [bmv2] [D] [thread 12627] [9.0] [cxt 0] Pipeline 'ingress': end
[20:49:30.134] [bmv2] [D] [thread 12627] [9.0] [cxt 0] Egress port is 0
[20:49:30.134] [bmv2] [D] [thread 12628] [9.0] [cxt 0] Pipeline 'egress': start
[20:49:30.134] [bmv2] [T] [thread 12628] [9.0] [cxt 0] mri.p4(254) Condition "hdr.mri.isValid()" (node_6) is false
[20:49:30.134] [bmv2] [D] [thread 12628] [9.0] [cxt 0] Pipeline 'egress': end
[20:49:30.134] [bmv2] [D] [thread 12628] [9.0] [cxt 0] Deparser 'deparser': start
[20:49:30.134] [bmv2] [T] [thread 12628] [9.0] [cxt 0] Skipping checksum 'cksum' update because condition not met
[20:49:30.134] [bmv2] [D] [thread 12628] [9.0] [cxt 0] Deparsing header 'ethernet'
[20:49:30.134] [bmv2] [D] [thread 12628] [9.0] [cxt 0] Deparser 'deparser': end
[20:49:30.134] [bmv2] [D] [thread 12632] [9.0] [cxt 0] Transmitting packet of size 196 out of port 0
[20:49:30.435] [bmv2] [D] [thread 12627] [10.0] [cxt 0] Processing packet received on port 1
[20:49:30.435] [bmv2] [D] [thread 12627] [10.0] [cxt 0] Parser 'parser': start
[20:49:30.435] [bmv2] [D] [thread 12627] [10.0] [cxt 0] Parser 'parser' entering state 'start'
[20:49:30.435] [bmv2] [D] [thread 12627] [10.0] [cxt 0] Extracting header 'ethernet'
[20:49:30.435] [bmv2] [D] [thread 12627] [10.0] [cxt 0] Parser state 'start': key is 86dd
[20:49:30.435] [bmv2] [T] [thread 12627] [10.0] [cxt 0] Bytes parsed: 14
[20:49:30.435] [bmv2] [D] [thread 12627] [10.0] [cxt 0] Parser 'parser': end
[20:49:30.435] [bmv2] [D] [thread 12627] [10.0] [cxt 0] Pipeline 'ingress': start
[20:49:30.435] [bmv2] [T] [thread 12627] [10.0] [cxt 0] mri.p4(203) Condition "hdr.ipv4.isValid()" (node_2) is false
[20:49:30.435] [bmv2] [D] [thread 12627] [10.0] [cxt 0] Pipeline 'ingress': end
[20:49:30.435] [bmv2] [D] [thread 12627] [10.0] [cxt 0] Egress port is 0
[20:49:30.435] [bmv2] [D] [thread 12627] [11.0] [cxt 0] Processing packet received on port 2
[20:49:30.435] [bmv2] [D] [thread 12627] [11.0] [cxt 0] Parser 'parser': start
[20:49:30.435] [bmv2] [D] [thread 12627] [11.0] [cxt 0] Parser 'parser' entering state 'start'
[20:49:30.435] [bmv2] [D] [thread 12627] [11.0] [cxt 0] Extracting header 'ethernet'
[20:49:30.435] [bmv2] [D] [thread 12627] [11.0] [cxt 0] Parser state 'start': key is 86dd
[20:49:30.435] [bmv2] [T] [thread 12627] [11.0] [cxt 0] Bytes parsed: 14
[20:49:30.435] [bmv2] [D] [thread 12627] [11.0] [cxt 0] Parser 'parser': end
[20:49:30.435] [bmv2] [D] [thread 12627] [11.0] [cxt 0] Pipeline 'ingress': start
[20:49:30.435] [bmv2] [T] [thread 12627] [11.0] [cxt 0] mri.p4(203) Condition "hdr.ipv4.isValid()" (node_2) is false
[20:49:30.435] [bmv2] [D] [thread 12627] [11.0] [cxt 0] Pipeline 'ingress': end
[20:49:30.435] [bmv2] [D] [thread 12627] [11.0] [cxt 0] Egress port is 0
[20:49:30.435] [bmv2] [D] [thread 12628] [10.0] [cxt 0] Pipeline 'egress': start
[20:49:30.435] [bmv2] [T] [thread 12628] [10.0] [cxt 0] mri.p4(254) Condition "hdr.mri.isValid()" (node_6) is false
[20:49:30.435] [bmv2] [D] [thread 12628] [10.0] [cxt 0] Pipeline 'egress': end
[20:49:30.435] [bmv2] [D] [thread 12628] [10.0] [cxt 0] Deparser 'deparser': start
[20:49:30.435] [bmv2] [T] [thread 12628] [10.0] [cxt 0] Skipping checksum 'cksum' update because condition not met
[20:49:30.435] [bmv2] [D] [thread 12628] [10.0] [cxt 0] Deparsing header 'ethernet'
[20:49:30.435] [bmv2] [D] [thread 12628] [10.0] [cxt 0] Deparser 'deparser': end
[20:49:30.435] [bmv2] [D] [thread 12628] [11.0] [cxt 0] Pipeline 'egress': start
[20:49:30.435] [bmv2] [T] [thread 12628] [11.0] [cxt 0] mri.p4(254) Condition "hdr.mri.isValid()" (node_6) is false
[20:49:30.435] [bmv2] [D] [thread 12628] [11.0] [cxt 0] Pipeline 'egress': end
[20:49:30.435] [bmv2] [D] [thread 12628] [11.0] [cxt 0] Deparser 'deparser': start
[20:49:30.435] [bmv2] [T] [thread 12628] [11.0] [cxt 0] Skipping checksum 'cksum' update because condition not met
[20:49:30.435] [bmv2] [D] [thread 12628] [11.0] [cxt 0] Deparsing header 'ethernet'
[20:49:30.435] [bmv2] [D] [thread 12628] [11.0] [cxt 0] Deparser 'deparser': end
[20:49:30.435] [bmv2] [D] [thread 12632] [10.0] [cxt 0] Transmitting packet of size 70 out of port 0
[20:49:30.435] [bmv2] [D] [thread 12632] [11.0] [cxt 0] Transmitting packet of size 70 out of port 0
[20:49:30.585] [bmv2] [D] [thread 12627] [12.0] [cxt 0] Processing packet received on port 1
[20:49:30.585] [bmv2] [D] [thread 12627] [12.0] [cxt 0] Parser 'parser': start
[20:49:30.585] [bmv2] [D] [thread 12627] [12.0] [cxt 0] Parser 'parser' entering state 'start'
[20:49:30.585] [bmv2] [D] [thread 12627] [12.0] [cxt 0] Extracting header 'ethernet'
[20:49:30.585] [bmv2] [D] [thread 12627] [12.0] [cxt 0] Parser state 'start': key is 86dd
[20:49:30.585] [bmv2] [T] [thread 12627] [12.0] [cxt 0] Bytes parsed: 14
[20:49:30.585] [bmv2] [D] [thread 12627] [12.0] [cxt 0] Parser 'parser': end
[20:49:30.585] [bmv2] [D] [thread 12627] [12.0] [cxt 0] Pipeline 'ingress': start
[20:49:30.585] [bmv2] [T] [thread 12627] [12.0] [cxt 0] mri.p4(203) Condition "hdr.ipv4.isValid()" (node_2) is false
[20:49:30.585] [bmv2] [D] [thread 12627] [12.0] [cxt 0] Pipeline 'ingress': end
[20:49:30.585] [bmv2] [D] [thread 12627] [12.0] [cxt 0] Egress port is 0
[20:49:30.585] [bmv2] [D] [thread 12628] [12.0] [cxt 0] Pipeline 'egress': start
[20:49:30.585] [bmv2] [T] [thread 12628] [12.0] [cxt 0] mri.p4(254) Condition "hdr.mri.isValid()" (node_6) is false
[20:49:30.585] [bmv2] [D] [thread 12628] [12.0] [cxt 0] Pipeline 'egress': end
[20:49:30.585] [bmv2] [D] [thread 12628] [12.0] [cxt 0] Deparser 'deparser': start
[20:49:30.585] [bmv2] [T] [thread 12628] [12.0] [cxt 0] Skipping checksum 'cksum' update because condition not met
[20:49:30.585] [bmv2] [D] [thread 12628] [12.0] [cxt 0] Deparsing header 'ethernet'
[20:49:30.585] [bmv2] [D] [thread 12628] [12.0] [cxt 0] Deparser 'deparser': end
[20:49:30.585] [bmv2] [D] [thread 12632] [12.0] [cxt 0] Transmitting packet of size 196 out of port 0
[20:49:30.944] [bmv2] [D] [thread 12627] [13.0] [cxt 0] Processing packet received on port 2
[20:49:30.945] [bmv2] [D] [thread 12627] [13.0] [cxt 0] Parser 'parser': start
[20:49:30.945] [bmv2] [D] [thread 12627] [13.0] [cxt 0] Parser 'parser' entering state 'start'
[20:49:30.945] [bmv2] [D] [thread 12627] [13.0] [cxt 0] Extracting header 'ethernet'
[20:49:30.945] [bmv2] [D] [thread 12627] [13.0] [cxt 0] Parser state 'start': key is 86dd
[20:49:30.945] [bmv2] [T] [thread 12627] [13.0] [cxt 0] Bytes parsed: 14
[20:49:30.945] [bmv2] [D] [thread 12627] [13.0] [cxt 0] Parser 'parser': end
[20:49:30.945] [bmv2] [D] [thread 12627] [13.0] [cxt 0] Pipeline 'ingress': start
[20:49:30.945] [bmv2] [T] [thread 12627] [13.0] [cxt 0] mri.p4(203) Condition "hdr.ipv4.isValid()" (node_2) is false
[20:49:30.945] [bmv2] [D] [thread 12627] [13.0] [cxt 0] Pipeline 'ingress': end
[20:49:30.945] [bmv2] [D] [thread 12627] [13.0] [cxt 0] Egress port is 0
[20:49:30.945] [bmv2] [D] [thread 12628] [13.0] [cxt 0] Pipeline 'egress': start
[20:49:30.945] [bmv2] [T] [thread 12628] [13.0] [cxt 0] mri.p4(254) Condition "hdr.mri.isValid()" (node_6) is false
[20:49:30.945] [bmv2] [D] [thread 12628] [13.0] [cxt 0] Pipeline 'egress': end
[20:49:30.945] [bmv2] [D] [thread 12628] [13.0] [cxt 0] Deparser 'deparser': start
[20:49:30.947] [bmv2] [D] [thread 12627] [14.0] [cxt 0] Processing packet received on port 2
[20:49:30.947] [bmv2] [D] [thread 12627] [14.0] [cxt 0] Parser 'parser': start
[20:49:30.947] [bmv2] [D] [thread 12627] [14.0] [cxt 0] Parser 'parser' entering state 'start'
[20:49:30.947] [bmv2] [D] [thread 12627] [14.0] [cxt 0] Extracting header 'ethernet'
[20:49:30.947] [bmv2] [D] [thread 12627] [14.0] [cxt 0] Parser state 'start': key is 86dd
[20:49:30.947] [bmv2] [T] [thread 12627] [14.0] [cxt 0] Bytes parsed: 14
[20:49:30.947] [bmv2] [D] [thread 12627] [14.0] [cxt 0] Parser 'parser': end
[20:49:30.947] [bmv2] [D] [thread 12627] [14.0] [cxt 0] Pipeline 'ingress': start
[20:49:30.947] [bmv2] [T] [thread 12627] [14.0] [cxt 0] mri.p4(203) Condition "hdr.ipv4.isValid()" (node_2) is false
[20:49:30.947] [bmv2] [D] [thread 12627] [14.0] [cxt 0] Pipeline 'ingress': end
[20:49:30.947] [bmv2] [D] [thread 12627] [14.0] [cxt 0] Egress port is 0
[20:49:30.945] [bmv2] [T] [thread 12628] [13.0] [cxt 0] Skipping checksum 'cksum' update because condition not met
[20:49:30.951] [bmv2] [D] [thread 12628] [13.0] [cxt 0] Deparsing header 'ethernet'
[20:49:30.952] [bmv2] [D] [thread 12628] [13.0] [cxt 0] Deparser 'deparser': end
[20:49:30.952] [bmv2] [D] [thread 12628] [14.0] [cxt 0] Pipeline 'egress': start
[20:49:30.952] [bmv2] [T] [thread 12628] [14.0] [cxt 0] mri.p4(254) Condition "hdr.mri.isValid()" (node_6) is false
[20:49:30.952] [bmv2] [D] [thread 12628] [14.0] [cxt 0] Pipeline 'egress': end
[20:49:30.952] [bmv2] [D] [thread 12628] [14.0] [cxt 0] Deparser 'deparser': start
[20:49:30.952] [bmv2] [T] [thread 12628] [14.0] [cxt 0] Skipping checksum 'cksum' update because condition not met
[20:49:30.952] [bmv2] [D] [thread 12628] [14.0] [cxt 0] Deparsing header 'ethernet'
[20:49:30.952] [bmv2] [D] [thread 12628] [14.0] [cxt 0] Deparser 'deparser': end
[20:49:30.952] [bmv2] [D] [thread 12632] [13.0] [cxt 0] Transmitting packet of size 196 out of port 0
[20:49:30.952] [bmv2] [D] [thread 12632] [14.0] [cxt 0] Transmitting packet of size 70 out of port 0
[20:49:31.033] [bmv2] [D] [thread 12627] [15.0] [cxt 0] Processing packet received on port 3
[20:49:31.033] [bmv2] [D] [thread 12627] [15.0] [cxt 0] Parser 'parser': start
[20:49:31.033] [bmv2] [D] [thread 12627] [15.0] [cxt 0] Parser 'parser' entering state 'start'
[20:49:31.033] [bmv2] [D] [thread 12627] [15.0] [cxt 0] Extracting header 'ethernet'
[20:49:31.033] [bmv2] [D] [thread 12627] [15.0] [cxt 0] Parser state 'start': key is 86dd
[20:49:31.033] [bmv2] [T] [thread 12627] [15.0] [cxt 0] Bytes parsed: 14
[20:49:31.033] [bmv2] [D] [thread 12627] [15.0] [cxt 0] Parser 'parser': end
[20:49:31.033] [bmv2] [D] [thread 12627] [15.0] [cxt 0] Pipeline 'ingress': start
[20:49:31.033] [bmv2] [T] [thread 12627] [15.0] [cxt 0] mri.p4(203) Condition "hdr.ipv4.isValid()" (node_2) is false
[20:49:31.033] [bmv2] [D] [thread 12627] [15.0] [cxt 0] Pipeline 'ingress': end
[20:49:31.033] [bmv2] [D] [thread 12627] [15.0] [cxt 0] Egress port is 0
[20:49:31.033] [bmv2] [D] [thread 12627] [16.0] [cxt 0] Processing packet received on port 3
[20:49:31.033] [bmv2] [D] [thread 12627] [16.0] [cxt 0] Parser 'parser': start
[20:49:31.033] [bmv2] [D] [thread 12627] [16.0] [cxt 0] Parser 'parser' entering state 'start'
[20:49:31.033] [bmv2] [D] [thread 12627] [16.0] [cxt 0] Extracting header 'ethernet'
[20:49:31.033] [bmv2] [D] [thread 12627] [16.0] [cxt 0] Parser state 'start': key is 86dd
[20:49:31.033] [bmv2] [T] [thread 12627] [16.0] [cxt 0] Bytes parsed: 14
[20:49:31.033] [bmv2] [D] [thread 12627] [16.0] [cxt 0] Parser 'parser': end
[20:49:31.033] [bmv2] [D] [thread 12627] [16.0] [cxt 0] Pipeline 'ingress': start
[20:49:31.033] [bmv2] [T] [thread 12627] [16.0] [cxt 0] mri.p4(203) Condition "hdr.ipv4.isValid()" (node_2) is false
[20:49:31.033] [bmv2] [D] [thread 12627] [16.0] [cxt 0] Pipeline 'ingress': end
[20:49:31.033] [bmv2] [D] [thread 12627] [16.0] [cxt 0] Egress port is 0
[20:49:31.033] [bmv2] [D] [thread 12628] [15.0] [cxt 0] Pipeline 'egress': start
[20:49:31.034] [bmv2] [T] [thread 12628] [15.0] [cxt 0] mri.p4(254) Condition "hdr.mri.isValid()" (node_6) is false
[20:49:31.034] [bmv2] [D] [thread 12628] [15.0] [cxt 0] Pipeline 'egress': end
[20:49:31.034] [bmv2] [D] [thread 12628] [15.0] [cxt 0] Deparser 'deparser': start
[20:49:31.034] [bmv2] [T] [thread 12628] [15.0] [cxt 0] Skipping checksum 'cksum' update because condition not met
[20:49:31.034] [bmv2] [D] [thread 12628] [15.0] [cxt 0] Deparsing header 'ethernet'
[20:49:31.034] [bmv2] [D] [thread 12628] [15.0] [cxt 0] Deparser 'deparser': end
[20:49:31.034] [bmv2] [D] [thread 12628] [16.0] [cxt 0] Pipeline 'egress': start
[20:49:31.034] [bmv2] [T] [thread 12628] [16.0] [cxt 0] mri.p4(254) Condition "hdr.mri.isValid()" (node_6) is false
[20:49:31.034] [bmv2] [D] [thread 12628] [16.0] [cxt 0] Pipeline 'egress': end
[20:49:31.034] [bmv2] [D] [thread 12628] [16.0] [cxt 0] Deparser 'deparser': start
[20:49:31.034] [bmv2] [T] [thread 12628] [16.0] [cxt 0] Skipping checksum 'cksum' update because condition not met
[20:49:31.034] [bmv2] [D] [thread 12628] [16.0] [cxt 0] Deparsing header 'ethernet'
[20:49:31.034] [bmv2] [D] [thread 12628] [16.0] [cxt 0] Deparser 'deparser': end
[20:49:31.034] [bmv2] [D] [thread 12632] [15.0] [cxt 0] Transmitting packet of size 196 out of port 0
[20:49:31.034] [bmv2] [D] [thread 12632] [16.0] [cxt 0] Transmitting packet of size 196 out of port 0
[20:49:31.201] [bmv2] [D] [thread 12627] [17.0] [cxt 0] Processing packet received on port 3
[20:49:31.201] [bmv2] [D] [thread 12627] [17.0] [cxt 0] Parser 'parser': start
[20:49:31.201] [bmv2] [D] [thread 12627] [17.0] [cxt 0] Parser 'parser' entering state 'start'
[20:49:31.201] [bmv2] [D] [thread 12627] [17.0] [cxt 0] Extracting header 'ethernet'
[20:49:31.201] [bmv2] [D] [thread 12627] [17.0] [cxt 0] Parser state 'start': key is 86dd
[20:49:31.201] [bmv2] [T] [thread 12627] [17.0] [cxt 0] Bytes parsed: 14
[20:49:31.201] [bmv2] [D] [thread 12627] [17.0] [cxt 0] Parser 'parser': end
[20:49:31.201] [bmv2] [D] [thread 12627] [17.0] [cxt 0] Pipeline 'ingress': start
[20:49:31.201] [bmv2] [T] [thread 12627] [17.0] [cxt 0] mri.p4(203) Condition "hdr.ipv4.isValid()" (node_2) is false
[20:49:31.201] [bmv2] [D] [thread 12627] [17.0] [cxt 0] Pipeline 'ingress': end
[20:49:31.201] [bmv2] [D] [thread 12627] [17.0] [cxt 0] Egress port is 0
[20:49:31.202] [bmv2] [D] [thread 12628] [17.0] [cxt 0] Pipeline 'egress': start
[20:49:31.202] [bmv2] [T] [thread 12628] [17.0] [cxt 0] mri.p4(254) Condition "hdr.mri.isValid()" (node_6) is false
[20:49:31.202] [bmv2] [D] [thread 12628] [17.0] [cxt 0] Pipeline 'egress': end
[20:49:31.202] [bmv2] [D] [thread 12628] [17.0] [cxt 0] Deparser 'deparser': start
[20:49:31.202] [bmv2] [T] [thread 12628] [17.0] [cxt 0] Skipping checksum 'cksum' update because condition not met
[20:49:31.202] [bmv2] [D] [thread 12628] [17.0] [cxt 0] Deparsing header 'ethernet'
[20:49:31.202] [bmv2] [D] [thread 12628] [17.0] [cxt 0] Deparser 'deparser': end
[20:49:31.202] [bmv2] [D] [thread 12632] [17.0] [cxt 0] Transmitting packet of size 70 out of port 0
[20:49:31.459] [bmv2] [D] [thread 12627] [18.0] [cxt 0] Processing packet received on port 3
[20:49:31.459] [bmv2] [D] [thread 12627] [18.0] [cxt 0] Parser 'parser': start
[20:49:31.459] [bmv2] [D] [thread 12627] [18.0] [cxt 0] Parser 'parser' entering state 'start'
[20:49:31.459] [bmv2] [D] [thread 12627] [18.0] [cxt 0] Extracting header 'ethernet'
[20:49:31.459] [bmv2] [D] [thread 12627] [18.0] [cxt 0] Parser state 'start': key is 86dd
[20:49:31.459] [bmv2] [T] [thread 12627] [18.0] [cxt 0] Bytes parsed: 14
[20:49:31.459] [bmv2] [D] [thread 12627] [18.0] [cxt 0] Parser 'parser': end
[20:49:31.459] [bmv2] [D] [thread 12627] [18.0] [cxt 0] Pipeline 'ingress': start
[20:49:31.459] [bmv2] [T] [thread 12627] [18.0] [cxt 0] mri.p4(203) Condition "hdr.ipv4.isValid()" (node_2) is false
[20:49:31.459] [bmv2] [D] [thread 12627] [18.0] [cxt 0] Pipeline 'ingress': end
[20:49:31.459] [bmv2] [D] [thread 12627] [18.0] [cxt 0] Egress port is 0
[20:49:31.459] [bmv2] [D] [thread 12628] [18.0] [cxt 0] Pipeline 'egress': start
[20:49:31.459] [bmv2] [T] [thread 12628] [18.0] [cxt 0] mri.p4(254) Condition "hdr.mri.isValid()" (node_6) is false
[20:49:31.459] [bmv2] [D] [thread 12628] [18.0] [cxt 0] Pipeline 'egress': end
[20:49:31.459] [bmv2] [D] [thread 12628] [18.0] [cxt 0] Deparser 'deparser': start
[20:49:31.459] [bmv2] [T] [thread 12628] [18.0] [cxt 0] Skipping checksum 'cksum' update because condition not met
[20:49:31.459] [bmv2] [D] [thread 12628] [18.0] [cxt 0] Deparsing header 'ethernet'
[20:49:31.459] [bmv2] [D] [thread 12628] [18.0] [cxt 0] Deparser 'deparser': end
[20:49:31.460] [bmv2] [D] [thread 12632] [18.0] [cxt 0] Transmitting packet of size 70 out of port 0
[20:49:38.370] [bmv2] [D] [thread 12627] [19.0] [cxt 0] Processing packet received on port 1
[20:49:38.370] [bmv2] [D] [thread 12627] [19.0] [cxt 0] Parser 'parser': start
[20:49:38.370] [bmv2] [D] [thread 12627] [19.0] [cxt 0] Parser 'parser' entering state 'start'
[20:49:38.370] [bmv2] [D] [thread 12627] [19.0] [cxt 0] Extracting header 'ethernet'
[20:49:38.370] [bmv2] [D] [thread 12627] [19.0] [cxt 0] Parser state 'start': key is 86dd
[20:49:38.370] [bmv2] [T] [thread 12627] [19.0] [cxt 0] Bytes parsed: 14
[20:49:38.370] [bmv2] [D] [thread 12627] [19.0] [cxt 0] Parser 'parser': end
[20:49:38.370] [bmv2] [D] [thread 12627] [19.0] [cxt 0] Pipeline 'ingress': start
[20:49:38.370] [bmv2] [T] [thread 12627] [19.0] [cxt 0] mri.p4(203) Condition "hdr.ipv4.isValid()" (node_2) is false
[20:49:38.370] [bmv2] [D] [thread 12627] [19.0] [cxt 0] Pipeline 'ingress': end
[20:49:38.370] [bmv2] [D] [thread 12627] [19.0] [cxt 0] Egress port is 0
[20:49:38.371] [bmv2] [D] [thread 12628] [19.0] [cxt 0] Pipeline 'egress': start
[20:49:38.371] [bmv2] [T] [thread 12628] [19.0] [cxt 0] mri.p4(254) Condition "hdr.mri.isValid()" (node_6) is false
[20:49:38.371] [bmv2] [D] [thread 12628] [19.0] [cxt 0] Pipeline 'egress': end
[20:49:38.371] [bmv2] [D] [thread 12628] [19.0] [cxt 0] Deparser 'deparser': start
[20:49:38.371] [bmv2] [T] [thread 12628] [19.0] [cxt 0] Skipping checksum 'cksum' update because condition not met
[20:49:38.371] [bmv2] [D] [thread 12628] [19.0] [cxt 0] Deparsing header 'ethernet'
[20:49:38.371] [bmv2] [D] [thread 12628] [19.0] [cxt 0] Deparser 'deparser': end
[20:49:38.371] [bmv2] [D] [thread 12632] [19.0] [cxt 0] Transmitting packet of size 70 out of port 0
[20:49:38.632] [bmv2] [D] [thread 12627] [20.0] [cxt 0] Processing packet received on port 2
[20:49:38.632] [bmv2] [D] [thread 12627] [20.0] [cxt 0] Parser 'parser': start
[20:49:38.632] [bmv2] [D] [thread 12627] [20.0] [cxt 0] Parser 'parser' entering state 'start'
[20:49:38.632] [bmv2] [D] [thread 12627] [20.0] [cxt 0] Extracting header 'ethernet'
[20:49:38.632] [bmv2] [D] [thread 12627] [20.0] [cxt 0] Parser state 'start': key is 86dd
[20:49:38.632] [bmv2] [T] [thread 12627] [20.0] [cxt 0] Bytes parsed: 14
[20:49:38.633] [bmv2] [D] [thread 12627] [20.0] [cxt 0] Parser 'parser': end
[20:49:38.633] [bmv2] [D] [thread 12627] [20.0] [cxt 0] Pipeline 'ingress': start
[20:49:38.633] [bmv2] [T] [thread 12627] [20.0] [cxt 0] mri.p4(203) Condition "hdr.ipv4.isValid()" (node_2) is false
[20:49:38.633] [bmv2] [D] [thread 12627] [20.0] [cxt 0] Pipeline 'ingress': end
[20:49:38.633] [bmv2] [D] [thread 12627] [20.0] [cxt 0] Egress port is 0
[20:49:38.633] [bmv2] [D] [thread 12628] [20.0] [cxt 0] Pipeline 'egress': start
[20:49:38.633] [bmv2] [T] [thread 12628] [20.0] [cxt 0] mri.p4(254) Condition "hdr.mri.isValid()" (node_6) is false
[20:49:38.633] [bmv2] [D] [thread 12628] [20.0] [cxt 0] Pipeline 'egress': end
[20:49:38.633] [bmv2] [D] [thread 12628] [20.0] [cxt 0] Deparser 'deparser': start
[20:49:38.633] [bmv2] [T] [thread 12628] [20.0] [cxt 0] Skipping checksum 'cksum' update because condition not met
[20:49:38.633] [bmv2] [D] [thread 12628] [20.0] [cxt 0] Deparsing header 'ethernet'
[20:49:38.633] [bmv2] [D] [thread 12628] [20.0] [cxt 0] Deparser 'deparser': end
[20:49:38.634] [bmv2] [D] [thread 12632] [20.0] [cxt 0] Transmitting packet of size 70 out of port 0
[20:49:39.138] [bmv2] [D] [thread 12627] [21.0] [cxt 0] Processing packet received on port 2
[20:49:39.138] [bmv2] [D] [thread 12627] [21.0] [cxt 0] Parser 'parser': start
[20:49:39.138] [bmv2] [D] [thread 12627] [21.0] [cxt 0] Parser 'parser' entering state 'start'
[20:49:39.138] [bmv2] [D] [thread 12627] [21.0] [cxt 0] Extracting header 'ethernet'
[20:49:39.138] [bmv2] [D] [thread 12627] [21.0] [cxt 0] Parser state 'start': key is 86dd
[20:49:39.138] [bmv2] [T] [thread 12627] [21.0] [cxt 0] Bytes parsed: 14
[20:49:39.138] [bmv2] [D] [thread 12627] [21.0] [cxt 0] Parser 'parser': end
[20:49:39.138] [bmv2] [D] [thread 12627] [21.0] [cxt 0] Pipeline 'ingress': start
[20:49:39.138] [bmv2] [T] [thread 12627] [21.0] [cxt 0] mri.p4(203) Condition "hdr.ipv4.isValid()" (node_2) is false
[20:49:39.138] [bmv2] [D] [thread 12627] [21.0] [cxt 0] Pipeline 'ingress': end
[20:49:39.138] [bmv2] [D] [thread 12627] [21.0] [cxt 0] Egress port is 0
[20:49:39.138] [bmv2] [D] [thread 12628] [21.0] [cxt 0] Pipeline 'egress': start
[20:49:39.138] [bmv2] [T] [thread 12628] [21.0] [cxt 0] mri.p4(254) Condition "hdr.mri.isValid()" (node_6) is false
[20:49:39.138] [bmv2] [D] [thread 12628] [21.0] [cxt 0] Pipeline 'egress': end
[20:49:39.138] [bmv2] [D] [thread 12628] [21.0] [cxt 0] Deparser 'deparser': start
[20:49:39.138] [bmv2] [T] [thread 12628] [21.0] [cxt 0] Skipping checksum 'cksum' update because condition not met
[20:49:39.138] [bmv2] [D] [thread 12628] [21.0] [cxt 0] Deparsing header 'ethernet'
[20:49:39.138] [bmv2] [D] [thread 12628] [21.0] [cxt 0] Deparser 'deparser': end
[20:49:39.139] [bmv2] [D] [thread 12632] [21.0] [cxt 0] Transmitting packet of size 70 out of port 0
[20:49:39.650] [bmv2] [D] [thread 12627] [22.0] [cxt 0] Processing packet received on port 3
[20:49:39.650] [bmv2] [D] [thread 12627] [22.0] [cxt 0] Parser 'parser': start
[20:49:39.650] [bmv2] [D] [thread 12627] [22.0] [cxt 0] Parser 'parser' entering state 'start'
[20:49:39.650] [bmv2] [D] [thread 12627] [22.0] [cxt 0] Extracting header 'ethernet'
[20:49:39.651] [bmv2] [D] [thread 12627] [22.0] [cxt 0] Parser state 'start': key is 86dd
[20:49:39.651] [bmv2] [T] [thread 12627] [22.0] [cxt 0] Bytes parsed: 14
[20:49:39.651] [bmv2] [D] [thread 12627] [22.0] [cxt 0] Parser 'parser': end
[20:49:39.651] [bmv2] [D] [thread 12627] [22.0] [cxt 0] Pipeline 'ingress': start
[20:49:39.651] [bmv2] [T] [thread 12627] [22.0] [cxt 0] mri.p4(203) Condition "hdr.ipv4.isValid()" (node_2) is false
[20:49:39.651] [bmv2] [D] [thread 12627] [22.0] [cxt 0] Pipeline 'ingress': end
[20:49:39.651] [bmv2] [D] [thread 12627] [22.0] [cxt 0] Egress port is 0
[20:49:39.651] [bmv2] [D] [thread 12628] [22.0] [cxt 0] Pipeline 'egress': start
[20:49:39.651] [bmv2] [T] [thread 12628] [22.0] [cxt 0] mri.p4(254) Condition "hdr.mri.isValid()" (node_6) is false
[20:49:39.651] [bmv2] [D] [thread 12628] [22.0] [cxt 0] Pipeline 'egress': end
[20:49:39.651] [bmv2] [D] [thread 12628] [22.0] [cxt 0] Deparser 'deparser': start
[20:49:39.651] [bmv2] [T] [thread 12628] [22.0] [cxt 0] Skipping checksum 'cksum' update because condition not met
[20:49:39.651] [bmv2] [D] [thread 12628] [22.0] [cxt 0] Deparsing header 'ethernet'
[20:49:39.651] [bmv2] [D] [thread 12628] [22.0] [cxt 0] Deparser 'deparser': end
[20:49:39.651] [bmv2] [D] [thread 12632] [22.0] [cxt 0] Transmitting packet of size 70 out of port 0
[20:49:40.674] [bmv2] [D] [thread 12627] [23.0] [cxt 0] Processing packet received on port 3
[20:49:40.674] [bmv2] [D] [thread 12627] [23.0] [cxt 0] Parser 'parser': start
[20:49:40.674] [bmv2] [D] [thread 12627] [23.0] [cxt 0] Parser 'parser' entering state 'start'
[20:49:40.674] [bmv2] [D] [thread 12627] [23.0] [cxt 0] Extracting header 'ethernet'
[20:49:40.674] [bmv2] [D] [thread 12627] [23.0] [cxt 0] Parser state 'start': key is 86dd
[20:49:40.674] [bmv2] [T] [thread 12627] [23.0] [cxt 0] Bytes parsed: 14
[20:49:40.674] [bmv2] [D] [thread 12627] [23.0] [cxt 0] Parser 'parser': end
[20:49:40.674] [bmv2] [D] [thread 12627] [23.0] [cxt 0] Pipeline 'ingress': start
[20:49:40.674] [bmv2] [T] [thread 12627] [23.0] [cxt 0] mri.p4(203) Condition "hdr.ipv4.isValid()" (node_2) is false
[20:49:40.674] [bmv2] [D] [thread 12627] [23.0] [cxt 0] Pipeline 'ingress': end
[20:49:40.674] [bmv2] [D] [thread 12627] [23.0] [cxt 0] Egress port is 0
[20:49:40.674] [bmv2] [D] [thread 12628] [23.0] [cxt 0] Pipeline 'egress': start
[20:49:40.674] [bmv2] [T] [thread 12628] [23.0] [cxt 0] mri.p4(254) Condition "hdr.mri.isValid()" (node_6) is false
[20:49:40.675] [bmv2] [D] [thread 12628] [23.0] [cxt 0] Pipeline 'egress': end
[20:49:40.675] [bmv2] [D] [thread 12628] [23.0] [cxt 0] Deparser 'deparser': start
[20:49:40.675] [bmv2] [T] [thread 12628] [23.0] [cxt 0] Skipping checksum 'cksum' update because condition not met
[20:49:40.675] [bmv2] [D] [thread 12628] [23.0] [cxt 0] Deparsing header 'ethernet'
[20:49:40.675] [bmv2] [D] [thread 12628] [23.0] [cxt 0] Deparser 'deparser': end
[20:49:40.675] [bmv2] [D] [thread 12632] [23.0] [cxt 0] Transmitting packet of size 70 out of port 0
[20:49:54.250] [bmv2] [D] [thread 12627] [24.0] [cxt 0] Processing packet received on port 1
[20:49:54.251] [bmv2] [D] [thread 12627] [24.0] [cxt 0] Parser 'parser': start
[20:49:54.251] [bmv2] [D] [thread 12627] [24.0] [cxt 0] Parser 'parser' entering state 'start'
[20:49:54.251] [bmv2] [D] [thread 12627] [24.0] [cxt 0] Extracting header 'ethernet'
[20:49:54.251] [bmv2] [D] [thread 12627] [24.0] [cxt 0] Parser state 'start': key is 86dd
[20:49:54.264] [bmv2] [T] [thread 12627] [24.0] [cxt 0] Bytes parsed: 14
[20:49:54.264] [bmv2] [D] [thread 12627] [24.0] [cxt 0] Parser 'parser': end
[20:49:54.264] [bmv2] [D] [thread 12627] [24.0] [cxt 0] Pipeline 'ingress': start
[20:49:54.264] [bmv2] [T] [thread 12627] [24.0] [cxt 0] mri.p4(203) Condition "hdr.ipv4.isValid()" (node_2) is false
[20:49:54.264] [bmv2] [D] [thread 12627] [24.0] [cxt 0] Pipeline 'ingress': end
[20:49:54.264] [bmv2] [D] [thread 12627] [24.0] [cxt 0] Egress port is 0
[20:49:54.265] [bmv2] [D] [thread 12628] [24.0] [cxt 0] Pipeline 'egress': start
[20:49:54.265] [bmv2] [T] [thread 12628] [24.0] [cxt 0] mri.p4(254) Condition "hdr.mri.isValid()" (node_6) is false
[20:49:54.265] [bmv2] [D] [thread 12628] [24.0] [cxt 0] Pipeline 'egress': end
[20:49:54.265] [bmv2] [D] [thread 12628] [24.0] [cxt 0] Deparser 'deparser': start
[20:49:54.265] [bmv2] [T] [thread 12628] [24.0] [cxt 0] Skipping checksum 'cksum' update because condition not met
[20:49:54.265] [bmv2] [D] [thread 12628] [24.0] [cxt 0] Deparsing header 'ethernet'
[20:49:54.265] [bmv2] [D] [thread 12628] [24.0] [cxt 0] Deparser 'deparser': end
[20:49:54.265] [bmv2] [D] [thread 12632] [24.0] [cxt 0] Transmitting packet of size 70 out of port 0
[20:49:54.498] [bmv2] [D] [thread 12627] [25.0] [cxt 0] Processing packet received on port 2
[20:49:54.498] [bmv2] [D] [thread 12627] [25.0] [cxt 0] Parser 'parser': start
[20:49:54.498] [bmv2] [D] [thread 12627] [25.0] [cxt 0] Parser 'parser' entering state 'start'
[20:49:54.498] [bmv2] [D] [thread 12627] [25.0] [cxt 0] Extracting header 'ethernet'
[20:49:54.499] [bmv2] [D] [thread 12627] [25.0] [cxt 0] Parser state 'start': key is 86dd
[20:49:54.499] [bmv2] [T] [thread 12627] [25.0] [cxt 0] Bytes parsed: 14
[20:49:54.499] [bmv2] [D] [thread 12627] [25.0] [cxt 0] Parser 'parser': end
[20:49:54.499] [bmv2] [D] [thread 12627] [25.0] [cxt 0] Pipeline 'ingress': start
[20:49:54.499] [bmv2] [T] [thread 12627] [25.0] [cxt 0] mri.p4(203) Condition "hdr.ipv4.isValid()" (node_2) is false
[20:49:54.499] [bmv2] [D] [thread 12627] [25.0] [cxt 0] Pipeline 'ingress': end
[20:49:54.499] [bmv2] [D] [thread 12627] [25.0] [cxt 0] Egress port is 0
[20:49:54.499] [bmv2] [D] [thread 12628] [25.0] [cxt 0] Pipeline 'egress': start
[20:49:54.499] [bmv2] [T] [thread 12628] [25.0] [cxt 0] mri.p4(254) Condition "hdr.mri.isValid()" (node_6) is false
[20:49:54.499] [bmv2] [D] [thread 12628] [25.0] [cxt 0] Pipeline 'egress': end
[20:49:54.499] [bmv2] [D] [thread 12628] [25.0] [cxt 0] Deparser 'deparser': start
[20:49:54.499] [bmv2] [T] [thread 12628] [25.0] [cxt 0] Skipping checksum 'cksum' update because condition not met
[20:49:54.499] [bmv2] [D] [thread 12628] [25.0] [cxt 0] Deparsing header 'ethernet'
[20:49:54.499] [bmv2] [D] [thread 12628] [25.0] [cxt 0] Deparser 'deparser': end
[20:49:54.499] [bmv2] [D] [thread 12632] [25.0] [cxt 0] Transmitting packet of size 70 out of port 0
[20:49:54.758] [bmv2] [D] [thread 12627] [26.0] [cxt 0] Processing packet received on port 2
[20:49:54.758] [bmv2] [D] [thread 12627] [26.0] [cxt 0] Parser 'parser': start
[20:49:54.758] [bmv2] [D] [thread 12627] [26.0] [cxt 0] Parser 'parser' entering state 'start'
[20:49:54.758] [bmv2] [D] [thread 12627] [26.0] [cxt 0] Extracting header 'ethernet'
[20:49:54.758] [bmv2] [D] [thread 12627] [26.0] [cxt 0] Parser state 'start': key is 86dd
[20:49:54.758] [bmv2] [T] [thread 12627] [26.0] [cxt 0] Bytes parsed: 14
[20:49:54.758] [bmv2] [D] [thread 12627] [26.0] [cxt 0] Parser 'parser': end
[20:49:54.758] [bmv2] [D] [thread 12627] [26.0] [cxt 0] Pipeline 'ingress': start
[20:49:54.758] [bmv2] [T] [thread 12627] [26.0] [cxt 0] mri.p4(203) Condition "hdr.ipv4.isValid()" (node_2) is false
[20:49:54.758] [bmv2] [D] [thread 12627] [26.0] [cxt 0] Pipeline 'ingress': end
[20:49:54.758] [bmv2] [D] [thread 12627] [26.0] [cxt 0] Egress port is 0
[20:49:54.758] [bmv2] [D] [thread 12628] [26.0] [cxt 0] Pipeline 'egress': start
[20:49:54.758] [bmv2] [T] [thread 12628] [26.0] [cxt 0] mri.p4(254) Condition "hdr.mri.isValid()" (node_6) is false
[20:49:54.758] [bmv2] [D] [thread 12628] [26.0] [cxt 0] Pipeline 'egress': end
[20:49:54.758] [bmv2] [D] [thread 12628] [26.0] [cxt 0] Deparser 'deparser': start
[20:49:54.758] [bmv2] [T] [thread 12628] [26.0] [cxt 0] Skipping checksum 'cksum' update because condition not met
[20:49:54.758] [bmv2] [D] [thread 12628] [26.0] [cxt 0] Deparsing header 'ethernet'
[20:49:54.758] [bmv2] [D] [thread 12628] [26.0] [cxt 0] Deparser 'deparser': end
[20:49:54.758] [bmv2] [D] [thread 12632] [26.0] [cxt 0] Transmitting packet of size 70 out of port 0
[20:49:57.316] [bmv2] [D] [thread 12627] [27.0] [cxt 0] Processing packet received on port 3
[20:49:57.316] [bmv2] [D] [thread 12627] [27.0] [cxt 0] Parser 'parser': start
[20:49:57.316] [bmv2] [D] [thread 12627] [27.0] [cxt 0] Parser 'parser' entering state 'start'
[20:49:57.316] [bmv2] [D] [thread 12627] [27.0] [cxt 0] Extracting header 'ethernet'
[20:49:57.316] [bmv2] [D] [thread 12627] [27.0] [cxt 0] Parser state 'start': key is 86dd
[20:49:57.316] [bmv2] [T] [thread 12627] [27.0] [cxt 0] Bytes parsed: 14
[20:49:57.316] [bmv2] [D] [thread 12627] [27.0] [cxt 0] Parser 'parser': end
[20:49:57.316] [bmv2] [D] [thread 12627] [27.0] [cxt 0] Pipeline 'ingress': start
[20:49:57.316] [bmv2] [T] [thread 12627] [27.0] [cxt 0] mri.p4(203) Condition "hdr.ipv4.isValid()" (node_2) is false
[20:49:57.316] [bmv2] [D] [thread 12627] [27.0] [cxt 0] Pipeline 'ingress': end
[20:49:57.316] [bmv2] [D] [thread 12627] [27.0] [cxt 0] Egress port is 0
[20:49:57.317] [bmv2] [D] [thread 12628] [27.0] [cxt 0] Pipeline 'egress': start
[20:49:57.317] [bmv2] [T] [thread 12628] [27.0] [cxt 0] mri.p4(254) Condition "hdr.mri.isValid()" (node_6) is false
[20:49:57.317] [bmv2] [D] [thread 12628] [27.0] [cxt 0] Pipeline 'egress': end
[20:49:57.317] [bmv2] [D] [thread 12628] [27.0] [cxt 0] Deparser 'deparser': start
[20:49:57.317] [bmv2] [T] [thread 12628] [27.0] [cxt 0] Skipping checksum 'cksum' update because condition not met
[20:49:57.317] [bmv2] [D] [thread 12628] [27.0] [cxt 0] Deparsing header 'ethernet'
[20:49:57.317] [bmv2] [D] [thread 12628] [27.0] [cxt 0] Deparser 'deparser': end
[20:49:57.318] [bmv2] [D] [thread 12632] [27.0] [cxt 0] Transmitting packet of size 70 out of port 0
[20:50:01.411] [bmv2] [D] [thread 12627] [28.0] [cxt 0] Processing packet received on port 3
[20:50:01.411] [bmv2] [D] [thread 12627] [28.0] [cxt 0] Parser 'parser': start
[20:50:01.411] [bmv2] [D] [thread 12627] [28.0] [cxt 0] Parser 'parser' entering state 'start'
[20:50:01.411] [bmv2] [D] [thread 12627] [28.0] [cxt 0] Extracting header 'ethernet'
[20:50:01.411] [bmv2] [D] [thread 12627] [28.0] [cxt 0] Parser state 'start': key is 86dd
[20:50:01.411] [bmv2] [T] [thread 12627] [28.0] [cxt 0] Bytes parsed: 14
[20:50:01.411] [bmv2] [D] [thread 12627] [28.0] [cxt 0] Parser 'parser': end
[20:50:01.411] [bmv2] [D] [thread 12627] [28.0] [cxt 0] Pipeline 'ingress': start
[20:50:01.411] [bmv2] [T] [thread 12627] [28.0] [cxt 0] mri.p4(203) Condition "hdr.ipv4.isValid()" (node_2) is false
[20:50:01.411] [bmv2] [D] [thread 12627] [28.0] [cxt 0] Pipeline 'ingress': end
[20:50:01.411] [bmv2] [D] [thread 12627] [28.0] [cxt 0] Egress port is 0
[20:50:01.411] [bmv2] [D] [thread 12628] [28.0] [cxt 0] Pipeline 'egress': start
[20:50:01.411] [bmv2] [T] [thread 12628] [28.0] [cxt 0] mri.p4(254) Condition "hdr.mri.isValid()" (node_6) is false
[20:50:01.411] [bmv2] [D] [thread 12628] [28.0] [cxt 0] Pipeline 'egress': end
[20:50:01.411] [bmv2] [D] [thread 12628] [28.0] [cxt 0] Deparser 'deparser': start
[20:50:01.411] [bmv2] [T] [thread 12628] [28.0] [cxt 0] Skipping checksum 'cksum' update because condition not met
[20:50:01.411] [bmv2] [D] [thread 12628] [28.0] [cxt 0] Deparsing header 'ethernet'
[20:50:01.411] [bmv2] [D] [thread 12628] [28.0] [cxt 0] Deparser 'deparser': end
[20:50:01.412] [bmv2] [D] [thread 12632] [28.0] [cxt 0] Transmitting packet of size 70 out of port 0
[20:50:26.100] [bmv2] [D] [thread 12627] [29.0] [cxt 0] Processing packet received on port 2
[20:50:26.100] [bmv2] [D] [thread 12627] [29.0] [cxt 0] Parser 'parser': start
[20:50:26.106] [bmv2] [D] [thread 12627] [29.0] [cxt 0] Parser 'parser' entering state 'start'
[20:50:26.106] [bmv2] [D] [thread 12627] [29.0] [cxt 0] Extracting header 'ethernet'
[20:50:26.106] [bmv2] [D] [thread 12627] [29.0] [cxt 0] Parser state 'start': key is 86dd
[20:50:26.106] [bmv2] [T] [thread 12627] [29.0] [cxt 0] Bytes parsed: 14
[20:50:26.106] [bmv2] [D] [thread 12627] [29.0] [cxt 0] Parser 'parser': end
[20:50:26.106] [bmv2] [D] [thread 12627] [29.0] [cxt 0] Pipeline 'ingress': start
[20:50:26.115] [bmv2] [T] [thread 12627] [29.0] [cxt 0] mri.p4(203) Condition "hdr.ipv4.isValid()" (node_2) is false
[20:50:26.115] [bmv2] [D] [thread 12627] [29.0] [cxt 0] Pipeline 'ingress': end
[20:50:26.115] [bmv2] [D] [thread 12627] [29.0] [cxt 0] Egress port is 0
[20:50:26.115] [bmv2] [D] [thread 12628] [29.0] [cxt 0] Pipeline 'egress': start
[20:50:26.119] [bmv2] [T] [thread 12628] [29.0] [cxt 0] mri.p4(254) Condition "hdr.mri.isValid()" (node_6) is false
[20:50:26.119] [bmv2] [D] [thread 12628] [29.0] [cxt 0] Pipeline 'egress': end
[20:50:26.119] [bmv2] [D] [thread 12628] [29.0] [cxt 0] Deparser 'deparser': start
[20:50:26.120] [bmv2] [T] [thread 12628] [29.0] [cxt 0] Skipping checksum 'cksum' update because condition not met
[20:50:26.121] [bmv2] [D] [thread 12628] [29.0] [cxt 0] Deparsing header 'ethernet'
[20:50:26.121] [bmv2] [D] [thread 12628] [29.0] [cxt 0] Deparser 'deparser': end
[20:50:26.121] [bmv2] [D] [thread 12632] [29.0] [cxt 0] Transmitting packet of size 70 out of port 0
[20:50:28.038] [bmv2] [D] [thread 12627] [30.0] [cxt 0] Processing packet received on port 1
[20:50:28.038] [bmv2] [D] [thread 12627] [30.0] [cxt 0] Parser 'parser': start
[20:50:28.038] [bmv2] [D] [thread 12627] [30.0] [cxt 0] Parser 'parser' entering state 'start'
[20:50:28.038] [bmv2] [D] [thread 12627] [30.0] [cxt 0] Extracting header 'ethernet'
[20:50:28.039] [bmv2] [D] [thread 12627] [30.0] [cxt 0] Parser state 'start': key is 86dd
[20:50:28.039] [bmv2] [T] [thread 12627] [30.0] [cxt 0] Bytes parsed: 14
[20:50:28.039] [bmv2] [D] [thread 12627] [30.0] [cxt 0] Parser 'parser': end
[20:50:28.039] [bmv2] [D] [thread 12627] [30.0] [cxt 0] Pipeline 'ingress': start
[20:50:28.039] [bmv2] [T] [thread 12627] [30.0] [cxt 0] mri.p4(203) Condition "hdr.ipv4.isValid()" (node_2) is false
[20:50:28.039] [bmv2] [D] [thread 12627] [30.0] [cxt 0] Pipeline 'ingress': end
[20:50:28.039] [bmv2] [D] [thread 12627] [30.0] [cxt 0] Egress port is 0
[20:50:28.039] [bmv2] [D] [thread 12627] [31.0] [cxt 0] Processing packet received on port 2
[20:50:28.039] [bmv2] [D] [thread 12627] [31.0] [cxt 0] Parser 'parser': start
[20:50:28.039] [bmv2] [D] [thread 12627] [31.0] [cxt 0] Parser 'parser' entering state 'start'
[20:50:28.039] [bmv2] [D] [thread 12627] [31.0] [cxt 0] Extracting header 'ethernet'
[20:50:28.039] [bmv2] [D] [thread 12627] [31.0] [cxt 0] Parser state 'start': key is 86dd
[20:50:28.039] [bmv2] [T] [thread 12627] [31.0] [cxt 0] Bytes parsed: 14
[20:50:28.039] [bmv2] [D] [thread 12627] [31.0] [cxt 0] Parser 'parser': end
[20:50:28.039] [bmv2] [D] [thread 12627] [31.0] [cxt 0] Pipeline 'ingress': start
[20:50:28.039] [bmv2] [T] [thread 12627] [31.0] [cxt 0] mri.p4(203) Condition "hdr.ipv4.isValid()" (node_2) is false
[20:50:28.039] [bmv2] [D] [thread 12627] [31.0] [cxt 0] Pipeline 'ingress': end
[20:50:28.039] [bmv2] [D] [thread 12627] [31.0] [cxt 0] Egress port is 0
[20:50:28.039] [bmv2] [D] [thread 12628] [30.0] [cxt 0] Pipeline 'egress': start
[20:50:28.039] [bmv2] [T] [thread 12628] [30.0] [cxt 0] mri.p4(254) Condition "hdr.mri.isValid()" (node_6) is false
[20:50:28.040] [bmv2] [D] [thread 12628] [30.0] [cxt 0] Pipeline 'egress': end
[20:50:28.040] [bmv2] [D] [thread 12628] [30.0] [cxt 0] Deparser 'deparser': start
[20:50:28.040] [bmv2] [T] [thread 12628] [30.0] [cxt 0] Skipping checksum 'cksum' update because condition not met
[20:50:28.040] [bmv2] [D] [thread 12628] [30.0] [cxt 0] Deparsing header 'ethernet'
[20:50:28.040] [bmv2] [D] [thread 12628] [30.0] [cxt 0] Deparser 'deparser': end
[20:50:28.040] [bmv2] [D] [thread 12628] [31.0] [cxt 0] Pipeline 'egress': start
[20:50:28.040] [bmv2] [T] [thread 12628] [31.0] [cxt 0] mri.p4(254) Condition "hdr.mri.isValid()" (node_6) is false
[20:50:28.040] [bmv2] [D] [thread 12628] [31.0] [cxt 0] Pipeline 'egress': end
[20:50:28.040] [bmv2] [D] [thread 12628] [31.0] [cxt 0] Deparser 'deparser': start
[20:50:28.040] [bmv2] [T] [thread 12628] [31.0] [cxt 0] Skipping checksum 'cksum' update because condition not met
[20:50:28.040] [bmv2] [D] [thread 12628] [31.0] [cxt 0] Deparsing header 'ethernet'
[20:50:28.040] [bmv2] [D] [thread 12628] [31.0] [cxt 0] Deparser 'deparser': end
[20:50:28.040] [bmv2] [D] [thread 12632] [30.0] [cxt 0] Transmitting packet of size 70 out of port 0
[20:50:28.041] [bmv2] [D] [thread 12632] [31.0] [cxt 0] Transmitting packet of size 70 out of port 0
[20:50:32.129] [bmv2] [D] [thread 12627] [32.0] [cxt 0] Processing packet received on port 3
[20:50:32.129] [bmv2] [D] [thread 12627] [32.0] [cxt 0] Parser 'parser': start
[20:50:32.130] [bmv2] [D] [thread 12627] [32.0] [cxt 0] Parser 'parser' entering state 'start'
[20:50:32.130] [bmv2] [D] [thread 12627] [32.0] [cxt 0] Extracting header 'ethernet'
[20:50:32.130] [bmv2] [D] [thread 12627] [32.0] [cxt 0] Parser state 'start': key is 86dd
[20:50:32.130] [bmv2] [T] [thread 12627] [32.0] [cxt 0] Bytes parsed: 14
[20:50:32.130] [bmv2] [D] [thread 12627] [32.0] [cxt 0] Parser 'parser': end
[20:50:32.130] [bmv2] [D] [thread 12627] [32.0] [cxt 0] Pipeline 'ingress': start
[20:50:32.130] [bmv2] [T] [thread 12627] [32.0] [cxt 0] mri.p4(203) Condition "hdr.ipv4.isValid()" (node_2) is false
[20:50:32.130] [bmv2] [D] [thread 12627] [32.0] [cxt 0] Pipeline 'ingress': end
[20:50:32.130] [bmv2] [D] [thread 12627] [32.0] [cxt 0] Egress port is 0
[20:50:32.130] [bmv2] [D] [thread 12628] [32.0] [cxt 0] Pipeline 'egress': start
[20:50:32.130] [bmv2] [T] [thread 12628] [32.0] [cxt 0] mri.p4(254) Condition "hdr.mri.isValid()" (node_6) is false
[20:50:32.130] [bmv2] [D] [thread 12628] [32.0] [cxt 0] Pipeline 'egress': end
[20:50:32.130] [bmv2] [D] [thread 12628] [32.0] [cxt 0] Deparser 'deparser': start
[20:50:32.130] [bmv2] [T] [thread 12628] [32.0] [cxt 0] Skipping checksum 'cksum' update because condition not met
[20:50:32.130] [bmv2] [D] [thread 12628] [32.0] [cxt 0] Deparsing header 'ethernet'
[20:50:32.130] [bmv2] [D] [thread 12628] [32.0] [cxt 0] Deparser 'deparser': end
[20:50:32.131] [bmv2] [D] [thread 12632] [32.0] [cxt 0] Transmitting packet of size 70 out of port 0
[20:50:40.330] [bmv2] [D] [thread 12627] [33.0] [cxt 0] Processing packet received on port 3
[20:50:40.330] [bmv2] [D] [thread 12627] [33.0] [cxt 0] Parser 'parser': start
[20:50:40.331] [bmv2] [D] [thread 12627] [33.0] [cxt 0] Parser 'parser' entering state 'start'
[20:50:40.331] [bmv2] [D] [thread 12627] [33.0] [cxt 0] Extracting header 'ethernet'
[20:50:40.331] [bmv2] [D] [thread 12627] [33.0] [cxt 0] Parser state 'start': key is 86dd
[20:50:40.331] [bmv2] [T] [thread 12627] [33.0] [cxt 0] Bytes parsed: 14
[20:50:40.331] [bmv2] [D] [thread 12627] [33.0] [cxt 0] Parser 'parser': end
[20:50:40.331] [bmv2] [D] [thread 12627] [33.0] [cxt 0] Pipeline 'ingress': start
[20:50:40.331] [bmv2] [T] [thread 12627] [33.0] [cxt 0] mri.p4(203) Condition "hdr.ipv4.isValid()" (node_2) is false
[20:50:40.331] [bmv2] [D] [thread 12627] [33.0] [cxt 0] Pipeline 'ingress': end
[20:50:40.331] [bmv2] [D] [thread 12627] [33.0] [cxt 0] Egress port is 0
[20:50:40.331] [bmv2] [D] [thread 12628] [33.0] [cxt 0] Pipeline 'egress': start
[20:50:40.331] [bmv2] [T] [thread 12628] [33.0] [cxt 0] mri.p4(254) Condition "hdr.mri.isValid()" (node_6) is false
[20:50:40.331] [bmv2] [D] [thread 12628] [33.0] [cxt 0] Pipeline 'egress': end
[20:50:40.331] [bmv2] [D] [thread 12628] [33.0] [cxt 0] Deparser 'deparser': start
[20:50:40.331] [bmv2] [T] [thread 12628] [33.0] [cxt 0] Skipping checksum 'cksum' update because condition not met
[20:50:40.331] [bmv2] [D] [thread 12628] [33.0] [cxt 0] Deparsing header 'ethernet'
[20:50:40.331] [bmv2] [D] [thread 12628] [33.0] [cxt 0] Deparser 'deparser': end
[20:50:40.331] [bmv2] [D] [thread 12632] [33.0] [cxt 0] Transmitting packet of size 70 out of port 0
[20:51:25.378] [bmv2] [D] [thread 12627] [34.0] [cxt 0] Processing packet received on port 2
[20:51:25.378] [bmv2] [D] [thread 12627] [34.0] [cxt 0] Parser 'parser': start
[20:51:25.378] [bmv2] [D] [thread 12627] [34.0] [cxt 0] Parser 'parser' entering state 'start'
[20:51:25.378] [bmv2] [D] [thread 12627] [34.0] [cxt 0] Extracting header 'ethernet'
[20:51:25.378] [bmv2] [D] [thread 12627] [34.0] [cxt 0] Parser state 'start': key is 86dd
[20:51:25.378] [bmv2] [T] [thread 12627] [34.0] [cxt 0] Bytes parsed: 14
[20:51:25.378] [bmv2] [D] [thread 12627] [34.0] [cxt 0] Parser 'parser': end
[20:51:25.378] [bmv2] [D] [thread 12627] [34.0] [cxt 0] Pipeline 'ingress': start
[20:51:25.378] [bmv2] [T] [thread 12627] [34.0] [cxt 0] mri.p4(203) Condition "hdr.ipv4.isValid()" (node_2) is false
[20:51:25.378] [bmv2] [D] [thread 12627] [34.0] [cxt 0] Pipeline 'ingress': end
[20:51:25.378] [bmv2] [D] [thread 12627] [34.0] [cxt 0] Egress port is 0
[20:51:25.378] [bmv2] [D] [thread 12628] [34.0] [cxt 0] Pipeline 'egress': start
[20:51:25.378] [bmv2] [T] [thread 12628] [34.0] [cxt 0] mri.p4(254) Condition "hdr.mri.isValid()" (node_6) is false
[20:51:25.378] [bmv2] [D] [thread 12628] [34.0] [cxt 0] Pipeline 'egress': end
[20:51:25.378] [bmv2] [D] [thread 12628] [34.0] [cxt 0] Deparser 'deparser': start
[20:51:25.378] [bmv2] [T] [thread 12628] [34.0] [cxt 0] Skipping checksum 'cksum' update because condition not met
[20:51:25.378] [bmv2] [D] [thread 12628] [34.0] [cxt 0] Deparsing header 'ethernet'
[20:51:25.378] [bmv2] [D] [thread 12628] [34.0] [cxt 0] Deparser 'deparser': end
[20:51:25.378] [bmv2] [D] [thread 12632] [34.0] [cxt 0] Transmitting packet of size 70 out of port 0
[20:51:33.574] [bmv2] [D] [thread 12627] [35.0] [cxt 0] Processing packet received on port 1
[20:51:33.574] [bmv2] [D] [thread 12627] [35.0] [cxt 0] Parser 'parser': start
[20:51:33.574] [bmv2] [D] [thread 12627] [35.0] [cxt 0] Parser 'parser' entering state 'start'
[20:51:33.574] [bmv2] [D] [thread 12627] [35.0] [cxt 0] Extracting header 'ethernet'
[20:51:33.575] [bmv2] [D] [thread 12627] [35.0] [cxt 0] Parser state 'start': key is 86dd
[20:51:33.575] [bmv2] [T] [thread 12627] [35.0] [cxt 0] Bytes parsed: 14
[20:51:33.575] [bmv2] [D] [thread 12627] [35.0] [cxt 0] Parser 'parser': end
[20:51:33.575] [bmv2] [D] [thread 12627] [35.0] [cxt 0] Pipeline 'ingress': start
[20:51:33.575] [bmv2] [T] [thread 12627] [35.0] [cxt 0] mri.p4(203) Condition "hdr.ipv4.isValid()" (node_2) is false
[20:51:33.575] [bmv2] [D] [thread 12627] [35.0] [cxt 0] Pipeline 'ingress': end
[20:51:33.575] [bmv2] [D] [thread 12627] [35.0] [cxt 0] Egress port is 0
[20:51:33.575] [bmv2] [D] [thread 12627] [36.0] [cxt 0] Processing packet received on port 2
[20:51:33.575] [bmv2] [D] [thread 12627] [36.0] [cxt 0] Parser 'parser': start
[20:51:33.575] [bmv2] [D] [thread 12627] [36.0] [cxt 0] Parser 'parser' entering state 'start'
[20:51:33.575] [bmv2] [D] [thread 12627] [36.0] [cxt 0] Extracting header 'ethernet'
[20:51:33.575] [bmv2] [D] [thread 12627] [36.0] [cxt 0] Parser state 'start': key is 86dd
[20:51:33.575] [bmv2] [T] [thread 12627] [36.0] [cxt 0] Bytes parsed: 14
[20:51:33.575] [bmv2] [D] [thread 12627] [36.0] [cxt 0] Parser 'parser': end
[20:51:33.575] [bmv2] [D] [thread 12627] [36.0] [cxt 0] Pipeline 'ingress': start
[20:51:33.575] [bmv2] [T] [thread 12627] [36.0] [cxt 0] mri.p4(203) Condition "hdr.ipv4.isValid()" (node_2) is false
[20:51:33.575] [bmv2] [D] [thread 12627] [36.0] [cxt 0] Pipeline 'ingress': end
[20:51:33.575] [bmv2] [D] [thread 12627] [36.0] [cxt 0] Egress port is 0
[20:51:33.575] [bmv2] [D] [thread 12628] [35.0] [cxt 0] Pipeline 'egress': start
[20:51:33.576] [bmv2] [T] [thread 12628] [35.0] [cxt 0] mri.p4(254) Condition "hdr.mri.isValid()" (node_6) is false
[20:51:33.576] [bmv2] [D] [thread 12628] [35.0] [cxt 0] Pipeline 'egress': end
[20:51:33.576] [bmv2] [D] [thread 12628] [35.0] [cxt 0] Deparser 'deparser': start
[20:51:33.576] [bmv2] [T] [thread 12628] [35.0] [cxt 0] Skipping checksum 'cksum' update because condition not met
[20:51:33.576] [bmv2] [D] [thread 12628] [35.0] [cxt 0] Deparsing header 'ethernet'
[20:51:33.576] [bmv2] [D] [thread 12628] [35.0] [cxt 0] Deparser 'deparser': end
[20:51:33.576] [bmv2] [D] [thread 12628] [36.0] [cxt 0] Pipeline 'egress': start
[20:51:33.576] [bmv2] [T] [thread 12628] [36.0] [cxt 0] mri.p4(254) Condition "hdr.mri.isValid()" (node_6) is false
[20:51:33.576] [bmv2] [D] [thread 12628] [36.0] [cxt 0] Pipeline 'egress': end
[20:51:33.576] [bmv2] [D] [thread 12628] [36.0] [cxt 0] Deparser 'deparser': start
[20:51:33.576] [bmv2] [T] [thread 12628] [36.0] [cxt 0] Skipping checksum 'cksum' update because condition not met
[20:51:33.576] [bmv2] [D] [thread 12628] [36.0] [cxt 0] Deparsing header 'ethernet'
[20:51:33.576] [bmv2] [D] [thread 12628] [36.0] [cxt 0] Deparser 'deparser': end
[20:51:33.576] [bmv2] [D] [thread 12632] [35.0] [cxt 0] Transmitting packet of size 70 out of port 0
[20:51:33.576] [bmv2] [D] [thread 12632] [36.0] [cxt 0] Transmitting packet of size 70 out of port 0
[20:51:41.767] [bmv2] [D] [thread 12627] [37.0] [cxt 0] Processing packet received on port 3
[20:51:41.767] [bmv2] [D] [thread 12627] [37.0] [cxt 0] Parser 'parser': start
[20:51:41.767] [bmv2] [D] [thread 12627] [37.0] [cxt 0] Parser 'parser' entering state 'start'
[20:51:41.767] [bmv2] [D] [thread 12627] [37.0] [cxt 0] Extracting header 'ethernet'
[20:51:41.767] [bmv2] [D] [thread 12627] [37.0] [cxt 0] Parser state 'start': key is 86dd
[20:51:41.767] [bmv2] [T] [thread 12627] [37.0] [cxt 0] Bytes parsed: 14
[20:51:41.767] [bmv2] [D] [thread 12627] [37.0] [cxt 0] Parser 'parser': end
[20:51:41.767] [bmv2] [D] [thread 12627] [37.0] [cxt 0] Pipeline 'ingress': start
[20:51:41.767] [bmv2] [T] [thread 12627] [37.0] [cxt 0] mri.p4(203) Condition "hdr.ipv4.isValid()" (node_2) is false
[20:51:41.767] [bmv2] [D] [thread 12627] [37.0] [cxt 0] Pipeline 'ingress': end
[20:51:41.767] [bmv2] [D] [thread 12627] [37.0] [cxt 0] Egress port is 0
[20:51:41.767] [bmv2] [D] [thread 12628] [37.0] [cxt 0] Pipeline 'egress': start
[20:51:41.767] [bmv2] [T] [thread 12628] [37.0] [cxt 0] mri.p4(254) Condition "hdr.mri.isValid()" (node_6) is false
[20:51:41.767] [bmv2] [D] [thread 12628] [37.0] [cxt 0] Pipeline 'egress': end
[20:51:41.767] [bmv2] [D] [thread 12628] [37.0] [cxt 0] Deparser 'deparser': start
[20:51:41.767] [bmv2] [T] [thread 12628] [37.0] [cxt 0] Skipping checksum 'cksum' update because condition not met
[20:51:41.767] [bmv2] [D] [thread 12628] [37.0] [cxt 0] Deparsing header 'ethernet'
[20:51:41.767] [bmv2] [D] [thread 12628] [37.0] [cxt 0] Deparser 'deparser': end
[20:51:41.767] [bmv2] [D] [thread 12632] [37.0] [cxt 0] Transmitting packet of size 70 out of port 0
[20:51:56.103] [bmv2] [D] [thread 12627] [38.0] [cxt 0] Processing packet received on port 3
[20:51:56.103] [bmv2] [D] [thread 12627] [38.0] [cxt 0] Parser 'parser': start
[20:51:56.103] [bmv2] [D] [thread 12627] [38.0] [cxt 0] Parser 'parser' entering state 'start'
[20:51:56.103] [bmv2] [D] [thread 12627] [38.0] [cxt 0] Extracting header 'ethernet'
[20:51:56.103] [bmv2] [D] [thread 12627] [38.0] [cxt 0] Parser state 'start': key is 86dd
[20:51:56.103] [bmv2] [T] [thread 12627] [38.0] [cxt 0] Bytes parsed: 14
[20:51:56.103] [bmv2] [D] [thread 12627] [38.0] [cxt 0] Parser 'parser': end
[20:51:56.103] [bmv2] [D] [thread 12627] [38.0] [cxt 0] Pipeline 'ingress': start
[20:51:56.103] [bmv2] [T] [thread 12627] [38.0] [cxt 0] mri.p4(203) Condition "hdr.ipv4.isValid()" (node_2) is false
[20:51:56.103] [bmv2] [D] [thread 12627] [38.0] [cxt 0] Pipeline 'ingress': end
[20:51:56.103] [bmv2] [D] [thread 12627] [38.0] [cxt 0] Egress port is 0
[20:51:56.103] [bmv2] [D] [thread 12628] [38.0] [cxt 0] Pipeline 'egress': start
[20:51:56.103] [bmv2] [T] [thread 12628] [38.0] [cxt 0] mri.p4(254) Condition "hdr.mri.isValid()" (node_6) is false
[20:51:56.103] [bmv2] [D] [thread 12628] [38.0] [cxt 0] Pipeline 'egress': end
[20:51:56.103] [bmv2] [D] [thread 12628] [38.0] [cxt 0] Deparser 'deparser': start
[20:51:56.103] [bmv2] [T] [thread 12628] [38.0] [cxt 0] Skipping checksum 'cksum' update because condition not met
[20:51:56.103] [bmv2] [D] [thread 12628] [38.0] [cxt 0] Deparsing header 'ethernet'
[20:51:56.103] [bmv2] [D] [thread 12628] [38.0] [cxt 0] Deparser 'deparser': end
[20:51:56.103] [bmv2] [D] [thread 12632] [38.0] [cxt 0] Transmitting packet of size 70 out of port 0
[20:53:20.070] [bmv2] [D] [thread 12627] [39.0] [cxt 0] Processing packet received on port 2
[20:53:20.070] [bmv2] [D] [thread 12627] [39.0] [cxt 0] Parser 'parser': start
[20:53:20.070] [bmv2] [D] [thread 12627] [39.0] [cxt 0] Parser 'parser' entering state 'start'
[20:53:20.071] [bmv2] [D] [thread 12627] [39.0] [cxt 0] Extracting header 'ethernet'
[20:53:20.071] [bmv2] [D] [thread 12627] [39.0] [cxt 0] Parser state 'start': key is 86dd
[20:53:20.071] [bmv2] [T] [thread 12627] [39.0] [cxt 0] Bytes parsed: 14
[20:53:20.071] [bmv2] [D] [thread 12627] [39.0] [cxt 0] Parser 'parser': end
[20:53:20.071] [bmv2] [D] [thread 12627] [39.0] [cxt 0] Pipeline 'ingress': start
[20:53:20.071] [bmv2] [T] [thread 12627] [39.0] [cxt 0] mri.p4(203) Condition "hdr.ipv4.isValid()" (node_2) is false
[20:53:20.071] [bmv2] [D] [thread 12627] [39.0] [cxt 0] Pipeline 'ingress': end
[20:53:20.071] [bmv2] [D] [thread 12627] [39.0] [cxt 0] Egress port is 0
[20:53:20.071] [bmv2] [D] [thread 12628] [39.0] [cxt 0] Pipeline 'egress': start
[20:53:20.071] [bmv2] [T] [thread 12628] [39.0] [cxt 0] mri.p4(254) Condition "hdr.mri.isValid()" (node_6) is false
[20:53:20.071] [bmv2] [D] [thread 12628] [39.0] [cxt 0] Pipeline 'egress': end
[20:53:20.071] [bmv2] [D] [thread 12628] [39.0] [cxt 0] Deparser 'deparser': start
[20:53:20.071] [bmv2] [T] [thread 12628] [39.0] [cxt 0] Skipping checksum 'cksum' update because condition not met
[20:53:20.071] [bmv2] [D] [thread 12628] [39.0] [cxt 0] Deparsing header 'ethernet'
[20:53:20.071] [bmv2] [D] [thread 12628] [39.0] [cxt 0] Deparser 'deparser': end
[20:53:20.071] [bmv2] [D] [thread 12632] [39.0] [cxt 0] Transmitting packet of size 70 out of port 0
[20:53:42.594] [bmv2] [D] [thread 12627] [40.0] [cxt 0] Processing packet received on port 2
[20:53:42.594] [bmv2] [D] [thread 12627] [40.0] [cxt 0] Parser 'parser': start
[20:53:42.594] [bmv2] [D] [thread 12627] [40.0] [cxt 0] Parser 'parser' entering state 'start'
[20:53:42.594] [bmv2] [D] [thread 12627] [40.0] [cxt 0] Extracting header 'ethernet'
[20:53:42.594] [bmv2] [D] [thread 12627] [40.0] [cxt 0] Parser state 'start': key is 86dd
[20:53:42.594] [bmv2] [T] [thread 12627] [40.0] [cxt 0] Bytes parsed: 14
[20:53:42.594] [bmv2] [D] [thread 12627] [40.0] [cxt 0] Parser 'parser': end
[20:53:42.594] [bmv2] [D] [thread 12627] [40.0] [cxt 0] Pipeline 'ingress': start
[20:53:42.594] [bmv2] [T] [thread 12627] [40.0] [cxt 0] mri.p4(203) Condition "hdr.ipv4.isValid()" (node_2) is false
[20:53:42.594] [bmv2] [D] [thread 12627] [40.0] [cxt 0] Pipeline 'ingress': end
[20:53:42.594] [bmv2] [D] [thread 12627] [40.0] [cxt 0] Egress port is 0
[20:53:42.595] [bmv2] [D] [thread 12628] [40.0] [cxt 0] Pipeline 'egress': start
[20:53:42.595] [bmv2] [T] [thread 12628] [40.0] [cxt 0] mri.p4(254) Condition "hdr.mri.isValid()" (node_6) is false
[20:53:42.595] [bmv2] [D] [thread 12628] [40.0] [cxt 0] Pipeline 'egress': end
[20:53:42.595] [bmv2] [D] [thread 12628] [40.0] [cxt 0] Deparser 'deparser': start
[20:53:42.595] [bmv2] [T] [thread 12628] [40.0] [cxt 0] Skipping checksum 'cksum' update because condition not met
[20:53:42.595] [bmv2] [D] [thread 12628] [40.0] [cxt 0] Deparsing header 'ethernet'
[20:53:42.595] [bmv2] [D] [thread 12628] [40.0] [cxt 0] Deparser 'deparser': end
[20:53:42.595] [bmv2] [D] [thread 12632] [40.0] [cxt 0] Transmitting packet of size 70 out of port 0
[20:53:54.884] [bmv2] [D] [thread 12627] [41.0] [cxt 0] Processing packet received on port 1
[20:53:54.884] [bmv2] [D] [thread 12627] [41.0] [cxt 0] Parser 'parser': start
[20:53:54.884] [bmv2] [D] [thread 12627] [41.0] [cxt 0] Parser 'parser' entering state 'start'
[20:53:54.885] [bmv2] [D] [thread 12627] [41.0] [cxt 0] Extracting header 'ethernet'
[20:53:54.885] [bmv2] [D] [thread 12627] [41.0] [cxt 0] Parser state 'start': key is 86dd
[20:53:54.885] [bmv2] [T] [thread 12627] [41.0] [cxt 0] Bytes parsed: 14
[20:53:54.885] [bmv2] [D] [thread 12627] [41.0] [cxt 0] Parser 'parser': end
[20:53:54.885] [bmv2] [D] [thread 12627] [41.0] [cxt 0] Pipeline 'ingress': start
[20:53:54.885] [bmv2] [T] [thread 12627] [41.0] [cxt 0] mri.p4(203) Condition "hdr.ipv4.isValid()" (node_2) is false
[20:53:54.885] [bmv2] [D] [thread 12627] [41.0] [cxt 0] Pipeline 'ingress': end
[20:53:54.885] [bmv2] [D] [thread 12627] [41.0] [cxt 0] Egress port is 0
[20:53:54.885] [bmv2] [D] [thread 12628] [41.0] [cxt 0] Pipeline 'egress': start
[20:53:54.886] [bmv2] [T] [thread 12628] [41.0] [cxt 0] mri.p4(254) Condition "hdr.mri.isValid()" (node_6) is false
[20:53:54.886] [bmv2] [D] [thread 12628] [41.0] [cxt 0] Pipeline 'egress': end
[20:53:54.886] [bmv2] [D] [thread 12628] [41.0] [cxt 0] Deparser 'deparser': start
[20:53:54.886] [bmv2] [T] [thread 12628] [41.0] [cxt 0] Skipping checksum 'cksum' update because condition not met
[20:53:54.886] [bmv2] [D] [thread 12628] [41.0] [cxt 0] Deparsing header 'ethernet'
[20:53:54.886] [bmv2] [D] [thread 12628] [41.0] [cxt 0] Deparser 'deparser': end
[20:53:54.887] [bmv2] [D] [thread 12632] [41.0] [cxt 0] Transmitting packet of size 70 out of port 0
[20:54:11.266] [bmv2] [D] [thread 12627] [42.0] [cxt 0] Processing packet received on port 3
[20:54:11.266] [bmv2] [D] [thread 12627] [42.0] [cxt 0] Parser 'parser': start
[20:54:11.266] [bmv2] [D] [thread 12627] [42.0] [cxt 0] Parser 'parser' entering state 'start'
[20:54:11.266] [bmv2] [D] [thread 12627] [42.0] [cxt 0] Extracting header 'ethernet'
[20:54:11.266] [bmv2] [D] [thread 12627] [42.0] [cxt 0] Parser state 'start': key is 86dd
[20:54:11.266] [bmv2] [T] [thread 12627] [42.0] [cxt 0] Bytes parsed: 14
[20:54:11.266] [bmv2] [D] [thread 12627] [42.0] [cxt 0] Parser 'parser': end
[20:54:11.266] [bmv2] [D] [thread 12627] [42.0] [cxt 0] Pipeline 'ingress': start
[20:54:11.266] [bmv2] [T] [thread 12627] [42.0] [cxt 0] mri.p4(203) Condition "hdr.ipv4.isValid()" (node_2) is false
[20:54:11.266] [bmv2] [D] [thread 12627] [42.0] [cxt 0] Pipeline 'ingress': end
[20:54:11.266] [bmv2] [D] [thread 12627] [42.0] [cxt 0] Egress port is 0
[20:54:11.266] [bmv2] [D] [thread 12628] [42.0] [cxt 0] Pipeline 'egress': start
[20:54:11.266] [bmv2] [T] [thread 12628] [42.0] [cxt 0] mri.p4(254) Condition "hdr.mri.isValid()" (node_6) is false
[20:54:11.266] [bmv2] [D] [thread 12628] [42.0] [cxt 0] Pipeline 'egress': end
[20:54:11.266] [bmv2] [D] [thread 12628] [42.0] [cxt 0] Deparser 'deparser': start
[20:54:11.266] [bmv2] [T] [thread 12628] [42.0] [cxt 0] Skipping checksum 'cksum' update because condition not met
[20:54:11.266] [bmv2] [D] [thread 12628] [42.0] [cxt 0] Deparsing header 'ethernet'
[20:54:11.266] [bmv2] [D] [thread 12628] [42.0] [cxt 0] Deparser 'deparser': end
[20:54:11.266] [bmv2] [D] [thread 12632] [42.0] [cxt 0] Transmitting packet of size 70 out of port 0
[20:54:27.659] [bmv2] [D] [thread 12627] [43.0] [cxt 0] Processing packet received on port 3
[20:54:27.659] [bmv2] [D] [thread 12627] [43.0] [cxt 0] Parser 'parser': start
[20:54:27.659] [bmv2] [D] [thread 12627] [43.0] [cxt 0] Parser 'parser' entering state 'start'
[20:54:27.659] [bmv2] [D] [thread 12627] [43.0] [cxt 0] Extracting header 'ethernet'
[20:54:27.659] [bmv2] [D] [thread 12627] [43.0] [cxt 0] Parser state 'start': key is 86dd
[20:54:27.659] [bmv2] [T] [thread 12627] [43.0] [cxt 0] Bytes parsed: 14
[20:54:27.659] [bmv2] [D] [thread 12627] [43.0] [cxt 0] Parser 'parser': end
[20:54:27.659] [bmv2] [D] [thread 12627] [43.0] [cxt 0] Pipeline 'ingress': start
[20:54:27.659] [bmv2] [T] [thread 12627] [43.0] [cxt 0] mri.p4(203) Condition "hdr.ipv4.isValid()" (node_2) is false
[20:54:27.659] [bmv2] [D] [thread 12627] [43.0] [cxt 0] Pipeline 'ingress': end
[20:54:27.659] [bmv2] [D] [thread 12627] [43.0] [cxt 0] Egress port is 0
[20:54:27.659] [bmv2] [D] [thread 12628] [43.0] [cxt 0] Pipeline 'egress': start
[20:54:27.659] [bmv2] [T] [thread 12628] [43.0] [cxt 0] mri.p4(254) Condition "hdr.mri.isValid()" (node_6) is false
[20:54:27.659] [bmv2] [D] [thread 12628] [43.0] [cxt 0] Pipeline 'egress': end
[20:54:27.659] [bmv2] [D] [thread 12628] [43.0] [cxt 0] Deparser 'deparser': start
[20:54:27.659] [bmv2] [T] [thread 12628] [43.0] [cxt 0] Skipping checksum 'cksum' update because condition not met
[20:54:27.659] [bmv2] [D] [thread 12628] [43.0] [cxt 0] Deparsing header 'ethernet'
[20:54:27.659] [bmv2] [D] [thread 12628] [43.0] [cxt 0] Deparser 'deparser': end
[20:54:27.660] [bmv2] [D] [thread 12632] [43.0] [cxt 0] Transmitting packet of size 70 out of port 0
open: No such file or directory
open: No such file or directory
open: No such file or directory
open: No such file or directory
open: No such file or directory
open: No such file or directory
