Calling target program-options parser
[09:34:13.761] [bmv2] [D] [thread 3523] Set default default entry for table 'MyIngress.ipv4_lpm': MyIngress.drop - 
[09:34:13.762] [bmv2] [D] [thread 3523] Set default default entry for table 'MyIngress.myTunnel_exact': MyIngress.drop - 
Adding interface s1-eth1 as port 1
[09:34:13.766] [bmv2] [D] [thread 3523] Adding interface s1-eth1 as port 1
Server listening on 0.0.0.0:50051
[09:34:13.874] [bmv2] [I] [thread 3523] Starting Thrift server on port 9090
[09:34:13.875] [bmv2] [I] [thread 3523] Thrift server was started
[09:34:14.517] [bmv2] [D] [thread 3536] [0.0] [cxt 0] Processing packet received on port 1
[09:34:14.517] [bmv2] [D] [thread 3536] [0.0] [cxt 0] Parser 'parser': start
[09:34:14.517] [bmv2] [D] [thread 3536] [0.0] [cxt 0] Parser 'parser' entering state 'start'
[09:34:14.517] [bmv2] [D] [thread 3536] [0.0] [cxt 0] Extracting header 'ethernet'
[09:34:14.517] [bmv2] [D] [thread 3536] [0.0] [cxt 0] Parser state 'start': key is 86dd
[09:34:14.517] [bmv2] [T] [thread 3536] [0.0] [cxt 0] Bytes parsed: 14
[09:34:14.517] [bmv2] [D] [thread 3536] [0.0] [cxt 0] Parser 'parser': end
[09:34:14.517] [bmv2] [D] [thread 3536] [0.0] [cxt 0] Pipeline 'ingress': start
[09:34:14.517] [bmv2] [T] [thread 3536] [0.0] [cxt 0] basic_tunnel.p4(152) Condition "hdr.ipv4.isValid() && !hdr.myTunnel.isValid()" (node_2) is false
[09:34:14.517] [bmv2] [T] [thread 3536] [0.0] [cxt 0] basic_tunnel.p4(155) Condition "hdr.myTunnel.isValid()" (node_4) is false
[09:34:14.517] [bmv2] [D] [thread 3536] [0.0] [cxt 0] Pipeline 'ingress': end
[09:34:14.517] [bmv2] [D] [thread 3536] [0.0] [cxt 0] Egress port is 0
[09:34:14.517] [bmv2] [D] [thread 3536] [1.0] [cxt 0] Processing packet received on port 1
[09:34:14.517] [bmv2] [D] [thread 3536] [1.0] [cxt 0] Parser 'parser': start
[09:34:14.517] [bmv2] [D] [thread 3536] [1.0] [cxt 0] Parser 'parser' entering state 'start'
[09:34:14.517] [bmv2] [D] [thread 3536] [1.0] [cxt 0] Extracting header 'ethernet'
[09:34:14.517] [bmv2] [D] [thread 3536] [1.0] [cxt 0] Parser state 'start': key is 86dd
[09:34:14.517] [bmv2] [T] [thread 3536] [1.0] [cxt 0] Bytes parsed: 14
[09:34:14.517] [bmv2] [D] [thread 3536] [1.0] [cxt 0] Parser 'parser': end
[09:34:14.517] [bmv2] [D] [thread 3536] [1.0] [cxt 0] Pipeline 'ingress': start
[09:34:14.517] [bmv2] [T] [thread 3536] [1.0] [cxt 0] basic_tunnel.p4(152) Condition "hdr.ipv4.isValid() && !hdr.myTunnel.isValid()" (node_2) is false
[09:34:14.517] [bmv2] [T] [thread 3536] [1.0] [cxt 0] basic_tunnel.p4(155) Condition "hdr.myTunnel.isValid()" (node_4) is false
[09:34:14.517] [bmv2] [D] [thread 3536] [1.0] [cxt 0] Pipeline 'ingress': end
[09:34:14.517] [bmv2] [D] [thread 3536] [1.0] [cxt 0] Egress port is 0
[09:34:14.517] [bmv2] [D] [thread 3537] [0.0] [cxt 0] Pipeline 'egress': start
[09:34:14.518] [bmv2] [D] [thread 3537] [0.0] [cxt 0] Pipeline 'egress': end
[09:34:14.518] [bmv2] [D] [thread 3537] [0.0] [cxt 0] Deparser 'deparser': start
[09:34:14.518] [bmv2] [T] [thread 3537] [0.0] [cxt 0] Skipping checksum 'cksum' update because condition not met
[09:34:14.518] [bmv2] [D] [thread 3537] [0.0] [cxt 0] Deparsing header 'ethernet'
[09:34:14.518] [bmv2] [D] [thread 3537] [0.0] [cxt 0] Deparser 'deparser': end
[09:34:14.518] [bmv2] [D] [thread 3537] [1.0] [cxt 0] Pipeline 'egress': start
[09:34:14.518] [bmv2] [D] [thread 3537] [1.0] [cxt 0] Pipeline 'egress': end
[09:34:14.518] [bmv2] [D] [thread 3537] [1.0] [cxt 0] Deparser 'deparser': start
[09:34:14.518] [bmv2] [T] [thread 3537] [1.0] [cxt 0] Skipping checksum 'cksum' update because condition not met
[09:34:14.518] [bmv2] [D] [thread 3537] [1.0] [cxt 0] Deparsing header 'ethernet'
[09:34:14.518] [bmv2] [D] [thread 3537] [1.0] [cxt 0] Deparser 'deparser': end
[09:34:14.525] [bmv2] [D] [thread 3541] [0.0] [cxt 0] Transmitting packet of size 90 out of port 0
[09:34:14.525] [bmv2] [D] [thread 3541] [1.0] [cxt 0] Transmitting packet of size 70 out of port 0
[09:34:14.527] [bmv2] [D] [thread 3536] [2.0] [cxt 0] Processing packet received on port 1
[09:34:14.527] [bmv2] [D] [thread 3536] [2.0] [cxt 0] Parser 'parser': start
[09:34:14.527] [bmv2] [D] [thread 3536] [2.0] [cxt 0] Parser 'parser' entering state 'start'
[09:34:14.527] [bmv2] [D] [thread 3536] [2.0] [cxt 0] Extracting header 'ethernet'
[09:34:14.527] [bmv2] [D] [thread 3536] [2.0] [cxt 0] Parser state 'start': key is 86dd
[09:34:14.527] [bmv2] [T] [thread 3536] [2.0] [cxt 0] Bytes parsed: 14
[09:34:14.527] [bmv2] [D] [thread 3536] [2.0] [cxt 0] Parser 'parser': end
[09:34:14.528] [bmv2] [D] [thread 3536] [2.0] [cxt 0] Pipeline 'ingress': start
[09:34:14.528] [bmv2] [T] [thread 3536] [2.0] [cxt 0] basic_tunnel.p4(152) Condition "hdr.ipv4.isValid() && !hdr.myTunnel.isValid()" (node_2) is false
[09:34:14.528] [bmv2] [T] [thread 3536] [2.0] [cxt 0] basic_tunnel.p4(155) Condition "hdr.myTunnel.isValid()" (node_4) is false
[09:34:14.528] [bmv2] [D] [thread 3536] [2.0] [cxt 0] Pipeline 'ingress': end
[09:34:14.528] [bmv2] [D] [thread 3536] [2.0] [cxt 0] Egress port is 0
[09:34:14.528] [bmv2] [D] [thread 3537] [2.0] [cxt 0] Pipeline 'egress': start
[09:34:14.528] [bmv2] [D] [thread 3537] [2.0] [cxt 0] Pipeline 'egress': end
[09:34:14.528] [bmv2] [D] [thread 3537] [2.0] [cxt 0] Deparser 'deparser': start
[09:34:14.528] [bmv2] [T] [thread 3537] [2.0] [cxt 0] Skipping checksum 'cksum' update because condition not met
[09:34:14.528] [bmv2] [D] [thread 3537] [2.0] [cxt 0] Deparsing header 'ethernet'
[09:34:14.528] [bmv2] [D] [thread 3537] [2.0] [cxt 0] Deparser 'deparser': end
[09:34:14.528] [bmv2] [D] [thread 3541] [2.0] [cxt 0] Transmitting packet of size 90 out of port 0
[09:34:14.720] [bmv2] [D] [thread 3536] [3.0] [cxt 0] Processing packet received on port 1
[09:34:14.720] [bmv2] [D] [thread 3536] [3.0] [cxt 0] Parser 'parser': start
[09:34:14.720] [bmv2] [D] [thread 3536] [3.0] [cxt 0] Parser 'parser' entering state 'start'
[09:34:14.720] [bmv2] [D] [thread 3536] [3.0] [cxt 0] Extracting header 'ethernet'
[09:34:14.720] [bmv2] [D] [thread 3536] [3.0] [cxt 0] Parser state 'start': key is 86dd
[09:34:14.720] [bmv2] [T] [thread 3536] [3.0] [cxt 0] Bytes parsed: 14
[09:34:14.720] [bmv2] [D] [thread 3536] [3.0] [cxt 0] Parser 'parser': end
[09:34:14.720] [bmv2] [D] [thread 3536] [3.0] [cxt 0] Pipeline 'ingress': start
[09:34:14.720] [bmv2] [T] [thread 3536] [3.0] [cxt 0] basic_tunnel.p4(152) Condition "hdr.ipv4.isValid() && !hdr.myTunnel.isValid()" (node_2) is false
[09:34:14.720] [bmv2] [T] [thread 3536] [3.0] [cxt 0] basic_tunnel.p4(155) Condition "hdr.myTunnel.isValid()" (node_4) is false
[09:34:14.720] [bmv2] [D] [thread 3536] [3.0] [cxt 0] Pipeline 'ingress': end
[09:34:14.720] [bmv2] [D] [thread 3536] [3.0] [cxt 0] Egress port is 0
[09:34:14.720] [bmv2] [D] [thread 3537] [3.0] [cxt 0] Pipeline 'egress': start
[09:34:14.720] [bmv2] [D] [thread 3537] [3.0] [cxt 0] Pipeline 'egress': end
[09:34:14.720] [bmv2] [D] [thread 3537] [3.0] [cxt 0] Deparser 'deparser': start
[09:34:14.720] [bmv2] [T] [thread 3537] [3.0] [cxt 0] Skipping checksum 'cksum' update because condition not met
[09:34:14.720] [bmv2] [D] [thread 3537] [3.0] [cxt 0] Deparsing header 'ethernet'
[09:34:14.720] [bmv2] [D] [thread 3537] [3.0] [cxt 0] Deparser 'deparser': end
[09:34:14.720] [bmv2] [D] [thread 3541] [3.0] [cxt 0] Transmitting packet of size 208 out of port 0
[09:34:14.796] [bmv2] [D] [thread 3536] [4.0] [cxt 0] Processing packet received on port 1
[09:34:14.796] [bmv2] [D] [thread 3536] [4.0] [cxt 0] Parser 'parser': start
[09:34:14.796] [bmv2] [D] [thread 3536] [4.0] [cxt 0] Parser 'parser' entering state 'start'
[09:34:14.796] [bmv2] [D] [thread 3536] [4.0] [cxt 0] Extracting header 'ethernet'
[09:34:14.796] [bmv2] [D] [thread 3536] [4.0] [cxt 0] Parser state 'start': key is 86dd
[09:34:14.796] [bmv2] [T] [thread 3536] [4.0] [cxt 0] Bytes parsed: 14
[09:34:14.796] [bmv2] [D] [thread 3536] [4.0] [cxt 0] Parser 'parser': end
[09:34:14.796] [bmv2] [D] [thread 3536] [4.0] [cxt 0] Pipeline 'ingress': start
[09:34:14.796] [bmv2] [T] [thread 3536] [4.0] [cxt 0] basic_tunnel.p4(152) Condition "hdr.ipv4.isValid() && !hdr.myTunnel.isValid()" (node_2) is false
[09:34:14.796] [bmv2] [T] [thread 3536] [4.0] [cxt 0] basic_tunnel.p4(155) Condition "hdr.myTunnel.isValid()" (node_4) is false
[09:34:14.796] [bmv2] [D] [thread 3536] [4.0] [cxt 0] Pipeline 'ingress': end
[09:34:14.796] [bmv2] [D] [thread 3536] [4.0] [cxt 0] Egress port is 0
[09:34:14.796] [bmv2] [D] [thread 3537] [4.0] [cxt 0] Pipeline 'egress': start
[09:34:14.796] [bmv2] [D] [thread 3537] [4.0] [cxt 0] Pipeline 'egress': end
[09:34:14.796] [bmv2] [D] [thread 3537] [4.0] [cxt 0] Deparser 'deparser': start
[09:34:14.796] [bmv2] [T] [thread 3537] [4.0] [cxt 0] Skipping checksum 'cksum' update because condition not met
[09:34:14.796] [bmv2] [D] [thread 3537] [4.0] [cxt 0] Deparsing header 'ethernet'
[09:34:14.796] [bmv2] [D] [thread 3537] [4.0] [cxt 0] Deparser 'deparser': end
[09:34:14.796] [bmv2] [D] [thread 3541] [4.0] [cxt 0] Transmitting packet of size 110 out of port 0
[09:34:14.970] [bmv2] [D] [thread 3536] [5.0] [cxt 0] Processing packet received on port 1
[09:34:14.970] [bmv2] [D] [thread 3536] [5.0] [cxt 0] Parser 'parser': start
[09:34:14.970] [bmv2] [D] [thread 3536] [5.0] [cxt 0] Parser 'parser' entering state 'start'
[09:34:14.970] [bmv2] [D] [thread 3536] [5.0] [cxt 0] Extracting header 'ethernet'
[09:34:14.970] [bmv2] [D] [thread 3536] [5.0] [cxt 0] Parser state 'start': key is 86dd
[09:34:14.970] [bmv2] [T] [thread 3536] [5.0] [cxt 0] Bytes parsed: 14
[09:34:14.970] [bmv2] [D] [thread 3536] [5.0] [cxt 0] Parser 'parser': end
[09:34:14.970] [bmv2] [D] [thread 3536] [5.0] [cxt 0] Pipeline 'ingress': start
[09:34:14.970] [bmv2] [T] [thread 3536] [5.0] [cxt 0] basic_tunnel.p4(152) Condition "hdr.ipv4.isValid() && !hdr.myTunnel.isValid()" (node_2) is false
[09:34:14.970] [bmv2] [T] [thread 3536] [5.0] [cxt 0] basic_tunnel.p4(155) Condition "hdr.myTunnel.isValid()" (node_4) is false
[09:34:14.970] [bmv2] [D] [thread 3536] [5.0] [cxt 0] Pipeline 'ingress': end
[09:34:14.970] [bmv2] [D] [thread 3536] [5.0] [cxt 0] Egress port is 0
[09:34:14.970] [bmv2] [D] [thread 3537] [5.0] [cxt 0] Pipeline 'egress': start
[09:34:14.970] [bmv2] [D] [thread 3537] [5.0] [cxt 0] Pipeline 'egress': end
[09:34:14.970] [bmv2] [D] [thread 3537] [5.0] [cxt 0] Deparser 'deparser': start
[09:34:14.970] [bmv2] [T] [thread 3537] [5.0] [cxt 0] Skipping checksum 'cksum' update because condition not met
[09:34:14.970] [bmv2] [D] [thread 3537] [5.0] [cxt 0] Deparsing header 'ethernet'
[09:34:14.970] [bmv2] [D] [thread 3537] [5.0] [cxt 0] Deparser 'deparser': end
[09:34:14.970] [bmv2] [D] [thread 3541] [5.0] [cxt 0] Transmitting packet of size 208 out of port 0
[09:34:15.220] [bmv2] [D] [thread 3536] [6.0] [cxt 0] Processing packet received on port 1
[09:34:15.220] [bmv2] [D] [thread 3536] [6.0] [cxt 0] Parser 'parser': start
[09:34:15.220] [bmv2] [D] [thread 3536] [6.0] [cxt 0] Parser 'parser' entering state 'start'
[09:34:15.220] [bmv2] [D] [thread 3536] [6.0] [cxt 0] Extracting header 'ethernet'
[09:34:15.220] [bmv2] [D] [thread 3536] [6.0] [cxt 0] Parser state 'start': key is 86dd
[09:34:15.220] [bmv2] [T] [thread 3536] [6.0] [cxt 0] Bytes parsed: 14
[09:34:15.220] [bmv2] [D] [thread 3536] [6.0] [cxt 0] Parser 'parser': end
[09:34:15.220] [bmv2] [D] [thread 3536] [6.0] [cxt 0] Pipeline 'ingress': start
[09:34:15.220] [bmv2] [T] [thread 3536] [6.0] [cxt 0] basic_tunnel.p4(152) Condition "hdr.ipv4.isValid() && !hdr.myTunnel.isValid()" (node_2) is false
[09:34:15.220] [bmv2] [T] [thread 3536] [6.0] [cxt 0] basic_tunnel.p4(155) Condition "hdr.myTunnel.isValid()" (node_4) is false
[09:34:15.220] [bmv2] [D] [thread 3536] [6.0] [cxt 0] Pipeline 'ingress': end
[09:34:15.220] [bmv2] [D] [thread 3536] [6.0] [cxt 0] Egress port is 0
[09:34:15.220] [bmv2] [D] [thread 3537] [6.0] [cxt 0] Pipeline 'egress': start
[09:34:15.220] [bmv2] [D] [thread 3537] [6.0] [cxt 0] Pipeline 'egress': end
[09:34:15.220] [bmv2] [D] [thread 3537] [6.0] [cxt 0] Deparser 'deparser': start
[09:34:15.220] [bmv2] [T] [thread 3537] [6.0] [cxt 0] Skipping checksum 'cksum' update because condition not met
[09:34:15.220] [bmv2] [D] [thread 3537] [6.0] [cxt 0] Deparsing header 'ethernet'
[09:34:15.220] [bmv2] [D] [thread 3537] [6.0] [cxt 0] Deparser 'deparser': end
[09:34:15.220] [bmv2] [D] [thread 3541] [6.0] [cxt 0] Transmitting packet of size 208 out of port 0
[09:34:15.252] [bmv2] [W] [thread 3593] [P4Runtime] p4::tmp::P4DeviceConfig is deprecated
[09:34:15.265] [bmv2] [D] [thread 3593] Set default default entry for table 'MyIngress.ipv4_lpm': MyIngress.drop - 
[09:34:15.266] [bmv2] [D] [thread 3593] Set default default entry for table 'MyIngress.myTunnel_exact': MyIngress.drop - 
[09:34:15.272] [bmv2] [D] [thread 3593] simple_switch target has been notified of a config swap
[09:34:15.275] [bmv2] [D] [thread 3536] [7.0] [cxt 0] Processing packet received on port 1
[09:34:15.276] [bmv2] [D] [thread 3536] [7.0] [cxt 0] Parser 'parser': start
[09:34:15.276] [bmv2] [D] [thread 3536] [7.0] [cxt 0] Parser 'parser' entering state 'start'
[09:34:15.276] [bmv2] [D] [thread 3536] [7.0] [cxt 0] Extracting header 'ethernet'
[09:34:15.276] [bmv2] [D] [thread 3536] [7.0] [cxt 0] Parser state 'start': key is 86dd
[09:34:15.276] [bmv2] [T] [thread 3536] [7.0] [cxt 0] Bytes parsed: 14
[09:34:15.276] [bmv2] [D] [thread 3536] [7.0] [cxt 0] Parser 'parser': end
[09:34:15.276] [bmv2] [D] [thread 3536] [7.0] [cxt 0] Pipeline 'ingress': start
[09:34:15.276] [bmv2] [T] [thread 3536] [7.0] [cxt 0] basic_tunnel.p4(152) Condition "hdr.ipv4.isValid() && !hdr.myTunnel.isValid()" (node_2) is false
[09:34:15.276] [bmv2] [T] [thread 3536] [7.0] [cxt 0] basic_tunnel.p4(155) Condition "hdr.myTunnel.isValid()" (node_4) is false
[09:34:15.276] [bmv2] [D] [thread 3536] [7.0] [cxt 0] Pipeline 'ingress': end
[09:34:15.276] [bmv2] [D] [thread 3536] [7.0] [cxt 0] Egress port is 0
[09:34:15.276] [bmv2] [D] [thread 3537] [7.0] [cxt 0] Pipeline 'egress': start
[09:34:15.276] [bmv2] [D] [thread 3537] [7.0] [cxt 0] Pipeline 'egress': end
[09:34:15.276] [bmv2] [D] [thread 3537] [7.0] [cxt 0] Deparser 'deparser': start
[09:34:15.276] [bmv2] [T] [thread 3537] [7.0] [cxt 0] Skipping checksum 'cksum' update because condition not met
[09:34:15.276] [bmv2] [D] [thread 3537] [7.0] [cxt 0] Deparsing header 'ethernet'
[09:34:15.276] [bmv2] [D] [thread 3537] [7.0] [cxt 0] Deparser 'deparser': end
[09:34:15.276] [bmv2] [D] [thread 3541] [7.0] [cxt 0] Transmitting packet of size 90 out of port 0
[09:34:15.280] [bmv2] [D] [thread 3594] Entry 0 added to table 'MyIngress.ipv4_lpm'
[09:34:15.281] [bmv2] [D] [thread 3594] Dumping entry 0
Match key:
* hdr.ipv4.dstAddr    : LPM       0a000101/32
Action entry: MyIngress.ipv4_forward - 80000000111,1,

[09:34:15.286] [bmv2] [D] [thread 3593] Entry 0 added to table 'MyIngress.myTunnel_exact'
[09:34:15.286] [bmv2] [D] [thread 3593] Dumping entry 0
Match key:
* hdr.myTunnel.dst_id : EXACT     0001
Action entry: MyIngress.myTunnel_forward - 1,

[09:34:15.420] [bmv2] [D] [thread 3536] [8.0] [cxt 0] Processing packet received on port 1
[09:34:15.420] [bmv2] [D] [thread 3536] [8.0] [cxt 0] Parser 'parser': start
[09:34:15.420] [bmv2] [D] [thread 3536] [8.0] [cxt 0] Parser 'parser' entering state 'start'
[09:34:15.420] [bmv2] [D] [thread 3536] [8.0] [cxt 0] Extracting header 'ethernet'
[09:34:15.420] [bmv2] [D] [thread 3536] [8.0] [cxt 0] Parser state 'start': key is 86dd
[09:34:15.420] [bmv2] [T] [thread 3536] [8.0] [cxt 0] Bytes parsed: 14
[09:34:15.420] [bmv2] [D] [thread 3536] [8.0] [cxt 0] Parser 'parser': end
[09:34:15.420] [bmv2] [D] [thread 3536] [8.0] [cxt 0] Pipeline 'ingress': start
[09:34:15.420] [bmv2] [T] [thread 3536] [8.0] [cxt 0] basic_tunnel.p4(152) Condition "hdr.ipv4.isValid() && !hdr.myTunnel.isValid()" (node_2) is false
[09:34:15.420] [bmv2] [T] [thread 3536] [8.0] [cxt 0] basic_tunnel.p4(155) Condition "hdr.myTunnel.isValid()" (node_4) is false
[09:34:15.420] [bmv2] [D] [thread 3536] [8.0] [cxt 0] Pipeline 'ingress': end
[09:34:15.420] [bmv2] [D] [thread 3536] [8.0] [cxt 0] Egress port is 0
[09:34:15.420] [bmv2] [D] [thread 3537] [8.0] [cxt 0] Pipeline 'egress': start
[09:34:15.420] [bmv2] [D] [thread 3537] [8.0] [cxt 0] Pipeline 'egress': end
[09:34:15.420] [bmv2] [D] [thread 3537] [8.0] [cxt 0] Deparser 'deparser': start
[09:34:15.420] [bmv2] [T] [thread 3537] [8.0] [cxt 0] Skipping checksum 'cksum' update because condition not met
[09:34:15.420] [bmv2] [D] [thread 3537] [8.0] [cxt 0] Deparsing header 'ethernet'
[09:34:15.420] [bmv2] [D] [thread 3537] [8.0] [cxt 0] Deparser 'deparser': end
[09:34:15.420] [bmv2] [D] [thread 3541] [8.0] [cxt 0] Transmitting packet of size 196 out of port 0
[09:34:16.573] [bmv2] [D] [thread 3536] [9.0] [cxt 0] Processing packet received on port 1
[09:34:16.573] [bmv2] [D] [thread 3536] [9.0] [cxt 0] Parser 'parser': start
[09:34:16.573] [bmv2] [D] [thread 3536] [9.0] [cxt 0] Parser 'parser' entering state 'start'
[09:34:16.573] [bmv2] [D] [thread 3536] [9.0] [cxt 0] Extracting header 'ethernet'
[09:34:16.573] [bmv2] [D] [thread 3536] [9.0] [cxt 0] Parser state 'start': key is 86dd
[09:34:16.573] [bmv2] [T] [thread 3536] [9.0] [cxt 0] Bytes parsed: 14
[09:34:16.573] [bmv2] [D] [thread 3536] [9.0] [cxt 0] Parser 'parser': end
[09:34:16.573] [bmv2] [D] [thread 3536] [9.0] [cxt 0] Pipeline 'ingress': start
[09:34:16.573] [bmv2] [T] [thread 3536] [9.0] [cxt 0] basic_tunnel.p4(152) Condition "hdr.ipv4.isValid() && !hdr.myTunnel.isValid()" (node_2) is false
[09:34:16.573] [bmv2] [T] [thread 3536] [9.0] [cxt 0] basic_tunnel.p4(155) Condition "hdr.myTunnel.isValid()" (node_4) is false
[09:34:16.573] [bmv2] [D] [thread 3536] [9.0] [cxt 0] Pipeline 'ingress': end
[09:34:16.574] [bmv2] [D] [thread 3536] [9.0] [cxt 0] Egress port is 0
[09:34:16.574] [bmv2] [D] [thread 3537] [9.0] [cxt 0] Pipeline 'egress': start
[09:34:16.574] [bmv2] [D] [thread 3537] [9.0] [cxt 0] Pipeline 'egress': end
[09:34:16.574] [bmv2] [D] [thread 3537] [9.0] [cxt 0] Deparser 'deparser': start
[09:34:16.574] [bmv2] [T] [thread 3537] [9.0] [cxt 0] Skipping checksum 'cksum' update because condition not met
[09:34:16.574] [bmv2] [D] [thread 3537] [9.0] [cxt 0] Deparsing header 'ethernet'
[09:34:16.574] [bmv2] [D] [thread 3537] [9.0] [cxt 0] Deparser 'deparser': end
[09:34:16.574] [bmv2] [D] [thread 3541] [9.0] [cxt 0] Transmitting packet of size 196 out of port 0
[09:34:18.478] [bmv2] [D] [thread 3536] [10.0] [cxt 0] Processing packet received on port 1
[09:34:18.478] [bmv2] [D] [thread 3536] [10.0] [cxt 0] Parser 'parser': start
[09:34:18.478] [bmv2] [D] [thread 3536] [10.0] [cxt 0] Parser 'parser' entering state 'start'
[09:34:18.478] [bmv2] [D] [thread 3536] [10.0] [cxt 0] Extracting header 'ethernet'
[09:34:18.478] [bmv2] [D] [thread 3536] [10.0] [cxt 0] Parser state 'start': key is 86dd
[09:34:18.478] [bmv2] [T] [thread 3536] [10.0] [cxt 0] Bytes parsed: 14
[09:34:18.478] [bmv2] [D] [thread 3536] [10.0] [cxt 0] Parser 'parser': end
[09:34:18.478] [bmv2] [D] [thread 3536] [10.0] [cxt 0] Pipeline 'ingress': start
[09:34:18.478] [bmv2] [T] [thread 3536] [10.0] [cxt 0] basic_tunnel.p4(152) Condition "hdr.ipv4.isValid() && !hdr.myTunnel.isValid()" (node_2) is false
[09:34:18.478] [bmv2] [T] [thread 3536] [10.0] [cxt 0] basic_tunnel.p4(155) Condition "hdr.myTunnel.isValid()" (node_4) is false
[09:34:18.478] [bmv2] [D] [thread 3536] [10.0] [cxt 0] Pipeline 'ingress': end
[09:34:18.478] [bmv2] [D] [thread 3536] [10.0] [cxt 0] Egress port is 0
[09:34:18.478] [bmv2] [D] [thread 3537] [10.0] [cxt 0] Pipeline 'egress': start
[09:34:18.478] [bmv2] [D] [thread 3537] [10.0] [cxt 0] Pipeline 'egress': end
[09:34:18.478] [bmv2] [D] [thread 3537] [10.0] [cxt 0] Deparser 'deparser': start
[09:34:18.478] [bmv2] [T] [thread 3537] [10.0] [cxt 0] Skipping checksum 'cksum' update because condition not met
[09:34:18.478] [bmv2] [D] [thread 3537] [10.0] [cxt 0] Deparsing header 'ethernet'
[09:34:18.478] [bmv2] [D] [thread 3537] [10.0] [cxt 0] Deparser 'deparser': end
[09:34:18.478] [bmv2] [D] [thread 3541] [10.0] [cxt 0] Transmitting packet of size 70 out of port 0
[09:34:18.723] [bmv2] [D] [thread 3536] [11.0] [cxt 0] Processing packet received on port 1
[09:34:18.723] [bmv2] [D] [thread 3536] [11.0] [cxt 0] Parser 'parser': start
[09:34:18.723] [bmv2] [D] [thread 3536] [11.0] [cxt 0] Parser 'parser' entering state 'start'
[09:34:18.723] [bmv2] [D] [thread 3536] [11.0] [cxt 0] Extracting header 'ethernet'
[09:34:18.723] [bmv2] [D] [thread 3536] [11.0] [cxt 0] Parser state 'start': key is 86dd
[09:34:18.723] [bmv2] [T] [thread 3536] [11.0] [cxt 0] Bytes parsed: 14
[09:34:18.723] [bmv2] [D] [thread 3536] [11.0] [cxt 0] Parser 'parser': end
[09:34:18.723] [bmv2] [D] [thread 3536] [11.0] [cxt 0] Pipeline 'ingress': start
[09:34:18.723] [bmv2] [T] [thread 3536] [11.0] [cxt 0] basic_tunnel.p4(152) Condition "hdr.ipv4.isValid() && !hdr.myTunnel.isValid()" (node_2) is false
[09:34:18.723] [bmv2] [T] [thread 3536] [11.0] [cxt 0] basic_tunnel.p4(155) Condition "hdr.myTunnel.isValid()" (node_4) is false
[09:34:18.724] [bmv2] [D] [thread 3536] [11.0] [cxt 0] Pipeline 'ingress': end
[09:34:18.724] [bmv2] [D] [thread 3536] [11.0] [cxt 0] Egress port is 0
[09:34:18.724] [bmv2] [D] [thread 3537] [11.0] [cxt 0] Pipeline 'egress': start
[09:34:18.724] [bmv2] [D] [thread 3537] [11.0] [cxt 0] Pipeline 'egress': end
[09:34:18.724] [bmv2] [D] [thread 3537] [11.0] [cxt 0] Deparser 'deparser': start
[09:34:18.724] [bmv2] [T] [thread 3537] [11.0] [cxt 0] Skipping checksum 'cksum' update because condition not met
[09:34:18.724] [bmv2] [D] [thread 3537] [11.0] [cxt 0] Deparsing header 'ethernet'
[09:34:18.724] [bmv2] [D] [thread 3537] [11.0] [cxt 0] Deparser 'deparser': end
[09:34:18.724] [bmv2] [D] [thread 3541] [11.0] [cxt 0] Transmitting packet of size 196 out of port 0
[09:34:26.159] [bmv2] [D] [thread 3536] [12.0] [cxt 0] Processing packet received on port 1
[09:34:26.159] [bmv2] [D] [thread 3536] [12.0] [cxt 0] Parser 'parser': start
[09:34:26.159] [bmv2] [D] [thread 3536] [12.0] [cxt 0] Parser 'parser' entering state 'start'
[09:34:26.159] [bmv2] [D] [thread 3536] [12.0] [cxt 0] Extracting header 'ethernet'
[09:34:26.159] [bmv2] [D] [thread 3536] [12.0] [cxt 0] Parser state 'start': key is 86dd
[09:34:26.160] [bmv2] [T] [thread 3536] [12.0] [cxt 0] Bytes parsed: 14
[09:34:26.161] [bmv2] [D] [thread 3536] [12.0] [cxt 0] Parser 'parser': end
[09:34:26.161] [bmv2] [D] [thread 3536] [12.0] [cxt 0] Pipeline 'ingress': start
[09:34:26.161] [bmv2] [T] [thread 3536] [12.0] [cxt 0] basic_tunnel.p4(152) Condition "hdr.ipv4.isValid() && !hdr.myTunnel.isValid()" (node_2) is false
[09:34:26.161] [bmv2] [T] [thread 3536] [12.0] [cxt 0] basic_tunnel.p4(155) Condition "hdr.myTunnel.isValid()" (node_4) is false
[09:34:26.161] [bmv2] [D] [thread 3536] [12.0] [cxt 0] Pipeline 'ingress': end
[09:34:26.161] [bmv2] [D] [thread 3536] [12.0] [cxt 0] Egress port is 0
[09:34:26.161] [bmv2] [D] [thread 3537] [12.0] [cxt 0] Pipeline 'egress': start
[09:34:26.161] [bmv2] [D] [thread 3537] [12.0] [cxt 0] Pipeline 'egress': end
[09:34:26.161] [bmv2] [D] [thread 3537] [12.0] [cxt 0] Deparser 'deparser': start
[09:34:26.161] [bmv2] [T] [thread 3537] [12.0] [cxt 0] Skipping checksum 'cksum' update because condition not met
[09:34:26.161] [bmv2] [D] [thread 3537] [12.0] [cxt 0] Deparsing header 'ethernet'
[09:34:26.161] [bmv2] [D] [thread 3537] [12.0] [cxt 0] Deparser 'deparser': end
[09:34:26.161] [bmv2] [D] [thread 3541] [12.0] [cxt 0] Transmitting packet of size 70 out of port 0
