Calling target program-options parser
[18:39:41.773] [bmv2] [D] [thread 135502] Set default default entry for table 'MyIngress.ipv4_lpm': NoAction - 
Adding interface s3-eth1 as port 1
[18:39:41.774] [bmv2] [D] [thread 135502] Adding interface s3-eth1 as port 1
Adding interface s3-eth2 as port 2
[18:39:41.813] [bmv2] [D] [thread 135502] Adding interface s3-eth2 as port 2
Server listening on 0.0.0.0:50053
[18:39:41.869] [bmv2] [I] [thread 135502] Starting Thrift server on port 9092
[18:39:41.873] [bmv2] [I] [thread 135502] Thrift server was started
[18:39:41.873] [bmv2] [D] [thread 135512] [0.0] [cxt 0] Processing packet received on port 1
[18:39:41.873] [bmv2] [D] [thread 135512] [0.0] [cxt 0] Parser 'parser': start
[18:39:41.873] [bmv2] [D] [thread 135512] [0.0] [cxt 0] Parser 'parser' entering state 'start'
[18:39:41.873] [bmv2] [D] [thread 135512] [0.0] [cxt 0] Extracting header 'ethernet'
[18:39:41.874] [bmv2] [D] [thread 135512] [0.0] [cxt 0] Parser state 'start': key is 86dd
[18:39:41.874] [bmv2] [T] [thread 135512] [0.0] [cxt 0] Bytes parsed: 14
[18:39:41.874] [bmv2] [D] [thread 135512] [0.0] [cxt 0] Parser 'parser': end
[18:39:41.874] [bmv2] [D] [thread 135512] [0.0] [cxt 0] Pipeline 'ingress': start
[18:39:41.874] [bmv2] [T] [thread 135512] [0.0] [cxt 0] basic.p4(119) Condition "        if (hdr.ipv4.isValid()) { /*avaliar a validade do header \"hdr\" aqui ainda OG*/" (node_2) is false
[18:39:41.874] [bmv2] [D] [thread 135512] [0.0] [cxt 0] Pipeline 'ingress': end
[18:39:41.874] [bmv2] [D] [thread 135512] [0.0] [cxt 0] Egress port is 0
[18:39:41.874] [bmv2] [D] [thread 135512] [1.0] [cxt 0] Processing packet received on port 1
[18:39:41.874] [bmv2] [D] [thread 135512] [1.0] [cxt 0] Parser 'parser': start
[18:39:41.874] [bmv2] [D] [thread 135512] [1.0] [cxt 0] Parser 'parser' entering state 'start'
[18:39:41.874] [bmv2] [D] [thread 135512] [1.0] [cxt 0] Extracting header 'ethernet'
[18:39:41.874] [bmv2] [D] [thread 135512] [1.0] [cxt 0] Parser state 'start': key is 86dd
[18:39:41.874] [bmv2] [T] [thread 135512] [1.0] [cxt 0] Bytes parsed: 14
[18:39:41.874] [bmv2] [D] [thread 135512] [1.0] [cxt 0] Parser 'parser': end
[18:39:41.874] [bmv2] [D] [thread 135512] [1.0] [cxt 0] Pipeline 'ingress': start
[18:39:41.874] [bmv2] [T] [thread 135512] [1.0] [cxt 0] basic.p4(119) Condition "        if (hdr.ipv4.isValid()) { /*avaliar a validade do header \"hdr\" aqui ainda OG*/" (node_2) is false
[18:39:41.874] [bmv2] [D] [thread 135512] [1.0] [cxt 0] Pipeline 'ingress': end
[18:39:41.874] [bmv2] [D] [thread 135512] [1.0] [cxt 0] Egress port is 0
[18:39:41.874] [bmv2] [D] [thread 135513] [0.0] [cxt 0] Pipeline 'egress': start
[18:39:41.874] [bmv2] [D] [thread 135513] [0.0] [cxt 0] Pipeline 'egress': end
[18:39:41.874] [bmv2] [D] [thread 135513] [0.0] [cxt 0] Deparser 'deparser': start
[18:39:41.874] [bmv2] [T] [thread 135513] [0.0] [cxt 0] Skipping checksum 'cksum' update because condition not met
[18:39:41.874] [bmv2] [D] [thread 135513] [0.0] [cxt 0] Deparsing header 'ethernet'
[18:39:41.874] [bmv2] [D] [thread 135513] [0.0] [cxt 0] Deparser 'deparser': end
[18:39:41.874] [bmv2] [D] [thread 135513] [1.0] [cxt 0] Pipeline 'egress': start
[18:39:41.874] [bmv2] [D] [thread 135513] [1.0] [cxt 0] Pipeline 'egress': end
[18:39:41.874] [bmv2] [D] [thread 135513] [1.0] [cxt 0] Deparser 'deparser': start
[18:39:41.874] [bmv2] [T] [thread 135513] [1.0] [cxt 0] Skipping checksum 'cksum' update because condition not met
[18:39:41.874] [bmv2] [D] [thread 135513] [1.0] [cxt 0] Deparsing header 'ethernet'
[18:39:41.874] [bmv2] [D] [thread 135513] [1.0] [cxt 0] Deparser 'deparser': end
[18:39:41.874] [bmv2] [D] [thread 135517] [0.0] [cxt 0] Transmitting packet of size 90 out of port 0
[18:39:41.874] [bmv2] [D] [thread 135517] [1.0] [cxt 0] Transmitting packet of size 70 out of port 0
[18:39:41.884] [bmv2] [D] [thread 135512] [2.0] [cxt 0] Processing packet received on port 1
[18:39:41.884] [bmv2] [D] [thread 135512] [2.0] [cxt 0] Parser 'parser': start
[18:39:41.884] [bmv2] [D] [thread 135512] [2.0] [cxt 0] Parser 'parser' entering state 'start'
[18:39:41.884] [bmv2] [D] [thread 135512] [2.0] [cxt 0] Extracting header 'ethernet'
[18:39:41.884] [bmv2] [D] [thread 135512] [2.0] [cxt 0] Parser state 'start': key is 86dd
[18:39:41.884] [bmv2] [T] [thread 135512] [2.0] [cxt 0] Bytes parsed: 14
[18:39:41.884] [bmv2] [D] [thread 135512] [2.0] [cxt 0] Parser 'parser': end
[18:39:41.884] [bmv2] [D] [thread 135512] [2.0] [cxt 0] Pipeline 'ingress': start
[18:39:41.884] [bmv2] [T] [thread 135512] [2.0] [cxt 0] basic.p4(119) Condition "        if (hdr.ipv4.isValid()) { /*avaliar a validade do header \"hdr\" aqui ainda OG*/" (node_2) is false
[18:39:41.884] [bmv2] [D] [thread 135512] [2.0] [cxt 0] Pipeline 'ingress': end
[18:39:41.884] [bmv2] [D] [thread 135512] [2.0] [cxt 0] Egress port is 0
[18:39:41.884] [bmv2] [D] [thread 135513] [2.0] [cxt 0] Pipeline 'egress': start
[18:39:41.884] [bmv2] [D] [thread 135513] [2.0] [cxt 0] Pipeline 'egress': end
[18:39:41.884] [bmv2] [D] [thread 135513] [2.0] [cxt 0] Deparser 'deparser': start
[18:39:41.884] [bmv2] [T] [thread 135513] [2.0] [cxt 0] Skipping checksum 'cksum' update because condition not met
[18:39:41.884] [bmv2] [D] [thread 135513] [2.0] [cxt 0] Deparsing header 'ethernet'
[18:39:41.884] [bmv2] [D] [thread 135513] [2.0] [cxt 0] Deparser 'deparser': end
[18:39:41.884] [bmv2] [D] [thread 135517] [2.0] [cxt 0] Transmitting packet of size 90 out of port 0
[18:39:41.925] [bmv2] [D] [thread 135512] [3.0] [cxt 0] Processing packet received on port 1
[18:39:41.925] [bmv2] [D] [thread 135512] [3.0] [cxt 0] Parser 'parser': start
[18:39:41.925] [bmv2] [D] [thread 135512] [3.0] [cxt 0] Parser 'parser' entering state 'start'
[18:39:41.925] [bmv2] [D] [thread 135512] [3.0] [cxt 0] Extracting header 'ethernet'
[18:39:41.925] [bmv2] [D] [thread 135512] [3.0] [cxt 0] Parser state 'start': key is 86dd
[18:39:41.925] [bmv2] [T] [thread 135512] [3.0] [cxt 0] Bytes parsed: 14
[18:39:41.925] [bmv2] [D] [thread 135512] [3.0] [cxt 0] Parser 'parser': end
[18:39:41.925] [bmv2] [D] [thread 135512] [3.0] [cxt 0] Pipeline 'ingress': start
[18:39:41.925] [bmv2] [T] [thread 135512] [3.0] [cxt 0] basic.p4(119) Condition "        if (hdr.ipv4.isValid()) { /*avaliar a validade do header \"hdr\" aqui ainda OG*/" (node_2) is false
[18:39:41.925] [bmv2] [D] [thread 135512] [3.0] [cxt 0] Pipeline 'ingress': end
[18:39:41.925] [bmv2] [D] [thread 135512] [3.0] [cxt 0] Egress port is 0
[18:39:41.925] [bmv2] [D] [thread 135513] [3.0] [cxt 0] Pipeline 'egress': start
[18:39:41.925] [bmv2] [D] [thread 135513] [3.0] [cxt 0] Pipeline 'egress': end
[18:39:41.925] [bmv2] [D] [thread 135513] [3.0] [cxt 0] Deparser 'deparser': start
[18:39:41.925] [bmv2] [T] [thread 135513] [3.0] [cxt 0] Skipping checksum 'cksum' update because condition not met
[18:39:41.925] [bmv2] [D] [thread 135513] [3.0] [cxt 0] Deparsing header 'ethernet'
[18:39:41.925] [bmv2] [D] [thread 135513] [3.0] [cxt 0] Deparser 'deparser': end
[18:39:41.925] [bmv2] [D] [thread 135517] [3.0] [cxt 0] Transmitting packet of size 208 out of port 0
[18:39:41.991] [bmv2] [D] [thread 135512] [4.0] [cxt 0] Processing packet received on port 1
[18:39:41.991] [bmv2] [D] [thread 135512] [4.0] [cxt 0] Parser 'parser': start
[18:39:41.991] [bmv2] [D] [thread 135512] [4.0] [cxt 0] Parser 'parser' entering state 'start'
[18:39:41.991] [bmv2] [D] [thread 135512] [4.0] [cxt 0] Extracting header 'ethernet'
[18:39:41.991] [bmv2] [D] [thread 135512] [4.0] [cxt 0] Parser state 'start': key is 86dd
[18:39:41.991] [bmv2] [T] [thread 135512] [4.0] [cxt 0] Bytes parsed: 14
[18:39:41.991] [bmv2] [D] [thread 135512] [4.0] [cxt 0] Parser 'parser': end
[18:39:41.991] [bmv2] [D] [thread 135512] [4.0] [cxt 0] Pipeline 'ingress': start
[18:39:41.991] [bmv2] [T] [thread 135512] [4.0] [cxt 0] basic.p4(119) Condition "        if (hdr.ipv4.isValid()) { /*avaliar a validade do header \"hdr\" aqui ainda OG*/" (node_2) is false
[18:39:41.991] [bmv2] [D] [thread 135512] [4.0] [cxt 0] Pipeline 'ingress': end
[18:39:41.991] [bmv2] [D] [thread 135512] [4.0] [cxt 0] Egress port is 0
[18:39:41.991] [bmv2] [D] [thread 135513] [4.0] [cxt 0] Pipeline 'egress': start
[18:39:41.991] [bmv2] [D] [thread 135513] [4.0] [cxt 0] Pipeline 'egress': end
[18:39:41.991] [bmv2] [D] [thread 135513] [4.0] [cxt 0] Deparser 'deparser': start
[18:39:41.991] [bmv2] [T] [thread 135513] [4.0] [cxt 0] Skipping checksum 'cksum' update because condition not met
[18:39:41.991] [bmv2] [D] [thread 135513] [4.0] [cxt 0] Deparsing header 'ethernet'
[18:39:41.991] [bmv2] [D] [thread 135513] [4.0] [cxt 0] Deparser 'deparser': end
[18:39:41.991] [bmv2] [D] [thread 135517] [4.0] [cxt 0] Transmitting packet of size 90 out of port 0
[18:39:42.037] [bmv2] [D] [thread 135512] [5.0] [cxt 0] Processing packet received on port 2
[18:39:42.037] [bmv2] [D] [thread 135512] [5.0] [cxt 0] Parser 'parser': start
[18:39:42.037] [bmv2] [D] [thread 135512] [5.0] [cxt 0] Parser 'parser' entering state 'start'
[18:39:42.037] [bmv2] [D] [thread 135512] [5.0] [cxt 0] Extracting header 'ethernet'
[18:39:42.037] [bmv2] [D] [thread 135512] [5.0] [cxt 0] Parser state 'start': key is 86dd
[18:39:42.037] [bmv2] [T] [thread 135512] [5.0] [cxt 0] Bytes parsed: 14
[18:39:42.037] [bmv2] [D] [thread 135512] [5.0] [cxt 0] Parser 'parser': end
[18:39:42.037] [bmv2] [D] [thread 135512] [5.0] [cxt 0] Pipeline 'ingress': start
[18:39:42.037] [bmv2] [T] [thread 135512] [5.0] [cxt 0] basic.p4(119) Condition "        if (hdr.ipv4.isValid()) { /*avaliar a validade do header \"hdr\" aqui ainda OG*/" (node_2) is false
[18:39:42.037] [bmv2] [D] [thread 135512] [5.0] [cxt 0] Pipeline 'ingress': end
[18:39:42.037] [bmv2] [D] [thread 135512] [5.0] [cxt 0] Egress port is 0
[18:39:42.037] [bmv2] [D] [thread 135513] [5.0] [cxt 0] Pipeline 'egress': start
[18:39:42.037] [bmv2] [D] [thread 135513] [5.0] [cxt 0] Pipeline 'egress': end
[18:39:42.037] [bmv2] [D] [thread 135513] [5.0] [cxt 0] Deparser 'deparser': start
[18:39:42.037] [bmv2] [T] [thread 135513] [5.0] [cxt 0] Skipping checksum 'cksum' update because condition not met
[18:39:42.037] [bmv2] [D] [thread 135513] [5.0] [cxt 0] Deparsing header 'ethernet'
[18:39:42.037] [bmv2] [D] [thread 135513] [5.0] [cxt 0] Deparser 'deparser': end
[18:39:42.037] [bmv2] [D] [thread 135517] [5.0] [cxt 0] Transmitting packet of size 208 out of port 0
[18:39:42.077] [bmv2] [D] [thread 135512] [6.0] [cxt 0] Processing packet received on port 2
[18:39:42.077] [bmv2] [D] [thread 135512] [6.0] [cxt 0] Parser 'parser': start
[18:39:42.077] [bmv2] [D] [thread 135512] [6.0] [cxt 0] Parser 'parser' entering state 'start'
[18:39:42.077] [bmv2] [D] [thread 135512] [6.0] [cxt 0] Extracting header 'ethernet'
[18:39:42.077] [bmv2] [D] [thread 135512] [6.0] [cxt 0] Parser state 'start': key is 86dd
[18:39:42.077] [bmv2] [T] [thread 135512] [6.0] [cxt 0] Bytes parsed: 14
[18:39:42.077] [bmv2] [D] [thread 135512] [6.0] [cxt 0] Parser 'parser': end
[18:39:42.077] [bmv2] [D] [thread 135512] [6.0] [cxt 0] Pipeline 'ingress': start
[18:39:42.077] [bmv2] [T] [thread 135512] [6.0] [cxt 0] basic.p4(119) Condition "        if (hdr.ipv4.isValid()) { /*avaliar a validade do header \"hdr\" aqui ainda OG*/" (node_2) is false
[18:39:42.077] [bmv2] [D] [thread 135512] [6.0] [cxt 0] Pipeline 'ingress': end
[18:39:42.077] [bmv2] [D] [thread 135512] [6.0] [cxt 0] Egress port is 0
[18:39:42.077] [bmv2] [D] [thread 135513] [6.0] [cxt 0] Pipeline 'egress': start
[18:39:42.077] [bmv2] [D] [thread 135513] [6.0] [cxt 0] Pipeline 'egress': end
[18:39:42.078] [bmv2] [D] [thread 135513] [6.0] [cxt 0] Deparser 'deparser': start
[18:39:42.078] [bmv2] [T] [thread 135513] [6.0] [cxt 0] Skipping checksum 'cksum' update because condition not met
[18:39:42.078] [bmv2] [D] [thread 135513] [6.0] [cxt 0] Deparsing header 'ethernet'
[18:39:42.078] [bmv2] [D] [thread 135513] [6.0] [cxt 0] Deparser 'deparser': end
[18:39:42.078] [bmv2] [D] [thread 135517] [6.0] [cxt 0] Transmitting packet of size 208 out of port 0
[18:39:42.110] [bmv2] [D] [thread 135512] [7.0] [cxt 0] Processing packet received on port 1
[18:39:42.110] [bmv2] [D] [thread 135512] [7.0] [cxt 0] Parser 'parser': start
[18:39:42.110] [bmv2] [D] [thread 135512] [7.0] [cxt 0] Parser 'parser' entering state 'start'
[18:39:42.110] [bmv2] [D] [thread 135512] [7.0] [cxt 0] Extracting header 'ethernet'
[18:39:42.110] [bmv2] [D] [thread 135512] [7.0] [cxt 0] Parser state 'start': key is 86dd
[18:39:42.110] [bmv2] [T] [thread 135512] [7.0] [cxt 0] Bytes parsed: 14
[18:39:42.110] [bmv2] [D] [thread 135512] [7.0] [cxt 0] Parser 'parser': end
[18:39:42.110] [bmv2] [D] [thread 135512] [7.0] [cxt 0] Pipeline 'ingress': start
[18:39:42.110] [bmv2] [T] [thread 135512] [7.0] [cxt 0] basic.p4(119) Condition "        if (hdr.ipv4.isValid()) { /*avaliar a validade do header \"hdr\" aqui ainda OG*/" (node_2) is false
[18:39:42.110] [bmv2] [D] [thread 135512] [7.0] [cxt 0] Pipeline 'ingress': end
[18:39:42.110] [bmv2] [D] [thread 135512] [7.0] [cxt 0] Egress port is 0
[18:39:42.111] [bmv2] [D] [thread 135513] [7.0] [cxt 0] Pipeline 'egress': start
[18:39:42.111] [bmv2] [D] [thread 135513] [7.0] [cxt 0] Pipeline 'egress': end
[18:39:42.111] [bmv2] [D] [thread 135513] [7.0] [cxt 0] Deparser 'deparser': start
[18:39:42.111] [bmv2] [T] [thread 135513] [7.0] [cxt 0] Skipping checksum 'cksum' update because condition not met
[18:39:42.111] [bmv2] [D] [thread 135513] [7.0] [cxt 0] Deparsing header 'ethernet'
[18:39:42.111] [bmv2] [D] [thread 135513] [7.0] [cxt 0] Deparser 'deparser': end
[18:39:42.111] [bmv2] [D] [thread 135517] [7.0] [cxt 0] Transmitting packet of size 208 out of port 0
[18:39:42.154] [bmv2] [D] [thread 135512] [8.0] [cxt 0] Processing packet received on port 2
[18:39:42.154] [bmv2] [D] [thread 135512] [8.0] [cxt 0] Parser 'parser': start
[18:39:42.154] [bmv2] [D] [thread 135512] [8.0] [cxt 0] Parser 'parser' entering state 'start'
[18:39:42.154] [bmv2] [D] [thread 135512] [8.0] [cxt 0] Extracting header 'ethernet'
[18:39:42.154] [bmv2] [D] [thread 135512] [8.0] [cxt 0] Parser state 'start': key is 86dd
[18:39:42.154] [bmv2] [T] [thread 135512] [8.0] [cxt 0] Bytes parsed: 14
[18:39:42.154] [bmv2] [D] [thread 135512] [8.0] [cxt 0] Parser 'parser': end
[18:39:42.154] [bmv2] [D] [thread 135512] [8.0] [cxt 0] Pipeline 'ingress': start
[18:39:42.154] [bmv2] [T] [thread 135512] [8.0] [cxt 0] basic.p4(119) Condition "        if (hdr.ipv4.isValid()) { /*avaliar a validade do header \"hdr\" aqui ainda OG*/" (node_2) is false
[18:39:42.154] [bmv2] [D] [thread 135512] [8.0] [cxt 0] Pipeline 'ingress': end
[18:39:42.154] [bmv2] [D] [thread 135512] [8.0] [cxt 0] Egress port is 0
[18:39:42.155] [bmv2] [D] [thread 135513] [8.0] [cxt 0] Pipeline 'egress': start
[18:39:42.155] [bmv2] [D] [thread 135513] [8.0] [cxt 0] Pipeline 'egress': end
[18:39:42.155] [bmv2] [D] [thread 135513] [8.0] [cxt 0] Deparser 'deparser': start
[18:39:42.155] [bmv2] [T] [thread 135513] [8.0] [cxt 0] Skipping checksum 'cksum' update because condition not met
[18:39:42.155] [bmv2] [D] [thread 135513] [8.0] [cxt 0] Deparsing header 'ethernet'
[18:39:42.155] [bmv2] [D] [thread 135513] [8.0] [cxt 0] Deparser 'deparser': end
[18:39:42.155] [bmv2] [D] [thread 135517] [8.0] [cxt 0] Transmitting packet of size 90 out of port 0
[18:39:42.174] [bmv2] [D] [thread 135512] [9.0] [cxt 0] Processing packet received on port 1
[18:39:42.174] [bmv2] [D] [thread 135512] [9.0] [cxt 0] Parser 'parser': start
[18:39:42.174] [bmv2] [D] [thread 135512] [9.0] [cxt 0] Parser 'parser' entering state 'start'
[18:39:42.174] [bmv2] [D] [thread 135512] [9.0] [cxt 0] Extracting header 'ethernet'
[18:39:42.174] [bmv2] [D] [thread 135512] [9.0] [cxt 0] Parser state 'start': key is 86dd
[18:39:42.174] [bmv2] [T] [thread 135512] [9.0] [cxt 0] Bytes parsed: 14
[18:39:42.174] [bmv2] [D] [thread 135512] [9.0] [cxt 0] Parser 'parser': end
[18:39:42.174] [bmv2] [D] [thread 135512] [9.0] [cxt 0] Pipeline 'ingress': start
[18:39:42.174] [bmv2] [T] [thread 135512] [9.0] [cxt 0] basic.p4(119) Condition "        if (hdr.ipv4.isValid()) { /*avaliar a validade do header \"hdr\" aqui ainda OG*/" (node_2) is false
[18:39:42.174] [bmv2] [D] [thread 135512] [9.0] [cxt 0] Pipeline 'ingress': end
[18:39:42.174] [bmv2] [D] [thread 135512] [9.0] [cxt 0] Egress port is 0
[18:39:42.174] [bmv2] [D] [thread 135513] [9.0] [cxt 0] Pipeline 'egress': start
[18:39:42.174] [bmv2] [D] [thread 135513] [9.0] [cxt 0] Pipeline 'egress': end
[18:39:42.174] [bmv2] [D] [thread 135513] [9.0] [cxt 0] Deparser 'deparser': start
[18:39:42.174] [bmv2] [T] [thread 135513] [9.0] [cxt 0] Skipping checksum 'cksum' update because condition not met
[18:39:42.174] [bmv2] [D] [thread 135513] [9.0] [cxt 0] Deparsing header 'ethernet'
[18:39:42.174] [bmv2] [D] [thread 135513] [9.0] [cxt 0] Deparser 'deparser': end
[18:39:42.174] [bmv2] [D] [thread 135517] [9.0] [cxt 0] Transmitting packet of size 208 out of port 0
[18:39:42.236] [bmv2] [D] [thread 135512] [10.0] [cxt 0] Processing packet received on port 2
[18:39:42.237] [bmv2] [D] [thread 135512] [10.0] [cxt 0] Parser 'parser': start
[18:39:42.237] [bmv2] [D] [thread 135512] [10.0] [cxt 0] Parser 'parser' entering state 'start'
[18:39:42.237] [bmv2] [D] [thread 135512] [10.0] [cxt 0] Extracting header 'ethernet'
[18:39:42.237] [bmv2] [D] [thread 135512] [10.0] [cxt 0] Parser state 'start': key is 86dd
[18:39:42.237] [bmv2] [T] [thread 135512] [10.0] [cxt 0] Bytes parsed: 14
[18:39:42.237] [bmv2] [D] [thread 135512] [10.0] [cxt 0] Parser 'parser': end
[18:39:42.237] [bmv2] [D] [thread 135512] [10.0] [cxt 0] Pipeline 'ingress': start
[18:39:42.237] [bmv2] [T] [thread 135512] [10.0] [cxt 0] basic.p4(119) Condition "        if (hdr.ipv4.isValid()) { /*avaliar a validade do header \"hdr\" aqui ainda OG*/" (node_2) is false
[18:39:42.237] [bmv2] [D] [thread 135512] [10.0] [cxt 0] Pipeline 'ingress': end
[18:39:42.237] [bmv2] [D] [thread 135512] [10.0] [cxt 0] Egress port is 0
[18:39:42.237] [bmv2] [D] [thread 135513] [10.0] [cxt 0] Pipeline 'egress': start
[18:39:42.237] [bmv2] [D] [thread 135513] [10.0] [cxt 0] Pipeline 'egress': end
[18:39:42.237] [bmv2] [D] [thread 135513] [10.0] [cxt 0] Deparser 'deparser': start
[18:39:42.237] [bmv2] [T] [thread 135513] [10.0] [cxt 0] Skipping checksum 'cksum' update because condition not met
[18:39:42.237] [bmv2] [D] [thread 135513] [10.0] [cxt 0] Deparsing header 'ethernet'
[18:39:42.237] [bmv2] [D] [thread 135513] [10.0] [cxt 0] Deparser 'deparser': end
[18:39:42.237] [bmv2] [D] [thread 135517] [10.0] [cxt 0] Transmitting packet of size 196 out of port 0
[18:39:42.275] [bmv2] [D] [thread 135512] [11.0] [cxt 0] Processing packet received on port 2
[18:39:42.275] [bmv2] [D] [thread 135512] [11.0] [cxt 0] Parser 'parser': start
[18:39:42.275] [bmv2] [D] [thread 135512] [11.0] [cxt 0] Parser 'parser' entering state 'start'
[18:39:42.275] [bmv2] [D] [thread 135512] [11.0] [cxt 0] Extracting header 'ethernet'
[18:39:42.275] [bmv2] [D] [thread 135512] [11.0] [cxt 0] Parser state 'start': key is 86dd
[18:39:42.275] [bmv2] [T] [thread 135512] [11.0] [cxt 0] Bytes parsed: 14
[18:39:42.275] [bmv2] [D] [thread 135512] [11.0] [cxt 0] Parser 'parser': end
[18:39:42.275] [bmv2] [D] [thread 135512] [11.0] [cxt 0] Pipeline 'ingress': start
[18:39:42.275] [bmv2] [T] [thread 135512] [11.0] [cxt 0] basic.p4(119) Condition "        if (hdr.ipv4.isValid()) { /*avaliar a validade do header \"hdr\" aqui ainda OG*/" (node_2) is false
[18:39:42.275] [bmv2] [D] [thread 135512] [11.0] [cxt 0] Pipeline 'ingress': end
[18:39:42.275] [bmv2] [D] [thread 135512] [11.0] [cxt 0] Egress port is 0
[18:39:42.275] [bmv2] [D] [thread 135513] [11.0] [cxt 0] Pipeline 'egress': start
[18:39:42.275] [bmv2] [D] [thread 135513] [11.0] [cxt 0] Pipeline 'egress': end
[18:39:42.275] [bmv2] [D] [thread 135513] [11.0] [cxt 0] Deparser 'deparser': start
[18:39:42.275] [bmv2] [T] [thread 135513] [11.0] [cxt 0] Skipping checksum 'cksum' update because condition not met
[18:39:42.275] [bmv2] [D] [thread 135513] [11.0] [cxt 0] Deparsing header 'ethernet'
[18:39:42.275] [bmv2] [D] [thread 135513] [11.0] [cxt 0] Deparser 'deparser': end
[18:39:42.275] [bmv2] [D] [thread 135517] [11.0] [cxt 0] Transmitting packet of size 196 out of port 0
[18:39:42.311] [bmv2] [D] [thread 135512] [12.0] [cxt 0] Processing packet received on port 2
[18:39:42.311] [bmv2] [D] [thread 135512] [12.0] [cxt 0] Parser 'parser': start
[18:39:42.311] [bmv2] [D] [thread 135512] [12.0] [cxt 0] Parser 'parser' entering state 'start'
[18:39:42.311] [bmv2] [D] [thread 135512] [12.0] [cxt 0] Extracting header 'ethernet'
[18:39:42.311] [bmv2] [D] [thread 135512] [12.0] [cxt 0] Parser state 'start': key is 86dd
[18:39:42.311] [bmv2] [T] [thread 135512] [12.0] [cxt 0] Bytes parsed: 14
[18:39:42.311] [bmv2] [D] [thread 135512] [12.0] [cxt 0] Parser 'parser': end
[18:39:42.311] [bmv2] [D] [thread 135512] [12.0] [cxt 0] Pipeline 'ingress': start
[18:39:42.311] [bmv2] [T] [thread 135512] [12.0] [cxt 0] basic.p4(119) Condition "        if (hdr.ipv4.isValid()) { /*avaliar a validade do header \"hdr\" aqui ainda OG*/" (node_2) is false
[18:39:42.311] [bmv2] [D] [thread 135512] [12.0] [cxt 0] Pipeline 'ingress': end
[18:39:42.311] [bmv2] [D] [thread 135512] [12.0] [cxt 0] Egress port is 0
[18:39:42.311] [bmv2] [D] [thread 135513] [12.0] [cxt 0] Pipeline 'egress': start
[18:39:42.311] [bmv2] [D] [thread 135513] [12.0] [cxt 0] Pipeline 'egress': end
[18:39:42.311] [bmv2] [D] [thread 135513] [12.0] [cxt 0] Deparser 'deparser': start
[18:39:42.311] [bmv2] [T] [thread 135513] [12.0] [cxt 0] Skipping checksum 'cksum' update because condition not met
[18:39:42.311] [bmv2] [D] [thread 135513] [12.0] [cxt 0] Deparsing header 'ethernet'
[18:39:42.311] [bmv2] [D] [thread 135513] [12.0] [cxt 0] Deparser 'deparser': end
[18:39:42.311] [bmv2] [D] [thread 135517] [12.0] [cxt 0] Transmitting packet of size 110 out of port 0
[18:39:42.362] [bmv2] [D] [thread 135512] [13.0] [cxt 0] Processing packet received on port 1
[18:39:42.362] [bmv2] [D] [thread 135512] [13.0] [cxt 0] Parser 'parser': start
[18:39:42.362] [bmv2] [D] [thread 135512] [13.0] [cxt 0] Parser 'parser' entering state 'start'
[18:39:42.362] [bmv2] [D] [thread 135512] [13.0] [cxt 0] Extracting header 'ethernet'
[18:39:42.362] [bmv2] [D] [thread 135512] [13.0] [cxt 0] Parser state 'start': key is 86dd
[18:39:42.362] [bmv2] [T] [thread 135512] [13.0] [cxt 0] Bytes parsed: 14
[18:39:42.362] [bmv2] [D] [thread 135512] [13.0] [cxt 0] Parser 'parser': end
[18:39:42.362] [bmv2] [D] [thread 135512] [13.0] [cxt 0] Pipeline 'ingress': start
[18:39:42.362] [bmv2] [T] [thread 135512] [13.0] [cxt 0] basic.p4(119) Condition "        if (hdr.ipv4.isValid()) { /*avaliar a validade do header \"hdr\" aqui ainda OG*/" (node_2) is false
[18:39:42.362] [bmv2] [D] [thread 135512] [13.0] [cxt 0] Pipeline 'ingress': end
[18:39:42.362] [bmv2] [D] [thread 135512] [13.0] [cxt 0] Egress port is 0
[18:39:42.362] [bmv2] [D] [thread 135513] [13.0] [cxt 0] Pipeline 'egress': start
[18:39:42.362] [bmv2] [D] [thread 135513] [13.0] [cxt 0] Pipeline 'egress': end
[18:39:42.362] [bmv2] [D] [thread 135513] [13.0] [cxt 0] Deparser 'deparser': start
[18:39:42.362] [bmv2] [T] [thread 135513] [13.0] [cxt 0] Skipping checksum 'cksum' update because condition not met
[18:39:42.362] [bmv2] [D] [thread 135513] [13.0] [cxt 0] Deparsing header 'ethernet'
[18:39:42.362] [bmv2] [D] [thread 135513] [13.0] [cxt 0] Deparser 'deparser': end
[18:39:42.362] [bmv2] [D] [thread 135517] [13.0] [cxt 0] Transmitting packet of size 208 out of port 0
[18:39:42.427] [bmv2] [D] [thread 135512] [14.0] [cxt 0] Processing packet received on port 1
[18:39:42.427] [bmv2] [D] [thread 135512] [14.0] [cxt 0] Parser 'parser': start
[18:39:42.427] [bmv2] [D] [thread 135512] [14.0] [cxt 0] Parser 'parser' entering state 'start'
[18:39:42.427] [bmv2] [D] [thread 135512] [14.0] [cxt 0] Extracting header 'ethernet'
[18:39:42.427] [bmv2] [D] [thread 135512] [14.0] [cxt 0] Parser state 'start': key is 86dd
[18:39:42.427] [bmv2] [T] [thread 135512] [14.0] [cxt 0] Bytes parsed: 14
[18:39:42.427] [bmv2] [D] [thread 135512] [14.0] [cxt 0] Parser 'parser': end
[18:39:42.427] [bmv2] [D] [thread 135512] [14.0] [cxt 0] Pipeline 'ingress': start
[18:39:42.427] [bmv2] [T] [thread 135512] [14.0] [cxt 0] basic.p4(119) Condition "        if (hdr.ipv4.isValid()) { /*avaliar a validade do header \"hdr\" aqui ainda OG*/" (node_2) is false
[18:39:42.427] [bmv2] [D] [thread 135512] [14.0] [cxt 0] Pipeline 'ingress': end
[18:39:42.427] [bmv2] [D] [thread 135512] [14.0] [cxt 0] Egress port is 0
[18:39:42.427] [bmv2] [D] [thread 135513] [14.0] [cxt 0] Pipeline 'egress': start
[18:39:42.427] [bmv2] [D] [thread 135513] [14.0] [cxt 0] Pipeline 'egress': end
[18:39:42.427] [bmv2] [D] [thread 135513] [14.0] [cxt 0] Deparser 'deparser': start
[18:39:42.427] [bmv2] [T] [thread 135513] [14.0] [cxt 0] Skipping checksum 'cksum' update because condition not met
[18:39:42.427] [bmv2] [D] [thread 135513] [14.0] [cxt 0] Deparsing header 'ethernet'
[18:39:42.427] [bmv2] [D] [thread 135513] [14.0] [cxt 0] Deparser 'deparser': end
[18:39:42.427] [bmv2] [D] [thread 135517] [14.0] [cxt 0] Transmitting packet of size 208 out of port 0
[18:39:42.476] [bmv2] [D] [thread 135512] [15.0] [cxt 0] Processing packet received on port 1
[18:39:42.476] [bmv2] [D] [thread 135512] [15.0] [cxt 0] Parser 'parser': start
[18:39:42.476] [bmv2] [D] [thread 135512] [15.0] [cxt 0] Parser 'parser' entering state 'start'
[18:39:42.476] [bmv2] [D] [thread 135512] [15.0] [cxt 0] Extracting header 'ethernet'
[18:39:42.476] [bmv2] [D] [thread 135512] [15.0] [cxt 0] Parser state 'start': key is 86dd
[18:39:42.476] [bmv2] [T] [thread 135512] [15.0] [cxt 0] Bytes parsed: 14
[18:39:42.476] [bmv2] [D] [thread 135512] [15.0] [cxt 0] Parser 'parser': end
[18:39:42.476] [bmv2] [D] [thread 135512] [15.0] [cxt 0] Pipeline 'ingress': start
[18:39:42.476] [bmv2] [T] [thread 135512] [15.0] [cxt 0] basic.p4(119) Condition "        if (hdr.ipv4.isValid()) { /*avaliar a validade do header \"hdr\" aqui ainda OG*/" (node_2) is false
[18:39:42.476] [bmv2] [D] [thread 135512] [15.0] [cxt 0] Pipeline 'ingress': end
[18:39:42.476] [bmv2] [D] [thread 135512] [15.0] [cxt 0] Egress port is 0
[18:39:42.476] [bmv2] [D] [thread 135513] [15.0] [cxt 0] Pipeline 'egress': start
[18:39:42.476] [bmv2] [D] [thread 135513] [15.0] [cxt 0] Pipeline 'egress': end
[18:39:42.476] [bmv2] [D] [thread 135513] [15.0] [cxt 0] Deparser 'deparser': start
[18:39:42.476] [bmv2] [T] [thread 135513] [15.0] [cxt 0] Skipping checksum 'cksum' update because condition not met
[18:39:42.476] [bmv2] [D] [thread 135513] [15.0] [cxt 0] Deparsing header 'ethernet'
[18:39:42.476] [bmv2] [D] [thread 135513] [15.0] [cxt 0] Deparser 'deparser': end
[18:39:42.476] [bmv2] [D] [thread 135517] [15.0] [cxt 0] Transmitting packet of size 90 out of port 0
[18:39:42.507] [bmv2] [D] [thread 135512] [16.0] [cxt 0] Processing packet received on port 1
[18:39:42.507] [bmv2] [D] [thread 135512] [16.0] [cxt 0] Parser 'parser': start
[18:39:42.507] [bmv2] [D] [thread 135512] [16.0] [cxt 0] Parser 'parser' entering state 'start'
[18:39:42.507] [bmv2] [D] [thread 135512] [16.0] [cxt 0] Extracting header 'ethernet'
[18:39:42.507] [bmv2] [D] [thread 135512] [16.0] [cxt 0] Parser state 'start': key is 86dd
[18:39:42.507] [bmv2] [T] [thread 135512] [16.0] [cxt 0] Bytes parsed: 14
[18:39:42.507] [bmv2] [D] [thread 135512] [16.0] [cxt 0] Parser 'parser': end
[18:39:42.507] [bmv2] [D] [thread 135512] [16.0] [cxt 0] Pipeline 'ingress': start
[18:39:42.507] [bmv2] [T] [thread 135512] [16.0] [cxt 0] basic.p4(119) Condition "        if (hdr.ipv4.isValid()) { /*avaliar a validade do header \"hdr\" aqui ainda OG*/" (node_2) is false
[18:39:42.507] [bmv2] [D] [thread 135512] [16.0] [cxt 0] Pipeline 'ingress': end
[18:39:42.507] [bmv2] [D] [thread 135512] [16.0] [cxt 0] Egress port is 0
[18:39:42.511] [bmv2] [D] [thread 135513] [16.0] [cxt 0] Pipeline 'egress': start
[18:39:42.511] [bmv2] [D] [thread 135513] [16.0] [cxt 0] Pipeline 'egress': end
[18:39:42.511] [bmv2] [D] [thread 135513] [16.0] [cxt 0] Deparser 'deparser': start
[18:39:42.511] [bmv2] [T] [thread 135513] [16.0] [cxt 0] Skipping checksum 'cksum' update because condition not met
[18:39:42.511] [bmv2] [D] [thread 135513] [16.0] [cxt 0] Deparsing header 'ethernet'
[18:39:42.511] [bmv2] [D] [thread 135513] [16.0] [cxt 0] Deparser 'deparser': end
[18:39:42.512] [bmv2] [D] [thread 135517] [16.0] [cxt 0] Transmitting packet of size 110 out of port 0
[18:39:42.618] [bmv2] [D] [thread 135512] [17.0] [cxt 0] Processing packet received on port 1
[18:39:42.618] [bmv2] [D] [thread 135512] [17.0] [cxt 0] Parser 'parser': start
[18:39:42.618] [bmv2] [D] [thread 135512] [17.0] [cxt 0] Parser 'parser' entering state 'start'
[18:39:42.618] [bmv2] [D] [thread 135512] [17.0] [cxt 0] Extracting header 'ethernet'
[18:39:42.618] [bmv2] [D] [thread 135512] [17.0] [cxt 0] Parser state 'start': key is 86dd
[18:39:42.618] [bmv2] [T] [thread 135512] [17.0] [cxt 0] Bytes parsed: 14
[18:39:42.618] [bmv2] [D] [thread 135512] [17.0] [cxt 0] Parser 'parser': end
[18:39:42.618] [bmv2] [D] [thread 135512] [17.0] [cxt 0] Pipeline 'ingress': start
[18:39:42.618] [bmv2] [T] [thread 135512] [17.0] [cxt 0] basic.p4(119) Condition "        if (hdr.ipv4.isValid()) { /*avaliar a validade do header \"hdr\" aqui ainda OG*/" (node_2) is false
[18:39:42.618] [bmv2] [D] [thread 135512] [17.0] [cxt 0] Pipeline 'ingress': end
[18:39:42.618] [bmv2] [D] [thread 135512] [17.0] [cxt 0] Egress port is 0
[18:39:42.618] [bmv2] [D] [thread 135513] [17.0] [cxt 0] Pipeline 'egress': start
[18:39:42.618] [bmv2] [D] [thread 135513] [17.0] [cxt 0] Pipeline 'egress': end
[18:39:42.618] [bmv2] [D] [thread 135513] [17.0] [cxt 0] Deparser 'deparser': start
[18:39:42.618] [bmv2] [T] [thread 135513] [17.0] [cxt 0] Skipping checksum 'cksum' update because condition not met
[18:39:42.618] [bmv2] [D] [thread 135513] [17.0] [cxt 0] Deparsing header 'ethernet'
[18:39:42.618] [bmv2] [D] [thread 135513] [17.0] [cxt 0] Deparser 'deparser': end
[18:39:42.618] [bmv2] [D] [thread 135517] [17.0] [cxt 0] Transmitting packet of size 208 out of port 0
[18:39:42.627] [bmv2] [D] [thread 135512] [18.0] [cxt 0] Processing packet received on port 1
[18:39:42.628] [bmv2] [D] [thread 135512] [18.0] [cxt 0] Parser 'parser': start
[18:39:42.628] [bmv2] [D] [thread 135512] [18.0] [cxt 0] Parser 'parser' entering state 'start'
[18:39:42.628] [bmv2] [D] [thread 135512] [18.0] [cxt 0] Extracting header 'ethernet'
[18:39:42.628] [bmv2] [D] [thread 135512] [18.0] [cxt 0] Parser state 'start': key is 86dd
[18:39:42.628] [bmv2] [T] [thread 135512] [18.0] [cxt 0] Bytes parsed: 14
[18:39:42.628] [bmv2] [D] [thread 135512] [18.0] [cxt 0] Parser 'parser': end
[18:39:42.628] [bmv2] [D] [thread 135512] [18.0] [cxt 0] Pipeline 'ingress': start
[18:39:42.628] [bmv2] [T] [thread 135512] [18.0] [cxt 0] basic.p4(119) Condition "        if (hdr.ipv4.isValid()) { /*avaliar a validade do header \"hdr\" aqui ainda OG*/" (node_2) is false
[18:39:42.628] [bmv2] [D] [thread 135512] [18.0] [cxt 0] Pipeline 'ingress': end
[18:39:42.628] [bmv2] [D] [thread 135512] [18.0] [cxt 0] Egress port is 0
[18:39:42.628] [bmv2] [D] [thread 135513] [18.0] [cxt 0] Pipeline 'egress': start
[18:39:42.628] [bmv2] [D] [thread 135513] [18.0] [cxt 0] Pipeline 'egress': end
[18:39:42.628] [bmv2] [D] [thread 135513] [18.0] [cxt 0] Deparser 'deparser': start
[18:39:42.628] [bmv2] [T] [thread 135513] [18.0] [cxt 0] Skipping checksum 'cksum' update because condition not met
[18:39:42.628] [bmv2] [D] [thread 135513] [18.0] [cxt 0] Deparsing header 'ethernet'
[18:39:42.628] [bmv2] [D] [thread 135513] [18.0] [cxt 0] Deparser 'deparser': end
[18:39:42.628] [bmv2] [D] [thread 135517] [18.0] [cxt 0] Transmitting packet of size 196 out of port 0
[18:39:42.636] [bmv2] [D] [thread 135512] [19.0] [cxt 0] Processing packet received on port 1
[18:39:42.636] [bmv2] [D] [thread 135512] [19.0] [cxt 0] Parser 'parser': start
[18:39:42.636] [bmv2] [D] [thread 135512] [19.0] [cxt 0] Parser 'parser' entering state 'start'
[18:39:42.636] [bmv2] [D] [thread 135512] [19.0] [cxt 0] Extracting header 'ethernet'
[18:39:42.636] [bmv2] [D] [thread 135512] [19.0] [cxt 0] Parser state 'start': key is 86dd
[18:39:42.636] [bmv2] [T] [thread 135512] [19.0] [cxt 0] Bytes parsed: 14
[18:39:42.636] [bmv2] [D] [thread 135512] [19.0] [cxt 0] Parser 'parser': end
[18:39:42.636] [bmv2] [D] [thread 135512] [19.0] [cxt 0] Pipeline 'ingress': start
[18:39:42.636] [bmv2] [T] [thread 135512] [19.0] [cxt 0] basic.p4(119) Condition "        if (hdr.ipv4.isValid()) { /*avaliar a validade do header \"hdr\" aqui ainda OG*/" (node_2) is false
[18:39:42.636] [bmv2] [D] [thread 135512] [19.0] [cxt 0] Pipeline 'ingress': end
[18:39:42.636] [bmv2] [D] [thread 135512] [19.0] [cxt 0] Egress port is 0
[18:39:42.637] [bmv2] [D] [thread 135513] [19.0] [cxt 0] Pipeline 'egress': start
[18:39:42.637] [bmv2] [D] [thread 135513] [19.0] [cxt 0] Pipeline 'egress': end
[18:39:42.637] [bmv2] [D] [thread 135513] [19.0] [cxt 0] Deparser 'deparser': start
[18:39:42.637] [bmv2] [T] [thread 135513] [19.0] [cxt 0] Skipping checksum 'cksum' update because condition not met
[18:39:42.637] [bmv2] [D] [thread 135513] [19.0] [cxt 0] Deparsing header 'ethernet'
[18:39:42.637] [bmv2] [D] [thread 135513] [19.0] [cxt 0] Deparser 'deparser': end
[18:39:42.637] [bmv2] [D] [thread 135517] [19.0] [cxt 0] Transmitting packet of size 110 out of port 0
[18:39:42.816] [bmv2] [D] [thread 135512] [20.0] [cxt 0] Processing packet received on port 1
[18:39:42.816] [bmv2] [D] [thread 135512] [20.0] [cxt 0] Parser 'parser': start
[18:39:42.816] [bmv2] [D] [thread 135512] [20.0] [cxt 0] Parser 'parser' entering state 'start'
[18:39:42.816] [bmv2] [D] [thread 135512] [20.0] [cxt 0] Extracting header 'ethernet'
[18:39:42.816] [bmv2] [D] [thread 135512] [20.0] [cxt 0] Parser state 'start': key is 86dd
[18:39:42.816] [bmv2] [T] [thread 135512] [20.0] [cxt 0] Bytes parsed: 14
[18:39:42.816] [bmv2] [D] [thread 135512] [20.0] [cxt 0] Parser 'parser': end
[18:39:42.816] [bmv2] [D] [thread 135512] [20.0] [cxt 0] Pipeline 'ingress': start
[18:39:42.816] [bmv2] [T] [thread 135512] [20.0] [cxt 0] basic.p4(119) Condition "        if (hdr.ipv4.isValid()) { /*avaliar a validade do header \"hdr\" aqui ainda OG*/" (node_2) is false
[18:39:42.816] [bmv2] [D] [thread 135512] [20.0] [cxt 0] Pipeline 'ingress': end
[18:39:42.816] [bmv2] [D] [thread 135512] [20.0] [cxt 0] Egress port is 0
[18:39:42.816] [bmv2] [D] [thread 135513] [20.0] [cxt 0] Pipeline 'egress': start
[18:39:42.816] [bmv2] [D] [thread 135513] [20.0] [cxt 0] Pipeline 'egress': end
[18:39:42.816] [bmv2] [D] [thread 135513] [20.0] [cxt 0] Deparser 'deparser': start
[18:39:42.816] [bmv2] [T] [thread 135513] [20.0] [cxt 0] Skipping checksum 'cksum' update because condition not met
[18:39:42.816] [bmv2] [D] [thread 135513] [20.0] [cxt 0] Deparsing header 'ethernet'
[18:39:42.816] [bmv2] [D] [thread 135513] [20.0] [cxt 0] Deparser 'deparser': end
[18:39:42.816] [bmv2] [D] [thread 135517] [20.0] [cxt 0] Transmitting packet of size 196 out of port 0
[18:39:43.432] [bmv2] [D] [thread 135512] [21.0] [cxt 0] Processing packet received on port 2
[18:39:43.432] [bmv2] [D] [thread 135512] [21.0] [cxt 0] Parser 'parser': start
[18:39:43.432] [bmv2] [D] [thread 135512] [21.0] [cxt 0] Parser 'parser' entering state 'start'
[18:39:43.432] [bmv2] [D] [thread 135512] [21.0] [cxt 0] Extracting header 'ethernet'
[18:39:43.432] [bmv2] [D] [thread 135512] [21.0] [cxt 0] Parser state 'start': key is 86dd
[18:39:43.432] [bmv2] [T] [thread 135512] [21.0] [cxt 0] Bytes parsed: 14
[18:39:43.432] [bmv2] [D] [thread 135512] [21.0] [cxt 0] Parser 'parser': end
[18:39:43.432] [bmv2] [D] [thread 135512] [21.0] [cxt 0] Pipeline 'ingress': start
[18:39:43.432] [bmv2] [T] [thread 135512] [21.0] [cxt 0] basic.p4(119) Condition "        if (hdr.ipv4.isValid()) { /*avaliar a validade do header \"hdr\" aqui ainda OG*/" (node_2) is false
[18:39:43.432] [bmv2] [D] [thread 135512] [21.0] [cxt 0] Pipeline 'ingress': end
[18:39:43.432] [bmv2] [D] [thread 135512] [21.0] [cxt 0] Egress port is 0
[18:39:43.433] [bmv2] [D] [thread 135513] [21.0] [cxt 0] Pipeline 'egress': start
[18:39:43.433] [bmv2] [D] [thread 135513] [21.0] [cxt 0] Pipeline 'egress': end
[18:39:43.433] [bmv2] [D] [thread 135513] [21.0] [cxt 0] Deparser 'deparser': start
[18:39:43.433] [bmv2] [T] [thread 135513] [21.0] [cxt 0] Skipping checksum 'cksum' update because condition not met
[18:39:43.433] [bmv2] [D] [thread 135513] [21.0] [cxt 0] Deparsing header 'ethernet'
[18:39:43.433] [bmv2] [D] [thread 135513] [21.0] [cxt 0] Deparser 'deparser': end
[18:39:43.433] [bmv2] [D] [thread 135517] [21.0] [cxt 0] Transmitting packet of size 196 out of port 0
[18:39:43.476] [bmv2] [D] [thread 135512] [22.0] [cxt 0] Processing packet received on port 2
[18:39:43.476] [bmv2] [D] [thread 135512] [22.0] [cxt 0] Parser 'parser': start
[18:39:43.476] [bmv2] [D] [thread 135512] [22.0] [cxt 0] Parser 'parser' entering state 'start'
[18:39:43.476] [bmv2] [D] [thread 135512] [22.0] [cxt 0] Extracting header 'ethernet'
[18:39:43.476] [bmv2] [D] [thread 135512] [22.0] [cxt 0] Parser state 'start': key is 86dd
[18:39:43.476] [bmv2] [T] [thread 135512] [22.0] [cxt 0] Bytes parsed: 14
[18:39:43.476] [bmv2] [D] [thread 135512] [22.0] [cxt 0] Parser 'parser': end
[18:39:43.476] [bmv2] [D] [thread 135512] [22.0] [cxt 0] Pipeline 'ingress': start
[18:39:43.476] [bmv2] [T] [thread 135512] [22.0] [cxt 0] basic.p4(119) Condition "        if (hdr.ipv4.isValid()) { /*avaliar a validade do header \"hdr\" aqui ainda OG*/" (node_2) is false
[18:39:43.476] [bmv2] [D] [thread 135512] [22.0] [cxt 0] Pipeline 'ingress': end
[18:39:43.476] [bmv2] [D] [thread 135512] [22.0] [cxt 0] Egress port is 0
[18:39:43.476] [bmv2] [D] [thread 135513] [22.0] [cxt 0] Pipeline 'egress': start
[18:39:43.476] [bmv2] [D] [thread 135513] [22.0] [cxt 0] Pipeline 'egress': end
[18:39:43.476] [bmv2] [D] [thread 135513] [22.0] [cxt 0] Deparser 'deparser': start
[18:39:43.476] [bmv2] [T] [thread 135513] [22.0] [cxt 0] Skipping checksum 'cksum' update because condition not met
[18:39:43.476] [bmv2] [D] [thread 135513] [22.0] [cxt 0] Deparsing header 'ethernet'
[18:39:43.476] [bmv2] [D] [thread 135513] [22.0] [cxt 0] Deparser 'deparser': end
[18:39:43.477] [bmv2] [D] [thread 135517] [22.0] [cxt 0] Transmitting packet of size 196 out of port 0
[18:39:43.824] [bmv2] [D] [thread 135512] [23.0] [cxt 0] Processing packet received on port 1
[18:39:43.824] [bmv2] [D] [thread 135512] [23.0] [cxt 0] Parser 'parser': start
[18:39:43.824] [bmv2] [D] [thread 135512] [23.0] [cxt 0] Parser 'parser' entering state 'start'
[18:39:43.824] [bmv2] [D] [thread 135512] [23.0] [cxt 0] Extracting header 'ethernet'
[18:39:43.824] [bmv2] [D] [thread 135512] [23.0] [cxt 0] Parser state 'start': key is 86dd
[18:39:43.824] [bmv2] [T] [thread 135512] [23.0] [cxt 0] Bytes parsed: 14
[18:39:43.824] [bmv2] [D] [thread 135512] [23.0] [cxt 0] Parser 'parser': end
[18:39:43.824] [bmv2] [D] [thread 135512] [23.0] [cxt 0] Pipeline 'ingress': start
[18:39:43.824] [bmv2] [T] [thread 135512] [23.0] [cxt 0] basic.p4(119) Condition "        if (hdr.ipv4.isValid()) { /*avaliar a validade do header \"hdr\" aqui ainda OG*/" (node_2) is false
[18:39:43.824] [bmv2] [D] [thread 135512] [23.0] [cxt 0] Pipeline 'ingress': end
[18:39:43.824] [bmv2] [D] [thread 135512] [23.0] [cxt 0] Egress port is 0
[18:39:43.825] [bmv2] [D] [thread 135513] [23.0] [cxt 0] Pipeline 'egress': start
[18:39:43.825] [bmv2] [D] [thread 135513] [23.0] [cxt 0] Pipeline 'egress': end
[18:39:43.825] [bmv2] [D] [thread 135513] [23.0] [cxt 0] Deparser 'deparser': start
[18:39:43.825] [bmv2] [T] [thread 135513] [23.0] [cxt 0] Skipping checksum 'cksum' update because condition not met
[18:39:43.825] [bmv2] [D] [thread 135513] [23.0] [cxt 0] Deparsing header 'ethernet'
[18:39:43.825] [bmv2] [D] [thread 135513] [23.0] [cxt 0] Deparser 'deparser': end
[18:39:43.826] [bmv2] [D] [thread 135517] [23.0] [cxt 0] Transmitting packet of size 196 out of port 0
[18:39:44.008] [bmv2] [D] [thread 135512] [24.0] [cxt 0] Processing packet received on port 1
[18:39:44.008] [bmv2] [D] [thread 135512] [24.0] [cxt 0] Parser 'parser': start
[18:39:44.008] [bmv2] [D] [thread 135512] [24.0] [cxt 0] Parser 'parser' entering state 'start'
[18:39:44.008] [bmv2] [D] [thread 135512] [24.0] [cxt 0] Extracting header 'ethernet'
[18:39:44.008] [bmv2] [D] [thread 135512] [24.0] [cxt 0] Parser state 'start': key is 86dd
[18:39:44.008] [bmv2] [T] [thread 135512] [24.0] [cxt 0] Bytes parsed: 14
[18:39:44.008] [bmv2] [D] [thread 135512] [24.0] [cxt 0] Parser 'parser': end
[18:39:44.008] [bmv2] [D] [thread 135512] [24.0] [cxt 0] Pipeline 'ingress': start
[18:39:44.008] [bmv2] [T] [thread 135512] [24.0] [cxt 0] basic.p4(119) Condition "        if (hdr.ipv4.isValid()) { /*avaliar a validade do header \"hdr\" aqui ainda OG*/" (node_2) is false
[18:39:44.008] [bmv2] [D] [thread 135512] [24.0] [cxt 0] Pipeline 'ingress': end
[18:39:44.008] [bmv2] [D] [thread 135512] [24.0] [cxt 0] Egress port is 0
[18:39:44.008] [bmv2] [D] [thread 135513] [24.0] [cxt 0] Pipeline 'egress': start
[18:39:44.009] [bmv2] [D] [thread 135513] [24.0] [cxt 0] Pipeline 'egress': end
[18:39:44.009] [bmv2] [D] [thread 135513] [24.0] [cxt 0] Deparser 'deparser': start
[18:39:44.009] [bmv2] [T] [thread 135513] [24.0] [cxt 0] Skipping checksum 'cksum' update because condition not met
[18:39:44.009] [bmv2] [D] [thread 135513] [24.0] [cxt 0] Deparsing header 'ethernet'
[18:39:44.009] [bmv2] [D] [thread 135513] [24.0] [cxt 0] Deparser 'deparser': end
[18:39:44.009] [bmv2] [D] [thread 135517] [24.0] [cxt 0] Transmitting packet of size 196 out of port 0
[18:39:44.135] [bmv2] [W] [thread 135579] [P4Runtime] p4::tmp::P4DeviceConfig is deprecated
[18:39:44.145] [bmv2] [D] [thread 135579] Set default default entry for table 'MyIngress.ipv4_lpm': NoAction - 
[18:39:44.153] [bmv2] [D] [thread 135579] simple_switch target has been notified of a config swap
[18:39:44.181] [bmv2] [D] [thread 135580] Set default entry for table 'MyIngress.ipv4_lpm': MyIngress.drop - 
[18:39:44.185] [bmv2] [D] [thread 135579] Entry 0 added to table 'MyIngress.ipv4_lpm'
[18:39:44.185] [bmv2] [D] [thread 135579] Dumping entry 0
Match key:
* hdr.ipv4.dstAddr    : LPM       0a000101/32
Action entry: MyIngress.ipv4_forward - 80000000100,1,

[18:39:44.194] [bmv2] [D] [thread 135580] Entry 1 added to table 'MyIngress.ipv4_lpm'
[18:39:44.194] [bmv2] [D] [thread 135580] Dumping entry 1
Match key:
* hdr.ipv4.dstAddr    : LPM       0a000202/32
Action entry: MyIngress.ipv4_forward - 80000000100,1,

[18:39:44.221] [bmv2] [D] [thread 135579] Entry 2 added to table 'MyIngress.ipv4_lpm'
[18:39:44.222] [bmv2] [D] [thread 135579] Dumping entry 2
Match key:
* hdr.ipv4.dstAddr    : LPM       0a000303/32
Action entry: MyIngress.ipv4_forward - 80000000200,2,

[18:39:44.238] [bmv2] [D] [thread 135579] Entry 3 added to table 'MyIngress.ipv4_lpm'
[18:39:44.238] [bmv2] [D] [thread 135579] Dumping entry 3
Match key:
* hdr.ipv4.dstAddr    : LPM       0a000404/32
Action entry: MyIngress.ipv4_forward - 80000000200,2,

[18:39:45.096] [bmv2] [D] [thread 135512] [25.0] [cxt 0] Processing packet received on port 2
[18:39:45.096] [bmv2] [D] [thread 135512] [25.0] [cxt 0] Parser 'parser': start
[18:39:45.096] [bmv2] [D] [thread 135512] [25.0] [cxt 0] Parser 'parser' entering state 'start'
[18:39:45.096] [bmv2] [D] [thread 135512] [25.0] [cxt 0] Extracting header 'ethernet'
[18:39:45.096] [bmv2] [D] [thread 135512] [25.0] [cxt 0] Parser state 'start': key is 86dd
[18:39:45.096] [bmv2] [T] [thread 135512] [25.0] [cxt 0] Bytes parsed: 14
[18:39:45.096] [bmv2] [D] [thread 135512] [25.0] [cxt 0] Parser 'parser': end
[18:39:45.096] [bmv2] [D] [thread 135512] [25.0] [cxt 0] Pipeline 'ingress': start
[18:39:45.096] [bmv2] [T] [thread 135512] [25.0] [cxt 0] basic.p4(119) Condition "        if (hdr.ipv4.isValid()) { /*avaliar a validade do header \"hdr\" aqui ainda OG*/" (node_2) is false
[18:39:45.096] [bmv2] [D] [thread 135512] [25.0] [cxt 0] Pipeline 'ingress': end
[18:39:45.096] [bmv2] [D] [thread 135512] [25.0] [cxt 0] Egress port is 0
[18:39:45.096] [bmv2] [D] [thread 135513] [25.0] [cxt 0] Pipeline 'egress': start
[18:39:45.096] [bmv2] [D] [thread 135513] [25.0] [cxt 0] Pipeline 'egress': end
[18:39:45.096] [bmv2] [D] [thread 135513] [25.0] [cxt 0] Deparser 'deparser': start
[18:39:45.096] [bmv2] [T] [thread 135513] [25.0] [cxt 0] Skipping checksum 'cksum' update because condition not met
[18:39:45.096] [bmv2] [D] [thread 135513] [25.0] [cxt 0] Deparsing header 'ethernet'
[18:39:45.096] [bmv2] [D] [thread 135513] [25.0] [cxt 0] Deparser 'deparser': end
[18:39:45.096] [bmv2] [D] [thread 135517] [25.0] [cxt 0] Transmitting packet of size 70 out of port 0
[18:39:45.609] [bmv2] [D] [thread 135512] [26.0] [cxt 0] Processing packet received on port 2
[18:39:45.609] [bmv2] [D] [thread 135512] [26.0] [cxt 0] Parser 'parser': start
[18:39:45.609] [bmv2] [D] [thread 135512] [26.0] [cxt 0] Parser 'parser' entering state 'start'
[18:39:45.609] [bmv2] [D] [thread 135512] [26.0] [cxt 0] Extracting header 'ethernet'
[18:39:45.609] [bmv2] [D] [thread 135512] [26.0] [cxt 0] Parser state 'start': key is 86dd
[18:39:45.609] [bmv2] [T] [thread 135512] [26.0] [cxt 0] Bytes parsed: 14
[18:39:45.609] [bmv2] [D] [thread 135512] [26.0] [cxt 0] Parser 'parser': end
[18:39:45.609] [bmv2] [D] [thread 135512] [26.0] [cxt 0] Pipeline 'ingress': start
[18:39:45.609] [bmv2] [T] [thread 135512] [26.0] [cxt 0] basic.p4(119) Condition "        if (hdr.ipv4.isValid()) { /*avaliar a validade do header \"hdr\" aqui ainda OG*/" (node_2) is false
[18:39:45.609] [bmv2] [D] [thread 135512] [26.0] [cxt 0] Pipeline 'ingress': end
[18:39:45.609] [bmv2] [D] [thread 135512] [26.0] [cxt 0] Egress port is 0
[18:39:45.609] [bmv2] [D] [thread 135513] [26.0] [cxt 0] Pipeline 'egress': start
[18:39:45.609] [bmv2] [D] [thread 135513] [26.0] [cxt 0] Pipeline 'egress': end
[18:39:45.609] [bmv2] [D] [thread 135513] [26.0] [cxt 0] Deparser 'deparser': start
[18:39:45.609] [bmv2] [T] [thread 135513] [26.0] [cxt 0] Skipping checksum 'cksum' update because condition not met
[18:39:45.609] [bmv2] [D] [thread 135513] [26.0] [cxt 0] Deparsing header 'ethernet'
[18:39:45.609] [bmv2] [D] [thread 135513] [26.0] [cxt 0] Deparser 'deparser': end
[18:39:45.609] [bmv2] [D] [thread 135517] [26.0] [cxt 0] Transmitting packet of size 70 out of port 0
[18:39:45.626] [bmv2] [D] [thread 135512] [27.0] [cxt 0] Processing packet received on port 2
[18:39:45.626] [bmv2] [D] [thread 135512] [27.0] [cxt 0] Parser 'parser': start
[18:39:45.626] [bmv2] [D] [thread 135512] [27.0] [cxt 0] Parser 'parser' entering state 'start'
[18:39:45.626] [bmv2] [D] [thread 135512] [27.0] [cxt 0] Extracting header 'ethernet'
[18:39:45.626] [bmv2] [D] [thread 135512] [27.0] [cxt 0] Parser state 'start': key is 86dd
[18:39:45.626] [bmv2] [T] [thread 135512] [27.0] [cxt 0] Bytes parsed: 14
[18:39:45.626] [bmv2] [D] [thread 135512] [27.0] [cxt 0] Parser 'parser': end
[18:39:45.626] [bmv2] [D] [thread 135512] [27.0] [cxt 0] Pipeline 'ingress': start
[18:39:45.626] [bmv2] [T] [thread 135512] [27.0] [cxt 0] basic.p4(119) Condition "        if (hdr.ipv4.isValid()) { /*avaliar a validade do header \"hdr\" aqui ainda OG*/" (node_2) is false
[18:39:45.626] [bmv2] [D] [thread 135512] [27.0] [cxt 0] Pipeline 'ingress': end
[18:39:45.626] [bmv2] [D] [thread 135512] [27.0] [cxt 0] Egress port is 0
[18:39:45.627] [bmv2] [D] [thread 135513] [27.0] [cxt 0] Pipeline 'egress': start
[18:39:45.627] [bmv2] [D] [thread 135513] [27.0] [cxt 0] Pipeline 'egress': end
[18:39:45.627] [bmv2] [D] [thread 135513] [27.0] [cxt 0] Deparser 'deparser': start
[18:39:45.627] [bmv2] [T] [thread 135513] [27.0] [cxt 0] Skipping checksum 'cksum' update because condition not met
[18:39:45.627] [bmv2] [D] [thread 135513] [27.0] [cxt 0] Deparsing header 'ethernet'
[18:39:45.627] [bmv2] [D] [thread 135513] [27.0] [cxt 0] Deparser 'deparser': end
[18:39:45.627] [bmv2] [D] [thread 135517] [27.0] [cxt 0] Transmitting packet of size 196 out of port 0
[18:39:45.669] [bmv2] [D] [thread 135512] [28.0] [cxt 0] Processing packet received on port 2
[18:39:45.669] [bmv2] [D] [thread 135512] [28.0] [cxt 0] Parser 'parser': start
[18:39:45.669] [bmv2] [D] [thread 135512] [28.0] [cxt 0] Parser 'parser' entering state 'start'
[18:39:45.669] [bmv2] [D] [thread 135512] [28.0] [cxt 0] Extracting header 'ethernet'
[18:39:45.669] [bmv2] [D] [thread 135512] [28.0] [cxt 0] Parser state 'start': key is 86dd
[18:39:45.669] [bmv2] [T] [thread 135512] [28.0] [cxt 0] Bytes parsed: 14
[18:39:45.669] [bmv2] [D] [thread 135512] [28.0] [cxt 0] Parser 'parser': end
[18:39:45.669] [bmv2] [D] [thread 135512] [28.0] [cxt 0] Pipeline 'ingress': start
[18:39:45.669] [bmv2] [T] [thread 135512] [28.0] [cxt 0] basic.p4(119) Condition "        if (hdr.ipv4.isValid()) { /*avaliar a validade do header \"hdr\" aqui ainda OG*/" (node_2) is false
[18:39:45.669] [bmv2] [D] [thread 135512] [28.0] [cxt 0] Pipeline 'ingress': end
[18:39:45.669] [bmv2] [D] [thread 135512] [28.0] [cxt 0] Egress port is 0
[18:39:45.669] [bmv2] [D] [thread 135513] [28.0] [cxt 0] Pipeline 'egress': start
[18:39:45.669] [bmv2] [D] [thread 135513] [28.0] [cxt 0] Pipeline 'egress': end
[18:39:45.669] [bmv2] [D] [thread 135513] [28.0] [cxt 0] Deparser 'deparser': start
[18:39:45.669] [bmv2] [T] [thread 135513] [28.0] [cxt 0] Skipping checksum 'cksum' update because condition not met
[18:39:45.669] [bmv2] [D] [thread 135513] [28.0] [cxt 0] Deparsing header 'ethernet'
[18:39:45.669] [bmv2] [D] [thread 135513] [28.0] [cxt 0] Deparser 'deparser': end
[18:39:45.669] [bmv2] [D] [thread 135517] [28.0] [cxt 0] Transmitting packet of size 196 out of port 0
[18:39:45.863] [bmv2] [D] [thread 135512] [29.0] [cxt 0] Processing packet received on port 1
[18:39:45.863] [bmv2] [D] [thread 135512] [29.0] [cxt 0] Parser 'parser': start
[18:39:45.863] [bmv2] [D] [thread 135512] [29.0] [cxt 0] Parser 'parser' entering state 'start'
[18:39:45.863] [bmv2] [D] [thread 135512] [29.0] [cxt 0] Extracting header 'ethernet'
[18:39:45.863] [bmv2] [D] [thread 135512] [29.0] [cxt 0] Parser state 'start': key is 86dd
[18:39:45.863] [bmv2] [T] [thread 135512] [29.0] [cxt 0] Bytes parsed: 14
[18:39:45.863] [bmv2] [D] [thread 135512] [29.0] [cxt 0] Parser 'parser': end
[18:39:45.863] [bmv2] [D] [thread 135512] [29.0] [cxt 0] Pipeline 'ingress': start
[18:39:45.863] [bmv2] [T] [thread 135512] [29.0] [cxt 0] basic.p4(119) Condition "        if (hdr.ipv4.isValid()) { /*avaliar a validade do header \"hdr\" aqui ainda OG*/" (node_2) is false
[18:39:45.863] [bmv2] [D] [thread 135512] [29.0] [cxt 0] Pipeline 'ingress': end
[18:39:45.863] [bmv2] [D] [thread 135512] [29.0] [cxt 0] Egress port is 0
[18:39:45.864] [bmv2] [D] [thread 135513] [29.0] [cxt 0] Pipeline 'egress': start
[18:39:45.864] [bmv2] [D] [thread 135513] [29.0] [cxt 0] Pipeline 'egress': end
[18:39:45.864] [bmv2] [D] [thread 135513] [29.0] [cxt 0] Deparser 'deparser': start
[18:39:45.864] [bmv2] [T] [thread 135513] [29.0] [cxt 0] Skipping checksum 'cksum' update because condition not met
[18:39:45.864] [bmv2] [D] [thread 135513] [29.0] [cxt 0] Deparsing header 'ethernet'
[18:39:45.864] [bmv2] [D] [thread 135513] [29.0] [cxt 0] Deparser 'deparser': end
[18:39:45.864] [bmv2] [D] [thread 135517] [29.0] [cxt 0] Transmitting packet of size 70 out of port 0
[18:39:46.017] [bmv2] [D] [thread 135512] [30.0] [cxt 0] Processing packet received on port 1
[18:39:46.017] [bmv2] [D] [thread 135512] [30.0] [cxt 0] Parser 'parser': start
[18:39:46.017] [bmv2] [D] [thread 135512] [30.0] [cxt 0] Parser 'parser' entering state 'start'
[18:39:46.017] [bmv2] [D] [thread 135512] [30.0] [cxt 0] Extracting header 'ethernet'
[18:39:46.017] [bmv2] [D] [thread 135512] [30.0] [cxt 0] Parser state 'start': key is 86dd
[18:39:46.017] [bmv2] [T] [thread 135512] [30.0] [cxt 0] Bytes parsed: 14
[18:39:46.017] [bmv2] [D] [thread 135512] [30.0] [cxt 0] Parser 'parser': end
[18:39:46.017] [bmv2] [D] [thread 135512] [30.0] [cxt 0] Pipeline 'ingress': start
[18:39:46.017] [bmv2] [T] [thread 135512] [30.0] [cxt 0] basic.p4(119) Condition "        if (hdr.ipv4.isValid()) { /*avaliar a validade do header \"hdr\" aqui ainda OG*/" (node_2) is false
[18:39:46.017] [bmv2] [D] [thread 135512] [30.0] [cxt 0] Pipeline 'ingress': end
[18:39:46.017] [bmv2] [D] [thread 135512] [30.0] [cxt 0] Egress port is 0
[18:39:46.017] [bmv2] [D] [thread 135513] [30.0] [cxt 0] Pipeline 'egress': start
[18:39:46.017] [bmv2] [D] [thread 135513] [30.0] [cxt 0] Pipeline 'egress': end
[18:39:46.017] [bmv2] [D] [thread 135513] [30.0] [cxt 0] Deparser 'deparser': start
[18:39:46.017] [bmv2] [T] [thread 135513] [30.0] [cxt 0] Skipping checksum 'cksum' update because condition not met
[18:39:46.017] [bmv2] [D] [thread 135513] [30.0] [cxt 0] Deparsing header 'ethernet'
[18:39:46.017] [bmv2] [D] [thread 135513] [30.0] [cxt 0] Deparser 'deparser': end
[18:39:46.017] [bmv2] [D] [thread 135517] [30.0] [cxt 0] Transmitting packet of size 196 out of port 0
[18:39:46.123] [bmv2] [D] [thread 135512] [31.0] [cxt 0] Processing packet received on port 1
[18:39:46.123] [bmv2] [D] [thread 135512] [31.0] [cxt 0] Parser 'parser': start
[18:39:46.123] [bmv2] [D] [thread 135512] [31.0] [cxt 0] Parser 'parser' entering state 'start'
[18:39:46.123] [bmv2] [D] [thread 135512] [31.0] [cxt 0] Extracting header 'ethernet'
[18:39:46.123] [bmv2] [D] [thread 135512] [31.0] [cxt 0] Parser state 'start': key is 86dd
[18:39:46.123] [bmv2] [T] [thread 135512] [31.0] [cxt 0] Bytes parsed: 14
[18:39:46.123] [bmv2] [D] [thread 135512] [31.0] [cxt 0] Parser 'parser': end
[18:39:46.123] [bmv2] [D] [thread 135512] [31.0] [cxt 0] Pipeline 'ingress': start
[18:39:46.123] [bmv2] [T] [thread 135512] [31.0] [cxt 0] basic.p4(119) Condition "        if (hdr.ipv4.isValid()) { /*avaliar a validade do header \"hdr\" aqui ainda OG*/" (node_2) is false
[18:39:46.123] [bmv2] [D] [thread 135512] [31.0] [cxt 0] Pipeline 'ingress': end
[18:39:46.123] [bmv2] [D] [thread 135512] [31.0] [cxt 0] Egress port is 0
[18:39:46.123] [bmv2] [D] [thread 135513] [31.0] [cxt 0] Pipeline 'egress': start
[18:39:46.123] [bmv2] [D] [thread 135513] [31.0] [cxt 0] Pipeline 'egress': end
[18:39:46.123] [bmv2] [D] [thread 135513] [31.0] [cxt 0] Deparser 'deparser': start
[18:39:46.123] [bmv2] [T] [thread 135513] [31.0] [cxt 0] Skipping checksum 'cksum' update because condition not met
[18:39:46.123] [bmv2] [D] [thread 135513] [31.0] [cxt 0] Deparsing header 'ethernet'
[18:39:46.123] [bmv2] [D] [thread 135513] [31.0] [cxt 0] Deparser 'deparser': end
[18:39:46.123] [bmv2] [D] [thread 135517] [31.0] [cxt 0] Transmitting packet of size 70 out of port 0
[18:39:46.202] [bmv2] [D] [thread 135512] [32.0] [cxt 0] Processing packet received on port 1
[18:39:46.202] [bmv2] [D] [thread 135512] [32.0] [cxt 0] Parser 'parser': start
[18:39:46.202] [bmv2] [D] [thread 135512] [32.0] [cxt 0] Parser 'parser' entering state 'start'
[18:39:46.202] [bmv2] [D] [thread 135512] [32.0] [cxt 0] Extracting header 'ethernet'
[18:39:46.202] [bmv2] [D] [thread 135512] [32.0] [cxt 0] Parser state 'start': key is 86dd
[18:39:46.202] [bmv2] [T] [thread 135512] [32.0] [cxt 0] Bytes parsed: 14
[18:39:46.202] [bmv2] [D] [thread 135512] [32.0] [cxt 0] Parser 'parser': end
[18:39:46.202] [bmv2] [D] [thread 135512] [32.0] [cxt 0] Pipeline 'ingress': start
[18:39:46.202] [bmv2] [T] [thread 135512] [32.0] [cxt 0] basic.p4(119) Condition "        if (hdr.ipv4.isValid()) { /*avaliar a validade do header \"hdr\" aqui ainda OG*/" (node_2) is false
[18:39:46.202] [bmv2] [D] [thread 135512] [32.0] [cxt 0] Pipeline 'ingress': end
[18:39:46.202] [bmv2] [D] [thread 135512] [32.0] [cxt 0] Egress port is 0
[18:39:46.202] [bmv2] [D] [thread 135513] [32.0] [cxt 0] Pipeline 'egress': start
[18:39:46.202] [bmv2] [D] [thread 135513] [32.0] [cxt 0] Pipeline 'egress': end
[18:39:46.202] [bmv2] [D] [thread 135513] [32.0] [cxt 0] Deparser 'deparser': start
[18:39:46.202] [bmv2] [T] [thread 135513] [32.0] [cxt 0] Skipping checksum 'cksum' update because condition not met
[18:39:46.202] [bmv2] [D] [thread 135513] [32.0] [cxt 0] Deparsing header 'ethernet'
[18:39:46.202] [bmv2] [D] [thread 135513] [32.0] [cxt 0] Deparser 'deparser': end
[18:39:46.202] [bmv2] [D] [thread 135517] [32.0] [cxt 0] Transmitting packet of size 196 out of port 0
[18:39:52.776] [bmv2] [D] [thread 135512] [33.0] [cxt 0] Processing packet received on port 2
[18:39:52.776] [bmv2] [D] [thread 135512] [33.0] [cxt 0] Parser 'parser': start
[18:39:52.776] [bmv2] [D] [thread 135512] [33.0] [cxt 0] Parser 'parser' entering state 'start'
[18:39:52.776] [bmv2] [D] [thread 135512] [33.0] [cxt 0] Extracting header 'ethernet'
[18:39:52.776] [bmv2] [D] [thread 135512] [33.0] [cxt 0] Parser state 'start': key is 86dd
[18:39:52.776] [bmv2] [T] [thread 135512] [33.0] [cxt 0] Bytes parsed: 14
[18:39:52.776] [bmv2] [D] [thread 135512] [33.0] [cxt 0] Parser 'parser': end
[18:39:52.776] [bmv2] [D] [thread 135512] [33.0] [cxt 0] Pipeline 'ingress': start
[18:39:52.776] [bmv2] [T] [thread 135512] [33.0] [cxt 0] basic.p4(119) Condition "        if (hdr.ipv4.isValid()) { /*avaliar a validade do header \"hdr\" aqui ainda OG*/" (node_2) is false
[18:39:52.776] [bmv2] [D] [thread 135512] [33.0] [cxt 0] Pipeline 'ingress': end
[18:39:52.776] [bmv2] [D] [thread 135512] [33.0] [cxt 0] Egress port is 0
[18:39:52.776] [bmv2] [D] [thread 135513] [33.0] [cxt 0] Pipeline 'egress': start
[18:39:52.777] [bmv2] [D] [thread 135513] [33.0] [cxt 0] Pipeline 'egress': end
[18:39:52.777] [bmv2] [D] [thread 135513] [33.0] [cxt 0] Deparser 'deparser': start
[18:39:52.777] [bmv2] [T] [thread 135513] [33.0] [cxt 0] Skipping checksum 'cksum' update because condition not met
[18:39:52.777] [bmv2] [D] [thread 135513] [33.0] [cxt 0] Deparsing header 'ethernet'
[18:39:52.777] [bmv2] [D] [thread 135513] [33.0] [cxt 0] Deparser 'deparser': end
[18:39:52.777] [bmv2] [D] [thread 135517] [33.0] [cxt 0] Transmitting packet of size 70 out of port 0
[18:39:53.807] [bmv2] [D] [thread 135512] [34.0] [cxt 0] Processing packet received on port 1
[18:39:53.807] [bmv2] [D] [thread 135512] [34.0] [cxt 0] Parser 'parser': start
[18:39:53.807] [bmv2] [D] [thread 135512] [34.0] [cxt 0] Parser 'parser' entering state 'start'
[18:39:53.807] [bmv2] [D] [thread 135512] [34.0] [cxt 0] Extracting header 'ethernet'
[18:39:53.807] [bmv2] [D] [thread 135512] [34.0] [cxt 0] Parser state 'start': key is 86dd
[18:39:53.807] [bmv2] [T] [thread 135512] [34.0] [cxt 0] Bytes parsed: 14
[18:39:53.807] [bmv2] [D] [thread 135512] [34.0] [cxt 0] Parser 'parser': end
[18:39:53.807] [bmv2] [D] [thread 135512] [34.0] [cxt 0] Pipeline 'ingress': start
[18:39:53.807] [bmv2] [T] [thread 135512] [34.0] [cxt 0] basic.p4(119) Condition "        if (hdr.ipv4.isValid()) { /*avaliar a validade do header \"hdr\" aqui ainda OG*/" (node_2) is false
[18:39:53.807] [bmv2] [D] [thread 135512] [34.0] [cxt 0] Pipeline 'ingress': end
[18:39:53.807] [bmv2] [D] [thread 135512] [34.0] [cxt 0] Egress port is 0
[18:39:53.807] [bmv2] [D] [thread 135513] [34.0] [cxt 0] Pipeline 'egress': start
[18:39:53.807] [bmv2] [D] [thread 135513] [34.0] [cxt 0] Pipeline 'egress': end
[18:39:53.807] [bmv2] [D] [thread 135513] [34.0] [cxt 0] Deparser 'deparser': start
[18:39:53.807] [bmv2] [T] [thread 135513] [34.0] [cxt 0] Skipping checksum 'cksum' update because condition not met
[18:39:53.807] [bmv2] [D] [thread 135513] [34.0] [cxt 0] Deparsing header 'ethernet'
[18:39:53.807] [bmv2] [D] [thread 135513] [34.0] [cxt 0] Deparser 'deparser': end
[18:39:53.807] [bmv2] [D] [thread 135517] [34.0] [cxt 0] Transmitting packet of size 70 out of port 0
[18:39:54.056] [bmv2] [D] [thread 135512] [35.0] [cxt 0] Processing packet received on port 2
[18:39:54.056] [bmv2] [D] [thread 135512] [35.0] [cxt 0] Parser 'parser': start
[18:39:54.056] [bmv2] [D] [thread 135512] [35.0] [cxt 0] Parser 'parser' entering state 'start'
[18:39:54.056] [bmv2] [D] [thread 135512] [35.0] [cxt 0] Extracting header 'ethernet'
[18:39:54.056] [bmv2] [D] [thread 135512] [35.0] [cxt 0] Parser state 'start': key is 86dd
[18:39:54.056] [bmv2] [T] [thread 135512] [35.0] [cxt 0] Bytes parsed: 14
[18:39:54.056] [bmv2] [D] [thread 135512] [35.0] [cxt 0] Parser 'parser': end
[18:39:54.056] [bmv2] [D] [thread 135512] [35.0] [cxt 0] Pipeline 'ingress': start
[18:39:54.056] [bmv2] [T] [thread 135512] [35.0] [cxt 0] basic.p4(119) Condition "        if (hdr.ipv4.isValid()) { /*avaliar a validade do header \"hdr\" aqui ainda OG*/" (node_2) is false
[18:39:54.056] [bmv2] [D] [thread 135512] [35.0] [cxt 0] Pipeline 'ingress': end
[18:39:54.056] [bmv2] [D] [thread 135512] [35.0] [cxt 0] Egress port is 0
[18:39:54.056] [bmv2] [D] [thread 135513] [35.0] [cxt 0] Pipeline 'egress': start
[18:39:54.056] [bmv2] [D] [thread 135513] [35.0] [cxt 0] Pipeline 'egress': end
[18:39:54.056] [bmv2] [D] [thread 135513] [35.0] [cxt 0] Deparser 'deparser': start
[18:39:54.056] [bmv2] [T] [thread 135513] [35.0] [cxt 0] Skipping checksum 'cksum' update because condition not met
[18:39:54.056] [bmv2] [D] [thread 135513] [35.0] [cxt 0] Deparsing header 'ethernet'
[18:39:54.056] [bmv2] [D] [thread 135513] [35.0] [cxt 0] Deparser 'deparser': end
[18:39:54.056] [bmv2] [D] [thread 135517] [35.0] [cxt 0] Transmitting packet of size 70 out of port 0
[18:39:55.079] [bmv2] [D] [thread 135512] [36.0] [cxt 0] Processing packet received on port 1
[18:39:55.079] [bmv2] [D] [thread 135512] [36.0] [cxt 0] Parser 'parser': start
[18:39:55.079] [bmv2] [D] [thread 135512] [36.0] [cxt 0] Parser 'parser' entering state 'start'
[18:39:55.079] [bmv2] [D] [thread 135512] [36.0] [cxt 0] Extracting header 'ethernet'
[18:39:55.079] [bmv2] [D] [thread 135512] [36.0] [cxt 0] Parser state 'start': key is 86dd
[18:39:55.079] [bmv2] [T] [thread 135512] [36.0] [cxt 0] Bytes parsed: 14
[18:39:55.079] [bmv2] [D] [thread 135512] [36.0] [cxt 0] Parser 'parser': end
[18:39:55.079] [bmv2] [D] [thread 135512] [36.0] [cxt 0] Pipeline 'ingress': start
[18:39:55.079] [bmv2] [T] [thread 135512] [36.0] [cxt 0] basic.p4(119) Condition "        if (hdr.ipv4.isValid()) { /*avaliar a validade do header \"hdr\" aqui ainda OG*/" (node_2) is false
[18:39:55.079] [bmv2] [D] [thread 135512] [36.0] [cxt 0] Pipeline 'ingress': end
[18:39:55.079] [bmv2] [D] [thread 135512] [36.0] [cxt 0] Egress port is 0
[18:39:55.079] [bmv2] [D] [thread 135513] [36.0] [cxt 0] Pipeline 'egress': start
[18:39:55.079] [bmv2] [D] [thread 135513] [36.0] [cxt 0] Pipeline 'egress': end
[18:39:55.079] [bmv2] [D] [thread 135513] [36.0] [cxt 0] Deparser 'deparser': start
[18:39:55.079] [bmv2] [T] [thread 135513] [36.0] [cxt 0] Skipping checksum 'cksum' update because condition not met
[18:39:55.079] [bmv2] [D] [thread 135513] [36.0] [cxt 0] Deparsing header 'ethernet'
[18:39:55.079] [bmv2] [D] [thread 135513] [36.0] [cxt 0] Deparser 'deparser': end
[18:39:55.080] [bmv2] [D] [thread 135517] [36.0] [cxt 0] Transmitting packet of size 70 out of port 0
[18:40:08.393] [bmv2] [D] [thread 135512] [37.0] [cxt 0] Processing packet received on port 2
[18:40:08.393] [bmv2] [D] [thread 135512] [37.0] [cxt 0] Parser 'parser': start
[18:40:08.393] [bmv2] [D] [thread 135512] [37.0] [cxt 0] Parser 'parser' entering state 'start'
[18:40:08.393] [bmv2] [D] [thread 135512] [37.0] [cxt 0] Extracting header 'ethernet'
[18:40:08.393] [bmv2] [D] [thread 135512] [37.0] [cxt 0] Parser state 'start': key is 86dd
[18:40:08.393] [bmv2] [T] [thread 135512] [37.0] [cxt 0] Bytes parsed: 14
[18:40:08.393] [bmv2] [D] [thread 135512] [37.0] [cxt 0] Parser 'parser': end
[18:40:08.393] [bmv2] [D] [thread 135512] [37.0] [cxt 0] Pipeline 'ingress': start
[18:40:08.393] [bmv2] [T] [thread 135512] [37.0] [cxt 0] basic.p4(119) Condition "        if (hdr.ipv4.isValid()) { /*avaliar a validade do header \"hdr\" aqui ainda OG*/" (node_2) is false
[18:40:08.393] [bmv2] [D] [thread 135512] [37.0] [cxt 0] Pipeline 'ingress': end
[18:40:08.393] [bmv2] [D] [thread 135512] [37.0] [cxt 0] Egress port is 0
[18:40:08.393] [bmv2] [D] [thread 135513] [37.0] [cxt 0] Pipeline 'egress': start
[18:40:08.393] [bmv2] [D] [thread 135513] [37.0] [cxt 0] Pipeline 'egress': end
[18:40:08.393] [bmv2] [D] [thread 135513] [37.0] [cxt 0] Deparser 'deparser': start
[18:40:08.393] [bmv2] [T] [thread 135513] [37.0] [cxt 0] Skipping checksum 'cksum' update because condition not met
[18:40:08.393] [bmv2] [D] [thread 135513] [37.0] [cxt 0] Deparsing header 'ethernet'
[18:40:08.393] [bmv2] [D] [thread 135513] [37.0] [cxt 0] Deparser 'deparser': end
[18:40:08.393] [bmv2] [D] [thread 135517] [37.0] [cxt 0] Transmitting packet of size 70 out of port 0
[18:40:09.159] [bmv2] [D] [thread 135512] [38.0] [cxt 0] Processing packet received on port 1
[18:40:09.159] [bmv2] [D] [thread 135512] [38.0] [cxt 0] Parser 'parser': start
[18:40:09.159] [bmv2] [D] [thread 135512] [38.0] [cxt 0] Parser 'parser' entering state 'start'
[18:40:09.159] [bmv2] [D] [thread 135512] [38.0] [cxt 0] Extracting header 'ethernet'
[18:40:09.159] [bmv2] [D] [thread 135512] [38.0] [cxt 0] Parser state 'start': key is 86dd
[18:40:09.159] [bmv2] [T] [thread 135512] [38.0] [cxt 0] Bytes parsed: 14
[18:40:09.159] [bmv2] [D] [thread 135512] [38.0] [cxt 0] Parser 'parser': end
[18:40:09.159] [bmv2] [D] [thread 135512] [38.0] [cxt 0] Pipeline 'ingress': start
[18:40:09.159] [bmv2] [T] [thread 135512] [38.0] [cxt 0] basic.p4(119) Condition "        if (hdr.ipv4.isValid()) { /*avaliar a validade do header \"hdr\" aqui ainda OG*/" (node_2) is false
[18:40:09.159] [bmv2] [D] [thread 135512] [38.0] [cxt 0] Pipeline 'ingress': end
[18:40:09.159] [bmv2] [D] [thread 135512] [38.0] [cxt 0] Egress port is 0
[18:40:09.159] [bmv2] [D] [thread 135513] [38.0] [cxt 0] Pipeline 'egress': start
[18:40:09.159] [bmv2] [D] [thread 135513] [38.0] [cxt 0] Pipeline 'egress': end
[18:40:09.159] [bmv2] [D] [thread 135513] [38.0] [cxt 0] Deparser 'deparser': start
[18:40:09.159] [bmv2] [T] [thread 135513] [38.0] [cxt 0] Skipping checksum 'cksum' update because condition not met
[18:40:09.159] [bmv2] [D] [thread 135513] [38.0] [cxt 0] Deparsing header 'ethernet'
[18:40:09.159] [bmv2] [D] [thread 135513] [38.0] [cxt 0] Deparser 'deparser': end
[18:40:09.159] [bmv2] [D] [thread 135517] [38.0] [cxt 0] Transmitting packet of size 70 out of port 0
[18:40:10.695] [bmv2] [D] [thread 135512] [39.0] [cxt 0] Processing packet received on port 2
[18:40:10.695] [bmv2] [D] [thread 135512] [39.0] [cxt 0] Parser 'parser': start
[18:40:10.695] [bmv2] [D] [thread 135512] [39.0] [cxt 0] Parser 'parser' entering state 'start'
[18:40:10.695] [bmv2] [D] [thread 135512] [39.0] [cxt 0] Extracting header 'ethernet'
[18:40:10.695] [bmv2] [D] [thread 135512] [39.0] [cxt 0] Parser state 'start': key is 86dd
[18:40:10.695] [bmv2] [T] [thread 135512] [39.0] [cxt 0] Bytes parsed: 14
[18:40:10.695] [bmv2] [D] [thread 135512] [39.0] [cxt 0] Parser 'parser': end
[18:40:10.695] [bmv2] [D] [thread 135512] [39.0] [cxt 0] Pipeline 'ingress': start
[18:40:10.695] [bmv2] [T] [thread 135512] [39.0] [cxt 0] basic.p4(119) Condition "        if (hdr.ipv4.isValid()) { /*avaliar a validade do header \"hdr\" aqui ainda OG*/" (node_2) is false
[18:40:10.695] [bmv2] [D] [thread 135512] [39.0] [cxt 0] Pipeline 'ingress': end
[18:40:10.695] [bmv2] [D] [thread 135512] [39.0] [cxt 0] Egress port is 0
[18:40:10.695] [bmv2] [D] [thread 135513] [39.0] [cxt 0] Pipeline 'egress': start
[18:40:10.695] [bmv2] [D] [thread 135513] [39.0] [cxt 0] Pipeline 'egress': end
[18:40:10.695] [bmv2] [D] [thread 135513] [39.0] [cxt 0] Deparser 'deparser': start
[18:40:10.695] [bmv2] [T] [thread 135513] [39.0] [cxt 0] Skipping checksum 'cksum' update because condition not met
[18:40:10.695] [bmv2] [D] [thread 135513] [39.0] [cxt 0] Deparsing header 'ethernet'
[18:40:10.695] [bmv2] [D] [thread 135513] [39.0] [cxt 0] Deparser 'deparser': end
[18:40:10.695] [bmv2] [D] [thread 135517] [39.0] [cxt 0] Transmitting packet of size 70 out of port 0
[18:40:12.744] [bmv2] [D] [thread 135512] [40.0] [cxt 0] Processing packet received on port 1
[18:40:12.744] [bmv2] [D] [thread 135512] [40.0] [cxt 0] Parser 'parser': start
[18:40:12.744] [bmv2] [D] [thread 135512] [40.0] [cxt 0] Parser 'parser' entering state 'start'
[18:40:12.744] [bmv2] [D] [thread 135512] [40.0] [cxt 0] Extracting header 'ethernet'
[18:40:12.744] [bmv2] [D] [thread 135512] [40.0] [cxt 0] Parser state 'start': key is 86dd
[18:40:12.744] [bmv2] [T] [thread 135512] [40.0] [cxt 0] Bytes parsed: 14
[18:40:12.744] [bmv2] [D] [thread 135512] [40.0] [cxt 0] Parser 'parser': end
[18:40:12.744] [bmv2] [D] [thread 135512] [40.0] [cxt 0] Pipeline 'ingress': start
[18:40:12.744] [bmv2] [T] [thread 135512] [40.0] [cxt 0] basic.p4(119) Condition "        if (hdr.ipv4.isValid()) { /*avaliar a validade do header \"hdr\" aqui ainda OG*/" (node_2) is false
[18:40:12.744] [bmv2] [D] [thread 135512] [40.0] [cxt 0] Pipeline 'ingress': end
[18:40:12.744] [bmv2] [D] [thread 135512] [40.0] [cxt 0] Egress port is 0
[18:40:12.744] [bmv2] [D] [thread 135513] [40.0] [cxt 0] Pipeline 'egress': start
[18:40:12.744] [bmv2] [D] [thread 135513] [40.0] [cxt 0] Pipeline 'egress': end
[18:40:12.744] [bmv2] [D] [thread 135513] [40.0] [cxt 0] Deparser 'deparser': start
[18:40:12.744] [bmv2] [T] [thread 135513] [40.0] [cxt 0] Skipping checksum 'cksum' update because condition not met
[18:40:12.744] [bmv2] [D] [thread 135513] [40.0] [cxt 0] Deparsing header 'ethernet'
[18:40:12.744] [bmv2] [D] [thread 135513] [40.0] [cxt 0] Deparser 'deparser': end
[18:40:12.744] [bmv2] [D] [thread 135517] [40.0] [cxt 0] Transmitting packet of size 70 out of port 0
[18:40:39.371] [bmv2] [D] [thread 135512] [41.0] [cxt 0] Processing packet received on port 2
[18:40:39.371] [bmv2] [D] [thread 135512] [41.0] [cxt 0] Parser 'parser': start
[18:40:39.371] [bmv2] [D] [thread 135512] [41.0] [cxt 0] Parser 'parser' entering state 'start'
[18:40:39.371] [bmv2] [D] [thread 135512] [41.0] [cxt 0] Extracting header 'ethernet'
[18:40:39.371] [bmv2] [D] [thread 135512] [41.0] [cxt 0] Parser state 'start': key is 86dd
[18:40:39.371] [bmv2] [T] [thread 135512] [41.0] [cxt 0] Bytes parsed: 14
[18:40:39.371] [bmv2] [D] [thread 135512] [41.0] [cxt 0] Parser 'parser': end
[18:40:39.371] [bmv2] [D] [thread 135512] [41.0] [cxt 0] Pipeline 'ingress': start
[18:40:39.371] [bmv2] [T] [thread 135512] [41.0] [cxt 0] basic.p4(119) Condition "        if (hdr.ipv4.isValid()) { /*avaliar a validade do header \"hdr\" aqui ainda OG*/" (node_2) is false
[18:40:39.371] [bmv2] [D] [thread 135512] [41.0] [cxt 0] Pipeline 'ingress': end
[18:40:39.371] [bmv2] [D] [thread 135512] [41.0] [cxt 0] Egress port is 0
[18:40:39.371] [bmv2] [D] [thread 135513] [41.0] [cxt 0] Pipeline 'egress': start
[18:40:39.371] [bmv2] [D] [thread 135513] [41.0] [cxt 0] Pipeline 'egress': end
[18:40:39.371] [bmv2] [D] [thread 135513] [41.0] [cxt 0] Deparser 'deparser': start
[18:40:39.371] [bmv2] [T] [thread 135513] [41.0] [cxt 0] Skipping checksum 'cksum' update because condition not met
[18:40:39.371] [bmv2] [D] [thread 135513] [41.0] [cxt 0] Deparsing header 'ethernet'
[18:40:39.371] [bmv2] [D] [thread 135513] [41.0] [cxt 0] Deparser 'deparser': end
[18:40:39.371] [bmv2] [D] [thread 135517] [41.0] [cxt 0] Transmitting packet of size 70 out of port 0
[18:40:41.415] [bmv2] [D] [thread 135512] [42.0] [cxt 0] Processing packet received on port 1
[18:40:41.415] [bmv2] [D] [thread 135512] [42.0] [cxt 0] Parser 'parser': start
[18:40:41.415] [bmv2] [D] [thread 135512] [42.0] [cxt 0] Parser 'parser' entering state 'start'
[18:40:41.415] [bmv2] [D] [thread 135512] [42.0] [cxt 0] Extracting header 'ethernet'
[18:40:41.415] [bmv2] [D] [thread 135512] [42.0] [cxt 0] Parser state 'start': key is 86dd
[18:40:41.415] [bmv2] [T] [thread 135512] [42.0] [cxt 0] Bytes parsed: 14
[18:40:41.415] [bmv2] [D] [thread 135512] [42.0] [cxt 0] Parser 'parser': end
[18:40:41.415] [bmv2] [D] [thread 135512] [42.0] [cxt 0] Pipeline 'ingress': start
[18:40:41.415] [bmv2] [T] [thread 135512] [42.0] [cxt 0] basic.p4(119) Condition "        if (hdr.ipv4.isValid()) { /*avaliar a validade do header \"hdr\" aqui ainda OG*/" (node_2) is false
[18:40:41.415] [bmv2] [D] [thread 135512] [42.0] [cxt 0] Pipeline 'ingress': end
[18:40:41.415] [bmv2] [D] [thread 135512] [42.0] [cxt 0] Egress port is 0
[18:40:41.415] [bmv2] [D] [thread 135513] [42.0] [cxt 0] Pipeline 'egress': start
[18:40:41.415] [bmv2] [D] [thread 135513] [42.0] [cxt 0] Pipeline 'egress': end
[18:40:41.415] [bmv2] [D] [thread 135513] [42.0] [cxt 0] Deparser 'deparser': start
[18:40:41.415] [bmv2] [T] [thread 135513] [42.0] [cxt 0] Skipping checksum 'cksum' update because condition not met
[18:40:41.415] [bmv2] [D] [thread 135513] [42.0] [cxt 0] Deparsing header 'ethernet'
[18:40:41.415] [bmv2] [D] [thread 135513] [42.0] [cxt 0] Deparser 'deparser': end
[18:40:41.415] [bmv2] [D] [thread 135517] [42.0] [cxt 0] Transmitting packet of size 70 out of port 0
[18:40:45.511] [bmv2] [D] [thread 135512] [43.0] [cxt 0] Processing packet received on port 2
[18:40:45.511] [bmv2] [D] [thread 135512] [43.0] [cxt 0] Parser 'parser': start
[18:40:45.511] [bmv2] [D] [thread 135512] [43.0] [cxt 0] Parser 'parser' entering state 'start'
[18:40:45.511] [bmv2] [D] [thread 135512] [43.0] [cxt 0] Extracting header 'ethernet'
[18:40:45.511] [bmv2] [D] [thread 135512] [43.0] [cxt 0] Parser state 'start': key is 86dd
[18:40:45.511] [bmv2] [T] [thread 135512] [43.0] [cxt 0] Bytes parsed: 14
[18:40:45.511] [bmv2] [D] [thread 135512] [43.0] [cxt 0] Parser 'parser': end
[18:40:45.511] [bmv2] [D] [thread 135512] [43.0] [cxt 0] Pipeline 'ingress': start
[18:40:45.511] [bmv2] [T] [thread 135512] [43.0] [cxt 0] basic.p4(119) Condition "        if (hdr.ipv4.isValid()) { /*avaliar a validade do header \"hdr\" aqui ainda OG*/" (node_2) is false
[18:40:45.511] [bmv2] [D] [thread 135512] [43.0] [cxt 0] Pipeline 'ingress': end
[18:40:45.511] [bmv2] [D] [thread 135512] [43.0] [cxt 0] Egress port is 0
[18:40:45.511] [bmv2] [D] [thread 135513] [43.0] [cxt 0] Pipeline 'egress': start
[18:40:45.511] [bmv2] [D] [thread 135513] [43.0] [cxt 0] Pipeline 'egress': end
[18:40:45.511] [bmv2] [D] [thread 135513] [43.0] [cxt 0] Deparser 'deparser': start
[18:40:45.511] [bmv2] [T] [thread 135513] [43.0] [cxt 0] Skipping checksum 'cksum' update because condition not met
[18:40:45.511] [bmv2] [D] [thread 135513] [43.0] [cxt 0] Deparsing header 'ethernet'
[18:40:45.511] [bmv2] [D] [thread 135513] [43.0] [cxt 0] Deparser 'deparser': end
[18:40:45.511] [bmv2] [D] [thread 135517] [43.0] [cxt 0] Transmitting packet of size 70 out of port 0
[18:40:49.607] [bmv2] [D] [thread 135512] [44.0] [cxt 0] Processing packet received on port 1
[18:40:49.607] [bmv2] [D] [thread 135512] [44.0] [cxt 0] Parser 'parser': start
[18:40:49.607] [bmv2] [D] [thread 135512] [44.0] [cxt 0] Parser 'parser' entering state 'start'
[18:40:49.607] [bmv2] [D] [thread 135512] [44.0] [cxt 0] Extracting header 'ethernet'
[18:40:49.607] [bmv2] [D] [thread 135512] [44.0] [cxt 0] Parser state 'start': key is 86dd
[18:40:49.607] [bmv2] [T] [thread 135512] [44.0] [cxt 0] Bytes parsed: 14
[18:40:49.607] [bmv2] [D] [thread 135512] [44.0] [cxt 0] Parser 'parser': end
[18:40:49.607] [bmv2] [D] [thread 135512] [44.0] [cxt 0] Pipeline 'ingress': start
[18:40:49.607] [bmv2] [T] [thread 135512] [44.0] [cxt 0] basic.p4(119) Condition "        if (hdr.ipv4.isValid()) { /*avaliar a validade do header \"hdr\" aqui ainda OG*/" (node_2) is false
[18:40:49.607] [bmv2] [D] [thread 135512] [44.0] [cxt 0] Pipeline 'ingress': end
[18:40:49.607] [bmv2] [D] [thread 135512] [44.0] [cxt 0] Egress port is 0
[18:40:49.607] [bmv2] [D] [thread 135513] [44.0] [cxt 0] Pipeline 'egress': start
[18:40:49.607] [bmv2] [D] [thread 135513] [44.0] [cxt 0] Pipeline 'egress': end
[18:40:49.607] [bmv2] [D] [thread 135513] [44.0] [cxt 0] Deparser 'deparser': start
[18:40:49.607] [bmv2] [T] [thread 135513] [44.0] [cxt 0] Skipping checksum 'cksum' update because condition not met
[18:40:49.607] [bmv2] [D] [thread 135513] [44.0] [cxt 0] Deparsing header 'ethernet'
[18:40:49.607] [bmv2] [D] [thread 135513] [44.0] [cxt 0] Deparser 'deparser': end
[18:40:49.607] [bmv2] [D] [thread 135517] [44.0] [cxt 0] Transmitting packet of size 70 out of port 0
open: No such file or directory
open: No such file or directory
open: No such file or directory
open: No such file or directory
