Calling target program-options parser
[18:39:42.390] [bmv2] [D] [thread 135520] Set default default entry for table 'MyIngress.ipv4_lpm': NoAction - 
Adding interface s4-eth1 as port 1
[18:39:42.391] [bmv2] [D] [thread 135520] Adding interface s4-eth1 as port 1
Adding interface s4-eth2 as port 2
[18:39:42.435] [bmv2] [D] [thread 135520] Adding interface s4-eth2 as port 2
Server listening on 0.0.0.0:50054
[18:39:42.484] [bmv2] [I] [thread 135520] Starting Thrift server on port 9093
[18:39:42.484] [bmv2] [I] [thread 135520] Thrift server was started
[18:39:42.497] [bmv2] [D] [thread 135530] [0.0] [cxt 0] Processing packet received on port 1
[18:39:42.497] [bmv2] [D] [thread 135530] [0.0] [cxt 0] Parser 'parser': start
[18:39:42.497] [bmv2] [D] [thread 135530] [0.0] [cxt 0] Parser 'parser' entering state 'start'
[18:39:42.497] [bmv2] [D] [thread 135530] [0.0] [cxt 0] Extracting header 'ethernet'
[18:39:42.497] [bmv2] [D] [thread 135530] [0.0] [cxt 0] Parser state 'start': key is 86dd
[18:39:42.497] [bmv2] [T] [thread 135530] [0.0] [cxt 0] Bytes parsed: 14
[18:39:42.497] [bmv2] [D] [thread 135530] [0.0] [cxt 0] Parser 'parser': end
[18:39:42.497] [bmv2] [D] [thread 135530] [0.0] [cxt 0] Pipeline 'ingress': start
[18:39:42.497] [bmv2] [T] [thread 135530] [0.0] [cxt 0] basic.p4(119) Condition "        if (hdr.ipv4.isValid()) { /*avaliar a validade do header \"hdr\" aqui ainda OG*/" (node_2) is false
[18:39:42.497] [bmv2] [D] [thread 135530] [0.0] [cxt 0] Pipeline 'ingress': end
[18:39:42.497] [bmv2] [D] [thread 135530] [0.0] [cxt 0] Egress port is 0
[18:39:42.497] [bmv2] [D] [thread 135531] [0.0] [cxt 0] Pipeline 'egress': start
[18:39:42.497] [bmv2] [D] [thread 135531] [0.0] [cxt 0] Pipeline 'egress': end
[18:39:42.497] [bmv2] [D] [thread 135531] [0.0] [cxt 0] Deparser 'deparser': start
[18:39:42.497] [bmv2] [T] [thread 135531] [0.0] [cxt 0] Skipping checksum 'cksum' update because condition not met
[18:39:42.497] [bmv2] [D] [thread 135531] [0.0] [cxt 0] Deparsing header 'ethernet'
[18:39:42.497] [bmv2] [D] [thread 135531] [0.0] [cxt 0] Deparser 'deparser': end
[18:39:42.497] [bmv2] [D] [thread 135535] [0.0] [cxt 0] Transmitting packet of size 196 out of port 0
[18:39:42.648] [bmv2] [D] [thread 135530] [1.0] [cxt 0] Processing packet received on port 1
[18:39:42.648] [bmv2] [D] [thread 135530] [1.0] [cxt 0] Parser 'parser': start
[18:39:42.648] [bmv2] [D] [thread 135530] [1.0] [cxt 0] Parser 'parser' entering state 'start'
[18:39:42.648] [bmv2] [D] [thread 135530] [1.0] [cxt 0] Extracting header 'ethernet'
[18:39:42.648] [bmv2] [D] [thread 135530] [1.0] [cxt 0] Parser state 'start': key is 86dd
[18:39:42.648] [bmv2] [T] [thread 135530] [1.0] [cxt 0] Bytes parsed: 14
[18:39:42.648] [bmv2] [D] [thread 135530] [1.0] [cxt 0] Parser 'parser': end
[18:39:42.648] [bmv2] [D] [thread 135530] [1.0] [cxt 0] Pipeline 'ingress': start
[18:39:42.648] [bmv2] [T] [thread 135530] [1.0] [cxt 0] basic.p4(119) Condition "        if (hdr.ipv4.isValid()) { /*avaliar a validade do header \"hdr\" aqui ainda OG*/" (node_2) is false
[18:39:42.648] [bmv2] [D] [thread 135530] [1.0] [cxt 0] Pipeline 'ingress': end
[18:39:42.648] [bmv2] [D] [thread 135530] [1.0] [cxt 0] Egress port is 0
[18:39:42.648] [bmv2] [D] [thread 135531] [1.0] [cxt 0] Pipeline 'egress': start
[18:39:42.648] [bmv2] [D] [thread 135531] [1.0] [cxt 0] Pipeline 'egress': end
[18:39:42.648] [bmv2] [D] [thread 135531] [1.0] [cxt 0] Deparser 'deparser': start
[18:39:42.648] [bmv2] [T] [thread 135531] [1.0] [cxt 0] Skipping checksum 'cksum' update because condition not met
[18:39:42.648] [bmv2] [D] [thread 135531] [1.0] [cxt 0] Deparsing header 'ethernet'
[18:39:42.648] [bmv2] [D] [thread 135531] [1.0] [cxt 0] Deparser 'deparser': end
[18:39:42.648] [bmv2] [D] [thread 135535] [1.0] [cxt 0] Transmitting packet of size 208 out of port 0
[18:39:42.846] [bmv2] [D] [thread 135530] [2.0] [cxt 0] Processing packet received on port 1
[18:39:42.846] [bmv2] [D] [thread 135530] [2.0] [cxt 0] Parser 'parser': start
[18:39:42.847] [bmv2] [D] [thread 135530] [2.0] [cxt 0] Parser 'parser' entering state 'start'
[18:39:42.847] [bmv2] [D] [thread 135530] [2.0] [cxt 0] Extracting header 'ethernet'
[18:39:42.847] [bmv2] [D] [thread 135530] [2.0] [cxt 0] Parser state 'start': key is 86dd
[18:39:42.847] [bmv2] [T] [thread 135530] [2.0] [cxt 0] Bytes parsed: 14
[18:39:42.847] [bmv2] [D] [thread 135530] [2.0] [cxt 0] Parser 'parser': end
[18:39:42.847] [bmv2] [D] [thread 135530] [2.0] [cxt 0] Pipeline 'ingress': start
[18:39:42.847] [bmv2] [T] [thread 135530] [2.0] [cxt 0] basic.p4(119) Condition "        if (hdr.ipv4.isValid()) { /*avaliar a validade do header \"hdr\" aqui ainda OG*/" (node_2) is false
[18:39:42.847] [bmv2] [D] [thread 135530] [2.0] [cxt 0] Pipeline 'ingress': end
[18:39:42.847] [bmv2] [D] [thread 135530] [2.0] [cxt 0] Egress port is 0
[18:39:42.847] [bmv2] [D] [thread 135531] [2.0] [cxt 0] Pipeline 'egress': start
[18:39:42.847] [bmv2] [D] [thread 135531] [2.0] [cxt 0] Pipeline 'egress': end
[18:39:42.847] [bmv2] [D] [thread 135531] [2.0] [cxt 0] Deparser 'deparser': start
[18:39:42.847] [bmv2] [T] [thread 135531] [2.0] [cxt 0] Skipping checksum 'cksum' update because condition not met
[18:39:42.847] [bmv2] [D] [thread 135531] [2.0] [cxt 0] Deparsing header 'ethernet'
[18:39:42.847] [bmv2] [D] [thread 135531] [2.0] [cxt 0] Deparser 'deparser': end
[18:39:42.847] [bmv2] [D] [thread 135535] [2.0] [cxt 0] Transmitting packet of size 196 out of port 0
[18:39:43.527] [bmv2] [D] [thread 135530] [3.0] [cxt 0] Processing packet received on port 2
[18:39:43.527] [bmv2] [D] [thread 135530] [3.0] [cxt 0] Parser 'parser': start
[18:39:43.527] [bmv2] [D] [thread 135530] [3.0] [cxt 0] Parser 'parser' entering state 'start'
[18:39:43.527] [bmv2] [D] [thread 135530] [3.0] [cxt 0] Extracting header 'ethernet'
[18:39:43.527] [bmv2] [D] [thread 135530] [3.0] [cxt 0] Parser state 'start': key is 86dd
[18:39:43.527] [bmv2] [T] [thread 135530] [3.0] [cxt 0] Bytes parsed: 14
[18:39:43.527] [bmv2] [D] [thread 135530] [3.0] [cxt 0] Parser 'parser': end
[18:39:43.527] [bmv2] [D] [thread 135530] [3.0] [cxt 0] Pipeline 'ingress': start
[18:39:43.527] [bmv2] [T] [thread 135530] [3.0] [cxt 0] basic.p4(119) Condition "        if (hdr.ipv4.isValid()) { /*avaliar a validade do header \"hdr\" aqui ainda OG*/" (node_2) is false
[18:39:43.527] [bmv2] [D] [thread 135530] [3.0] [cxt 0] Pipeline 'ingress': end
[18:39:43.527] [bmv2] [D] [thread 135530] [3.0] [cxt 0] Egress port is 0
[18:39:43.528] [bmv2] [D] [thread 135531] [3.0] [cxt 0] Pipeline 'egress': start
[18:39:43.528] [bmv2] [D] [thread 135531] [3.0] [cxt 0] Pipeline 'egress': end
[18:39:43.528] [bmv2] [D] [thread 135531] [3.0] [cxt 0] Deparser 'deparser': start
[18:39:43.528] [bmv2] [T] [thread 135531] [3.0] [cxt 0] Skipping checksum 'cksum' update because condition not met
[18:39:43.528] [bmv2] [D] [thread 135531] [3.0] [cxt 0] Deparsing header 'ethernet'
[18:39:43.528] [bmv2] [D] [thread 135531] [3.0] [cxt 0] Deparser 'deparser': end
[18:39:43.528] [bmv2] [D] [thread 135535] [3.0] [cxt 0] Transmitting packet of size 196 out of port 0
[18:39:43.562] [bmv2] [D] [thread 135530] [4.0] [cxt 0] Processing packet received on port 2
[18:39:43.562] [bmv2] [D] [thread 135530] [4.0] [cxt 0] Parser 'parser': start
[18:39:43.562] [bmv2] [D] [thread 135530] [4.0] [cxt 0] Parser 'parser' entering state 'start'
[18:39:43.562] [bmv2] [D] [thread 135530] [4.0] [cxt 0] Extracting header 'ethernet'
[18:39:43.562] [bmv2] [D] [thread 135530] [4.0] [cxt 0] Parser state 'start': key is 86dd
[18:39:43.562] [bmv2] [T] [thread 135530] [4.0] [cxt 0] Bytes parsed: 14
[18:39:43.562] [bmv2] [D] [thread 135530] [4.0] [cxt 0] Parser 'parser': end
[18:39:43.562] [bmv2] [D] [thread 135530] [4.0] [cxt 0] Pipeline 'ingress': start
[18:39:43.562] [bmv2] [T] [thread 135530] [4.0] [cxt 0] basic.p4(119) Condition "        if (hdr.ipv4.isValid()) { /*avaliar a validade do header \"hdr\" aqui ainda OG*/" (node_2) is false
[18:39:43.562] [bmv2] [D] [thread 135530] [4.0] [cxt 0] Pipeline 'ingress': end
[18:39:43.562] [bmv2] [D] [thread 135530] [4.0] [cxt 0] Egress port is 0
[18:39:43.562] [bmv2] [D] [thread 135531] [4.0] [cxt 0] Pipeline 'egress': start
[18:39:43.562] [bmv2] [D] [thread 135531] [4.0] [cxt 0] Pipeline 'egress': end
[18:39:43.562] [bmv2] [D] [thread 135531] [4.0] [cxt 0] Deparser 'deparser': start
[18:39:43.562] [bmv2] [T] [thread 135531] [4.0] [cxt 0] Skipping checksum 'cksum' update because condition not met
[18:39:43.562] [bmv2] [D] [thread 135531] [4.0] [cxt 0] Deparsing header 'ethernet'
[18:39:43.562] [bmv2] [D] [thread 135531] [4.0] [cxt 0] Deparser 'deparser': end
[18:39:43.562] [bmv2] [D] [thread 135535] [4.0] [cxt 0] Transmitting packet of size 196 out of port 0
[18:39:43.691] [bmv2] [D] [thread 135530] [5.0] [cxt 0] Processing packet received on port 1
[18:39:43.691] [bmv2] [D] [thread 135530] [5.0] [cxt 0] Parser 'parser': start
[18:39:43.691] [bmv2] [D] [thread 135530] [5.0] [cxt 0] Parser 'parser' entering state 'start'
[18:39:43.691] [bmv2] [D] [thread 135530] [5.0] [cxt 0] Extracting header 'ethernet'
[18:39:43.691] [bmv2] [D] [thread 135530] [5.0] [cxt 0] Parser state 'start': key is 86dd
[18:39:43.691] [bmv2] [T] [thread 135530] [5.0] [cxt 0] Bytes parsed: 14
[18:39:43.691] [bmv2] [D] [thread 135530] [5.0] [cxt 0] Parser 'parser': end
[18:39:43.692] [bmv2] [D] [thread 135530] [5.0] [cxt 0] Pipeline 'ingress': start
[18:39:43.692] [bmv2] [T] [thread 135530] [5.0] [cxt 0] basic.p4(119) Condition "        if (hdr.ipv4.isValid()) { /*avaliar a validade do header \"hdr\" aqui ainda OG*/" (node_2) is false
[18:39:43.692] [bmv2] [D] [thread 135530] [5.0] [cxt 0] Pipeline 'ingress': end
[18:39:43.692] [bmv2] [D] [thread 135530] [5.0] [cxt 0] Egress port is 0
[18:39:43.692] [bmv2] [D] [thread 135531] [5.0] [cxt 0] Pipeline 'egress': start
[18:39:43.692] [bmv2] [D] [thread 135531] [5.0] [cxt 0] Pipeline 'egress': end
[18:39:43.692] [bmv2] [D] [thread 135531] [5.0] [cxt 0] Deparser 'deparser': start
[18:39:43.692] [bmv2] [T] [thread 135531] [5.0] [cxt 0] Skipping checksum 'cksum' update because condition not met
[18:39:43.692] [bmv2] [D] [thread 135531] [5.0] [cxt 0] Deparsing header 'ethernet'
[18:39:43.692] [bmv2] [D] [thread 135531] [5.0] [cxt 0] Deparser 'deparser': end
[18:39:43.692] [bmv2] [D] [thread 135535] [5.0] [cxt 0] Transmitting packet of size 196 out of port 0
[18:39:44.040] [bmv2] [D] [thread 135530] [6.0] [cxt 0] Processing packet received on port 1
[18:39:44.040] [bmv2] [D] [thread 135530] [6.0] [cxt 0] Parser 'parser': start
[18:39:44.040] [bmv2] [D] [thread 135530] [6.0] [cxt 0] Parser 'parser' entering state 'start'
[18:39:44.040] [bmv2] [D] [thread 135530] [6.0] [cxt 0] Extracting header 'ethernet'
[18:39:44.040] [bmv2] [D] [thread 135530] [6.0] [cxt 0] Parser state 'start': key is 86dd
[18:39:44.040] [bmv2] [T] [thread 135530] [6.0] [cxt 0] Bytes parsed: 14
[18:39:44.040] [bmv2] [D] [thread 135530] [6.0] [cxt 0] Parser 'parser': end
[18:39:44.040] [bmv2] [D] [thread 135530] [6.0] [cxt 0] Pipeline 'ingress': start
[18:39:44.040] [bmv2] [T] [thread 135530] [6.0] [cxt 0] basic.p4(119) Condition "        if (hdr.ipv4.isValid()) { /*avaliar a validade do header \"hdr\" aqui ainda OG*/" (node_2) is false
[18:39:44.040] [bmv2] [D] [thread 135530] [6.0] [cxt 0] Pipeline 'ingress': end
[18:39:44.040] [bmv2] [D] [thread 135530] [6.0] [cxt 0] Egress port is 0
[18:39:44.040] [bmv2] [D] [thread 135531] [6.0] [cxt 0] Pipeline 'egress': start
[18:39:44.040] [bmv2] [D] [thread 135531] [6.0] [cxt 0] Pipeline 'egress': end
[18:39:44.040] [bmv2] [D] [thread 135531] [6.0] [cxt 0] Deparser 'deparser': start
[18:39:44.040] [bmv2] [T] [thread 135531] [6.0] [cxt 0] Skipping checksum 'cksum' update because condition not met
[18:39:44.040] [bmv2] [D] [thread 135531] [6.0] [cxt 0] Deparsing header 'ethernet'
[18:39:44.040] [bmv2] [D] [thread 135531] [6.0] [cxt 0] Deparser 'deparser': end
[18:39:44.040] [bmv2] [D] [thread 135535] [6.0] [cxt 0] Transmitting packet of size 196 out of port 0
[18:39:44.298] [bmv2] [W] [thread 135598] [P4Runtime] p4::tmp::P4DeviceConfig is deprecated
[18:39:44.304] [bmv2] [D] [thread 135598] Set default default entry for table 'MyIngress.ipv4_lpm': NoAction - 
[18:39:44.305] [bmv2] [D] [thread 135598] simple_switch target has been notified of a config swap
[18:39:44.310] [bmv2] [D] [thread 135598] Set default entry for table 'MyIngress.ipv4_lpm': MyIngress.drop - 
[18:39:44.327] [bmv2] [D] [thread 135599] Entry 0 added to table 'MyIngress.ipv4_lpm'
[18:39:44.327] [bmv2] [D] [thread 135599] Dumping entry 0
Match key:
* hdr.ipv4.dstAddr    : LPM       0a000101/32
Action entry: MyIngress.ipv4_forward - 80000000100,2,

[18:39:44.339] [bmv2] [D] [thread 135598] Entry 1 added to table 'MyIngress.ipv4_lpm'
[18:39:44.340] [bmv2] [D] [thread 135598] Dumping entry 1
Match key:
* hdr.ipv4.dstAddr    : LPM       0a000202/32
Action entry: MyIngress.ipv4_forward - 80000000100,2,

[18:39:44.351] [bmv2] [D] [thread 135599] Entry 2 added to table 'MyIngress.ipv4_lpm'
[18:39:44.351] [bmv2] [D] [thread 135599] Dumping entry 2
Match key:
* hdr.ipv4.dstAddr    : LPM       0a000303/32
Action entry: MyIngress.ipv4_forward - 80000000200,1,

[18:39:44.354] [bmv2] [D] [thread 135598] Entry 3 added to table 'MyIngress.ipv4_lpm'
[18:39:44.354] [bmv2] [D] [thread 135598] Dumping entry 3
Match key:
* hdr.ipv4.dstAddr    : LPM       0a000404/32
Action entry: MyIngress.ipv4_forward - 80000000200,1,

[18:39:45.351] [bmv2] [D] [thread 135530] [7.0] [cxt 0] Processing packet received on port 2
[18:39:45.351] [bmv2] [D] [thread 135530] [7.0] [cxt 0] Parser 'parser': start
[18:39:45.351] [bmv2] [D] [thread 135530] [7.0] [cxt 0] Parser 'parser' entering state 'start'
[18:39:45.351] [bmv2] [D] [thread 135530] [7.0] [cxt 0] Extracting header 'ethernet'
[18:39:45.351] [bmv2] [D] [thread 135530] [7.0] [cxt 0] Parser state 'start': key is 86dd
[18:39:45.351] [bmv2] [T] [thread 135530] [7.0] [cxt 0] Bytes parsed: 14
[18:39:45.351] [bmv2] [D] [thread 135530] [7.0] [cxt 0] Parser 'parser': end
[18:39:45.351] [bmv2] [D] [thread 135530] [7.0] [cxt 0] Pipeline 'ingress': start
[18:39:45.351] [bmv2] [T] [thread 135530] [7.0] [cxt 0] basic.p4(119) Condition "        if (hdr.ipv4.isValid()) { /*avaliar a validade do header \"hdr\" aqui ainda OG*/" (node_2) is false
[18:39:45.351] [bmv2] [D] [thread 135530] [7.0] [cxt 0] Pipeline 'ingress': end
[18:39:45.351] [bmv2] [D] [thread 135530] [7.0] [cxt 0] Egress port is 0
[18:39:45.351] [bmv2] [D] [thread 135531] [7.0] [cxt 0] Pipeline 'egress': start
[18:39:45.351] [bmv2] [D] [thread 135531] [7.0] [cxt 0] Pipeline 'egress': end
[18:39:45.351] [bmv2] [D] [thread 135531] [7.0] [cxt 0] Deparser 'deparser': start
[18:39:45.351] [bmv2] [T] [thread 135531] [7.0] [cxt 0] Skipping checksum 'cksum' update because condition not met
[18:39:45.351] [bmv2] [D] [thread 135531] [7.0] [cxt 0] Deparsing header 'ethernet'
[18:39:45.351] [bmv2] [D] [thread 135531] [7.0] [cxt 0] Deparser 'deparser': end
[18:39:45.351] [bmv2] [D] [thread 135535] [7.0] [cxt 0] Transmitting packet of size 70 out of port 0
[18:39:45.608] [bmv2] [D] [thread 135530] [8.0] [cxt 0] Processing packet received on port 2
[18:39:45.608] [bmv2] [D] [thread 135530] [8.0] [cxt 0] Parser 'parser': start
[18:39:45.608] [bmv2] [D] [thread 135530] [8.0] [cxt 0] Parser 'parser' entering state 'start'
[18:39:45.608] [bmv2] [D] [thread 135530] [8.0] [cxt 0] Extracting header 'ethernet'
[18:39:45.608] [bmv2] [D] [thread 135530] [8.0] [cxt 0] Parser state 'start': key is 86dd
[18:39:45.608] [bmv2] [T] [thread 135530] [8.0] [cxt 0] Bytes parsed: 14
[18:39:45.608] [bmv2] [D] [thread 135530] [8.0] [cxt 0] Parser 'parser': end
[18:39:45.608] [bmv2] [D] [thread 135530] [8.0] [cxt 0] Pipeline 'ingress': start
[18:39:45.608] [bmv2] [T] [thread 135530] [8.0] [cxt 0] basic.p4(119) Condition "        if (hdr.ipv4.isValid()) { /*avaliar a validade do header \"hdr\" aqui ainda OG*/" (node_2) is false
[18:39:45.608] [bmv2] [D] [thread 135530] [8.0] [cxt 0] Pipeline 'ingress': end
[18:39:45.608] [bmv2] [D] [thread 135530] [8.0] [cxt 0] Egress port is 0
[18:39:45.608] [bmv2] [D] [thread 135531] [8.0] [cxt 0] Pipeline 'egress': start
[18:39:45.608] [bmv2] [D] [thread 135531] [8.0] [cxt 0] Pipeline 'egress': end
[18:39:45.608] [bmv2] [D] [thread 135531] [8.0] [cxt 0] Deparser 'deparser': start
[18:39:45.608] [bmv2] [T] [thread 135531] [8.0] [cxt 0] Skipping checksum 'cksum' update because condition not met
[18:39:45.608] [bmv2] [D] [thread 135531] [8.0] [cxt 0] Deparsing header 'ethernet'
[18:39:45.608] [bmv2] [D] [thread 135531] [8.0] [cxt 0] Deparser 'deparser': end
[18:39:45.609] [bmv2] [D] [thread 135535] [8.0] [cxt 0] Transmitting packet of size 70 out of port 0
[18:39:45.723] [bmv2] [D] [thread 135530] [9.0] [cxt 0] Processing packet received on port 2
[18:39:45.723] [bmv2] [D] [thread 135530] [9.0] [cxt 0] Parser 'parser': start
[18:39:45.723] [bmv2] [D] [thread 135530] [9.0] [cxt 0] Parser 'parser' entering state 'start'
[18:39:45.723] [bmv2] [D] [thread 135530] [9.0] [cxt 0] Extracting header 'ethernet'
[18:39:45.723] [bmv2] [D] [thread 135530] [9.0] [cxt 0] Parser state 'start': key is 86dd
[18:39:45.723] [bmv2] [T] [thread 135530] [9.0] [cxt 0] Bytes parsed: 14
[18:39:45.723] [bmv2] [D] [thread 135530] [9.0] [cxt 0] Parser 'parser': end
[18:39:45.723] [bmv2] [D] [thread 135530] [9.0] [cxt 0] Pipeline 'ingress': start
[18:39:45.723] [bmv2] [T] [thread 135530] [9.0] [cxt 0] basic.p4(119) Condition "        if (hdr.ipv4.isValid()) { /*avaliar a validade do header \"hdr\" aqui ainda OG*/" (node_2) is false
[18:39:45.723] [bmv2] [D] [thread 135530] [9.0] [cxt 0] Pipeline 'ingress': end
[18:39:45.723] [bmv2] [D] [thread 135530] [9.0] [cxt 0] Egress port is 0
[18:39:45.723] [bmv2] [D] [thread 135531] [9.0] [cxt 0] Pipeline 'egress': start
[18:39:45.723] [bmv2] [D] [thread 135531] [9.0] [cxt 0] Pipeline 'egress': end
[18:39:45.723] [bmv2] [D] [thread 135531] [9.0] [cxt 0] Deparser 'deparser': start
[18:39:45.723] [bmv2] [T] [thread 135531] [9.0] [cxt 0] Skipping checksum 'cksum' update because condition not met
[18:39:45.723] [bmv2] [D] [thread 135531] [9.0] [cxt 0] Deparsing header 'ethernet'
[18:39:45.723] [bmv2] [D] [thread 135531] [9.0] [cxt 0] Deparser 'deparser': end
[18:39:45.723] [bmv2] [D] [thread 135535] [9.0] [cxt 0] Transmitting packet of size 196 out of port 0
[18:39:45.756] [bmv2] [D] [thread 135530] [10.0] [cxt 0] Processing packet received on port 2
[18:39:45.756] [bmv2] [D] [thread 135530] [10.0] [cxt 0] Parser 'parser': start
[18:39:45.756] [bmv2] [D] [thread 135530] [10.0] [cxt 0] Parser 'parser' entering state 'start'
[18:39:45.756] [bmv2] [D] [thread 135530] [10.0] [cxt 0] Extracting header 'ethernet'
[18:39:45.756] [bmv2] [D] [thread 135530] [10.0] [cxt 0] Parser state 'start': key is 86dd
[18:39:45.756] [bmv2] [T] [thread 135530] [10.0] [cxt 0] Bytes parsed: 14
[18:39:45.756] [bmv2] [D] [thread 135530] [10.0] [cxt 0] Parser 'parser': end
[18:39:45.756] [bmv2] [D] [thread 135530] [10.0] [cxt 0] Pipeline 'ingress': start
[18:39:45.756] [bmv2] [T] [thread 135530] [10.0] [cxt 0] basic.p4(119) Condition "        if (hdr.ipv4.isValid()) { /*avaliar a validade do header \"hdr\" aqui ainda OG*/" (node_2) is false
[18:39:45.756] [bmv2] [D] [thread 135530] [10.0] [cxt 0] Pipeline 'ingress': end
[18:39:45.756] [bmv2] [D] [thread 135530] [10.0] [cxt 0] Egress port is 0
[18:39:45.756] [bmv2] [D] [thread 135531] [10.0] [cxt 0] Pipeline 'egress': start
[18:39:45.756] [bmv2] [D] [thread 135531] [10.0] [cxt 0] Pipeline 'egress': end
[18:39:45.756] [bmv2] [D] [thread 135531] [10.0] [cxt 0] Deparser 'deparser': start
[18:39:45.756] [bmv2] [T] [thread 135531] [10.0] [cxt 0] Skipping checksum 'cksum' update because condition not met
[18:39:45.756] [bmv2] [D] [thread 135531] [10.0] [cxt 0] Deparsing header 'ethernet'
[18:39:45.756] [bmv2] [D] [thread 135531] [10.0] [cxt 0] Deparser 'deparser': end
[18:39:45.756] [bmv2] [D] [thread 135535] [10.0] [cxt 0] Transmitting packet of size 196 out of port 0
[18:39:45.863] [bmv2] [D] [thread 135530] [11.0] [cxt 0] Processing packet received on port 1
[18:39:45.863] [bmv2] [D] [thread 135530] [11.0] [cxt 0] Parser 'parser': start
[18:39:45.863] [bmv2] [D] [thread 135530] [11.0] [cxt 0] Parser 'parser' entering state 'start'
[18:39:45.863] [bmv2] [D] [thread 135530] [11.0] [cxt 0] Extracting header 'ethernet'
[18:39:45.863] [bmv2] [D] [thread 135530] [11.0] [cxt 0] Parser state 'start': key is 86dd
[18:39:45.863] [bmv2] [T] [thread 135530] [11.0] [cxt 0] Bytes parsed: 14
[18:39:45.863] [bmv2] [D] [thread 135530] [11.0] [cxt 0] Parser 'parser': end
[18:39:45.863] [bmv2] [D] [thread 135530] [11.0] [cxt 0] Pipeline 'ingress': start
[18:39:45.863] [bmv2] [T] [thread 135530] [11.0] [cxt 0] basic.p4(119) Condition "        if (hdr.ipv4.isValid()) { /*avaliar a validade do header \"hdr\" aqui ainda OG*/" (node_2) is false
[18:39:45.863] [bmv2] [D] [thread 135530] [11.0] [cxt 0] Pipeline 'ingress': end
[18:39:45.863] [bmv2] [D] [thread 135530] [11.0] [cxt 0] Egress port is 0
[18:39:45.864] [bmv2] [D] [thread 135531] [11.0] [cxt 0] Pipeline 'egress': start
[18:39:45.864] [bmv2] [D] [thread 135531] [11.0] [cxt 0] Pipeline 'egress': end
[18:39:45.864] [bmv2] [D] [thread 135531] [11.0] [cxt 0] Deparser 'deparser': start
[18:39:45.864] [bmv2] [T] [thread 135531] [11.0] [cxt 0] Skipping checksum 'cksum' update because condition not met
[18:39:45.864] [bmv2] [D] [thread 135531] [11.0] [cxt 0] Deparsing header 'ethernet'
[18:39:45.864] [bmv2] [D] [thread 135531] [11.0] [cxt 0] Deparser 'deparser': end
[18:39:45.864] [bmv2] [D] [thread 135535] [11.0] [cxt 0] Transmitting packet of size 70 out of port 0
[18:39:45.883] [bmv2] [D] [thread 135530] [12.0] [cxt 0] Processing packet received on port 1
[18:39:45.883] [bmv2] [D] [thread 135530] [12.0] [cxt 0] Parser 'parser': start
[18:39:45.883] [bmv2] [D] [thread 135530] [12.0] [cxt 0] Parser 'parser' entering state 'start'
[18:39:45.883] [bmv2] [D] [thread 135530] [12.0] [cxt 0] Extracting header 'ethernet'
[18:39:45.884] [bmv2] [D] [thread 135530] [12.0] [cxt 0] Parser state 'start': key is 86dd
[18:39:45.884] [bmv2] [T] [thread 135530] [12.0] [cxt 0] Bytes parsed: 14
[18:39:45.884] [bmv2] [D] [thread 135530] [12.0] [cxt 0] Parser 'parser': end
[18:39:45.884] [bmv2] [D] [thread 135530] [12.0] [cxt 0] Pipeline 'ingress': start
[18:39:45.884] [bmv2] [T] [thread 135530] [12.0] [cxt 0] basic.p4(119) Condition "        if (hdr.ipv4.isValid()) { /*avaliar a validade do header \"hdr\" aqui ainda OG*/" (node_2) is false
[18:39:45.884] [bmv2] [D] [thread 135530] [12.0] [cxt 0] Pipeline 'ingress': end
[18:39:45.884] [bmv2] [D] [thread 135530] [12.0] [cxt 0] Egress port is 0
[18:39:45.884] [bmv2] [D] [thread 135531] [12.0] [cxt 0] Pipeline 'egress': start
[18:39:45.884] [bmv2] [D] [thread 135531] [12.0] [cxt 0] Pipeline 'egress': end
[18:39:45.884] [bmv2] [D] [thread 135531] [12.0] [cxt 0] Deparser 'deparser': start
[18:39:45.884] [bmv2] [T] [thread 135531] [12.0] [cxt 0] Skipping checksum 'cksum' update because condition not met
[18:39:45.884] [bmv2] [D] [thread 135531] [12.0] [cxt 0] Deparsing header 'ethernet'
[18:39:45.884] [bmv2] [D] [thread 135531] [12.0] [cxt 0] Deparser 'deparser': end
[18:39:45.884] [bmv2] [D] [thread 135535] [12.0] [cxt 0] Transmitting packet of size 196 out of port 0
[18:39:46.232] [bmv2] [D] [thread 135530] [13.0] [cxt 0] Processing packet received on port 1
[18:39:46.232] [bmv2] [D] [thread 135530] [13.0] [cxt 0] Parser 'parser': start
[18:39:46.232] [bmv2] [D] [thread 135530] [13.0] [cxt 0] Parser 'parser' entering state 'start'
[18:39:46.232] [bmv2] [D] [thread 135530] [13.0] [cxt 0] Extracting header 'ethernet'
[18:39:46.232] [bmv2] [D] [thread 135530] [13.0] [cxt 0] Parser state 'start': key is 86dd
[18:39:46.232] [bmv2] [T] [thread 135530] [13.0] [cxt 0] Bytes parsed: 14
[18:39:46.232] [bmv2] [D] [thread 135530] [13.0] [cxt 0] Parser 'parser': end
[18:39:46.232] [bmv2] [D] [thread 135530] [13.0] [cxt 0] Pipeline 'ingress': start
[18:39:46.232] [bmv2] [T] [thread 135530] [13.0] [cxt 0] basic.p4(119) Condition "        if (hdr.ipv4.isValid()) { /*avaliar a validade do header \"hdr\" aqui ainda OG*/" (node_2) is false
[18:39:46.232] [bmv2] [D] [thread 135530] [13.0] [cxt 0] Pipeline 'ingress': end
[18:39:46.232] [bmv2] [D] [thread 135530] [13.0] [cxt 0] Egress port is 0
[18:39:46.232] [bmv2] [D] [thread 135531] [13.0] [cxt 0] Pipeline 'egress': start
[18:39:46.232] [bmv2] [D] [thread 135531] [13.0] [cxt 0] Pipeline 'egress': end
[18:39:46.232] [bmv2] [D] [thread 135531] [13.0] [cxt 0] Deparser 'deparser': start
[18:39:46.232] [bmv2] [T] [thread 135531] [13.0] [cxt 0] Skipping checksum 'cksum' update because condition not met
[18:39:46.232] [bmv2] [D] [thread 135531] [13.0] [cxt 0] Deparsing header 'ethernet'
[18:39:46.232] [bmv2] [D] [thread 135531] [13.0] [cxt 0] Deparser 'deparser': end
[18:39:46.232] [bmv2] [D] [thread 135535] [13.0] [cxt 0] Transmitting packet of size 196 out of port 0
[18:39:46.375] [bmv2] [D] [thread 135530] [14.0] [cxt 0] Processing packet received on port 1
[18:39:46.375] [bmv2] [D] [thread 135530] [14.0] [cxt 0] Parser 'parser': start
[18:39:46.375] [bmv2] [D] [thread 135530] [14.0] [cxt 0] Parser 'parser' entering state 'start'
[18:39:46.375] [bmv2] [D] [thread 135530] [14.0] [cxt 0] Extracting header 'ethernet'
[18:39:46.375] [bmv2] [D] [thread 135530] [14.0] [cxt 0] Parser state 'start': key is 86dd
[18:39:46.375] [bmv2] [T] [thread 135530] [14.0] [cxt 0] Bytes parsed: 14
[18:39:46.375] [bmv2] [D] [thread 135530] [14.0] [cxt 0] Parser 'parser': end
[18:39:46.375] [bmv2] [D] [thread 135530] [14.0] [cxt 0] Pipeline 'ingress': start
[18:39:46.375] [bmv2] [T] [thread 135530] [14.0] [cxt 0] basic.p4(119) Condition "        if (hdr.ipv4.isValid()) { /*avaliar a validade do header \"hdr\" aqui ainda OG*/" (node_2) is false
[18:39:46.375] [bmv2] [D] [thread 135530] [14.0] [cxt 0] Pipeline 'ingress': end
[18:39:46.375] [bmv2] [D] [thread 135530] [14.0] [cxt 0] Egress port is 0
[18:39:46.375] [bmv2] [D] [thread 135531] [14.0] [cxt 0] Pipeline 'egress': start
[18:39:46.375] [bmv2] [D] [thread 135531] [14.0] [cxt 0] Pipeline 'egress': end
[18:39:46.375] [bmv2] [D] [thread 135531] [14.0] [cxt 0] Deparser 'deparser': start
[18:39:46.375] [bmv2] [T] [thread 135531] [14.0] [cxt 0] Skipping checksum 'cksum' update because condition not met
[18:39:46.375] [bmv2] [D] [thread 135531] [14.0] [cxt 0] Deparsing header 'ethernet'
[18:39:46.375] [bmv2] [D] [thread 135531] [14.0] [cxt 0] Deparser 'deparser': end
[18:39:46.375] [bmv2] [D] [thread 135535] [14.0] [cxt 0] Transmitting packet of size 70 out of port 0
[18:39:53.031] [bmv2] [D] [thread 135530] [15.0] [cxt 0] Processing packet received on port 2
[18:39:53.031] [bmv2] [D] [thread 135530] [15.0] [cxt 0] Parser 'parser': start
[18:39:53.031] [bmv2] [D] [thread 135530] [15.0] [cxt 0] Parser 'parser' entering state 'start'
[18:39:53.031] [bmv2] [D] [thread 135530] [15.0] [cxt 0] Extracting header 'ethernet'
[18:39:53.031] [bmv2] [D] [thread 135530] [15.0] [cxt 0] Parser state 'start': key is 86dd
[18:39:53.031] [bmv2] [T] [thread 135530] [15.0] [cxt 0] Bytes parsed: 14
[18:39:53.031] [bmv2] [D] [thread 135530] [15.0] [cxt 0] Parser 'parser': end
[18:39:53.031] [bmv2] [D] [thread 135530] [15.0] [cxt 0] Pipeline 'ingress': start
[18:39:53.031] [bmv2] [T] [thread 135530] [15.0] [cxt 0] basic.p4(119) Condition "        if (hdr.ipv4.isValid()) { /*avaliar a validade do header \"hdr\" aqui ainda OG*/" (node_2) is false
[18:39:53.031] [bmv2] [D] [thread 135530] [15.0] [cxt 0] Pipeline 'ingress': end
[18:39:53.031] [bmv2] [D] [thread 135530] [15.0] [cxt 0] Egress port is 0
[18:39:53.031] [bmv2] [D] [thread 135531] [15.0] [cxt 0] Pipeline 'egress': start
[18:39:53.031] [bmv2] [D] [thread 135531] [15.0] [cxt 0] Pipeline 'egress': end
[18:39:53.031] [bmv2] [D] [thread 135531] [15.0] [cxt 0] Deparser 'deparser': start
[18:39:53.031] [bmv2] [T] [thread 135531] [15.0] [cxt 0] Skipping checksum 'cksum' update because condition not met
[18:39:53.031] [bmv2] [D] [thread 135531] [15.0] [cxt 0] Deparsing header 'ethernet'
[18:39:53.031] [bmv2] [D] [thread 135531] [15.0] [cxt 0] Deparser 'deparser': end
[18:39:53.031] [bmv2] [D] [thread 135535] [15.0] [cxt 0] Transmitting packet of size 70 out of port 0
[18:39:53.803] [bmv2] [D] [thread 135530] [16.0] [cxt 0] Processing packet received on port 2
[18:39:53.803] [bmv2] [D] [thread 135530] [16.0] [cxt 0] Parser 'parser': start
[18:39:53.803] [bmv2] [D] [thread 135530] [16.0] [cxt 0] Parser 'parser' entering state 'start'
[18:39:53.803] [bmv2] [D] [thread 135530] [16.0] [cxt 0] Extracting header 'ethernet'
[18:39:53.803] [bmv2] [D] [thread 135530] [16.0] [cxt 0] Parser state 'start': key is 86dd
[18:39:53.803] [bmv2] [T] [thread 135530] [16.0] [cxt 0] Bytes parsed: 14
[18:39:53.803] [bmv2] [D] [thread 135530] [16.0] [cxt 0] Parser 'parser': end
[18:39:53.803] [bmv2] [D] [thread 135530] [16.0] [cxt 0] Pipeline 'ingress': start
[18:39:53.803] [bmv2] [T] [thread 135530] [16.0] [cxt 0] basic.p4(119) Condition "        if (hdr.ipv4.isValid()) { /*avaliar a validade do header \"hdr\" aqui ainda OG*/" (node_2) is false
[18:39:53.803] [bmv2] [D] [thread 135530] [16.0] [cxt 0] Pipeline 'ingress': end
[18:39:53.803] [bmv2] [D] [thread 135530] [16.0] [cxt 0] Egress port is 0
[18:39:53.803] [bmv2] [D] [thread 135531] [16.0] [cxt 0] Pipeline 'egress': start
[18:39:53.803] [bmv2] [D] [thread 135531] [16.0] [cxt 0] Pipeline 'egress': end
[18:39:53.803] [bmv2] [D] [thread 135531] [16.0] [cxt 0] Deparser 'deparser': start
[18:39:53.803] [bmv2] [T] [thread 135531] [16.0] [cxt 0] Skipping checksum 'cksum' update because condition not met
[18:39:53.803] [bmv2] [D] [thread 135531] [16.0] [cxt 0] Deparsing header 'ethernet'
[18:39:53.803] [bmv2] [D] [thread 135531] [16.0] [cxt 0] Deparser 'deparser': end
[18:39:53.803] [bmv2] [D] [thread 135535] [16.0] [cxt 0] Transmitting packet of size 70 out of port 0
[18:39:54.311] [bmv2] [D] [thread 135530] [17.0] [cxt 0] Processing packet received on port 1
[18:39:54.311] [bmv2] [D] [thread 135530] [17.0] [cxt 0] Parser 'parser': start
[18:39:54.311] [bmv2] [D] [thread 135530] [17.0] [cxt 0] Parser 'parser' entering state 'start'
[18:39:54.311] [bmv2] [D] [thread 135530] [17.0] [cxt 0] Extracting header 'ethernet'
[18:39:54.311] [bmv2] [D] [thread 135530] [17.0] [cxt 0] Parser state 'start': key is 86dd
[18:39:54.311] [bmv2] [T] [thread 135530] [17.0] [cxt 0] Bytes parsed: 14
[18:39:54.311] [bmv2] [D] [thread 135530] [17.0] [cxt 0] Parser 'parser': end
[18:39:54.311] [bmv2] [D] [thread 135530] [17.0] [cxt 0] Pipeline 'ingress': start
[18:39:54.311] [bmv2] [T] [thread 135530] [17.0] [cxt 0] basic.p4(119) Condition "        if (hdr.ipv4.isValid()) { /*avaliar a validade do header \"hdr\" aqui ainda OG*/" (node_2) is false
[18:39:54.311] [bmv2] [D] [thread 135530] [17.0] [cxt 0] Pipeline 'ingress': end
[18:39:54.311] [bmv2] [D] [thread 135530] [17.0] [cxt 0] Egress port is 0
[18:39:54.311] [bmv2] [D] [thread 135531] [17.0] [cxt 0] Pipeline 'egress': start
[18:39:54.311] [bmv2] [D] [thread 135531] [17.0] [cxt 0] Pipeline 'egress': end
[18:39:54.311] [bmv2] [D] [thread 135531] [17.0] [cxt 0] Deparser 'deparser': start
[18:39:54.311] [bmv2] [T] [thread 135531] [17.0] [cxt 0] Skipping checksum 'cksum' update because condition not met
[18:39:54.311] [bmv2] [D] [thread 135531] [17.0] [cxt 0] Deparsing header 'ethernet'
[18:39:54.311] [bmv2] [D] [thread 135531] [17.0] [cxt 0] Deparser 'deparser': end
[18:39:54.311] [bmv2] [D] [thread 135535] [17.0] [cxt 0] Transmitting packet of size 70 out of port 0
[18:39:55.080] [bmv2] [D] [thread 135530] [18.0] [cxt 0] Processing packet received on port 1
[18:39:55.080] [bmv2] [D] [thread 135530] [18.0] [cxt 0] Parser 'parser': start
[18:39:55.080] [bmv2] [D] [thread 135530] [18.0] [cxt 0] Parser 'parser' entering state 'start'
[18:39:55.080] [bmv2] [D] [thread 135530] [18.0] [cxt 0] Extracting header 'ethernet'
[18:39:55.080] [bmv2] [D] [thread 135530] [18.0] [cxt 0] Parser state 'start': key is 86dd
[18:39:55.080] [bmv2] [T] [thread 135530] [18.0] [cxt 0] Bytes parsed: 14
[18:39:55.080] [bmv2] [D] [thread 135530] [18.0] [cxt 0] Parser 'parser': end
[18:39:55.080] [bmv2] [D] [thread 135530] [18.0] [cxt 0] Pipeline 'ingress': start
[18:39:55.080] [bmv2] [T] [thread 135530] [18.0] [cxt 0] basic.p4(119) Condition "        if (hdr.ipv4.isValid()) { /*avaliar a validade do header \"hdr\" aqui ainda OG*/" (node_2) is false
[18:39:55.080] [bmv2] [D] [thread 135530] [18.0] [cxt 0] Pipeline 'ingress': end
[18:39:55.080] [bmv2] [D] [thread 135530] [18.0] [cxt 0] Egress port is 0
[18:39:55.080] [bmv2] [D] [thread 135531] [18.0] [cxt 0] Pipeline 'egress': start
[18:39:55.080] [bmv2] [D] [thread 135531] [18.0] [cxt 0] Pipeline 'egress': end
[18:39:55.080] [bmv2] [D] [thread 135531] [18.0] [cxt 0] Deparser 'deparser': start
[18:39:55.080] [bmv2] [T] [thread 135531] [18.0] [cxt 0] Skipping checksum 'cksum' update because condition not met
[18:39:55.080] [bmv2] [D] [thread 135531] [18.0] [cxt 0] Deparsing header 'ethernet'
[18:39:55.080] [bmv2] [D] [thread 135531] [18.0] [cxt 0] Deparser 'deparser': end
[18:39:55.080] [bmv2] [D] [thread 135535] [18.0] [cxt 0] Transmitting packet of size 70 out of port 0
[18:40:08.393] [bmv2] [D] [thread 135530] [19.0] [cxt 0] Processing packet received on port 2
[18:40:08.393] [bmv2] [D] [thread 135530] [19.0] [cxt 0] Parser 'parser': start
[18:40:08.393] [bmv2] [D] [thread 135530] [19.0] [cxt 0] Parser 'parser' entering state 'start'
[18:40:08.393] [bmv2] [D] [thread 135530] [19.0] [cxt 0] Extracting header 'ethernet'
[18:40:08.393] [bmv2] [D] [thread 135530] [19.0] [cxt 0] Parser state 'start': key is 86dd
[18:40:08.393] [bmv2] [T] [thread 135530] [19.0] [cxt 0] Bytes parsed: 14
[18:40:08.393] [bmv2] [D] [thread 135530] [19.0] [cxt 0] Parser 'parser': end
[18:40:08.393] [bmv2] [D] [thread 135530] [19.0] [cxt 0] Pipeline 'ingress': start
[18:40:08.393] [bmv2] [T] [thread 135530] [19.0] [cxt 0] basic.p4(119) Condition "        if (hdr.ipv4.isValid()) { /*avaliar a validade do header \"hdr\" aqui ainda OG*/" (node_2) is false
[18:40:08.393] [bmv2] [D] [thread 135530] [19.0] [cxt 0] Pipeline 'ingress': end
[18:40:08.393] [bmv2] [D] [thread 135530] [19.0] [cxt 0] Egress port is 0
[18:40:08.393] [bmv2] [D] [thread 135531] [19.0] [cxt 0] Pipeline 'egress': start
[18:40:08.393] [bmv2] [D] [thread 135531] [19.0] [cxt 0] Pipeline 'egress': end
[18:40:08.393] [bmv2] [D] [thread 135531] [19.0] [cxt 0] Deparser 'deparser': start
[18:40:08.393] [bmv2] [T] [thread 135531] [19.0] [cxt 0] Skipping checksum 'cksum' update because condition not met
[18:40:08.393] [bmv2] [D] [thread 135531] [19.0] [cxt 0] Deparsing header 'ethernet'
[18:40:08.393] [bmv2] [D] [thread 135531] [19.0] [cxt 0] Deparser 'deparser': end
[18:40:08.393] [bmv2] [D] [thread 135535] [19.0] [cxt 0] Transmitting packet of size 70 out of port 0
[18:40:10.695] [bmv2] [D] [thread 135530] [20.0] [cxt 0] Processing packet received on port 2
[18:40:10.695] [bmv2] [D] [thread 135530] [20.0] [cxt 0] Parser 'parser': start
[18:40:10.695] [bmv2] [D] [thread 135530] [20.0] [cxt 0] Parser 'parser' entering state 'start'
[18:40:10.695] [bmv2] [D] [thread 135530] [20.0] [cxt 0] Extracting header 'ethernet'
[18:40:10.695] [bmv2] [D] [thread 135530] [20.0] [cxt 0] Parser state 'start': key is 86dd
[18:40:10.695] [bmv2] [T] [thread 135530] [20.0] [cxt 0] Bytes parsed: 14
[18:40:10.695] [bmv2] [D] [thread 135530] [20.0] [cxt 0] Parser 'parser': end
[18:40:10.695] [bmv2] [D] [thread 135530] [20.0] [cxt 0] Pipeline 'ingress': start
[18:40:10.695] [bmv2] [T] [thread 135530] [20.0] [cxt 0] basic.p4(119) Condition "        if (hdr.ipv4.isValid()) { /*avaliar a validade do header \"hdr\" aqui ainda OG*/" (node_2) is false
[18:40:10.695] [bmv2] [D] [thread 135530] [20.0] [cxt 0] Pipeline 'ingress': end
[18:40:10.695] [bmv2] [D] [thread 135530] [20.0] [cxt 0] Egress port is 0
[18:40:10.695] [bmv2] [D] [thread 135531] [20.0] [cxt 0] Pipeline 'egress': start
[18:40:10.695] [bmv2] [D] [thread 135531] [20.0] [cxt 0] Pipeline 'egress': end
[18:40:10.695] [bmv2] [D] [thread 135531] [20.0] [cxt 0] Deparser 'deparser': start
[18:40:10.695] [bmv2] [T] [thread 135531] [20.0] [cxt 0] Skipping checksum 'cksum' update because condition not met
[18:40:10.695] [bmv2] [D] [thread 135531] [20.0] [cxt 0] Deparsing header 'ethernet'
[18:40:10.695] [bmv2] [D] [thread 135531] [20.0] [cxt 0] Deparser 'deparser': end
[18:40:10.696] [bmv2] [D] [thread 135535] [20.0] [cxt 0] Transmitting packet of size 70 out of port 0
[18:40:12.744] [bmv2] [D] [thread 135530] [21.0] [cxt 0] Processing packet received on port 1
[18:40:12.744] [bmv2] [D] [thread 135530] [21.0] [cxt 0] Parser 'parser': start
[18:40:12.744] [bmv2] [D] [thread 135530] [21.0] [cxt 0] Parser 'parser' entering state 'start'
[18:40:12.744] [bmv2] [D] [thread 135530] [21.0] [cxt 0] Extracting header 'ethernet'
[18:40:12.744] [bmv2] [D] [thread 135530] [21.0] [cxt 0] Parser state 'start': key is 86dd
[18:40:12.744] [bmv2] [T] [thread 135530] [21.0] [cxt 0] Bytes parsed: 14
[18:40:12.744] [bmv2] [D] [thread 135530] [21.0] [cxt 0] Parser 'parser': end
[18:40:12.744] [bmv2] [D] [thread 135530] [21.0] [cxt 0] Pipeline 'ingress': start
[18:40:12.744] [bmv2] [T] [thread 135530] [21.0] [cxt 0] basic.p4(119) Condition "        if (hdr.ipv4.isValid()) { /*avaliar a validade do header \"hdr\" aqui ainda OG*/" (node_2) is false
[18:40:12.744] [bmv2] [D] [thread 135530] [21.0] [cxt 0] Pipeline 'ingress': end
[18:40:12.744] [bmv2] [D] [thread 135530] [21.0] [cxt 0] Egress port is 0
[18:40:12.744] [bmv2] [D] [thread 135531] [21.0] [cxt 0] Pipeline 'egress': start
[18:40:12.744] [bmv2] [D] [thread 135531] [21.0] [cxt 0] Pipeline 'egress': end
[18:40:12.744] [bmv2] [D] [thread 135531] [21.0] [cxt 0] Deparser 'deparser': start
[18:40:12.744] [bmv2] [T] [thread 135531] [21.0] [cxt 0] Skipping checksum 'cksum' update because condition not met
[18:40:12.744] [bmv2] [D] [thread 135531] [21.0] [cxt 0] Deparsing header 'ethernet'
[18:40:12.744] [bmv2] [D] [thread 135531] [21.0] [cxt 0] Deparser 'deparser': end
[18:40:12.744] [bmv2] [D] [thread 135535] [21.0] [cxt 0] Transmitting packet of size 70 out of port 0
[18:40:14.791] [bmv2] [D] [thread 135530] [22.0] [cxt 0] Processing packet received on port 1
[18:40:14.791] [bmv2] [D] [thread 135530] [22.0] [cxt 0] Parser 'parser': start
[18:40:14.791] [bmv2] [D] [thread 135530] [22.0] [cxt 0] Parser 'parser' entering state 'start'
[18:40:14.791] [bmv2] [D] [thread 135530] [22.0] [cxt 0] Extracting header 'ethernet'
[18:40:14.791] [bmv2] [D] [thread 135530] [22.0] [cxt 0] Parser state 'start': key is 86dd
[18:40:14.791] [bmv2] [T] [thread 135530] [22.0] [cxt 0] Bytes parsed: 14
[18:40:14.791] [bmv2] [D] [thread 135530] [22.0] [cxt 0] Parser 'parser': end
[18:40:14.791] [bmv2] [D] [thread 135530] [22.0] [cxt 0] Pipeline 'ingress': start
[18:40:14.791] [bmv2] [T] [thread 135530] [22.0] [cxt 0] basic.p4(119) Condition "        if (hdr.ipv4.isValid()) { /*avaliar a validade do header \"hdr\" aqui ainda OG*/" (node_2) is false
[18:40:14.791] [bmv2] [D] [thread 135530] [22.0] [cxt 0] Pipeline 'ingress': end
[18:40:14.791] [bmv2] [D] [thread 135530] [22.0] [cxt 0] Egress port is 0
[18:40:14.791] [bmv2] [D] [thread 135531] [22.0] [cxt 0] Pipeline 'egress': start
[18:40:14.791] [bmv2] [D] [thread 135531] [22.0] [cxt 0] Pipeline 'egress': end
[18:40:14.791] [bmv2] [D] [thread 135531] [22.0] [cxt 0] Deparser 'deparser': start
[18:40:14.791] [bmv2] [T] [thread 135531] [22.0] [cxt 0] Skipping checksum 'cksum' update because condition not met
[18:40:14.791] [bmv2] [D] [thread 135531] [22.0] [cxt 0] Deparsing header 'ethernet'
[18:40:14.791] [bmv2] [D] [thread 135531] [22.0] [cxt 0] Deparser 'deparser': end
[18:40:14.791] [bmv2] [D] [thread 135535] [22.0] [cxt 0] Transmitting packet of size 70 out of port 0
[18:40:39.370] [bmv2] [D] [thread 135530] [23.0] [cxt 0] Processing packet received on port 2
[18:40:39.370] [bmv2] [D] [thread 135530] [23.0] [cxt 0] Parser 'parser': start
[18:40:39.370] [bmv2] [D] [thread 135530] [23.0] [cxt 0] Parser 'parser' entering state 'start'
[18:40:39.370] [bmv2] [D] [thread 135530] [23.0] [cxt 0] Extracting header 'ethernet'
[18:40:39.370] [bmv2] [D] [thread 135530] [23.0] [cxt 0] Parser state 'start': key is 86dd
[18:40:39.370] [bmv2] [T] [thread 135530] [23.0] [cxt 0] Bytes parsed: 14
[18:40:39.370] [bmv2] [D] [thread 135530] [23.0] [cxt 0] Parser 'parser': end
[18:40:39.370] [bmv2] [D] [thread 135530] [23.0] [cxt 0] Pipeline 'ingress': start
[18:40:39.370] [bmv2] [T] [thread 135530] [23.0] [cxt 0] basic.p4(119) Condition "        if (hdr.ipv4.isValid()) { /*avaliar a validade do header \"hdr\" aqui ainda OG*/" (node_2) is false
[18:40:39.370] [bmv2] [D] [thread 135530] [23.0] [cxt 0] Pipeline 'ingress': end
[18:40:39.370] [bmv2] [D] [thread 135530] [23.0] [cxt 0] Egress port is 0
[18:40:39.373] [bmv2] [D] [thread 135531] [23.0] [cxt 0] Pipeline 'egress': start
[18:40:39.373] [bmv2] [D] [thread 135531] [23.0] [cxt 0] Pipeline 'egress': end
[18:40:39.373] [bmv2] [D] [thread 135531] [23.0] [cxt 0] Deparser 'deparser': start
[18:40:39.373] [bmv2] [T] [thread 135531] [23.0] [cxt 0] Skipping checksum 'cksum' update because condition not met
[18:40:39.373] [bmv2] [D] [thread 135531] [23.0] [cxt 0] Deparsing header 'ethernet'
[18:40:39.373] [bmv2] [D] [thread 135531] [23.0] [cxt 0] Deparser 'deparser': end
[18:40:39.373] [bmv2] [D] [thread 135535] [23.0] [cxt 0] Transmitting packet of size 70 out of port 0
[18:40:45.511] [bmv2] [D] [thread 135530] [24.0] [cxt 0] Processing packet received on port 2
[18:40:45.511] [bmv2] [D] [thread 135530] [24.0] [cxt 0] Parser 'parser': start
[18:40:45.511] [bmv2] [D] [thread 135530] [24.0] [cxt 0] Parser 'parser' entering state 'start'
[18:40:45.511] [bmv2] [D] [thread 135530] [24.0] [cxt 0] Extracting header 'ethernet'
[18:40:45.511] [bmv2] [D] [thread 135530] [24.0] [cxt 0] Parser state 'start': key is 86dd
[18:40:45.511] [bmv2] [T] [thread 135530] [24.0] [cxt 0] Bytes parsed: 14
[18:40:45.511] [bmv2] [D] [thread 135530] [24.0] [cxt 0] Parser 'parser': end
[18:40:45.511] [bmv2] [D] [thread 135530] [24.0] [cxt 0] Pipeline 'ingress': start
[18:40:45.511] [bmv2] [T] [thread 135530] [24.0] [cxt 0] basic.p4(119) Condition "        if (hdr.ipv4.isValid()) { /*avaliar a validade do header \"hdr\" aqui ainda OG*/" (node_2) is false
[18:40:45.511] [bmv2] [D] [thread 135530] [24.0] [cxt 0] Pipeline 'ingress': end
[18:40:45.511] [bmv2] [D] [thread 135530] [24.0] [cxt 0] Egress port is 0
[18:40:45.511] [bmv2] [D] [thread 135531] [24.0] [cxt 0] Pipeline 'egress': start
[18:40:45.511] [bmv2] [D] [thread 135531] [24.0] [cxt 0] Pipeline 'egress': end
[18:40:45.511] [bmv2] [D] [thread 135531] [24.0] [cxt 0] Deparser 'deparser': start
[18:40:45.511] [bmv2] [T] [thread 135531] [24.0] [cxt 0] Skipping checksum 'cksum' update because condition not met
[18:40:45.511] [bmv2] [D] [thread 135531] [24.0] [cxt 0] Deparsing header 'ethernet'
[18:40:45.511] [bmv2] [D] [thread 135531] [24.0] [cxt 0] Deparser 'deparser': end
[18:40:45.512] [bmv2] [D] [thread 135535] [24.0] [cxt 0] Transmitting packet of size 70 out of port 0
[18:40:47.559] [bmv2] [D] [thread 135530] [25.0] [cxt 0] Processing packet received on port 1
[18:40:47.559] [bmv2] [D] [thread 135530] [25.0] [cxt 0] Parser 'parser': start
[18:40:47.559] [bmv2] [D] [thread 135530] [25.0] [cxt 0] Parser 'parser' entering state 'start'
[18:40:47.559] [bmv2] [D] [thread 135530] [25.0] [cxt 0] Extracting header 'ethernet'
[18:40:47.559] [bmv2] [D] [thread 135530] [25.0] [cxt 0] Parser state 'start': key is 86dd
[18:40:47.559] [bmv2] [T] [thread 135530] [25.0] [cxt 0] Bytes parsed: 14
[18:40:47.559] [bmv2] [D] [thread 135530] [25.0] [cxt 0] Parser 'parser': end
[18:40:47.559] [bmv2] [D] [thread 135530] [25.0] [cxt 0] Pipeline 'ingress': start
[18:40:47.559] [bmv2] [T] [thread 135530] [25.0] [cxt 0] basic.p4(119) Condition "        if (hdr.ipv4.isValid()) { /*avaliar a validade do header \"hdr\" aqui ainda OG*/" (node_2) is false
[18:40:47.559] [bmv2] [D] [thread 135530] [25.0] [cxt 0] Pipeline 'ingress': end
[18:40:47.559] [bmv2] [D] [thread 135530] [25.0] [cxt 0] Egress port is 0
[18:40:47.559] [bmv2] [D] [thread 135531] [25.0] [cxt 0] Pipeline 'egress': start
[18:40:47.559] [bmv2] [D] [thread 135531] [25.0] [cxt 0] Pipeline 'egress': end
[18:40:47.559] [bmv2] [D] [thread 135531] [25.0] [cxt 0] Deparser 'deparser': start
[18:40:47.559] [bmv2] [T] [thread 135531] [25.0] [cxt 0] Skipping checksum 'cksum' update because condition not met
[18:40:47.559] [bmv2] [D] [thread 135531] [25.0] [cxt 0] Deparsing header 'ethernet'
[18:40:47.559] [bmv2] [D] [thread 135531] [25.0] [cxt 0] Deparser 'deparser': end
[18:40:47.560] [bmv2] [D] [thread 135535] [25.0] [cxt 0] Transmitting packet of size 70 out of port 0
[18:40:49.607] [bmv2] [D] [thread 135530] [26.0] [cxt 0] Processing packet received on port 1
[18:40:49.607] [bmv2] [D] [thread 135530] [26.0] [cxt 0] Parser 'parser': start
[18:40:49.607] [bmv2] [D] [thread 135530] [26.0] [cxt 0] Parser 'parser' entering state 'start'
[18:40:49.607] [bmv2] [D] [thread 135530] [26.0] [cxt 0] Extracting header 'ethernet'
[18:40:49.607] [bmv2] [D] [thread 135530] [26.0] [cxt 0] Parser state 'start': key is 86dd
[18:40:49.607] [bmv2] [T] [thread 135530] [26.0] [cxt 0] Bytes parsed: 14
[18:40:49.607] [bmv2] [D] [thread 135530] [26.0] [cxt 0] Parser 'parser': end
[18:40:49.607] [bmv2] [D] [thread 135530] [26.0] [cxt 0] Pipeline 'ingress': start
[18:40:49.607] [bmv2] [T] [thread 135530] [26.0] [cxt 0] basic.p4(119) Condition "        if (hdr.ipv4.isValid()) { /*avaliar a validade do header \"hdr\" aqui ainda OG*/" (node_2) is false
[18:40:49.607] [bmv2] [D] [thread 135530] [26.0] [cxt 0] Pipeline 'ingress': end
[18:40:49.607] [bmv2] [D] [thread 135530] [26.0] [cxt 0] Egress port is 0
[18:40:49.607] [bmv2] [D] [thread 135531] [26.0] [cxt 0] Pipeline 'egress': start
[18:40:49.607] [bmv2] [D] [thread 135531] [26.0] [cxt 0] Pipeline 'egress': end
[18:40:49.607] [bmv2] [D] [thread 135531] [26.0] [cxt 0] Deparser 'deparser': start
[18:40:49.607] [bmv2] [T] [thread 135531] [26.0] [cxt 0] Skipping checksum 'cksum' update because condition not met
[18:40:49.607] [bmv2] [D] [thread 135531] [26.0] [cxt 0] Deparsing header 'ethernet'
[18:40:49.607] [bmv2] [D] [thread 135531] [26.0] [cxt 0] Deparser 'deparser': end
[18:40:49.607] [bmv2] [D] [thread 135535] [26.0] [cxt 0] Transmitting packet of size 70 out of port 0
open: No such file or directory
open: No such file or directory
open: No such file or directory
open: No such file or directory
