stratum_bmv2 -device_id=1 -chassis_config_file=/tmp/r9/chassis-config.txt -forwarding_pipeline_configs_file=/tmp/r9/pipe.txt -persistent_config_dir=/tmp/r9 -initial_pipeline=/root/dummy.json -cpu_port=255 -external_stratum_urls=0.0.0.0:50009 -local_stratum_url=localhost:33573 -max_num_controllers_per_node=10 -write_req_log_file=/tmp/r9/write-reqs.txt -logtosyslog=false -logtostderr=true -bmv2_log_level=warn

--------------------------------------------------------------------------------

E0212 17:24:35.733639   342 main.cc:121] Starting bmv2 simple_switch and waiting for P4 pipeline
W0212 17:24:35.779551   342 credentials_manager.cc:45] Using insecure server credentials
I0212 17:24:35.788679   342 timer_daemon.cc:90] The timer daemon has been started.
I0212 17:24:35.789301   342 hal.cc:128] Setting up HAL in COLDBOOT mode...
I0212 17:24:35.860396   342 config_monitoring_service.cc:90] Pushing the saved chassis config read from /tmp/r9/chassis-config.txt...
I0212 17:24:35.931941   342 bmv2_chassis_manager.cc:476] Registered port status callbacks successfully for node 1.
I0212 17:24:35.937227   342 bmv2_chassis_manager.cc:61] Adding port 1 to node 1
I0212 17:24:35.976190   342 bmv2_chassis_manager.cc:61] Adding port 2 to node 1
I0212 17:24:36.014230   342 bmv2_chassis_manager.cc:61] Adding port 3 to node 1
I0212 17:24:36.050874   342 bmv2_chassis_manager.cc:61] Adding port 4 to node 1
I0212 17:24:36.120924   342 bmv2_chassis_manager.cc:61] Adding port 5 to node 1
I0212 17:24:36.170526   385 bmv2_chassis_manager.cc:409] State of port 1 in node 1: UP.
I0212 17:24:36.202905   385 bmv2_chassis_manager.cc:409] State of port 2 in node 1: UP.
I0212 17:24:36.204448   385 bmv2_chassis_manager.cc:409] State of port 3 in node 1: UP.
I0212 17:24:36.222110   385 bmv2_chassis_manager.cc:409] State of port 4 in node 1: UP.
I0212 17:24:36.223179   385 bmv2_chassis_manager.cc:409] State of port 5 in node 1: UP.
I0212 17:24:36.200707   342 p4_service.cc:119] Pushing the saved forwarding pipeline configs read from /tmp/r9/pipe.txt...
E0212 17:24:36.250737   342 utils.cc:109] StratumErrorSpace::ERR_FILE_NOT_FOUND: /tmp/r9/pipe.txt not found.
E0212 17:24:36.264591   342 utils.cc:65] Return Error: ReadFileToString(filename, &text) failed with StratumErrorSpace::ERR_FILE_NOT_FOUND: /tmp/r9/pipe.txt not found.
W0212 17:24:36.266211   342 p4_service.cc:128] No saved forwarding pipeline config found at /tmp/r9/pipe.txt. This is normal when the switch is just installed and no master controller is connected yet.
E0212 17:24:36.277007727     342 server_chttp2.cc:40]        {"created":"@1707758676.276955881","description":"Only 1 addresses added out of total 2 resolved","file":"external/com_github_grpc_grpc/src/core/ext/transport/chttp2/server/chttp2_server.cc","file_line":406,"referenced_errors":[{"created":"@1707758676.276951224","description":"Address family not supported by protocol","errno":97,"file":"external/com_github_grpc_grpc/src/core/lib/iomgr/socket_utils_common_posix.cc","file_line":420,"os_error":"Address family not supported by protocol","syscall":"socket","target_address":"[::1]:33573"}]}
E0212 17:24:36.278959   342 hal.cc:223] Stratum external facing services are listening to 0.0.0.0:50009, localhost:33573...
I0212 17:25:57.154814   425 p4_service.cc:696] Controller (connection_id: 1, election_id: 20, uri: ipv4:172.22.0.3:47740) is connected as MASTER for node (aka device) with ID 1.
I0212 17:25:59.687117   548 bmv2_switch.cc:74] P4-based forwarding pipeline config pushed successfully to node with ID 1.
E0212 17:26:01.621016   548 bmv2_switch.cc:189] StratumErrorSpace::ERR_INTERNAL: Not supported yet
E0212 17:26:01.661664   548 bmv2_switch.cc:189] StratumErrorSpace::ERR_INTERNAL: Not supported yet
E0212 17:26:01.665458   548 bmv2_switch.cc:189] StratumErrorSpace::ERR_INTERNAL: Not supported yet
E0212 17:26:01.682616   548 bmv2_switch.cc:189] StratumErrorSpace::ERR_INTERNAL: Not supported yet
E0212 17:26:01.684901   548 bmv2_switch.cc:189] StratumErrorSpace::ERR_INTERNAL: Not supported yet
E0212 17:26:01.711635   548 bmv2_switch.cc:189] StratumErrorSpace::ERR_INTERNAL: Not supported yet
E0212 17:26:01.758620   548 bmv2_switch.cc:189] StratumErrorSpace::ERR_INTERNAL: Not supported yet
E0212 17:26:01.760176   548 bmv2_switch.cc:189] StratumErrorSpace::ERR_INTERNAL: Not supported yet
E0212 17:26:01.816296   548 bmv2_switch.cc:189] StratumErrorSpace::ERR_INTERNAL: Not supported yet
E0212 17:26:01.817137   548 bmv2_switch.cc:189] StratumErrorSpace::ERR_INTERNAL: Not supported yet
E0212 17:26:01.822237   548 bmv2_switch.cc:189] StratumErrorSpace::ERR_INTERNAL: Not supported yet
E0212 17:26:01.875490   548 bmv2_switch.cc:189] StratumErrorSpace::ERR_INTERNAL: Not supported yet
E0212 17:26:01.898763   548 bmv2_switch.cc:189] StratumErrorSpace::ERR_INTERNAL: Not supported yet
E0212 17:26:02.010483   548 bmv2_switch.cc:189] StratumErrorSpace::ERR_INTERNAL: Not supported yet
E0212 17:26:02.052388   548 bmv2_switch.cc:189] StratumErrorSpace::ERR_INTERNAL: Not supported yet
E0212 17:26:02.053658   548 bmv2_switch.cc:189] StratumErrorSpace::ERR_INTERNAL: Not supported yet
E0212 17:26:02.139535   548 bmv2_switch.cc:189] StratumErrorSpace::ERR_INTERNAL: Not supported yet
E0212 17:26:02.141008   548 bmv2_switch.cc:189] StratumErrorSpace::ERR_INTERNAL: Not supported yet
E0212 17:26:02.234622   548 bmv2_switch.cc:189] StratumErrorSpace::ERR_INTERNAL: Not supported yet
E0212 17:26:02.235270   548 bmv2_switch.cc:189] StratumErrorSpace::ERR_INTERNAL: Not supported yet
E0212 17:26:02.310873   548 bmv2_switch.cc:189] StratumErrorSpace::ERR_INTERNAL: Not supported yet
E0212 17:26:02.311803   548 bmv2_switch.cc:189] StratumErrorSpace::ERR_INTERNAL: Not supported yet
E0212 17:26:02.322317   548 bmv2_switch.cc:189] StratumErrorSpace::ERR_INTERNAL: Not supported yet
E0212 17:26:02.323942   548 bmv2_switch.cc:189] StratumErrorSpace::ERR_INTERNAL: Not supported yet
E0212 17:26:02.324788   548 bmv2_switch.cc:189] StratumErrorSpace::ERR_INTERNAL: Not supported yet
I0212 17:26:03.479708   548 config_monitoring_service.cc:377] Initial Subscribe request from ipv4:172.22.0.3:47746 over stream 0x7f140b7fd510.
I0212 17:26:03.614868   425 p4_service.cc:696] Controller (connection_id: 1, election_id: 20, uri: ipv4:172.22.0.3:47740) is connected as MASTER for node (aka device) with ID 1.
I0212 17:26:04.969918   425 p4_service.cc:696] Controller (connection_id: 1, election_id: 20, uri: ipv4:172.22.0.3:47740) is connected as MASTER for node (aka device) with ID 1.
