Calling target program-options parser
[17:55:18.896] [bmv2] [D] [thread 3986] Set default default entry for table 'MyIngress.ipv4_lpm': MyIngress.drop - 
[17:55:18.896] [bmv2] [D] [thread 3986] Set default default entry for table 'MyIngress.myTunnel_exact': MyIngress.drop - 
Adding interface s3-eth1 as port 1
[17:55:18.897] [bmv2] [D] [thread 3986] Adding interface s3-eth1 as port 1
Adding interface s3-eth2 as port 2
[17:55:18.948] [bmv2] [D] [thread 3986] Adding interface s3-eth2 as port 2
Adding interface s3-eth3 as port 3
[17:55:19.000] [bmv2] [D] [thread 3986] Adding interface s3-eth3 as port 3
Server listening on 0.0.0.0:50053
[17:55:19.061] [bmv2] [I] [thread 3986] Starting Thrift server on port 9092
[17:55:19.062] [bmv2] [I] [thread 3986] Thrift server was started
[17:55:19.190] [bmv2] [D] [thread 3999] [0.0] [cxt 0] Processing packet received on port 1
[17:55:19.191] [bmv2] [D] [thread 3999] [0.0] [cxt 0] Parser 'parser': start
[17:55:19.191] [bmv2] [D] [thread 3999] [0.0] [cxt 0] Parser 'parser' entering state 'start'
[17:55:19.191] [bmv2] [D] [thread 3999] [0.0] [cxt 0] Extracting header 'ethernet'
[17:55:19.191] [bmv2] [D] [thread 3999] [0.0] [cxt 0] Parser state 'start': key is 86dd
[17:55:19.191] [bmv2] [T] [thread 3999] [0.0] [cxt 0] Bytes parsed: 14
[17:55:19.191] [bmv2] [D] [thread 3999] [0.0] [cxt 0] Parser 'parser': end
[17:55:19.191] [bmv2] [D] [thread 3999] [0.0] [cxt 0] Pipeline 'ingress': start
[17:55:19.191] [bmv2] [T] [thread 3999] [0.0] [cxt 0] basic_tunnel.p4(152) Condition "hdr.ipv4.isValid() && !hdr.myTunnel.isValid()" (node_2) is false
[17:55:19.191] [bmv2] [T] [thread 3999] [0.0] [cxt 0] basic_tunnel.p4(155) Condition "hdr.myTunnel.isValid()" (node_4) is false
[17:55:19.191] [bmv2] [D] [thread 3999] [0.0] [cxt 0] Pipeline 'ingress': end
[17:55:19.191] [bmv2] [D] [thread 3999] [0.0] [cxt 0] Egress port is 0
[17:55:19.191] [bmv2] [D] [thread 3999] [1.0] [cxt 0] Processing packet received on port 2
[17:55:19.191] [bmv2] [D] [thread 3999] [1.0] [cxt 0] Parser 'parser': start
[17:55:19.191] [bmv2] [D] [thread 3999] [1.0] [cxt 0] Parser 'parser' entering state 'start'
[17:55:19.191] [bmv2] [D] [thread 3999] [1.0] [cxt 0] Extracting header 'ethernet'
[17:55:19.191] [bmv2] [D] [thread 3999] [1.0] [cxt 0] Parser state 'start': key is 86dd
[17:55:19.191] [bmv2] [T] [thread 3999] [1.0] [cxt 0] Bytes parsed: 14
[17:55:19.191] [bmv2] [D] [thread 3999] [1.0] [cxt 0] Parser 'parser': end
[17:55:19.191] [bmv2] [D] [thread 3999] [1.0] [cxt 0] Pipeline 'ingress': start
[17:55:19.191] [bmv2] [T] [thread 3999] [1.0] [cxt 0] basic_tunnel.p4(152) Condition "hdr.ipv4.isValid() && !hdr.myTunnel.isValid()" (node_2) is false
[17:55:19.191] [bmv2] [T] [thread 3999] [1.0] [cxt 0] basic_tunnel.p4(155) Condition "hdr.myTunnel.isValid()" (node_4) is false
[17:55:19.191] [bmv2] [D] [thread 3999] [1.0] [cxt 0] Pipeline 'ingress': end
[17:55:19.191] [bmv2] [D] [thread 3999] [1.0] [cxt 0] Egress port is 0
[17:55:19.191] [bmv2] [D] [thread 3999] [2.0] [cxt 0] Processing packet received on port 1
[17:55:19.191] [bmv2] [D] [thread 3999] [2.0] [cxt 0] Parser 'parser': start
[17:55:19.191] [bmv2] [D] [thread 3999] [2.0] [cxt 0] Parser 'parser' entering state 'start'
[17:55:19.191] [bmv2] [D] [thread 3999] [2.0] [cxt 0] Extracting header 'ethernet'
[17:55:19.191] [bmv2] [D] [thread 3999] [2.0] [cxt 0] Parser state 'start': key is 86dd
[17:55:19.191] [bmv2] [T] [thread 3999] [2.0] [cxt 0] Bytes parsed: 14
[17:55:19.191] [bmv2] [D] [thread 3999] [2.0] [cxt 0] Parser 'parser': end
[17:55:19.191] [bmv2] [D] [thread 3999] [2.0] [cxt 0] Pipeline 'ingress': start
[17:55:19.191] [bmv2] [T] [thread 3999] [2.0] [cxt 0] basic_tunnel.p4(152) Condition "hdr.ipv4.isValid() && !hdr.myTunnel.isValid()" (node_2) is false
[17:55:19.191] [bmv2] [T] [thread 3999] [2.0] [cxt 0] basic_tunnel.p4(155) Condition "hdr.myTunnel.isValid()" (node_4) is false
[17:55:19.191] [bmv2] [D] [thread 3999] [2.0] [cxt 0] Pipeline 'ingress': end
[17:55:19.191] [bmv2] [D] [thread 3999] [2.0] [cxt 0] Egress port is 0
[17:55:19.191] [bmv2] [D] [thread 4000] [0.0] [cxt 0] Pipeline 'egress': start
[17:55:19.191] [bmv2] [D] [thread 4000] [0.0] [cxt 0] Pipeline 'egress': end
[17:55:19.191] [bmv2] [D] [thread 4000] [0.0] [cxt 0] Deparser 'deparser': start
[17:55:19.191] [bmv2] [T] [thread 4000] [0.0] [cxt 0] Skipping checksum 'cksum' update because condition not met
[17:55:19.191] [bmv2] [D] [thread 4000] [0.0] [cxt 0] Deparsing header 'ethernet'
[17:55:19.191] [bmv2] [D] [thread 4000] [0.0] [cxt 0] Deparser 'deparser': end
[17:55:19.191] [bmv2] [D] [thread 4000] [1.0] [cxt 0] Pipeline 'egress': start
[17:55:19.191] [bmv2] [D] [thread 4000] [1.0] [cxt 0] Pipeline 'egress': end
[17:55:19.192] [bmv2] [D] [thread 4000] [1.0] [cxt 0] Deparser 'deparser': start
[17:55:19.192] [bmv2] [T] [thread 4000] [1.0] [cxt 0] Skipping checksum 'cksum' update because condition not met
[17:55:19.192] [bmv2] [D] [thread 4000] [1.0] [cxt 0] Deparsing header 'ethernet'
[17:55:19.192] [bmv2] [D] [thread 4000] [1.0] [cxt 0] Deparser 'deparser': end
[17:55:19.192] [bmv2] [D] [thread 4000] [2.0] [cxt 0] Pipeline 'egress': start
[17:55:19.192] [bmv2] [D] [thread 4000] [2.0] [cxt 0] Pipeline 'egress': end
[17:55:19.192] [bmv2] [D] [thread 4000] [2.0] [cxt 0] Deparser 'deparser': start
[17:55:19.192] [bmv2] [T] [thread 4000] [2.0] [cxt 0] Skipping checksum 'cksum' update because condition not met
[17:55:19.192] [bmv2] [D] [thread 4000] [2.0] [cxt 0] Deparsing header 'ethernet'
[17:55:19.192] [bmv2] [D] [thread 4000] [2.0] [cxt 0] Deparser 'deparser': end
[17:55:19.192] [bmv2] [D] [thread 4004] [0.0] [cxt 0] Transmitting packet of size 90 out of port 0
[17:55:19.192] [bmv2] [D] [thread 4004] [1.0] [cxt 0] Transmitting packet of size 90 out of port 0
[17:55:19.192] [bmv2] [D] [thread 4004] [2.0] [cxt 0] Transmitting packet of size 70 out of port 0
[17:55:19.380] [bmv2] [D] [thread 3999] [3.0] [cxt 0] Processing packet received on port 2
[17:55:19.380] [bmv2] [D] [thread 3999] [3.0] [cxt 0] Parser 'parser': start
[17:55:19.380] [bmv2] [D] [thread 3999] [3.0] [cxt 0] Parser 'parser' entering state 'start'
[17:55:19.380] [bmv2] [D] [thread 3999] [3.0] [cxt 0] Extracting header 'ethernet'
[17:55:19.380] [bmv2] [D] [thread 3999] [3.0] [cxt 0] Parser state 'start': key is 86dd
[17:55:19.380] [bmv2] [T] [thread 3999] [3.0] [cxt 0] Bytes parsed: 14
[17:55:19.380] [bmv2] [D] [thread 3999] [3.0] [cxt 0] Parser 'parser': end
[17:55:19.380] [bmv2] [D] [thread 3999] [3.0] [cxt 0] Pipeline 'ingress': start
[17:55:19.380] [bmv2] [T] [thread 3999] [3.0] [cxt 0] basic_tunnel.p4(152) Condition "hdr.ipv4.isValid() && !hdr.myTunnel.isValid()" (node_2) is false
[17:55:19.380] [bmv2] [T] [thread 3999] [3.0] [cxt 0] basic_tunnel.p4(155) Condition "hdr.myTunnel.isValid()" (node_4) is false
[17:55:19.380] [bmv2] [D] [thread 3999] [3.0] [cxt 0] Pipeline 'ingress': end
[17:55:19.380] [bmv2] [D] [thread 3999] [3.0] [cxt 0] Egress port is 0
[17:55:19.380] [bmv2] [D] [thread 4000] [3.0] [cxt 0] Pipeline 'egress': start
[17:55:19.380] [bmv2] [D] [thread 4000] [3.0] [cxt 0] Pipeline 'egress': end
[17:55:19.380] [bmv2] [D] [thread 4000] [3.0] [cxt 0] Deparser 'deparser': start
[17:55:19.380] [bmv2] [T] [thread 4000] [3.0] [cxt 0] Skipping checksum 'cksum' update because condition not met
[17:55:19.380] [bmv2] [D] [thread 4000] [3.0] [cxt 0] Deparsing header 'ethernet'
[17:55:19.380] [bmv2] [D] [thread 4000] [3.0] [cxt 0] Deparser 'deparser': end
[17:55:19.380] [bmv2] [D] [thread 4004] [3.0] [cxt 0] Transmitting packet of size 90 out of port 0
[17:55:19.417] [bmv2] [D] [thread 3999] [4.0] [cxt 0] Processing packet received on port 3
[17:55:19.418] [bmv2] [D] [thread 3999] [4.0] [cxt 0] Parser 'parser': start
[17:55:19.418] [bmv2] [D] [thread 3999] [4.0] [cxt 0] Parser 'parser' entering state 'start'
[17:55:19.418] [bmv2] [D] [thread 3999] [4.0] [cxt 0] Extracting header 'ethernet'
[17:55:19.418] [bmv2] [D] [thread 3999] [4.0] [cxt 0] Parser state 'start': key is 86dd
[17:55:19.418] [bmv2] [T] [thread 3999] [4.0] [cxt 0] Bytes parsed: 14
[17:55:19.418] [bmv2] [D] [thread 3999] [4.0] [cxt 0] Parser 'parser': end
[17:55:19.418] [bmv2] [D] [thread 3999] [4.0] [cxt 0] Pipeline 'ingress': start
[17:55:19.418] [bmv2] [T] [thread 3999] [4.0] [cxt 0] basic_tunnel.p4(152) Condition "hdr.ipv4.isValid() && !hdr.myTunnel.isValid()" (node_2) is false
[17:55:19.418] [bmv2] [T] [thread 3999] [4.0] [cxt 0] basic_tunnel.p4(155) Condition "hdr.myTunnel.isValid()" (node_4) is false
[17:55:19.418] [bmv2] [D] [thread 3999] [4.0] [cxt 0] Pipeline 'ingress': end
[17:55:19.418] [bmv2] [D] [thread 3999] [4.0] [cxt 0] Egress port is 0
[17:55:19.418] [bmv2] [D] [thread 3999] [5.0] [cxt 0] Processing packet received on port 3
[17:55:19.418] [bmv2] [D] [thread 3999] [5.0] [cxt 0] Parser 'parser': start
[17:55:19.418] [bmv2] [D] [thread 3999] [5.0] [cxt 0] Parser 'parser' entering state 'start'
[17:55:19.418] [bmv2] [D] [thread 3999] [5.0] [cxt 0] Extracting header 'ethernet'
[17:55:19.418] [bmv2] [D] [thread 3999] [5.0] [cxt 0] Parser state 'start': key is 86dd
[17:55:19.418] [bmv2] [T] [thread 3999] [5.0] [cxt 0] Bytes parsed: 14
[17:55:19.418] [bmv2] [D] [thread 3999] [5.0] [cxt 0] Parser 'parser': end
[17:55:19.418] [bmv2] [D] [thread 3999] [5.0] [cxt 0] Pipeline 'ingress': start
[17:55:19.418] [bmv2] [T] [thread 3999] [5.0] [cxt 0] basic_tunnel.p4(152) Condition "hdr.ipv4.isValid() && !hdr.myTunnel.isValid()" (node_2) is false
[17:55:19.418] [bmv2] [T] [thread 3999] [5.0] [cxt 0] basic_tunnel.p4(155) Condition "hdr.myTunnel.isValid()" (node_4) is false
[17:55:19.418] [bmv2] [D] [thread 3999] [5.0] [cxt 0] Pipeline 'ingress': end
[17:55:19.418] [bmv2] [D] [thread 3999] [5.0] [cxt 0] Egress port is 0
[17:55:19.418] [bmv2] [D] [thread 4000] [4.0] [cxt 0] Pipeline 'egress': start
[17:55:19.418] [bmv2] [D] [thread 4000] [4.0] [cxt 0] Pipeline 'egress': end
[17:55:19.418] [bmv2] [D] [thread 4000] [4.0] [cxt 0] Deparser 'deparser': start
[17:55:19.418] [bmv2] [T] [thread 4000] [4.0] [cxt 0] Skipping checksum 'cksum' update because condition not met
[17:55:19.418] [bmv2] [D] [thread 4000] [4.0] [cxt 0] Deparsing header 'ethernet'
[17:55:19.418] [bmv2] [D] [thread 4000] [4.0] [cxt 0] Deparser 'deparser': end
[17:55:19.418] [bmv2] [D] [thread 4000] [5.0] [cxt 0] Pipeline 'egress': start
[17:55:19.418] [bmv2] [D] [thread 4000] [5.0] [cxt 0] Pipeline 'egress': end
[17:55:19.418] [bmv2] [D] [thread 4000] [5.0] [cxt 0] Deparser 'deparser': start
[17:55:19.418] [bmv2] [T] [thread 4000] [5.0] [cxt 0] Skipping checksum 'cksum' update because condition not met
[17:55:19.418] [bmv2] [D] [thread 4000] [5.0] [cxt 0] Deparsing header 'ethernet'
[17:55:19.418] [bmv2] [D] [thread 4000] [5.0] [cxt 0] Deparser 'deparser': end
[17:55:19.418] [bmv2] [D] [thread 4004] [4.0] [cxt 0] Transmitting packet of size 90 out of port 0
[17:55:19.418] [bmv2] [D] [thread 4004] [5.0] [cxt 0] Transmitting packet of size 70 out of port 0
[17:55:19.764] [bmv2] [D] [thread 3999] [6.0] [cxt 0] Processing packet received on port 3
[17:55:19.764] [bmv2] [D] [thread 3999] [6.0] [cxt 0] Parser 'parser': start
[17:55:19.764] [bmv2] [D] [thread 3999] [6.0] [cxt 0] Parser 'parser' entering state 'start'
[17:55:19.764] [bmv2] [D] [thread 3999] [6.0] [cxt 0] Extracting header 'ethernet'
[17:55:19.764] [bmv2] [D] [thread 3999] [6.0] [cxt 0] Parser state 'start': key is 86dd
[17:55:19.764] [bmv2] [T] [thread 3999] [6.0] [cxt 0] Bytes parsed: 14
[17:55:19.764] [bmv2] [D] [thread 3999] [6.0] [cxt 0] Parser 'parser': end
[17:55:19.764] [bmv2] [D] [thread 3999] [6.0] [cxt 0] Pipeline 'ingress': start
[17:55:19.764] [bmv2] [T] [thread 3999] [6.0] [cxt 0] basic_tunnel.p4(152) Condition "hdr.ipv4.isValid() && !hdr.myTunnel.isValid()" (node_2) is false
[17:55:19.764] [bmv2] [T] [thread 3999] [6.0] [cxt 0] basic_tunnel.p4(155) Condition "hdr.myTunnel.isValid()" (node_4) is false
[17:55:19.764] [bmv2] [D] [thread 3999] [6.0] [cxt 0] Pipeline 'ingress': end
[17:55:19.764] [bmv2] [D] [thread 3999] [6.0] [cxt 0] Egress port is 0
[17:55:19.766] [bmv2] [D] [thread 4000] [6.0] [cxt 0] Pipeline 'egress': start
[17:55:19.766] [bmv2] [D] [thread 4000] [6.0] [cxt 0] Pipeline 'egress': end
[17:55:19.766] [bmv2] [D] [thread 4000] [6.0] [cxt 0] Deparser 'deparser': start
[17:55:19.766] [bmv2] [T] [thread 4000] [6.0] [cxt 0] Skipping checksum 'cksum' update because condition not met
[17:55:19.767] [bmv2] [D] [thread 4000] [6.0] [cxt 0] Deparsing header 'ethernet'
[17:55:19.767] [bmv2] [D] [thread 4000] [6.0] [cxt 0] Deparser 'deparser': end
[17:55:19.767] [bmv2] [D] [thread 4004] [6.0] [cxt 0] Transmitting packet of size 90 out of port 0
[17:55:19.922] [bmv2] [D] [thread 3999] [7.0] [cxt 0] Processing packet received on port 1
[17:55:19.922] [bmv2] [D] [thread 3999] [7.0] [cxt 0] Parser 'parser': start
[17:55:19.922] [bmv2] [D] [thread 3999] [7.0] [cxt 0] Parser 'parser' entering state 'start'
[17:55:19.922] [bmv2] [D] [thread 3999] [7.0] [cxt 0] Extracting header 'ethernet'
[17:55:19.922] [bmv2] [D] [thread 3999] [7.0] [cxt 0] Parser state 'start': key is 86dd
[17:55:19.922] [bmv2] [T] [thread 3999] [7.0] [cxt 0] Bytes parsed: 14
[17:55:19.922] [bmv2] [D] [thread 3999] [7.0] [cxt 0] Parser 'parser': end
[17:55:19.922] [bmv2] [D] [thread 3999] [7.0] [cxt 0] Pipeline 'ingress': start
[17:55:19.922] [bmv2] [T] [thread 3999] [7.0] [cxt 0] basic_tunnel.p4(152) Condition "hdr.ipv4.isValid() && !hdr.myTunnel.isValid()" (node_2) is false
[17:55:19.922] [bmv2] [T] [thread 3999] [7.0] [cxt 0] basic_tunnel.p4(155) Condition "hdr.myTunnel.isValid()" (node_4) is false
[17:55:19.922] [bmv2] [D] [thread 3999] [7.0] [cxt 0] Pipeline 'ingress': end
[17:55:19.922] [bmv2] [D] [thread 3999] [7.0] [cxt 0] Egress port is 0
[17:55:19.922] [bmv2] [D] [thread 4000] [7.0] [cxt 0] Pipeline 'egress': start
[17:55:19.922] [bmv2] [D] [thread 4000] [7.0] [cxt 0] Pipeline 'egress': end
[17:55:19.922] [bmv2] [D] [thread 4000] [7.0] [cxt 0] Deparser 'deparser': start
[17:55:19.922] [bmv2] [T] [thread 4000] [7.0] [cxt 0] Skipping checksum 'cksum' update because condition not met
[17:55:19.922] [bmv2] [D] [thread 4000] [7.0] [cxt 0] Deparsing header 'ethernet'
[17:55:19.922] [bmv2] [D] [thread 4000] [7.0] [cxt 0] Deparser 'deparser': end
[17:55:19.922] [bmv2] [D] [thread 4004] [7.0] [cxt 0] Transmitting packet of size 90 out of port 0
[17:55:20.715] [bmv2] [W] [thread 4049] [P4Runtime] p4::tmp::P4DeviceConfig is deprecated
[17:55:20.719] [bmv2] [D] [thread 4049] Set default default entry for table 'MyIngress.ipv4_lpm': MyIngress.drop - 
[17:55:20.720] [bmv2] [D] [thread 4049] Set default default entry for table 'MyIngress.myTunnel_exact': MyIngress.drop - 
[17:55:20.736] [bmv2] [D] [thread 4049] simple_switch target has been notified of a config swap
[17:55:20.739] [bmv2] [D] [thread 4050] Entry 0 added to table 'MyIngress.ipv4_lpm'
[17:55:20.739] [bmv2] [D] [thread 4050] Dumping entry 0
Match key:
* hdr.ipv4.dstAddr    : LPM       0a000101/32
Action entry: MyIngress.ipv4_forward - 80000000100,2,

[17:55:20.741] [bmv2] [D] [thread 4049] Entry 1 added to table 'MyIngress.ipv4_lpm'
[17:55:20.742] [bmv2] [D] [thread 4049] Dumping entry 1
Match key:
* hdr.ipv4.dstAddr    : LPM       0a000202/32
Action entry: MyIngress.ipv4_forward - 80000000200,3,

[17:55:20.744] [bmv2] [D] [thread 4050] Entry 2 added to table 'MyIngress.ipv4_lpm'
[17:55:20.744] [bmv2] [D] [thread 4050] Dumping entry 2
Match key:
* hdr.ipv4.dstAddr    : LPM       0a000303/32
Action entry: MyIngress.ipv4_forward - 80000000333,1,

[17:55:20.746] [bmv2] [D] [thread 4049] Entry 0 added to table 'MyIngress.myTunnel_exact'
[17:55:20.746] [bmv2] [D] [thread 4049] Dumping entry 0
Match key:
* hdr.myTunnel.dst_id : EXACT     0001
Action entry: MyIngress.myTunnel_forward - 2,

[17:55:20.747] [bmv2] [D] [thread 4050] Entry 1 added to table 'MyIngress.myTunnel_exact'
[17:55:20.747] [bmv2] [D] [thread 4050] Dumping entry 1
Match key:
* hdr.myTunnel.dst_id : EXACT     0002
Action entry: MyIngress.myTunnel_forward - 3,

[17:55:20.749] [bmv2] [D] [thread 4049] Entry 2 added to table 'MyIngress.myTunnel_exact'
[17:55:20.749] [bmv2] [D] [thread 4049] Dumping entry 2
Match key:
* hdr.myTunnel.dst_id : EXACT     0003
Action entry: MyIngress.myTunnel_forward - 1,

[17:55:22.292] [bmv2] [D] [thread 3999] [8.0] [cxt 0] Processing packet received on port 2
[17:55:22.292] [bmv2] [D] [thread 3999] [8.0] [cxt 0] Parser 'parser': start
[17:55:22.292] [bmv2] [D] [thread 3999] [8.0] [cxt 0] Parser 'parser' entering state 'start'
[17:55:22.292] [bmv2] [D] [thread 3999] [8.0] [cxt 0] Extracting header 'ethernet'
[17:55:22.292] [bmv2] [D] [thread 3999] [8.0] [cxt 0] Parser state 'start': key is 86dd
[17:55:22.292] [bmv2] [T] [thread 3999] [8.0] [cxt 0] Bytes parsed: 14
[17:55:22.292] [bmv2] [D] [thread 3999] [8.0] [cxt 0] Parser 'parser': end
[17:55:22.292] [bmv2] [D] [thread 3999] [8.0] [cxt 0] Pipeline 'ingress': start
[17:55:22.292] [bmv2] [T] [thread 3999] [8.0] [cxt 0] basic_tunnel.p4(152) Condition "hdr.ipv4.isValid() && !hdr.myTunnel.isValid()" (node_2) is false
[17:55:22.292] [bmv2] [T] [thread 3999] [8.0] [cxt 0] basic_tunnel.p4(155) Condition "hdr.myTunnel.isValid()" (node_4) is false
[17:55:22.292] [bmv2] [D] [thread 3999] [8.0] [cxt 0] Pipeline 'ingress': end
[17:55:22.292] [bmv2] [D] [thread 3999] [8.0] [cxt 0] Egress port is 0
[17:55:22.294] [bmv2] [D] [thread 4000] [8.0] [cxt 0] Pipeline 'egress': start
[17:55:22.294] [bmv2] [D] [thread 4000] [8.0] [cxt 0] Pipeline 'egress': end
[17:55:22.294] [bmv2] [D] [thread 4000] [8.0] [cxt 0] Deparser 'deparser': start
[17:55:22.294] [bmv2] [T] [thread 4000] [8.0] [cxt 0] Skipping checksum 'cksum' update because condition not met
[17:55:22.294] [bmv2] [D] [thread 4000] [8.0] [cxt 0] Deparsing header 'ethernet'
[17:55:22.294] [bmv2] [D] [thread 4000] [8.0] [cxt 0] Deparser 'deparser': end
[17:55:22.294] [bmv2] [D] [thread 4004] [8.0] [cxt 0] Transmitting packet of size 70 out of port 0
[17:55:22.547] [bmv2] [D] [thread 3999] [9.0] [cxt 0] Processing packet received on port 2
[17:55:22.547] [bmv2] [D] [thread 3999] [9.0] [cxt 0] Parser 'parser': start
[17:55:22.547] [bmv2] [D] [thread 3999] [9.0] [cxt 0] Parser 'parser' entering state 'start'
[17:55:22.547] [bmv2] [D] [thread 3999] [9.0] [cxt 0] Extracting header 'ethernet'
[17:55:22.547] [bmv2] [D] [thread 3999] [9.0] [cxt 0] Parser state 'start': key is 86dd
[17:55:22.547] [bmv2] [T] [thread 3999] [9.0] [cxt 0] Bytes parsed: 14
[17:55:22.547] [bmv2] [D] [thread 3999] [9.0] [cxt 0] Parser 'parser': end
[17:55:22.547] [bmv2] [D] [thread 3999] [9.0] [cxt 0] Pipeline 'ingress': start
[17:55:22.547] [bmv2] [T] [thread 3999] [9.0] [cxt 0] basic_tunnel.p4(152) Condition "hdr.ipv4.isValid() && !hdr.myTunnel.isValid()" (node_2) is false
[17:55:22.547] [bmv2] [T] [thread 3999] [9.0] [cxt 0] basic_tunnel.p4(155) Condition "hdr.myTunnel.isValid()" (node_4) is false
[17:55:22.547] [bmv2] [D] [thread 3999] [9.0] [cxt 0] Pipeline 'ingress': end
[17:55:22.547] [bmv2] [D] [thread 3999] [9.0] [cxt 0] Egress port is 0
[17:55:22.547] [bmv2] [D] [thread 4000] [9.0] [cxt 0] Pipeline 'egress': start
[17:55:22.547] [bmv2] [D] [thread 4000] [9.0] [cxt 0] Pipeline 'egress': end
[17:55:22.547] [bmv2] [D] [thread 4000] [9.0] [cxt 0] Deparser 'deparser': start
[17:55:22.547] [bmv2] [T] [thread 4000] [9.0] [cxt 0] Skipping checksum 'cksum' update because condition not met
[17:55:22.547] [bmv2] [D] [thread 4000] [9.0] [cxt 0] Deparsing header 'ethernet'
[17:55:22.547] [bmv2] [D] [thread 4000] [9.0] [cxt 0] Deparser 'deparser': end
[17:55:22.548] [bmv2] [D] [thread 4004] [9.0] [cxt 0] Transmitting packet of size 70 out of port 0
[17:55:23.059] [bmv2] [D] [thread 3999] [10.0] [cxt 0] Processing packet received on port 3
[17:55:23.059] [bmv2] [D] [thread 3999] [10.0] [cxt 0] Parser 'parser': start
[17:55:23.059] [bmv2] [D] [thread 3999] [10.0] [cxt 0] Parser 'parser' entering state 'start'
[17:55:23.059] [bmv2] [D] [thread 3999] [10.0] [cxt 0] Extracting header 'ethernet'
[17:55:23.059] [bmv2] [D] [thread 3999] [10.0] [cxt 0] Parser state 'start': key is 86dd
[17:55:23.059] [bmv2] [T] [thread 3999] [10.0] [cxt 0] Bytes parsed: 14
[17:55:23.059] [bmv2] [D] [thread 3999] [10.0] [cxt 0] Parser 'parser': end
[17:55:23.059] [bmv2] [D] [thread 3999] [10.0] [cxt 0] Pipeline 'ingress': start
[17:55:23.059] [bmv2] [T] [thread 3999] [10.0] [cxt 0] basic_tunnel.p4(152) Condition "hdr.ipv4.isValid() && !hdr.myTunnel.isValid()" (node_2) is false
[17:55:23.059] [bmv2] [T] [thread 3999] [10.0] [cxt 0] basic_tunnel.p4(155) Condition "hdr.myTunnel.isValid()" (node_4) is false
[17:55:23.059] [bmv2] [D] [thread 3999] [10.0] [cxt 0] Pipeline 'ingress': end
[17:55:23.059] [bmv2] [D] [thread 3999] [10.0] [cxt 0] Egress port is 0
[17:55:23.059] [bmv2] [D] [thread 4000] [10.0] [cxt 0] Pipeline 'egress': start
[17:55:23.059] [bmv2] [D] [thread 4000] [10.0] [cxt 0] Pipeline 'egress': end
[17:55:23.059] [bmv2] [D] [thread 4000] [10.0] [cxt 0] Deparser 'deparser': start
[17:55:23.059] [bmv2] [T] [thread 4000] [10.0] [cxt 0] Skipping checksum 'cksum' update because condition not met
[17:55:23.059] [bmv2] [D] [thread 4000] [10.0] [cxt 0] Deparsing header 'ethernet'
[17:55:23.059] [bmv2] [D] [thread 4000] [10.0] [cxt 0] Deparser 'deparser': end
[17:55:23.059] [bmv2] [D] [thread 4004] [10.0] [cxt 0] Transmitting packet of size 70 out of port 0
[17:55:23.314] [bmv2] [D] [thread 3999] [11.0] [cxt 0] Processing packet received on port 1
[17:55:23.314] [bmv2] [D] [thread 3999] [11.0] [cxt 0] Parser 'parser': start
[17:55:23.314] [bmv2] [D] [thread 3999] [11.0] [cxt 0] Parser 'parser' entering state 'start'
[17:55:23.314] [bmv2] [D] [thread 3999] [11.0] [cxt 0] Extracting header 'ethernet'
[17:55:23.314] [bmv2] [D] [thread 3999] [11.0] [cxt 0] Parser state 'start': key is 86dd
[17:55:23.314] [bmv2] [T] [thread 3999] [11.0] [cxt 0] Bytes parsed: 14
[17:55:23.314] [bmv2] [D] [thread 3999] [11.0] [cxt 0] Parser 'parser': end
[17:55:23.314] [bmv2] [D] [thread 3999] [11.0] [cxt 0] Pipeline 'ingress': start
[17:55:23.314] [bmv2] [T] [thread 3999] [11.0] [cxt 0] basic_tunnel.p4(152) Condition "hdr.ipv4.isValid() && !hdr.myTunnel.isValid()" (node_2) is false
[17:55:23.314] [bmv2] [T] [thread 3999] [11.0] [cxt 0] basic_tunnel.p4(155) Condition "hdr.myTunnel.isValid()" (node_4) is false
[17:55:23.314] [bmv2] [D] [thread 3999] [11.0] [cxt 0] Pipeline 'ingress': end
[17:55:23.314] [bmv2] [D] [thread 3999] [11.0] [cxt 0] Egress port is 0
[17:55:23.314] [bmv2] [D] [thread 4000] [11.0] [cxt 0] Pipeline 'egress': start
[17:55:23.314] [bmv2] [D] [thread 4000] [11.0] [cxt 0] Pipeline 'egress': end
[17:55:23.314] [bmv2] [D] [thread 4000] [11.0] [cxt 0] Deparser 'deparser': start
[17:55:23.314] [bmv2] [T] [thread 4000] [11.0] [cxt 0] Skipping checksum 'cksum' update because condition not met
[17:55:23.314] [bmv2] [D] [thread 4000] [11.0] [cxt 0] Deparsing header 'ethernet'
[17:55:23.314] [bmv2] [D] [thread 4000] [11.0] [cxt 0] Deparser 'deparser': end
[17:55:23.314] [bmv2] [D] [thread 4004] [11.0] [cxt 0] Transmitting packet of size 70 out of port 0
[17:55:23.570] [bmv2] [D] [thread 3999] [12.0] [cxt 0] Processing packet received on port 3
[17:55:23.570] [bmv2] [D] [thread 3999] [12.0] [cxt 0] Parser 'parser': start
[17:55:23.570] [bmv2] [D] [thread 3999] [12.0] [cxt 0] Parser 'parser' entering state 'start'
[17:55:23.570] [bmv2] [D] [thread 3999] [12.0] [cxt 0] Extracting header 'ethernet'
[17:55:23.570] [bmv2] [D] [thread 3999] [12.0] [cxt 0] Parser state 'start': key is 86dd
[17:55:23.570] [bmv2] [T] [thread 3999] [12.0] [cxt 0] Bytes parsed: 14
[17:55:23.570] [bmv2] [D] [thread 3999] [12.0] [cxt 0] Parser 'parser': end
[17:55:23.570] [bmv2] [D] [thread 3999] [12.0] [cxt 0] Pipeline 'ingress': start
[17:55:23.570] [bmv2] [T] [thread 3999] [12.0] [cxt 0] basic_tunnel.p4(152) Condition "hdr.ipv4.isValid() && !hdr.myTunnel.isValid()" (node_2) is false
[17:55:23.570] [bmv2] [T] [thread 3999] [12.0] [cxt 0] basic_tunnel.p4(155) Condition "hdr.myTunnel.isValid()" (node_4) is false
[17:55:23.570] [bmv2] [D] [thread 3999] [12.0] [cxt 0] Pipeline 'ingress': end
[17:55:23.570] [bmv2] [D] [thread 3999] [12.0] [cxt 0] Egress port is 0
[17:55:23.570] [bmv2] [D] [thread 4000] [12.0] [cxt 0] Pipeline 'egress': start
[17:55:23.570] [bmv2] [D] [thread 4000] [12.0] [cxt 0] Pipeline 'egress': end
[17:55:23.570] [bmv2] [D] [thread 4000] [12.0] [cxt 0] Deparser 'deparser': start
[17:55:23.570] [bmv2] [T] [thread 4000] [12.0] [cxt 0] Skipping checksum 'cksum' update because condition not met
[17:55:23.570] [bmv2] [D] [thread 4000] [12.0] [cxt 0] Deparsing header 'ethernet'
[17:55:23.570] [bmv2] [D] [thread 4000] [12.0] [cxt 0] Deparser 'deparser': end
[17:55:23.571] [bmv2] [D] [thread 4004] [12.0] [cxt 0] Transmitting packet of size 70 out of port 0
[17:55:29.973] [bmv2] [D] [thread 3999] [13.0] [cxt 0] Processing packet received on port 2
[17:55:29.973] [bmv2] [D] [thread 3999] [13.0] [cxt 0] Parser 'parser': start
[17:55:29.973] [bmv2] [D] [thread 3999] [13.0] [cxt 0] Parser 'parser' entering state 'start'
[17:55:29.973] [bmv2] [D] [thread 3999] [13.0] [cxt 0] Extracting header 'ethernet'
[17:55:29.974] [bmv2] [D] [thread 3999] [13.0] [cxt 0] Parser state 'start': key is 86dd
[17:55:29.974] [bmv2] [T] [thread 3999] [13.0] [cxt 0] Bytes parsed: 14
[17:55:29.974] [bmv2] [D] [thread 3999] [13.0] [cxt 0] Parser 'parser': end
[17:55:29.974] [bmv2] [D] [thread 3999] [13.0] [cxt 0] Pipeline 'ingress': start
[17:55:29.974] [bmv2] [T] [thread 3999] [13.0] [cxt 0] basic_tunnel.p4(152) Condition "hdr.ipv4.isValid() && !hdr.myTunnel.isValid()" (node_2) is false
[17:55:29.974] [bmv2] [T] [thread 3999] [13.0] [cxt 0] basic_tunnel.p4(155) Condition "hdr.myTunnel.isValid()" (node_4) is false
[17:55:29.974] [bmv2] [D] [thread 3999] [13.0] [cxt 0] Pipeline 'ingress': end
[17:55:29.974] [bmv2] [D] [thread 3999] [13.0] [cxt 0] Egress port is 0
[17:55:29.974] [bmv2] [D] [thread 3999] [14.0] [cxt 0] Processing packet received on port 2
[17:55:29.974] [bmv2] [D] [thread 3999] [14.0] [cxt 0] Parser 'parser': start
[17:55:29.974] [bmv2] [D] [thread 3999] [14.0] [cxt 0] Parser 'parser' entering state 'start'
[17:55:29.974] [bmv2] [D] [thread 3999] [14.0] [cxt 0] Extracting header 'ethernet'
[17:55:29.974] [bmv2] [D] [thread 3999] [14.0] [cxt 0] Parser state 'start': key is 86dd
[17:55:29.974] [bmv2] [T] [thread 3999] [14.0] [cxt 0] Bytes parsed: 14
[17:55:29.974] [bmv2] [D] [thread 3999] [14.0] [cxt 0] Parser 'parser': end
[17:55:29.974] [bmv2] [D] [thread 3999] [14.0] [cxt 0] Pipeline 'ingress': start
[17:55:29.974] [bmv2] [T] [thread 3999] [14.0] [cxt 0] basic_tunnel.p4(152) Condition "hdr.ipv4.isValid() && !hdr.myTunnel.isValid()" (node_2) is false
[17:55:29.974] [bmv2] [T] [thread 3999] [14.0] [cxt 0] basic_tunnel.p4(155) Condition "hdr.myTunnel.isValid()" (node_4) is false
[17:55:29.974] [bmv2] [D] [thread 3999] [14.0] [cxt 0] Pipeline 'ingress': end
[17:55:29.974] [bmv2] [D] [thread 3999] [14.0] [cxt 0] Egress port is 0
[17:55:29.974] [bmv2] [D] [thread 4000] [13.0] [cxt 0] Pipeline 'egress': start
[17:55:29.974] [bmv2] [D] [thread 4000] [13.0] [cxt 0] Pipeline 'egress': end
[17:55:29.974] [bmv2] [D] [thread 4000] [13.0] [cxt 0] Deparser 'deparser': start
[17:55:29.974] [bmv2] [T] [thread 4000] [13.0] [cxt 0] Skipping checksum 'cksum' update because condition not met
[17:55:29.974] [bmv2] [D] [thread 4000] [13.0] [cxt 0] Deparsing header 'ethernet'
[17:55:29.974] [bmv2] [D] [thread 4000] [13.0] [cxt 0] Deparser 'deparser': end
[17:55:29.975] [bmv2] [D] [thread 4000] [14.0] [cxt 0] Pipeline 'egress': start
[17:55:29.975] [bmv2] [D] [thread 4000] [14.0] [cxt 0] Pipeline 'egress': end
[17:55:29.975] [bmv2] [D] [thread 4000] [14.0] [cxt 0] Deparser 'deparser': start
[17:55:29.975] [bmv2] [T] [thread 4000] [14.0] [cxt 0] Skipping checksum 'cksum' update because condition not met
[17:55:29.975] [bmv2] [D] [thread 4000] [14.0] [cxt 0] Deparsing header 'ethernet'
[17:55:29.975] [bmv2] [D] [thread 4000] [14.0] [cxt 0] Deparser 'deparser': end
[17:55:29.975] [bmv2] [D] [thread 4004] [13.0] [cxt 0] Transmitting packet of size 70 out of port 0
[17:55:29.975] [bmv2] [D] [thread 4004] [14.0] [cxt 0] Transmitting packet of size 70 out of port 0
[17:55:31.004] [bmv2] [D] [thread 3999] [15.0] [cxt 0] Processing packet received on port 1
[17:55:31.005] [bmv2] [D] [thread 3999] [15.0] [cxt 0] Parser 'parser': start
[17:55:31.005] [bmv2] [D] [thread 3999] [15.0] [cxt 0] Parser 'parser' entering state 'start'
[17:55:31.005] [bmv2] [D] [thread 3999] [15.0] [cxt 0] Extracting header 'ethernet'
[17:55:31.005] [bmv2] [D] [thread 3999] [15.0] [cxt 0] Parser state 'start': key is 86dd
[17:55:31.005] [bmv2] [T] [thread 3999] [15.0] [cxt 0] Bytes parsed: 14
[17:55:31.005] [bmv2] [D] [thread 3999] [15.0] [cxt 0] Parser 'parser': end
[17:55:31.005] [bmv2] [D] [thread 3999] [15.0] [cxt 0] Pipeline 'ingress': start
[17:55:31.005] [bmv2] [T] [thread 3999] [15.0] [cxt 0] basic_tunnel.p4(152) Condition "hdr.ipv4.isValid() && !hdr.myTunnel.isValid()" (node_2) is false
[17:55:31.005] [bmv2] [T] [thread 3999] [15.0] [cxt 0] basic_tunnel.p4(155) Condition "hdr.myTunnel.isValid()" (node_4) is false
[17:55:31.005] [bmv2] [D] [thread 3999] [15.0] [cxt 0] Pipeline 'ingress': end
[17:55:31.005] [bmv2] [D] [thread 3999] [15.0] [cxt 0] Egress port is 0
[17:55:31.009] [bmv2] [D] [thread 4000] [15.0] [cxt 0] Pipeline 'egress': start
[17:55:31.009] [bmv2] [D] [thread 4000] [15.0] [cxt 0] Pipeline 'egress': end
[17:55:31.009] [bmv2] [D] [thread 4000] [15.0] [cxt 0] Deparser 'deparser': start
[17:55:31.009] [bmv2] [T] [thread 4000] [15.0] [cxt 0] Skipping checksum 'cksum' update because condition not met
[17:55:31.009] [bmv2] [D] [thread 4000] [15.0] [cxt 0] Deparsing header 'ethernet'
[17:55:31.009] [bmv2] [D] [thread 4000] [15.0] [cxt 0] Deparser 'deparser': end
[17:55:31.016] [bmv2] [D] [thread 4004] [15.0] [cxt 0] Transmitting packet of size 70 out of port 0
[17:55:31.510] [bmv2] [D] [thread 3999] [16.0] [cxt 0] Processing packet received on port 3
[17:55:31.511] [bmv2] [D] [thread 3999] [16.0] [cxt 0] Parser 'parser': start
[17:55:31.511] [bmv2] [D] [thread 3999] [16.0] [cxt 0] Parser 'parser' entering state 'start'
[17:55:31.511] [bmv2] [D] [thread 3999] [16.0] [cxt 0] Extracting header 'ethernet'
[17:55:31.511] [bmv2] [D] [thread 3999] [16.0] [cxt 0] Parser state 'start': key is 86dd
[17:55:31.511] [bmv2] [T] [thread 3999] [16.0] [cxt 0] Bytes parsed: 14
[17:55:31.511] [bmv2] [D] [thread 3999] [16.0] [cxt 0] Parser 'parser': end
[17:55:31.511] [bmv2] [D] [thread 3999] [16.0] [cxt 0] Pipeline 'ingress': start
[17:55:31.511] [bmv2] [T] [thread 3999] [16.0] [cxt 0] basic_tunnel.p4(152) Condition "hdr.ipv4.isValid() && !hdr.myTunnel.isValid()" (node_2) is false
[17:55:31.511] [bmv2] [T] [thread 3999] [16.0] [cxt 0] basic_tunnel.p4(155) Condition "hdr.myTunnel.isValid()" (node_4) is false
[17:55:31.511] [bmv2] [D] [thread 3999] [16.0] [cxt 0] Pipeline 'ingress': end
[17:55:31.511] [bmv2] [D] [thread 3999] [16.0] [cxt 0] Egress port is 0
[17:55:31.511] [bmv2] [D] [thread 3999] [17.0] [cxt 0] Processing packet received on port 3
[17:55:31.512] [bmv2] [D] [thread 3999] [17.0] [cxt 0] Parser 'parser': start
[17:55:31.512] [bmv2] [D] [thread 3999] [17.0] [cxt 0] Parser 'parser' entering state 'start'
[17:55:31.512] [bmv2] [D] [thread 3999] [17.0] [cxt 0] Extracting header 'ethernet'
[17:55:31.512] [bmv2] [D] [thread 3999] [17.0] [cxt 0] Parser state 'start': key is 86dd
[17:55:31.512] [bmv2] [T] [thread 3999] [17.0] [cxt 0] Bytes parsed: 14
[17:55:31.512] [bmv2] [D] [thread 3999] [17.0] [cxt 0] Parser 'parser': end
[17:55:31.512] [bmv2] [D] [thread 3999] [17.0] [cxt 0] Pipeline 'ingress': start
[17:55:31.512] [bmv2] [T] [thread 3999] [17.0] [cxt 0] basic_tunnel.p4(152) Condition "hdr.ipv4.isValid() && !hdr.myTunnel.isValid()" (node_2) is false
[17:55:31.512] [bmv2] [T] [thread 3999] [17.0] [cxt 0] basic_tunnel.p4(155) Condition "hdr.myTunnel.isValid()" (node_4) is false
[17:55:31.512] [bmv2] [D] [thread 3999] [17.0] [cxt 0] Pipeline 'ingress': end
[17:55:31.512] [bmv2] [D] [thread 3999] [17.0] [cxt 0] Egress port is 0
[17:55:31.513] [bmv2] [D] [thread 4000] [16.0] [cxt 0] Pipeline 'egress': start
[17:55:31.513] [bmv2] [D] [thread 4000] [16.0] [cxt 0] Pipeline 'egress': end
[17:55:31.513] [bmv2] [D] [thread 4000] [16.0] [cxt 0] Deparser 'deparser': start
[17:55:31.513] [bmv2] [T] [thread 4000] [16.0] [cxt 0] Skipping checksum 'cksum' update because condition not met
[17:55:31.513] [bmv2] [D] [thread 4000] [16.0] [cxt 0] Deparsing header 'ethernet'
[17:55:31.513] [bmv2] [D] [thread 4000] [16.0] [cxt 0] Deparser 'deparser': end
[17:55:31.513] [bmv2] [D] [thread 4000] [17.0] [cxt 0] Pipeline 'egress': start
[17:55:31.513] [bmv2] [D] [thread 4000] [17.0] [cxt 0] Pipeline 'egress': end
[17:55:31.513] [bmv2] [D] [thread 4000] [17.0] [cxt 0] Deparser 'deparser': start
[17:55:31.513] [bmv2] [T] [thread 4000] [17.0] [cxt 0] Skipping checksum 'cksum' update because condition not met
[17:55:31.513] [bmv2] [D] [thread 4000] [17.0] [cxt 0] Deparsing header 'ethernet'
[17:55:31.513] [bmv2] [D] [thread 4000] [17.0] [cxt 0] Deparser 'deparser': end
[17:55:31.514] [bmv2] [D] [thread 4004] [16.0] [cxt 0] Transmitting packet of size 70 out of port 0
[17:55:31.514] [bmv2] [D] [thread 4004] [17.0] [cxt 0] Transmitting packet of size 70 out of port 0
[17:55:45.074] [bmv2] [D] [thread 3999] [18.0] [cxt 0] Processing packet received on port 2
[17:55:45.074] [bmv2] [D] [thread 3999] [18.0] [cxt 0] Parser 'parser': start
[17:55:45.074] [bmv2] [D] [thread 3999] [18.0] [cxt 0] Parser 'parser' entering state 'start'
[17:55:45.074] [bmv2] [D] [thread 3999] [18.0] [cxt 0] Extracting header 'ethernet'
[17:55:45.074] [bmv2] [D] [thread 3999] [18.0] [cxt 0] Parser state 'start': key is 86dd
[17:55:45.074] [bmv2] [T] [thread 3999] [18.0] [cxt 0] Bytes parsed: 14
[17:55:45.074] [bmv2] [D] [thread 3999] [18.0] [cxt 0] Parser 'parser': end
[17:55:45.074] [bmv2] [D] [thread 3999] [18.0] [cxt 0] Pipeline 'ingress': start
[17:55:45.074] [bmv2] [T] [thread 3999] [18.0] [cxt 0] basic_tunnel.p4(152) Condition "hdr.ipv4.isValid() && !hdr.myTunnel.isValid()" (node_2) is false
[17:55:45.074] [bmv2] [T] [thread 3999] [18.0] [cxt 0] basic_tunnel.p4(155) Condition "hdr.myTunnel.isValid()" (node_4) is false
[17:55:45.074] [bmv2] [D] [thread 3999] [18.0] [cxt 0] Pipeline 'ingress': end
[17:55:45.074] [bmv2] [D] [thread 3999] [18.0] [cxt 0] Egress port is 0
[17:55:45.074] [bmv2] [D] [thread 4000] [18.0] [cxt 0] Pipeline 'egress': start
[17:55:45.074] [bmv2] [D] [thread 4000] [18.0] [cxt 0] Pipeline 'egress': end
[17:55:45.074] [bmv2] [D] [thread 4000] [18.0] [cxt 0] Deparser 'deparser': start
[17:55:45.074] [bmv2] [T] [thread 4000] [18.0] [cxt 0] Skipping checksum 'cksum' update because condition not met
[17:55:45.074] [bmv2] [D] [thread 4000] [18.0] [cxt 0] Deparsing header 'ethernet'
[17:55:45.074] [bmv2] [D] [thread 4000] [18.0] [cxt 0] Deparser 'deparser': end
[17:55:45.075] [bmv2] [D] [thread 4004] [18.0] [cxt 0] Transmitting packet of size 70 out of port 0
[17:55:45.331] [bmv2] [D] [thread 3999] [19.0] [cxt 0] Processing packet received on port 2
[17:55:45.331] [bmv2] [D] [thread 3999] [19.0] [cxt 0] Parser 'parser': start
[17:55:45.331] [bmv2] [D] [thread 3999] [19.0] [cxt 0] Parser 'parser' entering state 'start'
[17:55:45.331] [bmv2] [D] [thread 3999] [19.0] [cxt 0] Extracting header 'ethernet'
[17:55:45.331] [bmv2] [D] [thread 3999] [19.0] [cxt 0] Parser state 'start': key is 86dd
[17:55:45.331] [bmv2] [T] [thread 3999] [19.0] [cxt 0] Bytes parsed: 14
[17:55:45.331] [bmv2] [D] [thread 3999] [19.0] [cxt 0] Parser 'parser': end
[17:55:45.331] [bmv2] [D] [thread 3999] [19.0] [cxt 0] Pipeline 'ingress': start
[17:55:45.331] [bmv2] [T] [thread 3999] [19.0] [cxt 0] basic_tunnel.p4(152) Condition "hdr.ipv4.isValid() && !hdr.myTunnel.isValid()" (node_2) is false
[17:55:45.331] [bmv2] [T] [thread 3999] [19.0] [cxt 0] basic_tunnel.p4(155) Condition "hdr.myTunnel.isValid()" (node_4) is false
[17:55:45.331] [bmv2] [D] [thread 3999] [19.0] [cxt 0] Pipeline 'ingress': end
[17:55:45.331] [bmv2] [D] [thread 3999] [19.0] [cxt 0] Egress port is 0
[17:55:45.331] [bmv2] [D] [thread 4000] [19.0] [cxt 0] Pipeline 'egress': start
[17:55:45.331] [bmv2] [D] [thread 4000] [19.0] [cxt 0] Pipeline 'egress': end
[17:55:45.331] [bmv2] [D] [thread 4000] [19.0] [cxt 0] Deparser 'deparser': start
[17:55:45.331] [bmv2] [T] [thread 4000] [19.0] [cxt 0] Skipping checksum 'cksum' update because condition not met
[17:55:45.331] [bmv2] [D] [thread 4000] [19.0] [cxt 0] Deparsing header 'ethernet'
[17:55:45.331] [bmv2] [D] [thread 4000] [19.0] [cxt 0] Deparser 'deparser': end
[17:55:45.331] [bmv2] [D] [thread 4004] [19.0] [cxt 0] Transmitting packet of size 70 out of port 0
[17:55:46.357] [bmv2] [D] [thread 3999] [20.0] [cxt 0] Processing packet received on port 1
[17:55:46.358] [bmv2] [D] [thread 3999] [20.0] [cxt 0] Parser 'parser': start
[17:55:46.358] [bmv2] [D] [thread 3999] [20.0] [cxt 0] Parser 'parser' entering state 'start'
[17:55:46.358] [bmv2] [D] [thread 3999] [20.0] [cxt 0] Extracting header 'ethernet'
[17:55:46.358] [bmv2] [D] [thread 3999] [20.0] [cxt 0] Parser state 'start': key is 86dd
[17:55:46.358] [bmv2] [T] [thread 3999] [20.0] [cxt 0] Bytes parsed: 14
[17:55:46.358] [bmv2] [D] [thread 3999] [20.0] [cxt 0] Parser 'parser': end
[17:55:46.358] [bmv2] [D] [thread 3999] [20.0] [cxt 0] Pipeline 'ingress': start
[17:55:46.358] [bmv2] [T] [thread 3999] [20.0] [cxt 0] basic_tunnel.p4(152) Condition "hdr.ipv4.isValid() && !hdr.myTunnel.isValid()" (node_2) is false
[17:55:46.358] [bmv2] [T] [thread 3999] [20.0] [cxt 0] basic_tunnel.p4(155) Condition "hdr.myTunnel.isValid()" (node_4) is false
[17:55:46.358] [bmv2] [D] [thread 3999] [20.0] [cxt 0] Pipeline 'ingress': end
[17:55:46.358] [bmv2] [D] [thread 3999] [20.0] [cxt 0] Egress port is 0
[17:55:46.359] [bmv2] [D] [thread 4000] [20.0] [cxt 0] Pipeline 'egress': start
[17:55:46.359] [bmv2] [D] [thread 4000] [20.0] [cxt 0] Pipeline 'egress': end
[17:55:46.359] [bmv2] [D] [thread 4000] [20.0] [cxt 0] Deparser 'deparser': start
[17:55:46.359] [bmv2] [T] [thread 4000] [20.0] [cxt 0] Skipping checksum 'cksum' update because condition not met
[17:55:46.359] [bmv2] [D] [thread 4000] [20.0] [cxt 0] Deparsing header 'ethernet'
[17:55:46.359] [bmv2] [D] [thread 4000] [20.0] [cxt 0] Deparser 'deparser': end
[17:55:46.359] [bmv2] [D] [thread 4004] [20.0] [cxt 0] Transmitting packet of size 70 out of port 0
[17:55:47.638] [bmv2] [D] [thread 3999] [21.0] [cxt 0] Processing packet received on port 3
[17:55:47.639] [bmv2] [D] [thread 3999] [21.0] [cxt 0] Parser 'parser': start
[17:55:47.639] [bmv2] [D] [thread 3999] [21.0] [cxt 0] Parser 'parser' entering state 'start'
[17:55:47.639] [bmv2] [D] [thread 3999] [21.0] [cxt 0] Extracting header 'ethernet'
[17:55:47.639] [bmv2] [D] [thread 3999] [21.0] [cxt 0] Parser state 'start': key is 86dd
[17:55:47.639] [bmv2] [T] [thread 3999] [21.0] [cxt 0] Bytes parsed: 14
[17:55:47.639] [bmv2] [D] [thread 3999] [21.0] [cxt 0] Parser 'parser': end
[17:55:47.639] [bmv2] [D] [thread 3999] [21.0] [cxt 0] Pipeline 'ingress': start
[17:55:47.639] [bmv2] [T] [thread 3999] [21.0] [cxt 0] basic_tunnel.p4(152) Condition "hdr.ipv4.isValid() && !hdr.myTunnel.isValid()" (node_2) is false
[17:55:47.639] [bmv2] [T] [thread 3999] [21.0] [cxt 0] basic_tunnel.p4(155) Condition "hdr.myTunnel.isValid()" (node_4) is false
[17:55:47.639] [bmv2] [D] [thread 3999] [21.0] [cxt 0] Pipeline 'ingress': end
[17:55:47.639] [bmv2] [D] [thread 3999] [21.0] [cxt 0] Egress port is 0
[17:55:47.639] [bmv2] [D] [thread 4000] [21.0] [cxt 0] Pipeline 'egress': start
[17:55:47.639] [bmv2] [D] [thread 4000] [21.0] [cxt 0] Pipeline 'egress': end
[17:55:47.639] [bmv2] [D] [thread 4000] [21.0] [cxt 0] Deparser 'deparser': start
[17:55:47.639] [bmv2] [T] [thread 4000] [21.0] [cxt 0] Skipping checksum 'cksum' update because condition not met
[17:55:47.639] [bmv2] [D] [thread 4000] [21.0] [cxt 0] Deparsing header 'ethernet'
[17:55:47.639] [bmv2] [D] [thread 4000] [21.0] [cxt 0] Deparser 'deparser': end
[17:55:47.639] [bmv2] [D] [thread 4004] [21.0] [cxt 0] Transmitting packet of size 70 out of port 0
[17:55:49.683] [bmv2] [D] [thread 3999] [22.0] [cxt 0] Processing packet received on port 3
[17:55:49.683] [bmv2] [D] [thread 3999] [22.0] [cxt 0] Parser 'parser': start
[17:55:49.683] [bmv2] [D] [thread 3999] [22.0] [cxt 0] Parser 'parser' entering state 'start'
[17:55:49.683] [bmv2] [D] [thread 3999] [22.0] [cxt 0] Extracting header 'ethernet'
[17:55:49.683] [bmv2] [D] [thread 3999] [22.0] [cxt 0] Parser state 'start': key is 86dd
[17:55:49.683] [bmv2] [T] [thread 3999] [22.0] [cxt 0] Bytes parsed: 14
[17:55:49.683] [bmv2] [D] [thread 3999] [22.0] [cxt 0] Parser 'parser': end
[17:55:49.683] [bmv2] [D] [thread 3999] [22.0] [cxt 0] Pipeline 'ingress': start
[17:55:49.683] [bmv2] [T] [thread 3999] [22.0] [cxt 0] basic_tunnel.p4(152) Condition "hdr.ipv4.isValid() && !hdr.myTunnel.isValid()" (node_2) is false
[17:55:49.683] [bmv2] [T] [thread 3999] [22.0] [cxt 0] basic_tunnel.p4(155) Condition "hdr.myTunnel.isValid()" (node_4) is false
[17:55:49.683] [bmv2] [D] [thread 3999] [22.0] [cxt 0] Pipeline 'ingress': end
[17:55:49.683] [bmv2] [D] [thread 3999] [22.0] [cxt 0] Egress port is 0
[17:55:49.683] [bmv2] [D] [thread 4000] [22.0] [cxt 0] Pipeline 'egress': start
[17:55:49.683] [bmv2] [D] [thread 4000] [22.0] [cxt 0] Pipeline 'egress': end
[17:55:49.683] [bmv2] [D] [thread 4000] [22.0] [cxt 0] Deparser 'deparser': start
[17:55:49.683] [bmv2] [T] [thread 4000] [22.0] [cxt 0] Skipping checksum 'cksum' update because condition not met
[17:55:49.683] [bmv2] [D] [thread 4000] [22.0] [cxt 0] Deparsing header 'ethernet'
[17:55:49.683] [bmv2] [D] [thread 4000] [22.0] [cxt 0] Deparser 'deparser': end
[17:55:49.683] [bmv2] [D] [thread 4004] [22.0] [cxt 0] Transmitting packet of size 70 out of port 0
[17:56:16.309] [bmv2] [D] [thread 3999] [23.0] [cxt 0] Processing packet received on port 1
[17:56:16.310] [bmv2] [D] [thread 3999] [23.0] [cxt 0] Parser 'parser': start
[17:56:16.310] [bmv2] [D] [thread 3999] [23.0] [cxt 0] Parser 'parser' entering state 'start'
[17:56:16.310] [bmv2] [D] [thread 3999] [23.0] [cxt 0] Extracting header 'ethernet'
[17:56:16.310] [bmv2] [D] [thread 3999] [23.0] [cxt 0] Parser state 'start': key is 86dd
[17:56:16.310] [bmv2] [T] [thread 3999] [23.0] [cxt 0] Bytes parsed: 14
[17:56:16.310] [bmv2] [D] [thread 3999] [23.0] [cxt 0] Parser 'parser': end
[17:56:16.310] [bmv2] [D] [thread 3999] [23.0] [cxt 0] Pipeline 'ingress': start
[17:56:16.310] [bmv2] [T] [thread 3999] [23.0] [cxt 0] basic_tunnel.p4(152) Condition "hdr.ipv4.isValid() && !hdr.myTunnel.isValid()" (node_2) is false
[17:56:16.310] [bmv2] [T] [thread 3999] [23.0] [cxt 0] basic_tunnel.p4(155) Condition "hdr.myTunnel.isValid()" (node_4) is false
[17:56:16.310] [bmv2] [D] [thread 3999] [23.0] [cxt 0] Pipeline 'ingress': end
[17:56:16.310] [bmv2] [D] [thread 3999] [23.0] [cxt 0] Egress port is 0
[17:56:16.310] [bmv2] [D] [thread 3999] [24.0] [cxt 0] Processing packet received on port 2
[17:56:16.310] [bmv2] [D] [thread 3999] [24.0] [cxt 0] Parser 'parser': start
[17:56:16.310] [bmv2] [D] [thread 3999] [24.0] [cxt 0] Parser 'parser' entering state 'start'
[17:56:16.310] [bmv2] [D] [thread 3999] [24.0] [cxt 0] Extracting header 'ethernet'
[17:56:16.310] [bmv2] [D] [thread 3999] [24.0] [cxt 0] Parser state 'start': key is 86dd
[17:56:16.310] [bmv2] [T] [thread 3999] [24.0] [cxt 0] Bytes parsed: 14
[17:56:16.310] [bmv2] [D] [thread 3999] [24.0] [cxt 0] Parser 'parser': end
[17:56:16.310] [bmv2] [D] [thread 3999] [24.0] [cxt 0] Pipeline 'ingress': start
[17:56:16.310] [bmv2] [T] [thread 3999] [24.0] [cxt 0] basic_tunnel.p4(152) Condition "hdr.ipv4.isValid() && !hdr.myTunnel.isValid()" (node_2) is false
[17:56:16.310] [bmv2] [T] [thread 3999] [24.0] [cxt 0] basic_tunnel.p4(155) Condition "hdr.myTunnel.isValid()" (node_4) is false
[17:56:16.310] [bmv2] [D] [thread 3999] [24.0] [cxt 0] Pipeline 'ingress': end
[17:56:16.310] [bmv2] [D] [thread 3999] [24.0] [cxt 0] Egress port is 0
[17:56:16.310] [bmv2] [D] [thread 4000] [23.0] [cxt 0] Pipeline 'egress': start
[17:56:16.310] [bmv2] [D] [thread 4000] [23.0] [cxt 0] Pipeline 'egress': end
[17:56:16.310] [bmv2] [D] [thread 4000] [23.0] [cxt 0] Deparser 'deparser': start
[17:56:16.310] [bmv2] [T] [thread 4000] [23.0] [cxt 0] Skipping checksum 'cksum' update because condition not met
[17:56:16.310] [bmv2] [D] [thread 4000] [23.0] [cxt 0] Deparsing header 'ethernet'
[17:56:16.310] [bmv2] [D] [thread 4000] [23.0] [cxt 0] Deparser 'deparser': end
[17:56:16.310] [bmv2] [D] [thread 4000] [24.0] [cxt 0] Pipeline 'egress': start
[17:56:16.310] [bmv2] [D] [thread 4000] [24.0] [cxt 0] Pipeline 'egress': end
[17:56:16.310] [bmv2] [D] [thread 4000] [24.0] [cxt 0] Deparser 'deparser': start
[17:56:16.310] [bmv2] [T] [thread 4000] [24.0] [cxt 0] Skipping checksum 'cksum' update because condition not met
[17:56:16.310] [bmv2] [D] [thread 4000] [24.0] [cxt 0] Deparsing header 'ethernet'
[17:56:16.310] [bmv2] [D] [thread 4000] [24.0] [cxt 0] Deparser 'deparser': end
[17:56:16.310] [bmv2] [D] [thread 4004] [23.0] [cxt 0] Transmitting packet of size 70 out of port 0
[17:56:16.311] [bmv2] [D] [thread 4004] [24.0] [cxt 0] Transmitting packet of size 70 out of port 0
[17:56:18.356] [bmv2] [D] [thread 3999] [25.0] [cxt 0] Processing packet received on port 2
[17:56:18.356] [bmv2] [D] [thread 3999] [25.0] [cxt 0] Parser 'parser': start
[17:56:18.356] [bmv2] [D] [thread 3999] [25.0] [cxt 0] Parser 'parser' entering state 'start'
[17:56:18.356] [bmv2] [D] [thread 3999] [25.0] [cxt 0] Extracting header 'ethernet'
[17:56:18.356] [bmv2] [D] [thread 3999] [25.0] [cxt 0] Parser state 'start': key is 86dd
[17:56:18.356] [bmv2] [T] [thread 3999] [25.0] [cxt 0] Bytes parsed: 14
[17:56:18.356] [bmv2] [D] [thread 3999] [25.0] [cxt 0] Parser 'parser': end
[17:56:18.356] [bmv2] [D] [thread 3999] [25.0] [cxt 0] Pipeline 'ingress': start
[17:56:18.356] [bmv2] [T] [thread 3999] [25.0] [cxt 0] basic_tunnel.p4(152) Condition "hdr.ipv4.isValid() && !hdr.myTunnel.isValid()" (node_2) is false
[17:56:18.356] [bmv2] [T] [thread 3999] [25.0] [cxt 0] basic_tunnel.p4(155) Condition "hdr.myTunnel.isValid()" (node_4) is false
[17:56:18.356] [bmv2] [D] [thread 3999] [25.0] [cxt 0] Pipeline 'ingress': end
[17:56:18.356] [bmv2] [D] [thread 3999] [25.0] [cxt 0] Egress port is 0
[17:56:18.356] [bmv2] [D] [thread 4000] [25.0] [cxt 0] Pipeline 'egress': start
[17:56:18.356] [bmv2] [D] [thread 4000] [25.0] [cxt 0] Pipeline 'egress': end
[17:56:18.357] [bmv2] [D] [thread 4000] [25.0] [cxt 0] Deparser 'deparser': start
[17:56:18.357] [bmv2] [T] [thread 4000] [25.0] [cxt 0] Skipping checksum 'cksum' update because condition not met
[17:56:18.357] [bmv2] [D] [thread 4000] [25.0] [cxt 0] Deparsing header 'ethernet'
[17:56:18.357] [bmv2] [D] [thread 4000] [25.0] [cxt 0] Deparser 'deparser': end
[17:56:18.357] [bmv2] [D] [thread 4004] [25.0] [cxt 0] Transmitting packet of size 70 out of port 0
[17:56:22.455] [bmv2] [D] [thread 3999] [26.0] [cxt 0] Processing packet received on port 3
[17:56:22.455] [bmv2] [D] [thread 3999] [26.0] [cxt 0] Parser 'parser': start
[17:56:22.455] [bmv2] [D] [thread 3999] [26.0] [cxt 0] Parser 'parser' entering state 'start'
[17:56:22.455] [bmv2] [D] [thread 3999] [26.0] [cxt 0] Extracting header 'ethernet'
[17:56:22.455] [bmv2] [D] [thread 3999] [26.0] [cxt 0] Parser state 'start': key is 86dd
[17:56:22.455] [bmv2] [T] [thread 3999] [26.0] [cxt 0] Bytes parsed: 14
[17:56:22.455] [bmv2] [D] [thread 3999] [26.0] [cxt 0] Parser 'parser': end
[17:56:22.455] [bmv2] [D] [thread 3999] [26.0] [cxt 0] Pipeline 'ingress': start
[17:56:22.455] [bmv2] [T] [thread 3999] [26.0] [cxt 0] basic_tunnel.p4(152) Condition "hdr.ipv4.isValid() && !hdr.myTunnel.isValid()" (node_2) is false
[17:56:22.455] [bmv2] [T] [thread 3999] [26.0] [cxt 0] basic_tunnel.p4(155) Condition "hdr.myTunnel.isValid()" (node_4) is false
[17:56:22.456] [bmv2] [D] [thread 3999] [26.0] [cxt 0] Pipeline 'ingress': end
[17:56:22.456] [bmv2] [D] [thread 3999] [26.0] [cxt 0] Egress port is 0
[17:56:22.456] [bmv2] [D] [thread 4000] [26.0] [cxt 0] Pipeline 'egress': start
[17:56:22.456] [bmv2] [D] [thread 4000] [26.0] [cxt 0] Pipeline 'egress': end
[17:56:22.456] [bmv2] [D] [thread 4000] [26.0] [cxt 0] Deparser 'deparser': start
[17:56:22.456] [bmv2] [T] [thread 4000] [26.0] [cxt 0] Skipping checksum 'cksum' update because condition not met
[17:56:22.456] [bmv2] [D] [thread 4000] [26.0] [cxt 0] Deparsing header 'ethernet'
[17:56:22.456] [bmv2] [D] [thread 4000] [26.0] [cxt 0] Deparser 'deparser': end
[17:56:22.460] [bmv2] [D] [thread 4004] [26.0] [cxt 0] Transmitting packet of size 70 out of port 0
[17:56:24.498] [bmv2] [D] [thread 3999] [27.0] [cxt 0] Processing packet received on port 3
[17:56:24.498] [bmv2] [D] [thread 3999] [27.0] [cxt 0] Parser 'parser': start
[17:56:24.498] [bmv2] [D] [thread 3999] [27.0] [cxt 0] Parser 'parser' entering state 'start'
[17:56:24.498] [bmv2] [D] [thread 3999] [27.0] [cxt 0] Extracting header 'ethernet'
[17:56:24.498] [bmv2] [D] [thread 3999] [27.0] [cxt 0] Parser state 'start': key is 86dd
[17:56:24.498] [bmv2] [T] [thread 3999] [27.0] [cxt 0] Bytes parsed: 14
[17:56:24.498] [bmv2] [D] [thread 3999] [27.0] [cxt 0] Parser 'parser': end
[17:56:24.498] [bmv2] [D] [thread 3999] [27.0] [cxt 0] Pipeline 'ingress': start
[17:56:24.498] [bmv2] [T] [thread 3999] [27.0] [cxt 0] basic_tunnel.p4(152) Condition "hdr.ipv4.isValid() && !hdr.myTunnel.isValid()" (node_2) is false
[17:56:24.498] [bmv2] [T] [thread 3999] [27.0] [cxt 0] basic_tunnel.p4(155) Condition "hdr.myTunnel.isValid()" (node_4) is false
[17:56:24.498] [bmv2] [D] [thread 3999] [27.0] [cxt 0] Pipeline 'ingress': end
[17:56:24.498] [bmv2] [D] [thread 3999] [27.0] [cxt 0] Egress port is 0
[17:56:24.499] [bmv2] [D] [thread 4000] [27.0] [cxt 0] Pipeline 'egress': start
[17:56:24.499] [bmv2] [D] [thread 4000] [27.0] [cxt 0] Pipeline 'egress': end
[17:56:24.499] [bmv2] [D] [thread 4000] [27.0] [cxt 0] Deparser 'deparser': start
[17:56:24.499] [bmv2] [T] [thread 4000] [27.0] [cxt 0] Skipping checksum 'cksum' update because condition not met
[17:56:24.499] [bmv2] [D] [thread 4000] [27.0] [cxt 0] Deparsing header 'ethernet'
[17:56:24.499] [bmv2] [D] [thread 4000] [27.0] [cxt 0] Deparser 'deparser': end
[17:56:24.499] [bmv2] [D] [thread 4004] [27.0] [cxt 0] Transmitting packet of size 70 out of port 0
open: No such file or directory
open: No such file or directory
open: No such file or directory
