stratum_bmv2 -device_id=1 -chassis_config_file=/tmp/leaf1/chassis-config.txt -forwarding_pipeline_configs_file=/tmp/leaf1/pipe.txt -persistent_config_dir=/tmp/leaf1 -initial_pipeline=/root/dummy.json -cpu_port=255 -external_stratum_urls=0.0.0.0:50001 -local_stratum_url=localhost:37717 -max_num_controllers_per_node=10 -write_req_log_file=/tmp/leaf1/write-reqs.txt -logtosyslog=false -logtostderr=true -bmv2_log_level=warn

--------------------------------------------------------------------------------

E1016 19:08:19.492959   142 main.cc:121] Starting bmv2 simple_switch and waiting for P4 pipeline
W1016 19:08:19.526172   142 credentials_manager.cc:45] Using insecure server credentials
I1016 19:08:19.526501   142 timer_daemon.cc:90] The timer daemon has been started.
I1016 19:08:19.526590   142 hal.cc:128] Setting up HAL in COLDBOOT mode...
I1016 19:08:19.526710   142 config_monitoring_service.cc:90] Pushing the saved chassis config read from /tmp/leaf1/chassis-config.txt...
I1016 19:08:19.607602   142 bmv2_chassis_manager.cc:476] Registered port status callbacks successfully for node 1.
I1016 19:08:19.607736   142 bmv2_chassis_manager.cc:61] Adding port 1 to node 1
I1016 19:08:19.649416   142 bmv2_chassis_manager.cc:61] Adding port 2 to node 1
I1016 19:08:19.795900   142 bmv2_chassis_manager.cc:61] Adding port 3 to node 1
I1016 19:08:19.858856   142 bmv2_chassis_manager.cc:61] Adding port 4 to node 1
I1016 19:08:20.018394   142 bmv2_chassis_manager.cc:61] Adding port 5 to node 1
I1016 19:08:20.059002   142 bmv2_chassis_manager.cc:61] Adding port 6 to node 1
I1016 19:08:20.135337   214 bmv2_chassis_manager.cc:409] State of port 1 in node 1: UP.
I1016 19:08:20.136161   214 bmv2_chassis_manager.cc:409] State of port 2 in node 1: UP.
I1016 19:08:20.136278   214 bmv2_chassis_manager.cc:409] State of port 3 in node 1: UP.
I1016 19:08:20.136303   214 bmv2_chassis_manager.cc:409] State of port 4 in node 1: UP.
I1016 19:08:20.151670   142 p4_service.cc:119] Pushing the saved forwarding pipeline configs read from /tmp/leaf1/pipe.txt...
E1016 19:08:20.151769   142 utils.cc:109] StratumErrorSpace::ERR_FILE_NOT_FOUND: /tmp/leaf1/pipe.txt not found.
E1016 19:08:20.152189   142 utils.cc:65] Return Error: ReadFileToString(filename, &text) failed with StratumErrorSpace::ERR_FILE_NOT_FOUND: /tmp/leaf1/pipe.txt not found.
W1016 19:08:20.152204   142 p4_service.cc:128] No saved forwarding pipeline config found at /tmp/leaf1/pipe.txt. This is normal when the switch is just installed and no master controller is connected yet.
E1016 19:08:20.153375826     142 server_chttp2.cc:40]        {"created":"@1697483300.153334560","description":"Only 1 addresses added out of total 2 resolved","file":"external/com_github_grpc_grpc/src/core/ext/transport/chttp2/server/chttp2_server.cc","file_line":406,"referenced_errors":[{"created":"@1697483300.153330556","description":"Address family not supported by protocol","errno":97,"file":"external/com_github_grpc_grpc/src/core/lib/iomgr/socket_utils_common_posix.cc","file_line":420,"os_error":"Address family not supported by protocol","syscall":"socket","target_address":"[::1]:37717"}]}
E1016 19:08:20.153578   142 hal.cc:223] Stratum external facing services are listening to 0.0.0.0:50001, localhost:37717...
I1016 19:08:20.222962   214 bmv2_chassis_manager.cc:409] State of port 5 in node 1: UP.
I1016 19:08:20.223099   214 bmv2_chassis_manager.cc:409] State of port 6 in node 1: UP.
