Calling target program-options parser
[13:55:05.027] [bmv2] [D] [thread 5151] Set default default entry for table 'MyIngress.ipv4_lpm': NoAction - 
Adding interface s4-eth1 as port 1
[13:55:05.028] [bmv2] [D] [thread 5151] Adding interface s4-eth1 as port 1
Adding interface s4-eth2 as port 2
[13:55:05.062] [bmv2] [D] [thread 5151] Adding interface s4-eth2 as port 2
Server listening on 0.0.0.0:50054
[13:55:05.099] [bmv2] [I] [thread 5151] Starting Thrift server on port 9093
[13:55:05.099] [bmv2] [I] [thread 5151] Thrift server was started
[13:55:05.240] [bmv2] [D] [thread 5162] [0.0] [cxt 0] Processing packet received on port 1
[13:55:05.240] [bmv2] [D] [thread 5162] [0.0] [cxt 0] Parser 'parser': start
[13:55:05.240] [bmv2] [D] [thread 5162] [0.0] [cxt 0] Parser 'parser' entering state 'start'
[13:55:05.240] [bmv2] [D] [thread 5162] [0.0] [cxt 0] Extracting header 'ethernet'
[13:55:05.240] [bmv2] [D] [thread 5162] [0.0] [cxt 0] Parser state 'start': key is 86dd
[13:55:05.240] [bmv2] [T] [thread 5162] [0.0] [cxt 0] Bytes parsed: 14
[13:55:05.240] [bmv2] [D] [thread 5162] [0.0] [cxt 0] Parser 'parser': end
[13:55:05.240] [bmv2] [D] [thread 5162] [0.0] [cxt 0] Pipeline 'ingress': start
[13:55:05.240] [bmv2] [T] [thread 5162] [0.0] [cxt 0] basic.p4(115) Condition "        if (hdr.ipv4.isValid()) { /*avaliar a qualidade do header \"hdr\" aqui ainda OG*/" (node_2) is false
[13:55:05.240] [bmv2] [D] [thread 5162] [0.0] [cxt 0] Pipeline 'ingress': end
[13:55:05.240] [bmv2] [D] [thread 5162] [0.0] [cxt 0] Egress port is 0
[13:55:05.240] [bmv2] [D] [thread 5163] [0.0] [cxt 0] Pipeline 'egress': start
[13:55:05.240] [bmv2] [D] [thread 5163] [0.0] [cxt 0] Pipeline 'egress': end
[13:55:05.240] [bmv2] [D] [thread 5163] [0.0] [cxt 0] Deparser 'deparser': start
[13:55:05.240] [bmv2] [T] [thread 5163] [0.0] [cxt 0] Skipping checksum 'cksum' update because condition not met
[13:55:05.240] [bmv2] [D] [thread 5163] [0.0] [cxt 0] Deparsing header 'ethernet'
[13:55:05.240] [bmv2] [D] [thread 5163] [0.0] [cxt 0] Deparser 'deparser': end
[13:55:05.241] [bmv2] [D] [thread 5167] [0.0] [cxt 0] Transmitting packet of size 90 out of port 0
[13:55:05.267] [bmv2] [D] [thread 5162] [1.0] [cxt 0] Processing packet received on port 2
[13:55:05.267] [bmv2] [D] [thread 5162] [1.0] [cxt 0] Parser 'parser': start
[13:55:05.267] [bmv2] [D] [thread 5162] [1.0] [cxt 0] Parser 'parser' entering state 'start'
[13:55:05.267] [bmv2] [D] [thread 5162] [1.0] [cxt 0] Extracting header 'ethernet'
[13:55:05.267] [bmv2] [D] [thread 5162] [1.0] [cxt 0] Parser state 'start': key is 86dd
[13:55:05.267] [bmv2] [T] [thread 5162] [1.0] [cxt 0] Bytes parsed: 14
[13:55:05.267] [bmv2] [D] [thread 5162] [1.0] [cxt 0] Parser 'parser': end
[13:55:05.267] [bmv2] [D] [thread 5162] [1.0] [cxt 0] Pipeline 'ingress': start
[13:55:05.267] [bmv2] [T] [thread 5162] [1.0] [cxt 0] basic.p4(115) Condition "        if (hdr.ipv4.isValid()) { /*avaliar a qualidade do header \"hdr\" aqui ainda OG*/" (node_2) is false
[13:55:05.268] [bmv2] [D] [thread 5162] [1.0] [cxt 0] Pipeline 'ingress': end
[13:55:05.268] [bmv2] [D] [thread 5162] [1.0] [cxt 0] Egress port is 0
[13:55:05.268] [bmv2] [D] [thread 5163] [1.0] [cxt 0] Pipeline 'egress': start
[13:55:05.268] [bmv2] [D] [thread 5163] [1.0] [cxt 0] Pipeline 'egress': end
[13:55:05.268] [bmv2] [D] [thread 5163] [1.0] [cxt 0] Deparser 'deparser': start
[13:55:05.268] [bmv2] [T] [thread 5163] [1.0] [cxt 0] Skipping checksum 'cksum' update because condition not met
[13:55:05.268] [bmv2] [D] [thread 5163] [1.0] [cxt 0] Deparsing header 'ethernet'
[13:55:05.269] [bmv2] [D] [thread 5163] [1.0] [cxt 0] Deparser 'deparser': end
[13:55:05.269] [bmv2] [D] [thread 5167] [1.0] [cxt 0] Transmitting packet of size 90 out of port 0
[13:55:06.699] [bmv2] [W] [thread 5229] [P4Runtime] p4::tmp::P4DeviceConfig is deprecated
[13:55:06.700] [bmv2] [D] [thread 5229] Set default default entry for table 'MyIngress.ipv4_lpm': NoAction - 
[13:55:06.701] [bmv2] [D] [thread 5229] simple_switch target has been notified of a config swap
[13:55:06.702] [bmv2] [D] [thread 5230] Set default entry for table 'MyIngress.ipv4_lpm': MyIngress.drop - 
[13:55:06.704] [bmv2] [D] [thread 5229] Entry 0 added to table 'MyIngress.ipv4_lpm'
[13:55:06.704] [bmv2] [D] [thread 5229] Dumping entry 0
Match key:
* hdr.ipv4.dstAddr    : LPM       0a000101/32
Action entry: MyIngress.ipv4_forward - 80000000100,2,

[13:55:06.706] [bmv2] [D] [thread 5230] Entry 1 added to table 'MyIngress.ipv4_lpm'
[13:55:06.706] [bmv2] [D] [thread 5230] Dumping entry 1
Match key:
* hdr.ipv4.dstAddr    : LPM       0a000202/32
Action entry: MyIngress.ipv4_forward - 80000000100,2,

[13:55:06.713] [bmv2] [D] [thread 5229] Entry 2 added to table 'MyIngress.ipv4_lpm'
[13:55:06.713] [bmv2] [D] [thread 5229] Dumping entry 2
Match key:
* hdr.ipv4.dstAddr    : LPM       0a000303/32
Action entry: MyIngress.ipv4_forward - 80000000200,1,

[13:55:06.717] [bmv2] [D] [thread 5230] Entry 3 added to table 'MyIngress.ipv4_lpm'
[13:55:06.718] [bmv2] [D] [thread 5230] Dumping entry 3
Match key:
* hdr.ipv4.dstAddr    : LPM       0a000404/32
Action entry: MyIngress.ipv4_forward - 80000000200,1,

[13:55:08.024] [bmv2] [D] [thread 5162] [2.0] [cxt 0] Processing packet received on port 2
[13:55:08.024] [bmv2] [D] [thread 5162] [2.0] [cxt 0] Parser 'parser': start
[13:55:08.024] [bmv2] [D] [thread 5162] [2.0] [cxt 0] Parser 'parser' entering state 'start'
[13:55:08.024] [bmv2] [D] [thread 5162] [2.0] [cxt 0] Extracting header 'ethernet'
[13:55:08.024] [bmv2] [D] [thread 5162] [2.0] [cxt 0] Parser state 'start': key is 86dd
[13:55:08.024] [bmv2] [T] [thread 5162] [2.0] [cxt 0] Bytes parsed: 14
[13:55:08.024] [bmv2] [D] [thread 5162] [2.0] [cxt 0] Parser 'parser': end
[13:55:08.024] [bmv2] [D] [thread 5162] [2.0] [cxt 0] Pipeline 'ingress': start
[13:55:08.024] [bmv2] [T] [thread 5162] [2.0] [cxt 0] basic.p4(115) Condition "        if (hdr.ipv4.isValid()) { /*avaliar a qualidade do header \"hdr\" aqui ainda OG*/" (node_2) is false
[13:55:08.024] [bmv2] [D] [thread 5162] [2.0] [cxt 0] Pipeline 'ingress': end
[13:55:08.024] [bmv2] [D] [thread 5162] [2.0] [cxt 0] Egress port is 0
[13:55:08.024] [bmv2] [D] [thread 5163] [2.0] [cxt 0] Pipeline 'egress': start
[13:55:08.024] [bmv2] [D] [thread 5163] [2.0] [cxt 0] Pipeline 'egress': end
[13:55:08.024] [bmv2] [D] [thread 5163] [2.0] [cxt 0] Deparser 'deparser': start
[13:55:08.024] [bmv2] [T] [thread 5163] [2.0] [cxt 0] Skipping checksum 'cksum' update because condition not met
[13:55:08.024] [bmv2] [D] [thread 5163] [2.0] [cxt 0] Deparsing header 'ethernet'
[13:55:08.024] [bmv2] [D] [thread 5163] [2.0] [cxt 0] Deparser 'deparser': end
[13:55:08.024] [bmv2] [D] [thread 5167] [2.0] [cxt 0] Transmitting packet of size 70 out of port 0
[13:55:08.530] [bmv2] [D] [thread 5162] [3.0] [cxt 0] Processing packet received on port 1
[13:55:08.530] [bmv2] [D] [thread 5162] [3.0] [cxt 0] Parser 'parser': start
[13:55:08.530] [bmv2] [D] [thread 5162] [3.0] [cxt 0] Parser 'parser' entering state 'start'
[13:55:08.530] [bmv2] [D] [thread 5162] [3.0] [cxt 0] Extracting header 'ethernet'
[13:55:08.530] [bmv2] [D] [thread 5162] [3.0] [cxt 0] Parser state 'start': key is 86dd
[13:55:08.530] [bmv2] [T] [thread 5162] [3.0] [cxt 0] Bytes parsed: 14
[13:55:08.530] [bmv2] [D] [thread 5162] [3.0] [cxt 0] Parser 'parser': end
[13:55:08.530] [bmv2] [D] [thread 5162] [3.0] [cxt 0] Pipeline 'ingress': start
[13:55:08.530] [bmv2] [T] [thread 5162] [3.0] [cxt 0] basic.p4(115) Condition "        if (hdr.ipv4.isValid()) { /*avaliar a qualidade do header \"hdr\" aqui ainda OG*/" (node_2) is false
[13:55:08.530] [bmv2] [D] [thread 5162] [3.0] [cxt 0] Pipeline 'ingress': end
[13:55:08.530] [bmv2] [D] [thread 5162] [3.0] [cxt 0] Egress port is 0
[13:55:08.530] [bmv2] [D] [thread 5162] [4.0] [cxt 0] Processing packet received on port 1
[13:55:08.530] [bmv2] [D] [thread 5162] [4.0] [cxt 0] Parser 'parser': start
[13:55:08.530] [bmv2] [D] [thread 5162] [4.0] [cxt 0] Parser 'parser' entering state 'start'
[13:55:08.531] [bmv2] [D] [thread 5162] [4.0] [cxt 0] Extracting header 'ethernet'
[13:55:08.531] [bmv2] [D] [thread 5162] [4.0] [cxt 0] Parser state 'start': key is 86dd
[13:55:08.531] [bmv2] [T] [thread 5162] [4.0] [cxt 0] Bytes parsed: 14
[13:55:08.531] [bmv2] [D] [thread 5162] [4.0] [cxt 0] Parser 'parser': end
[13:55:08.531] [bmv2] [D] [thread 5162] [4.0] [cxt 0] Pipeline 'ingress': start
[13:55:08.531] [bmv2] [T] [thread 5162] [4.0] [cxt 0] basic.p4(115) Condition "        if (hdr.ipv4.isValid()) { /*avaliar a qualidade do header \"hdr\" aqui ainda OG*/" (node_2) is false
[13:55:08.531] [bmv2] [D] [thread 5162] [4.0] [cxt 0] Pipeline 'ingress': end
[13:55:08.531] [bmv2] [D] [thread 5162] [4.0] [cxt 0] Egress port is 0
[13:55:08.531] [bmv2] [D] [thread 5163] [3.0] [cxt 0] Pipeline 'egress': start
[13:55:08.531] [bmv2] [D] [thread 5163] [3.0] [cxt 0] Pipeline 'egress': end
[13:55:08.531] [bmv2] [D] [thread 5163] [3.0] [cxt 0] Deparser 'deparser': start
[13:55:08.531] [bmv2] [T] [thread 5163] [3.0] [cxt 0] Skipping checksum 'cksum' update because condition not met
[13:55:08.531] [bmv2] [D] [thread 5163] [3.0] [cxt 0] Deparsing header 'ethernet'
[13:55:08.531] [bmv2] [D] [thread 5163] [3.0] [cxt 0] Deparser 'deparser': end
[13:55:08.531] [bmv2] [D] [thread 5167] [3.0] [cxt 0] Transmitting packet of size 70 out of port 0
[13:55:08.531] [bmv2] [D] [thread 5163] [4.0] [cxt 0] Pipeline 'egress': start
[13:55:08.531] [bmv2] [D] [thread 5163] [4.0] [cxt 0] Pipeline 'egress': end
[13:55:08.531] [bmv2] [D] [thread 5163] [4.0] [cxt 0] Deparser 'deparser': start
[13:55:08.531] [bmv2] [T] [thread 5163] [4.0] [cxt 0] Skipping checksum 'cksum' update because condition not met
[13:55:08.531] [bmv2] [D] [thread 5163] [4.0] [cxt 0] Deparsing header 'ethernet'
[13:55:08.531] [bmv2] [D] [thread 5163] [4.0] [cxt 0] Deparser 'deparser': end
[13:55:08.531] [bmv2] [D] [thread 5167] [4.0] [cxt 0] Transmitting packet of size 70 out of port 0
[13:55:08.535] [bmv2] [D] [thread 5162] [5.0] [cxt 0] Processing packet received on port 2
[13:55:08.535] [bmv2] [D] [thread 5162] [5.0] [cxt 0] Parser 'parser': start
[13:55:08.535] [bmv2] [D] [thread 5162] [5.0] [cxt 0] Parser 'parser' entering state 'start'
[13:55:08.535] [bmv2] [D] [thread 5162] [5.0] [cxt 0] Extracting header 'ethernet'
[13:55:08.535] [bmv2] [D] [thread 5162] [5.0] [cxt 0] Parser state 'start': key is 86dd
[13:55:08.535] [bmv2] [T] [thread 5162] [5.0] [cxt 0] Bytes parsed: 14
[13:55:08.535] [bmv2] [D] [thread 5162] [5.0] [cxt 0] Parser 'parser': end
[13:55:08.535] [bmv2] [D] [thread 5162] [5.0] [cxt 0] Pipeline 'ingress': start
[13:55:08.535] [bmv2] [T] [thread 5162] [5.0] [cxt 0] basic.p4(115) Condition "        if (hdr.ipv4.isValid()) { /*avaliar a qualidade do header \"hdr\" aqui ainda OG*/" (node_2) is false
[13:55:08.535] [bmv2] [D] [thread 5162] [5.0] [cxt 0] Pipeline 'ingress': end
[13:55:08.535] [bmv2] [D] [thread 5162] [5.0] [cxt 0] Egress port is 0
[13:55:08.535] [bmv2] [D] [thread 5163] [5.0] [cxt 0] Pipeline 'egress': start
[13:55:08.535] [bmv2] [D] [thread 5163] [5.0] [cxt 0] Pipeline 'egress': end
[13:55:08.535] [bmv2] [D] [thread 5163] [5.0] [cxt 0] Deparser 'deparser': start
[13:55:08.535] [bmv2] [T] [thread 5163] [5.0] [cxt 0] Skipping checksum 'cksum' update because condition not met
[13:55:08.535] [bmv2] [D] [thread 5163] [5.0] [cxt 0] Deparsing header 'ethernet'
[13:55:08.535] [bmv2] [D] [thread 5163] [5.0] [cxt 0] Deparser 'deparser': end
[13:55:08.535] [bmv2] [D] [thread 5167] [5.0] [cxt 0] Transmitting packet of size 70 out of port 0
