Calling target program-options parser
[14:47:48.917] [bmv2] [D] [thread 5201] Set default default entry for table 'MyIngress.ipv4_lpm': NoAction - 
[14:47:48.917] [bmv2] [D] [thread 5201] Set default default entry for table 'MyIngress.myTunnel_exact': MyIngress.drop - 
Adding interface s1-eth1 as port 1
[14:47:48.918] [bmv2] [D] [thread 5201] Adding interface s1-eth1 as port 1
Adding interface s1-eth2 as port 2
[14:47:48.985] [bmv2] [D] [thread 5201] Adding interface s1-eth2 as port 2
Adding interface s1-eth3 as port 3
[14:47:49.093] [bmv2] [D] [thread 5201] Adding interface s1-eth3 as port 3
Server listening on 0.0.0.0:50051
[14:47:49.194] [bmv2] [I] [thread 5201] Starting Thrift server on port 9090
[14:47:49.195] [bmv2] [I] [thread 5201] Thrift server was started
[14:47:49.302] [bmv2] [D] [thread 5218] [0.0] [cxt 0] Processing packet received on port 3
[14:47:49.304] [bmv2] [D] [thread 5218] [0.0] [cxt 0] Parser 'parser': start
[14:47:49.305] [bmv2] [D] [thread 5218] [0.0] [cxt 0] Parser 'parser' entering state 'start'
[14:47:49.305] [bmv2] [D] [thread 5218] [0.0] [cxt 0] Extracting header 'ethernet'
[14:47:49.305] [bmv2] [D] [thread 5218] [0.0] [cxt 0] Parser state 'start': key is 86dd
[14:47:49.305] [bmv2] [T] [thread 5218] [0.0] [cxt 0] Bytes parsed: 14
[14:47:49.305] [bmv2] [D] [thread 5218] [0.0] [cxt 0] Parser 'parser': end
[14:47:49.306] [bmv2] [D] [thread 5218] [0.0] [cxt 0] Pipeline 'ingress': start
[14:47:49.306] [bmv2] [T] [thread 5218] [0.0] [cxt 0] advanced_tunnel.p4(169) Condition "hdr.ipv4.isValid() && !hdr.myTunnel.isValid()" (node_2) is false
[14:47:49.306] [bmv2] [T] [thread 5218] [0.0] [cxt 0] advanced_tunnel.p4(174) Condition "hdr.myTunnel.isValid()" (node_4) is false
[14:47:49.306] [bmv2] [D] [thread 5218] [0.0] [cxt 0] Pipeline 'ingress': end
[14:47:49.306] [bmv2] [D] [thread 5218] [0.0] [cxt 0] Egress port is 0
[14:47:49.306] [bmv2] [D] [thread 5219] [0.0] [cxt 0] Pipeline 'egress': start
[14:47:49.306] [bmv2] [D] [thread 5219] [0.0] [cxt 0] Pipeline 'egress': end
[14:47:49.306] [bmv2] [D] [thread 5219] [0.0] [cxt 0] Deparser 'deparser': start
[14:47:49.307] [bmv2] [T] [thread 5219] [0.0] [cxt 0] Skipping checksum 'cksum' update because condition not met
[14:47:49.307] [bmv2] [D] [thread 5219] [0.0] [cxt 0] Deparsing header 'ethernet'
[14:47:49.307] [bmv2] [D] [thread 5219] [0.0] [cxt 0] Deparser 'deparser': end
[14:47:49.307] [bmv2] [D] [thread 5223] [0.0] [cxt 0] Transmitting packet of size 208 out of port 0
[14:47:49.377] [bmv2] [D] [thread 5218] [1.0] [cxt 0] Processing packet received on port 3
[14:47:49.377] [bmv2] [D] [thread 5218] [1.0] [cxt 0] Parser 'parser': start
[14:47:49.377] [bmv2] [D] [thread 5218] [1.0] [cxt 0] Parser 'parser' entering state 'start'
[14:47:49.377] [bmv2] [D] [thread 5218] [1.0] [cxt 0] Extracting header 'ethernet'
[14:47:49.377] [bmv2] [D] [thread 5218] [1.0] [cxt 0] Parser state 'start': key is 86dd
[14:47:49.377] [bmv2] [T] [thread 5218] [1.0] [cxt 0] Bytes parsed: 14
[14:47:49.377] [bmv2] [D] [thread 5218] [1.0] [cxt 0] Parser 'parser': end
[14:47:49.377] [bmv2] [D] [thread 5218] [1.0] [cxt 0] Pipeline 'ingress': start
[14:47:49.377] [bmv2] [T] [thread 5218] [1.0] [cxt 0] advanced_tunnel.p4(169) Condition "hdr.ipv4.isValid() && !hdr.myTunnel.isValid()" (node_2) is false
[14:47:49.377] [bmv2] [T] [thread 5218] [1.0] [cxt 0] advanced_tunnel.p4(174) Condition "hdr.myTunnel.isValid()" (node_4) is false
[14:47:49.377] [bmv2] [D] [thread 5218] [1.0] [cxt 0] Pipeline 'ingress': end
[14:47:49.377] [bmv2] [D] [thread 5218] [1.0] [cxt 0] Egress port is 0
[14:47:49.377] [bmv2] [D] [thread 5219] [1.0] [cxt 0] Pipeline 'egress': start
[14:47:49.377] [bmv2] [D] [thread 5219] [1.0] [cxt 0] Pipeline 'egress': end
[14:47:49.377] [bmv2] [D] [thread 5219] [1.0] [cxt 0] Deparser 'deparser': start
[14:47:49.377] [bmv2] [T] [thread 5219] [1.0] [cxt 0] Skipping checksum 'cksum' update because condition not met
[14:47:49.377] [bmv2] [D] [thread 5219] [1.0] [cxt 0] Deparsing header 'ethernet'
[14:47:49.377] [bmv2] [D] [thread 5219] [1.0] [cxt 0] Deparser 'deparser': end
[14:47:49.378] [bmv2] [D] [thread 5223] [1.0] [cxt 0] Transmitting packet of size 90 out of port 0
[14:47:49.548] [bmv2] [D] [thread 5218] [2.0] [cxt 0] Processing packet received on port 3
[14:47:49.548] [bmv2] [D] [thread 5218] [2.0] [cxt 0] Parser 'parser': start
[14:47:49.548] [bmv2] [D] [thread 5218] [2.0] [cxt 0] Parser 'parser' entering state 'start'
[14:47:49.548] [bmv2] [D] [thread 5218] [2.0] [cxt 0] Extracting header 'ethernet'
[14:47:49.548] [bmv2] [D] [thread 5218] [2.0] [cxt 0] Parser state 'start': key is 86dd
[14:47:49.548] [bmv2] [T] [thread 5218] [2.0] [cxt 0] Bytes parsed: 14
[14:47:49.548] [bmv2] [D] [thread 5218] [2.0] [cxt 0] Parser 'parser': end
[14:47:49.548] [bmv2] [D] [thread 5218] [2.0] [cxt 0] Pipeline 'ingress': start
[14:47:49.548] [bmv2] [T] [thread 5218] [2.0] [cxt 0] advanced_tunnel.p4(169) Condition "hdr.ipv4.isValid() && !hdr.myTunnel.isValid()" (node_2) is false
[14:47:49.548] [bmv2] [T] [thread 5218] [2.0] [cxt 0] advanced_tunnel.p4(174) Condition "hdr.myTunnel.isValid()" (node_4) is false
[14:47:49.548] [bmv2] [D] [thread 5218] [2.0] [cxt 0] Pipeline 'ingress': end
[14:47:49.548] [bmv2] [D] [thread 5218] [2.0] [cxt 0] Egress port is 0
[14:47:49.548] [bmv2] [D] [thread 5219] [2.0] [cxt 0] Pipeline 'egress': start
[14:47:49.548] [bmv2] [D] [thread 5219] [2.0] [cxt 0] Pipeline 'egress': end
[14:47:49.548] [bmv2] [D] [thread 5219] [2.0] [cxt 0] Deparser 'deparser': start
[14:47:49.548] [bmv2] [T] [thread 5219] [2.0] [cxt 0] Skipping checksum 'cksum' update because condition not met
[14:47:49.548] [bmv2] [D] [thread 5219] [2.0] [cxt 0] Deparsing header 'ethernet'
[14:47:49.548] [bmv2] [D] [thread 5219] [2.0] [cxt 0] Deparser 'deparser': end
[14:47:49.549] [bmv2] [D] [thread 5223] [2.0] [cxt 0] Transmitting packet of size 208 out of port 0
[14:47:49.698] [bmv2] [D] [thread 5218] [3.0] [cxt 0] Processing packet received on port 2
[14:47:49.698] [bmv2] [D] [thread 5218] [3.0] [cxt 0] Parser 'parser': start
[14:47:49.698] [bmv2] [D] [thread 5218] [3.0] [cxt 0] Parser 'parser' entering state 'start'
[14:47:49.698] [bmv2] [D] [thread 5218] [3.0] [cxt 0] Extracting header 'ethernet'
[14:47:49.698] [bmv2] [D] [thread 5218] [3.0] [cxt 0] Parser state 'start': key is 86dd
[14:47:49.698] [bmv2] [T] [thread 5218] [3.0] [cxt 0] Bytes parsed: 14
[14:47:49.698] [bmv2] [D] [thread 5218] [3.0] [cxt 0] Parser 'parser': end
[14:47:49.698] [bmv2] [D] [thread 5218] [3.0] [cxt 0] Pipeline 'ingress': start
[14:47:49.698] [bmv2] [T] [thread 5218] [3.0] [cxt 0] advanced_tunnel.p4(169) Condition "hdr.ipv4.isValid() && !hdr.myTunnel.isValid()" (node_2) is false
[14:47:49.698] [bmv2] [T] [thread 5218] [3.0] [cxt 0] advanced_tunnel.p4(174) Condition "hdr.myTunnel.isValid()" (node_4) is false
[14:47:49.698] [bmv2] [D] [thread 5218] [3.0] [cxt 0] Pipeline 'ingress': end
[14:47:49.698] [bmv2] [D] [thread 5218] [3.0] [cxt 0] Egress port is 0
[14:47:49.698] [bmv2] [D] [thread 5218] [4.0] [cxt 0] Processing packet received on port 2
[14:47:49.698] [bmv2] [D] [thread 5218] [4.0] [cxt 0] Parser 'parser': start
[14:47:49.698] [bmv2] [D] [thread 5218] [4.0] [cxt 0] Parser 'parser' entering state 'start'
[14:47:49.698] [bmv2] [D] [thread 5218] [4.0] [cxt 0] Extracting header 'ethernet'
[14:47:49.698] [bmv2] [D] [thread 5218] [4.0] [cxt 0] Parser state 'start': key is 86dd
[14:47:49.698] [bmv2] [T] [thread 5218] [4.0] [cxt 0] Bytes parsed: 14
[14:47:49.698] [bmv2] [D] [thread 5218] [4.0] [cxt 0] Parser 'parser': end
[14:47:49.698] [bmv2] [D] [thread 5218] [4.0] [cxt 0] Pipeline 'ingress': start
[14:47:49.699] [bmv2] [T] [thread 5218] [4.0] [cxt 0] advanced_tunnel.p4(169) Condition "hdr.ipv4.isValid() && !hdr.myTunnel.isValid()" (node_2) is false
[14:47:49.699] [bmv2] [T] [thread 5218] [4.0] [cxt 0] advanced_tunnel.p4(174) Condition "hdr.myTunnel.isValid()" (node_4) is false
[14:47:49.699] [bmv2] [D] [thread 5218] [4.0] [cxt 0] Pipeline 'ingress': end
[14:47:49.699] [bmv2] [D] [thread 5218] [4.0] [cxt 0] Egress port is 0
[14:47:49.699] [bmv2] [D] [thread 5219] [3.0] [cxt 0] Pipeline 'egress': start
[14:47:49.699] [bmv2] [D] [thread 5219] [3.0] [cxt 0] Pipeline 'egress': end
[14:47:49.699] [bmv2] [D] [thread 5219] [3.0] [cxt 0] Deparser 'deparser': start
[14:47:49.699] [bmv2] [T] [thread 5219] [3.0] [cxt 0] Skipping checksum 'cksum' update because condition not met
[14:47:49.699] [bmv2] [D] [thread 5219] [3.0] [cxt 0] Deparsing header 'ethernet'
[14:47:49.699] [bmv2] [D] [thread 5219] [3.0] [cxt 0] Deparser 'deparser': end
[14:47:49.699] [bmv2] [D] [thread 5219] [4.0] [cxt 0] Pipeline 'egress': start
[14:47:49.699] [bmv2] [D] [thread 5219] [4.0] [cxt 0] Pipeline 'egress': end
[14:47:49.699] [bmv2] [D] [thread 5219] [4.0] [cxt 0] Deparser 'deparser': start
[14:47:49.699] [bmv2] [T] [thread 5219] [4.0] [cxt 0] Skipping checksum 'cksum' update because condition not met
[14:47:49.699] [bmv2] [D] [thread 5219] [4.0] [cxt 0] Deparsing header 'ethernet'
[14:47:49.699] [bmv2] [D] [thread 5219] [4.0] [cxt 0] Deparser 'deparser': end
[14:47:49.700] [bmv2] [D] [thread 5223] [3.0] [cxt 0] Transmitting packet of size 90 out of port 0
[14:47:49.700] [bmv2] [D] [thread 5223] [4.0] [cxt 0] Transmitting packet of size 70 out of port 0
[14:47:49.705] [bmv2] [D] [thread 5218] [5.0] [cxt 0] Processing packet received on port 2
[14:47:49.705] [bmv2] [D] [thread 5218] [5.0] [cxt 0] Parser 'parser': start
[14:47:49.705] [bmv2] [D] [thread 5218] [5.0] [cxt 0] Parser 'parser' entering state 'start'
[14:47:49.705] [bmv2] [D] [thread 5218] [5.0] [cxt 0] Extracting header 'ethernet'
[14:47:49.705] [bmv2] [D] [thread 5218] [5.0] [cxt 0] Parser state 'start': key is 86dd
[14:47:49.705] [bmv2] [T] [thread 5218] [5.0] [cxt 0] Bytes parsed: 14
[14:47:49.705] [bmv2] [D] [thread 5218] [5.0] [cxt 0] Parser 'parser': end
[14:47:49.705] [bmv2] [D] [thread 5218] [5.0] [cxt 0] Pipeline 'ingress': start
[14:47:49.705] [bmv2] [T] [thread 5218] [5.0] [cxt 0] advanced_tunnel.p4(169) Condition "hdr.ipv4.isValid() && !hdr.myTunnel.isValid()" (node_2) is false
[14:47:49.705] [bmv2] [T] [thread 5218] [5.0] [cxt 0] advanced_tunnel.p4(174) Condition "hdr.myTunnel.isValid()" (node_4) is false
[14:47:49.705] [bmv2] [D] [thread 5218] [5.0] [cxt 0] Pipeline 'ingress': end
[14:47:49.705] [bmv2] [D] [thread 5218] [5.0] [cxt 0] Egress port is 0
[14:47:49.706] [bmv2] [D] [thread 5219] [5.0] [cxt 0] Pipeline 'egress': start
[14:47:49.706] [bmv2] [D] [thread 5219] [5.0] [cxt 0] Pipeline 'egress': end
[14:47:49.706] [bmv2] [D] [thread 5219] [5.0] [cxt 0] Deparser 'deparser': start
[14:47:49.706] [bmv2] [T] [thread 5219] [5.0] [cxt 0] Skipping checksum 'cksum' update because condition not met
[14:47:49.706] [bmv2] [D] [thread 5219] [5.0] [cxt 0] Deparsing header 'ethernet'
[14:47:49.706] [bmv2] [D] [thread 5219] [5.0] [cxt 0] Deparser 'deparser': end
[14:47:49.706] [bmv2] [D] [thread 5223] [5.0] [cxt 0] Transmitting packet of size 90 out of port 0
[14:47:49.729] [bmv2] [D] [thread 5218] [6.0] [cxt 0] Processing packet received on port 3
[14:47:49.729] [bmv2] [D] [thread 5218] [6.0] [cxt 0] Parser 'parser': start
[14:47:49.729] [bmv2] [D] [thread 5218] [6.0] [cxt 0] Parser 'parser' entering state 'start'
[14:47:49.729] [bmv2] [D] [thread 5218] [6.0] [cxt 0] Extracting header 'ethernet'
[14:47:49.729] [bmv2] [D] [thread 5218] [6.0] [cxt 0] Parser state 'start': key is 86dd
[14:47:49.729] [bmv2] [T] [thread 5218] [6.0] [cxt 0] Bytes parsed: 14
[14:47:49.729] [bmv2] [D] [thread 5218] [6.0] [cxt 0] Parser 'parser': end
[14:47:49.729] [bmv2] [D] [thread 5218] [6.0] [cxt 0] Pipeline 'ingress': start
[14:47:49.729] [bmv2] [T] [thread 5218] [6.0] [cxt 0] advanced_tunnel.p4(169) Condition "hdr.ipv4.isValid() && !hdr.myTunnel.isValid()" (node_2) is false
[14:47:49.729] [bmv2] [T] [thread 5218] [6.0] [cxt 0] advanced_tunnel.p4(174) Condition "hdr.myTunnel.isValid()" (node_4) is false
[14:47:49.729] [bmv2] [D] [thread 5218] [6.0] [cxt 0] Pipeline 'ingress': end
[14:47:49.729] [bmv2] [D] [thread 5218] [6.0] [cxt 0] Egress port is 0
[14:47:49.729] [bmv2] [D] [thread 5218] [7.0] [cxt 0] Processing packet received on port 3
[14:47:49.729] [bmv2] [D] [thread 5218] [7.0] [cxt 0] Parser 'parser': start
[14:47:49.729] [bmv2] [D] [thread 5218] [7.0] [cxt 0] Parser 'parser' entering state 'start'
[14:47:49.729] [bmv2] [D] [thread 5218] [7.0] [cxt 0] Extracting header 'ethernet'
[14:47:49.729] [bmv2] [D] [thread 5218] [7.0] [cxt 0] Parser state 'start': key is 86dd
[14:47:49.729] [bmv2] [T] [thread 5218] [7.0] [cxt 0] Bytes parsed: 14
[14:47:49.729] [bmv2] [D] [thread 5218] [7.0] [cxt 0] Parser 'parser': end
[14:47:49.729] [bmv2] [D] [thread 5218] [7.0] [cxt 0] Pipeline 'ingress': start
[14:47:49.729] [bmv2] [T] [thread 5218] [7.0] [cxt 0] advanced_tunnel.p4(169) Condition "hdr.ipv4.isValid() && !hdr.myTunnel.isValid()" (node_2) is false
[14:47:49.729] [bmv2] [T] [thread 5218] [7.0] [cxt 0] advanced_tunnel.p4(174) Condition "hdr.myTunnel.isValid()" (node_4) is false
[14:47:49.729] [bmv2] [D] [thread 5218] [7.0] [cxt 0] Pipeline 'ingress': end
[14:47:49.729] [bmv2] [D] [thread 5218] [7.0] [cxt 0] Egress port is 0
[14:47:49.729] [bmv2] [D] [thread 5219] [6.0] [cxt 0] Pipeline 'egress': start
[14:47:49.729] [bmv2] [D] [thread 5219] [6.0] [cxt 0] Pipeline 'egress': end
[14:47:49.729] [bmv2] [D] [thread 5219] [6.0] [cxt 0] Deparser 'deparser': start
[14:47:49.729] [bmv2] [T] [thread 5219] [6.0] [cxt 0] Skipping checksum 'cksum' update because condition not met
[14:47:49.729] [bmv2] [D] [thread 5219] [6.0] [cxt 0] Deparsing header 'ethernet'
[14:47:49.729] [bmv2] [D] [thread 5219] [6.0] [cxt 0] Deparser 'deparser': end
[14:47:49.730] [bmv2] [D] [thread 5219] [7.0] [cxt 0] Pipeline 'egress': start
[14:47:49.730] [bmv2] [D] [thread 5219] [7.0] [cxt 0] Pipeline 'egress': end
[14:47:49.730] [bmv2] [D] [thread 5219] [7.0] [cxt 0] Deparser 'deparser': start
[14:47:49.730] [bmv2] [T] [thread 5219] [7.0] [cxt 0] Skipping checksum 'cksum' update because condition not met
[14:47:49.730] [bmv2] [D] [thread 5219] [7.0] [cxt 0] Deparsing header 'ethernet'
[14:47:49.730] [bmv2] [D] [thread 5219] [7.0] [cxt 0] Deparser 'deparser': end
[14:47:49.731] [bmv2] [D] [thread 5223] [6.0] [cxt 0] Transmitting packet of size 90 out of port 0
[14:47:49.731] [bmv2] [D] [thread 5223] [7.0] [cxt 0] Transmitting packet of size 70 out of port 0
[14:47:49.741] [bmv2] [D] [thread 5218] [8.0] [cxt 0] Processing packet received on port 3
[14:47:49.741] [bmv2] [D] [thread 5218] [8.0] [cxt 0] Parser 'parser': start
[14:47:49.741] [bmv2] [D] [thread 5218] [8.0] [cxt 0] Parser 'parser' entering state 'start'
[14:47:49.741] [bmv2] [D] [thread 5218] [8.0] [cxt 0] Extracting header 'ethernet'
[14:47:49.741] [bmv2] [D] [thread 5218] [8.0] [cxt 0] Parser state 'start': key is 86dd
[14:47:49.741] [bmv2] [T] [thread 5218] [8.0] [cxt 0] Bytes parsed: 14
[14:47:49.741] [bmv2] [D] [thread 5218] [8.0] [cxt 0] Parser 'parser': end
[14:47:49.741] [bmv2] [D] [thread 5218] [8.0] [cxt 0] Pipeline 'ingress': start
[14:47:49.741] [bmv2] [T] [thread 5218] [8.0] [cxt 0] advanced_tunnel.p4(169) Condition "hdr.ipv4.isValid() && !hdr.myTunnel.isValid()" (node_2) is false
[14:47:49.741] [bmv2] [T] [thread 5218] [8.0] [cxt 0] advanced_tunnel.p4(174) Condition "hdr.myTunnel.isValid()" (node_4) is false
[14:47:49.741] [bmv2] [D] [thread 5218] [8.0] [cxt 0] Pipeline 'ingress': end
[14:47:49.741] [bmv2] [D] [thread 5218] [8.0] [cxt 0] Egress port is 0
[14:47:49.741] [bmv2] [D] [thread 5219] [8.0] [cxt 0] Pipeline 'egress': start
[14:47:49.741] [bmv2] [D] [thread 5219] [8.0] [cxt 0] Pipeline 'egress': end
[14:47:49.741] [bmv2] [D] [thread 5219] [8.0] [cxt 0] Deparser 'deparser': start
[14:47:49.741] [bmv2] [T] [thread 5219] [8.0] [cxt 0] Skipping checksum 'cksum' update because condition not met
[14:47:49.741] [bmv2] [D] [thread 5219] [8.0] [cxt 0] Deparsing header 'ethernet'
[14:47:49.741] [bmv2] [D] [thread 5219] [8.0] [cxt 0] Deparser 'deparser': end
[14:47:49.741] [bmv2] [D] [thread 5223] [8.0] [cxt 0] Transmitting packet of size 90 out of port 0
[14:47:49.794] [bmv2] [D] [thread 5218] [9.0] [cxt 0] Processing packet received on port 2
[14:47:49.794] [bmv2] [D] [thread 5218] [9.0] [cxt 0] Parser 'parser': start
[14:47:49.794] [bmv2] [D] [thread 5218] [9.0] [cxt 0] Parser 'parser' entering state 'start'
[14:47:49.794] [bmv2] [D] [thread 5218] [9.0] [cxt 0] Extracting header 'ethernet'
[14:47:49.795] [bmv2] [D] [thread 5218] [9.0] [cxt 0] Parser state 'start': key is 86dd
[14:47:49.795] [bmv2] [T] [thread 5218] [9.0] [cxt 0] Bytes parsed: 14
[14:47:49.795] [bmv2] [D] [thread 5218] [9.0] [cxt 0] Parser 'parser': end
[14:47:49.795] [bmv2] [D] [thread 5218] [9.0] [cxt 0] Pipeline 'ingress': start
[14:47:49.795] [bmv2] [T] [thread 5218] [9.0] [cxt 0] advanced_tunnel.p4(169) Condition "hdr.ipv4.isValid() && !hdr.myTunnel.isValid()" (node_2) is false
[14:47:49.795] [bmv2] [T] [thread 5218] [9.0] [cxt 0] advanced_tunnel.p4(174) Condition "hdr.myTunnel.isValid()" (node_4) is false
[14:47:49.795] [bmv2] [D] [thread 5218] [9.0] [cxt 0] Pipeline 'ingress': end
[14:47:49.795] [bmv2] [D] [thread 5218] [9.0] [cxt 0] Egress port is 0
[14:47:49.795] [bmv2] [D] [thread 5218] [10.0] [cxt 0] Processing packet received on port 2
[14:47:49.795] [bmv2] [D] [thread 5218] [10.0] [cxt 0] Parser 'parser': start
[14:47:49.795] [bmv2] [D] [thread 5218] [10.0] [cxt 0] Parser 'parser' entering state 'start'
[14:47:49.795] [bmv2] [D] [thread 5218] [10.0] [cxt 0] Extracting header 'ethernet'
[14:47:49.795] [bmv2] [D] [thread 5218] [10.0] [cxt 0] Parser state 'start': key is 86dd
[14:47:49.795] [bmv2] [T] [thread 5218] [10.0] [cxt 0] Bytes parsed: 14
[14:47:49.795] [bmv2] [D] [thread 5218] [10.0] [cxt 0] Parser 'parser': end
[14:47:49.795] [bmv2] [D] [thread 5218] [10.0] [cxt 0] Pipeline 'ingress': start
[14:47:49.795] [bmv2] [T] [thread 5218] [10.0] [cxt 0] advanced_tunnel.p4(169) Condition "hdr.ipv4.isValid() && !hdr.myTunnel.isValid()" (node_2) is false
[14:47:49.795] [bmv2] [T] [thread 5218] [10.0] [cxt 0] advanced_tunnel.p4(174) Condition "hdr.myTunnel.isValid()" (node_4) is false
[14:47:49.795] [bmv2] [D] [thread 5218] [10.0] [cxt 0] Pipeline 'ingress': end
[14:47:49.795] [bmv2] [D] [thread 5218] [10.0] [cxt 0] Egress port is 0
[14:47:49.795] [bmv2] [D] [thread 5219] [9.0] [cxt 0] Pipeline 'egress': start
[14:47:49.795] [bmv2] [D] [thread 5219] [9.0] [cxt 0] Pipeline 'egress': end
[14:47:49.795] [bmv2] [D] [thread 5219] [9.0] [cxt 0] Deparser 'deparser': start
[14:47:49.795] [bmv2] [T] [thread 5219] [9.0] [cxt 0] Skipping checksum 'cksum' update because condition not met
[14:47:49.795] [bmv2] [D] [thread 5219] [9.0] [cxt 0] Deparsing header 'ethernet'
[14:47:49.795] [bmv2] [D] [thread 5219] [9.0] [cxt 0] Deparser 'deparser': end
[14:47:49.795] [bmv2] [D] [thread 5219] [10.0] [cxt 0] Pipeline 'egress': start
[14:47:49.795] [bmv2] [D] [thread 5219] [10.0] [cxt 0] Pipeline 'egress': end
[14:47:49.795] [bmv2] [D] [thread 5219] [10.0] [cxt 0] Deparser 'deparser': start
[14:47:49.795] [bmv2] [T] [thread 5219] [10.0] [cxt 0] Skipping checksum 'cksum' update because condition not met
[14:47:49.795] [bmv2] [D] [thread 5219] [10.0] [cxt 0] Deparsing header 'ethernet'
[14:47:49.795] [bmv2] [D] [thread 5219] [10.0] [cxt 0] Deparser 'deparser': end
[14:47:49.797] [bmv2] [D] [thread 5223] [9.0] [cxt 0] Transmitting packet of size 90 out of port 0
[14:47:49.797] [bmv2] [D] [thread 5223] [10.0] [cxt 0] Transmitting packet of size 70 out of port 0
[14:47:49.799] [bmv2] [D] [thread 5218] [11.0] [cxt 0] Processing packet received on port 3
[14:47:49.799] [bmv2] [D] [thread 5218] [11.0] [cxt 0] Parser 'parser': start
[14:47:49.799] [bmv2] [D] [thread 5218] [11.0] [cxt 0] Parser 'parser' entering state 'start'
[14:47:49.799] [bmv2] [D] [thread 5218] [11.0] [cxt 0] Extracting header 'ethernet'
[14:47:49.799] [bmv2] [D] [thread 5218] [11.0] [cxt 0] Parser state 'start': key is 86dd
[14:47:49.799] [bmv2] [T] [thread 5218] [11.0] [cxt 0] Bytes parsed: 14
[14:47:49.799] [bmv2] [D] [thread 5218] [11.0] [cxt 0] Parser 'parser': end
[14:47:49.799] [bmv2] [D] [thread 5218] [11.0] [cxt 0] Pipeline 'ingress': start
[14:47:49.799] [bmv2] [T] [thread 5218] [11.0] [cxt 0] advanced_tunnel.p4(169) Condition "hdr.ipv4.isValid() && !hdr.myTunnel.isValid()" (node_2) is false
[14:47:49.799] [bmv2] [T] [thread 5218] [11.0] [cxt 0] advanced_tunnel.p4(174) Condition "hdr.myTunnel.isValid()" (node_4) is false
[14:47:49.799] [bmv2] [D] [thread 5218] [11.0] [cxt 0] Pipeline 'ingress': end
[14:47:49.799] [bmv2] [D] [thread 5218] [11.0] [cxt 0] Egress port is 0
[14:47:49.799] [bmv2] [D] [thread 5219] [11.0] [cxt 0] Pipeline 'egress': start
[14:47:49.799] [bmv2] [D] [thread 5219] [11.0] [cxt 0] Pipeline 'egress': end
[14:47:49.799] [bmv2] [D] [thread 5219] [11.0] [cxt 0] Deparser 'deparser': start
[14:47:49.799] [bmv2] [T] [thread 5219] [11.0] [cxt 0] Skipping checksum 'cksum' update because condition not met
[14:47:49.799] [bmv2] [D] [thread 5219] [11.0] [cxt 0] Deparsing header 'ethernet'
[14:47:49.799] [bmv2] [D] [thread 5219] [11.0] [cxt 0] Deparser 'deparser': end
[14:47:49.799] [bmv2] [D] [thread 5223] [11.0] [cxt 0] Transmitting packet of size 208 out of port 0
[14:47:49.805] [bmv2] [D] [thread 5218] [12.0] [cxt 0] Processing packet received on port 2
[14:47:49.805] [bmv2] [D] [thread 5218] [12.0] [cxt 0] Parser 'parser': start
[14:47:49.805] [bmv2] [D] [thread 5218] [12.0] [cxt 0] Parser 'parser' entering state 'start'
[14:47:49.805] [bmv2] [D] [thread 5218] [12.0] [cxt 0] Extracting header 'ethernet'
[14:47:49.805] [bmv2] [D] [thread 5218] [12.0] [cxt 0] Parser state 'start': key is 86dd
[14:47:49.805] [bmv2] [T] [thread 5218] [12.0] [cxt 0] Bytes parsed: 14
[14:47:49.805] [bmv2] [D] [thread 5218] [12.0] [cxt 0] Parser 'parser': end
[14:47:49.805] [bmv2] [D] [thread 5218] [12.0] [cxt 0] Pipeline 'ingress': start
[14:47:49.806] [bmv2] [T] [thread 5218] [12.0] [cxt 0] advanced_tunnel.p4(169) Condition "hdr.ipv4.isValid() && !hdr.myTunnel.isValid()" (node_2) is false
[14:47:49.806] [bmv2] [T] [thread 5218] [12.0] [cxt 0] advanced_tunnel.p4(174) Condition "hdr.myTunnel.isValid()" (node_4) is false
[14:47:49.806] [bmv2] [D] [thread 5218] [12.0] [cxt 0] Pipeline 'ingress': end
[14:47:49.806] [bmv2] [D] [thread 5218] [12.0] [cxt 0] Egress port is 0
[14:47:49.806] [bmv2] [D] [thread 5219] [12.0] [cxt 0] Pipeline 'egress': start
[14:47:49.806] [bmv2] [D] [thread 5219] [12.0] [cxt 0] Pipeline 'egress': end
[14:47:49.806] [bmv2] [D] [thread 5219] [12.0] [cxt 0] Deparser 'deparser': start
[14:47:49.806] [bmv2] [T] [thread 5219] [12.0] [cxt 0] Skipping checksum 'cksum' update because condition not met
[14:47:49.806] [bmv2] [D] [thread 5219] [12.0] [cxt 0] Deparsing header 'ethernet'
[14:47:49.806] [bmv2] [D] [thread 5219] [12.0] [cxt 0] Deparser 'deparser': end
[14:47:49.806] [bmv2] [D] [thread 5223] [12.0] [cxt 0] Transmitting packet of size 90 out of port 0
[14:47:49.822] [bmv2] [D] [thread 5218] [13.0] [cxt 0] Processing packet received on port 2
[14:47:49.822] [bmv2] [D] [thread 5218] [13.0] [cxt 0] Parser 'parser': start
[14:47:49.822] [bmv2] [D] [thread 5218] [13.0] [cxt 0] Parser 'parser' entering state 'start'
[14:47:49.822] [bmv2] [D] [thread 5218] [13.0] [cxt 0] Extracting header 'ethernet'
[14:47:49.822] [bmv2] [D] [thread 5218] [13.0] [cxt 0] Parser state 'start': key is 86dd
[14:47:49.822] [bmv2] [T] [thread 5218] [13.0] [cxt 0] Bytes parsed: 14
[14:47:49.822] [bmv2] [D] [thread 5218] [13.0] [cxt 0] Parser 'parser': end
[14:47:49.822] [bmv2] [D] [thread 5218] [13.0] [cxt 0] Pipeline 'ingress': start
[14:47:49.822] [bmv2] [T] [thread 5218] [13.0] [cxt 0] advanced_tunnel.p4(169) Condition "hdr.ipv4.isValid() && !hdr.myTunnel.isValid()" (node_2) is false
[14:47:49.822] [bmv2] [T] [thread 5218] [13.0] [cxt 0] advanced_tunnel.p4(174) Condition "hdr.myTunnel.isValid()" (node_4) is false
[14:47:49.822] [bmv2] [D] [thread 5218] [13.0] [cxt 0] Pipeline 'ingress': end
[14:47:49.822] [bmv2] [D] [thread 5218] [13.0] [cxt 0] Egress port is 0
[14:47:49.823] [bmv2] [D] [thread 5219] [13.0] [cxt 0] Pipeline 'egress': start
[14:47:49.823] [bmv2] [D] [thread 5219] [13.0] [cxt 0] Pipeline 'egress': end
[14:47:49.823] [bmv2] [D] [thread 5219] [13.0] [cxt 0] Deparser 'deparser': start
[14:47:49.823] [bmv2] [T] [thread 5219] [13.0] [cxt 0] Skipping checksum 'cksum' update because condition not met
[14:47:49.823] [bmv2] [D] [thread 5219] [13.0] [cxt 0] Deparsing header 'ethernet'
[14:47:49.823] [bmv2] [D] [thread 5219] [13.0] [cxt 0] Deparser 'deparser': end
[14:47:49.824] [bmv2] [D] [thread 5223] [13.0] [cxt 0] Transmitting packet of size 90 out of port 0
[14:47:49.833] [bmv2] [D] [thread 5218] [14.0] [cxt 0] Processing packet received on port 1
[14:47:49.833] [bmv2] [D] [thread 5218] [14.0] [cxt 0] Parser 'parser': start
[14:47:49.833] [bmv2] [D] [thread 5218] [14.0] [cxt 0] Parser 'parser' entering state 'start'
[14:47:49.833] [bmv2] [D] [thread 5218] [14.0] [cxt 0] Extracting header 'ethernet'
[14:47:49.833] [bmv2] [D] [thread 5218] [14.0] [cxt 0] Parser state 'start': key is 86dd
[14:47:49.833] [bmv2] [T] [thread 5218] [14.0] [cxt 0] Bytes parsed: 14
[14:47:49.833] [bmv2] [D] [thread 5218] [14.0] [cxt 0] Parser 'parser': end
[14:47:49.834] [bmv2] [D] [thread 5218] [14.0] [cxt 0] Pipeline 'ingress': start
[14:47:49.834] [bmv2] [T] [thread 5218] [14.0] [cxt 0] advanced_tunnel.p4(169) Condition "hdr.ipv4.isValid() && !hdr.myTunnel.isValid()" (node_2) is false
[14:47:49.834] [bmv2] [T] [thread 5218] [14.0] [cxt 0] advanced_tunnel.p4(174) Condition "hdr.myTunnel.isValid()" (node_4) is false
[14:47:49.834] [bmv2] [D] [thread 5218] [14.0] [cxt 0] Pipeline 'ingress': end
[14:47:49.834] [bmv2] [D] [thread 5218] [14.0] [cxt 0] Egress port is 0
[14:47:49.834] [bmv2] [D] [thread 5218] [15.0] [cxt 0] Processing packet received on port 1
[14:47:49.834] [bmv2] [D] [thread 5218] [15.0] [cxt 0] Parser 'parser': start
[14:47:49.834] [bmv2] [D] [thread 5218] [15.0] [cxt 0] Parser 'parser' entering state 'start'
[14:47:49.834] [bmv2] [D] [thread 5218] [15.0] [cxt 0] Extracting header 'ethernet'
[14:47:49.834] [bmv2] [D] [thread 5218] [15.0] [cxt 0] Parser state 'start': key is 86dd
[14:47:49.834] [bmv2] [T] [thread 5218] [15.0] [cxt 0] Bytes parsed: 14
[14:47:49.834] [bmv2] [D] [thread 5218] [15.0] [cxt 0] Parser 'parser': end
[14:47:49.834] [bmv2] [D] [thread 5218] [15.0] [cxt 0] Pipeline 'ingress': start
[14:47:49.834] [bmv2] [T] [thread 5218] [15.0] [cxt 0] advanced_tunnel.p4(169) Condition "hdr.ipv4.isValid() && !hdr.myTunnel.isValid()" (node_2) is false
[14:47:49.834] [bmv2] [T] [thread 5218] [15.0] [cxt 0] advanced_tunnel.p4(174) Condition "hdr.myTunnel.isValid()" (node_4) is false
[14:47:49.834] [bmv2] [D] [thread 5218] [15.0] [cxt 0] Pipeline 'ingress': end
[14:47:49.834] [bmv2] [D] [thread 5218] [15.0] [cxt 0] Egress port is 0
[14:47:49.834] [bmv2] [D] [thread 5219] [14.0] [cxt 0] Pipeline 'egress': start
[14:47:49.834] [bmv2] [D] [thread 5219] [14.0] [cxt 0] Pipeline 'egress': end
[14:47:49.834] [bmv2] [D] [thread 5219] [14.0] [cxt 0] Deparser 'deparser': start
[14:47:49.834] [bmv2] [T] [thread 5219] [14.0] [cxt 0] Skipping checksum 'cksum' update because condition not met
[14:47:49.834] [bmv2] [D] [thread 5219] [14.0] [cxt 0] Deparsing header 'ethernet'
[14:47:49.834] [bmv2] [D] [thread 5219] [14.0] [cxt 0] Deparser 'deparser': end
[14:47:49.834] [bmv2] [D] [thread 5219] [15.0] [cxt 0] Pipeline 'egress': start
[14:47:49.834] [bmv2] [D] [thread 5219] [15.0] [cxt 0] Pipeline 'egress': end
[14:47:49.834] [bmv2] [D] [thread 5219] [15.0] [cxt 0] Deparser 'deparser': start
[14:47:49.834] [bmv2] [T] [thread 5219] [15.0] [cxt 0] Skipping checksum 'cksum' update because condition not met
[14:47:49.834] [bmv2] [D] [thread 5219] [15.0] [cxt 0] Deparsing header 'ethernet'
[14:47:49.834] [bmv2] [D] [thread 5219] [15.0] [cxt 0] Deparser 'deparser': end
[14:47:49.834] [bmv2] [D] [thread 5218] [16.0] [cxt 0] Processing packet received on port 3
[14:47:49.834] [bmv2] [D] [thread 5218] [16.0] [cxt 0] Parser 'parser': start
[14:47:49.834] [bmv2] [D] [thread 5218] [16.0] [cxt 0] Parser 'parser' entering state 'start'
[14:47:49.834] [bmv2] [D] [thread 5218] [16.0] [cxt 0] Extracting header 'ethernet'
[14:47:49.834] [bmv2] [D] [thread 5218] [16.0] [cxt 0] Parser state 'start': key is 86dd
[14:47:49.834] [bmv2] [T] [thread 5218] [16.0] [cxt 0] Bytes parsed: 14
[14:47:49.834] [bmv2] [D] [thread 5218] [16.0] [cxt 0] Parser 'parser': end
[14:47:49.834] [bmv2] [D] [thread 5218] [16.0] [cxt 0] Pipeline 'ingress': start
[14:47:49.834] [bmv2] [T] [thread 5218] [16.0] [cxt 0] advanced_tunnel.p4(169) Condition "hdr.ipv4.isValid() && !hdr.myTunnel.isValid()" (node_2) is false
[14:47:49.834] [bmv2] [T] [thread 5218] [16.0] [cxt 0] advanced_tunnel.p4(174) Condition "hdr.myTunnel.isValid()" (node_4) is false
[14:47:49.834] [bmv2] [D] [thread 5218] [16.0] [cxt 0] Pipeline 'ingress': end
[14:47:49.834] [bmv2] [D] [thread 5218] [16.0] [cxt 0] Egress port is 0
[14:47:49.834] [bmv2] [D] [thread 5219] [16.0] [cxt 0] Pipeline 'egress': start
[14:47:49.834] [bmv2] [D] [thread 5219] [16.0] [cxt 0] Pipeline 'egress': end
[14:47:49.834] [bmv2] [D] [thread 5219] [16.0] [cxt 0] Deparser 'deparser': start
[14:47:49.834] [bmv2] [T] [thread 5219] [16.0] [cxt 0] Skipping checksum 'cksum' update because condition not met
[14:47:49.834] [bmv2] [D] [thread 5219] [16.0] [cxt 0] Deparsing header 'ethernet'
[14:47:49.834] [bmv2] [D] [thread 5219] [16.0] [cxt 0] Deparser 'deparser': end
[14:47:49.835] [bmv2] [D] [thread 5223] [14.0] [cxt 0] Transmitting packet of size 90 out of port 0
[14:47:49.835] [bmv2] [D] [thread 5223] [15.0] [cxt 0] Transmitting packet of size 70 out of port 0
[14:47:49.835] [bmv2] [D] [thread 5223] [16.0] [cxt 0] Transmitting packet of size 110 out of port 0
[14:47:49.836] [bmv2] [D] [thread 5218] [17.0] [cxt 0] Processing packet received on port 1
[14:47:49.836] [bmv2] [D] [thread 5218] [17.0] [cxt 0] Parser 'parser': start
[14:47:49.836] [bmv2] [D] [thread 5218] [17.0] [cxt 0] Parser 'parser' entering state 'start'
[14:47:49.836] [bmv2] [D] [thread 5218] [17.0] [cxt 0] Extracting header 'ethernet'
[14:47:49.836] [bmv2] [D] [thread 5218] [17.0] [cxt 0] Parser state 'start': key is 86dd
[14:47:49.836] [bmv2] [T] [thread 5218] [17.0] [cxt 0] Bytes parsed: 14
[14:47:49.836] [bmv2] [D] [thread 5218] [17.0] [cxt 0] Parser 'parser': end
[14:47:49.836] [bmv2] [D] [thread 5218] [17.0] [cxt 0] Pipeline 'ingress': start
[14:47:49.836] [bmv2] [T] [thread 5218] [17.0] [cxt 0] advanced_tunnel.p4(169) Condition "hdr.ipv4.isValid() && !hdr.myTunnel.isValid()" (node_2) is false
[14:47:49.836] [bmv2] [T] [thread 5218] [17.0] [cxt 0] advanced_tunnel.p4(174) Condition "hdr.myTunnel.isValid()" (node_4) is false
[14:47:49.836] [bmv2] [D] [thread 5218] [17.0] [cxt 0] Pipeline 'ingress': end
[14:47:49.836] [bmv2] [D] [thread 5218] [17.0] [cxt 0] Egress port is 0
[14:47:49.837] [bmv2] [D] [thread 5219] [17.0] [cxt 0] Pipeline 'egress': start
[14:47:49.837] [bmv2] [D] [thread 5219] [17.0] [cxt 0] Pipeline 'egress': end
[14:47:49.837] [bmv2] [D] [thread 5219] [17.0] [cxt 0] Deparser 'deparser': start
[14:47:49.837] [bmv2] [T] [thread 5219] [17.0] [cxt 0] Skipping checksum 'cksum' update because condition not met
[14:47:49.837] [bmv2] [D] [thread 5219] [17.0] [cxt 0] Deparsing header 'ethernet'
[14:47:49.837] [bmv2] [D] [thread 5219] [17.0] [cxt 0] Deparser 'deparser': end
[14:47:49.837] [bmv2] [D] [thread 5223] [17.0] [cxt 0] Transmitting packet of size 90 out of port 0
[14:47:49.853] [bmv2] [D] [thread 5218] [18.0] [cxt 0] Processing packet received on port 3
[14:47:49.853] [bmv2] [D] [thread 5218] [18.0] [cxt 0] Parser 'parser': start
[14:47:49.853] [bmv2] [D] [thread 5218] [18.0] [cxt 0] Parser 'parser' entering state 'start'
[14:47:49.853] [bmv2] [D] [thread 5218] [18.0] [cxt 0] Extracting header 'ethernet'
[14:47:49.853] [bmv2] [D] [thread 5218] [18.0] [cxt 0] Parser state 'start': key is 86dd
[14:47:49.853] [bmv2] [T] [thread 5218] [18.0] [cxt 0] Bytes parsed: 14
[14:47:49.853] [bmv2] [D] [thread 5218] [18.0] [cxt 0] Parser 'parser': end
[14:47:49.853] [bmv2] [D] [thread 5218] [18.0] [cxt 0] Pipeline 'ingress': start
[14:47:49.853] [bmv2] [T] [thread 5218] [18.0] [cxt 0] advanced_tunnel.p4(169) Condition "hdr.ipv4.isValid() && !hdr.myTunnel.isValid()" (node_2) is false
[14:47:49.853] [bmv2] [T] [thread 5218] [18.0] [cxt 0] advanced_tunnel.p4(174) Condition "hdr.myTunnel.isValid()" (node_4) is false
[14:47:49.853] [bmv2] [D] [thread 5218] [18.0] [cxt 0] Pipeline 'ingress': end
[14:47:49.853] [bmv2] [D] [thread 5218] [18.0] [cxt 0] Egress port is 0
[14:47:49.853] [bmv2] [D] [thread 5219] [18.0] [cxt 0] Pipeline 'egress': start
[14:47:49.853] [bmv2] [D] [thread 5219] [18.0] [cxt 0] Pipeline 'egress': end
[14:47:49.853] [bmv2] [D] [thread 5219] [18.0] [cxt 0] Deparser 'deparser': start
[14:47:49.853] [bmv2] [T] [thread 5219] [18.0] [cxt 0] Skipping checksum 'cksum' update because condition not met
[14:47:49.853] [bmv2] [D] [thread 5219] [18.0] [cxt 0] Deparsing header 'ethernet'
[14:47:49.853] [bmv2] [D] [thread 5219] [18.0] [cxt 0] Deparser 'deparser': end
[14:47:49.856] [bmv2] [D] [thread 5223] [18.0] [cxt 0] Transmitting packet of size 110 out of port 0
[14:47:49.876] [bmv2] [D] [thread 5218] [19.0] [cxt 0] Processing packet received on port 2
[14:47:49.876] [bmv2] [D] [thread 5218] [19.0] [cxt 0] Parser 'parser': start
[14:47:49.876] [bmv2] [D] [thread 5218] [19.0] [cxt 0] Parser 'parser' entering state 'start'
[14:47:49.876] [bmv2] [D] [thread 5218] [19.0] [cxt 0] Extracting header 'ethernet'
[14:47:49.876] [bmv2] [D] [thread 5218] [19.0] [cxt 0] Parser state 'start': key is 86dd
[14:47:49.876] [bmv2] [T] [thread 5218] [19.0] [cxt 0] Bytes parsed: 14
[14:47:49.876] [bmv2] [D] [thread 5218] [19.0] [cxt 0] Parser 'parser': end
[14:47:49.876] [bmv2] [D] [thread 5218] [19.0] [cxt 0] Pipeline 'ingress': start
[14:47:49.876] [bmv2] [T] [thread 5218] [19.0] [cxt 0] advanced_tunnel.p4(169) Condition "hdr.ipv4.isValid() && !hdr.myTunnel.isValid()" (node_2) is false
[14:47:49.876] [bmv2] [T] [thread 5218] [19.0] [cxt 0] advanced_tunnel.p4(174) Condition "hdr.myTunnel.isValid()" (node_4) is false
[14:47:49.876] [bmv2] [D] [thread 5218] [19.0] [cxt 0] Pipeline 'ingress': end
[14:47:49.876] [bmv2] [D] [thread 5218] [19.0] [cxt 0] Egress port is 0
[14:47:49.876] [bmv2] [D] [thread 5219] [19.0] [cxt 0] Pipeline 'egress': start
[14:47:49.876] [bmv2] [D] [thread 5219] [19.0] [cxt 0] Pipeline 'egress': end
[14:47:49.876] [bmv2] [D] [thread 5219] [19.0] [cxt 0] Deparser 'deparser': start
[14:47:49.876] [bmv2] [T] [thread 5219] [19.0] [cxt 0] Skipping checksum 'cksum' update because condition not met
[14:47:49.876] [bmv2] [D] [thread 5219] [19.0] [cxt 0] Deparsing header 'ethernet'
[14:47:49.876] [bmv2] [D] [thread 5219] [19.0] [cxt 0] Deparser 'deparser': end
[14:47:49.876] [bmv2] [D] [thread 5223] [19.0] [cxt 0] Transmitting packet of size 208 out of port 0
[14:47:49.903] [bmv2] [D] [thread 5218] [20.0] [cxt 0] Processing packet received on port 3
[14:47:49.903] [bmv2] [D] [thread 5218] [20.0] [cxt 0] Parser 'parser': start
[14:47:49.903] [bmv2] [D] [thread 5218] [20.0] [cxt 0] Parser 'parser' entering state 'start'
[14:47:49.903] [bmv2] [D] [thread 5218] [20.0] [cxt 0] Extracting header 'ethernet'
[14:47:49.903] [bmv2] [D] [thread 5218] [20.0] [cxt 0] Parser state 'start': key is 86dd
[14:47:49.903] [bmv2] [T] [thread 5218] [20.0] [cxt 0] Bytes parsed: 14
[14:47:49.903] [bmv2] [D] [thread 5218] [20.0] [cxt 0] Parser 'parser': end
[14:47:49.903] [bmv2] [D] [thread 5218] [20.0] [cxt 0] Pipeline 'ingress': start
[14:47:49.903] [bmv2] [T] [thread 5218] [20.0] [cxt 0] advanced_tunnel.p4(169) Condition "hdr.ipv4.isValid() && !hdr.myTunnel.isValid()" (node_2) is false
[14:47:49.903] [bmv2] [T] [thread 5218] [20.0] [cxt 0] advanced_tunnel.p4(174) Condition "hdr.myTunnel.isValid()" (node_4) is false
[14:47:49.903] [bmv2] [D] [thread 5218] [20.0] [cxt 0] Pipeline 'ingress': end
[14:47:49.903] [bmv2] [D] [thread 5218] [20.0] [cxt 0] Egress port is 0
[14:47:49.903] [bmv2] [D] [thread 5219] [20.0] [cxt 0] Pipeline 'egress': start
[14:47:49.904] [bmv2] [D] [thread 5219] [20.0] [cxt 0] Pipeline 'egress': end
[14:47:49.904] [bmv2] [D] [thread 5219] [20.0] [cxt 0] Deparser 'deparser': start
[14:47:49.904] [bmv2] [T] [thread 5219] [20.0] [cxt 0] Skipping checksum 'cksum' update because condition not met
[14:47:49.904] [bmv2] [D] [thread 5219] [20.0] [cxt 0] Deparsing header 'ethernet'
[14:47:49.904] [bmv2] [D] [thread 5219] [20.0] [cxt 0] Deparser 'deparser': end
[14:47:49.904] [bmv2] [D] [thread 5223] [20.0] [cxt 0] Transmitting packet of size 208 out of port 0
[14:47:49.968] [bmv2] [D] [thread 5218] [21.0] [cxt 0] Processing packet received on port 2
[14:47:49.968] [bmv2] [D] [thread 5218] [21.0] [cxt 0] Parser 'parser': start
[14:47:49.968] [bmv2] [D] [thread 5218] [21.0] [cxt 0] Parser 'parser' entering state 'start'
[14:47:49.968] [bmv2] [D] [thread 5218] [21.0] [cxt 0] Extracting header 'ethernet'
[14:47:49.968] [bmv2] [D] [thread 5218] [21.0] [cxt 0] Parser state 'start': key is 86dd
[14:47:49.968] [bmv2] [T] [thread 5218] [21.0] [cxt 0] Bytes parsed: 14
[14:47:49.968] [bmv2] [D] [thread 5218] [21.0] [cxt 0] Parser 'parser': end
[14:47:49.968] [bmv2] [D] [thread 5218] [21.0] [cxt 0] Pipeline 'ingress': start
[14:47:49.968] [bmv2] [T] [thread 5218] [21.0] [cxt 0] advanced_tunnel.p4(169) Condition "hdr.ipv4.isValid() && !hdr.myTunnel.isValid()" (node_2) is false
[14:47:49.968] [bmv2] [T] [thread 5218] [21.0] [cxt 0] advanced_tunnel.p4(174) Condition "hdr.myTunnel.isValid()" (node_4) is false
[14:47:49.968] [bmv2] [D] [thread 5218] [21.0] [cxt 0] Pipeline 'ingress': end
[14:47:49.968] [bmv2] [D] [thread 5218] [21.0] [cxt 0] Egress port is 0
[14:47:49.968] [bmv2] [D] [thread 5219] [21.0] [cxt 0] Pipeline 'egress': start
[14:47:49.968] [bmv2] [D] [thread 5219] [21.0] [cxt 0] Pipeline 'egress': end
[14:47:49.968] [bmv2] [D] [thread 5219] [21.0] [cxt 0] Deparser 'deparser': start
[14:47:49.968] [bmv2] [T] [thread 5219] [21.0] [cxt 0] Skipping checksum 'cksum' update because condition not met
[14:47:49.968] [bmv2] [D] [thread 5219] [21.0] [cxt 0] Deparsing header 'ethernet'
[14:47:49.968] [bmv2] [D] [thread 5219] [21.0] [cxt 0] Deparser 'deparser': end
[14:47:49.969] [bmv2] [D] [thread 5223] [21.0] [cxt 0] Transmitting packet of size 208 out of port 0
[14:47:49.999] [bmv2] [D] [thread 5218] [22.0] [cxt 0] Processing packet received on port 3
[14:47:49.999] [bmv2] [D] [thread 5218] [22.0] [cxt 0] Parser 'parser': start
[14:47:49.999] [bmv2] [D] [thread 5218] [22.0] [cxt 0] Parser 'parser' entering state 'start'
[14:47:49.999] [bmv2] [D] [thread 5218] [22.0] [cxt 0] Extracting header 'ethernet'
[14:47:49.999] [bmv2] [D] [thread 5218] [22.0] [cxt 0] Parser state 'start': key is 86dd
[14:47:49.999] [bmv2] [T] [thread 5218] [22.0] [cxt 0] Bytes parsed: 14
[14:47:49.999] [bmv2] [D] [thread 5218] [22.0] [cxt 0] Parser 'parser': end
[14:47:49.999] [bmv2] [D] [thread 5218] [22.0] [cxt 0] Pipeline 'ingress': start
[14:47:49.999] [bmv2] [T] [thread 5218] [22.0] [cxt 0] advanced_tunnel.p4(169) Condition "hdr.ipv4.isValid() && !hdr.myTunnel.isValid()" (node_2) is false
[14:47:49.999] [bmv2] [T] [thread 5218] [22.0] [cxt 0] advanced_tunnel.p4(174) Condition "hdr.myTunnel.isValid()" (node_4) is false
[14:47:49.999] [bmv2] [D] [thread 5218] [22.0] [cxt 0] Pipeline 'ingress': end
[14:47:49.999] [bmv2] [D] [thread 5218] [22.0] [cxt 0] Egress port is 0
[14:47:49.999] [bmv2] [D] [thread 5219] [22.0] [cxt 0] Pipeline 'egress': start
[14:47:49.999] [bmv2] [D] [thread 5219] [22.0] [cxt 0] Pipeline 'egress': end
[14:47:49.999] [bmv2] [D] [thread 5219] [22.0] [cxt 0] Deparser 'deparser': start
[14:47:49.999] [bmv2] [T] [thread 5219] [22.0] [cxt 0] Skipping checksum 'cksum' update because condition not met
[14:47:49.999] [bmv2] [D] [thread 5219] [22.0] [cxt 0] Deparsing header 'ethernet'
[14:47:49.999] [bmv2] [D] [thread 5219] [22.0] [cxt 0] Deparser 'deparser': end
[14:47:50.000] [bmv2] [D] [thread 5223] [22.0] [cxt 0] Transmitting packet of size 196 out of port 0
[14:47:50.004] [bmv2] [D] [thread 5218] [23.0] [cxt 0] Processing packet received on port 1
[14:47:50.004] [bmv2] [D] [thread 5218] [23.0] [cxt 0] Parser 'parser': start
[14:47:50.004] [bmv2] [D] [thread 5218] [23.0] [cxt 0] Parser 'parser' entering state 'start'
[14:47:50.004] [bmv2] [D] [thread 5218] [23.0] [cxt 0] Extracting header 'ethernet'
[14:47:50.004] [bmv2] [D] [thread 5218] [23.0] [cxt 0] Parser state 'start': key is 86dd
[14:47:50.004] [bmv2] [T] [thread 5218] [23.0] [cxt 0] Bytes parsed: 14
[14:47:50.004] [bmv2] [D] [thread 5218] [23.0] [cxt 0] Parser 'parser': end
[14:47:50.004] [bmv2] [D] [thread 5218] [23.0] [cxt 0] Pipeline 'ingress': start
[14:47:50.004] [bmv2] [T] [thread 5218] [23.0] [cxt 0] advanced_tunnel.p4(169) Condition "hdr.ipv4.isValid() && !hdr.myTunnel.isValid()" (node_2) is false
[14:47:50.004] [bmv2] [T] [thread 5218] [23.0] [cxt 0] advanced_tunnel.p4(174) Condition "hdr.myTunnel.isValid()" (node_4) is false
[14:47:50.004] [bmv2] [D] [thread 5218] [23.0] [cxt 0] Pipeline 'ingress': end
[14:47:50.004] [bmv2] [D] [thread 5218] [23.0] [cxt 0] Egress port is 0
[14:47:50.004] [bmv2] [D] [thread 5219] [23.0] [cxt 0] Pipeline 'egress': start
[14:47:50.004] [bmv2] [D] [thread 5219] [23.0] [cxt 0] Pipeline 'egress': end
[14:47:50.004] [bmv2] [D] [thread 5219] [23.0] [cxt 0] Deparser 'deparser': start
[14:47:50.004] [bmv2] [T] [thread 5219] [23.0] [cxt 0] Skipping checksum 'cksum' update because condition not met
[14:47:50.004] [bmv2] [D] [thread 5219] [23.0] [cxt 0] Deparsing header 'ethernet'
[14:47:50.004] [bmv2] [D] [thread 5219] [23.0] [cxt 0] Deparser 'deparser': end
[14:47:50.004] [bmv2] [D] [thread 5223] [23.0] [cxt 0] Transmitting packet of size 208 out of port 0
[14:47:50.033] [bmv2] [D] [thread 5218] [24.0] [cxt 0] Processing packet received on port 1
[14:47:50.033] [bmv2] [D] [thread 5218] [24.0] [cxt 0] Parser 'parser': start
[14:47:50.033] [bmv2] [D] [thread 5218] [24.0] [cxt 0] Parser 'parser' entering state 'start'
[14:47:50.033] [bmv2] [D] [thread 5218] [24.0] [cxt 0] Extracting header 'ethernet'
[14:47:50.034] [bmv2] [D] [thread 5218] [24.0] [cxt 0] Parser state 'start': key is 86dd
[14:47:50.034] [bmv2] [T] [thread 5218] [24.0] [cxt 0] Bytes parsed: 14
[14:47:50.034] [bmv2] [D] [thread 5218] [24.0] [cxt 0] Parser 'parser': end
[14:47:50.034] [bmv2] [D] [thread 5218] [24.0] [cxt 0] Pipeline 'ingress': start
[14:47:50.034] [bmv2] [T] [thread 5218] [24.0] [cxt 0] advanced_tunnel.p4(169) Condition "hdr.ipv4.isValid() && !hdr.myTunnel.isValid()" (node_2) is false
[14:47:50.034] [bmv2] [T] [thread 5218] [24.0] [cxt 0] advanced_tunnel.p4(174) Condition "hdr.myTunnel.isValid()" (node_4) is false
[14:47:50.034] [bmv2] [D] [thread 5218] [24.0] [cxt 0] Pipeline 'ingress': end
[14:47:50.034] [bmv2] [D] [thread 5218] [24.0] [cxt 0] Egress port is 0
[14:47:50.034] [bmv2] [D] [thread 5219] [24.0] [cxt 0] Pipeline 'egress': start
[14:47:50.034] [bmv2] [D] [thread 5219] [24.0] [cxt 0] Pipeline 'egress': end
[14:47:50.034] [bmv2] [D] [thread 5219] [24.0] [cxt 0] Deparser 'deparser': start
[14:47:50.034] [bmv2] [T] [thread 5219] [24.0] [cxt 0] Skipping checksum 'cksum' update because condition not met
[14:47:50.034] [bmv2] [D] [thread 5219] [24.0] [cxt 0] Deparsing header 'ethernet'
[14:47:50.034] [bmv2] [D] [thread 5219] [24.0] [cxt 0] Deparser 'deparser': end
[14:47:50.034] [bmv2] [D] [thread 5223] [24.0] [cxt 0] Transmitting packet of size 90 out of port 0
[14:47:50.129] [bmv2] [D] [thread 5218] [25.0] [cxt 0] Processing packet received on port 2
[14:47:50.129] [bmv2] [D] [thread 5218] [25.0] [cxt 0] Parser 'parser': start
[14:47:50.129] [bmv2] [D] [thread 5218] [25.0] [cxt 0] Parser 'parser' entering state 'start'
[14:47:50.129] [bmv2] [D] [thread 5218] [25.0] [cxt 0] Extracting header 'ethernet'
[14:47:50.129] [bmv2] [D] [thread 5218] [25.0] [cxt 0] Parser state 'start': key is 86dd
[14:47:50.129] [bmv2] [T] [thread 5218] [25.0] [cxt 0] Bytes parsed: 14
[14:47:50.129] [bmv2] [D] [thread 5218] [25.0] [cxt 0] Parser 'parser': end
[14:47:50.129] [bmv2] [D] [thread 5218] [25.0] [cxt 0] Pipeline 'ingress': start
[14:47:50.129] [bmv2] [T] [thread 5218] [25.0] [cxt 0] advanced_tunnel.p4(169) Condition "hdr.ipv4.isValid() && !hdr.myTunnel.isValid()" (node_2) is false
[14:47:50.129] [bmv2] [T] [thread 5218] [25.0] [cxt 0] advanced_tunnel.p4(174) Condition "hdr.myTunnel.isValid()" (node_4) is false
[14:47:50.129] [bmv2] [D] [thread 5218] [25.0] [cxt 0] Pipeline 'ingress': end
[14:47:50.129] [bmv2] [D] [thread 5218] [25.0] [cxt 0] Egress port is 0
[14:47:50.129] [bmv2] [D] [thread 5219] [25.0] [cxt 0] Pipeline 'egress': start
[14:47:50.129] [bmv2] [D] [thread 5219] [25.0] [cxt 0] Pipeline 'egress': end
[14:47:50.129] [bmv2] [D] [thread 5219] [25.0] [cxt 0] Deparser 'deparser': start
[14:47:50.129] [bmv2] [T] [thread 5219] [25.0] [cxt 0] Skipping checksum 'cksum' update because condition not met
[14:47:50.129] [bmv2] [D] [thread 5219] [25.0] [cxt 0] Deparsing header 'ethernet'
[14:47:50.129] [bmv2] [D] [thread 5219] [25.0] [cxt 0] Deparser 'deparser': end
[14:47:50.130] [bmv2] [D] [thread 5223] [25.0] [cxt 0] Transmitting packet of size 208 out of port 0
[14:47:50.157] [bmv2] [D] [thread 5218] [26.0] [cxt 0] Processing packet received on port 3
[14:47:50.157] [bmv2] [D] [thread 5218] [26.0] [cxt 0] Parser 'parser': start
[14:47:50.157] [bmv2] [D] [thread 5218] [26.0] [cxt 0] Parser 'parser' entering state 'start'
[14:47:50.157] [bmv2] [D] [thread 5218] [26.0] [cxt 0] Extracting header 'ethernet'
[14:47:50.157] [bmv2] [D] [thread 5218] [26.0] [cxt 0] Parser state 'start': key is 86dd
[14:47:50.157] [bmv2] [T] [thread 5218] [26.0] [cxt 0] Bytes parsed: 14
[14:47:50.157] [bmv2] [D] [thread 5218] [26.0] [cxt 0] Parser 'parser': end
[14:47:50.157] [bmv2] [D] [thread 5218] [26.0] [cxt 0] Pipeline 'ingress': start
[14:47:50.157] [bmv2] [T] [thread 5218] [26.0] [cxt 0] advanced_tunnel.p4(169) Condition "hdr.ipv4.isValid() && !hdr.myTunnel.isValid()" (node_2) is false
[14:47:50.157] [bmv2] [T] [thread 5218] [26.0] [cxt 0] advanced_tunnel.p4(174) Condition "hdr.myTunnel.isValid()" (node_4) is false
[14:47:50.157] [bmv2] [D] [thread 5218] [26.0] [cxt 0] Pipeline 'ingress': end
[14:47:50.157] [bmv2] [D] [thread 5218] [26.0] [cxt 0] Egress port is 0
[14:47:50.157] [bmv2] [D] [thread 5219] [26.0] [cxt 0] Pipeline 'egress': start
[14:47:50.158] [bmv2] [D] [thread 5219] [26.0] [cxt 0] Pipeline 'egress': end
[14:47:50.158] [bmv2] [D] [thread 5219] [26.0] [cxt 0] Deparser 'deparser': start
[14:47:50.158] [bmv2] [T] [thread 5219] [26.0] [cxt 0] Skipping checksum 'cksum' update because condition not met
[14:47:50.158] [bmv2] [D] [thread 5219] [26.0] [cxt 0] Deparsing header 'ethernet'
[14:47:50.158] [bmv2] [D] [thread 5219] [26.0] [cxt 0] Deparser 'deparser': end
[14:47:50.158] [bmv2] [D] [thread 5223] [26.0] [cxt 0] Transmitting packet of size 208 out of port 0
[14:47:50.209] [bmv2] [D] [thread 5218] [27.0] [cxt 0] Processing packet received on port 2
[14:47:50.210] [bmv2] [D] [thread 5218] [27.0] [cxt 0] Parser 'parser': start
[14:47:50.210] [bmv2] [D] [thread 5218] [27.0] [cxt 0] Parser 'parser' entering state 'start'
[14:47:50.210] [bmv2] [D] [thread 5218] [27.0] [cxt 0] Extracting header 'ethernet'
[14:47:50.210] [bmv2] [D] [thread 5218] [27.0] [cxt 0] Parser state 'start': key is 86dd
[14:47:50.210] [bmv2] [T] [thread 5218] [27.0] [cxt 0] Bytes parsed: 14
[14:47:50.210] [bmv2] [D] [thread 5218] [27.0] [cxt 0] Parser 'parser': end
[14:47:50.211] [bmv2] [D] [thread 5218] [27.0] [cxt 0] Pipeline 'ingress': start
[14:47:50.211] [bmv2] [T] [thread 5218] [27.0] [cxt 0] advanced_tunnel.p4(169) Condition "hdr.ipv4.isValid() && !hdr.myTunnel.isValid()" (node_2) is false
[14:47:50.211] [bmv2] [T] [thread 5218] [27.0] [cxt 0] advanced_tunnel.p4(174) Condition "hdr.myTunnel.isValid()" (node_4) is false
[14:47:50.211] [bmv2] [D] [thread 5218] [27.0] [cxt 0] Pipeline 'ingress': end
[14:47:50.211] [bmv2] [D] [thread 5218] [27.0] [cxt 0] Egress port is 0
[14:47:50.211] [bmv2] [D] [thread 5219] [27.0] [cxt 0] Pipeline 'egress': start
[14:47:50.211] [bmv2] [D] [thread 5219] [27.0] [cxt 0] Pipeline 'egress': end
[14:47:50.211] [bmv2] [D] [thread 5219] [27.0] [cxt 0] Deparser 'deparser': start
[14:47:50.211] [bmv2] [T] [thread 5219] [27.0] [cxt 0] Skipping checksum 'cksum' update because condition not met
[14:47:50.211] [bmv2] [D] [thread 5219] [27.0] [cxt 0] Deparsing header 'ethernet'
[14:47:50.211] [bmv2] [D] [thread 5219] [27.0] [cxt 0] Deparser 'deparser': end
[14:47:50.211] [bmv2] [D] [thread 5223] [27.0] [cxt 0] Transmitting packet of size 110 out of port 0
[14:47:50.221] [bmv2] [D] [thread 5218] [28.0] [cxt 0] Processing packet received on port 2
[14:47:50.221] [bmv2] [D] [thread 5218] [28.0] [cxt 0] Parser 'parser': start
[14:47:50.221] [bmv2] [D] [thread 5218] [28.0] [cxt 0] Parser 'parser' entering state 'start'
[14:47:50.221] [bmv2] [D] [thread 5218] [28.0] [cxt 0] Extracting header 'ethernet'
[14:47:50.221] [bmv2] [D] [thread 5218] [28.0] [cxt 0] Parser state 'start': key is 86dd
[14:47:50.221] [bmv2] [T] [thread 5218] [28.0] [cxt 0] Bytes parsed: 14
[14:47:50.221] [bmv2] [D] [thread 5218] [28.0] [cxt 0] Parser 'parser': end
[14:47:50.221] [bmv2] [D] [thread 5218] [28.0] [cxt 0] Pipeline 'ingress': start
[14:47:50.221] [bmv2] [T] [thread 5218] [28.0] [cxt 0] advanced_tunnel.p4(169) Condition "hdr.ipv4.isValid() && !hdr.myTunnel.isValid()" (node_2) is false
[14:47:50.221] [bmv2] [T] [thread 5218] [28.0] [cxt 0] advanced_tunnel.p4(174) Condition "hdr.myTunnel.isValid()" (node_4) is false
[14:47:50.221] [bmv2] [D] [thread 5218] [28.0] [cxt 0] Pipeline 'ingress': end
[14:47:50.221] [bmv2] [D] [thread 5218] [28.0] [cxt 0] Egress port is 0
[14:47:50.221] [bmv2] [D] [thread 5219] [28.0] [cxt 0] Pipeline 'egress': start
[14:47:50.221] [bmv2] [D] [thread 5219] [28.0] [cxt 0] Pipeline 'egress': end
[14:47:50.221] [bmv2] [D] [thread 5219] [28.0] [cxt 0] Deparser 'deparser': start
[14:47:50.221] [bmv2] [T] [thread 5219] [28.0] [cxt 0] Skipping checksum 'cksum' update because condition not met
[14:47:50.221] [bmv2] [D] [thread 5219] [28.0] [cxt 0] Deparsing header 'ethernet'
[14:47:50.221] [bmv2] [D] [thread 5219] [28.0] [cxt 0] Deparser 'deparser': end
[14:47:50.221] [bmv2] [D] [thread 5223] [28.0] [cxt 0] Transmitting packet of size 208 out of port 0
[14:47:50.259] [bmv2] [D] [thread 5218] [29.0] [cxt 0] Processing packet received on port 1
[14:47:50.259] [bmv2] [D] [thread 5218] [29.0] [cxt 0] Parser 'parser': start
[14:47:50.259] [bmv2] [D] [thread 5218] [29.0] [cxt 0] Parser 'parser' entering state 'start'
[14:47:50.259] [bmv2] [D] [thread 5218] [29.0] [cxt 0] Extracting header 'ethernet'
[14:47:50.259] [bmv2] [D] [thread 5218] [29.0] [cxt 0] Parser state 'start': key is 86dd
[14:47:50.259] [bmv2] [T] [thread 5218] [29.0] [cxt 0] Bytes parsed: 14
[14:47:50.259] [bmv2] [D] [thread 5218] [29.0] [cxt 0] Parser 'parser': end
[14:47:50.259] [bmv2] [D] [thread 5218] [29.0] [cxt 0] Pipeline 'ingress': start
[14:47:50.259] [bmv2] [T] [thread 5218] [29.0] [cxt 0] advanced_tunnel.p4(169) Condition "hdr.ipv4.isValid() && !hdr.myTunnel.isValid()" (node_2) is false
[14:47:50.259] [bmv2] [T] [thread 5218] [29.0] [cxt 0] advanced_tunnel.p4(174) Condition "hdr.myTunnel.isValid()" (node_4) is false
[14:47:50.259] [bmv2] [D] [thread 5218] [29.0] [cxt 0] Pipeline 'ingress': end
[14:47:50.259] [bmv2] [D] [thread 5218] [29.0] [cxt 0] Egress port is 0
[14:47:50.259] [bmv2] [D] [thread 5219] [29.0] [cxt 0] Pipeline 'egress': start
[14:47:50.259] [bmv2] [D] [thread 5219] [29.0] [cxt 0] Pipeline 'egress': end
[14:47:50.259] [bmv2] [D] [thread 5219] [29.0] [cxt 0] Deparser 'deparser': start
[14:47:50.259] [bmv2] [T] [thread 5219] [29.0] [cxt 0] Skipping checksum 'cksum' update because condition not met
[14:47:50.259] [bmv2] [D] [thread 5219] [29.0] [cxt 0] Deparsing header 'ethernet'
[14:47:50.265] [bmv2] [D] [thread 5219] [29.0] [cxt 0] Deparser 'deparser': end
[14:47:50.265] [bmv2] [D] [thread 5223] [29.0] [cxt 0] Transmitting packet of size 208 out of port 0
[14:47:50.270] [bmv2] [D] [thread 5218] [30.0] [cxt 0] Processing packet received on port 1
[14:47:50.270] [bmv2] [D] [thread 5218] [30.0] [cxt 0] Parser 'parser': start
[14:47:50.270] [bmv2] [D] [thread 5218] [30.0] [cxt 0] Parser 'parser' entering state 'start'
[14:47:50.270] [bmv2] [D] [thread 5218] [30.0] [cxt 0] Extracting header 'ethernet'
[14:47:50.270] [bmv2] [D] [thread 5218] [30.0] [cxt 0] Parser state 'start': key is 86dd
[14:47:50.270] [bmv2] [T] [thread 5218] [30.0] [cxt 0] Bytes parsed: 14
[14:47:50.270] [bmv2] [D] [thread 5218] [30.0] [cxt 0] Parser 'parser': end
[14:47:50.270] [bmv2] [D] [thread 5218] [30.0] [cxt 0] Pipeline 'ingress': start
[14:47:50.270] [bmv2] [T] [thread 5218] [30.0] [cxt 0] advanced_tunnel.p4(169) Condition "hdr.ipv4.isValid() && !hdr.myTunnel.isValid()" (node_2) is false
[14:47:50.270] [bmv2] [T] [thread 5218] [30.0] [cxt 0] advanced_tunnel.p4(174) Condition "hdr.myTunnel.isValid()" (node_4) is false
[14:47:50.270] [bmv2] [D] [thread 5218] [30.0] [cxt 0] Pipeline 'ingress': end
[14:47:50.270] [bmv2] [D] [thread 5218] [30.0] [cxt 0] Egress port is 0
[14:47:50.270] [bmv2] [D] [thread 5218] [31.0] [cxt 0] Processing packet received on port 2
[14:47:50.270] [bmv2] [D] [thread 5218] [31.0] [cxt 0] Parser 'parser': start
[14:47:50.270] [bmv2] [D] [thread 5218] [31.0] [cxt 0] Parser 'parser' entering state 'start'
[14:47:50.270] [bmv2] [D] [thread 5218] [31.0] [cxt 0] Extracting header 'ethernet'
[14:47:50.270] [bmv2] [D] [thread 5218] [31.0] [cxt 0] Parser state 'start': key is 86dd
[14:47:50.270] [bmv2] [T] [thread 5218] [31.0] [cxt 0] Bytes parsed: 14
[14:47:50.270] [bmv2] [D] [thread 5218] [31.0] [cxt 0] Parser 'parser': end
[14:47:50.270] [bmv2] [D] [thread 5218] [31.0] [cxt 0] Pipeline 'ingress': start
[14:47:50.270] [bmv2] [T] [thread 5218] [31.0] [cxt 0] advanced_tunnel.p4(169) Condition "hdr.ipv4.isValid() && !hdr.myTunnel.isValid()" (node_2) is false
[14:47:50.270] [bmv2] [T] [thread 5218] [31.0] [cxt 0] advanced_tunnel.p4(174) Condition "hdr.myTunnel.isValid()" (node_4) is false
[14:47:50.270] [bmv2] [D] [thread 5218] [31.0] [cxt 0] Pipeline 'ingress': end
[14:47:50.270] [bmv2] [D] [thread 5218] [31.0] [cxt 0] Egress port is 0
[14:47:50.270] [bmv2] [D] [thread 5218] [32.0] [cxt 0] Processing packet received on port 3
[14:47:50.270] [bmv2] [D] [thread 5218] [32.0] [cxt 0] Parser 'parser': start
[14:47:50.270] [bmv2] [D] [thread 5218] [32.0] [cxt 0] Parser 'parser' entering state 'start'
[14:47:50.270] [bmv2] [D] [thread 5218] [32.0] [cxt 0] Extracting header 'ethernet'
[14:47:50.270] [bmv2] [D] [thread 5218] [32.0] [cxt 0] Parser state 'start': key is 86dd
[14:47:50.270] [bmv2] [T] [thread 5218] [32.0] [cxt 0] Bytes parsed: 14
[14:47:50.270] [bmv2] [D] [thread 5218] [32.0] [cxt 0] Parser 'parser': end
[14:47:50.270] [bmv2] [D] [thread 5218] [32.0] [cxt 0] Pipeline 'ingress': start
[14:47:50.270] [bmv2] [T] [thread 5218] [32.0] [cxt 0] advanced_tunnel.p4(169) Condition "hdr.ipv4.isValid() && !hdr.myTunnel.isValid()" (node_2) is false
[14:47:50.270] [bmv2] [T] [thread 5218] [32.0] [cxt 0] advanced_tunnel.p4(174) Condition "hdr.myTunnel.isValid()" (node_4) is false
[14:47:50.270] [bmv2] [D] [thread 5218] [32.0] [cxt 0] Pipeline 'ingress': end
[14:47:50.270] [bmv2] [D] [thread 5218] [32.0] [cxt 0] Egress port is 0
[14:47:50.270] [bmv2] [D] [thread 5219] [30.0] [cxt 0] Pipeline 'egress': start
[14:47:50.270] [bmv2] [D] [thread 5219] [30.0] [cxt 0] Pipeline 'egress': end
[14:47:50.270] [bmv2] [D] [thread 5219] [30.0] [cxt 0] Deparser 'deparser': start
[14:47:50.270] [bmv2] [T] [thread 5219] [30.0] [cxt 0] Skipping checksum 'cksum' update because condition not met
[14:47:50.270] [bmv2] [D] [thread 5219] [30.0] [cxt 0] Deparsing header 'ethernet'
[14:47:50.270] [bmv2] [D] [thread 5219] [30.0] [cxt 0] Deparser 'deparser': end
[14:47:50.270] [bmv2] [D] [thread 5219] [31.0] [cxt 0] Pipeline 'egress': start
[14:47:50.270] [bmv2] [D] [thread 5219] [31.0] [cxt 0] Pipeline 'egress': end
[14:47:50.270] [bmv2] [D] [thread 5219] [31.0] [cxt 0] Deparser 'deparser': start
[14:47:50.270] [bmv2] [T] [thread 5219] [31.0] [cxt 0] Skipping checksum 'cksum' update because condition not met
[14:47:50.270] [bmv2] [D] [thread 5219] [31.0] [cxt 0] Deparsing header 'ethernet'
[14:47:50.270] [bmv2] [D] [thread 5219] [31.0] [cxt 0] Deparser 'deparser': end
[14:47:50.270] [bmv2] [D] [thread 5219] [32.0] [cxt 0] Pipeline 'egress': start
[14:47:50.270] [bmv2] [D] [thread 5219] [32.0] [cxt 0] Pipeline 'egress': end
[14:47:50.270] [bmv2] [D] [thread 5219] [32.0] [cxt 0] Deparser 'deparser': start
[14:47:50.270] [bmv2] [T] [thread 5219] [32.0] [cxt 0] Skipping checksum 'cksum' update because condition not met
[14:47:50.270] [bmv2] [D] [thread 5219] [32.0] [cxt 0] Deparsing header 'ethernet'
[14:47:50.270] [bmv2] [D] [thread 5219] [32.0] [cxt 0] Deparser 'deparser': end
[14:47:50.270] [bmv2] [D] [thread 5223] [30.0] [cxt 0] Transmitting packet of size 110 out of port 0
[14:47:50.270] [bmv2] [D] [thread 5223] [31.0] [cxt 0] Transmitting packet of size 110 out of port 0
[14:47:50.270] [bmv2] [D] [thread 5223] [32.0] [cxt 0] Transmitting packet of size 90 out of port 0
[14:47:50.386] [bmv2] [D] [thread 5218] [33.0] [cxt 0] Processing packet received on port 2
[14:47:50.386] [bmv2] [D] [thread 5218] [33.0] [cxt 0] Parser 'parser': start
[14:47:50.386] [bmv2] [D] [thread 5218] [33.0] [cxt 0] Parser 'parser' entering state 'start'
[14:47:50.386] [bmv2] [D] [thread 5218] [33.0] [cxt 0] Extracting header 'ethernet'
[14:47:50.386] [bmv2] [D] [thread 5218] [33.0] [cxt 0] Parser state 'start': key is 86dd
[14:47:50.386] [bmv2] [T] [thread 5218] [33.0] [cxt 0] Bytes parsed: 14
[14:47:50.386] [bmv2] [D] [thread 5218] [33.0] [cxt 0] Parser 'parser': end
[14:47:50.386] [bmv2] [D] [thread 5218] [33.0] [cxt 0] Pipeline 'ingress': start
[14:47:50.386] [bmv2] [T] [thread 5218] [33.0] [cxt 0] advanced_tunnel.p4(169) Condition "hdr.ipv4.isValid() && !hdr.myTunnel.isValid()" (node_2) is false
[14:47:50.386] [bmv2] [T] [thread 5218] [33.0] [cxt 0] advanced_tunnel.p4(174) Condition "hdr.myTunnel.isValid()" (node_4) is false
[14:47:50.386] [bmv2] [D] [thread 5218] [33.0] [cxt 0] Pipeline 'ingress': end
[14:47:50.386] [bmv2] [D] [thread 5218] [33.0] [cxt 0] Egress port is 0
[14:47:50.386] [bmv2] [D] [thread 5219] [33.0] [cxt 0] Pipeline 'egress': start
[14:47:50.386] [bmv2] [D] [thread 5219] [33.0] [cxt 0] Pipeline 'egress': end
[14:47:50.386] [bmv2] [D] [thread 5219] [33.0] [cxt 0] Deparser 'deparser': start
[14:47:50.386] [bmv2] [T] [thread 5219] [33.0] [cxt 0] Skipping checksum 'cksum' update because condition not met
[14:47:50.386] [bmv2] [D] [thread 5219] [33.0] [cxt 0] Deparsing header 'ethernet'
[14:47:50.386] [bmv2] [D] [thread 5219] [33.0] [cxt 0] Deparser 'deparser': end
[14:47:50.386] [bmv2] [D] [thread 5223] [33.0] [cxt 0] Transmitting packet of size 208 out of port 0
[14:47:50.402] [bmv2] [D] [thread 5218] [34.0] [cxt 0] Processing packet received on port 2
[14:47:50.402] [bmv2] [D] [thread 5218] [34.0] [cxt 0] Parser 'parser': start
[14:47:50.402] [bmv2] [D] [thread 5218] [34.0] [cxt 0] Parser 'parser' entering state 'start'
[14:47:50.402] [bmv2] [D] [thread 5218] [34.0] [cxt 0] Extracting header 'ethernet'
[14:47:50.402] [bmv2] [D] [thread 5218] [34.0] [cxt 0] Parser state 'start': key is 86dd
[14:47:50.402] [bmv2] [T] [thread 5218] [34.0] [cxt 0] Bytes parsed: 14
[14:47:50.402] [bmv2] [D] [thread 5218] [34.0] [cxt 0] Parser 'parser': end
[14:47:50.402] [bmv2] [D] [thread 5218] [34.0] [cxt 0] Pipeline 'ingress': start
[14:47:50.402] [bmv2] [T] [thread 5218] [34.0] [cxt 0] advanced_tunnel.p4(169) Condition "hdr.ipv4.isValid() && !hdr.myTunnel.isValid()" (node_2) is false
[14:47:50.402] [bmv2] [T] [thread 5218] [34.0] [cxt 0] advanced_tunnel.p4(174) Condition "hdr.myTunnel.isValid()" (node_4) is false
[14:47:50.402] [bmv2] [D] [thread 5218] [34.0] [cxt 0] Pipeline 'ingress': end
[14:47:50.402] [bmv2] [D] [thread 5218] [34.0] [cxt 0] Egress port is 0
[14:47:50.403] [bmv2] [D] [thread 5219] [34.0] [cxt 0] Pipeline 'egress': start
[14:47:50.403] [bmv2] [D] [thread 5219] [34.0] [cxt 0] Pipeline 'egress': end
[14:47:50.403] [bmv2] [D] [thread 5219] [34.0] [cxt 0] Deparser 'deparser': start
[14:47:50.403] [bmv2] [T] [thread 5219] [34.0] [cxt 0] Skipping checksum 'cksum' update because condition not met
[14:47:50.403] [bmv2] [D] [thread 5219] [34.0] [cxt 0] Deparsing header 'ethernet'
[14:47:50.403] [bmv2] [D] [thread 5219] [34.0] [cxt 0] Deparser 'deparser': end
[14:47:50.403] [bmv2] [D] [thread 5223] [34.0] [cxt 0] Transmitting packet of size 90 out of port 0
[14:47:50.408] [bmv2] [D] [thread 5218] [35.0] [cxt 0] Processing packet received on port 3
[14:47:50.408] [bmv2] [D] [thread 5218] [35.0] [cxt 0] Parser 'parser': start
[14:47:50.408] [bmv2] [D] [thread 5218] [35.0] [cxt 0] Parser 'parser' entering state 'start'
[14:47:50.408] [bmv2] [D] [thread 5218] [35.0] [cxt 0] Extracting header 'ethernet'
[14:47:50.408] [bmv2] [D] [thread 5218] [35.0] [cxt 0] Parser state 'start': key is 86dd
[14:47:50.408] [bmv2] [T] [thread 5218] [35.0] [cxt 0] Bytes parsed: 14
[14:47:50.408] [bmv2] [D] [thread 5218] [35.0] [cxt 0] Parser 'parser': end
[14:47:50.408] [bmv2] [D] [thread 5218] [35.0] [cxt 0] Pipeline 'ingress': start
[14:47:50.408] [bmv2] [T] [thread 5218] [35.0] [cxt 0] advanced_tunnel.p4(169) Condition "hdr.ipv4.isValid() && !hdr.myTunnel.isValid()" (node_2) is false
[14:47:50.408] [bmv2] [T] [thread 5218] [35.0] [cxt 0] advanced_tunnel.p4(174) Condition "hdr.myTunnel.isValid()" (node_4) is false
[14:47:50.408] [bmv2] [D] [thread 5218] [35.0] [cxt 0] Pipeline 'ingress': end
[14:47:50.408] [bmv2] [D] [thread 5218] [35.0] [cxt 0] Egress port is 0
[14:47:50.408] [bmv2] [D] [thread 5219] [35.0] [cxt 0] Pipeline 'egress': start
[14:47:50.408] [bmv2] [D] [thread 5219] [35.0] [cxt 0] Pipeline 'egress': end
[14:47:50.408] [bmv2] [D] [thread 5219] [35.0] [cxt 0] Deparser 'deparser': start
[14:47:50.408] [bmv2] [T] [thread 5219] [35.0] [cxt 0] Skipping checksum 'cksum' update because condition not met
[14:47:50.408] [bmv2] [D] [thread 5219] [35.0] [cxt 0] Deparsing header 'ethernet'
[14:47:50.408] [bmv2] [D] [thread 5219] [35.0] [cxt 0] Deparser 'deparser': end
[14:47:50.408] [bmv2] [D] [thread 5223] [35.0] [cxt 0] Transmitting packet of size 208 out of port 0
[14:47:50.479] [bmv2] [D] [thread 5218] [36.0] [cxt 0] Processing packet received on port 2
[14:47:50.479] [bmv2] [D] [thread 5218] [36.0] [cxt 0] Parser 'parser': start
[14:47:50.479] [bmv2] [D] [thread 5218] [36.0] [cxt 0] Parser 'parser' entering state 'start'
[14:47:50.479] [bmv2] [D] [thread 5218] [36.0] [cxt 0] Extracting header 'ethernet'
[14:47:50.479] [bmv2] [D] [thread 5218] [36.0] [cxt 0] Parser state 'start': key is 86dd
[14:47:50.479] [bmv2] [T] [thread 5218] [36.0] [cxt 0] Bytes parsed: 14
[14:47:50.479] [bmv2] [D] [thread 5218] [36.0] [cxt 0] Parser 'parser': end
[14:47:50.479] [bmv2] [D] [thread 5218] [36.0] [cxt 0] Pipeline 'ingress': start
[14:47:50.479] [bmv2] [T] [thread 5218] [36.0] [cxt 0] advanced_tunnel.p4(169) Condition "hdr.ipv4.isValid() && !hdr.myTunnel.isValid()" (node_2) is false
[14:47:50.479] [bmv2] [T] [thread 5218] [36.0] [cxt 0] advanced_tunnel.p4(174) Condition "hdr.myTunnel.isValid()" (node_4) is false
[14:47:50.479] [bmv2] [D] [thread 5218] [36.0] [cxt 0] Pipeline 'ingress': end
[14:47:50.479] [bmv2] [D] [thread 5218] [36.0] [cxt 0] Egress port is 0
[14:47:50.481] [bmv2] [D] [thread 5219] [36.0] [cxt 0] Pipeline 'egress': start
[14:47:50.481] [bmv2] [D] [thread 5219] [36.0] [cxt 0] Pipeline 'egress': end
[14:47:50.481] [bmv2] [D] [thread 5219] [36.0] [cxt 0] Deparser 'deparser': start
[14:47:50.481] [bmv2] [T] [thread 5219] [36.0] [cxt 0] Skipping checksum 'cksum' update because condition not met
[14:47:50.481] [bmv2] [D] [thread 5219] [36.0] [cxt 0] Deparsing header 'ethernet'
[14:47:50.481] [bmv2] [D] [thread 5219] [36.0] [cxt 0] Deparser 'deparser': end
[14:47:50.481] [bmv2] [D] [thread 5223] [36.0] [cxt 0] Transmitting packet of size 208 out of port 0
[14:47:50.512] [bmv2] [D] [thread 5218] [37.0] [cxt 0] Processing packet received on port 1
[14:47:50.512] [bmv2] [D] [thread 5218] [37.0] [cxt 0] Parser 'parser': start
[14:47:50.512] [bmv2] [D] [thread 5218] [37.0] [cxt 0] Parser 'parser' entering state 'start'
[14:47:50.512] [bmv2] [D] [thread 5218] [37.0] [cxt 0] Extracting header 'ethernet'
[14:47:50.512] [bmv2] [D] [thread 5218] [37.0] [cxt 0] Parser state 'start': key is 86dd
[14:47:50.512] [bmv2] [T] [thread 5218] [37.0] [cxt 0] Bytes parsed: 14
[14:47:50.512] [bmv2] [D] [thread 5218] [37.0] [cxt 0] Parser 'parser': end
[14:47:50.512] [bmv2] [D] [thread 5218] [37.0] [cxt 0] Pipeline 'ingress': start
[14:47:50.512] [bmv2] [T] [thread 5218] [37.0] [cxt 0] advanced_tunnel.p4(169) Condition "hdr.ipv4.isValid() && !hdr.myTunnel.isValid()" (node_2) is false
[14:47:50.512] [bmv2] [T] [thread 5218] [37.0] [cxt 0] advanced_tunnel.p4(174) Condition "hdr.myTunnel.isValid()" (node_4) is false
[14:47:50.512] [bmv2] [D] [thread 5218] [37.0] [cxt 0] Pipeline 'ingress': end
[14:47:50.512] [bmv2] [D] [thread 5218] [37.0] [cxt 0] Egress port is 0
[14:47:50.512] [bmv2] [D] [thread 5219] [37.0] [cxt 0] Pipeline 'egress': start
[14:47:50.513] [bmv2] [D] [thread 5219] [37.0] [cxt 0] Pipeline 'egress': end
[14:47:50.513] [bmv2] [D] [thread 5219] [37.0] [cxt 0] Deparser 'deparser': start
[14:47:50.513] [bmv2] [T] [thread 5219] [37.0] [cxt 0] Skipping checksum 'cksum' update because condition not met
[14:47:50.513] [bmv2] [D] [thread 5219] [37.0] [cxt 0] Deparsing header 'ethernet'
[14:47:50.513] [bmv2] [D] [thread 5219] [37.0] [cxt 0] Deparser 'deparser': end
[14:47:50.513] [bmv2] [D] [thread 5223] [37.0] [cxt 0] Transmitting packet of size 208 out of port 0
[14:47:50.577] [bmv2] [D] [thread 5218] [38.0] [cxt 0] Processing packet received on port 2
[14:47:50.577] [bmv2] [D] [thread 5218] [38.0] [cxt 0] Parser 'parser': start
[14:47:50.577] [bmv2] [D] [thread 5218] [38.0] [cxt 0] Parser 'parser' entering state 'start'
[14:47:50.577] [bmv2] [D] [thread 5218] [38.0] [cxt 0] Extracting header 'ethernet'
[14:47:50.577] [bmv2] [D] [thread 5218] [38.0] [cxt 0] Parser state 'start': key is 86dd
[14:47:50.577] [bmv2] [T] [thread 5218] [38.0] [cxt 0] Bytes parsed: 14
[14:47:50.577] [bmv2] [D] [thread 5218] [38.0] [cxt 0] Parser 'parser': end
[14:47:50.577] [bmv2] [D] [thread 5218] [38.0] [cxt 0] Pipeline 'ingress': start
[14:47:50.577] [bmv2] [T] [thread 5218] [38.0] [cxt 0] advanced_tunnel.p4(169) Condition "hdr.ipv4.isValid() && !hdr.myTunnel.isValid()" (node_2) is false
[14:47:50.577] [bmv2] [T] [thread 5218] [38.0] [cxt 0] advanced_tunnel.p4(174) Condition "hdr.myTunnel.isValid()" (node_4) is false
[14:47:50.577] [bmv2] [D] [thread 5218] [38.0] [cxt 0] Pipeline 'ingress': end
[14:47:50.577] [bmv2] [D] [thread 5218] [38.0] [cxt 0] Egress port is 0
[14:47:50.577] [bmv2] [D] [thread 5219] [38.0] [cxt 0] Pipeline 'egress': start
[14:47:50.577] [bmv2] [D] [thread 5219] [38.0] [cxt 0] Pipeline 'egress': end
[14:47:50.577] [bmv2] [D] [thread 5219] [38.0] [cxt 0] Deparser 'deparser': start
[14:47:50.577] [bmv2] [T] [thread 5219] [38.0] [cxt 0] Skipping checksum 'cksum' update because condition not met
[14:47:50.577] [bmv2] [D] [thread 5219] [38.0] [cxt 0] Deparsing header 'ethernet'
[14:47:50.577] [bmv2] [D] [thread 5219] [38.0] [cxt 0] Deparser 'deparser': end
[14:47:50.578] [bmv2] [D] [thread 5223] [38.0] [cxt 0] Transmitting packet of size 196 out of port 0
[14:47:50.607] [bmv2] [D] [thread 5218] [39.0] [cxt 0] Processing packet received on port 3
[14:47:50.607] [bmv2] [D] [thread 5218] [39.0] [cxt 0] Parser 'parser': start
[14:47:50.607] [bmv2] [D] [thread 5218] [39.0] [cxt 0] Parser 'parser' entering state 'start'
[14:47:50.607] [bmv2] [D] [thread 5218] [39.0] [cxt 0] Extracting header 'ethernet'
[14:47:50.607] [bmv2] [D] [thread 5218] [39.0] [cxt 0] Parser state 'start': key is 86dd
[14:47:50.607] [bmv2] [T] [thread 5218] [39.0] [cxt 0] Bytes parsed: 14
[14:47:50.607] [bmv2] [D] [thread 5218] [39.0] [cxt 0] Parser 'parser': end
[14:47:50.607] [bmv2] [D] [thread 5218] [39.0] [cxt 0] Pipeline 'ingress': start
[14:47:50.607] [bmv2] [T] [thread 5218] [39.0] [cxt 0] advanced_tunnel.p4(169) Condition "hdr.ipv4.isValid() && !hdr.myTunnel.isValid()" (node_2) is false
[14:47:50.607] [bmv2] [T] [thread 5218] [39.0] [cxt 0] advanced_tunnel.p4(174) Condition "hdr.myTunnel.isValid()" (node_4) is false
[14:47:50.607] [bmv2] [D] [thread 5218] [39.0] [cxt 0] Pipeline 'ingress': end
[14:47:50.607] [bmv2] [D] [thread 5218] [39.0] [cxt 0] Egress port is 0
[14:47:50.607] [bmv2] [D] [thread 5219] [39.0] [cxt 0] Pipeline 'egress': start
[14:47:50.607] [bmv2] [D] [thread 5219] [39.0] [cxt 0] Pipeline 'egress': end
[14:47:50.607] [bmv2] [D] [thread 5219] [39.0] [cxt 0] Deparser 'deparser': start
[14:47:50.607] [bmv2] [T] [thread 5219] [39.0] [cxt 0] Skipping checksum 'cksum' update because condition not met
[14:47:50.607] [bmv2] [D] [thread 5219] [39.0] [cxt 0] Deparsing header 'ethernet'
[14:47:50.607] [bmv2] [D] [thread 5219] [39.0] [cxt 0] Deparser 'deparser': end
[14:47:50.607] [bmv2] [D] [thread 5223] [39.0] [cxt 0] Transmitting packet of size 196 out of port 0
[14:47:50.671] [bmv2] [D] [thread 5218] [40.0] [cxt 0] Processing packet received on port 2
[14:47:50.671] [bmv2] [D] [thread 5218] [40.0] [cxt 0] Parser 'parser': start
[14:47:50.671] [bmv2] [D] [thread 5218] [40.0] [cxt 0] Parser 'parser' entering state 'start'
[14:47:50.671] [bmv2] [D] [thread 5218] [40.0] [cxt 0] Extracting header 'ethernet'
[14:47:50.672] [bmv2] [D] [thread 5218] [40.0] [cxt 0] Parser state 'start': key is 86dd
[14:47:50.672] [bmv2] [T] [thread 5218] [40.0] [cxt 0] Bytes parsed: 14
[14:47:50.672] [bmv2] [D] [thread 5218] [40.0] [cxt 0] Parser 'parser': end
[14:47:50.672] [bmv2] [D] [thread 5218] [40.0] [cxt 0] Pipeline 'ingress': start
[14:47:50.672] [bmv2] [T] [thread 5218] [40.0] [cxt 0] advanced_tunnel.p4(169) Condition "hdr.ipv4.isValid() && !hdr.myTunnel.isValid()" (node_2) is false
[14:47:50.672] [bmv2] [T] [thread 5218] [40.0] [cxt 0] advanced_tunnel.p4(174) Condition "hdr.myTunnel.isValid()" (node_4) is false
[14:47:50.672] [bmv2] [D] [thread 5218] [40.0] [cxt 0] Pipeline 'ingress': end
[14:47:50.672] [bmv2] [D] [thread 5218] [40.0] [cxt 0] Egress port is 0
[14:47:50.672] [bmv2] [D] [thread 5219] [40.0] [cxt 0] Pipeline 'egress': start
[14:47:50.672] [bmv2] [D] [thread 5219] [40.0] [cxt 0] Pipeline 'egress': end
[14:47:50.672] [bmv2] [D] [thread 5219] [40.0] [cxt 0] Deparser 'deparser': start
[14:47:50.672] [bmv2] [T] [thread 5219] [40.0] [cxt 0] Skipping checksum 'cksum' update because condition not met
[14:47:50.672] [bmv2] [D] [thread 5219] [40.0] [cxt 0] Deparsing header 'ethernet'
[14:47:50.672] [bmv2] [D] [thread 5219] [40.0] [cxt 0] Deparser 'deparser': end
[14:47:50.672] [bmv2] [D] [thread 5223] [40.0] [cxt 0] Transmitting packet of size 196 out of port 0
[14:47:50.712] [bmv2] [D] [thread 5218] [41.0] [cxt 0] Processing packet received on port 1
[14:47:50.712] [bmv2] [D] [thread 5218] [41.0] [cxt 0] Parser 'parser': start
[14:47:50.712] [bmv2] [D] [thread 5218] [41.0] [cxt 0] Parser 'parser' entering state 'start'
[14:47:50.712] [bmv2] [D] [thread 5218] [41.0] [cxt 0] Extracting header 'ethernet'
[14:47:50.712] [bmv2] [D] [thread 5218] [41.0] [cxt 0] Parser state 'start': key is 86dd
[14:47:50.712] [bmv2] [T] [thread 5218] [41.0] [cxt 0] Bytes parsed: 14
[14:47:50.712] [bmv2] [D] [thread 5218] [41.0] [cxt 0] Parser 'parser': end
[14:47:50.712] [bmv2] [D] [thread 5218] [41.0] [cxt 0] Pipeline 'ingress': start
[14:47:50.712] [bmv2] [T] [thread 5218] [41.0] [cxt 0] advanced_tunnel.p4(169) Condition "hdr.ipv4.isValid() && !hdr.myTunnel.isValid()" (node_2) is false
[14:47:50.712] [bmv2] [T] [thread 5218] [41.0] [cxt 0] advanced_tunnel.p4(174) Condition "hdr.myTunnel.isValid()" (node_4) is false
[14:47:50.712] [bmv2] [D] [thread 5218] [41.0] [cxt 0] Pipeline 'ingress': end
[14:47:50.712] [bmv2] [D] [thread 5218] [41.0] [cxt 0] Egress port is 0
[14:47:50.712] [bmv2] [D] [thread 5219] [41.0] [cxt 0] Pipeline 'egress': start
[14:47:50.713] [bmv2] [D] [thread 5219] [41.0] [cxt 0] Pipeline 'egress': end
[14:47:50.713] [bmv2] [D] [thread 5219] [41.0] [cxt 0] Deparser 'deparser': start
[14:47:50.713] [bmv2] [T] [thread 5219] [41.0] [cxt 0] Skipping checksum 'cksum' update because condition not met
[14:47:50.713] [bmv2] [D] [thread 5219] [41.0] [cxt 0] Deparsing header 'ethernet'
[14:47:50.713] [bmv2] [D] [thread 5219] [41.0] [cxt 0] Deparser 'deparser': end
[14:47:50.713] [bmv2] [D] [thread 5223] [41.0] [cxt 0] Transmitting packet of size 196 out of port 0
[14:47:51.130] [bmv2] [D] [thread 5218] [42.0] [cxt 0] Processing packet received on port 3
[14:47:51.130] [bmv2] [D] [thread 5218] [42.0] [cxt 0] Parser 'parser': start
[14:47:51.130] [bmv2] [D] [thread 5218] [42.0] [cxt 0] Parser 'parser' entering state 'start'
[14:47:51.130] [bmv2] [D] [thread 5218] [42.0] [cxt 0] Extracting header 'ethernet'
[14:47:51.130] [bmv2] [D] [thread 5218] [42.0] [cxt 0] Parser state 'start': key is 86dd
[14:47:51.130] [bmv2] [T] [thread 5218] [42.0] [cxt 0] Bytes parsed: 14
[14:47:51.130] [bmv2] [D] [thread 5218] [42.0] [cxt 0] Parser 'parser': end
[14:47:51.130] [bmv2] [D] [thread 5218] [42.0] [cxt 0] Pipeline 'ingress': start
[14:47:51.130] [bmv2] [T] [thread 5218] [42.0] [cxt 0] advanced_tunnel.p4(169) Condition "hdr.ipv4.isValid() && !hdr.myTunnel.isValid()" (node_2) is false
[14:47:51.130] [bmv2] [T] [thread 5218] [42.0] [cxt 0] advanced_tunnel.p4(174) Condition "hdr.myTunnel.isValid()" (node_4) is false
[14:47:51.130] [bmv2] [D] [thread 5218] [42.0] [cxt 0] Pipeline 'ingress': end
[14:47:51.130] [bmv2] [D] [thread 5218] [42.0] [cxt 0] Egress port is 0
[14:47:51.130] [bmv2] [D] [thread 5219] [42.0] [cxt 0] Pipeline 'egress': start
[14:47:51.130] [bmv2] [D] [thread 5219] [42.0] [cxt 0] Pipeline 'egress': end
[14:47:51.130] [bmv2] [D] [thread 5219] [42.0] [cxt 0] Deparser 'deparser': start
[14:47:51.130] [bmv2] [T] [thread 5219] [42.0] [cxt 0] Skipping checksum 'cksum' update because condition not met
[14:47:51.134] [bmv2] [D] [thread 5219] [42.0] [cxt 0] Deparsing header 'ethernet'
[14:47:51.134] [bmv2] [D] [thread 5219] [42.0] [cxt 0] Deparser 'deparser': end
[14:47:51.134] [bmv2] [D] [thread 5223] [42.0] [cxt 0] Transmitting packet of size 196 out of port 0
[14:47:51.703] [bmv2] [D] [thread 5218] [43.0] [cxt 0] Processing packet received on port 2
[14:47:51.703] [bmv2] [D] [thread 5218] [43.0] [cxt 0] Parser 'parser': start
[14:47:51.703] [bmv2] [D] [thread 5218] [43.0] [cxt 0] Parser 'parser' entering state 'start'
[14:47:51.703] [bmv2] [D] [thread 5218] [43.0] [cxt 0] Extracting header 'ethernet'
[14:47:51.703] [bmv2] [D] [thread 5218] [43.0] [cxt 0] Parser state 'start': key is 86dd
[14:47:51.703] [bmv2] [T] [thread 5218] [43.0] [cxt 0] Bytes parsed: 14
[14:47:51.703] [bmv2] [D] [thread 5218] [43.0] [cxt 0] Parser 'parser': end
[14:47:51.703] [bmv2] [D] [thread 5218] [43.0] [cxt 0] Pipeline 'ingress': start
[14:47:51.703] [bmv2] [T] [thread 5218] [43.0] [cxt 0] advanced_tunnel.p4(169) Condition "hdr.ipv4.isValid() && !hdr.myTunnel.isValid()" (node_2) is false
[14:47:51.703] [bmv2] [T] [thread 5218] [43.0] [cxt 0] advanced_tunnel.p4(174) Condition "hdr.myTunnel.isValid()" (node_4) is false
[14:47:51.703] [bmv2] [D] [thread 5218] [43.0] [cxt 0] Pipeline 'ingress': end
[14:47:51.703] [bmv2] [D] [thread 5218] [43.0] [cxt 0] Egress port is 0
[14:47:51.705] [bmv2] [D] [thread 5219] [43.0] [cxt 0] Pipeline 'egress': start
[14:47:51.705] [bmv2] [D] [thread 5219] [43.0] [cxt 0] Pipeline 'egress': end
[14:47:51.705] [bmv2] [D] [thread 5219] [43.0] [cxt 0] Deparser 'deparser': start
[14:47:51.705] [bmv2] [T] [thread 5219] [43.0] [cxt 0] Skipping checksum 'cksum' update because condition not met
[14:47:51.705] [bmv2] [D] [thread 5219] [43.0] [cxt 0] Deparsing header 'ethernet'
[14:47:51.705] [bmv2] [D] [thread 5219] [43.0] [cxt 0] Deparser 'deparser': end
[14:47:51.707] [bmv2] [D] [thread 5223] [43.0] [cxt 0] Transmitting packet of size 196 out of port 0
[14:47:51.733] [bmv2] [D] [thread 5218] [44.0] [cxt 0] Processing packet received on port 3
[14:47:51.734] [bmv2] [D] [thread 5218] [44.0] [cxt 0] Parser 'parser': start
[14:47:51.734] [bmv2] [D] [thread 5218] [44.0] [cxt 0] Parser 'parser' entering state 'start'
[14:47:51.734] [bmv2] [D] [thread 5218] [44.0] [cxt 0] Extracting header 'ethernet'
[14:47:51.734] [bmv2] [D] [thread 5218] [44.0] [cxt 0] Parser state 'start': key is 86dd
[14:47:51.734] [bmv2] [T] [thread 5218] [44.0] [cxt 0] Bytes parsed: 14
[14:47:51.734] [bmv2] [D] [thread 5218] [44.0] [cxt 0] Parser 'parser': end
[14:47:51.734] [bmv2] [D] [thread 5218] [44.0] [cxt 0] Pipeline 'ingress': start
[14:47:51.734] [bmv2] [T] [thread 5218] [44.0] [cxt 0] advanced_tunnel.p4(169) Condition "hdr.ipv4.isValid() && !hdr.myTunnel.isValid()" (node_2) is false
[14:47:51.734] [bmv2] [T] [thread 5218] [44.0] [cxt 0] advanced_tunnel.p4(174) Condition "hdr.myTunnel.isValid()" (node_4) is false
[14:47:51.734] [bmv2] [D] [thread 5218] [44.0] [cxt 0] Pipeline 'ingress': end
[14:47:51.734] [bmv2] [D] [thread 5218] [44.0] [cxt 0] Egress port is 0
[14:47:51.735] [bmv2] [D] [thread 5219] [44.0] [cxt 0] Pipeline 'egress': start
[14:47:51.735] [bmv2] [D] [thread 5219] [44.0] [cxt 0] Pipeline 'egress': end
[14:47:51.735] [bmv2] [D] [thread 5219] [44.0] [cxt 0] Deparser 'deparser': start
[14:47:51.735] [bmv2] [T] [thread 5219] [44.0] [cxt 0] Skipping checksum 'cksum' update because condition not met
[14:47:51.735] [bmv2] [D] [thread 5219] [44.0] [cxt 0] Deparsing header 'ethernet'
[14:47:51.735] [bmv2] [D] [thread 5219] [44.0] [cxt 0] Deparser 'deparser': end
[14:47:51.735] [bmv2] [D] [thread 5223] [44.0] [cxt 0] Transmitting packet of size 196 out of port 0
[14:47:51.796] [bmv2] [D] [thread 5218] [45.0] [cxt 0] Processing packet received on port 2
[14:47:51.796] [bmv2] [D] [thread 5218] [45.0] [cxt 0] Parser 'parser': start
[14:47:51.796] [bmv2] [D] [thread 5218] [45.0] [cxt 0] Parser 'parser' entering state 'start'
[14:47:51.796] [bmv2] [D] [thread 5218] [45.0] [cxt 0] Extracting header 'ethernet'
[14:47:51.796] [bmv2] [D] [thread 5218] [45.0] [cxt 0] Parser state 'start': key is 86dd
[14:47:51.796] [bmv2] [T] [thread 5218] [45.0] [cxt 0] Bytes parsed: 14
[14:47:51.796] [bmv2] [D] [thread 5218] [45.0] [cxt 0] Parser 'parser': end
[14:47:51.796] [bmv2] [D] [thread 5218] [45.0] [cxt 0] Pipeline 'ingress': start
[14:47:51.796] [bmv2] [T] [thread 5218] [45.0] [cxt 0] advanced_tunnel.p4(169) Condition "hdr.ipv4.isValid() && !hdr.myTunnel.isValid()" (node_2) is false
[14:47:51.796] [bmv2] [T] [thread 5218] [45.0] [cxt 0] advanced_tunnel.p4(174) Condition "hdr.myTunnel.isValid()" (node_4) is false
[14:47:51.796] [bmv2] [D] [thread 5218] [45.0] [cxt 0] Pipeline 'ingress': end
[14:47:51.796] [bmv2] [D] [thread 5218] [45.0] [cxt 0] Egress port is 0
[14:47:51.799] [bmv2] [D] [thread 5219] [45.0] [cxt 0] Pipeline 'egress': start
[14:47:51.799] [bmv2] [D] [thread 5219] [45.0] [cxt 0] Pipeline 'egress': end
[14:47:51.799] [bmv2] [D] [thread 5219] [45.0] [cxt 0] Deparser 'deparser': start
[14:47:51.799] [bmv2] [T] [thread 5219] [45.0] [cxt 0] Skipping checksum 'cksum' update because condition not met
[14:47:51.799] [bmv2] [D] [thread 5219] [45.0] [cxt 0] Deparsing header 'ethernet'
[14:47:51.799] [bmv2] [D] [thread 5219] [45.0] [cxt 0] Deparser 'deparser': end
[14:47:51.799] [bmv2] [D] [thread 5223] [45.0] [cxt 0] Transmitting packet of size 196 out of port 0
[14:47:51.836] [bmv2] [D] [thread 5218] [46.0] [cxt 0] Processing packet received on port 1
[14:47:51.836] [bmv2] [D] [thread 5218] [46.0] [cxt 0] Parser 'parser': start
[14:47:51.836] [bmv2] [D] [thread 5218] [46.0] [cxt 0] Parser 'parser' entering state 'start'
[14:47:51.836] [bmv2] [D] [thread 5218] [46.0] [cxt 0] Extracting header 'ethernet'
[14:47:51.837] [bmv2] [D] [thread 5218] [46.0] [cxt 0] Parser state 'start': key is 86dd
[14:47:51.837] [bmv2] [T] [thread 5218] [46.0] [cxt 0] Bytes parsed: 14
[14:47:51.837] [bmv2] [D] [thread 5218] [46.0] [cxt 0] Parser 'parser': end
[14:47:51.837] [bmv2] [D] [thread 5218] [46.0] [cxt 0] Pipeline 'ingress': start
[14:47:51.837] [bmv2] [T] [thread 5218] [46.0] [cxt 0] advanced_tunnel.p4(169) Condition "hdr.ipv4.isValid() && !hdr.myTunnel.isValid()" (node_2) is false
[14:47:51.837] [bmv2] [T] [thread 5218] [46.0] [cxt 0] advanced_tunnel.p4(174) Condition "hdr.myTunnel.isValid()" (node_4) is false
[14:47:51.837] [bmv2] [D] [thread 5218] [46.0] [cxt 0] Pipeline 'ingress': end
[14:47:51.837] [bmv2] [D] [thread 5218] [46.0] [cxt 0] Egress port is 0
[14:47:51.837] [bmv2] [D] [thread 5219] [46.0] [cxt 0] Pipeline 'egress': start
[14:47:51.837] [bmv2] [D] [thread 5219] [46.0] [cxt 0] Pipeline 'egress': end
[14:47:51.837] [bmv2] [D] [thread 5219] [46.0] [cxt 0] Deparser 'deparser': start
[14:47:51.837] [bmv2] [T] [thread 5219] [46.0] [cxt 0] Skipping checksum 'cksum' update because condition not met
[14:47:51.837] [bmv2] [D] [thread 5219] [46.0] [cxt 0] Deparsing header 'ethernet'
[14:47:51.837] [bmv2] [D] [thread 5219] [46.0] [cxt 0] Deparser 'deparser': end
[14:47:51.837] [bmv2] [D] [thread 5223] [46.0] [cxt 0] Transmitting packet of size 196 out of port 0
[14:47:52.929] [bmv2] [D] [thread 5218] [47.0] [cxt 0] Processing packet received on port 3
[14:47:52.929] [bmv2] [D] [thread 5218] [47.0] [cxt 0] Parser 'parser': start
[14:47:52.929] [bmv2] [D] [thread 5218] [47.0] [cxt 0] Parser 'parser' entering state 'start'
[14:47:52.929] [bmv2] [D] [thread 5218] [47.0] [cxt 0] Extracting header 'ethernet'
[14:47:52.930] [bmv2] [D] [thread 5218] [47.0] [cxt 0] Parser state 'start': key is 86dd
[14:47:52.930] [bmv2] [T] [thread 5218] [47.0] [cxt 0] Bytes parsed: 14
[14:47:52.930] [bmv2] [D] [thread 5218] [47.0] [cxt 0] Parser 'parser': end
[14:47:52.930] [bmv2] [D] [thread 5218] [47.0] [cxt 0] Pipeline 'ingress': start
[14:47:52.930] [bmv2] [T] [thread 5218] [47.0] [cxt 0] advanced_tunnel.p4(169) Condition "hdr.ipv4.isValid() && !hdr.myTunnel.isValid()" (node_2) is false
[14:47:52.930] [bmv2] [T] [thread 5218] [47.0] [cxt 0] advanced_tunnel.p4(174) Condition "hdr.myTunnel.isValid()" (node_4) is false
[14:47:52.930] [bmv2] [D] [thread 5218] [47.0] [cxt 0] Pipeline 'ingress': end
[14:47:52.930] [bmv2] [D] [thread 5218] [47.0] [cxt 0] Egress port is 0
[14:47:52.930] [bmv2] [D] [thread 5219] [47.0] [cxt 0] Pipeline 'egress': start
[14:47:52.930] [bmv2] [D] [thread 5219] [47.0] [cxt 0] Pipeline 'egress': end
[14:47:52.930] [bmv2] [D] [thread 5219] [47.0] [cxt 0] Deparser 'deparser': start
[14:47:52.930] [bmv2] [T] [thread 5219] [47.0] [cxt 0] Skipping checksum 'cksum' update because condition not met
[14:47:52.930] [bmv2] [D] [thread 5219] [47.0] [cxt 0] Deparsing header 'ethernet'
[14:47:52.930] [bmv2] [D] [thread 5219] [47.0] [cxt 0] Deparser 'deparser': end
[14:47:52.930] [bmv2] [D] [thread 5223] [47.0] [cxt 0] Transmitting packet of size 70 out of port 0
[14:47:53.248] [bmv2] [D] [thread 5218] [48.0] [cxt 0] Processing packet received on port 3
[14:47:53.248] [bmv2] [D] [thread 5218] [48.0] [cxt 0] Parser 'parser': start
[14:47:53.248] [bmv2] [D] [thread 5218] [48.0] [cxt 0] Parser 'parser' entering state 'start'
[14:47:53.248] [bmv2] [D] [thread 5218] [48.0] [cxt 0] Extracting header 'ethernet'
[14:47:53.248] [bmv2] [D] [thread 5218] [48.0] [cxt 0] Parser state 'start': key is 86dd
[14:47:53.248] [bmv2] [T] [thread 5218] [48.0] [cxt 0] Bytes parsed: 14
[14:47:53.249] [bmv2] [D] [thread 5218] [48.0] [cxt 0] Parser 'parser': end
[14:47:53.249] [bmv2] [D] [thread 5218] [48.0] [cxt 0] Pipeline 'ingress': start
[14:47:53.249] [bmv2] [T] [thread 5218] [48.0] [cxt 0] advanced_tunnel.p4(169) Condition "hdr.ipv4.isValid() && !hdr.myTunnel.isValid()" (node_2) is false
[14:47:53.249] [bmv2] [T] [thread 5218] [48.0] [cxt 0] advanced_tunnel.p4(174) Condition "hdr.myTunnel.isValid()" (node_4) is false
[14:47:53.249] [bmv2] [D] [thread 5218] [48.0] [cxt 0] Pipeline 'ingress': end
[14:47:53.249] [bmv2] [D] [thread 5218] [48.0] [cxt 0] Egress port is 0
[14:47:53.249] [bmv2] [D] [thread 5219] [48.0] [cxt 0] Pipeline 'egress': start
[14:47:53.249] [bmv2] [D] [thread 5219] [48.0] [cxt 0] Pipeline 'egress': end
[14:47:53.249] [bmv2] [D] [thread 5219] [48.0] [cxt 0] Deparser 'deparser': start
[14:47:53.249] [bmv2] [T] [thread 5219] [48.0] [cxt 0] Skipping checksum 'cksum' update because condition not met
[14:47:53.249] [bmv2] [D] [thread 5219] [48.0] [cxt 0] Deparsing header 'ethernet'
[14:47:53.249] [bmv2] [D] [thread 5219] [48.0] [cxt 0] Deparser 'deparser': end
[14:47:53.249] [bmv2] [D] [thread 5223] [48.0] [cxt 0] Transmitting packet of size 196 out of port 0
[14:47:53.694] [bmv2] [D] [thread 5218] [49.0] [cxt 0] Processing packet received on port 2
[14:47:53.694] [bmv2] [D] [thread 5218] [49.0] [cxt 0] Parser 'parser': start
[14:47:53.694] [bmv2] [D] [thread 5218] [49.0] [cxt 0] Parser 'parser' entering state 'start'
[14:47:53.694] [bmv2] [D] [thread 5218] [49.0] [cxt 0] Extracting header 'ethernet'
[14:47:53.694] [bmv2] [D] [thread 5218] [49.0] [cxt 0] Parser state 'start': key is 86dd
[14:47:53.694] [bmv2] [T] [thread 5218] [49.0] [cxt 0] Bytes parsed: 14
[14:47:53.695] [bmv2] [D] [thread 5218] [49.0] [cxt 0] Parser 'parser': end
[14:47:53.695] [bmv2] [D] [thread 5218] [49.0] [cxt 0] Pipeline 'ingress': start
[14:47:53.695] [bmv2] [T] [thread 5218] [49.0] [cxt 0] advanced_tunnel.p4(169) Condition "hdr.ipv4.isValid() && !hdr.myTunnel.isValid()" (node_2) is false
[14:47:53.695] [bmv2] [T] [thread 5218] [49.0] [cxt 0] advanced_tunnel.p4(174) Condition "hdr.myTunnel.isValid()" (node_4) is false
[14:47:53.695] [bmv2] [D] [thread 5218] [49.0] [cxt 0] Pipeline 'ingress': end
[14:47:53.695] [bmv2] [D] [thread 5218] [49.0] [cxt 0] Egress port is 0
[14:47:53.695] [bmv2] [D] [thread 5219] [49.0] [cxt 0] Pipeline 'egress': start
[14:47:53.695] [bmv2] [D] [thread 5219] [49.0] [cxt 0] Pipeline 'egress': end
[14:47:53.695] [bmv2] [D] [thread 5219] [49.0] [cxt 0] Deparser 'deparser': start
[14:47:53.695] [bmv2] [T] [thread 5219] [49.0] [cxt 0] Skipping checksum 'cksum' update because condition not met
[14:47:53.695] [bmv2] [D] [thread 5219] [49.0] [cxt 0] Deparsing header 'ethernet'
[14:47:53.695] [bmv2] [D] [thread 5219] [49.0] [cxt 0] Deparser 'deparser': end
[14:47:53.695] [bmv2] [D] [thread 5223] [49.0] [cxt 0] Transmitting packet of size 70 out of port 0
[14:47:53.826] [bmv2] [D] [thread 5218] [50.0] [cxt 0] Processing packet received on port 2
[14:47:53.826] [bmv2] [D] [thread 5218] [50.0] [cxt 0] Parser 'parser': start
[14:47:53.826] [bmv2] [D] [thread 5218] [50.0] [cxt 0] Parser 'parser' entering state 'start'
[14:47:53.826] [bmv2] [D] [thread 5218] [50.0] [cxt 0] Extracting header 'ethernet'
[14:47:53.826] [bmv2] [D] [thread 5218] [50.0] [cxt 0] Parser state 'start': key is 86dd
[14:47:53.826] [bmv2] [T] [thread 5218] [50.0] [cxt 0] Bytes parsed: 14
[14:47:53.826] [bmv2] [D] [thread 5218] [50.0] [cxt 0] Parser 'parser': end
[14:47:53.826] [bmv2] [D] [thread 5218] [50.0] [cxt 0] Pipeline 'ingress': start
[14:47:53.826] [bmv2] [T] [thread 5218] [50.0] [cxt 0] advanced_tunnel.p4(169) Condition "hdr.ipv4.isValid() && !hdr.myTunnel.isValid()" (node_2) is false
[14:47:53.826] [bmv2] [T] [thread 5218] [50.0] [cxt 0] advanced_tunnel.p4(174) Condition "hdr.myTunnel.isValid()" (node_4) is false
[14:47:53.826] [bmv2] [D] [thread 5218] [50.0] [cxt 0] Pipeline 'ingress': end
[14:47:53.826] [bmv2] [D] [thread 5218] [50.0] [cxt 0] Egress port is 0
[14:47:53.826] [bmv2] [D] [thread 5219] [50.0] [cxt 0] Pipeline 'egress': start
[14:47:53.826] [bmv2] [D] [thread 5219] [50.0] [cxt 0] Pipeline 'egress': end
[14:47:53.826] [bmv2] [D] [thread 5219] [50.0] [cxt 0] Deparser 'deparser': start
[14:47:53.826] [bmv2] [T] [thread 5219] [50.0] [cxt 0] Skipping checksum 'cksum' update because condition not met
[14:47:53.826] [bmv2] [D] [thread 5219] [50.0] [cxt 0] Deparsing header 'ethernet'
[14:47:53.826] [bmv2] [D] [thread 5219] [50.0] [cxt 0] Deparser 'deparser': end
[14:47:53.826] [bmv2] [D] [thread 5223] [50.0] [cxt 0] Transmitting packet of size 196 out of port 0
[14:47:53.862] [bmv2] [D] [thread 5218] [51.0] [cxt 0] Processing packet received on port 3
[14:47:53.862] [bmv2] [D] [thread 5218] [51.0] [cxt 0] Parser 'parser': start
[14:47:53.862] [bmv2] [D] [thread 5218] [51.0] [cxt 0] Parser 'parser' entering state 'start'
[14:47:53.862] [bmv2] [D] [thread 5218] [51.0] [cxt 0] Extracting header 'ethernet'
[14:47:53.862] [bmv2] [D] [thread 5218] [51.0] [cxt 0] Parser state 'start': key is 86dd
[14:47:53.862] [bmv2] [T] [thread 5218] [51.0] [cxt 0] Bytes parsed: 14
[14:47:53.862] [bmv2] [D] [thread 5218] [51.0] [cxt 0] Parser 'parser': end
[14:47:53.862] [bmv2] [D] [thread 5218] [51.0] [cxt 0] Pipeline 'ingress': start
[14:47:53.862] [bmv2] [T] [thread 5218] [51.0] [cxt 0] advanced_tunnel.p4(169) Condition "hdr.ipv4.isValid() && !hdr.myTunnel.isValid()" (node_2) is false
[14:47:53.862] [bmv2] [T] [thread 5218] [51.0] [cxt 0] advanced_tunnel.p4(174) Condition "hdr.myTunnel.isValid()" (node_4) is false
[14:47:53.862] [bmv2] [D] [thread 5218] [51.0] [cxt 0] Pipeline 'ingress': end
[14:47:53.862] [bmv2] [D] [thread 5218] [51.0] [cxt 0] Egress port is 0
[14:47:53.862] [bmv2] [D] [thread 5219] [51.0] [cxt 0] Pipeline 'egress': start
[14:47:53.862] [bmv2] [D] [thread 5219] [51.0] [cxt 0] Pipeline 'egress': end
[14:47:53.862] [bmv2] [D] [thread 5219] [51.0] [cxt 0] Deparser 'deparser': start
[14:47:53.862] [bmv2] [T] [thread 5219] [51.0] [cxt 0] Skipping checksum 'cksum' update because condition not met
[14:47:53.862] [bmv2] [D] [thread 5219] [51.0] [cxt 0] Deparsing header 'ethernet'
[14:47:53.862] [bmv2] [D] [thread 5219] [51.0] [cxt 0] Deparser 'deparser': end
[14:47:53.862] [bmv2] [D] [thread 5223] [51.0] [cxt 0] Transmitting packet of size 196 out of port 0
[14:47:53.923] [bmv2] [D] [thread 5218] [52.0] [cxt 0] Processing packet received on port 2
[14:47:53.923] [bmv2] [D] [thread 5218] [52.0] [cxt 0] Parser 'parser': start
[14:47:53.923] [bmv2] [D] [thread 5218] [52.0] [cxt 0] Parser 'parser' entering state 'start'
[14:47:53.923] [bmv2] [D] [thread 5218] [52.0] [cxt 0] Extracting header 'ethernet'
[14:47:53.923] [bmv2] [D] [thread 5218] [52.0] [cxt 0] Parser state 'start': key is 86dd
[14:47:53.923] [bmv2] [T] [thread 5218] [52.0] [cxt 0] Bytes parsed: 14
[14:47:53.923] [bmv2] [D] [thread 5218] [52.0] [cxt 0] Parser 'parser': end
[14:47:53.923] [bmv2] [D] [thread 5218] [52.0] [cxt 0] Pipeline 'ingress': start
[14:47:53.923] [bmv2] [T] [thread 5218] [52.0] [cxt 0] advanced_tunnel.p4(169) Condition "hdr.ipv4.isValid() && !hdr.myTunnel.isValid()" (node_2) is false
[14:47:53.923] [bmv2] [T] [thread 5218] [52.0] [cxt 0] advanced_tunnel.p4(174) Condition "hdr.myTunnel.isValid()" (node_4) is false
[14:47:53.923] [bmv2] [D] [thread 5218] [52.0] [cxt 0] Pipeline 'ingress': end
[14:47:53.923] [bmv2] [D] [thread 5218] [52.0] [cxt 0] Egress port is 0
[14:47:53.923] [bmv2] [D] [thread 5219] [52.0] [cxt 0] Pipeline 'egress': start
[14:47:53.923] [bmv2] [D] [thread 5219] [52.0] [cxt 0] Pipeline 'egress': end
[14:47:53.923] [bmv2] [D] [thread 5219] [52.0] [cxt 0] Deparser 'deparser': start
[14:47:53.923] [bmv2] [T] [thread 5219] [52.0] [cxt 0] Skipping checksum 'cksum' update because condition not met
[14:47:53.923] [bmv2] [D] [thread 5219] [52.0] [cxt 0] Deparsing header 'ethernet'
[14:47:53.923] [bmv2] [D] [thread 5219] [52.0] [cxt 0] Deparser 'deparser': end
[14:47:53.923] [bmv2] [D] [thread 5223] [52.0] [cxt 0] Transmitting packet of size 196 out of port 0
[14:47:53.961] [bmv2] [D] [thread 5218] [53.0] [cxt 0] Processing packet received on port 1
[14:47:53.961] [bmv2] [D] [thread 5218] [53.0] [cxt 0] Parser 'parser': start
[14:47:53.961] [bmv2] [D] [thread 5218] [53.0] [cxt 0] Parser 'parser' entering state 'start'
[14:47:53.961] [bmv2] [D] [thread 5218] [53.0] [cxt 0] Extracting header 'ethernet'
[14:47:53.961] [bmv2] [D] [thread 5218] [53.0] [cxt 0] Parser state 'start': key is 86dd
[14:47:53.961] [bmv2] [T] [thread 5218] [53.0] [cxt 0] Bytes parsed: 14
[14:47:53.961] [bmv2] [D] [thread 5218] [53.0] [cxt 0] Parser 'parser': end
[14:47:53.961] [bmv2] [D] [thread 5218] [53.0] [cxt 0] Pipeline 'ingress': start
[14:47:53.961] [bmv2] [T] [thread 5218] [53.0] [cxt 0] advanced_tunnel.p4(169) Condition "hdr.ipv4.isValid() && !hdr.myTunnel.isValid()" (node_2) is false
[14:47:53.961] [bmv2] [T] [thread 5218] [53.0] [cxt 0] advanced_tunnel.p4(174) Condition "hdr.myTunnel.isValid()" (node_4) is false
[14:47:53.961] [bmv2] [D] [thread 5218] [53.0] [cxt 0] Pipeline 'ingress': end
[14:47:53.961] [bmv2] [D] [thread 5218] [53.0] [cxt 0] Egress port is 0
[14:47:53.962] [bmv2] [D] [thread 5219] [53.0] [cxt 0] Pipeline 'egress': start
[14:47:53.962] [bmv2] [D] [thread 5219] [53.0] [cxt 0] Pipeline 'egress': end
[14:47:53.962] [bmv2] [D] [thread 5219] [53.0] [cxt 0] Deparser 'deparser': start
[14:47:53.962] [bmv2] [T] [thread 5219] [53.0] [cxt 0] Skipping checksum 'cksum' update because condition not met
[14:47:53.962] [bmv2] [D] [thread 5219] [53.0] [cxt 0] Deparsing header 'ethernet'
[14:47:53.962] [bmv2] [D] [thread 5219] [53.0] [cxt 0] Deparser 'deparser': end
[14:47:53.962] [bmv2] [D] [thread 5223] [53.0] [cxt 0] Transmitting packet of size 196 out of port 0
[14:47:54.205] [bmv2] [D] [thread 5218] [54.0] [cxt 0] Processing packet received on port 1
[14:47:54.205] [bmv2] [D] [thread 5218] [54.0] [cxt 0] Parser 'parser': start
[14:47:54.205] [bmv2] [D] [thread 5218] [54.0] [cxt 0] Parser 'parser' entering state 'start'
[14:47:54.205] [bmv2] [D] [thread 5218] [54.0] [cxt 0] Extracting header 'ethernet'
[14:47:54.206] [bmv2] [D] [thread 5218] [54.0] [cxt 0] Parser state 'start': key is 86dd
[14:47:54.206] [bmv2] [T] [thread 5218] [54.0] [cxt 0] Bytes parsed: 14
[14:47:54.206] [bmv2] [D] [thread 5218] [54.0] [cxt 0] Parser 'parser': end
[14:47:54.206] [bmv2] [D] [thread 5218] [54.0] [cxt 0] Pipeline 'ingress': start
[14:47:54.206] [bmv2] [T] [thread 5218] [54.0] [cxt 0] advanced_tunnel.p4(169) Condition "hdr.ipv4.isValid() && !hdr.myTunnel.isValid()" (node_2) is false
[14:47:54.206] [bmv2] [T] [thread 5218] [54.0] [cxt 0] advanced_tunnel.p4(174) Condition "hdr.myTunnel.isValid()" (node_4) is false
[14:47:54.206] [bmv2] [D] [thread 5218] [54.0] [cxt 0] Pipeline 'ingress': end
[14:47:54.206] [bmv2] [D] [thread 5218] [54.0] [cxt 0] Egress port is 0
[14:47:54.206] [bmv2] [D] [thread 5218] [55.0] [cxt 0] Processing packet received on port 2
[14:47:54.206] [bmv2] [D] [thread 5218] [55.0] [cxt 0] Parser 'parser': start
[14:47:54.206] [bmv2] [D] [thread 5218] [55.0] [cxt 0] Parser 'parser' entering state 'start'
[14:47:54.206] [bmv2] [D] [thread 5218] [55.0] [cxt 0] Extracting header 'ethernet'
[14:47:54.206] [bmv2] [D] [thread 5218] [55.0] [cxt 0] Parser state 'start': key is 86dd
[14:47:54.206] [bmv2] [T] [thread 5218] [55.0] [cxt 0] Bytes parsed: 14
[14:47:54.206] [bmv2] [D] [thread 5218] [55.0] [cxt 0] Parser 'parser': end
[14:47:54.206] [bmv2] [D] [thread 5218] [55.0] [cxt 0] Pipeline 'ingress': start
[14:47:54.206] [bmv2] [T] [thread 5218] [55.0] [cxt 0] advanced_tunnel.p4(169) Condition "hdr.ipv4.isValid() && !hdr.myTunnel.isValid()" (node_2) is false
[14:47:54.206] [bmv2] [T] [thread 5218] [55.0] [cxt 0] advanced_tunnel.p4(174) Condition "hdr.myTunnel.isValid()" (node_4) is false
[14:47:54.206] [bmv2] [D] [thread 5218] [55.0] [cxt 0] Pipeline 'ingress': end
[14:47:54.206] [bmv2] [D] [thread 5218] [55.0] [cxt 0] Egress port is 0
[14:47:54.206] [bmv2] [D] [thread 5218] [56.0] [cxt 0] Processing packet received on port 3
[14:47:54.206] [bmv2] [D] [thread 5218] [56.0] [cxt 0] Parser 'parser': start
[14:47:54.206] [bmv2] [D] [thread 5218] [56.0] [cxt 0] Parser 'parser' entering state 'start'
[14:47:54.206] [bmv2] [D] [thread 5218] [56.0] [cxt 0] Extracting header 'ethernet'
[14:47:54.206] [bmv2] [D] [thread 5218] [56.0] [cxt 0] Parser state 'start': key is 86dd
[14:47:54.206] [bmv2] [T] [thread 5218] [56.0] [cxt 0] Bytes parsed: 14
[14:47:54.206] [bmv2] [D] [thread 5218] [56.0] [cxt 0] Parser 'parser': end
[14:47:54.206] [bmv2] [D] [thread 5218] [56.0] [cxt 0] Pipeline 'ingress': start
[14:47:54.206] [bmv2] [T] [thread 5218] [56.0] [cxt 0] advanced_tunnel.p4(169) Condition "hdr.ipv4.isValid() && !hdr.myTunnel.isValid()" (node_2) is false
[14:47:54.206] [bmv2] [T] [thread 5218] [56.0] [cxt 0] advanced_tunnel.p4(174) Condition "hdr.myTunnel.isValid()" (node_4) is false
[14:47:54.206] [bmv2] [D] [thread 5218] [56.0] [cxt 0] Pipeline 'ingress': end
[14:47:54.206] [bmv2] [D] [thread 5218] [56.0] [cxt 0] Egress port is 0
[14:47:54.206] [bmv2] [D] [thread 5219] [54.0] [cxt 0] Pipeline 'egress': start
[14:47:54.206] [bmv2] [D] [thread 5219] [54.0] [cxt 0] Pipeline 'egress': end
[14:47:54.206] [bmv2] [D] [thread 5219] [54.0] [cxt 0] Deparser 'deparser': start
[14:47:54.206] [bmv2] [T] [thread 5219] [54.0] [cxt 0] Skipping checksum 'cksum' update because condition not met
[14:47:54.206] [bmv2] [D] [thread 5219] [54.0] [cxt 0] Deparsing header 'ethernet'
[14:47:54.206] [bmv2] [D] [thread 5219] [54.0] [cxt 0] Deparser 'deparser': end
[14:47:54.206] [bmv2] [D] [thread 5219] [55.0] [cxt 0] Pipeline 'egress': start
[14:47:54.206] [bmv2] [D] [thread 5219] [55.0] [cxt 0] Pipeline 'egress': end
[14:47:54.206] [bmv2] [D] [thread 5219] [55.0] [cxt 0] Deparser 'deparser': start
[14:47:54.206] [bmv2] [T] [thread 5219] [55.0] [cxt 0] Skipping checksum 'cksum' update because condition not met
[14:47:54.206] [bmv2] [D] [thread 5219] [55.0] [cxt 0] Deparsing header 'ethernet'
[14:47:54.206] [bmv2] [D] [thread 5219] [55.0] [cxt 0] Deparser 'deparser': end
[14:47:54.206] [bmv2] [D] [thread 5219] [56.0] [cxt 0] Pipeline 'egress': start
[14:47:54.206] [bmv2] [D] [thread 5219] [56.0] [cxt 0] Pipeline 'egress': end
[14:47:54.206] [bmv2] [D] [thread 5219] [56.0] [cxt 0] Deparser 'deparser': start
[14:47:54.206] [bmv2] [T] [thread 5219] [56.0] [cxt 0] Skipping checksum 'cksum' update because condition not met
[14:47:54.206] [bmv2] [D] [thread 5219] [56.0] [cxt 0] Deparsing header 'ethernet'
[14:47:54.206] [bmv2] [D] [thread 5219] [56.0] [cxt 0] Deparser 'deparser': end
[14:47:54.206] [bmv2] [D] [thread 5223] [54.0] [cxt 0] Transmitting packet of size 70 out of port 0
[14:47:54.206] [bmv2] [D] [thread 5223] [55.0] [cxt 0] Transmitting packet of size 70 out of port 0
[14:47:54.206] [bmv2] [D] [thread 5223] [56.0] [cxt 0] Transmitting packet of size 70 out of port 0
