Calling target program-options parser
[09:44:58.250] [bmv2] [D] [thread 4941] Set default default entry for table 'MyIngress.ipv4_lpm': MyIngress.drop - 
[09:44:58.250] [bmv2] [D] [thread 4941] Set default default entry for table 'MyIngress.myTunnel_exact': MyIngress.drop - 
Adding interface s1-eth1 as port 1
[09:44:58.254] [bmv2] [D] [thread 4941] Adding interface s1-eth1 as port 1
Adding interface s1-eth2 as port 2
[09:44:58.280] [bmv2] [D] [thread 4941] Adding interface s1-eth2 as port 2
Server listening on 0.0.0.0:50051
[09:44:58.321] [bmv2] [I] [thread 4941] Starting Thrift server on port 9090
[09:44:58.322] [bmv2] [I] [thread 4941] Thrift server was started
[09:44:58.477] [bmv2] [D] [thread 4953] [0.0] [cxt 0] Processing packet received on port 2
[09:44:58.477] [bmv2] [D] [thread 4953] [0.0] [cxt 0] Parser 'parser': start
[09:44:58.477] [bmv2] [D] [thread 4953] [0.0] [cxt 0] Parser 'parser' entering state 'start'
[09:44:58.477] [bmv2] [D] [thread 4953] [0.0] [cxt 0] Extracting header 'ethernet'
[09:44:58.477] [bmv2] [D] [thread 4953] [0.0] [cxt 0] Parser state 'start': key is 86dd
[09:44:58.477] [bmv2] [T] [thread 4953] [0.0] [cxt 0] Bytes parsed: 14
[09:44:58.477] [bmv2] [D] [thread 4953] [0.0] [cxt 0] Parser 'parser': end
[09:44:58.477] [bmv2] [D] [thread 4953] [0.0] [cxt 0] Pipeline 'ingress': start
[09:44:58.477] [bmv2] [T] [thread 4953] [0.0] [cxt 0] basic_tunnel.p4(152) Condition "hdr.ipv4.isValid() && !hdr.myTunnel.isValid()" (node_2) is false
[09:44:58.477] [bmv2] [T] [thread 4953] [0.0] [cxt 0] basic_tunnel.p4(155) Condition "hdr.myTunnel.isValid()" (node_4) is false
[09:44:58.477] [bmv2] [D] [thread 4953] [0.0] [cxt 0] Pipeline 'ingress': end
[09:44:58.477] [bmv2] [D] [thread 4953] [0.0] [cxt 0] Egress port is 0
[09:44:58.477] [bmv2] [D] [thread 4954] [0.0] [cxt 0] Pipeline 'egress': start
[09:44:58.477] [bmv2] [D] [thread 4954] [0.0] [cxt 0] Pipeline 'egress': end
[09:44:58.477] [bmv2] [D] [thread 4954] [0.0] [cxt 0] Deparser 'deparser': start
[09:44:58.477] [bmv2] [T] [thread 4954] [0.0] [cxt 0] Skipping checksum 'cksum' update because condition not met
[09:44:58.477] [bmv2] [D] [thread 4954] [0.0] [cxt 0] Deparsing header 'ethernet'
[09:44:58.477] [bmv2] [D] [thread 4954] [0.0] [cxt 0] Deparser 'deparser': end
[09:44:58.478] [bmv2] [D] [thread 4958] [0.0] [cxt 0] Transmitting packet of size 90 out of port 0
[09:44:59.128] [bmv2] [D] [thread 4953] [1.0] [cxt 0] Processing packet received on port 2
[09:44:59.128] [bmv2] [D] [thread 4953] [1.0] [cxt 0] Parser 'parser': start
[09:44:59.128] [bmv2] [D] [thread 4953] [1.0] [cxt 0] Parser 'parser' entering state 'start'
[09:44:59.128] [bmv2] [D] [thread 4953] [1.0] [cxt 0] Extracting header 'ethernet'
[09:44:59.128] [bmv2] [D] [thread 4953] [1.0] [cxt 0] Parser state 'start': key is 86dd
[09:44:59.128] [bmv2] [T] [thread 4953] [1.0] [cxt 0] Bytes parsed: 14
[09:44:59.128] [bmv2] [D] [thread 4953] [1.0] [cxt 0] Parser 'parser': end
[09:44:59.128] [bmv2] [D] [thread 4953] [1.0] [cxt 0] Pipeline 'ingress': start
[09:44:59.128] [bmv2] [T] [thread 4953] [1.0] [cxt 0] basic_tunnel.p4(152) Condition "hdr.ipv4.isValid() && !hdr.myTunnel.isValid()" (node_2) is false
[09:44:59.128] [bmv2] [T] [thread 4953] [1.0] [cxt 0] basic_tunnel.p4(155) Condition "hdr.myTunnel.isValid()" (node_4) is false
[09:44:59.128] [bmv2] [D] [thread 4953] [1.0] [cxt 0] Pipeline 'ingress': end
[09:44:59.128] [bmv2] [D] [thread 4953] [1.0] [cxt 0] Egress port is 0
[09:44:59.128] [bmv2] [D] [thread 4953] [2.0] [cxt 0] Processing packet received on port 2
[09:44:59.128] [bmv2] [D] [thread 4953] [2.0] [cxt 0] Parser 'parser': start
[09:44:59.128] [bmv2] [D] [thread 4953] [2.0] [cxt 0] Parser 'parser' entering state 'start'
[09:44:59.128] [bmv2] [D] [thread 4953] [2.0] [cxt 0] Extracting header 'ethernet'
[09:44:59.128] [bmv2] [D] [thread 4953] [2.0] [cxt 0] Parser state 'start': key is 86dd
[09:44:59.128] [bmv2] [T] [thread 4953] [2.0] [cxt 0] Bytes parsed: 14
[09:44:59.128] [bmv2] [D] [thread 4953] [2.0] [cxt 0] Parser 'parser': end
[09:44:59.128] [bmv2] [D] [thread 4953] [2.0] [cxt 0] Pipeline 'ingress': start
[09:44:59.129] [bmv2] [T] [thread 4953] [2.0] [cxt 0] basic_tunnel.p4(152) Condition "hdr.ipv4.isValid() && !hdr.myTunnel.isValid()" (node_2) is false
[09:44:59.129] [bmv2] [T] [thread 4953] [2.0] [cxt 0] basic_tunnel.p4(155) Condition "hdr.myTunnel.isValid()" (node_4) is false
[09:44:59.129] [bmv2] [D] [thread 4953] [2.0] [cxt 0] Pipeline 'ingress': end
[09:44:59.129] [bmv2] [D] [thread 4953] [2.0] [cxt 0] Egress port is 0
[09:44:59.129] [bmv2] [D] [thread 4953] [3.0] [cxt 0] Processing packet received on port 2
[09:44:59.129] [bmv2] [D] [thread 4953] [3.0] [cxt 0] Parser 'parser': start
[09:44:59.129] [bmv2] [D] [thread 4953] [3.0] [cxt 0] Parser 'parser' entering state 'start'
[09:44:59.129] [bmv2] [D] [thread 4953] [3.0] [cxt 0] Extracting header 'ethernet'
[09:44:59.129] [bmv2] [D] [thread 4953] [3.0] [cxt 0] Parser state 'start': key is 86dd
[09:44:59.129] [bmv2] [T] [thread 4953] [3.0] [cxt 0] Bytes parsed: 14
[09:44:59.129] [bmv2] [D] [thread 4953] [3.0] [cxt 0] Parser 'parser': end
[09:44:59.129] [bmv2] [D] [thread 4953] [3.0] [cxt 0] Pipeline 'ingress': start
[09:44:59.129] [bmv2] [T] [thread 4953] [3.0] [cxt 0] basic_tunnel.p4(152) Condition "hdr.ipv4.isValid() && !hdr.myTunnel.isValid()" (node_2) is false
[09:44:59.129] [bmv2] [T] [thread 4953] [3.0] [cxt 0] basic_tunnel.p4(155) Condition "hdr.myTunnel.isValid()" (node_4) is false
[09:44:59.129] [bmv2] [D] [thread 4953] [3.0] [cxt 0] Pipeline 'ingress': end
[09:44:59.129] [bmv2] [D] [thread 4953] [3.0] [cxt 0] Egress port is 0
[09:44:59.129] [bmv2] [D] [thread 4954] [1.0] [cxt 0] Pipeline 'egress': start
[09:44:59.129] [bmv2] [D] [thread 4954] [1.0] [cxt 0] Pipeline 'egress': end
[09:44:59.129] [bmv2] [D] [thread 4954] [1.0] [cxt 0] Deparser 'deparser': start
[09:44:59.129] [bmv2] [T] [thread 4954] [1.0] [cxt 0] Skipping checksum 'cksum' update because condition not met
[09:44:59.129] [bmv2] [D] [thread 4954] [1.0] [cxt 0] Deparsing header 'ethernet'
[09:44:59.129] [bmv2] [D] [thread 4954] [1.0] [cxt 0] Deparser 'deparser': end
[09:44:59.129] [bmv2] [D] [thread 4954] [2.0] [cxt 0] Pipeline 'egress': start
[09:44:59.129] [bmv2] [D] [thread 4954] [2.0] [cxt 0] Pipeline 'egress': end
[09:44:59.129] [bmv2] [D] [thread 4954] [2.0] [cxt 0] Deparser 'deparser': start
[09:44:59.129] [bmv2] [T] [thread 4954] [2.0] [cxt 0] Skipping checksum 'cksum' update because condition not met
[09:44:59.129] [bmv2] [D] [thread 4954] [2.0] [cxt 0] Deparsing header 'ethernet'
[09:44:59.129] [bmv2] [D] [thread 4954] [2.0] [cxt 0] Deparser 'deparser': end
[09:44:59.129] [bmv2] [D] [thread 4954] [3.0] [cxt 0] Pipeline 'egress': start
[09:44:59.129] [bmv2] [D] [thread 4954] [3.0] [cxt 0] Pipeline 'egress': end
[09:44:59.129] [bmv2] [D] [thread 4954] [3.0] [cxt 0] Deparser 'deparser': start
[09:44:59.129] [bmv2] [T] [thread 4954] [3.0] [cxt 0] Skipping checksum 'cksum' update because condition not met
[09:44:59.129] [bmv2] [D] [thread 4954] [3.0] [cxt 0] Deparsing header 'ethernet'
[09:44:59.129] [bmv2] [D] [thread 4954] [3.0] [cxt 0] Deparser 'deparser': end
[09:44:59.129] [bmv2] [D] [thread 4958] [1.0] [cxt 0] Transmitting packet of size 90 out of port 0
[09:44:59.129] [bmv2] [D] [thread 4958] [2.0] [cxt 0] Transmitting packet of size 70 out of port 0
[09:44:59.129] [bmv2] [D] [thread 4958] [3.0] [cxt 0] Transmitting packet of size 90 out of port 0
[09:44:59.184] [bmv2] [D] [thread 4953] [4.0] [cxt 0] Processing packet received on port 1
[09:44:59.184] [bmv2] [D] [thread 4953] [4.0] [cxt 0] Parser 'parser': start
[09:44:59.184] [bmv2] [D] [thread 4953] [4.0] [cxt 0] Parser 'parser' entering state 'start'
[09:44:59.184] [bmv2] [D] [thread 4953] [4.0] [cxt 0] Extracting header 'ethernet'
[09:44:59.184] [bmv2] [D] [thread 4953] [4.0] [cxt 0] Parser state 'start': key is 86dd
[09:44:59.184] [bmv2] [T] [thread 4953] [4.0] [cxt 0] Bytes parsed: 14
[09:44:59.184] [bmv2] [D] [thread 4953] [4.0] [cxt 0] Parser 'parser': end
[09:44:59.184] [bmv2] [D] [thread 4953] [4.0] [cxt 0] Pipeline 'ingress': start
[09:44:59.184] [bmv2] [T] [thread 4953] [4.0] [cxt 0] basic_tunnel.p4(152) Condition "hdr.ipv4.isValid() && !hdr.myTunnel.isValid()" (node_2) is false
[09:44:59.184] [bmv2] [T] [thread 4953] [4.0] [cxt 0] basic_tunnel.p4(155) Condition "hdr.myTunnel.isValid()" (node_4) is false
[09:44:59.184] [bmv2] [D] [thread 4953] [4.0] [cxt 0] Pipeline 'ingress': end
[09:44:59.184] [bmv2] [D] [thread 4953] [4.0] [cxt 0] Egress port is 0
[09:44:59.184] [bmv2] [D] [thread 4953] [5.0] [cxt 0] Processing packet received on port 1
[09:44:59.184] [bmv2] [D] [thread 4953] [5.0] [cxt 0] Parser 'parser': start
[09:44:59.184] [bmv2] [D] [thread 4953] [5.0] [cxt 0] Parser 'parser' entering state 'start'
[09:44:59.184] [bmv2] [D] [thread 4953] [5.0] [cxt 0] Extracting header 'ethernet'
[09:44:59.184] [bmv2] [D] [thread 4953] [5.0] [cxt 0] Parser state 'start': key is 86dd
[09:44:59.184] [bmv2] [T] [thread 4953] [5.0] [cxt 0] Bytes parsed: 14
[09:44:59.184] [bmv2] [D] [thread 4953] [5.0] [cxt 0] Parser 'parser': end
[09:44:59.184] [bmv2] [D] [thread 4953] [5.0] [cxt 0] Pipeline 'ingress': start
[09:44:59.184] [bmv2] [T] [thread 4953] [5.0] [cxt 0] basic_tunnel.p4(152) Condition "hdr.ipv4.isValid() && !hdr.myTunnel.isValid()" (node_2) is false
[09:44:59.184] [bmv2] [T] [thread 4953] [5.0] [cxt 0] basic_tunnel.p4(155) Condition "hdr.myTunnel.isValid()" (node_4) is false
[09:44:59.184] [bmv2] [D] [thread 4953] [5.0] [cxt 0] Pipeline 'ingress': end
[09:44:59.184] [bmv2] [D] [thread 4953] [5.0] [cxt 0] Egress port is 0
[09:44:59.185] [bmv2] [D] [thread 4954] [4.0] [cxt 0] Pipeline 'egress': start
[09:44:59.185] [bmv2] [D] [thread 4954] [4.0] [cxt 0] Pipeline 'egress': end
[09:44:59.185] [bmv2] [D] [thread 4954] [4.0] [cxt 0] Deparser 'deparser': start
[09:44:59.185] [bmv2] [T] [thread 4954] [4.0] [cxt 0] Skipping checksum 'cksum' update because condition not met
[09:44:59.185] [bmv2] [D] [thread 4954] [4.0] [cxt 0] Deparsing header 'ethernet'
[09:44:59.185] [bmv2] [D] [thread 4954] [4.0] [cxt 0] Deparser 'deparser': end
[09:44:59.185] [bmv2] [D] [thread 4954] [5.0] [cxt 0] Pipeline 'egress': start
[09:44:59.185] [bmv2] [D] [thread 4954] [5.0] [cxt 0] Pipeline 'egress': end
[09:44:59.185] [bmv2] [D] [thread 4954] [5.0] [cxt 0] Deparser 'deparser': start
[09:44:59.185] [bmv2] [T] [thread 4954] [5.0] [cxt 0] Skipping checksum 'cksum' update because condition not met
[09:44:59.185] [bmv2] [D] [thread 4954] [5.0] [cxt 0] Deparsing header 'ethernet'
[09:44:59.185] [bmv2] [D] [thread 4954] [5.0] [cxt 0] Deparser 'deparser': end
[09:44:59.185] [bmv2] [D] [thread 4958] [4.0] [cxt 0] Transmitting packet of size 90 out of port 0
[09:44:59.185] [bmv2] [D] [thread 4958] [5.0] [cxt 0] Transmitting packet of size 70 out of port 0
[09:44:59.192] [bmv2] [D] [thread 4953] [6.0] [cxt 0] Processing packet received on port 1
[09:44:59.192] [bmv2] [D] [thread 4953] [6.0] [cxt 0] Parser 'parser': start
[09:44:59.192] [bmv2] [D] [thread 4953] [6.0] [cxt 0] Parser 'parser' entering state 'start'
[09:44:59.192] [bmv2] [D] [thread 4953] [6.0] [cxt 0] Extracting header 'ethernet'
[09:44:59.193] [bmv2] [D] [thread 4953] [6.0] [cxt 0] Parser state 'start': key is 86dd
[09:44:59.193] [bmv2] [T] [thread 4953] [6.0] [cxt 0] Bytes parsed: 14
[09:44:59.193] [bmv2] [D] [thread 4953] [6.0] [cxt 0] Parser 'parser': end
[09:44:59.193] [bmv2] [D] [thread 4953] [6.0] [cxt 0] Pipeline 'ingress': start
[09:44:59.193] [bmv2] [T] [thread 4953] [6.0] [cxt 0] basic_tunnel.p4(152) Condition "hdr.ipv4.isValid() && !hdr.myTunnel.isValid()" (node_2) is false
[09:44:59.193] [bmv2] [T] [thread 4953] [6.0] [cxt 0] basic_tunnel.p4(155) Condition "hdr.myTunnel.isValid()" (node_4) is false
[09:44:59.193] [bmv2] [D] [thread 4953] [6.0] [cxt 0] Pipeline 'ingress': end
[09:44:59.193] [bmv2] [D] [thread 4953] [6.0] [cxt 0] Egress port is 0
[09:44:59.193] [bmv2] [D] [thread 4954] [6.0] [cxt 0] Pipeline 'egress': start
[09:44:59.193] [bmv2] [D] [thread 4954] [6.0] [cxt 0] Pipeline 'egress': end
[09:44:59.193] [bmv2] [D] [thread 4954] [6.0] [cxt 0] Deparser 'deparser': start
[09:44:59.193] [bmv2] [T] [thread 4954] [6.0] [cxt 0] Skipping checksum 'cksum' update because condition not met
[09:44:59.193] [bmv2] [D] [thread 4954] [6.0] [cxt 0] Deparsing header 'ethernet'
[09:44:59.193] [bmv2] [D] [thread 4954] [6.0] [cxt 0] Deparser 'deparser': end
[09:44:59.193] [bmv2] [D] [thread 4958] [6.0] [cxt 0] Transmitting packet of size 90 out of port 0
[09:44:59.284] [bmv2] [D] [thread 4953] [7.0] [cxt 0] Processing packet received on port 2
[09:44:59.284] [bmv2] [D] [thread 4953] [7.0] [cxt 0] Parser 'parser': start
[09:44:59.284] [bmv2] [D] [thread 4953] [7.0] [cxt 0] Parser 'parser' entering state 'start'
[09:44:59.284] [bmv2] [D] [thread 4953] [7.0] [cxt 0] Extracting header 'ethernet'
[09:44:59.284] [bmv2] [D] [thread 4953] [7.0] [cxt 0] Parser state 'start': key is 86dd
[09:44:59.284] [bmv2] [T] [thread 4953] [7.0] [cxt 0] Bytes parsed: 14
[09:44:59.284] [bmv2] [D] [thread 4953] [7.0] [cxt 0] Parser 'parser': end
[09:44:59.284] [bmv2] [D] [thread 4953] [7.0] [cxt 0] Pipeline 'ingress': start
[09:44:59.284] [bmv2] [T] [thread 4953] [7.0] [cxt 0] basic_tunnel.p4(152) Condition "hdr.ipv4.isValid() && !hdr.myTunnel.isValid()" (node_2) is false
[09:44:59.284] [bmv2] [T] [thread 4953] [7.0] [cxt 0] basic_tunnel.p4(155) Condition "hdr.myTunnel.isValid()" (node_4) is false
[09:44:59.284] [bmv2] [D] [thread 4953] [7.0] [cxt 0] Pipeline 'ingress': end
[09:44:59.284] [bmv2] [D] [thread 4953] [7.0] [cxt 0] Egress port is 0
[09:44:59.284] [bmv2] [D] [thread 4954] [7.0] [cxt 0] Pipeline 'egress': start
[09:44:59.284] [bmv2] [D] [thread 4954] [7.0] [cxt 0] Pipeline 'egress': end
[09:44:59.284] [bmv2] [D] [thread 4954] [7.0] [cxt 0] Deparser 'deparser': start
[09:44:59.284] [bmv2] [T] [thread 4954] [7.0] [cxt 0] Skipping checksum 'cksum' update because condition not met
[09:44:59.284] [bmv2] [D] [thread 4954] [7.0] [cxt 0] Deparsing header 'ethernet'
[09:44:59.284] [bmv2] [D] [thread 4954] [7.0] [cxt 0] Deparser 'deparser': end
[09:44:59.284] [bmv2] [D] [thread 4958] [7.0] [cxt 0] Transmitting packet of size 208 out of port 0
[09:44:59.304] [bmv2] [D] [thread 4953] [8.0] [cxt 0] Processing packet received on port 1
[09:44:59.304] [bmv2] [D] [thread 4953] [8.0] [cxt 0] Parser 'parser': start
[09:44:59.304] [bmv2] [D] [thread 4953] [8.0] [cxt 0] Parser 'parser' entering state 'start'
[09:44:59.304] [bmv2] [D] [thread 4953] [8.0] [cxt 0] Extracting header 'ethernet'
[09:44:59.304] [bmv2] [D] [thread 4953] [8.0] [cxt 0] Parser state 'start': key is 86dd
[09:44:59.304] [bmv2] [T] [thread 4953] [8.0] [cxt 0] Bytes parsed: 14
[09:44:59.304] [bmv2] [D] [thread 4953] [8.0] [cxt 0] Parser 'parser': end
[09:44:59.304] [bmv2] [D] [thread 4953] [8.0] [cxt 0] Pipeline 'ingress': start
[09:44:59.304] [bmv2] [T] [thread 4953] [8.0] [cxt 0] basic_tunnel.p4(152) Condition "hdr.ipv4.isValid() && !hdr.myTunnel.isValid()" (node_2) is false
[09:44:59.304] [bmv2] [T] [thread 4953] [8.0] [cxt 0] basic_tunnel.p4(155) Condition "hdr.myTunnel.isValid()" (node_4) is false
[09:44:59.304] [bmv2] [D] [thread 4953] [8.0] [cxt 0] Pipeline 'ingress': end
[09:44:59.304] [bmv2] [D] [thread 4953] [8.0] [cxt 0] Egress port is 0
[09:44:59.304] [bmv2] [D] [thread 4954] [8.0] [cxt 0] Pipeline 'egress': start
[09:44:59.305] [bmv2] [D] [thread 4954] [8.0] [cxt 0] Pipeline 'egress': end
[09:44:59.305] [bmv2] [D] [thread 4954] [8.0] [cxt 0] Deparser 'deparser': start
[09:44:59.305] [bmv2] [T] [thread 4954] [8.0] [cxt 0] Skipping checksum 'cksum' update because condition not met
[09:44:59.305] [bmv2] [D] [thread 4954] [8.0] [cxt 0] Deparsing header 'ethernet'
[09:44:59.305] [bmv2] [D] [thread 4954] [8.0] [cxt 0] Deparser 'deparser': end
[09:44:59.305] [bmv2] [D] [thread 4958] [8.0] [cxt 0] Transmitting packet of size 110 out of port 0
[09:44:59.353] [bmv2] [D] [thread 4953] [9.0] [cxt 0] Processing packet received on port 1
[09:44:59.353] [bmv2] [D] [thread 4953] [9.0] [cxt 0] Parser 'parser': start
[09:44:59.353] [bmv2] [D] [thread 4953] [9.0] [cxt 0] Parser 'parser' entering state 'start'
[09:44:59.353] [bmv2] [D] [thread 4953] [9.0] [cxt 0] Extracting header 'ethernet'
[09:44:59.353] [bmv2] [D] [thread 4953] [9.0] [cxt 0] Parser state 'start': key is 86dd
[09:44:59.353] [bmv2] [T] [thread 4953] [9.0] [cxt 0] Bytes parsed: 14
[09:44:59.353] [bmv2] [D] [thread 4953] [9.0] [cxt 0] Parser 'parser': end
[09:44:59.353] [bmv2] [D] [thread 4953] [9.0] [cxt 0] Pipeline 'ingress': start
[09:44:59.353] [bmv2] [T] [thread 4953] [9.0] [cxt 0] basic_tunnel.p4(152) Condition "hdr.ipv4.isValid() && !hdr.myTunnel.isValid()" (node_2) is false
[09:44:59.353] [bmv2] [T] [thread 4953] [9.0] [cxt 0] basic_tunnel.p4(155) Condition "hdr.myTunnel.isValid()" (node_4) is false
[09:44:59.353] [bmv2] [D] [thread 4953] [9.0] [cxt 0] Pipeline 'ingress': end
[09:44:59.353] [bmv2] [D] [thread 4953] [9.0] [cxt 0] Egress port is 0
[09:44:59.353] [bmv2] [D] [thread 4954] [9.0] [cxt 0] Pipeline 'egress': start
[09:44:59.353] [bmv2] [D] [thread 4954] [9.0] [cxt 0] Pipeline 'egress': end
[09:44:59.353] [bmv2] [D] [thread 4954] [9.0] [cxt 0] Deparser 'deparser': start
[09:44:59.353] [bmv2] [T] [thread 4954] [9.0] [cxt 0] Skipping checksum 'cksum' update because condition not met
[09:44:59.353] [bmv2] [D] [thread 4954] [9.0] [cxt 0] Deparsing header 'ethernet'
[09:44:59.353] [bmv2] [D] [thread 4954] [9.0] [cxt 0] Deparser 'deparser': end
[09:44:59.353] [bmv2] [D] [thread 4958] [9.0] [cxt 0] Transmitting packet of size 208 out of port 0
[09:44:59.361] [bmv2] [D] [thread 4953] [10.0] [cxt 0] Processing packet received on port 2
[09:44:59.361] [bmv2] [D] [thread 4953] [10.0] [cxt 0] Parser 'parser': start
[09:44:59.361] [bmv2] [D] [thread 4953] [10.0] [cxt 0] Parser 'parser' entering state 'start'
[09:44:59.361] [bmv2] [D] [thread 4953] [10.0] [cxt 0] Extracting header 'ethernet'
[09:44:59.361] [bmv2] [D] [thread 4953] [10.0] [cxt 0] Parser state 'start': key is 86dd
[09:44:59.361] [bmv2] [T] [thread 4953] [10.0] [cxt 0] Bytes parsed: 14
[09:44:59.361] [bmv2] [D] [thread 4953] [10.0] [cxt 0] Parser 'parser': end
[09:44:59.361] [bmv2] [D] [thread 4953] [10.0] [cxt 0] Pipeline 'ingress': start
[09:44:59.361] [bmv2] [T] [thread 4953] [10.0] [cxt 0] basic_tunnel.p4(152) Condition "hdr.ipv4.isValid() && !hdr.myTunnel.isValid()" (node_2) is false
[09:44:59.362] [bmv2] [T] [thread 4953] [10.0] [cxt 0] basic_tunnel.p4(155) Condition "hdr.myTunnel.isValid()" (node_4) is false
[09:44:59.362] [bmv2] [D] [thread 4953] [10.0] [cxt 0] Pipeline 'ingress': end
[09:44:59.362] [bmv2] [D] [thread 4953] [10.0] [cxt 0] Egress port is 0
[09:44:59.362] [bmv2] [D] [thread 4954] [10.0] [cxt 0] Pipeline 'egress': start
[09:44:59.362] [bmv2] [D] [thread 4954] [10.0] [cxt 0] Pipeline 'egress': end
[09:44:59.362] [bmv2] [D] [thread 4954] [10.0] [cxt 0] Deparser 'deparser': start
[09:44:59.362] [bmv2] [T] [thread 4954] [10.0] [cxt 0] Skipping checksum 'cksum' update because condition not met
[09:44:59.362] [bmv2] [D] [thread 4954] [10.0] [cxt 0] Deparsing header 'ethernet'
[09:44:59.362] [bmv2] [D] [thread 4954] [10.0] [cxt 0] Deparser 'deparser': end
[09:44:59.362] [bmv2] [D] [thread 4958] [10.0] [cxt 0] Transmitting packet of size 90 out of port 0
[09:44:59.468] [bmv2] [D] [thread 4953] [11.0] [cxt 0] Processing packet received on port 2
[09:44:59.468] [bmv2] [D] [thread 4953] [11.0] [cxt 0] Parser 'parser': start
[09:44:59.468] [bmv2] [D] [thread 4953] [11.0] [cxt 0] Parser 'parser' entering state 'start'
[09:44:59.468] [bmv2] [D] [thread 4953] [11.0] [cxt 0] Extracting header 'ethernet'
[09:44:59.468] [bmv2] [D] [thread 4953] [11.0] [cxt 0] Parser state 'start': key is 86dd
[09:44:59.468] [bmv2] [T] [thread 4953] [11.0] [cxt 0] Bytes parsed: 14
[09:44:59.468] [bmv2] [D] [thread 4953] [11.0] [cxt 0] Parser 'parser': end
[09:44:59.469] [bmv2] [D] [thread 4953] [11.0] [cxt 0] Pipeline 'ingress': start
[09:44:59.469] [bmv2] [T] [thread 4953] [11.0] [cxt 0] basic_tunnel.p4(152) Condition "hdr.ipv4.isValid() && !hdr.myTunnel.isValid()" (node_2) is false
[09:44:59.469] [bmv2] [T] [thread 4953] [11.0] [cxt 0] basic_tunnel.p4(155) Condition "hdr.myTunnel.isValid()" (node_4) is false
[09:44:59.469] [bmv2] [D] [thread 4953] [11.0] [cxt 0] Pipeline 'ingress': end
[09:44:59.469] [bmv2] [D] [thread 4953] [11.0] [cxt 0] Egress port is 0
[09:44:59.469] [bmv2] [D] [thread 4954] [11.0] [cxt 0] Pipeline 'egress': start
[09:44:59.469] [bmv2] [D] [thread 4954] [11.0] [cxt 0] Pipeline 'egress': end
[09:44:59.469] [bmv2] [D] [thread 4954] [11.0] [cxt 0] Deparser 'deparser': start
[09:44:59.469] [bmv2] [T] [thread 4954] [11.0] [cxt 0] Skipping checksum 'cksum' update because condition not met
[09:44:59.469] [bmv2] [D] [thread 4954] [11.0] [cxt 0] Deparsing header 'ethernet'
[09:44:59.469] [bmv2] [D] [thread 4954] [11.0] [cxt 0] Deparser 'deparser': end
[09:44:59.469] [bmv2] [D] [thread 4958] [11.0] [cxt 0] Transmitting packet of size 110 out of port 0
[09:44:59.541] [bmv2] [D] [thread 4953] [12.0] [cxt 0] Processing packet received on port 2
[09:44:59.541] [bmv2] [D] [thread 4953] [12.0] [cxt 0] Parser 'parser': start
[09:44:59.541] [bmv2] [D] [thread 4953] [12.0] [cxt 0] Parser 'parser' entering state 'start'
[09:44:59.541] [bmv2] [D] [thread 4953] [12.0] [cxt 0] Extracting header 'ethernet'
[09:44:59.541] [bmv2] [D] [thread 4953] [12.0] [cxt 0] Parser state 'start': key is 86dd
[09:44:59.541] [bmv2] [T] [thread 4953] [12.0] [cxt 0] Bytes parsed: 14
[09:44:59.541] [bmv2] [D] [thread 4953] [12.0] [cxt 0] Parser 'parser': end
[09:44:59.541] [bmv2] [D] [thread 4953] [12.0] [cxt 0] Pipeline 'ingress': start
[09:44:59.541] [bmv2] [T] [thread 4953] [12.0] [cxt 0] basic_tunnel.p4(152) Condition "hdr.ipv4.isValid() && !hdr.myTunnel.isValid()" (node_2) is false
[09:44:59.541] [bmv2] [T] [thread 4953] [12.0] [cxt 0] basic_tunnel.p4(155) Condition "hdr.myTunnel.isValid()" (node_4) is false
[09:44:59.541] [bmv2] [D] [thread 4953] [12.0] [cxt 0] Pipeline 'ingress': end
[09:44:59.541] [bmv2] [D] [thread 4953] [12.0] [cxt 0] Egress port is 0
[09:44:59.541] [bmv2] [D] [thread 4954] [12.0] [cxt 0] Pipeline 'egress': start
[09:44:59.541] [bmv2] [D] [thread 4954] [12.0] [cxt 0] Pipeline 'egress': end
[09:44:59.541] [bmv2] [D] [thread 4954] [12.0] [cxt 0] Deparser 'deparser': start
[09:44:59.541] [bmv2] [T] [thread 4954] [12.0] [cxt 0] Skipping checksum 'cksum' update because condition not met
[09:44:59.541] [bmv2] [D] [thread 4954] [12.0] [cxt 0] Deparsing header 'ethernet'
[09:44:59.541] [bmv2] [D] [thread 4954] [12.0] [cxt 0] Deparser 'deparser': end
[09:44:59.541] [bmv2] [D] [thread 4958] [12.0] [cxt 0] Transmitting packet of size 208 out of port 0
[09:44:59.604] [bmv2] [D] [thread 4953] [13.0] [cxt 0] Processing packet received on port 1
[09:44:59.604] [bmv2] [D] [thread 4953] [13.0] [cxt 0] Parser 'parser': start
[09:44:59.604] [bmv2] [D] [thread 4953] [13.0] [cxt 0] Parser 'parser' entering state 'start'
[09:44:59.604] [bmv2] [D] [thread 4953] [13.0] [cxt 0] Extracting header 'ethernet'
[09:44:59.604] [bmv2] [D] [thread 4953] [13.0] [cxt 0] Parser state 'start': key is 86dd
[09:44:59.604] [bmv2] [T] [thread 4953] [13.0] [cxt 0] Bytes parsed: 14
[09:44:59.604] [bmv2] [D] [thread 4953] [13.0] [cxt 0] Parser 'parser': end
[09:44:59.604] [bmv2] [D] [thread 4953] [13.0] [cxt 0] Pipeline 'ingress': start
[09:44:59.604] [bmv2] [T] [thread 4953] [13.0] [cxt 0] basic_tunnel.p4(152) Condition "hdr.ipv4.isValid() && !hdr.myTunnel.isValid()" (node_2) is false
[09:44:59.604] [bmv2] [T] [thread 4953] [13.0] [cxt 0] basic_tunnel.p4(155) Condition "hdr.myTunnel.isValid()" (node_4) is false
[09:44:59.604] [bmv2] [D] [thread 4953] [13.0] [cxt 0] Pipeline 'ingress': end
[09:44:59.604] [bmv2] [D] [thread 4953] [13.0] [cxt 0] Egress port is 0
[09:44:59.605] [bmv2] [D] [thread 4954] [13.0] [cxt 0] Pipeline 'egress': start
[09:44:59.605] [bmv2] [D] [thread 4954] [13.0] [cxt 0] Pipeline 'egress': end
[09:44:59.605] [bmv2] [D] [thread 4954] [13.0] [cxt 0] Deparser 'deparser': start
[09:44:59.605] [bmv2] [T] [thread 4954] [13.0] [cxt 0] Skipping checksum 'cksum' update because condition not met
[09:44:59.605] [bmv2] [D] [thread 4954] [13.0] [cxt 0] Deparsing header 'ethernet'
[09:44:59.605] [bmv2] [D] [thread 4954] [13.0] [cxt 0] Deparser 'deparser': end
[09:44:59.605] [bmv2] [D] [thread 4958] [13.0] [cxt 0] Transmitting packet of size 208 out of port 0
[09:44:59.725] [bmv2] [D] [thread 4953] [14.0] [cxt 0] Processing packet received on port 1
[09:44:59.725] [bmv2] [D] [thread 4953] [14.0] [cxt 0] Parser 'parser': start
[09:44:59.725] [bmv2] [D] [thread 4953] [14.0] [cxt 0] Parser 'parser' entering state 'start'
[09:44:59.725] [bmv2] [D] [thread 4953] [14.0] [cxt 0] Extracting header 'ethernet'
[09:44:59.725] [bmv2] [D] [thread 4953] [14.0] [cxt 0] Parser state 'start': key is 86dd
[09:44:59.725] [bmv2] [T] [thread 4953] [14.0] [cxt 0] Bytes parsed: 14
[09:44:59.725] [bmv2] [D] [thread 4953] [14.0] [cxt 0] Parser 'parser': end
[09:44:59.725] [bmv2] [D] [thread 4953] [14.0] [cxt 0] Pipeline 'ingress': start
[09:44:59.726] [bmv2] [T] [thread 4953] [14.0] [cxt 0] basic_tunnel.p4(152) Condition "hdr.ipv4.isValid() && !hdr.myTunnel.isValid()" (node_2) is false
[09:44:59.726] [bmv2] [T] [thread 4953] [14.0] [cxt 0] basic_tunnel.p4(155) Condition "hdr.myTunnel.isValid()" (node_4) is false
[09:44:59.726] [bmv2] [D] [thread 4953] [14.0] [cxt 0] Pipeline 'ingress': end
[09:44:59.726] [bmv2] [D] [thread 4953] [14.0] [cxt 0] Egress port is 0
[09:44:59.726] [bmv2] [D] [thread 4954] [14.0] [cxt 0] Pipeline 'egress': start
[09:44:59.726] [bmv2] [D] [thread 4954] [14.0] [cxt 0] Pipeline 'egress': end
[09:44:59.726] [bmv2] [D] [thread 4954] [14.0] [cxt 0] Deparser 'deparser': start
[09:44:59.726] [bmv2] [T] [thread 4954] [14.0] [cxt 0] Skipping checksum 'cksum' update because condition not met
[09:44:59.726] [bmv2] [D] [thread 4954] [14.0] [cxt 0] Deparsing header 'ethernet'
[09:44:59.726] [bmv2] [D] [thread 4954] [14.0] [cxt 0] Deparser 'deparser': end
[09:44:59.726] [bmv2] [D] [thread 4958] [14.0] [cxt 0] Transmitting packet of size 90 out of port 0
[09:44:59.788] [bmv2] [D] [thread 4953] [15.0] [cxt 0] Processing packet received on port 2
[09:44:59.788] [bmv2] [D] [thread 4953] [15.0] [cxt 0] Parser 'parser': start
[09:44:59.788] [bmv2] [D] [thread 4953] [15.0] [cxt 0] Parser 'parser' entering state 'start'
[09:44:59.788] [bmv2] [D] [thread 4953] [15.0] [cxt 0] Extracting header 'ethernet'
[09:44:59.788] [bmv2] [D] [thread 4953] [15.0] [cxt 0] Parser state 'start': key is 86dd
[09:44:59.788] [bmv2] [T] [thread 4953] [15.0] [cxt 0] Bytes parsed: 14
[09:44:59.788] [bmv2] [D] [thread 4953] [15.0] [cxt 0] Parser 'parser': end
[09:44:59.788] [bmv2] [D] [thread 4953] [15.0] [cxt 0] Pipeline 'ingress': start
[09:44:59.788] [bmv2] [T] [thread 4953] [15.0] [cxt 0] basic_tunnel.p4(152) Condition "hdr.ipv4.isValid() && !hdr.myTunnel.isValid()" (node_2) is false
[09:44:59.788] [bmv2] [T] [thread 4953] [15.0] [cxt 0] basic_tunnel.p4(155) Condition "hdr.myTunnel.isValid()" (node_4) is false
[09:44:59.788] [bmv2] [D] [thread 4953] [15.0] [cxt 0] Pipeline 'ingress': end
[09:44:59.788] [bmv2] [D] [thread 4953] [15.0] [cxt 0] Egress port is 0
[09:44:59.788] [bmv2] [D] [thread 4954] [15.0] [cxt 0] Pipeline 'egress': start
[09:44:59.788] [bmv2] [D] [thread 4954] [15.0] [cxt 0] Pipeline 'egress': end
[09:44:59.788] [bmv2] [D] [thread 4954] [15.0] [cxt 0] Deparser 'deparser': start
[09:44:59.788] [bmv2] [T] [thread 4954] [15.0] [cxt 0] Skipping checksum 'cksum' update because condition not met
[09:44:59.788] [bmv2] [D] [thread 4954] [15.0] [cxt 0] Deparsing header 'ethernet'
[09:44:59.788] [bmv2] [D] [thread 4954] [15.0] [cxt 0] Deparser 'deparser': end
[09:44:59.789] [bmv2] [D] [thread 4958] [15.0] [cxt 0] Transmitting packet of size 208 out of port 0
[09:44:59.856] [bmv2] [D] [thread 4953] [16.0] [cxt 0] Processing packet received on port 1
[09:44:59.856] [bmv2] [D] [thread 4953] [16.0] [cxt 0] Parser 'parser': start
[09:44:59.856] [bmv2] [D] [thread 4953] [16.0] [cxt 0] Parser 'parser' entering state 'start'
[09:44:59.856] [bmv2] [D] [thread 4953] [16.0] [cxt 0] Extracting header 'ethernet'
[09:44:59.856] [bmv2] [D] [thread 4953] [16.0] [cxt 0] Parser state 'start': key is 86dd
[09:44:59.856] [bmv2] [T] [thread 4953] [16.0] [cxt 0] Bytes parsed: 14
[09:44:59.856] [bmv2] [D] [thread 4953] [16.0] [cxt 0] Parser 'parser': end
[09:44:59.857] [bmv2] [D] [thread 4953] [16.0] [cxt 0] Pipeline 'ingress': start
[09:44:59.857] [bmv2] [T] [thread 4953] [16.0] [cxt 0] basic_tunnel.p4(152) Condition "hdr.ipv4.isValid() && !hdr.myTunnel.isValid()" (node_2) is false
[09:44:59.857] [bmv2] [T] [thread 4953] [16.0] [cxt 0] basic_tunnel.p4(155) Condition "hdr.myTunnel.isValid()" (node_4) is false
[09:44:59.857] [bmv2] [D] [thread 4953] [16.0] [cxt 0] Pipeline 'ingress': end
[09:44:59.857] [bmv2] [D] [thread 4953] [16.0] [cxt 0] Egress port is 0
[09:44:59.857] [bmv2] [D] [thread 4954] [16.0] [cxt 0] Pipeline 'egress': start
[09:44:59.857] [bmv2] [D] [thread 4954] [16.0] [cxt 0] Pipeline 'egress': end
[09:44:59.857] [bmv2] [D] [thread 4954] [16.0] [cxt 0] Deparser 'deparser': start
[09:44:59.857] [bmv2] [T] [thread 4954] [16.0] [cxt 0] Skipping checksum 'cksum' update because condition not met
[09:44:59.857] [bmv2] [D] [thread 4954] [16.0] [cxt 0] Deparsing header 'ethernet'
[09:44:59.857] [bmv2] [D] [thread 4954] [16.0] [cxt 0] Deparser 'deparser': end
[09:44:59.857] [bmv2] [D] [thread 4958] [16.0] [cxt 0] Transmitting packet of size 208 out of port 0
[09:44:59.965] [bmv2] [W] [thread 5032] [P4Runtime] p4::tmp::P4DeviceConfig is deprecated
[09:44:59.973] [bmv2] [D] [thread 5032] Set default default entry for table 'MyIngress.ipv4_lpm': MyIngress.drop - 
[09:44:59.974] [bmv2] [D] [thread 5032] Set default default entry for table 'MyIngress.myTunnel_exact': MyIngress.drop - 
[09:44:59.985] [bmv2] [D] [thread 5032] simple_switch target has been notified of a config swap
[09:44:59.989] [bmv2] [D] [thread 4953] [17.0] [cxt 0] Processing packet received on port 2
[09:44:59.989] [bmv2] [D] [thread 4953] [17.0] [cxt 0] Parser 'parser': start
[09:44:59.989] [bmv2] [D] [thread 4953] [17.0] [cxt 0] Parser 'parser' entering state 'start'
[09:44:59.989] [bmv2] [D] [thread 4953] [17.0] [cxt 0] Extracting header 'ethernet'
[09:44:59.989] [bmv2] [D] [thread 4953] [17.0] [cxt 0] Parser state 'start': key is 86dd
[09:44:59.989] [bmv2] [T] [thread 4953] [17.0] [cxt 0] Bytes parsed: 14
[09:44:59.989] [bmv2] [D] [thread 4953] [17.0] [cxt 0] Parser 'parser': end
[09:44:59.990] [bmv2] [D] [thread 4953] [17.0] [cxt 0] Pipeline 'ingress': start
[09:44:59.990] [bmv2] [T] [thread 4953] [17.0] [cxt 0] basic_tunnel.p4(152) Condition "hdr.ipv4.isValid() && !hdr.myTunnel.isValid()" (node_2) is false
[09:44:59.990] [bmv2] [T] [thread 4953] [17.0] [cxt 0] basic_tunnel.p4(155) Condition "hdr.myTunnel.isValid()" (node_4) is false
[09:44:59.990] [bmv2] [D] [thread 4953] [17.0] [cxt 0] Pipeline 'ingress': end
[09:44:59.990] [bmv2] [D] [thread 4953] [17.0] [cxt 0] Egress port is 0
[09:44:59.990] [bmv2] [D] [thread 4954] [17.0] [cxt 0] Pipeline 'egress': start
[09:44:59.990] [bmv2] [D] [thread 4954] [17.0] [cxt 0] Pipeline 'egress': end
[09:44:59.990] [bmv2] [D] [thread 4954] [17.0] [cxt 0] Deparser 'deparser': start
[09:44:59.990] [bmv2] [T] [thread 4954] [17.0] [cxt 0] Skipping checksum 'cksum' update because condition not met
[09:44:59.990] [bmv2] [D] [thread 4954] [17.0] [cxt 0] Deparsing header 'ethernet'
[09:44:59.990] [bmv2] [D] [thread 4954] [17.0] [cxt 0] Deparser 'deparser': end
[09:44:59.990] [bmv2] [D] [thread 4958] [17.0] [cxt 0] Transmitting packet of size 196 out of port 0
[09:44:59.998] [bmv2] [D] [thread 5034] Entry 0 added to table 'MyIngress.ipv4_lpm'
[09:44:59.999] [bmv2] [D] [thread 5034] Dumping entry 0
Match key:
* hdr.ipv4.dstAddr    : LPM       0a000101/32
Action entry: MyIngress.ipv4_forward - 80000000111,1,

[09:45:00.010] [bmv2] [D] [thread 5032] Entry 1 added to table 'MyIngress.ipv4_lpm'
[09:45:00.010] [bmv2] [D] [thread 5032] Dumping entry 1
Match key:
* hdr.ipv4.dstAddr    : LPM       0a000202/32
Action entry: MyIngress.ipv4_forward - 80000000200,2,

[09:45:00.018] [bmv2] [D] [thread 5032] Entry 2 added to table 'MyIngress.ipv4_lpm'
[09:45:00.019] [bmv2] [D] [thread 5032] Dumping entry 2
Match key:
* hdr.ipv4.dstAddr    : LPM       0a000303/32
Action entry: MyIngress.ipv4_forward - 80000000300,3,

[09:45:00.024] [bmv2] [D] [thread 5034] Entry 0 added to table 'MyIngress.myTunnel_exact'
[09:45:00.024] [bmv2] [D] [thread 5034] Dumping entry 0
Match key:
* hdr.myTunnel.dst_id : EXACT     0001
Action entry: MyIngress.myTunnel_forward - 1,

[09:45:00.031] [bmv2] [D] [thread 5034] Entry 1 added to table 'MyIngress.myTunnel_exact'
[09:45:00.031] [bmv2] [D] [thread 5034] Dumping entry 1
Match key:
* hdr.myTunnel.dst_id : EXACT     0002
Action entry: MyIngress.myTunnel_forward - 2,

[09:45:00.033] [bmv2] [D] [thread 5034] Entry 2 added to table 'MyIngress.myTunnel_exact'
[09:45:00.033] [bmv2] [D] [thread 5034] Dumping entry 2
Match key:
* hdr.myTunnel.dst_id : EXACT     0003
Action entry: MyIngress.myTunnel_forward - 3,

[09:45:00.057] [bmv2] [D] [thread 4953] [18.0] [cxt 0] Processing packet received on port 1
[09:45:00.057] [bmv2] [D] [thread 4953] [18.0] [cxt 0] Parser 'parser': start
[09:45:00.057] [bmv2] [D] [thread 4953] [18.0] [cxt 0] Parser 'parser' entering state 'start'
[09:45:00.057] [bmv2] [D] [thread 4953] [18.0] [cxt 0] Extracting header 'ethernet'
[09:45:00.057] [bmv2] [D] [thread 4953] [18.0] [cxt 0] Parser state 'start': key is 86dd
[09:45:00.057] [bmv2] [T] [thread 4953] [18.0] [cxt 0] Bytes parsed: 14
[09:45:00.057] [bmv2] [D] [thread 4953] [18.0] [cxt 0] Parser 'parser': end
[09:45:00.057] [bmv2] [D] [thread 4953] [18.0] [cxt 0] Pipeline 'ingress': start
[09:45:00.057] [bmv2] [T] [thread 4953] [18.0] [cxt 0] basic_tunnel.p4(152) Condition "hdr.ipv4.isValid() && !hdr.myTunnel.isValid()" (node_2) is false
[09:45:00.057] [bmv2] [T] [thread 4953] [18.0] [cxt 0] basic_tunnel.p4(155) Condition "hdr.myTunnel.isValid()" (node_4) is false
[09:45:00.057] [bmv2] [D] [thread 4953] [18.0] [cxt 0] Pipeline 'ingress': end
[09:45:00.057] [bmv2] [D] [thread 4953] [18.0] [cxt 0] Egress port is 0
[09:45:00.057] [bmv2] [D] [thread 4954] [18.0] [cxt 0] Pipeline 'egress': start
[09:45:00.057] [bmv2] [D] [thread 4954] [18.0] [cxt 0] Pipeline 'egress': end
[09:45:00.057] [bmv2] [D] [thread 4954] [18.0] [cxt 0] Deparser 'deparser': start
[09:45:00.057] [bmv2] [T] [thread 4954] [18.0] [cxt 0] Skipping checksum 'cksum' update because condition not met
[09:45:00.057] [bmv2] [D] [thread 4954] [18.0] [cxt 0] Deparsing header 'ethernet'
[09:45:00.057] [bmv2] [D] [thread 4954] [18.0] [cxt 0] Deparser 'deparser': end
[09:45:00.057] [bmv2] [D] [thread 4958] [18.0] [cxt 0] Transmitting packet of size 196 out of port 0
[09:45:01.105] [bmv2] [D] [thread 4953] [19.0] [cxt 0] Processing packet received on port 2
[09:45:01.105] [bmv2] [D] [thread 4953] [19.0] [cxt 0] Parser 'parser': start
[09:45:01.105] [bmv2] [D] [thread 4953] [19.0] [cxt 0] Parser 'parser' entering state 'start'
[09:45:01.105] [bmv2] [D] [thread 4953] [19.0] [cxt 0] Extracting header 'ethernet'
[09:45:01.105] [bmv2] [D] [thread 4953] [19.0] [cxt 0] Parser state 'start': key is 86dd
[09:45:01.105] [bmv2] [T] [thread 4953] [19.0] [cxt 0] Bytes parsed: 14
[09:45:01.105] [bmv2] [D] [thread 4953] [19.0] [cxt 0] Parser 'parser': end
[09:45:01.105] [bmv2] [D] [thread 4953] [19.0] [cxt 0] Pipeline 'ingress': start
[09:45:01.105] [bmv2] [T] [thread 4953] [19.0] [cxt 0] basic_tunnel.p4(152) Condition "hdr.ipv4.isValid() && !hdr.myTunnel.isValid()" (node_2) is false
[09:45:01.105] [bmv2] [T] [thread 4953] [19.0] [cxt 0] basic_tunnel.p4(155) Condition "hdr.myTunnel.isValid()" (node_4) is false
[09:45:01.105] [bmv2] [D] [thread 4953] [19.0] [cxt 0] Pipeline 'ingress': end
[09:45:01.105] [bmv2] [D] [thread 4953] [19.0] [cxt 0] Egress port is 0
[09:45:01.105] [bmv2] [D] [thread 4954] [19.0] [cxt 0] Pipeline 'egress': start
[09:45:01.105] [bmv2] [D] [thread 4954] [19.0] [cxt 0] Pipeline 'egress': end
[09:45:01.105] [bmv2] [D] [thread 4954] [19.0] [cxt 0] Deparser 'deparser': start
[09:45:01.105] [bmv2] [T] [thread 4954] [19.0] [cxt 0] Skipping checksum 'cksum' update because condition not met
[09:45:01.105] [bmv2] [D] [thread 4954] [19.0] [cxt 0] Deparsing header 'ethernet'
[09:45:01.105] [bmv2] [D] [thread 4954] [19.0] [cxt 0] Deparser 'deparser': end
[09:45:01.105] [bmv2] [D] [thread 4958] [19.0] [cxt 0] Transmitting packet of size 196 out of port 0
[09:45:01.184] [bmv2] [D] [thread 4953] [20.0] [cxt 0] Processing packet received on port 1
[09:45:01.184] [bmv2] [D] [thread 4953] [20.0] [cxt 0] Parser 'parser': start
[09:45:01.184] [bmv2] [D] [thread 4953] [20.0] [cxt 0] Parser 'parser' entering state 'start'
[09:45:01.184] [bmv2] [D] [thread 4953] [20.0] [cxt 0] Extracting header 'ethernet'
[09:45:01.184] [bmv2] [D] [thread 4953] [20.0] [cxt 0] Parser state 'start': key is 86dd
[09:45:01.184] [bmv2] [T] [thread 4953] [20.0] [cxt 0] Bytes parsed: 14
[09:45:01.184] [bmv2] [D] [thread 4953] [20.0] [cxt 0] Parser 'parser': end
[09:45:01.184] [bmv2] [D] [thread 4953] [20.0] [cxt 0] Pipeline 'ingress': start
[09:45:01.184] [bmv2] [T] [thread 4953] [20.0] [cxt 0] basic_tunnel.p4(152) Condition "hdr.ipv4.isValid() && !hdr.myTunnel.isValid()" (node_2) is false
[09:45:01.184] [bmv2] [T] [thread 4953] [20.0] [cxt 0] basic_tunnel.p4(155) Condition "hdr.myTunnel.isValid()" (node_4) is false
[09:45:01.184] [bmv2] [D] [thread 4953] [20.0] [cxt 0] Pipeline 'ingress': end
[09:45:01.184] [bmv2] [D] [thread 4953] [20.0] [cxt 0] Egress port is 0
[09:45:01.184] [bmv2] [D] [thread 4954] [20.0] [cxt 0] Pipeline 'egress': start
[09:45:01.184] [bmv2] [D] [thread 4954] [20.0] [cxt 0] Pipeline 'egress': end
[09:45:01.184] [bmv2] [D] [thread 4954] [20.0] [cxt 0] Deparser 'deparser': start
[09:45:01.184] [bmv2] [T] [thread 4954] [20.0] [cxt 0] Skipping checksum 'cksum' update because condition not met
[09:45:01.184] [bmv2] [D] [thread 4954] [20.0] [cxt 0] Deparsing header 'ethernet'
[09:45:01.184] [bmv2] [D] [thread 4954] [20.0] [cxt 0] Deparser 'deparser': end
[09:45:01.184] [bmv2] [D] [thread 4958] [20.0] [cxt 0] Transmitting packet of size 196 out of port 0
[09:45:03.090] [bmv2] [D] [thread 4953] [21.0] [cxt 0] Processing packet received on port 1
[09:45:03.090] [bmv2] [D] [thread 4953] [21.0] [cxt 0] Parser 'parser': start
[09:45:03.090] [bmv2] [D] [thread 4953] [21.0] [cxt 0] Parser 'parser' entering state 'start'
[09:45:03.090] [bmv2] [D] [thread 4953] [21.0] [cxt 0] Extracting header 'ethernet'
[09:45:03.090] [bmv2] [D] [thread 4953] [21.0] [cxt 0] Parser state 'start': key is 86dd
[09:45:03.090] [bmv2] [T] [thread 4953] [21.0] [cxt 0] Bytes parsed: 14
[09:45:03.090] [bmv2] [D] [thread 4953] [21.0] [cxt 0] Parser 'parser': end
[09:45:03.090] [bmv2] [D] [thread 4953] [21.0] [cxt 0] Pipeline 'ingress': start
[09:45:03.090] [bmv2] [T] [thread 4953] [21.0] [cxt 0] basic_tunnel.p4(152) Condition "hdr.ipv4.isValid() && !hdr.myTunnel.isValid()" (node_2) is false
[09:45:03.090] [bmv2] [T] [thread 4953] [21.0] [cxt 0] basic_tunnel.p4(155) Condition "hdr.myTunnel.isValid()" (node_4) is false
[09:45:03.090] [bmv2] [D] [thread 4953] [21.0] [cxt 0] Pipeline 'ingress': end
[09:45:03.090] [bmv2] [D] [thread 4953] [21.0] [cxt 0] Egress port is 0
[09:45:03.092] [bmv2] [D] [thread 4954] [21.0] [cxt 0] Pipeline 'egress': start
[09:45:03.092] [bmv2] [D] [thread 4954] [21.0] [cxt 0] Pipeline 'egress': end
[09:45:03.092] [bmv2] [D] [thread 4954] [21.0] [cxt 0] Deparser 'deparser': start
[09:45:03.092] [bmv2] [T] [thread 4954] [21.0] [cxt 0] Skipping checksum 'cksum' update because condition not met
[09:45:03.092] [bmv2] [D] [thread 4954] [21.0] [cxt 0] Deparsing header 'ethernet'
[09:45:03.092] [bmv2] [D] [thread 4954] [21.0] [cxt 0] Deparser 'deparser': end
[09:45:03.092] [bmv2] [D] [thread 4958] [21.0] [cxt 0] Transmitting packet of size 70 out of port 0
[09:45:03.221] [bmv2] [D] [thread 4953] [22.0] [cxt 0] Processing packet received on port 2
[09:45:03.222] [bmv2] [D] [thread 4953] [22.0] [cxt 0] Parser 'parser': start
[09:45:03.222] [bmv2] [D] [thread 4953] [22.0] [cxt 0] Parser 'parser' entering state 'start'
[09:45:03.222] [bmv2] [D] [thread 4953] [22.0] [cxt 0] Extracting header 'ethernet'
[09:45:03.222] [bmv2] [D] [thread 4953] [22.0] [cxt 0] Parser state 'start': key is 86dd
[09:45:03.222] [bmv2] [T] [thread 4953] [22.0] [cxt 0] Bytes parsed: 14
[09:45:03.222] [bmv2] [D] [thread 4953] [22.0] [cxt 0] Parser 'parser': end
[09:45:03.222] [bmv2] [D] [thread 4953] [22.0] [cxt 0] Pipeline 'ingress': start
[09:45:03.222] [bmv2] [T] [thread 4953] [22.0] [cxt 0] basic_tunnel.p4(152) Condition "hdr.ipv4.isValid() && !hdr.myTunnel.isValid()" (node_2) is false
[09:45:03.222] [bmv2] [T] [thread 4953] [22.0] [cxt 0] basic_tunnel.p4(155) Condition "hdr.myTunnel.isValid()" (node_4) is false
[09:45:03.222] [bmv2] [D] [thread 4953] [22.0] [cxt 0] Pipeline 'ingress': end
[09:45:03.222] [bmv2] [D] [thread 4953] [22.0] [cxt 0] Egress port is 0
[09:45:03.223] [bmv2] [D] [thread 4954] [22.0] [cxt 0] Pipeline 'egress': start
[09:45:03.223] [bmv2] [D] [thread 4954] [22.0] [cxt 0] Pipeline 'egress': end
[09:45:03.223] [bmv2] [D] [thread 4954] [22.0] [cxt 0] Deparser 'deparser': start
[09:45:03.223] [bmv2] [T] [thread 4954] [22.0] [cxt 0] Skipping checksum 'cksum' update because condition not met
[09:45:03.223] [bmv2] [D] [thread 4954] [22.0] [cxt 0] Deparsing header 'ethernet'
[09:45:03.223] [bmv2] [D] [thread 4954] [22.0] [cxt 0] Deparser 'deparser': end
[09:45:03.223] [bmv2] [D] [thread 4958] [22.0] [cxt 0] Transmitting packet of size 196 out of port 0
[09:45:03.298] [bmv2] [D] [thread 4953] [23.0] [cxt 0] Processing packet received on port 1
[09:45:03.299] [bmv2] [D] [thread 4953] [23.0] [cxt 0] Parser 'parser': start
[09:45:03.299] [bmv2] [D] [thread 4953] [23.0] [cxt 0] Parser 'parser' entering state 'start'
[09:45:03.299] [bmv2] [D] [thread 4953] [23.0] [cxt 0] Extracting header 'ethernet'
[09:45:03.299] [bmv2] [D] [thread 4953] [23.0] [cxt 0] Parser state 'start': key is 86dd
[09:45:03.299] [bmv2] [T] [thread 4953] [23.0] [cxt 0] Bytes parsed: 14
[09:45:03.299] [bmv2] [D] [thread 4953] [23.0] [cxt 0] Parser 'parser': end
[09:45:03.299] [bmv2] [D] [thread 4953] [23.0] [cxt 0] Pipeline 'ingress': start
[09:45:03.299] [bmv2] [T] [thread 4953] [23.0] [cxt 0] basic_tunnel.p4(152) Condition "hdr.ipv4.isValid() && !hdr.myTunnel.isValid()" (node_2) is false
[09:45:03.299] [bmv2] [T] [thread 4953] [23.0] [cxt 0] basic_tunnel.p4(155) Condition "hdr.myTunnel.isValid()" (node_4) is false
[09:45:03.299] [bmv2] [D] [thread 4953] [23.0] [cxt 0] Pipeline 'ingress': end
[09:45:03.299] [bmv2] [D] [thread 4953] [23.0] [cxt 0] Egress port is 0
[09:45:03.299] [bmv2] [D] [thread 4954] [23.0] [cxt 0] Pipeline 'egress': start
[09:45:03.299] [bmv2] [D] [thread 4954] [23.0] [cxt 0] Pipeline 'egress': end
[09:45:03.299] [bmv2] [D] [thread 4954] [23.0] [cxt 0] Deparser 'deparser': start
[09:45:03.299] [bmv2] [T] [thread 4954] [23.0] [cxt 0] Skipping checksum 'cksum' update because condition not met
[09:45:03.299] [bmv2] [D] [thread 4954] [23.0] [cxt 0] Deparsing header 'ethernet'
[09:45:03.299] [bmv2] [D] [thread 4954] [23.0] [cxt 0] Deparser 'deparser': end
[09:45:03.299] [bmv2] [D] [thread 4958] [23.0] [cxt 0] Transmitting packet of size 196 out of port 0
[09:45:03.341] [bmv2] [D] [thread 4953] [24.0] [cxt 0] Processing packet received on port 2
[09:45:03.341] [bmv2] [D] [thread 4953] [24.0] [cxt 0] Parser 'parser': start
[09:45:03.341] [bmv2] [D] [thread 4953] [24.0] [cxt 0] Parser 'parser' entering state 'start'
[09:45:03.341] [bmv2] [D] [thread 4953] [24.0] [cxt 0] Extracting header 'ethernet'
[09:45:03.341] [bmv2] [D] [thread 4953] [24.0] [cxt 0] Parser state 'start': key is 86dd
[09:45:03.341] [bmv2] [T] [thread 4953] [24.0] [cxt 0] Bytes parsed: 14
[09:45:03.341] [bmv2] [D] [thread 4953] [24.0] [cxt 0] Parser 'parser': end
[09:45:03.341] [bmv2] [D] [thread 4953] [24.0] [cxt 0] Pipeline 'ingress': start
[09:45:03.342] [bmv2] [T] [thread 4953] [24.0] [cxt 0] basic_tunnel.p4(152) Condition "hdr.ipv4.isValid() && !hdr.myTunnel.isValid()" (node_2) is false
[09:45:03.342] [bmv2] [T] [thread 4953] [24.0] [cxt 0] basic_tunnel.p4(155) Condition "hdr.myTunnel.isValid()" (node_4) is false
[09:45:03.342] [bmv2] [D] [thread 4953] [24.0] [cxt 0] Pipeline 'ingress': end
[09:45:03.342] [bmv2] [D] [thread 4953] [24.0] [cxt 0] Egress port is 0
[09:45:03.342] [bmv2] [D] [thread 4954] [24.0] [cxt 0] Pipeline 'egress': start
[09:45:03.342] [bmv2] [D] [thread 4954] [24.0] [cxt 0] Pipeline 'egress': end
[09:45:03.342] [bmv2] [D] [thread 4954] [24.0] [cxt 0] Deparser 'deparser': start
[09:45:03.342] [bmv2] [T] [thread 4954] [24.0] [cxt 0] Skipping checksum 'cksum' update because condition not met
[09:45:03.342] [bmv2] [D] [thread 4954] [24.0] [cxt 0] Deparsing header 'ethernet'
[09:45:03.342] [bmv2] [D] [thread 4954] [24.0] [cxt 0] Deparser 'deparser': end
[09:45:03.342] [bmv2] [D] [thread 4958] [24.0] [cxt 0] Transmitting packet of size 70 out of port 0
[09:45:04.366] [bmv2] [D] [thread 4953] [25.0] [cxt 0] Processing packet received on port 1
[09:45:04.366] [bmv2] [D] [thread 4953] [25.0] [cxt 0] Parser 'parser': start
[09:45:04.366] [bmv2] [D] [thread 4953] [25.0] [cxt 0] Parser 'parser' entering state 'start'
[09:45:04.366] [bmv2] [D] [thread 4953] [25.0] [cxt 0] Extracting header 'ethernet'
[09:45:04.366] [bmv2] [D] [thread 4953] [25.0] [cxt 0] Parser state 'start': key is 0800
[09:45:04.366] [bmv2] [T] [thread 4953] [25.0] [cxt 0] Bytes parsed: 14
[09:45:04.366] [bmv2] [D] [thread 4953] [25.0] [cxt 0] Parser 'parser' entering state 'parse_ipv4'
[09:45:04.366] [bmv2] [D] [thread 4953] [25.0] [cxt 0] Extracting header 'ipv4'
[09:45:04.366] [bmv2] [D] [thread 4953] [25.0] [cxt 0] Parser state 'parse_ipv4' has no switch, going to default next state
[09:45:04.366] [bmv2] [T] [thread 4953] [25.0] [cxt 0] Bytes parsed: 34
[09:45:04.366] [bmv2] [D] [thread 4953] [25.0] [cxt 0] Parser 'parser': end
[09:45:04.366] [bmv2] [D] [thread 4953] [25.0] [cxt 0] Pipeline 'ingress': start
[09:45:04.366] [bmv2] [T] [thread 4953] [25.0] [cxt 0] basic_tunnel.p4(152) Condition "hdr.ipv4.isValid() && !hdr.myTunnel.isValid()" (node_2) is true
[09:45:04.366] [bmv2] [T] [thread 4953] [25.0] [cxt 0] Applying table 'MyIngress.ipv4_lpm'
[09:45:04.366] [bmv2] [D] [thread 4953] [25.0] [cxt 0] Looking up key:
* hdr.ipv4.dstAddr    : 0a000202

[09:45:04.366] [bmv2] [D] [thread 4953] [25.0] [cxt 0] Table 'MyIngress.ipv4_lpm': hit with handle 1
[09:45:04.366] [bmv2] [D] [thread 4953] [25.0] [cxt 0] Dumping entry 1
Match key:
* hdr.ipv4.dstAddr    : LPM       0a000202/32
Action entry: MyIngress.ipv4_forward - 80000000200,2,

[09:45:04.366] [bmv2] [D] [thread 4953] [25.0] [cxt 0] Action entry is MyIngress.ipv4_forward - 80000000200,2,
[09:45:04.366] [bmv2] [T] [thread 4953] [25.0] [cxt 0] Action MyIngress.ipv4_forward
[09:45:04.366] [bmv2] [T] [thread 4953] [25.0] [cxt 0] basic_tunnel.p4(111) Primitive standard_metadata.egress_spec = port
[09:45:04.366] [bmv2] [T] [thread 4953] [25.0] [cxt 0] basic_tunnel.p4(112) Primitive hdr.ethernet.srcAddr = hdr.ethernet.dstAddr
[09:45:04.366] [bmv2] [T] [thread 4953] [25.0] [cxt 0] basic_tunnel.p4(113) Primitive hdr.ethernet.dstAddr = dstAddr
[09:45:04.366] [bmv2] [T] [thread 4953] [25.0] [cxt 0] basic_tunnel.p4(114) Primitive hdr.ipv4.ttl = hdr.ipv4.ttl - 1
[09:45:04.366] [bmv2] [T] [thread 4953] [25.0] [cxt 0] basic_tunnel.p4(155) Condition "hdr.myTunnel.isValid()" (node_4) is false
[09:45:04.366] [bmv2] [D] [thread 4953] [25.0] [cxt 0] Pipeline 'ingress': end
[09:45:04.366] [bmv2] [D] [thread 4953] [25.0] [cxt 0] Egress port is 2
[09:45:04.367] [bmv2] [D] [thread 4956] [25.0] [cxt 0] Pipeline 'egress': start
[09:45:04.367] [bmv2] [D] [thread 4956] [25.0] [cxt 0] Pipeline 'egress': end
[09:45:04.367] [bmv2] [D] [thread 4956] [25.0] [cxt 0] Deparser 'deparser': start
[09:45:04.367] [bmv2] [D] [thread 4956] [25.0] [cxt 0] Updating checksum 'cksum'
[09:45:04.367] [bmv2] [D] [thread 4956] [25.0] [cxt 0] Deparsing header 'ethernet'
[09:45:04.367] [bmv2] [D] [thread 4956] [25.0] [cxt 0] Deparsing header 'ipv4'
[09:45:04.367] [bmv2] [D] [thread 4956] [25.0] [cxt 0] Deparser 'deparser': end
[09:45:04.367] [bmv2] [D] [thread 4958] [25.0] [cxt 0] Transmitting packet of size 98 out of port 2
[09:45:11.278] [bmv2] [D] [thread 4953] [26.0] [cxt 0] Processing packet received on port 1
[09:45:11.278] [bmv2] [D] [thread 4953] [26.0] [cxt 0] Parser 'parser': start
[09:45:11.278] [bmv2] [D] [thread 4953] [26.0] [cxt 0] Parser 'parser' entering state 'start'
[09:45:11.278] [bmv2] [D] [thread 4953] [26.0] [cxt 0] Extracting header 'ethernet'
[09:45:11.278] [bmv2] [D] [thread 4953] [26.0] [cxt 0] Parser state 'start': key is 86dd
[09:45:11.278] [bmv2] [T] [thread 4953] [26.0] [cxt 0] Bytes parsed: 14
[09:45:11.278] [bmv2] [D] [thread 4953] [26.0] [cxt 0] Parser 'parser': end
[09:45:11.278] [bmv2] [D] [thread 4953] [26.0] [cxt 0] Pipeline 'ingress': start
[09:45:11.278] [bmv2] [T] [thread 4953] [26.0] [cxt 0] basic_tunnel.p4(152) Condition "hdr.ipv4.isValid() && !hdr.myTunnel.isValid()" (node_2) is false
[09:45:11.278] [bmv2] [T] [thread 4953] [26.0] [cxt 0] basic_tunnel.p4(155) Condition "hdr.myTunnel.isValid()" (node_4) is false
[09:45:11.278] [bmv2] [D] [thread 4953] [26.0] [cxt 0] Pipeline 'ingress': end
[09:45:11.278] [bmv2] [D] [thread 4953] [26.0] [cxt 0] Egress port is 0
[09:45:11.278] [bmv2] [D] [thread 4954] [26.0] [cxt 0] Pipeline 'egress': start
[09:45:11.278] [bmv2] [D] [thread 4954] [26.0] [cxt 0] Pipeline 'egress': end
[09:45:11.278] [bmv2] [D] [thread 4954] [26.0] [cxt 0] Deparser 'deparser': start
[09:45:11.278] [bmv2] [T] [thread 4954] [26.0] [cxt 0] Skipping checksum 'cksum' update because condition not met
[09:45:11.278] [bmv2] [D] [thread 4954] [26.0] [cxt 0] Deparsing header 'ethernet'
[09:45:11.278] [bmv2] [D] [thread 4954] [26.0] [cxt 0] Deparser 'deparser': end
[09:45:11.278] [bmv2] [D] [thread 4958] [26.0] [cxt 0] Transmitting packet of size 70 out of port 0
[09:45:11.532] [bmv2] [D] [thread 4953] [27.0] [cxt 0] Processing packet received on port 2
[09:45:11.533] [bmv2] [D] [thread 4953] [27.0] [cxt 0] Parser 'parser': start
[09:45:11.533] [bmv2] [D] [thread 4953] [27.0] [cxt 0] Parser 'parser' entering state 'start'
[09:45:11.533] [bmv2] [D] [thread 4953] [27.0] [cxt 0] Extracting header 'ethernet'
[09:45:11.533] [bmv2] [D] [thread 4953] [27.0] [cxt 0] Parser state 'start': key is 86dd
[09:45:11.533] [bmv2] [T] [thread 4953] [27.0] [cxt 0] Bytes parsed: 14
[09:45:11.533] [bmv2] [D] [thread 4953] [27.0] [cxt 0] Parser 'parser': end
[09:45:11.533] [bmv2] [D] [thread 4953] [27.0] [cxt 0] Pipeline 'ingress': start
[09:45:11.533] [bmv2] [T] [thread 4953] [27.0] [cxt 0] basic_tunnel.p4(152) Condition "hdr.ipv4.isValid() && !hdr.myTunnel.isValid()" (node_2) is false
[09:45:11.533] [bmv2] [T] [thread 4953] [27.0] [cxt 0] basic_tunnel.p4(155) Condition "hdr.myTunnel.isValid()" (node_4) is false
[09:45:11.533] [bmv2] [D] [thread 4953] [27.0] [cxt 0] Pipeline 'ingress': end
[09:45:11.533] [bmv2] [D] [thread 4953] [27.0] [cxt 0] Egress port is 0
[09:45:11.533] [bmv2] [D] [thread 4954] [27.0] [cxt 0] Pipeline 'egress': start
[09:45:11.533] [bmv2] [D] [thread 4954] [27.0] [cxt 0] Pipeline 'egress': end
[09:45:11.533] [bmv2] [D] [thread 4954] [27.0] [cxt 0] Deparser 'deparser': start
[09:45:11.533] [bmv2] [T] [thread 4954] [27.0] [cxt 0] Skipping checksum 'cksum' update because condition not met
[09:45:11.533] [bmv2] [D] [thread 4954] [27.0] [cxt 0] Deparsing header 'ethernet'
[09:45:11.533] [bmv2] [D] [thread 4954] [27.0] [cxt 0] Deparser 'deparser': end
[09:45:11.533] [bmv2] [D] [thread 4958] [27.0] [cxt 0] Transmitting packet of size 70 out of port 0
[09:45:14.392] [bmv2] [D] [thread 4953] [28.0] [cxt 0] Processing packet received on port 2
[09:45:14.392] [bmv2] [D] [thread 4953] [28.0] [cxt 0] Parser 'parser': start
[09:45:14.392] [bmv2] [D] [thread 4953] [28.0] [cxt 0] Parser 'parser' entering state 'start'
[09:45:14.392] [bmv2] [D] [thread 4953] [28.0] [cxt 0] Extracting header 'ethernet'
[09:45:14.392] [bmv2] [D] [thread 4953] [28.0] [cxt 0] Parser state 'start': key is 0800
[09:45:14.392] [bmv2] [T] [thread 4953] [28.0] [cxt 0] Bytes parsed: 14
[09:45:14.392] [bmv2] [D] [thread 4953] [28.0] [cxt 0] Parser 'parser' entering state 'parse_ipv4'
[09:45:14.392] [bmv2] [D] [thread 4953] [28.0] [cxt 0] Extracting header 'ipv4'
[09:45:14.392] [bmv2] [D] [thread 4953] [28.0] [cxt 0] Parser state 'parse_ipv4' has no switch, going to default next state
[09:45:14.392] [bmv2] [T] [thread 4953] [28.0] [cxt 0] Bytes parsed: 34
[09:45:14.392] [bmv2] [D] [thread 4953] [28.0] [cxt 0] Parser 'parser': end
[09:45:14.392] [bmv2] [D] [thread 4953] [28.0] [cxt 0] Pipeline 'ingress': start
[09:45:14.393] [bmv2] [T] [thread 4953] [28.0] [cxt 0] basic_tunnel.p4(152) Condition "hdr.ipv4.isValid() && !hdr.myTunnel.isValid()" (node_2) is true
[09:45:14.393] [bmv2] [T] [thread 4953] [28.0] [cxt 0] Applying table 'MyIngress.ipv4_lpm'
[09:45:14.393] [bmv2] [D] [thread 4953] [28.0] [cxt 0] Looking up key:
* hdr.ipv4.dstAddr    : 0a000101

[09:45:14.393] [bmv2] [D] [thread 4953] [28.0] [cxt 0] Table 'MyIngress.ipv4_lpm': hit with handle 0
[09:45:14.393] [bmv2] [D] [thread 4953] [28.0] [cxt 0] Dumping entry 0
Match key:
* hdr.ipv4.dstAddr    : LPM       0a000101/32
Action entry: MyIngress.ipv4_forward - 80000000111,1,

[09:45:14.393] [bmv2] [D] [thread 4953] [28.0] [cxt 0] Action entry is MyIngress.ipv4_forward - 80000000111,1,
[09:45:14.393] [bmv2] [T] [thread 4953] [28.0] [cxt 0] Action MyIngress.ipv4_forward
[09:45:14.393] [bmv2] [T] [thread 4953] [28.0] [cxt 0] basic_tunnel.p4(111) Primitive standard_metadata.egress_spec = port
[09:45:14.393] [bmv2] [T] [thread 4953] [28.0] [cxt 0] basic_tunnel.p4(112) Primitive hdr.ethernet.srcAddr = hdr.ethernet.dstAddr
[09:45:14.393] [bmv2] [T] [thread 4953] [28.0] [cxt 0] basic_tunnel.p4(113) Primitive hdr.ethernet.dstAddr = dstAddr
[09:45:14.393] [bmv2] [T] [thread 4953] [28.0] [cxt 0] basic_tunnel.p4(114) Primitive hdr.ipv4.ttl = hdr.ipv4.ttl - 1
[09:45:14.393] [bmv2] [T] [thread 4953] [28.0] [cxt 0] basic_tunnel.p4(155) Condition "hdr.myTunnel.isValid()" (node_4) is false
[09:45:14.393] [bmv2] [D] [thread 4953] [28.0] [cxt 0] Pipeline 'ingress': end
[09:45:14.393] [bmv2] [D] [thread 4953] [28.0] [cxt 0] Egress port is 1
[09:45:14.393] [bmv2] [D] [thread 4955] [28.0] [cxt 0] Pipeline 'egress': start
[09:45:14.393] [bmv2] [D] [thread 4955] [28.0] [cxt 0] Pipeline 'egress': end
[09:45:14.393] [bmv2] [D] [thread 4955] [28.0] [cxt 0] Deparser 'deparser': start
[09:45:14.393] [bmv2] [D] [thread 4955] [28.0] [cxt 0] Updating checksum 'cksum'
[09:45:14.393] [bmv2] [D] [thread 4955] [28.0] [cxt 0] Deparsing header 'ethernet'
[09:45:14.393] [bmv2] [D] [thread 4955] [28.0] [cxt 0] Deparsing header 'ipv4'
[09:45:14.393] [bmv2] [D] [thread 4955] [28.0] [cxt 0] Deparser 'deparser': end
[09:45:14.394] [bmv2] [D] [thread 4958] [28.0] [cxt 0] Transmitting packet of size 98 out of port 1
[09:45:14.396] [bmv2] [D] [thread 4953] [29.0] [cxt 0] Processing packet received on port 1
[09:45:14.396] [bmv2] [D] [thread 4953] [29.0] [cxt 0] Parser 'parser': start
[09:45:14.396] [bmv2] [D] [thread 4953] [29.0] [cxt 0] Parser 'parser' entering state 'start'
[09:45:14.396] [bmv2] [D] [thread 4953] [29.0] [cxt 0] Extracting header 'ethernet'
[09:45:14.396] [bmv2] [D] [thread 4953] [29.0] [cxt 0] Parser state 'start': key is 0800
[09:45:14.396] [bmv2] [T] [thread 4953] [29.0] [cxt 0] Bytes parsed: 14
[09:45:14.396] [bmv2] [D] [thread 4953] [29.0] [cxt 0] Parser 'parser' entering state 'parse_ipv4'
[09:45:14.396] [bmv2] [D] [thread 4953] [29.0] [cxt 0] Extracting header 'ipv4'
[09:45:14.396] [bmv2] [D] [thread 4953] [29.0] [cxt 0] Parser state 'parse_ipv4' has no switch, going to default next state
[09:45:14.396] [bmv2] [T] [thread 4953] [29.0] [cxt 0] Bytes parsed: 34
[09:45:14.397] [bmv2] [D] [thread 4953] [29.0] [cxt 0] Parser 'parser': end
[09:45:14.397] [bmv2] [D] [thread 4953] [29.0] [cxt 0] Pipeline 'ingress': start
[09:45:14.397] [bmv2] [T] [thread 4953] [29.0] [cxt 0] basic_tunnel.p4(152) Condition "hdr.ipv4.isValid() && !hdr.myTunnel.isValid()" (node_2) is true
[09:45:14.397] [bmv2] [T] [thread 4953] [29.0] [cxt 0] Applying table 'MyIngress.ipv4_lpm'
[09:45:14.397] [bmv2] [D] [thread 4953] [29.0] [cxt 0] Looking up key:
* hdr.ipv4.dstAddr    : 0a000202

[09:45:14.397] [bmv2] [D] [thread 4953] [29.0] [cxt 0] Table 'MyIngress.ipv4_lpm': hit with handle 1
[09:45:14.397] [bmv2] [D] [thread 4953] [29.0] [cxt 0] Dumping entry 1
Match key:
* hdr.ipv4.dstAddr    : LPM       0a000202/32
Action entry: MyIngress.ipv4_forward - 80000000200,2,

[09:45:14.397] [bmv2] [D] [thread 4953] [29.0] [cxt 0] Action entry is MyIngress.ipv4_forward - 80000000200,2,
[09:45:14.397] [bmv2] [T] [thread 4953] [29.0] [cxt 0] Action MyIngress.ipv4_forward
[09:45:14.397] [bmv2] [T] [thread 4953] [29.0] [cxt 0] basic_tunnel.p4(111) Primitive standard_metadata.egress_spec = port
[09:45:14.397] [bmv2] [T] [thread 4953] [29.0] [cxt 0] basic_tunnel.p4(112) Primitive hdr.ethernet.srcAddr = hdr.ethernet.dstAddr
[09:45:14.397] [bmv2] [T] [thread 4953] [29.0] [cxt 0] basic_tunnel.p4(113) Primitive hdr.ethernet.dstAddr = dstAddr
[09:45:14.397] [bmv2] [T] [thread 4953] [29.0] [cxt 0] basic_tunnel.p4(114) Primitive hdr.ipv4.ttl = hdr.ipv4.ttl - 1
[09:45:14.397] [bmv2] [T] [thread 4953] [29.0] [cxt 0] basic_tunnel.p4(155) Condition "hdr.myTunnel.isValid()" (node_4) is false
[09:45:14.397] [bmv2] [D] [thread 4953] [29.0] [cxt 0] Pipeline 'ingress': end
[09:45:14.397] [bmv2] [D] [thread 4953] [29.0] [cxt 0] Egress port is 2
[09:45:14.397] [bmv2] [D] [thread 4956] [29.0] [cxt 0] Pipeline 'egress': start
[09:45:14.397] [bmv2] [D] [thread 4956] [29.0] [cxt 0] Pipeline 'egress': end
[09:45:14.397] [bmv2] [D] [thread 4956] [29.0] [cxt 0] Deparser 'deparser': start
[09:45:14.397] [bmv2] [D] [thread 4956] [29.0] [cxt 0] Updating checksum 'cksum'
[09:45:14.397] [bmv2] [D] [thread 4956] [29.0] [cxt 0] Deparsing header 'ethernet'
[09:45:14.397] [bmv2] [D] [thread 4956] [29.0] [cxt 0] Deparsing header 'ipv4'
[09:45:14.397] [bmv2] [D] [thread 4956] [29.0] [cxt 0] Deparser 'deparser': end
[09:45:14.397] [bmv2] [D] [thread 4958] [29.0] [cxt 0] Transmitting packet of size 98 out of port 2
open: No such file or directory
