stratum_bmv2 -device_id=1 -chassis_config_file=/tmp/spine2/chassis-config.txt -forwarding_pipeline_configs_file=/tmp/spine2/pipe.txt -persistent_config_dir=/tmp/spine2 -initial_pipeline=/root/dummy.json -cpu_port=255 -external_stratum_urls=0.0.0.0:50004 -local_stratum_url=localhost:36703 -max_num_controllers_per_node=10 -write_req_log_file=/tmp/spine2/write-reqs.txt -logtosyslog=false -logtostderr=true -bmv2_log_level=warn

--------------------------------------------------------------------------------

E1030 16:31:52.228664   148 main.cc:121] Starting bmv2 simple_switch and waiting for P4 pipeline
W1030 16:31:52.342012   148 credentials_manager.cc:45] Using insecure server credentials
I1030 16:31:52.375983   148 timer_daemon.cc:90] The timer daemon has been started.
I1030 16:31:52.376274   148 hal.cc:128] Setting up HAL in COLDBOOT mode...
I1030 16:31:52.376520   148 config_monitoring_service.cc:90] Pushing the saved chassis config read from /tmp/spine2/chassis-config.txt...
I1030 16:31:52.396744   148 bmv2_chassis_manager.cc:476] Registered port status callbacks successfully for node 1.
I1030 16:31:52.401278   148 bmv2_chassis_manager.cc:61] Adding port 1 to node 1
I1030 16:31:52.489856   148 bmv2_chassis_manager.cc:61] Adding port 2 to node 1
I1030 16:31:52.603336   213 bmv2_chassis_manager.cc:409] State of port 1 in node 1: UP.
I1030 16:31:52.604189   213 bmv2_chassis_manager.cc:409] State of port 2 in node 1: UP.
I1030 16:31:52.608247   148 p4_service.cc:119] Pushing the saved forwarding pipeline configs read from /tmp/spine2/pipe.txt...
E1030 16:31:52.608398   148 utils.cc:109] StratumErrorSpace::ERR_FILE_NOT_FOUND: /tmp/spine2/pipe.txt not found.
E1030 16:31:52.608722   148 utils.cc:65] Return Error: ReadFileToString(filename, &text) failed with StratumErrorSpace::ERR_FILE_NOT_FOUND: /tmp/spine2/pipe.txt not found.
W1030 16:31:52.608736   148 p4_service.cc:128] No saved forwarding pipeline config found at /tmp/spine2/pipe.txt. This is normal when the switch is just installed and no master controller is connected yet.
E1030 16:31:52.655197294     148 server_chttp2.cc:40]        {"created":"@1698683512.655144027","description":"Only 1 addresses added out of total 2 resolved","file":"external/com_github_grpc_grpc/src/core/ext/transport/chttp2/server/chttp2_server.cc","file_line":406,"referenced_errors":[{"created":"@1698683512.655140557","description":"Address family not supported by protocol","errno":97,"file":"external/com_github_grpc_grpc/src/core/lib/iomgr/socket_utils_common_posix.cc","file_line":420,"os_error":"Address family not supported by protocol","syscall":"socket","target_address":"[::1]:36703"}]}
E1030 16:31:52.655587   148 hal.cc:223] Stratum external facing services are listening to 0.0.0.0:50004, localhost:36703...
I1030 16:33:22.001381   222 p4_service.cc:696] Controller (connection_id: 1, election_id: 40, uri: ipv4:192.168.16.3:35328) is connected as MASTER for node (aka device) with ID 1.
I1030 16:33:22.557325   237 bmv2_switch.cc:74] P4-based forwarding pipeline config pushed successfully to node with ID 1.
E1030 16:33:22.845525   245 bmv2_switch.cc:189] StratumErrorSpace::ERR_INTERNAL: Not supported yet
E1030 16:33:22.845985   245 bmv2_switch.cc:189] StratumErrorSpace::ERR_INTERNAL: Not supported yet
E1030 16:33:22.847237   245 bmv2_switch.cc:189] StratumErrorSpace::ERR_INTERNAL: Not supported yet
E1030 16:33:22.847348   245 bmv2_switch.cc:189] StratumErrorSpace::ERR_INTERNAL: Not supported yet
E1030 16:33:22.847555   245 bmv2_switch.cc:189] StratumErrorSpace::ERR_INTERNAL: Not supported yet
E1030 16:33:22.848280   245 bmv2_switch.cc:189] StratumErrorSpace::ERR_INTERNAL: Not supported yet
E1030 16:33:22.848369   245 bmv2_switch.cc:189] StratumErrorSpace::ERR_INTERNAL: Not supported yet
E1030 16:33:22.849253   245 bmv2_switch.cc:189] StratumErrorSpace::ERR_INTERNAL: Not supported yet
E1030 16:33:22.849316   245 bmv2_switch.cc:189] StratumErrorSpace::ERR_INTERNAL: Not supported yet
E1030 16:33:22.849519   245 bmv2_switch.cc:189] StratumErrorSpace::ERR_INTERNAL: Not supported yet
I1030 16:33:22.995018   222 p4_service.cc:696] Controller (connection_id: 1, election_id: 40, uri: ipv4:192.168.16.3:35328) is connected as MASTER for node (aka device) with ID 1.
I1030 16:33:23.167016   253 config_monitoring_service.cc:377] Initial Subscribe request from ipv4:192.168.16.3:35344 over stream 0x7fb27985c510.
