2023-10-17 17:35:30.758914;1;type: INSERT entity { packet_replication_engine_entry { clone_session_entry { session_id: 99 replicas { egress_port: 255 instance: 1 } } } };
2023-10-17 17:35:30.779481;1;type: INSERT entity { table_entry { table_id: 33557865 match { field_id: 4 ternary { value: "\010\000" mask: "\377\377" } } action { action { action_id: 16782152 } } priority: 10 } };
2023-10-17 17:35:30.999651;1;type: DELETE entity { table_entry { table_id: 33557865 match { field_id: 4 ternary { value: "\010\000" mask: "\377\377" } } action { action { action_id: 16782152 } } priority: 10 } };
2023-10-17 17:35:30.999651;1;type: DELETE entity { packet_replication_engine_entry { clone_session_entry { session_id: 99 replicas { egress_port: 255 instance: 1 } } } };
2023-10-17 17:35:31.033070;1;type: INSERT entity { packet_replication_engine_entry { clone_session_entry { session_id: 99 replicas { egress_port: 255 instance: 1 } } } };
2023-10-17 17:35:31.047313;1;type: INSERT entity { table_entry { table_id: 33557865 match { field_id: 4 ternary { value: "\010\000" mask: "\377\377" } } action { action { action_id: 16782152 } } priority: 10 } };
2023-10-17 17:35:31.175437;1;type: DELETE entity { table_entry { table_id: 33557865 match { field_id: 4 ternary { value: "\010\000" mask: "\377\377" } } action { action { action_id: 16782152 } } priority: 10 } };
2023-10-17 17:35:31.175437;1;type: DELETE entity { packet_replication_engine_entry { clone_session_entry { session_id: 99 replicas { egress_port: 255 instance: 1 } } } };
2023-10-17 17:35:31.191666;1;type: INSERT entity { packet_replication_engine_entry { clone_session_entry { session_id: 99 replicas { egress_port: 255 instance: 1 } } } };
2023-10-17 17:35:31.202322;1;type: INSERT entity { table_entry { table_id: 33557865 match { field_id: 4 ternary { value: "\010\000" mask: "\377\377" } } action { action { action_id: 16782152 } } priority: 10 } };
2023-10-17 17:35:31.324428;1;type: DELETE entity { table_entry { table_id: 33557865 match { field_id: 4 ternary { value: "\010\000" mask: "\377\377" } } action { action { action_id: 16782152 } } priority: 10 } };
2023-10-17 17:35:31.324428;1;type: DELETE entity { packet_replication_engine_entry { clone_session_entry { session_id: 99 replicas { egress_port: 255 instance: 1 } } } };
2023-10-17 17:35:31.353788;1;type: INSERT entity { packet_replication_engine_entry { clone_session_entry { session_id: 99 replicas { egress_port: 255 instance: 1 } } } };
2023-10-17 17:35:31.375420;1;type: INSERT entity { table_entry { table_id: 33557865 match { field_id: 4 ternary { value: "\010\006" mask: "\377\377" } } action { action { action_id: 16782152 } } priority: 10 } };
2023-10-17 17:35:31.574943;1;type: DELETE entity { table_entry { table_id: 33557865 match { field_id: 4 ternary { value: "\010\006" mask: "\377\377" } } action { action { action_id: 16782152 } } priority: 10 } };
2023-10-17 17:35:31.574943;1;type: DELETE entity { packet_replication_engine_entry { clone_session_entry { session_id: 99 replicas { egress_port: 255 instance: 1 } } } };
2023-10-17 17:35:31.600389;1;type: INSERT entity { packet_replication_engine_entry { clone_session_entry { session_id: 99 replicas { egress_port: 255 instance: 1 } } } };
2023-10-17 17:35:31.609261;1;type: INSERT entity { table_entry { table_id: 33557865 match { field_id: 4 ternary { value: "\206\335" mask: "\377\377" } } action { action { action_id: 16782152 } } priority: 10 } };
2023-10-17 17:35:31.796409;1;type: DELETE entity { table_entry { table_id: 33557865 match { field_id: 4 ternary { value: "\206\335" mask: "\377\377" } } action { action { action_id: 16782152 } } priority: 10 } };
2023-10-17 17:35:31.796409;1;type: DELETE entity { packet_replication_engine_entry { clone_session_entry { session_id: 99 replicas { egress_port: 255 instance: 1 } } } };
2023-10-17 17:35:31.812508;1;type: INSERT entity { packet_replication_engine_entry { clone_session_entry { session_id: 99 replicas { egress_port: 255 instance: 1 } } } };
2023-10-17 17:35:31.815779;1;type: INSERT entity { table_entry { table_id: 33557865 match { field_id: 4 ternary { value: "\206\335" mask: "\377\377" } } action { action { action_id: 16782152 } } priority: 10 } };
2023-10-17 17:35:31.963774;1;type: DELETE entity { table_entry { table_id: 33557865 match { field_id: 4 ternary { value: "\206\335" mask: "\377\377" } } action { action { action_id: 16782152 } } priority: 10 } };
2023-10-17 17:35:31.963774;1;type: DELETE entity { packet_replication_engine_entry { clone_session_entry { session_id: 99 replicas { egress_port: 255 instance: 1 } } } };
2023-10-17 17:35:31.978389;1;type: INSERT entity { packet_replication_engine_entry { clone_session_entry { session_id: 99 replicas { egress_port: 255 instance: 1 } } } };
2023-10-17 17:35:31.984776;1;type: INSERT entity { table_entry { table_id: 33557865 match { field_id: 4 ternary { value: "\206\335" mask: "\377\377" } } action { action { action_id: 16782152 } } priority: 10 } };
2023-10-17 17:35:32.168348;1;type: DELETE entity { table_entry { table_id: 33557865 match { field_id: 4 ternary { value: "\206\335" mask: "\377\377" } } action { action { action_id: 16782152 } } priority: 10 } };
2023-10-17 17:35:32.168348;1;type: DELETE entity { packet_replication_engine_entry { clone_session_entry { session_id: 99 replicas { egress_port: 255 instance: 1 } } } };
2023-10-17 17:36:04.657103;1;type: INSERT entity { packet_replication_engine_entry { multicast_group_entry { multicast_group_id: 10 replicas { egress_port: 1 } replicas { egress_port: 2 } replicas { egress_port: 3 } } } };
2023-10-17 17:36:04.663632;1;type: INSERT entity { table_entry { table_id: 33573501 match { field_id: 1 ternary { value: "\377\377\377\377\377\377" mask: "\377\377\377\377\377\377" } } action { action { action_id: 16841371 params { param_id: 1 value: "\000\n" } } } priority: 10 } };
2023-10-17 17:36:04.670274;1;type: INSERT entity { table_entry { table_id: 33573501 match { field_id: 1 ternary { value: "33\000\000\000\000" mask: "\377\377\000\000\000\000" } } action { action { action_id: 16841371 params { param_id: 1 value: "\000\n" } } } priority: 10 } };
2023-10-17 17:36:04.678520;1;type: INSERT entity { packet_replication_engine_entry { clone_session_entry { session_id: 99 replicas { egress_port: 255 instance: 1 } } } };
2023-10-17 17:36:04.688131;1;type: INSERT entity { table_entry { table_id: 33557865 match { field_id: 4 ternary { value: "\010\006" mask: "\377\377" } } action { action { action_id: 16782152 } } priority: 10 } };
2023-10-17 17:36:04.693877;1;type: INSERT entity { table_entry { table_id: 33557865 match { field_id: 5 ternary { value: ":" mask: "\377" } } match { field_id: 4 ternary { value: "\206\335" mask: "\377\377" } } match { field_id: 6 ternary { value: "\207" mask: "\377" } } action { action { action_id: 16782152 } } priority: 10 } };
2023-10-17 17:36:04.937259;1;type: DELETE entity { table_entry { table_id: 33557865 match { field_id: 5 ternary { value: ":" mask: "\377" } } match { field_id: 4 ternary { value: "\206\335" mask: "\377\377" } } match { field_id: 6 ternary { value: "\207" mask: "\377" } } action { action { action_id: 16782152 } } priority: 10 } };
2023-10-17 17:36:04.937259;1;type: DELETE entity { table_entry { table_id: 33557865 match { field_id: 4 ternary { value: "\010\006" mask: "\377\377" } } action { action { action_id: 16782152 } } priority: 10 } };
2023-10-17 17:36:04.937259;1;type: DELETE entity { packet_replication_engine_entry { clone_session_entry { session_id: 99 replicas { egress_port: 255 instance: 1 } } } };
2023-10-17 17:36:04.937259;1;type: DELETE entity { table_entry { table_id: 33573501 match { field_id: 1 ternary { value: "33\000\000\000\000" mask: "\377\377\000\000\000\000" } } action { action { action_id: 16841371 params { param_id: 1 value: "\000\n" } } } priority: 10 } };
2023-10-17 17:36:04.937259;1;type: DELETE entity { table_entry { table_id: 33573501 match { field_id: 1 ternary { value: "\377\377\377\377\377\377" mask: "\377\377\377\377\377\377" } } action { action { action_id: 16841371 params { param_id: 1 value: "\000\n" } } } priority: 10 } };
2023-10-17 17:36:04.937259;1;type: DELETE entity { packet_replication_engine_entry { multicast_group_entry { multicast_group_id: 10 replicas { egress_port: 1 } replicas { egress_port: 2 } replicas { egress_port: 3 } } } };
2023-10-17 17:36:04.958120;1;type: INSERT entity { packet_replication_engine_entry { multicast_group_entry { multicast_group_id: 10 replicas { egress_port: 1 } replicas { egress_port: 2 } replicas { egress_port: 3 } } } };
2023-10-17 17:36:04.965479;1;type: INSERT entity { table_entry { table_id: 33573501 match { field_id: 1 ternary { value: "\377\377\377\377\377\377" mask: "\377\377\377\377\377\377" } } action { action { action_id: 16841371 params { param_id: 1 value: "\000\n" } } } priority: 10 } };
2023-10-17 17:36:04.971883;1;type: INSERT entity { table_entry { table_id: 33573501 match { field_id: 1 ternary { value: "33\000\000\000\000" mask: "\377\377\000\000\000\000" } } action { action { action_id: 16841371 params { param_id: 1 value: "\000\n" } } } priority: 10 } };
2023-10-17 17:36:04.980574;1;type: INSERT entity { packet_replication_engine_entry { clone_session_entry { session_id: 99 replicas { egress_port: 255 instance: 1 } } } };
2023-10-17 17:36:04.988648;1;type: INSERT entity { table_entry { table_id: 33557865 match { field_id: 4 ternary { value: "\010\006" mask: "\377\377" } } action { action { action_id: 16782152 } } priority: 10 } };
2023-10-17 17:36:04.996333;1;type: INSERT entity { table_entry { table_id: 33557865 match { field_id: 5 ternary { value: ":" mask: "\377" } } match { field_id: 4 ternary { value: "\206\335" mask: "\377\377" } } match { field_id: 6 ternary { value: "\207" mask: "\377" } } action { action { action_id: 16782152 } } priority: 10 } };
2023-10-17 17:36:05.283448;1;type: DELETE entity { table_entry { table_id: 33557865 match { field_id: 5 ternary { value: ":" mask: "\377" } } match { field_id: 4 ternary { value: "\206\335" mask: "\377\377" } } match { field_id: 6 ternary { value: "\207" mask: "\377" } } action { action { action_id: 16782152 } } priority: 10 } };
2023-10-17 17:36:05.283448;1;type: DELETE entity { table_entry { table_id: 33557865 match { field_id: 4 ternary { value: "\010\006" mask: "\377\377" } } action { action { action_id: 16782152 } } priority: 10 } };
2023-10-17 17:36:05.283448;1;type: DELETE entity { packet_replication_engine_entry { clone_session_entry { session_id: 99 replicas { egress_port: 255 instance: 1 } } } };
2023-10-17 17:36:05.283448;1;type: DELETE entity { table_entry { table_id: 33573501 match { field_id: 1 ternary { value: "33\000\000\000\000" mask: "\377\377\000\000\000\000" } } action { action { action_id: 16841371 params { param_id: 1 value: "\000\n" } } } priority: 10 } };
2023-10-17 17:36:05.283448;1;type: DELETE entity { table_entry { table_id: 33573501 match { field_id: 1 ternary { value: "\377\377\377\377\377\377" mask: "\377\377\377\377\377\377" } } action { action { action_id: 16841371 params { param_id: 1 value: "\000\n" } } } priority: 10 } };
2023-10-17 17:36:05.283448;1;type: DELETE entity { packet_replication_engine_entry { multicast_group_entry { multicast_group_id: 10 replicas { egress_port: 1 } replicas { egress_port: 2 } replicas { egress_port: 3 } } } };
2023-10-17 17:36:05.415391;1;type: INSERT entity { table_entry { table_id: 33605373 match { field_id: 1 exact { value: "\000\000\000\000\000\002" } } action { action { action_id: 16812802 params { param_id: 1 value: "\000\002" } } } } };
2023-10-17 17:36:05.421751;1;type: INSERT entity { packet_replication_engine_entry { clone_session_entry { session_id: 99 replicas { egress_port: 255 instance: 1 } } } };
2023-10-17 17:36:05.427762;1;type: INSERT entity { table_entry { table_id: 33557865 match { field_id: 4 ternary { value: "\010\006" mask: "\377\377" } } action { action { action_id: 16782152 } } priority: 10 } };
2023-10-17 17:36:05.438774;1;type: INSERT entity { table_entry { table_id: 33557865 match { field_id: 5 ternary { value: ":" mask: "\377" } } match { field_id: 4 ternary { value: "\206\335" mask: "\377\377" } } match { field_id: 6 ternary { value: "\210" mask: "\377" } } action { action { action_id: 16782152 } } priority: 10 } };
2023-10-17 17:36:05.507641;1;type: DELETE entity { table_entry { table_id: 33557865 match { field_id: 5 ternary { value: ":" mask: "\377" } } match { field_id: 4 ternary { value: "\206\335" mask: "\377\377" } } match { field_id: 6 ternary { value: "\210" mask: "\377" } } action { action { action_id: 16782152 } } priority: 10 } };
2023-10-17 17:36:05.507641;1;type: DELETE entity { table_entry { table_id: 33557865 match { field_id: 4 ternary { value: "\010\006" mask: "\377\377" } } action { action { action_id: 16782152 } } priority: 10 } };
2023-10-17 17:36:05.507641;1;type: DELETE entity { packet_replication_engine_entry { clone_session_entry { session_id: 99 replicas { egress_port: 255 instance: 1 } } } };
2023-10-17 17:36:05.507641;1;type: DELETE entity { table_entry { table_id: 33605373 match { field_id: 1 exact { value: "\000\000\000\000\000\002" } } action { action { action_id: 16812802 params { param_id: 1 value: "\000\002" } } } } };
2023-10-17 17:36:05.538146;1;type: INSERT entity { table_entry { table_id: 33605373 match { field_id: 1 exact { value: "33\000\000\000\001" } } action { action { action_id: 16812802 params { param_id: 1 value: "\000\002" } } } } };
2023-10-17 17:36:05.542674;1;type: INSERT entity { packet_replication_engine_entry { clone_session_entry { session_id: 99 replicas { egress_port: 255 instance: 1 } } } };
2023-10-17 17:36:05.545511;1;type: INSERT entity { table_entry { table_id: 33557865 match { field_id: 4 ternary { value: "\010\006" mask: "\377\377" } } action { action { action_id: 16782152 } } priority: 10 } };
2023-10-17 17:36:05.548579;1;type: INSERT entity { table_entry { table_id: 33557865 match { field_id: 5 ternary { value: ":" mask: "\377" } } match { field_id: 4 ternary { value: "\206\335" mask: "\377\377" } } match { field_id: 6 ternary { value: "\210" mask: "\377" } } action { action { action_id: 16782152 } } priority: 10 } };
2023-10-17 17:36:05.612137;1;type: DELETE entity { table_entry { table_id: 33557865 match { field_id: 5 ternary { value: ":" mask: "\377" } } match { field_id: 4 ternary { value: "\206\335" mask: "\377\377" } } match { field_id: 6 ternary { value: "\210" mask: "\377" } } action { action { action_id: 16782152 } } priority: 10 } };
2023-10-17 17:36:05.612137;1;type: DELETE entity { table_entry { table_id: 33557865 match { field_id: 4 ternary { value: "\010\006" mask: "\377\377" } } action { action { action_id: 16782152 } } priority: 10 } };
2023-10-17 17:36:05.612137;1;type: DELETE entity { packet_replication_engine_entry { clone_session_entry { session_id: 99 replicas { egress_port: 255 instance: 1 } } } };
2023-10-17 17:36:05.612137;1;type: DELETE entity { table_entry { table_id: 33605373 match { field_id: 1 exact { value: "33\000\000\000\001" } } action { action { action_id: 16812802 params { param_id: 1 value: "\000\002" } } } } };
2023-10-17 17:36:05.727905;1;type: INSERT entity { table_entry { table_id: 33605373 match { field_id: 1 exact { value: "\000\001\002\003\004\005" } } action { action { action_id: 16812802 params { param_id: 1 value: "\000\002" } } } } };
2023-10-17 17:36:05.743732;1;type: INSERT entity { table_entry { table_id: 33605373 match { field_id: 1 exact { value: "\000\006\007\010\t\n" } } action { action { action_id: 16812802 params { param_id: 1 value: "\000\001" } } } } };
2023-10-17 17:36:05.894622;1;type: DELETE entity { table_entry { table_id: 33605373 match { field_id: 1 exact { value: "\000\006\007\010\t\n" } } action { action { action_id: 16812802 params { param_id: 1 value: "\000\001" } } } } };
2023-10-17 17:36:05.894622;1;type: DELETE entity { table_entry { table_id: 33605373 match { field_id: 1 exact { value: "\000\001\002\003\004\005" } } action { action { action_id: 16812802 params { param_id: 1 value: "\000\002" } } } } };
2023-10-17 17:36:05.918504;1;type: INSERT entity { table_entry { table_id: 33605373 match { field_id: 1 exact { value: "\000\001\002\003\004\005" } } action { action { action_id: 16812802 params { param_id: 1 value: "\000\002" } } } } };
2023-10-17 17:36:05.930412;1;type: INSERT entity { table_entry { table_id: 33605373 match { field_id: 1 exact { value: "\000\006\007\010\t\n" } } action { action { action_id: 16812802 params { param_id: 1 value: "\000\001" } } } } };
2023-10-17 17:36:06.102916;1;type: DELETE entity { table_entry { table_id: 33605373 match { field_id: 1 exact { value: "\000\006\007\010\t\n" } } action { action { action_id: 16812802 params { param_id: 1 value: "\000\001" } } } } };
2023-10-17 17:36:06.102916;1;type: DELETE entity { table_entry { table_id: 33605373 match { field_id: 1 exact { value: "\000\001\002\003\004\005" } } action { action { action_id: 16812802 params { param_id: 1 value: "\000\002" } } } } };
2023-10-17 17:36:06.125563;1;type: INSERT entity { table_entry { table_id: 33605373 match { field_id: 1 exact { value: "\000\001\002\003\004\005" } } action { action { action_id: 16812802 params { param_id: 1 value: "\000\002" } } } } };
2023-10-17 17:36:06.147119;1;type: INSERT entity { table_entry { table_id: 33605373 match { field_id: 1 exact { value: "\000\006\007\010\t\n" } } action { action { action_id: 16812802 params { param_id: 1 value: "\000\001" } } } } };
2023-10-17 17:36:06.351198;1;type: DELETE entity { table_entry { table_id: 33605373 match { field_id: 1 exact { value: "\000\006\007\010\t\n" } } action { action { action_id: 16812802 params { param_id: 1 value: "\000\001" } } } } };
2023-10-17 17:36:06.351198;1;type: DELETE entity { table_entry { table_id: 33605373 match { field_id: 1 exact { value: "\000\001\002\003\004\005" } } action { action { action_id: 16812802 params { param_id: 1 value: "\000\002" } } } } };
2023-10-17 17:36:06.364135;1;type: INSERT entity { table_entry { table_id: 33605373 match { field_id: 1 exact { value: "\000\001\002\003\004\005" } } action { action { action_id: 16812802 params { param_id: 1 value: "\000\002" } } } } };
2023-10-17 17:36:06.370782;1;type: INSERT entity { table_entry { table_id: 33605373 match { field_id: 1 exact { value: "\000\006\007\010\t\n" } } action { action { action_id: 16812802 params { param_id: 1 value: "\000\001" } } } } };
2023-10-17 17:36:06.521007;1;type: DELETE entity { table_entry { table_id: 33605373 match { field_id: 1 exact { value: "\000\006\007\010\t\n" } } action { action { action_id: 16812802 params { param_id: 1 value: "\000\001" } } } } };
2023-10-17 17:36:06.521007;1;type: DELETE entity { table_entry { table_id: 33605373 match { field_id: 1 exact { value: "\000\001\002\003\004\005" } } action { action { action_id: 16812802 params { param_id: 1 value: "\000\002" } } } } };
2023-10-17 17:36:06.531357;1;type: INSERT entity { table_entry { table_id: 33605373 match { field_id: 1 exact { value: "\000\001\002\003\004\005" } } action { action { action_id: 16812802 params { param_id: 1 value: "\000\002" } } } } };
2023-10-17 17:36:06.538661;1;type: INSERT entity { table_entry { table_id: 33605373 match { field_id: 1 exact { value: "\000\006\007\010\t\n" } } action { action { action_id: 16812802 params { param_id: 1 value: "\000\001" } } } } };
2023-10-17 17:36:06.714178;1;type: DELETE entity { table_entry { table_id: 33605373 match { field_id: 1 exact { value: "\000\006\007\010\t\n" } } action { action { action_id: 16812802 params { param_id: 1 value: "\000\001" } } } } };
2023-10-17 17:36:06.714178;1;type: DELETE entity { table_entry { table_id: 33605373 match { field_id: 1 exact { value: "\000\001\002\003\004\005" } } action { action { action_id: 16812802 params { param_id: 1 value: "\000\002" } } } } };
2023-10-17 17:36:06.732972;1;type: INSERT entity { table_entry { table_id: 33605373 match { field_id: 1 exact { value: "\000\001\002\003\004\005" } } action { action { action_id: 16812802 params { param_id: 1 value: "\000\002" } } } } };
2023-10-17 17:36:06.744086;1;type: INSERT entity { table_entry { table_id: 33605373 match { field_id: 1 exact { value: "\000\006\007\010\t\n" } } action { action { action_id: 16812802 params { param_id: 1 value: "\000\001" } } } } };
2023-10-17 17:36:06.906589;1;type: DELETE entity { table_entry { table_id: 33605373 match { field_id: 1 exact { value: "\000\006\007\010\t\n" } } action { action { action_id: 16812802 params { param_id: 1 value: "\000\001" } } } } };
2023-10-17 17:36:06.906589;1;type: DELETE entity { table_entry { table_id: 33605373 match { field_id: 1 exact { value: "\000\001\002\003\004\005" } } action { action { action_id: 16812802 params { param_id: 1 value: "\000\002" } } } } };
2023-10-18 14:17:59.399090;1;type: INSERT entity { table_entry { table_id: 33589970 match { field_id: 1 exact { value: "\000\001\002\003\004\005" } } action { action { action_id: 16800567 } } } };
2023-10-18 14:17:59.406299;1;type: DELETE entity { table_entry { table_id: 33589970 match { field_id: 1 exact { value: "\000\001\002\003\004\005" } } action { action { action_id: 16800567 } } } };
2023-10-18 14:17:59.449057;1;type: INSERT entity { table_entry { table_id: 33592650 match { field_id: 1 exact { value: " \001\000\000\000\001\000\000\000\000\000\000\000\000\000\001" } } action { action { action_id: 16806517 params { param_id: 1 value: "\000\000\000\000\252\001" } } } } };
2023-10-18 14:17:59.466655;1;type: DELETE entity { table_entry { table_id: 33592650 match { field_id: 1 exact { value: " \001\000\000\000\001\000\000\000\000\000\000\000\000\000\001" } } action { action { action_id: 16806517 params { param_id: 1 value: "\000\000\000\000\252\001" } } } } };
2023-10-18 14:18:52.851690;1;type: INSERT entity { table_entry { table_id: 33589970 match { field_id: 1 exact { value: "\000\001\002\003\004\005" } } action { action { action_id: 16800567 } } } };
2023-10-18 14:18:52.854252;1;type: DELETE entity { table_entry { table_id: 33589970 match { field_id: 1 exact { value: "\000\001\002\003\004\005" } } action { action { action_id: 16800567 } } } };
2023-10-18 14:18:52.905263;1;type: INSERT entity { table_entry { table_id: 33592650 match { field_id: 1 exact { value: " \001\000\000\000\001\000\000\000\000\000\000\000\000\000\001" } } action { action { action_id: 16806517 params { param_id: 1 value: "\000\000\000\000\252\001" } } } } };
2023-10-18 14:18:52.917710;1;type: DELETE entity { table_entry { table_id: 33592650 match { field_id: 1 exact { value: " \001\000\000\000\001\000\000\000\000\000\000\000\000\000\001" } } action { action { action_id: 16806517 params { param_id: 1 value: "\000\000\000\000\252\001" } } } } };
2023-10-18 14:21:43.856565;1;type: INSERT entity { table_entry { table_id: 33589970 match { field_id: 1 exact { value: "\000\001\002\003\004\005" } } action { action { action_id: 16800567 } } } };
2023-10-18 14:21:43.860589;1;type: DELETE entity { table_entry { table_id: 33589970 match { field_id: 1 exact { value: "\000\001\002\003\004\005" } } action { action { action_id: 16800567 } } } };
2023-10-18 14:21:43.901223;1;type: INSERT entity { table_entry { table_id: 33592650 match { field_id: 1 exact { value: " \001\000\000\000\001\000\000\000\000\000\000\000\000\000\001" } } action { action { action_id: 16806517 params { param_id: 1 value: "\000\000\000\000\252\001" } } } } };
2023-10-18 14:21:43.918106;1;type: DELETE entity { table_entry { table_id: 33592650 match { field_id: 1 exact { value: " \001\000\000\000\001\000\000\000\000\000\000\000\000\000\001" } } action { action { action_id: 16806517 params { param_id: 1 value: "\000\000\000\000\252\001" } } } } };
2023-10-18 14:35:17.530472;1;type: INSERT entity { table_entry { table_id: 33589970 match { field_id: 1 exact { value: "\000\001\002\003\004\005" } } action { action { action_id: 16800567 } } } };
2023-10-18 14:35:17.536162;1;type: DELETE entity { table_entry { table_id: 33589970 match { field_id: 1 exact { value: "\000\001\002\003\004\005" } } action { action { action_id: 16800567 } } } };
2023-10-18 14:35:17.587517;1;type: INSERT entity { table_entry { table_id: 33592650 match { field_id: 1 exact { value: " \001\000\000\000\001\000\000\000\000\000\000\000\000\000\001" } } action { action { action_id: 16806517 params { param_id: 1 value: "\000\000\000\000\252\001" } } } } };
2023-10-18 14:35:17.614735;1;type: DELETE entity { table_entry { table_id: 33592650 match { field_id: 1 exact { value: " \001\000\000\000\001\000\000\000\000\000\000\000\000\000\001" } } action { action { action_id: 16806517 params { param_id: 1 value: "\000\000\000\000\252\001" } } } } };
2023-10-18 14:36:37.609118;1;type: INSERT entity { table_entry { table_id: 33592650 match { field_id: 1 exact { value: " \001\000\000\000\001\000\000\000\000\000\000\000\000\000\001" } } action { action { action_id: 16806517 params { param_id: 1 value: "\000\000\000\000\252\001" } } } } };
2023-10-18 14:36:37.631055;1;type: DELETE entity { table_entry { table_id: 33592650 match { field_id: 1 exact { value: " \001\000\000\000\001\000\000\000\000\000\000\000\000\000\001" } } action { action { action_id: 16806517 params { param_id: 1 value: "\000\000\000\000\252\001" } } } } };
2023-10-18 14:36:49.278464;1;type: INSERT entity { packet_replication_engine_entry { clone_session_entry { session_id: 99 replicas { egress_port: 255 instance: 1 } } } };
2023-10-18 14:36:49.284628;1;type: INSERT entity { table_entry { table_id: 33557865 match { field_id: 4 ternary { value: "\010\000" mask: "\377\377" } } action { action { action_id: 16782152 } } priority: 10 } };
2023-10-18 14:36:49.334115;1;type: DELETE entity { table_entry { table_id: 33557865 match { field_id: 4 ternary { value: "\010\000" mask: "\377\377" } } action { action { action_id: 16782152 } } priority: 10 } };
2023-10-18 14:36:49.334115;1;type: DELETE entity { packet_replication_engine_entry { clone_session_entry { session_id: 99 replicas { egress_port: 255 instance: 1 } } } };
2023-10-18 14:36:49.349229;1;type: INSERT entity { packet_replication_engine_entry { clone_session_entry { session_id: 99 replicas { egress_port: 255 instance: 1 } } } };
2023-10-18 14:36:49.354936;1;type: INSERT entity { table_entry { table_id: 33557865 match { field_id: 4 ternary { value: "\010\000" mask: "\377\377" } } action { action { action_id: 16782152 } } priority: 10 } };
2023-10-18 14:36:49.450905;1;type: DELETE entity { table_entry { table_id: 33557865 match { field_id: 4 ternary { value: "\010\000" mask: "\377\377" } } action { action { action_id: 16782152 } } priority: 10 } };
2023-10-18 14:36:49.450905;1;type: DELETE entity { packet_replication_engine_entry { clone_session_entry { session_id: 99 replicas { egress_port: 255 instance: 1 } } } };
2023-10-18 14:36:49.462533;1;type: INSERT entity { packet_replication_engine_entry { clone_session_entry { session_id: 99 replicas { egress_port: 255 instance: 1 } } } };
2023-10-18 14:36:49.464926;1;type: INSERT entity { table_entry { table_id: 33557865 match { field_id: 4 ternary { value: "\010\000" mask: "\377\377" } } action { action { action_id: 16782152 } } priority: 10 } };
2023-10-18 14:36:49.567795;1;type: DELETE entity { table_entry { table_id: 33557865 match { field_id: 4 ternary { value: "\010\000" mask: "\377\377" } } action { action { action_id: 16782152 } } priority: 10 } };
2023-10-18 14:36:49.567795;1;type: DELETE entity { packet_replication_engine_entry { clone_session_entry { session_id: 99 replicas { egress_port: 255 instance: 1 } } } };
2023-10-18 14:36:49.574794;1;type: INSERT entity { packet_replication_engine_entry { clone_session_entry { session_id: 99 replicas { egress_port: 255 instance: 1 } } } };
2023-10-18 14:36:49.577528;1;type: INSERT entity { table_entry { table_id: 33557865 match { field_id: 4 ternary { value: "\010\006" mask: "\377\377" } } action { action { action_id: 16782152 } } priority: 10 } };
2023-10-18 14:36:49.644916;1;type: DELETE entity { table_entry { table_id: 33557865 match { field_id: 4 ternary { value: "\010\006" mask: "\377\377" } } action { action { action_id: 16782152 } } priority: 10 } };
2023-10-18 14:36:49.644916;1;type: DELETE entity { packet_replication_engine_entry { clone_session_entry { session_id: 99 replicas { egress_port: 255 instance: 1 } } } };
2023-10-18 14:36:49.652936;1;type: INSERT entity { packet_replication_engine_entry { clone_session_entry { session_id: 99 replicas { egress_port: 255 instance: 1 } } } };
2023-10-18 14:36:49.657287;1;type: INSERT entity { table_entry { table_id: 33557865 match { field_id: 4 ternary { value: "\206\335" mask: "\377\377" } } action { action { action_id: 16782152 } } priority: 10 } };
2023-10-18 14:36:49.702741;1;type: DELETE entity { table_entry { table_id: 33557865 match { field_id: 4 ternary { value: "\206\335" mask: "\377\377" } } action { action { action_id: 16782152 } } priority: 10 } };
2023-10-18 14:36:49.702741;1;type: DELETE entity { packet_replication_engine_entry { clone_session_entry { session_id: 99 replicas { egress_port: 255 instance: 1 } } } };
2023-10-18 14:36:49.708420;1;type: INSERT entity { packet_replication_engine_entry { clone_session_entry { session_id: 99 replicas { egress_port: 255 instance: 1 } } } };
2023-10-18 14:36:49.713684;1;type: INSERT entity { table_entry { table_id: 33557865 match { field_id: 4 ternary { value: "\206\335" mask: "\377\377" } } action { action { action_id: 16782152 } } priority: 10 } };
2023-10-18 14:36:49.762195;1;type: DELETE entity { table_entry { table_id: 33557865 match { field_id: 4 ternary { value: "\206\335" mask: "\377\377" } } action { action { action_id: 16782152 } } priority: 10 } };
2023-10-18 14:36:49.762195;1;type: DELETE entity { packet_replication_engine_entry { clone_session_entry { session_id: 99 replicas { egress_port: 255 instance: 1 } } } };
2023-10-18 14:36:49.768991;1;type: INSERT entity { packet_replication_engine_entry { clone_session_entry { session_id: 99 replicas { egress_port: 255 instance: 1 } } } };
2023-10-18 14:36:49.771482;1;type: INSERT entity { table_entry { table_id: 33557865 match { field_id: 4 ternary { value: "\206\335" mask: "\377\377" } } action { action { action_id: 16782152 } } priority: 10 } };
2023-10-18 14:36:49.834153;1;type: DELETE entity { table_entry { table_id: 33557865 match { field_id: 4 ternary { value: "\206\335" mask: "\377\377" } } action { action { action_id: 16782152 } } priority: 10 } };
2023-10-18 14:36:49.834153;1;type: DELETE entity { packet_replication_engine_entry { clone_session_entry { session_id: 99 replicas { egress_port: 255 instance: 1 } } } };
2023-10-18 14:36:55.499961;1;type: INSERT entity { packet_replication_engine_entry { multicast_group_entry { multicast_group_id: 10 replicas { egress_port: 1 } replicas { egress_port: 2 } replicas { egress_port: 3 } } } };
2023-10-18 14:36:55.505248;1;type: INSERT entity { table_entry { table_id: 33573501 match { field_id: 1 ternary { value: "\377\377\377\377\377\377" mask: "\377\377\377\377\377\377" } } action { action { action_id: 16841371 params { param_id: 1 value: "\000\n" } } } priority: 10 } };
2023-10-18 14:36:55.508445;1;type: INSERT entity { table_entry { table_id: 33573501 match { field_id: 1 ternary { value: "33\000\000\000\000" mask: "\377\377\000\000\000\000" } } action { action { action_id: 16841371 params { param_id: 1 value: "\000\n" } } } priority: 10 } };
2023-10-18 14:36:55.510017;1;type: INSERT entity { packet_replication_engine_entry { clone_session_entry { session_id: 99 replicas { egress_port: 255 instance: 1 } } } };
2023-10-18 14:36:55.513481;1;type: INSERT entity { table_entry { table_id: 33557865 match { field_id: 4 ternary { value: "\010\006" mask: "\377\377" } } action { action { action_id: 16782152 } } priority: 10 } };
2023-10-18 14:36:55.516509;1;type: INSERT entity { table_entry { table_id: 33557865 match { field_id: 5 ternary { value: ":" mask: "\377" } } match { field_id: 4 ternary { value: "\206\335" mask: "\377\377" } } match { field_id: 6 ternary { value: "\207" mask: "\377" } } action { action { action_id: 16782152 } } priority: 10 } };
2023-10-18 14:36:55.733502;1;type: DELETE entity { table_entry { table_id: 33557865 match { field_id: 5 ternary { value: ":" mask: "\377" } } match { field_id: 4 ternary { value: "\206\335" mask: "\377\377" } } match { field_id: 6 ternary { value: "\207" mask: "\377" } } action { action { action_id: 16782152 } } priority: 10 } };
2023-10-18 14:36:55.733502;1;type: DELETE entity { table_entry { table_id: 33557865 match { field_id: 4 ternary { value: "\010\006" mask: "\377\377" } } action { action { action_id: 16782152 } } priority: 10 } };
2023-10-18 14:36:55.733502;1;type: DELETE entity { packet_replication_engine_entry { clone_session_entry { session_id: 99 replicas { egress_port: 255 instance: 1 } } } };
2023-10-18 14:36:55.733502;1;type: DELETE entity { table_entry { table_id: 33573501 match { field_id: 1 ternary { value: "33\000\000\000\000" mask: "\377\377\000\000\000\000" } } action { action { action_id: 16841371 params { param_id: 1 value: "\000\n" } } } priority: 10 } };
2023-10-18 14:36:55.733502;1;type: DELETE entity { table_entry { table_id: 33573501 match { field_id: 1 ternary { value: "\377\377\377\377\377\377" mask: "\377\377\377\377\377\377" } } action { action { action_id: 16841371 params { param_id: 1 value: "\000\n" } } } priority: 10 } };
2023-10-18 14:36:55.733502;1;type: DELETE entity { packet_replication_engine_entry { multicast_group_entry { multicast_group_id: 10 replicas { egress_port: 1 } replicas { egress_port: 2 } replicas { egress_port: 3 } } } };
2023-10-18 14:36:55.739925;1;type: INSERT entity { packet_replication_engine_entry { multicast_group_entry { multicast_group_id: 10 replicas { egress_port: 1 } replicas { egress_port: 2 } replicas { egress_port: 3 } } } };
2023-10-18 14:36:55.753566;1;type: INSERT entity { table_entry { table_id: 33573501 match { field_id: 1 ternary { value: "\377\377\377\377\377\377" mask: "\377\377\377\377\377\377" } } action { action { action_id: 16841371 params { param_id: 1 value: "\000\n" } } } priority: 10 } };
2023-10-18 14:36:55.758864;1;type: INSERT entity { table_entry { table_id: 33573501 match { field_id: 1 ternary { value: "33\000\000\000\000" mask: "\377\377\000\000\000\000" } } action { action { action_id: 16841371 params { param_id: 1 value: "\000\n" } } } priority: 10 } };
2023-10-18 14:36:55.768823;1;type: INSERT entity { packet_replication_engine_entry { clone_session_entry { session_id: 99 replicas { egress_port: 255 instance: 1 } } } };
2023-10-18 14:36:55.770651;1;type: INSERT entity { table_entry { table_id: 33557865 match { field_id: 4 ternary { value: "\010\006" mask: "\377\377" } } action { action { action_id: 16782152 } } priority: 10 } };
2023-10-18 14:36:55.774892;1;type: INSERT entity { table_entry { table_id: 33557865 match { field_id: 5 ternary { value: ":" mask: "\377" } } match { field_id: 4 ternary { value: "\206\335" mask: "\377\377" } } match { field_id: 6 ternary { value: "\207" mask: "\377" } } action { action { action_id: 16782152 } } priority: 10 } };
2023-10-18 14:36:55.933728;1;type: DELETE entity { table_entry { table_id: 33557865 match { field_id: 5 ternary { value: ":" mask: "\377" } } match { field_id: 4 ternary { value: "\206\335" mask: "\377\377" } } match { field_id: 6 ternary { value: "\207" mask: "\377" } } action { action { action_id: 16782152 } } priority: 10 } };
2023-10-18 14:36:55.933728;1;type: DELETE entity { table_entry { table_id: 33557865 match { field_id: 4 ternary { value: "\010\006" mask: "\377\377" } } action { action { action_id: 16782152 } } priority: 10 } };
2023-10-18 14:36:55.933728;1;type: DELETE entity { packet_replication_engine_entry { clone_session_entry { session_id: 99 replicas { egress_port: 255 instance: 1 } } } };
2023-10-18 14:36:55.933728;1;type: DELETE entity { table_entry { table_id: 33573501 match { field_id: 1 ternary { value: "33\000\000\000\000" mask: "\377\377\000\000\000\000" } } action { action { action_id: 16841371 params { param_id: 1 value: "\000\n" } } } priority: 10 } };
2023-10-18 14:36:55.933728;1;type: DELETE entity { table_entry { table_id: 33573501 match { field_id: 1 ternary { value: "\377\377\377\377\377\377" mask: "\377\377\377\377\377\377" } } action { action { action_id: 16841371 params { param_id: 1 value: "\000\n" } } } priority: 10 } };
2023-10-18 14:36:55.933728;1;type: DELETE entity { packet_replication_engine_entry { multicast_group_entry { multicast_group_id: 10 replicas { egress_port: 1 } replicas { egress_port: 2 } replicas { egress_port: 3 } } } };
2023-10-18 14:36:55.981546;1;type: INSERT entity { table_entry { table_id: 33605373 match { field_id: 1 exact { value: "\000\000\000\000\000\002" } } action { action { action_id: 16812802 params { param_id: 1 value: "\000\002" } } } } };
2023-10-18 14:36:55.984097;1;type: INSERT entity { packet_replication_engine_entry { clone_session_entry { session_id: 99 replicas { egress_port: 255 instance: 1 } } } };
2023-10-18 14:36:55.986479;1;type: INSERT entity { table_entry { table_id: 33557865 match { field_id: 4 ternary { value: "\010\006" mask: "\377\377" } } action { action { action_id: 16782152 } } priority: 10 } };
2023-10-18 14:36:55.988465;1;type: INSERT entity { table_entry { table_id: 33557865 match { field_id: 5 ternary { value: ":" mask: "\377" } } match { field_id: 4 ternary { value: "\206\335" mask: "\377\377" } } match { field_id: 6 ternary { value: "\210" mask: "\377" } } action { action { action_id: 16782152 } } priority: 10 } };
2023-10-18 14:36:56.025729;1;type: DELETE entity { table_entry { table_id: 33557865 match { field_id: 5 ternary { value: ":" mask: "\377" } } match { field_id: 4 ternary { value: "\206\335" mask: "\377\377" } } match { field_id: 6 ternary { value: "\210" mask: "\377" } } action { action { action_id: 16782152 } } priority: 10 } };
2023-10-18 14:36:56.025729;1;type: DELETE entity { table_entry { table_id: 33557865 match { field_id: 4 ternary { value: "\010\006" mask: "\377\377" } } action { action { action_id: 16782152 } } priority: 10 } };
2023-10-18 14:36:56.025729;1;type: DELETE entity { packet_replication_engine_entry { clone_session_entry { session_id: 99 replicas { egress_port: 255 instance: 1 } } } };
2023-10-18 14:36:56.025729;1;type: DELETE entity { table_entry { table_id: 33605373 match { field_id: 1 exact { value: "\000\000\000\000\000\002" } } action { action { action_id: 16812802 params { param_id: 1 value: "\000\002" } } } } };
2023-10-18 14:36:56.033068;1;type: INSERT entity { table_entry { table_id: 33605373 match { field_id: 1 exact { value: "33\000\000\000\001" } } action { action { action_id: 16812802 params { param_id: 1 value: "\000\002" } } } } };
2023-10-18 14:36:56.037626;1;type: INSERT entity { packet_replication_engine_entry { clone_session_entry { session_id: 99 replicas { egress_port: 255 instance: 1 } } } };
2023-10-18 14:36:56.044556;1;type: INSERT entity { table_entry { table_id: 33557865 match { field_id: 4 ternary { value: "\010\006" mask: "\377\377" } } action { action { action_id: 16782152 } } priority: 10 } };
2023-10-18 14:36:56.048257;1;type: INSERT entity { table_entry { table_id: 33557865 match { field_id: 5 ternary { value: ":" mask: "\377" } } match { field_id: 4 ternary { value: "\206\335" mask: "\377\377" } } match { field_id: 6 ternary { value: "\210" mask: "\377" } } action { action { action_id: 16782152 } } priority: 10 } };
2023-10-18 14:36:56.129951;1;type: DELETE entity { table_entry { table_id: 33557865 match { field_id: 5 ternary { value: ":" mask: "\377" } } match { field_id: 4 ternary { value: "\206\335" mask: "\377\377" } } match { field_id: 6 ternary { value: "\210" mask: "\377" } } action { action { action_id: 16782152 } } priority: 10 } };
2023-10-18 14:36:56.129951;1;type: DELETE entity { table_entry { table_id: 33557865 match { field_id: 4 ternary { value: "\010\006" mask: "\377\377" } } action { action { action_id: 16782152 } } priority: 10 } };
2023-10-18 14:36:56.129951;1;type: DELETE entity { packet_replication_engine_entry { clone_session_entry { session_id: 99 replicas { egress_port: 255 instance: 1 } } } };
2023-10-18 14:36:56.129951;1;type: DELETE entity { table_entry { table_id: 33605373 match { field_id: 1 exact { value: "33\000\000\000\001" } } action { action { action_id: 16812802 params { param_id: 1 value: "\000\002" } } } } };
2023-10-18 14:36:56.213061;1;type: INSERT entity { table_entry { table_id: 33605373 match { field_id: 1 exact { value: "\000\001\002\003\004\005" } } action { action { action_id: 16812802 params { param_id: 1 value: "\000\002" } } } } };
2023-10-18 14:36:56.215860;1;type: INSERT entity { table_entry { table_id: 33605373 match { field_id: 1 exact { value: "\000\006\007\010\t\n" } } action { action { action_id: 16812802 params { param_id: 1 value: "\000\001" } } } } };
2023-10-18 14:36:56.340659;1;type: DELETE entity { table_entry { table_id: 33605373 match { field_id: 1 exact { value: "\000\006\007\010\t\n" } } action { action { action_id: 16812802 params { param_id: 1 value: "\000\001" } } } } };
2023-10-18 14:36:56.340659;1;type: DELETE entity { table_entry { table_id: 33605373 match { field_id: 1 exact { value: "\000\001\002\003\004\005" } } action { action { action_id: 16812802 params { param_id: 1 value: "\000\002" } } } } };
2023-10-18 14:36:56.347522;1;type: INSERT entity { table_entry { table_id: 33605373 match { field_id: 1 exact { value: "\000\001\002\003\004\005" } } action { action { action_id: 16812802 params { param_id: 1 value: "\000\002" } } } } };
2023-10-18 14:36:56.349981;1;type: INSERT entity { table_entry { table_id: 33605373 match { field_id: 1 exact { value: "\000\006\007\010\t\n" } } action { action { action_id: 16812802 params { param_id: 1 value: "\000\001" } } } } };
2023-10-18 14:36:56.474091;1;type: DELETE entity { table_entry { table_id: 33605373 match { field_id: 1 exact { value: "\000\006\007\010\t\n" } } action { action { action_id: 16812802 params { param_id: 1 value: "\000\001" } } } } };
2023-10-18 14:36:56.474091;1;type: DELETE entity { table_entry { table_id: 33605373 match { field_id: 1 exact { value: "\000\001\002\003\004\005" } } action { action { action_id: 16812802 params { param_id: 1 value: "\000\002" } } } } };
2023-10-18 14:36:56.480842;1;type: INSERT entity { table_entry { table_id: 33605373 match { field_id: 1 exact { value: "\000\001\002\003\004\005" } } action { action { action_id: 16812802 params { param_id: 1 value: "\000\002" } } } } };
2023-10-18 14:36:56.482622;1;type: INSERT entity { table_entry { table_id: 33605373 match { field_id: 1 exact { value: "\000\006\007\010\t\n" } } action { action { action_id: 16812802 params { param_id: 1 value: "\000\001" } } } } };
2023-10-18 14:36:56.604787;1;type: DELETE entity { table_entry { table_id: 33605373 match { field_id: 1 exact { value: "\000\006\007\010\t\n" } } action { action { action_id: 16812802 params { param_id: 1 value: "\000\001" } } } } };
2023-10-18 14:36:56.604787;1;type: DELETE entity { table_entry { table_id: 33605373 match { field_id: 1 exact { value: "\000\001\002\003\004\005" } } action { action { action_id: 16812802 params { param_id: 1 value: "\000\002" } } } } };
2023-10-18 14:36:56.610450;1;type: INSERT entity { table_entry { table_id: 33605373 match { field_id: 1 exact { value: "\000\001\002\003\004\005" } } action { action { action_id: 16812802 params { param_id: 1 value: "\000\002" } } } } };
2023-10-18 14:36:56.612283;1;type: INSERT entity { table_entry { table_id: 33605373 match { field_id: 1 exact { value: "\000\006\007\010\t\n" } } action { action { action_id: 16812802 params { param_id: 1 value: "\000\001" } } } } };
2023-10-18 14:36:56.738083;1;type: DELETE entity { table_entry { table_id: 33605373 match { field_id: 1 exact { value: "\000\006\007\010\t\n" } } action { action { action_id: 16812802 params { param_id: 1 value: "\000\001" } } } } };
2023-10-18 14:36:56.738083;1;type: DELETE entity { table_entry { table_id: 33605373 match { field_id: 1 exact { value: "\000\001\002\003\004\005" } } action { action { action_id: 16812802 params { param_id: 1 value: "\000\002" } } } } };
2023-10-18 14:36:56.752422;1;type: INSERT entity { table_entry { table_id: 33605373 match { field_id: 1 exact { value: "\000\001\002\003\004\005" } } action { action { action_id: 16812802 params { param_id: 1 value: "\000\002" } } } } };
2023-10-18 14:36:56.754950;1;type: INSERT entity { table_entry { table_id: 33605373 match { field_id: 1 exact { value: "\000\006\007\010\t\n" } } action { action { action_id: 16812802 params { param_id: 1 value: "\000\001" } } } } };
2023-10-18 14:36:56.868305;1;type: DELETE entity { table_entry { table_id: 33605373 match { field_id: 1 exact { value: "\000\006\007\010\t\n" } } action { action { action_id: 16812802 params { param_id: 1 value: "\000\001" } } } } };
2023-10-18 14:36:56.868305;1;type: DELETE entity { table_entry { table_id: 33605373 match { field_id: 1 exact { value: "\000\001\002\003\004\005" } } action { action { action_id: 16812802 params { param_id: 1 value: "\000\002" } } } } };
2023-10-18 14:36:56.872983;1;type: INSERT entity { table_entry { table_id: 33605373 match { field_id: 1 exact { value: "\000\001\002\003\004\005" } } action { action { action_id: 16812802 params { param_id: 1 value: "\000\002" } } } } };
2023-10-18 14:36:56.876062;1;type: INSERT entity { table_entry { table_id: 33605373 match { field_id: 1 exact { value: "\000\006\007\010\t\n" } } action { action { action_id: 16812802 params { param_id: 1 value: "\000\001" } } } } };
2023-10-18 14:36:56.989443;1;type: DELETE entity { table_entry { table_id: 33605373 match { field_id: 1 exact { value: "\000\006\007\010\t\n" } } action { action { action_id: 16812802 params { param_id: 1 value: "\000\001" } } } } };
2023-10-18 14:36:56.989443;1;type: DELETE entity { table_entry { table_id: 33605373 match { field_id: 1 exact { value: "\000\001\002\003\004\005" } } action { action { action_id: 16812802 params { param_id: 1 value: "\000\002" } } } } };
2023-10-18 14:37:04.345076;1;type: INSERT entity { table_entry { table_id: 33589970 match { field_id: 1 exact { value: "\000\001\002\003\004\005" } } action { action { action_id: 16800567 } } } };
2023-10-18 14:37:04.352303;1;type: DELETE entity { table_entry { table_id: 33589970 match { field_id: 1 exact { value: "\000\001\002\003\004\005" } } action { action { action_id: 16800567 } } } };
2023-10-18 14:37:04.407162;1;type: INSERT entity { table_entry { table_id: 33592650 match { field_id: 1 exact { value: " \001\000\000\000\001\000\000\000\000\000\000\000\000\000\001" } } action { action { action_id: 16806517 params { param_id: 1 value: "\000\000\000\000\252\001" } } } } };
2023-10-18 14:37:04.430416;1;type: DELETE entity { table_entry { table_id: 33592650 match { field_id: 1 exact { value: " \001\000\000\000\001\000\000\000\000\000\000\000\000\000\001" } } action { action { action_id: 16806517 params { param_id: 1 value: "\000\000\000\000\252\001" } } } } };
2023-10-18 14:39:21.224949;1;type: INSERT entity { table_entry { table_id: 33589970 match { field_id: 1 exact { value: "\000\001\002\003\004\005" } } action { action { action_id: 16800567 } } } };
2023-10-18 14:39:21.232315;1;type: INSERT entity { action_profile_member { action_profile_id: 285229850 member_id: 1 action { action_id: 16841361 params { param_id: 1 value: "\000\000\000\000\252\002" } } } };
2023-10-18 14:39:21.234191;1;type: INSERT entity { action_profile_group { action_profile_id: 285229850 group_id: 1 members { member_id: 1 weight: 1 } } };
2023-10-18 14:39:21.235725;1;type: INSERT entity { table_entry { table_id: 33594817 match { field_id: 1 lpm { value: " \001\r\270\205\243\000\000\000\000\212.\003ps5" prefix_len: 128 } } action { action_profile_group_id: 1 } } };
2023-10-18 14:39:21.245197;1;type: INSERT entity { table_entry { table_id: 33605373 match { field_id: 1 exact { value: "\000\000\000\000\252\002" } } action { action { action_id: 16812802 params { param_id: 1 value: "\000\002" } } } } };
2023-10-18 14:39:21.270849;1;type: DELETE entity { table_entry { table_id: 33605373 match { field_id: 1 exact { value: "\000\000\000\000\252\002" } } action { action { action_id: 16812802 params { param_id: 1 value: "\000\002" } } } } };
2023-10-18 14:39:21.270849;1;type: DELETE entity { table_entry { table_id: 33594817 match { field_id: 1 lpm { value: " \001\r\270\205\243\000\000\000\000\212.\003ps5" prefix_len: 128 } } action { action_profile_group_id: 1 } } };
2023-10-18 14:39:21.270849;1;type: DELETE entity { action_profile_group { action_profile_id: 285229850 group_id: 1 members { member_id: 1 weight: 1 } } };
2023-10-18 14:39:21.270849;1;type: DELETE entity { action_profile_member { action_profile_id: 285229850 member_id: 1 action { action_id: 16841361 params { param_id: 1 value: "\000\000\000\000\252\002" } } } };
2023-10-18 14:39:21.270849;1;type: DELETE entity { table_entry { table_id: 33589970 match { field_id: 1 exact { value: "\000\001\002\003\004\005" } } action { action { action_id: 16800567 } } } };
2023-10-18 14:39:21.277368;1;type: INSERT entity { table_entry { table_id: 33589970 match { field_id: 1 exact { value: "\000\001\002\003\004\005" } } action { action { action_id: 16800567 } } } };
2023-10-18 14:39:21.279512;1;type: INSERT entity { action_profile_member { action_profile_id: 285229850 member_id: 2 action { action_id: 16841361 params { param_id: 1 value: "\000\000\000\000\252\002" } } } };
2023-10-18 14:39:21.282308;1;type: INSERT entity { action_profile_group { action_profile_id: 285229850 group_id: 1 members { member_id: 2 weight: 1 } } };
2023-10-18 14:39:21.285195;1;type: INSERT entity { table_entry { table_id: 33594817 match { field_id: 1 lpm { value: " \001\r\270\205\243\000\000\000\000\212.\003ps5" prefix_len: 128 } } action { action_profile_group_id: 1 } } };
2023-10-18 14:39:21.289049;1;type: INSERT entity { table_entry { table_id: 33605373 match { field_id: 1 exact { value: "\000\000\000\000\252\002" } } action { action { action_id: 16812802 params { param_id: 1 value: "\000\002" } } } } };
2023-10-18 14:39:21.311937;1;type: DELETE entity { table_entry { table_id: 33605373 match { field_id: 1 exact { value: "\000\000\000\000\252\002" } } action { action { action_id: 16812802 params { param_id: 1 value: "\000\002" } } } } };
2023-10-18 14:39:21.311937;1;type: DELETE entity { table_entry { table_id: 33594817 match { field_id: 1 lpm { value: " \001\r\270\205\243\000\000\000\000\212.\003ps5" prefix_len: 128 } } action { action_profile_group_id: 1 } } };
2023-10-18 14:39:21.311937;1;type: DELETE entity { action_profile_group { action_profile_id: 285229850 group_id: 1 members { member_id: 2 weight: 1 } } };
2023-10-18 14:39:21.311937;1;type: DELETE entity { action_profile_member { action_profile_id: 285229850 member_id: 2 action { action_id: 16841361 params { param_id: 1 value: "\000\000\000\000\252\002" } } } };
2023-10-18 14:39:21.311937;1;type: DELETE entity { table_entry { table_id: 33589970 match { field_id: 1 exact { value: "\000\001\002\003\004\005" } } action { action { action_id: 16800567 } } } };
2023-10-18 14:39:21.318471;1;type: INSERT entity { table_entry { table_id: 33589970 match { field_id: 1 exact { value: "\000\001\002\003\004\005" } } action { action { action_id: 16800567 } } } };
2023-10-18 14:39:21.321665;1;type: INSERT entity { action_profile_member { action_profile_id: 285229850 member_id: 3 action { action_id: 16841361 params { param_id: 1 value: "\000\000\000\000\252\002" } } } };
2023-10-18 14:39:21.323042;1;type: INSERT entity { action_profile_group { action_profile_id: 285229850 group_id: 1 members { member_id: 3 weight: 1 } } };
2023-10-18 14:39:21.325279;1;type: INSERT entity { table_entry { table_id: 33594817 match { field_id: 1 lpm { value: " \001\r\270\205\243\000\000\000\000\212.\003ps5" prefix_len: 128 } } action { action_profile_group_id: 1 } } };
2023-10-18 14:39:21.329492;1;type: INSERT entity { table_entry { table_id: 33605373 match { field_id: 1 exact { value: "\000\000\000\000\252\002" } } action { action { action_id: 16812802 params { param_id: 1 value: "\000\002" } } } } };
2023-10-18 14:39:21.342606;1;type: DELETE entity { table_entry { table_id: 33605373 match { field_id: 1 exact { value: "\000\000\000\000\252\002" } } action { action { action_id: 16812802 params { param_id: 1 value: "\000\002" } } } } };
2023-10-18 14:39:21.342606;1;type: DELETE entity { table_entry { table_id: 33594817 match { field_id: 1 lpm { value: " \001\r\270\205\243\000\000\000\000\212.\003ps5" prefix_len: 128 } } action { action_profile_group_id: 1 } } };
2023-10-18 14:39:21.342606;1;type: DELETE entity { action_profile_group { action_profile_id: 285229850 group_id: 1 members { member_id: 3 weight: 1 } } };
2023-10-18 14:39:21.342606;1;type: DELETE entity { action_profile_member { action_profile_id: 285229850 member_id: 3 action { action_id: 16841361 params { param_id: 1 value: "\000\000\000\000\252\002" } } } };
2023-10-18 14:39:21.342606;1;type: DELETE entity { table_entry { table_id: 33589970 match { field_id: 1 exact { value: "\000\001\002\003\004\005" } } action { action { action_id: 16800567 } } } };
2023-10-18 14:39:21.386992;1;type: INSERT entity { table_entry { table_id: 33592650 match { field_id: 1 exact { value: " \001\000\000\000\001\000\000\000\000\000\000\000\000\000\001" } } action { action { action_id: 16806517 params { param_id: 1 value: "\000\000\000\000\252\001" } } } } };
2023-10-18 14:39:21.413246;1;type: DELETE entity { table_entry { table_id: 33592650 match { field_id: 1 exact { value: " \001\000\000\000\001\000\000\000\000\000\000\000\000\000\001" } } action { action { action_id: 16806517 params { param_id: 1 value: "\000\000\000\000\252\001" } } } } };
2023-10-18 14:44:01.694689;1;type: INSERT entity { table_entry { table_id: 33589970 match { field_id: 1 exact { value: "\000\001\002\003\004\005" } } action { action { action_id: 16800567 } } } };
2023-10-18 14:44:01.698887;1;type: DELETE entity { table_entry { table_id: 33589970 match { field_id: 1 exact { value: "\000\001\002\003\004\005" } } action { action { action_id: 16800567 } } } };
2023-10-18 14:44:01.757204;1;type: INSERT entity { table_entry { table_id: 33592650 match { field_id: 1 exact { value: " \001\000\000\000\001\000\000\000\000\000\000\000\000\000\001" } } action { action { action_id: 16806517 params { param_id: 1 value: "\000\000\000\000\252\001" } } } } };
2023-10-18 14:44:01.784445;1;type: DELETE entity { table_entry { table_id: 33592650 match { field_id: 1 exact { value: " \001\000\000\000\001\000\000\000\000\000\000\000\000\000\001" } } action { action { action_id: 16806517 params { param_id: 1 value: "\000\000\000\000\252\001" } } } } };
2023-10-18 14:45:42.197248;1;type: INSERT entity { table_entry { table_id: 33589970 match { field_id: 1 exact { value: "\000\001\002\003\004\005" } } action { action { action_id: 16800567 } } } };
2023-10-18 14:45:42.199846;1;type: DELETE entity { table_entry { table_id: 33589970 match { field_id: 1 exact { value: "\000\001\002\003\004\005" } } action { action { action_id: 16800567 } } } };
2023-10-18 14:45:42.248409;1;type: INSERT entity { table_entry { table_id: 33592650 match { field_id: 1 exact { value: " \001\000\000\000\001\000\000\000\000\000\000\000\000\000\001" } } action { action { action_id: 16806517 params { param_id: 1 value: "\000\000\000\000\252\001" } } } } };
2023-10-18 14:45:42.264121;1;type: DELETE entity { table_entry { table_id: 33592650 match { field_id: 1 exact { value: " \001\000\000\000\001\000\000\000\000\000\000\000\000\000\001" } } action { action { action_id: 16806517 params { param_id: 1 value: "\000\000\000\000\252\001" } } } } };
