Calling target program-options parser
[19:18:25.484] [bmv2] [D] [thread 120858] Set default default entry for table 'MyIngress.ipv4_lpm': MyIngress.drop - 
[19:18:25.484] [bmv2] [D] [thread 120858] Set default default entry for table 'MyIngress.myTunnel_exact': MyIngress.drop - 
Adding interface s3-eth1 as port 1
[19:18:25.484] [bmv2] [D] [thread 120858] Adding interface s3-eth1 as port 1
Adding interface s3-eth2 as port 2
[19:18:25.570] [bmv2] [D] [thread 120858] Adding interface s3-eth2 as port 2
Adding interface s3-eth3 as port 3
[19:18:25.604] [bmv2] [D] [thread 120858] Adding interface s3-eth3 as port 3
Server listening on 0.0.0.0:50053
[19:18:25.651] [bmv2] [I] [thread 120858] Starting Thrift server on port 9092
[19:18:25.652] [bmv2] [I] [thread 120858] Thrift server was started
[19:18:25.654] [bmv2] [D] [thread 120868] [0.0] [cxt 0] Processing packet received on port 1
[19:18:25.654] [bmv2] [D] [thread 120868] [0.0] [cxt 0] Parser 'parser': start
[19:18:25.654] [bmv2] [D] [thread 120868] [0.0] [cxt 0] Parser 'parser' entering state 'start'
[19:18:25.654] [bmv2] [D] [thread 120868] [0.0] [cxt 0] Extracting header 'ethernet'
[19:18:25.654] [bmv2] [D] [thread 120868] [0.0] [cxt 0] Parser state 'start': key is 86dd
[19:18:25.654] [bmv2] [T] [thread 120868] [0.0] [cxt 0] Bytes parsed: 14
[19:18:25.654] [bmv2] [D] [thread 120868] [0.0] [cxt 0] Parser 'parser': end
[19:18:25.654] [bmv2] [D] [thread 120868] [0.0] [cxt 0] Pipeline 'ingress': start
[19:18:25.654] [bmv2] [T] [thread 120868] [0.0] [cxt 0] basic_tunnel.p4(152) Condition "hdr.ipv4.isValid() && !hdr.myTunnel.isValid()" (node_2) is false
[19:18:25.654] [bmv2] [T] [thread 120868] [0.0] [cxt 0] basic_tunnel.p4(155) Condition "hdr.myTunnel.isValid()" (node_4) is false
[19:18:25.654] [bmv2] [D] [thread 120868] [0.0] [cxt 0] Pipeline 'ingress': end
[19:18:25.654] [bmv2] [D] [thread 120868] [0.0] [cxt 0] Egress port is 0
[19:18:25.654] [bmv2] [D] [thread 120869] [0.0] [cxt 0] Pipeline 'egress': start
[19:18:25.654] [bmv2] [D] [thread 120869] [0.0] [cxt 0] Pipeline 'egress': end
[19:18:25.654] [bmv2] [D] [thread 120869] [0.0] [cxt 0] Deparser 'deparser': start
[19:18:25.654] [bmv2] [T] [thread 120869] [0.0] [cxt 0] Skipping checksum 'cksum' update because condition not met
[19:18:25.654] [bmv2] [D] [thread 120869] [0.0] [cxt 0] Deparsing header 'ethernet'
[19:18:25.654] [bmv2] [D] [thread 120869] [0.0] [cxt 0] Deparser 'deparser': end
[19:18:25.655] [bmv2] [D] [thread 120873] [0.0] [cxt 0] Transmitting packet of size 90 out of port 0
[19:18:25.655] [bmv2] [D] [thread 120868] [1.0] [cxt 0] Processing packet received on port 2
[19:18:25.655] [bmv2] [D] [thread 120868] [1.0] [cxt 0] Parser 'parser': start
[19:18:25.655] [bmv2] [D] [thread 120868] [1.0] [cxt 0] Parser 'parser' entering state 'start'
[19:18:25.655] [bmv2] [D] [thread 120868] [1.0] [cxt 0] Extracting header 'ethernet'
[19:18:25.655] [bmv2] [D] [thread 120868] [1.0] [cxt 0] Parser state 'start': key is 86dd
[19:18:25.655] [bmv2] [T] [thread 120868] [1.0] [cxt 0] Bytes parsed: 14
[19:18:25.655] [bmv2] [D] [thread 120868] [1.0] [cxt 0] Parser 'parser': end
[19:18:25.655] [bmv2] [D] [thread 120868] [1.0] [cxt 0] Pipeline 'ingress': start
[19:18:25.655] [bmv2] [T] [thread 120868] [1.0] [cxt 0] basic_tunnel.p4(152) Condition "hdr.ipv4.isValid() && !hdr.myTunnel.isValid()" (node_2) is false
[19:18:25.655] [bmv2] [T] [thread 120868] [1.0] [cxt 0] basic_tunnel.p4(155) Condition "hdr.myTunnel.isValid()" (node_4) is false
[19:18:25.655] [bmv2] [D] [thread 120868] [1.0] [cxt 0] Pipeline 'ingress': end
[19:18:25.655] [bmv2] [D] [thread 120868] [1.0] [cxt 0] Egress port is 0
[19:18:25.655] [bmv2] [D] [thread 120869] [1.0] [cxt 0] Pipeline 'egress': start
[19:18:25.655] [bmv2] [D] [thread 120869] [1.0] [cxt 0] Pipeline 'egress': end
[19:18:25.655] [bmv2] [D] [thread 120869] [1.0] [cxt 0] Deparser 'deparser': start
[19:18:25.655] [bmv2] [T] [thread 120869] [1.0] [cxt 0] Skipping checksum 'cksum' update because condition not met
[19:18:25.655] [bmv2] [D] [thread 120869] [1.0] [cxt 0] Deparsing header 'ethernet'
[19:18:25.655] [bmv2] [D] [thread 120869] [1.0] [cxt 0] Deparser 'deparser': end
[19:18:25.655] [bmv2] [D] [thread 120873] [1.0] [cxt 0] Transmitting packet of size 208 out of port 0
[19:18:25.655] [bmv2] [D] [thread 120868] [2.0] [cxt 0] Processing packet received on port 1
[19:18:25.655] [bmv2] [D] [thread 120868] [2.0] [cxt 0] Parser 'parser': start
[19:18:25.655] [bmv2] [D] [thread 120868] [2.0] [cxt 0] Parser 'parser' entering state 'start'
[19:18:25.655] [bmv2] [D] [thread 120868] [2.0] [cxt 0] Extracting header 'ethernet'
[19:18:25.655] [bmv2] [D] [thread 120868] [2.0] [cxt 0] Parser state 'start': key is 86dd
[19:18:25.655] [bmv2] [T] [thread 120868] [2.0] [cxt 0] Bytes parsed: 14
[19:18:25.655] [bmv2] [D] [thread 120868] [2.0] [cxt 0] Parser 'parser': end
[19:18:25.655] [bmv2] [D] [thread 120868] [2.0] [cxt 0] Pipeline 'ingress': start
[19:18:25.655] [bmv2] [T] [thread 120868] [2.0] [cxt 0] basic_tunnel.p4(152) Condition "hdr.ipv4.isValid() && !hdr.myTunnel.isValid()" (node_2) is false
[19:18:25.655] [bmv2] [T] [thread 120868] [2.0] [cxt 0] basic_tunnel.p4(155) Condition "hdr.myTunnel.isValid()" (node_4) is false
[19:18:25.655] [bmv2] [D] [thread 120868] [2.0] [cxt 0] Pipeline 'ingress': end
[19:18:25.655] [bmv2] [D] [thread 120868] [2.0] [cxt 0] Egress port is 0
[19:18:25.655] [bmv2] [D] [thread 120869] [2.0] [cxt 0] Pipeline 'egress': start
[19:18:25.655] [bmv2] [D] [thread 120869] [2.0] [cxt 0] Pipeline 'egress': end
[19:18:25.655] [bmv2] [D] [thread 120869] [2.0] [cxt 0] Deparser 'deparser': start
[19:18:25.655] [bmv2] [T] [thread 120869] [2.0] [cxt 0] Skipping checksum 'cksum' update because condition not met
[19:18:25.655] [bmv2] [D] [thread 120869] [2.0] [cxt 0] Deparsing header 'ethernet'
[19:18:25.655] [bmv2] [D] [thread 120869] [2.0] [cxt 0] Deparser 'deparser': end
[19:18:25.655] [bmv2] [D] [thread 120873] [2.0] [cxt 0] Transmitting packet of size 70 out of port 0
[19:18:25.655] [bmv2] [D] [thread 120868] [3.0] [cxt 0] Processing packet received on port 2
[19:18:25.655] [bmv2] [D] [thread 120868] [3.0] [cxt 0] Parser 'parser': start
[19:18:25.655] [bmv2] [D] [thread 120868] [3.0] [cxt 0] Parser 'parser' entering state 'start'
[19:18:25.655] [bmv2] [D] [thread 120868] [3.0] [cxt 0] Extracting header 'ethernet'
[19:18:25.655] [bmv2] [D] [thread 120868] [3.0] [cxt 0] Parser state 'start': key is 86dd
[19:18:25.655] [bmv2] [T] [thread 120868] [3.0] [cxt 0] Bytes parsed: 14
[19:18:25.655] [bmv2] [D] [thread 120868] [3.0] [cxt 0] Parser 'parser': end
[19:18:25.655] [bmv2] [D] [thread 120868] [3.0] [cxt 0] Pipeline 'ingress': start
[19:18:25.655] [bmv2] [T] [thread 120868] [3.0] [cxt 0] basic_tunnel.p4(152) Condition "hdr.ipv4.isValid() && !hdr.myTunnel.isValid()" (node_2) is false
[19:18:25.655] [bmv2] [T] [thread 120868] [3.0] [cxt 0] basic_tunnel.p4(155) Condition "hdr.myTunnel.isValid()" (node_4) is false
[19:18:25.655] [bmv2] [D] [thread 120868] [3.0] [cxt 0] Pipeline 'ingress': end
[19:18:25.655] [bmv2] [D] [thread 120868] [3.0] [cxt 0] Egress port is 0
[19:18:25.655] [bmv2] [D] [thread 120869] [3.0] [cxt 0] Pipeline 'egress': start
[19:18:25.655] [bmv2] [D] [thread 120869] [3.0] [cxt 0] Pipeline 'egress': end
[19:18:25.655] [bmv2] [D] [thread 120869] [3.0] [cxt 0] Deparser 'deparser': start
[19:18:25.655] [bmv2] [T] [thread 120869] [3.0] [cxt 0] Skipping checksum 'cksum' update because condition not met
[19:18:25.655] [bmv2] [D] [thread 120869] [3.0] [cxt 0] Deparsing header 'ethernet'
[19:18:25.655] [bmv2] [D] [thread 120869] [3.0] [cxt 0] Deparser 'deparser': end
[19:18:25.655] [bmv2] [D] [thread 120873] [3.0] [cxt 0] Transmitting packet of size 110 out of port 0
[19:18:25.655] [bmv2] [D] [thread 120868] [4.0] [cxt 0] Processing packet received on port 1
[19:18:25.655] [bmv2] [D] [thread 120868] [4.0] [cxt 0] Parser 'parser': start
[19:18:25.655] [bmv2] [D] [thread 120868] [4.0] [cxt 0] Parser 'parser' entering state 'start'
[19:18:25.655] [bmv2] [D] [thread 120868] [4.0] [cxt 0] Extracting header 'ethernet'
[19:18:25.655] [bmv2] [D] [thread 120868] [4.0] [cxt 0] Parser state 'start': key is 86dd
[19:18:25.655] [bmv2] [T] [thread 120868] [4.0] [cxt 0] Bytes parsed: 14
[19:18:25.655] [bmv2] [D] [thread 120868] [4.0] [cxt 0] Parser 'parser': end
[19:18:25.655] [bmv2] [D] [thread 120868] [4.0] [cxt 0] Pipeline 'ingress': start
[19:18:25.655] [bmv2] [T] [thread 120868] [4.0] [cxt 0] basic_tunnel.p4(152) Condition "hdr.ipv4.isValid() && !hdr.myTunnel.isValid()" (node_2) is false
[19:18:25.655] [bmv2] [T] [thread 120868] [4.0] [cxt 0] basic_tunnel.p4(155) Condition "hdr.myTunnel.isValid()" (node_4) is false
[19:18:25.655] [bmv2] [D] [thread 120868] [4.0] [cxt 0] Pipeline 'ingress': end
[19:18:25.655] [bmv2] [D] [thread 120868] [4.0] [cxt 0] Egress port is 0
[19:18:25.655] [bmv2] [D] [thread 120869] [4.0] [cxt 0] Pipeline 'egress': start
[19:18:25.655] [bmv2] [D] [thread 120869] [4.0] [cxt 0] Pipeline 'egress': end
[19:18:25.655] [bmv2] [D] [thread 120869] [4.0] [cxt 0] Deparser 'deparser': start
[19:18:25.655] [bmv2] [T] [thread 120869] [4.0] [cxt 0] Skipping checksum 'cksum' update because condition not met
[19:18:25.655] [bmv2] [D] [thread 120869] [4.0] [cxt 0] Deparsing header 'ethernet'
[19:18:25.655] [bmv2] [D] [thread 120869] [4.0] [cxt 0] Deparser 'deparser': end
[19:18:25.655] [bmv2] [D] [thread 120873] [4.0] [cxt 0] Transmitting packet of size 90 out of port 0
[19:18:25.721] [bmv2] [D] [thread 120868] [5.0] [cxt 0] Processing packet received on port 3
[19:18:25.721] [bmv2] [D] [thread 120868] [5.0] [cxt 0] Parser 'parser': start
[19:18:25.721] [bmv2] [D] [thread 120868] [5.0] [cxt 0] Parser 'parser' entering state 'start'
[19:18:25.721] [bmv2] [D] [thread 120868] [5.0] [cxt 0] Extracting header 'ethernet'
[19:18:25.721] [bmv2] [D] [thread 120868] [5.0] [cxt 0] Parser state 'start': key is 86dd
[19:18:25.721] [bmv2] [T] [thread 120868] [5.0] [cxt 0] Bytes parsed: 14
[19:18:25.721] [bmv2] [D] [thread 120868] [5.0] [cxt 0] Parser 'parser': end
[19:18:25.721] [bmv2] [D] [thread 120868] [5.0] [cxt 0] Pipeline 'ingress': start
[19:18:25.721] [bmv2] [T] [thread 120868] [5.0] [cxt 0] basic_tunnel.p4(152) Condition "hdr.ipv4.isValid() && !hdr.myTunnel.isValid()" (node_2) is false
[19:18:25.721] [bmv2] [T] [thread 120868] [5.0] [cxt 0] basic_tunnel.p4(155) Condition "hdr.myTunnel.isValid()" (node_4) is false
[19:18:25.721] [bmv2] [D] [thread 120868] [5.0] [cxt 0] Pipeline 'ingress': end
[19:18:25.721] [bmv2] [D] [thread 120868] [5.0] [cxt 0] Egress port is 0
[19:18:25.721] [bmv2] [D] [thread 120869] [5.0] [cxt 0] Pipeline 'egress': start
[19:18:25.721] [bmv2] [D] [thread 120869] [5.0] [cxt 0] Pipeline 'egress': end
[19:18:25.721] [bmv2] [D] [thread 120869] [5.0] [cxt 0] Deparser 'deparser': start
[19:18:25.721] [bmv2] [T] [thread 120869] [5.0] [cxt 0] Skipping checksum 'cksum' update because condition not met
[19:18:25.721] [bmv2] [D] [thread 120869] [5.0] [cxt 0] Deparsing header 'ethernet'
[19:18:25.721] [bmv2] [D] [thread 120869] [5.0] [cxt 0] Deparser 'deparser': end
[19:18:25.721] [bmv2] [D] [thread 120873] [5.0] [cxt 0] Transmitting packet of size 208 out of port 0
[19:18:25.731] [bmv2] [D] [thread 120868] [6.0] [cxt 0] Processing packet received on port 3
[19:18:25.732] [bmv2] [D] [thread 120868] [6.0] [cxt 0] Parser 'parser': start
[19:18:25.732] [bmv2] [D] [thread 120868] [6.0] [cxt 0] Parser 'parser' entering state 'start'
[19:18:25.732] [bmv2] [D] [thread 120868] [6.0] [cxt 0] Extracting header 'ethernet'
[19:18:25.732] [bmv2] [D] [thread 120868] [6.0] [cxt 0] Parser state 'start': key is 86dd
[19:18:25.732] [bmv2] [T] [thread 120868] [6.0] [cxt 0] Bytes parsed: 14
[19:18:25.732] [bmv2] [D] [thread 120868] [6.0] [cxt 0] Parser 'parser': end
[19:18:25.732] [bmv2] [D] [thread 120868] [6.0] [cxt 0] Pipeline 'ingress': start
[19:18:25.732] [bmv2] [T] [thread 120868] [6.0] [cxt 0] basic_tunnel.p4(152) Condition "hdr.ipv4.isValid() && !hdr.myTunnel.isValid()" (node_2) is false
[19:18:25.732] [bmv2] [T] [thread 120868] [6.0] [cxt 0] basic_tunnel.p4(155) Condition "hdr.myTunnel.isValid()" (node_4) is false
[19:18:25.732] [bmv2] [D] [thread 120868] [6.0] [cxt 0] Pipeline 'ingress': end
[19:18:25.732] [bmv2] [D] [thread 120868] [6.0] [cxt 0] Egress port is 0
[19:18:25.732] [bmv2] [D] [thread 120869] [6.0] [cxt 0] Pipeline 'egress': start
[19:18:25.732] [bmv2] [D] [thread 120869] [6.0] [cxt 0] Pipeline 'egress': end
[19:18:25.732] [bmv2] [D] [thread 120869] [6.0] [cxt 0] Deparser 'deparser': start
[19:18:25.732] [bmv2] [T] [thread 120869] [6.0] [cxt 0] Skipping checksum 'cksum' update because condition not met
[19:18:25.732] [bmv2] [D] [thread 120869] [6.0] [cxt 0] Deparsing header 'ethernet'
[19:18:25.732] [bmv2] [D] [thread 120869] [6.0] [cxt 0] Deparser 'deparser': end
[19:18:25.732] [bmv2] [D] [thread 120873] [6.0] [cxt 0] Transmitting packet of size 90 out of port 0
[19:18:25.823] [bmv2] [D] [thread 120868] [7.0] [cxt 0] Processing packet received on port 2
[19:18:25.823] [bmv2] [D] [thread 120868] [7.0] [cxt 0] Parser 'parser': start
[19:18:25.824] [bmv2] [D] [thread 120868] [7.0] [cxt 0] Parser 'parser' entering state 'start'
[19:18:25.824] [bmv2] [D] [thread 120868] [7.0] [cxt 0] Extracting header 'ethernet'
[19:18:25.824] [bmv2] [D] [thread 120868] [7.0] [cxt 0] Parser state 'start': key is 86dd
[19:18:25.824] [bmv2] [T] [thread 120868] [7.0] [cxt 0] Bytes parsed: 14
[19:18:25.824] [bmv2] [D] [thread 120868] [7.0] [cxt 0] Parser 'parser': end
[19:18:25.824] [bmv2] [D] [thread 120868] [7.0] [cxt 0] Pipeline 'ingress': start
[19:18:25.824] [bmv2] [T] [thread 120868] [7.0] [cxt 0] basic_tunnel.p4(152) Condition "hdr.ipv4.isValid() && !hdr.myTunnel.isValid()" (node_2) is false
[19:18:25.824] [bmv2] [T] [thread 120868] [7.0] [cxt 0] basic_tunnel.p4(155) Condition "hdr.myTunnel.isValid()" (node_4) is false
[19:18:25.824] [bmv2] [D] [thread 120868] [7.0] [cxt 0] Pipeline 'ingress': end
[19:18:25.824] [bmv2] [D] [thread 120868] [7.0] [cxt 0] Egress port is 0
[19:18:25.827] [bmv2] [D] [thread 120869] [7.0] [cxt 0] Pipeline 'egress': start
[19:18:25.827] [bmv2] [D] [thread 120869] [7.0] [cxt 0] Pipeline 'egress': end
[19:18:25.827] [bmv2] [D] [thread 120869] [7.0] [cxt 0] Deparser 'deparser': start
[19:18:25.827] [bmv2] [T] [thread 120869] [7.0] [cxt 0] Skipping checksum 'cksum' update because condition not met
[19:18:25.827] [bmv2] [D] [thread 120869] [7.0] [cxt 0] Deparsing header 'ethernet'
[19:18:25.827] [bmv2] [D] [thread 120869] [7.0] [cxt 0] Deparser 'deparser': end
[19:18:25.827] [bmv2] [D] [thread 120873] [7.0] [cxt 0] Transmitting packet of size 208 out of port 0
[19:18:25.849] [bmv2] [D] [thread 120868] [8.0] [cxt 0] Processing packet received on port 3
[19:18:25.849] [bmv2] [D] [thread 120868] [8.0] [cxt 0] Parser 'parser': start
[19:18:25.849] [bmv2] [D] [thread 120868] [8.0] [cxt 0] Parser 'parser' entering state 'start'
[19:18:25.849] [bmv2] [D] [thread 120868] [8.0] [cxt 0] Extracting header 'ethernet'
[19:18:25.849] [bmv2] [D] [thread 120868] [8.0] [cxt 0] Parser state 'start': key is 86dd
[19:18:25.849] [bmv2] [T] [thread 120868] [8.0] [cxt 0] Bytes parsed: 14
[19:18:25.849] [bmv2] [D] [thread 120868] [8.0] [cxt 0] Parser 'parser': end
[19:18:25.849] [bmv2] [D] [thread 120868] [8.0] [cxt 0] Pipeline 'ingress': start
[19:18:25.849] [bmv2] [T] [thread 120868] [8.0] [cxt 0] basic_tunnel.p4(152) Condition "hdr.ipv4.isValid() && !hdr.myTunnel.isValid()" (node_2) is false
[19:18:25.849] [bmv2] [T] [thread 120868] [8.0] [cxt 0] basic_tunnel.p4(155) Condition "hdr.myTunnel.isValid()" (node_4) is false
[19:18:25.849] [bmv2] [D] [thread 120868] [8.0] [cxt 0] Pipeline 'ingress': end
[19:18:25.849] [bmv2] [D] [thread 120868] [8.0] [cxt 0] Egress port is 0
[19:18:25.849] [bmv2] [D] [thread 120869] [8.0] [cxt 0] Pipeline 'egress': start
[19:18:25.849] [bmv2] [D] [thread 120869] [8.0] [cxt 0] Pipeline 'egress': end
[19:18:25.849] [bmv2] [D] [thread 120869] [8.0] [cxt 0] Deparser 'deparser': start
[19:18:25.849] [bmv2] [T] [thread 120869] [8.0] [cxt 0] Skipping checksum 'cksum' update because condition not met
[19:18:25.849] [bmv2] [D] [thread 120869] [8.0] [cxt 0] Deparsing header 'ethernet'
[19:18:25.849] [bmv2] [D] [thread 120869] [8.0] [cxt 0] Deparser 'deparser': end
[19:18:25.849] [bmv2] [D] [thread 120873] [8.0] [cxt 0] Transmitting packet of size 208 out of port 0
[19:18:25.873] [bmv2] [D] [thread 120868] [9.0] [cxt 0] Processing packet received on port 2
[19:18:25.873] [bmv2] [D] [thread 120868] [9.0] [cxt 0] Parser 'parser': start
[19:18:25.873] [bmv2] [D] [thread 120868] [9.0] [cxt 0] Parser 'parser' entering state 'start'
[19:18:25.873] [bmv2] [D] [thread 120868] [9.0] [cxt 0] Extracting header 'ethernet'
[19:18:25.873] [bmv2] [D] [thread 120868] [9.0] [cxt 0] Parser state 'start': key is 86dd
[19:18:25.873] [bmv2] [T] [thread 120868] [9.0] [cxt 0] Bytes parsed: 14
[19:18:25.873] [bmv2] [D] [thread 120868] [9.0] [cxt 0] Parser 'parser': end
[19:18:25.873] [bmv2] [D] [thread 120868] [9.0] [cxt 0] Pipeline 'ingress': start
[19:18:25.873] [bmv2] [T] [thread 120868] [9.0] [cxt 0] basic_tunnel.p4(152) Condition "hdr.ipv4.isValid() && !hdr.myTunnel.isValid()" (node_2) is false
[19:18:25.873] [bmv2] [T] [thread 120868] [9.0] [cxt 0] basic_tunnel.p4(155) Condition "hdr.myTunnel.isValid()" (node_4) is false
[19:18:25.873] [bmv2] [D] [thread 120868] [9.0] [cxt 0] Pipeline 'ingress': end
[19:18:25.873] [bmv2] [D] [thread 120868] [9.0] [cxt 0] Egress port is 0
[19:18:25.873] [bmv2] [D] [thread 120869] [9.0] [cxt 0] Pipeline 'egress': start
[19:18:25.873] [bmv2] [D] [thread 120869] [9.0] [cxt 0] Pipeline 'egress': end
[19:18:25.873] [bmv2] [D] [thread 120869] [9.0] [cxt 0] Deparser 'deparser': start
[19:18:25.873] [bmv2] [T] [thread 120869] [9.0] [cxt 0] Skipping checksum 'cksum' update because condition not met
[19:18:25.873] [bmv2] [D] [thread 120869] [9.0] [cxt 0] Deparsing header 'ethernet'
[19:18:25.873] [bmv2] [D] [thread 120869] [9.0] [cxt 0] Deparser 'deparser': end
[19:18:25.873] [bmv2] [D] [thread 120873] [9.0] [cxt 0] Transmitting packet of size 208 out of port 0
[19:18:25.919] [bmv2] [D] [thread 120868] [10.0] [cxt 0] Processing packet received on port 1
[19:18:25.919] [bmv2] [D] [thread 120868] [10.0] [cxt 0] Parser 'parser': start
[19:18:25.919] [bmv2] [D] [thread 120868] [10.0] [cxt 0] Parser 'parser' entering state 'start'
[19:18:25.919] [bmv2] [D] [thread 120868] [10.0] [cxt 0] Extracting header 'ethernet'
[19:18:25.919] [bmv2] [D] [thread 120868] [10.0] [cxt 0] Parser state 'start': key is 86dd
[19:18:25.919] [bmv2] [T] [thread 120868] [10.0] [cxt 0] Bytes parsed: 14
[19:18:25.919] [bmv2] [D] [thread 120868] [10.0] [cxt 0] Parser 'parser': end
[19:18:25.919] [bmv2] [D] [thread 120868] [10.0] [cxt 0] Pipeline 'ingress': start
[19:18:25.919] [bmv2] [T] [thread 120868] [10.0] [cxt 0] basic_tunnel.p4(152) Condition "hdr.ipv4.isValid() && !hdr.myTunnel.isValid()" (node_2) is false
[19:18:25.920] [bmv2] [T] [thread 120868] [10.0] [cxt 0] basic_tunnel.p4(155) Condition "hdr.myTunnel.isValid()" (node_4) is false
[19:18:25.920] [bmv2] [D] [thread 120868] [10.0] [cxt 0] Pipeline 'ingress': end
[19:18:25.920] [bmv2] [D] [thread 120868] [10.0] [cxt 0] Egress port is 0
[19:18:25.920] [bmv2] [D] [thread 120869] [10.0] [cxt 0] Pipeline 'egress': start
[19:18:25.921] [bmv2] [D] [thread 120869] [10.0] [cxt 0] Pipeline 'egress': end
[19:18:25.921] [bmv2] [D] [thread 120869] [10.0] [cxt 0] Deparser 'deparser': start
[19:18:25.921] [bmv2] [T] [thread 120869] [10.0] [cxt 0] Skipping checksum 'cksum' update because condition not met
[19:18:25.921] [bmv2] [D] [thread 120869] [10.0] [cxt 0] Deparsing header 'ethernet'
[19:18:25.921] [bmv2] [D] [thread 120869] [10.0] [cxt 0] Deparser 'deparser': end
[19:18:25.921] [bmv2] [D] [thread 120873] [10.0] [cxt 0] Transmitting packet of size 208 out of port 0
[19:18:25.955] [bmv2] [D] [thread 120868] [11.0] [cxt 0] Processing packet received on port 1
[19:18:25.955] [bmv2] [D] [thread 120868] [11.0] [cxt 0] Parser 'parser': start
[19:18:25.955] [bmv2] [D] [thread 120868] [11.0] [cxt 0] Parser 'parser' entering state 'start'
[19:18:25.955] [bmv2] [D] [thread 120868] [11.0] [cxt 0] Extracting header 'ethernet'
[19:18:25.955] [bmv2] [D] [thread 120868] [11.0] [cxt 0] Parser state 'start': key is 86dd
[19:18:25.955] [bmv2] [T] [thread 120868] [11.0] [cxt 0] Bytes parsed: 14
[19:18:25.955] [bmv2] [D] [thread 120868] [11.0] [cxt 0] Parser 'parser': end
[19:18:25.955] [bmv2] [D] [thread 120868] [11.0] [cxt 0] Pipeline 'ingress': start
[19:18:25.955] [bmv2] [T] [thread 120868] [11.0] [cxt 0] basic_tunnel.p4(152) Condition "hdr.ipv4.isValid() && !hdr.myTunnel.isValid()" (node_2) is false
[19:18:25.955] [bmv2] [T] [thread 120868] [11.0] [cxt 0] basic_tunnel.p4(155) Condition "hdr.myTunnel.isValid()" (node_4) is false
[19:18:25.955] [bmv2] [D] [thread 120868] [11.0] [cxt 0] Pipeline 'ingress': end
[19:18:25.955] [bmv2] [D] [thread 120868] [11.0] [cxt 0] Egress port is 0
[19:18:25.955] [bmv2] [D] [thread 120869] [11.0] [cxt 0] Pipeline 'egress': start
[19:18:25.955] [bmv2] [D] [thread 120869] [11.0] [cxt 0] Pipeline 'egress': end
[19:18:25.955] [bmv2] [D] [thread 120869] [11.0] [cxt 0] Deparser 'deparser': start
[19:18:25.955] [bmv2] [T] [thread 120869] [11.0] [cxt 0] Skipping checksum 'cksum' update because condition not met
[19:18:25.955] [bmv2] [D] [thread 120869] [11.0] [cxt 0] Deparsing header 'ethernet'
[19:18:25.955] [bmv2] [D] [thread 120869] [11.0] [cxt 0] Deparser 'deparser': end
[19:18:25.955] [bmv2] [D] [thread 120873] [11.0] [cxt 0] Transmitting packet of size 110 out of port 0
[19:18:25.972] [bmv2] [D] [thread 120868] [12.0] [cxt 0] Processing packet received on port 3
[19:18:25.972] [bmv2] [D] [thread 120868] [12.0] [cxt 0] Parser 'parser': start
[19:18:25.972] [bmv2] [D] [thread 120868] [12.0] [cxt 0] Parser 'parser' entering state 'start'
[19:18:25.972] [bmv2] [D] [thread 120868] [12.0] [cxt 0] Extracting header 'ethernet'
[19:18:25.972] [bmv2] [D] [thread 120868] [12.0] [cxt 0] Parser state 'start': key is 86dd
[19:18:25.972] [bmv2] [T] [thread 120868] [12.0] [cxt 0] Bytes parsed: 14
[19:18:25.972] [bmv2] [D] [thread 120868] [12.0] [cxt 0] Parser 'parser': end
[19:18:25.972] [bmv2] [D] [thread 120868] [12.0] [cxt 0] Pipeline 'ingress': start
[19:18:25.972] [bmv2] [T] [thread 120868] [12.0] [cxt 0] basic_tunnel.p4(152) Condition "hdr.ipv4.isValid() && !hdr.myTunnel.isValid()" (node_2) is false
[19:18:25.972] [bmv2] [T] [thread 120868] [12.0] [cxt 0] basic_tunnel.p4(155) Condition "hdr.myTunnel.isValid()" (node_4) is false
[19:18:25.972] [bmv2] [D] [thread 120868] [12.0] [cxt 0] Pipeline 'ingress': end
[19:18:25.972] [bmv2] [D] [thread 120868] [12.0] [cxt 0] Egress port is 0
[19:18:25.972] [bmv2] [D] [thread 120869] [12.0] [cxt 0] Pipeline 'egress': start
[19:18:25.972] [bmv2] [D] [thread 120869] [12.0] [cxt 0] Pipeline 'egress': end
[19:18:25.972] [bmv2] [D] [thread 120869] [12.0] [cxt 0] Deparser 'deparser': start
[19:18:25.972] [bmv2] [T] [thread 120869] [12.0] [cxt 0] Skipping checksum 'cksum' update because condition not met
[19:18:25.972] [bmv2] [D] [thread 120869] [12.0] [cxt 0] Deparsing header 'ethernet'
[19:18:25.972] [bmv2] [D] [thread 120869] [12.0] [cxt 0] Deparser 'deparser': end
[19:18:25.972] [bmv2] [D] [thread 120873] [12.0] [cxt 0] Transmitting packet of size 208 out of port 0
[19:18:26.030] [bmv2] [D] [thread 120868] [13.0] [cxt 0] Processing packet received on port 2
[19:18:26.030] [bmv2] [D] [thread 120868] [13.0] [cxt 0] Parser 'parser': start
[19:18:26.030] [bmv2] [D] [thread 120868] [13.0] [cxt 0] Parser 'parser' entering state 'start'
[19:18:26.030] [bmv2] [D] [thread 120868] [13.0] [cxt 0] Extracting header 'ethernet'
[19:18:26.030] [bmv2] [D] [thread 120868] [13.0] [cxt 0] Parser state 'start': key is 86dd
[19:18:26.030] [bmv2] [T] [thread 120868] [13.0] [cxt 0] Bytes parsed: 14
[19:18:26.030] [bmv2] [D] [thread 120868] [13.0] [cxt 0] Parser 'parser': end
[19:18:26.031] [bmv2] [D] [thread 120868] [13.0] [cxt 0] Pipeline 'ingress': start
[19:18:26.031] [bmv2] [T] [thread 120868] [13.0] [cxt 0] basic_tunnel.p4(152) Condition "hdr.ipv4.isValid() && !hdr.myTunnel.isValid()" (node_2) is false
[19:18:26.031] [bmv2] [T] [thread 120868] [13.0] [cxt 0] basic_tunnel.p4(155) Condition "hdr.myTunnel.isValid()" (node_4) is false
[19:18:26.031] [bmv2] [D] [thread 120868] [13.0] [cxt 0] Pipeline 'ingress': end
[19:18:26.031] [bmv2] [D] [thread 120868] [13.0] [cxt 0] Egress port is 0
[19:18:26.031] [bmv2] [D] [thread 120869] [13.0] [cxt 0] Pipeline 'egress': start
[19:18:26.031] [bmv2] [D] [thread 120869] [13.0] [cxt 0] Pipeline 'egress': end
[19:18:26.031] [bmv2] [D] [thread 120869] [13.0] [cxt 0] Deparser 'deparser': start
[19:18:26.031] [bmv2] [T] [thread 120869] [13.0] [cxt 0] Skipping checksum 'cksum' update because condition not met
[19:18:26.031] [bmv2] [D] [thread 120869] [13.0] [cxt 0] Deparsing header 'ethernet'
[19:18:26.031] [bmv2] [D] [thread 120869] [13.0] [cxt 0] Deparser 'deparser': end
[19:18:26.031] [bmv2] [D] [thread 120873] [13.0] [cxt 0] Transmitting packet of size 196 out of port 0
[19:18:26.071] [bmv2] [D] [thread 120868] [14.0] [cxt 0] Processing packet received on port 2
[19:18:26.071] [bmv2] [D] [thread 120868] [14.0] [cxt 0] Parser 'parser': start
[19:18:26.071] [bmv2] [D] [thread 120868] [14.0] [cxt 0] Parser 'parser' entering state 'start'
[19:18:26.071] [bmv2] [D] [thread 120868] [14.0] [cxt 0] Extracting header 'ethernet'
[19:18:26.071] [bmv2] [D] [thread 120868] [14.0] [cxt 0] Parser state 'start': key is 86dd
[19:18:26.071] [bmv2] [T] [thread 120868] [14.0] [cxt 0] Bytes parsed: 14
[19:18:26.071] [bmv2] [D] [thread 120868] [14.0] [cxt 0] Parser 'parser': end
[19:18:26.071] [bmv2] [D] [thread 120868] [14.0] [cxt 0] Pipeline 'ingress': start
[19:18:26.071] [bmv2] [T] [thread 120868] [14.0] [cxt 0] basic_tunnel.p4(152) Condition "hdr.ipv4.isValid() && !hdr.myTunnel.isValid()" (node_2) is false
[19:18:26.071] [bmv2] [T] [thread 120868] [14.0] [cxt 0] basic_tunnel.p4(155) Condition "hdr.myTunnel.isValid()" (node_4) is false
[19:18:26.071] [bmv2] [D] [thread 120868] [14.0] [cxt 0] Pipeline 'ingress': end
[19:18:26.071] [bmv2] [D] [thread 120868] [14.0] [cxt 0] Egress port is 0
[19:18:26.071] [bmv2] [D] [thread 120869] [14.0] [cxt 0] Pipeline 'egress': start
[19:18:26.071] [bmv2] [D] [thread 120869] [14.0] [cxt 0] Pipeline 'egress': end
[19:18:26.071] [bmv2] [D] [thread 120869] [14.0] [cxt 0] Deparser 'deparser': start
[19:18:26.071] [bmv2] [T] [thread 120869] [14.0] [cxt 0] Skipping checksum 'cksum' update because condition not met
[19:18:26.071] [bmv2] [D] [thread 120869] [14.0] [cxt 0] Deparsing header 'ethernet'
[19:18:26.071] [bmv2] [D] [thread 120869] [14.0] [cxt 0] Deparser 'deparser': end
[19:18:26.071] [bmv2] [D] [thread 120873] [14.0] [cxt 0] Transmitting packet of size 196 out of port 0
[19:18:26.097] [bmv2] [D] [thread 120868] [15.0] [cxt 0] Processing packet received on port 3
[19:18:26.098] [bmv2] [D] [thread 120868] [15.0] [cxt 0] Parser 'parser': start
[19:18:26.098] [bmv2] [D] [thread 120868] [15.0] [cxt 0] Parser 'parser' entering state 'start'
[19:18:26.098] [bmv2] [D] [thread 120868] [15.0] [cxt 0] Extracting header 'ethernet'
[19:18:26.098] [bmv2] [D] [thread 120868] [15.0] [cxt 0] Parser state 'start': key is 86dd
[19:18:26.098] [bmv2] [T] [thread 120868] [15.0] [cxt 0] Bytes parsed: 14
[19:18:26.098] [bmv2] [D] [thread 120868] [15.0] [cxt 0] Parser 'parser': end
[19:18:26.098] [bmv2] [D] [thread 120868] [15.0] [cxt 0] Pipeline 'ingress': start
[19:18:26.098] [bmv2] [T] [thread 120868] [15.0] [cxt 0] basic_tunnel.p4(152) Condition "hdr.ipv4.isValid() && !hdr.myTunnel.isValid()" (node_2) is false
[19:18:26.098] [bmv2] [T] [thread 120868] [15.0] [cxt 0] basic_tunnel.p4(155) Condition "hdr.myTunnel.isValid()" (node_4) is false
[19:18:26.098] [bmv2] [D] [thread 120868] [15.0] [cxt 0] Pipeline 'ingress': end
[19:18:26.098] [bmv2] [D] [thread 120868] [15.0] [cxt 0] Egress port is 0
[19:18:26.098] [bmv2] [D] [thread 120869] [15.0] [cxt 0] Pipeline 'egress': start
[19:18:26.098] [bmv2] [D] [thread 120869] [15.0] [cxt 0] Pipeline 'egress': end
[19:18:26.098] [bmv2] [D] [thread 120869] [15.0] [cxt 0] Deparser 'deparser': start
[19:18:26.098] [bmv2] [T] [thread 120869] [15.0] [cxt 0] Skipping checksum 'cksum' update because condition not met
[19:18:26.098] [bmv2] [D] [thread 120869] [15.0] [cxt 0] Deparsing header 'ethernet'
[19:18:26.098] [bmv2] [D] [thread 120869] [15.0] [cxt 0] Deparser 'deparser': end
[19:18:26.098] [bmv2] [D] [thread 120873] [15.0] [cxt 0] Transmitting packet of size 208 out of port 0
[19:18:26.166] [bmv2] [D] [thread 120868] [16.0] [cxt 0] Processing packet received on port 1
[19:18:26.167] [bmv2] [D] [thread 120868] [16.0] [cxt 0] Parser 'parser': start
[19:18:26.167] [bmv2] [D] [thread 120868] [16.0] [cxt 0] Parser 'parser' entering state 'start'
[19:18:26.167] [bmv2] [D] [thread 120868] [16.0] [cxt 0] Extracting header 'ethernet'
[19:18:26.167] [bmv2] [D] [thread 120868] [16.0] [cxt 0] Parser state 'start': key is 86dd
[19:18:26.167] [bmv2] [T] [thread 120868] [16.0] [cxt 0] Bytes parsed: 14
[19:18:26.167] [bmv2] [D] [thread 120868] [16.0] [cxt 0] Parser 'parser': end
[19:18:26.167] [bmv2] [D] [thread 120868] [16.0] [cxt 0] Pipeline 'ingress': start
[19:18:26.167] [bmv2] [T] [thread 120868] [16.0] [cxt 0] basic_tunnel.p4(152) Condition "hdr.ipv4.isValid() && !hdr.myTunnel.isValid()" (node_2) is false
[19:18:26.167] [bmv2] [T] [thread 120868] [16.0] [cxt 0] basic_tunnel.p4(155) Condition "hdr.myTunnel.isValid()" (node_4) is false
[19:18:26.167] [bmv2] [D] [thread 120868] [16.0] [cxt 0] Pipeline 'ingress': end
[19:18:26.167] [bmv2] [D] [thread 120868] [16.0] [cxt 0] Egress port is 0
[19:18:26.167] [bmv2] [D] [thread 120869] [16.0] [cxt 0] Pipeline 'egress': start
[19:18:26.167] [bmv2] [D] [thread 120869] [16.0] [cxt 0] Pipeline 'egress': end
[19:18:26.167] [bmv2] [D] [thread 120869] [16.0] [cxt 0] Deparser 'deparser': start
[19:18:26.167] [bmv2] [T] [thread 120869] [16.0] [cxt 0] Skipping checksum 'cksum' update because condition not met
[19:18:26.167] [bmv2] [D] [thread 120869] [16.0] [cxt 0] Deparsing header 'ethernet'
[19:18:26.167] [bmv2] [D] [thread 120869] [16.0] [cxt 0] Deparser 'deparser': end
[19:18:26.167] [bmv2] [D] [thread 120873] [16.0] [cxt 0] Transmitting packet of size 208 out of port 0
[19:18:26.169] [bmv2] [D] [thread 120868] [17.0] [cxt 0] Processing packet received on port 3
[19:18:26.169] [bmv2] [D] [thread 120868] [17.0] [cxt 0] Parser 'parser': start
[19:18:26.169] [bmv2] [D] [thread 120868] [17.0] [cxt 0] Parser 'parser' entering state 'start'
[19:18:26.169] [bmv2] [D] [thread 120868] [17.0] [cxt 0] Extracting header 'ethernet'
[19:18:26.169] [bmv2] [D] [thread 120868] [17.0] [cxt 0] Parser state 'start': key is 86dd
[19:18:26.169] [bmv2] [T] [thread 120868] [17.0] [cxt 0] Bytes parsed: 14
[19:18:26.169] [bmv2] [D] [thread 120868] [17.0] [cxt 0] Parser 'parser': end
[19:18:26.169] [bmv2] [D] [thread 120868] [17.0] [cxt 0] Pipeline 'ingress': start
[19:18:26.169] [bmv2] [T] [thread 120868] [17.0] [cxt 0] basic_tunnel.p4(152) Condition "hdr.ipv4.isValid() && !hdr.myTunnel.isValid()" (node_2) is false
[19:18:26.169] [bmv2] [T] [thread 120868] [17.0] [cxt 0] basic_tunnel.p4(155) Condition "hdr.myTunnel.isValid()" (node_4) is false
[19:18:26.169] [bmv2] [D] [thread 120868] [17.0] [cxt 0] Pipeline 'ingress': end
[19:18:26.169] [bmv2] [D] [thread 120868] [17.0] [cxt 0] Egress port is 0
[19:18:26.170] [bmv2] [D] [thread 120869] [17.0] [cxt 0] Pipeline 'egress': start
[19:18:26.170] [bmv2] [D] [thread 120869] [17.0] [cxt 0] Pipeline 'egress': end
[19:18:26.170] [bmv2] [D] [thread 120869] [17.0] [cxt 0] Deparser 'deparser': start
[19:18:26.170] [bmv2] [T] [thread 120869] [17.0] [cxt 0] Skipping checksum 'cksum' update because condition not met
[19:18:26.170] [bmv2] [D] [thread 120869] [17.0] [cxt 0] Deparsing header 'ethernet'
[19:18:26.170] [bmv2] [D] [thread 120869] [17.0] [cxt 0] Deparser 'deparser': end
[19:18:26.170] [bmv2] [D] [thread 120873] [17.0] [cxt 0] Transmitting packet of size 196 out of port 0
[19:18:26.307] [bmv2] [D] [thread 120868] [18.0] [cxt 0] Processing packet received on port 3
[19:18:26.308] [bmv2] [D] [thread 120868] [18.0] [cxt 0] Parser 'parser': start
[19:18:26.308] [bmv2] [D] [thread 120868] [18.0] [cxt 0] Parser 'parser' entering state 'start'
[19:18:26.308] [bmv2] [D] [thread 120868] [18.0] [cxt 0] Extracting header 'ethernet'
[19:18:26.308] [bmv2] [D] [thread 120868] [18.0] [cxt 0] Parser state 'start': key is 86dd
[19:18:26.308] [bmv2] [T] [thread 120868] [18.0] [cxt 0] Bytes parsed: 14
[19:18:26.308] [bmv2] [D] [thread 120868] [18.0] [cxt 0] Parser 'parser': end
[19:18:26.308] [bmv2] [D] [thread 120868] [18.0] [cxt 0] Pipeline 'ingress': start
[19:18:26.308] [bmv2] [T] [thread 120868] [18.0] [cxt 0] basic_tunnel.p4(152) Condition "hdr.ipv4.isValid() && !hdr.myTunnel.isValid()" (node_2) is false
[19:18:26.308] [bmv2] [T] [thread 120868] [18.0] [cxt 0] basic_tunnel.p4(155) Condition "hdr.myTunnel.isValid()" (node_4) is false
[19:18:26.308] [bmv2] [D] [thread 120868] [18.0] [cxt 0] Pipeline 'ingress': end
[19:18:26.308] [bmv2] [D] [thread 120868] [18.0] [cxt 0] Egress port is 0
[19:18:26.310] [bmv2] [D] [thread 120869] [18.0] [cxt 0] Pipeline 'egress': start
[19:18:26.310] [bmv2] [D] [thread 120869] [18.0] [cxt 0] Pipeline 'egress': end
[19:18:26.310] [bmv2] [D] [thread 120869] [18.0] [cxt 0] Deparser 'deparser': start
[19:18:26.310] [bmv2] [T] [thread 120869] [18.0] [cxt 0] Skipping checksum 'cksum' update because condition not met
[19:18:26.310] [bmv2] [D] [thread 120869] [18.0] [cxt 0] Deparsing header 'ethernet'
[19:18:26.310] [bmv2] [D] [thread 120869] [18.0] [cxt 0] Deparser 'deparser': end
[19:18:26.311] [bmv2] [D] [thread 120873] [18.0] [cxt 0] Transmitting packet of size 196 out of port 0
[19:18:26.426] [bmv2] [D] [thread 120868] [19.0] [cxt 0] Processing packet received on port 1
[19:18:26.426] [bmv2] [D] [thread 120868] [19.0] [cxt 0] Parser 'parser': start
[19:18:26.427] [bmv2] [D] [thread 120868] [19.0] [cxt 0] Parser 'parser' entering state 'start'
[19:18:26.427] [bmv2] [D] [thread 120868] [19.0] [cxt 0] Extracting header 'ethernet'
[19:18:26.427] [bmv2] [D] [thread 120868] [19.0] [cxt 0] Parser state 'start': key is 86dd
[19:18:26.427] [bmv2] [T] [thread 120868] [19.0] [cxt 0] Bytes parsed: 14
[19:18:26.427] [bmv2] [D] [thread 120868] [19.0] [cxt 0] Parser 'parser': end
[19:18:26.427] [bmv2] [D] [thread 120868] [19.0] [cxt 0] Pipeline 'ingress': start
[19:18:26.427] [bmv2] [T] [thread 120868] [19.0] [cxt 0] basic_tunnel.p4(152) Condition "hdr.ipv4.isValid() && !hdr.myTunnel.isValid()" (node_2) is false
[19:18:26.427] [bmv2] [T] [thread 120868] [19.0] [cxt 0] basic_tunnel.p4(155) Condition "hdr.myTunnel.isValid()" (node_4) is false
[19:18:26.427] [bmv2] [D] [thread 120868] [19.0] [cxt 0] Pipeline 'ingress': end
[19:18:26.427] [bmv2] [D] [thread 120868] [19.0] [cxt 0] Egress port is 0
[19:18:26.427] [bmv2] [D] [thread 120869] [19.0] [cxt 0] Pipeline 'egress': start
[19:18:26.427] [bmv2] [D] [thread 120869] [19.0] [cxt 0] Pipeline 'egress': end
[19:18:26.427] [bmv2] [D] [thread 120869] [19.0] [cxt 0] Deparser 'deparser': start
[19:18:26.427] [bmv2] [T] [thread 120869] [19.0] [cxt 0] Skipping checksum 'cksum' update because condition not met
[19:18:26.427] [bmv2] [D] [thread 120869] [19.0] [cxt 0] Deparsing header 'ethernet'
[19:18:26.427] [bmv2] [D] [thread 120869] [19.0] [cxt 0] Deparser 'deparser': end
[19:18:26.427] [bmv2] [D] [thread 120873] [19.0] [cxt 0] Transmitting packet of size 208 out of port 0
[19:18:26.500] [bmv2] [D] [thread 120868] [20.0] [cxt 0] Processing packet received on port 1
[19:18:26.500] [bmv2] [D] [thread 120868] [20.0] [cxt 0] Parser 'parser': start
[19:18:26.500] [bmv2] [D] [thread 120868] [20.0] [cxt 0] Parser 'parser' entering state 'start'
[19:18:26.500] [bmv2] [D] [thread 120868] [20.0] [cxt 0] Extracting header 'ethernet'
[19:18:26.500] [bmv2] [D] [thread 120868] [20.0] [cxt 0] Parser state 'start': key is 86dd
[19:18:26.500] [bmv2] [T] [thread 120868] [20.0] [cxt 0] Bytes parsed: 14
[19:18:26.500] [bmv2] [D] [thread 120868] [20.0] [cxt 0] Parser 'parser': end
[19:18:26.500] [bmv2] [D] [thread 120868] [20.0] [cxt 0] Pipeline 'ingress': start
[19:18:26.500] [bmv2] [T] [thread 120868] [20.0] [cxt 0] basic_tunnel.p4(152) Condition "hdr.ipv4.isValid() && !hdr.myTunnel.isValid()" (node_2) is false
[19:18:26.500] [bmv2] [T] [thread 120868] [20.0] [cxt 0] basic_tunnel.p4(155) Condition "hdr.myTunnel.isValid()" (node_4) is false
[19:18:26.500] [bmv2] [D] [thread 120868] [20.0] [cxt 0] Pipeline 'ingress': end
[19:18:26.500] [bmv2] [D] [thread 120868] [20.0] [cxt 0] Egress port is 0
[19:18:26.500] [bmv2] [D] [thread 120869] [20.0] [cxt 0] Pipeline 'egress': start
[19:18:26.500] [bmv2] [D] [thread 120869] [20.0] [cxt 0] Pipeline 'egress': end
[19:18:26.500] [bmv2] [D] [thread 120869] [20.0] [cxt 0] Deparser 'deparser': start
[19:18:26.500] [bmv2] [T] [thread 120869] [20.0] [cxt 0] Skipping checksum 'cksum' update because condition not met
[19:18:26.501] [bmv2] [D] [thread 120869] [20.0] [cxt 0] Deparsing header 'ethernet'
[19:18:26.501] [bmv2] [D] [thread 120869] [20.0] [cxt 0] Deparser 'deparser': end
[19:18:26.501] [bmv2] [D] [thread 120873] [20.0] [cxt 0] Transmitting packet of size 90 out of port 0
[19:18:26.621] [bmv2] [D] [thread 120868] [21.0] [cxt 0] Processing packet received on port 1
[19:18:26.621] [bmv2] [D] [thread 120868] [21.0] [cxt 0] Parser 'parser': start
[19:18:26.621] [bmv2] [D] [thread 120868] [21.0] [cxt 0] Parser 'parser' entering state 'start'
[19:18:26.621] [bmv2] [D] [thread 120868] [21.0] [cxt 0] Extracting header 'ethernet'
[19:18:26.621] [bmv2] [D] [thread 120868] [21.0] [cxt 0] Parser state 'start': key is 86dd
[19:18:26.621] [bmv2] [T] [thread 120868] [21.0] [cxt 0] Bytes parsed: 14
[19:18:26.621] [bmv2] [D] [thread 120868] [21.0] [cxt 0] Parser 'parser': end
[19:18:26.621] [bmv2] [D] [thread 120868] [21.0] [cxt 0] Pipeline 'ingress': start
[19:18:26.621] [bmv2] [T] [thread 120868] [21.0] [cxt 0] basic_tunnel.p4(152) Condition "hdr.ipv4.isValid() && !hdr.myTunnel.isValid()" (node_2) is false
[19:18:26.621] [bmv2] [T] [thread 120868] [21.0] [cxt 0] basic_tunnel.p4(155) Condition "hdr.myTunnel.isValid()" (node_4) is false
[19:18:26.621] [bmv2] [D] [thread 120868] [21.0] [cxt 0] Pipeline 'ingress': end
[19:18:26.621] [bmv2] [D] [thread 120868] [21.0] [cxt 0] Egress port is 0
[19:18:26.621] [bmv2] [D] [thread 120869] [21.0] [cxt 0] Pipeline 'egress': start
[19:18:26.621] [bmv2] [D] [thread 120869] [21.0] [cxt 0] Pipeline 'egress': end
[19:18:26.621] [bmv2] [D] [thread 120869] [21.0] [cxt 0] Deparser 'deparser': start
[19:18:26.621] [bmv2] [T] [thread 120869] [21.0] [cxt 0] Skipping checksum 'cksum' update because condition not met
[19:18:26.621] [bmv2] [D] [thread 120869] [21.0] [cxt 0] Deparsing header 'ethernet'
[19:18:26.621] [bmv2] [D] [thread 120869] [21.0] [cxt 0] Deparser 'deparser': end
[19:18:26.621] [bmv2] [D] [thread 120873] [21.0] [cxt 0] Transmitting packet of size 196 out of port 0
[19:18:27.245] [bmv2] [D] [thread 120868] [22.0] [cxt 0] Processing packet received on port 2
[19:18:27.245] [bmv2] [D] [thread 120868] [22.0] [cxt 0] Parser 'parser': start
[19:18:27.245] [bmv2] [D] [thread 120868] [22.0] [cxt 0] Parser 'parser' entering state 'start'
[19:18:27.245] [bmv2] [D] [thread 120868] [22.0] [cxt 0] Extracting header 'ethernet'
[19:18:27.245] [bmv2] [D] [thread 120868] [22.0] [cxt 0] Parser state 'start': key is 86dd
[19:18:27.245] [bmv2] [T] [thread 120868] [22.0] [cxt 0] Bytes parsed: 14
[19:18:27.245] [bmv2] [D] [thread 120868] [22.0] [cxt 0] Parser 'parser': end
[19:18:27.245] [bmv2] [D] [thread 120868] [22.0] [cxt 0] Pipeline 'ingress': start
[19:18:27.245] [bmv2] [T] [thread 120868] [22.0] [cxt 0] basic_tunnel.p4(152) Condition "hdr.ipv4.isValid() && !hdr.myTunnel.isValid()" (node_2) is false
[19:18:27.245] [bmv2] [T] [thread 120868] [22.0] [cxt 0] basic_tunnel.p4(155) Condition "hdr.myTunnel.isValid()" (node_4) is false
[19:18:27.245] [bmv2] [D] [thread 120868] [22.0] [cxt 0] Pipeline 'ingress': end
[19:18:27.245] [bmv2] [D] [thread 120868] [22.0] [cxt 0] Egress port is 0
[19:18:27.245] [bmv2] [D] [thread 120869] [22.0] [cxt 0] Pipeline 'egress': start
[19:18:27.245] [bmv2] [D] [thread 120869] [22.0] [cxt 0] Pipeline 'egress': end
[19:18:27.245] [bmv2] [D] [thread 120869] [22.0] [cxt 0] Deparser 'deparser': start
[19:18:27.245] [bmv2] [T] [thread 120869] [22.0] [cxt 0] Skipping checksum 'cksum' update because condition not met
[19:18:27.245] [bmv2] [D] [thread 120869] [22.0] [cxt 0] Deparsing header 'ethernet'
[19:18:27.245] [bmv2] [D] [thread 120869] [22.0] [cxt 0] Deparser 'deparser': end
[19:18:27.245] [bmv2] [D] [thread 120873] [22.0] [cxt 0] Transmitting packet of size 196 out of port 0
[19:18:27.293] [bmv2] [D] [thread 120868] [23.0] [cxt 0] Processing packet received on port 2
[19:18:27.293] [bmv2] [D] [thread 120868] [23.0] [cxt 0] Parser 'parser': start
[19:18:27.293] [bmv2] [D] [thread 120868] [23.0] [cxt 0] Parser 'parser' entering state 'start'
[19:18:27.293] [bmv2] [D] [thread 120868] [23.0] [cxt 0] Extracting header 'ethernet'
[19:18:27.293] [bmv2] [D] [thread 120868] [23.0] [cxt 0] Parser state 'start': key is 86dd
[19:18:27.293] [bmv2] [T] [thread 120868] [23.0] [cxt 0] Bytes parsed: 14
[19:18:27.293] [bmv2] [D] [thread 120868] [23.0] [cxt 0] Parser 'parser': end
[19:18:27.293] [bmv2] [D] [thread 120868] [23.0] [cxt 0] Pipeline 'ingress': start
[19:18:27.293] [bmv2] [T] [thread 120868] [23.0] [cxt 0] basic_tunnel.p4(152) Condition "hdr.ipv4.isValid() && !hdr.myTunnel.isValid()" (node_2) is false
[19:18:27.293] [bmv2] [T] [thread 120868] [23.0] [cxt 0] basic_tunnel.p4(155) Condition "hdr.myTunnel.isValid()" (node_4) is false
[19:18:27.293] [bmv2] [D] [thread 120868] [23.0] [cxt 0] Pipeline 'ingress': end
[19:18:27.293] [bmv2] [D] [thread 120868] [23.0] [cxt 0] Egress port is 0
[19:18:27.294] [bmv2] [D] [thread 120869] [23.0] [cxt 0] Pipeline 'egress': start
[19:18:27.294] [bmv2] [D] [thread 120869] [23.0] [cxt 0] Pipeline 'egress': end
[19:18:27.294] [bmv2] [D] [thread 120869] [23.0] [cxt 0] Deparser 'deparser': start
[19:18:27.294] [bmv2] [T] [thread 120869] [23.0] [cxt 0] Skipping checksum 'cksum' update because condition not met
[19:18:27.294] [bmv2] [D] [thread 120869] [23.0] [cxt 0] Deparsing header 'ethernet'
[19:18:27.294] [bmv2] [D] [thread 120869] [23.0] [cxt 0] Deparser 'deparser': end
[19:18:27.294] [bmv2] [D] [thread 120873] [23.0] [cxt 0] Transmitting packet of size 196 out of port 0
[19:18:27.354] [bmv2] [W] [thread 120910] [P4Runtime] p4::tmp::P4DeviceConfig is deprecated
[19:18:27.355] [bmv2] [D] [thread 120910] Set default default entry for table 'MyIngress.ipv4_lpm': MyIngress.drop - 
[19:18:27.355] [bmv2] [D] [thread 120910] Set default default entry for table 'MyIngress.myTunnel_exact': MyIngress.drop - 
[19:18:27.356] [bmv2] [D] [thread 120910] simple_switch target has been notified of a config swap
[19:18:27.358] [bmv2] [D] [thread 120910] Entry 0 added to table 'MyIngress.ipv4_lpm'
[19:18:27.358] [bmv2] [D] [thread 120910] Dumping entry 0
Match key:
* hdr.ipv4.dstAddr    : LPM       0a000101/32
Action entry: MyIngress.ipv4_forward - 80000000100,2,

[19:18:27.360] [bmv2] [D] [thread 120911] Entry 1 added to table 'MyIngress.ipv4_lpm'
[19:18:27.360] [bmv2] [D] [thread 120911] Dumping entry 1
Match key:
* hdr.ipv4.dstAddr    : LPM       0a000202/32
Action entry: MyIngress.ipv4_forward - 80000000200,3,

[19:18:27.364] [bmv2] [D] [thread 120910] Entry 2 added to table 'MyIngress.ipv4_lpm'
[19:18:27.364] [bmv2] [D] [thread 120910] Dumping entry 2
Match key:
* hdr.ipv4.dstAddr    : LPM       0a000303/32
Action entry: MyIngress.ipv4_forward - 80000000333,1,

[19:18:27.366] [bmv2] [D] [thread 120911] Entry 0 added to table 'MyIngress.myTunnel_exact'
[19:18:27.366] [bmv2] [D] [thread 120911] Dumping entry 0
Match key:
* hdr.myTunnel.dst_id : EXACT     0001
Action entry: MyIngress.myTunnel_forward - 2,

[19:18:27.368] [bmv2] [D] [thread 120910] Entry 1 added to table 'MyIngress.myTunnel_exact'
[19:18:27.368] [bmv2] [D] [thread 120910] Dumping entry 1
Match key:
* hdr.myTunnel.dst_id : EXACT     0002
Action entry: MyIngress.myTunnel_forward - 3,

[19:18:27.369] [bmv2] [D] [thread 120911] Entry 2 added to table 'MyIngress.myTunnel_exact'
[19:18:27.369] [bmv2] [D] [thread 120911] Dumping entry 2
Match key:
* hdr.myTunnel.dst_id : EXACT     0003
Action entry: MyIngress.myTunnel_forward - 1,

[19:18:27.391] [bmv2] [D] [thread 120868] [24.0] [cxt 0] Processing packet received on port 3
[19:18:27.391] [bmv2] [D] [thread 120868] [24.0] [cxt 0] Parser 'parser': start
[19:18:27.391] [bmv2] [D] [thread 120868] [24.0] [cxt 0] Parser 'parser' entering state 'start'
[19:18:27.391] [bmv2] [D] [thread 120868] [24.0] [cxt 0] Extracting header 'ethernet'
[19:18:27.391] [bmv2] [D] [thread 120868] [24.0] [cxt 0] Parser state 'start': key is 86dd
[19:18:27.391] [bmv2] [T] [thread 120868] [24.0] [cxt 0] Bytes parsed: 14
[19:18:27.391] [bmv2] [D] [thread 120868] [24.0] [cxt 0] Parser 'parser': end
[19:18:27.391] [bmv2] [D] [thread 120868] [24.0] [cxt 0] Pipeline 'ingress': start
[19:18:27.391] [bmv2] [T] [thread 120868] [24.0] [cxt 0] basic_tunnel.p4(152) Condition "hdr.ipv4.isValid() && !hdr.myTunnel.isValid()" (node_2) is false
[19:18:27.391] [bmv2] [T] [thread 120868] [24.0] [cxt 0] basic_tunnel.p4(155) Condition "hdr.myTunnel.isValid()" (node_4) is false
[19:18:27.391] [bmv2] [D] [thread 120868] [24.0] [cxt 0] Pipeline 'ingress': end
[19:18:27.391] [bmv2] [D] [thread 120868] [24.0] [cxt 0] Egress port is 0
[19:18:27.391] [bmv2] [D] [thread 120869] [24.0] [cxt 0] Pipeline 'egress': start
[19:18:27.391] [bmv2] [D] [thread 120869] [24.0] [cxt 0] Pipeline 'egress': end
[19:18:27.391] [bmv2] [D] [thread 120869] [24.0] [cxt 0] Deparser 'deparser': start
[19:18:27.391] [bmv2] [T] [thread 120869] [24.0] [cxt 0] Skipping checksum 'cksum' update because condition not met
[19:18:27.391] [bmv2] [D] [thread 120869] [24.0] [cxt 0] Deparsing header 'ethernet'
[19:18:27.391] [bmv2] [D] [thread 120869] [24.0] [cxt 0] Deparser 'deparser': end
[19:18:27.391] [bmv2] [D] [thread 120873] [24.0] [cxt 0] Transmitting packet of size 196 out of port 0
[19:18:27.528] [bmv2] [D] [thread 120868] [25.0] [cxt 0] Processing packet received on port 3
[19:18:27.528] [bmv2] [D] [thread 120868] [25.0] [cxt 0] Parser 'parser': start
[19:18:27.528] [bmv2] [D] [thread 120868] [25.0] [cxt 0] Parser 'parser' entering state 'start'
[19:18:27.529] [bmv2] [D] [thread 120868] [25.0] [cxt 0] Extracting header 'ethernet'
[19:18:27.529] [bmv2] [D] [thread 120868] [25.0] [cxt 0] Parser state 'start': key is 86dd
[19:18:27.529] [bmv2] [T] [thread 120868] [25.0] [cxt 0] Bytes parsed: 14
[19:18:27.529] [bmv2] [D] [thread 120868] [25.0] [cxt 0] Parser 'parser': end
[19:18:27.529] [bmv2] [D] [thread 120868] [25.0] [cxt 0] Pipeline 'ingress': start
[19:18:27.529] [bmv2] [T] [thread 120868] [25.0] [cxt 0] basic_tunnel.p4(152) Condition "hdr.ipv4.isValid() && !hdr.myTunnel.isValid()" (node_2) is false
[19:18:27.529] [bmv2] [T] [thread 120868] [25.0] [cxt 0] basic_tunnel.p4(155) Condition "hdr.myTunnel.isValid()" (node_4) is false
[19:18:27.529] [bmv2] [D] [thread 120868] [25.0] [cxt 0] Pipeline 'ingress': end
[19:18:27.529] [bmv2] [D] [thread 120868] [25.0] [cxt 0] Egress port is 0
[19:18:27.529] [bmv2] [D] [thread 120869] [25.0] [cxt 0] Pipeline 'egress': start
[19:18:27.529] [bmv2] [D] [thread 120869] [25.0] [cxt 0] Pipeline 'egress': end
[19:18:27.529] [bmv2] [D] [thread 120869] [25.0] [cxt 0] Deparser 'deparser': start
[19:18:27.529] [bmv2] [T] [thread 120869] [25.0] [cxt 0] Skipping checksum 'cksum' update because condition not met
[19:18:27.529] [bmv2] [D] [thread 120869] [25.0] [cxt 0] Deparsing header 'ethernet'
[19:18:27.529] [bmv2] [D] [thread 120869] [25.0] [cxt 0] Deparser 'deparser': end
[19:18:27.530] [bmv2] [D] [thread 120873] [25.0] [cxt 0] Transmitting packet of size 196 out of port 0
[19:18:27.846] [bmv2] [D] [thread 120868] [26.0] [cxt 0] Processing packet received on port 1
[19:18:27.846] [bmv2] [D] [thread 120868] [26.0] [cxt 0] Parser 'parser': start
[19:18:27.846] [bmv2] [D] [thread 120868] [26.0] [cxt 0] Parser 'parser' entering state 'start'
[19:18:27.847] [bmv2] [D] [thread 120868] [26.0] [cxt 0] Extracting header 'ethernet'
[19:18:27.847] [bmv2] [D] [thread 120868] [26.0] [cxt 0] Parser state 'start': key is 86dd
[19:18:27.847] [bmv2] [T] [thread 120868] [26.0] [cxt 0] Bytes parsed: 14
[19:18:27.847] [bmv2] [D] [thread 120868] [26.0] [cxt 0] Parser 'parser': end
[19:18:27.847] [bmv2] [D] [thread 120868] [26.0] [cxt 0] Pipeline 'ingress': start
[19:18:27.847] [bmv2] [T] [thread 120868] [26.0] [cxt 0] basic_tunnel.p4(152) Condition "hdr.ipv4.isValid() && !hdr.myTunnel.isValid()" (node_2) is false
[19:18:27.847] [bmv2] [T] [thread 120868] [26.0] [cxt 0] basic_tunnel.p4(155) Condition "hdr.myTunnel.isValid()" (node_4) is false
[19:18:27.847] [bmv2] [D] [thread 120868] [26.0] [cxt 0] Pipeline 'ingress': end
[19:18:27.847] [bmv2] [D] [thread 120868] [26.0] [cxt 0] Egress port is 0
[19:18:27.847] [bmv2] [D] [thread 120869] [26.0] [cxt 0] Pipeline 'egress': start
[19:18:27.847] [bmv2] [D] [thread 120869] [26.0] [cxt 0] Pipeline 'egress': end
[19:18:27.847] [bmv2] [D] [thread 120869] [26.0] [cxt 0] Deparser 'deparser': start
[19:18:27.847] [bmv2] [T] [thread 120869] [26.0] [cxt 0] Skipping checksum 'cksum' update because condition not met
[19:18:27.847] [bmv2] [D] [thread 120869] [26.0] [cxt 0] Deparsing header 'ethernet'
[19:18:27.847] [bmv2] [D] [thread 120869] [26.0] [cxt 0] Deparser 'deparser': end
[19:18:27.847] [bmv2] [D] [thread 120873] [26.0] [cxt 0] Transmitting packet of size 196 out of port 0
[19:18:29.472] [bmv2] [D] [thread 120868] [27.0] [cxt 0] Processing packet received on port 2
[19:18:29.472] [bmv2] [D] [thread 120868] [27.0] [cxt 0] Parser 'parser': start
[19:18:29.472] [bmv2] [D] [thread 120868] [27.0] [cxt 0] Parser 'parser' entering state 'start'
[19:18:29.472] [bmv2] [D] [thread 120868] [27.0] [cxt 0] Extracting header 'ethernet'
[19:18:29.472] [bmv2] [D] [thread 120868] [27.0] [cxt 0] Parser state 'start': key is 86dd
[19:18:29.472] [bmv2] [T] [thread 120868] [27.0] [cxt 0] Bytes parsed: 14
[19:18:29.472] [bmv2] [D] [thread 120868] [27.0] [cxt 0] Parser 'parser': end
[19:18:29.472] [bmv2] [D] [thread 120868] [27.0] [cxt 0] Pipeline 'ingress': start
[19:18:29.472] [bmv2] [T] [thread 120868] [27.0] [cxt 0] basic_tunnel.p4(152) Condition "hdr.ipv4.isValid() && !hdr.myTunnel.isValid()" (node_2) is false
[19:18:29.472] [bmv2] [T] [thread 120868] [27.0] [cxt 0] basic_tunnel.p4(155) Condition "hdr.myTunnel.isValid()" (node_4) is false
[19:18:29.472] [bmv2] [D] [thread 120868] [27.0] [cxt 0] Pipeline 'ingress': end
[19:18:29.472] [bmv2] [D] [thread 120868] [27.0] [cxt 0] Egress port is 0
[19:18:29.472] [bmv2] [D] [thread 120869] [27.0] [cxt 0] Pipeline 'egress': start
[19:18:29.472] [bmv2] [D] [thread 120869] [27.0] [cxt 0] Pipeline 'egress': end
[19:18:29.472] [bmv2] [D] [thread 120869] [27.0] [cxt 0] Deparser 'deparser': start
[19:18:29.472] [bmv2] [T] [thread 120869] [27.0] [cxt 0] Skipping checksum 'cksum' update because condition not met
[19:18:29.472] [bmv2] [D] [thread 120869] [27.0] [cxt 0] Deparsing header 'ethernet'
[19:18:29.472] [bmv2] [D] [thread 120869] [27.0] [cxt 0] Deparser 'deparser': end
[19:18:29.473] [bmv2] [D] [thread 120873] [27.0] [cxt 0] Transmitting packet of size 196 out of port 0
[19:18:29.479] [bmv2] [D] [thread 120868] [28.0] [cxt 0] Processing packet received on port 2
[19:18:29.479] [bmv2] [D] [thread 120868] [28.0] [cxt 0] Parser 'parser': start
[19:18:29.479] [bmv2] [D] [thread 120868] [28.0] [cxt 0] Parser 'parser' entering state 'start'
[19:18:29.479] [bmv2] [D] [thread 120868] [28.0] [cxt 0] Extracting header 'ethernet'
[19:18:29.479] [bmv2] [D] [thread 120868] [28.0] [cxt 0] Parser state 'start': key is 86dd
[19:18:29.479] [bmv2] [T] [thread 120868] [28.0] [cxt 0] Bytes parsed: 14
[19:18:29.479] [bmv2] [D] [thread 120868] [28.0] [cxt 0] Parser 'parser': end
[19:18:29.479] [bmv2] [D] [thread 120868] [28.0] [cxt 0] Pipeline 'ingress': start
[19:18:29.479] [bmv2] [T] [thread 120868] [28.0] [cxt 0] basic_tunnel.p4(152) Condition "hdr.ipv4.isValid() && !hdr.myTunnel.isValid()" (node_2) is false
[19:18:29.479] [bmv2] [T] [thread 120868] [28.0] [cxt 0] basic_tunnel.p4(155) Condition "hdr.myTunnel.isValid()" (node_4) is false
[19:18:29.479] [bmv2] [D] [thread 120868] [28.0] [cxt 0] Pipeline 'ingress': end
[19:18:29.479] [bmv2] [D] [thread 120868] [28.0] [cxt 0] Egress port is 0
[19:18:29.479] [bmv2] [D] [thread 120868] [29.0] [cxt 0] Processing packet received on port 3
[19:18:29.479] [bmv2] [D] [thread 120868] [29.0] [cxt 0] Parser 'parser': start
[19:18:29.479] [bmv2] [D] [thread 120868] [29.0] [cxt 0] Parser 'parser' entering state 'start'
[19:18:29.479] [bmv2] [D] [thread 120868] [29.0] [cxt 0] Extracting header 'ethernet'
[19:18:29.479] [bmv2] [D] [thread 120868] [29.0] [cxt 0] Parser state 'start': key is 86dd
[19:18:29.479] [bmv2] [T] [thread 120868] [29.0] [cxt 0] Bytes parsed: 14
[19:18:29.479] [bmv2] [D] [thread 120868] [29.0] [cxt 0] Parser 'parser': end
[19:18:29.479] [bmv2] [D] [thread 120868] [29.0] [cxt 0] Pipeline 'ingress': start
[19:18:29.479] [bmv2] [T] [thread 120868] [29.0] [cxt 0] basic_tunnel.p4(152) Condition "hdr.ipv4.isValid() && !hdr.myTunnel.isValid()" (node_2) is false
[19:18:29.479] [bmv2] [T] [thread 120868] [29.0] [cxt 0] basic_tunnel.p4(155) Condition "hdr.myTunnel.isValid()" (node_4) is false
[19:18:29.479] [bmv2] [D] [thread 120868] [29.0] [cxt 0] Pipeline 'ingress': end
[19:18:29.479] [bmv2] [D] [thread 120868] [29.0] [cxt 0] Egress port is 0
[19:18:29.479] [bmv2] [D] [thread 120868] [30.0] [cxt 0] Processing packet received on port 2
[19:18:29.479] [bmv2] [D] [thread 120868] [30.0] [cxt 0] Parser 'parser': start
[19:18:29.479] [bmv2] [D] [thread 120868] [30.0] [cxt 0] Parser 'parser' entering state 'start'
[19:18:29.479] [bmv2] [D] [thread 120868] [30.0] [cxt 0] Extracting header 'ethernet'
[19:18:29.479] [bmv2] [D] [thread 120868] [30.0] [cxt 0] Parser state 'start': key is 86dd
[19:18:29.479] [bmv2] [T] [thread 120868] [30.0] [cxt 0] Bytes parsed: 14
[19:18:29.479] [bmv2] [D] [thread 120868] [30.0] [cxt 0] Parser 'parser': end
[19:18:29.479] [bmv2] [D] [thread 120868] [30.0] [cxt 0] Pipeline 'ingress': start
[19:18:29.479] [bmv2] [T] [thread 120868] [30.0] [cxt 0] basic_tunnel.p4(152) Condition "hdr.ipv4.isValid() && !hdr.myTunnel.isValid()" (node_2) is false
[19:18:29.479] [bmv2] [T] [thread 120868] [30.0] [cxt 0] basic_tunnel.p4(155) Condition "hdr.myTunnel.isValid()" (node_4) is false
[19:18:29.479] [bmv2] [D] [thread 120868] [30.0] [cxt 0] Pipeline 'ingress': end
[19:18:29.479] [bmv2] [D] [thread 120868] [30.0] [cxt 0] Egress port is 0
[19:18:29.481] [bmv2] [D] [thread 120869] [28.0] [cxt 0] Pipeline 'egress': start
[19:18:29.481] [bmv2] [D] [thread 120869] [28.0] [cxt 0] Pipeline 'egress': end
[19:18:29.481] [bmv2] [D] [thread 120869] [28.0] [cxt 0] Deparser 'deparser': start
[19:18:29.481] [bmv2] [T] [thread 120869] [28.0] [cxt 0] Skipping checksum 'cksum' update because condition not met
[19:18:29.481] [bmv2] [D] [thread 120869] [28.0] [cxt 0] Deparsing header 'ethernet'
[19:18:29.481] [bmv2] [D] [thread 120869] [28.0] [cxt 0] Deparser 'deparser': end
[19:18:29.481] [bmv2] [D] [thread 120869] [29.0] [cxt 0] Pipeline 'egress': start
[19:18:29.481] [bmv2] [D] [thread 120869] [29.0] [cxt 0] Pipeline 'egress': end
[19:18:29.481] [bmv2] [D] [thread 120869] [29.0] [cxt 0] Deparser 'deparser': start
[19:18:29.481] [bmv2] [T] [thread 120869] [29.0] [cxt 0] Skipping checksum 'cksum' update because condition not met
[19:18:29.482] [bmv2] [D] [thread 120869] [29.0] [cxt 0] Deparsing header 'ethernet'
[19:18:29.482] [bmv2] [D] [thread 120869] [29.0] [cxt 0] Deparser 'deparser': end
[19:18:29.482] [bmv2] [D] [thread 120869] [30.0] [cxt 0] Pipeline 'egress': start
[19:18:29.482] [bmv2] [D] [thread 120869] [30.0] [cxt 0] Pipeline 'egress': end
[19:18:29.482] [bmv2] [D] [thread 120869] [30.0] [cxt 0] Deparser 'deparser': start
[19:18:29.482] [bmv2] [T] [thread 120869] [30.0] [cxt 0] Skipping checksum 'cksum' update because condition not met
[19:18:29.482] [bmv2] [D] [thread 120869] [30.0] [cxt 0] Deparsing header 'ethernet'
[19:18:29.482] [bmv2] [D] [thread 120869] [30.0] [cxt 0] Deparser 'deparser': end
[19:18:29.482] [bmv2] [D] [thread 120868] [31.0] [cxt 0] Processing packet received on port 3
[19:18:29.482] [bmv2] [D] [thread 120868] [31.0] [cxt 0] Parser 'parser': start
[19:18:29.482] [bmv2] [D] [thread 120868] [31.0] [cxt 0] Parser 'parser' entering state 'start'
[19:18:29.482] [bmv2] [D] [thread 120868] [31.0] [cxt 0] Extracting header 'ethernet'
[19:18:29.482] [bmv2] [D] [thread 120868] [31.0] [cxt 0] Parser state 'start': key is 86dd
[19:18:29.482] [bmv2] [T] [thread 120868] [31.0] [cxt 0] Bytes parsed: 14
[19:18:29.482] [bmv2] [D] [thread 120868] [31.0] [cxt 0] Parser 'parser': end
[19:18:29.482] [bmv2] [D] [thread 120868] [31.0] [cxt 0] Pipeline 'ingress': start
[19:18:29.482] [bmv2] [T] [thread 120868] [31.0] [cxt 0] basic_tunnel.p4(152) Condition "hdr.ipv4.isValid() && !hdr.myTunnel.isValid()" (node_2) is false
[19:18:29.482] [bmv2] [T] [thread 120868] [31.0] [cxt 0] basic_tunnel.p4(155) Condition "hdr.myTunnel.isValid()" (node_4) is false
[19:18:29.482] [bmv2] [D] [thread 120868] [31.0] [cxt 0] Pipeline 'ingress': end
[19:18:29.482] [bmv2] [D] [thread 120868] [31.0] [cxt 0] Egress port is 0
[19:18:29.482] [bmv2] [D] [thread 120869] [31.0] [cxt 0] Pipeline 'egress': start
[19:18:29.483] [bmv2] [D] [thread 120869] [31.0] [cxt 0] Pipeline 'egress': end
[19:18:29.483] [bmv2] [D] [thread 120869] [31.0] [cxt 0] Deparser 'deparser': start
[19:18:29.483] [bmv2] [T] [thread 120869] [31.0] [cxt 0] Skipping checksum 'cksum' update because condition not met
[19:18:29.483] [bmv2] [D] [thread 120869] [31.0] [cxt 0] Deparsing header 'ethernet'
[19:18:29.483] [bmv2] [D] [thread 120869] [31.0] [cxt 0] Deparser 'deparser': end
[19:18:29.483] [bmv2] [D] [thread 120873] [28.0] [cxt 0] Transmitting packet of size 70 out of port 0
[19:18:29.483] [bmv2] [D] [thread 120873] [29.0] [cxt 0] Transmitting packet of size 70 out of port 0
[19:18:29.483] [bmv2] [D] [thread 120873] [30.0] [cxt 0] Transmitting packet of size 70 out of port 0
[19:18:29.483] [bmv2] [D] [thread 120873] [31.0] [cxt 0] Transmitting packet of size 70 out of port 0
[19:18:29.519] [bmv2] [D] [thread 120868] [32.0] [cxt 0] Processing packet received on port 2
[19:18:29.519] [bmv2] [D] [thread 120868] [32.0] [cxt 0] Parser 'parser': start
[19:18:29.519] [bmv2] [D] [thread 120868] [32.0] [cxt 0] Parser 'parser' entering state 'start'
[19:18:29.519] [bmv2] [D] [thread 120868] [32.0] [cxt 0] Extracting header 'ethernet'
[19:18:29.519] [bmv2] [D] [thread 120868] [32.0] [cxt 0] Parser state 'start': key is 86dd
[19:18:29.519] [bmv2] [T] [thread 120868] [32.0] [cxt 0] Bytes parsed: 14
[19:18:29.519] [bmv2] [D] [thread 120868] [32.0] [cxt 0] Parser 'parser': end
[19:18:29.519] [bmv2] [D] [thread 120868] [32.0] [cxt 0] Pipeline 'ingress': start
[19:18:29.519] [bmv2] [T] [thread 120868] [32.0] [cxt 0] basic_tunnel.p4(152) Condition "hdr.ipv4.isValid() && !hdr.myTunnel.isValid()" (node_2) is false
[19:18:29.519] [bmv2] [T] [thread 120868] [32.0] [cxt 0] basic_tunnel.p4(155) Condition "hdr.myTunnel.isValid()" (node_4) is false
[19:18:29.519] [bmv2] [D] [thread 120868] [32.0] [cxt 0] Pipeline 'ingress': end
[19:18:29.519] [bmv2] [D] [thread 120868] [32.0] [cxt 0] Egress port is 0
[19:18:29.519] [bmv2] [D] [thread 120869] [32.0] [cxt 0] Pipeline 'egress': start
[19:18:29.519] [bmv2] [D] [thread 120869] [32.0] [cxt 0] Pipeline 'egress': end
[19:18:29.519] [bmv2] [D] [thread 120869] [32.0] [cxt 0] Deparser 'deparser': start
[19:18:29.519] [bmv2] [T] [thread 120869] [32.0] [cxt 0] Skipping checksum 'cksum' update because condition not met
[19:18:29.519] [bmv2] [D] [thread 120869] [32.0] [cxt 0] Deparsing header 'ethernet'
[19:18:29.519] [bmv2] [D] [thread 120869] [32.0] [cxt 0] Deparser 'deparser': end
[19:18:29.519] [bmv2] [D] [thread 120873] [32.0] [cxt 0] Transmitting packet of size 196 out of port 0
[19:18:29.615] [bmv2] [D] [thread 120868] [33.0] [cxt 0] Processing packet received on port 3
[19:18:29.615] [bmv2] [D] [thread 120868] [33.0] [cxt 0] Parser 'parser': start
[19:18:29.615] [bmv2] [D] [thread 120868] [33.0] [cxt 0] Parser 'parser' entering state 'start'
[19:18:29.615] [bmv2] [D] [thread 120868] [33.0] [cxt 0] Extracting header 'ethernet'
[19:18:29.615] [bmv2] [D] [thread 120868] [33.0] [cxt 0] Parser state 'start': key is 86dd
[19:18:29.615] [bmv2] [T] [thread 120868] [33.0] [cxt 0] Bytes parsed: 14
[19:18:29.615] [bmv2] [D] [thread 120868] [33.0] [cxt 0] Parser 'parser': end
[19:18:29.615] [bmv2] [D] [thread 120868] [33.0] [cxt 0] Pipeline 'ingress': start
[19:18:29.615] [bmv2] [T] [thread 120868] [33.0] [cxt 0] basic_tunnel.p4(152) Condition "hdr.ipv4.isValid() && !hdr.myTunnel.isValid()" (node_2) is false
[19:18:29.615] [bmv2] [T] [thread 120868] [33.0] [cxt 0] basic_tunnel.p4(155) Condition "hdr.myTunnel.isValid()" (node_4) is false
[19:18:29.615] [bmv2] [D] [thread 120868] [33.0] [cxt 0] Pipeline 'ingress': end
[19:18:29.615] [bmv2] [D] [thread 120868] [33.0] [cxt 0] Egress port is 0
[19:18:29.615] [bmv2] [D] [thread 120869] [33.0] [cxt 0] Pipeline 'egress': start
[19:18:29.615] [bmv2] [D] [thread 120869] [33.0] [cxt 0] Pipeline 'egress': end
[19:18:29.615] [bmv2] [D] [thread 120869] [33.0] [cxt 0] Deparser 'deparser': start
[19:18:29.615] [bmv2] [T] [thread 120869] [33.0] [cxt 0] Skipping checksum 'cksum' update because condition not met
[19:18:29.615] [bmv2] [D] [thread 120869] [33.0] [cxt 0] Deparsing header 'ethernet'
[19:18:29.615] [bmv2] [D] [thread 120869] [33.0] [cxt 0] Deparser 'deparser': end
[19:18:29.615] [bmv2] [D] [thread 120873] [33.0] [cxt 0] Transmitting packet of size 196 out of port 0
[19:18:29.752] [bmv2] [D] [thread 120868] [34.0] [cxt 0] Processing packet received on port 3
[19:18:29.752] [bmv2] [D] [thread 120868] [34.0] [cxt 0] Parser 'parser': start
[19:18:29.752] [bmv2] [D] [thread 120868] [34.0] [cxt 0] Parser 'parser' entering state 'start'
[19:18:29.753] [bmv2] [D] [thread 120868] [34.0] [cxt 0] Extracting header 'ethernet'
[19:18:29.753] [bmv2] [D] [thread 120868] [34.0] [cxt 0] Parser state 'start': key is 86dd
[19:18:29.753] [bmv2] [T] [thread 120868] [34.0] [cxt 0] Bytes parsed: 14
[19:18:29.753] [bmv2] [D] [thread 120868] [34.0] [cxt 0] Parser 'parser': end
[19:18:29.753] [bmv2] [D] [thread 120868] [34.0] [cxt 0] Pipeline 'ingress': start
[19:18:29.753] [bmv2] [T] [thread 120868] [34.0] [cxt 0] basic_tunnel.p4(152) Condition "hdr.ipv4.isValid() && !hdr.myTunnel.isValid()" (node_2) is false
[19:18:29.753] [bmv2] [T] [thread 120868] [34.0] [cxt 0] basic_tunnel.p4(155) Condition "hdr.myTunnel.isValid()" (node_4) is false
[19:18:29.753] [bmv2] [D] [thread 120868] [34.0] [cxt 0] Pipeline 'ingress': end
[19:18:29.753] [bmv2] [D] [thread 120868] [34.0] [cxt 0] Egress port is 0
[19:18:29.753] [bmv2] [D] [thread 120869] [34.0] [cxt 0] Pipeline 'egress': start
[19:18:29.753] [bmv2] [D] [thread 120869] [34.0] [cxt 0] Pipeline 'egress': end
[19:18:29.753] [bmv2] [D] [thread 120869] [34.0] [cxt 0] Deparser 'deparser': start
[19:18:29.753] [bmv2] [T] [thread 120869] [34.0] [cxt 0] Skipping checksum 'cksum' update because condition not met
[19:18:29.753] [bmv2] [D] [thread 120869] [34.0] [cxt 0] Deparsing header 'ethernet'
[19:18:29.753] [bmv2] [D] [thread 120869] [34.0] [cxt 0] Deparser 'deparser': end
[19:18:29.753] [bmv2] [D] [thread 120873] [34.0] [cxt 0] Transmitting packet of size 196 out of port 0
[19:18:29.989] [bmv2] [D] [thread 120868] [35.0] [cxt 0] Processing packet received on port 1
[19:18:29.989] [bmv2] [D] [thread 120868] [35.0] [cxt 0] Parser 'parser': start
[19:18:29.989] [bmv2] [D] [thread 120868] [35.0] [cxt 0] Parser 'parser' entering state 'start'
[19:18:29.989] [bmv2] [D] [thread 120868] [35.0] [cxt 0] Extracting header 'ethernet'
[19:18:29.989] [bmv2] [D] [thread 120868] [35.0] [cxt 0] Parser state 'start': key is 86dd
[19:18:29.989] [bmv2] [T] [thread 120868] [35.0] [cxt 0] Bytes parsed: 14
[19:18:29.989] [bmv2] [D] [thread 120868] [35.0] [cxt 0] Parser 'parser': end
[19:18:29.989] [bmv2] [D] [thread 120868] [35.0] [cxt 0] Pipeline 'ingress': start
[19:18:29.989] [bmv2] [T] [thread 120868] [35.0] [cxt 0] basic_tunnel.p4(152) Condition "hdr.ipv4.isValid() && !hdr.myTunnel.isValid()" (node_2) is false
[19:18:29.989] [bmv2] [T] [thread 120868] [35.0] [cxt 0] basic_tunnel.p4(155) Condition "hdr.myTunnel.isValid()" (node_4) is false
[19:18:29.989] [bmv2] [D] [thread 120868] [35.0] [cxt 0] Pipeline 'ingress': end
[19:18:29.989] [bmv2] [D] [thread 120868] [35.0] [cxt 0] Egress port is 0
[19:18:29.989] [bmv2] [D] [thread 120869] [35.0] [cxt 0] Pipeline 'egress': start
[19:18:29.989] [bmv2] [D] [thread 120869] [35.0] [cxt 0] Pipeline 'egress': end
[19:18:29.989] [bmv2] [D] [thread 120869] [35.0] [cxt 0] Deparser 'deparser': start
[19:18:29.989] [bmv2] [T] [thread 120869] [35.0] [cxt 0] Skipping checksum 'cksum' update because condition not met
[19:18:29.989] [bmv2] [D] [thread 120869] [35.0] [cxt 0] Deparsing header 'ethernet'
[19:18:29.989] [bmv2] [D] [thread 120869] [35.0] [cxt 0] Deparser 'deparser': end
[19:18:29.989] [bmv2] [D] [thread 120873] [35.0] [cxt 0] Transmitting packet of size 70 out of port 0
[19:18:30.067] [bmv2] [D] [thread 120868] [36.0] [cxt 0] Processing packet received on port 1
[19:18:30.067] [bmv2] [D] [thread 120868] [36.0] [cxt 0] Parser 'parser': start
[19:18:30.067] [bmv2] [D] [thread 120868] [36.0] [cxt 0] Parser 'parser' entering state 'start'
[19:18:30.067] [bmv2] [D] [thread 120868] [36.0] [cxt 0] Extracting header 'ethernet'
[19:18:30.067] [bmv2] [D] [thread 120868] [36.0] [cxt 0] Parser state 'start': key is 86dd
[19:18:30.067] [bmv2] [T] [thread 120868] [36.0] [cxt 0] Bytes parsed: 14
[19:18:30.067] [bmv2] [D] [thread 120868] [36.0] [cxt 0] Parser 'parser': end
[19:18:30.067] [bmv2] [D] [thread 120868] [36.0] [cxt 0] Pipeline 'ingress': start
[19:18:30.067] [bmv2] [T] [thread 120868] [36.0] [cxt 0] basic_tunnel.p4(152) Condition "hdr.ipv4.isValid() && !hdr.myTunnel.isValid()" (node_2) is false
[19:18:30.067] [bmv2] [T] [thread 120868] [36.0] [cxt 0] basic_tunnel.p4(155) Condition "hdr.myTunnel.isValid()" (node_4) is false
[19:18:30.067] [bmv2] [D] [thread 120868] [36.0] [cxt 0] Pipeline 'ingress': end
[19:18:30.067] [bmv2] [D] [thread 120868] [36.0] [cxt 0] Egress port is 0
[19:18:30.067] [bmv2] [D] [thread 120869] [36.0] [cxt 0] Pipeline 'egress': start
[19:18:30.067] [bmv2] [D] [thread 120869] [36.0] [cxt 0] Pipeline 'egress': end
[19:18:30.067] [bmv2] [D] [thread 120869] [36.0] [cxt 0] Deparser 'deparser': start
[19:18:30.067] [bmv2] [T] [thread 120869] [36.0] [cxt 0] Skipping checksum 'cksum' update because condition not met
[19:18:30.067] [bmv2] [D] [thread 120869] [36.0] [cxt 0] Deparsing header 'ethernet'
[19:18:30.067] [bmv2] [D] [thread 120869] [36.0] [cxt 0] Deparser 'deparser': end
[19:18:30.067] [bmv2] [D] [thread 120873] [36.0] [cxt 0] Transmitting packet of size 196 out of port 0
open: No such file or directory
open: No such file or directory
open: No such file or directory
open: No such file or directory
