Calling target program-options parser
[20:23:52.370] [bmv2] [D] [thread 24325] Set default default entry for table 'MyIngress.ipv4_lpm': MyIngress.drop - 
Adding interface s4-eth1 as port 1
[20:23:52.371] [bmv2] [D] [thread 24325] Adding interface s4-eth1 as port 1
Adding interface s4-eth2 as port 2
[20:23:52.456] [bmv2] [D] [thread 24325] Adding interface s4-eth2 as port 2
Server listening on 0.0.0.0:50054
[20:23:52.533] [bmv2] [I] [thread 24325] Starting Thrift server on port 9093
[20:23:52.533] [bmv2] [I] [thread 24325] Thrift server was started
[20:23:52.548] [bmv2] [D] [thread 24337] [0.0] [cxt 0] Processing packet received on port 1
[20:23:52.548] [bmv2] [D] [thread 24337] [0.0] [cxt 0] Parser 'parser': start
[20:23:52.548] [bmv2] [D] [thread 24337] [0.0] [cxt 0] Parser 'parser' entering state 'start'
[20:23:52.548] [bmv2] [D] [thread 24337] [0.0] [cxt 0] Extracting header 'ethernet'
[20:23:52.548] [bmv2] [D] [thread 24337] [0.0] [cxt 0] Parser state 'start': key is 86dd
[20:23:52.548] [bmv2] [T] [thread 24337] [0.0] [cxt 0] Bytes parsed: 14
[20:23:52.548] [bmv2] [D] [thread 24337] [0.0] [cxt 0] Parser 'parser': end
[20:23:52.548] [bmv2] [D] [thread 24337] [0.0] [cxt 0] Pipeline 'ingress': start
[20:23:52.548] [bmv2] [T] [thread 24337] [0.0] [cxt 0] basic.p4(114) Condition "hdr.ipv4.isValid()" (node_2) is false
[20:23:52.548] [bmv2] [D] [thread 24337] [0.0] [cxt 0] Pipeline 'ingress': end
[20:23:52.548] [bmv2] [D] [thread 24337] [0.0] [cxt 0] Egress port is 0
[20:23:52.549] [bmv2] [D] [thread 24338] [0.0] [cxt 0] Pipeline 'egress': start
[20:23:52.549] [bmv2] [D] [thread 24338] [0.0] [cxt 0] Pipeline 'egress': end
[20:23:52.549] [bmv2] [D] [thread 24338] [0.0] [cxt 0] Deparser 'deparser': start
[20:23:52.549] [bmv2] [T] [thread 24338] [0.0] [cxt 0] Skipping checksum 'cksum' update because condition not met
[20:23:52.549] [bmv2] [D] [thread 24338] [0.0] [cxt 0] Deparsing header 'ethernet'
[20:23:52.549] [bmv2] [D] [thread 24338] [0.0] [cxt 0] Deparser 'deparser': end
[20:23:52.549] [bmv2] [D] [thread 24342] [0.0] [cxt 0] Transmitting packet of size 90 out of port 0
[20:23:52.581] [bmv2] [D] [thread 24337] [1.0] [cxt 0] Processing packet received on port 2
[20:23:52.581] [bmv2] [D] [thread 24337] [1.0] [cxt 0] Parser 'parser': start
[20:23:52.581] [bmv2] [D] [thread 24337] [1.0] [cxt 0] Parser 'parser' entering state 'start'
[20:23:52.581] [bmv2] [D] [thread 24337] [1.0] [cxt 0] Extracting header 'ethernet'
[20:23:52.581] [bmv2] [D] [thread 24337] [1.0] [cxt 0] Parser state 'start': key is 86dd
[20:23:52.581] [bmv2] [T] [thread 24337] [1.0] [cxt 0] Bytes parsed: 14
[20:23:52.581] [bmv2] [D] [thread 24337] [1.0] [cxt 0] Parser 'parser': end
[20:23:52.581] [bmv2] [D] [thread 24337] [1.0] [cxt 0] Pipeline 'ingress': start
[20:23:52.583] [bmv2] [T] [thread 24337] [1.0] [cxt 0] basic.p4(114) Condition "hdr.ipv4.isValid()" (node_2) is false
[20:23:52.583] [bmv2] [D] [thread 24337] [1.0] [cxt 0] Pipeline 'ingress': end
[20:23:52.583] [bmv2] [D] [thread 24337] [1.0] [cxt 0] Egress port is 0
[20:23:52.583] [bmv2] [D] [thread 24338] [1.0] [cxt 0] Pipeline 'egress': start
[20:23:52.583] [bmv2] [D] [thread 24338] [1.0] [cxt 0] Pipeline 'egress': end
[20:23:52.583] [bmv2] [D] [thread 24338] [1.0] [cxt 0] Deparser 'deparser': start
[20:23:52.583] [bmv2] [T] [thread 24338] [1.0] [cxt 0] Skipping checksum 'cksum' update because condition not met
[20:23:52.583] [bmv2] [D] [thread 24338] [1.0] [cxt 0] Deparsing header 'ethernet'
[20:23:52.583] [bmv2] [D] [thread 24338] [1.0] [cxt 0] Deparser 'deparser': end
[20:23:52.583] [bmv2] [D] [thread 24342] [1.0] [cxt 0] Transmitting packet of size 90 out of port 0
[20:23:52.593] [bmv2] [D] [thread 24337] [2.0] [cxt 0] Processing packet received on port 1
[20:23:52.593] [bmv2] [D] [thread 24337] [2.0] [cxt 0] Parser 'parser': start
[20:23:52.593] [bmv2] [D] [thread 24337] [2.0] [cxt 0] Parser 'parser' entering state 'start'
[20:23:52.593] [bmv2] [D] [thread 24337] [2.0] [cxt 0] Extracting header 'ethernet'
[20:23:52.593] [bmv2] [D] [thread 24337] [2.0] [cxt 0] Parser state 'start': key is 86dd
[20:23:52.593] [bmv2] [T] [thread 24337] [2.0] [cxt 0] Bytes parsed: 14
[20:23:52.593] [bmv2] [D] [thread 24337] [2.0] [cxt 0] Parser 'parser': end
[20:23:52.593] [bmv2] [D] [thread 24337] [2.0] [cxt 0] Pipeline 'ingress': start
[20:23:52.593] [bmv2] [T] [thread 24337] [2.0] [cxt 0] basic.p4(114) Condition "hdr.ipv4.isValid()" (node_2) is false
[20:23:52.593] [bmv2] [D] [thread 24337] [2.0] [cxt 0] Pipeline 'ingress': end
[20:23:52.593] [bmv2] [D] [thread 24337] [2.0] [cxt 0] Egress port is 0
[20:23:52.593] [bmv2] [D] [thread 24338] [2.0] [cxt 0] Pipeline 'egress': start
[20:23:52.593] [bmv2] [D] [thread 24338] [2.0] [cxt 0] Pipeline 'egress': end
[20:23:52.593] [bmv2] [D] [thread 24338] [2.0] [cxt 0] Deparser 'deparser': start
[20:23:52.593] [bmv2] [T] [thread 24338] [2.0] [cxt 0] Skipping checksum 'cksum' update because condition not met
[20:23:52.593] [bmv2] [D] [thread 24338] [2.0] [cxt 0] Deparsing header 'ethernet'
[20:23:52.593] [bmv2] [D] [thread 24338] [2.0] [cxt 0] Deparser 'deparser': end
[20:23:52.593] [bmv2] [D] [thread 24342] [2.0] [cxt 0] Transmitting packet of size 196 out of port 0
[20:23:52.617] [bmv2] [D] [thread 24337] [3.0] [cxt 0] Processing packet received on port 2
[20:23:52.617] [bmv2] [D] [thread 24337] [3.0] [cxt 0] Parser 'parser': start
[20:23:52.617] [bmv2] [D] [thread 24337] [3.0] [cxt 0] Parser 'parser' entering state 'start'
[20:23:52.617] [bmv2] [D] [thread 24337] [3.0] [cxt 0] Extracting header 'ethernet'
[20:23:52.617] [bmv2] [D] [thread 24337] [3.0] [cxt 0] Parser state 'start': key is 86dd
[20:23:52.617] [bmv2] [T] [thread 24337] [3.0] [cxt 0] Bytes parsed: 14
[20:23:52.617] [bmv2] [D] [thread 24337] [3.0] [cxt 0] Parser 'parser': end
[20:23:52.617] [bmv2] [D] [thread 24337] [3.0] [cxt 0] Pipeline 'ingress': start
[20:23:52.617] [bmv2] [T] [thread 24337] [3.0] [cxt 0] basic.p4(114) Condition "hdr.ipv4.isValid()" (node_2) is false
[20:23:52.617] [bmv2] [D] [thread 24337] [3.0] [cxt 0] Pipeline 'ingress': end
[20:23:52.617] [bmv2] [D] [thread 24337] [3.0] [cxt 0] Egress port is 0
[20:23:52.617] [bmv2] [D] [thread 24338] [3.0] [cxt 0] Pipeline 'egress': start
[20:23:52.617] [bmv2] [D] [thread 24338] [3.0] [cxt 0] Pipeline 'egress': end
[20:23:52.617] [bmv2] [D] [thread 24338] [3.0] [cxt 0] Deparser 'deparser': start
[20:23:52.617] [bmv2] [T] [thread 24338] [3.0] [cxt 0] Skipping checksum 'cksum' update because condition not met
[20:23:52.617] [bmv2] [D] [thread 24338] [3.0] [cxt 0] Deparsing header 'ethernet'
[20:23:52.617] [bmv2] [D] [thread 24338] [3.0] [cxt 0] Deparser 'deparser': end
[20:23:52.617] [bmv2] [D] [thread 24342] [3.0] [cxt 0] Transmitting packet of size 110 out of port 0
[20:23:52.652] [bmv2] [D] [thread 24337] [4.0] [cxt 0] Processing packet received on port 1
[20:23:52.653] [bmv2] [D] [thread 24337] [4.0] [cxt 0] Parser 'parser': start
[20:23:52.653] [bmv2] [D] [thread 24337] [4.0] [cxt 0] Parser 'parser' entering state 'start'
[20:23:52.653] [bmv2] [D] [thread 24337] [4.0] [cxt 0] Extracting header 'ethernet'
[20:23:52.653] [bmv2] [D] [thread 24337] [4.0] [cxt 0] Parser state 'start': key is 86dd
[20:23:52.653] [bmv2] [T] [thread 24337] [4.0] [cxt 0] Bytes parsed: 14
[20:23:52.653] [bmv2] [D] [thread 24337] [4.0] [cxt 0] Parser 'parser': end
[20:23:52.653] [bmv2] [D] [thread 24337] [4.0] [cxt 0] Pipeline 'ingress': start
[20:23:52.653] [bmv2] [T] [thread 24337] [4.0] [cxt 0] basic.p4(114) Condition "hdr.ipv4.isValid()" (node_2) is false
[20:23:52.653] [bmv2] [D] [thread 24337] [4.0] [cxt 0] Pipeline 'ingress': end
[20:23:52.653] [bmv2] [D] [thread 24337] [4.0] [cxt 0] Egress port is 0
[20:23:52.668] [bmv2] [D] [thread 24338] [4.0] [cxt 0] Pipeline 'egress': start
[20:23:52.668] [bmv2] [D] [thread 24338] [4.0] [cxt 0] Pipeline 'egress': end
[20:23:52.668] [bmv2] [D] [thread 24338] [4.0] [cxt 0] Deparser 'deparser': start
[20:23:52.668] [bmv2] [T] [thread 24338] [4.0] [cxt 0] Skipping checksum 'cksum' update because condition not met
[20:23:52.668] [bmv2] [D] [thread 24338] [4.0] [cxt 0] Deparsing header 'ethernet'
[20:23:52.668] [bmv2] [D] [thread 24338] [4.0] [cxt 0] Deparser 'deparser': end
[20:23:52.669] [bmv2] [D] [thread 24342] [4.0] [cxt 0] Transmitting packet of size 208 out of port 0
[20:23:52.691] [bmv2] [D] [thread 24337] [5.0] [cxt 0] Processing packet received on port 1
[20:23:52.691] [bmv2] [D] [thread 24337] [5.0] [cxt 0] Parser 'parser': start
[20:23:52.691] [bmv2] [D] [thread 24337] [5.0] [cxt 0] Parser 'parser' entering state 'start'
[20:23:52.691] [bmv2] [D] [thread 24337] [5.0] [cxt 0] Extracting header 'ethernet'
[20:23:52.691] [bmv2] [D] [thread 24337] [5.0] [cxt 0] Parser state 'start': key is 86dd
[20:23:52.691] [bmv2] [T] [thread 24337] [5.0] [cxt 0] Bytes parsed: 14
[20:23:52.691] [bmv2] [D] [thread 24337] [5.0] [cxt 0] Parser 'parser': end
[20:23:52.691] [bmv2] [D] [thread 24337] [5.0] [cxt 0] Pipeline 'ingress': start
[20:23:52.691] [bmv2] [T] [thread 24337] [5.0] [cxt 0] basic.p4(114) Condition "hdr.ipv4.isValid()" (node_2) is false
[20:23:52.691] [bmv2] [D] [thread 24337] [5.0] [cxt 0] Pipeline 'ingress': end
[20:23:52.697] [bmv2] [D] [thread 24337] [5.0] [cxt 0] Egress port is 0
[20:23:52.698] [bmv2] [D] [thread 24338] [5.0] [cxt 0] Pipeline 'egress': start
[20:23:52.698] [bmv2] [D] [thread 24338] [5.0] [cxt 0] Pipeline 'egress': end
[20:23:52.698] [bmv2] [D] [thread 24338] [5.0] [cxt 0] Deparser 'deparser': start
[20:23:52.698] [bmv2] [T] [thread 24338] [5.0] [cxt 0] Skipping checksum 'cksum' update because condition not met
[20:23:52.698] [bmv2] [D] [thread 24338] [5.0] [cxt 0] Deparsing header 'ethernet'
[20:23:52.698] [bmv2] [D] [thread 24338] [5.0] [cxt 0] Deparser 'deparser': end
[20:23:52.698] [bmv2] [D] [thread 24342] [5.0] [cxt 0] Transmitting packet of size 110 out of port 0
[20:23:52.712] [bmv2] [D] [thread 24337] [6.0] [cxt 0] Processing packet received on port 2
[20:23:52.712] [bmv2] [D] [thread 24337] [6.0] [cxt 0] Parser 'parser': start
[20:23:52.712] [bmv2] [D] [thread 24337] [6.0] [cxt 0] Parser 'parser' entering state 'start'
[20:23:52.712] [bmv2] [D] [thread 24337] [6.0] [cxt 0] Extracting header 'ethernet'
[20:23:52.712] [bmv2] [D] [thread 24337] [6.0] [cxt 0] Parser state 'start': key is 86dd
[20:23:52.712] [bmv2] [T] [thread 24337] [6.0] [cxt 0] Bytes parsed: 14
[20:23:52.712] [bmv2] [D] [thread 24337] [6.0] [cxt 0] Parser 'parser': end
[20:23:52.712] [bmv2] [D] [thread 24337] [6.0] [cxt 0] Pipeline 'ingress': start
[20:23:52.712] [bmv2] [T] [thread 24337] [6.0] [cxt 0] basic.p4(114) Condition "hdr.ipv4.isValid()" (node_2) is false
[20:23:52.712] [bmv2] [D] [thread 24337] [6.0] [cxt 0] Pipeline 'ingress': end
[20:23:52.712] [bmv2] [D] [thread 24337] [6.0] [cxt 0] Egress port is 0
[20:23:52.712] [bmv2] [D] [thread 24338] [6.0] [cxt 0] Pipeline 'egress': start
[20:23:52.712] [bmv2] [D] [thread 24338] [6.0] [cxt 0] Pipeline 'egress': end
[20:23:52.712] [bmv2] [D] [thread 24338] [6.0] [cxt 0] Deparser 'deparser': start
[20:23:52.712] [bmv2] [T] [thread 24338] [6.0] [cxt 0] Skipping checksum 'cksum' update because condition not met
[20:23:52.712] [bmv2] [D] [thread 24338] [6.0] [cxt 0] Deparsing header 'ethernet'
[20:23:52.712] [bmv2] [D] [thread 24338] [6.0] [cxt 0] Deparser 'deparser': end
[20:23:52.712] [bmv2] [D] [thread 24342] [6.0] [cxt 0] Transmitting packet of size 196 out of port 0
[20:23:52.770] [bmv2] [D] [thread 24337] [7.0] [cxt 0] Processing packet received on port 1
[20:23:52.770] [bmv2] [D] [thread 24337] [7.0] [cxt 0] Parser 'parser': start
[20:23:52.771] [bmv2] [D] [thread 24337] [7.0] [cxt 0] Parser 'parser' entering state 'start'
[20:23:52.771] [bmv2] [D] [thread 24337] [7.0] [cxt 0] Extracting header 'ethernet'
[20:23:52.771] [bmv2] [D] [thread 24337] [7.0] [cxt 0] Parser state 'start': key is 86dd
[20:23:52.771] [bmv2] [T] [thread 24337] [7.0] [cxt 0] Bytes parsed: 14
[20:23:52.771] [bmv2] [D] [thread 24337] [7.0] [cxt 0] Parser 'parser': end
[20:23:52.771] [bmv2] [D] [thread 24337] [7.0] [cxt 0] Pipeline 'ingress': start
[20:23:52.771] [bmv2] [T] [thread 24337] [7.0] [cxt 0] basic.p4(114) Condition "hdr.ipv4.isValid()" (node_2) is false
[20:23:52.771] [bmv2] [D] [thread 24337] [7.0] [cxt 0] Pipeline 'ingress': end
[20:23:52.771] [bmv2] [D] [thread 24337] [7.0] [cxt 0] Egress port is 0
[20:23:52.772] [bmv2] [D] [thread 24338] [7.0] [cxt 0] Pipeline 'egress': start
[20:23:52.772] [bmv2] [D] [thread 24338] [7.0] [cxt 0] Pipeline 'egress': end
[20:23:52.772] [bmv2] [D] [thread 24338] [7.0] [cxt 0] Deparser 'deparser': start
[20:23:52.772] [bmv2] [T] [thread 24338] [7.0] [cxt 0] Skipping checksum 'cksum' update because condition not met
[20:23:52.772] [bmv2] [D] [thread 24338] [7.0] [cxt 0] Deparsing header 'ethernet'
[20:23:52.772] [bmv2] [D] [thread 24338] [7.0] [cxt 0] Deparser 'deparser': end
[20:23:52.772] [bmv2] [D] [thread 24342] [7.0] [cxt 0] Transmitting packet of size 110 out of port 0
[20:23:52.901] [bmv2] [D] [thread 24337] [8.0] [cxt 0] Processing packet received on port 1
[20:23:52.901] [bmv2] [D] [thread 24337] [8.0] [cxt 0] Parser 'parser': start
[20:23:52.901] [bmv2] [D] [thread 24337] [8.0] [cxt 0] Parser 'parser' entering state 'start'
[20:23:52.901] [bmv2] [D] [thread 24337] [8.0] [cxt 0] Extracting header 'ethernet'
[20:23:52.901] [bmv2] [D] [thread 24337] [8.0] [cxt 0] Parser state 'start': key is 86dd
[20:23:52.901] [bmv2] [T] [thread 24337] [8.0] [cxt 0] Bytes parsed: 14
[20:23:52.901] [bmv2] [D] [thread 24337] [8.0] [cxt 0] Parser 'parser': end
[20:23:52.901] [bmv2] [D] [thread 24337] [8.0] [cxt 0] Pipeline 'ingress': start
[20:23:52.901] [bmv2] [T] [thread 24337] [8.0] [cxt 0] basic.p4(114) Condition "hdr.ipv4.isValid()" (node_2) is false
[20:23:52.901] [bmv2] [D] [thread 24337] [8.0] [cxt 0] Pipeline 'ingress': end
[20:23:52.901] [bmv2] [D] [thread 24337] [8.0] [cxt 0] Egress port is 0
[20:23:52.902] [bmv2] [D] [thread 24338] [8.0] [cxt 0] Pipeline 'egress': start
[20:23:52.902] [bmv2] [D] [thread 24338] [8.0] [cxt 0] Pipeline 'egress': end
[20:23:52.902] [bmv2] [D] [thread 24338] [8.0] [cxt 0] Deparser 'deparser': start
[20:23:52.902] [bmv2] [T] [thread 24338] [8.0] [cxt 0] Skipping checksum 'cksum' update because condition not met
[20:23:52.902] [bmv2] [D] [thread 24338] [8.0] [cxt 0] Deparsing header 'ethernet'
[20:23:52.902] [bmv2] [D] [thread 24338] [8.0] [cxt 0] Deparser 'deparser': end
[20:23:52.902] [bmv2] [D] [thread 24342] [8.0] [cxt 0] Transmitting packet of size 208 out of port 0
[20:23:53.102] [bmv2] [D] [thread 24337] [9.0] [cxt 0] Processing packet received on port 1
[20:23:53.102] [bmv2] [D] [thread 24337] [9.0] [cxt 0] Parser 'parser': start
[20:23:53.102] [bmv2] [D] [thread 24337] [9.0] [cxt 0] Parser 'parser' entering state 'start'
[20:23:53.102] [bmv2] [D] [thread 24337] [9.0] [cxt 0] Extracting header 'ethernet'
[20:23:53.102] [bmv2] [D] [thread 24337] [9.0] [cxt 0] Parser state 'start': key is 86dd
[20:23:53.102] [bmv2] [T] [thread 24337] [9.0] [cxt 0] Bytes parsed: 14
[20:23:53.102] [bmv2] [D] [thread 24337] [9.0] [cxt 0] Parser 'parser': end
[20:23:53.102] [bmv2] [D] [thread 24337] [9.0] [cxt 0] Pipeline 'ingress': start
[20:23:53.102] [bmv2] [T] [thread 24337] [9.0] [cxt 0] basic.p4(114) Condition "hdr.ipv4.isValid()" (node_2) is false
[20:23:53.102] [bmv2] [D] [thread 24337] [9.0] [cxt 0] Pipeline 'ingress': end
[20:23:53.102] [bmv2] [D] [thread 24337] [9.0] [cxt 0] Egress port is 0
[20:23:53.104] [bmv2] [D] [thread 24338] [9.0] [cxt 0] Pipeline 'egress': start
[20:23:53.104] [bmv2] [D] [thread 24338] [9.0] [cxt 0] Pipeline 'egress': end
[20:23:53.104] [bmv2] [D] [thread 24338] [9.0] [cxt 0] Deparser 'deparser': start
[20:23:53.104] [bmv2] [T] [thread 24338] [9.0] [cxt 0] Skipping checksum 'cksum' update because condition not met
[20:23:53.104] [bmv2] [D] [thread 24338] [9.0] [cxt 0] Deparsing header 'ethernet'
[20:23:53.104] [bmv2] [D] [thread 24338] [9.0] [cxt 0] Deparser 'deparser': end
[20:23:53.104] [bmv2] [D] [thread 24342] [9.0] [cxt 0] Transmitting packet of size 196 out of port 0
[20:23:53.193] [bmv2] [D] [thread 24337] [10.0] [cxt 0] Processing packet received on port 2
[20:23:53.193] [bmv2] [D] [thread 24337] [10.0] [cxt 0] Parser 'parser': start
[20:23:53.193] [bmv2] [D] [thread 24337] [10.0] [cxt 0] Parser 'parser' entering state 'start'
[20:23:53.193] [bmv2] [D] [thread 24337] [10.0] [cxt 0] Extracting header 'ethernet'
[20:23:53.193] [bmv2] [D] [thread 24337] [10.0] [cxt 0] Parser state 'start': key is 86dd
[20:23:53.193] [bmv2] [T] [thread 24337] [10.0] [cxt 0] Bytes parsed: 14
[20:23:53.193] [bmv2] [D] [thread 24337] [10.0] [cxt 0] Parser 'parser': end
[20:23:53.193] [bmv2] [D] [thread 24337] [10.0] [cxt 0] Pipeline 'ingress': start
[20:23:53.193] [bmv2] [T] [thread 24337] [10.0] [cxt 0] basic.p4(114) Condition "hdr.ipv4.isValid()" (node_2) is false
[20:23:53.193] [bmv2] [D] [thread 24337] [10.0] [cxt 0] Pipeline 'ingress': end
[20:23:53.193] [bmv2] [D] [thread 24337] [10.0] [cxt 0] Egress port is 0
[20:23:53.194] [bmv2] [D] [thread 24338] [10.0] [cxt 0] Pipeline 'egress': start
[20:23:53.194] [bmv2] [D] [thread 24338] [10.0] [cxt 0] Pipeline 'egress': end
[20:23:53.194] [bmv2] [D] [thread 24338] [10.0] [cxt 0] Deparser 'deparser': start
[20:23:53.194] [bmv2] [T] [thread 24338] [10.0] [cxt 0] Skipping checksum 'cksum' update because condition not met
[20:23:53.194] [bmv2] [D] [thread 24338] [10.0] [cxt 0] Deparsing header 'ethernet'
[20:23:53.194] [bmv2] [D] [thread 24338] [10.0] [cxt 0] Deparser 'deparser': end
[20:23:53.194] [bmv2] [D] [thread 24342] [10.0] [cxt 0] Transmitting packet of size 196 out of port 0
[20:23:53.218] [bmv2] [D] [thread 24337] [11.0] [cxt 0] Processing packet received on port 1
[20:23:53.218] [bmv2] [D] [thread 24337] [11.0] [cxt 0] Parser 'parser': start
[20:23:53.218] [bmv2] [D] [thread 24337] [11.0] [cxt 0] Parser 'parser' entering state 'start'
[20:23:53.218] [bmv2] [D] [thread 24337] [11.0] [cxt 0] Extracting header 'ethernet'
[20:23:53.218] [bmv2] [D] [thread 24337] [11.0] [cxt 0] Parser state 'start': key is 86dd
[20:23:53.218] [bmv2] [T] [thread 24337] [11.0] [cxt 0] Bytes parsed: 14
[20:23:53.218] [bmv2] [D] [thread 24337] [11.0] [cxt 0] Parser 'parser': end
[20:23:53.218] [bmv2] [D] [thread 24337] [11.0] [cxt 0] Pipeline 'ingress': start
[20:23:53.218] [bmv2] [T] [thread 24337] [11.0] [cxt 0] basic.p4(114) Condition "hdr.ipv4.isValid()" (node_2) is false
[20:23:53.218] [bmv2] [D] [thread 24337] [11.0] [cxt 0] Pipeline 'ingress': end
[20:23:53.218] [bmv2] [D] [thread 24337] [11.0] [cxt 0] Egress port is 0
[20:23:53.219] [bmv2] [D] [thread 24338] [11.0] [cxt 0] Pipeline 'egress': start
[20:23:53.219] [bmv2] [D] [thread 24338] [11.0] [cxt 0] Pipeline 'egress': end
[20:23:53.219] [bmv2] [D] [thread 24338] [11.0] [cxt 0] Deparser 'deparser': start
[20:23:53.219] [bmv2] [T] [thread 24338] [11.0] [cxt 0] Skipping checksum 'cksum' update because condition not met
[20:23:53.219] [bmv2] [D] [thread 24338] [11.0] [cxt 0] Deparsing header 'ethernet'
[20:23:53.219] [bmv2] [D] [thread 24338] [11.0] [cxt 0] Deparser 'deparser': end
[20:23:53.219] [bmv2] [D] [thread 24342] [11.0] [cxt 0] Transmitting packet of size 90 out of port 0
[20:23:53.677] [bmv2] [D] [thread 24337] [12.0] [cxt 0] Processing packet received on port 1
[20:23:53.677] [bmv2] [D] [thread 24337] [12.0] [cxt 0] Parser 'parser': start
[20:23:53.677] [bmv2] [D] [thread 24337] [12.0] [cxt 0] Parser 'parser' entering state 'start'
[20:23:53.677] [bmv2] [D] [thread 24337] [12.0] [cxt 0] Extracting header 'ethernet'
[20:23:53.677] [bmv2] [D] [thread 24337] [12.0] [cxt 0] Parser state 'start': key is 86dd
[20:23:53.677] [bmv2] [T] [thread 24337] [12.0] [cxt 0] Bytes parsed: 14
[20:23:53.677] [bmv2] [D] [thread 24337] [12.0] [cxt 0] Parser 'parser': end
[20:23:53.677] [bmv2] [D] [thread 24337] [12.0] [cxt 0] Pipeline 'ingress': start
[20:23:53.677] [bmv2] [T] [thread 24337] [12.0] [cxt 0] basic.p4(114) Condition "hdr.ipv4.isValid()" (node_2) is false
[20:23:53.677] [bmv2] [D] [thread 24337] [12.0] [cxt 0] Pipeline 'ingress': end
[20:23:53.677] [bmv2] [D] [thread 24337] [12.0] [cxt 0] Egress port is 0
[20:23:53.679] [bmv2] [D] [thread 24338] [12.0] [cxt 0] Pipeline 'egress': start
[20:23:53.679] [bmv2] [D] [thread 24338] [12.0] [cxt 0] Pipeline 'egress': end
[20:23:53.679] [bmv2] [D] [thread 24338] [12.0] [cxt 0] Deparser 'deparser': start
[20:23:53.679] [bmv2] [T] [thread 24338] [12.0] [cxt 0] Skipping checksum 'cksum' update because condition not met
[20:23:53.679] [bmv2] [D] [thread 24338] [12.0] [cxt 0] Deparsing header 'ethernet'
[20:23:53.679] [bmv2] [D] [thread 24338] [12.0] [cxt 0] Deparser 'deparser': end
[20:23:53.679] [bmv2] [D] [thread 24342] [12.0] [cxt 0] Transmitting packet of size 196 out of port 0
[20:23:53.796] [bmv2] [D] [thread 24337] [13.0] [cxt 0] Processing packet received on port 2
[20:23:53.796] [bmv2] [D] [thread 24337] [13.0] [cxt 0] Parser 'parser': start
[20:23:53.796] [bmv2] [D] [thread 24337] [13.0] [cxt 0] Parser 'parser' entering state 'start'
[20:23:53.796] [bmv2] [D] [thread 24337] [13.0] [cxt 0] Extracting header 'ethernet'
[20:23:53.796] [bmv2] [D] [thread 24337] [13.0] [cxt 0] Parser state 'start': key is 86dd
[20:23:53.797] [bmv2] [T] [thread 24337] [13.0] [cxt 0] Bytes parsed: 14
[20:23:53.797] [bmv2] [D] [thread 24337] [13.0] [cxt 0] Parser 'parser': end
[20:23:53.797] [bmv2] [D] [thread 24337] [13.0] [cxt 0] Pipeline 'ingress': start
[20:23:53.797] [bmv2] [T] [thread 24337] [13.0] [cxt 0] basic.p4(114) Condition "hdr.ipv4.isValid()" (node_2) is false
[20:23:53.797] [bmv2] [D] [thread 24337] [13.0] [cxt 0] Pipeline 'ingress': end
[20:23:53.797] [bmv2] [D] [thread 24337] [13.0] [cxt 0] Egress port is 0
[20:23:53.797] [bmv2] [D] [thread 24338] [13.0] [cxt 0] Pipeline 'egress': start
[20:23:53.797] [bmv2] [D] [thread 24338] [13.0] [cxt 0] Pipeline 'egress': end
[20:23:53.797] [bmv2] [D] [thread 24338] [13.0] [cxt 0] Deparser 'deparser': start
[20:23:53.797] [bmv2] [T] [thread 24338] [13.0] [cxt 0] Skipping checksum 'cksum' update because condition not met
[20:23:53.797] [bmv2] [D] [thread 24338] [13.0] [cxt 0] Deparsing header 'ethernet'
[20:23:53.797] [bmv2] [D] [thread 24338] [13.0] [cxt 0] Deparser 'deparser': end
[20:23:53.798] [bmv2] [D] [thread 24342] [13.0] [cxt 0] Transmitting packet of size 196 out of port 0
[20:23:54.141] [bmv2] [W] [thread 24416] [P4Runtime] p4::tmp::P4DeviceConfig is deprecated
[20:23:54.145] [bmv2] [D] [thread 24416] Set default default entry for table 'MyIngress.ipv4_lpm': MyIngress.drop - 
[20:23:54.152] [bmv2] [D] [thread 24416] simple_switch target has been notified of a config swap
[20:23:54.156] [bmv2] [D] [thread 24417] Set default entry for table 'MyIngress.ipv4_lpm': MyIngress.drop - 
[20:23:54.158] [bmv2] [D] [thread 24416] Entry 0 added to table 'MyIngress.ipv4_lpm'
[20:23:54.158] [bmv2] [D] [thread 24416] Dumping entry 0
Match key:
* hdr.ipv4.dstAddr    : LPM       0a000101/32
Action entry: MyIngress.ipv4_forward - 80000000100,2,

[20:23:54.167] [bmv2] [D] [thread 24417] Entry 1 added to table 'MyIngress.ipv4_lpm'
[20:23:54.167] [bmv2] [D] [thread 24417] Dumping entry 1
Match key:
* hdr.ipv4.dstAddr    : LPM       0a000202/32
Action entry: MyIngress.ipv4_forward - 80000000100,2,

[20:23:54.168] [bmv2] [D] [thread 24416] Entry 2 added to table 'MyIngress.ipv4_lpm'
[20:23:54.168] [bmv2] [D] [thread 24416] Dumping entry 2
Match key:
* hdr.ipv4.dstAddr    : LPM       0a000303/32
Action entry: MyIngress.ipv4_forward - 80000000200,1,

[20:23:54.171] [bmv2] [D] [thread 24417] Entry 3 added to table 'MyIngress.ipv4_lpm'
[20:23:54.171] [bmv2] [D] [thread 24417] Dumping entry 3
Match key:
* hdr.ipv4.dstAddr    : LPM       0a000404/32
Action entry: MyIngress.ipv4_forward - 80000000200,1,

[20:23:54.187] [bmv2] [D] [thread 24337] [14.0] [cxt 0] Processing packet received on port 1
[20:23:54.187] [bmv2] [D] [thread 24337] [14.0] [cxt 0] Parser 'parser': start
[20:23:54.187] [bmv2] [D] [thread 24337] [14.0] [cxt 0] Parser 'parser' entering state 'start'
[20:23:54.187] [bmv2] [D] [thread 24337] [14.0] [cxt 0] Extracting header 'ethernet'
[20:23:54.187] [bmv2] [D] [thread 24337] [14.0] [cxt 0] Parser state 'start': key is 86dd
[20:23:54.187] [bmv2] [T] [thread 24337] [14.0] [cxt 0] Bytes parsed: 14
[20:23:54.187] [bmv2] [D] [thread 24337] [14.0] [cxt 0] Parser 'parser': end
[20:23:54.187] [bmv2] [D] [thread 24337] [14.0] [cxt 0] Pipeline 'ingress': start
[20:23:54.187] [bmv2] [T] [thread 24337] [14.0] [cxt 0] basic.p4(114) Condition "hdr.ipv4.isValid()" (node_2) is false
[20:23:54.187] [bmv2] [D] [thread 24337] [14.0] [cxt 0] Pipeline 'ingress': end
[20:23:54.187] [bmv2] [D] [thread 24337] [14.0] [cxt 0] Egress port is 0
[20:23:54.188] [bmv2] [D] [thread 24338] [14.0] [cxt 0] Pipeline 'egress': start
[20:23:54.188] [bmv2] [D] [thread 24338] [14.0] [cxt 0] Pipeline 'egress': end
[20:23:54.188] [bmv2] [D] [thread 24338] [14.0] [cxt 0] Deparser 'deparser': start
[20:23:54.188] [bmv2] [T] [thread 24338] [14.0] [cxt 0] Skipping checksum 'cksum' update because condition not met
[20:23:54.188] [bmv2] [D] [thread 24338] [14.0] [cxt 0] Deparsing header 'ethernet'
[20:23:54.188] [bmv2] [D] [thread 24338] [14.0] [cxt 0] Deparser 'deparser': end
[20:23:54.189] [bmv2] [D] [thread 24342] [14.0] [cxt 0] Transmitting packet of size 196 out of port 0
[20:23:55.277] [bmv2] [D] [thread 24337] [15.0] [cxt 0] Processing packet received on port 2
[20:23:55.277] [bmv2] [D] [thread 24337] [15.0] [cxt 0] Parser 'parser': start
[20:23:55.277] [bmv2] [D] [thread 24337] [15.0] [cxt 0] Parser 'parser' entering state 'start'
[20:23:55.277] [bmv2] [D] [thread 24337] [15.0] [cxt 0] Extracting header 'ethernet'
[20:23:55.277] [bmv2] [D] [thread 24337] [15.0] [cxt 0] Parser state 'start': key is 86dd
[20:23:55.277] [bmv2] [T] [thread 24337] [15.0] [cxt 0] Bytes parsed: 14
[20:23:55.277] [bmv2] [D] [thread 24337] [15.0] [cxt 0] Parser 'parser': end
[20:23:55.277] [bmv2] [D] [thread 24337] [15.0] [cxt 0] Pipeline 'ingress': start
[20:23:55.277] [bmv2] [T] [thread 24337] [15.0] [cxt 0] basic.p4(114) Condition "hdr.ipv4.isValid()" (node_2) is false
[20:23:55.277] [bmv2] [D] [thread 24337] [15.0] [cxt 0] Pipeline 'ingress': end
[20:23:55.277] [bmv2] [D] [thread 24337] [15.0] [cxt 0] Egress port is 0
[20:23:55.277] [bmv2] [D] [thread 24338] [15.0] [cxt 0] Pipeline 'egress': start
[20:23:55.277] [bmv2] [D] [thread 24338] [15.0] [cxt 0] Pipeline 'egress': end
[20:23:55.277] [bmv2] [D] [thread 24338] [15.0] [cxt 0] Deparser 'deparser': start
[20:23:55.277] [bmv2] [T] [thread 24338] [15.0] [cxt 0] Skipping checksum 'cksum' update because condition not met
[20:23:55.277] [bmv2] [D] [thread 24338] [15.0] [cxt 0] Deparsing header 'ethernet'
[20:23:55.277] [bmv2] [D] [thread 24338] [15.0] [cxt 0] Deparser 'deparser': end
[20:23:55.278] [bmv2] [D] [thread 24342] [15.0] [cxt 0] Transmitting packet of size 196 out of port 0
[20:23:55.426] [bmv2] [D] [thread 24337] [16.0] [cxt 0] Processing packet received on port 2
[20:23:55.426] [bmv2] [D] [thread 24337] [16.0] [cxt 0] Parser 'parser': start
[20:23:55.426] [bmv2] [D] [thread 24337] [16.0] [cxt 0] Parser 'parser' entering state 'start'
[20:23:55.426] [bmv2] [D] [thread 24337] [16.0] [cxt 0] Extracting header 'ethernet'
[20:23:55.426] [bmv2] [D] [thread 24337] [16.0] [cxt 0] Parser state 'start': key is 86dd
[20:23:55.426] [bmv2] [T] [thread 24337] [16.0] [cxt 0] Bytes parsed: 14
[20:23:55.426] [bmv2] [D] [thread 24337] [16.0] [cxt 0] Parser 'parser': end
[20:23:55.426] [bmv2] [D] [thread 24337] [16.0] [cxt 0] Pipeline 'ingress': start
[20:23:55.426] [bmv2] [T] [thread 24337] [16.0] [cxt 0] basic.p4(114) Condition "hdr.ipv4.isValid()" (node_2) is false
[20:23:55.426] [bmv2] [D] [thread 24337] [16.0] [cxt 0] Pipeline 'ingress': end
[20:23:55.426] [bmv2] [D] [thread 24337] [16.0] [cxt 0] Egress port is 0
[20:23:55.426] [bmv2] [D] [thread 24338] [16.0] [cxt 0] Pipeline 'egress': start
[20:23:55.426] [bmv2] [D] [thread 24338] [16.0] [cxt 0] Pipeline 'egress': end
[20:23:55.426] [bmv2] [D] [thread 24338] [16.0] [cxt 0] Deparser 'deparser': start
[20:23:55.426] [bmv2] [T] [thread 24338] [16.0] [cxt 0] Skipping checksum 'cksum' update because condition not met
[20:23:55.426] [bmv2] [D] [thread 24338] [16.0] [cxt 0] Deparsing header 'ethernet'
[20:23:55.426] [bmv2] [D] [thread 24338] [16.0] [cxt 0] Deparser 'deparser': end
[20:23:55.427] [bmv2] [D] [thread 24342] [16.0] [cxt 0] Transmitting packet of size 70 out of port 0
[20:23:55.761] [bmv2] [D] [thread 24337] [17.0] [cxt 0] Processing packet received on port 1
[20:23:55.761] [bmv2] [D] [thread 24337] [17.0] [cxt 0] Parser 'parser': start
[20:23:55.761] [bmv2] [D] [thread 24337] [17.0] [cxt 0] Parser 'parser' entering state 'start'
[20:23:55.761] [bmv2] [D] [thread 24337] [17.0] [cxt 0] Extracting header 'ethernet'
[20:23:55.761] [bmv2] [D] [thread 24337] [17.0] [cxt 0] Parser state 'start': key is 86dd
[20:23:55.761] [bmv2] [T] [thread 24337] [17.0] [cxt 0] Bytes parsed: 14
[20:23:55.761] [bmv2] [D] [thread 24337] [17.0] [cxt 0] Parser 'parser': end
[20:23:55.761] [bmv2] [D] [thread 24337] [17.0] [cxt 0] Pipeline 'ingress': start
[20:23:55.761] [bmv2] [T] [thread 24337] [17.0] [cxt 0] basic.p4(114) Condition "hdr.ipv4.isValid()" (node_2) is false
[20:23:55.761] [bmv2] [D] [thread 24337] [17.0] [cxt 0] Pipeline 'ingress': end
[20:23:55.761] [bmv2] [D] [thread 24337] [17.0] [cxt 0] Egress port is 0
[20:23:55.762] [bmv2] [D] [thread 24338] [17.0] [cxt 0] Pipeline 'egress': start
[20:23:55.762] [bmv2] [D] [thread 24338] [17.0] [cxt 0] Pipeline 'egress': end
[20:23:55.762] [bmv2] [D] [thread 24338] [17.0] [cxt 0] Deparser 'deparser': start
[20:23:55.762] [bmv2] [T] [thread 24338] [17.0] [cxt 0] Skipping checksum 'cksum' update because condition not met
[20:23:55.762] [bmv2] [D] [thread 24338] [17.0] [cxt 0] Deparsing header 'ethernet'
[20:23:55.762] [bmv2] [D] [thread 24338] [17.0] [cxt 0] Deparser 'deparser': end
[20:23:55.762] [bmv2] [D] [thread 24342] [17.0] [cxt 0] Transmitting packet of size 196 out of port 0
[20:23:55.879] [bmv2] [D] [thread 24337] [18.0] [cxt 0] Processing packet received on port 2
[20:23:55.879] [bmv2] [D] [thread 24337] [18.0] [cxt 0] Parser 'parser': start
[20:23:55.879] [bmv2] [D] [thread 24337] [18.0] [cxt 0] Parser 'parser' entering state 'start'
[20:23:55.879] [bmv2] [D] [thread 24337] [18.0] [cxt 0] Extracting header 'ethernet'
[20:23:55.879] [bmv2] [D] [thread 24337] [18.0] [cxt 0] Parser state 'start': key is 86dd
[20:23:55.879] [bmv2] [T] [thread 24337] [18.0] [cxt 0] Bytes parsed: 14
[20:23:55.879] [bmv2] [D] [thread 24337] [18.0] [cxt 0] Parser 'parser': end
[20:23:55.879] [bmv2] [D] [thread 24337] [18.0] [cxt 0] Pipeline 'ingress': start
[20:23:55.879] [bmv2] [T] [thread 24337] [18.0] [cxt 0] basic.p4(114) Condition "hdr.ipv4.isValid()" (node_2) is false
[20:23:55.879] [bmv2] [D] [thread 24337] [18.0] [cxt 0] Pipeline 'ingress': end
[20:23:55.879] [bmv2] [D] [thread 24337] [18.0] [cxt 0] Egress port is 0
[20:23:55.880] [bmv2] [D] [thread 24338] [18.0] [cxt 0] Pipeline 'egress': start
[20:23:55.880] [bmv2] [D] [thread 24338] [18.0] [cxt 0] Pipeline 'egress': end
[20:23:55.880] [bmv2] [D] [thread 24338] [18.0] [cxt 0] Deparser 'deparser': start
[20:23:55.880] [bmv2] [T] [thread 24338] [18.0] [cxt 0] Skipping checksum 'cksum' update because condition not met
[20:23:55.880] [bmv2] [D] [thread 24338] [18.0] [cxt 0] Deparsing header 'ethernet'
[20:23:55.880] [bmv2] [D] [thread 24338] [18.0] [cxt 0] Deparser 'deparser': end
[20:23:55.880] [bmv2] [D] [thread 24342] [18.0] [cxt 0] Transmitting packet of size 196 out of port 0
[20:23:55.940] [bmv2] [D] [thread 24337] [19.0] [cxt 0] Processing packet received on port 2
[20:23:55.940] [bmv2] [D] [thread 24337] [19.0] [cxt 0] Parser 'parser': start
[20:23:55.940] [bmv2] [D] [thread 24337] [19.0] [cxt 0] Parser 'parser' entering state 'start'
[20:23:55.940] [bmv2] [D] [thread 24337] [19.0] [cxt 0] Extracting header 'ethernet'
[20:23:55.940] [bmv2] [D] [thread 24337] [19.0] [cxt 0] Parser state 'start': key is 86dd
[20:23:55.940] [bmv2] [T] [thread 24337] [19.0] [cxt 0] Bytes parsed: 14
[20:23:55.940] [bmv2] [D] [thread 24337] [19.0] [cxt 0] Parser 'parser': end
[20:23:55.940] [bmv2] [D] [thread 24337] [19.0] [cxt 0] Pipeline 'ingress': start
[20:23:55.940] [bmv2] [T] [thread 24337] [19.0] [cxt 0] basic.p4(114) Condition "hdr.ipv4.isValid()" (node_2) is false
[20:23:55.940] [bmv2] [D] [thread 24337] [19.0] [cxt 0] Pipeline 'ingress': end
[20:23:55.940] [bmv2] [D] [thread 24337] [19.0] [cxt 0] Egress port is 0
[20:23:55.940] [bmv2] [D] [thread 24338] [19.0] [cxt 0] Pipeline 'egress': start
[20:23:55.940] [bmv2] [D] [thread 24338] [19.0] [cxt 0] Pipeline 'egress': end
[20:23:55.940] [bmv2] [D] [thread 24338] [19.0] [cxt 0] Deparser 'deparser': start
[20:23:55.940] [bmv2] [T] [thread 24338] [19.0] [cxt 0] Skipping checksum 'cksum' update because condition not met
[20:23:55.940] [bmv2] [D] [thread 24338] [19.0] [cxt 0] Deparsing header 'ethernet'
[20:23:55.940] [bmv2] [D] [thread 24338] [19.0] [cxt 0] Deparser 'deparser': end
[20:23:55.940] [bmv2] [D] [thread 24342] [19.0] [cxt 0] Transmitting packet of size 70 out of port 0
[20:23:56.196] [bmv2] [D] [thread 24337] [20.0] [cxt 0] Processing packet received on port 1
[20:23:56.196] [bmv2] [D] [thread 24337] [20.0] [cxt 0] Parser 'parser': start
[20:23:56.196] [bmv2] [D] [thread 24337] [20.0] [cxt 0] Parser 'parser' entering state 'start'
[20:23:56.196] [bmv2] [D] [thread 24337] [20.0] [cxt 0] Extracting header 'ethernet'
[20:23:56.196] [bmv2] [D] [thread 24337] [20.0] [cxt 0] Parser state 'start': key is 86dd
[20:23:56.196] [bmv2] [T] [thread 24337] [20.0] [cxt 0] Bytes parsed: 14
[20:23:56.196] [bmv2] [D] [thread 24337] [20.0] [cxt 0] Parser 'parser': end
[20:23:56.196] [bmv2] [D] [thread 24337] [20.0] [cxt 0] Pipeline 'ingress': start
[20:23:56.196] [bmv2] [T] [thread 24337] [20.0] [cxt 0] basic.p4(114) Condition "hdr.ipv4.isValid()" (node_2) is false
[20:23:56.196] [bmv2] [D] [thread 24337] [20.0] [cxt 0] Pipeline 'ingress': end
[20:23:56.196] [bmv2] [D] [thread 24337] [20.0] [cxt 0] Egress port is 0
[20:23:56.196] [bmv2] [D] [thread 24337] [21.0] [cxt 0] Processing packet received on port 1
[20:23:56.196] [bmv2] [D] [thread 24337] [21.0] [cxt 0] Parser 'parser': start
[20:23:56.196] [bmv2] [D] [thread 24337] [21.0] [cxt 0] Parser 'parser' entering state 'start'
[20:23:56.196] [bmv2] [D] [thread 24337] [21.0] [cxt 0] Extracting header 'ethernet'
[20:23:56.196] [bmv2] [D] [thread 24337] [21.0] [cxt 0] Parser state 'start': key is 86dd
[20:23:56.196] [bmv2] [T] [thread 24337] [21.0] [cxt 0] Bytes parsed: 14
[20:23:56.196] [bmv2] [D] [thread 24337] [21.0] [cxt 0] Parser 'parser': end
[20:23:56.196] [bmv2] [D] [thread 24337] [21.0] [cxt 0] Pipeline 'ingress': start
[20:23:56.196] [bmv2] [T] [thread 24337] [21.0] [cxt 0] basic.p4(114) Condition "hdr.ipv4.isValid()" (node_2) is false
[20:23:56.196] [bmv2] [D] [thread 24337] [21.0] [cxt 0] Pipeline 'ingress': end
[20:23:56.196] [bmv2] [D] [thread 24337] [21.0] [cxt 0] Egress port is 0
[20:23:56.196] [bmv2] [D] [thread 24338] [20.0] [cxt 0] Pipeline 'egress': start
[20:23:56.196] [bmv2] [D] [thread 24338] [20.0] [cxt 0] Pipeline 'egress': end
[20:23:56.196] [bmv2] [D] [thread 24338] [20.0] [cxt 0] Deparser 'deparser': start
[20:23:56.196] [bmv2] [T] [thread 24338] [20.0] [cxt 0] Skipping checksum 'cksum' update because condition not met
[20:23:56.196] [bmv2] [D] [thread 24338] [20.0] [cxt 0] Deparsing header 'ethernet'
[20:23:56.196] [bmv2] [D] [thread 24338] [20.0] [cxt 0] Deparser 'deparser': end
[20:23:56.197] [bmv2] [D] [thread 24338] [21.0] [cxt 0] Pipeline 'egress': start
[20:23:56.197] [bmv2] [D] [thread 24338] [21.0] [cxt 0] Pipeline 'egress': end
[20:23:56.197] [bmv2] [D] [thread 24338] [21.0] [cxt 0] Deparser 'deparser': start
[20:23:56.197] [bmv2] [T] [thread 24338] [21.0] [cxt 0] Skipping checksum 'cksum' update because condition not met
[20:23:56.197] [bmv2] [D] [thread 24338] [21.0] [cxt 0] Deparsing header 'ethernet'
[20:23:56.197] [bmv2] [D] [thread 24338] [21.0] [cxt 0] Deparser 'deparser': end
[20:23:56.197] [bmv2] [D] [thread 24342] [20.0] [cxt 0] Transmitting packet of size 70 out of port 0
[20:23:56.197] [bmv2] [D] [thread 24342] [21.0] [cxt 0] Transmitting packet of size 70 out of port 0
[20:23:56.268] [bmv2] [D] [thread 24337] [22.0] [cxt 0] Processing packet received on port 1
[20:23:56.269] [bmv2] [D] [thread 24337] [22.0] [cxt 0] Parser 'parser': start
[20:23:56.269] [bmv2] [D] [thread 24337] [22.0] [cxt 0] Parser 'parser' entering state 'start'
[20:23:56.269] [bmv2] [D] [thread 24337] [22.0] [cxt 0] Extracting header 'ethernet'
[20:23:56.269] [bmv2] [D] [thread 24337] [22.0] [cxt 0] Parser state 'start': key is 86dd
[20:23:56.269] [bmv2] [T] [thread 24337] [22.0] [cxt 0] Bytes parsed: 14
[20:23:56.269] [bmv2] [D] [thread 24337] [22.0] [cxt 0] Parser 'parser': end
[20:23:56.269] [bmv2] [D] [thread 24337] [22.0] [cxt 0] Pipeline 'ingress': start
[20:23:56.269] [bmv2] [T] [thread 24337] [22.0] [cxt 0] basic.p4(114) Condition "hdr.ipv4.isValid()" (node_2) is false
[20:23:56.269] [bmv2] [D] [thread 24337] [22.0] [cxt 0] Pipeline 'ingress': end
[20:23:56.269] [bmv2] [D] [thread 24337] [22.0] [cxt 0] Egress port is 0
[20:23:56.269] [bmv2] [D] [thread 24338] [22.0] [cxt 0] Pipeline 'egress': start
[20:23:56.269] [bmv2] [D] [thread 24338] [22.0] [cxt 0] Pipeline 'egress': end
[20:23:56.269] [bmv2] [D] [thread 24338] [22.0] [cxt 0] Deparser 'deparser': start
[20:23:56.269] [bmv2] [T] [thread 24338] [22.0] [cxt 0] Skipping checksum 'cksum' update because condition not met
[20:23:56.269] [bmv2] [D] [thread 24338] [22.0] [cxt 0] Deparsing header 'ethernet'
[20:23:56.269] [bmv2] [D] [thread 24338] [22.0] [cxt 0] Deparser 'deparser': end
[20:23:56.269] [bmv2] [D] [thread 24342] [22.0] [cxt 0] Transmitting packet of size 196 out of port 0
