Calling target program-options parser
[09:16:44.077] [bmv2] [D] [thread 128922] Set default default entry for table 'MyIngress.ipv4_lpm': MyIngress.drop - 
[09:16:44.077] [bmv2] [D] [thread 128922] Set default default entry for table 'MyIngress.myTunnel_exact': MyIngress.drop - 
Adding interface s1-eth1 as port 1
[09:16:44.082] [bmv2] [D] [thread 128922] Adding interface s1-eth1 as port 1
Server listening on 0.0.0.0:50051
[09:16:44.232] [bmv2] [I] [thread 128922] Starting Thrift server on port 9090
[09:16:44.249] [bmv2] [I] [thread 128922] Thrift server was started
[09:16:44.685] [bmv2] [D] [thread 128940] [0.0] [cxt 0] Processing packet received on port 1
[09:16:44.685] [bmv2] [D] [thread 128940] [0.0] [cxt 0] Parser 'parser': start
[09:16:44.685] [bmv2] [D] [thread 128940] [0.0] [cxt 0] Parser 'parser' entering state 'start'
[09:16:44.685] [bmv2] [D] [thread 128940] [0.0] [cxt 0] Extracting header 'ethernet'
[09:16:44.685] [bmv2] [D] [thread 128940] [0.0] [cxt 0] Parser state 'start': key is 86dd
[09:16:44.685] [bmv2] [T] [thread 128940] [0.0] [cxt 0] Bytes parsed: 14
[09:16:44.685] [bmv2] [D] [thread 128940] [0.0] [cxt 0] Parser 'parser': end
[09:16:44.686] [bmv2] [D] [thread 128940] [0.0] [cxt 0] Pipeline 'ingress': start
[09:16:44.686] [bmv2] [T] [thread 128940] [0.0] [cxt 0] basic_tunnel.p4(152) Condition "hdr.ipv4.isValid() && !hdr.myTunnel.isValid()" (node_2) is false
[09:16:44.686] [bmv2] [T] [thread 128940] [0.0] [cxt 0] basic_tunnel.p4(155) Condition "hdr.myTunnel.isValid()" (node_4) is false
[09:16:44.686] [bmv2] [D] [thread 128940] [0.0] [cxt 0] Pipeline 'ingress': end
[09:16:44.686] [bmv2] [D] [thread 128940] [0.0] [cxt 0] Egress port is 0
[09:16:44.686] [bmv2] [D] [thread 128941] [0.0] [cxt 0] Pipeline 'egress': start
[09:16:44.686] [bmv2] [D] [thread 128941] [0.0] [cxt 0] Pipeline 'egress': end
[09:16:44.686] [bmv2] [D] [thread 128941] [0.0] [cxt 0] Deparser 'deparser': start
[09:16:44.686] [bmv2] [T] [thread 128941] [0.0] [cxt 0] Skipping checksum 'cksum' update because condition not met
[09:16:44.686] [bmv2] [D] [thread 128941] [0.0] [cxt 0] Deparsing header 'ethernet'
[09:16:44.686] [bmv2] [D] [thread 128941] [0.0] [cxt 0] Deparser 'deparser': end
[09:16:44.686] [bmv2] [D] [thread 128945] [0.0] [cxt 0] Transmitting packet of size 90 out of port 0
[09:16:45.044] [bmv2] [D] [thread 128940] [1.0] [cxt 0] Processing packet received on port 1
[09:16:45.044] [bmv2] [D] [thread 128940] [1.0] [cxt 0] Parser 'parser': start
[09:16:45.044] [bmv2] [D] [thread 128940] [1.0] [cxt 0] Parser 'parser' entering state 'start'
[09:16:45.044] [bmv2] [D] [thread 128940] [1.0] [cxt 0] Extracting header 'ethernet'
[09:16:45.044] [bmv2] [D] [thread 128940] [1.0] [cxt 0] Parser state 'start': key is 86dd
[09:16:45.044] [bmv2] [T] [thread 128940] [1.0] [cxt 0] Bytes parsed: 14
[09:16:45.044] [bmv2] [D] [thread 128940] [1.0] [cxt 0] Parser 'parser': end
[09:16:45.044] [bmv2] [D] [thread 128940] [1.0] [cxt 0] Pipeline 'ingress': start
[09:16:45.044] [bmv2] [T] [thread 128940] [1.0] [cxt 0] basic_tunnel.p4(152) Condition "hdr.ipv4.isValid() && !hdr.myTunnel.isValid()" (node_2) is false
[09:16:45.044] [bmv2] [T] [thread 128940] [1.0] [cxt 0] basic_tunnel.p4(155) Condition "hdr.myTunnel.isValid()" (node_4) is false
[09:16:45.044] [bmv2] [D] [thread 128940] [1.0] [cxt 0] Pipeline 'ingress': end
[09:16:45.044] [bmv2] [D] [thread 128940] [1.0] [cxt 0] Egress port is 0
[09:16:45.045] [bmv2] [D] [thread 128940] [2.0] [cxt 0] Processing packet received on port 1
[09:16:45.045] [bmv2] [D] [thread 128940] [2.0] [cxt 0] Parser 'parser': start
[09:16:45.045] [bmv2] [D] [thread 128940] [2.0] [cxt 0] Parser 'parser' entering state 'start'
[09:16:45.045] [bmv2] [D] [thread 128940] [2.0] [cxt 0] Extracting header 'ethernet'
[09:16:45.045] [bmv2] [D] [thread 128940] [2.0] [cxt 0] Parser state 'start': key is 86dd
[09:16:45.045] [bmv2] [T] [thread 128940] [2.0] [cxt 0] Bytes parsed: 14
[09:16:45.045] [bmv2] [D] [thread 128940] [2.0] [cxt 0] Parser 'parser': end
[09:16:45.045] [bmv2] [D] [thread 128940] [2.0] [cxt 0] Pipeline 'ingress': start
[09:16:45.045] [bmv2] [T] [thread 128940] [2.0] [cxt 0] basic_tunnel.p4(152) Condition "hdr.ipv4.isValid() && !hdr.myTunnel.isValid()" (node_2) is false
[09:16:45.045] [bmv2] [T] [thread 128940] [2.0] [cxt 0] basic_tunnel.p4(155) Condition "hdr.myTunnel.isValid()" (node_4) is false
[09:16:45.045] [bmv2] [D] [thread 128940] [2.0] [cxt 0] Pipeline 'ingress': end
[09:16:45.045] [bmv2] [D] [thread 128940] [2.0] [cxt 0] Egress port is 0
[09:16:45.045] [bmv2] [D] [thread 128941] [1.0] [cxt 0] Pipeline 'egress': start
[09:16:45.046] [bmv2] [D] [thread 128941] [1.0] [cxt 0] Pipeline 'egress': end
[09:16:45.046] [bmv2] [D] [thread 128941] [1.0] [cxt 0] Deparser 'deparser': start
[09:16:45.046] [bmv2] [T] [thread 128941] [1.0] [cxt 0] Skipping checksum 'cksum' update because condition not met
[09:16:45.046] [bmv2] [D] [thread 128941] [1.0] [cxt 0] Deparsing header 'ethernet'
[09:16:45.046] [bmv2] [D] [thread 128941] [1.0] [cxt 0] Deparser 'deparser': end
[09:16:45.046] [bmv2] [D] [thread 128941] [2.0] [cxt 0] Pipeline 'egress': start
[09:16:45.046] [bmv2] [D] [thread 128941] [2.0] [cxt 0] Pipeline 'egress': end
[09:16:45.046] [bmv2] [D] [thread 128941] [2.0] [cxt 0] Deparser 'deparser': start
[09:16:45.046] [bmv2] [T] [thread 128941] [2.0] [cxt 0] Skipping checksum 'cksum' update because condition not met
[09:16:45.046] [bmv2] [D] [thread 128941] [2.0] [cxt 0] Deparsing header 'ethernet'
[09:16:45.046] [bmv2] [D] [thread 128941] [2.0] [cxt 0] Deparser 'deparser': end
[09:16:45.048] [bmv2] [D] [thread 128945] [1.0] [cxt 0] Transmitting packet of size 90 out of port 0
[09:16:45.048] [bmv2] [D] [thread 128945] [2.0] [cxt 0] Transmitting packet of size 70 out of port 0
[09:16:45.049] [bmv2] [D] [thread 128940] [3.0] [cxt 0] Processing packet received on port 1
[09:16:45.049] [bmv2] [D] [thread 128940] [3.0] [cxt 0] Parser 'parser': start
[09:16:45.049] [bmv2] [D] [thread 128940] [3.0] [cxt 0] Parser 'parser' entering state 'start'
[09:16:45.049] [bmv2] [D] [thread 128940] [3.0] [cxt 0] Extracting header 'ethernet'
[09:16:45.049] [bmv2] [D] [thread 128940] [3.0] [cxt 0] Parser state 'start': key is 86dd
[09:16:45.049] [bmv2] [T] [thread 128940] [3.0] [cxt 0] Bytes parsed: 14
[09:16:45.049] [bmv2] [D] [thread 128940] [3.0] [cxt 0] Parser 'parser': end
[09:16:45.049] [bmv2] [D] [thread 128940] [3.0] [cxt 0] Pipeline 'ingress': start
[09:16:45.049] [bmv2] [T] [thread 128940] [3.0] [cxt 0] basic_tunnel.p4(152) Condition "hdr.ipv4.isValid() && !hdr.myTunnel.isValid()" (node_2) is false
[09:16:45.049] [bmv2] [T] [thread 128940] [3.0] [cxt 0] basic_tunnel.p4(155) Condition "hdr.myTunnel.isValid()" (node_4) is false
[09:16:45.049] [bmv2] [D] [thread 128940] [3.0] [cxt 0] Pipeline 'ingress': end
[09:16:45.049] [bmv2] [D] [thread 128940] [3.0] [cxt 0] Egress port is 0
[09:16:45.050] [bmv2] [D] [thread 128941] [3.0] [cxt 0] Pipeline 'egress': start
[09:16:45.050] [bmv2] [D] [thread 128941] [3.0] [cxt 0] Pipeline 'egress': end
[09:16:45.050] [bmv2] [D] [thread 128941] [3.0] [cxt 0] Deparser 'deparser': start
[09:16:45.050] [bmv2] [T] [thread 128941] [3.0] [cxt 0] Skipping checksum 'cksum' update because condition not met
[09:16:45.050] [bmv2] [D] [thread 128941] [3.0] [cxt 0] Deparsing header 'ethernet'
[09:16:45.050] [bmv2] [D] [thread 128941] [3.0] [cxt 0] Deparser 'deparser': end
[09:16:45.051] [bmv2] [D] [thread 128945] [3.0] [cxt 0] Transmitting packet of size 90 out of port 0
[09:16:45.140] [bmv2] [D] [thread 128940] [4.0] [cxt 0] Processing packet received on port 1
[09:16:45.140] [bmv2] [D] [thread 128940] [4.0] [cxt 0] Parser 'parser': start
[09:16:45.140] [bmv2] [D] [thread 128940] [4.0] [cxt 0] Parser 'parser' entering state 'start'
[09:16:45.140] [bmv2] [D] [thread 128940] [4.0] [cxt 0] Extracting header 'ethernet'
[09:16:45.141] [bmv2] [D] [thread 128940] [4.0] [cxt 0] Parser state 'start': key is 86dd
[09:16:45.141] [bmv2] [T] [thread 128940] [4.0] [cxt 0] Bytes parsed: 14
[09:16:45.141] [bmv2] [D] [thread 128940] [4.0] [cxt 0] Parser 'parser': end
[09:16:45.141] [bmv2] [D] [thread 128940] [4.0] [cxt 0] Pipeline 'ingress': start
[09:16:45.141] [bmv2] [T] [thread 128940] [4.0] [cxt 0] basic_tunnel.p4(152) Condition "hdr.ipv4.isValid() && !hdr.myTunnel.isValid()" (node_2) is false
[09:16:45.141] [bmv2] [T] [thread 128940] [4.0] [cxt 0] basic_tunnel.p4(155) Condition "hdr.myTunnel.isValid()" (node_4) is false
[09:16:45.141] [bmv2] [D] [thread 128940] [4.0] [cxt 0] Pipeline 'ingress': end
[09:16:45.141] [bmv2] [D] [thread 128940] [4.0] [cxt 0] Egress port is 0
[09:16:45.142] [bmv2] [D] [thread 128941] [4.0] [cxt 0] Pipeline 'egress': start
[09:16:45.142] [bmv2] [D] [thread 128941] [4.0] [cxt 0] Pipeline 'egress': end
[09:16:45.142] [bmv2] [D] [thread 128941] [4.0] [cxt 0] Deparser 'deparser': start
[09:16:45.142] [bmv2] [T] [thread 128941] [4.0] [cxt 0] Skipping checksum 'cksum' update because condition not met
[09:16:45.142] [bmv2] [D] [thread 128941] [4.0] [cxt 0] Deparsing header 'ethernet'
[09:16:45.142] [bmv2] [D] [thread 128941] [4.0] [cxt 0] Deparser 'deparser': end
[09:16:45.143] [bmv2] [D] [thread 128945] [4.0] [cxt 0] Transmitting packet of size 180 out of port 0
[09:16:45.201] [bmv2] [D] [thread 128940] [5.0] [cxt 0] Processing packet received on port 1
[09:16:45.201] [bmv2] [D] [thread 128940] [5.0] [cxt 0] Parser 'parser': start
[09:16:45.201] [bmv2] [D] [thread 128940] [5.0] [cxt 0] Parser 'parser' entering state 'start'
[09:16:45.201] [bmv2] [D] [thread 128940] [5.0] [cxt 0] Extracting header 'ethernet'
[09:16:45.201] [bmv2] [D] [thread 128940] [5.0] [cxt 0] Parser state 'start': key is 86dd
[09:16:45.201] [bmv2] [T] [thread 128940] [5.0] [cxt 0] Bytes parsed: 14
[09:16:45.201] [bmv2] [D] [thread 128940] [5.0] [cxt 0] Parser 'parser': end
[09:16:45.201] [bmv2] [D] [thread 128940] [5.0] [cxt 0] Pipeline 'ingress': start
[09:16:45.201] [bmv2] [T] [thread 128940] [5.0] [cxt 0] basic_tunnel.p4(152) Condition "hdr.ipv4.isValid() && !hdr.myTunnel.isValid()" (node_2) is false
[09:16:45.201] [bmv2] [T] [thread 128940] [5.0] [cxt 0] basic_tunnel.p4(155) Condition "hdr.myTunnel.isValid()" (node_4) is false
[09:16:45.201] [bmv2] [D] [thread 128940] [5.0] [cxt 0] Pipeline 'ingress': end
[09:16:45.201] [bmv2] [D] [thread 128940] [5.0] [cxt 0] Egress port is 0
[09:16:45.202] [bmv2] [D] [thread 128941] [5.0] [cxt 0] Pipeline 'egress': start
[09:16:45.202] [bmv2] [D] [thread 128941] [5.0] [cxt 0] Pipeline 'egress': end
[09:16:45.202] [bmv2] [D] [thread 128941] [5.0] [cxt 0] Deparser 'deparser': start
[09:16:45.202] [bmv2] [T] [thread 128941] [5.0] [cxt 0] Skipping checksum 'cksum' update because condition not met
[09:16:45.202] [bmv2] [D] [thread 128941] [5.0] [cxt 0] Deparsing header 'ethernet'
[09:16:45.202] [bmv2] [D] [thread 128941] [5.0] [cxt 0] Deparser 'deparser': end
[09:16:45.202] [bmv2] [D] [thread 128945] [5.0] [cxt 0] Transmitting packet of size 208 out of port 0
[09:16:45.249] [bmv2] [D] [thread 128940] [6.0] [cxt 0] Processing packet received on port 1
[09:16:45.249] [bmv2] [D] [thread 128940] [6.0] [cxt 0] Parser 'parser': start
[09:16:45.249] [bmv2] [D] [thread 128940] [6.0] [cxt 0] Parser 'parser' entering state 'start'
[09:16:45.249] [bmv2] [D] [thread 128940] [6.0] [cxt 0] Extracting header 'ethernet'
[09:16:45.249] [bmv2] [D] [thread 128940] [6.0] [cxt 0] Parser state 'start': key is 86dd
[09:16:45.249] [bmv2] [T] [thread 128940] [6.0] [cxt 0] Bytes parsed: 14
[09:16:45.249] [bmv2] [D] [thread 128940] [6.0] [cxt 0] Parser 'parser': end
[09:16:45.249] [bmv2] [D] [thread 128940] [6.0] [cxt 0] Pipeline 'ingress': start
[09:16:45.249] [bmv2] [T] [thread 128940] [6.0] [cxt 0] basic_tunnel.p4(152) Condition "hdr.ipv4.isValid() && !hdr.myTunnel.isValid()" (node_2) is false
[09:16:45.249] [bmv2] [T] [thread 128940] [6.0] [cxt 0] basic_tunnel.p4(155) Condition "hdr.myTunnel.isValid()" (node_4) is false
[09:16:45.249] [bmv2] [D] [thread 128940] [6.0] [cxt 0] Pipeline 'ingress': end
[09:16:45.249] [bmv2] [D] [thread 128940] [6.0] [cxt 0] Egress port is 0
[09:16:45.249] [bmv2] [D] [thread 128941] [6.0] [cxt 0] Pipeline 'egress': start
[09:16:45.250] [bmv2] [D] [thread 128941] [6.0] [cxt 0] Pipeline 'egress': end
[09:16:45.250] [bmv2] [D] [thread 128941] [6.0] [cxt 0] Deparser 'deparser': start
[09:16:45.250] [bmv2] [T] [thread 128941] [6.0] [cxt 0] Skipping checksum 'cksum' update because condition not met
[09:16:45.250] [bmv2] [D] [thread 128941] [6.0] [cxt 0] Deparsing header 'ethernet'
[09:16:45.250] [bmv2] [D] [thread 128941] [6.0] [cxt 0] Deparser 'deparser': end
[09:16:45.250] [bmv2] [D] [thread 128945] [6.0] [cxt 0] Transmitting packet of size 110 out of port 0
[09:16:45.453] [bmv2] [D] [thread 128940] [7.0] [cxt 0] Processing packet received on port 1
[09:16:45.453] [bmv2] [D] [thread 128940] [7.0] [cxt 0] Parser 'parser': start
[09:16:45.453] [bmv2] [D] [thread 128940] [7.0] [cxt 0] Parser 'parser' entering state 'start'
[09:16:45.453] [bmv2] [D] [thread 128940] [7.0] [cxt 0] Extracting header 'ethernet'
[09:16:45.454] [bmv2] [D] [thread 128940] [7.0] [cxt 0] Parser state 'start': key is 86dd
[09:16:45.454] [bmv2] [T] [thread 128940] [7.0] [cxt 0] Bytes parsed: 14
[09:16:45.454] [bmv2] [D] [thread 128940] [7.0] [cxt 0] Parser 'parser': end
[09:16:45.454] [bmv2] [D] [thread 128940] [7.0] [cxt 0] Pipeline 'ingress': start
[09:16:45.454] [bmv2] [T] [thread 128940] [7.0] [cxt 0] basic_tunnel.p4(152) Condition "hdr.ipv4.isValid() && !hdr.myTunnel.isValid()" (node_2) is false
[09:16:45.454] [bmv2] [T] [thread 128940] [7.0] [cxt 0] basic_tunnel.p4(155) Condition "hdr.myTunnel.isValid()" (node_4) is false
[09:16:45.454] [bmv2] [D] [thread 128940] [7.0] [cxt 0] Pipeline 'ingress': end
[09:16:45.454] [bmv2] [D] [thread 128940] [7.0] [cxt 0] Egress port is 0
[09:16:45.454] [bmv2] [D] [thread 128941] [7.0] [cxt 0] Pipeline 'egress': start
[09:16:45.454] [bmv2] [D] [thread 128941] [7.0] [cxt 0] Pipeline 'egress': end
[09:16:45.454] [bmv2] [D] [thread 128941] [7.0] [cxt 0] Deparser 'deparser': start
[09:16:45.454] [bmv2] [T] [thread 128941] [7.0] [cxt 0] Skipping checksum 'cksum' update because condition not met
[09:16:45.454] [bmv2] [D] [thread 128941] [7.0] [cxt 0] Deparsing header 'ethernet'
[09:16:45.454] [bmv2] [D] [thread 128941] [7.0] [cxt 0] Deparser 'deparser': end
[09:16:45.455] [bmv2] [D] [thread 128945] [7.0] [cxt 0] Transmitting packet of size 208 out of port 0
[09:16:45.633] [bmv2] [W] [thread 128991] [P4Runtime] p4::tmp::P4DeviceConfig is deprecated
[09:16:45.641] [bmv2] [D] [thread 128991] Set default default entry for table 'MyIngress.ipv4_lpm': MyIngress.drop - 
[09:16:45.641] [bmv2] [D] [thread 128991] Set default default entry for table 'MyIngress.myTunnel_exact': MyIngress.drop - 
[09:16:45.653] [bmv2] [D] [thread 128991] simple_switch target has been notified of a config swap
[09:16:45.680] [bmv2] [D] [thread 128992] Entry 0 added to table 'MyIngress.ipv4_lpm'
[09:16:45.683] [bmv2] [D] [thread 128992] Dumping entry 0
Match key:
* hdr.ipv4.dstAddr    : LPM       0a000101/32
Action entry: MyIngress.ipv4_forward - 80000000111,1,

[09:16:45.687] [bmv2] [D] [thread 129000] Entry 1 added to table 'MyIngress.ipv4_lpm'
[09:16:45.688] [bmv2] [D] [thread 129000] Dumping entry 1
Match key:
* hdr.ipv4.dstAddr    : LPM       0a000202/32
Action entry: MyIngress.ipv4_forward - 80000000200,2,

[09:16:45.691] [bmv2] [D] [thread 129000] Entry 2 added to table 'MyIngress.ipv4_lpm'
[09:16:45.691] [bmv2] [D] [thread 129000] Dumping entry 2
Match key:
* hdr.ipv4.dstAddr    : LPM       0a000303/32
Action entry: MyIngress.ipv4_forward - 80000000300,3,

[09:16:45.710] [bmv2] [D] [thread 128940] [8.0] [cxt 0] Processing packet received on port 1
[09:16:45.710] [bmv2] [D] [thread 128940] [8.0] [cxt 0] Parser 'parser': start
[09:16:45.710] [bmv2] [D] [thread 128940] [8.0] [cxt 0] Parser 'parser' entering state 'start'
[09:16:45.710] [bmv2] [D] [thread 128940] [8.0] [cxt 0] Extracting header 'ethernet'
[09:16:45.710] [bmv2] [D] [thread 128940] [8.0] [cxt 0] Parser state 'start': key is 86dd
[09:16:45.710] [bmv2] [T] [thread 128940] [8.0] [cxt 0] Bytes parsed: 14
[09:16:45.710] [bmv2] [D] [thread 128940] [8.0] [cxt 0] Parser 'parser': end
[09:16:45.710] [bmv2] [D] [thread 128940] [8.0] [cxt 0] Pipeline 'ingress': start
[09:16:45.710] [bmv2] [T] [thread 128940] [8.0] [cxt 0] basic_tunnel.p4(152) Condition "hdr.ipv4.isValid() && !hdr.myTunnel.isValid()" (node_2) is false
[09:16:45.710] [bmv2] [T] [thread 128940] [8.0] [cxt 0] basic_tunnel.p4(155) Condition "hdr.myTunnel.isValid()" (node_4) is false
[09:16:45.711] [bmv2] [D] [thread 128940] [8.0] [cxt 0] Pipeline 'ingress': end
[09:16:45.711] [bmv2] [D] [thread 128940] [8.0] [cxt 0] Egress port is 0
[09:16:45.712] [bmv2] [D] [thread 129000] Entry 0 added to table 'MyIngress.myTunnel_exact'
[09:16:45.712] [bmv2] [D] [thread 129000] Dumping entry 0
Match key:
* hdr.myTunnel.dst_id : EXACT     0001
Action entry: MyIngress.myTunnel_forward - 1,

[09:16:45.713] [bmv2] [D] [thread 128941] [8.0] [cxt 0] Pipeline 'egress': start
[09:16:45.713] [bmv2] [D] [thread 128941] [8.0] [cxt 0] Pipeline 'egress': end
[09:16:45.713] [bmv2] [D] [thread 128941] [8.0] [cxt 0] Deparser 'deparser': start
[09:16:45.713] [bmv2] [T] [thread 128941] [8.0] [cxt 0] Skipping checksum 'cksum' update because condition not met
[09:16:45.713] [bmv2] [D] [thread 128941] [8.0] [cxt 0] Deparsing header 'ethernet'
[09:16:45.713] [bmv2] [D] [thread 128941] [8.0] [cxt 0] Deparser 'deparser': end
[09:16:45.714] [bmv2] [D] [thread 128945] [8.0] [cxt 0] Transmitting packet of size 208 out of port 0
[09:16:45.749] [bmv2] [D] [thread 128991] Entry 1 added to table 'MyIngress.myTunnel_exact'
[09:16:45.749] [bmv2] [D] [thread 128991] Dumping entry 1
Match key:
* hdr.myTunnel.dst_id : EXACT     0002
Action entry: MyIngress.myTunnel_forward - 2,

[09:16:45.761] [bmv2] [D] [thread 129000] Entry 2 added to table 'MyIngress.myTunnel_exact'
[09:16:45.762] [bmv2] [D] [thread 129000] Dumping entry 2
Match key:
* hdr.myTunnel.dst_id : EXACT     0003
Action entry: MyIngress.myTunnel_forward - 3,

[09:16:45.862] [bmv2] [D] [thread 128940] [9.0] [cxt 0] Processing packet received on port 1
[09:16:45.862] [bmv2] [D] [thread 128940] [9.0] [cxt 0] Parser 'parser': start
[09:16:45.862] [bmv2] [D] [thread 128940] [9.0] [cxt 0] Parser 'parser' entering state 'start'
[09:16:45.862] [bmv2] [D] [thread 128940] [9.0] [cxt 0] Extracting header 'ethernet'
[09:16:45.862] [bmv2] [D] [thread 128940] [9.0] [cxt 0] Parser state 'start': key is 86dd
[09:16:45.862] [bmv2] [T] [thread 128940] [9.0] [cxt 0] Bytes parsed: 14
[09:16:45.862] [bmv2] [D] [thread 128940] [9.0] [cxt 0] Parser 'parser': end
[09:16:45.862] [bmv2] [D] [thread 128940] [9.0] [cxt 0] Pipeline 'ingress': start
[09:16:45.862] [bmv2] [T] [thread 128940] [9.0] [cxt 0] basic_tunnel.p4(152) Condition "hdr.ipv4.isValid() && !hdr.myTunnel.isValid()" (node_2) is false
[09:16:45.862] [bmv2] [T] [thread 128940] [9.0] [cxt 0] basic_tunnel.p4(155) Condition "hdr.myTunnel.isValid()" (node_4) is false
[09:16:45.862] [bmv2] [D] [thread 128940] [9.0] [cxt 0] Pipeline 'ingress': end
[09:16:45.862] [bmv2] [D] [thread 128940] [9.0] [cxt 0] Egress port is 0
[09:16:45.862] [bmv2] [D] [thread 128941] [9.0] [cxt 0] Pipeline 'egress': start
[09:16:45.862] [bmv2] [D] [thread 128941] [9.0] [cxt 0] Pipeline 'egress': end
[09:16:45.862] [bmv2] [D] [thread 128941] [9.0] [cxt 0] Deparser 'deparser': start
[09:16:45.862] [bmv2] [T] [thread 128941] [9.0] [cxt 0] Skipping checksum 'cksum' update because condition not met
[09:16:45.862] [bmv2] [D] [thread 128941] [9.0] [cxt 0] Deparsing header 'ethernet'
[09:16:45.862] [bmv2] [D] [thread 128941] [9.0] [cxt 0] Deparser 'deparser': end
[09:16:45.862] [bmv2] [D] [thread 128945] [9.0] [cxt 0] Transmitting packet of size 90 out of port 0
[09:16:45.906] [bmv2] [D] [thread 128940] [10.0] [cxt 0] Processing packet received on port 1
[09:16:45.906] [bmv2] [D] [thread 128940] [10.0] [cxt 0] Parser 'parser': start
[09:16:45.906] [bmv2] [D] [thread 128940] [10.0] [cxt 0] Parser 'parser' entering state 'start'
[09:16:45.906] [bmv2] [D] [thread 128940] [10.0] [cxt 0] Extracting header 'ethernet'
[09:16:45.906] [bmv2] [D] [thread 128940] [10.0] [cxt 0] Parser state 'start': key is 86dd
[09:16:45.906] [bmv2] [T] [thread 128940] [10.0] [cxt 0] Bytes parsed: 14
[09:16:45.906] [bmv2] [D] [thread 128940] [10.0] [cxt 0] Parser 'parser': end
[09:16:45.906] [bmv2] [D] [thread 128940] [10.0] [cxt 0] Pipeline 'ingress': start
[09:16:45.906] [bmv2] [T] [thread 128940] [10.0] [cxt 0] basic_tunnel.p4(152) Condition "hdr.ipv4.isValid() && !hdr.myTunnel.isValid()" (node_2) is false
[09:16:45.906] [bmv2] [T] [thread 128940] [10.0] [cxt 0] basic_tunnel.p4(155) Condition "hdr.myTunnel.isValid()" (node_4) is false
[09:16:45.906] [bmv2] [D] [thread 128940] [10.0] [cxt 0] Pipeline 'ingress': end
[09:16:45.906] [bmv2] [D] [thread 128940] [10.0] [cxt 0] Egress port is 0
[09:16:45.906] [bmv2] [D] [thread 128941] [10.0] [cxt 0] Pipeline 'egress': start
[09:16:45.906] [bmv2] [D] [thread 128941] [10.0] [cxt 0] Pipeline 'egress': end
[09:16:45.906] [bmv2] [D] [thread 128941] [10.0] [cxt 0] Deparser 'deparser': start
[09:16:45.906] [bmv2] [T] [thread 128941] [10.0] [cxt 0] Skipping checksum 'cksum' update because condition not met
[09:16:45.906] [bmv2] [D] [thread 128941] [10.0] [cxt 0] Deparsing header 'ethernet'
[09:16:45.906] [bmv2] [D] [thread 128941] [10.0] [cxt 0] Deparser 'deparser': end
[09:16:45.906] [bmv2] [D] [thread 128945] [10.0] [cxt 0] Transmitting packet of size 196 out of port 0
[09:16:46.137] [bmv2] [D] [thread 128940] [11.0] [cxt 0] Processing packet received on port 1
[09:16:46.138] [bmv2] [D] [thread 128940] [11.0] [cxt 0] Parser 'parser': start
[09:16:46.138] [bmv2] [D] [thread 128940] [11.0] [cxt 0] Parser 'parser' entering state 'start'
[09:16:46.138] [bmv2] [D] [thread 128940] [11.0] [cxt 0] Extracting header 'ethernet'
[09:16:46.138] [bmv2] [D] [thread 128940] [11.0] [cxt 0] Parser state 'start': key is 86dd
[09:16:46.138] [bmv2] [T] [thread 128940] [11.0] [cxt 0] Bytes parsed: 14
[09:16:46.138] [bmv2] [D] [thread 128940] [11.0] [cxt 0] Parser 'parser': end
[09:16:46.138] [bmv2] [D] [thread 128940] [11.0] [cxt 0] Pipeline 'ingress': start
[09:16:46.138] [bmv2] [T] [thread 128940] [11.0] [cxt 0] basic_tunnel.p4(152) Condition "hdr.ipv4.isValid() && !hdr.myTunnel.isValid()" (node_2) is false
[09:16:46.138] [bmv2] [T] [thread 128940] [11.0] [cxt 0] basic_tunnel.p4(155) Condition "hdr.myTunnel.isValid()" (node_4) is false
[09:16:46.138] [bmv2] [D] [thread 128940] [11.0] [cxt 0] Pipeline 'ingress': end
[09:16:46.138] [bmv2] [D] [thread 128940] [11.0] [cxt 0] Egress port is 0
[09:16:46.138] [bmv2] [D] [thread 128941] [11.0] [cxt 0] Pipeline 'egress': start
[09:16:46.138] [bmv2] [D] [thread 128941] [11.0] [cxt 0] Pipeline 'egress': end
[09:16:46.138] [bmv2] [D] [thread 128941] [11.0] [cxt 0] Deparser 'deparser': start
[09:16:46.138] [bmv2] [T] [thread 128941] [11.0] [cxt 0] Skipping checksum 'cksum' update because condition not met
[09:16:46.138] [bmv2] [D] [thread 128941] [11.0] [cxt 0] Deparsing header 'ethernet'
[09:16:46.138] [bmv2] [D] [thread 128941] [11.0] [cxt 0] Deparser 'deparser': end
[09:16:46.138] [bmv2] [D] [thread 128945] [11.0] [cxt 0] Transmitting packet of size 180 out of port 0
[09:16:47.022] [bmv2] [D] [thread 128940] [12.0] [cxt 0] Processing packet received on port 1
[09:16:47.022] [bmv2] [D] [thread 128940] [12.0] [cxt 0] Parser 'parser': start
[09:16:47.022] [bmv2] [D] [thread 128940] [12.0] [cxt 0] Parser 'parser' entering state 'start'
[09:16:47.022] [bmv2] [D] [thread 128940] [12.0] [cxt 0] Extracting header 'ethernet'
[09:16:47.022] [bmv2] [D] [thread 128940] [12.0] [cxt 0] Parser state 'start': key is 86dd
[09:16:47.022] [bmv2] [T] [thread 128940] [12.0] [cxt 0] Bytes parsed: 14
[09:16:47.022] [bmv2] [D] [thread 128940] [12.0] [cxt 0] Parser 'parser': end
[09:16:47.022] [bmv2] [D] [thread 128940] [12.0] [cxt 0] Pipeline 'ingress': start
[09:16:47.022] [bmv2] [T] [thread 128940] [12.0] [cxt 0] basic_tunnel.p4(152) Condition "hdr.ipv4.isValid() && !hdr.myTunnel.isValid()" (node_2) is false
[09:16:47.022] [bmv2] [T] [thread 128940] [12.0] [cxt 0] basic_tunnel.p4(155) Condition "hdr.myTunnel.isValid()" (node_4) is false
[09:16:47.022] [bmv2] [D] [thread 128940] [12.0] [cxt 0] Pipeline 'ingress': end
[09:16:47.022] [bmv2] [D] [thread 128940] [12.0] [cxt 0] Egress port is 0
[09:16:47.022] [bmv2] [D] [thread 128941] [12.0] [cxt 0] Pipeline 'egress': start
[09:16:47.022] [bmv2] [D] [thread 128941] [12.0] [cxt 0] Pipeline 'egress': end
[09:16:47.022] [bmv2] [D] [thread 128941] [12.0] [cxt 0] Deparser 'deparser': start
[09:16:47.022] [bmv2] [T] [thread 128941] [12.0] [cxt 0] Skipping checksum 'cksum' update because condition not met
[09:16:47.022] [bmv2] [D] [thread 128941] [12.0] [cxt 0] Deparsing header 'ethernet'
[09:16:47.022] [bmv2] [D] [thread 128941] [12.0] [cxt 0] Deparser 'deparser': end
[09:16:47.022] [bmv2] [D] [thread 128945] [12.0] [cxt 0] Transmitting packet of size 196 out of port 0
[09:16:48.138] [bmv2] [D] [thread 128940] [13.0] [cxt 0] Processing packet received on port 1
[09:16:48.138] [bmv2] [D] [thread 128940] [13.0] [cxt 0] Parser 'parser': start
[09:16:48.138] [bmv2] [D] [thread 128940] [13.0] [cxt 0] Parser 'parser' entering state 'start'
[09:16:48.138] [bmv2] [D] [thread 128940] [13.0] [cxt 0] Extracting header 'ethernet'
[09:16:48.138] [bmv2] [D] [thread 128940] [13.0] [cxt 0] Parser state 'start': key is 86dd
[09:16:48.139] [bmv2] [T] [thread 128940] [13.0] [cxt 0] Bytes parsed: 14
[09:16:48.139] [bmv2] [D] [thread 128940] [13.0] [cxt 0] Parser 'parser': end
[09:16:48.139] [bmv2] [D] [thread 128940] [13.0] [cxt 0] Pipeline 'ingress': start
[09:16:48.139] [bmv2] [T] [thread 128940] [13.0] [cxt 0] basic_tunnel.p4(152) Condition "hdr.ipv4.isValid() && !hdr.myTunnel.isValid()" (node_2) is false
[09:16:48.139] [bmv2] [T] [thread 128940] [13.0] [cxt 0] basic_tunnel.p4(155) Condition "hdr.myTunnel.isValid()" (node_4) is false
[09:16:48.139] [bmv2] [D] [thread 128940] [13.0] [cxt 0] Pipeline 'ingress': end
[09:16:48.139] [bmv2] [D] [thread 128940] [13.0] [cxt 0] Egress port is 0
[09:16:48.139] [bmv2] [D] [thread 128941] [13.0] [cxt 0] Pipeline 'egress': start
[09:16:48.139] [bmv2] [D] [thread 128941] [13.0] [cxt 0] Pipeline 'egress': end
[09:16:48.139] [bmv2] [D] [thread 128941] [13.0] [cxt 0] Deparser 'deparser': start
[09:16:48.139] [bmv2] [T] [thread 128941] [13.0] [cxt 0] Skipping checksum 'cksum' update because condition not met
[09:16:48.139] [bmv2] [D] [thread 128941] [13.0] [cxt 0] Deparsing header 'ethernet'
[09:16:48.139] [bmv2] [D] [thread 128941] [13.0] [cxt 0] Deparser 'deparser': end
[09:16:48.139] [bmv2] [D] [thread 128945] [13.0] [cxt 0] Transmitting packet of size 180 out of port 0
[09:16:49.097] [bmv2] [D] [thread 128940] [14.0] [cxt 0] Processing packet received on port 1
[09:16:49.097] [bmv2] [D] [thread 128940] [14.0] [cxt 0] Parser 'parser': start
[09:16:49.097] [bmv2] [D] [thread 128940] [14.0] [cxt 0] Parser 'parser' entering state 'start'
[09:16:49.097] [bmv2] [D] [thread 128940] [14.0] [cxt 0] Extracting header 'ethernet'
[09:16:49.097] [bmv2] [D] [thread 128940] [14.0] [cxt 0] Parser state 'start': key is 86dd
[09:16:49.097] [bmv2] [T] [thread 128940] [14.0] [cxt 0] Bytes parsed: 14
[09:16:49.097] [bmv2] [D] [thread 128940] [14.0] [cxt 0] Parser 'parser': end
[09:16:49.097] [bmv2] [D] [thread 128940] [14.0] [cxt 0] Pipeline 'ingress': start
[09:16:49.097] [bmv2] [T] [thread 128940] [14.0] [cxt 0] basic_tunnel.p4(152) Condition "hdr.ipv4.isValid() && !hdr.myTunnel.isValid()" (node_2) is false
[09:16:49.097] [bmv2] [T] [thread 128940] [14.0] [cxt 0] basic_tunnel.p4(155) Condition "hdr.myTunnel.isValid()" (node_4) is false
[09:16:49.097] [bmv2] [D] [thread 128940] [14.0] [cxt 0] Pipeline 'ingress': end
[09:16:49.097] [bmv2] [D] [thread 128940] [14.0] [cxt 0] Egress port is 0
[09:16:49.097] [bmv2] [D] [thread 128941] [14.0] [cxt 0] Pipeline 'egress': start
[09:16:49.097] [bmv2] [D] [thread 128941] [14.0] [cxt 0] Pipeline 'egress': end
[09:16:49.097] [bmv2] [D] [thread 128941] [14.0] [cxt 0] Deparser 'deparser': start
[09:16:49.097] [bmv2] [T] [thread 128941] [14.0] [cxt 0] Skipping checksum 'cksum' update because condition not met
[09:16:49.097] [bmv2] [D] [thread 128941] [14.0] [cxt 0] Deparsing header 'ethernet'
[09:16:49.097] [bmv2] [D] [thread 128941] [14.0] [cxt 0] Deparser 'deparser': end
[09:16:49.097] [bmv2] [D] [thread 128945] [14.0] [cxt 0] Transmitting packet of size 70 out of port 0
[09:16:49.144] [bmv2] [D] [thread 128940] [15.0] [cxt 0] Processing packet received on port 1
[09:16:49.144] [bmv2] [D] [thread 128940] [15.0] [cxt 0] Parser 'parser': start
[09:16:49.144] [bmv2] [D] [thread 128940] [15.0] [cxt 0] Parser 'parser' entering state 'start'
[09:16:49.144] [bmv2] [D] [thread 128940] [15.0] [cxt 0] Extracting header 'ethernet'
[09:16:49.144] [bmv2] [D] [thread 128940] [15.0] [cxt 0] Parser state 'start': key is 86dd
[09:16:49.144] [bmv2] [T] [thread 128940] [15.0] [cxt 0] Bytes parsed: 14
[09:16:49.144] [bmv2] [D] [thread 128940] [15.0] [cxt 0] Parser 'parser': end
[09:16:49.145] [bmv2] [D] [thread 128940] [15.0] [cxt 0] Pipeline 'ingress': start
[09:16:49.145] [bmv2] [T] [thread 128940] [15.0] [cxt 0] basic_tunnel.p4(152) Condition "hdr.ipv4.isValid() && !hdr.myTunnel.isValid()" (node_2) is false
[09:16:49.145] [bmv2] [T] [thread 128940] [15.0] [cxt 0] basic_tunnel.p4(155) Condition "hdr.myTunnel.isValid()" (node_4) is false
[09:16:49.145] [bmv2] [D] [thread 128940] [15.0] [cxt 0] Pipeline 'ingress': end
[09:16:49.145] [bmv2] [D] [thread 128940] [15.0] [cxt 0] Egress port is 0
[09:16:49.145] [bmv2] [D] [thread 128941] [15.0] [cxt 0] Pipeline 'egress': start
[09:16:49.145] [bmv2] [D] [thread 128941] [15.0] [cxt 0] Pipeline 'egress': end
[09:16:49.145] [bmv2] [D] [thread 128941] [15.0] [cxt 0] Deparser 'deparser': start
[09:16:49.145] [bmv2] [T] [thread 128941] [15.0] [cxt 0] Skipping checksum 'cksum' update because condition not met
[09:16:49.145] [bmv2] [D] [thread 128941] [15.0] [cxt 0] Deparsing header 'ethernet'
[09:16:49.145] [bmv2] [D] [thread 128941] [15.0] [cxt 0] Deparser 'deparser': end
[09:16:49.145] [bmv2] [D] [thread 128945] [15.0] [cxt 0] Transmitting packet of size 196 out of port 0
