Calling target program-options parser
[09:49:00.295] [bmv2] [D] [thread 5324] Set default default entry for table 'MyIngress.ipv4_lpm': MyIngress.drop - 
[09:49:00.295] [bmv2] [D] [thread 5324] Set default default entry for table 'MyIngress.myTunnel_exact': MyIngress.drop - 
Adding interface s1-eth1 as port 1
[09:49:00.296] [bmv2] [D] [thread 5324] Adding interface s1-eth1 as port 1
Adding interface s1-eth2 as port 2
[09:49:00.348] [bmv2] [D] [thread 5324] Adding interface s1-eth2 as port 2
Server listening on 0.0.0.0:50051
[09:49:00.406] [bmv2] [I] [thread 5324] Starting Thrift server on port 9090
[09:49:00.407] [bmv2] [I] [thread 5324] Thrift server was started
[09:49:00.410] [bmv2] [D] [thread 5337] [0.0] [cxt 0] Processing packet received on port 1
[09:49:00.410] [bmv2] [D] [thread 5337] [0.0] [cxt 0] Parser 'parser': start
[09:49:00.410] [bmv2] [D] [thread 5337] [0.0] [cxt 0] Parser 'parser' entering state 'start'
[09:49:00.410] [bmv2] [D] [thread 5337] [0.0] [cxt 0] Extracting header 'ethernet'
[09:49:00.410] [bmv2] [D] [thread 5337] [0.0] [cxt 0] Parser state 'start': key is 86dd
[09:49:00.410] [bmv2] [T] [thread 5337] [0.0] [cxt 0] Bytes parsed: 14
[09:49:00.410] [bmv2] [D] [thread 5337] [0.0] [cxt 0] Parser 'parser': end
[09:49:00.411] [bmv2] [D] [thread 5337] [0.0] [cxt 0] Pipeline 'ingress': start
[09:49:00.411] [bmv2] [T] [thread 5337] [0.0] [cxt 0] basic_tunnel.p4(152) Condition "hdr.ipv4.isValid() && !hdr.myTunnel.isValid()" (node_2) is false
[09:49:00.411] [bmv2] [T] [thread 5337] [0.0] [cxt 0] basic_tunnel.p4(155) Condition "hdr.myTunnel.isValid()" (node_4) is false
[09:49:00.411] [bmv2] [D] [thread 5337] [0.0] [cxt 0] Pipeline 'ingress': end
[09:49:00.411] [bmv2] [D] [thread 5337] [0.0] [cxt 0] Egress port is 0
[09:49:00.411] [bmv2] [D] [thread 5338] [0.0] [cxt 0] Pipeline 'egress': start
[09:49:00.411] [bmv2] [D] [thread 5338] [0.0] [cxt 0] Pipeline 'egress': end
[09:49:00.411] [bmv2] [D] [thread 5338] [0.0] [cxt 0] Deparser 'deparser': start
[09:49:00.411] [bmv2] [T] [thread 5338] [0.0] [cxt 0] Skipping checksum 'cksum' update because condition not met
[09:49:00.411] [bmv2] [D] [thread 5338] [0.0] [cxt 0] Deparsing header 'ethernet'
[09:49:00.411] [bmv2] [D] [thread 5338] [0.0] [cxt 0] Deparser 'deparser': end
[09:49:00.411] [bmv2] [D] [thread 5342] [0.0] [cxt 0] Transmitting packet of size 90 out of port 0
[09:49:01.045] [bmv2] [D] [thread 5337] [1.0] [cxt 0] Processing packet received on port 1
[09:49:01.045] [bmv2] [D] [thread 5337] [1.0] [cxt 0] Parser 'parser': start
[09:49:01.045] [bmv2] [D] [thread 5337] [1.0] [cxt 0] Parser 'parser' entering state 'start'
[09:49:01.045] [bmv2] [D] [thread 5337] [1.0] [cxt 0] Extracting header 'ethernet'
[09:49:01.045] [bmv2] [D] [thread 5337] [1.0] [cxt 0] Parser state 'start': key is 86dd
[09:49:01.045] [bmv2] [T] [thread 5337] [1.0] [cxt 0] Bytes parsed: 14
[09:49:01.045] [bmv2] [D] [thread 5337] [1.0] [cxt 0] Parser 'parser': end
[09:49:01.045] [bmv2] [D] [thread 5337] [1.0] [cxt 0] Pipeline 'ingress': start
[09:49:01.045] [bmv2] [T] [thread 5337] [1.0] [cxt 0] basic_tunnel.p4(152) Condition "hdr.ipv4.isValid() && !hdr.myTunnel.isValid()" (node_2) is false
[09:49:01.045] [bmv2] [T] [thread 5337] [1.0] [cxt 0] basic_tunnel.p4(155) Condition "hdr.myTunnel.isValid()" (node_4) is false
[09:49:01.045] [bmv2] [D] [thread 5337] [1.0] [cxt 0] Pipeline 'ingress': end
[09:49:01.045] [bmv2] [D] [thread 5337] [1.0] [cxt 0] Egress port is 0
[09:49:01.045] [bmv2] [D] [thread 5337] [2.0] [cxt 0] Processing packet received on port 1
[09:49:01.045] [bmv2] [D] [thread 5337] [2.0] [cxt 0] Parser 'parser': start
[09:49:01.045] [bmv2] [D] [thread 5337] [2.0] [cxt 0] Parser 'parser' entering state 'start'
[09:49:01.045] [bmv2] [D] [thread 5337] [2.0] [cxt 0] Extracting header 'ethernet'
[09:49:01.045] [bmv2] [D] [thread 5337] [2.0] [cxt 0] Parser state 'start': key is 86dd
[09:49:01.045] [bmv2] [T] [thread 5337] [2.0] [cxt 0] Bytes parsed: 14
[09:49:01.045] [bmv2] [D] [thread 5337] [2.0] [cxt 0] Parser 'parser': end
[09:49:01.045] [bmv2] [D] [thread 5337] [2.0] [cxt 0] Pipeline 'ingress': start
[09:49:01.045] [bmv2] [T] [thread 5337] [2.0] [cxt 0] basic_tunnel.p4(152) Condition "hdr.ipv4.isValid() && !hdr.myTunnel.isValid()" (node_2) is false
[09:49:01.045] [bmv2] [T] [thread 5337] [2.0] [cxt 0] basic_tunnel.p4(155) Condition "hdr.myTunnel.isValid()" (node_4) is false
[09:49:01.045] [bmv2] [D] [thread 5337] [2.0] [cxt 0] Pipeline 'ingress': end
[09:49:01.045] [bmv2] [D] [thread 5337] [2.0] [cxt 0] Egress port is 0
[09:49:01.045] [bmv2] [D] [thread 5338] [1.0] [cxt 0] Pipeline 'egress': start
[09:49:01.045] [bmv2] [D] [thread 5338] [1.0] [cxt 0] Pipeline 'egress': end
[09:49:01.045] [bmv2] [D] [thread 5338] [1.0] [cxt 0] Deparser 'deparser': start
[09:49:01.045] [bmv2] [T] [thread 5338] [1.0] [cxt 0] Skipping checksum 'cksum' update because condition not met
[09:49:01.046] [bmv2] [D] [thread 5338] [1.0] [cxt 0] Deparsing header 'ethernet'
[09:49:01.046] [bmv2] [D] [thread 5338] [1.0] [cxt 0] Deparser 'deparser': end
[09:49:01.046] [bmv2] [D] [thread 5338] [2.0] [cxt 0] Pipeline 'egress': start
[09:49:01.046] [bmv2] [D] [thread 5338] [2.0] [cxt 0] Pipeline 'egress': end
[09:49:01.046] [bmv2] [D] [thread 5338] [2.0] [cxt 0] Deparser 'deparser': start
[09:49:01.046] [bmv2] [T] [thread 5338] [2.0] [cxt 0] Skipping checksum 'cksum' update because condition not met
[09:49:01.046] [bmv2] [D] [thread 5338] [2.0] [cxt 0] Deparsing header 'ethernet'
[09:49:01.046] [bmv2] [D] [thread 5338] [2.0] [cxt 0] Deparser 'deparser': end
[09:49:01.049] [bmv2] [D] [thread 5342] [1.0] [cxt 0] Transmitting packet of size 90 out of port 0
[09:49:01.049] [bmv2] [D] [thread 5342] [2.0] [cxt 0] Transmitting packet of size 70 out of port 0
[09:49:01.049] [bmv2] [D] [thread 5337] [3.0] [cxt 0] Processing packet received on port 1
[09:49:01.049] [bmv2] [D] [thread 5337] [3.0] [cxt 0] Parser 'parser': start
[09:49:01.049] [bmv2] [D] [thread 5337] [3.0] [cxt 0] Parser 'parser' entering state 'start'
[09:49:01.049] [bmv2] [D] [thread 5337] [3.0] [cxt 0] Extracting header 'ethernet'
[09:49:01.050] [bmv2] [D] [thread 5337] [3.0] [cxt 0] Parser state 'start': key is 86dd
[09:49:01.050] [bmv2] [T] [thread 5337] [3.0] [cxt 0] Bytes parsed: 14
[09:49:01.050] [bmv2] [D] [thread 5337] [3.0] [cxt 0] Parser 'parser': end
[09:49:01.050] [bmv2] [D] [thread 5337] [3.0] [cxt 0] Pipeline 'ingress': start
[09:49:01.050] [bmv2] [T] [thread 5337] [3.0] [cxt 0] basic_tunnel.p4(152) Condition "hdr.ipv4.isValid() && !hdr.myTunnel.isValid()" (node_2) is false
[09:49:01.050] [bmv2] [T] [thread 5337] [3.0] [cxt 0] basic_tunnel.p4(155) Condition "hdr.myTunnel.isValid()" (node_4) is false
[09:49:01.050] [bmv2] [D] [thread 5337] [3.0] [cxt 0] Pipeline 'ingress': end
[09:49:01.050] [bmv2] [D] [thread 5337] [3.0] [cxt 0] Egress port is 0
[09:49:01.050] [bmv2] [D] [thread 5338] [3.0] [cxt 0] Pipeline 'egress': start
[09:49:01.050] [bmv2] [D] [thread 5338] [3.0] [cxt 0] Pipeline 'egress': end
[09:49:01.050] [bmv2] [D] [thread 5338] [3.0] [cxt 0] Deparser 'deparser': start
[09:49:01.050] [bmv2] [T] [thread 5338] [3.0] [cxt 0] Skipping checksum 'cksum' update because condition not met
[09:49:01.050] [bmv2] [D] [thread 5338] [3.0] [cxt 0] Deparsing header 'ethernet'
[09:49:01.050] [bmv2] [D] [thread 5338] [3.0] [cxt 0] Deparser 'deparser': end
[09:49:01.050] [bmv2] [D] [thread 5342] [3.0] [cxt 0] Transmitting packet of size 90 out of port 0
[09:49:01.145] [bmv2] [D] [thread 5337] [4.0] [cxt 0] Processing packet received on port 1
[09:49:01.145] [bmv2] [D] [thread 5337] [4.0] [cxt 0] Parser 'parser': start
[09:49:01.145] [bmv2] [D] [thread 5337] [4.0] [cxt 0] Parser 'parser' entering state 'start'
[09:49:01.145] [bmv2] [D] [thread 5337] [4.0] [cxt 0] Extracting header 'ethernet'
[09:49:01.145] [bmv2] [D] [thread 5337] [4.0] [cxt 0] Parser state 'start': key is 86dd
[09:49:01.145] [bmv2] [T] [thread 5337] [4.0] [cxt 0] Bytes parsed: 14
[09:49:01.145] [bmv2] [D] [thread 5337] [4.0] [cxt 0] Parser 'parser': end
[09:49:01.145] [bmv2] [D] [thread 5337] [4.0] [cxt 0] Pipeline 'ingress': start
[09:49:01.145] [bmv2] [T] [thread 5337] [4.0] [cxt 0] basic_tunnel.p4(152) Condition "hdr.ipv4.isValid() && !hdr.myTunnel.isValid()" (node_2) is false
[09:49:01.145] [bmv2] [T] [thread 5337] [4.0] [cxt 0] basic_tunnel.p4(155) Condition "hdr.myTunnel.isValid()" (node_4) is false
[09:49:01.145] [bmv2] [D] [thread 5337] [4.0] [cxt 0] Pipeline 'ingress': end
[09:49:01.145] [bmv2] [D] [thread 5337] [4.0] [cxt 0] Egress port is 0
[09:49:01.146] [bmv2] [D] [thread 5338] [4.0] [cxt 0] Pipeline 'egress': start
[09:49:01.146] [bmv2] [D] [thread 5338] [4.0] [cxt 0] Pipeline 'egress': end
[09:49:01.146] [bmv2] [D] [thread 5338] [4.0] [cxt 0] Deparser 'deparser': start
[09:49:01.146] [bmv2] [T] [thread 5338] [4.0] [cxt 0] Skipping checksum 'cksum' update because condition not met
[09:49:01.146] [bmv2] [D] [thread 5338] [4.0] [cxt 0] Deparsing header 'ethernet'
[09:49:01.146] [bmv2] [D] [thread 5338] [4.0] [cxt 0] Deparser 'deparser': end
[09:49:01.146] [bmv2] [D] [thread 5342] [4.0] [cxt 0] Transmitting packet of size 90 out of port 0
[09:49:01.178] [bmv2] [D] [thread 5337] [5.0] [cxt 0] Processing packet received on port 1
[09:49:01.178] [bmv2] [D] [thread 5337] [5.0] [cxt 0] Parser 'parser': start
[09:49:01.178] [bmv2] [D] [thread 5337] [5.0] [cxt 0] Parser 'parser' entering state 'start'
[09:49:01.178] [bmv2] [D] [thread 5337] [5.0] [cxt 0] Extracting header 'ethernet'
[09:49:01.178] [bmv2] [D] [thread 5337] [5.0] [cxt 0] Parser state 'start': key is 86dd
[09:49:01.178] [bmv2] [T] [thread 5337] [5.0] [cxt 0] Bytes parsed: 14
[09:49:01.178] [bmv2] [D] [thread 5337] [5.0] [cxt 0] Parser 'parser': end
[09:49:01.178] [bmv2] [D] [thread 5337] [5.0] [cxt 0] Pipeline 'ingress': start
[09:49:01.178] [bmv2] [T] [thread 5337] [5.0] [cxt 0] basic_tunnel.p4(152) Condition "hdr.ipv4.isValid() && !hdr.myTunnel.isValid()" (node_2) is false
[09:49:01.178] [bmv2] [T] [thread 5337] [5.0] [cxt 0] basic_tunnel.p4(155) Condition "hdr.myTunnel.isValid()" (node_4) is false
[09:49:01.178] [bmv2] [D] [thread 5337] [5.0] [cxt 0] Pipeline 'ingress': end
[09:49:01.178] [bmv2] [D] [thread 5337] [5.0] [cxt 0] Egress port is 0
[09:49:01.179] [bmv2] [D] [thread 5338] [5.0] [cxt 0] Pipeline 'egress': start
[09:49:01.179] [bmv2] [D] [thread 5338] [5.0] [cxt 0] Pipeline 'egress': end
[09:49:01.179] [bmv2] [D] [thread 5338] [5.0] [cxt 0] Deparser 'deparser': start
[09:49:01.179] [bmv2] [T] [thread 5338] [5.0] [cxt 0] Skipping checksum 'cksum' update because condition not met
[09:49:01.179] [bmv2] [D] [thread 5338] [5.0] [cxt 0] Deparsing header 'ethernet'
[09:49:01.179] [bmv2] [D] [thread 5338] [5.0] [cxt 0] Deparser 'deparser': end
[09:49:01.179] [bmv2] [D] [thread 5342] [5.0] [cxt 0] Transmitting packet of size 208 out of port 0
[09:49:01.299] [bmv2] [D] [thread 5337] [6.0] [cxt 0] Processing packet received on port 2
[09:49:01.300] [bmv2] [D] [thread 5337] [6.0] [cxt 0] Parser 'parser': start
[09:49:01.300] [bmv2] [D] [thread 5337] [6.0] [cxt 0] Parser 'parser' entering state 'start'
[09:49:01.300] [bmv2] [D] [thread 5337] [6.0] [cxt 0] Extracting header 'ethernet'
[09:49:01.300] [bmv2] [D] [thread 5337] [6.0] [cxt 0] Parser state 'start': key is 86dd
[09:49:01.300] [bmv2] [T] [thread 5337] [6.0] [cxt 0] Bytes parsed: 14
[09:49:01.300] [bmv2] [D] [thread 5337] [6.0] [cxt 0] Parser 'parser': end
[09:49:01.300] [bmv2] [D] [thread 5337] [6.0] [cxt 0] Pipeline 'ingress': start
[09:49:01.300] [bmv2] [T] [thread 5337] [6.0] [cxt 0] basic_tunnel.p4(152) Condition "hdr.ipv4.isValid() && !hdr.myTunnel.isValid()" (node_2) is false
[09:49:01.300] [bmv2] [T] [thread 5337] [6.0] [cxt 0] basic_tunnel.p4(155) Condition "hdr.myTunnel.isValid()" (node_4) is false
[09:49:01.300] [bmv2] [D] [thread 5337] [6.0] [cxt 0] Pipeline 'ingress': end
[09:49:01.300] [bmv2] [D] [thread 5337] [6.0] [cxt 0] Egress port is 0
[09:49:01.300] [bmv2] [D] [thread 5337] [7.0] [cxt 0] Processing packet received on port 2
[09:49:01.300] [bmv2] [D] [thread 5337] [7.0] [cxt 0] Parser 'parser': start
[09:49:01.300] [bmv2] [D] [thread 5337] [7.0] [cxt 0] Parser 'parser' entering state 'start'
[09:49:01.300] [bmv2] [D] [thread 5337] [7.0] [cxt 0] Extracting header 'ethernet'
[09:49:01.300] [bmv2] [D] [thread 5337] [7.0] [cxt 0] Parser state 'start': key is 86dd
[09:49:01.300] [bmv2] [T] [thread 5337] [7.0] [cxt 0] Bytes parsed: 14
[09:49:01.300] [bmv2] [D] [thread 5337] [7.0] [cxt 0] Parser 'parser': end
[09:49:01.300] [bmv2] [D] [thread 5337] [7.0] [cxt 0] Pipeline 'ingress': start
[09:49:01.300] [bmv2] [T] [thread 5337] [7.0] [cxt 0] basic_tunnel.p4(152) Condition "hdr.ipv4.isValid() && !hdr.myTunnel.isValid()" (node_2) is false
[09:49:01.300] [bmv2] [T] [thread 5337] [7.0] [cxt 0] basic_tunnel.p4(155) Condition "hdr.myTunnel.isValid()" (node_4) is false
[09:49:01.300] [bmv2] [D] [thread 5337] [7.0] [cxt 0] Pipeline 'ingress': end
[09:49:01.300] [bmv2] [D] [thread 5337] [7.0] [cxt 0] Egress port is 0
[09:49:01.302] [bmv2] [D] [thread 5338] [6.0] [cxt 0] Pipeline 'egress': start
[09:49:01.302] [bmv2] [D] [thread 5338] [6.0] [cxt 0] Pipeline 'egress': end
[09:49:01.302] [bmv2] [D] [thread 5338] [6.0] [cxt 0] Deparser 'deparser': start
[09:49:01.302] [bmv2] [T] [thread 5338] [6.0] [cxt 0] Skipping checksum 'cksum' update because condition not met
[09:49:01.302] [bmv2] [D] [thread 5338] [6.0] [cxt 0] Deparsing header 'ethernet'
[09:49:01.302] [bmv2] [D] [thread 5338] [6.0] [cxt 0] Deparser 'deparser': end
[09:49:01.302] [bmv2] [D] [thread 5338] [7.0] [cxt 0] Pipeline 'egress': start
[09:49:01.302] [bmv2] [D] [thread 5338] [7.0] [cxt 0] Pipeline 'egress': end
[09:49:01.302] [bmv2] [D] [thread 5338] [7.0] [cxt 0] Deparser 'deparser': start
[09:49:01.302] [bmv2] [T] [thread 5338] [7.0] [cxt 0] Skipping checksum 'cksum' update because condition not met
[09:49:01.302] [bmv2] [D] [thread 5338] [7.0] [cxt 0] Deparsing header 'ethernet'
[09:49:01.302] [bmv2] [D] [thread 5338] [7.0] [cxt 0] Deparser 'deparser': end
[09:49:01.303] [bmv2] [D] [thread 5342] [6.0] [cxt 0] Transmitting packet of size 90 out of port 0
[09:49:01.303] [bmv2] [D] [thread 5342] [7.0] [cxt 0] Transmitting packet of size 70 out of port 0
[09:49:01.308] [bmv2] [D] [thread 5337] [8.0] [cxt 0] Processing packet received on port 2
[09:49:01.308] [bmv2] [D] [thread 5337] [8.0] [cxt 0] Parser 'parser': start
[09:49:01.308] [bmv2] [D] [thread 5337] [8.0] [cxt 0] Parser 'parser' entering state 'start'
[09:49:01.308] [bmv2] [D] [thread 5337] [8.0] [cxt 0] Extracting header 'ethernet'
[09:49:01.308] [bmv2] [D] [thread 5337] [8.0] [cxt 0] Parser state 'start': key is 86dd
[09:49:01.308] [bmv2] [T] [thread 5337] [8.0] [cxt 0] Bytes parsed: 14
[09:49:01.308] [bmv2] [D] [thread 5337] [8.0] [cxt 0] Parser 'parser': end
[09:49:01.308] [bmv2] [D] [thread 5337] [8.0] [cxt 0] Pipeline 'ingress': start
[09:49:01.308] [bmv2] [T] [thread 5337] [8.0] [cxt 0] basic_tunnel.p4(152) Condition "hdr.ipv4.isValid() && !hdr.myTunnel.isValid()" (node_2) is false
[09:49:01.308] [bmv2] [T] [thread 5337] [8.0] [cxt 0] basic_tunnel.p4(155) Condition "hdr.myTunnel.isValid()" (node_4) is false
[09:49:01.308] [bmv2] [D] [thread 5337] [8.0] [cxt 0] Pipeline 'ingress': end
[09:49:01.308] [bmv2] [D] [thread 5337] [8.0] [cxt 0] Egress port is 0
[09:49:01.308] [bmv2] [D] [thread 5338] [8.0] [cxt 0] Pipeline 'egress': start
[09:49:01.308] [bmv2] [D] [thread 5338] [8.0] [cxt 0] Pipeline 'egress': end
[09:49:01.308] [bmv2] [D] [thread 5338] [8.0] [cxt 0] Deparser 'deparser': start
[09:49:01.308] [bmv2] [T] [thread 5338] [8.0] [cxt 0] Skipping checksum 'cksum' update because condition not met
[09:49:01.308] [bmv2] [D] [thread 5338] [8.0] [cxt 0] Deparsing header 'ethernet'
[09:49:01.308] [bmv2] [D] [thread 5338] [8.0] [cxt 0] Deparser 'deparser': end
[09:49:01.308] [bmv2] [D] [thread 5342] [8.0] [cxt 0] Transmitting packet of size 90 out of port 0
[09:49:01.388] [bmv2] [D] [thread 5337] [9.0] [cxt 0] Processing packet received on port 2
[09:49:01.388] [bmv2] [D] [thread 5337] [9.0] [cxt 0] Parser 'parser': start
[09:49:01.388] [bmv2] [D] [thread 5337] [9.0] [cxt 0] Parser 'parser' entering state 'start'
[09:49:01.388] [bmv2] [D] [thread 5337] [9.0] [cxt 0] Extracting header 'ethernet'
[09:49:01.388] [bmv2] [D] [thread 5337] [9.0] [cxt 0] Parser state 'start': key is 86dd
[09:49:01.388] [bmv2] [T] [thread 5337] [9.0] [cxt 0] Bytes parsed: 14
[09:49:01.388] [bmv2] [D] [thread 5337] [9.0] [cxt 0] Parser 'parser': end
[09:49:01.388] [bmv2] [D] [thread 5337] [9.0] [cxt 0] Pipeline 'ingress': start
[09:49:01.388] [bmv2] [T] [thread 5337] [9.0] [cxt 0] basic_tunnel.p4(152) Condition "hdr.ipv4.isValid() && !hdr.myTunnel.isValid()" (node_2) is false
[09:49:01.388] [bmv2] [T] [thread 5337] [9.0] [cxt 0] basic_tunnel.p4(155) Condition "hdr.myTunnel.isValid()" (node_4) is false
[09:49:01.388] [bmv2] [D] [thread 5337] [9.0] [cxt 0] Pipeline 'ingress': end
[09:49:01.390] [bmv2] [D] [thread 5337] [9.0] [cxt 0] Egress port is 0
[09:49:01.390] [bmv2] [D] [thread 5338] [9.0] [cxt 0] Pipeline 'egress': start
[09:49:01.390] [bmv2] [D] [thread 5338] [9.0] [cxt 0] Pipeline 'egress': end
[09:49:01.390] [bmv2] [D] [thread 5338] [9.0] [cxt 0] Deparser 'deparser': start
[09:49:01.390] [bmv2] [T] [thread 5338] [9.0] [cxt 0] Skipping checksum 'cksum' update because condition not met
[09:49:01.390] [bmv2] [D] [thread 5338] [9.0] [cxt 0] Deparsing header 'ethernet'
[09:49:01.390] [bmv2] [D] [thread 5338] [9.0] [cxt 0] Deparser 'deparser': end
[09:49:01.390] [bmv2] [D] [thread 5342] [9.0] [cxt 0] Transmitting packet of size 110 out of port 0
[09:49:01.430] [bmv2] [D] [thread 5337] [10.0] [cxt 0] Processing packet received on port 1
[09:49:01.430] [bmv2] [D] [thread 5337] [10.0] [cxt 0] Parser 'parser': start
[09:49:01.430] [bmv2] [D] [thread 5337] [10.0] [cxt 0] Parser 'parser' entering state 'start'
[09:49:01.430] [bmv2] [D] [thread 5337] [10.0] [cxt 0] Extracting header 'ethernet'
[09:49:01.431] [bmv2] [D] [thread 5337] [10.0] [cxt 0] Parser state 'start': key is 86dd
[09:49:01.431] [bmv2] [T] [thread 5337] [10.0] [cxt 0] Bytes parsed: 14
[09:49:01.431] [bmv2] [D] [thread 5337] [10.0] [cxt 0] Parser 'parser': end
[09:49:01.431] [bmv2] [D] [thread 5337] [10.0] [cxt 0] Pipeline 'ingress': start
[09:49:01.431] [bmv2] [T] [thread 5337] [10.0] [cxt 0] basic_tunnel.p4(152) Condition "hdr.ipv4.isValid() && !hdr.myTunnel.isValid()" (node_2) is false
[09:49:01.431] [bmv2] [T] [thread 5337] [10.0] [cxt 0] basic_tunnel.p4(155) Condition "hdr.myTunnel.isValid()" (node_4) is false
[09:49:01.431] [bmv2] [D] [thread 5337] [10.0] [cxt 0] Pipeline 'ingress': end
[09:49:01.431] [bmv2] [D] [thread 5337] [10.0] [cxt 0] Egress port is 0
[09:49:01.431] [bmv2] [D] [thread 5338] [10.0] [cxt 0] Pipeline 'egress': start
[09:49:01.431] [bmv2] [D] [thread 5338] [10.0] [cxt 0] Pipeline 'egress': end
[09:49:01.431] [bmv2] [D] [thread 5338] [10.0] [cxt 0] Deparser 'deparser': start
[09:49:01.431] [bmv2] [T] [thread 5338] [10.0] [cxt 0] Skipping checksum 'cksum' update because condition not met
[09:49:01.431] [bmv2] [D] [thread 5338] [10.0] [cxt 0] Deparsing header 'ethernet'
[09:49:01.431] [bmv2] [D] [thread 5338] [10.0] [cxt 0] Deparser 'deparser': end
[09:49:01.432] [bmv2] [D] [thread 5342] [10.0] [cxt 0] Transmitting packet of size 208 out of port 0
[09:49:01.440] [bmv2] [D] [thread 5337] [11.0] [cxt 0] Processing packet received on port 2
[09:49:01.440] [bmv2] [D] [thread 5337] [11.0] [cxt 0] Parser 'parser': start
[09:49:01.440] [bmv2] [D] [thread 5337] [11.0] [cxt 0] Parser 'parser' entering state 'start'
[09:49:01.440] [bmv2] [D] [thread 5337] [11.0] [cxt 0] Extracting header 'ethernet'
[09:49:01.440] [bmv2] [D] [thread 5337] [11.0] [cxt 0] Parser state 'start': key is 86dd
[09:49:01.440] [bmv2] [T] [thread 5337] [11.0] [cxt 0] Bytes parsed: 14
[09:49:01.440] [bmv2] [D] [thread 5337] [11.0] [cxt 0] Parser 'parser': end
[09:49:01.440] [bmv2] [D] [thread 5337] [11.0] [cxt 0] Pipeline 'ingress': start
[09:49:01.440] [bmv2] [T] [thread 5337] [11.0] [cxt 0] basic_tunnel.p4(152) Condition "hdr.ipv4.isValid() && !hdr.myTunnel.isValid()" (node_2) is false
[09:49:01.440] [bmv2] [T] [thread 5337] [11.0] [cxt 0] basic_tunnel.p4(155) Condition "hdr.myTunnel.isValid()" (node_4) is false
[09:49:01.440] [bmv2] [D] [thread 5337] [11.0] [cxt 0] Pipeline 'ingress': end
[09:49:01.440] [bmv2] [D] [thread 5337] [11.0] [cxt 0] Egress port is 0
[09:49:01.440] [bmv2] [D] [thread 5338] [11.0] [cxt 0] Pipeline 'egress': start
[09:49:01.440] [bmv2] [D] [thread 5338] [11.0] [cxt 0] Pipeline 'egress': end
[09:49:01.440] [bmv2] [D] [thread 5338] [11.0] [cxt 0] Deparser 'deparser': start
[09:49:01.440] [bmv2] [T] [thread 5338] [11.0] [cxt 0] Skipping checksum 'cksum' update because condition not met
[09:49:01.440] [bmv2] [D] [thread 5338] [11.0] [cxt 0] Deparsing header 'ethernet'
[09:49:01.440] [bmv2] [D] [thread 5338] [11.0] [cxt 0] Deparser 'deparser': end
[09:49:01.440] [bmv2] [D] [thread 5342] [11.0] [cxt 0] Transmitting packet of size 208 out of port 0
[09:49:01.688] [bmv2] [D] [thread 5337] [12.0] [cxt 0] Processing packet received on port 1
[09:49:01.688] [bmv2] [D] [thread 5337] [12.0] [cxt 0] Parser 'parser': start
[09:49:01.688] [bmv2] [D] [thread 5337] [12.0] [cxt 0] Parser 'parser' entering state 'start'
[09:49:01.688] [bmv2] [D] [thread 5337] [12.0] [cxt 0] Extracting header 'ethernet'
[09:49:01.688] [bmv2] [D] [thread 5337] [12.0] [cxt 0] Parser state 'start': key is 86dd
[09:49:01.689] [bmv2] [T] [thread 5337] [12.0] [cxt 0] Bytes parsed: 14
[09:49:01.689] [bmv2] [D] [thread 5337] [12.0] [cxt 0] Parser 'parser': end
[09:49:01.689] [bmv2] [D] [thread 5337] [12.0] [cxt 0] Pipeline 'ingress': start
[09:49:01.689] [bmv2] [T] [thread 5337] [12.0] [cxt 0] basic_tunnel.p4(152) Condition "hdr.ipv4.isValid() && !hdr.myTunnel.isValid()" (node_2) is false
[09:49:01.689] [bmv2] [T] [thread 5337] [12.0] [cxt 0] basic_tunnel.p4(155) Condition "hdr.myTunnel.isValid()" (node_4) is false
[09:49:01.689] [bmv2] [D] [thread 5337] [12.0] [cxt 0] Pipeline 'ingress': end
[09:49:01.689] [bmv2] [D] [thread 5337] [12.0] [cxt 0] Egress port is 0
[09:49:01.689] [bmv2] [D] [thread 5337] [13.0] [cxt 0] Processing packet received on port 2
[09:49:01.689] [bmv2] [D] [thread 5337] [13.0] [cxt 0] Parser 'parser': start
[09:49:01.689] [bmv2] [D] [thread 5337] [13.0] [cxt 0] Parser 'parser' entering state 'start'
[09:49:01.689] [bmv2] [D] [thread 5337] [13.0] [cxt 0] Extracting header 'ethernet'
[09:49:01.689] [bmv2] [D] [thread 5337] [13.0] [cxt 0] Parser state 'start': key is 86dd
[09:49:01.689] [bmv2] [T] [thread 5337] [13.0] [cxt 0] Bytes parsed: 14
[09:49:01.689] [bmv2] [D] [thread 5337] [13.0] [cxt 0] Parser 'parser': end
[09:49:01.689] [bmv2] [D] [thread 5337] [13.0] [cxt 0] Pipeline 'ingress': start
[09:49:01.689] [bmv2] [T] [thread 5337] [13.0] [cxt 0] basic_tunnel.p4(152) Condition "hdr.ipv4.isValid() && !hdr.myTunnel.isValid()" (node_2) is false
[09:49:01.689] [bmv2] [T] [thread 5337] [13.0] [cxt 0] basic_tunnel.p4(155) Condition "hdr.myTunnel.isValid()" (node_4) is false
[09:49:01.689] [bmv2] [D] [thread 5337] [13.0] [cxt 0] Pipeline 'ingress': end
[09:49:01.689] [bmv2] [D] [thread 5337] [13.0] [cxt 0] Egress port is 0
[09:49:01.689] [bmv2] [D] [thread 5338] [12.0] [cxt 0] Pipeline 'egress': start
[09:49:01.689] [bmv2] [D] [thread 5338] [12.0] [cxt 0] Pipeline 'egress': end
[09:49:01.689] [bmv2] [D] [thread 5338] [12.0] [cxt 0] Deparser 'deparser': start
[09:49:01.689] [bmv2] [T] [thread 5338] [12.0] [cxt 0] Skipping checksum 'cksum' update because condition not met
[09:49:01.689] [bmv2] [D] [thread 5338] [12.0] [cxt 0] Deparsing header 'ethernet'
[09:49:01.689] [bmv2] [D] [thread 5338] [12.0] [cxt 0] Deparser 'deparser': end
[09:49:01.689] [bmv2] [D] [thread 5338] [13.0] [cxt 0] Pipeline 'egress': start
[09:49:01.689] [bmv2] [D] [thread 5338] [13.0] [cxt 0] Pipeline 'egress': end
[09:49:01.689] [bmv2] [D] [thread 5338] [13.0] [cxt 0] Deparser 'deparser': start
[09:49:01.689] [bmv2] [T] [thread 5338] [13.0] [cxt 0] Skipping checksum 'cksum' update because condition not met
[09:49:01.689] [bmv2] [D] [thread 5338] [13.0] [cxt 0] Deparsing header 'ethernet'
[09:49:01.689] [bmv2] [D] [thread 5338] [13.0] [cxt 0] Deparser 'deparser': end
[09:49:01.689] [bmv2] [D] [thread 5342] [12.0] [cxt 0] Transmitting packet of size 208 out of port 0
[09:49:01.689] [bmv2] [D] [thread 5342] [13.0] [cxt 0] Transmitting packet of size 208 out of port 0
[09:49:01.884] [bmv2] [D] [thread 5337] [14.0] [cxt 0] Processing packet received on port 1
[09:49:01.885] [bmv2] [D] [thread 5337] [14.0] [cxt 0] Parser 'parser': start
[09:49:01.885] [bmv2] [D] [thread 5337] [14.0] [cxt 0] Parser 'parser' entering state 'start'
[09:49:01.885] [bmv2] [D] [thread 5337] [14.0] [cxt 0] Extracting header 'ethernet'
[09:49:01.885] [bmv2] [D] [thread 5337] [14.0] [cxt 0] Parser state 'start': key is 86dd
[09:49:01.885] [bmv2] [T] [thread 5337] [14.0] [cxt 0] Bytes parsed: 14
[09:49:01.885] [bmv2] [D] [thread 5337] [14.0] [cxt 0] Parser 'parser': end
[09:49:01.885] [bmv2] [D] [thread 5337] [14.0] [cxt 0] Pipeline 'ingress': start
[09:49:01.885] [bmv2] [T] [thread 5337] [14.0] [cxt 0] basic_tunnel.p4(152) Condition "hdr.ipv4.isValid() && !hdr.myTunnel.isValid()" (node_2) is false
[09:49:01.885] [bmv2] [T] [thread 5337] [14.0] [cxt 0] basic_tunnel.p4(155) Condition "hdr.myTunnel.isValid()" (node_4) is false
[09:49:01.885] [bmv2] [D] [thread 5337] [14.0] [cxt 0] Pipeline 'ingress': end
[09:49:01.885] [bmv2] [D] [thread 5337] [14.0] [cxt 0] Egress port is 0
[09:49:01.885] [bmv2] [D] [thread 5338] [14.0] [cxt 0] Pipeline 'egress': start
[09:49:01.885] [bmv2] [D] [thread 5338] [14.0] [cxt 0] Pipeline 'egress': end
[09:49:01.885] [bmv2] [D] [thread 5338] [14.0] [cxt 0] Deparser 'deparser': start
[09:49:01.885] [bmv2] [T] [thread 5338] [14.0] [cxt 0] Skipping checksum 'cksum' update because condition not met
[09:49:01.885] [bmv2] [D] [thread 5338] [14.0] [cxt 0] Deparsing header 'ethernet'
[09:49:01.885] [bmv2] [D] [thread 5338] [14.0] [cxt 0] Deparser 'deparser': end
[09:49:01.885] [bmv2] [D] [thread 5342] [14.0] [cxt 0] Transmitting packet of size 196 out of port 0
[09:49:01.939] [bmv2] [D] [thread 5337] [15.0] [cxt 0] Processing packet received on port 1
[09:49:01.939] [bmv2] [D] [thread 5337] [15.0] [cxt 0] Parser 'parser': start
[09:49:01.939] [bmv2] [D] [thread 5337] [15.0] [cxt 0] Parser 'parser' entering state 'start'
[09:49:01.939] [bmv2] [D] [thread 5337] [15.0] [cxt 0] Extracting header 'ethernet'
[09:49:01.939] [bmv2] [D] [thread 5337] [15.0] [cxt 0] Parser state 'start': key is 86dd
[09:49:01.939] [bmv2] [T] [thread 5337] [15.0] [cxt 0] Bytes parsed: 14
[09:49:01.939] [bmv2] [D] [thread 5337] [15.0] [cxt 0] Parser 'parser': end
[09:49:01.939] [bmv2] [D] [thread 5337] [15.0] [cxt 0] Pipeline 'ingress': start
[09:49:01.939] [bmv2] [T] [thread 5337] [15.0] [cxt 0] basic_tunnel.p4(152) Condition "hdr.ipv4.isValid() && !hdr.myTunnel.isValid()" (node_2) is false
[09:49:01.939] [bmv2] [T] [thread 5337] [15.0] [cxt 0] basic_tunnel.p4(155) Condition "hdr.myTunnel.isValid()" (node_4) is false
[09:49:01.939] [bmv2] [D] [thread 5337] [15.0] [cxt 0] Pipeline 'ingress': end
[09:49:01.939] [bmv2] [D] [thread 5337] [15.0] [cxt 0] Egress port is 0
[09:49:01.939] [bmv2] [D] [thread 5337] [16.0] [cxt 0] Processing packet received on port 2
[09:49:01.939] [bmv2] [D] [thread 5337] [16.0] [cxt 0] Parser 'parser': start
[09:49:01.939] [bmv2] [D] [thread 5337] [16.0] [cxt 0] Parser 'parser' entering state 'start'
[09:49:01.939] [bmv2] [D] [thread 5337] [16.0] [cxt 0] Extracting header 'ethernet'
[09:49:01.939] [bmv2] [D] [thread 5337] [16.0] [cxt 0] Parser state 'start': key is 86dd
[09:49:01.939] [bmv2] [T] [thread 5337] [16.0] [cxt 0] Bytes parsed: 14
[09:49:01.939] [bmv2] [D] [thread 5337] [16.0] [cxt 0] Parser 'parser': end
[09:49:01.939] [bmv2] [D] [thread 5337] [16.0] [cxt 0] Pipeline 'ingress': start
[09:49:01.939] [bmv2] [T] [thread 5337] [16.0] [cxt 0] basic_tunnel.p4(152) Condition "hdr.ipv4.isValid() && !hdr.myTunnel.isValid()" (node_2) is false
[09:49:01.939] [bmv2] [T] [thread 5337] [16.0] [cxt 0] basic_tunnel.p4(155) Condition "hdr.myTunnel.isValid()" (node_4) is false
[09:49:01.939] [bmv2] [D] [thread 5337] [16.0] [cxt 0] Pipeline 'ingress': end
[09:49:01.939] [bmv2] [D] [thread 5337] [16.0] [cxt 0] Egress port is 0
[09:49:01.939] [bmv2] [D] [thread 5338] [15.0] [cxt 0] Pipeline 'egress': start
[09:49:01.939] [bmv2] [D] [thread 5338] [15.0] [cxt 0] Pipeline 'egress': end
[09:49:01.939] [bmv2] [D] [thread 5338] [15.0] [cxt 0] Deparser 'deparser': start
[09:49:01.939] [bmv2] [T] [thread 5338] [15.0] [cxt 0] Skipping checksum 'cksum' update because condition not met
[09:49:01.939] [bmv2] [D] [thread 5338] [15.0] [cxt 0] Deparsing header 'ethernet'
[09:49:01.939] [bmv2] [D] [thread 5338] [15.0] [cxt 0] Deparser 'deparser': end
[09:49:01.939] [bmv2] [D] [thread 5338] [16.0] [cxt 0] Pipeline 'egress': start
[09:49:01.939] [bmv2] [D] [thread 5338] [16.0] [cxt 0] Pipeline 'egress': end
[09:49:01.939] [bmv2] [D] [thread 5338] [16.0] [cxt 0] Deparser 'deparser': start
[09:49:01.939] [bmv2] [T] [thread 5338] [16.0] [cxt 0] Skipping checksum 'cksum' update because condition not met
[09:49:01.939] [bmv2] [D] [thread 5338] [16.0] [cxt 0] Deparsing header 'ethernet'
[09:49:01.939] [bmv2] [D] [thread 5338] [16.0] [cxt 0] Deparser 'deparser': end
[09:49:01.939] [bmv2] [D] [thread 5342] [15.0] [cxt 0] Transmitting packet of size 110 out of port 0
[09:49:01.939] [bmv2] [D] [thread 5342] [16.0] [cxt 0] Transmitting packet of size 208 out of port 0
[09:49:01.972] [bmv2] [W] [thread 5409] [P4Runtime] p4::tmp::P4DeviceConfig is deprecated
[09:49:01.977] [bmv2] [D] [thread 5409] Set default default entry for table 'MyIngress.ipv4_lpm': MyIngress.drop - 
[09:49:01.978] [bmv2] [D] [thread 5409] Set default default entry for table 'MyIngress.myTunnel_exact': MyIngress.drop - 
[09:49:01.991] [bmv2] [D] [thread 5409] simple_switch target has been notified of a config swap
[09:49:01.999] [bmv2] [D] [thread 5410] Entry 0 added to table 'MyIngress.ipv4_lpm'
[09:49:02.000] [bmv2] [D] [thread 5410] Dumping entry 0
Match key:
* hdr.ipv4.dstAddr    : LPM       0a000101/32
Action entry: MyIngress.ipv4_forward - 80000000111,1,

[09:49:02.005] [bmv2] [D] [thread 5409] Entry 1 added to table 'MyIngress.ipv4_lpm'
[09:49:02.005] [bmv2] [D] [thread 5409] Dumping entry 1
Match key:
* hdr.ipv4.dstAddr    : LPM       0a000202/32
Action entry: MyIngress.ipv4_forward - 80000000200,2,

[09:49:02.009] [bmv2] [D] [thread 5410] Entry 2 added to table 'MyIngress.ipv4_lpm'
[09:49:02.009] [bmv2] [D] [thread 5410] Dumping entry 2
Match key:
* hdr.ipv4.dstAddr    : LPM       0a000303/32
Action entry: MyIngress.ipv4_forward - 80000000300,3,

[09:49:02.013] [bmv2] [D] [thread 5409] Entry 0 added to table 'MyIngress.myTunnel_exact'
[09:49:02.013] [bmv2] [D] [thread 5409] Dumping entry 0
Match key:
* hdr.myTunnel.dst_id : EXACT     0001
Action entry: MyIngress.myTunnel_forward - 1,

[09:49:02.015] [bmv2] [D] [thread 5410] Entry 1 added to table 'MyIngress.myTunnel_exact'
[09:49:02.015] [bmv2] [D] [thread 5410] Dumping entry 1
Match key:
* hdr.myTunnel.dst_id : EXACT     0002
Action entry: MyIngress.myTunnel_forward - 2,

[09:49:02.018] [bmv2] [D] [thread 5409] Entry 2 added to table 'MyIngress.myTunnel_exact'
[09:49:02.018] [bmv2] [D] [thread 5409] Dumping entry 2
Match key:
* hdr.myTunnel.dst_id : EXACT     0003
Action entry: MyIngress.myTunnel_forward - 3,

[09:49:02.129] [bmv2] [D] [thread 5337] [17.0] [cxt 0] Processing packet received on port 2
[09:49:02.129] [bmv2] [D] [thread 5337] [17.0] [cxt 0] Parser 'parser': start
[09:49:02.129] [bmv2] [D] [thread 5337] [17.0] [cxt 0] Parser 'parser' entering state 'start'
[09:49:02.129] [bmv2] [D] [thread 5337] [17.0] [cxt 0] Extracting header 'ethernet'
[09:49:02.129] [bmv2] [D] [thread 5337] [17.0] [cxt 0] Parser state 'start': key is 86dd
[09:49:02.129] [bmv2] [T] [thread 5337] [17.0] [cxt 0] Bytes parsed: 14
[09:49:02.129] [bmv2] [D] [thread 5337] [17.0] [cxt 0] Parser 'parser': end
[09:49:02.129] [bmv2] [D] [thread 5337] [17.0] [cxt 0] Pipeline 'ingress': start
[09:49:02.129] [bmv2] [T] [thread 5337] [17.0] [cxt 0] basic_tunnel.p4(152) Condition "hdr.ipv4.isValid() && !hdr.myTunnel.isValid()" (node_2) is false
[09:49:02.129] [bmv2] [T] [thread 5337] [17.0] [cxt 0] basic_tunnel.p4(155) Condition "hdr.myTunnel.isValid()" (node_4) is false
[09:49:02.129] [bmv2] [D] [thread 5337] [17.0] [cxt 0] Pipeline 'ingress': end
[09:49:02.129] [bmv2] [D] [thread 5337] [17.0] [cxt 0] Egress port is 0
[09:49:02.129] [bmv2] [D] [thread 5338] [17.0] [cxt 0] Pipeline 'egress': start
[09:49:02.129] [bmv2] [D] [thread 5338] [17.0] [cxt 0] Pipeline 'egress': end
[09:49:02.129] [bmv2] [D] [thread 5338] [17.0] [cxt 0] Deparser 'deparser': start
[09:49:02.129] [bmv2] [T] [thread 5338] [17.0] [cxt 0] Skipping checksum 'cksum' update because condition not met
[09:49:02.129] [bmv2] [D] [thread 5338] [17.0] [cxt 0] Deparsing header 'ethernet'
[09:49:02.129] [bmv2] [D] [thread 5338] [17.0] [cxt 0] Deparser 'deparser': end
[09:49:02.129] [bmv2] [D] [thread 5342] [17.0] [cxt 0] Transmitting packet of size 90 out of port 0
[09:49:02.152] [bmv2] [D] [thread 5337] [18.0] [cxt 0] Processing packet received on port 2
[09:49:02.152] [bmv2] [D] [thread 5337] [18.0] [cxt 0] Parser 'parser': start
[09:49:02.152] [bmv2] [D] [thread 5337] [18.0] [cxt 0] Parser 'parser' entering state 'start'
[09:49:02.152] [bmv2] [D] [thread 5337] [18.0] [cxt 0] Extracting header 'ethernet'
[09:49:02.152] [bmv2] [D] [thread 5337] [18.0] [cxt 0] Parser state 'start': key is 86dd
[09:49:02.152] [bmv2] [T] [thread 5337] [18.0] [cxt 0] Bytes parsed: 14
[09:49:02.152] [bmv2] [D] [thread 5337] [18.0] [cxt 0] Parser 'parser': end
[09:49:02.152] [bmv2] [D] [thread 5337] [18.0] [cxt 0] Pipeline 'ingress': start
[09:49:02.152] [bmv2] [T] [thread 5337] [18.0] [cxt 0] basic_tunnel.p4(152) Condition "hdr.ipv4.isValid() && !hdr.myTunnel.isValid()" (node_2) is false
[09:49:02.152] [bmv2] [T] [thread 5337] [18.0] [cxt 0] basic_tunnel.p4(155) Condition "hdr.myTunnel.isValid()" (node_4) is false
[09:49:02.152] [bmv2] [D] [thread 5337] [18.0] [cxt 0] Pipeline 'ingress': end
[09:49:02.152] [bmv2] [D] [thread 5337] [18.0] [cxt 0] Egress port is 0
[09:49:02.152] [bmv2] [D] [thread 5338] [18.0] [cxt 0] Pipeline 'egress': start
[09:49:02.152] [bmv2] [D] [thread 5338] [18.0] [cxt 0] Pipeline 'egress': end
[09:49:02.152] [bmv2] [D] [thread 5338] [18.0] [cxt 0] Deparser 'deparser': start
[09:49:02.152] [bmv2] [T] [thread 5338] [18.0] [cxt 0] Skipping checksum 'cksum' update because condition not met
[09:49:02.152] [bmv2] [D] [thread 5338] [18.0] [cxt 0] Deparsing header 'ethernet'
[09:49:02.152] [bmv2] [D] [thread 5338] [18.0] [cxt 0] Deparser 'deparser': end
[09:49:02.153] [bmv2] [D] [thread 5342] [18.0] [cxt 0] Transmitting packet of size 196 out of port 0
[09:49:02.975] [bmv2] [D] [thread 5337] [19.0] [cxt 0] Processing packet received on port 1
[09:49:02.975] [bmv2] [D] [thread 5337] [19.0] [cxt 0] Parser 'parser': start
[09:49:02.975] [bmv2] [D] [thread 5337] [19.0] [cxt 0] Parser 'parser' entering state 'start'
[09:49:02.975] [bmv2] [D] [thread 5337] [19.0] [cxt 0] Extracting header 'ethernet'
[09:49:02.975] [bmv2] [D] [thread 5337] [19.0] [cxt 0] Parser state 'start': key is 86dd
[09:49:02.975] [bmv2] [T] [thread 5337] [19.0] [cxt 0] Bytes parsed: 14
[09:49:02.976] [bmv2] [D] [thread 5337] [19.0] [cxt 0] Parser 'parser': end
[09:49:02.976] [bmv2] [D] [thread 5337] [19.0] [cxt 0] Pipeline 'ingress': start
[09:49:02.976] [bmv2] [T] [thread 5337] [19.0] [cxt 0] basic_tunnel.p4(152) Condition "hdr.ipv4.isValid() && !hdr.myTunnel.isValid()" (node_2) is false
[09:49:02.976] [bmv2] [T] [thread 5337] [19.0] [cxt 0] basic_tunnel.p4(155) Condition "hdr.myTunnel.isValid()" (node_4) is false
[09:49:02.976] [bmv2] [D] [thread 5337] [19.0] [cxt 0] Pipeline 'ingress': end
[09:49:02.976] [bmv2] [D] [thread 5337] [19.0] [cxt 0] Egress port is 0
[09:49:02.977] [bmv2] [D] [thread 5338] [19.0] [cxt 0] Pipeline 'egress': start
[09:49:02.977] [bmv2] [D] [thread 5338] [19.0] [cxt 0] Pipeline 'egress': end
[09:49:02.977] [bmv2] [D] [thread 5338] [19.0] [cxt 0] Deparser 'deparser': start
[09:49:02.977] [bmv2] [T] [thread 5338] [19.0] [cxt 0] Skipping checksum 'cksum' update because condition not met
[09:49:02.977] [bmv2] [D] [thread 5338] [19.0] [cxt 0] Deparsing header 'ethernet'
[09:49:02.977] [bmv2] [D] [thread 5338] [19.0] [cxt 0] Deparser 'deparser': end
[09:49:02.977] [bmv2] [D] [thread 5342] [19.0] [cxt 0] Transmitting packet of size 196 out of port 0
[09:49:03.241] [bmv2] [D] [thread 5337] [20.0] [cxt 0] Processing packet received on port 2
[09:49:03.241] [bmv2] [D] [thread 5337] [20.0] [cxt 0] Parser 'parser': start
[09:49:03.241] [bmv2] [D] [thread 5337] [20.0] [cxt 0] Parser 'parser' entering state 'start'
[09:49:03.241] [bmv2] [D] [thread 5337] [20.0] [cxt 0] Extracting header 'ethernet'
[09:49:03.242] [bmv2] [D] [thread 5337] [20.0] [cxt 0] Parser state 'start': key is 86dd
[09:49:03.242] [bmv2] [T] [thread 5337] [20.0] [cxt 0] Bytes parsed: 14
[09:49:03.242] [bmv2] [D] [thread 5337] [20.0] [cxt 0] Parser 'parser': end
[09:49:03.242] [bmv2] [D] [thread 5337] [20.0] [cxt 0] Pipeline 'ingress': start
[09:49:03.242] [bmv2] [T] [thread 5337] [20.0] [cxt 0] basic_tunnel.p4(152) Condition "hdr.ipv4.isValid() && !hdr.myTunnel.isValid()" (node_2) is false
[09:49:03.242] [bmv2] [T] [thread 5337] [20.0] [cxt 0] basic_tunnel.p4(155) Condition "hdr.myTunnel.isValid()" (node_4) is false
[09:49:03.242] [bmv2] [D] [thread 5337] [20.0] [cxt 0] Pipeline 'ingress': end
[09:49:03.242] [bmv2] [D] [thread 5337] [20.0] [cxt 0] Egress port is 0
[09:49:03.242] [bmv2] [D] [thread 5338] [20.0] [cxt 0] Pipeline 'egress': start
[09:49:03.242] [bmv2] [D] [thread 5338] [20.0] [cxt 0] Pipeline 'egress': end
[09:49:03.242] [bmv2] [D] [thread 5338] [20.0] [cxt 0] Deparser 'deparser': start
[09:49:03.242] [bmv2] [T] [thread 5338] [20.0] [cxt 0] Skipping checksum 'cksum' update because condition not met
[09:49:03.242] [bmv2] [D] [thread 5338] [20.0] [cxt 0] Deparsing header 'ethernet'
[09:49:03.242] [bmv2] [D] [thread 5338] [20.0] [cxt 0] Deparser 'deparser': end
[09:49:03.242] [bmv2] [D] [thread 5342] [20.0] [cxt 0] Transmitting packet of size 196 out of port 0
[09:49:04.749] [bmv2] [D] [thread 5337] [21.0] [cxt 0] Processing packet received on port 1
[09:49:04.749] [bmv2] [D] [thread 5337] [21.0] [cxt 0] Parser 'parser': start
[09:49:04.749] [bmv2] [D] [thread 5337] [21.0] [cxt 0] Parser 'parser' entering state 'start'
[09:49:04.749] [bmv2] [D] [thread 5337] [21.0] [cxt 0] Extracting header 'ethernet'
[09:49:04.749] [bmv2] [D] [thread 5337] [21.0] [cxt 0] Parser state 'start': key is 86dd
[09:49:04.749] [bmv2] [T] [thread 5337] [21.0] [cxt 0] Bytes parsed: 14
[09:49:04.749] [bmv2] [D] [thread 5337] [21.0] [cxt 0] Parser 'parser': end
[09:49:04.749] [bmv2] [D] [thread 5337] [21.0] [cxt 0] Pipeline 'ingress': start
[09:49:04.749] [bmv2] [T] [thread 5337] [21.0] [cxt 0] basic_tunnel.p4(152) Condition "hdr.ipv4.isValid() && !hdr.myTunnel.isValid()" (node_2) is false
[09:49:04.749] [bmv2] [T] [thread 5337] [21.0] [cxt 0] basic_tunnel.p4(155) Condition "hdr.myTunnel.isValid()" (node_4) is false
[09:49:04.749] [bmv2] [D] [thread 5337] [21.0] [cxt 0] Pipeline 'ingress': end
[09:49:04.749] [bmv2] [D] [thread 5337] [21.0] [cxt 0] Egress port is 0
[09:49:04.750] [bmv2] [D] [thread 5338] [21.0] [cxt 0] Pipeline 'egress': start
[09:49:04.750] [bmv2] [D] [thread 5338] [21.0] [cxt 0] Pipeline 'egress': end
[09:49:04.750] [bmv2] [D] [thread 5338] [21.0] [cxt 0] Deparser 'deparser': start
[09:49:04.750] [bmv2] [T] [thread 5338] [21.0] [cxt 0] Skipping checksum 'cksum' update because condition not met
[09:49:04.750] [bmv2] [D] [thread 5338] [21.0] [cxt 0] Deparsing header 'ethernet'
[09:49:04.750] [bmv2] [D] [thread 5338] [21.0] [cxt 0] Deparser 'deparser': end
[09:49:04.750] [bmv2] [D] [thread 5342] [21.0] [cxt 0] Transmitting packet of size 70 out of port 0
[09:49:05.065] [bmv2] [D] [thread 5337] [22.0] [cxt 0] Processing packet received on port 1
[09:49:05.065] [bmv2] [D] [thread 5337] [22.0] [cxt 0] Parser 'parser': start
[09:49:05.065] [bmv2] [D] [thread 5337] [22.0] [cxt 0] Parser 'parser' entering state 'start'
[09:49:05.065] [bmv2] [D] [thread 5337] [22.0] [cxt 0] Extracting header 'ethernet'
[09:49:05.065] [bmv2] [D] [thread 5337] [22.0] [cxt 0] Parser state 'start': key is 86dd
[09:49:05.065] [bmv2] [T] [thread 5337] [22.0] [cxt 0] Bytes parsed: 14
[09:49:05.065] [bmv2] [D] [thread 5337] [22.0] [cxt 0] Parser 'parser': end
[09:49:05.065] [bmv2] [D] [thread 5337] [22.0] [cxt 0] Pipeline 'ingress': start
[09:49:05.065] [bmv2] [T] [thread 5337] [22.0] [cxt 0] basic_tunnel.p4(152) Condition "hdr.ipv4.isValid() && !hdr.myTunnel.isValid()" (node_2) is false
[09:49:05.065] [bmv2] [T] [thread 5337] [22.0] [cxt 0] basic_tunnel.p4(155) Condition "hdr.myTunnel.isValid()" (node_4) is false
[09:49:05.065] [bmv2] [D] [thread 5337] [22.0] [cxt 0] Pipeline 'ingress': end
[09:49:05.065] [bmv2] [D] [thread 5337] [22.0] [cxt 0] Egress port is 0
[09:49:05.065] [bmv2] [D] [thread 5338] [22.0] [cxt 0] Pipeline 'egress': start
[09:49:05.065] [bmv2] [D] [thread 5338] [22.0] [cxt 0] Pipeline 'egress': end
[09:49:05.065] [bmv2] [D] [thread 5338] [22.0] [cxt 0] Deparser 'deparser': start
[09:49:05.065] [bmv2] [T] [thread 5338] [22.0] [cxt 0] Skipping checksum 'cksum' update because condition not met
[09:49:05.065] [bmv2] [D] [thread 5338] [22.0] [cxt 0] Deparsing header 'ethernet'
[09:49:05.065] [bmv2] [D] [thread 5338] [22.0] [cxt 0] Deparser 'deparser': end
[09:49:05.065] [bmv2] [D] [thread 5342] [22.0] [cxt 0] Transmitting packet of size 196 out of port 0
[09:49:05.260] [bmv2] [D] [thread 5337] [23.0] [cxt 0] Processing packet received on port 2
[09:49:05.260] [bmv2] [D] [thread 5337] [23.0] [cxt 0] Parser 'parser': start
[09:49:05.260] [bmv2] [D] [thread 5337] [23.0] [cxt 0] Parser 'parser' entering state 'start'
[09:49:05.260] [bmv2] [D] [thread 5337] [23.0] [cxt 0] Extracting header 'ethernet'
[09:49:05.260] [bmv2] [D] [thread 5337] [23.0] [cxt 0] Parser state 'start': key is 86dd
[09:49:05.260] [bmv2] [T] [thread 5337] [23.0] [cxt 0] Bytes parsed: 14
[09:49:05.260] [bmv2] [D] [thread 5337] [23.0] [cxt 0] Parser 'parser': end
[09:49:05.260] [bmv2] [D] [thread 5337] [23.0] [cxt 0] Pipeline 'ingress': start
[09:49:05.260] [bmv2] [T] [thread 5337] [23.0] [cxt 0] basic_tunnel.p4(152) Condition "hdr.ipv4.isValid() && !hdr.myTunnel.isValid()" (node_2) is false
[09:49:05.260] [bmv2] [T] [thread 5337] [23.0] [cxt 0] basic_tunnel.p4(155) Condition "hdr.myTunnel.isValid()" (node_4) is false
[09:49:05.260] [bmv2] [D] [thread 5337] [23.0] [cxt 0] Pipeline 'ingress': end
[09:49:05.260] [bmv2] [D] [thread 5337] [23.0] [cxt 0] Egress port is 0
[09:49:05.261] [bmv2] [D] [thread 5338] [23.0] [cxt 0] Pipeline 'egress': start
[09:49:05.261] [bmv2] [D] [thread 5338] [23.0] [cxt 0] Pipeline 'egress': end
[09:49:05.261] [bmv2] [D] [thread 5338] [23.0] [cxt 0] Deparser 'deparser': start
[09:49:05.261] [bmv2] [T] [thread 5338] [23.0] [cxt 0] Skipping checksum 'cksum' update because condition not met
[09:49:05.261] [bmv2] [D] [thread 5338] [23.0] [cxt 0] Deparsing header 'ethernet'
[09:49:05.261] [bmv2] [D] [thread 5338] [23.0] [cxt 0] Deparser 'deparser': end
[09:49:05.261] [bmv2] [D] [thread 5342] [23.0] [cxt 0] Transmitting packet of size 70 out of port 0
[09:49:05.331] [bmv2] [D] [thread 5337] [24.0] [cxt 0] Processing packet received on port 2
[09:49:05.331] [bmv2] [D] [thread 5337] [24.0] [cxt 0] Parser 'parser': start
[09:49:05.331] [bmv2] [D] [thread 5337] [24.0] [cxt 0] Parser 'parser' entering state 'start'
[09:49:05.331] [bmv2] [D] [thread 5337] [24.0] [cxt 0] Extracting header 'ethernet'
[09:49:05.331] [bmv2] [D] [thread 5337] [24.0] [cxt 0] Parser state 'start': key is 86dd
[09:49:05.331] [bmv2] [T] [thread 5337] [24.0] [cxt 0] Bytes parsed: 14
[09:49:05.331] [bmv2] [D] [thread 5337] [24.0] [cxt 0] Parser 'parser': end
[09:49:05.331] [bmv2] [D] [thread 5337] [24.0] [cxt 0] Pipeline 'ingress': start
[09:49:05.331] [bmv2] [T] [thread 5337] [24.0] [cxt 0] basic_tunnel.p4(152) Condition "hdr.ipv4.isValid() && !hdr.myTunnel.isValid()" (node_2) is false
[09:49:05.331] [bmv2] [T] [thread 5337] [24.0] [cxt 0] basic_tunnel.p4(155) Condition "hdr.myTunnel.isValid()" (node_4) is false
[09:49:05.331] [bmv2] [D] [thread 5337] [24.0] [cxt 0] Pipeline 'ingress': end
[09:49:05.331] [bmv2] [D] [thread 5337] [24.0] [cxt 0] Egress port is 0
[09:49:05.331] [bmv2] [D] [thread 5338] [24.0] [cxt 0] Pipeline 'egress': start
[09:49:05.331] [bmv2] [D] [thread 5338] [24.0] [cxt 0] Pipeline 'egress': end
[09:49:05.331] [bmv2] [D] [thread 5338] [24.0] [cxt 0] Deparser 'deparser': start
[09:49:05.331] [bmv2] [T] [thread 5338] [24.0] [cxt 0] Skipping checksum 'cksum' update because condition not met
[09:49:05.331] [bmv2] [D] [thread 5338] [24.0] [cxt 0] Deparsing header 'ethernet'
[09:49:05.331] [bmv2] [D] [thread 5338] [24.0] [cxt 0] Deparser 'deparser': end
[09:49:05.331] [bmv2] [D] [thread 5342] [24.0] [cxt 0] Transmitting packet of size 196 out of port 0
[09:49:06.564] [bmv2] [D] [thread 5337] [25.0] [cxt 0] Processing packet received on port 1
[09:49:06.565] [bmv2] [D] [thread 5337] [25.0] [cxt 0] Parser 'parser': start
[09:49:06.565] [bmv2] [D] [thread 5337] [25.0] [cxt 0] Parser 'parser' entering state 'start'
[09:49:06.565] [bmv2] [D] [thread 5337] [25.0] [cxt 0] Extracting header 'ethernet'
[09:49:06.565] [bmv2] [D] [thread 5337] [25.0] [cxt 0] Parser state 'start': key is 0806
[09:49:06.565] [bmv2] [T] [thread 5337] [25.0] [cxt 0] Bytes parsed: 14
[09:49:06.566] [bmv2] [D] [thread 5337] [25.0] [cxt 0] Parser 'parser': end
[09:49:06.566] [bmv2] [D] [thread 5337] [25.0] [cxt 0] Pipeline 'ingress': start
[09:49:06.566] [bmv2] [T] [thread 5337] [25.0] [cxt 0] basic_tunnel.p4(152) Condition "hdr.ipv4.isValid() && !hdr.myTunnel.isValid()" (node_2) is false
[09:49:06.566] [bmv2] [T] [thread 5337] [25.0] [cxt 0] basic_tunnel.p4(155) Condition "hdr.myTunnel.isValid()" (node_4) is false
[09:49:06.566] [bmv2] [D] [thread 5337] [25.0] [cxt 0] Pipeline 'ingress': end
[09:49:06.566] [bmv2] [D] [thread 5337] [25.0] [cxt 0] Egress port is 0
[09:49:06.567] [bmv2] [D] [thread 5338] [25.0] [cxt 0] Pipeline 'egress': start
[09:49:06.567] [bmv2] [D] [thread 5338] [25.0] [cxt 0] Pipeline 'egress': end
[09:49:06.567] [bmv2] [D] [thread 5338] [25.0] [cxt 0] Deparser 'deparser': start
[09:49:06.567] [bmv2] [T] [thread 5338] [25.0] [cxt 0] Skipping checksum 'cksum' update because condition not met
[09:49:06.567] [bmv2] [D] [thread 5338] [25.0] [cxt 0] Deparsing header 'ethernet'
[09:49:06.567] [bmv2] [D] [thread 5338] [25.0] [cxt 0] Deparser 'deparser': end
[09:49:06.567] [bmv2] [D] [thread 5342] [25.0] [cxt 0] Transmitting packet of size 42 out of port 0
[09:49:07.565] [bmv2] [D] [thread 5337] [26.0] [cxt 0] Processing packet received on port 1
[09:49:07.565] [bmv2] [D] [thread 5337] [26.0] [cxt 0] Parser 'parser': start
[09:49:07.565] [bmv2] [D] [thread 5337] [26.0] [cxt 0] Parser 'parser' entering state 'start'
[09:49:07.565] [bmv2] [D] [thread 5337] [26.0] [cxt 0] Extracting header 'ethernet'
[09:49:07.565] [bmv2] [D] [thread 5337] [26.0] [cxt 0] Parser state 'start': key is 0806
[09:49:07.565] [bmv2] [T] [thread 5337] [26.0] [cxt 0] Bytes parsed: 14
[09:49:07.565] [bmv2] [D] [thread 5337] [26.0] [cxt 0] Parser 'parser': end
[09:49:07.565] [bmv2] [D] [thread 5337] [26.0] [cxt 0] Pipeline 'ingress': start
[09:49:07.565] [bmv2] [T] [thread 5337] [26.0] [cxt 0] basic_tunnel.p4(152) Condition "hdr.ipv4.isValid() && !hdr.myTunnel.isValid()" (node_2) is false
[09:49:07.565] [bmv2] [T] [thread 5337] [26.0] [cxt 0] basic_tunnel.p4(155) Condition "hdr.myTunnel.isValid()" (node_4) is false
[09:49:07.565] [bmv2] [D] [thread 5337] [26.0] [cxt 0] Pipeline 'ingress': end
[09:49:07.565] [bmv2] [D] [thread 5337] [26.0] [cxt 0] Egress port is 0
[09:49:07.566] [bmv2] [D] [thread 5338] [26.0] [cxt 0] Pipeline 'egress': start
[09:49:07.566] [bmv2] [D] [thread 5338] [26.0] [cxt 0] Pipeline 'egress': end
[09:49:07.566] [bmv2] [D] [thread 5338] [26.0] [cxt 0] Deparser 'deparser': start
[09:49:07.566] [bmv2] [T] [thread 5338] [26.0] [cxt 0] Skipping checksum 'cksum' update because condition not met
[09:49:07.566] [bmv2] [D] [thread 5338] [26.0] [cxt 0] Deparsing header 'ethernet'
[09:49:07.566] [bmv2] [D] [thread 5338] [26.0] [cxt 0] Deparser 'deparser': end
[09:49:07.566] [bmv2] [D] [thread 5342] [26.0] [cxt 0] Transmitting packet of size 42 out of port 0
[09:49:08.589] [bmv2] [D] [thread 5337] [27.0] [cxt 0] Processing packet received on port 1
[09:49:08.589] [bmv2] [D] [thread 5337] [27.0] [cxt 0] Parser 'parser': start
[09:49:08.589] [bmv2] [D] [thread 5337] [27.0] [cxt 0] Parser 'parser' entering state 'start'
[09:49:08.589] [bmv2] [D] [thread 5337] [27.0] [cxt 0] Extracting header 'ethernet'
[09:49:08.589] [bmv2] [D] [thread 5337] [27.0] [cxt 0] Parser state 'start': key is 0806
[09:49:08.589] [bmv2] [T] [thread 5337] [27.0] [cxt 0] Bytes parsed: 14
[09:49:08.589] [bmv2] [D] [thread 5337] [27.0] [cxt 0] Parser 'parser': end
[09:49:08.589] [bmv2] [D] [thread 5337] [27.0] [cxt 0] Pipeline 'ingress': start
[09:49:08.589] [bmv2] [T] [thread 5337] [27.0] [cxt 0] basic_tunnel.p4(152) Condition "hdr.ipv4.isValid() && !hdr.myTunnel.isValid()" (node_2) is false
[09:49:08.589] [bmv2] [T] [thread 5337] [27.0] [cxt 0] basic_tunnel.p4(155) Condition "hdr.myTunnel.isValid()" (node_4) is false
[09:49:08.589] [bmv2] [D] [thread 5337] [27.0] [cxt 0] Pipeline 'ingress': end
[09:49:08.589] [bmv2] [D] [thread 5337] [27.0] [cxt 0] Egress port is 0
[09:49:08.589] [bmv2] [D] [thread 5338] [27.0] [cxt 0] Pipeline 'egress': start
[09:49:08.589] [bmv2] [D] [thread 5338] [27.0] [cxt 0] Pipeline 'egress': end
[09:49:08.589] [bmv2] [D] [thread 5338] [27.0] [cxt 0] Deparser 'deparser': start
[09:49:08.589] [bmv2] [T] [thread 5338] [27.0] [cxt 0] Skipping checksum 'cksum' update because condition not met
[09:49:08.589] [bmv2] [D] [thread 5338] [27.0] [cxt 0] Deparsing header 'ethernet'
[09:49:08.589] [bmv2] [D] [thread 5338] [27.0] [cxt 0] Deparser 'deparser': end
[09:49:08.589] [bmv2] [D] [thread 5342] [27.0] [cxt 0] Transmitting packet of size 42 out of port 0
[09:49:09.621] [bmv2] [D] [thread 5337] [28.0] [cxt 0] Processing packet received on port 2
[09:49:09.621] [bmv2] [D] [thread 5337] [28.0] [cxt 0] Parser 'parser': start
[09:49:09.621] [bmv2] [D] [thread 5337] [28.0] [cxt 0] Parser 'parser' entering state 'start'
[09:49:09.621] [bmv2] [D] [thread 5337] [28.0] [cxt 0] Extracting header 'ethernet'
[09:49:09.621] [bmv2] [D] [thread 5337] [28.0] [cxt 0] Parser state 'start': key is 0806
[09:49:09.621] [bmv2] [T] [thread 5337] [28.0] [cxt 0] Bytes parsed: 14
[09:49:09.621] [bmv2] [D] [thread 5337] [28.0] [cxt 0] Parser 'parser': end
[09:49:09.622] [bmv2] [D] [thread 5337] [28.0] [cxt 0] Pipeline 'ingress': start
[09:49:09.622] [bmv2] [T] [thread 5337] [28.0] [cxt 0] basic_tunnel.p4(152) Condition "hdr.ipv4.isValid() && !hdr.myTunnel.isValid()" (node_2) is false
[09:49:09.622] [bmv2] [T] [thread 5337] [28.0] [cxt 0] basic_tunnel.p4(155) Condition "hdr.myTunnel.isValid()" (node_4) is false
[09:49:09.622] [bmv2] [D] [thread 5337] [28.0] [cxt 0] Pipeline 'ingress': end
[09:49:09.622] [bmv2] [D] [thread 5337] [28.0] [cxt 0] Egress port is 0
[09:49:09.622] [bmv2] [D] [thread 5338] [28.0] [cxt 0] Pipeline 'egress': start
[09:49:09.622] [bmv2] [D] [thread 5338] [28.0] [cxt 0] Pipeline 'egress': end
[09:49:09.622] [bmv2] [D] [thread 5338] [28.0] [cxt 0] Deparser 'deparser': start
[09:49:09.622] [bmv2] [T] [thread 5338] [28.0] [cxt 0] Skipping checksum 'cksum' update because condition not met
[09:49:09.622] [bmv2] [D] [thread 5338] [28.0] [cxt 0] Deparsing header 'ethernet'
[09:49:09.622] [bmv2] [D] [thread 5338] [28.0] [cxt 0] Deparser 'deparser': end
[09:49:09.622] [bmv2] [D] [thread 5342] [28.0] [cxt 0] Transmitting packet of size 42 out of port 0
[09:49:10.636] [bmv2] [D] [thread 5337] [29.0] [cxt 0] Processing packet received on port 2
[09:49:10.636] [bmv2] [D] [thread 5337] [29.0] [cxt 0] Parser 'parser': start
[09:49:10.636] [bmv2] [D] [thread 5337] [29.0] [cxt 0] Parser 'parser' entering state 'start'
[09:49:10.636] [bmv2] [D] [thread 5337] [29.0] [cxt 0] Extracting header 'ethernet'
[09:49:10.636] [bmv2] [D] [thread 5337] [29.0] [cxt 0] Parser state 'start': key is 0806
[09:49:10.636] [bmv2] [T] [thread 5337] [29.0] [cxt 0] Bytes parsed: 14
[09:49:10.636] [bmv2] [D] [thread 5337] [29.0] [cxt 0] Parser 'parser': end
[09:49:10.636] [bmv2] [D] [thread 5337] [29.0] [cxt 0] Pipeline 'ingress': start
[09:49:10.636] [bmv2] [T] [thread 5337] [29.0] [cxt 0] basic_tunnel.p4(152) Condition "hdr.ipv4.isValid() && !hdr.myTunnel.isValid()" (node_2) is false
[09:49:10.636] [bmv2] [T] [thread 5337] [29.0] [cxt 0] basic_tunnel.p4(155) Condition "hdr.myTunnel.isValid()" (node_4) is false
[09:49:10.636] [bmv2] [D] [thread 5337] [29.0] [cxt 0] Pipeline 'ingress': end
[09:49:10.636] [bmv2] [D] [thread 5337] [29.0] [cxt 0] Egress port is 0
[09:49:10.637] [bmv2] [D] [thread 5338] [29.0] [cxt 0] Pipeline 'egress': start
[09:49:10.637] [bmv2] [D] [thread 5338] [29.0] [cxt 0] Pipeline 'egress': end
[09:49:10.637] [bmv2] [D] [thread 5338] [29.0] [cxt 0] Deparser 'deparser': start
[09:49:10.637] [bmv2] [T] [thread 5338] [29.0] [cxt 0] Skipping checksum 'cksum' update because condition not met
[09:49:10.637] [bmv2] [D] [thread 5338] [29.0] [cxt 0] Deparsing header 'ethernet'
[09:49:10.637] [bmv2] [D] [thread 5338] [29.0] [cxt 0] Deparser 'deparser': end
[09:49:10.637] [bmv2] [D] [thread 5342] [29.0] [cxt 0] Transmitting packet of size 42 out of port 0
[09:49:11.662] [bmv2] [D] [thread 5337] [30.0] [cxt 0] Processing packet received on port 2
[09:49:11.663] [bmv2] [D] [thread 5337] [30.0] [cxt 0] Parser 'parser': start
[09:49:11.663] [bmv2] [D] [thread 5337] [30.0] [cxt 0] Parser 'parser' entering state 'start'
[09:49:11.663] [bmv2] [D] [thread 5337] [30.0] [cxt 0] Extracting header 'ethernet'
[09:49:11.663] [bmv2] [D] [thread 5337] [30.0] [cxt 0] Parser state 'start': key is 0806
[09:49:11.663] [bmv2] [T] [thread 5337] [30.0] [cxt 0] Bytes parsed: 14
[09:49:11.663] [bmv2] [D] [thread 5337] [30.0] [cxt 0] Parser 'parser': end
[09:49:11.663] [bmv2] [D] [thread 5337] [30.0] [cxt 0] Pipeline 'ingress': start
[09:49:11.663] [bmv2] [T] [thread 5337] [30.0] [cxt 0] basic_tunnel.p4(152) Condition "hdr.ipv4.isValid() && !hdr.myTunnel.isValid()" (node_2) is false
[09:49:11.663] [bmv2] [T] [thread 5337] [30.0] [cxt 0] basic_tunnel.p4(155) Condition "hdr.myTunnel.isValid()" (node_4) is false
[09:49:11.663] [bmv2] [D] [thread 5337] [30.0] [cxt 0] Pipeline 'ingress': end
[09:49:11.663] [bmv2] [D] [thread 5337] [30.0] [cxt 0] Egress port is 0
[09:49:11.664] [bmv2] [D] [thread 5338] [30.0] [cxt 0] Pipeline 'egress': start
[09:49:11.664] [bmv2] [D] [thread 5338] [30.0] [cxt 0] Pipeline 'egress': end
[09:49:11.664] [bmv2] [D] [thread 5338] [30.0] [cxt 0] Deparser 'deparser': start
[09:49:11.664] [bmv2] [T] [thread 5338] [30.0] [cxt 0] Skipping checksum 'cksum' update because condition not met
[09:49:11.664] [bmv2] [D] [thread 5338] [30.0] [cxt 0] Deparsing header 'ethernet'
[09:49:11.664] [bmv2] [D] [thread 5338] [30.0] [cxt 0] Deparser 'deparser': end
[09:49:11.664] [bmv2] [D] [thread 5342] [30.0] [cxt 0] Transmitting packet of size 42 out of port 0
[09:49:12.174] [bmv2] [D] [thread 5337] [31.0] [cxt 0] Processing packet received on port 1
[09:49:12.174] [bmv2] [D] [thread 5337] [31.0] [cxt 0] Parser 'parser': start
[09:49:12.175] [bmv2] [D] [thread 5337] [31.0] [cxt 0] Parser 'parser' entering state 'start'
[09:49:12.175] [bmv2] [D] [thread 5337] [31.0] [cxt 0] Extracting header 'ethernet'
[09:49:12.175] [bmv2] [D] [thread 5337] [31.0] [cxt 0] Parser state 'start': key is 86dd
[09:49:12.175] [bmv2] [T] [thread 5337] [31.0] [cxt 0] Bytes parsed: 14
[09:49:12.175] [bmv2] [D] [thread 5337] [31.0] [cxt 0] Parser 'parser': end
[09:49:12.175] [bmv2] [D] [thread 5337] [31.0] [cxt 0] Pipeline 'ingress': start
[09:49:12.175] [bmv2] [T] [thread 5337] [31.0] [cxt 0] basic_tunnel.p4(152) Condition "hdr.ipv4.isValid() && !hdr.myTunnel.isValid()" (node_2) is false
[09:49:12.175] [bmv2] [T] [thread 5337] [31.0] [cxt 0] basic_tunnel.p4(155) Condition "hdr.myTunnel.isValid()" (node_4) is false
[09:49:12.175] [bmv2] [D] [thread 5337] [31.0] [cxt 0] Pipeline 'ingress': end
[09:49:12.175] [bmv2] [D] [thread 5337] [31.0] [cxt 0] Egress port is 0
[09:49:12.175] [bmv2] [D] [thread 5338] [31.0] [cxt 0] Pipeline 'egress': start
[09:49:12.175] [bmv2] [D] [thread 5338] [31.0] [cxt 0] Pipeline 'egress': end
[09:49:12.175] [bmv2] [D] [thread 5338] [31.0] [cxt 0] Deparser 'deparser': start
[09:49:12.175] [bmv2] [T] [thread 5338] [31.0] [cxt 0] Skipping checksum 'cksum' update because condition not met
[09:49:12.175] [bmv2] [D] [thread 5338] [31.0] [cxt 0] Deparsing header 'ethernet'
[09:49:12.175] [bmv2] [D] [thread 5338] [31.0] [cxt 0] Deparser 'deparser': end
[09:49:12.175] [bmv2] [D] [thread 5342] [31.0] [cxt 0] Transmitting packet of size 70 out of port 0
[09:49:13.197] [bmv2] [D] [thread 5337] [32.0] [cxt 0] Processing packet received on port 2
[09:49:13.197] [bmv2] [D] [thread 5337] [32.0] [cxt 0] Parser 'parser': start
[09:49:13.197] [bmv2] [D] [thread 5337] [32.0] [cxt 0] Parser 'parser' entering state 'start'
[09:49:13.198] [bmv2] [D] [thread 5337] [32.0] [cxt 0] Extracting header 'ethernet'
[09:49:13.198] [bmv2] [D] [thread 5337] [32.0] [cxt 0] Parser state 'start': key is 86dd
[09:49:13.198] [bmv2] [T] [thread 5337] [32.0] [cxt 0] Bytes parsed: 14
[09:49:13.198] [bmv2] [D] [thread 5337] [32.0] [cxt 0] Parser 'parser': end
[09:49:13.198] [bmv2] [D] [thread 5337] [32.0] [cxt 0] Pipeline 'ingress': start
[09:49:13.198] [bmv2] [T] [thread 5337] [32.0] [cxt 0] basic_tunnel.p4(152) Condition "hdr.ipv4.isValid() && !hdr.myTunnel.isValid()" (node_2) is false
[09:49:13.198] [bmv2] [T] [thread 5337] [32.0] [cxt 0] basic_tunnel.p4(155) Condition "hdr.myTunnel.isValid()" (node_4) is false
[09:49:13.198] [bmv2] [D] [thread 5337] [32.0] [cxt 0] Pipeline 'ingress': end
[09:49:13.198] [bmv2] [D] [thread 5337] [32.0] [cxt 0] Egress port is 0
[09:49:13.199] [bmv2] [D] [thread 5338] [32.0] [cxt 0] Pipeline 'egress': start
[09:49:13.199] [bmv2] [D] [thread 5338] [32.0] [cxt 0] Pipeline 'egress': end
[09:49:13.199] [bmv2] [D] [thread 5338] [32.0] [cxt 0] Deparser 'deparser': start
[09:49:13.199] [bmv2] [T] [thread 5338] [32.0] [cxt 0] Skipping checksum 'cksum' update because condition not met
[09:49:13.199] [bmv2] [D] [thread 5338] [32.0] [cxt 0] Deparsing header 'ethernet'
[09:49:13.199] [bmv2] [D] [thread 5338] [32.0] [cxt 0] Deparser 'deparser': end
[09:49:13.199] [bmv2] [D] [thread 5342] [32.0] [cxt 0] Transmitting packet of size 70 out of port 0
