Calling target program-options parser
[20:23:52.370] [bmv2] [D] [thread 24325] Set default default entry for table 'MyIngress.ipv4_lpm': MyIngress.drop - 
Adding interface s4-eth1 as port 1
[20:23:52.371] [bmv2] [D] [thread 24325] Adding interface s4-eth1 as port 1
Adding interface s4-eth2 as port 2
[20:23:52.456] [bmv2] [D] [thread 24325] Adding interface s4-eth2 as port 2
Server listening on 0.0.0.0:50054
[20:23:52.533] [bmv2] [I] [thread 24325] Starting Thrift server on port 9093
[20:23:52.533] [bmv2] [I] [thread 24325] Thrift server was started
[20:23:52.548] [bmv2] [D] [thread 24337] [0.0] [cxt 0] Processing packet received on port 1
[20:23:52.548] [bmv2] [D] [thread 24337] [0.0] [cxt 0] Parser 'parser': start
[20:23:52.548] [bmv2] [D] [thread 24337] [0.0] [cxt 0] Parser 'parser' entering state 'start'
[20:23:52.548] [bmv2] [D] [thread 24337] [0.0] [cxt 0] Extracting header 'ethernet'
[20:23:52.548] [bmv2] [D] [thread 24337] [0.0] [cxt 0] Parser state 'start': key is 86dd
[20:23:52.548] [bmv2] [T] [thread 24337] [0.0] [cxt 0] Bytes parsed: 14
[20:23:52.548] [bmv2] [D] [thread 24337] [0.0] [cxt 0] Parser 'parser': end
[20:23:52.548] [bmv2] [D] [thread 24337] [0.0] [cxt 0] Pipeline 'ingress': start
[20:23:52.548] [bmv2] [T] [thread 24337] [0.0] [cxt 0] basic.p4(114) Condition "hdr.ipv4.isValid()" (node_2) is false
[20:23:52.548] [bmv2] [D] [thread 24337] [0.0] [cxt 0] Pipeline 'ingress': end
[20:23:52.548] [bmv2] [D] [thread 24337] [0.0] [cxt 0] Egress port is 0
[20:23:52.549] [bmv2] [D] [thread 24338] [0.0] [cxt 0] Pipeline 'egress': start
[20:23:52.549] [bmv2] [D] [thread 24338] [0.0] [cxt 0] Pipeline 'egress': end
[20:23:52.549] [bmv2] [D] [thread 24338] [0.0] [cxt 0] Deparser 'deparser': start
[20:23:52.549] [bmv2] [T] [thread 24338] [0.0] [cxt 0] Skipping checksum 'cksum' update because condition not met
[20:23:52.549] [bmv2] [D] [thread 24338] [0.0] [cxt 0] Deparsing header 'ethernet'
[20:23:52.549] [bmv2] [D] [thread 24338] [0.0] [cxt 0] Deparser 'deparser': end
[20:23:52.549] [bmv2] [D] [thread 24342] [0.0] [cxt 0] Transmitting packet of size 90 out of port 0
[20:23:52.581] [bmv2] [D] [thread 24337] [1.0] [cxt 0] Processing packet received on port 2
[20:23:52.581] [bmv2] [D] [thread 24337] [1.0] [cxt 0] Parser 'parser': start
[20:23:52.581] [bmv2] [D] [thread 24337] [1.0] [cxt 0] Parser 'parser' entering state 'start'
[20:23:52.581] [bmv2] [D] [thread 24337] [1.0] [cxt 0] Extracting header 'ethernet'
[20:23:52.581] [bmv2] [D] [thread 24337] [1.0] [cxt 0] Parser state 'start': key is 86dd
[20:23:52.581] [bmv2] [T] [thread 24337] [1.0] [cxt 0] Bytes parsed: 14
[20:23:52.581] [bmv2] [D] [thread 24337] [1.0] [cxt 0] Parser 'parser': end
[20:23:52.581] [bmv2] [D] [thread 24337] [1.0] [cxt 0] Pipeline 'ingress': start
[20:23:52.583] [bmv2] [T] [thread 24337] [1.0] [cxt 0] basic.p4(114) Condition "hdr.ipv4.isValid()" (node_2) is false
[20:23:52.583] [bmv2] [D] [thread 24337] [1.0] [cxt 0] Pipeline 'ingress': end
[20:23:52.583] [bmv2] [D] [thread 24337] [1.0] [cxt 0] Egress port is 0
[20:23:52.583] [bmv2] [D] [thread 24338] [1.0] [cxt 0] Pipeline 'egress': start
[20:23:52.583] [bmv2] [D] [thread 24338] [1.0] [cxt 0] Pipeline 'egress': end
[20:23:52.583] [bmv2] [D] [thread 24338] [1.0] [cxt 0] Deparser 'deparser': start
[20:23:52.583] [bmv2] [T] [thread 24338] [1.0] [cxt 0] Skipping checksum 'cksum' update because condition not met
[20:23:52.583] [bmv2] [D] [thread 24338] [1.0] [cxt 0] Deparsing header 'ethernet'
[20:23:52.583] [bmv2] [D] [thread 24338] [1.0] [cxt 0] Deparser 'deparser': end
[20:23:52.583] [bmv2] [D] [thread 24342] [1.0] [cxt 0] Transmitting packet of size 90 out of port 0
[20:23:52.593] [bmv2] [D] [thread 24337] [2.0] [cxt 0] Processing packet received on port 1
[20:23:52.593] [bmv2] [D] [thread 24337] [2.0] [cxt 0] Parser 'parser': start
[20:23:52.593] [bmv2] [D] [thread 24337] [2.0] [cxt 0] Parser 'parser' entering state 'start'
[20:23:52.593] [bmv2] [D] [thread 24337] [2.0] [cxt 0] Extracting header 'ethernet'
[20:23:52.593] [bmv2] [D] [thread 24337] [2.0] [cxt 0] Parser state 'start': key is 86dd
[20:23:52.593] [bmv2] [T] [thread 24337] [2.0] [cxt 0] Bytes parsed: 14
[20:23:52.593] [bmv2] [D] [thread 24337] [2.0] [cxt 0] Parser 'parser': end
[20:23:52.593] [bmv2] [D] [thread 24337] [2.0] [cxt 0] Pipeline 'ingress': start
[20:23:52.593] [bmv2] [T] [thread 24337] [2.0] [cxt 0] basic.p4(114) Condition "hdr.ipv4.isValid()" (node_2) is false
[20:23:52.593] [bmv2] [D] [thread 24337] [2.0] [cxt 0] Pipeline 'ingress': end
[20:23:52.593] [bmv2] [D] [thread 24337] [2.0] [cxt 0] Egress port is 0
[20:23:52.593] [bmv2] [D] [thread 24338] [2.0] [cxt 0] Pipeline 'egress': start
[20:23:52.593] [bmv2] [D] [thread 24338] [2.0] [cxt 0] Pipeline 'egress': end
[20:23:52.593] [bmv2] [D] [thread 24338] [2.0] [cxt 0] Deparser 'deparser': start
[20:23:52.593] [bmv2] [T] [thread 24338] [2.0] [cxt 0] Skipping checksum 'cksum' update because condition not met
[20:23:52.593] [bmv2] [D] [thread 24338] [2.0] [cxt 0] Deparsing header 'ethernet'
[20:23:52.593] [bmv2] [D] [thread 24338] [2.0] [cxt 0] Deparser 'deparser': end
[20:23:52.593] [bmv2] [D] [thread 24342] [2.0] [cxt 0] Transmitting packet of size 196 out of port 0
[20:23:52.617] [bmv2] [D] [thread 24337] [3.0] [cxt 0] Processing packet received on port 2
[20:23:52.617] [bmv2] [D] [thread 24337] [3.0] [cxt 0] Parser 'parser': start
[20:23:52.617] [bmv2] [D] [thread 24337] [3.0] [cxt 0] Parser 'parser' entering state 'start'
[20:23:52.617] [bmv2] [D] [thread 24337] [3.0] [cxt 0] Extracting header 'ethernet'
[20:23:52.617] [bmv2] [D] [thread 24337] [3.0] [cxt 0] Parser state 'start': key is 86dd
[20:23:52.617] [bmv2] [T] [thread 24337] [3.0] [cxt 0] Bytes parsed: 14
[20:23:52.617] [bmv2] [D] [thread 24337] [3.0] [cxt 0] Parser 'parser': end
[20:23:52.617] [bmv2] [D] [thread 24337] [3.0] [cxt 0] Pipeline 'ingress': start
[20:23:52.617] [bmv2] [T] [thread 24337] [3.0] [cxt 0] basic.p4(114) Condition "hdr.ipv4.isValid()" (node_2) is false
[20:23:52.617] [bmv2] [D] [thread 24337] [3.0] [cxt 0] Pipeline 'ingress': end
[20:23:52.617] [bmv2] [D] [thread 24337] [3.0] [cxt 0] Egress port is 0
[20:23:52.617] [bmv2] [D] [thread 24338] [3.0] [cxt 0] Pipeline 'egress': start
[20:23:52.617] [bmv2] [D] [thread 24338] [3.0] [cxt 0] Pipeline 'egress': end
[20:23:52.617] [bmv2] [D] [thread 24338] [3.0] [cxt 0] Deparser 'deparser': start
[20:23:52.617] [bmv2] [T] [thread 24338] [3.0] [cxt 0] Skipping checksum 'cksum' update because condition not met
[20:23:52.617] [bmv2] [D] [thread 24338] [3.0] [cxt 0] Deparsing header 'ethernet'
[20:23:52.617] [bmv2] [D] [thread 24338] [3.0] [cxt 0] Deparser 'deparser': end
[20:23:52.617] [bmv2] [D] [thread 24342] [3.0] [cxt 0] Transmitting packet of size 110 out of port 0
[20:23:52.652] [bmv2] [D] [thread 24337] [4.0] [cxt 0] Processing packet received on port 1
[20:23:52.653] [bmv2] [D] [thread 24337] [4.0] [cxt 0] Parser 'parser': start
[20:23:52.653] [bmv2] [D] [thread 24337] [4.0] [cxt 0] Parser 'parser' entering state 'start'
[20:23:52.653] [bmv2] [D] [thread 24337] [4.0] [cxt 0] Extracting header 'ethernet'
[20:23:52.653] [bmv2] [D] [thread 24337] [4.0] [cxt 0] Parser state 'start': key is 86dd
[20:23:52.653] [bmv2] [T] [thread 24337] [4.0] [cxt 0] Bytes parsed: 14
[20:23:52.653] [bmv2] [D] [thread 24337] [4.0] [cxt 0] Parser 'parser': end
[20:23:52.653] [bmv2] [D] [thread 24337] [4.0] [cxt 0] Pipeline 'ingress': start
[20:23:52.653] [bmv2] [T] [thread 24337] [4.0] [cxt 0] basic.p4(114) Condition "hdr.ipv4.isValid()" (node_2) is false
[20:23:52.653] [bmv2] [D] [thread 24337] [4.0] [cxt 0] Pipeline 'ingress': end
[20:23:52.653] [bmv2] [D] [thread 24337] [4.0] [cxt 0] Egress port is 0
[20:23:52.668] [bmv2] [D] [thread 24338] [4.0] [cxt 0] Pipeline 'egress': start
[20:23:52.668] [bmv2] [D] [thread 24338] [4.0] [cxt 0] Pipeline 'egress': end
[20:23:52.668] [bmv2] [D] [thread 24338] [4.0] [cxt 0] Deparser 'deparser': start
[20:23:52.668] [bmv2] [T] [thread 24338] [4.0] [cxt 0] Skipping checksum 'cksum' update because condition not met
[20:23:52.668] [bmv2] [D] [thread 24338] [4.0] [cxt 0] Deparsing header 'ethernet'
[20:23:52.668] [bmv2] [D] [thread 24338] [4.0] [cxt 0] Deparser 'deparser': end
[20:23:52.669] [bmv2] [D] [thread 24342] [4.0] [cxt 0] Transmitting packet of size 208 out of port 0
[20:23:52.691] [bmv2] [D] [thread 24337] [5.0] [cxt 0] Processing packet received on port 1
[20:23:52.691] [bmv2] [D] [thread 24337] [5.0] [cxt 0] Parser 'parser': start
[20:23:52.691] [bmv2] [D] [thread 24337] [5.0] [cxt 0] Parser 'parser' entering state 'start'
[20:23:52.691] [bmv2] [D] [thread 24337] [5.0] [cxt 0] Extracting header 'ethernet'
[20:23:52.691] [bmv2] [D] [thread 24337] [5.0] [cxt 0] Parser state 'start': key is 86dd
[20:23:52.691] [bmv2] [T] [thread 24337] [5.0] [cxt 0] Bytes parsed: 14
[20:23:52.691] [bmv2] [D] [thread 24337] [5.0] [cxt 0] Parser 'parser': end
[20:23:52.691] [bmv2] [D] [thread 24337] [5.0] [cxt 0] Pipeline 'ingress': start
[20:23:52.691] [bmv2] [T] [thread 24337] [5.0] [cxt 0] basic.p4(114) Condition "hdr.ipv4.isValid()" (node_2) is false
[20:23:52.691] [bmv2] [D] [thread 24337] [5.0] [cxt 0] Pipeline 'ingress': end
[20:23:52.697] [bmv2] [D] [thread 24337] [5.0] [cxt 0] Egress port is 0
[20:23:52.698] [bmv2] [D] [thread 24338] [5.0] [cxt 0] Pipeline 'egress': start
[20:23:52.698] [bmv2] [D] [thread 24338] [5.0] [cxt 0] Pipeline 'egress': end
[20:23:52.698] [bmv2] [D] [thread 24338] [5.0] [cxt 0] Deparser 'deparser': start
[20:23:52.698] [bmv2] [T] [thread 24338] [5.0] [cxt 0] Skipping checksum 'cksum' update because condition not met
[20:23:52.698] [bmv2] [D] [thread 24338] [5.0] [cxt 0] Deparsing header 'ethernet'
[20:23:52.698] [bmv2] [D] [thread 24338] [5.0] [cxt 0] Deparser 'deparser': end
[20:23:52.698] [bmv2] [D] [thread 24342] [5.0] [cxt 0] Transmitting packet of size 110 out of port 0
[20:23:52.712] [bmv2] [D] [thread 24337] [6.0] [cxt 0] Processing packet received on port 2
[20:23:52.712] [bmv2] [D] [thread 24337] [6.0] [cxt 0] Parser 'parser': start
[20:23:52.712] [bmv2] [D] [thread 24337] [6.0] [cxt 0] Parser 'parser' entering state 'start'
[20:23:52.712] [bmv2] [D] [thread 24337] [6.0] [cxt 0] Extracting header 'ethernet'
[20:23:52.712] [bmv2] [D] [thread 24337] [6.0] [cxt 0] Parser state 'start': key is 86dd
[20:23:52.712] [bmv2] [T] [thread 24337] [6.0] [cxt 0] Bytes parsed: 14
[20:23:52.712] [bmv2] [D] [thread 24337] [6.0] [cxt 0] Parser 'parser': end
[20:23:52.712] [bmv2] [D] [thread 24337] [6.0] [cxt 0] Pipeline 'ingress': start
[20:23:52.712] [bmv2] [T] [thread 24337] [6.0] [cxt 0] basic.p4(114) Condition "hdr.ipv4.isValid()" (node_2) is false
[20:23:52.712] [bmv2] [D] [thread 24337] [6.0] [cxt 0] Pipeline 'ingress': end
[20:23:52.712] [bmv2] [D] [thread 24337] [6.0] [cxt 0] Egress port is 0
[20:23:52.712] [bmv2] [D] [thread 24338] [6.0] [cxt 0] Pipeline 'egress': start
[20:23:52.712] [bmv2] [D] [thread 24338] [6.0] [cxt 0] Pipeline 'egress': end
[20:23:52.712] [bmv2] [D] [thread 24338] [6.0] [cxt 0] Deparser 'deparser': start
[20:23:52.712] [bmv2] [T] [thread 24338] [6.0] [cxt 0] Skipping checksum 'cksum' update because condition not met
[20:23:52.712] [bmv2] [D] [thread 24338] [6.0] [cxt 0] Deparsing header 'ethernet'
[20:23:52.712] [bmv2] [D] [thread 24338] [6.0] [cxt 0] Deparser 'deparser': end
[20:23:52.712] [bmv2] [D] [thread 24342] [6.0] [cxt 0] Transmitting packet of size 196 out of port 0
[20:23:52.770] [bmv2] [D] [thread 24337] [7.0] [cxt 0] Processing packet received on port 1
[20:23:52.770] [bmv2] [D] [thread 24337] [7.0] [cxt 0] Parser 'parser': start
[20:23:52.771] [bmv2] [D] [thread 24337] [7.0] [cxt 0] Parser 'parser' entering state 'start'
[20:23:52.771] [bmv2] [D] [thread 24337] [7.0] [cxt 0] Extracting header 'ethernet'
[20:23:52.771] [bmv2] [D] [thread 24337] [7.0] [cxt 0] Parser state 'start': key is 86dd
[20:23:52.771] [bmv2] [T] [thread 24337] [7.0] [cxt 0] Bytes parsed: 14
[20:23:52.771] [bmv2] [D] [thread 24337] [7.0] [cxt 0] Parser 'parser': end
[20:23:52.771] [bmv2] [D] [thread 24337] [7.0] [cxt 0] Pipeline 'ingress': start
[20:23:52.771] [bmv2] [T] [thread 24337] [7.0] [cxt 0] basic.p4(114) Condition "hdr.ipv4.isValid()" (node_2) is false
[20:23:52.771] [bmv2] [D] [thread 24337] [7.0] [cxt 0] Pipeline 'ingress': end
[20:23:52.771] [bmv2] [D] [thread 24337] [7.0] [cxt 0] Egress port is 0
[20:23:52.772] [bmv2] [D] [thread 24338] [7.0] [cxt 0] Pipeline 'egress': start
[20:23:52.772] [bmv2] [D] [thread 24338] [7.0] [cxt 0] Pipeline 'egress': end
[20:23:52.772] [bmv2] [D] [thread 24338] [7.0] [cxt 0] Deparser 'deparser': start
[20:23:52.772] [bmv2] [T] [thread 24338] [7.0] [cxt 0] Skipping checksum 'cksum' update because condition not met
[20:23:52.772] [bmv2] [D] [thread 24338] [7.0] [cxt 0] Deparsing header 'ethernet'
[20:23:52.772] [bmv2] [D] [thread 24338] [7.0] [cxt 0] Deparser 'deparser': end
[20:23:52.772] [bmv2] [D] [thread 24342] [7.0] [cxt 0] Transmitting packet of size 110 out of port 0
[20:23:52.901] [bmv2] [D] [thread 24337] [8.0] [cxt 0] Processing packet received on port 1
[20:23:52.901] [bmv2] [D] [thread 24337] [8.0] [cxt 0] Parser 'parser': start
[20:23:52.901] [bmv2] [D] [thread 24337] [8.0] [cxt 0] Parser 'parser' entering state 'start'
[20:23:52.901] [bmv2] [D] [thread 24337] [8.0] [cxt 0] Extracting header 'ethernet'
[20:23:52.901] [bmv2] [D] [thread 24337] [8.0] [cxt 0] Parser state 'start': key is 86dd
[20:23:52.901] [bmv2] [T] [thread 24337] [8.0] [cxt 0] Bytes parsed: 14
[20:23:52.901] [bmv2] [D] [thread 24337] [8.0] [cxt 0] Parser 'parser': end
[20:23:52.901] [bmv2] [D] [thread 24337] [8.0] [cxt 0] Pipeline 'ingress': start
[20:23:52.901] [bmv2] [T] [thread 24337] [8.0] [cxt 0] basic.p4(114) Condition "hdr.ipv4.isValid()" (node_2) is false
[20:23:52.901] [bmv2] [D] [thread 24337] [8.0] [cxt 0] Pipeline 'ingress': end
[20:23:52.901] [bmv2] [D] [thread 24337] [8.0] [cxt 0] Egress port is 0
[20:23:52.902] [bmv2] [D] [thread 24338] [8.0] [cxt 0] Pipeline 'egress': start
[20:23:52.902] [bmv2] [D] [thread 24338] [8.0] [cxt 0] Pipeline 'egress': end
[20:23:52.902] [bmv2] [D] [thread 24338] [8.0] [cxt 0] Deparser 'deparser': start
[20:23:52.902] [bmv2] [T] [thread 24338] [8.0] [cxt 0] Skipping checksum 'cksum' update because condition not met
[20:23:52.902] [bmv2] [D] [thread 24338] [8.0] [cxt 0] Deparsing header 'ethernet'
[20:23:52.902] [bmv2] [D] [thread 24338] [8.0] [cxt 0] Deparser 'deparser': end
[20:23:52.902] [bmv2] [D] [thread 24342] [8.0] [cxt 0] Transmitting packet of size 208 out of port 0
[20:23:53.102] [bmv2] [D] [thread 24337] [9.0] [cxt 0] Processing packet received on port 1
[20:23:53.102] [bmv2] [D] [thread 24337] [9.0] [cxt 0] Parser 'parser': start
[20:23:53.102] [bmv2] [D] [thread 24337] [9.0] [cxt 0] Parser 'parser' entering state 'start'
[20:23:53.102] [bmv2] [D] [thread 24337] [9.0] [cxt 0] Extracting header 'ethernet'
[20:23:53.102] [bmv2] [D] [thread 24337] [9.0] [cxt 0] Parser state 'start': key is 86dd
[20:23:53.102] [bmv2] [T] [thread 24337] [9.0] [cxt 0] Bytes parsed: 14
[20:23:53.102] [bmv2] [D] [thread 24337] [9.0] [cxt 0] Parser 'parser': end
[20:23:53.102] [bmv2] [D] [thread 24337] [9.0] [cxt 0] Pipeline 'ingress': start
[20:23:53.102] [bmv2] [T] [thread 24337] [9.0] [cxt 0] basic.p4(114) Condition "hdr.ipv4.isValid()" (node_2) is false
[20:23:53.102] [bmv2] [D] [thread 24337] [9.0] [cxt 0] Pipeline 'ingress': end
[20:23:53.102] [bmv2] [D] [thread 24337] [9.0] [cxt 0] Egress port is 0
[20:23:53.104] [bmv2] [D] [thread 24338] [9.0] [cxt 0] Pipeline 'egress': start
[20:23:53.104] [bmv2] [D] [thread 24338] [9.0] [cxt 0] Pipeline 'egress': end
[20:23:53.104] [bmv2] [D] [thread 24338] [9.0] [cxt 0] Deparser 'deparser': start
[20:23:53.104] [bmv2] [T] [thread 24338] [9.0] [cxt 0] Skipping checksum 'cksum' update because condition not met
[20:23:53.104] [bmv2] [D] [thread 24338] [9.0] [cxt 0] Deparsing header 'ethernet'
[20:23:53.104] [bmv2] [D] [thread 24338] [9.0] [cxt 0] Deparser 'deparser': end
[20:23:53.104] [bmv2] [D] [thread 24342] [9.0] [cxt 0] Transmitting packet of size 196 out of port 0
[20:23:53.193] [bmv2] [D] [thread 24337] [10.0] [cxt 0] Processing packet received on port 2
[20:23:53.193] [bmv2] [D] [thread 24337] [10.0] [cxt 0] Parser 'parser': start
[20:23:53.193] [bmv2] [D] [thread 24337] [10.0] [cxt 0] Parser 'parser' entering state 'start'
[20:23:53.193] [bmv2] [D] [thread 24337] [10.0] [cxt 0] Extracting header 'ethernet'
[20:23:53.193] [bmv2] [D] [thread 24337] [10.0] [cxt 0] Parser state 'start': key is 86dd
[20:23:53.193] [bmv2] [T] [thread 24337] [10.0] [cxt 0] Bytes parsed: 14
[20:23:53.193] [bmv2] [D] [thread 24337] [10.0] [cxt 0] Parser 'parser': end
[20:23:53.193] [bmv2] [D] [thread 24337] [10.0] [cxt 0] Pipeline 'ingress': start
[20:23:53.193] [bmv2] [T] [thread 24337] [10.0] [cxt 0] basic.p4(114) Condition "hdr.ipv4.isValid()" (node_2) is false
[20:23:53.193] [bmv2] [D] [thread 24337] [10.0] [cxt 0] Pipeline 'ingress': end
[20:23:53.193] [bmv2] [D] [thread 24337] [10.0] [cxt 0] Egress port is 0
[20:23:53.194] [bmv2] [D] [thread 24338] [10.0] [cxt 0] Pipeline 'egress': start
[20:23:53.194] [bmv2] [D] [thread 24338] [10.0] [cxt 0] Pipeline 'egress': end
[20:23:53.194] [bmv2] [D] [thread 24338] [10.0] [cxt 0] Deparser 'deparser': start
[20:23:53.194] [bmv2] [T] [thread 24338] [10.0] [cxt 0] Skipping checksum 'cksum' update because condition not met
[20:23:53.194] [bmv2] [D] [thread 24338] [10.0] [cxt 0] Deparsing header 'ethernet'
[20:23:53.194] [bmv2] [D] [thread 24338] [10.0] [cxt 0] Deparser 'deparser': end
[20:23:53.194] [bmv2] [D] [thread 24342] [10.0] [cxt 0] Transmitting packet of size 196 out of port 0
[20:23:53.218] [bmv2] [D] [thread 24337] [11.0] [cxt 0] Processing packet received on port 1
[20:23:53.218] [bmv2] [D] [thread 24337] [11.0] [cxt 0] Parser 'parser': start
[20:23:53.218] [bmv2] [D] [thread 24337] [11.0] [cxt 0] Parser 'parser' entering state 'start'
[20:23:53.218] [bmv2] [D] [thread 24337] [11.0] [cxt 0] Extracting header 'ethernet'
[20:23:53.218] [bmv2] [D] [thread 24337] [11.0] [cxt 0] Parser state 'start': key is 86dd
[20:23:53.218] [bmv2] [T] [thread 24337] [11.0] [cxt 0] Bytes parsed: 14
[20:23:53.218] [bmv2] [D] [thread 24337] [11.0] [cxt 0] Parser 'parser': end
[20:23:53.218] [bmv2] [D] [thread 24337] [11.0] [cxt 0] Pipeline 'ingress': start
[20:23:53.218] [bmv2] [T] [thread 24337] [11.0] [cxt 0] basic.p4(114) Condition "hdr.ipv4.isValid()" (node_2) is false
[20:23:53.218] [bmv2] [D] [thread 24337] [11.0] [cxt 0] Pipeline 'ingress': end
[20:23:53.218] [bmv2] [D] [thread 24337] [11.0] [cxt 0] Egress port is 0
[20:23:53.219] [bmv2] [D] [thread 24338] [11.0] [cxt 0] Pipeline 'egress': start
[20:23:53.219] [bmv2] [D] [thread 24338] [11.0] [cxt 0] Pipeline 'egress': end
[20:23:53.219] [bmv2] [D] [thread 24338] [11.0] [cxt 0] Deparser 'deparser': start
[20:23:53.219] [bmv2] [T] [thread 24338] [11.0] [cxt 0] Skipping checksum 'cksum' update because condition not met
[20:23:53.219] [bmv2] [D] [thread 24338] [11.0] [cxt 0] Deparsing header 'ethernet'
[20:23:53.219] [bmv2] [D] [thread 24338] [11.0] [cxt 0] Deparser 'deparser': end
[20:23:53.219] [bmv2] [D] [thread 24342] [11.0] [cxt 0] Transmitting packet of size 90 out of port 0
[20:23:53.677] [bmv2] [D] [thread 24337] [12.0] [cxt 0] Processing packet received on port 1
[20:23:53.677] [bmv2] [D] [thread 24337] [12.0] [cxt 0] Parser 'parser': start
[20:23:53.677] [bmv2] [D] [thread 24337] [12.0] [cxt 0] Parser 'parser' entering state 'start'
[20:23:53.677] [bmv2] [D] [thread 24337] [12.0] [cxt 0] Extracting header 'ethernet'
[20:23:53.677] [bmv2] [D] [thread 24337] [12.0] [cxt 0] Parser state 'start': key is 86dd
[20:23:53.677] [bmv2] [T] [thread 24337] [12.0] [cxt 0] Bytes parsed: 14
[20:23:53.677] [bmv2] [D] [thread 24337] [12.0] [cxt 0] Parser 'parser': end
[20:23:53.677] [bmv2] [D] [thread 24337] [12.0] [cxt 0] Pipeline 'ingress': start
[20:23:53.677] [bmv2] [T] [thread 24337] [12.0] [cxt 0] basic.p4(114) Condition "hdr.ipv4.isValid()" (node_2) is false
[20:23:53.677] [bmv2] [D] [thread 24337] [12.0] [cxt 0] Pipeline 'ingress': end
[20:23:53.677] [bmv2] [D] [thread 24337] [12.0] [cxt 0] Egress port is 0
[20:23:53.679] [bmv2] [D] [thread 24338] [12.0] [cxt 0] Pipeline 'egress': start
[20:23:53.679] [bmv2] [D] [thread 24338] [12.0] [cxt 0] Pipeline 'egress': end
[20:23:53.679] [bmv2] [D] [thread 24338] [12.0] [cxt 0] Deparser 'deparser': start
[20:23:53.679] [bmv2] [T] [thread 24338] [12.0] [cxt 0] Skipping checksum 'cksum' update because condition not met
[20:23:53.679] [bmv2] [D] [thread 24338] [12.0] [cxt 0] Deparsing header 'ethernet'
[20:23:53.679] [bmv2] [D] [thread 24338] [12.0] [cxt 0] Deparser 'deparser': end
[20:23:53.679] [bmv2] [D] [thread 24342] [12.0] [cxt 0] Transmitting packet of size 196 out of port 0
[20:23:53.796] [bmv2] [D] [thread 24337] [13.0] [cxt 0] Processing packet received on port 2
[20:23:53.796] [bmv2] [D] [thread 24337] [13.0] [cxt 0] Parser 'parser': start
[20:23:53.796] [bmv2] [D] [thread 24337] [13.0] [cxt 0] Parser 'parser' entering state 'start'
[20:23:53.796] [bmv2] [D] [thread 24337] [13.0] [cxt 0] Extracting header 'ethernet'
[20:23:53.796] [bmv2] [D] [thread 24337] [13.0] [cxt 0] Parser state 'start': key is 86dd
[20:23:53.797] [bmv2] [T] [thread 24337] [13.0] [cxt 0] Bytes parsed: 14
[20:23:53.797] [bmv2] [D] [thread 24337] [13.0] [cxt 0] Parser 'parser': end
[20:23:53.797] [bmv2] [D] [thread 24337] [13.0] [cxt 0] Pipeline 'ingress': start
[20:23:53.797] [bmv2] [T] [thread 24337] [13.0] [cxt 0] basic.p4(114) Condition "hdr.ipv4.isValid()" (node_2) is false
[20:23:53.797] [bmv2] [D] [thread 24337] [13.0] [cxt 0] Pipeline 'ingress': end
[20:23:53.797] [bmv2] [D] [thread 24337] [13.0] [cxt 0] Egress port is 0
[20:23:53.797] [bmv2] [D] [thread 24338] [13.0] [cxt 0] Pipeline 'egress': start
[20:23:53.797] [bmv2] [D] [thread 24338] [13.0] [cxt 0] Pipeline 'egress': end
[20:23:53.797] [bmv2] [D] [thread 24338] [13.0] [cxt 0] Deparser 'deparser': start
[20:23:53.797] [bmv2] [T] [thread 24338] [13.0] [cxt 0] Skipping checksum 'cksum' update because condition not met
[20:23:53.797] [bmv2] [D] [thread 24338] [13.0] [cxt 0] Deparsing header 'ethernet'
[20:23:53.797] [bmv2] [D] [thread 24338] [13.0] [cxt 0] Deparser 'deparser': end
[20:23:53.798] [bmv2] [D] [thread 24342] [13.0] [cxt 0] Transmitting packet of size 196 out of port 0
[20:23:54.141] [bmv2] [W] [thread 24416] [P4Runtime] p4::tmp::P4DeviceConfig is deprecated
[20:23:54.145] [bmv2] [D] [thread 24416] Set default default entry for table 'MyIngress.ipv4_lpm': MyIngress.drop - 
[20:23:54.152] [bmv2] [D] [thread 24416] simple_switch target has been notified of a config swap
[20:23:54.156] [bmv2] [D] [thread 24417] Set default entry for table 'MyIngress.ipv4_lpm': MyIngress.drop - 
[20:23:54.158] [bmv2] [D] [thread 24416] Entry 0 added to table 'MyIngress.ipv4_lpm'
[20:23:54.158] [bmv2] [D] [thread 24416] Dumping entry 0
Match key:
* hdr.ipv4.dstAddr    : LPM       0a000101/32
Action entry: MyIngress.ipv4_forward - 80000000100,2,

[20:23:54.167] [bmv2] [D] [thread 24417] Entry 1 added to table 'MyIngress.ipv4_lpm'
[20:23:54.167] [bmv2] [D] [thread 24417] Dumping entry 1
Match key:
* hdr.ipv4.dstAddr    : LPM       0a000202/32
Action entry: MyIngress.ipv4_forward - 80000000100,2,

[20:23:54.168] [bmv2] [D] [thread 24416] Entry 2 added to table 'MyIngress.ipv4_lpm'
[20:23:54.168] [bmv2] [D] [thread 24416] Dumping entry 2
Match key:
* hdr.ipv4.dstAddr    : LPM       0a000303/32
Action entry: MyIngress.ipv4_forward - 80000000200,1,

[20:23:54.171] [bmv2] [D] [thread 24417] Entry 3 added to table 'MyIngress.ipv4_lpm'
[20:23:54.171] [bmv2] [D] [thread 24417] Dumping entry 3
Match key:
* hdr.ipv4.dstAddr    : LPM       0a000404/32
Action entry: MyIngress.ipv4_forward - 80000000200,1,

[20:23:54.187] [bmv2] [D] [thread 24337] [14.0] [cxt 0] Processing packet received on port 1
[20:23:54.187] [bmv2] [D] [thread 24337] [14.0] [cxt 0] Parser 'parser': start
[20:23:54.187] [bmv2] [D] [thread 24337] [14.0] [cxt 0] Parser 'parser' entering state 'start'
[20:23:54.187] [bmv2] [D] [thread 24337] [14.0] [cxt 0] Extracting header 'ethernet'
[20:23:54.187] [bmv2] [D] [thread 24337] [14.0] [cxt 0] Parser state 'start': key is 86dd
[20:23:54.187] [bmv2] [T] [thread 24337] [14.0] [cxt 0] Bytes parsed: 14
[20:23:54.187] [bmv2] [D] [thread 24337] [14.0] [cxt 0] Parser 'parser': end
[20:23:54.187] [bmv2] [D] [thread 24337] [14.0] [cxt 0] Pipeline 'ingress': start
[20:23:54.187] [bmv2] [T] [thread 24337] [14.0] [cxt 0] basic.p4(114) Condition "hdr.ipv4.isValid()" (node_2) is false
[20:23:54.187] [bmv2] [D] [thread 24337] [14.0] [cxt 0] Pipeline 'ingress': end
[20:23:54.187] [bmv2] [D] [thread 24337] [14.0] [cxt 0] Egress port is 0
[20:23:54.188] [bmv2] [D] [thread 24338] [14.0] [cxt 0] Pipeline 'egress': start
[20:23:54.188] [bmv2] [D] [thread 24338] [14.0] [cxt 0] Pipeline 'egress': end
[20:23:54.188] [bmv2] [D] [thread 24338] [14.0] [cxt 0] Deparser 'deparser': start
[20:23:54.188] [bmv2] [T] [thread 24338] [14.0] [cxt 0] Skipping checksum 'cksum' update because condition not met
[20:23:54.188] [bmv2] [D] [thread 24338] [14.0] [cxt 0] Deparsing header 'ethernet'
[20:23:54.188] [bmv2] [D] [thread 24338] [14.0] [cxt 0] Deparser 'deparser': end
[20:23:54.189] [bmv2] [D] [thread 24342] [14.0] [cxt 0] Transmitting packet of size 196 out of port 0
[20:23:55.277] [bmv2] [D] [thread 24337] [15.0] [cxt 0] Processing packet received on port 2
[20:23:55.277] [bmv2] [D] [thread 24337] [15.0] [cxt 0] Parser 'parser': start
[20:23:55.277] [bmv2] [D] [thread 24337] [15.0] [cxt 0] Parser 'parser' entering state 'start'
[20:23:55.277] [bmv2] [D] [thread 24337] [15.0] [cxt 0] Extracting header 'ethernet'
[20:23:55.277] [bmv2] [D] [thread 24337] [15.0] [cxt 0] Parser state 'start': key is 86dd
[20:23:55.277] [bmv2] [T] [thread 24337] [15.0] [cxt 0] Bytes parsed: 14
[20:23:55.277] [bmv2] [D] [thread 24337] [15.0] [cxt 0] Parser 'parser': end
[20:23:55.277] [bmv2] [D] [thread 24337] [15.0] [cxt 0] Pipeline 'ingress': start
[20:23:55.277] [bmv2] [T] [thread 24337] [15.0] [cxt 0] basic.p4(114) Condition "hdr.ipv4.isValid()" (node_2) is false
[20:23:55.277] [bmv2] [D] [thread 24337] [15.0] [cxt 0] Pipeline 'ingress': end
[20:23:55.277] [bmv2] [D] [thread 24337] [15.0] [cxt 0] Egress port is 0
[20:23:55.277] [bmv2] [D] [thread 24338] [15.0] [cxt 0] Pipeline 'egress': start
[20:23:55.277] [bmv2] [D] [thread 24338] [15.0] [cxt 0] Pipeline 'egress': end
[20:23:55.277] [bmv2] [D] [thread 24338] [15.0] [cxt 0] Deparser 'deparser': start
[20:23:55.277] [bmv2] [T] [thread 24338] [15.0] [cxt 0] Skipping checksum 'cksum' update because condition not met
[20:23:55.277] [bmv2] [D] [thread 24338] [15.0] [cxt 0] Deparsing header 'ethernet'
[20:23:55.277] [bmv2] [D] [thread 24338] [15.0] [cxt 0] Deparser 'deparser': end
[20:23:55.278] [bmv2] [D] [thread 24342] [15.0] [cxt 0] Transmitting packet of size 196 out of port 0
[20:23:55.426] [bmv2] [D] [thread 24337] [16.0] [cxt 0] Processing packet received on port 2
[20:23:55.426] [bmv2] [D] [thread 24337] [16.0] [cxt 0] Parser 'parser': start
[20:23:55.426] [bmv2] [D] [thread 24337] [16.0] [cxt 0] Parser 'parser' entering state 'start'
[20:23:55.426] [bmv2] [D] [thread 24337] [16.0] [cxt 0] Extracting header 'ethernet'
[20:23:55.426] [bmv2] [D] [thread 24337] [16.0] [cxt 0] Parser state 'start': key is 86dd
[20:23:55.426] [bmv2] [T] [thread 24337] [16.0] [cxt 0] Bytes parsed: 14
[20:23:55.426] [bmv2] [D] [thread 24337] [16.0] [cxt 0] Parser 'parser': end
[20:23:55.426] [bmv2] [D] [thread 24337] [16.0] [cxt 0] Pipeline 'ingress': start
[20:23:55.426] [bmv2] [T] [thread 24337] [16.0] [cxt 0] basic.p4(114) Condition "hdr.ipv4.isValid()" (node_2) is false
[20:23:55.426] [bmv2] [D] [thread 24337] [16.0] [cxt 0] Pipeline 'ingress': end
[20:23:55.426] [bmv2] [D] [thread 24337] [16.0] [cxt 0] Egress port is 0
[20:23:55.426] [bmv2] [D] [thread 24338] [16.0] [cxt 0] Pipeline 'egress': start
[20:23:55.426] [bmv2] [D] [thread 24338] [16.0] [cxt 0] Pipeline 'egress': end
[20:23:55.426] [bmv2] [D] [thread 24338] [16.0] [cxt 0] Deparser 'deparser': start
[20:23:55.426] [bmv2] [T] [thread 24338] [16.0] [cxt 0] Skipping checksum 'cksum' update because condition not met
[20:23:55.426] [bmv2] [D] [thread 24338] [16.0] [cxt 0] Deparsing header 'ethernet'
[20:23:55.426] [bmv2] [D] [thread 24338] [16.0] [cxt 0] Deparser 'deparser': end
[20:23:55.427] [bmv2] [D] [thread 24342] [16.0] [cxt 0] Transmitting packet of size 70 out of port 0
[20:23:55.761] [bmv2] [D] [thread 24337] [17.0] [cxt 0] Processing packet received on port 1
[20:23:55.761] [bmv2] [D] [thread 24337] [17.0] [cxt 0] Parser 'parser': start
[20:23:55.761] [bmv2] [D] [thread 24337] [17.0] [cxt 0] Parser 'parser' entering state 'start'
[20:23:55.761] [bmv2] [D] [thread 24337] [17.0] [cxt 0] Extracting header 'ethernet'
[20:23:55.761] [bmv2] [D] [thread 24337] [17.0] [cxt 0] Parser state 'start': key is 86dd
[20:23:55.761] [bmv2] [T] [thread 24337] [17.0] [cxt 0] Bytes parsed: 14
[20:23:55.761] [bmv2] [D] [thread 24337] [17.0] [cxt 0] Parser 'parser': end
[20:23:55.761] [bmv2] [D] [thread 24337] [17.0] [cxt 0] Pipeline 'ingress': start
[20:23:55.761] [bmv2] [T] [thread 24337] [17.0] [cxt 0] basic.p4(114) Condition "hdr.ipv4.isValid()" (node_2) is false
[20:23:55.761] [bmv2] [D] [thread 24337] [17.0] [cxt 0] Pipeline 'ingress': end
[20:23:55.761] [bmv2] [D] [thread 24337] [17.0] [cxt 0] Egress port is 0
[20:23:55.762] [bmv2] [D] [thread 24338] [17.0] [cxt 0] Pipeline 'egress': start
[20:23:55.762] [bmv2] [D] [thread 24338] [17.0] [cxt 0] Pipeline 'egress': end
[20:23:55.762] [bmv2] [D] [thread 24338] [17.0] [cxt 0] Deparser 'deparser': start
[20:23:55.762] [bmv2] [T] [thread 24338] [17.0] [cxt 0] Skipping checksum 'cksum' update because condition not met
[20:23:55.762] [bmv2] [D] [thread 24338] [17.0] [cxt 0] Deparsing header 'ethernet'
[20:23:55.762] [bmv2] [D] [thread 24338] [17.0] [cxt 0] Deparser 'deparser': end
[20:23:55.762] [bmv2] [D] [thread 24342] [17.0] [cxt 0] Transmitting packet of size 196 out of port 0
[20:23:55.879] [bmv2] [D] [thread 24337] [18.0] [cxt 0] Processing packet received on port 2
[20:23:55.879] [bmv2] [D] [thread 24337] [18.0] [cxt 0] Parser 'parser': start
[20:23:55.879] [bmv2] [D] [thread 24337] [18.0] [cxt 0] Parser 'parser' entering state 'start'
[20:23:55.879] [bmv2] [D] [thread 24337] [18.0] [cxt 0] Extracting header 'ethernet'
[20:23:55.879] [bmv2] [D] [thread 24337] [18.0] [cxt 0] Parser state 'start': key is 86dd
[20:23:55.879] [bmv2] [T] [thread 24337] [18.0] [cxt 0] Bytes parsed: 14
[20:23:55.879] [bmv2] [D] [thread 24337] [18.0] [cxt 0] Parser 'parser': end
[20:23:55.879] [bmv2] [D] [thread 24337] [18.0] [cxt 0] Pipeline 'ingress': start
[20:23:55.879] [bmv2] [T] [thread 24337] [18.0] [cxt 0] basic.p4(114) Condition "hdr.ipv4.isValid()" (node_2) is false
[20:23:55.879] [bmv2] [D] [thread 24337] [18.0] [cxt 0] Pipeline 'ingress': end
[20:23:55.879] [bmv2] [D] [thread 24337] [18.0] [cxt 0] Egress port is 0
[20:23:55.880] [bmv2] [D] [thread 24338] [18.0] [cxt 0] Pipeline 'egress': start
[20:23:55.880] [bmv2] [D] [thread 24338] [18.0] [cxt 0] Pipeline 'egress': end
[20:23:55.880] [bmv2] [D] [thread 24338] [18.0] [cxt 0] Deparser 'deparser': start
[20:23:55.880] [bmv2] [T] [thread 24338] [18.0] [cxt 0] Skipping checksum 'cksum' update because condition not met
[20:23:55.880] [bmv2] [D] [thread 24338] [18.0] [cxt 0] Deparsing header 'ethernet'
[20:23:55.880] [bmv2] [D] [thread 24338] [18.0] [cxt 0] Deparser 'deparser': end
[20:23:55.880] [bmv2] [D] [thread 24342] [18.0] [cxt 0] Transmitting packet of size 196 out of port 0
[20:23:55.940] [bmv2] [D] [thread 24337] [19.0] [cxt 0] Processing packet received on port 2
[20:23:55.940] [bmv2] [D] [thread 24337] [19.0] [cxt 0] Parser 'parser': start
[20:23:55.940] [bmv2] [D] [thread 24337] [19.0] [cxt 0] Parser 'parser' entering state 'start'
[20:23:55.940] [bmv2] [D] [thread 24337] [19.0] [cxt 0] Extracting header 'ethernet'
[20:23:55.940] [bmv2] [D] [thread 24337] [19.0] [cxt 0] Parser state 'start': key is 86dd
[20:23:55.940] [bmv2] [T] [thread 24337] [19.0] [cxt 0] Bytes parsed: 14
[20:23:55.940] [bmv2] [D] [thread 24337] [19.0] [cxt 0] Parser 'parser': end
[20:23:55.940] [bmv2] [D] [thread 24337] [19.0] [cxt 0] Pipeline 'ingress': start
[20:23:55.940] [bmv2] [T] [thread 24337] [19.0] [cxt 0] basic.p4(114) Condition "hdr.ipv4.isValid()" (node_2) is false
[20:23:55.940] [bmv2] [D] [thread 24337] [19.0] [cxt 0] Pipeline 'ingress': end
[20:23:55.940] [bmv2] [D] [thread 24337] [19.0] [cxt 0] Egress port is 0
[20:23:55.940] [bmv2] [D] [thread 24338] [19.0] [cxt 0] Pipeline 'egress': start
[20:23:55.940] [bmv2] [D] [thread 24338] [19.0] [cxt 0] Pipeline 'egress': end
[20:23:55.940] [bmv2] [D] [thread 24338] [19.0] [cxt 0] Deparser 'deparser': start
[20:23:55.940] [bmv2] [T] [thread 24338] [19.0] [cxt 0] Skipping checksum 'cksum' update because condition not met
[20:23:55.940] [bmv2] [D] [thread 24338] [19.0] [cxt 0] Deparsing header 'ethernet'
[20:23:55.940] [bmv2] [D] [thread 24338] [19.0] [cxt 0] Deparser 'deparser': end
[20:23:55.940] [bmv2] [D] [thread 24342] [19.0] [cxt 0] Transmitting packet of size 70 out of port 0
[20:23:56.196] [bmv2] [D] [thread 24337] [20.0] [cxt 0] Processing packet received on port 1
[20:23:56.196] [bmv2] [D] [thread 24337] [20.0] [cxt 0] Parser 'parser': start
[20:23:56.196] [bmv2] [D] [thread 24337] [20.0] [cxt 0] Parser 'parser' entering state 'start'
[20:23:56.196] [bmv2] [D] [thread 24337] [20.0] [cxt 0] Extracting header 'ethernet'
[20:23:56.196] [bmv2] [D] [thread 24337] [20.0] [cxt 0] Parser state 'start': key is 86dd
[20:23:56.196] [bmv2] [T] [thread 24337] [20.0] [cxt 0] Bytes parsed: 14
[20:23:56.196] [bmv2] [D] [thread 24337] [20.0] [cxt 0] Parser 'parser': end
[20:23:56.196] [bmv2] [D] [thread 24337] [20.0] [cxt 0] Pipeline 'ingress': start
[20:23:56.196] [bmv2] [T] [thread 24337] [20.0] [cxt 0] basic.p4(114) Condition "hdr.ipv4.isValid()" (node_2) is false
[20:23:56.196] [bmv2] [D] [thread 24337] [20.0] [cxt 0] Pipeline 'ingress': end
[20:23:56.196] [bmv2] [D] [thread 24337] [20.0] [cxt 0] Egress port is 0
[20:23:56.196] [bmv2] [D] [thread 24337] [21.0] [cxt 0] Processing packet received on port 1
[20:23:56.196] [bmv2] [D] [thread 24337] [21.0] [cxt 0] Parser 'parser': start
[20:23:56.196] [bmv2] [D] [thread 24337] [21.0] [cxt 0] Parser 'parser' entering state 'start'
[20:23:56.196] [bmv2] [D] [thread 24337] [21.0] [cxt 0] Extracting header 'ethernet'
[20:23:56.196] [bmv2] [D] [thread 24337] [21.0] [cxt 0] Parser state 'start': key is 86dd
[20:23:56.196] [bmv2] [T] [thread 24337] [21.0] [cxt 0] Bytes parsed: 14
[20:23:56.196] [bmv2] [D] [thread 24337] [21.0] [cxt 0] Parser 'parser': end
[20:23:56.196] [bmv2] [D] [thread 24337] [21.0] [cxt 0] Pipeline 'ingress': start
[20:23:56.196] [bmv2] [T] [thread 24337] [21.0] [cxt 0] basic.p4(114) Condition "hdr.ipv4.isValid()" (node_2) is false
[20:23:56.196] [bmv2] [D] [thread 24337] [21.0] [cxt 0] Pipeline 'ingress': end
[20:23:56.196] [bmv2] [D] [thread 24337] [21.0] [cxt 0] Egress port is 0
[20:23:56.196] [bmv2] [D] [thread 24338] [20.0] [cxt 0] Pipeline 'egress': start
[20:23:56.196] [bmv2] [D] [thread 24338] [20.0] [cxt 0] Pipeline 'egress': end
[20:23:56.196] [bmv2] [D] [thread 24338] [20.0] [cxt 0] Deparser 'deparser': start
[20:23:56.196] [bmv2] [T] [thread 24338] [20.0] [cxt 0] Skipping checksum 'cksum' update because condition not met
[20:23:56.196] [bmv2] [D] [thread 24338] [20.0] [cxt 0] Deparsing header 'ethernet'
[20:23:56.196] [bmv2] [D] [thread 24338] [20.0] [cxt 0] Deparser 'deparser': end
[20:23:56.197] [bmv2] [D] [thread 24338] [21.0] [cxt 0] Pipeline 'egress': start
[20:23:56.197] [bmv2] [D] [thread 24338] [21.0] [cxt 0] Pipeline 'egress': end
[20:23:56.197] [bmv2] [D] [thread 24338] [21.0] [cxt 0] Deparser 'deparser': start
[20:23:56.197] [bmv2] [T] [thread 24338] [21.0] [cxt 0] Skipping checksum 'cksum' update because condition not met
[20:23:56.197] [bmv2] [D] [thread 24338] [21.0] [cxt 0] Deparsing header 'ethernet'
[20:23:56.197] [bmv2] [D] [thread 24338] [21.0] [cxt 0] Deparser 'deparser': end
[20:23:56.197] [bmv2] [D] [thread 24342] [20.0] [cxt 0] Transmitting packet of size 70 out of port 0
[20:23:56.197] [bmv2] [D] [thread 24342] [21.0] [cxt 0] Transmitting packet of size 70 out of port 0
[20:23:56.268] [bmv2] [D] [thread 24337] [22.0] [cxt 0] Processing packet received on port 1
[20:23:56.269] [bmv2] [D] [thread 24337] [22.0] [cxt 0] Parser 'parser': start
[20:23:56.269] [bmv2] [D] [thread 24337] [22.0] [cxt 0] Parser 'parser' entering state 'start'
[20:23:56.269] [bmv2] [D] [thread 24337] [22.0] [cxt 0] Extracting header 'ethernet'
[20:23:56.269] [bmv2] [D] [thread 24337] [22.0] [cxt 0] Parser state 'start': key is 86dd
[20:23:56.269] [bmv2] [T] [thread 24337] [22.0] [cxt 0] Bytes parsed: 14
[20:23:56.269] [bmv2] [D] [thread 24337] [22.0] [cxt 0] Parser 'parser': end
[20:23:56.269] [bmv2] [D] [thread 24337] [22.0] [cxt 0] Pipeline 'ingress': start
[20:23:56.269] [bmv2] [T] [thread 24337] [22.0] [cxt 0] basic.p4(114) Condition "hdr.ipv4.isValid()" (node_2) is false
[20:23:56.269] [bmv2] [D] [thread 24337] [22.0] [cxt 0] Pipeline 'ingress': end
[20:23:56.269] [bmv2] [D] [thread 24337] [22.0] [cxt 0] Egress port is 0
[20:23:56.269] [bmv2] [D] [thread 24338] [22.0] [cxt 0] Pipeline 'egress': start
[20:23:56.269] [bmv2] [D] [thread 24338] [22.0] [cxt 0] Pipeline 'egress': end
[20:23:56.269] [bmv2] [D] [thread 24338] [22.0] [cxt 0] Deparser 'deparser': start
[20:23:56.269] [bmv2] [T] [thread 24338] [22.0] [cxt 0] Skipping checksum 'cksum' update because condition not met
[20:23:56.269] [bmv2] [D] [thread 24338] [22.0] [cxt 0] Deparsing header 'ethernet'
[20:23:56.269] [bmv2] [D] [thread 24338] [22.0] [cxt 0] Deparser 'deparser': end
[20:23:56.269] [bmv2] [D] [thread 24342] [22.0] [cxt 0] Transmitting packet of size 196 out of port 0
[20:24:03.362] [bmv2] [D] [thread 24337] [23.0] [cxt 0] Processing packet received on port 2
[20:24:03.362] [bmv2] [D] [thread 24337] [23.0] [cxt 0] Parser 'parser': start
[20:24:03.362] [bmv2] [D] [thread 24337] [23.0] [cxt 0] Parser 'parser' entering state 'start'
[20:24:03.362] [bmv2] [D] [thread 24337] [23.0] [cxt 0] Extracting header 'ethernet'
[20:24:03.362] [bmv2] [D] [thread 24337] [23.0] [cxt 0] Parser state 'start': key is 86dd
[20:24:03.362] [bmv2] [T] [thread 24337] [23.0] [cxt 0] Bytes parsed: 14
[20:24:03.363] [bmv2] [D] [thread 24337] [23.0] [cxt 0] Parser 'parser': end
[20:24:03.363] [bmv2] [D] [thread 24337] [23.0] [cxt 0] Pipeline 'ingress': start
[20:24:03.363] [bmv2] [T] [thread 24337] [23.0] [cxt 0] basic.p4(114) Condition "hdr.ipv4.isValid()" (node_2) is false
[20:24:03.363] [bmv2] [D] [thread 24337] [23.0] [cxt 0] Pipeline 'ingress': end
[20:24:03.363] [bmv2] [D] [thread 24337] [23.0] [cxt 0] Egress port is 0
[20:24:03.363] [bmv2] [D] [thread 24338] [23.0] [cxt 0] Pipeline 'egress': start
[20:24:03.363] [bmv2] [D] [thread 24338] [23.0] [cxt 0] Pipeline 'egress': end
[20:24:03.363] [bmv2] [D] [thread 24338] [23.0] [cxt 0] Deparser 'deparser': start
[20:24:03.363] [bmv2] [T] [thread 24338] [23.0] [cxt 0] Skipping checksum 'cksum' update because condition not met
[20:24:03.363] [bmv2] [D] [thread 24338] [23.0] [cxt 0] Deparsing header 'ethernet'
[20:24:03.363] [bmv2] [D] [thread 24338] [23.0] [cxt 0] Deparser 'deparser': end
[20:24:03.363] [bmv2] [D] [thread 24342] [23.0] [cxt 0] Transmitting packet of size 70 out of port 0
[20:24:03.884] [bmv2] [D] [thread 24337] [24.0] [cxt 0] Processing packet received on port 2
[20:24:03.884] [bmv2] [D] [thread 24337] [24.0] [cxt 0] Parser 'parser': start
[20:24:03.884] [bmv2] [D] [thread 24337] [24.0] [cxt 0] Parser 'parser' entering state 'start'
[20:24:03.884] [bmv2] [D] [thread 24337] [24.0] [cxt 0] Extracting header 'ethernet'
[20:24:03.884] [bmv2] [D] [thread 24337] [24.0] [cxt 0] Parser state 'start': key is 86dd
[20:24:03.884] [bmv2] [T] [thread 24337] [24.0] [cxt 0] Bytes parsed: 14
[20:24:03.884] [bmv2] [D] [thread 24337] [24.0] [cxt 0] Parser 'parser': end
[20:24:03.884] [bmv2] [D] [thread 24337] [24.0] [cxt 0] Pipeline 'ingress': start
[20:24:03.884] [bmv2] [T] [thread 24337] [24.0] [cxt 0] basic.p4(114) Condition "hdr.ipv4.isValid()" (node_2) is false
[20:24:03.884] [bmv2] [D] [thread 24337] [24.0] [cxt 0] Pipeline 'ingress': end
[20:24:03.884] [bmv2] [D] [thread 24337] [24.0] [cxt 0] Egress port is 0
[20:24:03.884] [bmv2] [D] [thread 24338] [24.0] [cxt 0] Pipeline 'egress': start
[20:24:03.884] [bmv2] [D] [thread 24338] [24.0] [cxt 0] Pipeline 'egress': end
[20:24:03.884] [bmv2] [D] [thread 24338] [24.0] [cxt 0] Deparser 'deparser': start
[20:24:03.884] [bmv2] [T] [thread 24338] [24.0] [cxt 0] Skipping checksum 'cksum' update because condition not met
[20:24:03.884] [bmv2] [D] [thread 24338] [24.0] [cxt 0] Deparsing header 'ethernet'
[20:24:03.884] [bmv2] [D] [thread 24338] [24.0] [cxt 0] Deparser 'deparser': end
[20:24:03.887] [bmv2] [D] [thread 24342] [24.0] [cxt 0] Transmitting packet of size 70 out of port 0
[20:24:04.131] [bmv2] [D] [thread 24337] [25.0] [cxt 0] Processing packet received on port 1
[20:24:04.131] [bmv2] [D] [thread 24337] [25.0] [cxt 0] Parser 'parser': start
[20:24:04.131] [bmv2] [D] [thread 24337] [25.0] [cxt 0] Parser 'parser' entering state 'start'
[20:24:04.131] [bmv2] [D] [thread 24337] [25.0] [cxt 0] Extracting header 'ethernet'
[20:24:04.131] [bmv2] [D] [thread 24337] [25.0] [cxt 0] Parser state 'start': key is 86dd
[20:24:04.131] [bmv2] [T] [thread 24337] [25.0] [cxt 0] Bytes parsed: 14
[20:24:04.131] [bmv2] [D] [thread 24337] [25.0] [cxt 0] Parser 'parser': end
[20:24:04.131] [bmv2] [D] [thread 24337] [25.0] [cxt 0] Pipeline 'ingress': start
[20:24:04.131] [bmv2] [T] [thread 24337] [25.0] [cxt 0] basic.p4(114) Condition "hdr.ipv4.isValid()" (node_2) is false
[20:24:04.131] [bmv2] [D] [thread 24337] [25.0] [cxt 0] Pipeline 'ingress': end
[20:24:04.131] [bmv2] [D] [thread 24337] [25.0] [cxt 0] Egress port is 0
[20:24:04.131] [bmv2] [D] [thread 24338] [25.0] [cxt 0] Pipeline 'egress': start
[20:24:04.131] [bmv2] [D] [thread 24338] [25.0] [cxt 0] Pipeline 'egress': end
[20:24:04.131] [bmv2] [D] [thread 24338] [25.0] [cxt 0] Deparser 'deparser': start
[20:24:04.131] [bmv2] [T] [thread 24338] [25.0] [cxt 0] Skipping checksum 'cksum' update because condition not met
[20:24:04.131] [bmv2] [D] [thread 24338] [25.0] [cxt 0] Deparsing header 'ethernet'
[20:24:04.131] [bmv2] [D] [thread 24338] [25.0] [cxt 0] Deparser 'deparser': end
[20:24:04.131] [bmv2] [D] [thread 24342] [25.0] [cxt 0] Transmitting packet of size 70 out of port 0
[20:24:04.899] [bmv2] [D] [thread 24337] [26.0] [cxt 0] Processing packet received on port 1
[20:24:04.899] [bmv2] [D] [thread 24337] [26.0] [cxt 0] Parser 'parser': start
[20:24:04.899] [bmv2] [D] [thread 24337] [26.0] [cxt 0] Parser 'parser' entering state 'start'
[20:24:04.899] [bmv2] [D] [thread 24337] [26.0] [cxt 0] Extracting header 'ethernet'
[20:24:04.899] [bmv2] [D] [thread 24337] [26.0] [cxt 0] Parser state 'start': key is 86dd
[20:24:04.899] [bmv2] [T] [thread 24337] [26.0] [cxt 0] Bytes parsed: 14
[20:24:04.899] [bmv2] [D] [thread 24337] [26.0] [cxt 0] Parser 'parser': end
[20:24:04.899] [bmv2] [D] [thread 24337] [26.0] [cxt 0] Pipeline 'ingress': start
[20:24:04.899] [bmv2] [T] [thread 24337] [26.0] [cxt 0] basic.p4(114) Condition "hdr.ipv4.isValid()" (node_2) is false
[20:24:04.899] [bmv2] [D] [thread 24337] [26.0] [cxt 0] Pipeline 'ingress': end
[20:24:04.899] [bmv2] [D] [thread 24337] [26.0] [cxt 0] Egress port is 0
[20:24:04.899] [bmv2] [D] [thread 24338] [26.0] [cxt 0] Pipeline 'egress': start
[20:24:04.899] [bmv2] [D] [thread 24338] [26.0] [cxt 0] Pipeline 'egress': end
[20:24:04.899] [bmv2] [D] [thread 24338] [26.0] [cxt 0] Deparser 'deparser': start
[20:24:04.899] [bmv2] [T] [thread 24338] [26.0] [cxt 0] Skipping checksum 'cksum' update because condition not met
[20:24:04.899] [bmv2] [D] [thread 24338] [26.0] [cxt 0] Deparsing header 'ethernet'
[20:24:04.899] [bmv2] [D] [thread 24338] [26.0] [cxt 0] Deparser 'deparser': end
[20:24:04.899] [bmv2] [D] [thread 24342] [26.0] [cxt 0] Transmitting packet of size 70 out of port 0
[20:24:19.235] [bmv2] [D] [thread 24337] [27.0] [cxt 0] Processing packet received on port 2
[20:24:19.235] [bmv2] [D] [thread 24337] [27.0] [cxt 0] Parser 'parser': start
[20:24:19.235] [bmv2] [D] [thread 24337] [27.0] [cxt 0] Parser 'parser' entering state 'start'
[20:24:19.235] [bmv2] [D] [thread 24337] [27.0] [cxt 0] Extracting header 'ethernet'
[20:24:19.235] [bmv2] [D] [thread 24337] [27.0] [cxt 0] Parser state 'start': key is 86dd
[20:24:19.235] [bmv2] [T] [thread 24337] [27.0] [cxt 0] Bytes parsed: 14
[20:24:19.235] [bmv2] [D] [thread 24337] [27.0] [cxt 0] Parser 'parser': end
[20:24:19.235] [bmv2] [D] [thread 24337] [27.0] [cxt 0] Pipeline 'ingress': start
[20:24:19.235] [bmv2] [T] [thread 24337] [27.0] [cxt 0] basic.p4(114) Condition "hdr.ipv4.isValid()" (node_2) is false
[20:24:19.235] [bmv2] [D] [thread 24337] [27.0] [cxt 0] Pipeline 'ingress': end
[20:24:19.235] [bmv2] [D] [thread 24337] [27.0] [cxt 0] Egress port is 0
[20:24:19.235] [bmv2] [D] [thread 24338] [27.0] [cxt 0] Pipeline 'egress': start
[20:24:19.235] [bmv2] [D] [thread 24338] [27.0] [cxt 0] Pipeline 'egress': end
[20:24:19.235] [bmv2] [D] [thread 24338] [27.0] [cxt 0] Deparser 'deparser': start
[20:24:19.235] [bmv2] [T] [thread 24338] [27.0] [cxt 0] Skipping checksum 'cksum' update because condition not met
[20:24:19.235] [bmv2] [D] [thread 24338] [27.0] [cxt 0] Deparsing header 'ethernet'
[20:24:19.235] [bmv2] [D] [thread 24338] [27.0] [cxt 0] Deparser 'deparser': end
[20:24:19.235] [bmv2] [D] [thread 24342] [27.0] [cxt 0] Transmitting packet of size 70 out of port 0
[20:24:19.751] [bmv2] [D] [thread 24337] [28.0] [cxt 0] Processing packet received on port 2
[20:24:19.751] [bmv2] [D] [thread 24337] [28.0] [cxt 0] Parser 'parser': start
[20:24:19.751] [bmv2] [D] [thread 24337] [28.0] [cxt 0] Parser 'parser' entering state 'start'
[20:24:19.751] [bmv2] [D] [thread 24337] [28.0] [cxt 0] Extracting header 'ethernet'
[20:24:19.751] [bmv2] [D] [thread 24337] [28.0] [cxt 0] Parser state 'start': key is 86dd
[20:24:19.751] [bmv2] [T] [thread 24337] [28.0] [cxt 0] Bytes parsed: 14
[20:24:19.751] [bmv2] [D] [thread 24337] [28.0] [cxt 0] Parser 'parser': end
[20:24:19.751] [bmv2] [D] [thread 24337] [28.0] [cxt 0] Pipeline 'ingress': start
[20:24:19.751] [bmv2] [T] [thread 24337] [28.0] [cxt 0] basic.p4(114) Condition "hdr.ipv4.isValid()" (node_2) is false
[20:24:19.751] [bmv2] [D] [thread 24337] [28.0] [cxt 0] Pipeline 'ingress': end
[20:24:19.751] [bmv2] [D] [thread 24337] [28.0] [cxt 0] Egress port is 0
[20:24:19.751] [bmv2] [D] [thread 24338] [28.0] [cxt 0] Pipeline 'egress': start
[20:24:19.751] [bmv2] [D] [thread 24338] [28.0] [cxt 0] Pipeline 'egress': end
[20:24:19.751] [bmv2] [D] [thread 24338] [28.0] [cxt 0] Deparser 'deparser': start
[20:24:19.751] [bmv2] [T] [thread 24338] [28.0] [cxt 0] Skipping checksum 'cksum' update because condition not met
[20:24:19.751] [bmv2] [D] [thread 24338] [28.0] [cxt 0] Deparsing header 'ethernet'
[20:24:19.751] [bmv2] [D] [thread 24338] [28.0] [cxt 0] Deparser 'deparser': end
[20:24:19.751] [bmv2] [D] [thread 24342] [28.0] [cxt 0] Transmitting packet of size 70 out of port 0
[20:24:20.006] [bmv2] [D] [thread 24337] [29.0] [cxt 0] Processing packet received on port 1
[20:24:20.007] [bmv2] [D] [thread 24337] [29.0] [cxt 0] Parser 'parser': start
[20:24:20.007] [bmv2] [D] [thread 24337] [29.0] [cxt 0] Parser 'parser' entering state 'start'
[20:24:20.007] [bmv2] [D] [thread 24337] [29.0] [cxt 0] Extracting header 'ethernet'
[20:24:20.007] [bmv2] [D] [thread 24337] [29.0] [cxt 0] Parser state 'start': key is 86dd
[20:24:20.007] [bmv2] [T] [thread 24337] [29.0] [cxt 0] Bytes parsed: 14
[20:24:20.007] [bmv2] [D] [thread 24337] [29.0] [cxt 0] Parser 'parser': end
[20:24:20.009] [bmv2] [D] [thread 24337] [29.0] [cxt 0] Pipeline 'ingress': start
[20:24:20.009] [bmv2] [T] [thread 24337] [29.0] [cxt 0] basic.p4(114) Condition "hdr.ipv4.isValid()" (node_2) is false
[20:24:20.009] [bmv2] [D] [thread 24337] [29.0] [cxt 0] Pipeline 'ingress': end
[20:24:20.009] [bmv2] [D] [thread 24337] [29.0] [cxt 0] Egress port is 0
[20:24:20.020] [bmv2] [D] [thread 24338] [29.0] [cxt 0] Pipeline 'egress': start
[20:24:20.021] [bmv2] [D] [thread 24338] [29.0] [cxt 0] Pipeline 'egress': end
[20:24:20.021] [bmv2] [D] [thread 24338] [29.0] [cxt 0] Deparser 'deparser': start
[20:24:20.021] [bmv2] [T] [thread 24338] [29.0] [cxt 0] Skipping checksum 'cksum' update because condition not met
[20:24:20.021] [bmv2] [D] [thread 24338] [29.0] [cxt 0] Deparsing header 'ethernet'
[20:24:20.021] [bmv2] [D] [thread 24338] [29.0] [cxt 0] Deparser 'deparser': end
[20:24:20.021] [bmv2] [D] [thread 24342] [29.0] [cxt 0] Transmitting packet of size 70 out of port 0
[20:24:22.563] [bmv2] [D] [thread 24337] [30.0] [cxt 0] Processing packet received on port 1
[20:24:22.563] [bmv2] [D] [thread 24337] [30.0] [cxt 0] Parser 'parser': start
[20:24:22.563] [bmv2] [D] [thread 24337] [30.0] [cxt 0] Parser 'parser' entering state 'start'
[20:24:22.563] [bmv2] [D] [thread 24337] [30.0] [cxt 0] Extracting header 'ethernet'
[20:24:22.563] [bmv2] [D] [thread 24337] [30.0] [cxt 0] Parser state 'start': key is 86dd
[20:24:22.563] [bmv2] [T] [thread 24337] [30.0] [cxt 0] Bytes parsed: 14
[20:24:22.563] [bmv2] [D] [thread 24337] [30.0] [cxt 0] Parser 'parser': end
[20:24:22.563] [bmv2] [D] [thread 24337] [30.0] [cxt 0] Pipeline 'ingress': start
[20:24:22.563] [bmv2] [T] [thread 24337] [30.0] [cxt 0] basic.p4(114) Condition "hdr.ipv4.isValid()" (node_2) is false
[20:24:22.563] [bmv2] [D] [thread 24337] [30.0] [cxt 0] Pipeline 'ingress': end
[20:24:22.563] [bmv2] [D] [thread 24337] [30.0] [cxt 0] Egress port is 0
[20:24:22.564] [bmv2] [D] [thread 24338] [30.0] [cxt 0] Pipeline 'egress': start
[20:24:22.564] [bmv2] [D] [thread 24338] [30.0] [cxt 0] Pipeline 'egress': end
[20:24:22.564] [bmv2] [D] [thread 24338] [30.0] [cxt 0] Deparser 'deparser': start
[20:24:22.564] [bmv2] [T] [thread 24338] [30.0] [cxt 0] Skipping checksum 'cksum' update because condition not met
[20:24:22.564] [bmv2] [D] [thread 24338] [30.0] [cxt 0] Deparsing header 'ethernet'
[20:24:22.564] [bmv2] [D] [thread 24338] [30.0] [cxt 0] Deparser 'deparser': end
[20:24:22.564] [bmv2] [D] [thread 24342] [30.0] [cxt 0] Transmitting packet of size 70 out of port 0
[20:24:51.235] [bmv2] [D] [thread 24337] [31.0] [cxt 0] Processing packet received on port 2
[20:24:51.235] [bmv2] [D] [thread 24337] [31.0] [cxt 0] Parser 'parser': start
[20:24:51.235] [bmv2] [D] [thread 24337] [31.0] [cxt 0] Parser 'parser' entering state 'start'
[20:24:51.235] [bmv2] [D] [thread 24337] [31.0] [cxt 0] Extracting header 'ethernet'
[20:24:51.235] [bmv2] [D] [thread 24337] [31.0] [cxt 0] Parser state 'start': key is 86dd
[20:24:51.235] [bmv2] [T] [thread 24337] [31.0] [cxt 0] Bytes parsed: 14
[20:24:51.235] [bmv2] [D] [thread 24337] [31.0] [cxt 0] Parser 'parser': end
[20:24:51.235] [bmv2] [D] [thread 24337] [31.0] [cxt 0] Pipeline 'ingress': start
[20:24:51.235] [bmv2] [T] [thread 24337] [31.0] [cxt 0] basic.p4(114) Condition "hdr.ipv4.isValid()" (node_2) is false
[20:24:51.235] [bmv2] [D] [thread 24337] [31.0] [cxt 0] Pipeline 'ingress': end
[20:24:51.235] [bmv2] [D] [thread 24337] [31.0] [cxt 0] Egress port is 0
[20:24:51.236] [bmv2] [D] [thread 24338] [31.0] [cxt 0] Pipeline 'egress': start
[20:24:51.236] [bmv2] [D] [thread 24338] [31.0] [cxt 0] Pipeline 'egress': end
[20:24:51.236] [bmv2] [D] [thread 24338] [31.0] [cxt 0] Deparser 'deparser': start
[20:24:51.236] [bmv2] [T] [thread 24338] [31.0] [cxt 0] Skipping checksum 'cksum' update because condition not met
[20:24:51.236] [bmv2] [D] [thread 24338] [31.0] [cxt 0] Deparsing header 'ethernet'
[20:24:51.236] [bmv2] [D] [thread 24338] [31.0] [cxt 0] Deparser 'deparser': end
[20:24:51.236] [bmv2] [D] [thread 24342] [31.0] [cxt 0] Transmitting packet of size 70 out of port 0
[20:24:53.283] [bmv2] [D] [thread 24337] [32.0] [cxt 0] Processing packet received on port 1
[20:24:53.283] [bmv2] [D] [thread 24337] [32.0] [cxt 0] Parser 'parser': start
[20:24:53.283] [bmv2] [D] [thread 24337] [32.0] [cxt 0] Parser 'parser' entering state 'start'
[20:24:53.283] [bmv2] [D] [thread 24337] [32.0] [cxt 0] Extracting header 'ethernet'
[20:24:53.284] [bmv2] [D] [thread 24337] [32.0] [cxt 0] Parser state 'start': key is 86dd
[20:24:53.284] [bmv2] [T] [thread 24337] [32.0] [cxt 0] Bytes parsed: 14
[20:24:53.284] [bmv2] [D] [thread 24337] [32.0] [cxt 0] Parser 'parser': end
[20:24:53.284] [bmv2] [D] [thread 24337] [32.0] [cxt 0] Pipeline 'ingress': start
[20:24:53.284] [bmv2] [T] [thread 24337] [32.0] [cxt 0] basic.p4(114) Condition "hdr.ipv4.isValid()" (node_2) is false
[20:24:53.284] [bmv2] [D] [thread 24337] [32.0] [cxt 0] Pipeline 'ingress': end
[20:24:53.284] [bmv2] [D] [thread 24337] [32.0] [cxt 0] Egress port is 0
[20:24:53.284] [bmv2] [D] [thread 24337] [33.0] [cxt 0] Processing packet received on port 2
[20:24:53.284] [bmv2] [D] [thread 24337] [33.0] [cxt 0] Parser 'parser': start
[20:24:53.284] [bmv2] [D] [thread 24337] [33.0] [cxt 0] Parser 'parser' entering state 'start'
[20:24:53.284] [bmv2] [D] [thread 24337] [33.0] [cxt 0] Extracting header 'ethernet'
[20:24:53.284] [bmv2] [D] [thread 24337] [33.0] [cxt 0] Parser state 'start': key is 86dd
[20:24:53.284] [bmv2] [T] [thread 24337] [33.0] [cxt 0] Bytes parsed: 14
[20:24:53.285] [bmv2] [D] [thread 24337] [33.0] [cxt 0] Parser 'parser': end
[20:24:53.285] [bmv2] [D] [thread 24337] [33.0] [cxt 0] Pipeline 'ingress': start
[20:24:53.285] [bmv2] [T] [thread 24337] [33.0] [cxt 0] basic.p4(114) Condition "hdr.ipv4.isValid()" (node_2) is false
[20:24:53.285] [bmv2] [D] [thread 24337] [33.0] [cxt 0] Pipeline 'ingress': end
[20:24:53.285] [bmv2] [D] [thread 24337] [33.0] [cxt 0] Egress port is 0
[20:24:53.285] [bmv2] [D] [thread 24338] [32.0] [cxt 0] Pipeline 'egress': start
[20:24:53.285] [bmv2] [D] [thread 24338] [32.0] [cxt 0] Pipeline 'egress': end
[20:24:53.285] [bmv2] [D] [thread 24338] [32.0] [cxt 0] Deparser 'deparser': start
[20:24:53.285] [bmv2] [T] [thread 24338] [32.0] [cxt 0] Skipping checksum 'cksum' update because condition not met
[20:24:53.285] [bmv2] [D] [thread 24338] [32.0] [cxt 0] Deparsing header 'ethernet'
[20:24:53.285] [bmv2] [D] [thread 24338] [32.0] [cxt 0] Deparser 'deparser': end
[20:24:53.285] [bmv2] [D] [thread 24338] [33.0] [cxt 0] Pipeline 'egress': start
[20:24:53.285] [bmv2] [D] [thread 24338] [33.0] [cxt 0] Pipeline 'egress': end
[20:24:53.285] [bmv2] [D] [thread 24338] [33.0] [cxt 0] Deparser 'deparser': start
[20:24:53.285] [bmv2] [T] [thread 24338] [33.0] [cxt 0] Skipping checksum 'cksum' update because condition not met
[20:24:53.285] [bmv2] [D] [thread 24338] [33.0] [cxt 0] Deparsing header 'ethernet'
[20:24:53.285] [bmv2] [D] [thread 24338] [33.0] [cxt 0] Deparser 'deparser': end
[20:24:53.286] [bmv2] [D] [thread 24342] [32.0] [cxt 0] Transmitting packet of size 70 out of port 0
[20:24:53.287] [bmv2] [D] [thread 24342] [33.0] [cxt 0] Transmitting packet of size 70 out of port 0
[20:24:57.383] [bmv2] [D] [thread 24337] [34.0] [cxt 0] Processing packet received on port 1
[20:24:57.383] [bmv2] [D] [thread 24337] [34.0] [cxt 0] Parser 'parser': start
[20:24:57.383] [bmv2] [D] [thread 24337] [34.0] [cxt 0] Parser 'parser' entering state 'start'
[20:24:57.383] [bmv2] [D] [thread 24337] [34.0] [cxt 0] Extracting header 'ethernet'
[20:24:57.383] [bmv2] [D] [thread 24337] [34.0] [cxt 0] Parser state 'start': key is 86dd
[20:24:57.390] [bmv2] [T] [thread 24337] [34.0] [cxt 0] Bytes parsed: 14
[20:24:57.390] [bmv2] [D] [thread 24337] [34.0] [cxt 0] Parser 'parser': end
[20:24:57.390] [bmv2] [D] [thread 24337] [34.0] [cxt 0] Pipeline 'ingress': start
[20:24:57.390] [bmv2] [T] [thread 24337] [34.0] [cxt 0] basic.p4(114) Condition "hdr.ipv4.isValid()" (node_2) is false
[20:24:57.390] [bmv2] [D] [thread 24337] [34.0] [cxt 0] Pipeline 'ingress': end
[20:24:57.390] [bmv2] [D] [thread 24337] [34.0] [cxt 0] Egress port is 0
[20:24:57.390] [bmv2] [D] [thread 24338] [34.0] [cxt 0] Pipeline 'egress': start
[20:24:57.390] [bmv2] [D] [thread 24338] [34.0] [cxt 0] Pipeline 'egress': end
[20:24:57.390] [bmv2] [D] [thread 24338] [34.0] [cxt 0] Deparser 'deparser': start
[20:24:57.390] [bmv2] [T] [thread 24338] [34.0] [cxt 0] Skipping checksum 'cksum' update because condition not met
[20:24:57.390] [bmv2] [D] [thread 24338] [34.0] [cxt 0] Deparsing header 'ethernet'
[20:24:57.391] [bmv2] [D] [thread 24338] [34.0] [cxt 0] Deparser 'deparser': end
[20:24:57.391] [bmv2] [D] [thread 24342] [34.0] [cxt 0] Transmitting packet of size 70 out of port 0
[20:25:54.743] [bmv2] [D] [thread 24337] [35.0] [cxt 0] Processing packet received on port 2
[20:25:54.744] [bmv2] [D] [thread 24337] [35.0] [cxt 0] Parser 'parser': start
[20:25:54.744] [bmv2] [D] [thread 24337] [35.0] [cxt 0] Parser 'parser' entering state 'start'
[20:25:54.744] [bmv2] [D] [thread 24337] [35.0] [cxt 0] Extracting header 'ethernet'
[20:25:54.744] [bmv2] [D] [thread 24337] [35.0] [cxt 0] Parser state 'start': key is 86dd
[20:25:54.744] [bmv2] [T] [thread 24337] [35.0] [cxt 0] Bytes parsed: 14
[20:25:54.744] [bmv2] [D] [thread 24337] [35.0] [cxt 0] Parser 'parser': end
[20:25:54.744] [bmv2] [D] [thread 24337] [35.0] [cxt 0] Pipeline 'ingress': start
[20:25:54.744] [bmv2] [T] [thread 24337] [35.0] [cxt 0] basic.p4(114) Condition "hdr.ipv4.isValid()" (node_2) is false
[20:25:54.744] [bmv2] [D] [thread 24337] [35.0] [cxt 0] Pipeline 'ingress': end
[20:25:54.744] [bmv2] [D] [thread 24337] [35.0] [cxt 0] Egress port is 0
[20:25:54.744] [bmv2] [D] [thread 24337] [36.0] [cxt 0] Processing packet received on port 2
[20:25:54.744] [bmv2] [D] [thread 24337] [36.0] [cxt 0] Parser 'parser': start
[20:25:54.744] [bmv2] [D] [thread 24337] [36.0] [cxt 0] Parser 'parser' entering state 'start'
[20:25:54.744] [bmv2] [D] [thread 24337] [36.0] [cxt 0] Extracting header 'ethernet'
[20:25:54.744] [bmv2] [D] [thread 24337] [36.0] [cxt 0] Parser state 'start': key is 86dd
[20:25:54.744] [bmv2] [T] [thread 24337] [36.0] [cxt 0] Bytes parsed: 14
[20:25:54.744] [bmv2] [D] [thread 24337] [36.0] [cxt 0] Parser 'parser': end
[20:25:54.744] [bmv2] [D] [thread 24337] [36.0] [cxt 0] Pipeline 'ingress': start
[20:25:54.744] [bmv2] [T] [thread 24337] [36.0] [cxt 0] basic.p4(114) Condition "hdr.ipv4.isValid()" (node_2) is false
[20:25:54.744] [bmv2] [D] [thread 24337] [36.0] [cxt 0] Pipeline 'ingress': end
[20:25:54.744] [bmv2] [D] [thread 24337] [36.0] [cxt 0] Egress port is 0
[20:25:54.745] [bmv2] [D] [thread 24338] [35.0] [cxt 0] Pipeline 'egress': start
[20:25:54.745] [bmv2] [D] [thread 24338] [35.0] [cxt 0] Pipeline 'egress': end
[20:25:54.745] [bmv2] [D] [thread 24338] [35.0] [cxt 0] Deparser 'deparser': start
[20:25:54.746] [bmv2] [T] [thread 24338] [35.0] [cxt 0] Skipping checksum 'cksum' update because condition not met
[20:25:54.746] [bmv2] [D] [thread 24338] [35.0] [cxt 0] Deparsing header 'ethernet'
[20:25:54.746] [bmv2] [D] [thread 24338] [35.0] [cxt 0] Deparser 'deparser': end
[20:25:54.746] [bmv2] [D] [thread 24338] [36.0] [cxt 0] Pipeline 'egress': start
[20:25:54.746] [bmv2] [D] [thread 24338] [36.0] [cxt 0] Pipeline 'egress': end
[20:25:54.746] [bmv2] [D] [thread 24338] [36.0] [cxt 0] Deparser 'deparser': start
[20:25:54.746] [bmv2] [T] [thread 24338] [36.0] [cxt 0] Skipping checksum 'cksum' update because condition not met
[20:25:54.746] [bmv2] [D] [thread 24338] [36.0] [cxt 0] Deparsing header 'ethernet'
[20:25:54.746] [bmv2] [D] [thread 24338] [36.0] [cxt 0] Deparser 'deparser': end
[20:25:54.753] [bmv2] [D] [thread 24342] [35.0] [cxt 0] Transmitting packet of size 70 out of port 0
[20:25:54.753] [bmv2] [D] [thread 24342] [36.0] [cxt 0] Transmitting packet of size 70 out of port 0
[20:26:02.922] [bmv2] [D] [thread 24337] [37.0] [cxt 0] Processing packet received on port 1
[20:26:02.923] [bmv2] [D] [thread 24337] [37.0] [cxt 0] Parser 'parser': start
[20:26:02.923] [bmv2] [D] [thread 24337] [37.0] [cxt 0] Parser 'parser' entering state 'start'
[20:26:02.923] [bmv2] [D] [thread 24337] [37.0] [cxt 0] Extracting header 'ethernet'
[20:26:02.923] [bmv2] [D] [thread 24337] [37.0] [cxt 0] Parser state 'start': key is 86dd
[20:26:02.923] [bmv2] [T] [thread 24337] [37.0] [cxt 0] Bytes parsed: 14
[20:26:02.923] [bmv2] [D] [thread 24337] [37.0] [cxt 0] Parser 'parser': end
[20:26:02.923] [bmv2] [D] [thread 24337] [37.0] [cxt 0] Pipeline 'ingress': start
[20:26:02.923] [bmv2] [T] [thread 24337] [37.0] [cxt 0] basic.p4(114) Condition "hdr.ipv4.isValid()" (node_2) is false
[20:26:02.923] [bmv2] [D] [thread 24337] [37.0] [cxt 0] Pipeline 'ingress': end
[20:26:02.923] [bmv2] [D] [thread 24337] [37.0] [cxt 0] Egress port is 0
[20:26:02.923] [bmv2] [D] [thread 24337] [38.0] [cxt 0] Processing packet received on port 1
[20:26:02.923] [bmv2] [D] [thread 24337] [38.0] [cxt 0] Parser 'parser': start
[20:26:02.923] [bmv2] [D] [thread 24337] [38.0] [cxt 0] Parser 'parser' entering state 'start'
[20:26:02.923] [bmv2] [D] [thread 24337] [38.0] [cxt 0] Extracting header 'ethernet'
[20:26:02.923] [bmv2] [D] [thread 24337] [38.0] [cxt 0] Parser state 'start': key is 86dd
[20:26:02.923] [bmv2] [T] [thread 24337] [38.0] [cxt 0] Bytes parsed: 14
[20:26:02.923] [bmv2] [D] [thread 24337] [38.0] [cxt 0] Parser 'parser': end
[20:26:02.923] [bmv2] [D] [thread 24337] [38.0] [cxt 0] Pipeline 'ingress': start
[20:26:02.923] [bmv2] [T] [thread 24337] [38.0] [cxt 0] basic.p4(114) Condition "hdr.ipv4.isValid()" (node_2) is false
[20:26:02.923] [bmv2] [D] [thread 24337] [38.0] [cxt 0] Pipeline 'ingress': end
[20:26:02.923] [bmv2] [D] [thread 24337] [38.0] [cxt 0] Egress port is 0
[20:26:02.924] [bmv2] [D] [thread 24338] [37.0] [cxt 0] Pipeline 'egress': start
[20:26:02.928] [bmv2] [D] [thread 24338] [37.0] [cxt 0] Pipeline 'egress': end
[20:26:02.928] [bmv2] [D] [thread 24338] [37.0] [cxt 0] Deparser 'deparser': start
[20:26:02.928] [bmv2] [T] [thread 24338] [37.0] [cxt 0] Skipping checksum 'cksum' update because condition not met
[20:26:02.928] [bmv2] [D] [thread 24338] [37.0] [cxt 0] Deparsing header 'ethernet'
[20:26:02.928] [bmv2] [D] [thread 24338] [37.0] [cxt 0] Deparser 'deparser': end
[20:26:02.928] [bmv2] [D] [thread 24338] [38.0] [cxt 0] Pipeline 'egress': start
[20:26:02.928] [bmv2] [D] [thread 24338] [38.0] [cxt 0] Pipeline 'egress': end
[20:26:02.928] [bmv2] [D] [thread 24338] [38.0] [cxt 0] Deparser 'deparser': start
[20:26:02.928] [bmv2] [T] [thread 24338] [38.0] [cxt 0] Skipping checksum 'cksum' update because condition not met
[20:26:02.929] [bmv2] [D] [thread 24338] [38.0] [cxt 0] Deparsing header 'ethernet'
[20:26:02.929] [bmv2] [D] [thread 24338] [38.0] [cxt 0] Deparser 'deparser': end
[20:26:02.929] [bmv2] [D] [thread 24342] [37.0] [cxt 0] Transmitting packet of size 70 out of port 0
[20:26:02.929] [bmv2] [D] [thread 24342] [38.0] [cxt 0] Transmitting packet of size 70 out of port 0
[20:27:53.511] [bmv2] [D] [thread 24337] [39.0] [cxt 0] Processing packet received on port 2
[20:27:53.511] [bmv2] [D] [thread 24337] [39.0] [cxt 0] Parser 'parser': start
[20:27:53.511] [bmv2] [D] [thread 24337] [39.0] [cxt 0] Parser 'parser' entering state 'start'
[20:27:53.511] [bmv2] [D] [thread 24337] [39.0] [cxt 0] Extracting header 'ethernet'
[20:27:53.511] [bmv2] [D] [thread 24337] [39.0] [cxt 0] Parser state 'start': key is 86dd
[20:27:53.511] [bmv2] [T] [thread 24337] [39.0] [cxt 0] Bytes parsed: 14
[20:27:53.512] [bmv2] [D] [thread 24337] [39.0] [cxt 0] Parser 'parser': end
[20:27:53.512] [bmv2] [D] [thread 24337] [39.0] [cxt 0] Pipeline 'ingress': start
[20:27:53.512] [bmv2] [T] [thread 24337] [39.0] [cxt 0] basic.p4(114) Condition "hdr.ipv4.isValid()" (node_2) is false
[20:27:53.512] [bmv2] [D] [thread 24337] [39.0] [cxt 0] Pipeline 'ingress': end
[20:27:53.512] [bmv2] [D] [thread 24337] [39.0] [cxt 0] Egress port is 0
[20:27:53.512] [bmv2] [D] [thread 24338] [39.0] [cxt 0] Pipeline 'egress': start
[20:27:53.512] [bmv2] [D] [thread 24338] [39.0] [cxt 0] Pipeline 'egress': end
[20:27:53.512] [bmv2] [D] [thread 24338] [39.0] [cxt 0] Deparser 'deparser': start
[20:27:53.512] [bmv2] [T] [thread 24338] [39.0] [cxt 0] Skipping checksum 'cksum' update because condition not met
[20:27:53.512] [bmv2] [D] [thread 24338] [39.0] [cxt 0] Deparsing header 'ethernet'
[20:27:53.512] [bmv2] [D] [thread 24338] [39.0] [cxt 0] Deparser 'deparser': end
[20:27:53.512] [bmv2] [D] [thread 24342] [39.0] [cxt 0] Transmitting packet of size 70 out of port 0
[20:27:57.611] [bmv2] [D] [thread 24337] [40.0] [cxt 0] Processing packet received on port 2
[20:27:57.611] [bmv2] [D] [thread 24337] [40.0] [cxt 0] Parser 'parser': start
[20:27:57.611] [bmv2] [D] [thread 24337] [40.0] [cxt 0] Parser 'parser' entering state 'start'
[20:27:57.611] [bmv2] [D] [thread 24337] [40.0] [cxt 0] Extracting header 'ethernet'
[20:27:57.611] [bmv2] [D] [thread 24337] [40.0] [cxt 0] Parser state 'start': key is 86dd
[20:27:57.611] [bmv2] [T] [thread 24337] [40.0] [cxt 0] Bytes parsed: 14
[20:27:57.611] [bmv2] [D] [thread 24337] [40.0] [cxt 0] Parser 'parser': end
[20:27:57.611] [bmv2] [D] [thread 24337] [40.0] [cxt 0] Pipeline 'ingress': start
[20:27:57.611] [bmv2] [T] [thread 24337] [40.0] [cxt 0] basic.p4(114) Condition "hdr.ipv4.isValid()" (node_2) is false
[20:27:57.611] [bmv2] [D] [thread 24337] [40.0] [cxt 0] Pipeline 'ingress': end
[20:27:57.611] [bmv2] [D] [thread 24337] [40.0] [cxt 0] Egress port is 0
[20:27:57.612] [bmv2] [D] [thread 24338] [40.0] [cxt 0] Pipeline 'egress': start
[20:27:57.612] [bmv2] [D] [thread 24338] [40.0] [cxt 0] Pipeline 'egress': end
[20:27:57.612] [bmv2] [D] [thread 24338] [40.0] [cxt 0] Deparser 'deparser': start
[20:27:57.612] [bmv2] [T] [thread 24338] [40.0] [cxt 0] Skipping checksum 'cksum' update because condition not met
[20:27:57.612] [bmv2] [D] [thread 24338] [40.0] [cxt 0] Deparsing header 'ethernet'
[20:27:57.612] [bmv2] [D] [thread 24338] [40.0] [cxt 0] Deparser 'deparser': end
[20:27:57.612] [bmv2] [D] [thread 24342] [40.0] [cxt 0] Transmitting packet of size 70 out of port 0
[20:28:04.240] [bmv2] [D] [thread 24337] [41.0] [cxt 0] Processing packet received on port 2
[20:28:04.240] [bmv2] [D] [thread 24337] [41.0] [cxt 0] Parser 'parser': start
[20:28:04.240] [bmv2] [D] [thread 24337] [41.0] [cxt 0] Parser 'parser' entering state 'start'
[20:28:04.240] [bmv2] [D] [thread 24337] [41.0] [cxt 0] Extracting header 'ethernet'
[20:28:04.240] [bmv2] [D] [thread 24337] [41.0] [cxt 0] Parser state 'start': key is 0800
[20:28:04.240] [bmv2] [T] [thread 24337] [41.0] [cxt 0] Bytes parsed: 14
[20:28:04.240] [bmv2] [D] [thread 24337] [41.0] [cxt 0] Parser 'parser' entering state 'parse_ipv4'
[20:28:04.240] [bmv2] [D] [thread 24337] [41.0] [cxt 0] Extracting header 'ipv4'
[20:28:04.240] [bmv2] [D] [thread 24337] [41.0] [cxt 0] Parser state 'parse_ipv4' has no switch, going to default next state
[20:28:04.240] [bmv2] [T] [thread 24337] [41.0] [cxt 0] Bytes parsed: 34
[20:28:04.240] [bmv2] [D] [thread 24337] [41.0] [cxt 0] Parser 'parser': end
[20:28:04.240] [bmv2] [D] [thread 24337] [41.0] [cxt 0] Pipeline 'ingress': start
[20:28:04.240] [bmv2] [T] [thread 24337] [41.0] [cxt 0] basic.p4(114) Condition "hdr.ipv4.isValid()" (node_2) is true
[20:28:04.240] [bmv2] [T] [thread 24337] [41.0] [cxt 0] Applying table 'MyIngress.ipv4_lpm'
[20:28:04.240] [bmv2] [D] [thread 24337] [41.0] [cxt 0] Looking up key:
* hdr.ipv4.dstAddr    : 0a000404

[20:28:04.240] [bmv2] [D] [thread 24337] [41.0] [cxt 0] Table 'MyIngress.ipv4_lpm': hit with handle 3
[20:28:04.240] [bmv2] [D] [thread 24337] [41.0] [cxt 0] Dumping entry 3
Match key:
* hdr.ipv4.dstAddr    : LPM       0a000404/32
Action entry: MyIngress.ipv4_forward - 80000000200,1,

[20:28:04.240] [bmv2] [D] [thread 24337] [41.0] [cxt 0] Action entry is MyIngress.ipv4_forward - 80000000200,1,
[20:28:04.240] [bmv2] [T] [thread 24337] [41.0] [cxt 0] Action MyIngress.ipv4_forward
[20:28:04.240] [bmv2] [T] [thread 24337] [41.0] [cxt 0] basic.p4(94) Primitive standard_metadata.egress_spec = port
[20:28:04.240] [bmv2] [T] [thread 24337] [41.0] [cxt 0] basic.p4(95) Primitive hdr.ethernet.srcAddr = hdr.ethernet.dstAddr
[20:28:04.240] [bmv2] [T] [thread 24337] [41.0] [cxt 0] basic.p4(96) Primitive hdr.ethernet.dstAddr = dstAddr
[20:28:04.240] [bmv2] [T] [thread 24337] [41.0] [cxt 0] basic.p4(97) Primitive hdr.ipv4.ttl = hdr.ipv4.ttl - 1
[20:28:04.240] [bmv2] [D] [thread 24337] [41.0] [cxt 0] Pipeline 'ingress': end
[20:28:04.240] [bmv2] [D] [thread 24337] [41.0] [cxt 0] Egress port is 1
[20:28:04.240] [bmv2] [D] [thread 24339] [41.0] [cxt 0] Pipeline 'egress': start
[20:28:04.241] [bmv2] [D] [thread 24339] [41.0] [cxt 0] Pipeline 'egress': end
[20:28:04.241] [bmv2] [D] [thread 24339] [41.0] [cxt 0] Deparser 'deparser': start
[20:28:04.241] [bmv2] [D] [thread 24339] [41.0] [cxt 0] Updating checksum 'cksum'
[20:28:04.241] [bmv2] [D] [thread 24339] [41.0] [cxt 0] Deparsing header 'ethernet'
[20:28:04.241] [bmv2] [D] [thread 24339] [41.0] [cxt 0] Deparsing header 'ipv4'
[20:28:04.241] [bmv2] [D] [thread 24339] [41.0] [cxt 0] Deparser 'deparser': end
[20:28:04.241] [bmv2] [D] [thread 24342] [41.0] [cxt 0] Transmitting packet of size 98 out of port 1
[20:28:04.256] [bmv2] [D] [thread 24337] [42.0] [cxt 0] Processing packet received on port 1
[20:28:04.256] [bmv2] [D] [thread 24337] [42.0] [cxt 0] Parser 'parser': start
[20:28:04.256] [bmv2] [D] [thread 24337] [42.0] [cxt 0] Parser 'parser' entering state 'start'
[20:28:04.256] [bmv2] [D] [thread 24337] [42.0] [cxt 0] Extracting header 'ethernet'
[20:28:04.256] [bmv2] [D] [thread 24337] [42.0] [cxt 0] Parser state 'start': key is 0800
[20:28:04.256] [bmv2] [T] [thread 24337] [42.0] [cxt 0] Bytes parsed: 14
[20:28:04.256] [bmv2] [D] [thread 24337] [42.0] [cxt 0] Parser 'parser' entering state 'parse_ipv4'
[20:28:04.256] [bmv2] [D] [thread 24337] [42.0] [cxt 0] Extracting header 'ipv4'
[20:28:04.256] [bmv2] [D] [thread 24337] [42.0] [cxt 0] Parser state 'parse_ipv4' has no switch, going to default next state
[20:28:04.256] [bmv2] [T] [thread 24337] [42.0] [cxt 0] Bytes parsed: 34
[20:28:04.256] [bmv2] [D] [thread 24337] [42.0] [cxt 0] Parser 'parser': end
[20:28:04.256] [bmv2] [D] [thread 24337] [42.0] [cxt 0] Pipeline 'ingress': start
[20:28:04.256] [bmv2] [T] [thread 24337] [42.0] [cxt 0] basic.p4(114) Condition "hdr.ipv4.isValid()" (node_2) is true
[20:28:04.256] [bmv2] [T] [thread 24337] [42.0] [cxt 0] Applying table 'MyIngress.ipv4_lpm'
[20:28:04.256] [bmv2] [D] [thread 24337] [42.0] [cxt 0] Looking up key:
* hdr.ipv4.dstAddr    : 0a000202

[20:28:04.256] [bmv2] [D] [thread 24337] [42.0] [cxt 0] Table 'MyIngress.ipv4_lpm': hit with handle 1
[20:28:04.256] [bmv2] [D] [thread 24337] [42.0] [cxt 0] Dumping entry 1
Match key:
* hdr.ipv4.dstAddr    : LPM       0a000202/32
Action entry: MyIngress.ipv4_forward - 80000000100,2,

[20:28:04.256] [bmv2] [D] [thread 24337] [42.0] [cxt 0] Action entry is MyIngress.ipv4_forward - 80000000100,2,
[20:28:04.256] [bmv2] [T] [thread 24337] [42.0] [cxt 0] Action MyIngress.ipv4_forward
[20:28:04.256] [bmv2] [T] [thread 24337] [42.0] [cxt 0] basic.p4(94) Primitive standard_metadata.egress_spec = port
[20:28:04.256] [bmv2] [T] [thread 24337] [42.0] [cxt 0] basic.p4(95) Primitive hdr.ethernet.srcAddr = hdr.ethernet.dstAddr
[20:28:04.256] [bmv2] [T] [thread 24337] [42.0] [cxt 0] basic.p4(96) Primitive hdr.ethernet.dstAddr = dstAddr
[20:28:04.256] [bmv2] [T] [thread 24337] [42.0] [cxt 0] basic.p4(97) Primitive hdr.ipv4.ttl = hdr.ipv4.ttl - 1
[20:28:04.256] [bmv2] [D] [thread 24337] [42.0] [cxt 0] Pipeline 'ingress': end
[20:28:04.256] [bmv2] [D] [thread 24337] [42.0] [cxt 0] Egress port is 2
[20:28:04.257] [bmv2] [D] [thread 24340] [42.0] [cxt 0] Pipeline 'egress': start
[20:28:04.257] [bmv2] [D] [thread 24340] [42.0] [cxt 0] Pipeline 'egress': end
[20:28:04.257] [bmv2] [D] [thread 24340] [42.0] [cxt 0] Deparser 'deparser': start
[20:28:04.257] [bmv2] [D] [thread 24340] [42.0] [cxt 0] Updating checksum 'cksum'
[20:28:04.257] [bmv2] [D] [thread 24340] [42.0] [cxt 0] Deparsing header 'ethernet'
[20:28:04.257] [bmv2] [D] [thread 24340] [42.0] [cxt 0] Deparsing header 'ipv4'
[20:28:04.257] [bmv2] [D] [thread 24340] [42.0] [cxt 0] Deparser 'deparser': end
[20:28:04.257] [bmv2] [D] [thread 24342] [42.0] [cxt 0] Transmitting packet of size 98 out of port 2
[20:28:04.263] [bmv2] [D] [thread 24337] [43.0] [cxt 0] Processing packet received on port 2
[20:28:04.263] [bmv2] [D] [thread 24337] [43.0] [cxt 0] Parser 'parser': start
[20:28:04.263] [bmv2] [D] [thread 24337] [43.0] [cxt 0] Parser 'parser' entering state 'start'
[20:28:04.263] [bmv2] [D] [thread 24337] [43.0] [cxt 0] Extracting header 'ethernet'
[20:28:04.263] [bmv2] [D] [thread 24337] [43.0] [cxt 0] Parser state 'start': key is 0800
[20:28:04.263] [bmv2] [T] [thread 24337] [43.0] [cxt 0] Bytes parsed: 14
[20:28:04.263] [bmv2] [D] [thread 24337] [43.0] [cxt 0] Parser 'parser' entering state 'parse_ipv4'
[20:28:04.263] [bmv2] [D] [thread 24337] [43.0] [cxt 0] Extracting header 'ipv4'
[20:28:04.263] [bmv2] [D] [thread 24337] [43.0] [cxt 0] Parser state 'parse_ipv4' has no switch, going to default next state
[20:28:04.263] [bmv2] [T] [thread 24337] [43.0] [cxt 0] Bytes parsed: 34
[20:28:04.263] [bmv2] [D] [thread 24337] [43.0] [cxt 0] Parser 'parser': end
[20:28:04.263] [bmv2] [D] [thread 24337] [43.0] [cxt 0] Pipeline 'ingress': start
[20:28:04.263] [bmv2] [T] [thread 24337] [43.0] [cxt 0] basic.p4(114) Condition "hdr.ipv4.isValid()" (node_2) is true
[20:28:04.263] [bmv2] [T] [thread 24337] [43.0] [cxt 0] Applying table 'MyIngress.ipv4_lpm'
[20:28:04.263] [bmv2] [D] [thread 24337] [43.0] [cxt 0] Looking up key:
* hdr.ipv4.dstAddr    : 0a000404

[20:28:04.263] [bmv2] [D] [thread 24337] [43.0] [cxt 0] Table 'MyIngress.ipv4_lpm': hit with handle 3
[20:28:04.263] [bmv2] [D] [thread 24337] [43.0] [cxt 0] Dumping entry 3
Match key:
* hdr.ipv4.dstAddr    : LPM       0a000404/32
Action entry: MyIngress.ipv4_forward - 80000000200,1,

[20:28:04.263] [bmv2] [D] [thread 24337] [43.0] [cxt 0] Action entry is MyIngress.ipv4_forward - 80000000200,1,
[20:28:04.263] [bmv2] [T] [thread 24337] [43.0] [cxt 0] Action MyIngress.ipv4_forward
[20:28:04.263] [bmv2] [T] [thread 24337] [43.0] [cxt 0] basic.p4(94) Primitive standard_metadata.egress_spec = port
[20:28:04.263] [bmv2] [T] [thread 24337] [43.0] [cxt 0] basic.p4(95) Primitive hdr.ethernet.srcAddr = hdr.ethernet.dstAddr
[20:28:04.263] [bmv2] [T] [thread 24337] [43.0] [cxt 0] basic.p4(96) Primitive hdr.ethernet.dstAddr = dstAddr
[20:28:04.263] [bmv2] [T] [thread 24337] [43.0] [cxt 0] basic.p4(97) Primitive hdr.ipv4.ttl = hdr.ipv4.ttl - 1
[20:28:04.263] [bmv2] [D] [thread 24337] [43.0] [cxt 0] Pipeline 'ingress': end
[20:28:04.263] [bmv2] [D] [thread 24337] [43.0] [cxt 0] Egress port is 1
[20:28:04.263] [bmv2] [D] [thread 24339] [43.0] [cxt 0] Pipeline 'egress': start
[20:28:04.263] [bmv2] [D] [thread 24339] [43.0] [cxt 0] Pipeline 'egress': end
[20:28:04.263] [bmv2] [D] [thread 24339] [43.0] [cxt 0] Deparser 'deparser': start
[20:28:04.263] [bmv2] [D] [thread 24339] [43.0] [cxt 0] Updating checksum 'cksum'
[20:28:04.263] [bmv2] [D] [thread 24339] [43.0] [cxt 0] Deparsing header 'ethernet'
[20:28:04.263] [bmv2] [D] [thread 24339] [43.0] [cxt 0] Deparsing header 'ipv4'
[20:28:04.263] [bmv2] [D] [thread 24339] [43.0] [cxt 0] Deparser 'deparser': end
[20:28:04.263] [bmv2] [D] [thread 24342] [43.0] [cxt 0] Transmitting packet of size 98 out of port 1
[20:28:04.265] [bmv2] [D] [thread 24337] [44.0] [cxt 0] Processing packet received on port 1
[20:28:04.265] [bmv2] [D] [thread 24337] [44.0] [cxt 0] Parser 'parser': start
[20:28:04.265] [bmv2] [D] [thread 24337] [44.0] [cxt 0] Parser 'parser' entering state 'start'
[20:28:04.265] [bmv2] [D] [thread 24337] [44.0] [cxt 0] Extracting header 'ethernet'
[20:28:04.265] [bmv2] [D] [thread 24337] [44.0] [cxt 0] Parser state 'start': key is 0800
[20:28:04.265] [bmv2] [T] [thread 24337] [44.0] [cxt 0] Bytes parsed: 14
[20:28:04.265] [bmv2] [D] [thread 24337] [44.0] [cxt 0] Parser 'parser' entering state 'parse_ipv4'
[20:28:04.265] [bmv2] [D] [thread 24337] [44.0] [cxt 0] Extracting header 'ipv4'
[20:28:04.265] [bmv2] [D] [thread 24337] [44.0] [cxt 0] Parser state 'parse_ipv4' has no switch, going to default next state
[20:28:04.265] [bmv2] [T] [thread 24337] [44.0] [cxt 0] Bytes parsed: 34
[20:28:04.265] [bmv2] [D] [thread 24337] [44.0] [cxt 0] Parser 'parser': end
[20:28:04.265] [bmv2] [D] [thread 24337] [44.0] [cxt 0] Pipeline 'ingress': start
[20:28:04.265] [bmv2] [T] [thread 24337] [44.0] [cxt 0] basic.p4(114) Condition "hdr.ipv4.isValid()" (node_2) is true
[20:28:04.265] [bmv2] [T] [thread 24337] [44.0] [cxt 0] Applying table 'MyIngress.ipv4_lpm'
[20:28:04.265] [bmv2] [D] [thread 24337] [44.0] [cxt 0] Looking up key:
* hdr.ipv4.dstAddr    : 0a000202

[20:28:04.265] [bmv2] [D] [thread 24337] [44.0] [cxt 0] Table 'MyIngress.ipv4_lpm': hit with handle 1
[20:28:04.265] [bmv2] [D] [thread 24337] [44.0] [cxt 0] Dumping entry 1
Match key:
* hdr.ipv4.dstAddr    : LPM       0a000202/32
Action entry: MyIngress.ipv4_forward - 80000000100,2,

[20:28:04.265] [bmv2] [D] [thread 24337] [44.0] [cxt 0] Action entry is MyIngress.ipv4_forward - 80000000100,2,
[20:28:04.265] [bmv2] [T] [thread 24337] [44.0] [cxt 0] Action MyIngress.ipv4_forward
[20:28:04.265] [bmv2] [T] [thread 24337] [44.0] [cxt 0] basic.p4(94) Primitive standard_metadata.egress_spec = port
[20:28:04.265] [bmv2] [T] [thread 24337] [44.0] [cxt 0] basic.p4(95) Primitive hdr.ethernet.srcAddr = hdr.ethernet.dstAddr
[20:28:04.265] [bmv2] [T] [thread 24337] [44.0] [cxt 0] basic.p4(96) Primitive hdr.ethernet.dstAddr = dstAddr
[20:28:04.265] [bmv2] [T] [thread 24337] [44.0] [cxt 0] basic.p4(97) Primitive hdr.ipv4.ttl = hdr.ipv4.ttl - 1
[20:28:04.265] [bmv2] [D] [thread 24337] [44.0] [cxt 0] Pipeline 'ingress': end
[20:28:04.265] [bmv2] [D] [thread 24337] [44.0] [cxt 0] Egress port is 2
[20:28:04.265] [bmv2] [D] [thread 24340] [44.0] [cxt 0] Pipeline 'egress': start
[20:28:04.265] [bmv2] [D] [thread 24340] [44.0] [cxt 0] Pipeline 'egress': end
[20:28:04.265] [bmv2] [D] [thread 24340] [44.0] [cxt 0] Deparser 'deparser': start
[20:28:04.265] [bmv2] [D] [thread 24340] [44.0] [cxt 0] Updating checksum 'cksum'
[20:28:04.265] [bmv2] [D] [thread 24340] [44.0] [cxt 0] Deparsing header 'ethernet'
[20:28:04.265] [bmv2] [D] [thread 24340] [44.0] [cxt 0] Deparsing header 'ipv4'
[20:28:04.265] [bmv2] [D] [thread 24340] [44.0] [cxt 0] Deparser 'deparser': end
[20:28:04.266] [bmv2] [D] [thread 24342] [44.0] [cxt 0] Transmitting packet of size 98 out of port 2
[20:28:04.279] [bmv2] [D] [thread 24337] [45.0] [cxt 0] Processing packet received on port 1
[20:28:04.279] [bmv2] [D] [thread 24337] [45.0] [cxt 0] Parser 'parser': start
[20:28:04.279] [bmv2] [D] [thread 24337] [45.0] [cxt 0] Parser 'parser' entering state 'start'
[20:28:04.279] [bmv2] [D] [thread 24337] [45.0] [cxt 0] Extracting header 'ethernet'
[20:28:04.279] [bmv2] [D] [thread 24337] [45.0] [cxt 0] Parser state 'start': key is 0800
[20:28:04.279] [bmv2] [T] [thread 24337] [45.0] [cxt 0] Bytes parsed: 14
[20:28:04.279] [bmv2] [D] [thread 24337] [45.0] [cxt 0] Parser 'parser' entering state 'parse_ipv4'
[20:28:04.279] [bmv2] [D] [thread 24337] [45.0] [cxt 0] Extracting header 'ipv4'
[20:28:04.279] [bmv2] [D] [thread 24337] [45.0] [cxt 0] Parser state 'parse_ipv4' has no switch, going to default next state
[20:28:04.279] [bmv2] [T] [thread 24337] [45.0] [cxt 0] Bytes parsed: 34
[20:28:04.279] [bmv2] [D] [thread 24337] [45.0] [cxt 0] Parser 'parser': end
[20:28:04.279] [bmv2] [D] [thread 24337] [45.0] [cxt 0] Pipeline 'ingress': start
[20:28:04.279] [bmv2] [T] [thread 24337] [45.0] [cxt 0] basic.p4(114) Condition "hdr.ipv4.isValid()" (node_2) is true
[20:28:04.279] [bmv2] [T] [thread 24337] [45.0] [cxt 0] Applying table 'MyIngress.ipv4_lpm'
[20:28:04.279] [bmv2] [D] [thread 24337] [45.0] [cxt 0] Looking up key:
* hdr.ipv4.dstAddr    : 0a000202

[20:28:04.279] [bmv2] [D] [thread 24337] [45.0] [cxt 0] Table 'MyIngress.ipv4_lpm': hit with handle 1
[20:28:04.279] [bmv2] [D] [thread 24337] [45.0] [cxt 0] Dumping entry 1
Match key:
* hdr.ipv4.dstAddr    : LPM       0a000202/32
Action entry: MyIngress.ipv4_forward - 80000000100,2,

[20:28:04.279] [bmv2] [D] [thread 24337] [45.0] [cxt 0] Action entry is MyIngress.ipv4_forward - 80000000100,2,
[20:28:04.279] [bmv2] [T] [thread 24337] [45.0] [cxt 0] Action MyIngress.ipv4_forward
[20:28:04.279] [bmv2] [T] [thread 24337] [45.0] [cxt 0] basic.p4(94) Primitive standard_metadata.egress_spec = port
[20:28:04.279] [bmv2] [T] [thread 24337] [45.0] [cxt 0] basic.p4(95) Primitive hdr.ethernet.srcAddr = hdr.ethernet.dstAddr
[20:28:04.280] [bmv2] [T] [thread 24337] [45.0] [cxt 0] basic.p4(96) Primitive hdr.ethernet.dstAddr = dstAddr
[20:28:04.280] [bmv2] [T] [thread 24337] [45.0] [cxt 0] basic.p4(97) Primitive hdr.ipv4.ttl = hdr.ipv4.ttl - 1
[20:28:04.280] [bmv2] [D] [thread 24337] [45.0] [cxt 0] Pipeline 'ingress': end
[20:28:04.280] [bmv2] [D] [thread 24337] [45.0] [cxt 0] Egress port is 2
[20:28:04.280] [bmv2] [D] [thread 24340] [45.0] [cxt 0] Pipeline 'egress': start
[20:28:04.280] [bmv2] [D] [thread 24340] [45.0] [cxt 0] Pipeline 'egress': end
[20:28:04.280] [bmv2] [D] [thread 24340] [45.0] [cxt 0] Deparser 'deparser': start
[20:28:04.280] [bmv2] [D] [thread 24340] [45.0] [cxt 0] Updating checksum 'cksum'
[20:28:04.280] [bmv2] [D] [thread 24340] [45.0] [cxt 0] Deparsing header 'ethernet'
[20:28:04.280] [bmv2] [D] [thread 24340] [45.0] [cxt 0] Deparsing header 'ipv4'
[20:28:04.280] [bmv2] [D] [thread 24340] [45.0] [cxt 0] Deparser 'deparser': end
[20:28:04.280] [bmv2] [D] [thread 24342] [45.0] [cxt 0] Transmitting packet of size 98 out of port 2
[20:28:04.304] [bmv2] [D] [thread 24337] [46.0] [cxt 0] Processing packet received on port 2
[20:28:04.304] [bmv2] [D] [thread 24337] [46.0] [cxt 0] Parser 'parser': start
[20:28:04.304] [bmv2] [D] [thread 24337] [46.0] [cxt 0] Parser 'parser' entering state 'start'
[20:28:04.304] [bmv2] [D] [thread 24337] [46.0] [cxt 0] Extracting header 'ethernet'
[20:28:04.304] [bmv2] [D] [thread 24337] [46.0] [cxt 0] Parser state 'start': key is 0800
[20:28:04.304] [bmv2] [T] [thread 24337] [46.0] [cxt 0] Bytes parsed: 14
[20:28:04.304] [bmv2] [D] [thread 24337] [46.0] [cxt 0] Parser 'parser' entering state 'parse_ipv4'
[20:28:04.304] [bmv2] [D] [thread 24337] [46.0] [cxt 0] Extracting header 'ipv4'
[20:28:04.304] [bmv2] [D] [thread 24337] [46.0] [cxt 0] Parser state 'parse_ipv4' has no switch, going to default next state
[20:28:04.304] [bmv2] [T] [thread 24337] [46.0] [cxt 0] Bytes parsed: 34
[20:28:04.304] [bmv2] [D] [thread 24337] [46.0] [cxt 0] Parser 'parser': end
[20:28:04.304] [bmv2] [D] [thread 24337] [46.0] [cxt 0] Pipeline 'ingress': start
[20:28:04.304] [bmv2] [T] [thread 24337] [46.0] [cxt 0] basic.p4(114) Condition "hdr.ipv4.isValid()" (node_2) is true
[20:28:04.304] [bmv2] [T] [thread 24337] [46.0] [cxt 0] Applying table 'MyIngress.ipv4_lpm'
[20:28:04.304] [bmv2] [D] [thread 24337] [46.0] [cxt 0] Looking up key:
* hdr.ipv4.dstAddr    : 0a000404

[20:28:04.305] [bmv2] [D] [thread 24337] [46.0] [cxt 0] Table 'MyIngress.ipv4_lpm': hit with handle 3
[20:28:04.305] [bmv2] [D] [thread 24337] [46.0] [cxt 0] Dumping entry 3
Match key:
* hdr.ipv4.dstAddr    : LPM       0a000404/32
Action entry: MyIngress.ipv4_forward - 80000000200,1,

[20:28:04.305] [bmv2] [D] [thread 24337] [46.0] [cxt 0] Action entry is MyIngress.ipv4_forward - 80000000200,1,
[20:28:04.305] [bmv2] [T] [thread 24337] [46.0] [cxt 0] Action MyIngress.ipv4_forward
[20:28:04.305] [bmv2] [T] [thread 24337] [46.0] [cxt 0] basic.p4(94) Primitive standard_metadata.egress_spec = port
[20:28:04.305] [bmv2] [T] [thread 24337] [46.0] [cxt 0] basic.p4(95) Primitive hdr.ethernet.srcAddr = hdr.ethernet.dstAddr
[20:28:04.305] [bmv2] [T] [thread 24337] [46.0] [cxt 0] basic.p4(96) Primitive hdr.ethernet.dstAddr = dstAddr
[20:28:04.305] [bmv2] [T] [thread 24337] [46.0] [cxt 0] basic.p4(97) Primitive hdr.ipv4.ttl = hdr.ipv4.ttl - 1
[20:28:04.305] [bmv2] [D] [thread 24337] [46.0] [cxt 0] Pipeline 'ingress': end
[20:28:04.305] [bmv2] [D] [thread 24337] [46.0] [cxt 0] Egress port is 1
[20:28:04.305] [bmv2] [D] [thread 24339] [46.0] [cxt 0] Pipeline 'egress': start
[20:28:04.305] [bmv2] [D] [thread 24339] [46.0] [cxt 0] Pipeline 'egress': end
[20:28:04.305] [bmv2] [D] [thread 24339] [46.0] [cxt 0] Deparser 'deparser': start
[20:28:04.305] [bmv2] [D] [thread 24339] [46.0] [cxt 0] Updating checksum 'cksum'
[20:28:04.305] [bmv2] [D] [thread 24339] [46.0] [cxt 0] Deparsing header 'ethernet'
[20:28:04.305] [bmv2] [D] [thread 24339] [46.0] [cxt 0] Deparsing header 'ipv4'
[20:28:04.305] [bmv2] [D] [thread 24339] [46.0] [cxt 0] Deparser 'deparser': end
[20:28:04.305] [bmv2] [D] [thread 24342] [46.0] [cxt 0] Transmitting packet of size 98 out of port 1
[20:28:04.310] [bmv2] [D] [thread 24337] [47.0] [cxt 0] Processing packet received on port 1
[20:28:04.310] [bmv2] [D] [thread 24337] [47.0] [cxt 0] Parser 'parser': start
[20:28:04.310] [bmv2] [D] [thread 24337] [47.0] [cxt 0] Parser 'parser' entering state 'start'
[20:28:04.310] [bmv2] [D] [thread 24337] [47.0] [cxt 0] Extracting header 'ethernet'
[20:28:04.310] [bmv2] [D] [thread 24337] [47.0] [cxt 0] Parser state 'start': key is 0800
[20:28:04.310] [bmv2] [T] [thread 24337] [47.0] [cxt 0] Bytes parsed: 14
[20:28:04.310] [bmv2] [D] [thread 24337] [47.0] [cxt 0] Parser 'parser' entering state 'parse_ipv4'
[20:28:04.310] [bmv2] [D] [thread 24337] [47.0] [cxt 0] Extracting header 'ipv4'
[20:28:04.310] [bmv2] [D] [thread 24337] [47.0] [cxt 0] Parser state 'parse_ipv4' has no switch, going to default next state
[20:28:04.310] [bmv2] [T] [thread 24337] [47.0] [cxt 0] Bytes parsed: 34
[20:28:04.310] [bmv2] [D] [thread 24337] [47.0] [cxt 0] Parser 'parser': end
[20:28:04.310] [bmv2] [D] [thread 24337] [47.0] [cxt 0] Pipeline 'ingress': start
[20:28:04.310] [bmv2] [T] [thread 24337] [47.0] [cxt 0] basic.p4(114) Condition "hdr.ipv4.isValid()" (node_2) is true
[20:28:04.310] [bmv2] [T] [thread 24337] [47.0] [cxt 0] Applying table 'MyIngress.ipv4_lpm'
[20:28:04.310] [bmv2] [D] [thread 24337] [47.0] [cxt 0] Looking up key:
* hdr.ipv4.dstAddr    : 0a000202

[20:28:04.310] [bmv2] [D] [thread 24337] [47.0] [cxt 0] Table 'MyIngress.ipv4_lpm': hit with handle 1
[20:28:04.310] [bmv2] [D] [thread 24337] [47.0] [cxt 0] Dumping entry 1
Match key:
* hdr.ipv4.dstAddr    : LPM       0a000202/32
Action entry: MyIngress.ipv4_forward - 80000000100,2,

[20:28:04.310] [bmv2] [D] [thread 24337] [47.0] [cxt 0] Action entry is MyIngress.ipv4_forward - 80000000100,2,
[20:28:04.310] [bmv2] [T] [thread 24337] [47.0] [cxt 0] Action MyIngress.ipv4_forward
[20:28:04.310] [bmv2] [T] [thread 24337] [47.0] [cxt 0] basic.p4(94) Primitive standard_metadata.egress_spec = port
[20:28:04.310] [bmv2] [T] [thread 24337] [47.0] [cxt 0] basic.p4(95) Primitive hdr.ethernet.srcAddr = hdr.ethernet.dstAddr
[20:28:04.310] [bmv2] [T] [thread 24337] [47.0] [cxt 0] basic.p4(96) Primitive hdr.ethernet.dstAddr = dstAddr
[20:28:04.310] [bmv2] [T] [thread 24337] [47.0] [cxt 0] basic.p4(97) Primitive hdr.ipv4.ttl = hdr.ipv4.ttl - 1
[20:28:04.310] [bmv2] [D] [thread 24337] [47.0] [cxt 0] Pipeline 'ingress': end
[20:28:04.311] [bmv2] [D] [thread 24337] [47.0] [cxt 0] Egress port is 2
[20:28:04.311] [bmv2] [D] [thread 24340] [47.0] [cxt 0] Pipeline 'egress': start
[20:28:04.311] [bmv2] [D] [thread 24340] [47.0] [cxt 0] Pipeline 'egress': end
[20:28:04.311] [bmv2] [D] [thread 24340] [47.0] [cxt 0] Deparser 'deparser': start
[20:28:04.311] [bmv2] [D] [thread 24340] [47.0] [cxt 0] Updating checksum 'cksum'
[20:28:04.311] [bmv2] [D] [thread 24340] [47.0] [cxt 0] Deparsing header 'ethernet'
[20:28:04.311] [bmv2] [D] [thread 24340] [47.0] [cxt 0] Deparsing header 'ipv4'
[20:28:04.311] [bmv2] [D] [thread 24340] [47.0] [cxt 0] Deparser 'deparser': end
[20:28:04.311] [bmv2] [D] [thread 24342] [47.0] [cxt 0] Transmitting packet of size 98 out of port 2
[20:28:04.313] [bmv2] [D] [thread 24337] [48.0] [cxt 0] Processing packet received on port 2
[20:28:04.313] [bmv2] [D] [thread 24337] [48.0] [cxt 0] Parser 'parser': start
[20:28:04.313] [bmv2] [D] [thread 24337] [48.0] [cxt 0] Parser 'parser' entering state 'start'
[20:28:04.313] [bmv2] [D] [thread 24337] [48.0] [cxt 0] Extracting header 'ethernet'
[20:28:04.313] [bmv2] [D] [thread 24337] [48.0] [cxt 0] Parser state 'start': key is 0800
[20:28:04.313] [bmv2] [T] [thread 24337] [48.0] [cxt 0] Bytes parsed: 14
[20:28:04.313] [bmv2] [D] [thread 24337] [48.0] [cxt 0] Parser 'parser' entering state 'parse_ipv4'
[20:28:04.313] [bmv2] [D] [thread 24337] [48.0] [cxt 0] Extracting header 'ipv4'
[20:28:04.313] [bmv2] [D] [thread 24337] [48.0] [cxt 0] Parser state 'parse_ipv4' has no switch, going to default next state
[20:28:04.313] [bmv2] [T] [thread 24337] [48.0] [cxt 0] Bytes parsed: 34
[20:28:04.313] [bmv2] [D] [thread 24337] [48.0] [cxt 0] Parser 'parser': end
[20:28:04.313] [bmv2] [D] [thread 24337] [48.0] [cxt 0] Pipeline 'ingress': start
[20:28:04.313] [bmv2] [T] [thread 24337] [48.0] [cxt 0] basic.p4(114) Condition "hdr.ipv4.isValid()" (node_2) is true
[20:28:04.313] [bmv2] [T] [thread 24337] [48.0] [cxt 0] Applying table 'MyIngress.ipv4_lpm'
[20:28:04.313] [bmv2] [D] [thread 24337] [48.0] [cxt 0] Looking up key:
* hdr.ipv4.dstAddr    : 0a000404

[20:28:04.313] [bmv2] [D] [thread 24337] [48.0] [cxt 0] Table 'MyIngress.ipv4_lpm': hit with handle 3
[20:28:04.313] [bmv2] [D] [thread 24337] [48.0] [cxt 0] Dumping entry 3
Match key:
* hdr.ipv4.dstAddr    : LPM       0a000404/32
Action entry: MyIngress.ipv4_forward - 80000000200,1,

[20:28:04.313] [bmv2] [D] [thread 24337] [48.0] [cxt 0] Action entry is MyIngress.ipv4_forward - 80000000200,1,
[20:28:04.313] [bmv2] [T] [thread 24337] [48.0] [cxt 0] Action MyIngress.ipv4_forward
[20:28:04.313] [bmv2] [T] [thread 24337] [48.0] [cxt 0] basic.p4(94) Primitive standard_metadata.egress_spec = port
[20:28:04.313] [bmv2] [T] [thread 24337] [48.0] [cxt 0] basic.p4(95) Primitive hdr.ethernet.srcAddr = hdr.ethernet.dstAddr
[20:28:04.313] [bmv2] [T] [thread 24337] [48.0] [cxt 0] basic.p4(96) Primitive hdr.ethernet.dstAddr = dstAddr
[20:28:04.313] [bmv2] [T] [thread 24337] [48.0] [cxt 0] basic.p4(97) Primitive hdr.ipv4.ttl = hdr.ipv4.ttl - 1
[20:28:04.313] [bmv2] [D] [thread 24337] [48.0] [cxt 0] Pipeline 'ingress': end
[20:28:04.313] [bmv2] [D] [thread 24337] [48.0] [cxt 0] Egress port is 1
[20:28:04.313] [bmv2] [D] [thread 24339] [48.0] [cxt 0] Pipeline 'egress': start
[20:28:04.313] [bmv2] [D] [thread 24339] [48.0] [cxt 0] Pipeline 'egress': end
[20:28:04.313] [bmv2] [D] [thread 24339] [48.0] [cxt 0] Deparser 'deparser': start
[20:28:04.313] [bmv2] [D] [thread 24339] [48.0] [cxt 0] Updating checksum 'cksum'
[20:28:04.313] [bmv2] [D] [thread 24339] [48.0] [cxt 0] Deparsing header 'ethernet'
[20:28:04.313] [bmv2] [D] [thread 24339] [48.0] [cxt 0] Deparsing header 'ipv4'
[20:28:04.313] [bmv2] [D] [thread 24339] [48.0] [cxt 0] Deparser 'deparser': end
[20:28:04.313] [bmv2] [D] [thread 24342] [48.0] [cxt 0] Transmitting packet of size 98 out of port 1
[20:28:24.250] [bmv2] [D] [thread 24337] [49.0] [cxt 0] Processing packet received on port 1
[20:28:24.251] [bmv2] [D] [thread 24337] [49.0] [cxt 0] Parser 'parser': start
[20:28:24.251] [bmv2] [D] [thread 24337] [49.0] [cxt 0] Parser 'parser' entering state 'start'
[20:28:24.251] [bmv2] [D] [thread 24337] [49.0] [cxt 0] Extracting header 'ethernet'
[20:28:24.251] [bmv2] [D] [thread 24337] [49.0] [cxt 0] Parser state 'start': key is 86dd
[20:28:24.251] [bmv2] [T] [thread 24337] [49.0] [cxt 0] Bytes parsed: 14
[20:28:24.251] [bmv2] [D] [thread 24337] [49.0] [cxt 0] Parser 'parser': end
[20:28:24.251] [bmv2] [D] [thread 24337] [49.0] [cxt 0] Pipeline 'ingress': start
[20:28:24.251] [bmv2] [T] [thread 24337] [49.0] [cxt 0] basic.p4(114) Condition "hdr.ipv4.isValid()" (node_2) is false
[20:28:24.251] [bmv2] [D] [thread 24337] [49.0] [cxt 0] Pipeline 'ingress': end
[20:28:24.251] [bmv2] [D] [thread 24337] [49.0] [cxt 0] Egress port is 0
[20:28:24.256] [bmv2] [D] [thread 24338] [49.0] [cxt 0] Pipeline 'egress': start
[20:28:24.256] [bmv2] [D] [thread 24338] [49.0] [cxt 0] Pipeline 'egress': end
[20:28:24.256] [bmv2] [D] [thread 24338] [49.0] [cxt 0] Deparser 'deparser': start
[20:28:24.256] [bmv2] [T] [thread 24338] [49.0] [cxt 0] Skipping checksum 'cksum' update because condition not met
[20:28:24.256] [bmv2] [D] [thread 24338] [49.0] [cxt 0] Deparsing header 'ethernet'
[20:28:24.256] [bmv2] [D] [thread 24338] [49.0] [cxt 0] Deparser 'deparser': end
[20:28:24.256] [bmv2] [D] [thread 24342] [49.0] [cxt 0] Transmitting packet of size 70 out of port 0
open: No such file or directory
open: No such file or directory
open: No such file or directory
open: No such file or directory
open: No such file or directory
