Calling target program-options parser
[19:17:33.400] [bmv2] [D] [thread 120360] Set default default entry for table 'MyIngress.ipv4_lpm': MyIngress.drop - 
[19:17:33.400] [bmv2] [D] [thread 120360] Set default default entry for table 'MyIngress.myTunnel_exact': MyIngress.drop - 
Adding interface s3-eth1 as port 1
[19:17:33.401] [bmv2] [D] [thread 120360] Adding interface s3-eth1 as port 1
Adding interface s3-eth2 as port 2
[19:17:33.482] [bmv2] [D] [thread 120360] Adding interface s3-eth2 as port 2
Adding interface s3-eth3 as port 3
[19:17:33.567] [bmv2] [D] [thread 120360] Adding interface s3-eth3 as port 3
Server listening on 0.0.0.0:50053
[19:17:33.776] [bmv2] [I] [thread 120360] Starting Thrift server on port 9092
[19:17:33.779] [bmv2] [I] [thread 120360] Thrift server was started
[19:17:33.781] [bmv2] [D] [thread 120370] [0.0] [cxt 0] Processing packet received on port 1
[19:17:33.781] [bmv2] [D] [thread 120370] [0.0] [cxt 0] Parser 'parser': start
[19:17:33.781] [bmv2] [D] [thread 120370] [0.0] [cxt 0] Parser 'parser' entering state 'start'
[19:17:33.781] [bmv2] [D] [thread 120370] [0.0] [cxt 0] Extracting header 'ethernet'
[19:17:33.781] [bmv2] [D] [thread 120370] [0.0] [cxt 0] Parser state 'start': key is 86dd
[19:17:33.781] [bmv2] [T] [thread 120370] [0.0] [cxt 0] Bytes parsed: 14
[19:17:33.781] [bmv2] [D] [thread 120370] [0.0] [cxt 0] Parser 'parser': end
[19:17:33.781] [bmv2] [D] [thread 120370] [0.0] [cxt 0] Pipeline 'ingress': start
[19:17:33.781] [bmv2] [T] [thread 120370] [0.0] [cxt 0] basic_tunnel.p4(152) Condition "hdr.ipv4.isValid() && !hdr.myTunnel.isValid()" (node_2) is false
[19:17:33.781] [bmv2] [T] [thread 120370] [0.0] [cxt 0] basic_tunnel.p4(155) Condition "hdr.myTunnel.isValid()" (node_4) is false
[19:17:33.781] [bmv2] [D] [thread 120370] [0.0] [cxt 0] Pipeline 'ingress': end
[19:17:33.781] [bmv2] [D] [thread 120370] [0.0] [cxt 0] Egress port is 0
[19:17:33.781] [bmv2] [D] [thread 120370] [1.0] [cxt 0] Processing packet received on port 2
[19:17:33.781] [bmv2] [D] [thread 120370] [1.0] [cxt 0] Parser 'parser': start
[19:17:33.781] [bmv2] [D] [thread 120370] [1.0] [cxt 0] Parser 'parser' entering state 'start'
[19:17:33.781] [bmv2] [D] [thread 120370] [1.0] [cxt 0] Extracting header 'ethernet'
[19:17:33.781] [bmv2] [D] [thread 120370] [1.0] [cxt 0] Parser state 'start': key is 86dd
[19:17:33.781] [bmv2] [T] [thread 120370] [1.0] [cxt 0] Bytes parsed: 14
[19:17:33.781] [bmv2] [D] [thread 120370] [1.0] [cxt 0] Parser 'parser': end
[19:17:33.781] [bmv2] [D] [thread 120370] [1.0] [cxt 0] Pipeline 'ingress': start
[19:17:33.781] [bmv2] [T] [thread 120370] [1.0] [cxt 0] basic_tunnel.p4(152) Condition "hdr.ipv4.isValid() && !hdr.myTunnel.isValid()" (node_2) is false
[19:17:33.781] [bmv2] [T] [thread 120370] [1.0] [cxt 0] basic_tunnel.p4(155) Condition "hdr.myTunnel.isValid()" (node_4) is false
[19:17:33.781] [bmv2] [D] [thread 120370] [1.0] [cxt 0] Pipeline 'ingress': end
[19:17:33.781] [bmv2] [D] [thread 120370] [1.0] [cxt 0] Egress port is 0
[19:17:33.781] [bmv2] [D] [thread 120370] [2.0] [cxt 0] Processing packet received on port 2
[19:17:33.781] [bmv2] [D] [thread 120370] [2.0] [cxt 0] Parser 'parser': start
[19:17:33.781] [bmv2] [D] [thread 120370] [2.0] [cxt 0] Parser 'parser' entering state 'start'
[19:17:33.781] [bmv2] [D] [thread 120370] [2.0] [cxt 0] Extracting header 'ethernet'
[19:17:33.781] [bmv2] [D] [thread 120370] [2.0] [cxt 0] Parser state 'start': key is 86dd
[19:17:33.781] [bmv2] [T] [thread 120370] [2.0] [cxt 0] Bytes parsed: 14
[19:17:33.781] [bmv2] [D] [thread 120370] [2.0] [cxt 0] Parser 'parser': end
[19:17:33.781] [bmv2] [D] [thread 120370] [2.0] [cxt 0] Pipeline 'ingress': start
[19:17:33.781] [bmv2] [T] [thread 120370] [2.0] [cxt 0] basic_tunnel.p4(152) Condition "hdr.ipv4.isValid() && !hdr.myTunnel.isValid()" (node_2) is false
[19:17:33.781] [bmv2] [T] [thread 120370] [2.0] [cxt 0] basic_tunnel.p4(155) Condition "hdr.myTunnel.isValid()" (node_4) is false
[19:17:33.781] [bmv2] [D] [thread 120370] [2.0] [cxt 0] Pipeline 'ingress': end
[19:17:33.781] [bmv2] [D] [thread 120370] [2.0] [cxt 0] Egress port is 0
[19:17:33.781] [bmv2] [D] [thread 120370] [3.0] [cxt 0] Processing packet received on port 2
[19:17:33.781] [bmv2] [D] [thread 120370] [3.0] [cxt 0] Parser 'parser': start
[19:17:33.781] [bmv2] [D] [thread 120370] [3.0] [cxt 0] Parser 'parser' entering state 'start'
[19:17:33.781] [bmv2] [D] [thread 120370] [3.0] [cxt 0] Extracting header 'ethernet'
[19:17:33.781] [bmv2] [D] [thread 120370] [3.0] [cxt 0] Parser state 'start': key is 86dd
[19:17:33.781] [bmv2] [T] [thread 120370] [3.0] [cxt 0] Bytes parsed: 14
[19:17:33.781] [bmv2] [D] [thread 120370] [3.0] [cxt 0] Parser 'parser': end
[19:17:33.781] [bmv2] [D] [thread 120370] [3.0] [cxt 0] Pipeline 'ingress': start
[19:17:33.781] [bmv2] [T] [thread 120370] [3.0] [cxt 0] basic_tunnel.p4(152) Condition "hdr.ipv4.isValid() && !hdr.myTunnel.isValid()" (node_2) is false
[19:17:33.781] [bmv2] [T] [thread 120370] [3.0] [cxt 0] basic_tunnel.p4(155) Condition "hdr.myTunnel.isValid()" (node_4) is false
[19:17:33.781] [bmv2] [D] [thread 120370] [3.0] [cxt 0] Pipeline 'ingress': end
[19:17:33.781] [bmv2] [D] [thread 120370] [3.0] [cxt 0] Egress port is 0
[19:17:33.782] [bmv2] [D] [thread 120371] [0.0] [cxt 0] Pipeline 'egress': start
[19:17:33.782] [bmv2] [D] [thread 120371] [0.0] [cxt 0] Pipeline 'egress': end
[19:17:33.782] [bmv2] [D] [thread 120371] [0.0] [cxt 0] Deparser 'deparser': start
[19:17:33.782] [bmv2] [T] [thread 120371] [0.0] [cxt 0] Skipping checksum 'cksum' update because condition not met
[19:17:33.782] [bmv2] [D] [thread 120371] [0.0] [cxt 0] Deparsing header 'ethernet'
[19:17:33.782] [bmv2] [D] [thread 120371] [0.0] [cxt 0] Deparser 'deparser': end
[19:17:33.782] [bmv2] [D] [thread 120371] [1.0] [cxt 0] Pipeline 'egress': start
[19:17:33.782] [bmv2] [D] [thread 120371] [1.0] [cxt 0] Pipeline 'egress': end
[19:17:33.782] [bmv2] [D] [thread 120371] [1.0] [cxt 0] Deparser 'deparser': start
[19:17:33.782] [bmv2] [T] [thread 120371] [1.0] [cxt 0] Skipping checksum 'cksum' update because condition not met
[19:17:33.782] [bmv2] [D] [thread 120371] [1.0] [cxt 0] Deparsing header 'ethernet'
[19:17:33.782] [bmv2] [D] [thread 120371] [1.0] [cxt 0] Deparser 'deparser': end
[19:17:33.782] [bmv2] [D] [thread 120371] [2.0] [cxt 0] Pipeline 'egress': start
[19:17:33.782] [bmv2] [D] [thread 120371] [2.0] [cxt 0] Pipeline 'egress': end
[19:17:33.782] [bmv2] [D] [thread 120371] [2.0] [cxt 0] Deparser 'deparser': start
[19:17:33.782] [bmv2] [T] [thread 120371] [2.0] [cxt 0] Skipping checksum 'cksum' update because condition not met
[19:17:33.782] [bmv2] [D] [thread 120371] [2.0] [cxt 0] Deparsing header 'ethernet'
[19:17:33.782] [bmv2] [D] [thread 120371] [2.0] [cxt 0] Deparser 'deparser': end
[19:17:33.782] [bmv2] [D] [thread 120371] [3.0] [cxt 0] Pipeline 'egress': start
[19:17:33.782] [bmv2] [D] [thread 120371] [3.0] [cxt 0] Pipeline 'egress': end
[19:17:33.782] [bmv2] [D] [thread 120371] [3.0] [cxt 0] Deparser 'deparser': start
[19:17:33.782] [bmv2] [T] [thread 120371] [3.0] [cxt 0] Skipping checksum 'cksum' update because condition not met
[19:17:33.782] [bmv2] [D] [thread 120371] [3.0] [cxt 0] Deparsing header 'ethernet'
[19:17:33.783] [bmv2] [D] [thread 120371] [3.0] [cxt 0] Deparser 'deparser': end
[19:17:33.783] [bmv2] [D] [thread 120370] [4.0] [cxt 0] Processing packet received on port 2
[19:17:33.783] [bmv2] [D] [thread 120370] [4.0] [cxt 0] Parser 'parser': start
[19:17:33.783] [bmv2] [D] [thread 120370] [4.0] [cxt 0] Parser 'parser' entering state 'start'
[19:17:33.783] [bmv2] [D] [thread 120370] [4.0] [cxt 0] Extracting header 'ethernet'
[19:17:33.783] [bmv2] [D] [thread 120370] [4.0] [cxt 0] Parser state 'start': key is 86dd
[19:17:33.783] [bmv2] [T] [thread 120370] [4.0] [cxt 0] Bytes parsed: 14
[19:17:33.783] [bmv2] [D] [thread 120370] [4.0] [cxt 0] Parser 'parser': end
[19:17:33.783] [bmv2] [D] [thread 120370] [4.0] [cxt 0] Pipeline 'ingress': start
[19:17:33.783] [bmv2] [T] [thread 120370] [4.0] [cxt 0] basic_tunnel.p4(152) Condition "hdr.ipv4.isValid() && !hdr.myTunnel.isValid()" (node_2) is false
[19:17:33.783] [bmv2] [T] [thread 120370] [4.0] [cxt 0] basic_tunnel.p4(155) Condition "hdr.myTunnel.isValid()" (node_4) is false
[19:17:33.783] [bmv2] [D] [thread 120370] [4.0] [cxt 0] Pipeline 'ingress': end
[19:17:33.783] [bmv2] [D] [thread 120370] [4.0] [cxt 0] Egress port is 0
[19:17:33.783] [bmv2] [D] [thread 120370] [5.0] [cxt 0] Processing packet received on port 2
[19:17:33.783] [bmv2] [D] [thread 120370] [5.0] [cxt 0] Parser 'parser': start
[19:17:33.783] [bmv2] [D] [thread 120370] [5.0] [cxt 0] Parser 'parser' entering state 'start'
[19:17:33.783] [bmv2] [D] [thread 120370] [5.0] [cxt 0] Extracting header 'ethernet'
[19:17:33.783] [bmv2] [D] [thread 120370] [5.0] [cxt 0] Parser state 'start': key is 86dd
[19:17:33.783] [bmv2] [T] [thread 120370] [5.0] [cxt 0] Bytes parsed: 14
[19:17:33.783] [bmv2] [D] [thread 120370] [5.0] [cxt 0] Parser 'parser': end
[19:17:33.783] [bmv2] [D] [thread 120370] [5.0] [cxt 0] Pipeline 'ingress': start
[19:17:33.783] [bmv2] [T] [thread 120370] [5.0] [cxt 0] basic_tunnel.p4(152) Condition "hdr.ipv4.isValid() && !hdr.myTunnel.isValid()" (node_2) is false
[19:17:33.783] [bmv2] [T] [thread 120370] [5.0] [cxt 0] basic_tunnel.p4(155) Condition "hdr.myTunnel.isValid()" (node_4) is false
[19:17:33.783] [bmv2] [D] [thread 120370] [5.0] [cxt 0] Pipeline 'ingress': end
[19:17:33.783] [bmv2] [D] [thread 120370] [5.0] [cxt 0] Egress port is 0
[19:17:33.783] [bmv2] [D] [thread 120375] [0.0] [cxt 0] Transmitting packet of size 208 out of port 0
[19:17:33.783] [bmv2] [D] [thread 120375] [1.0] [cxt 0] Transmitting packet of size 90 out of port 0
[19:17:33.783] [bmv2] [D] [thread 120375] [2.0] [cxt 0] Transmitting packet of size 70 out of port 0
[19:17:33.784] [bmv2] [D] [thread 120371] [4.0] [cxt 0] Pipeline 'egress': start
[19:17:33.784] [bmv2] [D] [thread 120371] [4.0] [cxt 0] Pipeline 'egress': end
[19:17:33.784] [bmv2] [D] [thread 120371] [4.0] [cxt 0] Deparser 'deparser': start
[19:17:33.784] [bmv2] [T] [thread 120371] [4.0] [cxt 0] Skipping checksum 'cksum' update because condition not met
[19:17:33.784] [bmv2] [D] [thread 120371] [4.0] [cxt 0] Deparsing header 'ethernet'
[19:17:33.784] [bmv2] [D] [thread 120371] [4.0] [cxt 0] Deparser 'deparser': end
[19:17:33.784] [bmv2] [D] [thread 120371] [5.0] [cxt 0] Pipeline 'egress': start
[19:17:33.784] [bmv2] [D] [thread 120371] [5.0] [cxt 0] Pipeline 'egress': end
[19:17:33.784] [bmv2] [D] [thread 120371] [5.0] [cxt 0] Deparser 'deparser': start
[19:17:33.784] [bmv2] [T] [thread 120371] [5.0] [cxt 0] Skipping checksum 'cksum' update because condition not met
[19:17:33.784] [bmv2] [D] [thread 120371] [5.0] [cxt 0] Deparsing header 'ethernet'
[19:17:33.784] [bmv2] [D] [thread 120371] [5.0] [cxt 0] Deparser 'deparser': end
[19:17:33.784] [bmv2] [D] [thread 120375] [3.0] [cxt 0] Transmitting packet of size 90 out of port 0
[19:17:33.784] [bmv2] [D] [thread 120375] [4.0] [cxt 0] Transmitting packet of size 208 out of port 0
[19:17:33.784] [bmv2] [D] [thread 120375] [5.0] [cxt 0] Transmitting packet of size 208 out of port 0
[19:17:33.816] [bmv2] [D] [thread 120370] [6.0] [cxt 0] Processing packet received on port 3
[19:17:33.816] [bmv2] [D] [thread 120370] [6.0] [cxt 0] Parser 'parser': start
[19:17:33.816] [bmv2] [D] [thread 120370] [6.0] [cxt 0] Parser 'parser' entering state 'start'
[19:17:33.816] [bmv2] [D] [thread 120370] [6.0] [cxt 0] Extracting header 'ethernet'
[19:17:33.816] [bmv2] [D] [thread 120370] [6.0] [cxt 0] Parser state 'start': key is 86dd
[19:17:33.816] [bmv2] [T] [thread 120370] [6.0] [cxt 0] Bytes parsed: 14
[19:17:33.816] [bmv2] [D] [thread 120370] [6.0] [cxt 0] Parser 'parser': end
[19:17:33.816] [bmv2] [D] [thread 120370] [6.0] [cxt 0] Pipeline 'ingress': start
[19:17:33.816] [bmv2] [T] [thread 120370] [6.0] [cxt 0] basic_tunnel.p4(152) Condition "hdr.ipv4.isValid() && !hdr.myTunnel.isValid()" (node_2) is false
[19:17:33.816] [bmv2] [T] [thread 120370] [6.0] [cxt 0] basic_tunnel.p4(155) Condition "hdr.myTunnel.isValid()" (node_4) is false
[19:17:33.816] [bmv2] [D] [thread 120370] [6.0] [cxt 0] Pipeline 'ingress': end
[19:17:33.816] [bmv2] [D] [thread 120370] [6.0] [cxt 0] Egress port is 0
[19:17:33.817] [bmv2] [D] [thread 120371] [6.0] [cxt 0] Pipeline 'egress': start
[19:17:33.817] [bmv2] [D] [thread 120371] [6.0] [cxt 0] Pipeline 'egress': end
[19:17:33.817] [bmv2] [D] [thread 120371] [6.0] [cxt 0] Deparser 'deparser': start
[19:17:33.817] [bmv2] [T] [thread 120371] [6.0] [cxt 0] Skipping checksum 'cksum' update because condition not met
[19:17:33.817] [bmv2] [D] [thread 120371] [6.0] [cxt 0] Deparsing header 'ethernet'
[19:17:33.817] [bmv2] [D] [thread 120371] [6.0] [cxt 0] Deparser 'deparser': end
[19:17:33.817] [bmv2] [D] [thread 120375] [6.0] [cxt 0] Transmitting packet of size 208 out of port 0
[19:17:33.867] [bmv2] [D] [thread 120370] [7.0] [cxt 0] Processing packet received on port 3
[19:17:33.867] [bmv2] [D] [thread 120370] [7.0] [cxt 0] Parser 'parser': start
[19:17:33.867] [bmv2] [D] [thread 120370] [7.0] [cxt 0] Parser 'parser' entering state 'start'
[19:17:33.867] [bmv2] [D] [thread 120370] [7.0] [cxt 0] Extracting header 'ethernet'
[19:17:33.867] [bmv2] [D] [thread 120370] [7.0] [cxt 0] Parser state 'start': key is 86dd
[19:17:33.867] [bmv2] [T] [thread 120370] [7.0] [cxt 0] Bytes parsed: 14
[19:17:33.867] [bmv2] [D] [thread 120370] [7.0] [cxt 0] Parser 'parser': end
[19:17:33.867] [bmv2] [D] [thread 120370] [7.0] [cxt 0] Pipeline 'ingress': start
[19:17:33.867] [bmv2] [T] [thread 120370] [7.0] [cxt 0] basic_tunnel.p4(152) Condition "hdr.ipv4.isValid() && !hdr.myTunnel.isValid()" (node_2) is false
[19:17:33.867] [bmv2] [T] [thread 120370] [7.0] [cxt 0] basic_tunnel.p4(155) Condition "hdr.myTunnel.isValid()" (node_4) is false
[19:17:33.867] [bmv2] [D] [thread 120370] [7.0] [cxt 0] Pipeline 'ingress': end
[19:17:33.867] [bmv2] [D] [thread 120370] [7.0] [cxt 0] Egress port is 0
[19:17:33.867] [bmv2] [D] [thread 120370] [8.0] [cxt 0] Processing packet received on port 3
[19:17:33.867] [bmv2] [D] [thread 120370] [8.0] [cxt 0] Parser 'parser': start
[19:17:33.867] [bmv2] [D] [thread 120370] [8.0] [cxt 0] Parser 'parser' entering state 'start'
[19:17:33.867] [bmv2] [D] [thread 120370] [8.0] [cxt 0] Extracting header 'ethernet'
[19:17:33.867] [bmv2] [D] [thread 120370] [8.0] [cxt 0] Parser state 'start': key is 86dd
[19:17:33.867] [bmv2] [T] [thread 120370] [8.0] [cxt 0] Bytes parsed: 14
[19:17:33.867] [bmv2] [D] [thread 120370] [8.0] [cxt 0] Parser 'parser': end
[19:17:33.867] [bmv2] [D] [thread 120370] [8.0] [cxt 0] Pipeline 'ingress': start
[19:17:33.867] [bmv2] [T] [thread 120370] [8.0] [cxt 0] basic_tunnel.p4(152) Condition "hdr.ipv4.isValid() && !hdr.myTunnel.isValid()" (node_2) is false
[19:17:33.867] [bmv2] [T] [thread 120370] [8.0] [cxt 0] basic_tunnel.p4(155) Condition "hdr.myTunnel.isValid()" (node_4) is false
[19:17:33.867] [bmv2] [D] [thread 120370] [8.0] [cxt 0] Pipeline 'ingress': end
[19:17:33.867] [bmv2] [D] [thread 120370] [8.0] [cxt 0] Egress port is 0
[19:17:33.868] [bmv2] [D] [thread 120371] [7.0] [cxt 0] Pipeline 'egress': start
[19:17:33.868] [bmv2] [D] [thread 120371] [7.0] [cxt 0] Pipeline 'egress': end
[19:17:33.868] [bmv2] [D] [thread 120371] [7.0] [cxt 0] Deparser 'deparser': start
[19:17:33.868] [bmv2] [T] [thread 120371] [7.0] [cxt 0] Skipping checksum 'cksum' update because condition not met
[19:17:33.868] [bmv2] [D] [thread 120371] [7.0] [cxt 0] Deparsing header 'ethernet'
[19:17:33.868] [bmv2] [D] [thread 120371] [7.0] [cxt 0] Deparser 'deparser': end
[19:17:33.868] [bmv2] [D] [thread 120371] [8.0] [cxt 0] Pipeline 'egress': start
[19:17:33.868] [bmv2] [D] [thread 120371] [8.0] [cxt 0] Pipeline 'egress': end
[19:17:33.868] [bmv2] [D] [thread 120371] [8.0] [cxt 0] Deparser 'deparser': start
[19:17:33.868] [bmv2] [T] [thread 120371] [8.0] [cxt 0] Skipping checksum 'cksum' update because condition not met
[19:17:33.868] [bmv2] [D] [thread 120371] [8.0] [cxt 0] Deparsing header 'ethernet'
[19:17:33.868] [bmv2] [D] [thread 120371] [8.0] [cxt 0] Deparser 'deparser': end
[19:17:33.868] [bmv2] [D] [thread 120375] [7.0] [cxt 0] Transmitting packet of size 90 out of port 0
[19:17:33.868] [bmv2] [D] [thread 120375] [8.0] [cxt 0] Transmitting packet of size 70 out of port 0
[19:17:33.875] [bmv2] [D] [thread 120370] [9.0] [cxt 0] Processing packet received on port 3
[19:17:33.875] [bmv2] [D] [thread 120370] [9.0] [cxt 0] Parser 'parser': start
[19:17:33.875] [bmv2] [D] [thread 120370] [9.0] [cxt 0] Parser 'parser' entering state 'start'
[19:17:33.875] [bmv2] [D] [thread 120370] [9.0] [cxt 0] Extracting header 'ethernet'
[19:17:33.875] [bmv2] [D] [thread 120370] [9.0] [cxt 0] Parser state 'start': key is 86dd
[19:17:33.875] [bmv2] [T] [thread 120370] [9.0] [cxt 0] Bytes parsed: 14
[19:17:33.875] [bmv2] [D] [thread 120370] [9.0] [cxt 0] Parser 'parser': end
[19:17:33.875] [bmv2] [D] [thread 120370] [9.0] [cxt 0] Pipeline 'ingress': start
[19:17:33.875] [bmv2] [T] [thread 120370] [9.0] [cxt 0] basic_tunnel.p4(152) Condition "hdr.ipv4.isValid() && !hdr.myTunnel.isValid()" (node_2) is false
[19:17:33.875] [bmv2] [T] [thread 120370] [9.0] [cxt 0] basic_tunnel.p4(155) Condition "hdr.myTunnel.isValid()" (node_4) is false
[19:17:33.875] [bmv2] [D] [thread 120370] [9.0] [cxt 0] Pipeline 'ingress': end
[19:17:33.875] [bmv2] [D] [thread 120370] [9.0] [cxt 0] Egress port is 0
[19:17:33.876] [bmv2] [D] [thread 120371] [9.0] [cxt 0] Pipeline 'egress': start
[19:17:33.876] [bmv2] [D] [thread 120371] [9.0] [cxt 0] Pipeline 'egress': end
[19:17:33.876] [bmv2] [D] [thread 120371] [9.0] [cxt 0] Deparser 'deparser': start
[19:17:33.876] [bmv2] [T] [thread 120371] [9.0] [cxt 0] Skipping checksum 'cksum' update because condition not met
[19:17:33.876] [bmv2] [D] [thread 120371] [9.0] [cxt 0] Deparsing header 'ethernet'
[19:17:33.876] [bmv2] [D] [thread 120371] [9.0] [cxt 0] Deparser 'deparser': end
[19:17:33.876] [bmv2] [D] [thread 120375] [9.0] [cxt 0] Transmitting packet of size 90 out of port 0
[19:17:33.879] [bmv2] [D] [thread 120370] [10.0] [cxt 0] Processing packet received on port 2
[19:17:33.879] [bmv2] [D] [thread 120370] [10.0] [cxt 0] Parser 'parser': start
[19:17:33.879] [bmv2] [D] [thread 120370] [10.0] [cxt 0] Parser 'parser' entering state 'start'
[19:17:33.879] [bmv2] [D] [thread 120370] [10.0] [cxt 0] Extracting header 'ethernet'
[19:17:33.879] [bmv2] [D] [thread 120370] [10.0] [cxt 0] Parser state 'start': key is 86dd
[19:17:33.879] [bmv2] [T] [thread 120370] [10.0] [cxt 0] Bytes parsed: 14
[19:17:33.879] [bmv2] [D] [thread 120370] [10.0] [cxt 0] Parser 'parser': end
[19:17:33.879] [bmv2] [D] [thread 120370] [10.0] [cxt 0] Pipeline 'ingress': start
[19:17:33.879] [bmv2] [T] [thread 120370] [10.0] [cxt 0] basic_tunnel.p4(152) Condition "hdr.ipv4.isValid() && !hdr.myTunnel.isValid()" (node_2) is false
[19:17:33.879] [bmv2] [T] [thread 120370] [10.0] [cxt 0] basic_tunnel.p4(155) Condition "hdr.myTunnel.isValid()" (node_4) is false
[19:17:33.879] [bmv2] [D] [thread 120370] [10.0] [cxt 0] Pipeline 'ingress': end
[19:17:33.879] [bmv2] [D] [thread 120370] [10.0] [cxt 0] Egress port is 0
[19:17:33.882] [bmv2] [D] [thread 120371] [10.0] [cxt 0] Pipeline 'egress': start
[19:17:33.882] [bmv2] [D] [thread 120371] [10.0] [cxt 0] Pipeline 'egress': end
[19:17:33.882] [bmv2] [D] [thread 120371] [10.0] [cxt 0] Deparser 'deparser': start
[19:17:33.882] [bmv2] [T] [thread 120371] [10.0] [cxt 0] Skipping checksum 'cksum' update because condition not met
[19:17:33.882] [bmv2] [D] [thread 120371] [10.0] [cxt 0] Deparsing header 'ethernet'
[19:17:33.882] [bmv2] [D] [thread 120371] [10.0] [cxt 0] Deparser 'deparser': end
[19:17:33.882] [bmv2] [D] [thread 120375] [10.0] [cxt 0] Transmitting packet of size 90 out of port 0
[19:17:33.957] [bmv2] [D] [thread 120370] [11.0] [cxt 0] Processing packet received on port 2
[19:17:33.957] [bmv2] [D] [thread 120370] [11.0] [cxt 0] Parser 'parser': start
[19:17:33.957] [bmv2] [D] [thread 120370] [11.0] [cxt 0] Parser 'parser' entering state 'start'
[19:17:33.957] [bmv2] [D] [thread 120370] [11.0] [cxt 0] Extracting header 'ethernet'
[19:17:33.957] [bmv2] [D] [thread 120370] [11.0] [cxt 0] Parser state 'start': key is 86dd
[19:17:33.957] [bmv2] [T] [thread 120370] [11.0] [cxt 0] Bytes parsed: 14
[19:17:33.957] [bmv2] [D] [thread 120370] [11.0] [cxt 0] Parser 'parser': end
[19:17:33.957] [bmv2] [D] [thread 120370] [11.0] [cxt 0] Pipeline 'ingress': start
[19:17:33.957] [bmv2] [T] [thread 120370] [11.0] [cxt 0] basic_tunnel.p4(152) Condition "hdr.ipv4.isValid() && !hdr.myTunnel.isValid()" (node_2) is false
[19:17:33.957] [bmv2] [T] [thread 120370] [11.0] [cxt 0] basic_tunnel.p4(155) Condition "hdr.myTunnel.isValid()" (node_4) is false
[19:17:33.957] [bmv2] [D] [thread 120370] [11.0] [cxt 0] Pipeline 'ingress': end
[19:17:33.957] [bmv2] [D] [thread 120370] [11.0] [cxt 0] Egress port is 0
[19:17:33.958] [bmv2] [D] [thread 120371] [11.0] [cxt 0] Pipeline 'egress': start
[19:17:33.958] [bmv2] [D] [thread 120371] [11.0] [cxt 0] Pipeline 'egress': end
[19:17:33.958] [bmv2] [D] [thread 120371] [11.0] [cxt 0] Deparser 'deparser': start
[19:17:33.958] [bmv2] [T] [thread 120371] [11.0] [cxt 0] Skipping checksum 'cksum' update because condition not met
[19:17:33.958] [bmv2] [D] [thread 120371] [11.0] [cxt 0] Deparsing header 'ethernet'
[19:17:33.958] [bmv2] [D] [thread 120371] [11.0] [cxt 0] Deparser 'deparser': end
[19:17:33.958] [bmv2] [D] [thread 120375] [11.0] [cxt 0] Transmitting packet of size 110 out of port 0
[19:17:33.969] [bmv2] [D] [thread 120370] [12.0] [cxt 0] Processing packet received on port 3
[19:17:33.969] [bmv2] [D] [thread 120370] [12.0] [cxt 0] Parser 'parser': start
[19:17:33.969] [bmv2] [D] [thread 120370] [12.0] [cxt 0] Parser 'parser' entering state 'start'
[19:17:33.969] [bmv2] [D] [thread 120370] [12.0] [cxt 0] Extracting header 'ethernet'
[19:17:33.969] [bmv2] [D] [thread 120370] [12.0] [cxt 0] Parser state 'start': key is 86dd
[19:17:33.969] [bmv2] [T] [thread 120370] [12.0] [cxt 0] Bytes parsed: 14
[19:17:33.969] [bmv2] [D] [thread 120370] [12.0] [cxt 0] Parser 'parser': end
[19:17:33.969] [bmv2] [D] [thread 120370] [12.0] [cxt 0] Pipeline 'ingress': start
[19:17:33.969] [bmv2] [T] [thread 120370] [12.0] [cxt 0] basic_tunnel.p4(152) Condition "hdr.ipv4.isValid() && !hdr.myTunnel.isValid()" (node_2) is false
[19:17:33.969] [bmv2] [T] [thread 120370] [12.0] [cxt 0] basic_tunnel.p4(155) Condition "hdr.myTunnel.isValid()" (node_4) is false
[19:17:33.969] [bmv2] [D] [thread 120370] [12.0] [cxt 0] Pipeline 'ingress': end
[19:17:33.969] [bmv2] [D] [thread 120370] [12.0] [cxt 0] Egress port is 0
[19:17:33.969] [bmv2] [D] [thread 120371] [12.0] [cxt 0] Pipeline 'egress': start
[19:17:33.969] [bmv2] [D] [thread 120371] [12.0] [cxt 0] Pipeline 'egress': end
[19:17:33.969] [bmv2] [D] [thread 120371] [12.0] [cxt 0] Deparser 'deparser': start
[19:17:33.969] [bmv2] [T] [thread 120371] [12.0] [cxt 0] Skipping checksum 'cksum' update because condition not met
[19:17:33.969] [bmv2] [D] [thread 120371] [12.0] [cxt 0] Deparsing header 'ethernet'
[19:17:33.969] [bmv2] [D] [thread 120371] [12.0] [cxt 0] Deparser 'deparser': end
[19:17:33.970] [bmv2] [D] [thread 120375] [12.0] [cxt 0] Transmitting packet of size 208 out of port 0
[19:17:33.986] [bmv2] [D] [thread 120370] [13.0] [cxt 0] Processing packet received on port 1
[19:17:33.986] [bmv2] [D] [thread 120370] [13.0] [cxt 0] Parser 'parser': start
[19:17:33.986] [bmv2] [D] [thread 120370] [13.0] [cxt 0] Parser 'parser' entering state 'start'
[19:17:33.986] [bmv2] [D] [thread 120370] [13.0] [cxt 0] Extracting header 'ethernet'
[19:17:33.986] [bmv2] [D] [thread 120370] [13.0] [cxt 0] Parser state 'start': key is 86dd
[19:17:33.986] [bmv2] [T] [thread 120370] [13.0] [cxt 0] Bytes parsed: 14
[19:17:33.986] [bmv2] [D] [thread 120370] [13.0] [cxt 0] Parser 'parser': end
[19:17:33.986] [bmv2] [D] [thread 120370] [13.0] [cxt 0] Pipeline 'ingress': start
[19:17:33.986] [bmv2] [T] [thread 120370] [13.0] [cxt 0] basic_tunnel.p4(152) Condition "hdr.ipv4.isValid() && !hdr.myTunnel.isValid()" (node_2) is false
[19:17:33.986] [bmv2] [T] [thread 120370] [13.0] [cxt 0] basic_tunnel.p4(155) Condition "hdr.myTunnel.isValid()" (node_4) is false
[19:17:33.986] [bmv2] [D] [thread 120370] [13.0] [cxt 0] Pipeline 'ingress': end
[19:17:33.986] [bmv2] [D] [thread 120370] [13.0] [cxt 0] Egress port is 0
[19:17:33.988] [bmv2] [D] [thread 120371] [13.0] [cxt 0] Pipeline 'egress': start
[19:17:33.988] [bmv2] [D] [thread 120371] [13.0] [cxt 0] Pipeline 'egress': end
[19:17:33.988] [bmv2] [D] [thread 120371] [13.0] [cxt 0] Deparser 'deparser': start
[19:17:33.988] [bmv2] [T] [thread 120371] [13.0] [cxt 0] Skipping checksum 'cksum' update because condition not met
[19:17:33.988] [bmv2] [D] [thread 120371] [13.0] [cxt 0] Deparsing header 'ethernet'
[19:17:33.988] [bmv2] [D] [thread 120371] [13.0] [cxt 0] Deparser 'deparser': end
[19:17:33.988] [bmv2] [D] [thread 120375] [13.0] [cxt 0] Transmitting packet of size 208 out of port 0
[19:17:33.995] [bmv2] [D] [thread 120370] [14.0] [cxt 0] Processing packet received on port 2
[19:17:33.995] [bmv2] [D] [thread 120370] [14.0] [cxt 0] Parser 'parser': start
[19:17:33.995] [bmv2] [D] [thread 120370] [14.0] [cxt 0] Parser 'parser' entering state 'start'
[19:17:33.995] [bmv2] [D] [thread 120370] [14.0] [cxt 0] Extracting header 'ethernet'
[19:17:33.995] [bmv2] [D] [thread 120370] [14.0] [cxt 0] Parser state 'start': key is 86dd
[19:17:33.995] [bmv2] [T] [thread 120370] [14.0] [cxt 0] Bytes parsed: 14
[19:17:33.995] [bmv2] [D] [thread 120370] [14.0] [cxt 0] Parser 'parser': end
[19:17:33.995] [bmv2] [D] [thread 120370] [14.0] [cxt 0] Pipeline 'ingress': start
[19:17:33.995] [bmv2] [T] [thread 120370] [14.0] [cxt 0] basic_tunnel.p4(152) Condition "hdr.ipv4.isValid() && !hdr.myTunnel.isValid()" (node_2) is false
[19:17:33.995] [bmv2] [T] [thread 120370] [14.0] [cxt 0] basic_tunnel.p4(155) Condition "hdr.myTunnel.isValid()" (node_4) is false
[19:17:33.995] [bmv2] [D] [thread 120370] [14.0] [cxt 0] Pipeline 'ingress': end
[19:17:33.995] [bmv2] [D] [thread 120370] [14.0] [cxt 0] Egress port is 0
[19:17:34.007] [bmv2] [D] [thread 120371] [14.0] [cxt 0] Pipeline 'egress': start
[19:17:34.007] [bmv2] [D] [thread 120371] [14.0] [cxt 0] Pipeline 'egress': end
[19:17:34.007] [bmv2] [D] [thread 120371] [14.0] [cxt 0] Deparser 'deparser': start
[19:17:34.007] [bmv2] [T] [thread 120371] [14.0] [cxt 0] Skipping checksum 'cksum' update because condition not met
[19:17:34.008] [bmv2] [D] [thread 120371] [14.0] [cxt 0] Deparsing header 'ethernet'
[19:17:34.008] [bmv2] [D] [thread 120371] [14.0] [cxt 0] Deparser 'deparser': end
[19:17:34.008] [bmv2] [D] [thread 120375] [14.0] [cxt 0] Transmitting packet of size 208 out of port 0
[19:17:34.020] [bmv2] [D] [thread 120370] [15.0] [cxt 0] Processing packet received on port 1
[19:17:34.020] [bmv2] [D] [thread 120370] [15.0] [cxt 0] Parser 'parser': start
[19:17:34.020] [bmv2] [D] [thread 120370] [15.0] [cxt 0] Parser 'parser' entering state 'start'
[19:17:34.020] [bmv2] [D] [thread 120370] [15.0] [cxt 0] Extracting header 'ethernet'
[19:17:34.020] [bmv2] [D] [thread 120370] [15.0] [cxt 0] Parser state 'start': key is 86dd
[19:17:34.020] [bmv2] [T] [thread 120370] [15.0] [cxt 0] Bytes parsed: 14
[19:17:34.020] [bmv2] [D] [thread 120370] [15.0] [cxt 0] Parser 'parser': end
[19:17:34.020] [bmv2] [D] [thread 120370] [15.0] [cxt 0] Pipeline 'ingress': start
[19:17:34.021] [bmv2] [T] [thread 120370] [15.0] [cxt 0] basic_tunnel.p4(152) Condition "hdr.ipv4.isValid() && !hdr.myTunnel.isValid()" (node_2) is false
[19:17:34.021] [bmv2] [T] [thread 120370] [15.0] [cxt 0] basic_tunnel.p4(155) Condition "hdr.myTunnel.isValid()" (node_4) is false
[19:17:34.021] [bmv2] [D] [thread 120370] [15.0] [cxt 0] Pipeline 'ingress': end
[19:17:34.021] [bmv2] [D] [thread 120370] [15.0] [cxt 0] Egress port is 0
[19:17:34.021] [bmv2] [D] [thread 120370] [16.0] [cxt 0] Processing packet received on port 2
[19:17:34.021] [bmv2] [D] [thread 120370] [16.0] [cxt 0] Parser 'parser': start
[19:17:34.021] [bmv2] [D] [thread 120370] [16.0] [cxt 0] Parser 'parser' entering state 'start'
[19:17:34.021] [bmv2] [D] [thread 120370] [16.0] [cxt 0] Extracting header 'ethernet'
[19:17:34.021] [bmv2] [D] [thread 120370] [16.0] [cxt 0] Parser state 'start': key is 86dd
[19:17:34.021] [bmv2] [T] [thread 120370] [16.0] [cxt 0] Bytes parsed: 14
[19:17:34.021] [bmv2] [D] [thread 120370] [16.0] [cxt 0] Parser 'parser': end
[19:17:34.021] [bmv2] [D] [thread 120370] [16.0] [cxt 0] Pipeline 'ingress': start
[19:17:34.021] [bmv2] [T] [thread 120370] [16.0] [cxt 0] basic_tunnel.p4(152) Condition "hdr.ipv4.isValid() && !hdr.myTunnel.isValid()" (node_2) is false
[19:17:34.021] [bmv2] [T] [thread 120370] [16.0] [cxt 0] basic_tunnel.p4(155) Condition "hdr.myTunnel.isValid()" (node_4) is false
[19:17:34.021] [bmv2] [D] [thread 120370] [16.0] [cxt 0] Pipeline 'ingress': end
[19:17:34.021] [bmv2] [D] [thread 120370] [16.0] [cxt 0] Egress port is 0
[19:17:34.033] [bmv2] [D] [thread 120371] [15.0] [cxt 0] Pipeline 'egress': start
[19:17:34.033] [bmv2] [D] [thread 120371] [15.0] [cxt 0] Pipeline 'egress': end
[19:17:34.033] [bmv2] [D] [thread 120371] [15.0] [cxt 0] Deparser 'deparser': start
[19:17:34.033] [bmv2] [T] [thread 120371] [15.0] [cxt 0] Skipping checksum 'cksum' update because condition not met
[19:17:34.033] [bmv2] [D] [thread 120371] [15.0] [cxt 0] Deparsing header 'ethernet'
[19:17:34.033] [bmv2] [D] [thread 120371] [15.0] [cxt 0] Deparser 'deparser': end
[19:17:34.033] [bmv2] [D] [thread 120371] [16.0] [cxt 0] Pipeline 'egress': start
[19:17:34.033] [bmv2] [D] [thread 120371] [16.0] [cxt 0] Pipeline 'egress': end
[19:17:34.033] [bmv2] [D] [thread 120371] [16.0] [cxt 0] Deparser 'deparser': start
[19:17:34.043] [bmv2] [D] [thread 120375] [15.0] [cxt 0] Transmitting packet of size 110 out of port 0
[19:17:34.066] [bmv2] [D] [thread 120370] [17.0] [cxt 0] Processing packet received on port 2
[19:17:34.121] [bmv2] [D] [thread 120370] [17.0] [cxt 0] Parser 'parser': start
[19:17:34.121] [bmv2] [D] [thread 120370] [17.0] [cxt 0] Parser 'parser' entering state 'start'
[19:17:34.121] [bmv2] [D] [thread 120370] [17.0] [cxt 0] Extracting header 'ethernet'
[19:17:34.121] [bmv2] [D] [thread 120370] [17.0] [cxt 0] Parser state 'start': key is 86dd
[19:17:34.121] [bmv2] [T] [thread 120370] [17.0] [cxt 0] Bytes parsed: 14
[19:17:34.121] [bmv2] [D] [thread 120370] [17.0] [cxt 0] Parser 'parser': end
[19:17:34.121] [bmv2] [D] [thread 120370] [17.0] [cxt 0] Pipeline 'ingress': start
[19:17:34.121] [bmv2] [T] [thread 120370] [17.0] [cxt 0] basic_tunnel.p4(152) Condition "hdr.ipv4.isValid() && !hdr.myTunnel.isValid()" (node_2) is false
[19:17:34.121] [bmv2] [T] [thread 120370] [17.0] [cxt 0] basic_tunnel.p4(155) Condition "hdr.myTunnel.isValid()" (node_4) is false
[19:17:34.121] [bmv2] [D] [thread 120370] [17.0] [cxt 0] Pipeline 'ingress': end
[19:17:34.121] [bmv2] [D] [thread 120370] [17.0] [cxt 0] Egress port is 0
[19:17:34.121] [bmv2] [D] [thread 120370] [18.0] [cxt 0] Processing packet received on port 3
[19:17:34.121] [bmv2] [D] [thread 120370] [18.0] [cxt 0] Parser 'parser': start
[19:17:34.121] [bmv2] [D] [thread 120370] [18.0] [cxt 0] Parser 'parser' entering state 'start'
[19:17:34.121] [bmv2] [D] [thread 120370] [18.0] [cxt 0] Extracting header 'ethernet'
[19:17:34.121] [bmv2] [D] [thread 120370] [18.0] [cxt 0] Parser state 'start': key is 86dd
[19:17:34.121] [bmv2] [T] [thread 120370] [18.0] [cxt 0] Bytes parsed: 14
[19:17:34.121] [bmv2] [D] [thread 120370] [18.0] [cxt 0] Parser 'parser': end
[19:17:34.121] [bmv2] [D] [thread 120370] [18.0] [cxt 0] Pipeline 'ingress': start
[19:17:34.121] [bmv2] [T] [thread 120370] [18.0] [cxt 0] basic_tunnel.p4(152) Condition "hdr.ipv4.isValid() && !hdr.myTunnel.isValid()" (node_2) is false
[19:17:34.124] [bmv2] [T] [thread 120370] [18.0] [cxt 0] basic_tunnel.p4(155) Condition "hdr.myTunnel.isValid()" (node_4) is false
[19:17:34.124] [bmv2] [D] [thread 120370] [18.0] [cxt 0] Pipeline 'ingress': end
[19:17:34.124] [bmv2] [D] [thread 120370] [18.0] [cxt 0] Egress port is 0
[19:17:34.121] [bmv2] [T] [thread 120371] [16.0] [cxt 0] Skipping checksum 'cksum' update because condition not met
[19:17:34.131] [bmv2] [D] [thread 120371] [16.0] [cxt 0] Deparsing header 'ethernet'
[19:17:34.131] [bmv2] [D] [thread 120371] [16.0] [cxt 0] Deparser 'deparser': end
[19:17:34.131] [bmv2] [D] [thread 120375] [16.0] [cxt 0] Transmitting packet of size 208 out of port 0
[19:17:34.132] [bmv2] [D] [thread 120371] [17.0] [cxt 0] Pipeline 'egress': start
[19:17:34.132] [bmv2] [D] [thread 120371] [17.0] [cxt 0] Pipeline 'egress': end
[19:17:34.132] [bmv2] [D] [thread 120371] [17.0] [cxt 0] Deparser 'deparser': start
[19:17:34.132] [bmv2] [T] [thread 120371] [17.0] [cxt 0] Skipping checksum 'cksum' update because condition not met
[19:17:34.132] [bmv2] [D] [thread 120371] [17.0] [cxt 0] Deparsing header 'ethernet'
[19:17:34.132] [bmv2] [D] [thread 120371] [17.0] [cxt 0] Deparser 'deparser': end
[19:17:34.132] [bmv2] [D] [thread 120375] [17.0] [cxt 0] Transmitting packet of size 110 out of port 0
[19:17:34.132] [bmv2] [D] [thread 120371] [18.0] [cxt 0] Pipeline 'egress': start
[19:17:34.132] [bmv2] [D] [thread 120371] [18.0] [cxt 0] Pipeline 'egress': end
[19:17:34.132] [bmv2] [D] [thread 120371] [18.0] [cxt 0] Deparser 'deparser': start
[19:17:34.132] [bmv2] [T] [thread 120371] [18.0] [cxt 0] Skipping checksum 'cksum' update because condition not met
[19:17:34.132] [bmv2] [D] [thread 120371] [18.0] [cxt 0] Deparsing header 'ethernet'
[19:17:34.132] [bmv2] [D] [thread 120371] [18.0] [cxt 0] Deparser 'deparser': end
[19:17:34.132] [bmv2] [D] [thread 120375] [18.0] [cxt 0] Transmitting packet of size 208 out of port 0
[19:17:34.166] [bmv2] [D] [thread 120370] [19.0] [cxt 0] Processing packet received on port 1
[19:17:34.166] [bmv2] [D] [thread 120370] [19.0] [cxt 0] Parser 'parser': start
[19:17:34.166] [bmv2] [D] [thread 120370] [19.0] [cxt 0] Parser 'parser' entering state 'start'
[19:17:34.166] [bmv2] [D] [thread 120370] [19.0] [cxt 0] Extracting header 'ethernet'
[19:17:34.166] [bmv2] [D] [thread 120370] [19.0] [cxt 0] Parser state 'start': key is 86dd
[19:17:34.166] [bmv2] [T] [thread 120370] [19.0] [cxt 0] Bytes parsed: 14
[19:17:34.166] [bmv2] [D] [thread 120370] [19.0] [cxt 0] Parser 'parser': end
[19:17:34.166] [bmv2] [D] [thread 120370] [19.0] [cxt 0] Pipeline 'ingress': start
[19:17:34.166] [bmv2] [T] [thread 120370] [19.0] [cxt 0] basic_tunnel.p4(152) Condition "hdr.ipv4.isValid() && !hdr.myTunnel.isValid()" (node_2) is false
[19:17:34.166] [bmv2] [T] [thread 120370] [19.0] [cxt 0] basic_tunnel.p4(155) Condition "hdr.myTunnel.isValid()" (node_4) is false
[19:17:34.166] [bmv2] [D] [thread 120370] [19.0] [cxt 0] Pipeline 'ingress': end
[19:17:34.166] [bmv2] [D] [thread 120370] [19.0] [cxt 0] Egress port is 0
[19:17:34.172] [bmv2] [D] [thread 120371] [19.0] [cxt 0] Pipeline 'egress': start
[19:17:34.172] [bmv2] [D] [thread 120371] [19.0] [cxt 0] Pipeline 'egress': end
[19:17:34.172] [bmv2] [D] [thread 120371] [19.0] [cxt 0] Deparser 'deparser': start
[19:17:34.172] [bmv2] [T] [thread 120371] [19.0] [cxt 0] Skipping checksum 'cksum' update because condition not met
[19:17:34.172] [bmv2] [D] [thread 120371] [19.0] [cxt 0] Deparsing header 'ethernet'
[19:17:34.172] [bmv2] [D] [thread 120371] [19.0] [cxt 0] Deparser 'deparser': end
[19:17:34.172] [bmv2] [D] [thread 120375] [19.0] [cxt 0] Transmitting packet of size 196 out of port 0
[19:17:34.184] [bmv2] [D] [thread 120370] [20.0] [cxt 0] Processing packet received on port 2
[19:17:34.184] [bmv2] [D] [thread 120370] [20.0] [cxt 0] Parser 'parser': start
[19:17:34.184] [bmv2] [D] [thread 120370] [20.0] [cxt 0] Parser 'parser' entering state 'start'
[19:17:34.184] [bmv2] [D] [thread 120370] [20.0] [cxt 0] Extracting header 'ethernet'
[19:17:34.184] [bmv2] [D] [thread 120370] [20.0] [cxt 0] Parser state 'start': key is 86dd
[19:17:34.184] [bmv2] [T] [thread 120370] [20.0] [cxt 0] Bytes parsed: 14
[19:17:34.184] [bmv2] [D] [thread 120370] [20.0] [cxt 0] Parser 'parser': end
[19:17:34.184] [bmv2] [D] [thread 120370] [20.0] [cxt 0] Pipeline 'ingress': start
[19:17:34.184] [bmv2] [T] [thread 120370] [20.0] [cxt 0] basic_tunnel.p4(152) Condition "hdr.ipv4.isValid() && !hdr.myTunnel.isValid()" (node_2) is false
[19:17:34.184] [bmv2] [T] [thread 120370] [20.0] [cxt 0] basic_tunnel.p4(155) Condition "hdr.myTunnel.isValid()" (node_4) is false
[19:17:34.184] [bmv2] [D] [thread 120370] [20.0] [cxt 0] Pipeline 'ingress': end
[19:17:34.184] [bmv2] [D] [thread 120370] [20.0] [cxt 0] Egress port is 0
[19:17:34.187] [bmv2] [D] [thread 120371] [20.0] [cxt 0] Pipeline 'egress': start
[19:17:34.196] [bmv2] [D] [thread 120370] [21.0] [cxt 0] Processing packet received on port 2
[19:17:34.216] [bmv2] [D] [thread 120370] [21.0] [cxt 0] Parser 'parser': start
[19:17:34.216] [bmv2] [D] [thread 120370] [21.0] [cxt 0] Parser 'parser' entering state 'start'
[19:17:34.216] [bmv2] [D] [thread 120370] [21.0] [cxt 0] Extracting header 'ethernet'
[19:17:34.216] [bmv2] [D] [thread 120370] [21.0] [cxt 0] Parser state 'start': key is 86dd
[19:17:34.216] [bmv2] [T] [thread 120370] [21.0] [cxt 0] Bytes parsed: 14
[19:17:34.216] [bmv2] [D] [thread 120370] [21.0] [cxt 0] Parser 'parser': end
[19:17:34.216] [bmv2] [D] [thread 120370] [21.0] [cxt 0] Pipeline 'ingress': start
[19:17:34.216] [bmv2] [T] [thread 120370] [21.0] [cxt 0] basic_tunnel.p4(152) Condition "hdr.ipv4.isValid() && !hdr.myTunnel.isValid()" (node_2) is false
[19:17:34.216] [bmv2] [T] [thread 120370] [21.0] [cxt 0] basic_tunnel.p4(155) Condition "hdr.myTunnel.isValid()" (node_4) is false
[19:17:34.216] [bmv2] [D] [thread 120370] [21.0] [cxt 0] Pipeline 'ingress': end
[19:17:34.216] [bmv2] [D] [thread 120370] [21.0] [cxt 0] Egress port is 0
[19:17:34.216] [bmv2] [D] [thread 120370] [22.0] [cxt 0] Processing packet received on port 3
[19:17:34.216] [bmv2] [D] [thread 120370] [22.0] [cxt 0] Parser 'parser': start
[19:17:34.216] [bmv2] [D] [thread 120370] [22.0] [cxt 0] Parser 'parser' entering state 'start'
[19:17:34.216] [bmv2] [D] [thread 120370] [22.0] [cxt 0] Extracting header 'ethernet'
[19:17:34.216] [bmv2] [D] [thread 120370] [22.0] [cxt 0] Parser state 'start': key is 86dd
[19:17:34.216] [bmv2] [T] [thread 120370] [22.0] [cxt 0] Bytes parsed: 14
[19:17:34.216] [bmv2] [D] [thread 120370] [22.0] [cxt 0] Parser 'parser': end
[19:17:34.216] [bmv2] [D] [thread 120370] [22.0] [cxt 0] Pipeline 'ingress': start
[19:17:34.216] [bmv2] [T] [thread 120370] [22.0] [cxt 0] basic_tunnel.p4(152) Condition "hdr.ipv4.isValid() && !hdr.myTunnel.isValid()" (node_2) is false
[19:17:34.216] [bmv2] [T] [thread 120370] [22.0] [cxt 0] basic_tunnel.p4(155) Condition "hdr.myTunnel.isValid()" (node_4) is false
[19:17:34.216] [bmv2] [D] [thread 120370] [22.0] [cxt 0] Pipeline 'ingress': end
[19:17:34.216] [bmv2] [D] [thread 120370] [22.0] [cxt 0] Egress port is 0
[19:17:34.216] [bmv2] [D] [thread 120371] [20.0] [cxt 0] Pipeline 'egress': end
[19:17:34.216] [bmv2] [D] [thread 120371] [20.0] [cxt 0] Deparser 'deparser': start
[19:17:34.216] [bmv2] [T] [thread 120371] [20.0] [cxt 0] Skipping checksum 'cksum' update because condition not met
[19:17:34.216] [bmv2] [D] [thread 120371] [20.0] [cxt 0] Deparsing header 'ethernet'
[19:17:34.216] [bmv2] [D] [thread 120371] [20.0] [cxt 0] Deparser 'deparser': end
[19:17:34.216] [bmv2] [D] [thread 120371] [21.0] [cxt 0] Pipeline 'egress': start
[19:17:34.216] [bmv2] [D] [thread 120371] [21.0] [cxt 0] Pipeline 'egress': end
[19:17:34.216] [bmv2] [D] [thread 120371] [21.0] [cxt 0] Deparser 'deparser': start
[19:17:34.216] [bmv2] [T] [thread 120371] [21.0] [cxt 0] Skipping checksum 'cksum' update because condition not met
[19:17:34.217] [bmv2] [D] [thread 120371] [21.0] [cxt 0] Deparsing header 'ethernet'
[19:17:34.217] [bmv2] [D] [thread 120371] [21.0] [cxt 0] Deparser 'deparser': end
[19:17:34.217] [bmv2] [D] [thread 120371] [22.0] [cxt 0] Pipeline 'egress': start
[19:17:34.217] [bmv2] [D] [thread 120371] [22.0] [cxt 0] Pipeline 'egress': end
[19:17:34.217] [bmv2] [D] [thread 120371] [22.0] [cxt 0] Deparser 'deparser': start
[19:17:34.217] [bmv2] [T] [thread 120371] [22.0] [cxt 0] Skipping checksum 'cksum' update because condition not met
[19:17:34.217] [bmv2] [D] [thread 120371] [22.0] [cxt 0] Deparsing header 'ethernet'
[19:17:34.217] [bmv2] [D] [thread 120371] [22.0] [cxt 0] Deparser 'deparser': end
[19:17:34.229] [bmv2] [D] [thread 120375] [20.0] [cxt 0] Transmitting packet of size 90 out of port 0
[19:17:34.229] [bmv2] [D] [thread 120375] [21.0] [cxt 0] Transmitting packet of size 196 out of port 0
[19:17:34.229] [bmv2] [D] [thread 120375] [22.0] [cxt 0] Transmitting packet of size 208 out of port 0
[19:17:34.243] [bmv2] [D] [thread 120370] [23.0] [cxt 0] Processing packet received on port 3
[19:17:34.243] [bmv2] [D] [thread 120370] [23.0] [cxt 0] Parser 'parser': start
[19:17:34.243] [bmv2] [D] [thread 120370] [23.0] [cxt 0] Parser 'parser' entering state 'start'
[19:17:34.243] [bmv2] [D] [thread 120370] [23.0] [cxt 0] Extracting header 'ethernet'
[19:17:34.243] [bmv2] [D] [thread 120370] [23.0] [cxt 0] Parser state 'start': key is 86dd
[19:17:34.243] [bmv2] [T] [thread 120370] [23.0] [cxt 0] Bytes parsed: 14
[19:17:34.243] [bmv2] [D] [thread 120370] [23.0] [cxt 0] Parser 'parser': end
[19:17:34.243] [bmv2] [D] [thread 120370] [23.0] [cxt 0] Pipeline 'ingress': start
[19:17:34.243] [bmv2] [T] [thread 120370] [23.0] [cxt 0] basic_tunnel.p4(152) Condition "hdr.ipv4.isValid() && !hdr.myTunnel.isValid()" (node_2) is false
[19:17:34.243] [bmv2] [T] [thread 120370] [23.0] [cxt 0] basic_tunnel.p4(155) Condition "hdr.myTunnel.isValid()" (node_4) is false
[19:17:34.243] [bmv2] [D] [thread 120370] [23.0] [cxt 0] Pipeline 'ingress': end
[19:17:34.243] [bmv2] [D] [thread 120370] [23.0] [cxt 0] Egress port is 0
[19:17:34.243] [bmv2] [D] [thread 120371] [23.0] [cxt 0] Pipeline 'egress': start
[19:17:34.243] [bmv2] [D] [thread 120371] [23.0] [cxt 0] Pipeline 'egress': end
[19:17:34.243] [bmv2] [D] [thread 120371] [23.0] [cxt 0] Deparser 'deparser': start
[19:17:34.243] [bmv2] [T] [thread 120371] [23.0] [cxt 0] Skipping checksum 'cksum' update because condition not met
[19:17:34.243] [bmv2] [D] [thread 120371] [23.0] [cxt 0] Deparsing header 'ethernet'
[19:17:34.243] [bmv2] [D] [thread 120371] [23.0] [cxt 0] Deparser 'deparser': end
[19:17:34.244] [bmv2] [D] [thread 120375] [23.0] [cxt 0] Transmitting packet of size 110 out of port 0
[19:17:34.269] [bmv2] [D] [thread 120370] [24.0] [cxt 0] Processing packet received on port 2
[19:17:34.269] [bmv2] [D] [thread 120370] [24.0] [cxt 0] Parser 'parser': start
[19:17:34.269] [bmv2] [D] [thread 120370] [24.0] [cxt 0] Parser 'parser' entering state 'start'
[19:17:34.269] [bmv2] [D] [thread 120370] [24.0] [cxt 0] Extracting header 'ethernet'
[19:17:34.270] [bmv2] [D] [thread 120370] [24.0] [cxt 0] Parser state 'start': key is 86dd
[19:17:34.270] [bmv2] [T] [thread 120370] [24.0] [cxt 0] Bytes parsed: 14
[19:17:34.270] [bmv2] [D] [thread 120370] [24.0] [cxt 0] Parser 'parser': end
[19:17:34.270] [bmv2] [D] [thread 120370] [24.0] [cxt 0] Pipeline 'ingress': start
[19:17:34.270] [bmv2] [T] [thread 120370] [24.0] [cxt 0] basic_tunnel.p4(152) Condition "hdr.ipv4.isValid() && !hdr.myTunnel.isValid()" (node_2) is false
[19:17:34.270] [bmv2] [T] [thread 120370] [24.0] [cxt 0] basic_tunnel.p4(155) Condition "hdr.myTunnel.isValid()" (node_4) is false
[19:17:34.270] [bmv2] [D] [thread 120370] [24.0] [cxt 0] Pipeline 'ingress': end
[19:17:34.270] [bmv2] [D] [thread 120370] [24.0] [cxt 0] Egress port is 0
[19:17:34.270] [bmv2] [D] [thread 120371] [24.0] [cxt 0] Pipeline 'egress': start
[19:17:34.270] [bmv2] [D] [thread 120371] [24.0] [cxt 0] Pipeline 'egress': end
[19:17:34.270] [bmv2] [D] [thread 120371] [24.0] [cxt 0] Deparser 'deparser': start
[19:17:34.270] [bmv2] [T] [thread 120371] [24.0] [cxt 0] Skipping checksum 'cksum' update because condition not met
[19:17:34.270] [bmv2] [D] [thread 120371] [24.0] [cxt 0] Deparsing header 'ethernet'
[19:17:34.270] [bmv2] [D] [thread 120371] [24.0] [cxt 0] Deparser 'deparser': end
[19:17:34.270] [bmv2] [D] [thread 120375] [24.0] [cxt 0] Transmitting packet of size 208 out of port 0
[19:17:34.306] [bmv2] [D] [thread 120370] [25.0] [cxt 0] Processing packet received on port 1
[19:17:34.306] [bmv2] [D] [thread 120370] [25.0] [cxt 0] Parser 'parser': start
[19:17:34.306] [bmv2] [D] [thread 120370] [25.0] [cxt 0] Parser 'parser' entering state 'start'
[19:17:34.306] [bmv2] [D] [thread 120370] [25.0] [cxt 0] Extracting header 'ethernet'
[19:17:34.306] [bmv2] [D] [thread 120370] [25.0] [cxt 0] Parser state 'start': key is 86dd
[19:17:34.306] [bmv2] [T] [thread 120370] [25.0] [cxt 0] Bytes parsed: 14
[19:17:34.306] [bmv2] [D] [thread 120370] [25.0] [cxt 0] Parser 'parser': end
[19:17:34.306] [bmv2] [D] [thread 120370] [25.0] [cxt 0] Pipeline 'ingress': start
[19:17:34.306] [bmv2] [T] [thread 120370] [25.0] [cxt 0] basic_tunnel.p4(152) Condition "hdr.ipv4.isValid() && !hdr.myTunnel.isValid()" (node_2) is false
[19:17:34.306] [bmv2] [T] [thread 120370] [25.0] [cxt 0] basic_tunnel.p4(155) Condition "hdr.myTunnel.isValid()" (node_4) is false
[19:17:34.306] [bmv2] [D] [thread 120370] [25.0] [cxt 0] Pipeline 'ingress': end
[19:17:34.306] [bmv2] [D] [thread 120370] [25.0] [cxt 0] Egress port is 0
[19:17:34.306] [bmv2] [D] [thread 120371] [25.0] [cxt 0] Pipeline 'egress': start
[19:17:34.306] [bmv2] [D] [thread 120371] [25.0] [cxt 0] Pipeline 'egress': end
[19:17:34.306] [bmv2] [D] [thread 120371] [25.0] [cxt 0] Deparser 'deparser': start
[19:17:34.306] [bmv2] [T] [thread 120371] [25.0] [cxt 0] Skipping checksum 'cksum' update because condition not met
[19:17:34.306] [bmv2] [D] [thread 120371] [25.0] [cxt 0] Deparsing header 'ethernet'
[19:17:34.306] [bmv2] [D] [thread 120371] [25.0] [cxt 0] Deparser 'deparser': end
[19:17:34.306] [bmv2] [D] [thread 120375] [25.0] [cxt 0] Transmitting packet of size 90 out of port 0
[19:17:34.319] [bmv2] [D] [thread 120370] [26.0] [cxt 0] Processing packet received on port 3
[19:17:34.319] [bmv2] [D] [thread 120370] [26.0] [cxt 0] Parser 'parser': start
[19:17:34.319] [bmv2] [D] [thread 120370] [26.0] [cxt 0] Parser 'parser' entering state 'start'
[19:17:34.319] [bmv2] [D] [thread 120370] [26.0] [cxt 0] Extracting header 'ethernet'
[19:17:34.319] [bmv2] [D] [thread 120370] [26.0] [cxt 0] Parser state 'start': key is 86dd
[19:17:34.319] [bmv2] [T] [thread 120370] [26.0] [cxt 0] Bytes parsed: 14
[19:17:34.319] [bmv2] [D] [thread 120370] [26.0] [cxt 0] Parser 'parser': end
[19:17:34.320] [bmv2] [D] [thread 120370] [26.0] [cxt 0] Pipeline 'ingress': start
[19:17:34.320] [bmv2] [T] [thread 120370] [26.0] [cxt 0] basic_tunnel.p4(152) Condition "hdr.ipv4.isValid() && !hdr.myTunnel.isValid()" (node_2) is false
[19:17:34.320] [bmv2] [T] [thread 120370] [26.0] [cxt 0] basic_tunnel.p4(155) Condition "hdr.myTunnel.isValid()" (node_4) is false
[19:17:34.320] [bmv2] [D] [thread 120370] [26.0] [cxt 0] Pipeline 'ingress': end
[19:17:34.320] [bmv2] [D] [thread 120370] [26.0] [cxt 0] Egress port is 0
[19:17:34.320] [bmv2] [D] [thread 120371] [26.0] [cxt 0] Pipeline 'egress': start
[19:17:34.320] [bmv2] [D] [thread 120371] [26.0] [cxt 0] Pipeline 'egress': end
[19:17:34.320] [bmv2] [D] [thread 120371] [26.0] [cxt 0] Deparser 'deparser': start
[19:17:34.320] [bmv2] [T] [thread 120371] [26.0] [cxt 0] Skipping checksum 'cksum' update because condition not met
[19:17:34.320] [bmv2] [D] [thread 120371] [26.0] [cxt 0] Deparsing header 'ethernet'
[19:17:34.320] [bmv2] [D] [thread 120371] [26.0] [cxt 0] Deparser 'deparser': end
[19:17:34.320] [bmv2] [D] [thread 120375] [26.0] [cxt 0] Transmitting packet of size 208 out of port 0
[19:17:34.404] [bmv2] [D] [thread 120370] [27.0] [cxt 0] Processing packet received on port 3
[19:17:34.404] [bmv2] [D] [thread 120370] [27.0] [cxt 0] Parser 'parser': start
[19:17:34.404] [bmv2] [D] [thread 120370] [27.0] [cxt 0] Parser 'parser' entering state 'start'
[19:17:34.404] [bmv2] [D] [thread 120370] [27.0] [cxt 0] Extracting header 'ethernet'
[19:17:34.404] [bmv2] [D] [thread 120370] [27.0] [cxt 0] Parser state 'start': key is 86dd
[19:17:34.404] [bmv2] [T] [thread 120370] [27.0] [cxt 0] Bytes parsed: 14
[19:17:34.404] [bmv2] [D] [thread 120370] [27.0] [cxt 0] Parser 'parser': end
[19:17:34.404] [bmv2] [D] [thread 120370] [27.0] [cxt 0] Pipeline 'ingress': start
[19:17:34.404] [bmv2] [T] [thread 120370] [27.0] [cxt 0] basic_tunnel.p4(152) Condition "hdr.ipv4.isValid() && !hdr.myTunnel.isValid()" (node_2) is false
[19:17:34.404] [bmv2] [T] [thread 120370] [27.0] [cxt 0] basic_tunnel.p4(155) Condition "hdr.myTunnel.isValid()" (node_4) is false
[19:17:34.404] [bmv2] [D] [thread 120370] [27.0] [cxt 0] Pipeline 'ingress': end
[19:17:34.404] [bmv2] [D] [thread 120370] [27.0] [cxt 0] Egress port is 0
[19:17:34.404] [bmv2] [D] [thread 120371] [27.0] [cxt 0] Pipeline 'egress': start
[19:17:34.404] [bmv2] [D] [thread 120371] [27.0] [cxt 0] Pipeline 'egress': end
[19:17:34.404] [bmv2] [D] [thread 120371] [27.0] [cxt 0] Deparser 'deparser': start
[19:17:34.404] [bmv2] [T] [thread 120371] [27.0] [cxt 0] Skipping checksum 'cksum' update because condition not met
[19:17:34.404] [bmv2] [D] [thread 120371] [27.0] [cxt 0] Deparsing header 'ethernet'
[19:17:34.404] [bmv2] [D] [thread 120371] [27.0] [cxt 0] Deparser 'deparser': end
[19:17:34.404] [bmv2] [D] [thread 120375] [27.0] [cxt 0] Transmitting packet of size 110 out of port 0
[19:17:34.440] [bmv2] [D] [thread 120370] [28.0] [cxt 0] Processing packet received on port 3
[19:17:34.440] [bmv2] [D] [thread 120370] [28.0] [cxt 0] Parser 'parser': start
[19:17:34.440] [bmv2] [D] [thread 120370] [28.0] [cxt 0] Parser 'parser' entering state 'start'
[19:17:34.440] [bmv2] [D] [thread 120370] [28.0] [cxt 0] Extracting header 'ethernet'
[19:17:34.440] [bmv2] [D] [thread 120370] [28.0] [cxt 0] Parser state 'start': key is 86dd
[19:17:34.440] [bmv2] [T] [thread 120370] [28.0] [cxt 0] Bytes parsed: 14
[19:17:34.440] [bmv2] [D] [thread 120370] [28.0] [cxt 0] Parser 'parser': end
[19:17:34.440] [bmv2] [D] [thread 120370] [28.0] [cxt 0] Pipeline 'ingress': start
[19:17:34.440] [bmv2] [T] [thread 120370] [28.0] [cxt 0] basic_tunnel.p4(152) Condition "hdr.ipv4.isValid() && !hdr.myTunnel.isValid()" (node_2) is false
[19:17:34.440] [bmv2] [T] [thread 120370] [28.0] [cxt 0] basic_tunnel.p4(155) Condition "hdr.myTunnel.isValid()" (node_4) is false
[19:17:34.440] [bmv2] [D] [thread 120370] [28.0] [cxt 0] Pipeline 'ingress': end
[19:17:34.440] [bmv2] [D] [thread 120370] [28.0] [cxt 0] Egress port is 0
[19:17:34.440] [bmv2] [D] [thread 120371] [28.0] [cxt 0] Pipeline 'egress': start
[19:17:34.440] [bmv2] [D] [thread 120371] [28.0] [cxt 0] Pipeline 'egress': end
[19:17:34.440] [bmv2] [D] [thread 120371] [28.0] [cxt 0] Deparser 'deparser': start
[19:17:34.440] [bmv2] [T] [thread 120371] [28.0] [cxt 0] Skipping checksum 'cksum' update because condition not met
[19:17:34.440] [bmv2] [D] [thread 120371] [28.0] [cxt 0] Deparsing header 'ethernet'
[19:17:34.441] [bmv2] [D] [thread 120371] [28.0] [cxt 0] Deparser 'deparser': end
[19:17:34.441] [bmv2] [D] [thread 120375] [28.0] [cxt 0] Transmitting packet of size 90 out of port 0
[19:17:34.450] [bmv2] [D] [thread 120370] [29.0] [cxt 0] Processing packet received on port 3
[19:17:34.450] [bmv2] [D] [thread 120370] [29.0] [cxt 0] Parser 'parser': start
[19:17:34.450] [bmv2] [D] [thread 120370] [29.0] [cxt 0] Parser 'parser' entering state 'start'
[19:17:34.450] [bmv2] [D] [thread 120370] [29.0] [cxt 0] Extracting header 'ethernet'
[19:17:34.450] [bmv2] [D] [thread 120370] [29.0] [cxt 0] Parser state 'start': key is 86dd
[19:17:34.450] [bmv2] [T] [thread 120370] [29.0] [cxt 0] Bytes parsed: 14
[19:17:34.450] [bmv2] [D] [thread 120370] [29.0] [cxt 0] Parser 'parser': end
[19:17:34.450] [bmv2] [D] [thread 120370] [29.0] [cxt 0] Pipeline 'ingress': start
[19:17:34.450] [bmv2] [T] [thread 120370] [29.0] [cxt 0] basic_tunnel.p4(152) Condition "hdr.ipv4.isValid() && !hdr.myTunnel.isValid()" (node_2) is false
[19:17:34.450] [bmv2] [T] [thread 120370] [29.0] [cxt 0] basic_tunnel.p4(155) Condition "hdr.myTunnel.isValid()" (node_4) is false
[19:17:34.450] [bmv2] [D] [thread 120370] [29.0] [cxt 0] Pipeline 'ingress': end
[19:17:34.450] [bmv2] [D] [thread 120370] [29.0] [cxt 0] Egress port is 0
[19:17:34.450] [bmv2] [D] [thread 120371] [29.0] [cxt 0] Pipeline 'egress': start
[19:17:34.450] [bmv2] [D] [thread 120371] [29.0] [cxt 0] Pipeline 'egress': end
[19:17:34.450] [bmv2] [D] [thread 120371] [29.0] [cxt 0] Deparser 'deparser': start
[19:17:34.450] [bmv2] [T] [thread 120371] [29.0] [cxt 0] Skipping checksum 'cksum' update because condition not met
[19:17:34.450] [bmv2] [D] [thread 120371] [29.0] [cxt 0] Deparsing header 'ethernet'
[19:17:34.450] [bmv2] [D] [thread 120371] [29.0] [cxt 0] Deparser 'deparser': end
[19:17:34.451] [bmv2] [D] [thread 120375] [29.0] [cxt 0] Transmitting packet of size 208 out of port 0
[19:17:34.470] [bmv2] [D] [thread 120370] [30.0] [cxt 0] Processing packet received on port 2
[19:17:34.470] [bmv2] [D] [thread 120370] [30.0] [cxt 0] Parser 'parser': start
[19:17:34.470] [bmv2] [D] [thread 120370] [30.0] [cxt 0] Parser 'parser' entering state 'start'
[19:17:34.470] [bmv2] [D] [thread 120370] [30.0] [cxt 0] Extracting header 'ethernet'
[19:17:34.470] [bmv2] [D] [thread 120370] [30.0] [cxt 0] Parser state 'start': key is 86dd
[19:17:34.470] [bmv2] [T] [thread 120370] [30.0] [cxt 0] Bytes parsed: 14
[19:17:34.470] [bmv2] [D] [thread 120370] [30.0] [cxt 0] Parser 'parser': end
[19:17:34.470] [bmv2] [D] [thread 120370] [30.0] [cxt 0] Pipeline 'ingress': start
[19:17:34.470] [bmv2] [T] [thread 120370] [30.0] [cxt 0] basic_tunnel.p4(152) Condition "hdr.ipv4.isValid() && !hdr.myTunnel.isValid()" (node_2) is false
[19:17:34.470] [bmv2] [T] [thread 120370] [30.0] [cxt 0] basic_tunnel.p4(155) Condition "hdr.myTunnel.isValid()" (node_4) is false
[19:17:34.470] [bmv2] [D] [thread 120370] [30.0] [cxt 0] Pipeline 'ingress': end
[19:17:34.470] [bmv2] [D] [thread 120370] [30.0] [cxt 0] Egress port is 0
[19:17:34.470] [bmv2] [D] [thread 120371] [30.0] [cxt 0] Pipeline 'egress': start
[19:17:34.470] [bmv2] [D] [thread 120371] [30.0] [cxt 0] Pipeline 'egress': end
[19:17:34.470] [bmv2] [D] [thread 120371] [30.0] [cxt 0] Deparser 'deparser': start
[19:17:34.470] [bmv2] [T] [thread 120371] [30.0] [cxt 0] Skipping checksum 'cksum' update because condition not met
[19:17:34.470] [bmv2] [D] [thread 120371] [30.0] [cxt 0] Deparsing header 'ethernet'
[19:17:34.470] [bmv2] [D] [thread 120371] [30.0] [cxt 0] Deparser 'deparser': end
[19:17:34.470] [bmv2] [D] [thread 120375] [30.0] [cxt 0] Transmitting packet of size 196 out of port 0
[19:17:34.521] [bmv2] [D] [thread 120370] [31.0] [cxt 0] Processing packet received on port 3
[19:17:34.521] [bmv2] [D] [thread 120370] [31.0] [cxt 0] Parser 'parser': start
[19:17:34.521] [bmv2] [D] [thread 120370] [31.0] [cxt 0] Parser 'parser' entering state 'start'
[19:17:34.521] [bmv2] [D] [thread 120370] [31.0] [cxt 0] Extracting header 'ethernet'
[19:17:34.521] [bmv2] [D] [thread 120370] [31.0] [cxt 0] Parser state 'start': key is 86dd
[19:17:34.521] [bmv2] [T] [thread 120370] [31.0] [cxt 0] Bytes parsed: 14
[19:17:34.521] [bmv2] [D] [thread 120370] [31.0] [cxt 0] Parser 'parser': end
[19:17:34.521] [bmv2] [D] [thread 120370] [31.0] [cxt 0] Pipeline 'ingress': start
[19:17:34.521] [bmv2] [T] [thread 120370] [31.0] [cxt 0] basic_tunnel.p4(152) Condition "hdr.ipv4.isValid() && !hdr.myTunnel.isValid()" (node_2) is false
[19:17:34.521] [bmv2] [T] [thread 120370] [31.0] [cxt 0] basic_tunnel.p4(155) Condition "hdr.myTunnel.isValid()" (node_4) is false
[19:17:34.521] [bmv2] [D] [thread 120370] [31.0] [cxt 0] Pipeline 'ingress': end
[19:17:34.521] [bmv2] [D] [thread 120370] [31.0] [cxt 0] Egress port is 0
[19:17:34.521] [bmv2] [D] [thread 120371] [31.0] [cxt 0] Pipeline 'egress': start
[19:17:34.521] [bmv2] [D] [thread 120371] [31.0] [cxt 0] Pipeline 'egress': end
[19:17:34.521] [bmv2] [D] [thread 120371] [31.0] [cxt 0] Deparser 'deparser': start
[19:17:34.521] [bmv2] [T] [thread 120371] [31.0] [cxt 0] Skipping checksum 'cksum' update because condition not met
[19:17:34.521] [bmv2] [D] [thread 120371] [31.0] [cxt 0] Deparsing header 'ethernet'
[19:17:34.521] [bmv2] [D] [thread 120371] [31.0] [cxt 0] Deparser 'deparser': end
[19:17:34.521] [bmv2] [D] [thread 120375] [31.0] [cxt 0] Transmitting packet of size 196 out of port 0
[19:17:34.653] [bmv2] [D] [thread 120370] [32.0] [cxt 0] Processing packet received on port 3
[19:17:34.653] [bmv2] [D] [thread 120370] [32.0] [cxt 0] Parser 'parser': start
[19:17:34.654] [bmv2] [D] [thread 120370] [32.0] [cxt 0] Parser 'parser' entering state 'start'
[19:17:34.654] [bmv2] [D] [thread 120370] [32.0] [cxt 0] Extracting header 'ethernet'
[19:17:34.654] [bmv2] [D] [thread 120370] [32.0] [cxt 0] Parser state 'start': key is 86dd
[19:17:34.654] [bmv2] [T] [thread 120370] [32.0] [cxt 0] Bytes parsed: 14
[19:17:34.654] [bmv2] [D] [thread 120370] [32.0] [cxt 0] Parser 'parser': end
[19:17:34.654] [bmv2] [D] [thread 120370] [32.0] [cxt 0] Pipeline 'ingress': start
[19:17:34.656] [bmv2] [T] [thread 120370] [32.0] [cxt 0] basic_tunnel.p4(152) Condition "hdr.ipv4.isValid() && !hdr.myTunnel.isValid()" (node_2) is false
[19:17:34.656] [bmv2] [T] [thread 120370] [32.0] [cxt 0] basic_tunnel.p4(155) Condition "hdr.myTunnel.isValid()" (node_4) is false
[19:17:34.656] [bmv2] [D] [thread 120370] [32.0] [cxt 0] Pipeline 'ingress': end
[19:17:34.656] [bmv2] [D] [thread 120370] [32.0] [cxt 0] Egress port is 0
[19:17:34.656] [bmv2] [D] [thread 120371] [32.0] [cxt 0] Pipeline 'egress': start
[19:17:34.656] [bmv2] [D] [thread 120371] [32.0] [cxt 0] Pipeline 'egress': end
[19:17:34.656] [bmv2] [D] [thread 120371] [32.0] [cxt 0] Deparser 'deparser': start
[19:17:34.656] [bmv2] [T] [thread 120371] [32.0] [cxt 0] Skipping checksum 'cksum' update because condition not met
[19:17:34.656] [bmv2] [D] [thread 120371] [32.0] [cxt 0] Deparsing header 'ethernet'
[19:17:34.656] [bmv2] [D] [thread 120371] [32.0] [cxt 0] Deparser 'deparser': end
[19:17:34.656] [bmv2] [D] [thread 120375] [32.0] [cxt 0] Transmitting packet of size 196 out of port 0
[19:17:34.756] [bmv2] [D] [thread 120370] [33.0] [cxt 0] Processing packet received on port 3
[19:17:34.756] [bmv2] [D] [thread 120370] [33.0] [cxt 0] Parser 'parser': start
[19:17:34.756] [bmv2] [D] [thread 120370] [33.0] [cxt 0] Parser 'parser' entering state 'start'
[19:17:34.756] [bmv2] [D] [thread 120370] [33.0] [cxt 0] Extracting header 'ethernet'
[19:17:34.756] [bmv2] [D] [thread 120370] [33.0] [cxt 0] Parser state 'start': key is 86dd
[19:17:34.756] [bmv2] [T] [thread 120370] [33.0] [cxt 0] Bytes parsed: 14
[19:17:34.756] [bmv2] [D] [thread 120370] [33.0] [cxt 0] Parser 'parser': end
[19:17:34.756] [bmv2] [D] [thread 120370] [33.0] [cxt 0] Pipeline 'ingress': start
[19:17:34.756] [bmv2] [T] [thread 120370] [33.0] [cxt 0] basic_tunnel.p4(152) Condition "hdr.ipv4.isValid() && !hdr.myTunnel.isValid()" (node_2) is false
[19:17:34.756] [bmv2] [T] [thread 120370] [33.0] [cxt 0] basic_tunnel.p4(155) Condition "hdr.myTunnel.isValid()" (node_4) is false
[19:17:34.756] [bmv2] [D] [thread 120370] [33.0] [cxt 0] Pipeline 'ingress': end
[19:17:34.756] [bmv2] [D] [thread 120370] [33.0] [cxt 0] Egress port is 0
[19:17:34.756] [bmv2] [D] [thread 120371] [33.0] [cxt 0] Pipeline 'egress': start
[19:17:34.756] [bmv2] [D] [thread 120371] [33.0] [cxt 0] Pipeline 'egress': end
[19:17:34.756] [bmv2] [D] [thread 120371] [33.0] [cxt 0] Deparser 'deparser': start
[19:17:34.756] [bmv2] [T] [thread 120371] [33.0] [cxt 0] Skipping checksum 'cksum' update because condition not met
[19:17:34.756] [bmv2] [D] [thread 120371] [33.0] [cxt 0] Deparsing header 'ethernet'
[19:17:34.756] [bmv2] [D] [thread 120371] [33.0] [cxt 0] Deparser 'deparser': end
[19:17:34.759] [bmv2] [D] [thread 120375] [33.0] [cxt 0] Transmitting packet of size 90 out of port 0
[19:17:35.194] [bmv2] [D] [thread 120370] [34.0] [cxt 0] Processing packet received on port 1
[19:17:35.195] [bmv2] [D] [thread 120370] [34.0] [cxt 0] Parser 'parser': start
[19:17:35.195] [bmv2] [D] [thread 120370] [34.0] [cxt 0] Parser 'parser' entering state 'start'
[19:17:35.195] [bmv2] [D] [thread 120370] [34.0] [cxt 0] Extracting header 'ethernet'
[19:17:35.195] [bmv2] [D] [thread 120370] [34.0] [cxt 0] Parser state 'start': key is 86dd
[19:17:35.195] [bmv2] [T] [thread 120370] [34.0] [cxt 0] Bytes parsed: 14
[19:17:35.195] [bmv2] [D] [thread 120370] [34.0] [cxt 0] Parser 'parser': end
[19:17:35.195] [bmv2] [D] [thread 120370] [34.0] [cxt 0] Pipeline 'ingress': start
[19:17:35.195] [bmv2] [T] [thread 120370] [34.0] [cxt 0] basic_tunnel.p4(152) Condition "hdr.ipv4.isValid() && !hdr.myTunnel.isValid()" (node_2) is false
[19:17:35.195] [bmv2] [T] [thread 120370] [34.0] [cxt 0] basic_tunnel.p4(155) Condition "hdr.myTunnel.isValid()" (node_4) is false
[19:17:35.195] [bmv2] [D] [thread 120370] [34.0] [cxt 0] Pipeline 'ingress': end
[19:17:35.195] [bmv2] [D] [thread 120370] [34.0] [cxt 0] Egress port is 0
[19:17:35.195] [bmv2] [D] [thread 120371] [34.0] [cxt 0] Pipeline 'egress': start
[19:17:35.195] [bmv2] [D] [thread 120371] [34.0] [cxt 0] Pipeline 'egress': end
[19:17:35.195] [bmv2] [D] [thread 120371] [34.0] [cxt 0] Deparser 'deparser': start
[19:17:35.195] [bmv2] [T] [thread 120371] [34.0] [cxt 0] Skipping checksum 'cksum' update because condition not met
[19:17:35.195] [bmv2] [D] [thread 120371] [34.0] [cxt 0] Deparsing header 'ethernet'
[19:17:35.195] [bmv2] [D] [thread 120371] [34.0] [cxt 0] Deparser 'deparser': end
[19:17:35.195] [bmv2] [D] [thread 120375] [34.0] [cxt 0] Transmitting packet of size 196 out of port 0
[19:17:35.223] [bmv2] [D] [thread 120370] [35.0] [cxt 0] Processing packet received on port 2
[19:17:35.223] [bmv2] [D] [thread 120370] [35.0] [cxt 0] Parser 'parser': start
[19:17:35.223] [bmv2] [D] [thread 120370] [35.0] [cxt 0] Parser 'parser' entering state 'start'
[19:17:35.223] [bmv2] [D] [thread 120370] [35.0] [cxt 0] Extracting header 'ethernet'
[19:17:35.223] [bmv2] [D] [thread 120370] [35.0] [cxt 0] Parser state 'start': key is 86dd
[19:17:35.223] [bmv2] [T] [thread 120370] [35.0] [cxt 0] Bytes parsed: 14
[19:17:35.223] [bmv2] [D] [thread 120370] [35.0] [cxt 0] Parser 'parser': end
[19:17:35.223] [bmv2] [D] [thread 120370] [35.0] [cxt 0] Pipeline 'ingress': start
[19:17:35.223] [bmv2] [T] [thread 120370] [35.0] [cxt 0] basic_tunnel.p4(152) Condition "hdr.ipv4.isValid() && !hdr.myTunnel.isValid()" (node_2) is false
[19:17:35.223] [bmv2] [T] [thread 120370] [35.0] [cxt 0] basic_tunnel.p4(155) Condition "hdr.myTunnel.isValid()" (node_4) is false
[19:17:35.223] [bmv2] [D] [thread 120370] [35.0] [cxt 0] Pipeline 'ingress': end
[19:17:35.223] [bmv2] [D] [thread 120370] [35.0] [cxt 0] Egress port is 0
[19:17:35.224] [bmv2] [D] [thread 120371] [35.0] [cxt 0] Pipeline 'egress': start
[19:17:35.224] [bmv2] [D] [thread 120371] [35.0] [cxt 0] Pipeline 'egress': end
[19:17:35.224] [bmv2] [D] [thread 120371] [35.0] [cxt 0] Deparser 'deparser': start
[19:17:35.224] [bmv2] [T] [thread 120371] [35.0] [cxt 0] Skipping checksum 'cksum' update because condition not met
[19:17:35.224] [bmv2] [D] [thread 120371] [35.0] [cxt 0] Deparsing header 'ethernet'
[19:17:35.224] [bmv2] [D] [thread 120371] [35.0] [cxt 0] Deparser 'deparser': end
[19:17:35.224] [bmv2] [D] [thread 120375] [35.0] [cxt 0] Transmitting packet of size 196 out of port 0
[19:17:35.499] [bmv2] [D] [thread 120370] [36.0] [cxt 0] Processing packet received on port 2
[19:17:35.499] [bmv2] [D] [thread 120370] [36.0] [cxt 0] Parser 'parser': start
[19:17:35.499] [bmv2] [D] [thread 120370] [36.0] [cxt 0] Parser 'parser' entering state 'start'
[19:17:35.499] [bmv2] [D] [thread 120370] [36.0] [cxt 0] Extracting header 'ethernet'
[19:17:35.499] [bmv2] [D] [thread 120370] [36.0] [cxt 0] Parser state 'start': key is 86dd
[19:17:35.499] [bmv2] [T] [thread 120370] [36.0] [cxt 0] Bytes parsed: 14
[19:17:35.499] [bmv2] [D] [thread 120370] [36.0] [cxt 0] Parser 'parser': end
[19:17:35.499] [bmv2] [D] [thread 120370] [36.0] [cxt 0] Pipeline 'ingress': start
[19:17:35.500] [bmv2] [T] [thread 120370] [36.0] [cxt 0] basic_tunnel.p4(152) Condition "hdr.ipv4.isValid() && !hdr.myTunnel.isValid()" (node_2) is false
[19:17:35.500] [bmv2] [T] [thread 120370] [36.0] [cxt 0] basic_tunnel.p4(155) Condition "hdr.myTunnel.isValid()" (node_4) is false
[19:17:35.500] [bmv2] [D] [thread 120370] [36.0] [cxt 0] Pipeline 'ingress': end
[19:17:35.500] [bmv2] [D] [thread 120370] [36.0] [cxt 0] Egress port is 0
[19:17:35.500] [bmv2] [D] [thread 120371] [36.0] [cxt 0] Pipeline 'egress': start
[19:17:35.500] [bmv2] [D] [thread 120371] [36.0] [cxt 0] Pipeline 'egress': end
[19:17:35.500] [bmv2] [D] [thread 120371] [36.0] [cxt 0] Deparser 'deparser': start
[19:17:35.500] [bmv2] [T] [thread 120371] [36.0] [cxt 0] Skipping checksum 'cksum' update because condition not met
[19:17:35.500] [bmv2] [D] [thread 120371] [36.0] [cxt 0] Deparsing header 'ethernet'
[19:17:35.500] [bmv2] [D] [thread 120371] [36.0] [cxt 0] Deparser 'deparser': end
[19:17:35.500] [bmv2] [D] [thread 120375] [36.0] [cxt 0] Transmitting packet of size 196 out of port 0
[19:17:35.557] [bmv2] [D] [thread 120370] [37.0] [cxt 0] Processing packet received on port 3
[19:17:35.557] [bmv2] [D] [thread 120370] [37.0] [cxt 0] Parser 'parser': start
[19:17:35.557] [bmv2] [D] [thread 120370] [37.0] [cxt 0] Parser 'parser' entering state 'start'
[19:17:35.557] [bmv2] [D] [thread 120370] [37.0] [cxt 0] Extracting header 'ethernet'
[19:17:35.557] [bmv2] [D] [thread 120370] [37.0] [cxt 0] Parser state 'start': key is 86dd
[19:17:35.557] [bmv2] [T] [thread 120370] [37.0] [cxt 0] Bytes parsed: 14
[19:17:35.557] [bmv2] [D] [thread 120370] [37.0] [cxt 0] Parser 'parser': end
[19:17:35.557] [bmv2] [D] [thread 120370] [37.0] [cxt 0] Pipeline 'ingress': start
[19:17:35.557] [bmv2] [T] [thread 120370] [37.0] [cxt 0] basic_tunnel.p4(152) Condition "hdr.ipv4.isValid() && !hdr.myTunnel.isValid()" (node_2) is false
[19:17:35.557] [bmv2] [T] [thread 120370] [37.0] [cxt 0] basic_tunnel.p4(155) Condition "hdr.myTunnel.isValid()" (node_4) is false
[19:17:35.557] [bmv2] [D] [thread 120370] [37.0] [cxt 0] Pipeline 'ingress': end
[19:17:35.557] [bmv2] [D] [thread 120370] [37.0] [cxt 0] Egress port is 0
[19:17:35.557] [bmv2] [D] [thread 120371] [37.0] [cxt 0] Pipeline 'egress': start
[19:17:35.557] [bmv2] [D] [thread 120371] [37.0] [cxt 0] Pipeline 'egress': end
[19:17:35.557] [bmv2] [D] [thread 120371] [37.0] [cxt 0] Deparser 'deparser': start
[19:17:35.557] [bmv2] [T] [thread 120371] [37.0] [cxt 0] Skipping checksum 'cksum' update because condition not met
[19:17:35.557] [bmv2] [D] [thread 120371] [37.0] [cxt 0] Deparsing header 'ethernet'
[19:17:35.557] [bmv2] [D] [thread 120371] [37.0] [cxt 0] Deparser 'deparser': end
[19:17:35.557] [bmv2] [D] [thread 120375] [37.0] [cxt 0] Transmitting packet of size 196 out of port 0
[19:17:35.673] [bmv2] [D] [thread 120370] [38.0] [cxt 0] Processing packet received on port 3
[19:17:35.673] [bmv2] [D] [thread 120370] [38.0] [cxt 0] Parser 'parser': start
[19:17:35.673] [bmv2] [D] [thread 120370] [38.0] [cxt 0] Parser 'parser' entering state 'start'
[19:17:35.673] [bmv2] [D] [thread 120370] [38.0] [cxt 0] Extracting header 'ethernet'
[19:17:35.673] [bmv2] [D] [thread 120370] [38.0] [cxt 0] Parser state 'start': key is 86dd
[19:17:35.673] [bmv2] [T] [thread 120370] [38.0] [cxt 0] Bytes parsed: 14
[19:17:35.673] [bmv2] [D] [thread 120370] [38.0] [cxt 0] Parser 'parser': end
[19:17:35.673] [bmv2] [D] [thread 120370] [38.0] [cxt 0] Pipeline 'ingress': start
[19:17:35.673] [bmv2] [T] [thread 120370] [38.0] [cxt 0] basic_tunnel.p4(152) Condition "hdr.ipv4.isValid() && !hdr.myTunnel.isValid()" (node_2) is false
[19:17:35.673] [bmv2] [T] [thread 120370] [38.0] [cxt 0] basic_tunnel.p4(155) Condition "hdr.myTunnel.isValid()" (node_4) is false
[19:17:35.673] [bmv2] [D] [thread 120370] [38.0] [cxt 0] Pipeline 'ingress': end
[19:17:35.673] [bmv2] [D] [thread 120370] [38.0] [cxt 0] Egress port is 0
[19:17:35.673] [bmv2] [D] [thread 120371] [38.0] [cxt 0] Pipeline 'egress': start
[19:17:35.673] [bmv2] [D] [thread 120371] [38.0] [cxt 0] Pipeline 'egress': end
[19:17:35.673] [bmv2] [D] [thread 120371] [38.0] [cxt 0] Deparser 'deparser': start
[19:17:35.673] [bmv2] [T] [thread 120371] [38.0] [cxt 0] Skipping checksum 'cksum' update because condition not met
[19:17:35.673] [bmv2] [D] [thread 120371] [38.0] [cxt 0] Deparsing header 'ethernet'
[19:17:35.673] [bmv2] [D] [thread 120371] [38.0] [cxt 0] Deparser 'deparser': end
[19:17:35.673] [bmv2] [D] [thread 120375] [38.0] [cxt 0] Transmitting packet of size 196 out of port 0
[19:17:36.255] [bmv2] [W] [thread 120427] [P4Runtime] p4::tmp::P4DeviceConfig is deprecated
[19:17:36.259] [bmv2] [D] [thread 120427] Set default default entry for table 'MyIngress.ipv4_lpm': MyIngress.drop - 
[19:17:36.259] [bmv2] [D] [thread 120427] Set default default entry for table 'MyIngress.myTunnel_exact': MyIngress.drop - 
[19:17:36.265] [bmv2] [D] [thread 120427] simple_switch target has been notified of a config swap
[19:17:36.276] [bmv2] [D] [thread 120429] Entry 0 added to table 'MyIngress.ipv4_lpm'
[19:17:36.276] [bmv2] [D] [thread 120429] Dumping entry 0
Match key:
* hdr.ipv4.dstAddr    : LPM       0a000101/32
Action entry: MyIngress.ipv4_forward - 80000000100,2,

[19:17:36.283] [bmv2] [D] [thread 120427] Entry 1 added to table 'MyIngress.ipv4_lpm'
[19:17:36.283] [bmv2] [D] [thread 120427] Dumping entry 1
Match key:
* hdr.ipv4.dstAddr    : LPM       0a000202/32
Action entry: MyIngress.ipv4_forward - 80000000200,3,

[19:17:36.287] [bmv2] [D] [thread 120429] Entry 2 added to table 'MyIngress.ipv4_lpm'
[19:17:36.287] [bmv2] [D] [thread 120429] Dumping entry 2
Match key:
* hdr.ipv4.dstAddr    : LPM       0a000303/32
Action entry: MyIngress.ipv4_forward - 80000000333,1,

[19:17:36.291] [bmv2] [D] [thread 120427] Entry 0 added to table 'MyIngress.myTunnel_exact'
[19:17:36.301] [bmv2] [D] [thread 120427] Dumping entry 0
Match key:
* hdr.myTunnel.dst_id : EXACT     0001
Action entry: MyIngress.myTunnel_forward - 2,

[19:17:36.322] [bmv2] [D] [thread 120429] Entry 1 added to table 'MyIngress.myTunnel_exact'
[19:17:36.322] [bmv2] [D] [thread 120429] Dumping entry 1
Match key:
* hdr.myTunnel.dst_id : EXACT     0002
Action entry: MyIngress.myTunnel_forward - 3,

[19:17:36.331] [bmv2] [D] [thread 120427] Entry 2 added to table 'MyIngress.myTunnel_exact'
[19:17:36.331] [bmv2] [D] [thread 120427] Dumping entry 2
Match key:
* hdr.myTunnel.dst_id : EXACT     0003
Action entry: MyIngress.myTunnel_forward - 1,

[19:17:37.220] [bmv2] [D] [thread 120370] [39.0] [cxt 0] Processing packet received on port 1
[19:17:37.220] [bmv2] [D] [thread 120370] [39.0] [cxt 0] Parser 'parser': start
[19:17:37.220] [bmv2] [D] [thread 120370] [39.0] [cxt 0] Parser 'parser' entering state 'start'
[19:17:37.220] [bmv2] [D] [thread 120370] [39.0] [cxt 0] Extracting header 'ethernet'
[19:17:37.220] [bmv2] [D] [thread 120370] [39.0] [cxt 0] Parser state 'start': key is 86dd
[19:17:37.220] [bmv2] [T] [thread 120370] [39.0] [cxt 0] Bytes parsed: 14
[19:17:37.220] [bmv2] [D] [thread 120370] [39.0] [cxt 0] Parser 'parser': end
[19:17:37.220] [bmv2] [D] [thread 120370] [39.0] [cxt 0] Pipeline 'ingress': start
[19:17:37.220] [bmv2] [T] [thread 120370] [39.0] [cxt 0] basic_tunnel.p4(152) Condition "hdr.ipv4.isValid() && !hdr.myTunnel.isValid()" (node_2) is false
[19:17:37.220] [bmv2] [T] [thread 120370] [39.0] [cxt 0] basic_tunnel.p4(155) Condition "hdr.myTunnel.isValid()" (node_4) is false
[19:17:37.220] [bmv2] [D] [thread 120370] [39.0] [cxt 0] Pipeline 'ingress': end
[19:17:37.220] [bmv2] [D] [thread 120370] [39.0] [cxt 0] Egress port is 0
[19:17:37.220] [bmv2] [D] [thread 120371] [39.0] [cxt 0] Pipeline 'egress': start
[19:17:37.220] [bmv2] [D] [thread 120371] [39.0] [cxt 0] Pipeline 'egress': end
[19:17:37.220] [bmv2] [D] [thread 120371] [39.0] [cxt 0] Deparser 'deparser': start
[19:17:37.220] [bmv2] [T] [thread 120371] [39.0] [cxt 0] Skipping checksum 'cksum' update because condition not met
[19:17:37.220] [bmv2] [D] [thread 120371] [39.0] [cxt 0] Deparsing header 'ethernet'
[19:17:37.220] [bmv2] [D] [thread 120371] [39.0] [cxt 0] Deparser 'deparser': end
[19:17:37.220] [bmv2] [D] [thread 120375] [39.0] [cxt 0] Transmitting packet of size 196 out of port 0
[19:17:37.249] [bmv2] [D] [thread 120370] [40.0] [cxt 0] Processing packet received on port 2
[19:17:37.249] [bmv2] [D] [thread 120370] [40.0] [cxt 0] Parser 'parser': start
[19:17:37.249] [bmv2] [D] [thread 120370] [40.0] [cxt 0] Parser 'parser' entering state 'start'
[19:17:37.249] [bmv2] [D] [thread 120370] [40.0] [cxt 0] Extracting header 'ethernet'
[19:17:37.249] [bmv2] [D] [thread 120370] [40.0] [cxt 0] Parser state 'start': key is 86dd
[19:17:37.249] [bmv2] [T] [thread 120370] [40.0] [cxt 0] Bytes parsed: 14
[19:17:37.249] [bmv2] [D] [thread 120370] [40.0] [cxt 0] Parser 'parser': end
[19:17:37.249] [bmv2] [D] [thread 120370] [40.0] [cxt 0] Pipeline 'ingress': start
[19:17:37.249] [bmv2] [T] [thread 120370] [40.0] [cxt 0] basic_tunnel.p4(152) Condition "hdr.ipv4.isValid() && !hdr.myTunnel.isValid()" (node_2) is false
[19:17:37.252] [bmv2] [T] [thread 120370] [40.0] [cxt 0] basic_tunnel.p4(155) Condition "hdr.myTunnel.isValid()" (node_4) is false
[19:17:37.252] [bmv2] [D] [thread 120370] [40.0] [cxt 0] Pipeline 'ingress': end
[19:17:37.252] [bmv2] [D] [thread 120370] [40.0] [cxt 0] Egress port is 0
[19:17:37.252] [bmv2] [D] [thread 120370] [41.0] [cxt 0] Processing packet received on port 1
[19:17:37.252] [bmv2] [D] [thread 120370] [41.0] [cxt 0] Parser 'parser': start
[19:17:37.252] [bmv2] [D] [thread 120370] [41.0] [cxt 0] Parser 'parser' entering state 'start'
[19:17:37.252] [bmv2] [D] [thread 120370] [41.0] [cxt 0] Extracting header 'ethernet'
[19:17:37.252] [bmv2] [D] [thread 120370] [41.0] [cxt 0] Parser state 'start': key is 86dd
[19:17:37.252] [bmv2] [T] [thread 120370] [41.0] [cxt 0] Bytes parsed: 14
[19:17:37.252] [bmv2] [D] [thread 120370] [41.0] [cxt 0] Parser 'parser': end
[19:17:37.252] [bmv2] [D] [thread 120370] [41.0] [cxt 0] Pipeline 'ingress': start
[19:17:37.252] [bmv2] [T] [thread 120370] [41.0] [cxt 0] basic_tunnel.p4(152) Condition "hdr.ipv4.isValid() && !hdr.myTunnel.isValid()" (node_2) is false
[19:17:37.252] [bmv2] [T] [thread 120370] [41.0] [cxt 0] basic_tunnel.p4(155) Condition "hdr.myTunnel.isValid()" (node_4) is false
[19:17:37.252] [bmv2] [D] [thread 120370] [41.0] [cxt 0] Pipeline 'ingress': end
[19:17:37.253] [bmv2] [D] [thread 120370] [41.0] [cxt 0] Egress port is 0
[19:17:37.253] [bmv2] [D] [thread 120371] [40.0] [cxt 0] Pipeline 'egress': start
[19:17:37.253] [bmv2] [D] [thread 120371] [40.0] [cxt 0] Pipeline 'egress': end
[19:17:37.253] [bmv2] [D] [thread 120371] [40.0] [cxt 0] Deparser 'deparser': start
[19:17:37.253] [bmv2] [T] [thread 120371] [40.0] [cxt 0] Skipping checksum 'cksum' update because condition not met
[19:17:37.253] [bmv2] [D] [thread 120371] [40.0] [cxt 0] Deparsing header 'ethernet'
[19:17:37.253] [bmv2] [D] [thread 120371] [40.0] [cxt 0] Deparser 'deparser': end
[19:17:37.253] [bmv2] [D] [thread 120371] [41.0] [cxt 0] Pipeline 'egress': start
[19:17:37.253] [bmv2] [D] [thread 120371] [41.0] [cxt 0] Pipeline 'egress': end
[19:17:37.253] [bmv2] [D] [thread 120371] [41.0] [cxt 0] Deparser 'deparser': start
[19:17:37.253] [bmv2] [T] [thread 120371] [41.0] [cxt 0] Skipping checksum 'cksum' update because condition not met
[19:17:37.253] [bmv2] [D] [thread 120371] [41.0] [cxt 0] Deparsing header 'ethernet'
[19:17:37.253] [bmv2] [D] [thread 120371] [41.0] [cxt 0] Deparser 'deparser': end
[19:17:37.253] [bmv2] [D] [thread 120375] [40.0] [cxt 0] Transmitting packet of size 196 out of port 0
[19:17:37.253] [bmv2] [D] [thread 120375] [41.0] [cxt 0] Transmitting packet of size 70 out of port 0
[19:17:37.509] [bmv2] [D] [thread 120370] [42.0] [cxt 0] Processing packet received on port 2
[19:17:37.509] [bmv2] [D] [thread 120370] [42.0] [cxt 0] Parser 'parser': start
[19:17:37.509] [bmv2] [D] [thread 120370] [42.0] [cxt 0] Parser 'parser' entering state 'start'
[19:17:37.509] [bmv2] [D] [thread 120370] [42.0] [cxt 0] Extracting header 'ethernet'
[19:17:37.509] [bmv2] [D] [thread 120370] [42.0] [cxt 0] Parser state 'start': key is 86dd
[19:17:37.509] [bmv2] [T] [thread 120370] [42.0] [cxt 0] Bytes parsed: 14
[19:17:37.509] [bmv2] [D] [thread 120370] [42.0] [cxt 0] Parser 'parser': end
[19:17:37.509] [bmv2] [D] [thread 120370] [42.0] [cxt 0] Pipeline 'ingress': start
[19:17:37.509] [bmv2] [T] [thread 120370] [42.0] [cxt 0] basic_tunnel.p4(152) Condition "hdr.ipv4.isValid() && !hdr.myTunnel.isValid()" (node_2) is false
[19:17:37.509] [bmv2] [T] [thread 120370] [42.0] [cxt 0] basic_tunnel.p4(155) Condition "hdr.myTunnel.isValid()" (node_4) is false
[19:17:37.509] [bmv2] [D] [thread 120370] [42.0] [cxt 0] Pipeline 'ingress': end
[19:17:37.509] [bmv2] [D] [thread 120370] [42.0] [cxt 0] Egress port is 0
[19:17:37.509] [bmv2] [D] [thread 120371] [42.0] [cxt 0] Pipeline 'egress': start
[19:17:37.509] [bmv2] [D] [thread 120371] [42.0] [cxt 0] Pipeline 'egress': end
[19:17:37.509] [bmv2] [D] [thread 120371] [42.0] [cxt 0] Deparser 'deparser': start
[19:17:37.509] [bmv2] [T] [thread 120371] [42.0] [cxt 0] Skipping checksum 'cksum' update because condition not met
[19:17:37.509] [bmv2] [D] [thread 120371] [42.0] [cxt 0] Deparsing header 'ethernet'
[19:17:37.509] [bmv2] [D] [thread 120371] [42.0] [cxt 0] Deparser 'deparser': end
[19:17:37.509] [bmv2] [D] [thread 120375] [42.0] [cxt 0] Transmitting packet of size 70 out of port 0
[19:17:37.524] [bmv2] [D] [thread 120370] [43.0] [cxt 0] Processing packet received on port 2
[19:17:37.524] [bmv2] [D] [thread 120370] [43.0] [cxt 0] Parser 'parser': start
[19:17:37.524] [bmv2] [D] [thread 120370] [43.0] [cxt 0] Parser 'parser' entering state 'start'
[19:17:37.524] [bmv2] [D] [thread 120370] [43.0] [cxt 0] Extracting header 'ethernet'
[19:17:37.524] [bmv2] [D] [thread 120370] [43.0] [cxt 0] Parser state 'start': key is 86dd
[19:17:37.524] [bmv2] [T] [thread 120370] [43.0] [cxt 0] Bytes parsed: 14
[19:17:37.524] [bmv2] [D] [thread 120370] [43.0] [cxt 0] Parser 'parser': end
[19:17:37.524] [bmv2] [D] [thread 120370] [43.0] [cxt 0] Pipeline 'ingress': start
[19:17:37.524] [bmv2] [T] [thread 120370] [43.0] [cxt 0] basic_tunnel.p4(152) Condition "hdr.ipv4.isValid() && !hdr.myTunnel.isValid()" (node_2) is false
[19:17:37.524] [bmv2] [T] [thread 120370] [43.0] [cxt 0] basic_tunnel.p4(155) Condition "hdr.myTunnel.isValid()" (node_4) is false
[19:17:37.524] [bmv2] [D] [thread 120370] [43.0] [cxt 0] Pipeline 'ingress': end
[19:17:37.524] [bmv2] [D] [thread 120370] [43.0] [cxt 0] Egress port is 0
[19:17:37.525] [bmv2] [D] [thread 120371] [43.0] [cxt 0] Pipeline 'egress': start
[19:17:37.525] [bmv2] [D] [thread 120371] [43.0] [cxt 0] Pipeline 'egress': end
[19:17:37.525] [bmv2] [D] [thread 120371] [43.0] [cxt 0] Deparser 'deparser': start
[19:17:37.525] [bmv2] [T] [thread 120371] [43.0] [cxt 0] Skipping checksum 'cksum' update because condition not met
[19:17:37.525] [bmv2] [D] [thread 120371] [43.0] [cxt 0] Deparsing header 'ethernet'
[19:17:37.525] [bmv2] [D] [thread 120371] [43.0] [cxt 0] Deparser 'deparser': end
[19:17:37.525] [bmv2] [D] [thread 120375] [43.0] [cxt 0] Transmitting packet of size 196 out of port 0
[19:17:37.574] [bmv2] [D] [thread 120370] [44.0] [cxt 0] Processing packet received on port 3
[19:17:37.574] [bmv2] [D] [thread 120370] [44.0] [cxt 0] Parser 'parser': start
[19:17:37.574] [bmv2] [D] [thread 120370] [44.0] [cxt 0] Parser 'parser' entering state 'start'
[19:17:37.574] [bmv2] [D] [thread 120370] [44.0] [cxt 0] Extracting header 'ethernet'
[19:17:37.574] [bmv2] [D] [thread 120370] [44.0] [cxt 0] Parser state 'start': key is 86dd
[19:17:37.574] [bmv2] [T] [thread 120370] [44.0] [cxt 0] Bytes parsed: 14
[19:17:37.574] [bmv2] [D] [thread 120370] [44.0] [cxt 0] Parser 'parser': end
[19:17:37.574] [bmv2] [D] [thread 120370] [44.0] [cxt 0] Pipeline 'ingress': start
[19:17:37.574] [bmv2] [T] [thread 120370] [44.0] [cxt 0] basic_tunnel.p4(152) Condition "hdr.ipv4.isValid() && !hdr.myTunnel.isValid()" (node_2) is false
[19:17:37.574] [bmv2] [T] [thread 120370] [44.0] [cxt 0] basic_tunnel.p4(155) Condition "hdr.myTunnel.isValid()" (node_4) is false
[19:17:37.574] [bmv2] [D] [thread 120370] [44.0] [cxt 0] Pipeline 'ingress': end
[19:17:37.574] [bmv2] [D] [thread 120370] [44.0] [cxt 0] Egress port is 0
[19:17:37.574] [bmv2] [D] [thread 120371] [44.0] [cxt 0] Pipeline 'egress': start
[19:17:37.574] [bmv2] [D] [thread 120371] [44.0] [cxt 0] Pipeline 'egress': end
[19:17:37.574] [bmv2] [D] [thread 120371] [44.0] [cxt 0] Deparser 'deparser': start
[19:17:37.574] [bmv2] [T] [thread 120371] [44.0] [cxt 0] Skipping checksum 'cksum' update because condition not met
[19:17:37.574] [bmv2] [D] [thread 120371] [44.0] [cxt 0] Deparsing header 'ethernet'
[19:17:37.574] [bmv2] [D] [thread 120371] [44.0] [cxt 0] Deparser 'deparser': end
[19:17:37.574] [bmv2] [D] [thread 120375] [44.0] [cxt 0] Transmitting packet of size 196 out of port 0
[19:17:37.700] [bmv2] [D] [thread 120370] [45.0] [cxt 0] Processing packet received on port 3
[19:17:37.700] [bmv2] [D] [thread 120370] [45.0] [cxt 0] Parser 'parser': start
[19:17:37.700] [bmv2] [D] [thread 120370] [45.0] [cxt 0] Parser 'parser' entering state 'start'
[19:17:37.700] [bmv2] [D] [thread 120370] [45.0] [cxt 0] Extracting header 'ethernet'
[19:17:37.700] [bmv2] [D] [thread 120370] [45.0] [cxt 0] Parser state 'start': key is 86dd
[19:17:37.700] [bmv2] [T] [thread 120370] [45.0] [cxt 0] Bytes parsed: 14
[19:17:37.700] [bmv2] [D] [thread 120370] [45.0] [cxt 0] Parser 'parser': end
[19:17:37.700] [bmv2] [D] [thread 120370] [45.0] [cxt 0] Pipeline 'ingress': start
[19:17:37.701] [bmv2] [T] [thread 120370] [45.0] [cxt 0] basic_tunnel.p4(152) Condition "hdr.ipv4.isValid() && !hdr.myTunnel.isValid()" (node_2) is false
[19:17:37.701] [bmv2] [T] [thread 120370] [45.0] [cxt 0] basic_tunnel.p4(155) Condition "hdr.myTunnel.isValid()" (node_4) is false
[19:17:37.701] [bmv2] [D] [thread 120370] [45.0] [cxt 0] Pipeline 'ingress': end
[19:17:37.701] [bmv2] [D] [thread 120370] [45.0] [cxt 0] Egress port is 0
[19:17:37.701] [bmv2] [D] [thread 120371] [45.0] [cxt 0] Pipeline 'egress': start
[19:17:37.701] [bmv2] [D] [thread 120371] [45.0] [cxt 0] Pipeline 'egress': end
[19:17:37.701] [bmv2] [D] [thread 120371] [45.0] [cxt 0] Deparser 'deparser': start
[19:17:37.701] [bmv2] [T] [thread 120371] [45.0] [cxt 0] Skipping checksum 'cksum' update because condition not met
[19:17:37.701] [bmv2] [D] [thread 120371] [45.0] [cxt 0] Deparsing header 'ethernet'
[19:17:37.701] [bmv2] [D] [thread 120371] [45.0] [cxt 0] Deparser 'deparser': end
[19:17:37.701] [bmv2] [D] [thread 120375] [45.0] [cxt 0] Transmitting packet of size 196 out of port 0
[19:17:37.772] [bmv2] [D] [thread 120370] [46.0] [cxt 0] Processing packet received on port 3
[19:17:37.772] [bmv2] [D] [thread 120370] [46.0] [cxt 0] Parser 'parser': start
[19:17:37.772] [bmv2] [D] [thread 120370] [46.0] [cxt 0] Parser 'parser' entering state 'start'
[19:17:37.772] [bmv2] [D] [thread 120370] [46.0] [cxt 0] Extracting header 'ethernet'
[19:17:37.772] [bmv2] [D] [thread 120370] [46.0] [cxt 0] Parser state 'start': key is 86dd
[19:17:37.772] [bmv2] [T] [thread 120370] [46.0] [cxt 0] Bytes parsed: 14
[19:17:37.772] [bmv2] [D] [thread 120370] [46.0] [cxt 0] Parser 'parser': end
[19:17:37.772] [bmv2] [D] [thread 120370] [46.0] [cxt 0] Pipeline 'ingress': start
[19:17:37.772] [bmv2] [T] [thread 120370] [46.0] [cxt 0] basic_tunnel.p4(152) Condition "hdr.ipv4.isValid() && !hdr.myTunnel.isValid()" (node_2) is false
[19:17:37.772] [bmv2] [T] [thread 120370] [46.0] [cxt 0] basic_tunnel.p4(155) Condition "hdr.myTunnel.isValid()" (node_4) is false
[19:17:37.772] [bmv2] [D] [thread 120370] [46.0] [cxt 0] Pipeline 'ingress': end
[19:17:37.772] [bmv2] [D] [thread 120370] [46.0] [cxt 0] Egress port is 0
[19:17:37.772] [bmv2] [D] [thread 120371] [46.0] [cxt 0] Pipeline 'egress': start
[19:17:37.772] [bmv2] [D] [thread 120371] [46.0] [cxt 0] Pipeline 'egress': end
[19:17:37.772] [bmv2] [D] [thread 120371] [46.0] [cxt 0] Deparser 'deparser': start
[19:17:37.772] [bmv2] [T] [thread 120371] [46.0] [cxt 0] Skipping checksum 'cksum' update because condition not met
[19:17:37.772] [bmv2] [D] [thread 120371] [46.0] [cxt 0] Deparsing header 'ethernet'
[19:17:37.772] [bmv2] [D] [thread 120371] [46.0] [cxt 0] Deparser 'deparser': end
[19:17:37.773] [bmv2] [D] [thread 120375] [46.0] [cxt 0] Transmitting packet of size 70 out of port 0
[19:17:38.020] [bmv2] [D] [thread 120370] [47.0] [cxt 0] Processing packet received on port 2
[19:17:38.020] [bmv2] [D] [thread 120370] [47.0] [cxt 0] Parser 'parser': start
[19:17:38.020] [bmv2] [D] [thread 120370] [47.0] [cxt 0] Parser 'parser' entering state 'start'
[19:17:38.020] [bmv2] [D] [thread 120370] [47.0] [cxt 0] Extracting header 'ethernet'
[19:17:38.020] [bmv2] [D] [thread 120370] [47.0] [cxt 0] Parser state 'start': key is 86dd
[19:17:38.020] [bmv2] [T] [thread 120370] [47.0] [cxt 0] Bytes parsed: 14
[19:17:38.020] [bmv2] [D] [thread 120370] [47.0] [cxt 0] Parser 'parser': end
[19:17:38.020] [bmv2] [D] [thread 120370] [47.0] [cxt 0] Pipeline 'ingress': start
[19:17:38.020] [bmv2] [T] [thread 120370] [47.0] [cxt 0] basic_tunnel.p4(152) Condition "hdr.ipv4.isValid() && !hdr.myTunnel.isValid()" (node_2) is false
[19:17:38.020] [bmv2] [T] [thread 120370] [47.0] [cxt 0] basic_tunnel.p4(155) Condition "hdr.myTunnel.isValid()" (node_4) is false
[19:17:38.020] [bmv2] [D] [thread 120370] [47.0] [cxt 0] Pipeline 'ingress': end
[19:17:38.021] [bmv2] [D] [thread 120370] [47.0] [cxt 0] Egress port is 0
[19:17:38.021] [bmv2] [D] [thread 120370] [48.0] [cxt 0] Processing packet received on port 3
[19:17:38.021] [bmv2] [D] [thread 120370] [48.0] [cxt 0] Parser 'parser': start
[19:17:38.021] [bmv2] [D] [thread 120370] [48.0] [cxt 0] Parser 'parser' entering state 'start'
[19:17:38.021] [bmv2] [D] [thread 120370] [48.0] [cxt 0] Extracting header 'ethernet'
[19:17:38.021] [bmv2] [D] [thread 120370] [48.0] [cxt 0] Parser state 'start': key is 86dd
[19:17:38.021] [bmv2] [T] [thread 120370] [48.0] [cxt 0] Bytes parsed: 14
[19:17:38.021] [bmv2] [D] [thread 120370] [48.0] [cxt 0] Parser 'parser': end
[19:17:38.021] [bmv2] [D] [thread 120370] [48.0] [cxt 0] Pipeline 'ingress': start
[19:17:38.021] [bmv2] [T] [thread 120370] [48.0] [cxt 0] basic_tunnel.p4(152) Condition "hdr.ipv4.isValid() && !hdr.myTunnel.isValid()" (node_2) is false
[19:17:38.021] [bmv2] [T] [thread 120370] [48.0] [cxt 0] basic_tunnel.p4(155) Condition "hdr.myTunnel.isValid()" (node_4) is false
[19:17:38.021] [bmv2] [D] [thread 120370] [48.0] [cxt 0] Pipeline 'ingress': end
[19:17:38.022] [bmv2] [D] [thread 120371] [47.0] [cxt 0] Pipeline 'egress': start
[19:17:38.022] [bmv2] [D] [thread 120371] [47.0] [cxt 0] Pipeline 'egress': end
[19:17:38.022] [bmv2] [D] [thread 120371] [47.0] [cxt 0] Deparser 'deparser': start
[19:17:38.022] [bmv2] [T] [thread 120371] [47.0] [cxt 0] Skipping checksum 'cksum' update because condition not met
[19:17:38.022] [bmv2] [D] [thread 120371] [47.0] [cxt 0] Deparsing header 'ethernet'
[19:17:38.022] [bmv2] [D] [thread 120371] [47.0] [cxt 0] Deparser 'deparser': end
[19:17:38.022] [bmv2] [D] [thread 120375] [47.0] [cxt 0] Transmitting packet of size 70 out of port 0
[19:17:38.022] [bmv2] [D] [thread 120370] [48.0] [cxt 0] Egress port is 0
[19:17:38.022] [bmv2] [D] [thread 120371] [48.0] [cxt 0] Pipeline 'egress': start
[19:17:38.022] [bmv2] [D] [thread 120371] [48.0] [cxt 0] Pipeline 'egress': end
[19:17:38.022] [bmv2] [D] [thread 120371] [48.0] [cxt 0] Deparser 'deparser': start
[19:17:38.022] [bmv2] [T] [thread 120371] [48.0] [cxt 0] Skipping checksum 'cksum' update because condition not met
[19:17:38.022] [bmv2] [D] [thread 120371] [48.0] [cxt 0] Deparsing header 'ethernet'
[19:17:38.022] [bmv2] [D] [thread 120371] [48.0] [cxt 0] Deparser 'deparser': end
[19:17:38.022] [bmv2] [D] [thread 120375] [48.0] [cxt 0] Transmitting packet of size 70 out of port 0
open: No such file or directory
open: No such file or directory
open: No such file or directory
open: No such file or directory
open: No such file or directory
open: No such file or directory
open: No such file or directory
open: No such file or directory
