Calling target program-options parser
[15:24:55.491] [bmv2] [D] [thread 17980] Set default default entry for table 'tbl_srcRoute_finish': MyIngress.srcRoute_finish - 
[15:24:55.491] [bmv2] [D] [thread 17980] Set default default entry for table 'tbl_srcRoute_nhop': MyIngress.srcRoute_nhop - 
[15:24:55.491] [bmv2] [D] [thread 17980] Set default default entry for table 'tbl_update_ttl': MyIngress.update_ttl - 
[15:24:55.491] [bmv2] [D] [thread 17980] Set default default entry for table 'tbl_drop': MyIngress.drop - 
Adding interface s3-eth1 as port 1
[15:24:55.491] [bmv2] [D] [thread 17980] Adding interface s3-eth1 as port 1
Adding interface s3-eth2 as port 2
[15:24:55.532] [bmv2] [D] [thread 17980] Adding interface s3-eth2 as port 2
Adding interface s3-eth3 as port 3
[15:24:55.573] [bmv2] [D] [thread 17980] Adding interface s3-eth3 as port 3
Server listening on 0.0.0.0:50053
[15:24:55.626] [bmv2] [I] [thread 17980] Starting Thrift server on port 9092
[15:24:55.627] [bmv2] [I] [thread 17980] Thrift server was started
[15:24:55.630] [bmv2] [D] [thread 17991] [0.0] [cxt 0] Processing packet received on port 2
[15:24:55.630] [bmv2] [D] [thread 17991] [0.0] [cxt 0] Parser 'parser': start
[15:24:55.630] [bmv2] [D] [thread 17991] [0.0] [cxt 0] Parser 'parser' entering state 'start'
[15:24:55.630] [bmv2] [D] [thread 17991] [0.0] [cxt 0] Extracting header 'ethernet'
[15:24:55.630] [bmv2] [D] [thread 17991] [0.0] [cxt 0] Parser state 'start': key is 86dd
[15:24:55.630] [bmv2] [T] [thread 17991] [0.0] [cxt 0] Bytes parsed: 14
[15:24:55.630] [bmv2] [D] [thread 17991] [0.0] [cxt 0] Parser 'parser': end
[15:24:55.630] [bmv2] [D] [thread 17991] [0.0] [cxt 0] Pipeline 'ingress': start
[15:24:55.630] [bmv2] [T] [thread 17991] [0.0] [cxt 0] source_routing.p4(126) Condition "hdr.srcRoutes[0].isValid()" (node_2) is false
[15:24:55.630] [bmv2] [T] [thread 17991] [0.0] [cxt 0] Applying table 'tbl_drop'
[15:24:55.630] [bmv2] [D] [thread 17991] [0.0] [cxt 0] Looking up key:

[15:24:55.630] [bmv2] [D] [thread 17991] [0.0] [cxt 0] Table 'tbl_drop': miss
[15:24:55.630] [bmv2] [D] [thread 17991] [0.0] [cxt 0] Action entry is MyIngress.drop - 
[15:24:55.630] [bmv2] [T] [thread 17991] [0.0] [cxt 0] Action MyIngress.drop
[15:24:55.630] [bmv2] [T] [thread 17991] [0.0] [cxt 0] source_routing.p4(109) Primitive mark_to_drop(standard_metadata)
[15:24:55.630] [bmv2] [D] [thread 17991] [0.0] [cxt 0] Pipeline 'ingress': end
[15:24:55.630] [bmv2] [D] [thread 17991] [0.0] [cxt 0] Egress port is 511
[15:24:55.630] [bmv2] [D] [thread 17991] [0.0] [cxt 0] Dropping packet at the end of ingress
[15:24:55.678] [bmv2] [D] [thread 17991] [1.0] [cxt 0] Processing packet received on port 1
[15:24:55.678] [bmv2] [D] [thread 17991] [1.0] [cxt 0] Parser 'parser': start
[15:24:55.678] [bmv2] [D] [thread 17991] [1.0] [cxt 0] Parser 'parser' entering state 'start'
[15:24:55.678] [bmv2] [D] [thread 17991] [1.0] [cxt 0] Extracting header 'ethernet'
[15:24:55.678] [bmv2] [D] [thread 17991] [1.0] [cxt 0] Parser state 'start': key is 86dd
[15:24:55.678] [bmv2] [T] [thread 17991] [1.0] [cxt 0] Bytes parsed: 14
[15:24:55.678] [bmv2] [D] [thread 17991] [1.0] [cxt 0] Parser 'parser': end
[15:24:55.678] [bmv2] [D] [thread 17991] [1.0] [cxt 0] Pipeline 'ingress': start
[15:24:55.678] [bmv2] [T] [thread 17991] [1.0] [cxt 0] source_routing.p4(126) Condition "hdr.srcRoutes[0].isValid()" (node_2) is false
[15:24:55.678] [bmv2] [T] [thread 17991] [1.0] [cxt 0] Applying table 'tbl_drop'
[15:24:55.678] [bmv2] [D] [thread 17991] [1.0] [cxt 0] Looking up key:

[15:24:55.678] [bmv2] [D] [thread 17991] [1.0] [cxt 0] Table 'tbl_drop': miss
[15:24:55.678] [bmv2] [D] [thread 17991] [1.0] [cxt 0] Action entry is MyIngress.drop - 
[15:24:55.678] [bmv2] [T] [thread 17991] [1.0] [cxt 0] Action MyIngress.drop
[15:24:55.678] [bmv2] [T] [thread 17991] [1.0] [cxt 0] source_routing.p4(109) Primitive mark_to_drop(standard_metadata)
[15:24:55.678] [bmv2] [D] [thread 17991] [1.0] [cxt 0] Pipeline 'ingress': end
[15:24:55.678] [bmv2] [D] [thread 17991] [1.0] [cxt 0] Egress port is 511
[15:24:55.678] [bmv2] [D] [thread 17991] [1.0] [cxt 0] Dropping packet at the end of ingress
[15:24:55.690] [bmv2] [D] [thread 17991] [2.0] [cxt 0] Processing packet received on port 2
[15:24:55.690] [bmv2] [D] [thread 17991] [2.0] [cxt 0] Parser 'parser': start
[15:24:55.690] [bmv2] [D] [thread 17991] [2.0] [cxt 0] Parser 'parser' entering state 'start'
[15:24:55.690] [bmv2] [D] [thread 17991] [2.0] [cxt 0] Extracting header 'ethernet'
[15:24:55.690] [bmv2] [D] [thread 17991] [2.0] [cxt 0] Parser state 'start': key is 86dd
[15:24:55.690] [bmv2] [T] [thread 17991] [2.0] [cxt 0] Bytes parsed: 14
[15:24:55.690] [bmv2] [D] [thread 17991] [2.0] [cxt 0] Parser 'parser': end
[15:24:55.690] [bmv2] [D] [thread 17991] [2.0] [cxt 0] Pipeline 'ingress': start
[15:24:55.690] [bmv2] [T] [thread 17991] [2.0] [cxt 0] source_routing.p4(126) Condition "hdr.srcRoutes[0].isValid()" (node_2) is false
[15:24:55.690] [bmv2] [T] [thread 17991] [2.0] [cxt 0] Applying table 'tbl_drop'
[15:24:55.690] [bmv2] [D] [thread 17991] [2.0] [cxt 0] Looking up key:

[15:24:55.690] [bmv2] [D] [thread 17991] [2.0] [cxt 0] Table 'tbl_drop': miss
[15:24:55.690] [bmv2] [D] [thread 17991] [2.0] [cxt 0] Action entry is MyIngress.drop - 
[15:24:55.690] [bmv2] [T] [thread 17991] [2.0] [cxt 0] Action MyIngress.drop
[15:24:55.690] [bmv2] [T] [thread 17991] [2.0] [cxt 0] source_routing.p4(109) Primitive mark_to_drop(standard_metadata)
[15:24:55.690] [bmv2] [D] [thread 17991] [2.0] [cxt 0] Pipeline 'ingress': end
[15:24:55.690] [bmv2] [D] [thread 17991] [2.0] [cxt 0] Egress port is 511
[15:24:55.690] [bmv2] [D] [thread 17991] [2.0] [cxt 0] Dropping packet at the end of ingress
[15:24:55.690] [bmv2] [D] [thread 17991] [3.0] [cxt 0] Processing packet received on port 3
[15:24:55.690] [bmv2] [D] [thread 17991] [3.0] [cxt 0] Parser 'parser': start
[15:24:55.690] [bmv2] [D] [thread 17991] [3.0] [cxt 0] Parser 'parser' entering state 'start'
[15:24:55.690] [bmv2] [D] [thread 17991] [3.0] [cxt 0] Extracting header 'ethernet'
[15:24:55.690] [bmv2] [D] [thread 17991] [3.0] [cxt 0] Parser state 'start': key is 86dd
[15:24:55.690] [bmv2] [T] [thread 17991] [3.0] [cxt 0] Bytes parsed: 14
[15:24:55.690] [bmv2] [D] [thread 17991] [3.0] [cxt 0] Parser 'parser': end
[15:24:55.690] [bmv2] [D] [thread 17991] [3.0] [cxt 0] Pipeline 'ingress': start
[15:24:55.690] [bmv2] [T] [thread 17991] [3.0] [cxt 0] source_routing.p4(126) Condition "hdr.srcRoutes[0].isValid()" (node_2) is false
[15:24:55.690] [bmv2] [T] [thread 17991] [3.0] [cxt 0] Applying table 'tbl_drop'
[15:24:55.690] [bmv2] [D] [thread 17991] [3.0] [cxt 0] Looking up key:

[15:24:55.690] [bmv2] [D] [thread 17991] [3.0] [cxt 0] Table 'tbl_drop': miss
[15:24:55.690] [bmv2] [D] [thread 17991] [3.0] [cxt 0] Action entry is MyIngress.drop - 
[15:24:55.690] [bmv2] [T] [thread 17991] [3.0] [cxt 0] Action MyIngress.drop
[15:24:55.690] [bmv2] [T] [thread 17991] [3.0] [cxt 0] source_routing.p4(109) Primitive mark_to_drop(standard_metadata)
[15:24:55.690] [bmv2] [D] [thread 17991] [3.0] [cxt 0] Pipeline 'ingress': end
[15:24:55.690] [bmv2] [D] [thread 17991] [3.0] [cxt 0] Egress port is 511
[15:24:55.690] [bmv2] [D] [thread 17991] [3.0] [cxt 0] Dropping packet at the end of ingress
[15:24:55.690] [bmv2] [D] [thread 17991] [4.0] [cxt 0] Processing packet received on port 3
[15:24:55.690] [bmv2] [D] [thread 17991] [4.0] [cxt 0] Parser 'parser': start
[15:24:55.690] [bmv2] [D] [thread 17991] [4.0] [cxt 0] Parser 'parser' entering state 'start'
[15:24:55.690] [bmv2] [D] [thread 17991] [4.0] [cxt 0] Extracting header 'ethernet'
[15:24:55.690] [bmv2] [D] [thread 17991] [4.0] [cxt 0] Parser state 'start': key is 86dd
[15:24:55.690] [bmv2] [T] [thread 17991] [4.0] [cxt 0] Bytes parsed: 14
[15:24:55.690] [bmv2] [D] [thread 17991] [4.0] [cxt 0] Parser 'parser': end
[15:24:55.690] [bmv2] [D] [thread 17991] [4.0] [cxt 0] Pipeline 'ingress': start
[15:24:55.690] [bmv2] [T] [thread 17991] [4.0] [cxt 0] source_routing.p4(126) Condition "hdr.srcRoutes[0].isValid()" (node_2) is false
[15:24:55.690] [bmv2] [T] [thread 17991] [4.0] [cxt 0] Applying table 'tbl_drop'
[15:24:55.690] [bmv2] [D] [thread 17991] [4.0] [cxt 0] Looking up key:

[15:24:55.690] [bmv2] [D] [thread 17991] [4.0] [cxt 0] Table 'tbl_drop': miss
[15:24:55.690] [bmv2] [D] [thread 17991] [4.0] [cxt 0] Action entry is MyIngress.drop - 
[15:24:55.690] [bmv2] [T] [thread 17991] [4.0] [cxt 0] Action MyIngress.drop
[15:24:55.690] [bmv2] [T] [thread 17991] [4.0] [cxt 0] source_routing.p4(109) Primitive mark_to_drop(standard_metadata)
[15:24:55.690] [bmv2] [D] [thread 17991] [4.0] [cxt 0] Pipeline 'ingress': end
[15:24:55.690] [bmv2] [D] [thread 17991] [4.0] [cxt 0] Egress port is 511
[15:24:55.690] [bmv2] [D] [thread 17991] [4.0] [cxt 0] Dropping packet at the end of ingress
[15:24:55.696] [bmv2] [D] [thread 17991] [5.0] [cxt 0] Processing packet received on port 3
[15:24:55.696] [bmv2] [D] [thread 17991] [5.0] [cxt 0] Parser 'parser': start
[15:24:55.696] [bmv2] [D] [thread 17991] [5.0] [cxt 0] Parser 'parser' entering state 'start'
[15:24:55.696] [bmv2] [D] [thread 17991] [5.0] [cxt 0] Extracting header 'ethernet'
[15:24:55.696] [bmv2] [D] [thread 17991] [5.0] [cxt 0] Parser state 'start': key is 86dd
[15:24:55.696] [bmv2] [T] [thread 17991] [5.0] [cxt 0] Bytes parsed: 14
[15:24:55.696] [bmv2] [D] [thread 17991] [5.0] [cxt 0] Parser 'parser': end
[15:24:55.696] [bmv2] [D] [thread 17991] [5.0] [cxt 0] Pipeline 'ingress': start
[15:24:55.696] [bmv2] [T] [thread 17991] [5.0] [cxt 0] source_routing.p4(126) Condition "hdr.srcRoutes[0].isValid()" (node_2) is false
[15:24:55.696] [bmv2] [T] [thread 17991] [5.0] [cxt 0] Applying table 'tbl_drop'
[15:24:55.696] [bmv2] [D] [thread 17991] [5.0] [cxt 0] Looking up key:

[15:24:55.696] [bmv2] [D] [thread 17991] [5.0] [cxt 0] Table 'tbl_drop': miss
[15:24:55.696] [bmv2] [D] [thread 17991] [5.0] [cxt 0] Action entry is MyIngress.drop - 
[15:24:55.696] [bmv2] [T] [thread 17991] [5.0] [cxt 0] Action MyIngress.drop
[15:24:55.696] [bmv2] [T] [thread 17991] [5.0] [cxt 0] source_routing.p4(109) Primitive mark_to_drop(standard_metadata)
[15:24:55.696] [bmv2] [D] [thread 17991] [5.0] [cxt 0] Pipeline 'ingress': end
[15:24:55.696] [bmv2] [D] [thread 17991] [5.0] [cxt 0] Egress port is 511
[15:24:55.696] [bmv2] [D] [thread 17991] [5.0] [cxt 0] Dropping packet at the end of ingress
[15:24:55.719] [bmv2] [D] [thread 17991] [6.0] [cxt 0] Processing packet received on port 2
[15:24:55.719] [bmv2] [D] [thread 17991] [6.0] [cxt 0] Parser 'parser': start
[15:24:55.719] [bmv2] [D] [thread 17991] [6.0] [cxt 0] Parser 'parser' entering state 'start'
[15:24:55.719] [bmv2] [D] [thread 17991] [6.0] [cxt 0] Extracting header 'ethernet'
[15:24:55.719] [bmv2] [D] [thread 17991] [6.0] [cxt 0] Parser state 'start': key is 86dd
[15:24:55.719] [bmv2] [T] [thread 17991] [6.0] [cxt 0] Bytes parsed: 14
[15:24:55.719] [bmv2] [D] [thread 17991] [6.0] [cxt 0] Parser 'parser': end
[15:24:55.719] [bmv2] [D] [thread 17991] [6.0] [cxt 0] Pipeline 'ingress': start
[15:24:55.719] [bmv2] [T] [thread 17991] [6.0] [cxt 0] source_routing.p4(126) Condition "hdr.srcRoutes[0].isValid()" (node_2) is false
[15:24:55.719] [bmv2] [T] [thread 17991] [6.0] [cxt 0] Applying table 'tbl_drop'
[15:24:55.719] [bmv2] [D] [thread 17991] [6.0] [cxt 0] Looking up key:

[15:24:55.719] [bmv2] [D] [thread 17991] [6.0] [cxt 0] Table 'tbl_drop': miss
[15:24:55.719] [bmv2] [D] [thread 17991] [6.0] [cxt 0] Action entry is MyIngress.drop - 
[15:24:55.719] [bmv2] [T] [thread 17991] [6.0] [cxt 0] Action MyIngress.drop
[15:24:55.719] [bmv2] [T] [thread 17991] [6.0] [cxt 0] source_routing.p4(109) Primitive mark_to_drop(standard_metadata)
[15:24:55.719] [bmv2] [D] [thread 17991] [6.0] [cxt 0] Pipeline 'ingress': end
[15:24:55.719] [bmv2] [D] [thread 17991] [6.0] [cxt 0] Egress port is 511
[15:24:55.719] [bmv2] [D] [thread 17991] [6.0] [cxt 0] Dropping packet at the end of ingress
[15:24:55.776] [bmv2] [D] [thread 17991] [7.0] [cxt 0] Processing packet received on port 3
[15:24:55.776] [bmv2] [D] [thread 17991] [7.0] [cxt 0] Parser 'parser': start
[15:24:55.776] [bmv2] [D] [thread 17991] [7.0] [cxt 0] Parser 'parser' entering state 'start'
[15:24:55.776] [bmv2] [D] [thread 17991] [7.0] [cxt 0] Extracting header 'ethernet'
[15:24:55.776] [bmv2] [D] [thread 17991] [7.0] [cxt 0] Parser state 'start': key is 86dd
[15:24:55.776] [bmv2] [T] [thread 17991] [7.0] [cxt 0] Bytes parsed: 14
[15:24:55.776] [bmv2] [D] [thread 17991] [7.0] [cxt 0] Parser 'parser': end
[15:24:55.776] [bmv2] [D] [thread 17991] [7.0] [cxt 0] Pipeline 'ingress': start
[15:24:55.776] [bmv2] [T] [thread 17991] [7.0] [cxt 0] source_routing.p4(126) Condition "hdr.srcRoutes[0].isValid()" (node_2) is false
[15:24:55.776] [bmv2] [T] [thread 17991] [7.0] [cxt 0] Applying table 'tbl_drop'
[15:24:55.776] [bmv2] [D] [thread 17991] [7.0] [cxt 0] Looking up key:

[15:24:55.776] [bmv2] [D] [thread 17991] [7.0] [cxt 0] Table 'tbl_drop': miss
[15:24:55.776] [bmv2] [D] [thread 17991] [7.0] [cxt 0] Action entry is MyIngress.drop - 
[15:24:55.776] [bmv2] [T] [thread 17991] [7.0] [cxt 0] Action MyIngress.drop
[15:24:55.776] [bmv2] [T] [thread 17991] [7.0] [cxt 0] source_routing.p4(109) Primitive mark_to_drop(standard_metadata)
[15:24:55.776] [bmv2] [D] [thread 17991] [7.0] [cxt 0] Pipeline 'ingress': end
[15:24:55.776] [bmv2] [D] [thread 17991] [7.0] [cxt 0] Egress port is 511
[15:24:55.776] [bmv2] [D] [thread 17991] [7.0] [cxt 0] Dropping packet at the end of ingress
[15:24:55.843] [bmv2] [D] [thread 17991] [8.0] [cxt 0] Processing packet received on port 2
[15:24:55.844] [bmv2] [D] [thread 17991] [8.0] [cxt 0] Parser 'parser': start
[15:24:55.844] [bmv2] [D] [thread 17991] [8.0] [cxt 0] Parser 'parser' entering state 'start'
[15:24:55.844] [bmv2] [D] [thread 17991] [8.0] [cxt 0] Extracting header 'ethernet'
[15:24:55.844] [bmv2] [D] [thread 17991] [8.0] [cxt 0] Parser state 'start': key is 86dd
[15:24:55.844] [bmv2] [T] [thread 17991] [8.0] [cxt 0] Bytes parsed: 14
[15:24:55.844] [bmv2] [D] [thread 17991] [8.0] [cxt 0] Parser 'parser': end
[15:24:55.844] [bmv2] [D] [thread 17991] [8.0] [cxt 0] Pipeline 'ingress': start
[15:24:55.844] [bmv2] [T] [thread 17991] [8.0] [cxt 0] source_routing.p4(126) Condition "hdr.srcRoutes[0].isValid()" (node_2) is false
[15:24:55.844] [bmv2] [T] [thread 17991] [8.0] [cxt 0] Applying table 'tbl_drop'
[15:24:55.844] [bmv2] [D] [thread 17991] [8.0] [cxt 0] Looking up key:

[15:24:55.844] [bmv2] [D] [thread 17991] [8.0] [cxt 0] Table 'tbl_drop': miss
[15:24:55.844] [bmv2] [D] [thread 17991] [8.0] [cxt 0] Action entry is MyIngress.drop - 
[15:24:55.844] [bmv2] [T] [thread 17991] [8.0] [cxt 0] Action MyIngress.drop
[15:24:55.844] [bmv2] [T] [thread 17991] [8.0] [cxt 0] source_routing.p4(109) Primitive mark_to_drop(standard_metadata)
[15:24:55.844] [bmv2] [D] [thread 17991] [8.0] [cxt 0] Pipeline 'ingress': end
[15:24:55.844] [bmv2] [D] [thread 17991] [8.0] [cxt 0] Egress port is 511
[15:24:55.844] [bmv2] [D] [thread 17991] [8.0] [cxt 0] Dropping packet at the end of ingress
[15:24:55.880] [bmv2] [D] [thread 17991] [9.0] [cxt 0] Processing packet received on port 1
[15:24:55.880] [bmv2] [D] [thread 17991] [9.0] [cxt 0] Parser 'parser': start
[15:24:55.880] [bmv2] [D] [thread 17991] [9.0] [cxt 0] Parser 'parser' entering state 'start'
[15:24:55.880] [bmv2] [D] [thread 17991] [9.0] [cxt 0] Extracting header 'ethernet'
[15:24:55.880] [bmv2] [D] [thread 17991] [9.0] [cxt 0] Parser state 'start': key is 86dd
[15:24:55.880] [bmv2] [T] [thread 17991] [9.0] [cxt 0] Bytes parsed: 14
[15:24:55.880] [bmv2] [D] [thread 17991] [9.0] [cxt 0] Parser 'parser': end
[15:24:55.880] [bmv2] [D] [thread 17991] [9.0] [cxt 0] Pipeline 'ingress': start
[15:24:55.880] [bmv2] [T] [thread 17991] [9.0] [cxt 0] source_routing.p4(126) Condition "hdr.srcRoutes[0].isValid()" (node_2) is false
[15:24:55.880] [bmv2] [T] [thread 17991] [9.0] [cxt 0] Applying table 'tbl_drop'
[15:24:55.880] [bmv2] [D] [thread 17991] [9.0] [cxt 0] Looking up key:

[15:24:55.880] [bmv2] [D] [thread 17991] [9.0] [cxt 0] Table 'tbl_drop': miss
[15:24:55.880] [bmv2] [D] [thread 17991] [9.0] [cxt 0] Action entry is MyIngress.drop - 
[15:24:55.880] [bmv2] [T] [thread 17991] [9.0] [cxt 0] Action MyIngress.drop
[15:24:55.880] [bmv2] [T] [thread 17991] [9.0] [cxt 0] source_routing.p4(109) Primitive mark_to_drop(standard_metadata)
[15:24:55.880] [bmv2] [D] [thread 17991] [9.0] [cxt 0] Pipeline 'ingress': end
[15:24:55.880] [bmv2] [D] [thread 17991] [9.0] [cxt 0] Egress port is 511
[15:24:55.880] [bmv2] [D] [thread 17991] [9.0] [cxt 0] Dropping packet at the end of ingress
[15:24:55.880] [bmv2] [D] [thread 17991] [10.0] [cxt 0] Processing packet received on port 3
[15:24:55.880] [bmv2] [D] [thread 17991] [10.0] [cxt 0] Parser 'parser': start
[15:24:55.880] [bmv2] [D] [thread 17991] [10.0] [cxt 0] Parser 'parser' entering state 'start'
[15:24:55.880] [bmv2] [D] [thread 17991] [10.0] [cxt 0] Extracting header 'ethernet'
[15:24:55.880] [bmv2] [D] [thread 17991] [10.0] [cxt 0] Parser state 'start': key is 86dd
[15:24:55.880] [bmv2] [T] [thread 17991] [10.0] [cxt 0] Bytes parsed: 14
[15:24:55.880] [bmv2] [D] [thread 17991] [10.0] [cxt 0] Parser 'parser': end
[15:24:55.880] [bmv2] [D] [thread 17991] [10.0] [cxt 0] Pipeline 'ingress': start
[15:24:55.880] [bmv2] [T] [thread 17991] [10.0] [cxt 0] source_routing.p4(126) Condition "hdr.srcRoutes[0].isValid()" (node_2) is false
[15:24:55.880] [bmv2] [T] [thread 17991] [10.0] [cxt 0] Applying table 'tbl_drop'
[15:24:55.880] [bmv2] [D] [thread 17991] [10.0] [cxt 0] Looking up key:

[15:24:55.880] [bmv2] [D] [thread 17991] [10.0] [cxt 0] Table 'tbl_drop': miss
[15:24:55.880] [bmv2] [D] [thread 17991] [10.0] [cxt 0] Action entry is MyIngress.drop - 
[15:24:55.880] [bmv2] [T] [thread 17991] [10.0] [cxt 0] Action MyIngress.drop
[15:24:55.880] [bmv2] [T] [thread 17991] [10.0] [cxt 0] source_routing.p4(109) Primitive mark_to_drop(standard_metadata)
[15:24:55.880] [bmv2] [D] [thread 17991] [10.0] [cxt 0] Pipeline 'ingress': end
[15:24:55.880] [bmv2] [D] [thread 17991] [10.0] [cxt 0] Egress port is 511
[15:24:55.880] [bmv2] [D] [thread 17991] [10.0] [cxt 0] Dropping packet at the end of ingress
[15:24:55.914] [bmv2] [D] [thread 17991] [11.0] [cxt 0] Processing packet received on port 3
[15:24:55.914] [bmv2] [D] [thread 17991] [11.0] [cxt 0] Parser 'parser': start
[15:24:55.914] [bmv2] [D] [thread 17991] [11.0] [cxt 0] Parser 'parser' entering state 'start'
[15:24:55.914] [bmv2] [D] [thread 17991] [11.0] [cxt 0] Extracting header 'ethernet'
[15:24:55.914] [bmv2] [D] [thread 17991] [11.0] [cxt 0] Parser state 'start': key is 86dd
[15:24:55.914] [bmv2] [T] [thread 17991] [11.0] [cxt 0] Bytes parsed: 14
[15:24:55.914] [bmv2] [D] [thread 17991] [11.0] [cxt 0] Parser 'parser': end
[15:24:55.914] [bmv2] [D] [thread 17991] [11.0] [cxt 0] Pipeline 'ingress': start
[15:24:55.914] [bmv2] [T] [thread 17991] [11.0] [cxt 0] source_routing.p4(126) Condition "hdr.srcRoutes[0].isValid()" (node_2) is false
[15:24:55.914] [bmv2] [T] [thread 17991] [11.0] [cxt 0] Applying table 'tbl_drop'
[15:24:55.914] [bmv2] [D] [thread 17991] [11.0] [cxt 0] Looking up key:

[15:24:55.914] [bmv2] [D] [thread 17991] [11.0] [cxt 0] Table 'tbl_drop': miss
[15:24:55.914] [bmv2] [D] [thread 17991] [11.0] [cxt 0] Action entry is MyIngress.drop - 
[15:24:55.914] [bmv2] [T] [thread 17991] [11.0] [cxt 0] Action MyIngress.drop
[15:24:55.914] [bmv2] [T] [thread 17991] [11.0] [cxt 0] source_routing.p4(109) Primitive mark_to_drop(standard_metadata)
[15:24:55.914] [bmv2] [D] [thread 17991] [11.0] [cxt 0] Pipeline 'ingress': end
[15:24:55.914] [bmv2] [D] [thread 17991] [11.0] [cxt 0] Egress port is 511
[15:24:55.914] [bmv2] [D] [thread 17991] [11.0] [cxt 0] Dropping packet at the end of ingress
[15:24:55.914] [bmv2] [D] [thread 17991] [12.0] [cxt 0] Processing packet received on port 3
[15:24:55.914] [bmv2] [D] [thread 17991] [12.0] [cxt 0] Parser 'parser': start
[15:24:55.914] [bmv2] [D] [thread 17991] [12.0] [cxt 0] Parser 'parser' entering state 'start'
[15:24:55.914] [bmv2] [D] [thread 17991] [12.0] [cxt 0] Extracting header 'ethernet'
[15:24:55.914] [bmv2] [D] [thread 17991] [12.0] [cxt 0] Parser state 'start': key is 86dd
[15:24:55.914] [bmv2] [T] [thread 17991] [12.0] [cxt 0] Bytes parsed: 14
[15:24:55.914] [bmv2] [D] [thread 17991] [12.0] [cxt 0] Parser 'parser': end
[15:24:55.914] [bmv2] [D] [thread 17991] [12.0] [cxt 0] Pipeline 'ingress': start
[15:24:55.914] [bmv2] [T] [thread 17991] [12.0] [cxt 0] source_routing.p4(126) Condition "hdr.srcRoutes[0].isValid()" (node_2) is false
[15:24:55.914] [bmv2] [T] [thread 17991] [12.0] [cxt 0] Applying table 'tbl_drop'
[15:24:55.914] [bmv2] [D] [thread 17991] [12.0] [cxt 0] Looking up key:

[15:24:55.914] [bmv2] [D] [thread 17991] [12.0] [cxt 0] Table 'tbl_drop': miss
[15:24:55.914] [bmv2] [D] [thread 17991] [12.0] [cxt 0] Action entry is MyIngress.drop - 
[15:24:55.914] [bmv2] [T] [thread 17991] [12.0] [cxt 0] Action MyIngress.drop
[15:24:55.914] [bmv2] [T] [thread 17991] [12.0] [cxt 0] source_routing.p4(109) Primitive mark_to_drop(standard_metadata)
[15:24:55.914] [bmv2] [D] [thread 17991] [12.0] [cxt 0] Pipeline 'ingress': end
[15:24:55.914] [bmv2] [D] [thread 17991] [12.0] [cxt 0] Egress port is 511
[15:24:55.914] [bmv2] [D] [thread 17991] [12.0] [cxt 0] Dropping packet at the end of ingress
[15:24:55.920] [bmv2] [D] [thread 17991] [13.0] [cxt 0] Processing packet received on port 2
[15:24:55.920] [bmv2] [D] [thread 17991] [13.0] [cxt 0] Parser 'parser': start
[15:24:55.920] [bmv2] [D] [thread 17991] [13.0] [cxt 0] Parser 'parser' entering state 'start'
[15:24:55.920] [bmv2] [D] [thread 17991] [13.0] [cxt 0] Extracting header 'ethernet'
[15:24:55.920] [bmv2] [D] [thread 17991] [13.0] [cxt 0] Parser state 'start': key is 86dd
[15:24:55.920] [bmv2] [T] [thread 17991] [13.0] [cxt 0] Bytes parsed: 14
[15:24:55.920] [bmv2] [D] [thread 17991] [13.0] [cxt 0] Parser 'parser': end
[15:24:55.920] [bmv2] [D] [thread 17991] [13.0] [cxt 0] Pipeline 'ingress': start
[15:24:55.920] [bmv2] [T] [thread 17991] [13.0] [cxt 0] source_routing.p4(126) Condition "hdr.srcRoutes[0].isValid()" (node_2) is false
[15:24:55.920] [bmv2] [T] [thread 17991] [13.0] [cxt 0] Applying table 'tbl_drop'
[15:24:55.920] [bmv2] [D] [thread 17991] [13.0] [cxt 0] Looking up key:

[15:24:55.920] [bmv2] [D] [thread 17991] [13.0] [cxt 0] Table 'tbl_drop': miss
[15:24:55.920] [bmv2] [D] [thread 17991] [13.0] [cxt 0] Action entry is MyIngress.drop - 
[15:24:55.920] [bmv2] [T] [thread 17991] [13.0] [cxt 0] Action MyIngress.drop
[15:24:55.920] [bmv2] [T] [thread 17991] [13.0] [cxt 0] source_routing.p4(109) Primitive mark_to_drop(standard_metadata)
[15:24:55.920] [bmv2] [D] [thread 17991] [13.0] [cxt 0] Pipeline 'ingress': end
[15:24:55.920] [bmv2] [D] [thread 17991] [13.0] [cxt 0] Egress port is 511
[15:24:55.920] [bmv2] [D] [thread 17991] [13.0] [cxt 0] Dropping packet at the end of ingress
[15:24:55.920] [bmv2] [D] [thread 17991] [14.0] [cxt 0] Processing packet received on port 3
[15:24:55.920] [bmv2] [D] [thread 17991] [14.0] [cxt 0] Parser 'parser': start
[15:24:55.920] [bmv2] [D] [thread 17991] [14.0] [cxt 0] Parser 'parser' entering state 'start'
[15:24:55.920] [bmv2] [D] [thread 17991] [14.0] [cxt 0] Extracting header 'ethernet'
[15:24:55.920] [bmv2] [D] [thread 17991] [14.0] [cxt 0] Parser state 'start': key is 86dd
[15:24:55.920] [bmv2] [T] [thread 17991] [14.0] [cxt 0] Bytes parsed: 14
[15:24:55.920] [bmv2] [D] [thread 17991] [14.0] [cxt 0] Parser 'parser': end
[15:24:55.920] [bmv2] [D] [thread 17991] [14.0] [cxt 0] Pipeline 'ingress': start
[15:24:55.920] [bmv2] [T] [thread 17991] [14.0] [cxt 0] source_routing.p4(126) Condition "hdr.srcRoutes[0].isValid()" (node_2) is false
[15:24:55.920] [bmv2] [T] [thread 17991] [14.0] [cxt 0] Applying table 'tbl_drop'
[15:24:55.920] [bmv2] [D] [thread 17991] [14.0] [cxt 0] Looking up key:

[15:24:55.920] [bmv2] [D] [thread 17991] [14.0] [cxt 0] Table 'tbl_drop': miss
[15:24:55.921] [bmv2] [D] [thread 17991] [14.0] [cxt 0] Action entry is MyIngress.drop - 
[15:24:55.921] [bmv2] [T] [thread 17991] [14.0] [cxt 0] Action MyIngress.drop
[15:24:55.921] [bmv2] [T] [thread 17991] [14.0] [cxt 0] source_routing.p4(109) Primitive mark_to_drop(standard_metadata)
[15:24:55.921] [bmv2] [D] [thread 17991] [14.0] [cxt 0] Pipeline 'ingress': end
[15:24:55.921] [bmv2] [D] [thread 17991] [14.0] [cxt 0] Egress port is 511
[15:24:55.921] [bmv2] [D] [thread 17991] [14.0] [cxt 0] Dropping packet at the end of ingress
[15:24:55.972] [bmv2] [D] [thread 17991] [15.0] [cxt 0] Processing packet received on port 1
[15:24:55.972] [bmv2] [D] [thread 17991] [15.0] [cxt 0] Parser 'parser': start
[15:24:55.972] [bmv2] [D] [thread 17991] [15.0] [cxt 0] Parser 'parser' entering state 'start'
[15:24:55.972] [bmv2] [D] [thread 17991] [15.0] [cxt 0] Extracting header 'ethernet'
[15:24:55.972] [bmv2] [D] [thread 17991] [15.0] [cxt 0] Parser state 'start': key is 86dd
[15:24:55.972] [bmv2] [T] [thread 17991] [15.0] [cxt 0] Bytes parsed: 14
[15:24:55.972] [bmv2] [D] [thread 17991] [15.0] [cxt 0] Parser 'parser': end
[15:24:55.972] [bmv2] [D] [thread 17991] [15.0] [cxt 0] Pipeline 'ingress': start
[15:24:55.972] [bmv2] [T] [thread 17991] [15.0] [cxt 0] source_routing.p4(126) Condition "hdr.srcRoutes[0].isValid()" (node_2) is false
[15:24:55.972] [bmv2] [T] [thread 17991] [15.0] [cxt 0] Applying table 'tbl_drop'
[15:24:55.972] [bmv2] [D] [thread 17991] [15.0] [cxt 0] Looking up key:

[15:24:55.972] [bmv2] [D] [thread 17991] [15.0] [cxt 0] Table 'tbl_drop': miss
[15:24:55.972] [bmv2] [D] [thread 17991] [15.0] [cxt 0] Action entry is MyIngress.drop - 
[15:24:55.972] [bmv2] [T] [thread 17991] [15.0] [cxt 0] Action MyIngress.drop
[15:24:55.972] [bmv2] [T] [thread 17991] [15.0] [cxt 0] source_routing.p4(109) Primitive mark_to_drop(standard_metadata)
[15:24:55.972] [bmv2] [D] [thread 17991] [15.0] [cxt 0] Pipeline 'ingress': end
[15:24:55.972] [bmv2] [D] [thread 17991] [15.0] [cxt 0] Egress port is 511
[15:24:55.972] [bmv2] [D] [thread 17991] [15.0] [cxt 0] Dropping packet at the end of ingress
[15:24:55.972] [bmv2] [D] [thread 17991] [16.0] [cxt 0] Processing packet received on port 2
[15:24:55.972] [bmv2] [D] [thread 17991] [16.0] [cxt 0] Parser 'parser': start
[15:24:55.972] [bmv2] [D] [thread 17991] [16.0] [cxt 0] Parser 'parser' entering state 'start'
[15:24:55.972] [bmv2] [D] [thread 17991] [16.0] [cxt 0] Extracting header 'ethernet'
[15:24:55.972] [bmv2] [D] [thread 17991] [16.0] [cxt 0] Parser state 'start': key is 86dd
[15:24:55.972] [bmv2] [T] [thread 17991] [16.0] [cxt 0] Bytes parsed: 14
[15:24:55.972] [bmv2] [D] [thread 17991] [16.0] [cxt 0] Parser 'parser': end
[15:24:55.972] [bmv2] [D] [thread 17991] [16.0] [cxt 0] Pipeline 'ingress': start
[15:24:55.972] [bmv2] [T] [thread 17991] [16.0] [cxt 0] source_routing.p4(126) Condition "hdr.srcRoutes[0].isValid()" (node_2) is false
[15:24:55.972] [bmv2] [T] [thread 17991] [16.0] [cxt 0] Applying table 'tbl_drop'
[15:24:55.972] [bmv2] [D] [thread 17991] [16.0] [cxt 0] Looking up key:

[15:24:55.972] [bmv2] [D] [thread 17991] [16.0] [cxt 0] Table 'tbl_drop': miss
[15:24:55.972] [bmv2] [D] [thread 17991] [16.0] [cxt 0] Action entry is MyIngress.drop - 
[15:24:55.972] [bmv2] [T] [thread 17991] [16.0] [cxt 0] Action MyIngress.drop
[15:24:55.972] [bmv2] [T] [thread 17991] [16.0] [cxt 0] source_routing.p4(109) Primitive mark_to_drop(standard_metadata)
[15:24:55.972] [bmv2] [D] [thread 17991] [16.0] [cxt 0] Pipeline 'ingress': end
[15:24:55.972] [bmv2] [D] [thread 17991] [16.0] [cxt 0] Egress port is 511
[15:24:55.972] [bmv2] [D] [thread 17991] [16.0] [cxt 0] Dropping packet at the end of ingress
[15:24:56.043] [bmv2] [D] [thread 17991] [17.0] [cxt 0] Processing packet received on port 2
[15:24:56.043] [bmv2] [D] [thread 17991] [17.0] [cxt 0] Parser 'parser': start
[15:24:56.043] [bmv2] [D] [thread 17991] [17.0] [cxt 0] Parser 'parser' entering state 'start'
[15:24:56.043] [bmv2] [D] [thread 17991] [17.0] [cxt 0] Extracting header 'ethernet'
[15:24:56.043] [bmv2] [D] [thread 17991] [17.0] [cxt 0] Parser state 'start': key is 86dd
[15:24:56.043] [bmv2] [T] [thread 17991] [17.0] [cxt 0] Bytes parsed: 14
[15:24:56.043] [bmv2] [D] [thread 17991] [17.0] [cxt 0] Parser 'parser': end
[15:24:56.043] [bmv2] [D] [thread 17991] [17.0] [cxt 0] Pipeline 'ingress': start
[15:24:56.043] [bmv2] [T] [thread 17991] [17.0] [cxt 0] source_routing.p4(126) Condition "hdr.srcRoutes[0].isValid()" (node_2) is false
[15:24:56.043] [bmv2] [T] [thread 17991] [17.0] [cxt 0] Applying table 'tbl_drop'
[15:24:56.043] [bmv2] [D] [thread 17991] [17.0] [cxt 0] Looking up key:

[15:24:56.043] [bmv2] [D] [thread 17991] [17.0] [cxt 0] Table 'tbl_drop': miss
[15:24:56.043] [bmv2] [D] [thread 17991] [17.0] [cxt 0] Action entry is MyIngress.drop - 
[15:24:56.043] [bmv2] [T] [thread 17991] [17.0] [cxt 0] Action MyIngress.drop
[15:24:56.043] [bmv2] [T] [thread 17991] [17.0] [cxt 0] source_routing.p4(109) Primitive mark_to_drop(standard_metadata)
[15:24:56.043] [bmv2] [D] [thread 17991] [17.0] [cxt 0] Pipeline 'ingress': end
[15:24:56.043] [bmv2] [D] [thread 17991] [17.0] [cxt 0] Egress port is 511
[15:24:56.043] [bmv2] [D] [thread 17991] [17.0] [cxt 0] Dropping packet at the end of ingress
[15:24:56.104] [bmv2] [D] [thread 17991] [18.0] [cxt 0] Processing packet received on port 3
[15:24:56.105] [bmv2] [D] [thread 17991] [18.0] [cxt 0] Parser 'parser': start
[15:24:56.105] [bmv2] [D] [thread 17991] [18.0] [cxt 0] Parser 'parser' entering state 'start'
[15:24:56.105] [bmv2] [D] [thread 17991] [18.0] [cxt 0] Extracting header 'ethernet'
[15:24:56.105] [bmv2] [D] [thread 17991] [18.0] [cxt 0] Parser state 'start': key is 86dd
[15:24:56.105] [bmv2] [T] [thread 17991] [18.0] [cxt 0] Bytes parsed: 14
[15:24:56.105] [bmv2] [D] [thread 17991] [18.0] [cxt 0] Parser 'parser': end
[15:24:56.105] [bmv2] [D] [thread 17991] [18.0] [cxt 0] Pipeline 'ingress': start
[15:24:56.105] [bmv2] [T] [thread 17991] [18.0] [cxt 0] source_routing.p4(126) Condition "hdr.srcRoutes[0].isValid()" (node_2) is false
[15:24:56.105] [bmv2] [T] [thread 17991] [18.0] [cxt 0] Applying table 'tbl_drop'
[15:24:56.105] [bmv2] [D] [thread 17991] [18.0] [cxt 0] Looking up key:

[15:24:56.105] [bmv2] [D] [thread 17991] [18.0] [cxt 0] Table 'tbl_drop': miss
[15:24:56.105] [bmv2] [D] [thread 17991] [18.0] [cxt 0] Action entry is MyIngress.drop - 
[15:24:56.105] [bmv2] [T] [thread 17991] [18.0] [cxt 0] Action MyIngress.drop
[15:24:56.105] [bmv2] [T] [thread 17991] [18.0] [cxt 0] source_routing.p4(109) Primitive mark_to_drop(standard_metadata)
[15:24:56.105] [bmv2] [D] [thread 17991] [18.0] [cxt 0] Pipeline 'ingress': end
[15:24:56.105] [bmv2] [D] [thread 17991] [18.0] [cxt 0] Egress port is 511
[15:24:56.105] [bmv2] [D] [thread 17991] [18.0] [cxt 0] Dropping packet at the end of ingress
[15:24:56.133] [bmv2] [D] [thread 17991] [19.0] [cxt 0] Processing packet received on port 3
[15:24:56.133] [bmv2] [D] [thread 17991] [19.0] [cxt 0] Parser 'parser': start
[15:24:56.133] [bmv2] [D] [thread 17991] [19.0] [cxt 0] Parser 'parser' entering state 'start'
[15:24:56.133] [bmv2] [D] [thread 17991] [19.0] [cxt 0] Extracting header 'ethernet'
[15:24:56.133] [bmv2] [D] [thread 17991] [19.0] [cxt 0] Parser state 'start': key is 86dd
[15:24:56.133] [bmv2] [T] [thread 17991] [19.0] [cxt 0] Bytes parsed: 14
[15:24:56.133] [bmv2] [D] [thread 17991] [19.0] [cxt 0] Parser 'parser': end
[15:24:56.133] [bmv2] [D] [thread 17991] [19.0] [cxt 0] Pipeline 'ingress': start
[15:24:56.133] [bmv2] [T] [thread 17991] [19.0] [cxt 0] source_routing.p4(126) Condition "hdr.srcRoutes[0].isValid()" (node_2) is false
[15:24:56.133] [bmv2] [T] [thread 17991] [19.0] [cxt 0] Applying table 'tbl_drop'
[15:24:56.133] [bmv2] [D] [thread 17991] [19.0] [cxt 0] Looking up key:

[15:24:56.133] [bmv2] [D] [thread 17991] [19.0] [cxt 0] Table 'tbl_drop': miss
[15:24:56.133] [bmv2] [D] [thread 17991] [19.0] [cxt 0] Action entry is MyIngress.drop - 
[15:24:56.133] [bmv2] [T] [thread 17991] [19.0] [cxt 0] Action MyIngress.drop
[15:24:56.133] [bmv2] [T] [thread 17991] [19.0] [cxt 0] source_routing.p4(109) Primitive mark_to_drop(standard_metadata)
[15:24:56.133] [bmv2] [D] [thread 17991] [19.0] [cxt 0] Pipeline 'ingress': end
[15:24:56.133] [bmv2] [D] [thread 17991] [19.0] [cxt 0] Egress port is 511
[15:24:56.133] [bmv2] [D] [thread 17991] [19.0] [cxt 0] Dropping packet at the end of ingress
[15:24:56.133] [bmv2] [D] [thread 17991] [20.0] [cxt 0] Processing packet received on port 3
[15:24:56.133] [bmv2] [D] [thread 17991] [20.0] [cxt 0] Parser 'parser': start
[15:24:56.133] [bmv2] [D] [thread 17991] [20.0] [cxt 0] Parser 'parser' entering state 'start'
[15:24:56.133] [bmv2] [D] [thread 17991] [20.0] [cxt 0] Extracting header 'ethernet'
[15:24:56.133] [bmv2] [D] [thread 17991] [20.0] [cxt 0] Parser state 'start': key is 86dd
[15:24:56.133] [bmv2] [T] [thread 17991] [20.0] [cxt 0] Bytes parsed: 14
[15:24:56.133] [bmv2] [D] [thread 17991] [20.0] [cxt 0] Parser 'parser': end
[15:24:56.133] [bmv2] [D] [thread 17991] [20.0] [cxt 0] Pipeline 'ingress': start
[15:24:56.133] [bmv2] [T] [thread 17991] [20.0] [cxt 0] source_routing.p4(126) Condition "hdr.srcRoutes[0].isValid()" (node_2) is false
[15:24:56.133] [bmv2] [T] [thread 17991] [20.0] [cxt 0] Applying table 'tbl_drop'
[15:24:56.133] [bmv2] [D] [thread 17991] [20.0] [cxt 0] Looking up key:

[15:24:56.133] [bmv2] [D] [thread 17991] [20.0] [cxt 0] Table 'tbl_drop': miss
[15:24:56.133] [bmv2] [D] [thread 17991] [20.0] [cxt 0] Action entry is MyIngress.drop - 
[15:24:56.133] [bmv2] [T] [thread 17991] [20.0] [cxt 0] Action MyIngress.drop
[15:24:56.133] [bmv2] [T] [thread 17991] [20.0] [cxt 0] source_routing.p4(109) Primitive mark_to_drop(standard_metadata)
[15:24:56.133] [bmv2] [D] [thread 17991] [20.0] [cxt 0] Pipeline 'ingress': end
[15:24:56.133] [bmv2] [D] [thread 17991] [20.0] [cxt 0] Egress port is 511
[15:24:56.133] [bmv2] [D] [thread 17991] [20.0] [cxt 0] Dropping packet at the end of ingress
[15:24:56.360] [bmv2] [D] [thread 17991] [21.0] [cxt 0] Processing packet received on port 3
[15:24:56.361] [bmv2] [D] [thread 17991] [21.0] [cxt 0] Parser 'parser': start
[15:24:56.361] [bmv2] [D] [thread 17991] [21.0] [cxt 0] Parser 'parser' entering state 'start'
[15:24:56.361] [bmv2] [D] [thread 17991] [21.0] [cxt 0] Extracting header 'ethernet'
[15:24:56.361] [bmv2] [D] [thread 17991] [21.0] [cxt 0] Parser state 'start': key is 86dd
[15:24:56.361] [bmv2] [T] [thread 17991] [21.0] [cxt 0] Bytes parsed: 14
[15:24:56.361] [bmv2] [D] [thread 17991] [21.0] [cxt 0] Parser 'parser': end
[15:24:56.361] [bmv2] [D] [thread 17991] [21.0] [cxt 0] Pipeline 'ingress': start
[15:24:56.361] [bmv2] [T] [thread 17991] [21.0] [cxt 0] source_routing.p4(126) Condition "hdr.srcRoutes[0].isValid()" (node_2) is false
[15:24:56.361] [bmv2] [T] [thread 17991] [21.0] [cxt 0] Applying table 'tbl_drop'
[15:24:56.361] [bmv2] [D] [thread 17991] [21.0] [cxt 0] Looking up key:

[15:24:56.361] [bmv2] [D] [thread 17991] [21.0] [cxt 0] Table 'tbl_drop': miss
[15:24:56.361] [bmv2] [D] [thread 17991] [21.0] [cxt 0] Action entry is MyIngress.drop - 
[15:24:56.361] [bmv2] [T] [thread 17991] [21.0] [cxt 0] Action MyIngress.drop
[15:24:56.361] [bmv2] [T] [thread 17991] [21.0] [cxt 0] source_routing.p4(109) Primitive mark_to_drop(standard_metadata)
[15:24:56.361] [bmv2] [D] [thread 17991] [21.0] [cxt 0] Pipeline 'ingress': end
[15:24:56.361] [bmv2] [D] [thread 17991] [21.0] [cxt 0] Egress port is 511
[15:24:56.361] [bmv2] [D] [thread 17991] [21.0] [cxt 0] Dropping packet at the end of ingress
[15:24:56.387] [bmv2] [D] [thread 17991] [22.0] [cxt 0] Processing packet received on port 3
[15:24:56.388] [bmv2] [D] [thread 17991] [22.0] [cxt 0] Parser 'parser': start
[15:24:56.388] [bmv2] [D] [thread 17991] [22.0] [cxt 0] Parser 'parser' entering state 'start'
[15:24:56.388] [bmv2] [D] [thread 17991] [22.0] [cxt 0] Extracting header 'ethernet'
[15:24:56.388] [bmv2] [D] [thread 17991] [22.0] [cxt 0] Parser state 'start': key is 86dd
[15:24:56.388] [bmv2] [T] [thread 17991] [22.0] [cxt 0] Bytes parsed: 14
[15:24:56.388] [bmv2] [D] [thread 17991] [22.0] [cxt 0] Parser 'parser': end
[15:24:56.388] [bmv2] [D] [thread 17991] [22.0] [cxt 0] Pipeline 'ingress': start
[15:24:56.388] [bmv2] [T] [thread 17991] [22.0] [cxt 0] source_routing.p4(126) Condition "hdr.srcRoutes[0].isValid()" (node_2) is false
[15:24:56.388] [bmv2] [T] [thread 17991] [22.0] [cxt 0] Applying table 'tbl_drop'
[15:24:56.388] [bmv2] [D] [thread 17991] [22.0] [cxt 0] Looking up key:

[15:24:56.388] [bmv2] [D] [thread 17991] [22.0] [cxt 0] Table 'tbl_drop': miss
[15:24:56.388] [bmv2] [D] [thread 17991] [22.0] [cxt 0] Action entry is MyIngress.drop - 
[15:24:56.388] [bmv2] [T] [thread 17991] [22.0] [cxt 0] Action MyIngress.drop
[15:24:56.388] [bmv2] [T] [thread 17991] [22.0] [cxt 0] source_routing.p4(109) Primitive mark_to_drop(standard_metadata)
[15:24:56.388] [bmv2] [D] [thread 17991] [22.0] [cxt 0] Pipeline 'ingress': end
[15:24:56.388] [bmv2] [D] [thread 17991] [22.0] [cxt 0] Egress port is 511
[15:24:56.388] [bmv2] [D] [thread 17991] [22.0] [cxt 0] Dropping packet at the end of ingress
[15:24:56.521] [bmv2] [D] [thread 17991] [23.0] [cxt 0] Processing packet received on port 3
[15:24:56.521] [bmv2] [D] [thread 17991] [23.0] [cxt 0] Parser 'parser': start
[15:24:56.521] [bmv2] [D] [thread 17991] [23.0] [cxt 0] Parser 'parser' entering state 'start'
[15:24:56.521] [bmv2] [D] [thread 17991] [23.0] [cxt 0] Extracting header 'ethernet'
[15:24:56.521] [bmv2] [D] [thread 17991] [23.0] [cxt 0] Parser state 'start': key is 86dd
[15:24:56.521] [bmv2] [T] [thread 17991] [23.0] [cxt 0] Bytes parsed: 14
[15:24:56.521] [bmv2] [D] [thread 17991] [23.0] [cxt 0] Parser 'parser': end
[15:24:56.521] [bmv2] [D] [thread 17991] [23.0] [cxt 0] Pipeline 'ingress': start
[15:24:56.521] [bmv2] [T] [thread 17991] [23.0] [cxt 0] source_routing.p4(126) Condition "hdr.srcRoutes[0].isValid()" (node_2) is false
[15:24:56.521] [bmv2] [T] [thread 17991] [23.0] [cxt 0] Applying table 'tbl_drop'
[15:24:56.521] [bmv2] [D] [thread 17991] [23.0] [cxt 0] Looking up key:

[15:24:56.521] [bmv2] [D] [thread 17991] [23.0] [cxt 0] Table 'tbl_drop': miss
[15:24:56.521] [bmv2] [D] [thread 17991] [23.0] [cxt 0] Action entry is MyIngress.drop - 
[15:24:56.521] [bmv2] [T] [thread 17991] [23.0] [cxt 0] Action MyIngress.drop
[15:24:56.521] [bmv2] [T] [thread 17991] [23.0] [cxt 0] source_routing.p4(109) Primitive mark_to_drop(standard_metadata)
[15:24:56.521] [bmv2] [D] [thread 17991] [23.0] [cxt 0] Pipeline 'ingress': end
[15:24:56.521] [bmv2] [D] [thread 17991] [23.0] [cxt 0] Egress port is 511
[15:24:56.521] [bmv2] [D] [thread 17991] [23.0] [cxt 0] Dropping packet at the end of ingress
[15:24:56.589] [bmv2] [D] [thread 17991] [24.0] [cxt 0] Processing packet received on port 3
[15:24:56.589] [bmv2] [D] [thread 17991] [24.0] [cxt 0] Parser 'parser': start
[15:24:56.589] [bmv2] [D] [thread 17991] [24.0] [cxt 0] Parser 'parser' entering state 'start'
[15:24:56.589] [bmv2] [D] [thread 17991] [24.0] [cxt 0] Extracting header 'ethernet'
[15:24:56.590] [bmv2] [D] [thread 17991] [24.0] [cxt 0] Parser state 'start': key is 86dd
[15:24:56.590] [bmv2] [T] [thread 17991] [24.0] [cxt 0] Bytes parsed: 14
[15:24:56.590] [bmv2] [D] [thread 17991] [24.0] [cxt 0] Parser 'parser': end
[15:24:56.590] [bmv2] [D] [thread 17991] [24.0] [cxt 0] Pipeline 'ingress': start
[15:24:56.590] [bmv2] [T] [thread 17991] [24.0] [cxt 0] source_routing.p4(126) Condition "hdr.srcRoutes[0].isValid()" (node_2) is false
[15:24:56.590] [bmv2] [T] [thread 17991] [24.0] [cxt 0] Applying table 'tbl_drop'
[15:24:56.590] [bmv2] [D] [thread 17991] [24.0] [cxt 0] Looking up key:

[15:24:56.590] [bmv2] [D] [thread 17991] [24.0] [cxt 0] Table 'tbl_drop': miss
[15:24:56.590] [bmv2] [D] [thread 17991] [24.0] [cxt 0] Action entry is MyIngress.drop - 
[15:24:56.590] [bmv2] [T] [thread 17991] [24.0] [cxt 0] Action MyIngress.drop
[15:24:56.590] [bmv2] [T] [thread 17991] [24.0] [cxt 0] source_routing.p4(109) Primitive mark_to_drop(standard_metadata)
[15:24:56.590] [bmv2] [D] [thread 17991] [24.0] [cxt 0] Pipeline 'ingress': end
[15:24:56.590] [bmv2] [D] [thread 17991] [24.0] [cxt 0] Egress port is 511
[15:24:56.590] [bmv2] [D] [thread 17991] [24.0] [cxt 0] Dropping packet at the end of ingress
[15:24:56.608] [bmv2] [D] [thread 17991] [25.0] [cxt 0] Processing packet received on port 3
[15:24:56.608] [bmv2] [D] [thread 17991] [25.0] [cxt 0] Parser 'parser': start
[15:24:56.608] [bmv2] [D] [thread 17991] [25.0] [cxt 0] Parser 'parser' entering state 'start'
[15:24:56.608] [bmv2] [D] [thread 17991] [25.0] [cxt 0] Extracting header 'ethernet'
[15:24:56.608] [bmv2] [D] [thread 17991] [25.0] [cxt 0] Parser state 'start': key is 86dd
[15:24:56.608] [bmv2] [T] [thread 17991] [25.0] [cxt 0] Bytes parsed: 14
[15:24:56.608] [bmv2] [D] [thread 17991] [25.0] [cxt 0] Parser 'parser': end
[15:24:56.608] [bmv2] [D] [thread 17991] [25.0] [cxt 0] Pipeline 'ingress': start
[15:24:56.608] [bmv2] [T] [thread 17991] [25.0] [cxt 0] source_routing.p4(126) Condition "hdr.srcRoutes[0].isValid()" (node_2) is false
[15:24:56.608] [bmv2] [T] [thread 17991] [25.0] [cxt 0] Applying table 'tbl_drop'
[15:24:56.608] [bmv2] [D] [thread 17991] [25.0] [cxt 0] Looking up key:

[15:24:56.608] [bmv2] [D] [thread 17991] [25.0] [cxt 0] Table 'tbl_drop': miss
[15:24:56.608] [bmv2] [D] [thread 17991] [25.0] [cxt 0] Action entry is MyIngress.drop - 
[15:24:56.609] [bmv2] [T] [thread 17991] [25.0] [cxt 0] Action MyIngress.drop
[15:24:56.609] [bmv2] [T] [thread 17991] [25.0] [cxt 0] source_routing.p4(109) Primitive mark_to_drop(standard_metadata)
[15:24:56.609] [bmv2] [D] [thread 17991] [25.0] [cxt 0] Pipeline 'ingress': end
[15:24:56.609] [bmv2] [D] [thread 17991] [25.0] [cxt 0] Egress port is 511
[15:24:56.609] [bmv2] [D] [thread 17991] [25.0] [cxt 0] Dropping packet at the end of ingress
[15:24:56.675] [bmv2] [D] [thread 17991] [26.0] [cxt 0] Processing packet received on port 3
[15:24:56.675] [bmv2] [D] [thread 17991] [26.0] [cxt 0] Parser 'parser': start
[15:24:56.675] [bmv2] [D] [thread 17991] [26.0] [cxt 0] Parser 'parser' entering state 'start'
[15:24:56.675] [bmv2] [D] [thread 17991] [26.0] [cxt 0] Extracting header 'ethernet'
[15:24:56.675] [bmv2] [D] [thread 17991] [26.0] [cxt 0] Parser state 'start': key is 86dd
[15:24:56.675] [bmv2] [T] [thread 17991] [26.0] [cxt 0] Bytes parsed: 14
[15:24:56.675] [bmv2] [D] [thread 17991] [26.0] [cxt 0] Parser 'parser': end
[15:24:56.675] [bmv2] [D] [thread 17991] [26.0] [cxt 0] Pipeline 'ingress': start
[15:24:56.675] [bmv2] [T] [thread 17991] [26.0] [cxt 0] source_routing.p4(126) Condition "hdr.srcRoutes[0].isValid()" (node_2) is false
[15:24:56.675] [bmv2] [T] [thread 17991] [26.0] [cxt 0] Applying table 'tbl_drop'
[15:24:56.675] [bmv2] [D] [thread 17991] [26.0] [cxt 0] Looking up key:

[15:24:56.675] [bmv2] [D] [thread 17991] [26.0] [cxt 0] Table 'tbl_drop': miss
[15:24:56.675] [bmv2] [D] [thread 17991] [26.0] [cxt 0] Action entry is MyIngress.drop - 
[15:24:56.675] [bmv2] [T] [thread 17991] [26.0] [cxt 0] Action MyIngress.drop
[15:24:56.675] [bmv2] [T] [thread 17991] [26.0] [cxt 0] source_routing.p4(109) Primitive mark_to_drop(standard_metadata)
[15:24:56.675] [bmv2] [D] [thread 17991] [26.0] [cxt 0] Pipeline 'ingress': end
[15:24:56.675] [bmv2] [D] [thread 17991] [26.0] [cxt 0] Egress port is 511
[15:24:56.676] [bmv2] [D] [thread 17991] [26.0] [cxt 0] Dropping packet at the end of ingress
[15:24:56.808] [bmv2] [D] [thread 17991] [27.0] [cxt 0] Processing packet received on port 3
[15:24:56.808] [bmv2] [D] [thread 17991] [27.0] [cxt 0] Parser 'parser': start
[15:24:56.808] [bmv2] [D] [thread 17991] [27.0] [cxt 0] Parser 'parser' entering state 'start'
[15:24:56.808] [bmv2] [D] [thread 17991] [27.0] [cxt 0] Extracting header 'ethernet'
[15:24:56.808] [bmv2] [D] [thread 17991] [27.0] [cxt 0] Parser state 'start': key is 86dd
[15:24:56.808] [bmv2] [T] [thread 17991] [27.0] [cxt 0] Bytes parsed: 14
[15:24:56.808] [bmv2] [D] [thread 17991] [27.0] [cxt 0] Parser 'parser': end
[15:24:56.808] [bmv2] [D] [thread 17991] [27.0] [cxt 0] Pipeline 'ingress': start
[15:24:56.808] [bmv2] [T] [thread 17991] [27.0] [cxt 0] source_routing.p4(126) Condition "hdr.srcRoutes[0].isValid()" (node_2) is false
[15:24:56.808] [bmv2] [T] [thread 17991] [27.0] [cxt 0] Applying table 'tbl_drop'
[15:24:56.808] [bmv2] [D] [thread 17991] [27.0] [cxt 0] Looking up key:

[15:24:56.808] [bmv2] [D] [thread 17991] [27.0] [cxt 0] Table 'tbl_drop': miss
[15:24:56.808] [bmv2] [D] [thread 17991] [27.0] [cxt 0] Action entry is MyIngress.drop - 
[15:24:56.808] [bmv2] [T] [thread 17991] [27.0] [cxt 0] Action MyIngress.drop
[15:24:56.808] [bmv2] [T] [thread 17991] [27.0] [cxt 0] source_routing.p4(109) Primitive mark_to_drop(standard_metadata)
[15:24:56.808] [bmv2] [D] [thread 17991] [27.0] [cxt 0] Pipeline 'ingress': end
[15:24:56.808] [bmv2] [D] [thread 17991] [27.0] [cxt 0] Egress port is 511
[15:24:56.808] [bmv2] [D] [thread 17991] [27.0] [cxt 0] Dropping packet at the end of ingress
[15:24:57.021] [bmv2] [D] [thread 17991] [28.0] [cxt 0] Processing packet received on port 1
[15:24:57.022] [bmv2] [D] [thread 17991] [28.0] [cxt 0] Parser 'parser': start
[15:24:57.022] [bmv2] [D] [thread 17991] [28.0] [cxt 0] Parser 'parser' entering state 'start'
[15:24:57.022] [bmv2] [D] [thread 17991] [28.0] [cxt 0] Extracting header 'ethernet'
[15:24:57.022] [bmv2] [D] [thread 17991] [28.0] [cxt 0] Parser state 'start': key is 86dd
[15:24:57.022] [bmv2] [T] [thread 17991] [28.0] [cxt 0] Bytes parsed: 14
[15:24:57.022] [bmv2] [D] [thread 17991] [28.0] [cxt 0] Parser 'parser': end
[15:24:57.022] [bmv2] [D] [thread 17991] [28.0] [cxt 0] Pipeline 'ingress': start
[15:24:57.022] [bmv2] [T] [thread 17991] [28.0] [cxt 0] source_routing.p4(126) Condition "hdr.srcRoutes[0].isValid()" (node_2) is false
[15:24:57.022] [bmv2] [T] [thread 17991] [28.0] [cxt 0] Applying table 'tbl_drop'
[15:24:57.022] [bmv2] [D] [thread 17991] [28.0] [cxt 0] Looking up key:

[15:24:57.022] [bmv2] [D] [thread 17991] [28.0] [cxt 0] Table 'tbl_drop': miss
[15:24:57.022] [bmv2] [D] [thread 17991] [28.0] [cxt 0] Action entry is MyIngress.drop - 
[15:24:57.022] [bmv2] [T] [thread 17991] [28.0] [cxt 0] Action MyIngress.drop
[15:24:57.022] [bmv2] [T] [thread 17991] [28.0] [cxt 0] source_routing.p4(109) Primitive mark_to_drop(standard_metadata)
[15:24:57.022] [bmv2] [D] [thread 17991] [28.0] [cxt 0] Pipeline 'ingress': end
[15:24:57.022] [bmv2] [D] [thread 17991] [28.0] [cxt 0] Egress port is 511
[15:24:57.022] [bmv2] [D] [thread 17991] [28.0] [cxt 0] Dropping packet at the end of ingress
[15:24:57.062] [bmv2] [D] [thread 17991] [29.0] [cxt 0] Processing packet received on port 2
[15:24:57.062] [bmv2] [D] [thread 17991] [29.0] [cxt 0] Parser 'parser': start
[15:24:57.062] [bmv2] [D] [thread 17991] [29.0] [cxt 0] Parser 'parser' entering state 'start'
[15:24:57.062] [bmv2] [D] [thread 17991] [29.0] [cxt 0] Extracting header 'ethernet'
[15:24:57.062] [bmv2] [D] [thread 17991] [29.0] [cxt 0] Parser state 'start': key is 86dd
[15:24:57.062] [bmv2] [T] [thread 17991] [29.0] [cxt 0] Bytes parsed: 14
[15:24:57.062] [bmv2] [D] [thread 17991] [29.0] [cxt 0] Parser 'parser': end
[15:24:57.062] [bmv2] [D] [thread 17991] [29.0] [cxt 0] Pipeline 'ingress': start
[15:24:57.062] [bmv2] [T] [thread 17991] [29.0] [cxt 0] source_routing.p4(126) Condition "hdr.srcRoutes[0].isValid()" (node_2) is false
[15:24:57.062] [bmv2] [T] [thread 17991] [29.0] [cxt 0] Applying table 'tbl_drop'
[15:24:57.062] [bmv2] [D] [thread 17991] [29.0] [cxt 0] Looking up key:

[15:24:57.063] [bmv2] [D] [thread 17991] [29.0] [cxt 0] Table 'tbl_drop': miss
[15:24:57.063] [bmv2] [D] [thread 17991] [29.0] [cxt 0] Action entry is MyIngress.drop - 
[15:24:57.063] [bmv2] [T] [thread 17991] [29.0] [cxt 0] Action MyIngress.drop
[15:24:57.063] [bmv2] [T] [thread 17991] [29.0] [cxt 0] source_routing.p4(109) Primitive mark_to_drop(standard_metadata)
[15:24:57.063] [bmv2] [D] [thread 17991] [29.0] [cxt 0] Pipeline 'ingress': end
[15:24:57.063] [bmv2] [D] [thread 17991] [29.0] [cxt 0] Egress port is 511
[15:24:57.063] [bmv2] [D] [thread 17991] [29.0] [cxt 0] Dropping packet at the end of ingress
[15:24:57.126] [bmv2] [W] [thread 18044] [P4Runtime] p4::tmp::P4DeviceConfig is deprecated
[15:24:57.127] [bmv2] [D] [thread 18044] Set default default entry for table 'tbl_srcRoute_finish': MyIngress.srcRoute_finish - 
[15:24:57.128] [bmv2] [D] [thread 18044] Set default default entry for table 'tbl_srcRoute_nhop': MyIngress.srcRoute_nhop - 
[15:24:57.128] [bmv2] [D] [thread 18044] Set default default entry for table 'tbl_update_ttl': MyIngress.update_ttl - 
[15:24:57.128] [bmv2] [D] [thread 18044] Set default default entry for table 'tbl_drop': MyIngress.drop - 
[15:24:57.133] [bmv2] [D] [thread 18044] simple_switch target has been notified of a config swap
[15:24:57.189] [bmv2] [D] [thread 17991] [30.0] [cxt 0] Processing packet received on port 2
[15:24:57.190] [bmv2] [D] [thread 17991] [30.0] [cxt 0] Parser 'parser': start
[15:24:57.191] [bmv2] [D] [thread 17991] [30.0] [cxt 0] Parser 'parser' entering state 'start'
[15:24:57.191] [bmv2] [D] [thread 17991] [30.0] [cxt 0] Extracting header 'ethernet'
[15:24:57.191] [bmv2] [D] [thread 17991] [30.0] [cxt 0] Parser state 'start': key is 86dd
[15:24:57.191] [bmv2] [T] [thread 17991] [30.0] [cxt 0] Bytes parsed: 14
[15:24:57.191] [bmv2] [D] [thread 17991] [30.0] [cxt 0] Parser 'parser': end
[15:24:57.191] [bmv2] [D] [thread 17991] [30.0] [cxt 0] Pipeline 'ingress': start
[15:24:57.191] [bmv2] [T] [thread 17991] [30.0] [cxt 0] source_routing.p4(126) Condition "hdr.srcRoutes[0].isValid()" (node_2) is false
[15:24:57.191] [bmv2] [T] [thread 17991] [30.0] [cxt 0] Applying table 'tbl_drop'
[15:24:57.191] [bmv2] [D] [thread 17991] [30.0] [cxt 0] Looking up key:

[15:24:57.191] [bmv2] [D] [thread 17991] [30.0] [cxt 0] Table 'tbl_drop': miss
[15:24:57.191] [bmv2] [D] [thread 17991] [30.0] [cxt 0] Action entry is MyIngress.drop - 
[15:24:57.191] [bmv2] [T] [thread 17991] [30.0] [cxt 0] Action MyIngress.drop
[15:24:57.191] [bmv2] [T] [thread 17991] [30.0] [cxt 0] source_routing.p4(109) Primitive mark_to_drop(standard_metadata)
[15:24:57.191] [bmv2] [D] [thread 17991] [30.0] [cxt 0] Pipeline 'ingress': end
[15:24:57.191] [bmv2] [D] [thread 17991] [30.0] [cxt 0] Egress port is 511
[15:24:57.191] [bmv2] [D] [thread 17991] [30.0] [cxt 0] Dropping packet at the end of ingress
[15:24:57.735] [bmv2] [D] [thread 17991] [31.0] [cxt 0] Processing packet received on port 3
[15:24:57.735] [bmv2] [D] [thread 17991] [31.0] [cxt 0] Parser 'parser': start
[15:24:57.735] [bmv2] [D] [thread 17991] [31.0] [cxt 0] Parser 'parser' entering state 'start'
[15:24:57.735] [bmv2] [D] [thread 17991] [31.0] [cxt 0] Extracting header 'ethernet'
[15:24:57.735] [bmv2] [D] [thread 17991] [31.0] [cxt 0] Parser state 'start': key is 86dd
[15:24:57.735] [bmv2] [T] [thread 17991] [31.0] [cxt 0] Bytes parsed: 14
[15:24:57.735] [bmv2] [D] [thread 17991] [31.0] [cxt 0] Parser 'parser': end
[15:24:57.735] [bmv2] [D] [thread 17991] [31.0] [cxt 0] Pipeline 'ingress': start
[15:24:57.735] [bmv2] [T] [thread 17991] [31.0] [cxt 0] source_routing.p4(126) Condition "hdr.srcRoutes[0].isValid()" (node_2) is false
[15:24:57.735] [bmv2] [T] [thread 17991] [31.0] [cxt 0] Applying table 'tbl_drop'
[15:24:57.735] [bmv2] [D] [thread 17991] [31.0] [cxt 0] Looking up key:

[15:24:57.735] [bmv2] [D] [thread 17991] [31.0] [cxt 0] Table 'tbl_drop': miss
[15:24:57.735] [bmv2] [D] [thread 17991] [31.0] [cxt 0] Action entry is MyIngress.drop - 
[15:24:57.735] [bmv2] [T] [thread 17991] [31.0] [cxt 0] Action MyIngress.drop
[15:24:57.735] [bmv2] [T] [thread 17991] [31.0] [cxt 0] source_routing.p4(109) Primitive mark_to_drop(standard_metadata)
[15:24:57.735] [bmv2] [D] [thread 17991] [31.0] [cxt 0] Pipeline 'ingress': end
[15:24:57.735] [bmv2] [D] [thread 17991] [31.0] [cxt 0] Egress port is 511
[15:24:57.735] [bmv2] [D] [thread 17991] [31.0] [cxt 0] Dropping packet at the end of ingress
[15:24:57.951] [bmv2] [D] [thread 17991] [32.0] [cxt 0] Processing packet received on port 3
[15:24:57.951] [bmv2] [D] [thread 17991] [32.0] [cxt 0] Parser 'parser': start
[15:24:57.951] [bmv2] [D] [thread 17991] [32.0] [cxt 0] Parser 'parser' entering state 'start'
[15:24:57.951] [bmv2] [D] [thread 17991] [32.0] [cxt 0] Extracting header 'ethernet'
[15:24:57.951] [bmv2] [D] [thread 17991] [32.0] [cxt 0] Parser state 'start': key is 86dd
[15:24:57.951] [bmv2] [T] [thread 17991] [32.0] [cxt 0] Bytes parsed: 14
[15:24:57.951] [bmv2] [D] [thread 17991] [32.0] [cxt 0] Parser 'parser': end
[15:24:57.951] [bmv2] [D] [thread 17991] [32.0] [cxt 0] Pipeline 'ingress': start
[15:24:57.951] [bmv2] [T] [thread 17991] [32.0] [cxt 0] source_routing.p4(126) Condition "hdr.srcRoutes[0].isValid()" (node_2) is false
[15:24:57.951] [bmv2] [T] [thread 17991] [32.0] [cxt 0] Applying table 'tbl_drop'
[15:24:57.951] [bmv2] [D] [thread 17991] [32.0] [cxt 0] Looking up key:

[15:24:57.951] [bmv2] [D] [thread 17991] [32.0] [cxt 0] Table 'tbl_drop': miss
[15:24:57.951] [bmv2] [D] [thread 17991] [32.0] [cxt 0] Action entry is MyIngress.drop - 
[15:24:57.951] [bmv2] [T] [thread 17991] [32.0] [cxt 0] Action MyIngress.drop
[15:24:57.951] [bmv2] [T] [thread 17991] [32.0] [cxt 0] source_routing.p4(109) Primitive mark_to_drop(standard_metadata)
[15:24:57.951] [bmv2] [D] [thread 17991] [32.0] [cxt 0] Pipeline 'ingress': end
[15:24:57.951] [bmv2] [D] [thread 17991] [32.0] [cxt 0] Egress port is 511
[15:24:57.951] [bmv2] [D] [thread 17991] [32.0] [cxt 0] Dropping packet at the end of ingress
[15:24:58.916] [bmv2] [D] [thread 17991] [33.0] [cxt 0] Processing packet received on port 2
[15:24:58.916] [bmv2] [D] [thread 17991] [33.0] [cxt 0] Parser 'parser': start
[15:24:58.916] [bmv2] [D] [thread 17991] [33.0] [cxt 0] Parser 'parser' entering state 'start'
[15:24:58.916] [bmv2] [D] [thread 17991] [33.0] [cxt 0] Extracting header 'ethernet'
[15:24:58.916] [bmv2] [D] [thread 17991] [33.0] [cxt 0] Parser state 'start': key is 86dd
[15:24:58.916] [bmv2] [T] [thread 17991] [33.0] [cxt 0] Bytes parsed: 14
[15:24:58.916] [bmv2] [D] [thread 17991] [33.0] [cxt 0] Parser 'parser': end
[15:24:58.916] [bmv2] [D] [thread 17991] [33.0] [cxt 0] Pipeline 'ingress': start
[15:24:58.916] [bmv2] [T] [thread 17991] [33.0] [cxt 0] source_routing.p4(126) Condition "hdr.srcRoutes[0].isValid()" (node_2) is false
[15:24:58.916] [bmv2] [T] [thread 17991] [33.0] [cxt 0] Applying table 'tbl_drop'
[15:24:58.916] [bmv2] [D] [thread 17991] [33.0] [cxt 0] Looking up key:

[15:24:58.916] [bmv2] [D] [thread 17991] [33.0] [cxt 0] Table 'tbl_drop': miss
[15:24:58.916] [bmv2] [D] [thread 17991] [33.0] [cxt 0] Action entry is MyIngress.drop - 
[15:24:58.916] [bmv2] [T] [thread 17991] [33.0] [cxt 0] Action MyIngress.drop
[15:24:58.916] [bmv2] [T] [thread 17991] [33.0] [cxt 0] source_routing.p4(109) Primitive mark_to_drop(standard_metadata)
[15:24:58.916] [bmv2] [D] [thread 17991] [33.0] [cxt 0] Pipeline 'ingress': end
[15:24:58.916] [bmv2] [D] [thread 17991] [33.0] [cxt 0] Egress port is 511
[15:24:58.916] [bmv2] [D] [thread 17991] [33.0] [cxt 0] Dropping packet at the end of ingress
[15:24:59.164] [bmv2] [D] [thread 17991] [34.0] [cxt 0] Processing packet received on port 1
[15:24:59.164] [bmv2] [D] [thread 17991] [34.0] [cxt 0] Parser 'parser': start
[15:24:59.164] [bmv2] [D] [thread 17991] [34.0] [cxt 0] Parser 'parser' entering state 'start'
[15:24:59.164] [bmv2] [D] [thread 17991] [34.0] [cxt 0] Extracting header 'ethernet'
[15:24:59.164] [bmv2] [D] [thread 17991] [34.0] [cxt 0] Parser state 'start': key is 86dd
[15:24:59.164] [bmv2] [T] [thread 17991] [34.0] [cxt 0] Bytes parsed: 14
[15:24:59.164] [bmv2] [D] [thread 17991] [34.0] [cxt 0] Parser 'parser': end
[15:24:59.164] [bmv2] [D] [thread 17991] [34.0] [cxt 0] Pipeline 'ingress': start
[15:24:59.164] [bmv2] [T] [thread 17991] [34.0] [cxt 0] source_routing.p4(126) Condition "hdr.srcRoutes[0].isValid()" (node_2) is false
[15:24:59.164] [bmv2] [T] [thread 17991] [34.0] [cxt 0] Applying table 'tbl_drop'
[15:24:59.164] [bmv2] [D] [thread 17991] [34.0] [cxt 0] Looking up key:

[15:24:59.164] [bmv2] [D] [thread 17991] [34.0] [cxt 0] Table 'tbl_drop': miss
[15:24:59.164] [bmv2] [D] [thread 17991] [34.0] [cxt 0] Action entry is MyIngress.drop - 
[15:24:59.164] [bmv2] [T] [thread 17991] [34.0] [cxt 0] Action MyIngress.drop
[15:24:59.164] [bmv2] [T] [thread 17991] [34.0] [cxt 0] source_routing.p4(109) Primitive mark_to_drop(standard_metadata)
[15:24:59.164] [bmv2] [D] [thread 17991] [34.0] [cxt 0] Pipeline 'ingress': end
[15:24:59.164] [bmv2] [D] [thread 17991] [34.0] [cxt 0] Egress port is 511
[15:24:59.164] [bmv2] [D] [thread 17991] [34.0] [cxt 0] Dropping packet at the end of ingress
[15:24:59.205] [bmv2] [D] [thread 17991] [35.0] [cxt 0] Processing packet received on port 2
[15:24:59.205] [bmv2] [D] [thread 17991] [35.0] [cxt 0] Parser 'parser': start
[15:24:59.206] [bmv2] [D] [thread 17991] [35.0] [cxt 0] Parser 'parser' entering state 'start'
[15:24:59.206] [bmv2] [D] [thread 17991] [35.0] [cxt 0] Extracting header 'ethernet'
[15:24:59.206] [bmv2] [D] [thread 17991] [35.0] [cxt 0] Parser state 'start': key is 86dd
[15:24:59.206] [bmv2] [T] [thread 17991] [35.0] [cxt 0] Bytes parsed: 14
[15:24:59.206] [bmv2] [D] [thread 17991] [35.0] [cxt 0] Parser 'parser': end
[15:24:59.206] [bmv2] [D] [thread 17991] [35.0] [cxt 0] Pipeline 'ingress': start
[15:24:59.206] [bmv2] [T] [thread 17991] [35.0] [cxt 0] source_routing.p4(126) Condition "hdr.srcRoutes[0].isValid()" (node_2) is false
[15:24:59.206] [bmv2] [T] [thread 17991] [35.0] [cxt 0] Applying table 'tbl_drop'
[15:24:59.206] [bmv2] [D] [thread 17991] [35.0] [cxt 0] Looking up key:

[15:24:59.206] [bmv2] [D] [thread 17991] [35.0] [cxt 0] Table 'tbl_drop': miss
[15:24:59.206] [bmv2] [D] [thread 17991] [35.0] [cxt 0] Action entry is MyIngress.drop - 
[15:24:59.206] [bmv2] [T] [thread 17991] [35.0] [cxt 0] Action MyIngress.drop
[15:24:59.206] [bmv2] [T] [thread 17991] [35.0] [cxt 0] source_routing.p4(109) Primitive mark_to_drop(standard_metadata)
[15:24:59.206] [bmv2] [D] [thread 17991] [35.0] [cxt 0] Pipeline 'ingress': end
[15:24:59.206] [bmv2] [D] [thread 17991] [35.0] [cxt 0] Egress port is 511
[15:24:59.206] [bmv2] [D] [thread 17991] [35.0] [cxt 0] Dropping packet at the end of ingress
[15:24:59.328] [bmv2] [D] [thread 17991] [36.0] [cxt 0] Processing packet received on port 2
[15:24:59.328] [bmv2] [D] [thread 17991] [36.0] [cxt 0] Parser 'parser': start
[15:24:59.328] [bmv2] [D] [thread 17991] [36.0] [cxt 0] Parser 'parser' entering state 'start'
[15:24:59.328] [bmv2] [D] [thread 17991] [36.0] [cxt 0] Extracting header 'ethernet'
[15:24:59.328] [bmv2] [D] [thread 17991] [36.0] [cxt 0] Parser state 'start': key is 86dd
[15:24:59.328] [bmv2] [T] [thread 17991] [36.0] [cxt 0] Bytes parsed: 14
[15:24:59.328] [bmv2] [D] [thread 17991] [36.0] [cxt 0] Parser 'parser': end
[15:24:59.328] [bmv2] [D] [thread 17991] [36.0] [cxt 0] Pipeline 'ingress': start
[15:24:59.328] [bmv2] [T] [thread 17991] [36.0] [cxt 0] source_routing.p4(126) Condition "hdr.srcRoutes[0].isValid()" (node_2) is false
[15:24:59.328] [bmv2] [T] [thread 17991] [36.0] [cxt 0] Applying table 'tbl_drop'
[15:24:59.328] [bmv2] [D] [thread 17991] [36.0] [cxt 0] Looking up key:

[15:24:59.328] [bmv2] [D] [thread 17991] [36.0] [cxt 0] Table 'tbl_drop': miss
[15:24:59.328] [bmv2] [D] [thread 17991] [36.0] [cxt 0] Action entry is MyIngress.drop - 
[15:24:59.328] [bmv2] [T] [thread 17991] [36.0] [cxt 0] Action MyIngress.drop
[15:24:59.328] [bmv2] [T] [thread 17991] [36.0] [cxt 0] source_routing.p4(109) Primitive mark_to_drop(standard_metadata)
[15:24:59.328] [bmv2] [D] [thread 17991] [36.0] [cxt 0] Pipeline 'ingress': end
[15:24:59.328] [bmv2] [D] [thread 17991] [36.0] [cxt 0] Egress port is 511
[15:24:59.328] [bmv2] [D] [thread 17991] [36.0] [cxt 0] Dropping packet at the end of ingress
[15:24:59.430] [bmv2] [D] [thread 17991] [37.0] [cxt 0] Processing packet received on port 1
[15:24:59.430] [bmv2] [D] [thread 17991] [37.0] [cxt 0] Parser 'parser': start
[15:24:59.430] [bmv2] [D] [thread 17991] [37.0] [cxt 0] Parser 'parser' entering state 'start'
[15:24:59.430] [bmv2] [D] [thread 17991] [37.0] [cxt 0] Extracting header 'ethernet'
[15:24:59.430] [bmv2] [D] [thread 17991] [37.0] [cxt 0] Parser state 'start': key is 86dd
[15:24:59.430] [bmv2] [T] [thread 17991] [37.0] [cxt 0] Bytes parsed: 14
[15:24:59.430] [bmv2] [D] [thread 17991] [37.0] [cxt 0] Parser 'parser': end
[15:24:59.430] [bmv2] [D] [thread 17991] [37.0] [cxt 0] Pipeline 'ingress': start
[15:24:59.430] [bmv2] [T] [thread 17991] [37.0] [cxt 0] source_routing.p4(126) Condition "hdr.srcRoutes[0].isValid()" (node_2) is false
[15:24:59.430] [bmv2] [T] [thread 17991] [37.0] [cxt 0] Applying table 'tbl_drop'
[15:24:59.430] [bmv2] [D] [thread 17991] [37.0] [cxt 0] Looking up key:

[15:24:59.430] [bmv2] [D] [thread 17991] [37.0] [cxt 0] Table 'tbl_drop': miss
[15:24:59.430] [bmv2] [D] [thread 17991] [37.0] [cxt 0] Action entry is MyIngress.drop - 
[15:24:59.430] [bmv2] [T] [thread 17991] [37.0] [cxt 0] Action MyIngress.drop
[15:24:59.430] [bmv2] [T] [thread 17991] [37.0] [cxt 0] source_routing.p4(109) Primitive mark_to_drop(standard_metadata)
[15:24:59.430] [bmv2] [D] [thread 17991] [37.0] [cxt 0] Pipeline 'ingress': end
[15:24:59.430] [bmv2] [D] [thread 17991] [37.0] [cxt 0] Egress port is 511
[15:24:59.430] [bmv2] [D] [thread 17991] [37.0] [cxt 0] Dropping packet at the end of ingress
[15:24:59.430] [bmv2] [D] [thread 17991] [38.0] [cxt 0] Processing packet received on port 2
[15:24:59.430] [bmv2] [D] [thread 17991] [38.0] [cxt 0] Parser 'parser': start
[15:24:59.430] [bmv2] [D] [thread 17991] [38.0] [cxt 0] Parser 'parser' entering state 'start'
[15:24:59.430] [bmv2] [D] [thread 17991] [38.0] [cxt 0] Extracting header 'ethernet'
[15:24:59.430] [bmv2] [D] [thread 17991] [38.0] [cxt 0] Parser state 'start': key is 86dd
[15:24:59.430] [bmv2] [T] [thread 17991] [38.0] [cxt 0] Bytes parsed: 14
[15:24:59.430] [bmv2] [D] [thread 17991] [38.0] [cxt 0] Parser 'parser': end
[15:24:59.430] [bmv2] [D] [thread 17991] [38.0] [cxt 0] Pipeline 'ingress': start
[15:24:59.430] [bmv2] [T] [thread 17991] [38.0] [cxt 0] source_routing.p4(126) Condition "hdr.srcRoutes[0].isValid()" (node_2) is false
[15:24:59.430] [bmv2] [T] [thread 17991] [38.0] [cxt 0] Applying table 'tbl_drop'
[15:24:59.431] [bmv2] [D] [thread 17991] [38.0] [cxt 0] Looking up key:

[15:24:59.431] [bmv2] [D] [thread 17991] [38.0] [cxt 0] Table 'tbl_drop': miss
[15:24:59.431] [bmv2] [D] [thread 17991] [38.0] [cxt 0] Action entry is MyIngress.drop - 
[15:24:59.431] [bmv2] [T] [thread 17991] [38.0] [cxt 0] Action MyIngress.drop
[15:24:59.431] [bmv2] [T] [thread 17991] [38.0] [cxt 0] source_routing.p4(109) Primitive mark_to_drop(standard_metadata)
[15:24:59.431] [bmv2] [D] [thread 17991] [38.0] [cxt 0] Pipeline 'ingress': end
[15:24:59.431] [bmv2] [D] [thread 17991] [38.0] [cxt 0] Egress port is 511
[15:24:59.431] [bmv2] [D] [thread 17991] [38.0] [cxt 0] Dropping packet at the end of ingress
[15:24:59.876] [bmv2] [D] [thread 17991] [39.0] [cxt 0] Processing packet received on port 3
[15:24:59.876] [bmv2] [D] [thread 17991] [39.0] [cxt 0] Parser 'parser': start
[15:24:59.876] [bmv2] [D] [thread 17991] [39.0] [cxt 0] Parser 'parser' entering state 'start'
[15:24:59.876] [bmv2] [D] [thread 17991] [39.0] [cxt 0] Extracting header 'ethernet'
[15:24:59.876] [bmv2] [D] [thread 17991] [39.0] [cxt 0] Parser state 'start': key is 86dd
[15:24:59.876] [bmv2] [T] [thread 17991] [39.0] [cxt 0] Bytes parsed: 14
[15:24:59.876] [bmv2] [D] [thread 17991] [39.0] [cxt 0] Parser 'parser': end
[15:24:59.876] [bmv2] [D] [thread 17991] [39.0] [cxt 0] Pipeline 'ingress': start
[15:24:59.876] [bmv2] [T] [thread 17991] [39.0] [cxt 0] source_routing.p4(126) Condition "hdr.srcRoutes[0].isValid()" (node_2) is false
[15:24:59.876] [bmv2] [T] [thread 17991] [39.0] [cxt 0] Applying table 'tbl_drop'
[15:24:59.876] [bmv2] [D] [thread 17991] [39.0] [cxt 0] Looking up key:

[15:24:59.876] [bmv2] [D] [thread 17991] [39.0] [cxt 0] Table 'tbl_drop': miss
[15:24:59.876] [bmv2] [D] [thread 17991] [39.0] [cxt 0] Action entry is MyIngress.drop - 
[15:24:59.876] [bmv2] [T] [thread 17991] [39.0] [cxt 0] Action MyIngress.drop
[15:24:59.876] [bmv2] [T] [thread 17991] [39.0] [cxt 0] source_routing.p4(109) Primitive mark_to_drop(standard_metadata)
[15:24:59.876] [bmv2] [D] [thread 17991] [39.0] [cxt 0] Pipeline 'ingress': end
[15:24:59.876] [bmv2] [D] [thread 17991] [39.0] [cxt 0] Egress port is 511
[15:24:59.876] [bmv2] [D] [thread 17991] [39.0] [cxt 0] Dropping packet at the end of ingress
[15:24:59.940] [bmv2] [D] [thread 17991] [40.0] [cxt 0] Processing packet received on port 3
[15:24:59.940] [bmv2] [D] [thread 17991] [40.0] [cxt 0] Parser 'parser': start
[15:24:59.940] [bmv2] [D] [thread 17991] [40.0] [cxt 0] Parser 'parser' entering state 'start'
[15:24:59.940] [bmv2] [D] [thread 17991] [40.0] [cxt 0] Extracting header 'ethernet'
[15:24:59.940] [bmv2] [D] [thread 17991] [40.0] [cxt 0] Parser state 'start': key is 86dd
[15:24:59.940] [bmv2] [T] [thread 17991] [40.0] [cxt 0] Bytes parsed: 14
[15:24:59.941] [bmv2] [D] [thread 17991] [40.0] [cxt 0] Parser 'parser': end
[15:24:59.941] [bmv2] [D] [thread 17991] [40.0] [cxt 0] Pipeline 'ingress': start
[15:24:59.941] [bmv2] [T] [thread 17991] [40.0] [cxt 0] source_routing.p4(126) Condition "hdr.srcRoutes[0].isValid()" (node_2) is false
[15:24:59.941] [bmv2] [T] [thread 17991] [40.0] [cxt 0] Applying table 'tbl_drop'
[15:24:59.941] [bmv2] [D] [thread 17991] [40.0] [cxt 0] Looking up key:

[15:24:59.941] [bmv2] [D] [thread 17991] [40.0] [cxt 0] Table 'tbl_drop': miss
[15:24:59.941] [bmv2] [D] [thread 17991] [40.0] [cxt 0] Action entry is MyIngress.drop - 
[15:24:59.941] [bmv2] [T] [thread 17991] [40.0] [cxt 0] Action MyIngress.drop
[15:24:59.941] [bmv2] [T] [thread 17991] [40.0] [cxt 0] source_routing.p4(109) Primitive mark_to_drop(standard_metadata)
[15:24:59.941] [bmv2] [D] [thread 17991] [40.0] [cxt 0] Pipeline 'ingress': end
[15:24:59.941] [bmv2] [D] [thread 17991] [40.0] [cxt 0] Egress port is 511
[15:24:59.941] [bmv2] [D] [thread 17991] [40.0] [cxt 0] Dropping packet at the end of ingress
[15:25:00.095] [bmv2] [D] [thread 17991] [41.0] [cxt 0] Processing packet received on port 3
[15:25:00.095] [bmv2] [D] [thread 17991] [41.0] [cxt 0] Parser 'parser': start
[15:25:00.095] [bmv2] [D] [thread 17991] [41.0] [cxt 0] Parser 'parser' entering state 'start'
[15:25:00.095] [bmv2] [D] [thread 17991] [41.0] [cxt 0] Extracting header 'ethernet'
[15:25:00.095] [bmv2] [D] [thread 17991] [41.0] [cxt 0] Parser state 'start': key is 86dd
[15:25:00.095] [bmv2] [T] [thread 17991] [41.0] [cxt 0] Bytes parsed: 14
[15:25:00.095] [bmv2] [D] [thread 17991] [41.0] [cxt 0] Parser 'parser': end
[15:25:00.095] [bmv2] [D] [thread 17991] [41.0] [cxt 0] Pipeline 'ingress': start
[15:25:00.095] [bmv2] [T] [thread 17991] [41.0] [cxt 0] source_routing.p4(126) Condition "hdr.srcRoutes[0].isValid()" (node_2) is false
[15:25:00.095] [bmv2] [T] [thread 17991] [41.0] [cxt 0] Applying table 'tbl_drop'
[15:25:00.095] [bmv2] [D] [thread 17991] [41.0] [cxt 0] Looking up key:

[15:25:00.095] [bmv2] [D] [thread 17991] [41.0] [cxt 0] Table 'tbl_drop': miss
[15:25:00.095] [bmv2] [D] [thread 17991] [41.0] [cxt 0] Action entry is MyIngress.drop - 
[15:25:00.095] [bmv2] [T] [thread 17991] [41.0] [cxt 0] Action MyIngress.drop
[15:25:00.095] [bmv2] [T] [thread 17991] [41.0] [cxt 0] source_routing.p4(109) Primitive mark_to_drop(standard_metadata)
[15:25:00.095] [bmv2] [D] [thread 17991] [41.0] [cxt 0] Pipeline 'ingress': end
[15:25:00.095] [bmv2] [D] [thread 17991] [41.0] [cxt 0] Egress port is 511
[15:25:00.095] [bmv2] [D] [thread 17991] [41.0] [cxt 0] Dropping packet at the end of ingress
[15:25:00.463] [bmv2] [D] [thread 17991] [42.0] [cxt 0] Processing packet received on port 3
[15:25:00.464] [bmv2] [D] [thread 17991] [42.0] [cxt 0] Parser 'parser': start
[15:25:00.464] [bmv2] [D] [thread 17991] [42.0] [cxt 0] Parser 'parser' entering state 'start'
[15:25:00.464] [bmv2] [D] [thread 17991] [42.0] [cxt 0] Extracting header 'ethernet'
[15:25:00.464] [bmv2] [D] [thread 17991] [42.0] [cxt 0] Parser state 'start': key is 86dd
[15:25:00.464] [bmv2] [T] [thread 17991] [42.0] [cxt 0] Bytes parsed: 14
[15:25:00.464] [bmv2] [D] [thread 17991] [42.0] [cxt 0] Parser 'parser': end
[15:25:00.464] [bmv2] [D] [thread 17991] [42.0] [cxt 0] Pipeline 'ingress': start
[15:25:00.464] [bmv2] [T] [thread 17991] [42.0] [cxt 0] source_routing.p4(126) Condition "hdr.srcRoutes[0].isValid()" (node_2) is false
[15:25:00.464] [bmv2] [T] [thread 17991] [42.0] [cxt 0] Applying table 'tbl_drop'
[15:25:00.464] [bmv2] [D] [thread 17991] [42.0] [cxt 0] Looking up key:

[15:25:00.464] [bmv2] [D] [thread 17991] [42.0] [cxt 0] Table 'tbl_drop': miss
[15:25:00.464] [bmv2] [D] [thread 17991] [42.0] [cxt 0] Action entry is MyIngress.drop - 
[15:25:00.464] [bmv2] [T] [thread 17991] [42.0] [cxt 0] Action MyIngress.drop
[15:25:00.464] [bmv2] [T] [thread 17991] [42.0] [cxt 0] source_routing.p4(109) Primitive mark_to_drop(standard_metadata)
[15:25:00.464] [bmv2] [D] [thread 17991] [42.0] [cxt 0] Pipeline 'ingress': end
[15:25:00.464] [bmv2] [D] [thread 17991] [42.0] [cxt 0] Egress port is 511
[15:25:00.464] [bmv2] [D] [thread 17991] [42.0] [cxt 0] Dropping packet at the end of ingress
