stratum_bmv2 -device_id=1 -chassis_config_file=/tmp/leaf2/chassis-config.txt -forwarding_pipeline_configs_file=/tmp/leaf2/pipe.txt -persistent_config_dir=/tmp/leaf2 -initial_pipeline=/root/dummy.json -cpu_port=255 -external_stratum_urls=0.0.0.0:50002 -local_stratum_url=localhost:57135 -max_num_controllers_per_node=10 -write_req_log_file=/tmp/leaf2/write-reqs.txt -logtosyslog=false -logtostderr=true -bmv2_log_level=warn

--------------------------------------------------------------------------------

E1023 15:36:23.007920   143 main.cc:121] Starting bmv2 simple_switch and waiting for P4 pipeline
W1023 15:36:23.035898   143 credentials_manager.cc:45] Using insecure server credentials
I1023 15:36:23.053164   143 timer_daemon.cc:90] The timer daemon has been started.
I1023 15:36:23.053238   143 hal.cc:128] Setting up HAL in COLDBOOT mode...
I1023 15:36:23.053727   143 config_monitoring_service.cc:90] Pushing the saved chassis config read from /tmp/leaf2/chassis-config.txt...
I1023 15:36:23.089756   143 bmv2_chassis_manager.cc:476] Registered port status callbacks successfully for node 1.
I1023 15:36:23.089823   143 bmv2_chassis_manager.cc:61] Adding port 1 to node 1
I1023 15:36:23.141026   143 bmv2_chassis_manager.cc:61] Adding port 2 to node 1
I1023 15:36:23.177928   143 bmv2_chassis_manager.cc:61] Adding port 3 to node 1
I1023 15:36:23.227949   143 bmv2_chassis_manager.cc:61] Adding port 4 to node 1
I1023 15:36:23.267768   211 bmv2_chassis_manager.cc:409] State of port 1 in node 1: UP.
I1023 15:36:23.267952   211 bmv2_chassis_manager.cc:409] State of port 2 in node 1: UP.
I1023 15:36:23.267978   211 bmv2_chassis_manager.cc:409] State of port 3 in node 1: UP.
I1023 15:36:23.267989   211 bmv2_chassis_manager.cc:409] State of port 4 in node 1: UP.
I1023 15:36:23.278818   143 p4_service.cc:119] Pushing the saved forwarding pipeline configs read from /tmp/leaf2/pipe.txt...
E1023 15:36:23.278887   143 utils.cc:109] StratumErrorSpace::ERR_FILE_NOT_FOUND: /tmp/leaf2/pipe.txt not found.
E1023 15:36:23.279258   143 utils.cc:65] Return Error: ReadFileToString(filename, &text) failed with StratumErrorSpace::ERR_FILE_NOT_FOUND: /tmp/leaf2/pipe.txt not found.
W1023 15:36:23.279281   143 p4_service.cc:128] No saved forwarding pipeline config found at /tmp/leaf2/pipe.txt. This is normal when the switch is just installed and no master controller is connected yet.
E1023 15:36:23.282897501     143 server_chttp2.cc:40]        {"created":"@1698075383.282862177","description":"Only 1 addresses added out of total 2 resolved","file":"external/com_github_grpc_grpc/src/core/ext/transport/chttp2/server/chttp2_server.cc","file_line":406,"referenced_errors":[{"created":"@1698075383.282858784","description":"Address family not supported by protocol","errno":97,"file":"external/com_github_grpc_grpc/src/core/lib/iomgr/socket_utils_common_posix.cc","file_line":420,"os_error":"Address family not supported by protocol","syscall":"socket","target_address":"[::1]:57135"}]}
E1023 15:36:23.283820   143 hal.cc:223] Stratum external facing services are listening to 0.0.0.0:50002, localhost:57135...
I1023 15:37:40.133046   225 p4_service.cc:696] Controller (connection_id: 1, election_id: 20, uri: ipv4:172.27.0.3:39092) is connected as MASTER for node (aka device) with ID 1.
I1023 15:37:40.143002   225 p4_service.cc:696] Controller (connection_id: 1, election_id: 40, uri: ipv4:172.27.0.3:39092) is connected as MASTER for node (aka device) with ID 1.
I1023 15:37:40.630350   234 bmv2_switch.cc:74] P4-based forwarding pipeline config pushed successfully to node with ID 1.
E1023 15:37:40.936823   234 bmv2_switch.cc:189] StratumErrorSpace::ERR_INTERNAL: Not supported yet
E1023 15:37:40.936975   234 bmv2_switch.cc:189] StratumErrorSpace::ERR_INTERNAL: Not supported yet
E1023 15:37:40.937932   234 bmv2_switch.cc:189] StratumErrorSpace::ERR_INTERNAL: Not supported yet
E1023 15:37:40.938004   234 bmv2_switch.cc:189] StratumErrorSpace::ERR_INTERNAL: Not supported yet
E1023 15:37:40.938130   234 bmv2_switch.cc:189] StratumErrorSpace::ERR_INTERNAL: Not supported yet
E1023 15:37:40.938522   234 bmv2_switch.cc:189] StratumErrorSpace::ERR_INTERNAL: Not supported yet
E1023 15:37:40.938603   234 bmv2_switch.cc:189] StratumErrorSpace::ERR_INTERNAL: Not supported yet
E1023 15:37:40.940429   234 bmv2_switch.cc:189] StratumErrorSpace::ERR_INTERNAL: Not supported yet
E1023 15:37:40.940586   234 bmv2_switch.cc:189] StratumErrorSpace::ERR_INTERNAL: Not supported yet
E1023 15:37:40.940706   234 bmv2_switch.cc:189] StratumErrorSpace::ERR_INTERNAL: Not supported yet
E1023 15:37:40.941090   234 bmv2_switch.cc:189] StratumErrorSpace::ERR_INTERNAL: Not supported yet
E1023 15:37:40.942397   234 bmv2_switch.cc:189] StratumErrorSpace::ERR_INTERNAL: Not supported yet
E1023 15:37:40.944612   234 bmv2_switch.cc:189] StratumErrorSpace::ERR_INTERNAL: Not supported yet
E1023 15:37:40.944772   234 bmv2_switch.cc:189] StratumErrorSpace::ERR_INTERNAL: Not supported yet
E1023 15:37:40.944891   234 bmv2_switch.cc:189] StratumErrorSpace::ERR_INTERNAL: Not supported yet
E1023 15:37:40.949739   234 bmv2_switch.cc:189] StratumErrorSpace::ERR_INTERNAL: Not supported yet
E1023 15:37:40.949928   234 bmv2_switch.cc:189] StratumErrorSpace::ERR_INTERNAL: Not supported yet
E1023 15:37:40.950863   234 bmv2_switch.cc:189] StratumErrorSpace::ERR_INTERNAL: Not supported yet
E1023 15:37:40.951022   234 bmv2_switch.cc:189] StratumErrorSpace::ERR_INTERNAL: Not supported yet
E1023 15:37:40.951539   234 bmv2_switch.cc:189] StratumErrorSpace::ERR_INTERNAL: Not supported yet
I1023 15:37:41.135067   225 p4_service.cc:696] Controller (connection_id: 1, election_id: 40, uri: ipv4:172.27.0.3:39092) is connected as MASTER for node (aka device) with ID 1.
I1023 15:37:41.478304   234 config_monitoring_service.cc:377] Initial Subscribe request from ipv4:172.27.0.3:39098 over stream 0x7ff4ebffe510.
