Calling target program-options parser
[17:55:18.102] [bmv2] [D] [thread 3943] Set default default entry for table 'MyIngress.ipv4_lpm': MyIngress.drop - 
[17:55:18.102] [bmv2] [D] [thread 3943] Set default default entry for table 'MyIngress.myTunnel_exact': MyIngress.drop - 
Adding interface s1-eth1 as port 1
[17:55:18.104] [bmv2] [D] [thread 3943] Adding interface s1-eth1 as port 1
Adding interface s1-eth2 as port 2
[17:55:18.142] [bmv2] [D] [thread 3943] Adding interface s1-eth2 as port 2
Adding interface s1-eth3 as port 3
[17:55:18.173] [bmv2] [D] [thread 3943] Adding interface s1-eth3 as port 3
Server listening on 0.0.0.0:50051
[17:55:18.223] [bmv2] [I] [thread 3943] Starting Thrift server on port 9090
[17:55:18.224] [bmv2] [I] [thread 3943] Thrift server was started
[17:55:18.529] [bmv2] [D] [thread 3955] [0.0] [cxt 0] Processing packet received on port 1
[17:55:18.544] [bmv2] [D] [thread 3955] [0.0] [cxt 0] Parser 'parser': start
[17:55:18.552] [bmv2] [D] [thread 3955] [0.0] [cxt 0] Parser 'parser' entering state 'start'
[17:55:18.552] [bmv2] [D] [thread 3955] [0.0] [cxt 0] Extracting header 'ethernet'
[17:55:18.552] [bmv2] [D] [thread 3955] [0.0] [cxt 0] Parser state 'start': key is 86dd
[17:55:18.552] [bmv2] [T] [thread 3955] [0.0] [cxt 0] Bytes parsed: 14
[17:55:18.552] [bmv2] [D] [thread 3955] [0.0] [cxt 0] Parser 'parser': end
[17:55:18.552] [bmv2] [D] [thread 3955] [0.0] [cxt 0] Pipeline 'ingress': start
[17:55:18.553] [bmv2] [T] [thread 3955] [0.0] [cxt 0] basic_tunnel.p4(152) Condition "hdr.ipv4.isValid() && !hdr.myTunnel.isValid()" (node_2) is false
[17:55:18.558] [bmv2] [T] [thread 3955] [0.0] [cxt 0] basic_tunnel.p4(155) Condition "hdr.myTunnel.isValid()" (node_4) is false
[17:55:18.558] [bmv2] [D] [thread 3955] [0.0] [cxt 0] Pipeline 'ingress': end
[17:55:18.558] [bmv2] [D] [thread 3955] [0.0] [cxt 0] Egress port is 0
[17:55:18.558] [bmv2] [D] [thread 3956] [0.0] [cxt 0] Pipeline 'egress': start
[17:55:18.558] [bmv2] [D] [thread 3956] [0.0] [cxt 0] Pipeline 'egress': end
[17:55:18.558] [bmv2] [D] [thread 3956] [0.0] [cxt 0] Deparser 'deparser': start
[17:55:18.558] [bmv2] [T] [thread 3956] [0.0] [cxt 0] Skipping checksum 'cksum' update because condition not met
[17:55:18.558] [bmv2] [D] [thread 3956] [0.0] [cxt 0] Deparsing header 'ethernet'
[17:55:18.558] [bmv2] [D] [thread 3956] [0.0] [cxt 0] Deparser 'deparser': end
[17:55:18.558] [bmv2] [D] [thread 3955] [1.0] [cxt 0] Processing packet received on port 1
[17:55:18.558] [bmv2] [D] [thread 3955] [1.0] [cxt 0] Parser 'parser': start
[17:55:18.558] [bmv2] [D] [thread 3955] [1.0] [cxt 0] Parser 'parser' entering state 'start'
[17:55:18.558] [bmv2] [D] [thread 3955] [1.0] [cxt 0] Extracting header 'ethernet'
[17:55:18.558] [bmv2] [D] [thread 3955] [1.0] [cxt 0] Parser state 'start': key is 86dd
[17:55:18.558] [bmv2] [T] [thread 3955] [1.0] [cxt 0] Bytes parsed: 14
[17:55:18.558] [bmv2] [D] [thread 3955] [1.0] [cxt 0] Parser 'parser': end
[17:55:18.558] [bmv2] [D] [thread 3955] [1.0] [cxt 0] Pipeline 'ingress': start
[17:55:18.558] [bmv2] [T] [thread 3955] [1.0] [cxt 0] basic_tunnel.p4(152) Condition "hdr.ipv4.isValid() && !hdr.myTunnel.isValid()" (node_2) is false
[17:55:18.559] [bmv2] [T] [thread 3955] [1.0] [cxt 0] basic_tunnel.p4(155) Condition "hdr.myTunnel.isValid()" (node_4) is false
[17:55:18.559] [bmv2] [D] [thread 3955] [1.0] [cxt 0] Pipeline 'ingress': end
[17:55:18.559] [bmv2] [D] [thread 3955] [1.0] [cxt 0] Egress port is 0
[17:55:18.559] [bmv2] [D] [thread 3956] [1.0] [cxt 0] Pipeline 'egress': start
[17:55:18.559] [bmv2] [D] [thread 3956] [1.0] [cxt 0] Pipeline 'egress': end
[17:55:18.559] [bmv2] [D] [thread 3956] [1.0] [cxt 0] Deparser 'deparser': start
[17:55:18.559] [bmv2] [T] [thread 3956] [1.0] [cxt 0] Skipping checksum 'cksum' update because condition not met
[17:55:18.559] [bmv2] [D] [thread 3956] [1.0] [cxt 0] Deparsing header 'ethernet'
[17:55:18.559] [bmv2] [D] [thread 3956] [1.0] [cxt 0] Deparser 'deparser': end
[17:55:18.560] [bmv2] [D] [thread 3960] [0.0] [cxt 0] Transmitting packet of size 90 out of port 0
[17:55:18.560] [bmv2] [D] [thread 3960] [1.0] [cxt 0] Transmitting packet of size 70 out of port 0
[17:55:18.618] [bmv2] [D] [thread 3955] [2.0] [cxt 0] Processing packet received on port 2
[17:55:18.618] [bmv2] [D] [thread 3955] [2.0] [cxt 0] Parser 'parser': start
[17:55:18.618] [bmv2] [D] [thread 3955] [2.0] [cxt 0] Parser 'parser' entering state 'start'
[17:55:18.618] [bmv2] [D] [thread 3955] [2.0] [cxt 0] Extracting header 'ethernet'
[17:55:18.618] [bmv2] [D] [thread 3955] [2.0] [cxt 0] Parser state 'start': key is 86dd
[17:55:18.618] [bmv2] [T] [thread 3955] [2.0] [cxt 0] Bytes parsed: 14
[17:55:18.618] [bmv2] [D] [thread 3955] [2.0] [cxt 0] Parser 'parser': end
[17:55:18.618] [bmv2] [D] [thread 3955] [2.0] [cxt 0] Pipeline 'ingress': start
[17:55:18.618] [bmv2] [T] [thread 3955] [2.0] [cxt 0] basic_tunnel.p4(152) Condition "hdr.ipv4.isValid() && !hdr.myTunnel.isValid()" (node_2) is false
[17:55:18.618] [bmv2] [T] [thread 3955] [2.0] [cxt 0] basic_tunnel.p4(155) Condition "hdr.myTunnel.isValid()" (node_4) is false
[17:55:18.618] [bmv2] [D] [thread 3955] [2.0] [cxt 0] Pipeline 'ingress': end
[17:55:18.618] [bmv2] [D] [thread 3955] [2.0] [cxt 0] Egress port is 0
[17:55:18.618] [bmv2] [D] [thread 3955] [3.0] [cxt 0] Processing packet received on port 3
[17:55:18.618] [bmv2] [D] [thread 3955] [3.0] [cxt 0] Parser 'parser': start
[17:55:18.618] [bmv2] [D] [thread 3955] [3.0] [cxt 0] Parser 'parser' entering state 'start'
[17:55:18.618] [bmv2] [D] [thread 3955] [3.0] [cxt 0] Extracting header 'ethernet'
[17:55:18.618] [bmv2] [D] [thread 3955] [3.0] [cxt 0] Parser state 'start': key is 86dd
[17:55:18.618] [bmv2] [T] [thread 3955] [3.0] [cxt 0] Bytes parsed: 14
[17:55:18.618] [bmv2] [D] [thread 3955] [3.0] [cxt 0] Parser 'parser': end
[17:55:18.618] [bmv2] [D] [thread 3955] [3.0] [cxt 0] Pipeline 'ingress': start
[17:55:18.618] [bmv2] [T] [thread 3955] [3.0] [cxt 0] basic_tunnel.p4(152) Condition "hdr.ipv4.isValid() && !hdr.myTunnel.isValid()" (node_2) is false
[17:55:18.618] [bmv2] [T] [thread 3955] [3.0] [cxt 0] basic_tunnel.p4(155) Condition "hdr.myTunnel.isValid()" (node_4) is false
[17:55:18.618] [bmv2] [D] [thread 3955] [3.0] [cxt 0] Pipeline 'ingress': end
[17:55:18.618] [bmv2] [D] [thread 3955] [3.0] [cxt 0] Egress port is 0
[17:55:18.618] [bmv2] [D] [thread 3955] [4.0] [cxt 0] Processing packet received on port 2
[17:55:18.618] [bmv2] [D] [thread 3955] [4.0] [cxt 0] Parser 'parser': start
[17:55:18.618] [bmv2] [D] [thread 3955] [4.0] [cxt 0] Parser 'parser' entering state 'start'
[17:55:18.618] [bmv2] [D] [thread 3955] [4.0] [cxt 0] Extracting header 'ethernet'
[17:55:18.618] [bmv2] [D] [thread 3955] [4.0] [cxt 0] Parser state 'start': key is 86dd
[17:55:18.618] [bmv2] [T] [thread 3955] [4.0] [cxt 0] Bytes parsed: 14
[17:55:18.618] [bmv2] [D] [thread 3955] [4.0] [cxt 0] Parser 'parser': end
[17:55:18.618] [bmv2] [D] [thread 3955] [4.0] [cxt 0] Pipeline 'ingress': start
[17:55:18.618] [bmv2] [T] [thread 3955] [4.0] [cxt 0] basic_tunnel.p4(152) Condition "hdr.ipv4.isValid() && !hdr.myTunnel.isValid()" (node_2) is false
[17:55:18.618] [bmv2] [T] [thread 3955] [4.0] [cxt 0] basic_tunnel.p4(155) Condition "hdr.myTunnel.isValid()" (node_4) is false
[17:55:18.618] [bmv2] [D] [thread 3955] [4.0] [cxt 0] Pipeline 'ingress': end
[17:55:18.618] [bmv2] [D] [thread 3955] [4.0] [cxt 0] Egress port is 0
[17:55:18.618] [bmv2] [D] [thread 3955] [5.0] [cxt 0] Processing packet received on port 3
[17:55:18.618] [bmv2] [D] [thread 3955] [5.0] [cxt 0] Parser 'parser': start
[17:55:18.618] [bmv2] [D] [thread 3955] [5.0] [cxt 0] Parser 'parser' entering state 'start'
[17:55:18.618] [bmv2] [D] [thread 3955] [5.0] [cxt 0] Extracting header 'ethernet'
[17:55:18.618] [bmv2] [D] [thread 3955] [5.0] [cxt 0] Parser state 'start': key is 86dd
[17:55:18.618] [bmv2] [T] [thread 3955] [5.0] [cxt 0] Bytes parsed: 14
[17:55:18.618] [bmv2] [D] [thread 3955] [5.0] [cxt 0] Parser 'parser': end
[17:55:18.618] [bmv2] [D] [thread 3955] [5.0] [cxt 0] Pipeline 'ingress': start
[17:55:18.618] [bmv2] [T] [thread 3955] [5.0] [cxt 0] basic_tunnel.p4(152) Condition "hdr.ipv4.isValid() && !hdr.myTunnel.isValid()" (node_2) is false
[17:55:18.618] [bmv2] [T] [thread 3955] [5.0] [cxt 0] basic_tunnel.p4(155) Condition "hdr.myTunnel.isValid()" (node_4) is false
[17:55:18.618] [bmv2] [D] [thread 3955] [5.0] [cxt 0] Pipeline 'ingress': end
[17:55:18.618] [bmv2] [D] [thread 3955] [5.0] [cxt 0] Egress port is 0
[17:55:18.619] [bmv2] [D] [thread 3956] [2.0] [cxt 0] Pipeline 'egress': start
[17:55:18.619] [bmv2] [D] [thread 3956] [2.0] [cxt 0] Pipeline 'egress': end
[17:55:18.619] [bmv2] [D] [thread 3956] [2.0] [cxt 0] Deparser 'deparser': start
[17:55:18.619] [bmv2] [T] [thread 3956] [2.0] [cxt 0] Skipping checksum 'cksum' update because condition not met
[17:55:18.619] [bmv2] [D] [thread 3956] [2.0] [cxt 0] Deparsing header 'ethernet'
[17:55:18.619] [bmv2] [D] [thread 3956] [2.0] [cxt 0] Deparser 'deparser': end
[17:55:18.619] [bmv2] [D] [thread 3956] [3.0] [cxt 0] Pipeline 'egress': start
[17:55:18.619] [bmv2] [D] [thread 3956] [3.0] [cxt 0] Pipeline 'egress': end
[17:55:18.619] [bmv2] [D] [thread 3956] [3.0] [cxt 0] Deparser 'deparser': start
[17:55:18.619] [bmv2] [T] [thread 3956] [3.0] [cxt 0] Skipping checksum 'cksum' update because condition not met
[17:55:18.619] [bmv2] [D] [thread 3956] [3.0] [cxt 0] Deparsing header 'ethernet'
[17:55:18.619] [bmv2] [D] [thread 3956] [3.0] [cxt 0] Deparser 'deparser': end
[17:55:18.619] [bmv2] [D] [thread 3956] [4.0] [cxt 0] Pipeline 'egress': start
[17:55:18.619] [bmv2] [D] [thread 3956] [4.0] [cxt 0] Pipeline 'egress': end
[17:55:18.619] [bmv2] [D] [thread 3956] [4.0] [cxt 0] Deparser 'deparser': start
[17:55:18.619] [bmv2] [T] [thread 3956] [4.0] [cxt 0] Skipping checksum 'cksum' update because condition not met
[17:55:18.619] [bmv2] [D] [thread 3956] [4.0] [cxt 0] Deparsing header 'ethernet'
[17:55:18.619] [bmv2] [D] [thread 3956] [4.0] [cxt 0] Deparser 'deparser': end
[17:55:18.619] [bmv2] [D] [thread 3956] [5.0] [cxt 0] Pipeline 'egress': start
[17:55:18.619] [bmv2] [D] [thread 3956] [5.0] [cxt 0] Pipeline 'egress': end
[17:55:18.619] [bmv2] [D] [thread 3956] [5.0] [cxt 0] Deparser 'deparser': start
[17:55:18.619] [bmv2] [T] [thread 3956] [5.0] [cxt 0] Skipping checksum 'cksum' update because condition not met
[17:55:18.619] [bmv2] [D] [thread 3956] [5.0] [cxt 0] Deparsing header 'ethernet'
[17:55:18.619] [bmv2] [D] [thread 3956] [5.0] [cxt 0] Deparser 'deparser': end
[17:55:18.619] [bmv2] [D] [thread 3960] [2.0] [cxt 0] Transmitting packet of size 90 out of port 0
[17:55:18.619] [bmv2] [D] [thread 3960] [3.0] [cxt 0] Transmitting packet of size 90 out of port 0
[17:55:18.619] [bmv2] [D] [thread 3960] [4.0] [cxt 0] Transmitting packet of size 70 out of port 0
[17:55:18.619] [bmv2] [D] [thread 3960] [5.0] [cxt 0] Transmitting packet of size 70 out of port 0
[17:55:18.646] [bmv2] [D] [thread 3955] [6.0] [cxt 0] Processing packet received on port 3
[17:55:18.646] [bmv2] [D] [thread 3955] [6.0] [cxt 0] Parser 'parser': start
[17:55:18.646] [bmv2] [D] [thread 3955] [6.0] [cxt 0] Parser 'parser' entering state 'start'
[17:55:18.646] [bmv2] [D] [thread 3955] [6.0] [cxt 0] Extracting header 'ethernet'
[17:55:18.646] [bmv2] [D] [thread 3955] [6.0] [cxt 0] Parser state 'start': key is 86dd
[17:55:18.646] [bmv2] [T] [thread 3955] [6.0] [cxt 0] Bytes parsed: 14
[17:55:18.646] [bmv2] [D] [thread 3955] [6.0] [cxt 0] Parser 'parser': end
[17:55:18.646] [bmv2] [D] [thread 3955] [6.0] [cxt 0] Pipeline 'ingress': start
[17:55:18.646] [bmv2] [T] [thread 3955] [6.0] [cxt 0] basic_tunnel.p4(152) Condition "hdr.ipv4.isValid() && !hdr.myTunnel.isValid()" (node_2) is false
[17:55:18.646] [bmv2] [T] [thread 3955] [6.0] [cxt 0] basic_tunnel.p4(155) Condition "hdr.myTunnel.isValid()" (node_4) is false
[17:55:18.646] [bmv2] [D] [thread 3955] [6.0] [cxt 0] Pipeline 'ingress': end
[17:55:18.646] [bmv2] [D] [thread 3955] [6.0] [cxt 0] Egress port is 0
[17:55:18.646] [bmv2] [D] [thread 3955] [7.0] [cxt 0] Processing packet received on port 3
[17:55:18.646] [bmv2] [D] [thread 3955] [7.0] [cxt 0] Parser 'parser': start
[17:55:18.646] [bmv2] [D] [thread 3955] [7.0] [cxt 0] Parser 'parser' entering state 'start'
[17:55:18.646] [bmv2] [D] [thread 3955] [7.0] [cxt 0] Extracting header 'ethernet'
[17:55:18.646] [bmv2] [D] [thread 3955] [7.0] [cxt 0] Parser state 'start': key is 86dd
[17:55:18.646] [bmv2] [T] [thread 3955] [7.0] [cxt 0] Bytes parsed: 14
[17:55:18.646] [bmv2] [D] [thread 3955] [7.0] [cxt 0] Parser 'parser': end
[17:55:18.646] [bmv2] [D] [thread 3955] [7.0] [cxt 0] Pipeline 'ingress': start
[17:55:18.646] [bmv2] [T] [thread 3955] [7.0] [cxt 0] basic_tunnel.p4(152) Condition "hdr.ipv4.isValid() && !hdr.myTunnel.isValid()" (node_2) is false
[17:55:18.646] [bmv2] [T] [thread 3955] [7.0] [cxt 0] basic_tunnel.p4(155) Condition "hdr.myTunnel.isValid()" (node_4) is false
[17:55:18.646] [bmv2] [D] [thread 3955] [7.0] [cxt 0] Pipeline 'ingress': end
[17:55:18.646] [bmv2] [D] [thread 3955] [7.0] [cxt 0] Egress port is 0
[17:55:18.646] [bmv2] [D] [thread 3956] [6.0] [cxt 0] Pipeline 'egress': start
[17:55:18.646] [bmv2] [D] [thread 3956] [6.0] [cxt 0] Pipeline 'egress': end
[17:55:18.646] [bmv2] [D] [thread 3956] [6.0] [cxt 0] Deparser 'deparser': start
[17:55:18.646] [bmv2] [T] [thread 3956] [6.0] [cxt 0] Skipping checksum 'cksum' update because condition not met
[17:55:18.646] [bmv2] [D] [thread 3956] [6.0] [cxt 0] Deparsing header 'ethernet'
[17:55:18.646] [bmv2] [D] [thread 3956] [6.0] [cxt 0] Deparser 'deparser': end
[17:55:18.646] [bmv2] [D] [thread 3956] [7.0] [cxt 0] Pipeline 'egress': start
[17:55:18.646] [bmv2] [D] [thread 3956] [7.0] [cxt 0] Pipeline 'egress': end
[17:55:18.646] [bmv2] [D] [thread 3956] [7.0] [cxt 0] Deparser 'deparser': start
[17:55:18.646] [bmv2] [T] [thread 3956] [7.0] [cxt 0] Skipping checksum 'cksum' update because condition not met
[17:55:18.646] [bmv2] [D] [thread 3956] [7.0] [cxt 0] Deparsing header 'ethernet'
[17:55:18.647] [bmv2] [D] [thread 3956] [7.0] [cxt 0] Deparser 'deparser': end
[17:55:18.647] [bmv2] [D] [thread 3960] [6.0] [cxt 0] Transmitting packet of size 90 out of port 0
[17:55:18.647] [bmv2] [D] [thread 3960] [7.0] [cxt 0] Transmitting packet of size 70 out of port 0
[17:55:18.721] [bmv2] [D] [thread 3955] [8.0] [cxt 0] Processing packet received on port 2
[17:55:18.721] [bmv2] [D] [thread 3955] [8.0] [cxt 0] Parser 'parser': start
[17:55:18.721] [bmv2] [D] [thread 3955] [8.0] [cxt 0] Parser 'parser' entering state 'start'
[17:55:18.721] [bmv2] [D] [thread 3955] [8.0] [cxt 0] Extracting header 'ethernet'
[17:55:18.721] [bmv2] [D] [thread 3955] [8.0] [cxt 0] Parser state 'start': key is 86dd
[17:55:18.721] [bmv2] [T] [thread 3955] [8.0] [cxt 0] Bytes parsed: 14
[17:55:18.721] [bmv2] [D] [thread 3955] [8.0] [cxt 0] Parser 'parser': end
[17:55:18.721] [bmv2] [D] [thread 3955] [8.0] [cxt 0] Pipeline 'ingress': start
[17:55:18.721] [bmv2] [T] [thread 3955] [8.0] [cxt 0] basic_tunnel.p4(152) Condition "hdr.ipv4.isValid() && !hdr.myTunnel.isValid()" (node_2) is false
[17:55:18.721] [bmv2] [T] [thread 3955] [8.0] [cxt 0] basic_tunnel.p4(155) Condition "hdr.myTunnel.isValid()" (node_4) is false
[17:55:18.721] [bmv2] [D] [thread 3955] [8.0] [cxt 0] Pipeline 'ingress': end
[17:55:18.721] [bmv2] [D] [thread 3955] [8.0] [cxt 0] Egress port is 0
[17:55:18.722] [bmv2] [D] [thread 3956] [8.0] [cxt 0] Pipeline 'egress': start
[17:55:18.722] [bmv2] [D] [thread 3956] [8.0] [cxt 0] Pipeline 'egress': end
[17:55:18.722] [bmv2] [D] [thread 3956] [8.0] [cxt 0] Deparser 'deparser': start
[17:55:18.722] [bmv2] [T] [thread 3956] [8.0] [cxt 0] Skipping checksum 'cksum' update because condition not met
[17:55:18.722] [bmv2] [D] [thread 3956] [8.0] [cxt 0] Deparsing header 'ethernet'
[17:55:18.722] [bmv2] [D] [thread 3956] [8.0] [cxt 0] Deparser 'deparser': end
[17:55:18.722] [bmv2] [D] [thread 3960] [8.0] [cxt 0] Transmitting packet of size 90 out of port 0
[17:55:18.751] [bmv2] [D] [thread 3955] [9.0] [cxt 0] Processing packet received on port 1
[17:55:18.751] [bmv2] [D] [thread 3955] [9.0] [cxt 0] Parser 'parser': start
[17:55:18.751] [bmv2] [D] [thread 3955] [9.0] [cxt 0] Parser 'parser' entering state 'start'
[17:55:18.751] [bmv2] [D] [thread 3955] [9.0] [cxt 0] Extracting header 'ethernet'
[17:55:18.751] [bmv2] [D] [thread 3955] [9.0] [cxt 0] Parser state 'start': key is 86dd
[17:55:18.751] [bmv2] [T] [thread 3955] [9.0] [cxt 0] Bytes parsed: 14
[17:55:18.751] [bmv2] [D] [thread 3955] [9.0] [cxt 0] Parser 'parser': end
[17:55:18.751] [bmv2] [D] [thread 3955] [9.0] [cxt 0] Pipeline 'ingress': start
[17:55:18.751] [bmv2] [T] [thread 3955] [9.0] [cxt 0] basic_tunnel.p4(152) Condition "hdr.ipv4.isValid() && !hdr.myTunnel.isValid()" (node_2) is false
[17:55:18.751] [bmv2] [T] [thread 3955] [9.0] [cxt 0] basic_tunnel.p4(155) Condition "hdr.myTunnel.isValid()" (node_4) is false
[17:55:18.751] [bmv2] [D] [thread 3955] [9.0] [cxt 0] Pipeline 'ingress': end
[17:55:18.751] [bmv2] [D] [thread 3955] [9.0] [cxt 0] Egress port is 0
[17:55:18.753] [bmv2] [D] [thread 3956] [9.0] [cxt 0] Pipeline 'egress': start
[17:55:18.753] [bmv2] [D] [thread 3956] [9.0] [cxt 0] Pipeline 'egress': end
[17:55:18.753] [bmv2] [D] [thread 3956] [9.0] [cxt 0] Deparser 'deparser': start
[17:55:18.753] [bmv2] [T] [thread 3956] [9.0] [cxt 0] Skipping checksum 'cksum' update because condition not met
[17:55:18.753] [bmv2] [D] [thread 3956] [9.0] [cxt 0] Deparsing header 'ethernet'
[17:55:18.753] [bmv2] [D] [thread 3956] [9.0] [cxt 0] Deparser 'deparser': end
[17:55:18.753] [bmv2] [D] [thread 3960] [9.0] [cxt 0] Transmitting packet of size 90 out of port 0
[17:55:18.995] [bmv2] [D] [thread 3955] [10.0] [cxt 0] Processing packet received on port 2
[17:55:18.996] [bmv2] [D] [thread 3955] [10.0] [cxt 0] Parser 'parser': start
[17:55:18.996] [bmv2] [D] [thread 3955] [10.0] [cxt 0] Parser 'parser' entering state 'start'
[17:55:18.996] [bmv2] [D] [thread 3955] [10.0] [cxt 0] Extracting header 'ethernet'
[17:55:18.996] [bmv2] [D] [thread 3955] [10.0] [cxt 0] Parser state 'start': key is 86dd
[17:55:18.996] [bmv2] [T] [thread 3955] [10.0] [cxt 0] Bytes parsed: 14
[17:55:18.996] [bmv2] [D] [thread 3955] [10.0] [cxt 0] Parser 'parser': end
[17:55:18.996] [bmv2] [D] [thread 3955] [10.0] [cxt 0] Pipeline 'ingress': start
[17:55:18.996] [bmv2] [T] [thread 3955] [10.0] [cxt 0] basic_tunnel.p4(152) Condition "hdr.ipv4.isValid() && !hdr.myTunnel.isValid()" (node_2) is false
[17:55:18.996] [bmv2] [T] [thread 3955] [10.0] [cxt 0] basic_tunnel.p4(155) Condition "hdr.myTunnel.isValid()" (node_4) is false
[17:55:18.996] [bmv2] [D] [thread 3955] [10.0] [cxt 0] Pipeline 'ingress': end
[17:55:18.996] [bmv2] [D] [thread 3955] [10.0] [cxt 0] Egress port is 0
[17:55:18.996] [bmv2] [D] [thread 3955] [11.0] [cxt 0] Processing packet received on port 2
[17:55:18.996] [bmv2] [D] [thread 3955] [11.0] [cxt 0] Parser 'parser': start
[17:55:18.996] [bmv2] [D] [thread 3955] [11.0] [cxt 0] Parser 'parser' entering state 'start'
[17:55:18.996] [bmv2] [D] [thread 3955] [11.0] [cxt 0] Extracting header 'ethernet'
[17:55:18.996] [bmv2] [D] [thread 3955] [11.0] [cxt 0] Parser state 'start': key is 86dd
[17:55:18.996] [bmv2] [T] [thread 3955] [11.0] [cxt 0] Bytes parsed: 14
[17:55:18.996] [bmv2] [D] [thread 3955] [11.0] [cxt 0] Parser 'parser': end
[17:55:18.996] [bmv2] [D] [thread 3955] [11.0] [cxt 0] Pipeline 'ingress': start
[17:55:18.996] [bmv2] [T] [thread 3955] [11.0] [cxt 0] basic_tunnel.p4(152) Condition "hdr.ipv4.isValid() && !hdr.myTunnel.isValid()" (node_2) is false
[17:55:18.996] [bmv2] [T] [thread 3955] [11.0] [cxt 0] basic_tunnel.p4(155) Condition "hdr.myTunnel.isValid()" (node_4) is false
[17:55:18.996] [bmv2] [D] [thread 3955] [11.0] [cxt 0] Pipeline 'ingress': end
[17:55:18.996] [bmv2] [D] [thread 3955] [11.0] [cxt 0] Egress port is 0
[17:55:18.998] [bmv2] [D] [thread 3956] [10.0] [cxt 0] Pipeline 'egress': start
[17:55:18.998] [bmv2] [D] [thread 3956] [10.0] [cxt 0] Pipeline 'egress': end
[17:55:18.998] [bmv2] [D] [thread 3956] [10.0] [cxt 0] Deparser 'deparser': start
[17:55:18.998] [bmv2] [T] [thread 3956] [10.0] [cxt 0] Skipping checksum 'cksum' update because condition not met
[17:55:18.998] [bmv2] [D] [thread 3956] [10.0] [cxt 0] Deparsing header 'ethernet'
[17:55:18.998] [bmv2] [D] [thread 3956] [10.0] [cxt 0] Deparser 'deparser': end
[17:55:18.998] [bmv2] [D] [thread 3956] [11.0] [cxt 0] Pipeline 'egress': start
[17:55:18.998] [bmv2] [D] [thread 3956] [11.0] [cxt 0] Pipeline 'egress': end
[17:55:18.998] [bmv2] [D] [thread 3956] [11.0] [cxt 0] Deparser 'deparser': start
[17:55:18.998] [bmv2] [T] [thread 3956] [11.0] [cxt 0] Skipping checksum 'cksum' update because condition not met
[17:55:18.998] [bmv2] [D] [thread 3956] [11.0] [cxt 0] Deparsing header 'ethernet'
[17:55:18.998] [bmv2] [D] [thread 3956] [11.0] [cxt 0] Deparser 'deparser': end
[17:55:19.000] [bmv2] [D] [thread 3960] [10.0] [cxt 0] Transmitting packet of size 90 out of port 0
[17:55:19.000] [bmv2] [D] [thread 3960] [11.0] [cxt 0] Transmitting packet of size 70 out of port 0
[17:55:19.191] [bmv2] [D] [thread 3955] [12.0] [cxt 0] Processing packet received on port 3
[17:55:19.191] [bmv2] [D] [thread 3955] [12.0] [cxt 0] Parser 'parser': start
[17:55:19.191] [bmv2] [D] [thread 3955] [12.0] [cxt 0] Parser 'parser' entering state 'start'
[17:55:19.191] [bmv2] [D] [thread 3955] [12.0] [cxt 0] Extracting header 'ethernet'
[17:55:19.191] [bmv2] [D] [thread 3955] [12.0] [cxt 0] Parser state 'start': key is 86dd
[17:55:19.191] [bmv2] [T] [thread 3955] [12.0] [cxt 0] Bytes parsed: 14
[17:55:19.191] [bmv2] [D] [thread 3955] [12.0] [cxt 0] Parser 'parser': end
[17:55:19.191] [bmv2] [D] [thread 3955] [12.0] [cxt 0] Pipeline 'ingress': start
[17:55:19.191] [bmv2] [T] [thread 3955] [12.0] [cxt 0] basic_tunnel.p4(152) Condition "hdr.ipv4.isValid() && !hdr.myTunnel.isValid()" (node_2) is false
[17:55:19.191] [bmv2] [T] [thread 3955] [12.0] [cxt 0] basic_tunnel.p4(155) Condition "hdr.myTunnel.isValid()" (node_4) is false
[17:55:19.191] [bmv2] [D] [thread 3955] [12.0] [cxt 0] Pipeline 'ingress': end
[17:55:19.191] [bmv2] [D] [thread 3955] [12.0] [cxt 0] Egress port is 0
[17:55:19.191] [bmv2] [D] [thread 3956] [12.0] [cxt 0] Pipeline 'egress': start
[17:55:19.191] [bmv2] [D] [thread 3956] [12.0] [cxt 0] Pipeline 'egress': end
[17:55:19.191] [bmv2] [D] [thread 3956] [12.0] [cxt 0] Deparser 'deparser': start
[17:55:19.191] [bmv2] [T] [thread 3956] [12.0] [cxt 0] Skipping checksum 'cksum' update because condition not met
[17:55:19.191] [bmv2] [D] [thread 3956] [12.0] [cxt 0] Deparsing header 'ethernet'
[17:55:19.191] [bmv2] [D] [thread 3956] [12.0] [cxt 0] Deparser 'deparser': end
[17:55:19.191] [bmv2] [D] [thread 3960] [12.0] [cxt 0] Transmitting packet of size 90 out of port 0
[17:55:19.379] [bmv2] [D] [thread 3955] [13.0] [cxt 0] Processing packet received on port 3
[17:55:19.379] [bmv2] [D] [thread 3955] [13.0] [cxt 0] Parser 'parser': start
[17:55:19.379] [bmv2] [D] [thread 3955] [13.0] [cxt 0] Parser 'parser' entering state 'start'
[17:55:19.379] [bmv2] [D] [thread 3955] [13.0] [cxt 0] Extracting header 'ethernet'
[17:55:19.379] [bmv2] [D] [thread 3955] [13.0] [cxt 0] Parser state 'start': key is 86dd
[17:55:19.379] [bmv2] [T] [thread 3955] [13.0] [cxt 0] Bytes parsed: 14
[17:55:19.379] [bmv2] [D] [thread 3955] [13.0] [cxt 0] Parser 'parser': end
[17:55:19.379] [bmv2] [D] [thread 3955] [13.0] [cxt 0] Pipeline 'ingress': start
[17:55:19.379] [bmv2] [T] [thread 3955] [13.0] [cxt 0] basic_tunnel.p4(152) Condition "hdr.ipv4.isValid() && !hdr.myTunnel.isValid()" (node_2) is false
[17:55:19.379] [bmv2] [T] [thread 3955] [13.0] [cxt 0] basic_tunnel.p4(155) Condition "hdr.myTunnel.isValid()" (node_4) is false
[17:55:19.379] [bmv2] [D] [thread 3955] [13.0] [cxt 0] Pipeline 'ingress': end
[17:55:19.379] [bmv2] [D] [thread 3955] [13.0] [cxt 0] Egress port is 0
[17:55:19.379] [bmv2] [D] [thread 3956] [13.0] [cxt 0] Pipeline 'egress': start
[17:55:19.379] [bmv2] [D] [thread 3956] [13.0] [cxt 0] Pipeline 'egress': end
[17:55:19.379] [bmv2] [D] [thread 3956] [13.0] [cxt 0] Deparser 'deparser': start
[17:55:19.379] [bmv2] [T] [thread 3956] [13.0] [cxt 0] Skipping checksum 'cksum' update because condition not met
[17:55:19.379] [bmv2] [D] [thread 3956] [13.0] [cxt 0] Deparsing header 'ethernet'
[17:55:19.379] [bmv2] [D] [thread 3956] [13.0] [cxt 0] Deparser 'deparser': end
[17:55:19.379] [bmv2] [D] [thread 3960] [13.0] [cxt 0] Transmitting packet of size 90 out of port 0
[17:55:19.763] [bmv2] [D] [thread 3955] [14.0] [cxt 0] Processing packet received on port 2
[17:55:19.764] [bmv2] [D] [thread 3955] [14.0] [cxt 0] Parser 'parser': start
[17:55:19.764] [bmv2] [D] [thread 3955] [14.0] [cxt 0] Parser 'parser' entering state 'start'
[17:55:19.764] [bmv2] [D] [thread 3955] [14.0] [cxt 0] Extracting header 'ethernet'
[17:55:19.764] [bmv2] [D] [thread 3955] [14.0] [cxt 0] Parser state 'start': key is 86dd
[17:55:19.764] [bmv2] [T] [thread 3955] [14.0] [cxt 0] Bytes parsed: 14
[17:55:19.764] [bmv2] [D] [thread 3955] [14.0] [cxt 0] Parser 'parser': end
[17:55:19.764] [bmv2] [D] [thread 3955] [14.0] [cxt 0] Pipeline 'ingress': start
[17:55:19.764] [bmv2] [T] [thread 3955] [14.0] [cxt 0] basic_tunnel.p4(152) Condition "hdr.ipv4.isValid() && !hdr.myTunnel.isValid()" (node_2) is false
[17:55:19.764] [bmv2] [T] [thread 3955] [14.0] [cxt 0] basic_tunnel.p4(155) Condition "hdr.myTunnel.isValid()" (node_4) is false
[17:55:19.764] [bmv2] [D] [thread 3955] [14.0] [cxt 0] Pipeline 'ingress': end
[17:55:19.764] [bmv2] [D] [thread 3955] [14.0] [cxt 0] Egress port is 0
[17:55:19.766] [bmv2] [D] [thread 3956] [14.0] [cxt 0] Pipeline 'egress': start
[17:55:19.766] [bmv2] [D] [thread 3956] [14.0] [cxt 0] Pipeline 'egress': end
[17:55:19.766] [bmv2] [D] [thread 3956] [14.0] [cxt 0] Deparser 'deparser': start
[17:55:19.766] [bmv2] [T] [thread 3956] [14.0] [cxt 0] Skipping checksum 'cksum' update because condition not met
[17:55:19.766] [bmv2] [D] [thread 3956] [14.0] [cxt 0] Deparsing header 'ethernet'
[17:55:19.766] [bmv2] [D] [thread 3956] [14.0] [cxt 0] Deparser 'deparser': end
[17:55:19.766] [bmv2] [D] [thread 3960] [14.0] [cxt 0] Transmitting packet of size 90 out of port 0
[17:55:20.612] [bmv2] [W] [thread 4031] [P4Runtime] p4::tmp::P4DeviceConfig is deprecated
[17:55:20.617] [bmv2] [D] [thread 4031] Set default default entry for table 'MyIngress.ipv4_lpm': MyIngress.drop - 
[17:55:20.617] [bmv2] [D] [thread 4031] Set default default entry for table 'MyIngress.myTunnel_exact': MyIngress.drop - 
[17:55:20.622] [bmv2] [D] [thread 4031] simple_switch target has been notified of a config swap
[17:55:20.632] [bmv2] [D] [thread 4032] Entry 0 added to table 'MyIngress.ipv4_lpm'
[17:55:20.632] [bmv2] [D] [thread 4032] Dumping entry 0
Match key:
* hdr.ipv4.dstAddr    : LPM       0a000101/32
Action entry: MyIngress.ipv4_forward - 80000000111,1,

[17:55:20.635] [bmv2] [D] [thread 4031] Entry 1 added to table 'MyIngress.ipv4_lpm'
[17:55:20.635] [bmv2] [D] [thread 4031] Dumping entry 1
Match key:
* hdr.ipv4.dstAddr    : LPM       0a000202/32
Action entry: MyIngress.ipv4_forward - 80000000200,2,

[17:55:20.636] [bmv2] [D] [thread 4032] Entry 2 added to table 'MyIngress.ipv4_lpm'
[17:55:20.636] [bmv2] [D] [thread 4032] Dumping entry 2
Match key:
* hdr.ipv4.dstAddr    : LPM       0a000303/32
Action entry: MyIngress.ipv4_forward - 80000000300,3,

[17:55:20.638] [bmv2] [D] [thread 4031] Entry 0 added to table 'MyIngress.myTunnel_exact'
[17:55:20.638] [bmv2] [D] [thread 4031] Dumping entry 0
Match key:
* hdr.myTunnel.dst_id : EXACT     0001
Action entry: MyIngress.myTunnel_forward - 1,

[17:55:20.640] [bmv2] [D] [thread 4032] Entry 1 added to table 'MyIngress.myTunnel_exact'
[17:55:20.640] [bmv2] [D] [thread 4032] Dumping entry 1
Match key:
* hdr.myTunnel.dst_id : EXACT     0002
Action entry: MyIngress.myTunnel_forward - 2,

[17:55:20.641] [bmv2] [D] [thread 4031] Entry 2 added to table 'MyIngress.myTunnel_exact'
[17:55:20.641] [bmv2] [D] [thread 4031] Dumping entry 2
Match key:
* hdr.myTunnel.dst_id : EXACT     0003
Action entry: MyIngress.myTunnel_forward - 3,

[17:55:22.292] [bmv2] [D] [thread 3955] [15.0] [cxt 0] Processing packet received on port 3
[17:55:22.292] [bmv2] [D] [thread 3955] [15.0] [cxt 0] Parser 'parser': start
[17:55:22.292] [bmv2] [D] [thread 3955] [15.0] [cxt 0] Parser 'parser' entering state 'start'
[17:55:22.292] [bmv2] [D] [thread 3955] [15.0] [cxt 0] Extracting header 'ethernet'
[17:55:22.292] [bmv2] [D] [thread 3955] [15.0] [cxt 0] Parser state 'start': key is 86dd
[17:55:22.292] [bmv2] [T] [thread 3955] [15.0] [cxt 0] Bytes parsed: 14
[17:55:22.292] [bmv2] [D] [thread 3955] [15.0] [cxt 0] Parser 'parser': end
[17:55:22.292] [bmv2] [D] [thread 3955] [15.0] [cxt 0] Pipeline 'ingress': start
[17:55:22.292] [bmv2] [T] [thread 3955] [15.0] [cxt 0] basic_tunnel.p4(152) Condition "hdr.ipv4.isValid() && !hdr.myTunnel.isValid()" (node_2) is false
[17:55:22.292] [bmv2] [T] [thread 3955] [15.0] [cxt 0] basic_tunnel.p4(155) Condition "hdr.myTunnel.isValid()" (node_4) is false
[17:55:22.292] [bmv2] [D] [thread 3955] [15.0] [cxt 0] Pipeline 'ingress': end
[17:55:22.292] [bmv2] [D] [thread 3955] [15.0] [cxt 0] Egress port is 0
[17:55:22.292] [bmv2] [D] [thread 3956] [15.0] [cxt 0] Pipeline 'egress': start
[17:55:22.292] [bmv2] [D] [thread 3956] [15.0] [cxt 0] Pipeline 'egress': end
[17:55:22.292] [bmv2] [D] [thread 3956] [15.0] [cxt 0] Deparser 'deparser': start
[17:55:22.292] [bmv2] [T] [thread 3956] [15.0] [cxt 0] Skipping checksum 'cksum' update because condition not met
[17:55:22.292] [bmv2] [D] [thread 3956] [15.0] [cxt 0] Deparsing header 'ethernet'
[17:55:22.292] [bmv2] [D] [thread 3956] [15.0] [cxt 0] Deparser 'deparser': end
[17:55:22.292] [bmv2] [D] [thread 3960] [15.0] [cxt 0] Transmitting packet of size 70 out of port 0
[17:55:22.547] [bmv2] [D] [thread 3955] [16.0] [cxt 0] Processing packet received on port 1
[17:55:22.547] [bmv2] [D] [thread 3955] [16.0] [cxt 0] Parser 'parser': start
[17:55:22.547] [bmv2] [D] [thread 3955] [16.0] [cxt 0] Parser 'parser' entering state 'start'
[17:55:22.547] [bmv2] [D] [thread 3955] [16.0] [cxt 0] Extracting header 'ethernet'
[17:55:22.547] [bmv2] [D] [thread 3955] [16.0] [cxt 0] Parser state 'start': key is 86dd
[17:55:22.547] [bmv2] [T] [thread 3955] [16.0] [cxt 0] Bytes parsed: 14
[17:55:22.547] [bmv2] [D] [thread 3955] [16.0] [cxt 0] Parser 'parser': end
[17:55:22.547] [bmv2] [D] [thread 3955] [16.0] [cxt 0] Pipeline 'ingress': start
[17:55:22.547] [bmv2] [T] [thread 3955] [16.0] [cxt 0] basic_tunnel.p4(152) Condition "hdr.ipv4.isValid() && !hdr.myTunnel.isValid()" (node_2) is false
[17:55:22.547] [bmv2] [T] [thread 3955] [16.0] [cxt 0] basic_tunnel.p4(155) Condition "hdr.myTunnel.isValid()" (node_4) is false
[17:55:22.547] [bmv2] [D] [thread 3955] [16.0] [cxt 0] Pipeline 'ingress': end
[17:55:22.547] [bmv2] [D] [thread 3955] [16.0] [cxt 0] Egress port is 0
[17:55:22.547] [bmv2] [D] [thread 3955] [17.0] [cxt 0] Processing packet received on port 3
[17:55:22.547] [bmv2] [D] [thread 3955] [17.0] [cxt 0] Parser 'parser': start
[17:55:22.547] [bmv2] [D] [thread 3955] [17.0] [cxt 0] Parser 'parser' entering state 'start'
[17:55:22.547] [bmv2] [D] [thread 3955] [17.0] [cxt 0] Extracting header 'ethernet'
[17:55:22.547] [bmv2] [D] [thread 3955] [17.0] [cxt 0] Parser state 'start': key is 86dd
[17:55:22.547] [bmv2] [T] [thread 3955] [17.0] [cxt 0] Bytes parsed: 14
[17:55:22.547] [bmv2] [D] [thread 3955] [17.0] [cxt 0] Parser 'parser': end
[17:55:22.547] [bmv2] [D] [thread 3955] [17.0] [cxt 0] Pipeline 'ingress': start
[17:55:22.547] [bmv2] [T] [thread 3955] [17.0] [cxt 0] basic_tunnel.p4(152) Condition "hdr.ipv4.isValid() && !hdr.myTunnel.isValid()" (node_2) is false
[17:55:22.547] [bmv2] [T] [thread 3955] [17.0] [cxt 0] basic_tunnel.p4(155) Condition "hdr.myTunnel.isValid()" (node_4) is false
[17:55:22.547] [bmv2] [D] [thread 3955] [17.0] [cxt 0] Pipeline 'ingress': end
[17:55:22.547] [bmv2] [D] [thread 3955] [17.0] [cxt 0] Egress port is 0
[17:55:22.547] [bmv2] [D] [thread 3956] [16.0] [cxt 0] Pipeline 'egress': start
[17:55:22.547] [bmv2] [D] [thread 3956] [16.0] [cxt 0] Pipeline 'egress': end
[17:55:22.547] [bmv2] [D] [thread 3956] [16.0] [cxt 0] Deparser 'deparser': start
[17:55:22.547] [bmv2] [T] [thread 3956] [16.0] [cxt 0] Skipping checksum 'cksum' update because condition not met
[17:55:22.547] [bmv2] [D] [thread 3956] [16.0] [cxt 0] Deparsing header 'ethernet'
[17:55:22.547] [bmv2] [D] [thread 3956] [16.0] [cxt 0] Deparser 'deparser': end
[17:55:22.547] [bmv2] [D] [thread 3956] [17.0] [cxt 0] Pipeline 'egress': start
[17:55:22.547] [bmv2] [D] [thread 3956] [17.0] [cxt 0] Pipeline 'egress': end
[17:55:22.547] [bmv2] [D] [thread 3956] [17.0] [cxt 0] Deparser 'deparser': start
[17:55:22.548] [bmv2] [T] [thread 3956] [17.0] [cxt 0] Skipping checksum 'cksum' update because condition not met
[17:55:22.548] [bmv2] [D] [thread 3956] [17.0] [cxt 0] Deparsing header 'ethernet'
[17:55:22.548] [bmv2] [D] [thread 3956] [17.0] [cxt 0] Deparser 'deparser': end
[17:55:22.548] [bmv2] [D] [thread 3960] [16.0] [cxt 0] Transmitting packet of size 70 out of port 0
[17:55:22.548] [bmv2] [D] [thread 3960] [17.0] [cxt 0] Transmitting packet of size 70 out of port 0
[17:55:23.060] [bmv2] [D] [thread 3955] [18.0] [cxt 0] Processing packet received on port 2
[17:55:23.060] [bmv2] [D] [thread 3955] [18.0] [cxt 0] Parser 'parser': start
[17:55:23.060] [bmv2] [D] [thread 3955] [18.0] [cxt 0] Parser 'parser' entering state 'start'
[17:55:23.060] [bmv2] [D] [thread 3955] [18.0] [cxt 0] Extracting header 'ethernet'
[17:55:23.060] [bmv2] [D] [thread 3955] [18.0] [cxt 0] Parser state 'start': key is 86dd
[17:55:23.060] [bmv2] [T] [thread 3955] [18.0] [cxt 0] Bytes parsed: 14
[17:55:23.060] [bmv2] [D] [thread 3955] [18.0] [cxt 0] Parser 'parser': end
[17:55:23.060] [bmv2] [D] [thread 3955] [18.0] [cxt 0] Pipeline 'ingress': start
[17:55:23.060] [bmv2] [T] [thread 3955] [18.0] [cxt 0] basic_tunnel.p4(152) Condition "hdr.ipv4.isValid() && !hdr.myTunnel.isValid()" (node_2) is false
[17:55:23.060] [bmv2] [T] [thread 3955] [18.0] [cxt 0] basic_tunnel.p4(155) Condition "hdr.myTunnel.isValid()" (node_4) is false
[17:55:23.060] [bmv2] [D] [thread 3955] [18.0] [cxt 0] Pipeline 'ingress': end
[17:55:23.060] [bmv2] [D] [thread 3955] [18.0] [cxt 0] Egress port is 0
[17:55:23.060] [bmv2] [D] [thread 3955] [19.0] [cxt 0] Processing packet received on port 2
[17:55:23.060] [bmv2] [D] [thread 3955] [19.0] [cxt 0] Parser 'parser': start
[17:55:23.060] [bmv2] [D] [thread 3955] [19.0] [cxt 0] Parser 'parser' entering state 'start'
[17:55:23.060] [bmv2] [D] [thread 3955] [19.0] [cxt 0] Extracting header 'ethernet'
[17:55:23.060] [bmv2] [D] [thread 3955] [19.0] [cxt 0] Parser state 'start': key is 86dd
[17:55:23.060] [bmv2] [T] [thread 3955] [19.0] [cxt 0] Bytes parsed: 14
[17:55:23.060] [bmv2] [D] [thread 3955] [19.0] [cxt 0] Parser 'parser': end
[17:55:23.060] [bmv2] [D] [thread 3955] [19.0] [cxt 0] Pipeline 'ingress': start
[17:55:23.060] [bmv2] [T] [thread 3955] [19.0] [cxt 0] basic_tunnel.p4(152) Condition "hdr.ipv4.isValid() && !hdr.myTunnel.isValid()" (node_2) is false
[17:55:23.060] [bmv2] [T] [thread 3955] [19.0] [cxt 0] basic_tunnel.p4(155) Condition "hdr.myTunnel.isValid()" (node_4) is false
[17:55:23.060] [bmv2] [D] [thread 3955] [19.0] [cxt 0] Pipeline 'ingress': end
[17:55:23.060] [bmv2] [D] [thread 3955] [19.0] [cxt 0] Egress port is 0
[17:55:23.060] [bmv2] [D] [thread 3956] [18.0] [cxt 0] Pipeline 'egress': start
[17:55:23.060] [bmv2] [D] [thread 3956] [18.0] [cxt 0] Pipeline 'egress': end
[17:55:23.060] [bmv2] [D] [thread 3956] [18.0] [cxt 0] Deparser 'deparser': start
[17:55:23.060] [bmv2] [T] [thread 3956] [18.0] [cxt 0] Skipping checksum 'cksum' update because condition not met
[17:55:23.060] [bmv2] [D] [thread 3956] [18.0] [cxt 0] Deparsing header 'ethernet'
[17:55:23.060] [bmv2] [D] [thread 3956] [18.0] [cxt 0] Deparser 'deparser': end
[17:55:23.060] [bmv2] [D] [thread 3956] [19.0] [cxt 0] Pipeline 'egress': start
[17:55:23.060] [bmv2] [D] [thread 3956] [19.0] [cxt 0] Pipeline 'egress': end
[17:55:23.060] [bmv2] [D] [thread 3956] [19.0] [cxt 0] Deparser 'deparser': start
[17:55:23.060] [bmv2] [T] [thread 3956] [19.0] [cxt 0] Skipping checksum 'cksum' update because condition not met
[17:55:23.060] [bmv2] [D] [thread 3956] [19.0] [cxt 0] Deparsing header 'ethernet'
[17:55:23.060] [bmv2] [D] [thread 3956] [19.0] [cxt 0] Deparser 'deparser': end
[17:55:23.061] [bmv2] [D] [thread 3960] [18.0] [cxt 0] Transmitting packet of size 70 out of port 0
[17:55:23.061] [bmv2] [D] [thread 3960] [19.0] [cxt 0] Transmitting packet of size 70 out of port 0
