Calling target program-options parser
[17:35:32.574] [bmv2] [D] [thread 20528] Set default default entry for table 'MyIngress.ecmp_group': NoAction - 
[17:35:32.574] [bmv2] [D] [thread 20528] Set default default entry for table 'MyIngress.ecmp_nhop': NoAction - 
[17:35:32.575] [bmv2] [D] [thread 20528] Set default default entry for table 'MyEgress.send_frame': NoAction - 
Adding interface s2-eth1 as port 1
[17:35:32.581] [bmv2] [D] [thread 20528] Adding interface s2-eth1 as port 1
Adding interface s2-eth2 as port 2
[17:35:32.693] [bmv2] [D] [thread 20528] Adding interface s2-eth2 as port 2
Adding interface s2-eth3 as port 3
[17:35:32.809] [bmv2] [D] [thread 20528] Adding interface s2-eth3 as port 3
Server listening on 0.0.0.0:50052
[17:35:32.927] [bmv2] [I] [thread 20528] Starting Thrift server on port 9091
[17:35:32.930] [bmv2] [I] [thread 20528] Thrift server was started
[17:35:33.423] [bmv2] [D] [thread 20543] [0.0] [cxt 0] Processing packet received on port 2
[17:35:33.423] [bmv2] [D] [thread 20543] [0.0] [cxt 0] Parser 'parser': start
[17:35:33.423] [bmv2] [D] [thread 20543] [0.0] [cxt 0] Parser 'parser' entering state 'start'
[17:35:33.423] [bmv2] [D] [thread 20543] [0.0] [cxt 0] Extracting header 'ethernet'
[17:35:33.423] [bmv2] [D] [thread 20543] [0.0] [cxt 0] Parser state 'start': key is 86dd
[17:35:33.423] [bmv2] [T] [thread 20543] [0.0] [cxt 0] Bytes parsed: 14
[17:35:33.423] [bmv2] [D] [thread 20543] [0.0] [cxt 0] Parser 'parser': end
[17:35:33.423] [bmv2] [D] [thread 20543] [0.0] [cxt 0] Pipeline 'ingress': start
[17:35:33.423] [bmv2] [T] [thread 20543] [0.0] [cxt 0] load_balance.p4(147) Condition "hdr.ipv4.isValid() && hdr.ipv4.ttl > 0" (node_2) is false
[17:35:33.423] [bmv2] [D] [thread 20543] [0.0] [cxt 0] Pipeline 'ingress': end
[17:35:33.423] [bmv2] [D] [thread 20543] [0.0] [cxt 0] Egress port is 0
[17:35:33.425] [bmv2] [D] [thread 20544] [0.0] [cxt 0] Pipeline 'egress': start
[17:35:33.425] [bmv2] [T] [thread 20544] [0.0] [cxt 0] Applying table 'MyEgress.send_frame'
[17:35:33.425] [bmv2] [D] [thread 20544] [0.0] [cxt 0] Looking up key:
* standard_metadata.egress_port: 0000

[17:35:33.425] [bmv2] [D] [thread 20544] [0.0] [cxt 0] Table 'MyEgress.send_frame': miss
[17:35:33.425] [bmv2] [D] [thread 20544] [0.0] [cxt 0] Action entry is NoAction - 
[17:35:33.425] [bmv2] [T] [thread 20544] [0.0] [cxt 0] Action NoAction
[17:35:33.425] [bmv2] [D] [thread 20544] [0.0] [cxt 0] Pipeline 'egress': end
[17:35:33.425] [bmv2] [D] [thread 20544] [0.0] [cxt 0] Deparser 'deparser': start
[17:35:33.426] [bmv2] [T] [thread 20544] [0.0] [cxt 0] Skipping checksum 'cksum' update because condition not met
[17:35:33.426] [bmv2] [D] [thread 20544] [0.0] [cxt 0] Deparsing header 'ethernet'
[17:35:33.426] [bmv2] [D] [thread 20544] [0.0] [cxt 0] Deparser 'deparser': end
[17:35:33.426] [bmv2] [D] [thread 20548] [0.0] [cxt 0] Transmitting packet of size 196 out of port 0
[17:35:33.906] [bmv2] [D] [thread 20543] [1.0] [cxt 0] Processing packet received on port 2
[17:35:33.906] [bmv2] [D] [thread 20543] [1.0] [cxt 0] Parser 'parser': start
[17:35:33.906] [bmv2] [D] [thread 20543] [1.0] [cxt 0] Parser 'parser' entering state 'start'
[17:35:33.906] [bmv2] [D] [thread 20543] [1.0] [cxt 0] Extracting header 'ethernet'
[17:35:33.906] [bmv2] [D] [thread 20543] [1.0] [cxt 0] Parser state 'start': key is 86dd
[17:35:33.906] [bmv2] [T] [thread 20543] [1.0] [cxt 0] Bytes parsed: 14
[17:35:33.906] [bmv2] [D] [thread 20543] [1.0] [cxt 0] Parser 'parser': end
[17:35:33.906] [bmv2] [D] [thread 20543] [1.0] [cxt 0] Pipeline 'ingress': start
[17:35:33.906] [bmv2] [T] [thread 20543] [1.0] [cxt 0] load_balance.p4(147) Condition "hdr.ipv4.isValid() && hdr.ipv4.ttl > 0" (node_2) is false
[17:35:33.906] [bmv2] [D] [thread 20543] [1.0] [cxt 0] Pipeline 'ingress': end
[17:35:33.906] [bmv2] [D] [thread 20543] [1.0] [cxt 0] Egress port is 0
[17:35:33.906] [bmv2] [D] [thread 20543] [2.0] [cxt 0] Processing packet received on port 3
[17:35:33.906] [bmv2] [D] [thread 20543] [2.0] [cxt 0] Parser 'parser': start
[17:35:33.906] [bmv2] [D] [thread 20543] [2.0] [cxt 0] Parser 'parser' entering state 'start'
[17:35:33.907] [bmv2] [D] [thread 20543] [2.0] [cxt 0] Extracting header 'ethernet'
[17:35:33.907] [bmv2] [D] [thread 20543] [2.0] [cxt 0] Parser state 'start': key is 86dd
[17:35:33.907] [bmv2] [T] [thread 20543] [2.0] [cxt 0] Bytes parsed: 14
[17:35:33.907] [bmv2] [D] [thread 20543] [2.0] [cxt 0] Parser 'parser': end
[17:35:33.907] [bmv2] [D] [thread 20543] [2.0] [cxt 0] Pipeline 'ingress': start
[17:35:33.907] [bmv2] [T] [thread 20543] [2.0] [cxt 0] load_balance.p4(147) Condition "hdr.ipv4.isValid() && hdr.ipv4.ttl > 0" (node_2) is false
[17:35:33.907] [bmv2] [D] [thread 20543] [2.0] [cxt 0] Pipeline 'ingress': end
[17:35:33.907] [bmv2] [D] [thread 20543] [2.0] [cxt 0] Egress port is 0
[17:35:33.908] [bmv2] [D] [thread 20544] [1.0] [cxt 0] Pipeline 'egress': start
[17:35:33.908] [bmv2] [T] [thread 20544] [1.0] [cxt 0] Applying table 'MyEgress.send_frame'
[17:35:33.908] [bmv2] [D] [thread 20544] [1.0] [cxt 0] Looking up key:
* standard_metadata.egress_port: 0000

[17:35:33.908] [bmv2] [D] [thread 20544] [1.0] [cxt 0] Table 'MyEgress.send_frame': miss
[17:35:33.908] [bmv2] [D] [thread 20544] [1.0] [cxt 0] Action entry is NoAction - 
[17:35:33.908] [bmv2] [T] [thread 20544] [1.0] [cxt 0] Action NoAction
[17:35:33.908] [bmv2] [D] [thread 20544] [1.0] [cxt 0] Pipeline 'egress': end
[17:35:33.908] [bmv2] [D] [thread 20544] [1.0] [cxt 0] Deparser 'deparser': start
[17:35:33.908] [bmv2] [T] [thread 20544] [1.0] [cxt 0] Skipping checksum 'cksum' update because condition not met
[17:35:33.908] [bmv2] [D] [thread 20544] [1.0] [cxt 0] Deparsing header 'ethernet'
[17:35:33.908] [bmv2] [D] [thread 20544] [1.0] [cxt 0] Deparser 'deparser': end
[17:35:33.908] [bmv2] [D] [thread 20544] [2.0] [cxt 0] Pipeline 'egress': start
[17:35:33.908] [bmv2] [T] [thread 20544] [2.0] [cxt 0] Applying table 'MyEgress.send_frame'
[17:35:33.908] [bmv2] [D] [thread 20544] [2.0] [cxt 0] Looking up key:
* standard_metadata.egress_port: 0000

[17:35:33.908] [bmv2] [D] [thread 20544] [2.0] [cxt 0] Table 'MyEgress.send_frame': miss
[17:35:33.908] [bmv2] [D] [thread 20544] [2.0] [cxt 0] Action entry is NoAction - 
[17:35:33.908] [bmv2] [T] [thread 20544] [2.0] [cxt 0] Action NoAction
[17:35:33.908] [bmv2] [D] [thread 20544] [2.0] [cxt 0] Pipeline 'egress': end
[17:35:33.908] [bmv2] [D] [thread 20544] [2.0] [cxt 0] Deparser 'deparser': start
[17:35:33.908] [bmv2] [T] [thread 20544] [2.0] [cxt 0] Skipping checksum 'cksum' update because condition not met
[17:35:33.908] [bmv2] [D] [thread 20544] [2.0] [cxt 0] Deparsing header 'ethernet'
[17:35:33.908] [bmv2] [D] [thread 20544] [2.0] [cxt 0] Deparser 'deparser': end
[17:35:33.908] [bmv2] [D] [thread 20548] [1.0] [cxt 0] Transmitting packet of size 196 out of port 0
[17:35:33.908] [bmv2] [D] [thread 20548] [2.0] [cxt 0] Transmitting packet of size 196 out of port 0
[17:35:34.133] [bmv2] [D] [thread 20543] [3.0] [cxt 0] Processing packet received on port 3
[17:35:34.133] [bmv2] [D] [thread 20543] [3.0] [cxt 0] Parser 'parser': start
[17:35:34.133] [bmv2] [D] [thread 20543] [3.0] [cxt 0] Parser 'parser' entering state 'start'
[17:35:34.133] [bmv2] [D] [thread 20543] [3.0] [cxt 0] Extracting header 'ethernet'
[17:35:34.133] [bmv2] [D] [thread 20543] [3.0] [cxt 0] Parser state 'start': key is 86dd
[17:35:34.133] [bmv2] [T] [thread 20543] [3.0] [cxt 0] Bytes parsed: 14
[17:35:34.133] [bmv2] [D] [thread 20543] [3.0] [cxt 0] Parser 'parser': end
[17:35:34.133] [bmv2] [D] [thread 20543] [3.0] [cxt 0] Pipeline 'ingress': start
[17:35:34.133] [bmv2] [T] [thread 20543] [3.0] [cxt 0] load_balance.p4(147) Condition "hdr.ipv4.isValid() && hdr.ipv4.ttl > 0" (node_2) is false
[17:35:34.133] [bmv2] [D] [thread 20543] [3.0] [cxt 0] Pipeline 'ingress': end
[17:35:34.133] [bmv2] [D] [thread 20543] [3.0] [cxt 0] Egress port is 0
[17:35:34.134] [bmv2] [D] [thread 20544] [3.0] [cxt 0] Pipeline 'egress': start
[17:35:34.134] [bmv2] [T] [thread 20544] [3.0] [cxt 0] Applying table 'MyEgress.send_frame'
[17:35:34.134] [bmv2] [D] [thread 20544] [3.0] [cxt 0] Looking up key:
* standard_metadata.egress_port: 0000

[17:35:34.134] [bmv2] [D] [thread 20544] [3.0] [cxt 0] Table 'MyEgress.send_frame': miss
[17:35:34.134] [bmv2] [D] [thread 20544] [3.0] [cxt 0] Action entry is NoAction - 
[17:35:34.134] [bmv2] [T] [thread 20544] [3.0] [cxt 0] Action NoAction
[17:35:34.134] [bmv2] [D] [thread 20544] [3.0] [cxt 0] Pipeline 'egress': end
[17:35:34.134] [bmv2] [D] [thread 20544] [3.0] [cxt 0] Deparser 'deparser': start
[17:35:34.134] [bmv2] [T] [thread 20544] [3.0] [cxt 0] Skipping checksum 'cksum' update because condition not met
[17:35:34.134] [bmv2] [D] [thread 20544] [3.0] [cxt 0] Deparsing header 'ethernet'
[17:35:34.134] [bmv2] [D] [thread 20544] [3.0] [cxt 0] Deparser 'deparser': end
[17:35:34.135] [bmv2] [D] [thread 20548] [3.0] [cxt 0] Transmitting packet of size 196 out of port 0
[17:35:34.249] [bmv2] [D] [thread 20543] [4.0] [cxt 0] Processing packet received on port 1
[17:35:34.250] [bmv2] [D] [thread 20543] [4.0] [cxt 0] Parser 'parser': start
[17:35:34.250] [bmv2] [D] [thread 20543] [4.0] [cxt 0] Parser 'parser' entering state 'start'
[17:35:34.250] [bmv2] [D] [thread 20543] [4.0] [cxt 0] Extracting header 'ethernet'
[17:35:34.250] [bmv2] [D] [thread 20543] [4.0] [cxt 0] Parser state 'start': key is 86dd
[17:35:34.250] [bmv2] [T] [thread 20543] [4.0] [cxt 0] Bytes parsed: 14
[17:35:34.250] [bmv2] [D] [thread 20543] [4.0] [cxt 0] Parser 'parser': end
[17:35:34.250] [bmv2] [D] [thread 20543] [4.0] [cxt 0] Pipeline 'ingress': start
[17:35:34.250] [bmv2] [T] [thread 20543] [4.0] [cxt 0] load_balance.p4(147) Condition "hdr.ipv4.isValid() && hdr.ipv4.ttl > 0" (node_2) is false
[17:35:34.250] [bmv2] [D] [thread 20543] [4.0] [cxt 0] Pipeline 'ingress': end
[17:35:34.250] [bmv2] [D] [thread 20543] [4.0] [cxt 0] Egress port is 0
[17:35:34.250] [bmv2] [D] [thread 20544] [4.0] [cxt 0] Pipeline 'egress': start
[17:35:34.250] [bmv2] [T] [thread 20544] [4.0] [cxt 0] Applying table 'MyEgress.send_frame'
[17:35:34.250] [bmv2] [D] [thread 20544] [4.0] [cxt 0] Looking up key:
* standard_metadata.egress_port: 0000

[17:35:34.250] [bmv2] [D] [thread 20544] [4.0] [cxt 0] Table 'MyEgress.send_frame': miss
[17:35:34.250] [bmv2] [D] [thread 20544] [4.0] [cxt 0] Action entry is NoAction - 
[17:35:34.250] [bmv2] [T] [thread 20544] [4.0] [cxt 0] Action NoAction
[17:35:34.250] [bmv2] [D] [thread 20544] [4.0] [cxt 0] Pipeline 'egress': end
[17:35:34.250] [bmv2] [D] [thread 20544] [4.0] [cxt 0] Deparser 'deparser': start
[17:35:34.250] [bmv2] [T] [thread 20544] [4.0] [cxt 0] Skipping checksum 'cksum' update because condition not met
[17:35:34.250] [bmv2] [D] [thread 20544] [4.0] [cxt 0] Deparsing header 'ethernet'
[17:35:34.250] [bmv2] [D] [thread 20544] [4.0] [cxt 0] Deparser 'deparser': end
[17:35:34.250] [bmv2] [D] [thread 20548] [4.0] [cxt 0] Transmitting packet of size 70 out of port 0
[17:35:34.738] [bmv2] [D] [thread 20543] [5.0] [cxt 0] Processing packet received on port 1
[17:35:34.738] [bmv2] [D] [thread 20543] [5.0] [cxt 0] Parser 'parser': start
[17:35:34.738] [bmv2] [D] [thread 20543] [5.0] [cxt 0] Parser 'parser' entering state 'start'
[17:35:34.738] [bmv2] [D] [thread 20543] [5.0] [cxt 0] Extracting header 'ethernet'
[17:35:34.738] [bmv2] [D] [thread 20543] [5.0] [cxt 0] Parser state 'start': key is 86dd
[17:35:34.738] [bmv2] [T] [thread 20543] [5.0] [cxt 0] Bytes parsed: 14
[17:35:34.738] [bmv2] [D] [thread 20543] [5.0] [cxt 0] Parser 'parser': end
[17:35:34.738] [bmv2] [D] [thread 20543] [5.0] [cxt 0] Pipeline 'ingress': start
[17:35:34.738] [bmv2] [T] [thread 20543] [5.0] [cxt 0] load_balance.p4(147) Condition "hdr.ipv4.isValid() && hdr.ipv4.ttl > 0" (node_2) is false
[17:35:34.738] [bmv2] [D] [thread 20543] [5.0] [cxt 0] Pipeline 'ingress': end
[17:35:34.738] [bmv2] [D] [thread 20543] [5.0] [cxt 0] Egress port is 0
[17:35:34.738] [bmv2] [D] [thread 20544] [5.0] [cxt 0] Pipeline 'egress': start
[17:35:34.738] [bmv2] [T] [thread 20544] [5.0] [cxt 0] Applying table 'MyEgress.send_frame'
[17:35:34.738] [bmv2] [D] [thread 20544] [5.0] [cxt 0] Looking up key:
* standard_metadata.egress_port: 0000

[17:35:34.738] [bmv2] [D] [thread 20544] [5.0] [cxt 0] Table 'MyEgress.send_frame': miss
[17:35:34.738] [bmv2] [D] [thread 20544] [5.0] [cxt 0] Action entry is NoAction - 
[17:35:34.738] [bmv2] [T] [thread 20544] [5.0] [cxt 0] Action NoAction
[17:35:34.738] [bmv2] [D] [thread 20544] [5.0] [cxt 0] Pipeline 'egress': end
[17:35:34.738] [bmv2] [D] [thread 20544] [5.0] [cxt 0] Deparser 'deparser': start
[17:35:34.738] [bmv2] [T] [thread 20544] [5.0] [cxt 0] Skipping checksum 'cksum' update because condition not met
[17:35:34.738] [bmv2] [D] [thread 20544] [5.0] [cxt 0] Deparsing header 'ethernet'
[17:35:34.738] [bmv2] [D] [thread 20544] [5.0] [cxt 0] Deparser 'deparser': end
[17:35:34.738] [bmv2] [D] [thread 20548] [5.0] [cxt 0] Transmitting packet of size 196 out of port 0
[17:35:35.204] [bmv2] [W] [thread 20616] [P4Runtime] p4::tmp::P4DeviceConfig is deprecated
[17:35:35.213] [bmv2] [D] [thread 20616] Set default default entry for table 'MyIngress.ecmp_group': NoAction - 
[17:35:35.213] [bmv2] [D] [thread 20616] Set default default entry for table 'MyIngress.ecmp_nhop': NoAction - 
[17:35:35.213] [bmv2] [D] [thread 20616] Set default default entry for table 'MyEgress.send_frame': NoAction - 
[17:35:35.232] [bmv2] [D] [thread 20616] simple_switch target has been notified of a config swap
[17:35:35.237] [bmv2] [D] [thread 20617] Set default entry for table 'MyIngress.ecmp_group': MyIngress.drop - 
[17:35:35.242] [bmv2] [D] [thread 20616] Entry 0 added to table 'MyIngress.ecmp_group'
[17:35:35.242] [bmv2] [D] [thread 20616] Dumping entry 0
Match key:
* hdr.ipv4.dstAddr    : LPM       0a000202/32
Action entry: MyIngress.set_ecmp_select - 0,1,

[17:35:35.246] [bmv2] [D] [thread 20617] Entry 0 added to table 'MyIngress.ecmp_nhop'
[17:35:35.246] [bmv2] [D] [thread 20617] Dumping entry 0
Match key:
* meta.ecmp_select    : EXACT     0000
Action entry: MyIngress.set_nhop - 80000000202,a000202,1,

[17:35:35.252] [bmv2] [D] [thread 20616] Entry 0 added to table 'MyEgress.send_frame'
[17:35:35.253] [bmv2] [D] [thread 20616] Dumping entry 0
Match key:
* standard_metadata.egress_port: EXACT     0001
Action entry: MyEgress.rewrite_mac - 20100,

[17:35:35.276] [bmv2] [D] [thread 20543] [6.0] [cxt 0] Processing packet received on port 2
[17:35:35.276] [bmv2] [D] [thread 20543] [6.0] [cxt 0] Parser 'parser': start
[17:35:35.276] [bmv2] [D] [thread 20543] [6.0] [cxt 0] Parser 'parser' entering state 'start'
[17:35:35.276] [bmv2] [D] [thread 20543] [6.0] [cxt 0] Extracting header 'ethernet'
[17:35:35.276] [bmv2] [D] [thread 20543] [6.0] [cxt 0] Parser state 'start': key is 86dd
[17:35:35.276] [bmv2] [T] [thread 20543] [6.0] [cxt 0] Bytes parsed: 14
[17:35:35.276] [bmv2] [D] [thread 20543] [6.0] [cxt 0] Parser 'parser': end
[17:35:35.276] [bmv2] [D] [thread 20543] [6.0] [cxt 0] Pipeline 'ingress': start
[17:35:35.276] [bmv2] [T] [thread 20543] [6.0] [cxt 0] load_balance.p4(147) Condition "hdr.ipv4.isValid() && hdr.ipv4.ttl > 0" (node_2) is false
[17:35:35.276] [bmv2] [D] [thread 20543] [6.0] [cxt 0] Pipeline 'ingress': end
[17:35:35.276] [bmv2] [D] [thread 20543] [6.0] [cxt 0] Egress port is 0
[17:35:35.276] [bmv2] [D] [thread 20544] [6.0] [cxt 0] Pipeline 'egress': start
[17:35:35.276] [bmv2] [T] [thread 20544] [6.0] [cxt 0] Applying table 'MyEgress.send_frame'
[17:35:35.276] [bmv2] [D] [thread 20544] [6.0] [cxt 0] Looking up key:
* standard_metadata.egress_port: 0000

[17:35:35.276] [bmv2] [D] [thread 20544] [6.0] [cxt 0] Table 'MyEgress.send_frame': miss
[17:35:35.276] [bmv2] [D] [thread 20544] [6.0] [cxt 0] Action entry is NoAction - 
[17:35:35.276] [bmv2] [T] [thread 20544] [6.0] [cxt 0] Action NoAction
[17:35:35.276] [bmv2] [D] [thread 20544] [6.0] [cxt 0] Pipeline 'egress': end
[17:35:35.276] [bmv2] [D] [thread 20544] [6.0] [cxt 0] Deparser 'deparser': start
[17:35:35.276] [bmv2] [T] [thread 20544] [6.0] [cxt 0] Skipping checksum 'cksum' update because condition not met
[17:35:35.276] [bmv2] [D] [thread 20544] [6.0] [cxt 0] Deparsing header 'ethernet'
[17:35:35.277] [bmv2] [D] [thread 20544] [6.0] [cxt 0] Deparser 'deparser': end
[17:35:35.278] [bmv2] [D] [thread 20548] [6.0] [cxt 0] Transmitting packet of size 70 out of port 0
[17:35:35.641] [bmv2] [D] [thread 20543] [7.0] [cxt 0] Processing packet received on port 2
[17:35:35.641] [bmv2] [D] [thread 20543] [7.0] [cxt 0] Parser 'parser': start
[17:35:35.641] [bmv2] [D] [thread 20543] [7.0] [cxt 0] Parser 'parser' entering state 'start'
[17:35:35.641] [bmv2] [D] [thread 20543] [7.0] [cxt 0] Extracting header 'ethernet'
[17:35:35.641] [bmv2] [D] [thread 20543] [7.0] [cxt 0] Parser state 'start': key is 86dd
[17:35:35.641] [bmv2] [T] [thread 20543] [7.0] [cxt 0] Bytes parsed: 14
[17:35:35.641] [bmv2] [D] [thread 20543] [7.0] [cxt 0] Parser 'parser': end
[17:35:35.641] [bmv2] [D] [thread 20543] [7.0] [cxt 0] Pipeline 'ingress': start
[17:35:35.641] [bmv2] [T] [thread 20543] [7.0] [cxt 0] load_balance.p4(147) Condition "hdr.ipv4.isValid() && hdr.ipv4.ttl > 0" (node_2) is false
[17:35:35.641] [bmv2] [D] [thread 20543] [7.0] [cxt 0] Pipeline 'ingress': end
[17:35:35.641] [bmv2] [D] [thread 20543] [7.0] [cxt 0] Egress port is 0
[17:35:35.642] [bmv2] [D] [thread 20544] [7.0] [cxt 0] Pipeline 'egress': start
[17:35:35.643] [bmv2] [T] [thread 20544] [7.0] [cxt 0] Applying table 'MyEgress.send_frame'
[17:35:35.643] [bmv2] [D] [thread 20544] [7.0] [cxt 0] Looking up key:
* standard_metadata.egress_port: 0000

[17:35:35.643] [bmv2] [D] [thread 20544] [7.0] [cxt 0] Table 'MyEgress.send_frame': miss
[17:35:35.643] [bmv2] [D] [thread 20544] [7.0] [cxt 0] Action entry is NoAction - 
[17:35:35.643] [bmv2] [T] [thread 20544] [7.0] [cxt 0] Action NoAction
[17:35:35.643] [bmv2] [D] [thread 20544] [7.0] [cxt 0] Pipeline 'egress': end
[17:35:35.643] [bmv2] [D] [thread 20544] [7.0] [cxt 0] Deparser 'deparser': start
[17:35:35.643] [bmv2] [T] [thread 20544] [7.0] [cxt 0] Skipping checksum 'cksum' update because condition not met
[17:35:35.643] [bmv2] [D] [thread 20544] [7.0] [cxt 0] Deparsing header 'ethernet'
[17:35:35.643] [bmv2] [D] [thread 20544] [7.0] [cxt 0] Deparser 'deparser': end
[17:35:35.644] [bmv2] [D] [thread 20548] [7.0] [cxt 0] Transmitting packet of size 196 out of port 0
[17:35:35.787] [bmv2] [D] [thread 20543] [8.0] [cxt 0] Processing packet received on port 3
[17:35:35.787] [bmv2] [D] [thread 20543] [8.0] [cxt 0] Parser 'parser': start
[17:35:35.787] [bmv2] [D] [thread 20543] [8.0] [cxt 0] Parser 'parser' entering state 'start'
[17:35:35.787] [bmv2] [D] [thread 20543] [8.0] [cxt 0] Extracting header 'ethernet'
[17:35:35.787] [bmv2] [D] [thread 20543] [8.0] [cxt 0] Parser state 'start': key is 86dd
[17:35:35.787] [bmv2] [T] [thread 20543] [8.0] [cxt 0] Bytes parsed: 14
[17:35:35.787] [bmv2] [D] [thread 20543] [8.0] [cxt 0] Parser 'parser': end
[17:35:35.787] [bmv2] [D] [thread 20543] [8.0] [cxt 0] Pipeline 'ingress': start
[17:35:35.787] [bmv2] [T] [thread 20543] [8.0] [cxt 0] load_balance.p4(147) Condition "hdr.ipv4.isValid() && hdr.ipv4.ttl > 0" (node_2) is false
[17:35:35.788] [bmv2] [D] [thread 20543] [8.0] [cxt 0] Pipeline 'ingress': end
[17:35:35.788] [bmv2] [D] [thread 20543] [8.0] [cxt 0] Egress port is 0
[17:35:35.788] [bmv2] [D] [thread 20543] [9.0] [cxt 0] Processing packet received on port 3
[17:35:35.788] [bmv2] [D] [thread 20543] [9.0] [cxt 0] Parser 'parser': start
[17:35:35.788] [bmv2] [D] [thread 20543] [9.0] [cxt 0] Parser 'parser' entering state 'start'
[17:35:35.788] [bmv2] [D] [thread 20543] [9.0] [cxt 0] Extracting header 'ethernet'
[17:35:35.788] [bmv2] [D] [thread 20543] [9.0] [cxt 0] Parser state 'start': key is 86dd
[17:35:35.788] [bmv2] [T] [thread 20543] [9.0] [cxt 0] Bytes parsed: 14
[17:35:35.788] [bmv2] [D] [thread 20543] [9.0] [cxt 0] Parser 'parser': end
[17:35:35.788] [bmv2] [D] [thread 20543] [9.0] [cxt 0] Pipeline 'ingress': start
[17:35:35.788] [bmv2] [T] [thread 20543] [9.0] [cxt 0] load_balance.p4(147) Condition "hdr.ipv4.isValid() && hdr.ipv4.ttl > 0" (node_2) is false
[17:35:35.788] [bmv2] [D] [thread 20543] [9.0] [cxt 0] Pipeline 'ingress': end
[17:35:35.789] [bmv2] [D] [thread 20543] [9.0] [cxt 0] Egress port is 0
[17:35:35.789] [bmv2] [D] [thread 20544] [8.0] [cxt 0] Pipeline 'egress': start
[17:35:35.789] [bmv2] [T] [thread 20544] [8.0] [cxt 0] Applying table 'MyEgress.send_frame'
[17:35:35.789] [bmv2] [D] [thread 20544] [8.0] [cxt 0] Looking up key:
* standard_metadata.egress_port: 0000

[17:35:35.790] [bmv2] [D] [thread 20544] [8.0] [cxt 0] Table 'MyEgress.send_frame': miss
[17:35:35.790] [bmv2] [D] [thread 20544] [8.0] [cxt 0] Action entry is NoAction - 
[17:35:35.790] [bmv2] [T] [thread 20544] [8.0] [cxt 0] Action NoAction
[17:35:35.790] [bmv2] [D] [thread 20544] [8.0] [cxt 0] Pipeline 'egress': end
[17:35:35.790] [bmv2] [D] [thread 20544] [8.0] [cxt 0] Deparser 'deparser': start
[17:35:35.790] [bmv2] [T] [thread 20544] [8.0] [cxt 0] Skipping checksum 'cksum' update because condition not met
[17:35:35.790] [bmv2] [D] [thread 20544] [8.0] [cxt 0] Deparsing header 'ethernet'
[17:35:35.790] [bmv2] [D] [thread 20544] [8.0] [cxt 0] Deparser 'deparser': end
[17:35:35.790] [bmv2] [D] [thread 20544] [9.0] [cxt 0] Pipeline 'egress': start
[17:35:35.790] [bmv2] [T] [thread 20544] [9.0] [cxt 0] Applying table 'MyEgress.send_frame'
[17:35:35.790] [bmv2] [D] [thread 20544] [9.0] [cxt 0] Looking up key:
* standard_metadata.egress_port: 0000

[17:35:35.790] [bmv2] [D] [thread 20544] [9.0] [cxt 0] Table 'MyEgress.send_frame': miss
[17:35:35.790] [bmv2] [D] [thread 20544] [9.0] [cxt 0] Action entry is NoAction - 
[17:35:35.790] [bmv2] [T] [thread 20544] [9.0] [cxt 0] Action NoAction
[17:35:35.790] [bmv2] [D] [thread 20544] [9.0] [cxt 0] Pipeline 'egress': end
[17:35:35.790] [bmv2] [D] [thread 20544] [9.0] [cxt 0] Deparser 'deparser': start
[17:35:35.790] [bmv2] [T] [thread 20544] [9.0] [cxt 0] Skipping checksum 'cksum' update because condition not met
[17:35:35.790] [bmv2] [D] [thread 20544] [9.0] [cxt 0] Deparsing header 'ethernet'
[17:35:35.790] [bmv2] [D] [thread 20544] [9.0] [cxt 0] Deparser 'deparser': end
[17:35:35.791] [bmv2] [D] [thread 20548] [8.0] [cxt 0] Transmitting packet of size 70 out of port 0
[17:35:35.792] [bmv2] [D] [thread 20548] [9.0] [cxt 0] Transmitting packet of size 70 out of port 0
[17:35:36.043] [bmv2] [D] [thread 20543] [10.0] [cxt 0] Processing packet received on port 2
[17:35:36.043] [bmv2] [D] [thread 20543] [10.0] [cxt 0] Parser 'parser': start
[17:35:36.043] [bmv2] [D] [thread 20543] [10.0] [cxt 0] Parser 'parser' entering state 'start'
[17:35:36.044] [bmv2] [D] [thread 20543] [10.0] [cxt 0] Extracting header 'ethernet'
[17:35:36.044] [bmv2] [D] [thread 20543] [10.0] [cxt 0] Parser state 'start': key is 86dd
[17:35:36.044] [bmv2] [T] [thread 20543] [10.0] [cxt 0] Bytes parsed: 14
[17:35:36.044] [bmv2] [D] [thread 20543] [10.0] [cxt 0] Parser 'parser': end
[17:35:36.044] [bmv2] [D] [thread 20543] [10.0] [cxt 0] Pipeline 'ingress': start
[17:35:36.044] [bmv2] [T] [thread 20543] [10.0] [cxt 0] load_balance.p4(147) Condition "hdr.ipv4.isValid() && hdr.ipv4.ttl > 0" (node_2) is false
[17:35:36.044] [bmv2] [D] [thread 20543] [10.0] [cxt 0] Pipeline 'ingress': end
[17:35:36.044] [bmv2] [D] [thread 20543] [10.0] [cxt 0] Egress port is 0
[17:35:36.045] [bmv2] [D] [thread 20544] [10.0] [cxt 0] Pipeline 'egress': start
[17:35:36.045] [bmv2] [T] [thread 20544] [10.0] [cxt 0] Applying table 'MyEgress.send_frame'
[17:35:36.045] [bmv2] [D] [thread 20544] [10.0] [cxt 0] Looking up key:
* standard_metadata.egress_port: 0000

[17:35:36.045] [bmv2] [D] [thread 20544] [10.0] [cxt 0] Table 'MyEgress.send_frame': miss
[17:35:36.045] [bmv2] [D] [thread 20544] [10.0] [cxt 0] Action entry is NoAction - 
[17:35:36.045] [bmv2] [T] [thread 20544] [10.0] [cxt 0] Action NoAction
[17:35:36.045] [bmv2] [D] [thread 20544] [10.0] [cxt 0] Pipeline 'egress': end
[17:35:36.045] [bmv2] [D] [thread 20544] [10.0] [cxt 0] Deparser 'deparser': start
[17:35:36.045] [bmv2] [T] [thread 20544] [10.0] [cxt 0] Skipping checksum 'cksum' update because condition not met
[17:35:36.045] [bmv2] [D] [thread 20544] [10.0] [cxt 0] Deparsing header 'ethernet'
[17:35:36.045] [bmv2] [D] [thread 20544] [10.0] [cxt 0] Deparser 'deparser': end
[17:35:36.045] [bmv2] [D] [thread 20548] [10.0] [cxt 0] Transmitting packet of size 70 out of port 0
[17:35:36.122] [bmv2] [D] [thread 20543] [11.0] [cxt 0] Processing packet received on port 2
[17:35:36.122] [bmv2] [D] [thread 20543] [11.0] [cxt 0] Parser 'parser': start
[17:35:36.122] [bmv2] [D] [thread 20543] [11.0] [cxt 0] Parser 'parser' entering state 'start'
[17:35:36.122] [bmv2] [D] [thread 20543] [11.0] [cxt 0] Extracting header 'ethernet'
[17:35:36.122] [bmv2] [D] [thread 20543] [11.0] [cxt 0] Parser state 'start': key is 86dd
[17:35:36.122] [bmv2] [T] [thread 20543] [11.0] [cxt 0] Bytes parsed: 14
[17:35:36.123] [bmv2] [D] [thread 20543] [11.0] [cxt 0] Parser 'parser': end
[17:35:36.123] [bmv2] [D] [thread 20543] [11.0] [cxt 0] Pipeline 'ingress': start
[17:35:36.123] [bmv2] [T] [thread 20543] [11.0] [cxt 0] load_balance.p4(147) Condition "hdr.ipv4.isValid() && hdr.ipv4.ttl > 0" (node_2) is false
[17:35:36.123] [bmv2] [D] [thread 20543] [11.0] [cxt 0] Pipeline 'ingress': end
[17:35:36.123] [bmv2] [D] [thread 20543] [11.0] [cxt 0] Egress port is 0
[17:35:36.123] [bmv2] [D] [thread 20543] [12.0] [cxt 0] Processing packet received on port 3
[17:35:36.123] [bmv2] [D] [thread 20543] [12.0] [cxt 0] Parser 'parser': start
[17:35:36.123] [bmv2] [D] [thread 20543] [12.0] [cxt 0] Parser 'parser' entering state 'start'
[17:35:36.123] [bmv2] [D] [thread 20543] [12.0] [cxt 0] Extracting header 'ethernet'
[17:35:36.123] [bmv2] [D] [thread 20543] [12.0] [cxt 0] Parser state 'start': key is 86dd
[17:35:36.123] [bmv2] [T] [thread 20543] [12.0] [cxt 0] Bytes parsed: 14
[17:35:36.123] [bmv2] [D] [thread 20543] [12.0] [cxt 0] Parser 'parser': end
[17:35:36.123] [bmv2] [D] [thread 20543] [12.0] [cxt 0] Pipeline 'ingress': start
[17:35:36.123] [bmv2] [T] [thread 20543] [12.0] [cxt 0] load_balance.p4(147) Condition "hdr.ipv4.isValid() && hdr.ipv4.ttl > 0" (node_2) is false
[17:35:36.123] [bmv2] [D] [thread 20543] [12.0] [cxt 0] Pipeline 'ingress': end
[17:35:36.123] [bmv2] [D] [thread 20543] [12.0] [cxt 0] Egress port is 0
[17:35:36.123] [bmv2] [D] [thread 20544] [11.0] [cxt 0] Pipeline 'egress': start
[17:35:36.123] [bmv2] [T] [thread 20544] [11.0] [cxt 0] Applying table 'MyEgress.send_frame'
[17:35:36.123] [bmv2] [D] [thread 20544] [11.0] [cxt 0] Looking up key:
* standard_metadata.egress_port: 0000

[17:35:36.123] [bmv2] [D] [thread 20544] [11.0] [cxt 0] Table 'MyEgress.send_frame': miss
[17:35:36.123] [bmv2] [D] [thread 20544] [11.0] [cxt 0] Action entry is NoAction - 
[17:35:36.123] [bmv2] [T] [thread 20544] [11.0] [cxt 0] Action NoAction
[17:35:36.123] [bmv2] [D] [thread 20544] [11.0] [cxt 0] Pipeline 'egress': end
[17:35:36.123] [bmv2] [D] [thread 20544] [11.0] [cxt 0] Deparser 'deparser': start
[17:35:36.123] [bmv2] [T] [thread 20544] [11.0] [cxt 0] Skipping checksum 'cksum' update because condition not met
[17:35:36.123] [bmv2] [D] [thread 20544] [11.0] [cxt 0] Deparsing header 'ethernet'
[17:35:36.123] [bmv2] [D] [thread 20544] [11.0] [cxt 0] Deparser 'deparser': end
[17:35:36.124] [bmv2] [D] [thread 20544] [12.0] [cxt 0] Pipeline 'egress': start
[17:35:36.124] [bmv2] [T] [thread 20544] [12.0] [cxt 0] Applying table 'MyEgress.send_frame'
[17:35:36.124] [bmv2] [D] [thread 20544] [12.0] [cxt 0] Looking up key:
* standard_metadata.egress_port: 0000

[17:35:36.124] [bmv2] [D] [thread 20544] [12.0] [cxt 0] Table 'MyEgress.send_frame': miss
[17:35:36.124] [bmv2] [D] [thread 20544] [12.0] [cxt 0] Action entry is NoAction - 
[17:35:36.124] [bmv2] [T] [thread 20544] [12.0] [cxt 0] Action NoAction
[17:35:36.125] [bmv2] [D] [thread 20548] [11.0] [cxt 0] Transmitting packet of size 196 out of port 0
[17:35:36.126] [bmv2] [D] [thread 20544] [12.0] [cxt 0] Pipeline 'egress': end
[17:35:36.126] [bmv2] [D] [thread 20544] [12.0] [cxt 0] Deparser 'deparser': start
[17:35:36.126] [bmv2] [T] [thread 20544] [12.0] [cxt 0] Skipping checksum 'cksum' update because condition not met
[17:35:36.126] [bmv2] [D] [thread 20544] [12.0] [cxt 0] Deparsing header 'ethernet'
[17:35:36.126] [bmv2] [D] [thread 20544] [12.0] [cxt 0] Deparser 'deparser': end
[17:35:36.127] [bmv2] [D] [thread 20548] [12.0] [cxt 0] Transmitting packet of size 196 out of port 0
[17:35:36.347] [bmv2] [D] [thread 20543] [13.0] [cxt 0] Processing packet received on port 3
[17:35:36.347] [bmv2] [D] [thread 20543] [13.0] [cxt 0] Parser 'parser': start
[17:35:36.347] [bmv2] [D] [thread 20543] [13.0] [cxt 0] Parser 'parser' entering state 'start'
[17:35:36.347] [bmv2] [D] [thread 20543] [13.0] [cxt 0] Extracting header 'ethernet'
[17:35:36.347] [bmv2] [D] [thread 20543] [13.0] [cxt 0] Parser state 'start': key is 86dd
[17:35:36.347] [bmv2] [T] [thread 20543] [13.0] [cxt 0] Bytes parsed: 14
[17:35:36.347] [bmv2] [D] [thread 20543] [13.0] [cxt 0] Parser 'parser': end
[17:35:36.347] [bmv2] [D] [thread 20543] [13.0] [cxt 0] Pipeline 'ingress': start
[17:35:36.347] [bmv2] [T] [thread 20543] [13.0] [cxt 0] load_balance.p4(147) Condition "hdr.ipv4.isValid() && hdr.ipv4.ttl > 0" (node_2) is false
[17:35:36.348] [bmv2] [D] [thread 20543] [13.0] [cxt 0] Pipeline 'ingress': end
[17:35:36.348] [bmv2] [D] [thread 20543] [13.0] [cxt 0] Egress port is 0
[17:35:36.348] [bmv2] [D] [thread 20544] [13.0] [cxt 0] Pipeline 'egress': start
[17:35:36.348] [bmv2] [T] [thread 20544] [13.0] [cxt 0] Applying table 'MyEgress.send_frame'
[17:35:36.348] [bmv2] [D] [thread 20544] [13.0] [cxt 0] Looking up key:
* standard_metadata.egress_port: 0000

[17:35:36.348] [bmv2] [D] [thread 20544] [13.0] [cxt 0] Table 'MyEgress.send_frame': miss
[17:35:36.348] [bmv2] [D] [thread 20544] [13.0] [cxt 0] Action entry is NoAction - 
[17:35:36.348] [bmv2] [T] [thread 20544] [13.0] [cxt 0] Action NoAction
[17:35:36.348] [bmv2] [D] [thread 20544] [13.0] [cxt 0] Pipeline 'egress': end
[17:35:36.348] [bmv2] [D] [thread 20544] [13.0] [cxt 0] Deparser 'deparser': start
[17:35:36.348] [bmv2] [T] [thread 20544] [13.0] [cxt 0] Skipping checksum 'cksum' update because condition not met
[17:35:36.348] [bmv2] [D] [thread 20544] [13.0] [cxt 0] Deparsing header 'ethernet'
[17:35:36.348] [bmv2] [D] [thread 20544] [13.0] [cxt 0] Deparser 'deparser': end
[17:35:36.349] [bmv2] [D] [thread 20548] [13.0] [cxt 0] Transmitting packet of size 196 out of port 0
[17:35:42.186] [bmv2] [D] [thread 20543] [14.0] [cxt 0] Processing packet received on port 1
[17:35:42.186] [bmv2] [D] [thread 20543] [14.0] [cxt 0] Parser 'parser': start
[17:35:42.186] [bmv2] [D] [thread 20543] [14.0] [cxt 0] Parser 'parser' entering state 'start'
[17:35:42.186] [bmv2] [D] [thread 20543] [14.0] [cxt 0] Extracting header 'ethernet'
[17:35:42.186] [bmv2] [D] [thread 20543] [14.0] [cxt 0] Parser state 'start': key is 86dd
[17:35:42.186] [bmv2] [T] [thread 20543] [14.0] [cxt 0] Bytes parsed: 14
[17:35:42.186] [bmv2] [D] [thread 20543] [14.0] [cxt 0] Parser 'parser': end
[17:35:42.186] [bmv2] [D] [thread 20543] [14.0] [cxt 0] Pipeline 'ingress': start
[17:35:42.186] [bmv2] [T] [thread 20543] [14.0] [cxt 0] load_balance.p4(147) Condition "hdr.ipv4.isValid() && hdr.ipv4.ttl > 0" (node_2) is false
[17:35:42.186] [bmv2] [D] [thread 20543] [14.0] [cxt 0] Pipeline 'ingress': end
[17:35:42.186] [bmv2] [D] [thread 20543] [14.0] [cxt 0] Egress port is 0
[17:35:42.187] [bmv2] [D] [thread 20544] [14.0] [cxt 0] Pipeline 'egress': start
[17:35:42.187] [bmv2] [T] [thread 20544] [14.0] [cxt 0] Applying table 'MyEgress.send_frame'
[17:35:42.187] [bmv2] [D] [thread 20544] [14.0] [cxt 0] Looking up key:
* standard_metadata.egress_port: 0000

[17:35:42.187] [bmv2] [D] [thread 20544] [14.0] [cxt 0] Table 'MyEgress.send_frame': miss
[17:35:42.187] [bmv2] [D] [thread 20544] [14.0] [cxt 0] Action entry is NoAction - 
[17:35:42.187] [bmv2] [T] [thread 20544] [14.0] [cxt 0] Action NoAction
[17:35:42.187] [bmv2] [D] [thread 20544] [14.0] [cxt 0] Pipeline 'egress': end
[17:35:42.187] [bmv2] [D] [thread 20544] [14.0] [cxt 0] Deparser 'deparser': start
[17:35:42.187] [bmv2] [T] [thread 20544] [14.0] [cxt 0] Skipping checksum 'cksum' update because condition not met
[17:35:42.187] [bmv2] [D] [thread 20544] [14.0] [cxt 0] Deparsing header 'ethernet'
[17:35:42.187] [bmv2] [D] [thread 20544] [14.0] [cxt 0] Deparser 'deparser': end
[17:35:42.188] [bmv2] [D] [thread 20548] [14.0] [cxt 0] Transmitting packet of size 70 out of port 0
[17:35:43.209] [bmv2] [D] [thread 20543] [15.0] [cxt 0] Processing packet received on port 3
[17:35:43.209] [bmv2] [D] [thread 20543] [15.0] [cxt 0] Parser 'parser': start
[17:35:43.209] [bmv2] [D] [thread 20543] [15.0] [cxt 0] Parser 'parser' entering state 'start'
[17:35:43.209] [bmv2] [D] [thread 20543] [15.0] [cxt 0] Extracting header 'ethernet'
[17:35:43.209] [bmv2] [D] [thread 20543] [15.0] [cxt 0] Parser state 'start': key is 86dd
[17:35:43.209] [bmv2] [T] [thread 20543] [15.0] [cxt 0] Bytes parsed: 14
[17:35:43.209] [bmv2] [D] [thread 20543] [15.0] [cxt 0] Parser 'parser': end
[17:35:43.210] [bmv2] [D] [thread 20543] [15.0] [cxt 0] Pipeline 'ingress': start
[17:35:43.210] [bmv2] [T] [thread 20543] [15.0] [cxt 0] load_balance.p4(147) Condition "hdr.ipv4.isValid() && hdr.ipv4.ttl > 0" (node_2) is false
[17:35:43.210] [bmv2] [D] [thread 20543] [15.0] [cxt 0] Pipeline 'ingress': end
[17:35:43.210] [bmv2] [D] [thread 20543] [15.0] [cxt 0] Egress port is 0
[17:35:43.218] [bmv2] [D] [thread 20544] [15.0] [cxt 0] Pipeline 'egress': start
[17:35:43.219] [bmv2] [T] [thread 20544] [15.0] [cxt 0] Applying table 'MyEgress.send_frame'
[17:35:43.219] [bmv2] [D] [thread 20544] [15.0] [cxt 0] Looking up key:
* standard_metadata.egress_port: 0000

[17:35:43.219] [bmv2] [D] [thread 20544] [15.0] [cxt 0] Table 'MyEgress.send_frame': miss
[17:35:43.219] [bmv2] [D] [thread 20544] [15.0] [cxt 0] Action entry is NoAction - 
[17:35:43.219] [bmv2] [T] [thread 20544] [15.0] [cxt 0] Action NoAction
[17:35:43.219] [bmv2] [D] [thread 20544] [15.0] [cxt 0] Pipeline 'egress': end
[17:35:43.219] [bmv2] [D] [thread 20544] [15.0] [cxt 0] Deparser 'deparser': start
[17:35:43.219] [bmv2] [T] [thread 20544] [15.0] [cxt 0] Skipping checksum 'cksum' update because condition not met
[17:35:43.219] [bmv2] [D] [thread 20544] [15.0] [cxt 0] Deparsing header 'ethernet'
[17:35:43.219] [bmv2] [D] [thread 20544] [15.0] [cxt 0] Deparser 'deparser': end
[17:35:43.220] [bmv2] [D] [thread 20548] [15.0] [cxt 0] Transmitting packet of size 70 out of port 0
[17:35:43.218] [bmv2] [D] [thread 20543] [16.0] [cxt 0] Processing packet received on port 2
[17:35:43.221] [bmv2] [D] [thread 20543] [16.0] [cxt 0] Parser 'parser': start
[17:35:43.221] [bmv2] [D] [thread 20543] [16.0] [cxt 0] Parser 'parser' entering state 'start'
[17:35:43.223] [bmv2] [D] [thread 20543] [16.0] [cxt 0] Extracting header 'ethernet'
[17:35:43.223] [bmv2] [D] [thread 20543] [16.0] [cxt 0] Parser state 'start': key is 86dd
[17:35:43.226] [bmv2] [T] [thread 20543] [16.0] [cxt 0] Bytes parsed: 14
[17:35:43.226] [bmv2] [D] [thread 20543] [16.0] [cxt 0] Parser 'parser': end
[17:35:43.226] [bmv2] [D] [thread 20543] [16.0] [cxt 0] Pipeline 'ingress': start
[17:35:43.226] [bmv2] [T] [thread 20543] [16.0] [cxt 0] load_balance.p4(147) Condition "hdr.ipv4.isValid() && hdr.ipv4.ttl > 0" (node_2) is false
[17:35:43.226] [bmv2] [D] [thread 20543] [16.0] [cxt 0] Pipeline 'ingress': end
[17:35:43.226] [bmv2] [D] [thread 20543] [16.0] [cxt 0] Egress port is 0
[17:35:43.228] [bmv2] [D] [thread 20544] [16.0] [cxt 0] Pipeline 'egress': start
[17:35:43.228] [bmv2] [T] [thread 20544] [16.0] [cxt 0] Applying table 'MyEgress.send_frame'
[17:35:43.228] [bmv2] [D] [thread 20544] [16.0] [cxt 0] Looking up key:
* standard_metadata.egress_port: 0000

[17:35:43.228] [bmv2] [D] [thread 20544] [16.0] [cxt 0] Table 'MyEgress.send_frame': miss
[17:35:43.228] [bmv2] [D] [thread 20544] [16.0] [cxt 0] Action entry is NoAction - 
[17:35:43.228] [bmv2] [T] [thread 20544] [16.0] [cxt 0] Action NoAction
[17:35:43.228] [bmv2] [D] [thread 20544] [16.0] [cxt 0] Pipeline 'egress': end
[17:35:43.228] [bmv2] [D] [thread 20544] [16.0] [cxt 0] Deparser 'deparser': start
[17:35:43.228] [bmv2] [T] [thread 20544] [16.0] [cxt 0] Skipping checksum 'cksum' update because condition not met
[17:35:43.228] [bmv2] [D] [thread 20544] [16.0] [cxt 0] Deparsing header 'ethernet'
[17:35:43.228] [bmv2] [D] [thread 20544] [16.0] [cxt 0] Deparser 'deparser': end
[17:35:43.228] [bmv2] [D] [thread 20548] [16.0] [cxt 0] Transmitting packet of size 70 out of port 0
[17:35:43.480] [bmv2] [D] [thread 20543] [17.0] [cxt 0] Processing packet received on port 3
[17:35:43.481] [bmv2] [D] [thread 20543] [17.0] [cxt 0] Parser 'parser': start
[17:35:43.481] [bmv2] [D] [thread 20543] [17.0] [cxt 0] Parser 'parser' entering state 'start'
[17:35:43.481] [bmv2] [D] [thread 20543] [17.0] [cxt 0] Extracting header 'ethernet'
[17:35:43.481] [bmv2] [D] [thread 20543] [17.0] [cxt 0] Parser state 'start': key is 86dd
[17:35:43.481] [bmv2] [T] [thread 20543] [17.0] [cxt 0] Bytes parsed: 14
[17:35:43.481] [bmv2] [D] [thread 20543] [17.0] [cxt 0] Parser 'parser': end
[17:35:43.481] [bmv2] [D] [thread 20543] [17.0] [cxt 0] Pipeline 'ingress': start
[17:35:43.481] [bmv2] [T] [thread 20543] [17.0] [cxt 0] load_balance.p4(147) Condition "hdr.ipv4.isValid() && hdr.ipv4.ttl > 0" (node_2) is false
[17:35:43.481] [bmv2] [D] [thread 20543] [17.0] [cxt 0] Pipeline 'ingress': end
[17:35:43.481] [bmv2] [D] [thread 20543] [17.0] [cxt 0] Egress port is 0
[17:35:43.482] [bmv2] [D] [thread 20544] [17.0] [cxt 0] Pipeline 'egress': start
[17:35:43.482] [bmv2] [T] [thread 20544] [17.0] [cxt 0] Applying table 'MyEgress.send_frame'
[17:35:43.482] [bmv2] [D] [thread 20544] [17.0] [cxt 0] Looking up key:
* standard_metadata.egress_port: 0000

[17:35:43.482] [bmv2] [D] [thread 20544] [17.0] [cxt 0] Table 'MyEgress.send_frame': miss
[17:35:43.483] [bmv2] [D] [thread 20544] [17.0] [cxt 0] Action entry is NoAction - 
[17:35:43.483] [bmv2] [T] [thread 20544] [17.0] [cxt 0] Action NoAction
[17:35:43.483] [bmv2] [D] [thread 20544] [17.0] [cxt 0] Pipeline 'egress': end
[17:35:43.483] [bmv2] [D] [thread 20544] [17.0] [cxt 0] Deparser 'deparser': start
[17:35:43.483] [bmv2] [T] [thread 20544] [17.0] [cxt 0] Skipping checksum 'cksum' update because condition not met
[17:35:43.483] [bmv2] [D] [thread 20544] [17.0] [cxt 0] Deparsing header 'ethernet'
[17:35:43.483] [bmv2] [D] [thread 20544] [17.0] [cxt 0] Deparser 'deparser': end
[17:35:43.483] [bmv2] [D] [thread 20548] [17.0] [cxt 0] Transmitting packet of size 70 out of port 0
[17:35:44.489] [bmv2] [D] [thread 20543] [18.0] [cxt 0] Processing packet received on port 2
[17:35:44.489] [bmv2] [D] [thread 20543] [18.0] [cxt 0] Parser 'parser': start
[17:35:44.489] [bmv2] [D] [thread 20543] [18.0] [cxt 0] Parser 'parser' entering state 'start'
[17:35:44.489] [bmv2] [D] [thread 20543] [18.0] [cxt 0] Extracting header 'ethernet'
[17:35:44.489] [bmv2] [D] [thread 20543] [18.0] [cxt 0] Parser state 'start': key is 86dd
[17:35:44.489] [bmv2] [T] [thread 20543] [18.0] [cxt 0] Bytes parsed: 14
[17:35:44.490] [bmv2] [D] [thread 20543] [18.0] [cxt 0] Parser 'parser': end
[17:35:44.490] [bmv2] [D] [thread 20543] [18.0] [cxt 0] Pipeline 'ingress': start
[17:35:44.490] [bmv2] [T] [thread 20543] [18.0] [cxt 0] load_balance.p4(147) Condition "hdr.ipv4.isValid() && hdr.ipv4.ttl > 0" (node_2) is false
[17:35:44.490] [bmv2] [D] [thread 20543] [18.0] [cxt 0] Pipeline 'ingress': end
[17:35:44.490] [bmv2] [D] [thread 20543] [18.0] [cxt 0] Egress port is 0
[17:35:44.490] [bmv2] [D] [thread 20544] [18.0] [cxt 0] Pipeline 'egress': start
[17:35:44.490] [bmv2] [T] [thread 20544] [18.0] [cxt 0] Applying table 'MyEgress.send_frame'
[17:35:44.490] [bmv2] [D] [thread 20544] [18.0] [cxt 0] Looking up key:
* standard_metadata.egress_port: 0000

[17:35:44.490] [bmv2] [D] [thread 20544] [18.0] [cxt 0] Table 'MyEgress.send_frame': miss
[17:35:44.490] [bmv2] [D] [thread 20544] [18.0] [cxt 0] Action entry is NoAction - 
[17:35:44.490] [bmv2] [T] [thread 20544] [18.0] [cxt 0] Action NoAction
[17:35:44.490] [bmv2] [D] [thread 20544] [18.0] [cxt 0] Pipeline 'egress': end
[17:35:44.490] [bmv2] [D] [thread 20544] [18.0] [cxt 0] Deparser 'deparser': start
[17:35:44.490] [bmv2] [T] [thread 20544] [18.0] [cxt 0] Skipping checksum 'cksum' update because condition not met
[17:35:44.490] [bmv2] [D] [thread 20544] [18.0] [cxt 0] Deparsing header 'ethernet'
[17:35:44.490] [bmv2] [D] [thread 20544] [18.0] [cxt 0] Deparser 'deparser': end
[17:35:44.490] [bmv2] [D] [thread 20548] [18.0] [cxt 0] Transmitting packet of size 70 out of port 0
[17:35:57.803] [bmv2] [D] [thread 20543] [19.0] [cxt 0] Processing packet received on port 1
[17:35:57.804] [bmv2] [D] [thread 20543] [19.0] [cxt 0] Parser 'parser': start
[17:35:57.804] [bmv2] [D] [thread 20543] [19.0] [cxt 0] Parser 'parser' entering state 'start'
[17:35:57.804] [bmv2] [D] [thread 20543] [19.0] [cxt 0] Extracting header 'ethernet'
[17:35:57.804] [bmv2] [D] [thread 20543] [19.0] [cxt 0] Parser state 'start': key is 86dd
[17:35:57.804] [bmv2] [T] [thread 20543] [19.0] [cxt 0] Bytes parsed: 14
[17:35:57.804] [bmv2] [D] [thread 20543] [19.0] [cxt 0] Parser 'parser': end
[17:35:57.804] [bmv2] [D] [thread 20543] [19.0] [cxt 0] Pipeline 'ingress': start
[17:35:57.804] [bmv2] [T] [thread 20543] [19.0] [cxt 0] load_balance.p4(147) Condition "hdr.ipv4.isValid() && hdr.ipv4.ttl > 0" (node_2) is false
[17:35:57.804] [bmv2] [D] [thread 20543] [19.0] [cxt 0] Pipeline 'ingress': end
[17:35:57.804] [bmv2] [D] [thread 20543] [19.0] [cxt 0] Egress port is 0
[17:35:57.805] [bmv2] [D] [thread 20544] [19.0] [cxt 0] Pipeline 'egress': start
[17:35:57.805] [bmv2] [T] [thread 20544] [19.0] [cxt 0] Applying table 'MyEgress.send_frame'
[17:35:57.805] [bmv2] [D] [thread 20544] [19.0] [cxt 0] Looking up key:
* standard_metadata.egress_port: 0000

[17:35:57.805] [bmv2] [D] [thread 20544] [19.0] [cxt 0] Table 'MyEgress.send_frame': miss
[17:35:57.805] [bmv2] [D] [thread 20544] [19.0] [cxt 0] Action entry is NoAction - 
[17:35:57.805] [bmv2] [T] [thread 20544] [19.0] [cxt 0] Action NoAction
[17:35:57.805] [bmv2] [D] [thread 20544] [19.0] [cxt 0] Pipeline 'egress': end
[17:35:57.805] [bmv2] [D] [thread 20544] [19.0] [cxt 0] Deparser 'deparser': start
[17:35:57.805] [bmv2] [T] [thread 20544] [19.0] [cxt 0] Skipping checksum 'cksum' update because condition not met
[17:35:57.805] [bmv2] [D] [thread 20544] [19.0] [cxt 0] Deparsing header 'ethernet'
[17:35:57.805] [bmv2] [D] [thread 20544] [19.0] [cxt 0] Deparser 'deparser': end
[17:35:57.805] [bmv2] [D] [thread 20548] [19.0] [cxt 0] Transmitting packet of size 70 out of port 0
[17:35:58.318] [bmv2] [D] [thread 20543] [20.0] [cxt 0] Processing packet received on port 3
[17:35:58.318] [bmv2] [D] [thread 20543] [20.0] [cxt 0] Parser 'parser': start
[17:35:58.318] [bmv2] [D] [thread 20543] [20.0] [cxt 0] Parser 'parser' entering state 'start'
[17:35:58.318] [bmv2] [D] [thread 20543] [20.0] [cxt 0] Extracting header 'ethernet'
[17:35:58.318] [bmv2] [D] [thread 20543] [20.0] [cxt 0] Parser state 'start': key is 86dd
[17:35:58.318] [bmv2] [T] [thread 20543] [20.0] [cxt 0] Bytes parsed: 14
[17:35:58.318] [bmv2] [D] [thread 20543] [20.0] [cxt 0] Parser 'parser': end
[17:35:58.318] [bmv2] [D] [thread 20543] [20.0] [cxt 0] Pipeline 'ingress': start
[17:35:58.318] [bmv2] [T] [thread 20543] [20.0] [cxt 0] load_balance.p4(147) Condition "hdr.ipv4.isValid() && hdr.ipv4.ttl > 0" (node_2) is false
[17:35:58.318] [bmv2] [D] [thread 20543] [20.0] [cxt 0] Pipeline 'ingress': end
[17:35:58.318] [bmv2] [D] [thread 20543] [20.0] [cxt 0] Egress port is 0
[17:35:58.318] [bmv2] [D] [thread 20543] [21.0] [cxt 0] Processing packet received on port 3
[17:35:58.318] [bmv2] [D] [thread 20543] [21.0] [cxt 0] Parser 'parser': start
[17:35:58.318] [bmv2] [D] [thread 20543] [21.0] [cxt 0] Parser 'parser' entering state 'start'
[17:35:58.318] [bmv2] [D] [thread 20543] [21.0] [cxt 0] Extracting header 'ethernet'
[17:35:58.318] [bmv2] [D] [thread 20543] [21.0] [cxt 0] Parser state 'start': key is 86dd
[17:35:58.318] [bmv2] [T] [thread 20543] [21.0] [cxt 0] Bytes parsed: 14
[17:35:58.318] [bmv2] [D] [thread 20543] [21.0] [cxt 0] Parser 'parser': end
[17:35:58.318] [bmv2] [D] [thread 20543] [21.0] [cxt 0] Pipeline 'ingress': start
[17:35:58.318] [bmv2] [T] [thread 20543] [21.0] [cxt 0] load_balance.p4(147) Condition "hdr.ipv4.isValid() && hdr.ipv4.ttl > 0" (node_2) is false
[17:35:58.318] [bmv2] [D] [thread 20543] [21.0] [cxt 0] Pipeline 'ingress': end
[17:35:58.318] [bmv2] [D] [thread 20543] [21.0] [cxt 0] Egress port is 0
[17:35:58.318] [bmv2] [D] [thread 20544] [20.0] [cxt 0] Pipeline 'egress': start
[17:35:58.318] [bmv2] [T] [thread 20544] [20.0] [cxt 0] Applying table 'MyEgress.send_frame'
[17:35:58.318] [bmv2] [D] [thread 20544] [20.0] [cxt 0] Looking up key:
* standard_metadata.egress_port: 0000

[17:35:58.318] [bmv2] [D] [thread 20544] [20.0] [cxt 0] Table 'MyEgress.send_frame': miss
[17:35:58.318] [bmv2] [D] [thread 20544] [20.0] [cxt 0] Action entry is NoAction - 
[17:35:58.318] [bmv2] [T] [thread 20544] [20.0] [cxt 0] Action NoAction
[17:35:58.318] [bmv2] [D] [thread 20544] [20.0] [cxt 0] Pipeline 'egress': end
[17:35:58.318] [bmv2] [D] [thread 20544] [20.0] [cxt 0] Deparser 'deparser': start
[17:35:58.318] [bmv2] [T] [thread 20544] [20.0] [cxt 0] Skipping checksum 'cksum' update because condition not met
[17:35:58.318] [bmv2] [D] [thread 20544] [20.0] [cxt 0] Deparsing header 'ethernet'
[17:35:58.318] [bmv2] [D] [thread 20544] [20.0] [cxt 0] Deparser 'deparser': end
[17:35:58.318] [bmv2] [D] [thread 20544] [21.0] [cxt 0] Pipeline 'egress': start
[17:35:58.318] [bmv2] [T] [thread 20544] [21.0] [cxt 0] Applying table 'MyEgress.send_frame'
[17:35:58.318] [bmv2] [D] [thread 20544] [21.0] [cxt 0] Looking up key:
* standard_metadata.egress_port: 0000

[17:35:58.318] [bmv2] [D] [thread 20544] [21.0] [cxt 0] Table 'MyEgress.send_frame': miss
[17:35:58.318] [bmv2] [D] [thread 20544] [21.0] [cxt 0] Action entry is NoAction - 
[17:35:58.318] [bmv2] [T] [thread 20544] [21.0] [cxt 0] Action NoAction
[17:35:58.318] [bmv2] [D] [thread 20544] [21.0] [cxt 0] Pipeline 'egress': end
[17:35:58.318] [bmv2] [D] [thread 20544] [21.0] [cxt 0] Deparser 'deparser': start
[17:35:58.318] [bmv2] [T] [thread 20544] [21.0] [cxt 0] Skipping checksum 'cksum' update because condition not met
[17:35:58.318] [bmv2] [D] [thread 20544] [21.0] [cxt 0] Deparsing header 'ethernet'
[17:35:58.318] [bmv2] [D] [thread 20544] [21.0] [cxt 0] Deparser 'deparser': end
[17:35:58.318] [bmv2] [D] [thread 20548] [20.0] [cxt 0] Transmitting packet of size 70 out of port 0
[17:35:58.318] [bmv2] [D] [thread 20548] [21.0] [cxt 0] Transmitting packet of size 70 out of port 0
[17:36:01.517] [bmv2] [D] [thread 20543] [22.0] [cxt 0] Processing packet received on port 2
[17:36:01.526] [bmv2] [D] [thread 20543] [22.0] [cxt 0] Parser 'parser': start
[17:36:01.526] [bmv2] [D] [thread 20543] [22.0] [cxt 0] Parser 'parser' entering state 'start'
[17:36:01.526] [bmv2] [D] [thread 20543] [22.0] [cxt 0] Extracting header 'ethernet'
[17:36:01.526] [bmv2] [D] [thread 20543] [22.0] [cxt 0] Parser state 'start': key is 86dd
[17:36:01.526] [bmv2] [T] [thread 20543] [22.0] [cxt 0] Bytes parsed: 14
[17:36:01.527] [bmv2] [D] [thread 20543] [22.0] [cxt 0] Parser 'parser': end
[17:36:01.527] [bmv2] [D] [thread 20543] [22.0] [cxt 0] Pipeline 'ingress': start
[17:36:01.527] [bmv2] [T] [thread 20543] [22.0] [cxt 0] load_balance.p4(147) Condition "hdr.ipv4.isValid() && hdr.ipv4.ttl > 0" (node_2) is false
[17:36:01.527] [bmv2] [D] [thread 20543] [22.0] [cxt 0] Pipeline 'ingress': end
[17:36:01.527] [bmv2] [D] [thread 20543] [22.0] [cxt 0] Egress port is 0
[17:36:01.527] [bmv2] [D] [thread 20544] [22.0] [cxt 0] Pipeline 'egress': start
[17:36:01.527] [bmv2] [T] [thread 20544] [22.0] [cxt 0] Applying table 'MyEgress.send_frame'
[17:36:01.527] [bmv2] [D] [thread 20544] [22.0] [cxt 0] Looking up key:
* standard_metadata.egress_port: 0000

[17:36:01.527] [bmv2] [D] [thread 20544] [22.0] [cxt 0] Table 'MyEgress.send_frame': miss
[17:36:01.527] [bmv2] [D] [thread 20544] [22.0] [cxt 0] Action entry is NoAction - 
[17:36:01.527] [bmv2] [T] [thread 20544] [22.0] [cxt 0] Action NoAction
[17:36:01.527] [bmv2] [D] [thread 20544] [22.0] [cxt 0] Pipeline 'egress': end
[17:36:01.527] [bmv2] [D] [thread 20544] [22.0] [cxt 0] Deparser 'deparser': start
[17:36:01.527] [bmv2] [T] [thread 20544] [22.0] [cxt 0] Skipping checksum 'cksum' update because condition not met
[17:36:01.527] [bmv2] [D] [thread 20544] [22.0] [cxt 0] Deparsing header 'ethernet'
[17:36:01.527] [bmv2] [D] [thread 20544] [22.0] [cxt 0] Deparser 'deparser': end
[17:36:01.527] [bmv2] [D] [thread 20548] [22.0] [cxt 0] Transmitting packet of size 70 out of port 0
[17:36:01.527] [bmv2] [D] [thread 20543] [23.0] [cxt 0] Processing packet received on port 2
[17:36:01.527] [bmv2] [D] [thread 20543] [23.0] [cxt 0] Parser 'parser': start
[17:36:01.528] [bmv2] [D] [thread 20543] [23.0] [cxt 0] Parser 'parser' entering state 'start'
[17:36:01.528] [bmv2] [D] [thread 20543] [23.0] [cxt 0] Extracting header 'ethernet'
[17:36:01.528] [bmv2] [D] [thread 20543] [23.0] [cxt 0] Parser state 'start': key is 86dd
[17:36:01.528] [bmv2] [T] [thread 20543] [23.0] [cxt 0] Bytes parsed: 14
[17:36:01.528] [bmv2] [D] [thread 20543] [23.0] [cxt 0] Parser 'parser': end
[17:36:01.528] [bmv2] [D] [thread 20543] [23.0] [cxt 0] Pipeline 'ingress': start
[17:36:01.528] [bmv2] [T] [thread 20543] [23.0] [cxt 0] load_balance.p4(147) Condition "hdr.ipv4.isValid() && hdr.ipv4.ttl > 0" (node_2) is false
[17:36:01.528] [bmv2] [D] [thread 20543] [23.0] [cxt 0] Pipeline 'ingress': end
[17:36:01.528] [bmv2] [D] [thread 20543] [23.0] [cxt 0] Egress port is 0
[17:36:01.528] [bmv2] [D] [thread 20544] [23.0] [cxt 0] Pipeline 'egress': start
[17:36:01.528] [bmv2] [T] [thread 20544] [23.0] [cxt 0] Applying table 'MyEgress.send_frame'
[17:36:01.528] [bmv2] [D] [thread 20544] [23.0] [cxt 0] Looking up key:
* standard_metadata.egress_port: 0000

[17:36:01.528] [bmv2] [D] [thread 20544] [23.0] [cxt 0] Table 'MyEgress.send_frame': miss
[17:36:01.528] [bmv2] [D] [thread 20544] [23.0] [cxt 0] Action entry is NoAction - 
[17:36:01.528] [bmv2] [T] [thread 20544] [23.0] [cxt 0] Action NoAction
[17:36:01.528] [bmv2] [D] [thread 20544] [23.0] [cxt 0] Pipeline 'egress': end
[17:36:01.528] [bmv2] [D] [thread 20544] [23.0] [cxt 0] Deparser 'deparser': start
[17:36:01.528] [bmv2] [T] [thread 20544] [23.0] [cxt 0] Skipping checksum 'cksum' update because condition not met
[17:36:01.528] [bmv2] [D] [thread 20544] [23.0] [cxt 0] Deparsing header 'ethernet'
[17:36:01.528] [bmv2] [D] [thread 20544] [23.0] [cxt 0] Deparser 'deparser': end
[17:36:01.528] [bmv2] [D] [thread 20548] [23.0] [cxt 0] Transmitting packet of size 70 out of port 0
[17:36:28.009] [bmv2] [D] [thread 20543] [24.0] [cxt 0] Processing packet received on port 3
[17:36:28.009] [bmv2] [D] [thread 20543] [24.0] [cxt 0] Parser 'parser': start
[17:36:28.009] [bmv2] [D] [thread 20543] [24.0] [cxt 0] Parser 'parser' entering state 'start'
[17:36:28.009] [bmv2] [D] [thread 20543] [24.0] [cxt 0] Extracting header 'ethernet'
[17:36:28.009] [bmv2] [D] [thread 20543] [24.0] [cxt 0] Parser state 'start': key is 86dd
[17:36:28.009] [bmv2] [T] [thread 20543] [24.0] [cxt 0] Bytes parsed: 14
[17:36:28.009] [bmv2] [D] [thread 20543] [24.0] [cxt 0] Parser 'parser': end
[17:36:28.009] [bmv2] [D] [thread 20543] [24.0] [cxt 0] Pipeline 'ingress': start
[17:36:28.009] [bmv2] [T] [thread 20543] [24.0] [cxt 0] load_balance.p4(147) Condition "hdr.ipv4.isValid() && hdr.ipv4.ttl > 0" (node_2) is false
[17:36:28.009] [bmv2] [D] [thread 20543] [24.0] [cxt 0] Pipeline 'ingress': end
[17:36:28.009] [bmv2] [D] [thread 20543] [24.0] [cxt 0] Egress port is 0
[17:36:28.009] [bmv2] [D] [thread 20543] [25.0] [cxt 0] Processing packet received on port 3
[17:36:28.009] [bmv2] [D] [thread 20543] [25.0] [cxt 0] Parser 'parser': start
[17:36:28.009] [bmv2] [D] [thread 20543] [25.0] [cxt 0] Parser 'parser' entering state 'start'
[17:36:28.009] [bmv2] [D] [thread 20543] [25.0] [cxt 0] Extracting header 'ethernet'
[17:36:28.009] [bmv2] [D] [thread 20543] [25.0] [cxt 0] Parser state 'start': key is 86dd
[17:36:28.009] [bmv2] [T] [thread 20543] [25.0] [cxt 0] Bytes parsed: 14
[17:36:28.009] [bmv2] [D] [thread 20543] [25.0] [cxt 0] Parser 'parser': end
[17:36:28.009] [bmv2] [D] [thread 20543] [25.0] [cxt 0] Pipeline 'ingress': start
[17:36:28.009] [bmv2] [T] [thread 20543] [25.0] [cxt 0] load_balance.p4(147) Condition "hdr.ipv4.isValid() && hdr.ipv4.ttl > 0" (node_2) is false
[17:36:28.009] [bmv2] [D] [thread 20543] [25.0] [cxt 0] Pipeline 'ingress': end
[17:36:28.009] [bmv2] [D] [thread 20543] [25.0] [cxt 0] Egress port is 0
[17:36:28.009] [bmv2] [D] [thread 20544] [24.0] [cxt 0] Pipeline 'egress': start
[17:36:28.009] [bmv2] [T] [thread 20544] [24.0] [cxt 0] Applying table 'MyEgress.send_frame'
[17:36:28.010] [bmv2] [D] [thread 20544] [24.0] [cxt 0] Looking up key:
* standard_metadata.egress_port: 0000

[17:36:28.010] [bmv2] [D] [thread 20544] [24.0] [cxt 0] Table 'MyEgress.send_frame': miss
[17:36:28.010] [bmv2] [D] [thread 20544] [24.0] [cxt 0] Action entry is NoAction - 
[17:36:28.010] [bmv2] [T] [thread 20544] [24.0] [cxt 0] Action NoAction
[17:36:28.010] [bmv2] [D] [thread 20544] [24.0] [cxt 0] Pipeline 'egress': end
[17:36:28.010] [bmv2] [D] [thread 20544] [24.0] [cxt 0] Deparser 'deparser': start
[17:36:28.010] [bmv2] [T] [thread 20544] [24.0] [cxt 0] Skipping checksum 'cksum' update because condition not met
[17:36:28.010] [bmv2] [D] [thread 20544] [24.0] [cxt 0] Deparsing header 'ethernet'
[17:36:28.010] [bmv2] [D] [thread 20544] [24.0] [cxt 0] Deparser 'deparser': end
[17:36:28.010] [bmv2] [D] [thread 20544] [25.0] [cxt 0] Pipeline 'egress': start
[17:36:28.010] [bmv2] [T] [thread 20544] [25.0] [cxt 0] Applying table 'MyEgress.send_frame'
[17:36:28.010] [bmv2] [D] [thread 20544] [25.0] [cxt 0] Looking up key:
* standard_metadata.egress_port: 0000

[17:36:28.010] [bmv2] [D] [thread 20544] [25.0] [cxt 0] Table 'MyEgress.send_frame': miss
[17:36:28.010] [bmv2] [D] [thread 20544] [25.0] [cxt 0] Action entry is NoAction - 
[17:36:28.010] [bmv2] [T] [thread 20544] [25.0] [cxt 0] Action NoAction
[17:36:28.010] [bmv2] [D] [thread 20544] [25.0] [cxt 0] Pipeline 'egress': end
[17:36:28.010] [bmv2] [D] [thread 20544] [25.0] [cxt 0] Deparser 'deparser': start
[17:36:28.010] [bmv2] [T] [thread 20544] [25.0] [cxt 0] Skipping checksum 'cksum' update because condition not met
[17:36:28.010] [bmv2] [D] [thread 20544] [25.0] [cxt 0] Deparsing header 'ethernet'
[17:36:28.010] [bmv2] [D] [thread 20544] [25.0] [cxt 0] Deparser 'deparser': end
[17:36:28.010] [bmv2] [D] [thread 20548] [24.0] [cxt 0] Transmitting packet of size 70 out of port 0
[17:36:28.010] [bmv2] [D] [thread 20548] [25.0] [cxt 0] Transmitting packet of size 70 out of port 0
[17:36:30.058] [bmv2] [D] [thread 20543] [26.0] [cxt 0] Processing packet received on port 1
[17:36:30.059] [bmv2] [D] [thread 20543] [26.0] [cxt 0] Parser 'parser': start
[17:36:30.059] [bmv2] [D] [thread 20543] [26.0] [cxt 0] Parser 'parser' entering state 'start'
[17:36:30.059] [bmv2] [D] [thread 20543] [26.0] [cxt 0] Extracting header 'ethernet'
[17:36:30.059] [bmv2] [D] [thread 20543] [26.0] [cxt 0] Parser state 'start': key is 86dd
[17:36:30.059] [bmv2] [T] [thread 20543] [26.0] [cxt 0] Bytes parsed: 14
[17:36:30.059] [bmv2] [D] [thread 20543] [26.0] [cxt 0] Parser 'parser': end
[17:36:30.059] [bmv2] [D] [thread 20543] [26.0] [cxt 0] Pipeline 'ingress': start
[17:36:30.059] [bmv2] [T] [thread 20543] [26.0] [cxt 0] load_balance.p4(147) Condition "hdr.ipv4.isValid() && hdr.ipv4.ttl > 0" (node_2) is false
[17:36:30.059] [bmv2] [D] [thread 20543] [26.0] [cxt 0] Pipeline 'ingress': end
[17:36:30.059] [bmv2] [D] [thread 20543] [26.0] [cxt 0] Egress port is 0
[17:36:30.059] [bmv2] [D] [thread 20544] [26.0] [cxt 0] Pipeline 'egress': start
[17:36:30.059] [bmv2] [T] [thread 20544] [26.0] [cxt 0] Applying table 'MyEgress.send_frame'
[17:36:30.059] [bmv2] [D] [thread 20544] [26.0] [cxt 0] Looking up key:
* standard_metadata.egress_port: 0000

[17:36:30.059] [bmv2] [D] [thread 20544] [26.0] [cxt 0] Table 'MyEgress.send_frame': miss
[17:36:30.059] [bmv2] [D] [thread 20544] [26.0] [cxt 0] Action entry is NoAction - 
[17:36:30.059] [bmv2] [T] [thread 20544] [26.0] [cxt 0] Action NoAction
[17:36:30.059] [bmv2] [D] [thread 20544] [26.0] [cxt 0] Pipeline 'egress': end
[17:36:30.059] [bmv2] [D] [thread 20544] [26.0] [cxt 0] Deparser 'deparser': start
[17:36:30.059] [bmv2] [T] [thread 20544] [26.0] [cxt 0] Skipping checksum 'cksum' update because condition not met
[17:36:30.060] [bmv2] [D] [thread 20544] [26.0] [cxt 0] Deparsing header 'ethernet'
[17:36:30.060] [bmv2] [D] [thread 20544] [26.0] [cxt 0] Deparser 'deparser': end
[17:36:30.060] [bmv2] [D] [thread 20548] [26.0] [cxt 0] Transmitting packet of size 70 out of port 0
[17:36:34.152] [bmv2] [D] [thread 20543] [27.0] [cxt 0] Processing packet received on port 2
[17:36:34.152] [bmv2] [D] [thread 20543] [27.0] [cxt 0] Parser 'parser': start
[17:36:34.152] [bmv2] [D] [thread 20543] [27.0] [cxt 0] Parser 'parser' entering state 'start'
[17:36:34.153] [bmv2] [D] [thread 20543] [27.0] [cxt 0] Extracting header 'ethernet'
[17:36:34.153] [bmv2] [D] [thread 20543] [27.0] [cxt 0] Parser state 'start': key is 86dd
[17:36:34.153] [bmv2] [T] [thread 20543] [27.0] [cxt 0] Bytes parsed: 14
[17:36:34.153] [bmv2] [D] [thread 20543] [27.0] [cxt 0] Parser 'parser': end
[17:36:34.153] [bmv2] [D] [thread 20543] [27.0] [cxt 0] Pipeline 'ingress': start
[17:36:34.153] [bmv2] [T] [thread 20543] [27.0] [cxt 0] load_balance.p4(147) Condition "hdr.ipv4.isValid() && hdr.ipv4.ttl > 0" (node_2) is false
[17:36:34.153] [bmv2] [D] [thread 20543] [27.0] [cxt 0] Pipeline 'ingress': end
[17:36:34.153] [bmv2] [D] [thread 20543] [27.0] [cxt 0] Egress port is 0
[17:36:34.153] [bmv2] [D] [thread 20544] [27.0] [cxt 0] Pipeline 'egress': start
[17:36:34.153] [bmv2] [T] [thread 20544] [27.0] [cxt 0] Applying table 'MyEgress.send_frame'
[17:36:34.153] [bmv2] [D] [thread 20544] [27.0] [cxt 0] Looking up key:
* standard_metadata.egress_port: 0000

[17:36:34.153] [bmv2] [D] [thread 20544] [27.0] [cxt 0] Table 'MyEgress.send_frame': miss
[17:36:34.153] [bmv2] [D] [thread 20544] [27.0] [cxt 0] Action entry is NoAction - 
[17:36:34.153] [bmv2] [T] [thread 20544] [27.0] [cxt 0] Action NoAction
[17:36:34.153] [bmv2] [D] [thread 20544] [27.0] [cxt 0] Pipeline 'egress': end
[17:36:34.153] [bmv2] [D] [thread 20544] [27.0] [cxt 0] Deparser 'deparser': start
[17:36:34.153] [bmv2] [T] [thread 20544] [27.0] [cxt 0] Skipping checksum 'cksum' update because condition not met
[17:36:34.153] [bmv2] [D] [thread 20544] [27.0] [cxt 0] Deparsing header 'ethernet'
[17:36:34.153] [bmv2] [D] [thread 20544] [27.0] [cxt 0] Deparser 'deparser': end
[17:36:34.153] [bmv2] [D] [thread 20548] [27.0] [cxt 0] Transmitting packet of size 70 out of port 0
[17:36:36.202] [bmv2] [D] [thread 20543] [28.0] [cxt 0] Processing packet received on port 2
[17:36:36.202] [bmv2] [D] [thread 20543] [28.0] [cxt 0] Parser 'parser': start
[17:36:36.202] [bmv2] [D] [thread 20543] [28.0] [cxt 0] Parser 'parser' entering state 'start'
[17:36:36.202] [bmv2] [D] [thread 20543] [28.0] [cxt 0] Extracting header 'ethernet'
[17:36:36.202] [bmv2] [D] [thread 20543] [28.0] [cxt 0] Parser state 'start': key is 86dd
[17:36:36.202] [bmv2] [T] [thread 20543] [28.0] [cxt 0] Bytes parsed: 14
[17:36:36.202] [bmv2] [D] [thread 20543] [28.0] [cxt 0] Parser 'parser': end
[17:36:36.202] [bmv2] [D] [thread 20543] [28.0] [cxt 0] Pipeline 'ingress': start
[17:36:36.202] [bmv2] [T] [thread 20543] [28.0] [cxt 0] load_balance.p4(147) Condition "hdr.ipv4.isValid() && hdr.ipv4.ttl > 0" (node_2) is false
[17:36:36.202] [bmv2] [D] [thread 20543] [28.0] [cxt 0] Pipeline 'ingress': end
[17:36:36.202] [bmv2] [D] [thread 20543] [28.0] [cxt 0] Egress port is 0
[17:36:36.202] [bmv2] [D] [thread 20544] [28.0] [cxt 0] Pipeline 'egress': start
[17:36:36.202] [bmv2] [T] [thread 20544] [28.0] [cxt 0] Applying table 'MyEgress.send_frame'
[17:36:36.202] [bmv2] [D] [thread 20544] [28.0] [cxt 0] Looking up key:
* standard_metadata.egress_port: 0000

[17:36:36.202] [bmv2] [D] [thread 20544] [28.0] [cxt 0] Table 'MyEgress.send_frame': miss
[17:36:36.202] [bmv2] [D] [thread 20544] [28.0] [cxt 0] Action entry is NoAction - 
[17:36:36.202] [bmv2] [T] [thread 20544] [28.0] [cxt 0] Action NoAction
[17:36:36.202] [bmv2] [D] [thread 20544] [28.0] [cxt 0] Pipeline 'egress': end
[17:36:36.202] [bmv2] [D] [thread 20544] [28.0] [cxt 0] Deparser 'deparser': start
[17:36:36.202] [bmv2] [T] [thread 20544] [28.0] [cxt 0] Skipping checksum 'cksum' update because condition not met
[17:36:36.202] [bmv2] [D] [thread 20544] [28.0] [cxt 0] Deparsing header 'ethernet'
[17:36:36.202] [bmv2] [D] [thread 20544] [28.0] [cxt 0] Deparser 'deparser': end
[17:36:36.202] [bmv2] [D] [thread 20548] [28.0] [cxt 0] Transmitting packet of size 70 out of port 0
[17:36:41.925] [bmv2] [D] [thread 20543] [29.0] [cxt 0] Processing packet received on port 2
[17:36:41.925] [bmv2] [D] [thread 20543] [29.0] [cxt 0] Parser 'parser': start
[17:36:41.925] [bmv2] [D] [thread 20543] [29.0] [cxt 0] Parser 'parser' entering state 'start'
[17:36:41.925] [bmv2] [D] [thread 20543] [29.0] [cxt 0] Extracting header 'ethernet'
[17:36:41.925] [bmv2] [D] [thread 20543] [29.0] [cxt 0] Parser state 'start': key is 0800
[17:36:41.925] [bmv2] [T] [thread 20543] [29.0] [cxt 0] Bytes parsed: 14
[17:36:41.925] [bmv2] [D] [thread 20543] [29.0] [cxt 0] Parser 'parser' entering state 'parse_ipv4'
[17:36:41.925] [bmv2] [D] [thread 20543] [29.0] [cxt 0] Extracting header 'ipv4'
[17:36:41.925] [bmv2] [D] [thread 20543] [29.0] [cxt 0] Parser state 'parse_ipv4': key is 06
[17:36:41.926] [bmv2] [T] [thread 20543] [29.0] [cxt 0] Bytes parsed: 34
[17:36:41.926] [bmv2] [D] [thread 20543] [29.0] [cxt 0] Parser 'parser' entering state 'parse_tcp'
[17:36:41.926] [bmv2] [D] [thread 20543] [29.0] [cxt 0] Extracting header 'tcp'
[17:36:41.926] [bmv2] [D] [thread 20543] [29.0] [cxt 0] Parser state 'parse_tcp' has no switch, going to default next state
[17:36:41.926] [bmv2] [T] [thread 20543] [29.0] [cxt 0] Bytes parsed: 54
[17:36:41.926] [bmv2] [D] [thread 20543] [29.0] [cxt 0] Parser 'parser': end
[17:36:41.926] [bmv2] [D] [thread 20543] [29.0] [cxt 0] Pipeline 'ingress': start
[17:36:41.926] [bmv2] [T] [thread 20543] [29.0] [cxt 0] load_balance.p4(147) Condition "hdr.ipv4.isValid() && hdr.ipv4.ttl > 0" (node_2) is true
[17:36:41.926] [bmv2] [T] [thread 20543] [29.0] [cxt 0] Applying table 'MyIngress.ecmp_group'
[17:36:41.926] [bmv2] [D] [thread 20543] [29.0] [cxt 0] Looking up key:
* hdr.ipv4.dstAddr    : 0a000202

[17:36:41.926] [bmv2] [D] [thread 20543] [29.0] [cxt 0] Table 'MyIngress.ecmp_group': hit with handle 0
[17:36:41.926] [bmv2] [D] [thread 20543] [29.0] [cxt 0] Dumping entry 0
Match key:
* hdr.ipv4.dstAddr    : LPM       0a000202/32
Action entry: MyIngress.set_ecmp_select - 0,1,

[17:36:41.926] [bmv2] [D] [thread 20543] [29.0] [cxt 0] Action entry is MyIngress.set_ecmp_select - 0,1,
[17:36:41.926] [bmv2] [T] [thread 20543] [29.0] [cxt 0] Action MyIngress.set_ecmp_select
[17:36:41.926] [bmv2] [T] [thread 20543] [29.0] [cxt 0] load_balance.p4(110) Primitive hdr.ipv4.srcAddr
[17:36:41.926] [bmv2] [T] [thread 20543] [29.0] [cxt 0] load_balance.p4(111) Primitive hdr.ipv4.dstAddr
[17:36:41.926] [bmv2] [T] [thread 20543] [29.0] [cxt 0] load_balance.p4(112) Primitive hdr.ipv4.protocol
[17:36:41.926] [bmv2] [T] [thread 20543] [29.0] [cxt 0] load_balance.p4(113) Primitive hdr.tcp.srcPort
[17:36:41.926] [bmv2] [T] [thread 20543] [29.0] [cxt 0] load_balance.p4(114) Primitive hdr.tcp.dstPort
[17:36:41.926] [bmv2] [T] [thread 20543] [29.0] [cxt 0] load_balance.p4(107) Primitive hash(meta.ecmp_select, ...
[17:36:41.926] [bmv2] [T] [thread 20543] [29.0] [cxt 0] hash(base=0, max=1) = 0
[17:36:41.926] [bmv2] [T] [thread 20543] [29.0] [cxt 0] Applying table 'MyIngress.ecmp_nhop'
[17:36:41.926] [bmv2] [D] [thread 20543] [29.0] [cxt 0] Looking up key:
* meta.ecmp_select    : 0000

[17:36:41.927] [bmv2] [D] [thread 20543] [29.0] [cxt 0] Table 'MyIngress.ecmp_nhop': hit with handle 0
[17:36:41.927] [bmv2] [D] [thread 20543] [29.0] [cxt 0] Dumping entry 0
Match key:
* meta.ecmp_select    : EXACT     0000
Action entry: MyIngress.set_nhop - 80000000202,a000202,1,

[17:36:41.927] [bmv2] [D] [thread 20543] [29.0] [cxt 0] Action entry is MyIngress.set_nhop - 80000000202,a000202,1,
[17:36:41.927] [bmv2] [T] [thread 20543] [29.0] [cxt 0] Action MyIngress.set_nhop
[17:36:41.927] [bmv2] [T] [thread 20543] [29.0] [cxt 0] load_balance.p4(118) Primitive hdr.ethernet.dstAddr = nhop_dmac
[17:36:41.927] [bmv2] [T] [thread 20543] [29.0] [cxt 0] load_balance.p4(119) Primitive hdr.ipv4.dstAddr = nhop_ipv4
[17:36:41.927] [bmv2] [T] [thread 20543] [29.0] [cxt 0] load_balance.p4(120) Primitive standard_metadata.egress_spec = port
[17:36:41.927] [bmv2] [T] [thread 20543] [29.0] [cxt 0] load_balance.p4(121) Primitive hdr.ipv4.ttl = hdr.ipv4.ttl - 1
[17:36:41.927] [bmv2] [D] [thread 20543] [29.0] [cxt 0] Pipeline 'ingress': end
[17:36:41.927] [bmv2] [D] [thread 20543] [29.0] [cxt 0] Egress port is 1
[17:36:41.927] [bmv2] [D] [thread 20545] [29.0] [cxt 0] Pipeline 'egress': start
[17:36:41.927] [bmv2] [T] [thread 20545] [29.0] [cxt 0] Applying table 'MyEgress.send_frame'
[17:36:41.928] [bmv2] [D] [thread 20545] [29.0] [cxt 0] Looking up key:
* standard_metadata.egress_port: 0001

[17:36:41.928] [bmv2] [D] [thread 20545] [29.0] [cxt 0] Table 'MyEgress.send_frame': hit with handle 0
[17:36:41.928] [bmv2] [D] [thread 20545] [29.0] [cxt 0] Dumping entry 0
Match key:
* standard_metadata.egress_port: EXACT     0001
Action entry: MyEgress.rewrite_mac - 20100,

[17:36:41.928] [bmv2] [D] [thread 20545] [29.0] [cxt 0] Action entry is MyEgress.rewrite_mac - 20100,
[17:36:41.928] [bmv2] [T] [thread 20545] [29.0] [cxt 0] Action MyEgress.rewrite_mac
[17:36:41.928] [bmv2] [T] [thread 20545] [29.0] [cxt 0] load_balance.p4(163) Primitive hdr.ethernet.srcAddr = smac
[17:36:41.928] [bmv2] [D] [thread 20545] [29.0] [cxt 0] Pipeline 'egress': end
[17:36:41.928] [bmv2] [D] [thread 20545] [29.0] [cxt 0] Deparser 'deparser': start
[17:36:41.928] [bmv2] [D] [thread 20545] [29.0] [cxt 0] Updating checksum 'cksum'
[17:36:41.928] [bmv2] [D] [thread 20545] [29.0] [cxt 0] Deparsing header 'ethernet'
[17:36:41.928] [bmv2] [D] [thread 20545] [29.0] [cxt 0] Deparsing header 'ipv4'
[17:36:41.928] [bmv2] [D] [thread 20545] [29.0] [cxt 0] Deparsing header 'tcp'
[17:36:41.928] [bmv2] [D] [thread 20545] [29.0] [cxt 0] Deparser 'deparser': end
[17:36:41.929] [bmv2] [D] [thread 20548] [29.0] [cxt 0] Transmitting packet of size 64 out of port 1
[17:36:47.950] [bmv2] [D] [thread 20543] [30.0] [cxt 0] Processing packet received on port 2
[17:36:47.950] [bmv2] [D] [thread 20543] [30.0] [cxt 0] Parser 'parser': start
[17:36:47.950] [bmv2] [D] [thread 20543] [30.0] [cxt 0] Parser 'parser' entering state 'start'
[17:36:47.950] [bmv2] [D] [thread 20543] [30.0] [cxt 0] Extracting header 'ethernet'
[17:36:47.950] [bmv2] [D] [thread 20543] [30.0] [cxt 0] Parser state 'start': key is 0800
[17:36:47.950] [bmv2] [T] [thread 20543] [30.0] [cxt 0] Bytes parsed: 14
[17:36:47.950] [bmv2] [D] [thread 20543] [30.0] [cxt 0] Parser 'parser' entering state 'parse_ipv4'
[17:36:47.950] [bmv2] [D] [thread 20543] [30.0] [cxt 0] Extracting header 'ipv4'
[17:36:47.950] [bmv2] [D] [thread 20543] [30.0] [cxt 0] Parser state 'parse_ipv4': key is 06
[17:36:47.950] [bmv2] [T] [thread 20543] [30.0] [cxt 0] Bytes parsed: 34
[17:36:47.950] [bmv2] [D] [thread 20543] [30.0] [cxt 0] Parser 'parser' entering state 'parse_tcp'
[17:36:47.950] [bmv2] [D] [thread 20543] [30.0] [cxt 0] Extracting header 'tcp'
[17:36:47.950] [bmv2] [D] [thread 20543] [30.0] [cxt 0] Parser state 'parse_tcp' has no switch, going to default next state
[17:36:47.950] [bmv2] [T] [thread 20543] [30.0] [cxt 0] Bytes parsed: 54
[17:36:47.950] [bmv2] [D] [thread 20543] [30.0] [cxt 0] Parser 'parser': end
[17:36:47.950] [bmv2] [D] [thread 20543] [30.0] [cxt 0] Pipeline 'ingress': start
[17:36:47.950] [bmv2] [T] [thread 20543] [30.0] [cxt 0] load_balance.p4(147) Condition "hdr.ipv4.isValid() && hdr.ipv4.ttl > 0" (node_2) is true
[17:36:47.950] [bmv2] [T] [thread 20543] [30.0] [cxt 0] Applying table 'MyIngress.ecmp_group'
[17:36:47.950] [bmv2] [D] [thread 20543] [30.0] [cxt 0] Looking up key:
* hdr.ipv4.dstAddr    : 0a000202

[17:36:47.952] [bmv2] [D] [thread 20543] [30.0] [cxt 0] Table 'MyIngress.ecmp_group': hit with handle 0
[17:36:47.952] [bmv2] [D] [thread 20543] [30.0] [cxt 0] Dumping entry 0
Match key:
* hdr.ipv4.dstAddr    : LPM       0a000202/32
Action entry: MyIngress.set_ecmp_select - 0,1,

[17:36:47.952] [bmv2] [D] [thread 20543] [30.0] [cxt 0] Action entry is MyIngress.set_ecmp_select - 0,1,
[17:36:47.952] [bmv2] [T] [thread 20543] [30.0] [cxt 0] Action MyIngress.set_ecmp_select
[17:36:47.952] [bmv2] [T] [thread 20543] [30.0] [cxt 0] load_balance.p4(110) Primitive hdr.ipv4.srcAddr
[17:36:47.952] [bmv2] [T] [thread 20543] [30.0] [cxt 0] load_balance.p4(111) Primitive hdr.ipv4.dstAddr
[17:36:47.952] [bmv2] [T] [thread 20543] [30.0] [cxt 0] load_balance.p4(112) Primitive hdr.ipv4.protocol
[17:36:47.952] [bmv2] [T] [thread 20543] [30.0] [cxt 0] load_balance.p4(113) Primitive hdr.tcp.srcPort
[17:36:47.952] [bmv2] [T] [thread 20543] [30.0] [cxt 0] load_balance.p4(114) Primitive hdr.tcp.dstPort
[17:36:47.952] [bmv2] [T] [thread 20543] [30.0] [cxt 0] load_balance.p4(107) Primitive hash(meta.ecmp_select, ...
[17:36:47.952] [bmv2] [T] [thread 20543] [30.0] [cxt 0] hash(base=0, max=1) = 0
[17:36:47.952] [bmv2] [T] [thread 20543] [30.0] [cxt 0] Applying table 'MyIngress.ecmp_nhop'
[17:36:47.952] [bmv2] [D] [thread 20543] [30.0] [cxt 0] Looking up key:
* meta.ecmp_select    : 0000

[17:36:47.952] [bmv2] [D] [thread 20543] [30.0] [cxt 0] Table 'MyIngress.ecmp_nhop': hit with handle 0
[17:36:47.952] [bmv2] [D] [thread 20543] [30.0] [cxt 0] Dumping entry 0
Match key:
* meta.ecmp_select    : EXACT     0000
Action entry: MyIngress.set_nhop - 80000000202,a000202,1,

[17:36:47.952] [bmv2] [D] [thread 20543] [30.0] [cxt 0] Action entry is MyIngress.set_nhop - 80000000202,a000202,1,
[17:36:47.952] [bmv2] [T] [thread 20543] [30.0] [cxt 0] Action MyIngress.set_nhop
[17:36:47.952] [bmv2] [T] [thread 20543] [30.0] [cxt 0] load_balance.p4(118) Primitive hdr.ethernet.dstAddr = nhop_dmac
[17:36:47.952] [bmv2] [T] [thread 20543] [30.0] [cxt 0] load_balance.p4(119) Primitive hdr.ipv4.dstAddr = nhop_ipv4
[17:36:47.952] [bmv2] [T] [thread 20543] [30.0] [cxt 0] load_balance.p4(120) Primitive standard_metadata.egress_spec = port
[17:36:47.952] [bmv2] [T] [thread 20543] [30.0] [cxt 0] load_balance.p4(121) Primitive hdr.ipv4.ttl = hdr.ipv4.ttl - 1
[17:36:47.952] [bmv2] [D] [thread 20543] [30.0] [cxt 0] Pipeline 'ingress': end
[17:36:47.952] [bmv2] [D] [thread 20543] [30.0] [cxt 0] Egress port is 1
[17:36:47.953] [bmv2] [D] [thread 20545] [30.0] [cxt 0] Pipeline 'egress': start
[17:36:47.953] [bmv2] [T] [thread 20545] [30.0] [cxt 0] Applying table 'MyEgress.send_frame'
[17:36:47.954] [bmv2] [D] [thread 20545] [30.0] [cxt 0] Looking up key:
* standard_metadata.egress_port: 0001

[17:36:47.954] [bmv2] [D] [thread 20545] [30.0] [cxt 0] Table 'MyEgress.send_frame': hit with handle 0
[17:36:47.954] [bmv2] [D] [thread 20545] [30.0] [cxt 0] Dumping entry 0
Match key:
* standard_metadata.egress_port: EXACT     0001
Action entry: MyEgress.rewrite_mac - 20100,

[17:36:47.954] [bmv2] [D] [thread 20545] [30.0] [cxt 0] Action entry is MyEgress.rewrite_mac - 20100,
[17:36:47.954] [bmv2] [T] [thread 20545] [30.0] [cxt 0] Action MyEgress.rewrite_mac
[17:36:47.954] [bmv2] [T] [thread 20545] [30.0] [cxt 0] load_balance.p4(163) Primitive hdr.ethernet.srcAddr = smac
[17:36:47.954] [bmv2] [D] [thread 20545] [30.0] [cxt 0] Pipeline 'egress': end
[17:36:47.954] [bmv2] [D] [thread 20545] [30.0] [cxt 0] Deparser 'deparser': start
[17:36:47.954] [bmv2] [D] [thread 20545] [30.0] [cxt 0] Updating checksum 'cksum'
[17:36:47.954] [bmv2] [D] [thread 20545] [30.0] [cxt 0] Deparsing header 'ethernet'
[17:36:47.954] [bmv2] [D] [thread 20545] [30.0] [cxt 0] Deparsing header 'ipv4'
[17:36:47.954] [bmv2] [D] [thread 20545] [30.0] [cxt 0] Deparsing header 'tcp'
[17:36:47.954] [bmv2] [D] [thread 20545] [30.0] [cxt 0] Deparser 'deparser': end
[17:36:47.955] [bmv2] [D] [thread 20548] [30.0] [cxt 0] Transmitting packet of size 65 out of port 1
[17:37:00.576] [bmv2] [D] [thread 20543] [31.0] [cxt 0] Processing packet received on port 2
[17:37:00.576] [bmv2] [D] [thread 20543] [31.0] [cxt 0] Parser 'parser': start
[17:37:00.576] [bmv2] [D] [thread 20543] [31.0] [cxt 0] Parser 'parser' entering state 'start'
[17:37:00.576] [bmv2] [D] [thread 20543] [31.0] [cxt 0] Extracting header 'ethernet'
[17:37:00.577] [bmv2] [D] [thread 20543] [31.0] [cxt 0] Parser state 'start': key is 0800
[17:37:00.577] [bmv2] [T] [thread 20543] [31.0] [cxt 0] Bytes parsed: 14
[17:37:00.577] [bmv2] [D] [thread 20543] [31.0] [cxt 0] Parser 'parser' entering state 'parse_ipv4'
[17:37:00.577] [bmv2] [D] [thread 20543] [31.0] [cxt 0] Extracting header 'ipv4'
[17:37:00.577] [bmv2] [D] [thread 20543] [31.0] [cxt 0] Parser state 'parse_ipv4': key is 06
[17:37:00.577] [bmv2] [T] [thread 20543] [31.0] [cxt 0] Bytes parsed: 34
[17:37:00.577] [bmv2] [D] [thread 20543] [31.0] [cxt 0] Parser 'parser' entering state 'parse_tcp'
[17:37:00.577] [bmv2] [D] [thread 20543] [31.0] [cxt 0] Extracting header 'tcp'
[17:37:00.577] [bmv2] [D] [thread 20543] [31.0] [cxt 0] Parser state 'parse_tcp' has no switch, going to default next state
[17:37:00.577] [bmv2] [T] [thread 20543] [31.0] [cxt 0] Bytes parsed: 54
[17:37:00.577] [bmv2] [D] [thread 20543] [31.0] [cxt 0] Parser 'parser': end
[17:37:00.577] [bmv2] [D] [thread 20543] [31.0] [cxt 0] Pipeline 'ingress': start
[17:37:00.577] [bmv2] [T] [thread 20543] [31.0] [cxt 0] load_balance.p4(147) Condition "hdr.ipv4.isValid() && hdr.ipv4.ttl > 0" (node_2) is true
[17:37:00.577] [bmv2] [T] [thread 20543] [31.0] [cxt 0] Applying table 'MyIngress.ecmp_group'
[17:37:00.577] [bmv2] [D] [thread 20543] [31.0] [cxt 0] Looking up key:
* hdr.ipv4.dstAddr    : 0a000202

[17:37:00.577] [bmv2] [D] [thread 20543] [31.0] [cxt 0] Table 'MyIngress.ecmp_group': hit with handle 0
[17:37:00.577] [bmv2] [D] [thread 20543] [31.0] [cxt 0] Dumping entry 0
Match key:
* hdr.ipv4.dstAddr    : LPM       0a000202/32
Action entry: MyIngress.set_ecmp_select - 0,1,

[17:37:00.577] [bmv2] [D] [thread 20543] [31.0] [cxt 0] Action entry is MyIngress.set_ecmp_select - 0,1,
[17:37:00.577] [bmv2] [T] [thread 20543] [31.0] [cxt 0] Action MyIngress.set_ecmp_select
[17:37:00.577] [bmv2] [T] [thread 20543] [31.0] [cxt 0] load_balance.p4(110) Primitive hdr.ipv4.srcAddr
[17:37:00.577] [bmv2] [T] [thread 20543] [31.0] [cxt 0] load_balance.p4(111) Primitive hdr.ipv4.dstAddr
[17:37:00.577] [bmv2] [T] [thread 20543] [31.0] [cxt 0] load_balance.p4(112) Primitive hdr.ipv4.protocol
[17:37:00.577] [bmv2] [T] [thread 20543] [31.0] [cxt 0] load_balance.p4(113) Primitive hdr.tcp.srcPort
[17:37:00.577] [bmv2] [T] [thread 20543] [31.0] [cxt 0] load_balance.p4(114) Primitive hdr.tcp.dstPort
[17:37:00.577] [bmv2] [T] [thread 20543] [31.0] [cxt 0] load_balance.p4(107) Primitive hash(meta.ecmp_select, ...
[17:37:00.577] [bmv2] [T] [thread 20543] [31.0] [cxt 0] hash(base=0, max=1) = 0
[17:37:00.577] [bmv2] [T] [thread 20543] [31.0] [cxt 0] Applying table 'MyIngress.ecmp_nhop'
[17:37:00.577] [bmv2] [D] [thread 20543] [31.0] [cxt 0] Looking up key:
* meta.ecmp_select    : 0000

[17:37:00.577] [bmv2] [D] [thread 20543] [31.0] [cxt 0] Table 'MyIngress.ecmp_nhop': hit with handle 0
[17:37:00.577] [bmv2] [D] [thread 20543] [31.0] [cxt 0] Dumping entry 0
Match key:
* meta.ecmp_select    : EXACT     0000
Action entry: MyIngress.set_nhop - 80000000202,a000202,1,

[17:37:00.577] [bmv2] [D] [thread 20543] [31.0] [cxt 0] Action entry is MyIngress.set_nhop - 80000000202,a000202,1,
[17:37:00.577] [bmv2] [T] [thread 20543] [31.0] [cxt 0] Action MyIngress.set_nhop
[17:37:00.577] [bmv2] [T] [thread 20543] [31.0] [cxt 0] load_balance.p4(118) Primitive hdr.ethernet.dstAddr = nhop_dmac
[17:37:00.577] [bmv2] [T] [thread 20543] [31.0] [cxt 0] load_balance.p4(119) Primitive hdr.ipv4.dstAddr = nhop_ipv4
[17:37:00.577] [bmv2] [T] [thread 20543] [31.0] [cxt 0] load_balance.p4(120) Primitive standard_metadata.egress_spec = port
[17:37:00.577] [bmv2] [T] [thread 20543] [31.0] [cxt 0] load_balance.p4(121) Primitive hdr.ipv4.ttl = hdr.ipv4.ttl - 1
[17:37:00.577] [bmv2] [D] [thread 20543] [31.0] [cxt 0] Pipeline 'ingress': end
[17:37:00.577] [bmv2] [D] [thread 20543] [31.0] [cxt 0] Egress port is 1
[17:37:00.578] [bmv2] [D] [thread 20545] [31.0] [cxt 0] Pipeline 'egress': start
[17:37:00.578] [bmv2] [T] [thread 20545] [31.0] [cxt 0] Applying table 'MyEgress.send_frame'
[17:37:00.578] [bmv2] [D] [thread 20545] [31.0] [cxt 0] Looking up key:
* standard_metadata.egress_port: 0001

[17:37:00.578] [bmv2] [D] [thread 20545] [31.0] [cxt 0] Table 'MyEgress.send_frame': hit with handle 0
[17:37:00.578] [bmv2] [D] [thread 20545] [31.0] [cxt 0] Dumping entry 0
Match key:
* standard_metadata.egress_port: EXACT     0001
Action entry: MyEgress.rewrite_mac - 20100,

[17:37:00.578] [bmv2] [D] [thread 20545] [31.0] [cxt 0] Action entry is MyEgress.rewrite_mac - 20100,
[17:37:00.578] [bmv2] [T] [thread 20545] [31.0] [cxt 0] Action MyEgress.rewrite_mac
[17:37:00.578] [bmv2] [T] [thread 20545] [31.0] [cxt 0] load_balance.p4(163) Primitive hdr.ethernet.srcAddr = smac
[17:37:00.578] [bmv2] [D] [thread 20545] [31.0] [cxt 0] Pipeline 'egress': end
[17:37:00.578] [bmv2] [D] [thread 20545] [31.0] [cxt 0] Deparser 'deparser': start
[17:37:00.578] [bmv2] [D] [thread 20545] [31.0] [cxt 0] Updating checksum 'cksum'
[17:37:00.578] [bmv2] [D] [thread 20545] [31.0] [cxt 0] Deparsing header 'ethernet'
[17:37:00.579] [bmv2] [D] [thread 20545] [31.0] [cxt 0] Deparsing header 'ipv4'
[17:37:00.579] [bmv2] [D] [thread 20545] [31.0] [cxt 0] Deparsing header 'tcp'
[17:37:00.579] [bmv2] [D] [thread 20545] [31.0] [cxt 0] Deparser 'deparser': end
[17:37:00.579] [bmv2] [D] [thread 20548] [31.0] [cxt 0] Transmitting packet of size 65 out of port 1
[17:37:03.570] [bmv2] [D] [thread 20543] [32.0] [cxt 0] Processing packet received on port 2
[17:37:03.571] [bmv2] [D] [thread 20543] [32.0] [cxt 0] Parser 'parser': start
[17:37:03.571] [bmv2] [D] [thread 20543] [32.0] [cxt 0] Parser 'parser' entering state 'start'
[17:37:03.571] [bmv2] [D] [thread 20543] [32.0] [cxt 0] Extracting header 'ethernet'
[17:37:03.571] [bmv2] [D] [thread 20543] [32.0] [cxt 0] Parser state 'start': key is 0800
[17:37:03.571] [bmv2] [T] [thread 20543] [32.0] [cxt 0] Bytes parsed: 14
[17:37:03.571] [bmv2] [D] [thread 20543] [32.0] [cxt 0] Parser 'parser' entering state 'parse_ipv4'
[17:37:03.571] [bmv2] [D] [thread 20543] [32.0] [cxt 0] Extracting header 'ipv4'
[17:37:03.571] [bmv2] [D] [thread 20543] [32.0] [cxt 0] Parser state 'parse_ipv4': key is 06
[17:37:03.571] [bmv2] [T] [thread 20543] [32.0] [cxt 0] Bytes parsed: 34
[17:37:03.571] [bmv2] [D] [thread 20543] [32.0] [cxt 0] Parser 'parser' entering state 'parse_tcp'
[17:37:03.571] [bmv2] [D] [thread 20543] [32.0] [cxt 0] Extracting header 'tcp'
[17:37:03.571] [bmv2] [D] [thread 20543] [32.0] [cxt 0] Parser state 'parse_tcp' has no switch, going to default next state
[17:37:03.571] [bmv2] [T] [thread 20543] [32.0] [cxt 0] Bytes parsed: 54
[17:37:03.571] [bmv2] [D] [thread 20543] [32.0] [cxt 0] Parser 'parser': end
[17:37:03.571] [bmv2] [D] [thread 20543] [32.0] [cxt 0] Pipeline 'ingress': start
[17:37:03.571] [bmv2] [T] [thread 20543] [32.0] [cxt 0] load_balance.p4(147) Condition "hdr.ipv4.isValid() && hdr.ipv4.ttl > 0" (node_2) is true
[17:37:03.571] [bmv2] [T] [thread 20543] [32.0] [cxt 0] Applying table 'MyIngress.ecmp_group'
[17:37:03.571] [bmv2] [D] [thread 20543] [32.0] [cxt 0] Looking up key:
* hdr.ipv4.dstAddr    : 0a000202

[17:37:03.571] [bmv2] [D] [thread 20543] [32.0] [cxt 0] Table 'MyIngress.ecmp_group': hit with handle 0
[17:37:03.571] [bmv2] [D] [thread 20543] [32.0] [cxt 0] Dumping entry 0
Match key:
* hdr.ipv4.dstAddr    : LPM       0a000202/32
Action entry: MyIngress.set_ecmp_select - 0,1,

[17:37:03.571] [bmv2] [D] [thread 20543] [32.0] [cxt 0] Action entry is MyIngress.set_ecmp_select - 0,1,
[17:37:03.571] [bmv2] [T] [thread 20543] [32.0] [cxt 0] Action MyIngress.set_ecmp_select
[17:37:03.571] [bmv2] [T] [thread 20543] [32.0] [cxt 0] load_balance.p4(110) Primitive hdr.ipv4.srcAddr
[17:37:03.571] [bmv2] [T] [thread 20543] [32.0] [cxt 0] load_balance.p4(111) Primitive hdr.ipv4.dstAddr
[17:37:03.571] [bmv2] [T] [thread 20543] [32.0] [cxt 0] load_balance.p4(112) Primitive hdr.ipv4.protocol
[17:37:03.571] [bmv2] [T] [thread 20543] [32.0] [cxt 0] load_balance.p4(113) Primitive hdr.tcp.srcPort
[17:37:03.571] [bmv2] [T] [thread 20543] [32.0] [cxt 0] load_balance.p4(114) Primitive hdr.tcp.dstPort
[17:37:03.572] [bmv2] [T] [thread 20543] [32.0] [cxt 0] load_balance.p4(107) Primitive hash(meta.ecmp_select, ...
[17:37:03.572] [bmv2] [T] [thread 20543] [32.0] [cxt 0] hash(base=0, max=1) = 0
[17:37:03.572] [bmv2] [T] [thread 20543] [32.0] [cxt 0] Applying table 'MyIngress.ecmp_nhop'
[17:37:03.572] [bmv2] [D] [thread 20543] [32.0] [cxt 0] Looking up key:
* meta.ecmp_select    : 0000

[17:37:03.572] [bmv2] [D] [thread 20543] [32.0] [cxt 0] Table 'MyIngress.ecmp_nhop': hit with handle 0
[17:37:03.573] [bmv2] [D] [thread 20543] [32.0] [cxt 0] Dumping entry 0
Match key:
* meta.ecmp_select    : EXACT     0000
Action entry: MyIngress.set_nhop - 80000000202,a000202,1,

[17:37:03.573] [bmv2] [D] [thread 20543] [32.0] [cxt 0] Action entry is MyIngress.set_nhop - 80000000202,a000202,1,
[17:37:03.573] [bmv2] [T] [thread 20543] [32.0] [cxt 0] Action MyIngress.set_nhop
[17:37:03.573] [bmv2] [T] [thread 20543] [32.0] [cxt 0] load_balance.p4(118) Primitive hdr.ethernet.dstAddr = nhop_dmac
[17:37:03.573] [bmv2] [T] [thread 20543] [32.0] [cxt 0] load_balance.p4(119) Primitive hdr.ipv4.dstAddr = nhop_ipv4
[17:37:03.573] [bmv2] [T] [thread 20543] [32.0] [cxt 0] load_balance.p4(120) Primitive standard_metadata.egress_spec = port
[17:37:03.573] [bmv2] [T] [thread 20543] [32.0] [cxt 0] load_balance.p4(121) Primitive hdr.ipv4.ttl = hdr.ipv4.ttl - 1
[17:37:03.573] [bmv2] [D] [thread 20543] [32.0] [cxt 0] Pipeline 'ingress': end
[17:37:03.573] [bmv2] [D] [thread 20543] [32.0] [cxt 0] Egress port is 1
[17:37:03.574] [bmv2] [D] [thread 20545] [32.0] [cxt 0] Pipeline 'egress': start
[17:37:03.574] [bmv2] [T] [thread 20545] [32.0] [cxt 0] Applying table 'MyEgress.send_frame'
[17:37:03.574] [bmv2] [D] [thread 20545] [32.0] [cxt 0] Looking up key:
* standard_metadata.egress_port: 0001

[17:37:03.574] [bmv2] [D] [thread 20545] [32.0] [cxt 0] Table 'MyEgress.send_frame': hit with handle 0
[17:37:03.574] [bmv2] [D] [thread 20545] [32.0] [cxt 0] Dumping entry 0
Match key:
* standard_metadata.egress_port: EXACT     0001
Action entry: MyEgress.rewrite_mac - 20100,

[17:37:03.574] [bmv2] [D] [thread 20545] [32.0] [cxt 0] Action entry is MyEgress.rewrite_mac - 20100,
[17:37:03.574] [bmv2] [T] [thread 20545] [32.0] [cxt 0] Action MyEgress.rewrite_mac
[17:37:03.574] [bmv2] [T] [thread 20545] [32.0] [cxt 0] load_balance.p4(163) Primitive hdr.ethernet.srcAddr = smac
[17:37:03.574] [bmv2] [D] [thread 20545] [32.0] [cxt 0] Pipeline 'egress': end
[17:37:03.574] [bmv2] [D] [thread 20545] [32.0] [cxt 0] Deparser 'deparser': start
[17:37:03.574] [bmv2] [D] [thread 20545] [32.0] [cxt 0] Updating checksum 'cksum'
[17:37:03.574] [bmv2] [D] [thread 20545] [32.0] [cxt 0] Deparsing header 'ethernet'
[17:37:03.574] [bmv2] [D] [thread 20545] [32.0] [cxt 0] Deparsing header 'ipv4'
[17:37:03.574] [bmv2] [D] [thread 20545] [32.0] [cxt 0] Deparsing header 'tcp'
[17:37:03.574] [bmv2] [D] [thread 20545] [32.0] [cxt 0] Deparser 'deparser': end
[17:37:03.574] [bmv2] [D] [thread 20548] [32.0] [cxt 0] Transmitting packet of size 65 out of port 1
[17:37:14.066] [bmv2] [D] [thread 20543] [33.0] [cxt 0] Processing packet received on port 2
[17:37:14.067] [bmv2] [D] [thread 20543] [33.0] [cxt 0] Parser 'parser': start
[17:37:14.067] [bmv2] [D] [thread 20543] [33.0] [cxt 0] Parser 'parser' entering state 'start'
[17:37:14.067] [bmv2] [D] [thread 20543] [33.0] [cxt 0] Extracting header 'ethernet'
[17:37:14.068] [bmv2] [D] [thread 20543] [33.0] [cxt 0] Parser state 'start': key is 0800
[17:37:14.068] [bmv2] [T] [thread 20543] [33.0] [cxt 0] Bytes parsed: 14
[17:37:14.068] [bmv2] [D] [thread 20543] [33.0] [cxt 0] Parser 'parser' entering state 'parse_ipv4'
[17:37:14.068] [bmv2] [D] [thread 20543] [33.0] [cxt 0] Extracting header 'ipv4'
[17:37:14.068] [bmv2] [D] [thread 20543] [33.0] [cxt 0] Parser state 'parse_ipv4': key is 06
[17:37:14.068] [bmv2] [T] [thread 20543] [33.0] [cxt 0] Bytes parsed: 34
[17:37:14.068] [bmv2] [D] [thread 20543] [33.0] [cxt 0] Parser 'parser' entering state 'parse_tcp'
[17:37:14.068] [bmv2] [D] [thread 20543] [33.0] [cxt 0] Extracting header 'tcp'
[17:37:14.068] [bmv2] [D] [thread 20543] [33.0] [cxt 0] Parser state 'parse_tcp' has no switch, going to default next state
[17:37:14.068] [bmv2] [T] [thread 20543] [33.0] [cxt 0] Bytes parsed: 54
[17:37:14.068] [bmv2] [D] [thread 20543] [33.0] [cxt 0] Parser 'parser': end
[17:37:14.068] [bmv2] [D] [thread 20543] [33.0] [cxt 0] Pipeline 'ingress': start
[17:37:14.068] [bmv2] [T] [thread 20543] [33.0] [cxt 0] load_balance.p4(147) Condition "hdr.ipv4.isValid() && hdr.ipv4.ttl > 0" (node_2) is true
[17:37:14.068] [bmv2] [T] [thread 20543] [33.0] [cxt 0] Applying table 'MyIngress.ecmp_group'
[17:37:14.068] [bmv2] [D] [thread 20543] [33.0] [cxt 0] Looking up key:
* hdr.ipv4.dstAddr    : 0a000202

[17:37:14.068] [bmv2] [D] [thread 20543] [33.0] [cxt 0] Table 'MyIngress.ecmp_group': hit with handle 0
[17:37:14.068] [bmv2] [D] [thread 20543] [33.0] [cxt 0] Dumping entry 0
Match key:
* hdr.ipv4.dstAddr    : LPM       0a000202/32
Action entry: MyIngress.set_ecmp_select - 0,1,

[17:37:14.068] [bmv2] [D] [thread 20543] [33.0] [cxt 0] Action entry is MyIngress.set_ecmp_select - 0,1,
[17:37:14.068] [bmv2] [T] [thread 20543] [33.0] [cxt 0] Action MyIngress.set_ecmp_select
[17:37:14.068] [bmv2] [T] [thread 20543] [33.0] [cxt 0] load_balance.p4(110) Primitive hdr.ipv4.srcAddr
[17:37:14.068] [bmv2] [T] [thread 20543] [33.0] [cxt 0] load_balance.p4(111) Primitive hdr.ipv4.dstAddr
[17:37:14.068] [bmv2] [T] [thread 20543] [33.0] [cxt 0] load_balance.p4(112) Primitive hdr.ipv4.protocol
[17:37:14.068] [bmv2] [T] [thread 20543] [33.0] [cxt 0] load_balance.p4(113) Primitive hdr.tcp.srcPort
[17:37:14.068] [bmv2] [T] [thread 20543] [33.0] [cxt 0] load_balance.p4(114) Primitive hdr.tcp.dstPort
[17:37:14.068] [bmv2] [T] [thread 20543] [33.0] [cxt 0] load_balance.p4(107) Primitive hash(meta.ecmp_select, ...
[17:37:14.068] [bmv2] [T] [thread 20543] [33.0] [cxt 0] hash(base=0, max=1) = 0
[17:37:14.068] [bmv2] [T] [thread 20543] [33.0] [cxt 0] Applying table 'MyIngress.ecmp_nhop'
[17:37:14.068] [bmv2] [D] [thread 20543] [33.0] [cxt 0] Looking up key:
* meta.ecmp_select    : 0000

[17:37:14.068] [bmv2] [D] [thread 20543] [33.0] [cxt 0] Table 'MyIngress.ecmp_nhop': hit with handle 0
[17:37:14.068] [bmv2] [D] [thread 20543] [33.0] [cxt 0] Dumping entry 0
Match key:
* meta.ecmp_select    : EXACT     0000
Action entry: MyIngress.set_nhop - 80000000202,a000202,1,

[17:37:14.068] [bmv2] [D] [thread 20543] [33.0] [cxt 0] Action entry is MyIngress.set_nhop - 80000000202,a000202,1,
[17:37:14.068] [bmv2] [T] [thread 20543] [33.0] [cxt 0] Action MyIngress.set_nhop
[17:37:14.068] [bmv2] [T] [thread 20543] [33.0] [cxt 0] load_balance.p4(118) Primitive hdr.ethernet.dstAddr = nhop_dmac
[17:37:14.068] [bmv2] [T] [thread 20543] [33.0] [cxt 0] load_balance.p4(119) Primitive hdr.ipv4.dstAddr = nhop_ipv4
[17:37:14.068] [bmv2] [T] [thread 20543] [33.0] [cxt 0] load_balance.p4(120) Primitive standard_metadata.egress_spec = port
[17:37:14.068] [bmv2] [T] [thread 20543] [33.0] [cxt 0] load_balance.p4(121) Primitive hdr.ipv4.ttl = hdr.ipv4.ttl - 1
[17:37:14.068] [bmv2] [D] [thread 20543] [33.0] [cxt 0] Pipeline 'ingress': end
[17:37:14.068] [bmv2] [D] [thread 20543] [33.0] [cxt 0] Egress port is 1
[17:37:14.069] [bmv2] [D] [thread 20545] [33.0] [cxt 0] Pipeline 'egress': start
[17:37:14.069] [bmv2] [T] [thread 20545] [33.0] [cxt 0] Applying table 'MyEgress.send_frame'
[17:37:14.069] [bmv2] [D] [thread 20545] [33.0] [cxt 0] Looking up key:
* standard_metadata.egress_port: 0001

[17:37:14.070] [bmv2] [D] [thread 20545] [33.0] [cxt 0] Table 'MyEgress.send_frame': hit with handle 0
[17:37:14.070] [bmv2] [D] [thread 20545] [33.0] [cxt 0] Dumping entry 0
Match key:
* standard_metadata.egress_port: EXACT     0001
Action entry: MyEgress.rewrite_mac - 20100,

[17:37:14.070] [bmv2] [D] [thread 20545] [33.0] [cxt 0] Action entry is MyEgress.rewrite_mac - 20100,
[17:37:14.070] [bmv2] [T] [thread 20545] [33.0] [cxt 0] Action MyEgress.rewrite_mac
[17:37:14.070] [bmv2] [T] [thread 20545] [33.0] [cxt 0] load_balance.p4(163) Primitive hdr.ethernet.srcAddr = smac
[17:37:14.070] [bmv2] [D] [thread 20545] [33.0] [cxt 0] Pipeline 'egress': end
[17:37:14.070] [bmv2] [D] [thread 20545] [33.0] [cxt 0] Deparser 'deparser': start
[17:37:14.070] [bmv2] [D] [thread 20545] [33.0] [cxt 0] Updating checksum 'cksum'
[17:37:14.070] [bmv2] [D] [thread 20545] [33.0] [cxt 0] Deparsing header 'ethernet'
[17:37:14.070] [bmv2] [D] [thread 20545] [33.0] [cxt 0] Deparsing header 'ipv4'
[17:37:14.070] [bmv2] [D] [thread 20545] [33.0] [cxt 0] Deparsing header 'tcp'
[17:37:14.070] [bmv2] [D] [thread 20545] [33.0] [cxt 0] Deparser 'deparser': end
[17:37:14.070] [bmv2] [D] [thread 20548] [33.0] [cxt 0] Transmitting packet of size 65 out of port 1
open: No such file or directory
open: No such file or directory
open: No such file or directory
open: No such file or directory
open: No such file or directory
open: No such file or directory
