stratum_bmv2 -device_id=1 -chassis_config_file=/tmp/leaf1/chassis-config.txt -forwarding_pipeline_configs_file=/tmp/leaf1/pipe.txt -persistent_config_dir=/tmp/leaf1 -initial_pipeline=/root/dummy.json -cpu_port=255 -external_stratum_urls=0.0.0.0:50001 -local_stratum_url=localhost:44755 -max_num_controllers_per_node=10 -write_req_log_file=/tmp/leaf1/write-reqs.txt -logtosyslog=false -logtostderr=true -bmv2_log_level=warn

--------------------------------------------------------------------------------

E1017 21:38:33.006981   141 main.cc:121] Starting bmv2 simple_switch and waiting for P4 pipeline
W1017 21:38:33.054744   141 credentials_manager.cc:45] Using insecure server credentials
I1017 21:38:33.057557   141 timer_daemon.cc:90] The timer daemon has been started.
I1017 21:38:33.058794   141 hal.cc:128] Setting up HAL in COLDBOOT mode...
I1017 21:38:33.061729   141 config_monitoring_service.cc:90] Pushing the saved chassis config read from /tmp/leaf1/chassis-config.txt...
I1017 21:38:33.102149   141 bmv2_chassis_manager.cc:476] Registered port status callbacks successfully for node 1.
I1017 21:38:33.102334   141 bmv2_chassis_manager.cc:61] Adding port 1 to node 1
I1017 21:38:33.160271   141 bmv2_chassis_manager.cc:61] Adding port 2 to node 1
I1017 21:38:33.247462   141 bmv2_chassis_manager.cc:61] Adding port 3 to node 1
I1017 21:38:33.331985   141 bmv2_chassis_manager.cc:61] Adding port 4 to node 1
I1017 21:38:33.431700   141 bmv2_chassis_manager.cc:61] Adding port 5 to node 1
I1017 21:38:33.532658   141 bmv2_chassis_manager.cc:61] Adding port 6 to node 1
I1017 21:38:33.620169   212 bmv2_chassis_manager.cc:409] State of port 1 in node 1: UP.
I1017 21:38:33.620265   212 bmv2_chassis_manager.cc:409] State of port 2 in node 1: UP.
I1017 21:38:33.620281   212 bmv2_chassis_manager.cc:409] State of port 3 in node 1: UP.
I1017 21:38:33.620291   212 bmv2_chassis_manager.cc:409] State of port 4 in node 1: UP.
I1017 21:38:33.620301   212 bmv2_chassis_manager.cc:409] State of port 5 in node 1: UP.
I1017 21:38:33.648236   141 p4_service.cc:119] Pushing the saved forwarding pipeline configs read from /tmp/leaf1/pipe.txt...
E1017 21:38:33.648319   141 utils.cc:109] StratumErrorSpace::ERR_FILE_NOT_FOUND: /tmp/leaf1/pipe.txt not found.
E1017 21:38:33.648613   141 utils.cc:65] Return Error: ReadFileToString(filename, &text) failed with StratumErrorSpace::ERR_FILE_NOT_FOUND: /tmp/leaf1/pipe.txt not found.
W1017 21:38:33.648627   141 p4_service.cc:128] No saved forwarding pipeline config found at /tmp/leaf1/pipe.txt. This is normal when the switch is just installed and no master controller is connected yet.
E1017 21:38:33.649754843     141 server_chttp2.cc:40]        {"created":"@1697578713.649713930","description":"Only 1 addresses added out of total 2 resolved","file":"external/com_github_grpc_grpc/src/core/ext/transport/chttp2/server/chttp2_server.cc","file_line":406,"referenced_errors":[{"created":"@1697578713.649710398","description":"Address family not supported by protocol","errno":97,"file":"external/com_github_grpc_grpc/src/core/lib/iomgr/socket_utils_common_posix.cc","file_line":420,"os_error":"Address family not supported by protocol","syscall":"socket","target_address":"[::1]:44755"}]}
E1017 21:38:33.650074   141 hal.cc:223] Stratum external facing services are listening to 0.0.0.0:50001, localhost:44755...
I1017 21:38:33.734553   212 bmv2_chassis_manager.cc:409] State of port 6 in node 1: UP.
I1017 21:39:43.462460   229 p4_service.cc:696] Controller (connection_id: 1, election_id: 40, uri: ipv4:172.23.0.3:56512) is connected as MASTER for node (aka device) with ID 1.
I1017 21:39:44.401824   242 bmv2_switch.cc:74] P4-based forwarding pipeline config pushed successfully to node with ID 1.
E1017 21:39:44.690270   234 bmv2_switch.cc:189] StratumErrorSpace::ERR_INTERNAL: Not supported yet
E1017 21:39:44.690619   234 bmv2_switch.cc:189] StratumErrorSpace::ERR_INTERNAL: Not supported yet
E1017 21:39:44.691435   234 bmv2_switch.cc:189] StratumErrorSpace::ERR_INTERNAL: Not supported yet
E1017 21:39:44.691500   234 bmv2_switch.cc:189] StratumErrorSpace::ERR_INTERNAL: Not supported yet
E1017 21:39:44.691632   234 bmv2_switch.cc:189] StratumErrorSpace::ERR_INTERNAL: Not supported yet
E1017 21:39:44.692051   234 bmv2_switch.cc:189] StratumErrorSpace::ERR_INTERNAL: Not supported yet
E1017 21:39:44.692112   234 bmv2_switch.cc:189] StratumErrorSpace::ERR_INTERNAL: Not supported yet
E1017 21:39:44.692848   234 bmv2_switch.cc:189] StratumErrorSpace::ERR_INTERNAL: Not supported yet
E1017 21:39:44.692906   234 bmv2_switch.cc:189] StratumErrorSpace::ERR_INTERNAL: Not supported yet
E1017 21:39:44.693023   234 bmv2_switch.cc:189] StratumErrorSpace::ERR_INTERNAL: Not supported yet
E1017 21:39:44.693435   234 bmv2_switch.cc:189] StratumErrorSpace::ERR_INTERNAL: Not supported yet
E1017 21:39:44.693501   234 bmv2_switch.cc:189] StratumErrorSpace::ERR_INTERNAL: Not supported yet
E1017 21:39:44.694444   234 bmv2_switch.cc:189] StratumErrorSpace::ERR_INTERNAL: Not supported yet
E1017 21:39:44.694794   234 bmv2_switch.cc:189] StratumErrorSpace::ERR_INTERNAL: Not supported yet
E1017 21:39:44.694926   234 bmv2_switch.cc:189] StratumErrorSpace::ERR_INTERNAL: Not supported yet
E1017 21:39:44.695334   234 bmv2_switch.cc:189] StratumErrorSpace::ERR_INTERNAL: Not supported yet
E1017 21:39:44.695837   234 bmv2_switch.cc:189] StratumErrorSpace::ERR_INTERNAL: Not supported yet
E1017 21:39:44.696969   234 bmv2_switch.cc:189] StratumErrorSpace::ERR_INTERNAL: Not supported yet
E1017 21:39:44.702347   234 bmv2_switch.cc:189] StratumErrorSpace::ERR_INTERNAL: Not supported yet
E1017 21:39:44.702600   234 bmv2_switch.cc:189] StratumErrorSpace::ERR_INTERNAL: Not supported yet
E1017 21:39:44.703042   234 bmv2_switch.cc:189] StratumErrorSpace::ERR_INTERNAL: Not supported yet
E1017 21:39:44.703105   234 bmv2_switch.cc:189] StratumErrorSpace::ERR_INTERNAL: Not supported yet
E1017 21:39:44.703859   234 bmv2_switch.cc:189] StratumErrorSpace::ERR_INTERNAL: Not supported yet
E1017 21:39:44.703922   234 bmv2_switch.cc:189] StratumErrorSpace::ERR_INTERNAL: Not supported yet
E1017 21:39:44.704039   234 bmv2_switch.cc:189] StratumErrorSpace::ERR_INTERNAL: Not supported yet
E1017 21:39:44.704447   234 bmv2_switch.cc:189] StratumErrorSpace::ERR_INTERNAL: Not supported yet
E1017 21:39:44.704509   234 bmv2_switch.cc:189] StratumErrorSpace::ERR_INTERNAL: Not supported yet
E1017 21:39:44.705260   234 bmv2_switch.cc:189] StratumErrorSpace::ERR_INTERNAL: Not supported yet
E1017 21:39:44.705317   234 bmv2_switch.cc:189] StratumErrorSpace::ERR_INTERNAL: Not supported yet
E1017 21:39:44.705440   234 bmv2_switch.cc:189] StratumErrorSpace::ERR_INTERNAL: Not supported yet
I1017 21:39:44.980492   229 p4_service.cc:696] Controller (connection_id: 1, election_id: 40, uri: ipv4:172.23.0.3:56512) is connected as MASTER for node (aka device) with ID 1.
I1017 21:39:45.155362   242 config_monitoring_service.cc:377] Initial Subscribe request from ipv4:172.23.0.3:56528 over stream 0x7fd7327fb510.
I1017 21:41:53.568526   242 config_monitoring_service.cc:569] Subscribe stream 0x7fd7327fb510 from ipv4:172.23.0.3:56528 has been closed.
I1017 21:41:53.574357   229 p4_service.cc:723] Controller (connection_id: 1, election_id: 40, uri: ipv4:172.23.0.3:56512) which was MASTER for node (aka device) with ID 1 is disconnected. The node is now orphan :(
