Calling target program-options parser
[18:02:11.427] [bmv2] [D] [thread 5400] Set default default entry for table 'MyIngress.ipv4_lpm': MyIngress.drop - 
[18:02:11.427] [bmv2] [D] [thread 5400] Set default default entry for table 'MyIngress.myTunnel_exact': MyIngress.drop - 
Adding interface s1-eth1 as port 1
[18:02:11.427] [bmv2] [D] [thread 5400] Adding interface s1-eth1 as port 1
Adding interface s1-eth2 as port 2
[18:02:11.471] [bmv2] [D] [thread 5400] Adding interface s1-eth2 as port 2
Adding interface s1-eth3 as port 3
[18:02:11.510] [bmv2] [D] [thread 5400] Adding interface s1-eth3 as port 3
Server listening on 0.0.0.0:50051
[18:02:11.563] [bmv2] [I] [thread 5400] Starting Thrift server on port 9090
[18:02:11.564] [bmv2] [I] [thread 5400] Thrift server was started
[18:02:11.573] [bmv2] [D] [thread 5415] [0.0] [cxt 0] Processing packet received on port 3
[18:02:11.573] [bmv2] [D] [thread 5415] [0.0] [cxt 0] Parser 'parser': start
[18:02:11.573] [bmv2] [D] [thread 5415] [0.0] [cxt 0] Parser 'parser' entering state 'start'
[18:02:11.573] [bmv2] [D] [thread 5415] [0.0] [cxt 0] Extracting header 'ethernet'
[18:02:11.573] [bmv2] [D] [thread 5415] [0.0] [cxt 0] Parser state 'start': key is 86dd
[18:02:11.573] [bmv2] [T] [thread 5415] [0.0] [cxt 0] Bytes parsed: 14
[18:02:11.573] [bmv2] [D] [thread 5415] [0.0] [cxt 0] Parser 'parser': end
[18:02:11.573] [bmv2] [D] [thread 5415] [0.0] [cxt 0] Pipeline 'ingress': start
[18:02:11.573] [bmv2] [T] [thread 5415] [0.0] [cxt 0] basic_tunnel.p4(152) Condition "hdr.ipv4.isValid() && !hdr.myTunnel.isValid()" (node_2) is false
[18:02:11.573] [bmv2] [T] [thread 5415] [0.0] [cxt 0] basic_tunnel.p4(155) Condition "hdr.myTunnel.isValid()" (node_4) is false
[18:02:11.573] [bmv2] [D] [thread 5415] [0.0] [cxt 0] Pipeline 'ingress': end
[18:02:11.573] [bmv2] [D] [thread 5415] [0.0] [cxt 0] Egress port is 0
[18:02:11.574] [bmv2] [D] [thread 5416] [0.0] [cxt 0] Pipeline 'egress': start
[18:02:11.574] [bmv2] [D] [thread 5416] [0.0] [cxt 0] Pipeline 'egress': end
[18:02:11.574] [bmv2] [D] [thread 5416] [0.0] [cxt 0] Deparser 'deparser': start
[18:02:11.574] [bmv2] [T] [thread 5416] [0.0] [cxt 0] Skipping checksum 'cksum' update because condition not met
[18:02:11.574] [bmv2] [D] [thread 5416] [0.0] [cxt 0] Deparsing header 'ethernet'
[18:02:11.574] [bmv2] [D] [thread 5416] [0.0] [cxt 0] Deparser 'deparser': end
[18:02:11.575] [bmv2] [D] [thread 5420] [0.0] [cxt 0] Transmitting packet of size 86 out of port 0
[18:02:11.794] [bmv2] [D] [thread 5415] [1.0] [cxt 0] Processing packet received on port 2
[18:02:11.794] [bmv2] [D] [thread 5415] [1.0] [cxt 0] Parser 'parser': start
[18:02:11.794] [bmv2] [D] [thread 5415] [1.0] [cxt 0] Parser 'parser' entering state 'start'
[18:02:11.794] [bmv2] [D] [thread 5415] [1.0] [cxt 0] Extracting header 'ethernet'
[18:02:11.794] [bmv2] [D] [thread 5415] [1.0] [cxt 0] Parser state 'start': key is 86dd
[18:02:11.794] [bmv2] [T] [thread 5415] [1.0] [cxt 0] Bytes parsed: 14
[18:02:11.794] [bmv2] [D] [thread 5415] [1.0] [cxt 0] Parser 'parser': end
[18:02:11.794] [bmv2] [D] [thread 5415] [1.0] [cxt 0] Pipeline 'ingress': start
[18:02:11.794] [bmv2] [T] [thread 5415] [1.0] [cxt 0] basic_tunnel.p4(152) Condition "hdr.ipv4.isValid() && !hdr.myTunnel.isValid()" (node_2) is false
[18:02:11.794] [bmv2] [T] [thread 5415] [1.0] [cxt 0] basic_tunnel.p4(155) Condition "hdr.myTunnel.isValid()" (node_4) is false
[18:02:11.794] [bmv2] [D] [thread 5415] [1.0] [cxt 0] Pipeline 'ingress': end
[18:02:11.794] [bmv2] [D] [thread 5415] [1.0] [cxt 0] Egress port is 0
[18:02:11.794] [bmv2] [D] [thread 5416] [1.0] [cxt 0] Pipeline 'egress': start
[18:02:11.794] [bmv2] [D] [thread 5416] [1.0] [cxt 0] Pipeline 'egress': end
[18:02:11.794] [bmv2] [D] [thread 5416] [1.0] [cxt 0] Deparser 'deparser': start
[18:02:11.794] [bmv2] [T] [thread 5416] [1.0] [cxt 0] Skipping checksum 'cksum' update because condition not met
[18:02:11.794] [bmv2] [D] [thread 5416] [1.0] [cxt 0] Deparsing header 'ethernet'
[18:02:11.794] [bmv2] [D] [thread 5416] [1.0] [cxt 0] Deparser 'deparser': end
[18:02:11.794] [bmv2] [D] [thread 5420] [1.0] [cxt 0] Transmitting packet of size 90 out of port 0
[18:02:11.961] [bmv2] [D] [thread 5415] [2.0] [cxt 0] Processing packet received on port 2
[18:02:11.961] [bmv2] [D] [thread 5415] [2.0] [cxt 0] Parser 'parser': start
[18:02:11.961] [bmv2] [D] [thread 5415] [2.0] [cxt 0] Parser 'parser' entering state 'start'
[18:02:11.961] [bmv2] [D] [thread 5415] [2.0] [cxt 0] Extracting header 'ethernet'
[18:02:11.961] [bmv2] [D] [thread 5415] [2.0] [cxt 0] Parser state 'start': key is 86dd
[18:02:11.961] [bmv2] [T] [thread 5415] [2.0] [cxt 0] Bytes parsed: 14
[18:02:11.961] [bmv2] [D] [thread 5415] [2.0] [cxt 0] Parser 'parser': end
[18:02:11.961] [bmv2] [D] [thread 5415] [2.0] [cxt 0] Pipeline 'ingress': start
[18:02:11.961] [bmv2] [T] [thread 5415] [2.0] [cxt 0] basic_tunnel.p4(152) Condition "hdr.ipv4.isValid() && !hdr.myTunnel.isValid()" (node_2) is false
[18:02:11.961] [bmv2] [T] [thread 5415] [2.0] [cxt 0] basic_tunnel.p4(155) Condition "hdr.myTunnel.isValid()" (node_4) is false
[18:02:11.961] [bmv2] [D] [thread 5415] [2.0] [cxt 0] Pipeline 'ingress': end
[18:02:11.961] [bmv2] [D] [thread 5415] [2.0] [cxt 0] Egress port is 0
[18:02:11.961] [bmv2] [D] [thread 5415] [3.0] [cxt 0] Processing packet received on port 3
[18:02:11.961] [bmv2] [D] [thread 5415] [3.0] [cxt 0] Parser 'parser': start
[18:02:11.961] [bmv2] [D] [thread 5415] [3.0] [cxt 0] Parser 'parser' entering state 'start'
[18:02:11.961] [bmv2] [D] [thread 5415] [3.0] [cxt 0] Extracting header 'ethernet'
[18:02:11.961] [bmv2] [D] [thread 5415] [3.0] [cxt 0] Parser state 'start': key is 86dd
[18:02:11.961] [bmv2] [T] [thread 5415] [3.0] [cxt 0] Bytes parsed: 14
[18:02:11.961] [bmv2] [D] [thread 5415] [3.0] [cxt 0] Parser 'parser': end
[18:02:11.961] [bmv2] [D] [thread 5415] [3.0] [cxt 0] Pipeline 'ingress': start
[18:02:11.961] [bmv2] [T] [thread 5415] [3.0] [cxt 0] basic_tunnel.p4(152) Condition "hdr.ipv4.isValid() && !hdr.myTunnel.isValid()" (node_2) is false
[18:02:11.961] [bmv2] [T] [thread 5415] [3.0] [cxt 0] basic_tunnel.p4(155) Condition "hdr.myTunnel.isValid()" (node_4) is false
[18:02:11.961] [bmv2] [D] [thread 5415] [3.0] [cxt 0] Pipeline 'ingress': end
[18:02:11.961] [bmv2] [D] [thread 5415] [3.0] [cxt 0] Egress port is 0
[18:02:11.961] [bmv2] [D] [thread 5415] [4.0] [cxt 0] Processing packet received on port 2
[18:02:11.961] [bmv2] [D] [thread 5415] [4.0] [cxt 0] Parser 'parser': start
[18:02:11.961] [bmv2] [D] [thread 5415] [4.0] [cxt 0] Parser 'parser' entering state 'start'
[18:02:11.961] [bmv2] [D] [thread 5415] [4.0] [cxt 0] Extracting header 'ethernet'
[18:02:11.961] [bmv2] [D] [thread 5415] [4.0] [cxt 0] Parser state 'start': key is 86dd
[18:02:11.961] [bmv2] [T] [thread 5415] [4.0] [cxt 0] Bytes parsed: 14
[18:02:11.961] [bmv2] [D] [thread 5415] [4.0] [cxt 0] Parser 'parser': end
[18:02:11.961] [bmv2] [D] [thread 5415] [4.0] [cxt 0] Pipeline 'ingress': start
[18:02:11.961] [bmv2] [T] [thread 5415] [4.0] [cxt 0] basic_tunnel.p4(152) Condition "hdr.ipv4.isValid() && !hdr.myTunnel.isValid()" (node_2) is false
[18:02:11.961] [bmv2] [T] [thread 5415] [4.0] [cxt 0] basic_tunnel.p4(155) Condition "hdr.myTunnel.isValid()" (node_4) is false
[18:02:11.961] [bmv2] [D] [thread 5415] [4.0] [cxt 0] Pipeline 'ingress': end
[18:02:11.961] [bmv2] [D] [thread 5415] [4.0] [cxt 0] Egress port is 0
[18:02:11.961] [bmv2] [D] [thread 5415] [5.0] [cxt 0] Processing packet received on port 3
[18:02:11.962] [bmv2] [D] [thread 5415] [5.0] [cxt 0] Parser 'parser': start
[18:02:11.962] [bmv2] [D] [thread 5415] [5.0] [cxt 0] Parser 'parser' entering state 'start'
[18:02:11.962] [bmv2] [D] [thread 5415] [5.0] [cxt 0] Extracting header 'ethernet'
[18:02:11.962] [bmv2] [D] [thread 5415] [5.0] [cxt 0] Parser state 'start': key is 86dd
[18:02:11.962] [bmv2] [T] [thread 5415] [5.0] [cxt 0] Bytes parsed: 14
[18:02:11.962] [bmv2] [D] [thread 5415] [5.0] [cxt 0] Parser 'parser': end
[18:02:11.962] [bmv2] [D] [thread 5415] [5.0] [cxt 0] Pipeline 'ingress': start
[18:02:11.962] [bmv2] [T] [thread 5415] [5.0] [cxt 0] basic_tunnel.p4(152) Condition "hdr.ipv4.isValid() && !hdr.myTunnel.isValid()" (node_2) is false
[18:02:11.962] [bmv2] [T] [thread 5415] [5.0] [cxt 0] basic_tunnel.p4(155) Condition "hdr.myTunnel.isValid()" (node_4) is false
[18:02:11.962] [bmv2] [D] [thread 5415] [5.0] [cxt 0] Pipeline 'ingress': end
[18:02:11.962] [bmv2] [D] [thread 5415] [5.0] [cxt 0] Egress port is 0
[18:02:11.962] [bmv2] [D] [thread 5416] [2.0] [cxt 0] Pipeline 'egress': start
[18:02:11.963] [bmv2] [D] [thread 5416] [2.0] [cxt 0] Pipeline 'egress': end
[18:02:11.963] [bmv2] [D] [thread 5416] [2.0] [cxt 0] Deparser 'deparser': start
[18:02:11.963] [bmv2] [T] [thread 5416] [2.0] [cxt 0] Skipping checksum 'cksum' update because condition not met
[18:02:11.963] [bmv2] [D] [thread 5416] [2.0] [cxt 0] Deparsing header 'ethernet'
[18:02:11.963] [bmv2] [D] [thread 5416] [2.0] [cxt 0] Deparser 'deparser': end
[18:02:11.963] [bmv2] [D] [thread 5416] [3.0] [cxt 0] Pipeline 'egress': start
[18:02:11.963] [bmv2] [D] [thread 5416] [3.0] [cxt 0] Pipeline 'egress': end
[18:02:11.963] [bmv2] [D] [thread 5416] [3.0] [cxt 0] Deparser 'deparser': start
[18:02:11.963] [bmv2] [T] [thread 5416] [3.0] [cxt 0] Skipping checksum 'cksum' update because condition not met
[18:02:11.963] [bmv2] [D] [thread 5416] [3.0] [cxt 0] Deparsing header 'ethernet'
[18:02:11.963] [bmv2] [D] [thread 5416] [3.0] [cxt 0] Deparser 'deparser': end
[18:02:11.963] [bmv2] [D] [thread 5416] [4.0] [cxt 0] Pipeline 'egress': start
[18:02:11.963] [bmv2] [D] [thread 5416] [4.0] [cxt 0] Pipeline 'egress': end
[18:02:11.963] [bmv2] [D] [thread 5416] [4.0] [cxt 0] Deparser 'deparser': start
[18:02:11.963] [bmv2] [T] [thread 5416] [4.0] [cxt 0] Skipping checksum 'cksum' update because condition not met
[18:02:11.963] [bmv2] [D] [thread 5416] [4.0] [cxt 0] Deparsing header 'ethernet'
[18:02:11.963] [bmv2] [D] [thread 5416] [4.0] [cxt 0] Deparser 'deparser': end
[18:02:11.963] [bmv2] [D] [thread 5416] [5.0] [cxt 0] Pipeline 'egress': start
[18:02:11.963] [bmv2] [D] [thread 5416] [5.0] [cxt 0] Pipeline 'egress': end
[18:02:11.963] [bmv2] [D] [thread 5416] [5.0] [cxt 0] Deparser 'deparser': start
[18:02:11.963] [bmv2] [T] [thread 5416] [5.0] [cxt 0] Skipping checksum 'cksum' update because condition not met
[18:02:11.963] [bmv2] [D] [thread 5416] [5.0] [cxt 0] Deparsing header 'ethernet'
[18:02:11.963] [bmv2] [D] [thread 5416] [5.0] [cxt 0] Deparser 'deparser': end
[18:02:11.963] [bmv2] [D] [thread 5420] [2.0] [cxt 0] Transmitting packet of size 90 out of port 0
[18:02:11.963] [bmv2] [D] [thread 5420] [3.0] [cxt 0] Transmitting packet of size 90 out of port 0
[18:02:11.963] [bmv2] [D] [thread 5420] [4.0] [cxt 0] Transmitting packet of size 70 out of port 0
[18:02:11.963] [bmv2] [D] [thread 5420] [5.0] [cxt 0] Transmitting packet of size 70 out of port 0
[18:02:11.987] [bmv2] [D] [thread 5415] [6.0] [cxt 0] Processing packet received on port 1
[18:02:11.987] [bmv2] [D] [thread 5415] [6.0] [cxt 0] Parser 'parser': start
[18:02:11.987] [bmv2] [D] [thread 5415] [6.0] [cxt 0] Parser 'parser' entering state 'start'
[18:02:11.987] [bmv2] [D] [thread 5415] [6.0] [cxt 0] Extracting header 'ethernet'
[18:02:11.987] [bmv2] [D] [thread 5415] [6.0] [cxt 0] Parser state 'start': key is 86dd
[18:02:11.987] [bmv2] [T] [thread 5415] [6.0] [cxt 0] Bytes parsed: 14
[18:02:11.987] [bmv2] [D] [thread 5415] [6.0] [cxt 0] Parser 'parser': end
[18:02:11.987] [bmv2] [D] [thread 5415] [6.0] [cxt 0] Pipeline 'ingress': start
[18:02:11.987] [bmv2] [T] [thread 5415] [6.0] [cxt 0] basic_tunnel.p4(152) Condition "hdr.ipv4.isValid() && !hdr.myTunnel.isValid()" (node_2) is false
[18:02:11.987] [bmv2] [T] [thread 5415] [6.0] [cxt 0] basic_tunnel.p4(155) Condition "hdr.myTunnel.isValid()" (node_4) is false
[18:02:11.987] [bmv2] [D] [thread 5415] [6.0] [cxt 0] Pipeline 'ingress': end
[18:02:11.987] [bmv2] [D] [thread 5415] [6.0] [cxt 0] Egress port is 0
[18:02:11.987] [bmv2] [D] [thread 5416] [6.0] [cxt 0] Pipeline 'egress': start
[18:02:11.987] [bmv2] [D] [thread 5416] [6.0] [cxt 0] Pipeline 'egress': end
[18:02:11.987] [bmv2] [D] [thread 5416] [6.0] [cxt 0] Deparser 'deparser': start
[18:02:11.987] [bmv2] [T] [thread 5416] [6.0] [cxt 0] Skipping checksum 'cksum' update because condition not met
[18:02:11.987] [bmv2] [D] [thread 5416] [6.0] [cxt 0] Deparsing header 'ethernet'
[18:02:11.987] [bmv2] [D] [thread 5416] [6.0] [cxt 0] Deparser 'deparser': end
[18:02:11.987] [bmv2] [D] [thread 5420] [6.0] [cxt 0] Transmitting packet of size 90 out of port 0
[18:02:12.124] [bmv2] [D] [thread 5415] [7.0] [cxt 0] Processing packet received on port 2
[18:02:12.124] [bmv2] [D] [thread 5415] [7.0] [cxt 0] Parser 'parser': start
[18:02:12.124] [bmv2] [D] [thread 5415] [7.0] [cxt 0] Parser 'parser' entering state 'start'
[18:02:12.124] [bmv2] [D] [thread 5415] [7.0] [cxt 0] Extracting header 'ethernet'
[18:02:12.124] [bmv2] [D] [thread 5415] [7.0] [cxt 0] Parser state 'start': key is 86dd
[18:02:12.124] [bmv2] [T] [thread 5415] [7.0] [cxt 0] Bytes parsed: 14
[18:02:12.124] [bmv2] [D] [thread 5415] [7.0] [cxt 0] Parser 'parser': end
[18:02:12.125] [bmv2] [D] [thread 5415] [7.0] [cxt 0] Pipeline 'ingress': start
[18:02:12.125] [bmv2] [T] [thread 5415] [7.0] [cxt 0] basic_tunnel.p4(152) Condition "hdr.ipv4.isValid() && !hdr.myTunnel.isValid()" (node_2) is false
[18:02:12.125] [bmv2] [T] [thread 5415] [7.0] [cxt 0] basic_tunnel.p4(155) Condition "hdr.myTunnel.isValid()" (node_4) is false
[18:02:12.125] [bmv2] [D] [thread 5415] [7.0] [cxt 0] Pipeline 'ingress': end
[18:02:12.125] [bmv2] [D] [thread 5415] [7.0] [cxt 0] Egress port is 0
[18:02:12.125] [bmv2] [D] [thread 5416] [7.0] [cxt 0] Pipeline 'egress': start
[18:02:12.125] [bmv2] [D] [thread 5416] [7.0] [cxt 0] Pipeline 'egress': end
[18:02:12.125] [bmv2] [D] [thread 5416] [7.0] [cxt 0] Deparser 'deparser': start
[18:02:12.125] [bmv2] [T] [thread 5416] [7.0] [cxt 0] Skipping checksum 'cksum' update because condition not met
[18:02:12.125] [bmv2] [D] [thread 5416] [7.0] [cxt 0] Deparsing header 'ethernet'
[18:02:12.125] [bmv2] [D] [thread 5416] [7.0] [cxt 0] Deparser 'deparser': end
[18:02:12.125] [bmv2] [D] [thread 5420] [7.0] [cxt 0] Transmitting packet of size 90 out of port 0
[18:02:12.193] [bmv2] [D] [thread 5415] [8.0] [cxt 0] Processing packet received on port 2
[18:02:12.193] [bmv2] [D] [thread 5415] [8.0] [cxt 0] Parser 'parser': start
[18:02:12.193] [bmv2] [D] [thread 5415] [8.0] [cxt 0] Parser 'parser' entering state 'start'
[18:02:12.193] [bmv2] [D] [thread 5415] [8.0] [cxt 0] Extracting header 'ethernet'
[18:02:12.193] [bmv2] [D] [thread 5415] [8.0] [cxt 0] Parser state 'start': key is 86dd
[18:02:12.193] [bmv2] [T] [thread 5415] [8.0] [cxt 0] Bytes parsed: 14
[18:02:12.193] [bmv2] [D] [thread 5415] [8.0] [cxt 0] Parser 'parser': end
[18:02:12.193] [bmv2] [D] [thread 5415] [8.0] [cxt 0] Pipeline 'ingress': start
[18:02:12.193] [bmv2] [T] [thread 5415] [8.0] [cxt 0] basic_tunnel.p4(152) Condition "hdr.ipv4.isValid() && !hdr.myTunnel.isValid()" (node_2) is false
[18:02:12.193] [bmv2] [T] [thread 5415] [8.0] [cxt 0] basic_tunnel.p4(155) Condition "hdr.myTunnel.isValid()" (node_4) is false
[18:02:12.193] [bmv2] [D] [thread 5415] [8.0] [cxt 0] Pipeline 'ingress': end
[18:02:12.193] [bmv2] [D] [thread 5415] [8.0] [cxt 0] Egress port is 0
[18:02:12.193] [bmv2] [D] [thread 5415] [9.0] [cxt 0] Processing packet received on port 2
[18:02:12.193] [bmv2] [D] [thread 5415] [9.0] [cxt 0] Parser 'parser': start
[18:02:12.193] [bmv2] [D] [thread 5415] [9.0] [cxt 0] Parser 'parser' entering state 'start'
[18:02:12.193] [bmv2] [D] [thread 5415] [9.0] [cxt 0] Extracting header 'ethernet'
[18:02:12.194] [bmv2] [D] [thread 5415] [9.0] [cxt 0] Parser state 'start': key is 86dd
[18:02:12.194] [bmv2] [T] [thread 5415] [9.0] [cxt 0] Bytes parsed: 14
[18:02:12.194] [bmv2] [D] [thread 5415] [9.0] [cxt 0] Parser 'parser': end
[18:02:12.194] [bmv2] [D] [thread 5415] [9.0] [cxt 0] Pipeline 'ingress': start
[18:02:12.194] [bmv2] [T] [thread 5415] [9.0] [cxt 0] basic_tunnel.p4(152) Condition "hdr.ipv4.isValid() && !hdr.myTunnel.isValid()" (node_2) is false
[18:02:12.194] [bmv2] [T] [thread 5415] [9.0] [cxt 0] basic_tunnel.p4(155) Condition "hdr.myTunnel.isValid()" (node_4) is false
[18:02:12.194] [bmv2] [D] [thread 5415] [9.0] [cxt 0] Pipeline 'ingress': end
[18:02:12.194] [bmv2] [D] [thread 5415] [9.0] [cxt 0] Egress port is 0
[18:02:12.195] [bmv2] [D] [thread 5416] [8.0] [cxt 0] Pipeline 'egress': start
[18:02:12.196] [bmv2] [D] [thread 5416] [8.0] [cxt 0] Pipeline 'egress': end
[18:02:12.196] [bmv2] [D] [thread 5416] [8.0] [cxt 0] Deparser 'deparser': start
[18:02:12.196] [bmv2] [T] [thread 5416] [8.0] [cxt 0] Skipping checksum 'cksum' update because condition not met
[18:02:12.196] [bmv2] [D] [thread 5416] [8.0] [cxt 0] Deparsing header 'ethernet'
[18:02:12.196] [bmv2] [D] [thread 5416] [8.0] [cxt 0] Deparser 'deparser': end
[18:02:12.196] [bmv2] [D] [thread 5416] [9.0] [cxt 0] Pipeline 'egress': start
[18:02:12.196] [bmv2] [D] [thread 5416] [9.0] [cxt 0] Pipeline 'egress': end
[18:02:12.196] [bmv2] [D] [thread 5416] [9.0] [cxt 0] Deparser 'deparser': start
[18:02:12.196] [bmv2] [T] [thread 5416] [9.0] [cxt 0] Skipping checksum 'cksum' update because condition not met
[18:02:12.196] [bmv2] [D] [thread 5416] [9.0] [cxt 0] Deparsing header 'ethernet'
[18:02:12.196] [bmv2] [D] [thread 5416] [9.0] [cxt 0] Deparser 'deparser': end
[18:02:12.196] [bmv2] [D] [thread 5420] [8.0] [cxt 0] Transmitting packet of size 90 out of port 0
[18:02:12.196] [bmv2] [D] [thread 5420] [9.0] [cxt 0] Transmitting packet of size 70 out of port 0
[18:02:12.471] [bmv2] [D] [thread 5415] [10.0] [cxt 0] Processing packet received on port 1
[18:02:12.471] [bmv2] [D] [thread 5415] [10.0] [cxt 0] Parser 'parser': start
[18:02:12.471] [bmv2] [D] [thread 5415] [10.0] [cxt 0] Parser 'parser' entering state 'start'
[18:02:12.471] [bmv2] [D] [thread 5415] [10.0] [cxt 0] Extracting header 'ethernet'
[18:02:12.471] [bmv2] [D] [thread 5415] [10.0] [cxt 0] Parser state 'start': key is 86dd
[18:02:12.471] [bmv2] [T] [thread 5415] [10.0] [cxt 0] Bytes parsed: 14
[18:02:12.471] [bmv2] [D] [thread 5415] [10.0] [cxt 0] Parser 'parser': end
[18:02:12.471] [bmv2] [D] [thread 5415] [10.0] [cxt 0] Pipeline 'ingress': start
[18:02:12.471] [bmv2] [T] [thread 5415] [10.0] [cxt 0] basic_tunnel.p4(152) Condition "hdr.ipv4.isValid() && !hdr.myTunnel.isValid()" (node_2) is false
[18:02:12.471] [bmv2] [T] [thread 5415] [10.0] [cxt 0] basic_tunnel.p4(155) Condition "hdr.myTunnel.isValid()" (node_4) is false
[18:02:12.471] [bmv2] [D] [thread 5415] [10.0] [cxt 0] Pipeline 'ingress': end
[18:02:12.471] [bmv2] [D] [thread 5415] [10.0] [cxt 0] Egress port is 0
[18:02:12.472] [bmv2] [D] [thread 5415] [11.0] [cxt 0] Processing packet received on port 1
[18:02:12.472] [bmv2] [D] [thread 5415] [11.0] [cxt 0] Parser 'parser': start
[18:02:12.472] [bmv2] [D] [thread 5415] [11.0] [cxt 0] Parser 'parser' entering state 'start'
[18:02:12.472] [bmv2] [D] [thread 5415] [11.0] [cxt 0] Extracting header 'ethernet'
[18:02:12.472] [bmv2] [D] [thread 5415] [11.0] [cxt 0] Parser state 'start': key is 86dd
[18:02:12.472] [bmv2] [T] [thread 5415] [11.0] [cxt 0] Bytes parsed: 14
[18:02:12.472] [bmv2] [D] [thread 5415] [11.0] [cxt 0] Parser 'parser': end
[18:02:12.472] [bmv2] [D] [thread 5415] [11.0] [cxt 0] Pipeline 'ingress': start
[18:02:12.472] [bmv2] [T] [thread 5415] [11.0] [cxt 0] basic_tunnel.p4(152) Condition "hdr.ipv4.isValid() && !hdr.myTunnel.isValid()" (node_2) is false
[18:02:12.472] [bmv2] [T] [thread 5415] [11.0] [cxt 0] basic_tunnel.p4(155) Condition "hdr.myTunnel.isValid()" (node_4) is false
[18:02:12.472] [bmv2] [D] [thread 5415] [11.0] [cxt 0] Pipeline 'ingress': end
[18:02:12.472] [bmv2] [D] [thread 5415] [11.0] [cxt 0] Egress port is 0
[18:02:12.474] [bmv2] [D] [thread 5416] [10.0] [cxt 0] Pipeline 'egress': start
[18:02:12.474] [bmv2] [D] [thread 5416] [10.0] [cxt 0] Pipeline 'egress': end
[18:02:12.474] [bmv2] [D] [thread 5416] [10.0] [cxt 0] Deparser 'deparser': start
[18:02:12.474] [bmv2] [T] [thread 5416] [10.0] [cxt 0] Skipping checksum 'cksum' update because condition not met
[18:02:12.474] [bmv2] [D] [thread 5416] [10.0] [cxt 0] Deparsing header 'ethernet'
[18:02:12.474] [bmv2] [D] [thread 5416] [10.0] [cxt 0] Deparser 'deparser': end
[18:02:12.474] [bmv2] [D] [thread 5416] [11.0] [cxt 0] Pipeline 'egress': start
[18:02:12.474] [bmv2] [D] [thread 5416] [11.0] [cxt 0] Pipeline 'egress': end
[18:02:12.474] [bmv2] [D] [thread 5416] [11.0] [cxt 0] Deparser 'deparser': start
[18:02:12.474] [bmv2] [T] [thread 5416] [11.0] [cxt 0] Skipping checksum 'cksum' update because condition not met
[18:02:12.474] [bmv2] [D] [thread 5416] [11.0] [cxt 0] Deparsing header 'ethernet'
[18:02:12.474] [bmv2] [D] [thread 5416] [11.0] [cxt 0] Deparser 'deparser': end
[18:02:12.474] [bmv2] [D] [thread 5420] [10.0] [cxt 0] Transmitting packet of size 90 out of port 0
[18:02:12.475] [bmv2] [D] [thread 5420] [11.0] [cxt 0] Transmitting packet of size 70 out of port 0
[18:02:12.606] [bmv2] [D] [thread 5415] [12.0] [cxt 0] Processing packet received on port 3
[18:02:12.606] [bmv2] [D] [thread 5415] [12.0] [cxt 0] Parser 'parser': start
[18:02:12.606] [bmv2] [D] [thread 5415] [12.0] [cxt 0] Parser 'parser' entering state 'start'
[18:02:12.606] [bmv2] [D] [thread 5415] [12.0] [cxt 0] Extracting header 'ethernet'
[18:02:12.606] [bmv2] [D] [thread 5415] [12.0] [cxt 0] Parser state 'start': key is 86dd
[18:02:12.606] [bmv2] [T] [thread 5415] [12.0] [cxt 0] Bytes parsed: 14
[18:02:12.606] [bmv2] [D] [thread 5415] [12.0] [cxt 0] Parser 'parser': end
[18:02:12.606] [bmv2] [D] [thread 5415] [12.0] [cxt 0] Pipeline 'ingress': start
[18:02:12.606] [bmv2] [T] [thread 5415] [12.0] [cxt 0] basic_tunnel.p4(152) Condition "hdr.ipv4.isValid() && !hdr.myTunnel.isValid()" (node_2) is false
[18:02:12.606] [bmv2] [T] [thread 5415] [12.0] [cxt 0] basic_tunnel.p4(155) Condition "hdr.myTunnel.isValid()" (node_4) is false
[18:02:12.606] [bmv2] [D] [thread 5415] [12.0] [cxt 0] Pipeline 'ingress': end
[18:02:12.606] [bmv2] [D] [thread 5415] [12.0] [cxt 0] Egress port is 0
[18:02:12.606] [bmv2] [D] [thread 5415] [13.0] [cxt 0] Processing packet received on port 3
[18:02:12.606] [bmv2] [D] [thread 5415] [13.0] [cxt 0] Parser 'parser': start
[18:02:12.606] [bmv2] [D] [thread 5415] [13.0] [cxt 0] Parser 'parser' entering state 'start'
[18:02:12.606] [bmv2] [D] [thread 5415] [13.0] [cxt 0] Extracting header 'ethernet'
[18:02:12.606] [bmv2] [D] [thread 5415] [13.0] [cxt 0] Parser state 'start': key is 86dd
[18:02:12.606] [bmv2] [T] [thread 5415] [13.0] [cxt 0] Bytes parsed: 14
[18:02:12.606] [bmv2] [D] [thread 5415] [13.0] [cxt 0] Parser 'parser': end
[18:02:12.606] [bmv2] [D] [thread 5415] [13.0] [cxt 0] Pipeline 'ingress': start
[18:02:12.606] [bmv2] [T] [thread 5415] [13.0] [cxt 0] basic_tunnel.p4(152) Condition "hdr.ipv4.isValid() && !hdr.myTunnel.isValid()" (node_2) is false
[18:02:12.606] [bmv2] [T] [thread 5415] [13.0] [cxt 0] basic_tunnel.p4(155) Condition "hdr.myTunnel.isValid()" (node_4) is false
[18:02:12.606] [bmv2] [D] [thread 5415] [13.0] [cxt 0] Pipeline 'ingress': end
[18:02:12.606] [bmv2] [D] [thread 5415] [13.0] [cxt 0] Egress port is 0
[18:02:12.606] [bmv2] [D] [thread 5416] [12.0] [cxt 0] Pipeline 'egress': start
[18:02:12.606] [bmv2] [D] [thread 5416] [12.0] [cxt 0] Pipeline 'egress': end
[18:02:12.606] [bmv2] [D] [thread 5416] [12.0] [cxt 0] Deparser 'deparser': start
[18:02:12.606] [bmv2] [T] [thread 5416] [12.0] [cxt 0] Skipping checksum 'cksum' update because condition not met
[18:02:12.606] [bmv2] [D] [thread 5416] [12.0] [cxt 0] Deparsing header 'ethernet'
[18:02:12.606] [bmv2] [D] [thread 5416] [12.0] [cxt 0] Deparser 'deparser': end
[18:02:12.606] [bmv2] [D] [thread 5416] [13.0] [cxt 0] Pipeline 'egress': start
[18:02:12.606] [bmv2] [D] [thread 5416] [13.0] [cxt 0] Pipeline 'egress': end
[18:02:12.606] [bmv2] [D] [thread 5416] [13.0] [cxt 0] Deparser 'deparser': start
[18:02:12.606] [bmv2] [T] [thread 5416] [13.0] [cxt 0] Skipping checksum 'cksum' update because condition not met
[18:02:12.606] [bmv2] [D] [thread 5416] [13.0] [cxt 0] Deparsing header 'ethernet'
[18:02:12.606] [bmv2] [D] [thread 5416] [13.0] [cxt 0] Deparser 'deparser': end
[18:02:12.606] [bmv2] [D] [thread 5420] [12.0] [cxt 0] Transmitting packet of size 90 out of port 0
[18:02:12.606] [bmv2] [D] [thread 5420] [13.0] [cxt 0] Transmitting packet of size 70 out of port 0
[18:02:12.822] [bmv2] [D] [thread 5415] [14.0] [cxt 0] Processing packet received on port 2
[18:02:12.822] [bmv2] [D] [thread 5415] [14.0] [cxt 0] Parser 'parser': start
[18:02:12.822] [bmv2] [D] [thread 5415] [14.0] [cxt 0] Parser 'parser' entering state 'start'
[18:02:12.822] [bmv2] [D] [thread 5415] [14.0] [cxt 0] Extracting header 'ethernet'
[18:02:12.822] [bmv2] [D] [thread 5415] [14.0] [cxt 0] Parser state 'start': key is 86dd
[18:02:12.822] [bmv2] [T] [thread 5415] [14.0] [cxt 0] Bytes parsed: 14
[18:02:12.822] [bmv2] [D] [thread 5415] [14.0] [cxt 0] Parser 'parser': end
[18:02:12.822] [bmv2] [D] [thread 5415] [14.0] [cxt 0] Pipeline 'ingress': start
[18:02:12.822] [bmv2] [T] [thread 5415] [14.0] [cxt 0] basic_tunnel.p4(152) Condition "hdr.ipv4.isValid() && !hdr.myTunnel.isValid()" (node_2) is false
[18:02:12.822] [bmv2] [T] [thread 5415] [14.0] [cxt 0] basic_tunnel.p4(155) Condition "hdr.myTunnel.isValid()" (node_4) is false
[18:02:12.822] [bmv2] [D] [thread 5415] [14.0] [cxt 0] Pipeline 'ingress': end
[18:02:12.822] [bmv2] [D] [thread 5415] [14.0] [cxt 0] Egress port is 0
[18:02:12.822] [bmv2] [D] [thread 5416] [14.0] [cxt 0] Pipeline 'egress': start
[18:02:12.822] [bmv2] [D] [thread 5416] [14.0] [cxt 0] Pipeline 'egress': end
[18:02:12.822] [bmv2] [D] [thread 5416] [14.0] [cxt 0] Deparser 'deparser': start
[18:02:12.822] [bmv2] [T] [thread 5416] [14.0] [cxt 0] Skipping checksum 'cksum' update because condition not met
[18:02:12.822] [bmv2] [D] [thread 5416] [14.0] [cxt 0] Deparsing header 'ethernet'
[18:02:12.822] [bmv2] [D] [thread 5416] [14.0] [cxt 0] Deparser 'deparser': end
[18:02:12.822] [bmv2] [D] [thread 5420] [14.0] [cxt 0] Transmitting packet of size 90 out of port 0
[18:02:12.852] [bmv2] [D] [thread 5415] [15.0] [cxt 0] Processing packet received on port 1
[18:02:12.852] [bmv2] [D] [thread 5415] [15.0] [cxt 0] Parser 'parser': start
[18:02:12.852] [bmv2] [D] [thread 5415] [15.0] [cxt 0] Parser 'parser' entering state 'start'
[18:02:12.852] [bmv2] [D] [thread 5415] [15.0] [cxt 0] Extracting header 'ethernet'
[18:02:12.852] [bmv2] [D] [thread 5415] [15.0] [cxt 0] Parser state 'start': key is 86dd
[18:02:12.852] [bmv2] [T] [thread 5415] [15.0] [cxt 0] Bytes parsed: 14
[18:02:12.852] [bmv2] [D] [thread 5415] [15.0] [cxt 0] Parser 'parser': end
[18:02:12.852] [bmv2] [D] [thread 5415] [15.0] [cxt 0] Pipeline 'ingress': start
[18:02:12.852] [bmv2] [T] [thread 5415] [15.0] [cxt 0] basic_tunnel.p4(152) Condition "hdr.ipv4.isValid() && !hdr.myTunnel.isValid()" (node_2) is false
[18:02:12.852] [bmv2] [T] [thread 5415] [15.0] [cxt 0] basic_tunnel.p4(155) Condition "hdr.myTunnel.isValid()" (node_4) is false
[18:02:12.852] [bmv2] [D] [thread 5415] [15.0] [cxt 0] Pipeline 'ingress': end
[18:02:12.852] [bmv2] [D] [thread 5415] [15.0] [cxt 0] Egress port is 0
[18:02:12.852] [bmv2] [D] [thread 5416] [15.0] [cxt 0] Pipeline 'egress': start
[18:02:12.852] [bmv2] [D] [thread 5416] [15.0] [cxt 0] Pipeline 'egress': end
[18:02:12.852] [bmv2] [D] [thread 5416] [15.0] [cxt 0] Deparser 'deparser': start
[18:02:12.852] [bmv2] [T] [thread 5416] [15.0] [cxt 0] Skipping checksum 'cksum' update because condition not met
[18:02:12.852] [bmv2] [D] [thread 5416] [15.0] [cxt 0] Deparsing header 'ethernet'
[18:02:12.852] [bmv2] [D] [thread 5416] [15.0] [cxt 0] Deparser 'deparser': end
[18:02:12.852] [bmv2] [D] [thread 5420] [15.0] [cxt 0] Transmitting packet of size 90 out of port 0
[18:02:12.914] [bmv2] [D] [thread 5415] [16.0] [cxt 0] Processing packet received on port 3
[18:02:12.914] [bmv2] [D] [thread 5415] [16.0] [cxt 0] Parser 'parser': start
[18:02:12.914] [bmv2] [D] [thread 5415] [16.0] [cxt 0] Parser 'parser' entering state 'start'
[18:02:12.914] [bmv2] [D] [thread 5415] [16.0] [cxt 0] Extracting header 'ethernet'
[18:02:12.914] [bmv2] [D] [thread 5415] [16.0] [cxt 0] Parser state 'start': key is 86dd
[18:02:12.914] [bmv2] [T] [thread 5415] [16.0] [cxt 0] Bytes parsed: 14
[18:02:12.914] [bmv2] [D] [thread 5415] [16.0] [cxt 0] Parser 'parser': end
[18:02:12.914] [bmv2] [D] [thread 5415] [16.0] [cxt 0] Pipeline 'ingress': start
[18:02:12.914] [bmv2] [T] [thread 5415] [16.0] [cxt 0] basic_tunnel.p4(152) Condition "hdr.ipv4.isValid() && !hdr.myTunnel.isValid()" (node_2) is false
[18:02:12.914] [bmv2] [T] [thread 5415] [16.0] [cxt 0] basic_tunnel.p4(155) Condition "hdr.myTunnel.isValid()" (node_4) is false
[18:02:12.914] [bmv2] [D] [thread 5415] [16.0] [cxt 0] Pipeline 'ingress': end
[18:02:12.914] [bmv2] [D] [thread 5415] [16.0] [cxt 0] Egress port is 0
[18:02:12.914] [bmv2] [D] [thread 5416] [16.0] [cxt 0] Pipeline 'egress': start
[18:02:12.914] [bmv2] [D] [thread 5416] [16.0] [cxt 0] Pipeline 'egress': end
[18:02:12.914] [bmv2] [D] [thread 5416] [16.0] [cxt 0] Deparser 'deparser': start
[18:02:12.914] [bmv2] [T] [thread 5416] [16.0] [cxt 0] Skipping checksum 'cksum' update because condition not met
[18:02:12.914] [bmv2] [D] [thread 5416] [16.0] [cxt 0] Deparsing header 'ethernet'
[18:02:12.914] [bmv2] [D] [thread 5416] [16.0] [cxt 0] Deparser 'deparser': end
[18:02:12.914] [bmv2] [D] [thread 5420] [16.0] [cxt 0] Transmitting packet of size 90 out of port 0
[18:02:13.173] [bmv2] [D] [thread 5415] [17.0] [cxt 0] Processing packet received on port 3
[18:02:13.173] [bmv2] [D] [thread 5415] [17.0] [cxt 0] Parser 'parser': start
[18:02:13.174] [bmv2] [D] [thread 5415] [17.0] [cxt 0] Parser 'parser' entering state 'start'
[18:02:13.174] [bmv2] [D] [thread 5415] [17.0] [cxt 0] Extracting header 'ethernet'
[18:02:13.174] [bmv2] [D] [thread 5415] [17.0] [cxt 0] Parser state 'start': key is 86dd
[18:02:13.174] [bmv2] [T] [thread 5415] [17.0] [cxt 0] Bytes parsed: 14
[18:02:13.174] [bmv2] [D] [thread 5415] [17.0] [cxt 0] Parser 'parser': end
[18:02:13.174] [bmv2] [D] [thread 5415] [17.0] [cxt 0] Pipeline 'ingress': start
[18:02:13.174] [bmv2] [T] [thread 5415] [17.0] [cxt 0] basic_tunnel.p4(152) Condition "hdr.ipv4.isValid() && !hdr.myTunnel.isValid()" (node_2) is false
[18:02:13.174] [bmv2] [T] [thread 5415] [17.0] [cxt 0] basic_tunnel.p4(155) Condition "hdr.myTunnel.isValid()" (node_4) is false
[18:02:13.174] [bmv2] [D] [thread 5415] [17.0] [cxt 0] Pipeline 'ingress': end
[18:02:13.174] [bmv2] [D] [thread 5415] [17.0] [cxt 0] Egress port is 0
[18:02:13.174] [bmv2] [D] [thread 5416] [17.0] [cxt 0] Pipeline 'egress': start
[18:02:13.174] [bmv2] [D] [thread 5416] [17.0] [cxt 0] Pipeline 'egress': end
[18:02:13.174] [bmv2] [D] [thread 5416] [17.0] [cxt 0] Deparser 'deparser': start
[18:02:13.174] [bmv2] [T] [thread 5416] [17.0] [cxt 0] Skipping checksum 'cksum' update because condition not met
[18:02:13.174] [bmv2] [D] [thread 5416] [17.0] [cxt 0] Deparsing header 'ethernet'
[18:02:13.174] [bmv2] [D] [thread 5416] [17.0] [cxt 0] Deparser 'deparser': end
[18:02:13.174] [bmv2] [D] [thread 5420] [17.0] [cxt 0] Transmitting packet of size 90 out of port 0
[18:02:14.031] [bmv2] [W] [thread 5489] [P4Runtime] p4::tmp::P4DeviceConfig is deprecated
[18:02:14.033] [bmv2] [D] [thread 5489] Set default default entry for table 'MyIngress.ipv4_lpm': MyIngress.drop - 
[18:02:14.033] [bmv2] [D] [thread 5489] Set default default entry for table 'MyIngress.myTunnel_exact': MyIngress.drop - 
[18:02:14.035] [bmv2] [D] [thread 5489] simple_switch target has been notified of a config swap
[18:02:14.038] [bmv2] [D] [thread 5490] Entry 0 added to table 'MyIngress.ipv4_lpm'
[18:02:14.038] [bmv2] [D] [thread 5490] Dumping entry 0
Match key:
* hdr.ipv4.dstAddr    : LPM       0a000101/32
Action entry: MyIngress.ipv4_forward - 80000000111,1,

[18:02:14.040] [bmv2] [D] [thread 5489] Entry 1 added to table 'MyIngress.ipv4_lpm'
[18:02:14.040] [bmv2] [D] [thread 5489] Dumping entry 1
Match key:
* hdr.ipv4.dstAddr    : LPM       0a000202/32
Action entry: MyIngress.ipv4_forward - 80000000200,2,

[18:02:14.041] [bmv2] [D] [thread 5490] Entry 2 added to table 'MyIngress.ipv4_lpm'
[18:02:14.041] [bmv2] [D] [thread 5490] Dumping entry 2
Match key:
* hdr.ipv4.dstAddr    : LPM       0a000303/32
Action entry: MyIngress.ipv4_forward - 80000000300,3,

[18:02:14.042] [bmv2] [D] [thread 5489] Entry 0 added to table 'MyIngress.myTunnel_exact'
[18:02:14.042] [bmv2] [D] [thread 5489] Dumping entry 0
Match key:
* hdr.myTunnel.dst_id : EXACT     0001
Action entry: MyIngress.myTunnel_forward - 1,

[18:02:14.044] [bmv2] [D] [thread 5490] Entry 1 added to table 'MyIngress.myTunnel_exact'
[18:02:14.044] [bmv2] [D] [thread 5490] Dumping entry 1
Match key:
* hdr.myTunnel.dst_id : EXACT     0002
Action entry: MyIngress.myTunnel_forward - 2,

[18:02:14.045] [bmv2] [D] [thread 5489] Entry 2 added to table 'MyIngress.myTunnel_exact'
[18:02:14.045] [bmv2] [D] [thread 5489] Dumping entry 2
Match key:
* hdr.myTunnel.dst_id : EXACT     0003
Action entry: MyIngress.myTunnel_forward - 3,

[18:02:16.246] [bmv2] [D] [thread 5415] [18.0] [cxt 0] Processing packet received on port 1
[18:02:16.246] [bmv2] [D] [thread 5415] [18.0] [cxt 0] Parser 'parser': start
[18:02:16.247] [bmv2] [D] [thread 5415] [18.0] [cxt 0] Parser 'parser' entering state 'start'
[18:02:16.247] [bmv2] [D] [thread 5415] [18.0] [cxt 0] Extracting header 'ethernet'
[18:02:16.247] [bmv2] [D] [thread 5415] [18.0] [cxt 0] Parser state 'start': key is 86dd
[18:02:16.247] [bmv2] [T] [thread 5415] [18.0] [cxt 0] Bytes parsed: 14
[18:02:16.247] [bmv2] [D] [thread 5415] [18.0] [cxt 0] Parser 'parser': end
[18:02:16.247] [bmv2] [D] [thread 5415] [18.0] [cxt 0] Pipeline 'ingress': start
[18:02:16.247] [bmv2] [T] [thread 5415] [18.0] [cxt 0] basic_tunnel.p4(152) Condition "hdr.ipv4.isValid() && !hdr.myTunnel.isValid()" (node_2) is false
[18:02:16.247] [bmv2] [T] [thread 5415] [18.0] [cxt 0] basic_tunnel.p4(155) Condition "hdr.myTunnel.isValid()" (node_4) is false
[18:02:16.247] [bmv2] [D] [thread 5415] [18.0] [cxt 0] Pipeline 'ingress': end
[18:02:16.247] [bmv2] [D] [thread 5415] [18.0] [cxt 0] Egress port is 0
[18:02:16.247] [bmv2] [D] [thread 5415] [19.0] [cxt 0] Processing packet received on port 2
[18:02:16.247] [bmv2] [D] [thread 5415] [19.0] [cxt 0] Parser 'parser': start
[18:02:16.247] [bmv2] [D] [thread 5415] [19.0] [cxt 0] Parser 'parser' entering state 'start'
[18:02:16.247] [bmv2] [D] [thread 5415] [19.0] [cxt 0] Extracting header 'ethernet'
[18:02:16.247] [bmv2] [D] [thread 5415] [19.0] [cxt 0] Parser state 'start': key is 86dd
[18:02:16.247] [bmv2] [T] [thread 5415] [19.0] [cxt 0] Bytes parsed: 14
[18:02:16.247] [bmv2] [D] [thread 5415] [19.0] [cxt 0] Parser 'parser': end
[18:02:16.247] [bmv2] [D] [thread 5415] [19.0] [cxt 0] Pipeline 'ingress': start
[18:02:16.247] [bmv2] [T] [thread 5415] [19.0] [cxt 0] basic_tunnel.p4(152) Condition "hdr.ipv4.isValid() && !hdr.myTunnel.isValid()" (node_2) is false
[18:02:16.247] [bmv2] [T] [thread 5415] [19.0] [cxt 0] basic_tunnel.p4(155) Condition "hdr.myTunnel.isValid()" (node_4) is false
[18:02:16.247] [bmv2] [D] [thread 5415] [19.0] [cxt 0] Pipeline 'ingress': end
[18:02:16.247] [bmv2] [D] [thread 5415] [19.0] [cxt 0] Egress port is 0
[18:02:16.247] [bmv2] [D] [thread 5416] [18.0] [cxt 0] Pipeline 'egress': start
[18:02:16.247] [bmv2] [D] [thread 5416] [18.0] [cxt 0] Pipeline 'egress': end
[18:02:16.247] [bmv2] [D] [thread 5416] [18.0] [cxt 0] Deparser 'deparser': start
[18:02:16.247] [bmv2] [T] [thread 5416] [18.0] [cxt 0] Skipping checksum 'cksum' update because condition not met
[18:02:16.247] [bmv2] [D] [thread 5416] [18.0] [cxt 0] Deparsing header 'ethernet'
[18:02:16.247] [bmv2] [D] [thread 5416] [18.0] [cxt 0] Deparser 'deparser': end
[18:02:16.247] [bmv2] [D] [thread 5416] [19.0] [cxt 0] Pipeline 'egress': start
[18:02:16.247] [bmv2] [D] [thread 5416] [19.0] [cxt 0] Pipeline 'egress': end
[18:02:16.247] [bmv2] [D] [thread 5416] [19.0] [cxt 0] Deparser 'deparser': start
[18:02:16.247] [bmv2] [T] [thread 5416] [19.0] [cxt 0] Skipping checksum 'cksum' update because condition not met
[18:02:16.247] [bmv2] [D] [thread 5416] [19.0] [cxt 0] Deparsing header 'ethernet'
[18:02:16.247] [bmv2] [D] [thread 5416] [19.0] [cxt 0] Deparser 'deparser': end
[18:02:16.247] [bmv2] [D] [thread 5420] [18.0] [cxt 0] Transmitting packet of size 70 out of port 0
[18:02:16.247] [bmv2] [D] [thread 5420] [19.0] [cxt 0] Transmitting packet of size 70 out of port 0
[18:02:16.250] [bmv2] [D] [thread 5415] [20.0] [cxt 0] Processing packet received on port 3
[18:02:16.250] [bmv2] [D] [thread 5415] [20.0] [cxt 0] Parser 'parser': start
[18:02:16.250] [bmv2] [D] [thread 5415] [20.0] [cxt 0] Parser 'parser' entering state 'start'
[18:02:16.250] [bmv2] [D] [thread 5415] [20.0] [cxt 0] Extracting header 'ethernet'
[18:02:16.250] [bmv2] [D] [thread 5415] [20.0] [cxt 0] Parser state 'start': key is 86dd
[18:02:16.250] [bmv2] [T] [thread 5415] [20.0] [cxt 0] Bytes parsed: 14
[18:02:16.250] [bmv2] [D] [thread 5415] [20.0] [cxt 0] Parser 'parser': end
[18:02:16.250] [bmv2] [D] [thread 5415] [20.0] [cxt 0] Pipeline 'ingress': start
[18:02:16.250] [bmv2] [T] [thread 5415] [20.0] [cxt 0] basic_tunnel.p4(152) Condition "hdr.ipv4.isValid() && !hdr.myTunnel.isValid()" (node_2) is false
[18:02:16.250] [bmv2] [T] [thread 5415] [20.0] [cxt 0] basic_tunnel.p4(155) Condition "hdr.myTunnel.isValid()" (node_4) is false
[18:02:16.250] [bmv2] [D] [thread 5415] [20.0] [cxt 0] Pipeline 'ingress': end
[18:02:16.250] [bmv2] [D] [thread 5415] [20.0] [cxt 0] Egress port is 0
[18:02:16.250] [bmv2] [D] [thread 5416] [20.0] [cxt 0] Pipeline 'egress': start
[18:02:16.250] [bmv2] [D] [thread 5416] [20.0] [cxt 0] Pipeline 'egress': end
[18:02:16.250] [bmv2] [D] [thread 5416] [20.0] [cxt 0] Deparser 'deparser': start
[18:02:16.250] [bmv2] [T] [thread 5416] [20.0] [cxt 0] Skipping checksum 'cksum' update because condition not met
[18:02:16.250] [bmv2] [D] [thread 5416] [20.0] [cxt 0] Deparsing header 'ethernet'
[18:02:16.250] [bmv2] [D] [thread 5416] [20.0] [cxt 0] Deparser 'deparser': end
[18:02:16.250] [bmv2] [D] [thread 5420] [20.0] [cxt 0] Transmitting packet of size 70 out of port 0
[18:02:16.499] [bmv2] [D] [thread 5415] [21.0] [cxt 0] Processing packet received on port 2
[18:02:16.499] [bmv2] [D] [thread 5415] [21.0] [cxt 0] Parser 'parser': start
[18:02:16.499] [bmv2] [D] [thread 5415] [21.0] [cxt 0] Parser 'parser' entering state 'start'
[18:02:16.499] [bmv2] [D] [thread 5415] [21.0] [cxt 0] Extracting header 'ethernet'
[18:02:16.499] [bmv2] [D] [thread 5415] [21.0] [cxt 0] Parser state 'start': key is 86dd
[18:02:16.499] [bmv2] [T] [thread 5415] [21.0] [cxt 0] Bytes parsed: 14
[18:02:16.499] [bmv2] [D] [thread 5415] [21.0] [cxt 0] Parser 'parser': end
[18:02:16.499] [bmv2] [D] [thread 5415] [21.0] [cxt 0] Pipeline 'ingress': start
[18:02:16.499] [bmv2] [T] [thread 5415] [21.0] [cxt 0] basic_tunnel.p4(152) Condition "hdr.ipv4.isValid() && !hdr.myTunnel.isValid()" (node_2) is false
[18:02:16.499] [bmv2] [T] [thread 5415] [21.0] [cxt 0] basic_tunnel.p4(155) Condition "hdr.myTunnel.isValid()" (node_4) is false
[18:02:16.499] [bmv2] [D] [thread 5415] [21.0] [cxt 0] Pipeline 'ingress': end
[18:02:16.499] [bmv2] [D] [thread 5415] [21.0] [cxt 0] Egress port is 0
[18:02:16.499] [bmv2] [D] [thread 5415] [22.0] [cxt 0] Processing packet received on port 3
[18:02:16.499] [bmv2] [D] [thread 5415] [22.0] [cxt 0] Parser 'parser': start
[18:02:16.499] [bmv2] [D] [thread 5415] [22.0] [cxt 0] Parser 'parser' entering state 'start'
[18:02:16.499] [bmv2] [D] [thread 5415] [22.0] [cxt 0] Extracting header 'ethernet'
[18:02:16.499] [bmv2] [D] [thread 5415] [22.0] [cxt 0] Parser state 'start': key is 86dd
[18:02:16.499] [bmv2] [T] [thread 5415] [22.0] [cxt 0] Bytes parsed: 14
[18:02:16.499] [bmv2] [D] [thread 5415] [22.0] [cxt 0] Parser 'parser': end
[18:02:16.499] [bmv2] [D] [thread 5415] [22.0] [cxt 0] Pipeline 'ingress': start
[18:02:16.499] [bmv2] [T] [thread 5415] [22.0] [cxt 0] basic_tunnel.p4(152) Condition "hdr.ipv4.isValid() && !hdr.myTunnel.isValid()" (node_2) is false
[18:02:16.499] [bmv2] [T] [thread 5415] [22.0] [cxt 0] basic_tunnel.p4(155) Condition "hdr.myTunnel.isValid()" (node_4) is false
[18:02:16.499] [bmv2] [D] [thread 5415] [22.0] [cxt 0] Pipeline 'ingress': end
[18:02:16.499] [bmv2] [D] [thread 5415] [22.0] [cxt 0] Egress port is 0
[18:02:16.499] [bmv2] [D] [thread 5416] [21.0] [cxt 0] Pipeline 'egress': start
[18:02:16.500] [bmv2] [D] [thread 5416] [21.0] [cxt 0] Pipeline 'egress': end
[18:02:16.500] [bmv2] [D] [thread 5416] [21.0] [cxt 0] Deparser 'deparser': start
[18:02:16.500] [bmv2] [T] [thread 5416] [21.0] [cxt 0] Skipping checksum 'cksum' update because condition not met
[18:02:16.500] [bmv2] [D] [thread 5416] [21.0] [cxt 0] Deparsing header 'ethernet'
[18:02:16.500] [bmv2] [D] [thread 5416] [21.0] [cxt 0] Deparser 'deparser': end
[18:02:16.500] [bmv2] [D] [thread 5416] [22.0] [cxt 0] Pipeline 'egress': start
[18:02:16.500] [bmv2] [D] [thread 5416] [22.0] [cxt 0] Pipeline 'egress': end
[18:02:16.500] [bmv2] [D] [thread 5416] [22.0] [cxt 0] Deparser 'deparser': start
[18:02:16.500] [bmv2] [T] [thread 5416] [22.0] [cxt 0] Skipping checksum 'cksum' update because condition not met
[18:02:16.500] [bmv2] [D] [thread 5416] [22.0] [cxt 0] Deparsing header 'ethernet'
[18:02:16.500] [bmv2] [D] [thread 5416] [22.0] [cxt 0] Deparser 'deparser': end
[18:02:16.500] [bmv2] [D] [thread 5420] [21.0] [cxt 0] Transmitting packet of size 70 out of port 0
[18:02:16.500] [bmv2] [D] [thread 5420] [22.0] [cxt 0] Transmitting packet of size 70 out of port 0
[18:02:23.667] [bmv2] [D] [thread 5415] [23.0] [cxt 0] Processing packet received on port 3
[18:02:23.667] [bmv2] [D] [thread 5415] [23.0] [cxt 0] Parser 'parser': start
[18:02:23.667] [bmv2] [D] [thread 5415] [23.0] [cxt 0] Parser 'parser' entering state 'start'
[18:02:23.667] [bmv2] [D] [thread 5415] [23.0] [cxt 0] Extracting header 'ethernet'
[18:02:23.667] [bmv2] [D] [thread 5415] [23.0] [cxt 0] Parser state 'start': key is 86dd
[18:02:23.667] [bmv2] [T] [thread 5415] [23.0] [cxt 0] Bytes parsed: 14
[18:02:23.667] [bmv2] [D] [thread 5415] [23.0] [cxt 0] Parser 'parser': end
[18:02:23.667] [bmv2] [D] [thread 5415] [23.0] [cxt 0] Pipeline 'ingress': start
[18:02:23.667] [bmv2] [T] [thread 5415] [23.0] [cxt 0] basic_tunnel.p4(152) Condition "hdr.ipv4.isValid() && !hdr.myTunnel.isValid()" (node_2) is false
[18:02:23.667] [bmv2] [T] [thread 5415] [23.0] [cxt 0] basic_tunnel.p4(155) Condition "hdr.myTunnel.isValid()" (node_4) is false
[18:02:23.667] [bmv2] [D] [thread 5415] [23.0] [cxt 0] Pipeline 'ingress': end
[18:02:23.667] [bmv2] [D] [thread 5415] [23.0] [cxt 0] Egress port is 0
[18:02:23.668] [bmv2] [D] [thread 5416] [23.0] [cxt 0] Pipeline 'egress': start
[18:02:23.668] [bmv2] [D] [thread 5416] [23.0] [cxt 0] Pipeline 'egress': end
[18:02:23.668] [bmv2] [D] [thread 5416] [23.0] [cxt 0] Deparser 'deparser': start
[18:02:23.668] [bmv2] [T] [thread 5416] [23.0] [cxt 0] Skipping checksum 'cksum' update because condition not met
[18:02:23.670] [bmv2] [D] [thread 5416] [23.0] [cxt 0] Deparsing header 'ethernet'
[18:02:23.670] [bmv2] [D] [thread 5416] [23.0] [cxt 0] Deparser 'deparser': end
[18:02:23.670] [bmv2] [D] [thread 5420] [23.0] [cxt 0] Transmitting packet of size 70 out of port 0
[18:02:23.922] [bmv2] [D] [thread 5415] [24.0] [cxt 0] Processing packet received on port 1
[18:02:23.922] [bmv2] [D] [thread 5415] [24.0] [cxt 0] Parser 'parser': start
[18:02:23.922] [bmv2] [D] [thread 5415] [24.0] [cxt 0] Parser 'parser' entering state 'start'
[18:02:23.922] [bmv2] [D] [thread 5415] [24.0] [cxt 0] Extracting header 'ethernet'
[18:02:23.922] [bmv2] [D] [thread 5415] [24.0] [cxt 0] Parser state 'start': key is 86dd
[18:02:23.922] [bmv2] [T] [thread 5415] [24.0] [cxt 0] Bytes parsed: 14
[18:02:23.922] [bmv2] [D] [thread 5415] [24.0] [cxt 0] Parser 'parser': end
[18:02:23.922] [bmv2] [D] [thread 5415] [24.0] [cxt 0] Pipeline 'ingress': start
[18:02:23.922] [bmv2] [T] [thread 5415] [24.0] [cxt 0] basic_tunnel.p4(152) Condition "hdr.ipv4.isValid() && !hdr.myTunnel.isValid()" (node_2) is false
[18:02:23.922] [bmv2] [T] [thread 5415] [24.0] [cxt 0] basic_tunnel.p4(155) Condition "hdr.myTunnel.isValid()" (node_4) is false
[18:02:23.922] [bmv2] [D] [thread 5415] [24.0] [cxt 0] Pipeline 'ingress': end
[18:02:23.922] [bmv2] [D] [thread 5415] [24.0] [cxt 0] Egress port is 0
[18:02:23.922] [bmv2] [D] [thread 5416] [24.0] [cxt 0] Pipeline 'egress': start
[18:02:23.922] [bmv2] [D] [thread 5416] [24.0] [cxt 0] Pipeline 'egress': end
[18:02:23.922] [bmv2] [D] [thread 5416] [24.0] [cxt 0] Deparser 'deparser': start
[18:02:23.922] [bmv2] [T] [thread 5416] [24.0] [cxt 0] Skipping checksum 'cksum' update because condition not met
[18:02:23.922] [bmv2] [D] [thread 5416] [24.0] [cxt 0] Deparsing header 'ethernet'
[18:02:23.922] [bmv2] [D] [thread 5416] [24.0] [cxt 0] Deparser 'deparser': end
[18:02:23.923] [bmv2] [D] [thread 5420] [24.0] [cxt 0] Transmitting packet of size 70 out of port 0
[18:02:24.692] [bmv2] [D] [thread 5415] [25.0] [cxt 0] Processing packet received on port 2
[18:02:24.692] [bmv2] [D] [thread 5415] [25.0] [cxt 0] Parser 'parser': start
[18:02:24.692] [bmv2] [D] [thread 5415] [25.0] [cxt 0] Parser 'parser' entering state 'start'
[18:02:24.692] [bmv2] [D] [thread 5415] [25.0] [cxt 0] Extracting header 'ethernet'
[18:02:24.692] [bmv2] [D] [thread 5415] [25.0] [cxt 0] Parser state 'start': key is 86dd
[18:02:24.692] [bmv2] [T] [thread 5415] [25.0] [cxt 0] Bytes parsed: 14
[18:02:24.692] [bmv2] [D] [thread 5415] [25.0] [cxt 0] Parser 'parser': end
[18:02:24.692] [bmv2] [D] [thread 5415] [25.0] [cxt 0] Pipeline 'ingress': start
[18:02:24.692] [bmv2] [T] [thread 5415] [25.0] [cxt 0] basic_tunnel.p4(152) Condition "hdr.ipv4.isValid() && !hdr.myTunnel.isValid()" (node_2) is false
[18:02:24.692] [bmv2] [T] [thread 5415] [25.0] [cxt 0] basic_tunnel.p4(155) Condition "hdr.myTunnel.isValid()" (node_4) is false
[18:02:24.692] [bmv2] [D] [thread 5415] [25.0] [cxt 0] Pipeline 'ingress': end
[18:02:24.692] [bmv2] [D] [thread 5415] [25.0] [cxt 0] Egress port is 0
[18:02:24.692] [bmv2] [D] [thread 5416] [25.0] [cxt 0] Pipeline 'egress': start
[18:02:24.692] [bmv2] [D] [thread 5416] [25.0] [cxt 0] Pipeline 'egress': end
[18:02:24.692] [bmv2] [D] [thread 5416] [25.0] [cxt 0] Deparser 'deparser': start
[18:02:24.692] [bmv2] [T] [thread 5416] [25.0] [cxt 0] Skipping checksum 'cksum' update because condition not met
[18:02:24.692] [bmv2] [D] [thread 5416] [25.0] [cxt 0] Deparsing header 'ethernet'
[18:02:24.692] [bmv2] [D] [thread 5416] [25.0] [cxt 0] Deparser 'deparser': end
[18:02:24.693] [bmv2] [D] [thread 5420] [25.0] [cxt 0] Transmitting packet of size 70 out of port 0
[18:02:25.203] [bmv2] [D] [thread 5415] [26.0] [cxt 0] Processing packet received on port 3
[18:02:25.203] [bmv2] [D] [thread 5415] [26.0] [cxt 0] Parser 'parser': start
[18:02:25.203] [bmv2] [D] [thread 5415] [26.0] [cxt 0] Parser 'parser' entering state 'start'
[18:02:25.203] [bmv2] [D] [thread 5415] [26.0] [cxt 0] Extracting header 'ethernet'
[18:02:25.203] [bmv2] [D] [thread 5415] [26.0] [cxt 0] Parser state 'start': key is 86dd
[18:02:25.203] [bmv2] [T] [thread 5415] [26.0] [cxt 0] Bytes parsed: 14
[18:02:25.203] [bmv2] [D] [thread 5415] [26.0] [cxt 0] Parser 'parser': end
[18:02:25.203] [bmv2] [D] [thread 5415] [26.0] [cxt 0] Pipeline 'ingress': start
[18:02:25.203] [bmv2] [T] [thread 5415] [26.0] [cxt 0] basic_tunnel.p4(152) Condition "hdr.ipv4.isValid() && !hdr.myTunnel.isValid()" (node_2) is false
[18:02:25.203] [bmv2] [T] [thread 5415] [26.0] [cxt 0] basic_tunnel.p4(155) Condition "hdr.myTunnel.isValid()" (node_4) is false
[18:02:25.203] [bmv2] [D] [thread 5415] [26.0] [cxt 0] Pipeline 'ingress': end
[18:02:25.203] [bmv2] [D] [thread 5415] [26.0] [cxt 0] Egress port is 0
[18:02:25.203] [bmv2] [D] [thread 5416] [26.0] [cxt 0] Pipeline 'egress': start
[18:02:25.203] [bmv2] [D] [thread 5416] [26.0] [cxt 0] Pipeline 'egress': end
[18:02:25.203] [bmv2] [D] [thread 5416] [26.0] [cxt 0] Deparser 'deparser': start
[18:02:25.203] [bmv2] [T] [thread 5416] [26.0] [cxt 0] Skipping checksum 'cksum' update because condition not met
[18:02:25.203] [bmv2] [D] [thread 5416] [26.0] [cxt 0] Deparsing header 'ethernet'
[18:02:25.203] [bmv2] [D] [thread 5416] [26.0] [cxt 0] Deparser 'deparser': end
[18:02:25.203] [bmv2] [D] [thread 5420] [26.0] [cxt 0] Transmitting packet of size 70 out of port 0
[18:02:25.459] [bmv2] [D] [thread 5415] [27.0] [cxt 0] Processing packet received on port 2
[18:02:25.459] [bmv2] [D] [thread 5415] [27.0] [cxt 0] Parser 'parser': start
[18:02:25.459] [bmv2] [D] [thread 5415] [27.0] [cxt 0] Parser 'parser' entering state 'start'
[18:02:25.459] [bmv2] [D] [thread 5415] [27.0] [cxt 0] Extracting header 'ethernet'
[18:02:25.459] [bmv2] [D] [thread 5415] [27.0] [cxt 0] Parser state 'start': key is 86dd
[18:02:25.459] [bmv2] [T] [thread 5415] [27.0] [cxt 0] Bytes parsed: 14
[18:02:25.459] [bmv2] [D] [thread 5415] [27.0] [cxt 0] Parser 'parser': end
[18:02:25.459] [bmv2] [D] [thread 5415] [27.0] [cxt 0] Pipeline 'ingress': start
[18:02:25.459] [bmv2] [T] [thread 5415] [27.0] [cxt 0] basic_tunnel.p4(152) Condition "hdr.ipv4.isValid() && !hdr.myTunnel.isValid()" (node_2) is false
[18:02:25.459] [bmv2] [T] [thread 5415] [27.0] [cxt 0] basic_tunnel.p4(155) Condition "hdr.myTunnel.isValid()" (node_4) is false
[18:02:25.459] [bmv2] [D] [thread 5415] [27.0] [cxt 0] Pipeline 'ingress': end
[18:02:25.459] [bmv2] [D] [thread 5415] [27.0] [cxt 0] Egress port is 0
[18:02:25.460] [bmv2] [D] [thread 5416] [27.0] [cxt 0] Pipeline 'egress': start
[18:02:25.460] [bmv2] [D] [thread 5416] [27.0] [cxt 0] Pipeline 'egress': end
[18:02:25.460] [bmv2] [D] [thread 5416] [27.0] [cxt 0] Deparser 'deparser': start
[18:02:25.460] [bmv2] [T] [thread 5416] [27.0] [cxt 0] Skipping checksum 'cksum' update because condition not met
[18:02:25.460] [bmv2] [D] [thread 5416] [27.0] [cxt 0] Deparsing header 'ethernet'
[18:02:25.460] [bmv2] [D] [thread 5416] [27.0] [cxt 0] Deparser 'deparser': end
[18:02:25.460] [bmv2] [D] [thread 5420] [27.0] [cxt 0] Transmitting packet of size 70 out of port 0
[18:02:37.493] [bmv2] [D] [thread 5415] [28.0] [cxt 0] Processing packet received on port 3
[18:02:37.493] [bmv2] [D] [thread 5415] [28.0] [cxt 0] Parser 'parser': start
[18:02:37.493] [bmv2] [D] [thread 5415] [28.0] [cxt 0] Parser 'parser' entering state 'start'
[18:02:37.493] [bmv2] [D] [thread 5415] [28.0] [cxt 0] Extracting header 'ethernet'
[18:02:37.493] [bmv2] [D] [thread 5415] [28.0] [cxt 0] Parser state 'start': key is 86dd
[18:02:37.493] [bmv2] [T] [thread 5415] [28.0] [cxt 0] Bytes parsed: 14
[18:02:37.493] [bmv2] [D] [thread 5415] [28.0] [cxt 0] Parser 'parser': end
[18:02:37.493] [bmv2] [D] [thread 5415] [28.0] [cxt 0] Pipeline 'ingress': start
[18:02:37.493] [bmv2] [T] [thread 5415] [28.0] [cxt 0] basic_tunnel.p4(152) Condition "hdr.ipv4.isValid() && !hdr.myTunnel.isValid()" (node_2) is false
[18:02:37.493] [bmv2] [T] [thread 5415] [28.0] [cxt 0] basic_tunnel.p4(155) Condition "hdr.myTunnel.isValid()" (node_4) is false
[18:02:37.493] [bmv2] [D] [thread 5415] [28.0] [cxt 0] Pipeline 'ingress': end
[18:02:37.493] [bmv2] [D] [thread 5415] [28.0] [cxt 0] Egress port is 0
[18:02:37.494] [bmv2] [D] [thread 5416] [28.0] [cxt 0] Pipeline 'egress': start
[18:02:37.495] [bmv2] [D] [thread 5416] [28.0] [cxt 0] Pipeline 'egress': end
[18:02:37.495] [bmv2] [D] [thread 5416] [28.0] [cxt 0] Deparser 'deparser': start
[18:02:37.495] [bmv2] [T] [thread 5416] [28.0] [cxt 0] Skipping checksum 'cksum' update because condition not met
[18:02:37.495] [bmv2] [D] [thread 5416] [28.0] [cxt 0] Deparsing header 'ethernet'
[18:02:37.495] [bmv2] [D] [thread 5416] [28.0] [cxt 0] Deparser 'deparser': end
[18:02:37.496] [bmv2] [D] [thread 5420] [28.0] [cxt 0] Transmitting packet of size 70 out of port 0
[18:02:39.027] [bmv2] [D] [thread 5415] [29.0] [cxt 0] Processing packet received on port 1
[18:02:39.028] [bmv2] [D] [thread 5415] [29.0] [cxt 0] Parser 'parser': start
[18:02:39.028] [bmv2] [D] [thread 5415] [29.0] [cxt 0] Parser 'parser' entering state 'start'
[18:02:39.028] [bmv2] [D] [thread 5415] [29.0] [cxt 0] Extracting header 'ethernet'
[18:02:39.028] [bmv2] [D] [thread 5415] [29.0] [cxt 0] Parser state 'start': key is 86dd
[18:02:39.028] [bmv2] [T] [thread 5415] [29.0] [cxt 0] Bytes parsed: 14
[18:02:39.028] [bmv2] [D] [thread 5415] [29.0] [cxt 0] Parser 'parser': end
[18:02:39.028] [bmv2] [D] [thread 5415] [29.0] [cxt 0] Pipeline 'ingress': start
[18:02:39.028] [bmv2] [T] [thread 5415] [29.0] [cxt 0] basic_tunnel.p4(152) Condition "hdr.ipv4.isValid() && !hdr.myTunnel.isValid()" (node_2) is false
[18:02:39.028] [bmv2] [T] [thread 5415] [29.0] [cxt 0] basic_tunnel.p4(155) Condition "hdr.myTunnel.isValid()" (node_4) is false
[18:02:39.028] [bmv2] [D] [thread 5415] [29.0] [cxt 0] Pipeline 'ingress': end
[18:02:39.028] [bmv2] [D] [thread 5415] [29.0] [cxt 0] Egress port is 0
[18:02:39.029] [bmv2] [D] [thread 5416] [29.0] [cxt 0] Pipeline 'egress': start
[18:02:39.029] [bmv2] [D] [thread 5416] [29.0] [cxt 0] Pipeline 'egress': end
[18:02:39.029] [bmv2] [D] [thread 5416] [29.0] [cxt 0] Deparser 'deparser': start
[18:02:39.029] [bmv2] [T] [thread 5416] [29.0] [cxt 0] Skipping checksum 'cksum' update because condition not met
[18:02:39.029] [bmv2] [D] [thread 5416] [29.0] [cxt 0] Deparsing header 'ethernet'
[18:02:39.029] [bmv2] [D] [thread 5416] [29.0] [cxt 0] Deparser 'deparser': end
[18:02:39.029] [bmv2] [D] [thread 5420] [29.0] [cxt 0] Transmitting packet of size 70 out of port 0
[18:02:43.380] [bmv2] [D] [thread 5415] [30.0] [cxt 0] Processing packet received on port 2
[18:02:43.381] [bmv2] [D] [thread 5415] [30.0] [cxt 0] Parser 'parser': start
[18:02:43.381] [bmv2] [D] [thread 5415] [30.0] [cxt 0] Parser 'parser' entering state 'start'
[18:02:43.381] [bmv2] [D] [thread 5415] [30.0] [cxt 0] Extracting header 'ethernet'
[18:02:43.381] [bmv2] [D] [thread 5415] [30.0] [cxt 0] Parser state 'start': key is 86dd
[18:02:43.381] [bmv2] [T] [thread 5415] [30.0] [cxt 0] Bytes parsed: 14
[18:02:43.381] [bmv2] [D] [thread 5415] [30.0] [cxt 0] Parser 'parser': end
[18:02:43.381] [bmv2] [D] [thread 5415] [30.0] [cxt 0] Pipeline 'ingress': start
[18:02:43.381] [bmv2] [T] [thread 5415] [30.0] [cxt 0] basic_tunnel.p4(152) Condition "hdr.ipv4.isValid() && !hdr.myTunnel.isValid()" (node_2) is false
[18:02:43.381] [bmv2] [T] [thread 5415] [30.0] [cxt 0] basic_tunnel.p4(155) Condition "hdr.myTunnel.isValid()" (node_4) is false
[18:02:43.381] [bmv2] [D] [thread 5415] [30.0] [cxt 0] Pipeline 'ingress': end
[18:02:43.381] [bmv2] [D] [thread 5415] [30.0] [cxt 0] Egress port is 0
[18:02:43.381] [bmv2] [D] [thread 5415] [31.0] [cxt 0] Processing packet received on port 3
[18:02:43.381] [bmv2] [D] [thread 5415] [31.0] [cxt 0] Parser 'parser': start
[18:02:43.381] [bmv2] [D] [thread 5415] [31.0] [cxt 0] Parser 'parser' entering state 'start'
[18:02:43.381] [bmv2] [D] [thread 5415] [31.0] [cxt 0] Extracting header 'ethernet'
[18:02:43.381] [bmv2] [D] [thread 5415] [31.0] [cxt 0] Parser state 'start': key is 86dd
[18:02:43.381] [bmv2] [T] [thread 5415] [31.0] [cxt 0] Bytes parsed: 14
[18:02:43.381] [bmv2] [D] [thread 5415] [31.0] [cxt 0] Parser 'parser': end
[18:02:43.381] [bmv2] [D] [thread 5415] [31.0] [cxt 0] Pipeline 'ingress': start
[18:02:43.381] [bmv2] [T] [thread 5415] [31.0] [cxt 0] basic_tunnel.p4(152) Condition "hdr.ipv4.isValid() && !hdr.myTunnel.isValid()" (node_2) is false
[18:02:43.381] [bmv2] [T] [thread 5415] [31.0] [cxt 0] basic_tunnel.p4(155) Condition "hdr.myTunnel.isValid()" (node_4) is false
[18:02:43.381] [bmv2] [D] [thread 5415] [31.0] [cxt 0] Pipeline 'ingress': end
[18:02:43.381] [bmv2] [D] [thread 5415] [31.0] [cxt 0] Egress port is 0
[18:02:43.381] [bmv2] [D] [thread 5415] [32.0] [cxt 0] Processing packet received on port 2
[18:02:43.381] [bmv2] [D] [thread 5415] [32.0] [cxt 0] Parser 'parser': start
[18:02:43.382] [bmv2] [D] [thread 5415] [32.0] [cxt 0] Parser 'parser' entering state 'start'
[18:02:43.382] [bmv2] [D] [thread 5415] [32.0] [cxt 0] Extracting header 'ethernet'
[18:02:43.382] [bmv2] [D] [thread 5415] [32.0] [cxt 0] Parser state 'start': key is 86dd
[18:02:43.383] [bmv2] [T] [thread 5415] [32.0] [cxt 0] Bytes parsed: 14
[18:02:43.383] [bmv2] [D] [thread 5415] [32.0] [cxt 0] Parser 'parser': end
[18:02:43.383] [bmv2] [D] [thread 5415] [32.0] [cxt 0] Pipeline 'ingress': start
[18:02:43.383] [bmv2] [T] [thread 5415] [32.0] [cxt 0] basic_tunnel.p4(152) Condition "hdr.ipv4.isValid() && !hdr.myTunnel.isValid()" (node_2) is false
[18:02:43.383] [bmv2] [T] [thread 5415] [32.0] [cxt 0] basic_tunnel.p4(155) Condition "hdr.myTunnel.isValid()" (node_4) is false
[18:02:43.383] [bmv2] [D] [thread 5415] [32.0] [cxt 0] Pipeline 'ingress': end
[18:02:43.383] [bmv2] [D] [thread 5415] [32.0] [cxt 0] Egress port is 0
[18:02:43.382] [bmv2] [D] [thread 5416] [30.0] [cxt 0] Pipeline 'egress': start
[18:02:43.383] [bmv2] [D] [thread 5416] [30.0] [cxt 0] Pipeline 'egress': end
[18:02:43.383] [bmv2] [D] [thread 5416] [30.0] [cxt 0] Deparser 'deparser': start
[18:02:43.383] [bmv2] [T] [thread 5416] [30.0] [cxt 0] Skipping checksum 'cksum' update because condition not met
[18:02:43.383] [bmv2] [D] [thread 5416] [30.0] [cxt 0] Deparsing header 'ethernet'
[18:02:43.383] [bmv2] [D] [thread 5416] [30.0] [cxt 0] Deparser 'deparser': end
[18:02:43.384] [bmv2] [D] [thread 5416] [31.0] [cxt 0] Pipeline 'egress': start
[18:02:43.384] [bmv2] [D] [thread 5416] [31.0] [cxt 0] Pipeline 'egress': end
[18:02:43.384] [bmv2] [D] [thread 5416] [31.0] [cxt 0] Deparser 'deparser': start
[18:02:43.384] [bmv2] [T] [thread 5416] [31.0] [cxt 0] Skipping checksum 'cksum' update because condition not met
[18:02:43.384] [bmv2] [D] [thread 5416] [31.0] [cxt 0] Deparsing header 'ethernet'
[18:02:43.384] [bmv2] [D] [thread 5416] [31.0] [cxt 0] Deparser 'deparser': end
[18:02:43.384] [bmv2] [D] [thread 5416] [32.0] [cxt 0] Pipeline 'egress': start
[18:02:43.384] [bmv2] [D] [thread 5416] [32.0] [cxt 0] Pipeline 'egress': end
[18:02:43.384] [bmv2] [D] [thread 5416] [32.0] [cxt 0] Deparser 'deparser': start
[18:02:43.384] [bmv2] [T] [thread 5416] [32.0] [cxt 0] Skipping checksum 'cksum' update because condition not met
[18:02:43.384] [bmv2] [D] [thread 5416] [32.0] [cxt 0] Deparsing header 'ethernet'
[18:02:43.384] [bmv2] [D] [thread 5416] [32.0] [cxt 0] Deparser 'deparser': end
[18:02:43.385] [bmv2] [D] [thread 5420] [30.0] [cxt 0] Transmitting packet of size 70 out of port 0
[18:02:43.385] [bmv2] [D] [thread 5420] [31.0] [cxt 0] Transmitting packet of size 70 out of port 0
[18:02:43.385] [bmv2] [D] [thread 5420] [32.0] [cxt 0] Transmitting packet of size 70 out of port 0
[18:03:05.914] [bmv2] [D] [thread 5415] [33.0] [cxt 0] Processing packet received on port 3
[18:03:05.914] [bmv2] [D] [thread 5415] [33.0] [cxt 0] Parser 'parser': start
[18:03:05.916] [bmv2] [D] [thread 5415] [33.0] [cxt 0] Parser 'parser' entering state 'start'
[18:03:05.916] [bmv2] [D] [thread 5415] [33.0] [cxt 0] Extracting header 'ethernet'
[18:03:05.916] [bmv2] [D] [thread 5415] [33.0] [cxt 0] Parser state 'start': key is 86dd
[18:03:05.916] [bmv2] [T] [thread 5415] [33.0] [cxt 0] Bytes parsed: 14
[18:03:05.916] [bmv2] [D] [thread 5415] [33.0] [cxt 0] Parser 'parser': end
[18:03:05.916] [bmv2] [D] [thread 5415] [33.0] [cxt 0] Pipeline 'ingress': start
[18:03:05.916] [bmv2] [T] [thread 5415] [33.0] [cxt 0] basic_tunnel.p4(152) Condition "hdr.ipv4.isValid() && !hdr.myTunnel.isValid()" (node_2) is false
[18:03:05.916] [bmv2] [T] [thread 5415] [33.0] [cxt 0] basic_tunnel.p4(155) Condition "hdr.myTunnel.isValid()" (node_4) is false
[18:03:05.916] [bmv2] [D] [thread 5415] [33.0] [cxt 0] Pipeline 'ingress': end
[18:03:05.916] [bmv2] [D] [thread 5415] [33.0] [cxt 0] Egress port is 0
[18:03:05.916] [bmv2] [D] [thread 5416] [33.0] [cxt 0] Pipeline 'egress': start
[18:03:05.916] [bmv2] [D] [thread 5416] [33.0] [cxt 0] Pipeline 'egress': end
[18:03:05.916] [bmv2] [D] [thread 5416] [33.0] [cxt 0] Deparser 'deparser': start
[18:03:05.916] [bmv2] [T] [thread 5416] [33.0] [cxt 0] Skipping checksum 'cksum' update because condition not met
[18:03:05.916] [bmv2] [D] [thread 5416] [33.0] [cxt 0] Deparsing header 'ethernet'
[18:03:05.916] [bmv2] [D] [thread 5416] [33.0] [cxt 0] Deparser 'deparser': end
[18:03:05.916] [bmv2] [D] [thread 5420] [33.0] [cxt 0] Transmitting packet of size 70 out of port 0
[18:03:10.003] [bmv2] [D] [thread 5415] [34.0] [cxt 0] Processing packet received on port 1
[18:03:10.003] [bmv2] [D] [thread 5415] [34.0] [cxt 0] Parser 'parser': start
[18:03:10.003] [bmv2] [D] [thread 5415] [34.0] [cxt 0] Parser 'parser' entering state 'start'
[18:03:10.003] [bmv2] [D] [thread 5415] [34.0] [cxt 0] Extracting header 'ethernet'
[18:03:10.003] [bmv2] [D] [thread 5415] [34.0] [cxt 0] Parser state 'start': key is 86dd
[18:03:10.004] [bmv2] [T] [thread 5415] [34.0] [cxt 0] Bytes parsed: 14
[18:03:10.004] [bmv2] [D] [thread 5415] [34.0] [cxt 0] Parser 'parser': end
[18:03:10.004] [bmv2] [D] [thread 5415] [34.0] [cxt 0] Pipeline 'ingress': start
[18:03:10.004] [bmv2] [T] [thread 5415] [34.0] [cxt 0] basic_tunnel.p4(152) Condition "hdr.ipv4.isValid() && !hdr.myTunnel.isValid()" (node_2) is false
[18:03:10.004] [bmv2] [T] [thread 5415] [34.0] [cxt 0] basic_tunnel.p4(155) Condition "hdr.myTunnel.isValid()" (node_4) is false
[18:03:10.004] [bmv2] [D] [thread 5415] [34.0] [cxt 0] Pipeline 'ingress': end
[18:03:10.004] [bmv2] [D] [thread 5415] [34.0] [cxt 0] Egress port is 0
[18:03:10.004] [bmv2] [D] [thread 5416] [34.0] [cxt 0] Pipeline 'egress': start
[18:03:10.004] [bmv2] [D] [thread 5416] [34.0] [cxt 0] Pipeline 'egress': end
[18:03:10.004] [bmv2] [D] [thread 5416] [34.0] [cxt 0] Deparser 'deparser': start
[18:03:10.004] [bmv2] [T] [thread 5416] [34.0] [cxt 0] Skipping checksum 'cksum' update because condition not met
[18:03:10.004] [bmv2] [D] [thread 5416] [34.0] [cxt 0] Deparsing header 'ethernet'
[18:03:10.004] [bmv2] [D] [thread 5416] [34.0] [cxt 0] Deparser 'deparser': end
[18:03:10.004] [bmv2] [D] [thread 5420] [34.0] [cxt 0] Transmitting packet of size 70 out of port 0
[18:03:18.194] [bmv2] [D] [thread 5415] [35.0] [cxt 0] Processing packet received on port 3
[18:03:18.194] [bmv2] [D] [thread 5415] [35.0] [cxt 0] Parser 'parser': start
[18:03:18.194] [bmv2] [D] [thread 5415] [35.0] [cxt 0] Parser 'parser' entering state 'start'
[18:03:18.194] [bmv2] [D] [thread 5415] [35.0] [cxt 0] Extracting header 'ethernet'
[18:03:18.194] [bmv2] [D] [thread 5415] [35.0] [cxt 0] Parser state 'start': key is 86dd
[18:03:18.194] [bmv2] [T] [thread 5415] [35.0] [cxt 0] Bytes parsed: 14
[18:03:18.194] [bmv2] [D] [thread 5415] [35.0] [cxt 0] Parser 'parser': end
[18:03:18.194] [bmv2] [D] [thread 5415] [35.0] [cxt 0] Pipeline 'ingress': start
[18:03:18.194] [bmv2] [T] [thread 5415] [35.0] [cxt 0] basic_tunnel.p4(152) Condition "hdr.ipv4.isValid() && !hdr.myTunnel.isValid()" (node_2) is false
[18:03:18.194] [bmv2] [T] [thread 5415] [35.0] [cxt 0] basic_tunnel.p4(155) Condition "hdr.myTunnel.isValid()" (node_4) is false
[18:03:18.195] [bmv2] [D] [thread 5415] [35.0] [cxt 0] Pipeline 'ingress': end
[18:03:18.195] [bmv2] [D] [thread 5415] [35.0] [cxt 0] Egress port is 0
[18:03:18.195] [bmv2] [D] [thread 5416] [35.0] [cxt 0] Pipeline 'egress': start
[18:03:18.195] [bmv2] [D] [thread 5416] [35.0] [cxt 0] Pipeline 'egress': end
[18:03:18.195] [bmv2] [D] [thread 5416] [35.0] [cxt 0] Deparser 'deparser': start
[18:03:18.195] [bmv2] [T] [thread 5416] [35.0] [cxt 0] Skipping checksum 'cksum' update because condition not met
[18:03:18.195] [bmv2] [D] [thread 5416] [35.0] [cxt 0] Deparsing header 'ethernet'
[18:03:18.195] [bmv2] [D] [thread 5416] [35.0] [cxt 0] Deparser 'deparser': end
[18:03:18.195] [bmv2] [D] [thread 5420] [35.0] [cxt 0] Transmitting packet of size 70 out of port 0
[18:03:20.246] [bmv2] [D] [thread 5415] [36.0] [cxt 0] Processing packet received on port 2
[18:03:20.246] [bmv2] [D] [thread 5415] [36.0] [cxt 0] Parser 'parser': start
[18:03:20.246] [bmv2] [D] [thread 5415] [36.0] [cxt 0] Parser 'parser' entering state 'start'
[18:03:20.246] [bmv2] [D] [thread 5415] [36.0] [cxt 0] Extracting header 'ethernet'
[18:03:20.246] [bmv2] [D] [thread 5415] [36.0] [cxt 0] Parser state 'start': key is 86dd
[18:03:20.246] [bmv2] [T] [thread 5415] [36.0] [cxt 0] Bytes parsed: 14
[18:03:20.246] [bmv2] [D] [thread 5415] [36.0] [cxt 0] Parser 'parser': end
[18:03:20.246] [bmv2] [D] [thread 5415] [36.0] [cxt 0] Pipeline 'ingress': start
[18:03:20.246] [bmv2] [T] [thread 5415] [36.0] [cxt 0] basic_tunnel.p4(152) Condition "hdr.ipv4.isValid() && !hdr.myTunnel.isValid()" (node_2) is false
[18:03:20.246] [bmv2] [T] [thread 5415] [36.0] [cxt 0] basic_tunnel.p4(155) Condition "hdr.myTunnel.isValid()" (node_4) is false
[18:03:20.246] [bmv2] [D] [thread 5415] [36.0] [cxt 0] Pipeline 'ingress': end
[18:03:20.246] [bmv2] [D] [thread 5415] [36.0] [cxt 0] Egress port is 0
[18:03:20.246] [bmv2] [D] [thread 5415] [37.0] [cxt 0] Processing packet received on port 2
[18:03:20.246] [bmv2] [D] [thread 5415] [37.0] [cxt 0] Parser 'parser': start
[18:03:20.246] [bmv2] [D] [thread 5415] [37.0] [cxt 0] Parser 'parser' entering state 'start'
[18:03:20.246] [bmv2] [D] [thread 5415] [37.0] [cxt 0] Extracting header 'ethernet'
[18:03:20.246] [bmv2] [D] [thread 5415] [37.0] [cxt 0] Parser state 'start': key is 86dd
[18:03:20.246] [bmv2] [T] [thread 5415] [37.0] [cxt 0] Bytes parsed: 14
[18:03:20.246] [bmv2] [D] [thread 5415] [37.0] [cxt 0] Parser 'parser': end
[18:03:20.246] [bmv2] [D] [thread 5415] [37.0] [cxt 0] Pipeline 'ingress': start
[18:03:20.246] [bmv2] [T] [thread 5415] [37.0] [cxt 0] basic_tunnel.p4(152) Condition "hdr.ipv4.isValid() && !hdr.myTunnel.isValid()" (node_2) is false
[18:03:20.246] [bmv2] [T] [thread 5415] [37.0] [cxt 0] basic_tunnel.p4(155) Condition "hdr.myTunnel.isValid()" (node_4) is false
[18:03:20.246] [bmv2] [D] [thread 5415] [37.0] [cxt 0] Pipeline 'ingress': end
[18:03:20.246] [bmv2] [D] [thread 5415] [37.0] [cxt 0] Egress port is 0
[18:03:20.246] [bmv2] [D] [thread 5416] [36.0] [cxt 0] Pipeline 'egress': start
[18:03:20.246] [bmv2] [D] [thread 5416] [36.0] [cxt 0] Pipeline 'egress': end
[18:03:20.246] [bmv2] [D] [thread 5416] [36.0] [cxt 0] Deparser 'deparser': start
[18:03:20.246] [bmv2] [T] [thread 5416] [36.0] [cxt 0] Skipping checksum 'cksum' update because condition not met
[18:03:20.246] [bmv2] [D] [thread 5416] [36.0] [cxt 0] Deparsing header 'ethernet'
[18:03:20.246] [bmv2] [D] [thread 5416] [36.0] [cxt 0] Deparser 'deparser': end
[18:03:20.246] [bmv2] [D] [thread 5416] [37.0] [cxt 0] Pipeline 'egress': start
[18:03:20.246] [bmv2] [D] [thread 5416] [37.0] [cxt 0] Pipeline 'egress': end
[18:03:20.246] [bmv2] [D] [thread 5416] [37.0] [cxt 0] Deparser 'deparser': start
[18:03:20.246] [bmv2] [T] [thread 5416] [37.0] [cxt 0] Skipping checksum 'cksum' update because condition not met
[18:03:20.246] [bmv2] [D] [thread 5416] [37.0] [cxt 0] Deparsing header 'ethernet'
[18:03:20.246] [bmv2] [D] [thread 5416] [37.0] [cxt 0] Deparser 'deparser': end
[18:03:20.246] [bmv2] [D] [thread 5420] [36.0] [cxt 0] Transmitting packet of size 70 out of port 0
[18:03:20.246] [bmv2] [D] [thread 5420] [37.0] [cxt 0] Transmitting packet of size 70 out of port 0
[18:04:01.204] [bmv2] [D] [thread 5415] [38.0] [cxt 0] Processing packet received on port 3
[18:04:01.204] [bmv2] [D] [thread 5415] [38.0] [cxt 0] Parser 'parser': start
[18:04:01.204] [bmv2] [D] [thread 5415] [38.0] [cxt 0] Parser 'parser' entering state 'start'
[18:04:01.204] [bmv2] [D] [thread 5415] [38.0] [cxt 0] Extracting header 'ethernet'
[18:04:01.204] [bmv2] [D] [thread 5415] [38.0] [cxt 0] Parser state 'start': key is 86dd
[18:04:01.204] [bmv2] [T] [thread 5415] [38.0] [cxt 0] Bytes parsed: 14
[18:04:01.204] [bmv2] [D] [thread 5415] [38.0] [cxt 0] Parser 'parser': end
[18:04:01.204] [bmv2] [D] [thread 5415] [38.0] [cxt 0] Pipeline 'ingress': start
[18:04:01.204] [bmv2] [T] [thread 5415] [38.0] [cxt 0] basic_tunnel.p4(152) Condition "hdr.ipv4.isValid() && !hdr.myTunnel.isValid()" (node_2) is false
[18:04:01.204] [bmv2] [T] [thread 5415] [38.0] [cxt 0] basic_tunnel.p4(155) Condition "hdr.myTunnel.isValid()" (node_4) is false
[18:04:01.204] [bmv2] [D] [thread 5415] [38.0] [cxt 0] Pipeline 'ingress': end
[18:04:01.204] [bmv2] [D] [thread 5415] [38.0] [cxt 0] Egress port is 0
[18:04:01.204] [bmv2] [D] [thread 5416] [38.0] [cxt 0] Pipeline 'egress': start
[18:04:01.204] [bmv2] [D] [thread 5416] [38.0] [cxt 0] Pipeline 'egress': end
[18:04:01.204] [bmv2] [D] [thread 5416] [38.0] [cxt 0] Deparser 'deparser': start
[18:04:01.204] [bmv2] [T] [thread 5416] [38.0] [cxt 0] Skipping checksum 'cksum' update because condition not met
[18:04:01.204] [bmv2] [D] [thread 5416] [38.0] [cxt 0] Deparsing header 'ethernet'
[18:04:01.204] [bmv2] [D] [thread 5416] [38.0] [cxt 0] Deparser 'deparser': end
[18:04:01.204] [bmv2] [D] [thread 5420] [38.0] [cxt 0] Transmitting packet of size 70 out of port 0
[18:04:11.443] [bmv2] [D] [thread 5415] [39.0] [cxt 0] Processing packet received on port 1
[18:04:11.443] [bmv2] [D] [thread 5415] [39.0] [cxt 0] Parser 'parser': start
[18:04:11.443] [bmv2] [D] [thread 5415] [39.0] [cxt 0] Parser 'parser' entering state 'start'
[18:04:11.443] [bmv2] [D] [thread 5415] [39.0] [cxt 0] Extracting header 'ethernet'
[18:04:11.443] [bmv2] [D] [thread 5415] [39.0] [cxt 0] Parser state 'start': key is 86dd
[18:04:11.443] [bmv2] [T] [thread 5415] [39.0] [cxt 0] Bytes parsed: 14
[18:04:11.443] [bmv2] [D] [thread 5415] [39.0] [cxt 0] Parser 'parser': end
[18:04:11.443] [bmv2] [D] [thread 5415] [39.0] [cxt 0] Pipeline 'ingress': start
[18:04:11.443] [bmv2] [T] [thread 5415] [39.0] [cxt 0] basic_tunnel.p4(152) Condition "hdr.ipv4.isValid() && !hdr.myTunnel.isValid()" (node_2) is false
[18:04:11.443] [bmv2] [T] [thread 5415] [39.0] [cxt 0] basic_tunnel.p4(155) Condition "hdr.myTunnel.isValid()" (node_4) is false
[18:04:11.443] [bmv2] [D] [thread 5415] [39.0] [cxt 0] Pipeline 'ingress': end
[18:04:11.443] [bmv2] [D] [thread 5415] [39.0] [cxt 0] Egress port is 0
[18:04:11.443] [bmv2] [D] [thread 5416] [39.0] [cxt 0] Pipeline 'egress': start
[18:04:11.443] [bmv2] [D] [thread 5416] [39.0] [cxt 0] Pipeline 'egress': end
[18:04:11.443] [bmv2] [D] [thread 5416] [39.0] [cxt 0] Deparser 'deparser': start
[18:04:11.443] [bmv2] [T] [thread 5416] [39.0] [cxt 0] Skipping checksum 'cksum' update because condition not met
[18:04:11.443] [bmv2] [D] [thread 5416] [39.0] [cxt 0] Deparsing header 'ethernet'
[18:04:11.443] [bmv2] [D] [thread 5416] [39.0] [cxt 0] Deparser 'deparser': end
[18:04:11.443] [bmv2] [D] [thread 5420] [39.0] [cxt 0] Transmitting packet of size 70 out of port 0
[18:04:27.844] [bmv2] [D] [thread 5415] [40.0] [cxt 0] Processing packet received on port 3
[18:04:27.846] [bmv2] [D] [thread 5415] [40.0] [cxt 0] Parser 'parser': start
[18:04:27.846] [bmv2] [D] [thread 5415] [40.0] [cxt 0] Parser 'parser' entering state 'start'
[18:04:27.846] [bmv2] [D] [thread 5415] [40.0] [cxt 0] Extracting header 'ethernet'
[18:04:27.846] [bmv2] [D] [thread 5415] [40.0] [cxt 0] Parser state 'start': key is 86dd
[18:04:27.846] [bmv2] [T] [thread 5415] [40.0] [cxt 0] Bytes parsed: 14
[18:04:27.846] [bmv2] [D] [thread 5415] [40.0] [cxt 0] Parser 'parser': end
[18:04:27.846] [bmv2] [D] [thread 5415] [40.0] [cxt 0] Pipeline 'ingress': start
[18:04:27.846] [bmv2] [T] [thread 5415] [40.0] [cxt 0] basic_tunnel.p4(152) Condition "hdr.ipv4.isValid() && !hdr.myTunnel.isValid()" (node_2) is false
[18:04:27.846] [bmv2] [T] [thread 5415] [40.0] [cxt 0] basic_tunnel.p4(155) Condition "hdr.myTunnel.isValid()" (node_4) is false
[18:04:27.846] [bmv2] [D] [thread 5415] [40.0] [cxt 0] Pipeline 'ingress': end
[18:04:27.846] [bmv2] [D] [thread 5415] [40.0] [cxt 0] Egress port is 0
[18:04:27.846] [bmv2] [D] [thread 5416] [40.0] [cxt 0] Pipeline 'egress': start
[18:04:27.846] [bmv2] [D] [thread 5416] [40.0] [cxt 0] Pipeline 'egress': end
[18:04:27.846] [bmv2] [D] [thread 5416] [40.0] [cxt 0] Deparser 'deparser': start
[18:04:27.846] [bmv2] [T] [thread 5416] [40.0] [cxt 0] Skipping checksum 'cksum' update because condition not met
[18:04:27.846] [bmv2] [D] [thread 5416] [40.0] [cxt 0] Deparsing header 'ethernet'
[18:04:27.846] [bmv2] [D] [thread 5416] [40.0] [cxt 0] Deparser 'deparser': end
[18:04:27.846] [bmv2] [D] [thread 5420] [40.0] [cxt 0] Transmitting packet of size 70 out of port 0
[18:04:29.877] [bmv2] [D] [thread 5415] [41.0] [cxt 0] Processing packet received on port 2
[18:04:29.877] [bmv2] [D] [thread 5415] [41.0] [cxt 0] Parser 'parser': start
[18:04:29.877] [bmv2] [D] [thread 5415] [41.0] [cxt 0] Parser 'parser' entering state 'start'
[18:04:29.877] [bmv2] [D] [thread 5415] [41.0] [cxt 0] Extracting header 'ethernet'
[18:04:29.877] [bmv2] [D] [thread 5415] [41.0] [cxt 0] Parser state 'start': key is 86dd
[18:04:29.877] [bmv2] [T] [thread 5415] [41.0] [cxt 0] Bytes parsed: 14
[18:04:29.877] [bmv2] [D] [thread 5415] [41.0] [cxt 0] Parser 'parser': end
[18:04:29.877] [bmv2] [D] [thread 5415] [41.0] [cxt 0] Pipeline 'ingress': start
[18:04:29.877] [bmv2] [T] [thread 5415] [41.0] [cxt 0] basic_tunnel.p4(152) Condition "hdr.ipv4.isValid() && !hdr.myTunnel.isValid()" (node_2) is false
[18:04:29.877] [bmv2] [T] [thread 5415] [41.0] [cxt 0] basic_tunnel.p4(155) Condition "hdr.myTunnel.isValid()" (node_4) is false
[18:04:29.877] [bmv2] [D] [thread 5415] [41.0] [cxt 0] Pipeline 'ingress': end
[18:04:29.877] [bmv2] [D] [thread 5415] [41.0] [cxt 0] Egress port is 0
[18:04:29.879] [bmv2] [D] [thread 5416] [41.0] [cxt 0] Pipeline 'egress': start
[18:04:29.882] [bmv2] [D] [thread 5416] [41.0] [cxt 0] Pipeline 'egress': end
[18:04:29.882] [bmv2] [D] [thread 5416] [41.0] [cxt 0] Deparser 'deparser': start
[18:04:29.882] [bmv2] [T] [thread 5416] [41.0] [cxt 0] Skipping checksum 'cksum' update because condition not met
[18:04:29.883] [bmv2] [D] [thread 5416] [41.0] [cxt 0] Deparsing header 'ethernet'
[18:04:29.883] [bmv2] [D] [thread 5416] [41.0] [cxt 0] Deparser 'deparser': end
[18:04:29.883] [bmv2] [D] [thread 5420] [41.0] [cxt 0] Transmitting packet of size 70 out of port 0
[18:04:36.020] [bmv2] [D] [thread 5415] [42.0] [cxt 0] Processing packet received on port 2
[18:04:36.020] [bmv2] [D] [thread 5415] [42.0] [cxt 0] Parser 'parser': start
[18:04:36.020] [bmv2] [D] [thread 5415] [42.0] [cxt 0] Parser 'parser' entering state 'start'
[18:04:36.020] [bmv2] [D] [thread 5415] [42.0] [cxt 0] Extracting header 'ethernet'
[18:04:36.020] [bmv2] [D] [thread 5415] [42.0] [cxt 0] Parser state 'start': key is 86dd
[18:04:36.020] [bmv2] [T] [thread 5415] [42.0] [cxt 0] Bytes parsed: 14
[18:04:36.020] [bmv2] [D] [thread 5415] [42.0] [cxt 0] Parser 'parser': end
[18:04:36.020] [bmv2] [D] [thread 5415] [42.0] [cxt 0] Pipeline 'ingress': start
[18:04:36.020] [bmv2] [T] [thread 5415] [42.0] [cxt 0] basic_tunnel.p4(152) Condition "hdr.ipv4.isValid() && !hdr.myTunnel.isValid()" (node_2) is false
[18:04:36.020] [bmv2] [T] [thread 5415] [42.0] [cxt 0] basic_tunnel.p4(155) Condition "hdr.myTunnel.isValid()" (node_4) is false
[18:04:36.020] [bmv2] [D] [thread 5415] [42.0] [cxt 0] Pipeline 'ingress': end
[18:04:36.020] [bmv2] [D] [thread 5415] [42.0] [cxt 0] Egress port is 0
[18:04:36.020] [bmv2] [D] [thread 5416] [42.0] [cxt 0] Pipeline 'egress': start
[18:04:36.020] [bmv2] [D] [thread 5416] [42.0] [cxt 0] Pipeline 'egress': end
[18:04:36.020] [bmv2] [D] [thread 5416] [42.0] [cxt 0] Deparser 'deparser': start
[18:04:36.020] [bmv2] [T] [thread 5416] [42.0] [cxt 0] Skipping checksum 'cksum' update because condition not met
[18:04:36.020] [bmv2] [D] [thread 5416] [42.0] [cxt 0] Deparsing header 'ethernet'
[18:04:36.020] [bmv2] [D] [thread 5416] [42.0] [cxt 0] Deparser 'deparser': end
[18:04:36.020] [bmv2] [D] [thread 5420] [42.0] [cxt 0] Transmitting packet of size 70 out of port 0
open: No such file or directory
open: No such file or directory
open: No such file or directory
