stratum_bmv2 -device_id=1 -chassis_config_file=/tmp/r6/chassis-config.txt -forwarding_pipeline_configs_file=/tmp/r6/pipe.txt -persistent_config_dir=/tmp/r6 -initial_pipeline=/root/dummy.json -cpu_port=255 -external_stratum_urls=0.0.0.0:50006 -local_stratum_url=localhost:60961 -max_num_controllers_per_node=10 -write_req_log_file=/tmp/r6/write-reqs.txt -logtosyslog=false -logtostderr=true -bmv2_log_level=warn

--------------------------------------------------------------------------------

E0212 17:24:34.924497   271 main.cc:121] Starting bmv2 simple_switch and waiting for P4 pipeline
W0212 17:24:34.976150   271 credentials_manager.cc:45] Using insecure server credentials
I0212 17:24:34.999842   271 timer_daemon.cc:90] The timer daemon has been started.
I0212 17:24:35.004820   271 hal.cc:128] Setting up HAL in COLDBOOT mode...
I0212 17:24:35.025396   271 config_monitoring_service.cc:90] Pushing the saved chassis config read from /tmp/r6/chassis-config.txt...
I0212 17:24:35.348829   271 bmv2_chassis_manager.cc:476] Registered port status callbacks successfully for node 1.
I0212 17:24:35.362134   271 bmv2_chassis_manager.cc:61] Adding port 1 to node 1
I0212 17:24:35.432566   271 bmv2_chassis_manager.cc:61] Adding port 2 to node 1
I0212 17:24:35.506345   271 bmv2_chassis_manager.cc:61] Adding port 3 to node 1
I0212 17:24:35.576447   271 bmv2_chassis_manager.cc:61] Adding port 4 to node 1
I0212 17:24:35.654584   334 bmv2_chassis_manager.cc:409] State of port 1 in node 1: UP.
I0212 17:24:35.658600   334 bmv2_chassis_manager.cc:409] State of port 2 in node 1: UP.
I0212 17:24:35.661015   334 bmv2_chassis_manager.cc:409] State of port 3 in node 1: UP.
I0212 17:24:35.692423   271 p4_service.cc:119] Pushing the saved forwarding pipeline configs read from /tmp/r6/pipe.txt...
E0212 17:24:35.703498   271 utils.cc:109] StratumErrorSpace::ERR_FILE_NOT_FOUND: /tmp/r6/pipe.txt not found.
E0212 17:24:35.730226   271 utils.cc:65] Return Error: ReadFileToString(filename, &text) failed with StratumErrorSpace::ERR_FILE_NOT_FOUND: /tmp/r6/pipe.txt not found.
W0212 17:24:35.730824   271 p4_service.cc:128] No saved forwarding pipeline config found at /tmp/r6/pipe.txt. This is normal when the switch is just installed and no master controller is connected yet.
E0212 17:24:35.735372223     271 server_chttp2.cc:40]        {"created":"@1707758675.735331078","description":"Only 1 addresses added out of total 2 resolved","file":"external/com_github_grpc_grpc/src/core/ext/transport/chttp2/server/chttp2_server.cc","file_line":406,"referenced_errors":[{"created":"@1707758675.735327243","description":"Address family not supported by protocol","errno":97,"file":"external/com_github_grpc_grpc/src/core/lib/iomgr/socket_utils_common_posix.cc","file_line":420,"os_error":"Address family not supported by protocol","syscall":"socket","target_address":"[::1]:60961"}]}
E0212 17:24:35.751653   271 hal.cc:223] Stratum external facing services are listening to 0.0.0.0:50006, localhost:60961...
I0212 17:24:35.781571   334 bmv2_chassis_manager.cc:409] State of port 4 in node 1: UP.
I0212 17:25:56.433579   365 p4_service.cc:696] Controller (connection_id: 1, election_id: 20, uri: ipv4:172.22.0.3:34376) is connected as MASTER for node (aka device) with ID 1.
I0212 17:25:56.784328   365 p4_service.cc:696] Controller (connection_id: 1, election_id: 20, uri: ipv4:172.22.0.3:34376) is connected as MASTER for node (aka device) with ID 1.
I0212 17:25:58.483460   520 bmv2_switch.cc:74] P4-based forwarding pipeline config pushed successfully to node with ID 1.
E0212 17:26:01.643540   520 bmv2_switch.cc:189] StratumErrorSpace::ERR_INTERNAL: Not supported yet
E0212 17:26:01.666707   520 bmv2_switch.cc:189] StratumErrorSpace::ERR_INTERNAL: Not supported yet
E0212 17:26:01.670485   520 bmv2_switch.cc:189] StratumErrorSpace::ERR_INTERNAL: Not supported yet
E0212 17:26:01.686093   520 bmv2_switch.cc:189] StratumErrorSpace::ERR_INTERNAL: Not supported yet
E0212 17:26:01.687603   520 bmv2_switch.cc:189] StratumErrorSpace::ERR_INTERNAL: Not supported yet
E0212 17:26:01.712775   520 bmv2_switch.cc:189] StratumErrorSpace::ERR_INTERNAL: Not supported yet
E0212 17:26:01.735646   520 bmv2_switch.cc:189] StratumErrorSpace::ERR_INTERNAL: Not supported yet
E0212 17:26:01.766036   520 bmv2_switch.cc:189] StratumErrorSpace::ERR_INTERNAL: Not supported yet
E0212 17:26:01.772145   520 bmv2_switch.cc:189] StratumErrorSpace::ERR_INTERNAL: Not supported yet
E0212 17:26:01.826329   520 bmv2_switch.cc:189] StratumErrorSpace::ERR_INTERNAL: Not supported yet
E0212 17:26:01.828485   520 bmv2_switch.cc:189] StratumErrorSpace::ERR_INTERNAL: Not supported yet
E0212 17:26:01.832544   520 bmv2_switch.cc:189] StratumErrorSpace::ERR_INTERNAL: Not supported yet
E0212 17:26:01.910097   520 bmv2_switch.cc:189] StratumErrorSpace::ERR_INTERNAL: Not supported yet
E0212 17:26:02.012007   520 bmv2_switch.cc:189] StratumErrorSpace::ERR_INTERNAL: Not supported yet
E0212 17:26:02.015164   520 bmv2_switch.cc:189] StratumErrorSpace::ERR_INTERNAL: Not supported yet
E0212 17:26:02.063668   520 bmv2_switch.cc:189] StratumErrorSpace::ERR_INTERNAL: Not supported yet
E0212 17:26:02.146781   520 bmv2_switch.cc:189] StratumErrorSpace::ERR_INTERNAL: Not supported yet
E0212 17:26:02.150012   520 bmv2_switch.cc:189] StratumErrorSpace::ERR_INTERNAL: Not supported yet
E0212 17:26:02.151065   520 bmv2_switch.cc:189] StratumErrorSpace::ERR_INTERNAL: Not supported yet
E0212 17:26:02.244043   520 bmv2_switch.cc:189] StratumErrorSpace::ERR_INTERNAL: Not supported yet
I0212 17:26:03.620900   365 p4_service.cc:696] Controller (connection_id: 1, election_id: 20, uri: ipv4:172.22.0.3:34376) is connected as MASTER for node (aka device) with ID 1.
I0212 17:26:03.999204   520 config_monitoring_service.cc:377] Initial Subscribe request from ipv4:172.22.0.3:34386 over stream 0x7f6692ffc510.
