Calling target program-options parser
[15:22:52.872] [bmv2] [D] [thread 17353] Set default default entry for table 'tbl_srcRoute_finish': MyIngress.srcRoute_finish - 
[15:22:52.873] [bmv2] [D] [thread 17353] Set default default entry for table 'tbl_srcRoute_nhop': MyIngress.srcRoute_nhop - 
[15:22:52.873] [bmv2] [D] [thread 17353] Set default default entry for table 'tbl_update_ttl': MyIngress.update_ttl - 
[15:22:52.873] [bmv2] [D] [thread 17353] Set default default entry for table 'tbl_drop': MyIngress.drop - 
Adding interface s3-eth1 as port 1
[15:22:52.874] [bmv2] [D] [thread 17353] Adding interface s3-eth1 as port 1
Adding interface s3-eth2 as port 2
[15:22:52.940] [bmv2] [D] [thread 17353] Adding interface s3-eth2 as port 2
Adding interface s3-eth3 as port 3
[15:22:53.024] [bmv2] [D] [thread 17353] Adding interface s3-eth3 as port 3
Server listening on 0.0.0.0:50053
[15:22:53.116] [bmv2] [I] [thread 17353] Starting Thrift server on port 9092
[15:22:53.152] [bmv2] [I] [thread 17353] Thrift server was started
[15:22:53.175] [bmv2] [D] [thread 17366] [0.0] [cxt 0] Processing packet received on port 1
[15:22:53.175] [bmv2] [D] [thread 17366] [0.0] [cxt 0] Parser 'parser': start
[15:22:53.175] [bmv2] [D] [thread 17366] [0.0] [cxt 0] Parser 'parser' entering state 'start'
[15:22:53.175] [bmv2] [D] [thread 17366] [0.0] [cxt 0] Extracting header 'ethernet'
[15:22:53.175] [bmv2] [D] [thread 17366] [0.0] [cxt 0] Extracting header 'ethernet'
[15:22:53.175] [bmv2] [D] [thread 17366] [0.0] [cxt 0] Parser state 'start': key is 0000
[15:22:53.175] [bmv2] [T] [thread 17366] [0.0] [cxt 0] Bytes parsed: 28
[15:22:53.175] [bmv2] [D] [thread 17366] [0.0] [cxt 0] Parser 'parser': end
[15:22:53.175] [bmv2] [D] [thread 17366] [0.0] [cxt 0] Pipeline 'ingress': start
[15:22:53.175] [bmv2] [T] [thread 17366] [0.0] [cxt 0] source_routing.p4(150) Condition "hdr.srcRoutes[0].isValid()" (node_2) is false
[15:22:53.175] [bmv2] [T] [thread 17366] [0.0] [cxt 0] Applying table 'tbl_drop'
[15:22:53.175] [bmv2] [D] [thread 17366] [0.0] [cxt 0] Looking up key:

[15:22:53.175] [bmv2] [D] [thread 17366] [0.0] [cxt 0] Table 'tbl_drop': miss
[15:22:53.175] [bmv2] [D] [thread 17366] [0.0] [cxt 0] Action entry is MyIngress.drop - 
[15:22:53.175] [bmv2] [T] [thread 17366] [0.0] [cxt 0] Action MyIngress.drop
[15:22:53.175] [bmv2] [T] [thread 17366] [0.0] [cxt 0] source_routing.p4(122) Primitive mark_to_drop(standard_metadata)
[15:22:53.175] [bmv2] [D] [thread 17366] [0.0] [cxt 0] Pipeline 'ingress': end
[15:22:53.175] [bmv2] [D] [thread 17366] [0.0] [cxt 0] Egress port is 511
[15:22:53.175] [bmv2] [D] [thread 17366] [0.0] [cxt 0] Dropping packet at the end of ingress
[15:22:53.175] [bmv2] [D] [thread 17366] [1.0] [cxt 0] Processing packet received on port 2
[15:22:53.175] [bmv2] [D] [thread 17366] [1.0] [cxt 0] Parser 'parser': start
[15:22:53.176] [bmv2] [D] [thread 17366] [1.0] [cxt 0] Parser 'parser' entering state 'start'
[15:22:53.176] [bmv2] [D] [thread 17366] [1.0] [cxt 0] Extracting header 'ethernet'
[15:22:53.176] [bmv2] [D] [thread 17366] [1.0] [cxt 0] Extracting header 'ethernet'
[15:22:53.176] [bmv2] [D] [thread 17366] [1.0] [cxt 0] Parser state 'start': key is 0000
[15:22:53.176] [bmv2] [T] [thread 17366] [1.0] [cxt 0] Bytes parsed: 28
[15:22:53.176] [bmv2] [D] [thread 17366] [1.0] [cxt 0] Parser 'parser': end
[15:22:53.176] [bmv2] [D] [thread 17366] [1.0] [cxt 0] Pipeline 'ingress': start
[15:22:53.176] [bmv2] [T] [thread 17366] [1.0] [cxt 0] source_routing.p4(150) Condition "hdr.srcRoutes[0].isValid()" (node_2) is false
[15:22:53.176] [bmv2] [T] [thread 17366] [1.0] [cxt 0] Applying table 'tbl_drop'
[15:22:53.176] [bmv2] [D] [thread 17366] [1.0] [cxt 0] Looking up key:

[15:22:53.176] [bmv2] [D] [thread 17366] [1.0] [cxt 0] Table 'tbl_drop': miss
[15:22:53.176] [bmv2] [D] [thread 17366] [1.0] [cxt 0] Action entry is MyIngress.drop - 
[15:22:53.176] [bmv2] [T] [thread 17366] [1.0] [cxt 0] Action MyIngress.drop
[15:22:53.176] [bmv2] [T] [thread 17366] [1.0] [cxt 0] source_routing.p4(122) Primitive mark_to_drop(standard_metadata)
[15:22:53.176] [bmv2] [D] [thread 17366] [1.0] [cxt 0] Pipeline 'ingress': end
[15:22:53.176] [bmv2] [D] [thread 17366] [1.0] [cxt 0] Egress port is 511
[15:22:53.176] [bmv2] [D] [thread 17366] [1.0] [cxt 0] Dropping packet at the end of ingress
[15:22:53.176] [bmv2] [D] [thread 17366] [2.0] [cxt 0] Processing packet received on port 3
[15:22:53.176] [bmv2] [D] [thread 17366] [2.0] [cxt 0] Parser 'parser': start
[15:22:53.176] [bmv2] [D] [thread 17366] [2.0] [cxt 0] Parser 'parser' entering state 'start'
[15:22:53.176] [bmv2] [D] [thread 17366] [2.0] [cxt 0] Extracting header 'ethernet'
[15:22:53.176] [bmv2] [D] [thread 17366] [2.0] [cxt 0] Extracting header 'ethernet'
[15:22:53.176] [bmv2] [D] [thread 17366] [2.0] [cxt 0] Parser state 'start': key is 0000
[15:22:53.176] [bmv2] [T] [thread 17366] [2.0] [cxt 0] Bytes parsed: 28
[15:22:53.176] [bmv2] [D] [thread 17366] [2.0] [cxt 0] Parser 'parser': end
[15:22:53.176] [bmv2] [D] [thread 17366] [2.0] [cxt 0] Pipeline 'ingress': start
[15:22:53.176] [bmv2] [T] [thread 17366] [2.0] [cxt 0] source_routing.p4(150) Condition "hdr.srcRoutes[0].isValid()" (node_2) is false
[15:22:53.176] [bmv2] [T] [thread 17366] [2.0] [cxt 0] Applying table 'tbl_drop'
[15:22:53.176] [bmv2] [D] [thread 17366] [2.0] [cxt 0] Looking up key:

[15:22:53.176] [bmv2] [D] [thread 17366] [2.0] [cxt 0] Table 'tbl_drop': miss
[15:22:53.176] [bmv2] [D] [thread 17366] [2.0] [cxt 0] Action entry is MyIngress.drop - 
[15:22:53.176] [bmv2] [T] [thread 17366] [2.0] [cxt 0] Action MyIngress.drop
[15:22:53.176] [bmv2] [T] [thread 17366] [2.0] [cxt 0] source_routing.p4(122) Primitive mark_to_drop(standard_metadata)
[15:22:53.176] [bmv2] [D] [thread 17366] [2.0] [cxt 0] Pipeline 'ingress': end
[15:22:53.176] [bmv2] [D] [thread 17366] [2.0] [cxt 0] Egress port is 511
[15:22:53.176] [bmv2] [D] [thread 17366] [2.0] [cxt 0] Dropping packet at the end of ingress
[15:22:53.176] [bmv2] [D] [thread 17366] [3.0] [cxt 0] Processing packet received on port 2
[15:22:53.176] [bmv2] [D] [thread 17366] [3.0] [cxt 0] Parser 'parser': start
[15:22:53.176] [bmv2] [D] [thread 17366] [3.0] [cxt 0] Parser 'parser' entering state 'start'
[15:22:53.176] [bmv2] [D] [thread 17366] [3.0] [cxt 0] Extracting header 'ethernet'
[15:22:53.176] [bmv2] [D] [thread 17366] [3.0] [cxt 0] Extracting header 'ethernet'
[15:22:53.176] [bmv2] [D] [thread 17366] [3.0] [cxt 0] Parser state 'start': key is 0000
[15:22:53.176] [bmv2] [T] [thread 17366] [3.0] [cxt 0] Bytes parsed: 28
[15:22:53.176] [bmv2] [D] [thread 17366] [3.0] [cxt 0] Parser 'parser': end
[15:22:53.176] [bmv2] [D] [thread 17366] [3.0] [cxt 0] Pipeline 'ingress': start
[15:22:53.176] [bmv2] [T] [thread 17366] [3.0] [cxt 0] source_routing.p4(150) Condition "hdr.srcRoutes[0].isValid()" (node_2) is false
[15:22:53.176] [bmv2] [T] [thread 17366] [3.0] [cxt 0] Applying table 'tbl_drop'
[15:22:53.176] [bmv2] [D] [thread 17366] [3.0] [cxt 0] Looking up key:

[15:22:53.176] [bmv2] [D] [thread 17366] [3.0] [cxt 0] Table 'tbl_drop': miss
[15:22:53.176] [bmv2] [D] [thread 17366] [3.0] [cxt 0] Action entry is MyIngress.drop - 
[15:22:53.176] [bmv2] [T] [thread 17366] [3.0] [cxt 0] Action MyIngress.drop
[15:22:53.176] [bmv2] [T] [thread 17366] [3.0] [cxt 0] source_routing.p4(122) Primitive mark_to_drop(standard_metadata)
[15:22:53.176] [bmv2] [D] [thread 17366] [3.0] [cxt 0] Pipeline 'ingress': end
[15:22:53.176] [bmv2] [D] [thread 17366] [3.0] [cxt 0] Egress port is 511
[15:22:53.176] [bmv2] [D] [thread 17366] [3.0] [cxt 0] Dropping packet at the end of ingress
[15:22:53.176] [bmv2] [D] [thread 17366] [4.0] [cxt 0] Processing packet received on port 2
[15:22:53.176] [bmv2] [D] [thread 17366] [4.0] [cxt 0] Parser 'parser': start
[15:22:53.176] [bmv2] [D] [thread 17366] [4.0] [cxt 0] Parser 'parser' entering state 'start'
[15:22:53.176] [bmv2] [D] [thread 17366] [4.0] [cxt 0] Extracting header 'ethernet'
[15:22:53.176] [bmv2] [D] [thread 17366] [4.0] [cxt 0] Extracting header 'ethernet'
[15:22:53.176] [bmv2] [D] [thread 17366] [4.0] [cxt 0] Parser state 'start': key is 0000
[15:22:53.176] [bmv2] [T] [thread 17366] [4.0] [cxt 0] Bytes parsed: 28
[15:22:53.176] [bmv2] [D] [thread 17366] [4.0] [cxt 0] Parser 'parser': end
[15:22:53.176] [bmv2] [D] [thread 17366] [4.0] [cxt 0] Pipeline 'ingress': start
[15:22:53.176] [bmv2] [T] [thread 17366] [4.0] [cxt 0] source_routing.p4(150) Condition "hdr.srcRoutes[0].isValid()" (node_2) is false
[15:22:53.176] [bmv2] [T] [thread 17366] [4.0] [cxt 0] Applying table 'tbl_drop'
[15:22:53.176] [bmv2] [D] [thread 17366] [4.0] [cxt 0] Looking up key:

[15:22:53.176] [bmv2] [D] [thread 17366] [4.0] [cxt 0] Table 'tbl_drop': miss
[15:22:53.176] [bmv2] [D] [thread 17366] [4.0] [cxt 0] Action entry is MyIngress.drop - 
[15:22:53.176] [bmv2] [T] [thread 17366] [4.0] [cxt 0] Action MyIngress.drop
[15:22:53.176] [bmv2] [T] [thread 17366] [4.0] [cxt 0] source_routing.p4(122) Primitive mark_to_drop(standard_metadata)
[15:22:53.176] [bmv2] [D] [thread 17366] [4.0] [cxt 0] Pipeline 'ingress': end
[15:22:53.176] [bmv2] [D] [thread 17366] [4.0] [cxt 0] Egress port is 511
[15:22:53.176] [bmv2] [D] [thread 17366] [4.0] [cxt 0] Dropping packet at the end of ingress
[15:22:53.186] [bmv2] [D] [thread 17366] [5.0] [cxt 0] Processing packet received on port 3
[15:22:53.186] [bmv2] [D] [thread 17366] [5.0] [cxt 0] Parser 'parser': start
[15:22:53.186] [bmv2] [D] [thread 17366] [5.0] [cxt 0] Parser 'parser' entering state 'start'
[15:22:53.186] [bmv2] [D] [thread 17366] [5.0] [cxt 0] Extracting header 'ethernet'
[15:22:53.186] [bmv2] [D] [thread 17366] [5.0] [cxt 0] Extracting header 'ethernet'
[15:22:53.186] [bmv2] [D] [thread 17366] [5.0] [cxt 0] Parser state 'start': key is 0000
[15:22:53.186] [bmv2] [T] [thread 17366] [5.0] [cxt 0] Bytes parsed: 28
[15:22:53.186] [bmv2] [D] [thread 17366] [5.0] [cxt 0] Parser 'parser': end
[15:22:53.186] [bmv2] [D] [thread 17366] [5.0] [cxt 0] Pipeline 'ingress': start
[15:22:53.186] [bmv2] [T] [thread 17366] [5.0] [cxt 0] source_routing.p4(150) Condition "hdr.srcRoutes[0].isValid()" (node_2) is false
[15:22:53.186] [bmv2] [T] [thread 17366] [5.0] [cxt 0] Applying table 'tbl_drop'
[15:22:53.186] [bmv2] [D] [thread 17366] [5.0] [cxt 0] Looking up key:

[15:22:53.186] [bmv2] [D] [thread 17366] [5.0] [cxt 0] Table 'tbl_drop': miss
[15:22:53.186] [bmv2] [D] [thread 17366] [5.0] [cxt 0] Action entry is MyIngress.drop - 
[15:22:53.186] [bmv2] [T] [thread 17366] [5.0] [cxt 0] Action MyIngress.drop
[15:22:53.186] [bmv2] [T] [thread 17366] [5.0] [cxt 0] source_routing.p4(122) Primitive mark_to_drop(standard_metadata)
[15:22:53.186] [bmv2] [D] [thread 17366] [5.0] [cxt 0] Pipeline 'ingress': end
[15:22:53.186] [bmv2] [D] [thread 17366] [5.0] [cxt 0] Egress port is 511
[15:22:53.186] [bmv2] [D] [thread 17366] [5.0] [cxt 0] Dropping packet at the end of ingress
[15:22:53.209] [bmv2] [D] [thread 17366] [6.0] [cxt 0] Processing packet received on port 3
[15:22:53.209] [bmv2] [D] [thread 17366] [6.0] [cxt 0] Parser 'parser': start
[15:22:53.209] [bmv2] [D] [thread 17366] [6.0] [cxt 0] Parser 'parser' entering state 'start'
[15:22:53.209] [bmv2] [D] [thread 17366] [6.0] [cxt 0] Extracting header 'ethernet'
[15:22:53.209] [bmv2] [D] [thread 17366] [6.0] [cxt 0] Extracting header 'ethernet'
[15:22:53.209] [bmv2] [D] [thread 17366] [6.0] [cxt 0] Parser state 'start': key is 0000
[15:22:53.209] [bmv2] [T] [thread 17366] [6.0] [cxt 0] Bytes parsed: 28
[15:22:53.209] [bmv2] [D] [thread 17366] [6.0] [cxt 0] Parser 'parser': end
[15:22:53.209] [bmv2] [D] [thread 17366] [6.0] [cxt 0] Pipeline 'ingress': start
[15:22:53.209] [bmv2] [T] [thread 17366] [6.0] [cxt 0] source_routing.p4(150) Condition "hdr.srcRoutes[0].isValid()" (node_2) is false
[15:22:53.209] [bmv2] [T] [thread 17366] [6.0] [cxt 0] Applying table 'tbl_drop'
[15:22:53.209] [bmv2] [D] [thread 17366] [6.0] [cxt 0] Looking up key:

[15:22:53.209] [bmv2] [D] [thread 17366] [6.0] [cxt 0] Table 'tbl_drop': miss
[15:22:53.209] [bmv2] [D] [thread 17366] [6.0] [cxt 0] Action entry is MyIngress.drop - 
[15:22:53.209] [bmv2] [T] [thread 17366] [6.0] [cxt 0] Action MyIngress.drop
[15:22:53.209] [bmv2] [T] [thread 17366] [6.0] [cxt 0] source_routing.p4(122) Primitive mark_to_drop(standard_metadata)
[15:22:53.209] [bmv2] [D] [thread 17366] [6.0] [cxt 0] Pipeline 'ingress': end
[15:22:53.209] [bmv2] [D] [thread 17366] [6.0] [cxt 0] Egress port is 511
[15:22:53.209] [bmv2] [D] [thread 17366] [6.0] [cxt 0] Dropping packet at the end of ingress
[15:22:53.235] [bmv2] [D] [thread 17366] [7.0] [cxt 0] Processing packet received on port 1
[15:22:53.235] [bmv2] [D] [thread 17366] [7.0] [cxt 0] Parser 'parser': start
[15:22:53.235] [bmv2] [D] [thread 17366] [7.0] [cxt 0] Parser 'parser' entering state 'start'
[15:22:53.235] [bmv2] [D] [thread 17366] [7.0] [cxt 0] Extracting header 'ethernet'
[15:22:53.235] [bmv2] [D] [thread 17366] [7.0] [cxt 0] Extracting header 'ethernet'
[15:22:53.235] [bmv2] [D] [thread 17366] [7.0] [cxt 0] Parser state 'start': key is 0000
[15:22:53.235] [bmv2] [T] [thread 17366] [7.0] [cxt 0] Bytes parsed: 28
[15:22:53.235] [bmv2] [D] [thread 17366] [7.0] [cxt 0] Parser 'parser': end
[15:22:53.235] [bmv2] [D] [thread 17366] [7.0] [cxt 0] Pipeline 'ingress': start
[15:22:53.235] [bmv2] [T] [thread 17366] [7.0] [cxt 0] source_routing.p4(150) Condition "hdr.srcRoutes[0].isValid()" (node_2) is false
[15:22:53.235] [bmv2] [T] [thread 17366] [7.0] [cxt 0] Applying table 'tbl_drop'
[15:22:53.235] [bmv2] [D] [thread 17366] [7.0] [cxt 0] Looking up key:

[15:22:53.235] [bmv2] [D] [thread 17366] [7.0] [cxt 0] Table 'tbl_drop': miss
[15:22:53.235] [bmv2] [D] [thread 17366] [7.0] [cxt 0] Action entry is MyIngress.drop - 
[15:22:53.235] [bmv2] [T] [thread 17366] [7.0] [cxt 0] Action MyIngress.drop
[15:22:53.235] [bmv2] [T] [thread 17366] [7.0] [cxt 0] source_routing.p4(122) Primitive mark_to_drop(standard_metadata)
[15:22:53.235] [bmv2] [D] [thread 17366] [7.0] [cxt 0] Pipeline 'ingress': end
[15:22:53.235] [bmv2] [D] [thread 17366] [7.0] [cxt 0] Egress port is 511
[15:22:53.235] [bmv2] [D] [thread 17366] [7.0] [cxt 0] Dropping packet at the end of ingress
[15:22:53.235] [bmv2] [D] [thread 17366] [8.0] [cxt 0] Processing packet received on port 2
[15:22:53.235] [bmv2] [D] [thread 17366] [8.0] [cxt 0] Parser 'parser': start
[15:22:53.235] [bmv2] [D] [thread 17366] [8.0] [cxt 0] Parser 'parser' entering state 'start'
[15:22:53.235] [bmv2] [D] [thread 17366] [8.0] [cxt 0] Extracting header 'ethernet'
[15:22:53.235] [bmv2] [D] [thread 17366] [8.0] [cxt 0] Extracting header 'ethernet'
[15:22:53.235] [bmv2] [D] [thread 17366] [8.0] [cxt 0] Parser state 'start': key is 0000
[15:22:53.235] [bmv2] [T] [thread 17366] [8.0] [cxt 0] Bytes parsed: 28
[15:22:53.235] [bmv2] [D] [thread 17366] [8.0] [cxt 0] Parser 'parser': end
[15:22:53.235] [bmv2] [D] [thread 17366] [8.0] [cxt 0] Pipeline 'ingress': start
[15:22:53.235] [bmv2] [T] [thread 17366] [8.0] [cxt 0] source_routing.p4(150) Condition "hdr.srcRoutes[0].isValid()" (node_2) is false
[15:22:53.235] [bmv2] [T] [thread 17366] [8.0] [cxt 0] Applying table 'tbl_drop'
[15:22:53.235] [bmv2] [D] [thread 17366] [8.0] [cxt 0] Looking up key:

[15:22:53.235] [bmv2] [D] [thread 17366] [8.0] [cxt 0] Table 'tbl_drop': miss
[15:22:53.235] [bmv2] [D] [thread 17366] [8.0] [cxt 0] Action entry is MyIngress.drop - 
[15:22:53.235] [bmv2] [T] [thread 17366] [8.0] [cxt 0] Action MyIngress.drop
[15:22:53.235] [bmv2] [T] [thread 17366] [8.0] [cxt 0] source_routing.p4(122) Primitive mark_to_drop(standard_metadata)
[15:22:53.235] [bmv2] [D] [thread 17366] [8.0] [cxt 0] Pipeline 'ingress': end
[15:22:53.235] [bmv2] [D] [thread 17366] [8.0] [cxt 0] Egress port is 511
[15:22:53.235] [bmv2] [D] [thread 17366] [8.0] [cxt 0] Dropping packet at the end of ingress
[15:22:53.258] [bmv2] [D] [thread 17366] [9.0] [cxt 0] Processing packet received on port 2
[15:22:53.258] [bmv2] [D] [thread 17366] [9.0] [cxt 0] Parser 'parser': start
[15:22:53.258] [bmv2] [D] [thread 17366] [9.0] [cxt 0] Parser 'parser' entering state 'start'
[15:22:53.258] [bmv2] [D] [thread 17366] [9.0] [cxt 0] Extracting header 'ethernet'
[15:22:53.258] [bmv2] [D] [thread 17366] [9.0] [cxt 0] Extracting header 'ethernet'
[15:22:53.258] [bmv2] [D] [thread 17366] [9.0] [cxt 0] Parser state 'start': key is 0000
[15:22:53.258] [bmv2] [T] [thread 17366] [9.0] [cxt 0] Bytes parsed: 28
[15:22:53.258] [bmv2] [D] [thread 17366] [9.0] [cxt 0] Parser 'parser': end
[15:22:53.258] [bmv2] [D] [thread 17366] [9.0] [cxt 0] Pipeline 'ingress': start
[15:22:53.258] [bmv2] [T] [thread 17366] [9.0] [cxt 0] source_routing.p4(150) Condition "hdr.srcRoutes[0].isValid()" (node_2) is false
[15:22:53.258] [bmv2] [T] [thread 17366] [9.0] [cxt 0] Applying table 'tbl_drop'
[15:22:53.258] [bmv2] [D] [thread 17366] [9.0] [cxt 0] Looking up key:

[15:22:53.258] [bmv2] [D] [thread 17366] [9.0] [cxt 0] Table 'tbl_drop': miss
[15:22:53.258] [bmv2] [D] [thread 17366] [9.0] [cxt 0] Action entry is MyIngress.drop - 
[15:22:53.258] [bmv2] [T] [thread 17366] [9.0] [cxt 0] Action MyIngress.drop
[15:22:53.258] [bmv2] [T] [thread 17366] [9.0] [cxt 0] source_routing.p4(122) Primitive mark_to_drop(standard_metadata)
[15:22:53.258] [bmv2] [D] [thread 17366] [9.0] [cxt 0] Pipeline 'ingress': end
[15:22:53.258] [bmv2] [D] [thread 17366] [9.0] [cxt 0] Egress port is 511
[15:22:53.258] [bmv2] [D] [thread 17366] [9.0] [cxt 0] Dropping packet at the end of ingress
[15:22:53.258] [bmv2] [D] [thread 17366] [10.0] [cxt 0] Processing packet received on port 3
[15:22:53.258] [bmv2] [D] [thread 17366] [10.0] [cxt 0] Parser 'parser': start
[15:22:53.258] [bmv2] [D] [thread 17366] [10.0] [cxt 0] Parser 'parser' entering state 'start'
[15:22:53.258] [bmv2] [D] [thread 17366] [10.0] [cxt 0] Extracting header 'ethernet'
[15:22:53.258] [bmv2] [D] [thread 17366] [10.0] [cxt 0] Extracting header 'ethernet'
[15:22:53.258] [bmv2] [D] [thread 17366] [10.0] [cxt 0] Parser state 'start': key is 0000
[15:22:53.258] [bmv2] [T] [thread 17366] [10.0] [cxt 0] Bytes parsed: 28
[15:22:53.258] [bmv2] [D] [thread 17366] [10.0] [cxt 0] Parser 'parser': end
[15:22:53.258] [bmv2] [D] [thread 17366] [10.0] [cxt 0] Pipeline 'ingress': start
[15:22:53.258] [bmv2] [T] [thread 17366] [10.0] [cxt 0] source_routing.p4(150) Condition "hdr.srcRoutes[0].isValid()" (node_2) is false
[15:22:53.258] [bmv2] [T] [thread 17366] [10.0] [cxt 0] Applying table 'tbl_drop'
[15:22:53.258] [bmv2] [D] [thread 17366] [10.0] [cxt 0] Looking up key:

[15:22:53.258] [bmv2] [D] [thread 17366] [10.0] [cxt 0] Table 'tbl_drop': miss
[15:22:53.258] [bmv2] [D] [thread 17366] [10.0] [cxt 0] Action entry is MyIngress.drop - 
[15:22:53.258] [bmv2] [T] [thread 17366] [10.0] [cxt 0] Action MyIngress.drop
[15:22:53.258] [bmv2] [T] [thread 17366] [10.0] [cxt 0] source_routing.p4(122) Primitive mark_to_drop(standard_metadata)
[15:22:53.258] [bmv2] [D] [thread 17366] [10.0] [cxt 0] Pipeline 'ingress': end
[15:22:53.258] [bmv2] [D] [thread 17366] [10.0] [cxt 0] Egress port is 511
[15:22:53.258] [bmv2] [D] [thread 17366] [10.0] [cxt 0] Dropping packet at the end of ingress
[15:22:53.259] [bmv2] [D] [thread 17366] [11.0] [cxt 0] Processing packet received on port 3
[15:22:53.259] [bmv2] [D] [thread 17366] [11.0] [cxt 0] Parser 'parser': start
[15:22:53.259] [bmv2] [D] [thread 17366] [11.0] [cxt 0] Parser 'parser' entering state 'start'
[15:22:53.259] [bmv2] [D] [thread 17366] [11.0] [cxt 0] Extracting header 'ethernet'
[15:22:53.259] [bmv2] [D] [thread 17366] [11.0] [cxt 0] Extracting header 'ethernet'
[15:22:53.259] [bmv2] [D] [thread 17366] [11.0] [cxt 0] Parser state 'start': key is 0000
[15:22:53.259] [bmv2] [T] [thread 17366] [11.0] [cxt 0] Bytes parsed: 28
[15:22:53.259] [bmv2] [D] [thread 17366] [11.0] [cxt 0] Parser 'parser': end
[15:22:53.259] [bmv2] [D] [thread 17366] [11.0] [cxt 0] Pipeline 'ingress': start
[15:22:53.259] [bmv2] [T] [thread 17366] [11.0] [cxt 0] source_routing.p4(150) Condition "hdr.srcRoutes[0].isValid()" (node_2) is false
[15:22:53.259] [bmv2] [T] [thread 17366] [11.0] [cxt 0] Applying table 'tbl_drop'
[15:22:53.259] [bmv2] [D] [thread 17366] [11.0] [cxt 0] Looking up key:

[15:22:53.259] [bmv2] [D] [thread 17366] [11.0] [cxt 0] Table 'tbl_drop': miss
[15:22:53.259] [bmv2] [D] [thread 17366] [11.0] [cxt 0] Action entry is MyIngress.drop - 
[15:22:53.259] [bmv2] [T] [thread 17366] [11.0] [cxt 0] Action MyIngress.drop
[15:22:53.259] [bmv2] [T] [thread 17366] [11.0] [cxt 0] source_routing.p4(122) Primitive mark_to_drop(standard_metadata)
[15:22:53.259] [bmv2] [D] [thread 17366] [11.0] [cxt 0] Pipeline 'ingress': end
[15:22:53.259] [bmv2] [D] [thread 17366] [11.0] [cxt 0] Egress port is 511
[15:22:53.259] [bmv2] [D] [thread 17366] [11.0] [cxt 0] Dropping packet at the end of ingress
[15:22:53.265] [bmv2] [D] [thread 17366] [12.0] [cxt 0] Processing packet received on port 3
[15:22:53.265] [bmv2] [D] [thread 17366] [12.0] [cxt 0] Parser 'parser': start
[15:22:53.265] [bmv2] [D] [thread 17366] [12.0] [cxt 0] Parser 'parser' entering state 'start'
[15:22:53.265] [bmv2] [D] [thread 17366] [12.0] [cxt 0] Extracting header 'ethernet'
[15:22:53.265] [bmv2] [D] [thread 17366] [12.0] [cxt 0] Extracting header 'ethernet'
[15:22:53.265] [bmv2] [D] [thread 17366] [12.0] [cxt 0] Parser state 'start': key is 0000
[15:22:53.265] [bmv2] [T] [thread 17366] [12.0] [cxt 0] Bytes parsed: 28
[15:22:53.265] [bmv2] [D] [thread 17366] [12.0] [cxt 0] Parser 'parser': end
[15:22:53.265] [bmv2] [D] [thread 17366] [12.0] [cxt 0] Pipeline 'ingress': start
[15:22:53.265] [bmv2] [T] [thread 17366] [12.0] [cxt 0] source_routing.p4(150) Condition "hdr.srcRoutes[0].isValid()" (node_2) is false
[15:22:53.265] [bmv2] [T] [thread 17366] [12.0] [cxt 0] Applying table 'tbl_drop'
[15:22:53.265] [bmv2] [D] [thread 17366] [12.0] [cxt 0] Looking up key:

[15:22:53.265] [bmv2] [D] [thread 17366] [12.0] [cxt 0] Table 'tbl_drop': miss
[15:22:53.265] [bmv2] [D] [thread 17366] [12.0] [cxt 0] Action entry is MyIngress.drop - 
[15:22:53.265] [bmv2] [T] [thread 17366] [12.0] [cxt 0] Action MyIngress.drop
[15:22:53.265] [bmv2] [T] [thread 17366] [12.0] [cxt 0] source_routing.p4(122) Primitive mark_to_drop(standard_metadata)
[15:22:53.265] [bmv2] [D] [thread 17366] [12.0] [cxt 0] Pipeline 'ingress': end
[15:22:53.265] [bmv2] [D] [thread 17366] [12.0] [cxt 0] Egress port is 511
[15:22:53.265] [bmv2] [D] [thread 17366] [12.0] [cxt 0] Dropping packet at the end of ingress
[15:22:53.333] [bmv2] [D] [thread 17366] [13.0] [cxt 0] Processing packet received on port 2
[15:22:53.333] [bmv2] [D] [thread 17366] [13.0] [cxt 0] Parser 'parser': start
[15:22:53.333] [bmv2] [D] [thread 17366] [13.0] [cxt 0] Parser 'parser' entering state 'start'
[15:22:53.333] [bmv2] [D] [thread 17366] [13.0] [cxt 0] Extracting header 'ethernet'
[15:22:53.333] [bmv2] [D] [thread 17366] [13.0] [cxt 0] Extracting header 'ethernet'
[15:22:53.333] [bmv2] [D] [thread 17366] [13.0] [cxt 0] Parser state 'start': key is 0000
[15:22:53.333] [bmv2] [T] [thread 17366] [13.0] [cxt 0] Bytes parsed: 28
[15:22:53.333] [bmv2] [D] [thread 17366] [13.0] [cxt 0] Parser 'parser': end
[15:22:53.333] [bmv2] [D] [thread 17366] [13.0] [cxt 0] Pipeline 'ingress': start
[15:22:53.333] [bmv2] [T] [thread 17366] [13.0] [cxt 0] source_routing.p4(150) Condition "hdr.srcRoutes[0].isValid()" (node_2) is false
[15:22:53.333] [bmv2] [T] [thread 17366] [13.0] [cxt 0] Applying table 'tbl_drop'
[15:22:53.333] [bmv2] [D] [thread 17366] [13.0] [cxt 0] Looking up key:

[15:22:53.333] [bmv2] [D] [thread 17366] [13.0] [cxt 0] Table 'tbl_drop': miss
[15:22:53.333] [bmv2] [D] [thread 17366] [13.0] [cxt 0] Action entry is MyIngress.drop - 
[15:22:53.333] [bmv2] [T] [thread 17366] [13.0] [cxt 0] Action MyIngress.drop
[15:22:53.333] [bmv2] [T] [thread 17366] [13.0] [cxt 0] source_routing.p4(122) Primitive mark_to_drop(standard_metadata)
[15:22:53.333] [bmv2] [D] [thread 17366] [13.0] [cxt 0] Pipeline 'ingress': end
[15:22:53.333] [bmv2] [D] [thread 17366] [13.0] [cxt 0] Egress port is 511
[15:22:53.333] [bmv2] [D] [thread 17366] [13.0] [cxt 0] Dropping packet at the end of ingress
[15:22:53.372] [bmv2] [D] [thread 17366] [14.0] [cxt 0] Processing packet received on port 3
[15:22:53.372] [bmv2] [D] [thread 17366] [14.0] [cxt 0] Parser 'parser': start
[15:22:53.372] [bmv2] [D] [thread 17366] [14.0] [cxt 0] Parser 'parser' entering state 'start'
[15:22:53.372] [bmv2] [D] [thread 17366] [14.0] [cxt 0] Extracting header 'ethernet'
[15:22:53.372] [bmv2] [D] [thread 17366] [14.0] [cxt 0] Extracting header 'ethernet'
[15:22:53.372] [bmv2] [D] [thread 17366] [14.0] [cxt 0] Parser state 'start': key is 0000
[15:22:53.372] [bmv2] [T] [thread 17366] [14.0] [cxt 0] Bytes parsed: 28
[15:22:53.372] [bmv2] [D] [thread 17366] [14.0] [cxt 0] Parser 'parser': end
[15:22:53.372] [bmv2] [D] [thread 17366] [14.0] [cxt 0] Pipeline 'ingress': start
[15:22:53.372] [bmv2] [T] [thread 17366] [14.0] [cxt 0] source_routing.p4(150) Condition "hdr.srcRoutes[0].isValid()" (node_2) is false
[15:22:53.372] [bmv2] [T] [thread 17366] [14.0] [cxt 0] Applying table 'tbl_drop'
[15:22:53.372] [bmv2] [D] [thread 17366] [14.0] [cxt 0] Looking up key:

[15:22:53.372] [bmv2] [D] [thread 17366] [14.0] [cxt 0] Table 'tbl_drop': miss
[15:22:53.372] [bmv2] [D] [thread 17366] [14.0] [cxt 0] Action entry is MyIngress.drop - 
[15:22:53.372] [bmv2] [T] [thread 17366] [14.0] [cxt 0] Action MyIngress.drop
[15:22:53.372] [bmv2] [T] [thread 17366] [14.0] [cxt 0] source_routing.p4(122) Primitive mark_to_drop(standard_metadata)
[15:22:53.372] [bmv2] [D] [thread 17366] [14.0] [cxt 0] Pipeline 'ingress': end
[15:22:53.372] [bmv2] [D] [thread 17366] [14.0] [cxt 0] Egress port is 511
[15:22:53.372] [bmv2] [D] [thread 17366] [14.0] [cxt 0] Dropping packet at the end of ingress
[15:22:53.457] [bmv2] [D] [thread 17366] [15.0] [cxt 0] Processing packet received on port 3
[15:22:53.457] [bmv2] [D] [thread 17366] [15.0] [cxt 0] Parser 'parser': start
[15:22:53.457] [bmv2] [D] [thread 17366] [15.0] [cxt 0] Parser 'parser' entering state 'start'
[15:22:53.457] [bmv2] [D] [thread 17366] [15.0] [cxt 0] Extracting header 'ethernet'
[15:22:53.457] [bmv2] [D] [thread 17366] [15.0] [cxt 0] Extracting header 'ethernet'
[15:22:53.457] [bmv2] [D] [thread 17366] [15.0] [cxt 0] Parser state 'start': key is 0000
[15:22:53.457] [bmv2] [T] [thread 17366] [15.0] [cxt 0] Bytes parsed: 28
[15:22:53.457] [bmv2] [D] [thread 17366] [15.0] [cxt 0] Parser 'parser': end
[15:22:53.457] [bmv2] [D] [thread 17366] [15.0] [cxt 0] Pipeline 'ingress': start
[15:22:53.457] [bmv2] [T] [thread 17366] [15.0] [cxt 0] source_routing.p4(150) Condition "hdr.srcRoutes[0].isValid()" (node_2) is false
[15:22:53.457] [bmv2] [T] [thread 17366] [15.0] [cxt 0] Applying table 'tbl_drop'
[15:22:53.457] [bmv2] [D] [thread 17366] [15.0] [cxt 0] Looking up key:

[15:22:53.457] [bmv2] [D] [thread 17366] [15.0] [cxt 0] Table 'tbl_drop': miss
[15:22:53.457] [bmv2] [D] [thread 17366] [15.0] [cxt 0] Action entry is MyIngress.drop - 
[15:22:53.457] [bmv2] [T] [thread 17366] [15.0] [cxt 0] Action MyIngress.drop
[15:22:53.457] [bmv2] [T] [thread 17366] [15.0] [cxt 0] source_routing.p4(122) Primitive mark_to_drop(standard_metadata)
[15:22:53.457] [bmv2] [D] [thread 17366] [15.0] [cxt 0] Pipeline 'ingress': end
[15:22:53.457] [bmv2] [D] [thread 17366] [15.0] [cxt 0] Egress port is 511
[15:22:53.457] [bmv2] [D] [thread 17366] [15.0] [cxt 0] Dropping packet at the end of ingress
[15:22:53.477] [bmv2] [D] [thread 17366] [16.0] [cxt 0] Processing packet received on port 2
[15:22:53.477] [bmv2] [D] [thread 17366] [16.0] [cxt 0] Parser 'parser': start
[15:22:53.477] [bmv2] [D] [thread 17366] [16.0] [cxt 0] Parser 'parser' entering state 'start'
[15:22:53.477] [bmv2] [D] [thread 17366] [16.0] [cxt 0] Extracting header 'ethernet'
[15:22:53.477] [bmv2] [D] [thread 17366] [16.0] [cxt 0] Extracting header 'ethernet'
[15:22:53.477] [bmv2] [D] [thread 17366] [16.0] [cxt 0] Parser state 'start': key is 0000
[15:22:53.477] [bmv2] [T] [thread 17366] [16.0] [cxt 0] Bytes parsed: 28
[15:22:53.477] [bmv2] [D] [thread 17366] [16.0] [cxt 0] Parser 'parser': end
[15:22:53.477] [bmv2] [D] [thread 17366] [16.0] [cxt 0] Pipeline 'ingress': start
[15:22:53.477] [bmv2] [T] [thread 17366] [16.0] [cxt 0] source_routing.p4(150) Condition "hdr.srcRoutes[0].isValid()" (node_2) is false
[15:22:53.477] [bmv2] [T] [thread 17366] [16.0] [cxt 0] Applying table 'tbl_drop'
[15:22:53.477] [bmv2] [D] [thread 17366] [16.0] [cxt 0] Looking up key:

[15:22:53.477] [bmv2] [D] [thread 17366] [16.0] [cxt 0] Table 'tbl_drop': miss
[15:22:53.477] [bmv2] [D] [thread 17366] [16.0] [cxt 0] Action entry is MyIngress.drop - 
[15:22:53.477] [bmv2] [T] [thread 17366] [16.0] [cxt 0] Action MyIngress.drop
[15:22:53.477] [bmv2] [T] [thread 17366] [16.0] [cxt 0] source_routing.p4(122) Primitive mark_to_drop(standard_metadata)
[15:22:53.477] [bmv2] [D] [thread 17366] [16.0] [cxt 0] Pipeline 'ingress': end
[15:22:53.477] [bmv2] [D] [thread 17366] [16.0] [cxt 0] Egress port is 511
[15:22:53.477] [bmv2] [D] [thread 17366] [16.0] [cxt 0] Dropping packet at the end of ingress
[15:22:53.573] [bmv2] [D] [thread 17366] [17.0] [cxt 0] Processing packet received on port 2
[15:22:53.573] [bmv2] [D] [thread 17366] [17.0] [cxt 0] Parser 'parser': start
[15:22:53.573] [bmv2] [D] [thread 17366] [17.0] [cxt 0] Parser 'parser' entering state 'start'
[15:22:53.573] [bmv2] [D] [thread 17366] [17.0] [cxt 0] Extracting header 'ethernet'
[15:22:53.573] [bmv2] [D] [thread 17366] [17.0] [cxt 0] Extracting header 'ethernet'
[15:22:53.573] [bmv2] [D] [thread 17366] [17.0] [cxt 0] Parser state 'start': key is 0000
[15:22:53.573] [bmv2] [T] [thread 17366] [17.0] [cxt 0] Bytes parsed: 28
[15:22:53.573] [bmv2] [D] [thread 17366] [17.0] [cxt 0] Parser 'parser': end
[15:22:53.573] [bmv2] [D] [thread 17366] [17.0] [cxt 0] Pipeline 'ingress': start
[15:22:53.573] [bmv2] [T] [thread 17366] [17.0] [cxt 0] source_routing.p4(150) Condition "hdr.srcRoutes[0].isValid()" (node_2) is false
[15:22:53.573] [bmv2] [T] [thread 17366] [17.0] [cxt 0] Applying table 'tbl_drop'
[15:22:53.573] [bmv2] [D] [thread 17366] [17.0] [cxt 0] Looking up key:

[15:22:53.573] [bmv2] [D] [thread 17366] [17.0] [cxt 0] Table 'tbl_drop': miss
[15:22:53.573] [bmv2] [D] [thread 17366] [17.0] [cxt 0] Action entry is MyIngress.drop - 
[15:22:53.573] [bmv2] [T] [thread 17366] [17.0] [cxt 0] Action MyIngress.drop
[15:22:53.573] [bmv2] [T] [thread 17366] [17.0] [cxt 0] source_routing.p4(122) Primitive mark_to_drop(standard_metadata)
[15:22:53.573] [bmv2] [D] [thread 17366] [17.0] [cxt 0] Pipeline 'ingress': end
[15:22:53.573] [bmv2] [D] [thread 17366] [17.0] [cxt 0] Egress port is 511
[15:22:53.573] [bmv2] [D] [thread 17366] [17.0] [cxt 0] Dropping packet at the end of ingress
[15:22:53.583] [bmv2] [D] [thread 17366] [18.0] [cxt 0] Processing packet received on port 2
[15:22:53.583] [bmv2] [D] [thread 17366] [18.0] [cxt 0] Parser 'parser': start
[15:22:53.583] [bmv2] [D] [thread 17366] [18.0] [cxt 0] Parser 'parser' entering state 'start'
[15:22:53.583] [bmv2] [D] [thread 17366] [18.0] [cxt 0] Extracting header 'ethernet'
[15:22:53.583] [bmv2] [D] [thread 17366] [18.0] [cxt 0] Extracting header 'ethernet'
[15:22:53.583] [bmv2] [D] [thread 17366] [18.0] [cxt 0] Parser state 'start': key is 0000
[15:22:53.583] [bmv2] [T] [thread 17366] [18.0] [cxt 0] Bytes parsed: 28
[15:22:53.583] [bmv2] [D] [thread 17366] [18.0] [cxt 0] Parser 'parser': end
[15:22:53.583] [bmv2] [D] [thread 17366] [18.0] [cxt 0] Pipeline 'ingress': start
[15:22:53.583] [bmv2] [T] [thread 17366] [18.0] [cxt 0] source_routing.p4(150) Condition "hdr.srcRoutes[0].isValid()" (node_2) is false
[15:22:53.583] [bmv2] [T] [thread 17366] [18.0] [cxt 0] Applying table 'tbl_drop'
[15:22:53.583] [bmv2] [D] [thread 17366] [18.0] [cxt 0] Looking up key:

[15:22:53.583] [bmv2] [D] [thread 17366] [18.0] [cxt 0] Table 'tbl_drop': miss
[15:22:53.583] [bmv2] [D] [thread 17366] [18.0] [cxt 0] Action entry is MyIngress.drop - 
[15:22:53.583] [bmv2] [T] [thread 17366] [18.0] [cxt 0] Action MyIngress.drop
[15:22:53.584] [bmv2] [T] [thread 17366] [18.0] [cxt 0] source_routing.p4(122) Primitive mark_to_drop(standard_metadata)
[15:22:53.584] [bmv2] [D] [thread 17366] [18.0] [cxt 0] Pipeline 'ingress': end
[15:22:53.584] [bmv2] [D] [thread 17366] [18.0] [cxt 0] Egress port is 511
[15:22:53.584] [bmv2] [D] [thread 17366] [18.0] [cxt 0] Dropping packet at the end of ingress
[15:22:53.618] [bmv2] [D] [thread 17366] [19.0] [cxt 0] Processing packet received on port 3
[15:22:53.618] [bmv2] [D] [thread 17366] [19.0] [cxt 0] Parser 'parser': start
[15:22:53.618] [bmv2] [D] [thread 17366] [19.0] [cxt 0] Parser 'parser' entering state 'start'
[15:22:53.618] [bmv2] [D] [thread 17366] [19.0] [cxt 0] Extracting header 'ethernet'
[15:22:53.618] [bmv2] [D] [thread 17366] [19.0] [cxt 0] Extracting header 'ethernet'
[15:22:53.619] [bmv2] [D] [thread 17366] [19.0] [cxt 0] Parser state 'start': key is 0000
[15:22:53.619] [bmv2] [T] [thread 17366] [19.0] [cxt 0] Bytes parsed: 28
[15:22:53.619] [bmv2] [D] [thread 17366] [19.0] [cxt 0] Parser 'parser': end
[15:22:53.619] [bmv2] [D] [thread 17366] [19.0] [cxt 0] Pipeline 'ingress': start
[15:22:53.619] [bmv2] [T] [thread 17366] [19.0] [cxt 0] source_routing.p4(150) Condition "hdr.srcRoutes[0].isValid()" (node_2) is false
[15:22:53.619] [bmv2] [T] [thread 17366] [19.0] [cxt 0] Applying table 'tbl_drop'
[15:22:53.619] [bmv2] [D] [thread 17366] [19.0] [cxt 0] Looking up key:

[15:22:53.619] [bmv2] [D] [thread 17366] [19.0] [cxt 0] Table 'tbl_drop': miss
[15:22:53.619] [bmv2] [D] [thread 17366] [19.0] [cxt 0] Action entry is MyIngress.drop - 
[15:22:53.619] [bmv2] [T] [thread 17366] [19.0] [cxt 0] Action MyIngress.drop
[15:22:53.619] [bmv2] [T] [thread 17366] [19.0] [cxt 0] source_routing.p4(122) Primitive mark_to_drop(standard_metadata)
[15:22:53.619] [bmv2] [D] [thread 17366] [19.0] [cxt 0] Pipeline 'ingress': end
[15:22:53.619] [bmv2] [D] [thread 17366] [19.0] [cxt 0] Egress port is 511
[15:22:53.619] [bmv2] [D] [thread 17366] [19.0] [cxt 0] Dropping packet at the end of ingress
[15:22:53.706] [bmv2] [D] [thread 17366] [20.0] [cxt 0] Processing packet received on port 3
[15:22:53.706] [bmv2] [D] [thread 17366] [20.0] [cxt 0] Parser 'parser': start
[15:22:53.706] [bmv2] [D] [thread 17366] [20.0] [cxt 0] Parser 'parser' entering state 'start'
[15:22:53.706] [bmv2] [D] [thread 17366] [20.0] [cxt 0] Extracting header 'ethernet'
[15:22:53.706] [bmv2] [D] [thread 17366] [20.0] [cxt 0] Extracting header 'ethernet'
[15:22:53.706] [bmv2] [D] [thread 17366] [20.0] [cxt 0] Parser state 'start': key is 0000
[15:22:53.706] [bmv2] [T] [thread 17366] [20.0] [cxt 0] Bytes parsed: 28
[15:22:53.706] [bmv2] [D] [thread 17366] [20.0] [cxt 0] Parser 'parser': end
[15:22:53.706] [bmv2] [D] [thread 17366] [20.0] [cxt 0] Pipeline 'ingress': start
[15:22:53.706] [bmv2] [T] [thread 17366] [20.0] [cxt 0] source_routing.p4(150) Condition "hdr.srcRoutes[0].isValid()" (node_2) is false
[15:22:53.706] [bmv2] [T] [thread 17366] [20.0] [cxt 0] Applying table 'tbl_drop'
[15:22:53.706] [bmv2] [D] [thread 17366] [20.0] [cxt 0] Looking up key:

[15:22:53.706] [bmv2] [D] [thread 17366] [20.0] [cxt 0] Table 'tbl_drop': miss
[15:22:53.706] [bmv2] [D] [thread 17366] [20.0] [cxt 0] Action entry is MyIngress.drop - 
[15:22:53.706] [bmv2] [T] [thread 17366] [20.0] [cxt 0] Action MyIngress.drop
[15:22:53.706] [bmv2] [T] [thread 17366] [20.0] [cxt 0] source_routing.p4(122) Primitive mark_to_drop(standard_metadata)
[15:22:53.706] [bmv2] [D] [thread 17366] [20.0] [cxt 0] Pipeline 'ingress': end
[15:22:53.706] [bmv2] [D] [thread 17366] [20.0] [cxt 0] Egress port is 511
[15:22:53.706] [bmv2] [D] [thread 17366] [20.0] [cxt 0] Dropping packet at the end of ingress
[15:22:53.788] [bmv2] [D] [thread 17366] [21.0] [cxt 0] Processing packet received on port 2
[15:22:53.788] [bmv2] [D] [thread 17366] [21.0] [cxt 0] Parser 'parser': start
[15:22:53.788] [bmv2] [D] [thread 17366] [21.0] [cxt 0] Parser 'parser' entering state 'start'
[15:22:53.788] [bmv2] [D] [thread 17366] [21.0] [cxt 0] Extracting header 'ethernet'
[15:22:53.788] [bmv2] [D] [thread 17366] [21.0] [cxt 0] Extracting header 'ethernet'
[15:22:53.788] [bmv2] [D] [thread 17366] [21.0] [cxt 0] Parser state 'start': key is 0000
[15:22:53.788] [bmv2] [T] [thread 17366] [21.0] [cxt 0] Bytes parsed: 28
[15:22:53.788] [bmv2] [D] [thread 17366] [21.0] [cxt 0] Parser 'parser': end
[15:22:53.788] [bmv2] [D] [thread 17366] [21.0] [cxt 0] Pipeline 'ingress': start
[15:22:53.788] [bmv2] [T] [thread 17366] [21.0] [cxt 0] source_routing.p4(150) Condition "hdr.srcRoutes[0].isValid()" (node_2) is false
[15:22:53.788] [bmv2] [T] [thread 17366] [21.0] [cxt 0] Applying table 'tbl_drop'
[15:22:53.788] [bmv2] [D] [thread 17366] [21.0] [cxt 0] Looking up key:

[15:22:53.788] [bmv2] [D] [thread 17366] [21.0] [cxt 0] Table 'tbl_drop': miss
[15:22:53.788] [bmv2] [D] [thread 17366] [21.0] [cxt 0] Action entry is MyIngress.drop - 
[15:22:53.788] [bmv2] [T] [thread 17366] [21.0] [cxt 0] Action MyIngress.drop
[15:22:53.788] [bmv2] [T] [thread 17366] [21.0] [cxt 0] source_routing.p4(122) Primitive mark_to_drop(standard_metadata)
[15:22:53.788] [bmv2] [D] [thread 17366] [21.0] [cxt 0] Pipeline 'ingress': end
[15:22:53.788] [bmv2] [D] [thread 17366] [21.0] [cxt 0] Egress port is 511
[15:22:53.788] [bmv2] [D] [thread 17366] [21.0] [cxt 0] Dropping packet at the end of ingress
[15:22:53.872] [bmv2] [D] [thread 17366] [22.0] [cxt 0] Processing packet received on port 3
[15:22:53.872] [bmv2] [D] [thread 17366] [22.0] [cxt 0] Parser 'parser': start
[15:22:53.872] [bmv2] [D] [thread 17366] [22.0] [cxt 0] Parser 'parser' entering state 'start'
[15:22:53.872] [bmv2] [D] [thread 17366] [22.0] [cxt 0] Extracting header 'ethernet'
[15:22:53.872] [bmv2] [D] [thread 17366] [22.0] [cxt 0] Extracting header 'ethernet'
[15:22:53.872] [bmv2] [D] [thread 17366] [22.0] [cxt 0] Parser state 'start': key is 0000
[15:22:53.872] [bmv2] [T] [thread 17366] [22.0] [cxt 0] Bytes parsed: 28
[15:22:53.872] [bmv2] [D] [thread 17366] [22.0] [cxt 0] Parser 'parser': end
[15:22:53.872] [bmv2] [D] [thread 17366] [22.0] [cxt 0] Pipeline 'ingress': start
[15:22:53.872] [bmv2] [T] [thread 17366] [22.0] [cxt 0] source_routing.p4(150) Condition "hdr.srcRoutes[0].isValid()" (node_2) is false
[15:22:53.872] [bmv2] [T] [thread 17366] [22.0] [cxt 0] Applying table 'tbl_drop'
[15:22:53.872] [bmv2] [D] [thread 17366] [22.0] [cxt 0] Looking up key:

[15:22:53.872] [bmv2] [D] [thread 17366] [22.0] [cxt 0] Table 'tbl_drop': miss
[15:22:53.872] [bmv2] [D] [thread 17366] [22.0] [cxt 0] Action entry is MyIngress.drop - 
[15:22:53.872] [bmv2] [T] [thread 17366] [22.0] [cxt 0] Action MyIngress.drop
[15:22:53.872] [bmv2] [T] [thread 17366] [22.0] [cxt 0] source_routing.p4(122) Primitive mark_to_drop(standard_metadata)
[15:22:53.872] [bmv2] [D] [thread 17366] [22.0] [cxt 0] Pipeline 'ingress': end
[15:22:53.872] [bmv2] [D] [thread 17366] [22.0] [cxt 0] Egress port is 511
[15:22:53.872] [bmv2] [D] [thread 17366] [22.0] [cxt 0] Dropping packet at the end of ingress
[15:22:53.906] [bmv2] [D] [thread 17366] [23.0] [cxt 0] Processing packet received on port 3
[15:22:53.906] [bmv2] [D] [thread 17366] [23.0] [cxt 0] Parser 'parser': start
[15:22:53.906] [bmv2] [D] [thread 17366] [23.0] [cxt 0] Parser 'parser' entering state 'start'
[15:22:53.906] [bmv2] [D] [thread 17366] [23.0] [cxt 0] Extracting header 'ethernet'
[15:22:53.906] [bmv2] [D] [thread 17366] [23.0] [cxt 0] Extracting header 'ethernet'
[15:22:53.906] [bmv2] [D] [thread 17366] [23.0] [cxt 0] Parser state 'start': key is 0000
[15:22:53.906] [bmv2] [T] [thread 17366] [23.0] [cxt 0] Bytes parsed: 28
[15:22:53.906] [bmv2] [D] [thread 17366] [23.0] [cxt 0] Parser 'parser': end
[15:22:53.906] [bmv2] [D] [thread 17366] [23.0] [cxt 0] Pipeline 'ingress': start
[15:22:53.906] [bmv2] [T] [thread 17366] [23.0] [cxt 0] source_routing.p4(150) Condition "hdr.srcRoutes[0].isValid()" (node_2) is false
[15:22:53.906] [bmv2] [T] [thread 17366] [23.0] [cxt 0] Applying table 'tbl_drop'
[15:22:53.906] [bmv2] [D] [thread 17366] [23.0] [cxt 0] Looking up key:

[15:22:53.906] [bmv2] [D] [thread 17366] [23.0] [cxt 0] Table 'tbl_drop': miss
[15:22:53.906] [bmv2] [D] [thread 17366] [23.0] [cxt 0] Action entry is MyIngress.drop - 
[15:22:53.906] [bmv2] [T] [thread 17366] [23.0] [cxt 0] Action MyIngress.drop
[15:22:53.906] [bmv2] [T] [thread 17366] [23.0] [cxt 0] source_routing.p4(122) Primitive mark_to_drop(standard_metadata)
[15:22:53.906] [bmv2] [D] [thread 17366] [23.0] [cxt 0] Pipeline 'ingress': end
[15:22:53.906] [bmv2] [D] [thread 17366] [23.0] [cxt 0] Egress port is 511
[15:22:53.906] [bmv2] [D] [thread 17366] [23.0] [cxt 0] Dropping packet at the end of ingress
[15:22:53.958] [bmv2] [D] [thread 17366] [24.0] [cxt 0] Processing packet received on port 3
[15:22:53.958] [bmv2] [D] [thread 17366] [24.0] [cxt 0] Parser 'parser': start
[15:22:53.958] [bmv2] [D] [thread 17366] [24.0] [cxt 0] Parser 'parser' entering state 'start'
[15:22:53.958] [bmv2] [D] [thread 17366] [24.0] [cxt 0] Extracting header 'ethernet'
[15:22:53.958] [bmv2] [D] [thread 17366] [24.0] [cxt 0] Extracting header 'ethernet'
[15:22:53.958] [bmv2] [D] [thread 17366] [24.0] [cxt 0] Parser state 'start': key is 0000
[15:22:53.958] [bmv2] [T] [thread 17366] [24.0] [cxt 0] Bytes parsed: 28
[15:22:53.958] [bmv2] [D] [thread 17366] [24.0] [cxt 0] Parser 'parser': end
[15:22:53.958] [bmv2] [D] [thread 17366] [24.0] [cxt 0] Pipeline 'ingress': start
[15:22:53.958] [bmv2] [T] [thread 17366] [24.0] [cxt 0] source_routing.p4(150) Condition "hdr.srcRoutes[0].isValid()" (node_2) is false
[15:22:53.958] [bmv2] [T] [thread 17366] [24.0] [cxt 0] Applying table 'tbl_drop'
[15:22:53.958] [bmv2] [D] [thread 17366] [24.0] [cxt 0] Looking up key:

[15:22:53.958] [bmv2] [D] [thread 17366] [24.0] [cxt 0] Table 'tbl_drop': miss
[15:22:53.958] [bmv2] [D] [thread 17366] [24.0] [cxt 0] Action entry is MyIngress.drop - 
[15:22:53.958] [bmv2] [T] [thread 17366] [24.0] [cxt 0] Action MyIngress.drop
[15:22:53.958] [bmv2] [T] [thread 17366] [24.0] [cxt 0] source_routing.p4(122) Primitive mark_to_drop(standard_metadata)
[15:22:53.958] [bmv2] [D] [thread 17366] [24.0] [cxt 0] Pipeline 'ingress': end
[15:22:53.958] [bmv2] [D] [thread 17366] [24.0] [cxt 0] Egress port is 511
[15:22:53.958] [bmv2] [D] [thread 17366] [24.0] [cxt 0] Dropping packet at the end of ingress
[15:22:54.071] [bmv2] [D] [thread 17366] [25.0] [cxt 0] Processing packet received on port 3
[15:22:54.071] [bmv2] [D] [thread 17366] [25.0] [cxt 0] Parser 'parser': start
[15:22:54.071] [bmv2] [D] [thread 17366] [25.0] [cxt 0] Parser 'parser' entering state 'start'
[15:22:54.071] [bmv2] [D] [thread 17366] [25.0] [cxt 0] Extracting header 'ethernet'
[15:22:54.071] [bmv2] [D] [thread 17366] [25.0] [cxt 0] Extracting header 'ethernet'
[15:22:54.071] [bmv2] [D] [thread 17366] [25.0] [cxt 0] Parser state 'start': key is 0000
[15:22:54.071] [bmv2] [T] [thread 17366] [25.0] [cxt 0] Bytes parsed: 28
[15:22:54.071] [bmv2] [D] [thread 17366] [25.0] [cxt 0] Parser 'parser': end
[15:22:54.071] [bmv2] [D] [thread 17366] [25.0] [cxt 0] Pipeline 'ingress': start
[15:22:54.071] [bmv2] [T] [thread 17366] [25.0] [cxt 0] source_routing.p4(150) Condition "hdr.srcRoutes[0].isValid()" (node_2) is false
[15:22:54.071] [bmv2] [T] [thread 17366] [25.0] [cxt 0] Applying table 'tbl_drop'
[15:22:54.071] [bmv2] [D] [thread 17366] [25.0] [cxt 0] Looking up key:

[15:22:54.071] [bmv2] [D] [thread 17366] [25.0] [cxt 0] Table 'tbl_drop': miss
[15:22:54.071] [bmv2] [D] [thread 17366] [25.0] [cxt 0] Action entry is MyIngress.drop - 
[15:22:54.071] [bmv2] [T] [thread 17366] [25.0] [cxt 0] Action MyIngress.drop
[15:22:54.071] [bmv2] [T] [thread 17366] [25.0] [cxt 0] source_routing.p4(122) Primitive mark_to_drop(standard_metadata)
[15:22:54.071] [bmv2] [D] [thread 17366] [25.0] [cxt 0] Pipeline 'ingress': end
[15:22:54.071] [bmv2] [D] [thread 17366] [25.0] [cxt 0] Egress port is 511
[15:22:54.071] [bmv2] [D] [thread 17366] [25.0] [cxt 0] Dropping packet at the end of ingress
[15:22:54.148] [bmv2] [D] [thread 17366] [26.0] [cxt 0] Processing packet received on port 3
[15:22:54.148] [bmv2] [D] [thread 17366] [26.0] [cxt 0] Parser 'parser': start
[15:22:54.148] [bmv2] [D] [thread 17366] [26.0] [cxt 0] Parser 'parser' entering state 'start'
[15:22:54.148] [bmv2] [D] [thread 17366] [26.0] [cxt 0] Extracting header 'ethernet'
[15:22:54.148] [bmv2] [D] [thread 17366] [26.0] [cxt 0] Extracting header 'ethernet'
[15:22:54.148] [bmv2] [D] [thread 17366] [26.0] [cxt 0] Parser state 'start': key is 0000
[15:22:54.148] [bmv2] [T] [thread 17366] [26.0] [cxt 0] Bytes parsed: 28
[15:22:54.148] [bmv2] [D] [thread 17366] [26.0] [cxt 0] Parser 'parser': end
[15:22:54.148] [bmv2] [D] [thread 17366] [26.0] [cxt 0] Pipeline 'ingress': start
[15:22:54.148] [bmv2] [T] [thread 17366] [26.0] [cxt 0] source_routing.p4(150) Condition "hdr.srcRoutes[0].isValid()" (node_2) is false
[15:22:54.148] [bmv2] [T] [thread 17366] [26.0] [cxt 0] Applying table 'tbl_drop'
[15:22:54.148] [bmv2] [D] [thread 17366] [26.0] [cxt 0] Looking up key:

[15:22:54.148] [bmv2] [D] [thread 17366] [26.0] [cxt 0] Table 'tbl_drop': miss
[15:22:54.148] [bmv2] [D] [thread 17366] [26.0] [cxt 0] Action entry is MyIngress.drop - 
[15:22:54.148] [bmv2] [T] [thread 17366] [26.0] [cxt 0] Action MyIngress.drop
[15:22:54.148] [bmv2] [T] [thread 17366] [26.0] [cxt 0] source_routing.p4(122) Primitive mark_to_drop(standard_metadata)
[15:22:54.148] [bmv2] [D] [thread 17366] [26.0] [cxt 0] Pipeline 'ingress': end
[15:22:54.148] [bmv2] [D] [thread 17366] [26.0] [cxt 0] Egress port is 511
[15:22:54.148] [bmv2] [D] [thread 17366] [26.0] [cxt 0] Dropping packet at the end of ingress
[15:22:54.293] [bmv2] [D] [thread 17366] [27.0] [cxt 0] Processing packet received on port 1
[15:22:54.294] [bmv2] [D] [thread 17366] [27.0] [cxt 0] Parser 'parser': start
[15:22:54.294] [bmv2] [D] [thread 17366] [27.0] [cxt 0] Parser 'parser' entering state 'start'
[15:22:54.294] [bmv2] [D] [thread 17366] [27.0] [cxt 0] Extracting header 'ethernet'
[15:22:54.294] [bmv2] [D] [thread 17366] [27.0] [cxt 0] Extracting header 'ethernet'
[15:22:54.294] [bmv2] [D] [thread 17366] [27.0] [cxt 0] Parser state 'start': key is 0000
[15:22:54.294] [bmv2] [T] [thread 17366] [27.0] [cxt 0] Bytes parsed: 28
[15:22:54.294] [bmv2] [D] [thread 17366] [27.0] [cxt 0] Parser 'parser': end
[15:22:54.294] [bmv2] [D] [thread 17366] [27.0] [cxt 0] Pipeline 'ingress': start
[15:22:54.294] [bmv2] [T] [thread 17366] [27.0] [cxt 0] source_routing.p4(150) Condition "hdr.srcRoutes[0].isValid()" (node_2) is false
[15:22:54.294] [bmv2] [T] [thread 17366] [27.0] [cxt 0] Applying table 'tbl_drop'
[15:22:54.294] [bmv2] [D] [thread 17366] [27.0] [cxt 0] Looking up key:

[15:22:54.294] [bmv2] [D] [thread 17366] [27.0] [cxt 0] Table 'tbl_drop': miss
[15:22:54.294] [bmv2] [D] [thread 17366] [27.0] [cxt 0] Action entry is MyIngress.drop - 
[15:22:54.294] [bmv2] [T] [thread 17366] [27.0] [cxt 0] Action MyIngress.drop
[15:22:54.294] [bmv2] [T] [thread 17366] [27.0] [cxt 0] source_routing.p4(122) Primitive mark_to_drop(standard_metadata)
[15:22:54.294] [bmv2] [D] [thread 17366] [27.0] [cxt 0] Pipeline 'ingress': end
[15:22:54.294] [bmv2] [D] [thread 17366] [27.0] [cxt 0] Egress port is 511
[15:22:54.294] [bmv2] [D] [thread 17366] [27.0] [cxt 0] Dropping packet at the end of ingress
[15:22:54.294] [bmv2] [D] [thread 17366] [28.0] [cxt 0] Processing packet received on port 2
[15:22:54.294] [bmv2] [D] [thread 17366] [28.0] [cxt 0] Parser 'parser': start
[15:22:54.294] [bmv2] [D] [thread 17366] [28.0] [cxt 0] Parser 'parser' entering state 'start'
[15:22:54.294] [bmv2] [D] [thread 17366] [28.0] [cxt 0] Extracting header 'ethernet'
[15:22:54.294] [bmv2] [D] [thread 17366] [28.0] [cxt 0] Extracting header 'ethernet'
[15:22:54.294] [bmv2] [D] [thread 17366] [28.0] [cxt 0] Parser state 'start': key is 0000
[15:22:54.294] [bmv2] [T] [thread 17366] [28.0] [cxt 0] Bytes parsed: 28
[15:22:54.294] [bmv2] [D] [thread 17366] [28.0] [cxt 0] Parser 'parser': end
[15:22:54.294] [bmv2] [D] [thread 17366] [28.0] [cxt 0] Pipeline 'ingress': start
[15:22:54.294] [bmv2] [T] [thread 17366] [28.0] [cxt 0] source_routing.p4(150) Condition "hdr.srcRoutes[0].isValid()" (node_2) is false
[15:22:54.294] [bmv2] [T] [thread 17366] [28.0] [cxt 0] Applying table 'tbl_drop'
[15:22:54.294] [bmv2] [D] [thread 17366] [28.0] [cxt 0] Looking up key:

[15:22:54.294] [bmv2] [D] [thread 17366] [28.0] [cxt 0] Table 'tbl_drop': miss
[15:22:54.294] [bmv2] [D] [thread 17366] [28.0] [cxt 0] Action entry is MyIngress.drop - 
[15:22:54.294] [bmv2] [T] [thread 17366] [28.0] [cxt 0] Action MyIngress.drop
[15:22:54.294] [bmv2] [T] [thread 17366] [28.0] [cxt 0] source_routing.p4(122) Primitive mark_to_drop(standard_metadata)
[15:22:54.294] [bmv2] [D] [thread 17366] [28.0] [cxt 0] Pipeline 'ingress': end
[15:22:54.294] [bmv2] [D] [thread 17366] [28.0] [cxt 0] Egress port is 511
[15:22:54.294] [bmv2] [D] [thread 17366] [28.0] [cxt 0] Dropping packet at the end of ingress
[15:22:54.534] [bmv2] [W] [thread 17423] [P4Runtime] p4::tmp::P4DeviceConfig is deprecated
[15:22:54.543] [bmv2] [D] [thread 17423] Set default default entry for table 'tbl_srcRoute_finish': MyIngress.srcRoute_finish - 
[15:22:54.544] [bmv2] [D] [thread 17423] Set default default entry for table 'tbl_srcRoute_nhop': MyIngress.srcRoute_nhop - 
[15:22:54.544] [bmv2] [D] [thread 17423] Set default default entry for table 'tbl_update_ttl': MyIngress.update_ttl - 
[15:22:54.544] [bmv2] [D] [thread 17423] Set default default entry for table 'tbl_drop': MyIngress.drop - 
[15:22:54.546] [bmv2] [D] [thread 17423] simple_switch target has been notified of a config swap
[15:22:54.850] [bmv2] [D] [thread 17366] [29.0] [cxt 0] Processing packet received on port 2
[15:22:54.850] [bmv2] [D] [thread 17366] [29.0] [cxt 0] Parser 'parser': start
[15:22:54.850] [bmv2] [D] [thread 17366] [29.0] [cxt 0] Parser 'parser' entering state 'start'
[15:22:54.850] [bmv2] [D] [thread 17366] [29.0] [cxt 0] Extracting header 'ethernet'
[15:22:54.850] [bmv2] [D] [thread 17366] [29.0] [cxt 0] Extracting header 'ethernet'
[15:22:54.851] [bmv2] [D] [thread 17366] [29.0] [cxt 0] Parser state 'start': key is 0000
[15:22:54.851] [bmv2] [T] [thread 17366] [29.0] [cxt 0] Bytes parsed: 28
[15:22:54.851] [bmv2] [D] [thread 17366] [29.0] [cxt 0] Parser 'parser': end
[15:22:54.851] [bmv2] [D] [thread 17366] [29.0] [cxt 0] Pipeline 'ingress': start
[15:22:54.851] [bmv2] [T] [thread 17366] [29.0] [cxt 0] source_routing.p4(150) Condition "hdr.srcRoutes[0].isValid()" (node_2) is false
[15:22:54.851] [bmv2] [T] [thread 17366] [29.0] [cxt 0] Applying table 'tbl_drop'
[15:22:54.851] [bmv2] [D] [thread 17366] [29.0] [cxt 0] Looking up key:

[15:22:54.851] [bmv2] [D] [thread 17366] [29.0] [cxt 0] Table 'tbl_drop': miss
[15:22:54.851] [bmv2] [D] [thread 17366] [29.0] [cxt 0] Action entry is MyIngress.drop - 
[15:22:54.851] [bmv2] [T] [thread 17366] [29.0] [cxt 0] Action MyIngress.drop
[15:22:54.851] [bmv2] [T] [thread 17366] [29.0] [cxt 0] source_routing.p4(122) Primitive mark_to_drop(standard_metadata)
[15:22:54.851] [bmv2] [D] [thread 17366] [29.0] [cxt 0] Pipeline 'ingress': end
[15:22:54.851] [bmv2] [D] [thread 17366] [29.0] [cxt 0] Egress port is 511
[15:22:54.851] [bmv2] [D] [thread 17366] [29.0] [cxt 0] Dropping packet at the end of ingress
[15:22:54.967] [bmv2] [D] [thread 17366] [30.0] [cxt 0] Processing packet received on port 3
[15:22:54.967] [bmv2] [D] [thread 17366] [30.0] [cxt 0] Parser 'parser': start
[15:22:54.967] [bmv2] [D] [thread 17366] [30.0] [cxt 0] Parser 'parser' entering state 'start'
[15:22:54.967] [bmv2] [D] [thread 17366] [30.0] [cxt 0] Extracting header 'ethernet'
[15:22:54.967] [bmv2] [D] [thread 17366] [30.0] [cxt 0] Extracting header 'ethernet'
[15:22:54.967] [bmv2] [D] [thread 17366] [30.0] [cxt 0] Parser state 'start': key is 0000
[15:22:54.967] [bmv2] [T] [thread 17366] [30.0] [cxt 0] Bytes parsed: 28
[15:22:54.967] [bmv2] [D] [thread 17366] [30.0] [cxt 0] Parser 'parser': end
[15:22:54.967] [bmv2] [D] [thread 17366] [30.0] [cxt 0] Pipeline 'ingress': start
[15:22:54.967] [bmv2] [T] [thread 17366] [30.0] [cxt 0] source_routing.p4(150) Condition "hdr.srcRoutes[0].isValid()" (node_2) is false
[15:22:54.967] [bmv2] [T] [thread 17366] [30.0] [cxt 0] Applying table 'tbl_drop'
[15:22:54.967] [bmv2] [D] [thread 17366] [30.0] [cxt 0] Looking up key:

[15:22:54.967] [bmv2] [D] [thread 17366] [30.0] [cxt 0] Table 'tbl_drop': miss
[15:22:54.967] [bmv2] [D] [thread 17366] [30.0] [cxt 0] Action entry is MyIngress.drop - 
[15:22:54.967] [bmv2] [T] [thread 17366] [30.0] [cxt 0] Action MyIngress.drop
[15:22:54.967] [bmv2] [T] [thread 17366] [30.0] [cxt 0] source_routing.p4(122) Primitive mark_to_drop(standard_metadata)
[15:22:54.967] [bmv2] [D] [thread 17366] [30.0] [cxt 0] Pipeline 'ingress': end
[15:22:54.967] [bmv2] [D] [thread 17366] [30.0] [cxt 0] Egress port is 511
[15:22:54.967] [bmv2] [D] [thread 17366] [30.0] [cxt 0] Dropping packet at the end of ingress
[15:22:55.132] [bmv2] [D] [thread 17366] [31.0] [cxt 0] Processing packet received on port 3
[15:22:55.132] [bmv2] [D] [thread 17366] [31.0] [cxt 0] Parser 'parser': start
[15:22:55.132] [bmv2] [D] [thread 17366] [31.0] [cxt 0] Parser 'parser' entering state 'start'
[15:22:55.132] [bmv2] [D] [thread 17366] [31.0] [cxt 0] Extracting header 'ethernet'
[15:22:55.132] [bmv2] [D] [thread 17366] [31.0] [cxt 0] Extracting header 'ethernet'
[15:22:55.132] [bmv2] [D] [thread 17366] [31.0] [cxt 0] Parser state 'start': key is 0000
[15:22:55.132] [bmv2] [T] [thread 17366] [31.0] [cxt 0] Bytes parsed: 28
[15:22:55.132] [bmv2] [D] [thread 17366] [31.0] [cxt 0] Parser 'parser': end
[15:22:55.132] [bmv2] [D] [thread 17366] [31.0] [cxt 0] Pipeline 'ingress': start
[15:22:55.132] [bmv2] [T] [thread 17366] [31.0] [cxt 0] source_routing.p4(150) Condition "hdr.srcRoutes[0].isValid()" (node_2) is false
[15:22:55.132] [bmv2] [T] [thread 17366] [31.0] [cxt 0] Applying table 'tbl_drop'
[15:22:55.132] [bmv2] [D] [thread 17366] [31.0] [cxt 0] Looking up key:

[15:22:55.132] [bmv2] [D] [thread 17366] [31.0] [cxt 0] Table 'tbl_drop': miss
[15:22:55.132] [bmv2] [D] [thread 17366] [31.0] [cxt 0] Action entry is MyIngress.drop - 
[15:22:55.132] [bmv2] [T] [thread 17366] [31.0] [cxt 0] Action MyIngress.drop
[15:22:55.132] [bmv2] [T] [thread 17366] [31.0] [cxt 0] source_routing.p4(122) Primitive mark_to_drop(standard_metadata)
[15:22:55.132] [bmv2] [D] [thread 17366] [31.0] [cxt 0] Pipeline 'ingress': end
[15:22:55.132] [bmv2] [D] [thread 17366] [31.0] [cxt 0] Egress port is 511
[15:22:55.132] [bmv2] [D] [thread 17366] [31.0] [cxt 0] Dropping packet at the end of ingress
[15:22:56.292] [bmv2] [D] [thread 17366] [32.0] [cxt 0] Processing packet received on port 1
[15:22:56.293] [bmv2] [D] [thread 17366] [32.0] [cxt 0] Parser 'parser': start
[15:22:56.293] [bmv2] [D] [thread 17366] [32.0] [cxt 0] Parser 'parser' entering state 'start'
[15:22:56.293] [bmv2] [D] [thread 17366] [32.0] [cxt 0] Extracting header 'ethernet'
[15:22:56.293] [bmv2] [D] [thread 17366] [32.0] [cxt 0] Extracting header 'ethernet'
[15:22:56.293] [bmv2] [D] [thread 17366] [32.0] [cxt 0] Parser state 'start': key is 0000
[15:22:56.293] [bmv2] [T] [thread 17366] [32.0] [cxt 0] Bytes parsed: 28
[15:22:56.293] [bmv2] [D] [thread 17366] [32.0] [cxt 0] Parser 'parser': end
[15:22:56.293] [bmv2] [D] [thread 17366] [32.0] [cxt 0] Pipeline 'ingress': start
[15:22:56.293] [bmv2] [T] [thread 17366] [32.0] [cxt 0] source_routing.p4(150) Condition "hdr.srcRoutes[0].isValid()" (node_2) is false
[15:22:56.293] [bmv2] [T] [thread 17366] [32.0] [cxt 0] Applying table 'tbl_drop'
[15:22:56.293] [bmv2] [D] [thread 17366] [32.0] [cxt 0] Looking up key:

[15:22:56.293] [bmv2] [D] [thread 17366] [32.0] [cxt 0] Table 'tbl_drop': miss
[15:22:56.293] [bmv2] [D] [thread 17366] [32.0] [cxt 0] Action entry is MyIngress.drop - 
[15:22:56.293] [bmv2] [T] [thread 17366] [32.0] [cxt 0] Action MyIngress.drop
[15:22:56.293] [bmv2] [T] [thread 17366] [32.0] [cxt 0] source_routing.p4(122) Primitive mark_to_drop(standard_metadata)
[15:22:56.293] [bmv2] [D] [thread 17366] [32.0] [cxt 0] Pipeline 'ingress': end
[15:22:56.293] [bmv2] [D] [thread 17366] [32.0] [cxt 0] Egress port is 511
[15:22:56.293] [bmv2] [D] [thread 17366] [32.0] [cxt 0] Dropping packet at the end of ingress
[15:22:56.293] [bmv2] [D] [thread 17366] [33.0] [cxt 0] Processing packet received on port 2
[15:22:56.293] [bmv2] [D] [thread 17366] [33.0] [cxt 0] Parser 'parser': start
[15:22:56.293] [bmv2] [D] [thread 17366] [33.0] [cxt 0] Parser 'parser' entering state 'start'
[15:22:56.293] [bmv2] [D] [thread 17366] [33.0] [cxt 0] Extracting header 'ethernet'
[15:22:56.293] [bmv2] [D] [thread 17366] [33.0] [cxt 0] Extracting header 'ethernet'
[15:22:56.293] [bmv2] [D] [thread 17366] [33.0] [cxt 0] Parser state 'start': key is 0000
[15:22:56.293] [bmv2] [T] [thread 17366] [33.0] [cxt 0] Bytes parsed: 28
[15:22:56.293] [bmv2] [D] [thread 17366] [33.0] [cxt 0] Parser 'parser': end
[15:22:56.293] [bmv2] [D] [thread 17366] [33.0] [cxt 0] Pipeline 'ingress': start
[15:22:56.293] [bmv2] [T] [thread 17366] [33.0] [cxt 0] source_routing.p4(150) Condition "hdr.srcRoutes[0].isValid()" (node_2) is false
[15:22:56.293] [bmv2] [T] [thread 17366] [33.0] [cxt 0] Applying table 'tbl_drop'
[15:22:56.293] [bmv2] [D] [thread 17366] [33.0] [cxt 0] Looking up key:

[15:22:56.293] [bmv2] [D] [thread 17366] [33.0] [cxt 0] Table 'tbl_drop': miss
[15:22:56.293] [bmv2] [D] [thread 17366] [33.0] [cxt 0] Action entry is MyIngress.drop - 
[15:22:56.293] [bmv2] [T] [thread 17366] [33.0] [cxt 0] Action MyIngress.drop
[15:22:56.293] [bmv2] [T] [thread 17366] [33.0] [cxt 0] source_routing.p4(122) Primitive mark_to_drop(standard_metadata)
[15:22:56.293] [bmv2] [D] [thread 17366] [33.0] [cxt 0] Pipeline 'ingress': end
[15:22:56.293] [bmv2] [D] [thread 17366] [33.0] [cxt 0] Egress port is 511
[15:22:56.293] [bmv2] [D] [thread 17366] [33.0] [cxt 0] Dropping packet at the end of ingress
[15:22:56.354] [bmv2] [D] [thread 17366] [34.0] [cxt 0] Processing packet received on port 1
[15:22:56.354] [bmv2] [D] [thread 17366] [34.0] [cxt 0] Parser 'parser': start
[15:22:56.354] [bmv2] [D] [thread 17366] [34.0] [cxt 0] Parser 'parser' entering state 'start'
[15:22:56.354] [bmv2] [D] [thread 17366] [34.0] [cxt 0] Extracting header 'ethernet'
[15:22:56.354] [bmv2] [D] [thread 17366] [34.0] [cxt 0] Extracting header 'ethernet'
[15:22:56.354] [bmv2] [D] [thread 17366] [34.0] [cxt 0] Parser state 'start': key is 0000
[15:22:56.354] [bmv2] [T] [thread 17366] [34.0] [cxt 0] Bytes parsed: 28
[15:22:56.354] [bmv2] [D] [thread 17366] [34.0] [cxt 0] Parser 'parser': end
[15:22:56.354] [bmv2] [D] [thread 17366] [34.0] [cxt 0] Pipeline 'ingress': start
[15:22:56.354] [bmv2] [T] [thread 17366] [34.0] [cxt 0] source_routing.p4(150) Condition "hdr.srcRoutes[0].isValid()" (node_2) is false
[15:22:56.354] [bmv2] [T] [thread 17366] [34.0] [cxt 0] Applying table 'tbl_drop'
[15:22:56.354] [bmv2] [D] [thread 17366] [34.0] [cxt 0] Looking up key:

[15:22:56.354] [bmv2] [D] [thread 17366] [34.0] [cxt 0] Table 'tbl_drop': miss
[15:22:56.354] [bmv2] [D] [thread 17366] [34.0] [cxt 0] Action entry is MyIngress.drop - 
[15:22:56.354] [bmv2] [T] [thread 17366] [34.0] [cxt 0] Action MyIngress.drop
[15:22:56.354] [bmv2] [T] [thread 17366] [34.0] [cxt 0] source_routing.p4(122) Primitive mark_to_drop(standard_metadata)
[15:22:56.354] [bmv2] [D] [thread 17366] [34.0] [cxt 0] Pipeline 'ingress': end
[15:22:56.354] [bmv2] [D] [thread 17366] [34.0] [cxt 0] Egress port is 511
[15:22:56.354] [bmv2] [D] [thread 17366] [34.0] [cxt 0] Dropping packet at the end of ingress
[15:22:56.354] [bmv2] [D] [thread 17366] [35.0] [cxt 0] Processing packet received on port 2
[15:22:56.354] [bmv2] [D] [thread 17366] [35.0] [cxt 0] Parser 'parser': start
[15:22:56.354] [bmv2] [D] [thread 17366] [35.0] [cxt 0] Parser 'parser' entering state 'start'
[15:22:56.354] [bmv2] [D] [thread 17366] [35.0] [cxt 0] Extracting header 'ethernet'
[15:22:56.354] [bmv2] [D] [thread 17366] [35.0] [cxt 0] Extracting header 'ethernet'
[15:22:56.354] [bmv2] [D] [thread 17366] [35.0] [cxt 0] Parser state 'start': key is 0000
[15:22:56.354] [bmv2] [T] [thread 17366] [35.0] [cxt 0] Bytes parsed: 28
[15:22:56.354] [bmv2] [D] [thread 17366] [35.0] [cxt 0] Parser 'parser': end
[15:22:56.354] [bmv2] [D] [thread 17366] [35.0] [cxt 0] Pipeline 'ingress': start
[15:22:56.354] [bmv2] [T] [thread 17366] [35.0] [cxt 0] source_routing.p4(150) Condition "hdr.srcRoutes[0].isValid()" (node_2) is false
[15:22:56.354] [bmv2] [T] [thread 17366] [35.0] [cxt 0] Applying table 'tbl_drop'
[15:22:56.354] [bmv2] [D] [thread 17366] [35.0] [cxt 0] Looking up key:

[15:22:56.354] [bmv2] [D] [thread 17366] [35.0] [cxt 0] Table 'tbl_drop': miss
[15:22:56.354] [bmv2] [D] [thread 17366] [35.0] [cxt 0] Action entry is MyIngress.drop - 
[15:22:56.354] [bmv2] [T] [thread 17366] [35.0] [cxt 0] Action MyIngress.drop
[15:22:56.354] [bmv2] [T] [thread 17366] [35.0] [cxt 0] source_routing.p4(122) Primitive mark_to_drop(standard_metadata)
[15:22:56.354] [bmv2] [D] [thread 17366] [35.0] [cxt 0] Pipeline 'ingress': end
[15:22:56.354] [bmv2] [D] [thread 17366] [35.0] [cxt 0] Egress port is 511
[15:22:56.354] [bmv2] [D] [thread 17366] [35.0] [cxt 0] Dropping packet at the end of ingress
[15:22:56.910] [bmv2] [D] [thread 17366] [36.0] [cxt 0] Processing packet received on port 2
[15:22:56.910] [bmv2] [D] [thread 17366] [36.0] [cxt 0] Parser 'parser': start
[15:22:56.910] [bmv2] [D] [thread 17366] [36.0] [cxt 0] Parser 'parser' entering state 'start'
[15:22:56.910] [bmv2] [D] [thread 17366] [36.0] [cxt 0] Extracting header 'ethernet'
[15:22:56.910] [bmv2] [D] [thread 17366] [36.0] [cxt 0] Extracting header 'ethernet'
[15:22:56.911] [bmv2] [D] [thread 17366] [36.0] [cxt 0] Parser state 'start': key is 0000
[15:22:56.911] [bmv2] [T] [thread 17366] [36.0] [cxt 0] Bytes parsed: 28
[15:22:56.911] [bmv2] [D] [thread 17366] [36.0] [cxt 0] Parser 'parser': end
[15:22:56.911] [bmv2] [D] [thread 17366] [36.0] [cxt 0] Pipeline 'ingress': start
[15:22:56.911] [bmv2] [T] [thread 17366] [36.0] [cxt 0] source_routing.p4(150) Condition "hdr.srcRoutes[0].isValid()" (node_2) is false
[15:22:56.911] [bmv2] [T] [thread 17366] [36.0] [cxt 0] Applying table 'tbl_drop'
[15:22:56.911] [bmv2] [D] [thread 17366] [36.0] [cxt 0] Looking up key:

[15:22:56.911] [bmv2] [D] [thread 17366] [36.0] [cxt 0] Table 'tbl_drop': miss
[15:22:56.911] [bmv2] [D] [thread 17366] [36.0] [cxt 0] Action entry is MyIngress.drop - 
[15:22:56.911] [bmv2] [T] [thread 17366] [36.0] [cxt 0] Action MyIngress.drop
[15:22:56.911] [bmv2] [T] [thread 17366] [36.0] [cxt 0] source_routing.p4(122) Primitive mark_to_drop(standard_metadata)
[15:22:56.911] [bmv2] [D] [thread 17366] [36.0] [cxt 0] Pipeline 'ingress': end
[15:22:56.911] [bmv2] [D] [thread 17366] [36.0] [cxt 0] Egress port is 511
[15:22:56.911] [bmv2] [D] [thread 17366] [36.0] [cxt 0] Dropping packet at the end of ingress
[15:22:57.028] [bmv2] [D] [thread 17366] [37.0] [cxt 0] Processing packet received on port 3
[15:22:57.028] [bmv2] [D] [thread 17366] [37.0] [cxt 0] Parser 'parser': start
[15:22:57.028] [bmv2] [D] [thread 17366] [37.0] [cxt 0] Parser 'parser' entering state 'start'
[15:22:57.028] [bmv2] [D] [thread 17366] [37.0] [cxt 0] Extracting header 'ethernet'
[15:22:57.028] [bmv2] [D] [thread 17366] [37.0] [cxt 0] Extracting header 'ethernet'
[15:22:57.028] [bmv2] [D] [thread 17366] [37.0] [cxt 0] Parser state 'start': key is 0000
[15:22:57.028] [bmv2] [T] [thread 17366] [37.0] [cxt 0] Bytes parsed: 28
[15:22:57.028] [bmv2] [D] [thread 17366] [37.0] [cxt 0] Parser 'parser': end
[15:22:57.028] [bmv2] [D] [thread 17366] [37.0] [cxt 0] Pipeline 'ingress': start
[15:22:57.028] [bmv2] [T] [thread 17366] [37.0] [cxt 0] source_routing.p4(150) Condition "hdr.srcRoutes[0].isValid()" (node_2) is false
[15:22:57.028] [bmv2] [T] [thread 17366] [37.0] [cxt 0] Applying table 'tbl_drop'
[15:22:57.028] [bmv2] [D] [thread 17366] [37.0] [cxt 0] Looking up key:

[15:22:57.028] [bmv2] [D] [thread 17366] [37.0] [cxt 0] Table 'tbl_drop': miss
[15:22:57.028] [bmv2] [D] [thread 17366] [37.0] [cxt 0] Action entry is MyIngress.drop - 
[15:22:57.028] [bmv2] [T] [thread 17366] [37.0] [cxt 0] Action MyIngress.drop
[15:22:57.028] [bmv2] [T] [thread 17366] [37.0] [cxt 0] source_routing.p4(122) Primitive mark_to_drop(standard_metadata)
[15:22:57.028] [bmv2] [D] [thread 17366] [37.0] [cxt 0] Pipeline 'ingress': end
[15:22:57.028] [bmv2] [D] [thread 17366] [37.0] [cxt 0] Egress port is 511
[15:22:57.028] [bmv2] [D] [thread 17366] [37.0] [cxt 0] Dropping packet at the end of ingress
[15:22:57.196] [bmv2] [D] [thread 17366] [38.0] [cxt 0] Processing packet received on port 3
[15:22:57.196] [bmv2] [D] [thread 17366] [38.0] [cxt 0] Parser 'parser': start
[15:22:57.196] [bmv2] [D] [thread 17366] [38.0] [cxt 0] Parser 'parser' entering state 'start'
[15:22:57.196] [bmv2] [D] [thread 17366] [38.0] [cxt 0] Extracting header 'ethernet'
[15:22:57.196] [bmv2] [D] [thread 17366] [38.0] [cxt 0] Extracting header 'ethernet'
[15:22:57.196] [bmv2] [D] [thread 17366] [38.0] [cxt 0] Parser state 'start': key is 0000
[15:22:57.196] [bmv2] [T] [thread 17366] [38.0] [cxt 0] Bytes parsed: 28
[15:22:57.196] [bmv2] [D] [thread 17366] [38.0] [cxt 0] Parser 'parser': end
[15:22:57.196] [bmv2] [D] [thread 17366] [38.0] [cxt 0] Pipeline 'ingress': start
[15:22:57.196] [bmv2] [T] [thread 17366] [38.0] [cxt 0] source_routing.p4(150) Condition "hdr.srcRoutes[0].isValid()" (node_2) is false
[15:22:57.196] [bmv2] [T] [thread 17366] [38.0] [cxt 0] Applying table 'tbl_drop'
[15:22:57.196] [bmv2] [D] [thread 17366] [38.0] [cxt 0] Looking up key:

[15:22:57.196] [bmv2] [D] [thread 17366] [38.0] [cxt 0] Table 'tbl_drop': miss
[15:22:57.196] [bmv2] [D] [thread 17366] [38.0] [cxt 0] Action entry is MyIngress.drop - 
[15:22:57.196] [bmv2] [T] [thread 17366] [38.0] [cxt 0] Action MyIngress.drop
[15:22:57.196] [bmv2] [T] [thread 17366] [38.0] [cxt 0] source_routing.p4(122) Primitive mark_to_drop(standard_metadata)
[15:22:57.196] [bmv2] [D] [thread 17366] [38.0] [cxt 0] Pipeline 'ingress': end
[15:22:57.196] [bmv2] [D] [thread 17366] [38.0] [cxt 0] Egress port is 511
[15:22:57.196] [bmv2] [D] [thread 17366] [38.0] [cxt 0] Dropping packet at the end of ingress
[15:22:57.320] [bmv2] [D] [thread 17366] [39.0] [cxt 0] Processing packet received on port 2
[15:22:57.320] [bmv2] [D] [thread 17366] [39.0] [cxt 0] Parser 'parser': start
[15:22:57.320] [bmv2] [D] [thread 17366] [39.0] [cxt 0] Parser 'parser' entering state 'start'
[15:22:57.320] [bmv2] [D] [thread 17366] [39.0] [cxt 0] Extracting header 'ethernet'
[15:22:57.320] [bmv2] [D] [thread 17366] [39.0] [cxt 0] Extracting header 'ethernet'
[15:22:57.320] [bmv2] [D] [thread 17366] [39.0] [cxt 0] Parser state 'start': key is 0000
[15:22:57.320] [bmv2] [T] [thread 17366] [39.0] [cxt 0] Bytes parsed: 28
[15:22:57.320] [bmv2] [D] [thread 17366] [39.0] [cxt 0] Parser 'parser': end
[15:22:57.320] [bmv2] [D] [thread 17366] [39.0] [cxt 0] Pipeline 'ingress': start
[15:22:57.320] [bmv2] [T] [thread 17366] [39.0] [cxt 0] source_routing.p4(150) Condition "hdr.srcRoutes[0].isValid()" (node_2) is false
[15:22:57.320] [bmv2] [T] [thread 17366] [39.0] [cxt 0] Applying table 'tbl_drop'
[15:22:57.320] [bmv2] [D] [thread 17366] [39.0] [cxt 0] Looking up key:

[15:22:57.320] [bmv2] [D] [thread 17366] [39.0] [cxt 0] Table 'tbl_drop': miss
[15:22:57.320] [bmv2] [D] [thread 17366] [39.0] [cxt 0] Action entry is MyIngress.drop - 
[15:22:57.320] [bmv2] [T] [thread 17366] [39.0] [cxt 0] Action MyIngress.drop
[15:22:57.320] [bmv2] [T] [thread 17366] [39.0] [cxt 0] source_routing.p4(122) Primitive mark_to_drop(standard_metadata)
[15:22:57.320] [bmv2] [D] [thread 17366] [39.0] [cxt 0] Pipeline 'ingress': end
[15:22:57.320] [bmv2] [D] [thread 17366] [39.0] [cxt 0] Egress port is 511
[15:22:57.320] [bmv2] [D] [thread 17366] [39.0] [cxt 0] Dropping packet at the end of ingress
[15:22:57.320] [bmv2] [D] [thread 17366] [40.0] [cxt 0] Processing packet received on port 3
[15:22:57.320] [bmv2] [D] [thread 17366] [40.0] [cxt 0] Parser 'parser': start
[15:22:57.320] [bmv2] [D] [thread 17366] [40.0] [cxt 0] Parser 'parser' entering state 'start'
[15:22:57.320] [bmv2] [D] [thread 17366] [40.0] [cxt 0] Extracting header 'ethernet'
[15:22:57.320] [bmv2] [D] [thread 17366] [40.0] [cxt 0] Extracting header 'ethernet'
[15:22:57.320] [bmv2] [D] [thread 17366] [40.0] [cxt 0] Parser state 'start': key is 0000
[15:22:57.320] [bmv2] [T] [thread 17366] [40.0] [cxt 0] Bytes parsed: 28
[15:22:57.320] [bmv2] [D] [thread 17366] [40.0] [cxt 0] Parser 'parser': end
[15:22:57.320] [bmv2] [D] [thread 17366] [40.0] [cxt 0] Pipeline 'ingress': start
[15:22:57.320] [bmv2] [T] [thread 17366] [40.0] [cxt 0] source_routing.p4(150) Condition "hdr.srcRoutes[0].isValid()" (node_2) is false
[15:22:57.320] [bmv2] [T] [thread 17366] [40.0] [cxt 0] Applying table 'tbl_drop'
[15:22:57.320] [bmv2] [D] [thread 17366] [40.0] [cxt 0] Looking up key:

[15:22:57.320] [bmv2] [D] [thread 17366] [40.0] [cxt 0] Table 'tbl_drop': miss
[15:22:57.320] [bmv2] [D] [thread 17366] [40.0] [cxt 0] Action entry is MyIngress.drop - 
[15:22:57.320] [bmv2] [T] [thread 17366] [40.0] [cxt 0] Action MyIngress.drop
[15:22:57.320] [bmv2] [T] [thread 17366] [40.0] [cxt 0] source_routing.p4(122) Primitive mark_to_drop(standard_metadata)
[15:22:57.320] [bmv2] [D] [thread 17366] [40.0] [cxt 0] Pipeline 'ingress': end
[15:22:57.320] [bmv2] [D] [thread 17366] [40.0] [cxt 0] Egress port is 511
[15:22:57.320] [bmv2] [D] [thread 17366] [40.0] [cxt 0] Dropping packet at the end of ingress
[15:22:57.572] [bmv2] [D] [thread 17366] [41.0] [cxt 0] Processing packet received on port 3
[15:22:57.572] [bmv2] [D] [thread 17366] [41.0] [cxt 0] Parser 'parser': start
[15:22:57.572] [bmv2] [D] [thread 17366] [41.0] [cxt 0] Parser 'parser' entering state 'start'
[15:22:57.572] [bmv2] [D] [thread 17366] [41.0] [cxt 0] Extracting header 'ethernet'
[15:22:57.572] [bmv2] [D] [thread 17366] [41.0] [cxt 0] Extracting header 'ethernet'
[15:22:57.572] [bmv2] [D] [thread 17366] [41.0] [cxt 0] Parser state 'start': key is 0000
[15:22:57.572] [bmv2] [T] [thread 17366] [41.0] [cxt 0] Bytes parsed: 28
[15:22:57.572] [bmv2] [D] [thread 17366] [41.0] [cxt 0] Parser 'parser': end
[15:22:57.572] [bmv2] [D] [thread 17366] [41.0] [cxt 0] Pipeline 'ingress': start
[15:22:57.572] [bmv2] [T] [thread 17366] [41.0] [cxt 0] source_routing.p4(150) Condition "hdr.srcRoutes[0].isValid()" (node_2) is false
[15:22:57.572] [bmv2] [T] [thread 17366] [41.0] [cxt 0] Applying table 'tbl_drop'
[15:22:57.572] [bmv2] [D] [thread 17366] [41.0] [cxt 0] Looking up key:

[15:22:57.573] [bmv2] [D] [thread 17366] [41.0] [cxt 0] Table 'tbl_drop': miss
[15:22:57.573] [bmv2] [D] [thread 17366] [41.0] [cxt 0] Action entry is MyIngress.drop - 
[15:22:57.573] [bmv2] [T] [thread 17366] [41.0] [cxt 0] Action MyIngress.drop
[15:22:57.573] [bmv2] [T] [thread 17366] [41.0] [cxt 0] source_routing.p4(122) Primitive mark_to_drop(standard_metadata)
[15:22:57.573] [bmv2] [D] [thread 17366] [41.0] [cxt 0] Pipeline 'ingress': end
[15:22:57.573] [bmv2] [D] [thread 17366] [41.0] [cxt 0] Egress port is 511
[15:22:57.573] [bmv2] [D] [thread 17366] [41.0] [cxt 0] Dropping packet at the end of ingress
