stratum_bmv2 -device_id=1 -chassis_config_file=/tmp/leaf2/chassis-config.txt -forwarding_pipeline_configs_file=/tmp/leaf2/pipe.txt -persistent_config_dir=/tmp/leaf2 -initial_pipeline=/root/dummy.json -cpu_port=255 -external_stratum_urls=0.0.0.0:50002 -local_stratum_url=localhost:37895 -max_num_controllers_per_node=10 -write_req_log_file=/tmp/leaf2/write-reqs.txt -logtosyslog=false -logtostderr=true -bmv2_log_level=warn

--------------------------------------------------------------------------------

E1020 21:23:53.571547    81 main.cc:121] Starting bmv2 simple_switch and waiting for P4 pipeline
W1020 21:23:53.612165    81 credentials_manager.cc:45] Using insecure server credentials
I1020 21:23:53.653668    81 timer_daemon.cc:90] The timer daemon has been started.
I1020 21:23:53.654481    81 hal.cc:128] Setting up HAL in COLDBOOT mode...
I1020 21:23:53.654747    81 config_monitoring_service.cc:90] Pushing the saved chassis config read from /tmp/leaf2/chassis-config.txt...
I1020 21:23:53.663344    81 bmv2_chassis_manager.cc:476] Registered port status callbacks successfully for node 1.
I1020 21:23:53.672025    81 bmv2_chassis_manager.cc:61] Adding port 1 to node 1
I1020 21:23:53.785658    81 bmv2_chassis_manager.cc:61] Adding port 2 to node 1
I1020 21:23:53.896133    81 bmv2_chassis_manager.cc:61] Adding port 3 to node 1
I1020 21:23:53.977025   137 bmv2_chassis_manager.cc:409] State of port 1 in node 1: UP.
I1020 21:23:53.984179   137 bmv2_chassis_manager.cc:409] State of port 2 in node 1: UP.
I1020 21:23:53.999965    81 p4_service.cc:119] Pushing the saved forwarding pipeline configs read from /tmp/leaf2/pipe.txt...
E1020 21:23:54.000233    81 utils.cc:109] StratumErrorSpace::ERR_FILE_NOT_FOUND: /tmp/leaf2/pipe.txt not found.
E1020 21:23:54.011279    81 utils.cc:65] Return Error: ReadFileToString(filename, &text) failed with StratumErrorSpace::ERR_FILE_NOT_FOUND: /tmp/leaf2/pipe.txt not found.
W1020 21:23:54.011431    81 p4_service.cc:128] No saved forwarding pipeline config found at /tmp/leaf2/pipe.txt. This is normal when the switch is just installed and no master controller is connected yet.
E1020 21:23:54.013821749      81 server_chttp2.cc:40]        {"created":"@1697837034.013784670","description":"Only 1 addresses added out of total 2 resolved","file":"external/com_github_grpc_grpc/src/core/ext/transport/chttp2/server/chttp2_server.cc","file_line":406,"referenced_errors":[{"created":"@1697837034.013781038","description":"Address family not supported by protocol","errno":97,"file":"external/com_github_grpc_grpc/src/core/lib/iomgr/socket_utils_common_posix.cc","file_line":420,"os_error":"Address family not supported by protocol","syscall":"socket","target_address":"[::1]:37895"}]}
E1020 21:23:54.014621    81 hal.cc:223] Stratum external facing services are listening to 0.0.0.0:50002, localhost:37895...
I1020 21:23:54.097215   137 bmv2_chassis_manager.cc:409] State of port 3 in node 1: UP.
