Calling target program-options parser
[20:55:28.996] [bmv2] [D] [thread 13849] Set default default entry for table 'MyIngress.ipv4_lpm': MyIngress.drop - 
[20:55:28.996] [bmv2] [D] [thread 13849] Set default default entry for table 'tbl_mark_ecn': MyEgress.mark_ecn - 
Adding interface s3-eth1 as port 1
[20:55:28.996] [bmv2] [D] [thread 13849] Adding interface s3-eth1 as port 1
Adding interface s3-eth2 as port 2
[20:55:29.026] [bmv2] [D] [thread 13849] Adding interface s3-eth2 as port 2
Adding interface s3-eth3 as port 3
[20:55:29.051] [bmv2] [D] [thread 13849] Adding interface s3-eth3 as port 3
Server listening on 0.0.0.0:50053
[20:55:29.065] [bmv2] [I] [thread 13849] Starting Thrift server on port 9092
[20:55:29.067] [bmv2] [I] [thread 13849] Thrift server was started
[20:55:29.089] [bmv2] [D] [thread 13860] [0.0] [cxt 0] Processing packet received on port 1
[20:55:29.089] [bmv2] [D] [thread 13860] [0.0] [cxt 0] Parser 'parser': start
[20:55:29.089] [bmv2] [D] [thread 13860] [0.0] [cxt 0] Parser 'parser' entering state 'start'
[20:55:29.089] [bmv2] [D] [thread 13860] [0.0] [cxt 0] Extracting header 'ethernet'
[20:55:29.089] [bmv2] [D] [thread 13860] [0.0] [cxt 0] Parser state 'start': key is 86dd
[20:55:29.089] [bmv2] [T] [thread 13860] [0.0] [cxt 0] Bytes parsed: 14
[20:55:29.089] [bmv2] [D] [thread 13860] [0.0] [cxt 0] Parser 'parser': end
[20:55:29.089] [bmv2] [D] [thread 13860] [0.0] [cxt 0] Pipeline 'ingress': start
[20:55:29.089] [bmv2] [T] [thread 13860] [0.0] [cxt 0] ecn.p4(123) Condition "hdr.ipv4.isValid()" (node_2) is false
[20:55:29.089] [bmv2] [D] [thread 13860] [0.0] [cxt 0] Pipeline 'ingress': end
[20:55:29.089] [bmv2] [D] [thread 13860] [0.0] [cxt 0] Egress port is 0
[20:55:29.090] [bmv2] [D] [thread 13861] [0.0] [cxt 0] Pipeline 'egress': start
[20:55:29.090] [bmv2] [T] [thread 13861] [0.0] [cxt 0] ecn.p4(148) Condition "hdr.ipv4.ecn == 1 || hdr.ipv4.ecn == 2" (node_6) is false
[20:55:29.090] [bmv2] [D] [thread 13861] [0.0] [cxt 0] Pipeline 'egress': end
[20:55:29.090] [bmv2] [D] [thread 13861] [0.0] [cxt 0] Deparser 'deparser': start
[20:55:29.090] [bmv2] [T] [thread 13861] [0.0] [cxt 0] Skipping checksum 'cksum' update because condition not met
[20:55:29.090] [bmv2] [D] [thread 13861] [0.0] [cxt 0] Deparsing header 'ethernet'
[20:55:29.090] [bmv2] [D] [thread 13861] [0.0] [cxt 0] Deparser 'deparser': end
[20:55:29.090] [bmv2] [D] [thread 13865] [0.0] [cxt 0] Transmitting packet of size 208 out of port 0
[20:55:29.114] [bmv2] [D] [thread 13860] [1.0] [cxt 0] Processing packet received on port 2
[20:55:29.114] [bmv2] [D] [thread 13860] [1.0] [cxt 0] Parser 'parser': start
[20:55:29.114] [bmv2] [D] [thread 13860] [1.0] [cxt 0] Parser 'parser' entering state 'start'
[20:55:29.114] [bmv2] [D] [thread 13860] [1.0] [cxt 0] Extracting header 'ethernet'
[20:55:29.114] [bmv2] [D] [thread 13860] [1.0] [cxt 0] Parser state 'start': key is 86dd
[20:55:29.114] [bmv2] [T] [thread 13860] [1.0] [cxt 0] Bytes parsed: 14
[20:55:29.114] [bmv2] [D] [thread 13860] [1.0] [cxt 0] Parser 'parser': end
[20:55:29.114] [bmv2] [D] [thread 13860] [1.0] [cxt 0] Pipeline 'ingress': start
[20:55:29.114] [bmv2] [T] [thread 13860] [1.0] [cxt 0] ecn.p4(123) Condition "hdr.ipv4.isValid()" (node_2) is false
[20:55:29.114] [bmv2] [D] [thread 13860] [1.0] [cxt 0] Pipeline 'ingress': end
[20:55:29.114] [bmv2] [D] [thread 13860] [1.0] [cxt 0] Egress port is 0
[20:55:29.115] [bmv2] [D] [thread 13861] [1.0] [cxt 0] Pipeline 'egress': start
[20:55:29.115] [bmv2] [T] [thread 13861] [1.0] [cxt 0] ecn.p4(148) Condition "hdr.ipv4.ecn == 1 || hdr.ipv4.ecn == 2" (node_6) is false
[20:55:29.115] [bmv2] [D] [thread 13861] [1.0] [cxt 0] Pipeline 'egress': end
[20:55:29.115] [bmv2] [D] [thread 13861] [1.0] [cxt 0] Deparser 'deparser': start
[20:55:29.115] [bmv2] [T] [thread 13861] [1.0] [cxt 0] Skipping checksum 'cksum' update because condition not met
[20:55:29.115] [bmv2] [D] [thread 13861] [1.0] [cxt 0] Deparsing header 'ethernet'
[20:55:29.115] [bmv2] [D] [thread 13861] [1.0] [cxt 0] Deparser 'deparser': end
[20:55:29.115] [bmv2] [D] [thread 13865] [1.0] [cxt 0] Transmitting packet of size 208 out of port 0
[20:55:29.121] [bmv2] [D] [thread 13860] [2.0] [cxt 0] Processing packet received on port 1
[20:55:29.121] [bmv2] [D] [thread 13860] [2.0] [cxt 0] Parser 'parser': start
[20:55:29.121] [bmv2] [D] [thread 13860] [2.0] [cxt 0] Parser 'parser' entering state 'start'
[20:55:29.121] [bmv2] [D] [thread 13860] [2.0] [cxt 0] Extracting header 'ethernet'
[20:55:29.121] [bmv2] [D] [thread 13860] [2.0] [cxt 0] Parser state 'start': key is 86dd
[20:55:29.121] [bmv2] [T] [thread 13860] [2.0] [cxt 0] Bytes parsed: 14
[20:55:29.121] [bmv2] [D] [thread 13860] [2.0] [cxt 0] Parser 'parser': end
[20:55:29.121] [bmv2] [D] [thread 13860] [2.0] [cxt 0] Pipeline 'ingress': start
[20:55:29.121] [bmv2] [T] [thread 13860] [2.0] [cxt 0] ecn.p4(123) Condition "hdr.ipv4.isValid()" (node_2) is false
[20:55:29.121] [bmv2] [D] [thread 13860] [2.0] [cxt 0] Pipeline 'ingress': end
[20:55:29.121] [bmv2] [D] [thread 13860] [2.0] [cxt 0] Egress port is 0
[20:55:29.121] [bmv2] [D] [thread 13861] [2.0] [cxt 0] Pipeline 'egress': start
[20:55:29.121] [bmv2] [T] [thread 13861] [2.0] [cxt 0] ecn.p4(148) Condition "hdr.ipv4.ecn == 1 || hdr.ipv4.ecn == 2" (node_6) is false
[20:55:29.121] [bmv2] [D] [thread 13861] [2.0] [cxt 0] Pipeline 'egress': end
[20:55:29.121] [bmv2] [D] [thread 13861] [2.0] [cxt 0] Deparser 'deparser': start
[20:55:29.121] [bmv2] [T] [thread 13861] [2.0] [cxt 0] Skipping checksum 'cksum' update because condition not met
[20:55:29.121] [bmv2] [D] [thread 13861] [2.0] [cxt 0] Deparsing header 'ethernet'
[20:55:29.121] [bmv2] [D] [thread 13861] [2.0] [cxt 0] Deparser 'deparser': end
[20:55:29.121] [bmv2] [D] [thread 13865] [2.0] [cxt 0] Transmitting packet of size 110 out of port 0
[20:55:29.186] [bmv2] [D] [thread 13860] [3.0] [cxt 0] Processing packet received on port 3
[20:55:29.186] [bmv2] [D] [thread 13860] [3.0] [cxt 0] Parser 'parser': start
[20:55:29.186] [bmv2] [D] [thread 13860] [3.0] [cxt 0] Parser 'parser' entering state 'start'
[20:55:29.186] [bmv2] [D] [thread 13860] [3.0] [cxt 0] Extracting header 'ethernet'
[20:55:29.186] [bmv2] [D] [thread 13860] [3.0] [cxt 0] Parser state 'start': key is 86dd
[20:55:29.186] [bmv2] [T] [thread 13860] [3.0] [cxt 0] Bytes parsed: 14
[20:55:29.186] [bmv2] [D] [thread 13860] [3.0] [cxt 0] Parser 'parser': end
[20:55:29.186] [bmv2] [D] [thread 13860] [3.0] [cxt 0] Pipeline 'ingress': start
[20:55:29.186] [bmv2] [T] [thread 13860] [3.0] [cxt 0] ecn.p4(123) Condition "hdr.ipv4.isValid()" (node_2) is false
[20:55:29.186] [bmv2] [D] [thread 13860] [3.0] [cxt 0] Pipeline 'ingress': end
[20:55:29.186] [bmv2] [D] [thread 13860] [3.0] [cxt 0] Egress port is 0
[20:55:29.187] [bmv2] [D] [thread 13861] [3.0] [cxt 0] Pipeline 'egress': start
[20:55:29.187] [bmv2] [T] [thread 13861] [3.0] [cxt 0] ecn.p4(148) Condition "hdr.ipv4.ecn == 1 || hdr.ipv4.ecn == 2" (node_6) is false
[20:55:29.187] [bmv2] [D] [thread 13861] [3.0] [cxt 0] Pipeline 'egress': end
[20:55:29.188] [bmv2] [D] [thread 13861] [3.0] [cxt 0] Deparser 'deparser': start
[20:55:29.188] [bmv2] [T] [thread 13861] [3.0] [cxt 0] Skipping checksum 'cksum' update because condition not met
[20:55:29.188] [bmv2] [D] [thread 13861] [3.0] [cxt 0] Deparsing header 'ethernet'
[20:55:29.188] [bmv2] [D] [thread 13861] [3.0] [cxt 0] Deparser 'deparser': end
[20:55:29.188] [bmv2] [D] [thread 13865] [3.0] [cxt 0] Transmitting packet of size 90 out of port 0
[20:55:29.208] [bmv2] [D] [thread 13860] [4.0] [cxt 0] Processing packet received on port 3
[20:55:29.208] [bmv2] [D] [thread 13860] [4.0] [cxt 0] Parser 'parser': start
[20:55:29.208] [bmv2] [D] [thread 13860] [4.0] [cxt 0] Parser 'parser' entering state 'start'
[20:55:29.209] [bmv2] [D] [thread 13860] [4.0] [cxt 0] Extracting header 'ethernet'
[20:55:29.209] [bmv2] [D] [thread 13860] [4.0] [cxt 0] Parser state 'start': key is 86dd
[20:55:29.209] [bmv2] [T] [thread 13860] [4.0] [cxt 0] Bytes parsed: 14
[20:55:29.209] [bmv2] [D] [thread 13860] [4.0] [cxt 0] Parser 'parser': end
[20:55:29.209] [bmv2] [D] [thread 13860] [4.0] [cxt 0] Pipeline 'ingress': start
[20:55:29.209] [bmv2] [T] [thread 13860] [4.0] [cxt 0] ecn.p4(123) Condition "hdr.ipv4.isValid()" (node_2) is false
[20:55:29.209] [bmv2] [D] [thread 13860] [4.0] [cxt 0] Pipeline 'ingress': end
[20:55:29.209] [bmv2] [D] [thread 13860] [4.0] [cxt 0] Egress port is 0
[20:55:29.210] [bmv2] [D] [thread 13861] [4.0] [cxt 0] Pipeline 'egress': start
[20:55:29.210] [bmv2] [T] [thread 13861] [4.0] [cxt 0] ecn.p4(148) Condition "hdr.ipv4.ecn == 1 || hdr.ipv4.ecn == 2" (node_6) is false
[20:55:29.210] [bmv2] [D] [thread 13861] [4.0] [cxt 0] Pipeline 'egress': end
[20:55:29.210] [bmv2] [D] [thread 13861] [4.0] [cxt 0] Deparser 'deparser': start
[20:55:29.210] [bmv2] [T] [thread 13861] [4.0] [cxt 0] Skipping checksum 'cksum' update because condition not met
[20:55:29.210] [bmv2] [D] [thread 13861] [4.0] [cxt 0] Deparsing header 'ethernet'
[20:55:29.210] [bmv2] [D] [thread 13861] [4.0] [cxt 0] Deparser 'deparser': end
[20:55:29.210] [bmv2] [D] [thread 13865] [4.0] [cxt 0] Transmitting packet of size 208 out of port 0
[20:55:29.250] [bmv2] [D] [thread 13860] [5.0] [cxt 0] Processing packet received on port 2
[20:55:29.250] [bmv2] [D] [thread 13860] [5.0] [cxt 0] Parser 'parser': start
[20:55:29.250] [bmv2] [D] [thread 13860] [5.0] [cxt 0] Parser 'parser' entering state 'start'
[20:55:29.250] [bmv2] [D] [thread 13860] [5.0] [cxt 0] Extracting header 'ethernet'
[20:55:29.250] [bmv2] [D] [thread 13860] [5.0] [cxt 0] Parser state 'start': key is 86dd
[20:55:29.250] [bmv2] [T] [thread 13860] [5.0] [cxt 0] Bytes parsed: 14
[20:55:29.250] [bmv2] [D] [thread 13860] [5.0] [cxt 0] Parser 'parser': end
[20:55:29.250] [bmv2] [D] [thread 13860] [5.0] [cxt 0] Pipeline 'ingress': start
[20:55:29.250] [bmv2] [T] [thread 13860] [5.0] [cxt 0] ecn.p4(123) Condition "hdr.ipv4.isValid()" (node_2) is false
[20:55:29.250] [bmv2] [D] [thread 13860] [5.0] [cxt 0] Pipeline 'ingress': end
[20:55:29.250] [bmv2] [D] [thread 13860] [5.0] [cxt 0] Egress port is 0
[20:55:29.252] [bmv2] [D] [thread 13861] [5.0] [cxt 0] Pipeline 'egress': start
[20:55:29.252] [bmv2] [T] [thread 13861] [5.0] [cxt 0] ecn.p4(148) Condition "hdr.ipv4.ecn == 1 || hdr.ipv4.ecn == 2" (node_6) is false
[20:55:29.252] [bmv2] [D] [thread 13861] [5.0] [cxt 0] Pipeline 'egress': end
[20:55:29.252] [bmv2] [D] [thread 13861] [5.0] [cxt 0] Deparser 'deparser': start
[20:55:29.252] [bmv2] [T] [thread 13861] [5.0] [cxt 0] Skipping checksum 'cksum' update because condition not met
[20:55:29.252] [bmv2] [D] [thread 13861] [5.0] [cxt 0] Deparsing header 'ethernet'
[20:55:29.252] [bmv2] [D] [thread 13861] [5.0] [cxt 0] Deparser 'deparser': end
[20:55:29.252] [bmv2] [D] [thread 13865] [5.0] [cxt 0] Transmitting packet of size 208 out of port 0
[20:55:29.257] [bmv2] [D] [thread 13860] [6.0] [cxt 0] Processing packet received on port 3
[20:55:29.258] [bmv2] [D] [thread 13860] [6.0] [cxt 0] Parser 'parser': start
[20:55:29.258] [bmv2] [D] [thread 13860] [6.0] [cxt 0] Parser 'parser' entering state 'start'
[20:55:29.258] [bmv2] [D] [thread 13860] [6.0] [cxt 0] Extracting header 'ethernet'
[20:55:29.258] [bmv2] [D] [thread 13860] [6.0] [cxt 0] Parser state 'start': key is 86dd
[20:55:29.258] [bmv2] [T] [thread 13860] [6.0] [cxt 0] Bytes parsed: 14
[20:55:29.258] [bmv2] [D] [thread 13860] [6.0] [cxt 0] Parser 'parser': end
[20:55:29.258] [bmv2] [D] [thread 13860] [6.0] [cxt 0] Pipeline 'ingress': start
[20:55:29.258] [bmv2] [T] [thread 13860] [6.0] [cxt 0] ecn.p4(123) Condition "hdr.ipv4.isValid()" (node_2) is false
[20:55:29.258] [bmv2] [D] [thread 13860] [6.0] [cxt 0] Pipeline 'ingress': end
[20:55:29.258] [bmv2] [D] [thread 13860] [6.0] [cxt 0] Egress port is 0
[20:55:29.259] [bmv2] [D] [thread 13861] [6.0] [cxt 0] Pipeline 'egress': start
[20:55:29.259] [bmv2] [T] [thread 13861] [6.0] [cxt 0] ecn.p4(148) Condition "hdr.ipv4.ecn == 1 || hdr.ipv4.ecn == 2" (node_6) is false
[20:55:29.259] [bmv2] [D] [thread 13861] [6.0] [cxt 0] Pipeline 'egress': end
[20:55:29.259] [bmv2] [D] [thread 13861] [6.0] [cxt 0] Deparser 'deparser': start
[20:55:29.259] [bmv2] [T] [thread 13861] [6.0] [cxt 0] Skipping checksum 'cksum' update because condition not met
[20:55:29.259] [bmv2] [D] [thread 13861] [6.0] [cxt 0] Deparsing header 'ethernet'
[20:55:29.259] [bmv2] [D] [thread 13861] [6.0] [cxt 0] Deparser 'deparser': end
[20:55:29.259] [bmv2] [D] [thread 13865] [6.0] [cxt 0] Transmitting packet of size 208 out of port 0
[20:55:29.288] [bmv2] [D] [thread 13860] [7.0] [cxt 0] Processing packet received on port 1
[20:55:29.288] [bmv2] [D] [thread 13860] [7.0] [cxt 0] Parser 'parser': start
[20:55:29.288] [bmv2] [D] [thread 13860] [7.0] [cxt 0] Parser 'parser' entering state 'start'
[20:55:29.288] [bmv2] [D] [thread 13860] [7.0] [cxt 0] Extracting header 'ethernet'
[20:55:29.288] [bmv2] [D] [thread 13860] [7.0] [cxt 0] Parser state 'start': key is 86dd
[20:55:29.288] [bmv2] [T] [thread 13860] [7.0] [cxt 0] Bytes parsed: 14
[20:55:29.288] [bmv2] [D] [thread 13860] [7.0] [cxt 0] Parser 'parser': end
[20:55:29.288] [bmv2] [D] [thread 13860] [7.0] [cxt 0] Pipeline 'ingress': start
[20:55:29.288] [bmv2] [T] [thread 13860] [7.0] [cxt 0] ecn.p4(123) Condition "hdr.ipv4.isValid()" (node_2) is false
[20:55:29.288] [bmv2] [D] [thread 13860] [7.0] [cxt 0] Pipeline 'ingress': end
[20:55:29.288] [bmv2] [D] [thread 13860] [7.0] [cxt 0] Egress port is 0
[20:55:29.288] [bmv2] [D] [thread 13861] [7.0] [cxt 0] Pipeline 'egress': start
[20:55:29.288] [bmv2] [T] [thread 13861] [7.0] [cxt 0] ecn.p4(148) Condition "hdr.ipv4.ecn == 1 || hdr.ipv4.ecn == 2" (node_6) is false
[20:55:29.288] [bmv2] [D] [thread 13861] [7.0] [cxt 0] Pipeline 'egress': end
[20:55:29.288] [bmv2] [D] [thread 13861] [7.0] [cxt 0] Deparser 'deparser': start
[20:55:29.288] [bmv2] [T] [thread 13861] [7.0] [cxt 0] Skipping checksum 'cksum' update because condition not met
[20:55:29.288] [bmv2] [D] [thread 13861] [7.0] [cxt 0] Deparsing header 'ethernet'
[20:55:29.288] [bmv2] [D] [thread 13861] [7.0] [cxt 0] Deparser 'deparser': end
[20:55:29.289] [bmv2] [D] [thread 13865] [7.0] [cxt 0] Transmitting packet of size 196 out of port 0
[20:55:29.318] [bmv2] [D] [thread 13860] [8.0] [cxt 0] Processing packet received on port 3
[20:55:29.318] [bmv2] [D] [thread 13860] [8.0] [cxt 0] Parser 'parser': start
[20:55:29.318] [bmv2] [D] [thread 13860] [8.0] [cxt 0] Parser 'parser' entering state 'start'
[20:55:29.318] [bmv2] [D] [thread 13860] [8.0] [cxt 0] Extracting header 'ethernet'
[20:55:29.318] [bmv2] [D] [thread 13860] [8.0] [cxt 0] Parser state 'start': key is 86dd
[20:55:29.318] [bmv2] [T] [thread 13860] [8.0] [cxt 0] Bytes parsed: 14
[20:55:29.318] [bmv2] [D] [thread 13860] [8.0] [cxt 0] Parser 'parser': end
[20:55:29.318] [bmv2] [D] [thread 13860] [8.0] [cxt 0] Pipeline 'ingress': start
[20:55:29.318] [bmv2] [T] [thread 13860] [8.0] [cxt 0] ecn.p4(123) Condition "hdr.ipv4.isValid()" (node_2) is false
[20:55:29.318] [bmv2] [D] [thread 13860] [8.0] [cxt 0] Pipeline 'ingress': end
[20:55:29.318] [bmv2] [D] [thread 13860] [8.0] [cxt 0] Egress port is 0
[20:55:29.319] [bmv2] [D] [thread 13861] [8.0] [cxt 0] Pipeline 'egress': start
[20:55:29.319] [bmv2] [T] [thread 13861] [8.0] [cxt 0] ecn.p4(148) Condition "hdr.ipv4.ecn == 1 || hdr.ipv4.ecn == 2" (node_6) is false
[20:55:29.319] [bmv2] [D] [thread 13861] [8.0] [cxt 0] Pipeline 'egress': end
[20:55:29.319] [bmv2] [D] [thread 13861] [8.0] [cxt 0] Deparser 'deparser': start
[20:55:29.319] [bmv2] [T] [thread 13861] [8.0] [cxt 0] Skipping checksum 'cksum' update because condition not met
[20:55:29.319] [bmv2] [D] [thread 13861] [8.0] [cxt 0] Deparsing header 'ethernet'
[20:55:29.319] [bmv2] [D] [thread 13861] [8.0] [cxt 0] Deparser 'deparser': end
[20:55:29.319] [bmv2] [D] [thread 13865] [8.0] [cxt 0] Transmitting packet of size 110 out of port 0
[20:55:29.351] [bmv2] [D] [thread 13860] [9.0] [cxt 0] Processing packet received on port 2
[20:55:29.351] [bmv2] [D] [thread 13860] [9.0] [cxt 0] Parser 'parser': start
[20:55:29.351] [bmv2] [D] [thread 13860] [9.0] [cxt 0] Parser 'parser' entering state 'start'
[20:55:29.351] [bmv2] [D] [thread 13860] [9.0] [cxt 0] Extracting header 'ethernet'
[20:55:29.351] [bmv2] [D] [thread 13860] [9.0] [cxt 0] Parser state 'start': key is 86dd
[20:55:29.351] [bmv2] [T] [thread 13860] [9.0] [cxt 0] Bytes parsed: 14
[20:55:29.351] [bmv2] [D] [thread 13860] [9.0] [cxt 0] Parser 'parser': end
[20:55:29.351] [bmv2] [D] [thread 13860] [9.0] [cxt 0] Pipeline 'ingress': start
[20:55:29.351] [bmv2] [T] [thread 13860] [9.0] [cxt 0] ecn.p4(123) Condition "hdr.ipv4.isValid()" (node_2) is false
[20:55:29.351] [bmv2] [D] [thread 13860] [9.0] [cxt 0] Pipeline 'ingress': end
[20:55:29.351] [bmv2] [D] [thread 13860] [9.0] [cxt 0] Egress port is 0
[20:55:29.352] [bmv2] [D] [thread 13861] [9.0] [cxt 0] Pipeline 'egress': start
[20:55:29.352] [bmv2] [T] [thread 13861] [9.0] [cxt 0] ecn.p4(148) Condition "hdr.ipv4.ecn == 1 || hdr.ipv4.ecn == 2" (node_6) is false
[20:55:29.352] [bmv2] [D] [thread 13861] [9.0] [cxt 0] Pipeline 'egress': end
[20:55:29.352] [bmv2] [D] [thread 13861] [9.0] [cxt 0] Deparser 'deparser': start
[20:55:29.352] [bmv2] [T] [thread 13861] [9.0] [cxt 0] Skipping checksum 'cksum' update because condition not met
[20:55:29.352] [bmv2] [D] [thread 13861] [9.0] [cxt 0] Deparsing header 'ethernet'
[20:55:29.352] [bmv2] [D] [thread 13861] [9.0] [cxt 0] Deparser 'deparser': end
[20:55:29.352] [bmv2] [D] [thread 13865] [9.0] [cxt 0] Transmitting packet of size 90 out of port 0
[20:55:29.366] [bmv2] [D] [thread 13860] [10.0] [cxt 0] Processing packet received on port 2
[20:55:29.366] [bmv2] [D] [thread 13860] [10.0] [cxt 0] Parser 'parser': start
[20:55:29.366] [bmv2] [D] [thread 13860] [10.0] [cxt 0] Parser 'parser' entering state 'start'
[20:55:29.366] [bmv2] [D] [thread 13860] [10.0] [cxt 0] Extracting header 'ethernet'
[20:55:29.366] [bmv2] [D] [thread 13860] [10.0] [cxt 0] Parser state 'start': key is 86dd
[20:55:29.366] [bmv2] [T] [thread 13860] [10.0] [cxt 0] Bytes parsed: 14
[20:55:29.366] [bmv2] [D] [thread 13860] [10.0] [cxt 0] Parser 'parser': end
[20:55:29.366] [bmv2] [D] [thread 13860] [10.0] [cxt 0] Pipeline 'ingress': start
[20:55:29.366] [bmv2] [T] [thread 13860] [10.0] [cxt 0] ecn.p4(123) Condition "hdr.ipv4.isValid()" (node_2) is false
[20:55:29.366] [bmv2] [D] [thread 13860] [10.0] [cxt 0] Pipeline 'ingress': end
[20:55:29.366] [bmv2] [D] [thread 13860] [10.0] [cxt 0] Egress port is 0
[20:55:29.367] [bmv2] [D] [thread 13861] [10.0] [cxt 0] Pipeline 'egress': start
[20:55:29.367] [bmv2] [T] [thread 13861] [10.0] [cxt 0] ecn.p4(148) Condition "hdr.ipv4.ecn == 1 || hdr.ipv4.ecn == 2" (node_6) is false
[20:55:29.367] [bmv2] [D] [thread 13861] [10.0] [cxt 0] Pipeline 'egress': end
[20:55:29.367] [bmv2] [D] [thread 13861] [10.0] [cxt 0] Deparser 'deparser': start
[20:55:29.367] [bmv2] [T] [thread 13861] [10.0] [cxt 0] Skipping checksum 'cksum' update because condition not met
[20:55:29.367] [bmv2] [D] [thread 13861] [10.0] [cxt 0] Deparsing header 'ethernet'
[20:55:29.367] [bmv2] [D] [thread 13861] [10.0] [cxt 0] Deparser 'deparser': end
[20:55:29.367] [bmv2] [D] [thread 13865] [10.0] [cxt 0] Transmitting packet of size 208 out of port 0
[20:55:29.406] [bmv2] [D] [thread 13860] [11.0] [cxt 0] Processing packet received on port 3
[20:55:29.406] [bmv2] [D] [thread 13860] [11.0] [cxt 0] Parser 'parser': start
[20:55:29.406] [bmv2] [D] [thread 13860] [11.0] [cxt 0] Parser 'parser' entering state 'start'
[20:55:29.406] [bmv2] [D] [thread 13860] [11.0] [cxt 0] Extracting header 'ethernet'
[20:55:29.406] [bmv2] [D] [thread 13860] [11.0] [cxt 0] Parser state 'start': key is 86dd
[20:55:29.406] [bmv2] [T] [thread 13860] [11.0] [cxt 0] Bytes parsed: 14
[20:55:29.406] [bmv2] [D] [thread 13860] [11.0] [cxt 0] Parser 'parser': end
[20:55:29.406] [bmv2] [D] [thread 13860] [11.0] [cxt 0] Pipeline 'ingress': start
[20:55:29.406] [bmv2] [T] [thread 13860] [11.0] [cxt 0] ecn.p4(123) Condition "hdr.ipv4.isValid()" (node_2) is false
[20:55:29.406] [bmv2] [D] [thread 13860] [11.0] [cxt 0] Pipeline 'ingress': end
[20:55:29.406] [bmv2] [D] [thread 13860] [11.0] [cxt 0] Egress port is 0
[20:55:29.406] [bmv2] [D] [thread 13861] [11.0] [cxt 0] Pipeline 'egress': start
[20:55:29.406] [bmv2] [T] [thread 13861] [11.0] [cxt 0] ecn.p4(148) Condition "hdr.ipv4.ecn == 1 || hdr.ipv4.ecn == 2" (node_6) is false
[20:55:29.406] [bmv2] [D] [thread 13861] [11.0] [cxt 0] Pipeline 'egress': end
[20:55:29.406] [bmv2] [D] [thread 13861] [11.0] [cxt 0] Deparser 'deparser': start
[20:55:29.406] [bmv2] [T] [thread 13861] [11.0] [cxt 0] Skipping checksum 'cksum' update because condition not met
[20:55:29.406] [bmv2] [D] [thread 13861] [11.0] [cxt 0] Deparsing header 'ethernet'
[20:55:29.406] [bmv2] [D] [thread 13861] [11.0] [cxt 0] Deparser 'deparser': end
[20:55:29.407] [bmv2] [D] [thread 13865] [11.0] [cxt 0] Transmitting packet of size 196 out of port 0
[20:55:29.473] [bmv2] [D] [thread 13860] [12.0] [cxt 0] Processing packet received on port 3
[20:55:29.473] [bmv2] [D] [thread 13860] [12.0] [cxt 0] Parser 'parser': start
[20:55:29.473] [bmv2] [D] [thread 13860] [12.0] [cxt 0] Parser 'parser' entering state 'start'
[20:55:29.473] [bmv2] [D] [thread 13860] [12.0] [cxt 0] Extracting header 'ethernet'
[20:55:29.473] [bmv2] [D] [thread 13860] [12.0] [cxt 0] Parser state 'start': key is 86dd
[20:55:29.473] [bmv2] [T] [thread 13860] [12.0] [cxt 0] Bytes parsed: 14
[20:55:29.473] [bmv2] [D] [thread 13860] [12.0] [cxt 0] Parser 'parser': end
[20:55:29.473] [bmv2] [D] [thread 13860] [12.0] [cxt 0] Pipeline 'ingress': start
[20:55:29.473] [bmv2] [T] [thread 13860] [12.0] [cxt 0] ecn.p4(123) Condition "hdr.ipv4.isValid()" (node_2) is false
[20:55:29.473] [bmv2] [D] [thread 13860] [12.0] [cxt 0] Pipeline 'ingress': end
[20:55:29.473] [bmv2] [D] [thread 13860] [12.0] [cxt 0] Egress port is 0
[20:55:29.474] [bmv2] [D] [thread 13861] [12.0] [cxt 0] Pipeline 'egress': start
[20:55:29.474] [bmv2] [T] [thread 13861] [12.0] [cxt 0] ecn.p4(148) Condition "hdr.ipv4.ecn == 1 || hdr.ipv4.ecn == 2" (node_6) is false
[20:55:29.474] [bmv2] [D] [thread 13861] [12.0] [cxt 0] Pipeline 'egress': end
[20:55:29.474] [bmv2] [D] [thread 13861] [12.0] [cxt 0] Deparser 'deparser': start
[20:55:29.474] [bmv2] [T] [thread 13861] [12.0] [cxt 0] Skipping checksum 'cksum' update because condition not met
[20:55:29.474] [bmv2] [D] [thread 13861] [12.0] [cxt 0] Deparsing header 'ethernet'
[20:55:29.474] [bmv2] [D] [thread 13861] [12.0] [cxt 0] Deparser 'deparser': end
[20:55:29.474] [bmv2] [D] [thread 13865] [12.0] [cxt 0] Transmitting packet of size 90 out of port 0
[20:55:29.485] [bmv2] [D] [thread 13860] [13.0] [cxt 0] Processing packet received on port 2
[20:55:29.485] [bmv2] [D] [thread 13860] [13.0] [cxt 0] Parser 'parser': start
[20:55:29.485] [bmv2] [D] [thread 13860] [13.0] [cxt 0] Parser 'parser' entering state 'start'
[20:55:29.485] [bmv2] [D] [thread 13860] [13.0] [cxt 0] Extracting header 'ethernet'
[20:55:29.485] [bmv2] [D] [thread 13860] [13.0] [cxt 0] Parser state 'start': key is 86dd
[20:55:29.485] [bmv2] [T] [thread 13860] [13.0] [cxt 0] Bytes parsed: 14
[20:55:29.485] [bmv2] [D] [thread 13860] [13.0] [cxt 0] Parser 'parser': end
[20:55:29.485] [bmv2] [D] [thread 13860] [13.0] [cxt 0] Pipeline 'ingress': start
[20:55:29.485] [bmv2] [T] [thread 13860] [13.0] [cxt 0] ecn.p4(123) Condition "hdr.ipv4.isValid()" (node_2) is false
[20:55:29.485] [bmv2] [D] [thread 13860] [13.0] [cxt 0] Pipeline 'ingress': end
[20:55:29.485] [bmv2] [D] [thread 13860] [13.0] [cxt 0] Egress port is 0
[20:55:29.485] [bmv2] [D] [thread 13861] [13.0] [cxt 0] Pipeline 'egress': start
[20:55:29.485] [bmv2] [T] [thread 13861] [13.0] [cxt 0] ecn.p4(148) Condition "hdr.ipv4.ecn == 1 || hdr.ipv4.ecn == 2" (node_6) is false
[20:55:29.485] [bmv2] [D] [thread 13861] [13.0] [cxt 0] Pipeline 'egress': end
[20:55:29.485] [bmv2] [D] [thread 13861] [13.0] [cxt 0] Deparser 'deparser': start
[20:55:29.485] [bmv2] [T] [thread 13861] [13.0] [cxt 0] Skipping checksum 'cksum' update because condition not met
[20:55:29.485] [bmv2] [D] [thread 13861] [13.0] [cxt 0] Deparsing header 'ethernet'
[20:55:29.485] [bmv2] [D] [thread 13861] [13.0] [cxt 0] Deparser 'deparser': end
[20:55:29.485] [bmv2] [D] [thread 13865] [13.0] [cxt 0] Transmitting packet of size 208 out of port 0
[20:55:29.488] [bmv2] [D] [thread 13860] [14.0] [cxt 0] Processing packet received on port 3
[20:55:29.488] [bmv2] [D] [thread 13860] [14.0] [cxt 0] Parser 'parser': start
[20:55:29.488] [bmv2] [D] [thread 13860] [14.0] [cxt 0] Parser 'parser' entering state 'start'
[20:55:29.489] [bmv2] [D] [thread 13860] [14.0] [cxt 0] Extracting header 'ethernet'
[20:55:29.489] [bmv2] [D] [thread 13860] [14.0] [cxt 0] Parser state 'start': key is 86dd
[20:55:29.489] [bmv2] [T] [thread 13860] [14.0] [cxt 0] Bytes parsed: 14
[20:55:29.489] [bmv2] [D] [thread 13860] [14.0] [cxt 0] Parser 'parser': end
[20:55:29.489] [bmv2] [D] [thread 13860] [14.0] [cxt 0] Pipeline 'ingress': start
[20:55:29.489] [bmv2] [T] [thread 13860] [14.0] [cxt 0] ecn.p4(123) Condition "hdr.ipv4.isValid()" (node_2) is false
[20:55:29.489] [bmv2] [D] [thread 13860] [14.0] [cxt 0] Pipeline 'ingress': end
[20:55:29.489] [bmv2] [D] [thread 13860] [14.0] [cxt 0] Egress port is 0
[20:55:29.489] [bmv2] [D] [thread 13861] [14.0] [cxt 0] Pipeline 'egress': start
[20:55:29.489] [bmv2] [T] [thread 13861] [14.0] [cxt 0] ecn.p4(148) Condition "hdr.ipv4.ecn == 1 || hdr.ipv4.ecn == 2" (node_6) is false
[20:55:29.489] [bmv2] [D] [thread 13861] [14.0] [cxt 0] Pipeline 'egress': end
[20:55:29.489] [bmv2] [D] [thread 13861] [14.0] [cxt 0] Deparser 'deparser': start
[20:55:29.489] [bmv2] [T] [thread 13861] [14.0] [cxt 0] Skipping checksum 'cksum' update because condition not met
[20:55:29.489] [bmv2] [D] [thread 13861] [14.0] [cxt 0] Deparsing header 'ethernet'
[20:55:29.489] [bmv2] [D] [thread 13861] [14.0] [cxt 0] Deparser 'deparser': end
[20:55:29.489] [bmv2] [D] [thread 13865] [14.0] [cxt 0] Transmitting packet of size 208 out of port 0
[20:55:29.620] [bmv2] [D] [thread 13860] [15.0] [cxt 0] Processing packet received on port 2
[20:55:29.620] [bmv2] [D] [thread 13860] [15.0] [cxt 0] Parser 'parser': start
[20:55:29.620] [bmv2] [D] [thread 13860] [15.0] [cxt 0] Parser 'parser' entering state 'start'
[20:55:29.620] [bmv2] [D] [thread 13860] [15.0] [cxt 0] Extracting header 'ethernet'
[20:55:29.620] [bmv2] [D] [thread 13860] [15.0] [cxt 0] Parser state 'start': key is 86dd
[20:55:29.620] [bmv2] [T] [thread 13860] [15.0] [cxt 0] Bytes parsed: 14
[20:55:29.620] [bmv2] [D] [thread 13860] [15.0] [cxt 0] Parser 'parser': end
[20:55:29.620] [bmv2] [D] [thread 13860] [15.0] [cxt 0] Pipeline 'ingress': start
[20:55:29.620] [bmv2] [T] [thread 13860] [15.0] [cxt 0] ecn.p4(123) Condition "hdr.ipv4.isValid()" (node_2) is false
[20:55:29.620] [bmv2] [D] [thread 13860] [15.0] [cxt 0] Pipeline 'ingress': end
[20:55:29.620] [bmv2] [D] [thread 13860] [15.0] [cxt 0] Egress port is 0
[20:55:29.622] [bmv2] [D] [thread 13861] [15.0] [cxt 0] Pipeline 'egress': start
[20:55:29.622] [bmv2] [T] [thread 13861] [15.0] [cxt 0] ecn.p4(148) Condition "hdr.ipv4.ecn == 1 || hdr.ipv4.ecn == 2" (node_6) is false
[20:55:29.622] [bmv2] [D] [thread 13861] [15.0] [cxt 0] Pipeline 'egress': end
[20:55:29.623] [bmv2] [D] [thread 13861] [15.0] [cxt 0] Deparser 'deparser': start
[20:55:29.623] [bmv2] [T] [thread 13861] [15.0] [cxt 0] Skipping checksum 'cksum' update because condition not met
[20:55:29.623] [bmv2] [D] [thread 13861] [15.0] [cxt 0] Deparsing header 'ethernet'
[20:55:29.623] [bmv2] [D] [thread 13861] [15.0] [cxt 0] Deparser 'deparser': end
[20:55:29.623] [bmv2] [D] [thread 13865] [15.0] [cxt 0] Transmitting packet of size 208 out of port 0
[20:55:29.685] [bmv2] [D] [thread 13860] [16.0] [cxt 0] Processing packet received on port 2
[20:55:29.685] [bmv2] [D] [thread 13860] [16.0] [cxt 0] Parser 'parser': start
[20:55:29.685] [bmv2] [D] [thread 13860] [16.0] [cxt 0] Parser 'parser' entering state 'start'
[20:55:29.685] [bmv2] [D] [thread 13860] [16.0] [cxt 0] Extracting header 'ethernet'
[20:55:29.685] [bmv2] [D] [thread 13860] [16.0] [cxt 0] Parser state 'start': key is 86dd
[20:55:29.685] [bmv2] [T] [thread 13860] [16.0] [cxt 0] Bytes parsed: 14
[20:55:29.685] [bmv2] [D] [thread 13860] [16.0] [cxt 0] Parser 'parser': end
[20:55:29.685] [bmv2] [D] [thread 13860] [16.0] [cxt 0] Pipeline 'ingress': start
[20:55:29.685] [bmv2] [T] [thread 13860] [16.0] [cxt 0] ecn.p4(123) Condition "hdr.ipv4.isValid()" (node_2) is false
[20:55:29.685] [bmv2] [D] [thread 13860] [16.0] [cxt 0] Pipeline 'ingress': end
[20:55:29.686] [bmv2] [D] [thread 13860] [16.0] [cxt 0] Egress port is 0
[20:55:29.688] [bmv2] [D] [thread 13861] [16.0] [cxt 0] Pipeline 'egress': start
[20:55:29.689] [bmv2] [T] [thread 13861] [16.0] [cxt 0] ecn.p4(148) Condition "hdr.ipv4.ecn == 1 || hdr.ipv4.ecn == 2" (node_6) is false
[20:55:29.689] [bmv2] [D] [thread 13861] [16.0] [cxt 0] Pipeline 'egress': end
[20:55:29.689] [bmv2] [D] [thread 13861] [16.0] [cxt 0] Deparser 'deparser': start
[20:55:29.689] [bmv2] [T] [thread 13861] [16.0] [cxt 0] Skipping checksum 'cksum' update because condition not met
[20:55:29.689] [bmv2] [D] [thread 13861] [16.0] [cxt 0] Deparsing header 'ethernet'
[20:55:29.689] [bmv2] [D] [thread 13861] [16.0] [cxt 0] Deparser 'deparser': end
[20:55:29.689] [bmv2] [D] [thread 13865] [16.0] [cxt 0] Transmitting packet of size 196 out of port 0
[20:55:29.688] [bmv2] [D] [thread 13860] [17.0] [cxt 0] Processing packet received on port 3
[20:55:29.690] [bmv2] [D] [thread 13860] [17.0] [cxt 0] Parser 'parser': start
[20:55:29.690] [bmv2] [D] [thread 13860] [17.0] [cxt 0] Parser 'parser' entering state 'start'
[20:55:29.690] [bmv2] [D] [thread 13860] [17.0] [cxt 0] Extracting header 'ethernet'
[20:55:29.690] [bmv2] [D] [thread 13860] [17.0] [cxt 0] Parser state 'start': key is 86dd
[20:55:29.690] [bmv2] [T] [thread 13860] [17.0] [cxt 0] Bytes parsed: 14
[20:55:29.690] [bmv2] [D] [thread 13860] [17.0] [cxt 0] Parser 'parser': end
[20:55:29.690] [bmv2] [D] [thread 13860] [17.0] [cxt 0] Pipeline 'ingress': start
[20:55:29.690] [bmv2] [T] [thread 13860] [17.0] [cxt 0] ecn.p4(123) Condition "hdr.ipv4.isValid()" (node_2) is false
[20:55:29.690] [bmv2] [D] [thread 13860] [17.0] [cxt 0] Pipeline 'ingress': end
[20:55:29.690] [bmv2] [D] [thread 13860] [17.0] [cxt 0] Egress port is 0
[20:55:29.692] [bmv2] [D] [thread 13861] [17.0] [cxt 0] Pipeline 'egress': start
[20:55:29.692] [bmv2] [T] [thread 13861] [17.0] [cxt 0] ecn.p4(148) Condition "hdr.ipv4.ecn == 1 || hdr.ipv4.ecn == 2" (node_6) is false
[20:55:29.692] [bmv2] [D] [thread 13861] [17.0] [cxt 0] Pipeline 'egress': end
[20:55:29.692] [bmv2] [D] [thread 13861] [17.0] [cxt 0] Deparser 'deparser': start
[20:55:29.692] [bmv2] [T] [thread 13861] [17.0] [cxt 0] Skipping checksum 'cksum' update because condition not met
[20:55:29.692] [bmv2] [D] [thread 13861] [17.0] [cxt 0] Deparsing header 'ethernet'
[20:55:29.692] [bmv2] [D] [thread 13861] [17.0] [cxt 0] Deparser 'deparser': end
[20:55:29.694] [bmv2] [D] [thread 13865] [17.0] [cxt 0] Transmitting packet of size 196 out of port 0
[20:55:29.765] [bmv2] [D] [thread 13860] [18.0] [cxt 0] Processing packet received on port 2
[20:55:29.765] [bmv2] [D] [thread 13860] [18.0] [cxt 0] Parser 'parser': start
[20:55:29.765] [bmv2] [D] [thread 13860] [18.0] [cxt 0] Parser 'parser' entering state 'start'
[20:55:29.765] [bmv2] [D] [thread 13860] [18.0] [cxt 0] Extracting header 'ethernet'
[20:55:29.765] [bmv2] [D] [thread 13860] [18.0] [cxt 0] Parser state 'start': key is 86dd
[20:55:29.765] [bmv2] [T] [thread 13860] [18.0] [cxt 0] Bytes parsed: 14
[20:55:29.765] [bmv2] [D] [thread 13860] [18.0] [cxt 0] Parser 'parser': end
[20:55:29.765] [bmv2] [D] [thread 13860] [18.0] [cxt 0] Pipeline 'ingress': start
[20:55:29.765] [bmv2] [T] [thread 13860] [18.0] [cxt 0] ecn.p4(123) Condition "hdr.ipv4.isValid()" (node_2) is false
[20:55:29.765] [bmv2] [D] [thread 13860] [18.0] [cxt 0] Pipeline 'ingress': end
[20:55:29.765] [bmv2] [D] [thread 13860] [18.0] [cxt 0] Egress port is 0
[20:55:29.765] [bmv2] [D] [thread 13860] [19.0] [cxt 0] Processing packet received on port 3
[20:55:29.765] [bmv2] [D] [thread 13860] [19.0] [cxt 0] Parser 'parser': start
[20:55:29.765] [bmv2] [D] [thread 13860] [19.0] [cxt 0] Parser 'parser' entering state 'start'
[20:55:29.765] [bmv2] [D] [thread 13860] [19.0] [cxt 0] Extracting header 'ethernet'
[20:55:29.765] [bmv2] [D] [thread 13860] [19.0] [cxt 0] Parser state 'start': key is 86dd
[20:55:29.765] [bmv2] [T] [thread 13860] [19.0] [cxt 0] Bytes parsed: 14
[20:55:29.765] [bmv2] [D] [thread 13860] [19.0] [cxt 0] Parser 'parser': end
[20:55:29.765] [bmv2] [D] [thread 13860] [19.0] [cxt 0] Pipeline 'ingress': start
[20:55:29.765] [bmv2] [T] [thread 13860] [19.0] [cxt 0] ecn.p4(123) Condition "hdr.ipv4.isValid()" (node_2) is false
[20:55:29.765] [bmv2] [D] [thread 13860] [19.0] [cxt 0] Pipeline 'ingress': end
[20:55:29.765] [bmv2] [D] [thread 13860] [19.0] [cxt 0] Egress port is 0
[20:55:29.766] [bmv2] [D] [thread 13861] [18.0] [cxt 0] Pipeline 'egress': start
[20:55:29.766] [bmv2] [T] [thread 13861] [18.0] [cxt 0] ecn.p4(148) Condition "hdr.ipv4.ecn == 1 || hdr.ipv4.ecn == 2" (node_6) is false
[20:55:29.766] [bmv2] [D] [thread 13861] [18.0] [cxt 0] Pipeline 'egress': end
[20:55:29.766] [bmv2] [D] [thread 13861] [18.0] [cxt 0] Deparser 'deparser': start
[20:55:29.766] [bmv2] [T] [thread 13861] [18.0] [cxt 0] Skipping checksum 'cksum' update because condition not met
[20:55:29.766] [bmv2] [D] [thread 13861] [18.0] [cxt 0] Deparsing header 'ethernet'
[20:55:29.766] [bmv2] [D] [thread 13861] [18.0] [cxt 0] Deparser 'deparser': end
[20:55:29.766] [bmv2] [D] [thread 13860] [20.0] [cxt 0] Processing packet received on port 2
[20:55:29.766] [bmv2] [D] [thread 13860] [20.0] [cxt 0] Parser 'parser': start
[20:55:29.766] [bmv2] [D] [thread 13860] [20.0] [cxt 0] Parser 'parser' entering state 'start'
[20:55:29.766] [bmv2] [D] [thread 13860] [20.0] [cxt 0] Extracting header 'ethernet'
[20:55:29.766] [bmv2] [D] [thread 13860] [20.0] [cxt 0] Parser state 'start': key is 86dd
[20:55:29.766] [bmv2] [D] [thread 13861] [19.0] [cxt 0] Pipeline 'egress': start
[20:55:29.766] [bmv2] [T] [thread 13861] [19.0] [cxt 0] ecn.p4(148) Condition "hdr.ipv4.ecn == 1 || hdr.ipv4.ecn == 2" (node_6) is false
[20:55:29.766] [bmv2] [D] [thread 13861] [19.0] [cxt 0] Pipeline 'egress': end
[20:55:29.766] [bmv2] [D] [thread 13861] [19.0] [cxt 0] Deparser 'deparser': start
[20:55:29.766] [bmv2] [T] [thread 13861] [19.0] [cxt 0] Skipping checksum 'cksum' update because condition not met
[20:55:29.766] [bmv2] [D] [thread 13861] [19.0] [cxt 0] Deparsing header 'ethernet'
[20:55:29.766] [bmv2] [D] [thread 13861] [19.0] [cxt 0] Deparser 'deparser': end
[20:55:29.766] [bmv2] [T] [thread 13860] [20.0] [cxt 0] Bytes parsed: 14
[20:55:29.766] [bmv2] [D] [thread 13860] [20.0] [cxt 0] Parser 'parser': end
[20:55:29.766] [bmv2] [D] [thread 13860] [20.0] [cxt 0] Pipeline 'ingress': start
[20:55:29.766] [bmv2] [T] [thread 13860] [20.0] [cxt 0] ecn.p4(123) Condition "hdr.ipv4.isValid()" (node_2) is false
[20:55:29.766] [bmv2] [D] [thread 13860] [20.0] [cxt 0] Pipeline 'ingress': end
[20:55:29.766] [bmv2] [D] [thread 13860] [20.0] [cxt 0] Egress port is 0
[20:55:29.766] [bmv2] [D] [thread 13865] [18.0] [cxt 0] Transmitting packet of size 110 out of port 0
[20:55:29.766] [bmv2] [D] [thread 13865] [19.0] [cxt 0] Transmitting packet of size 110 out of port 0
[20:55:29.767] [bmv2] [D] [thread 13861] [20.0] [cxt 0] Pipeline 'egress': start
[20:55:29.767] [bmv2] [T] [thread 13861] [20.0] [cxt 0] ecn.p4(148) Condition "hdr.ipv4.ecn == 1 || hdr.ipv4.ecn == 2" (node_6) is false
[20:55:29.767] [bmv2] [D] [thread 13861] [20.0] [cxt 0] Pipeline 'egress': end
[20:55:29.767] [bmv2] [D] [thread 13861] [20.0] [cxt 0] Deparser 'deparser': start
[20:55:29.767] [bmv2] [T] [thread 13861] [20.0] [cxt 0] Skipping checksum 'cksum' update because condition not met
[20:55:29.767] [bmv2] [D] [thread 13861] [20.0] [cxt 0] Deparsing header 'ethernet'
[20:55:29.767] [bmv2] [D] [thread 13861] [20.0] [cxt 0] Deparser 'deparser': end
[20:55:29.767] [bmv2] [D] [thread 13865] [20.0] [cxt 0] Transmitting packet of size 110 out of port 0
[20:55:29.817] [bmv2] [D] [thread 13860] [21.0] [cxt 0] Processing packet received on port 2
[20:55:29.817] [bmv2] [D] [thread 13860] [21.0] [cxt 0] Parser 'parser': start
[20:55:29.817] [bmv2] [D] [thread 13860] [21.0] [cxt 0] Parser 'parser' entering state 'start'
[20:55:29.817] [bmv2] [D] [thread 13860] [21.0] [cxt 0] Extracting header 'ethernet'
[20:55:29.817] [bmv2] [D] [thread 13860] [21.0] [cxt 0] Parser state 'start': key is 86dd
[20:55:29.817] [bmv2] [T] [thread 13860] [21.0] [cxt 0] Bytes parsed: 14
[20:55:29.817] [bmv2] [D] [thread 13860] [21.0] [cxt 0] Parser 'parser': end
[20:55:29.817] [bmv2] [D] [thread 13860] [21.0] [cxt 0] Pipeline 'ingress': start
[20:55:29.817] [bmv2] [T] [thread 13860] [21.0] [cxt 0] ecn.p4(123) Condition "hdr.ipv4.isValid()" (node_2) is false
[20:55:29.817] [bmv2] [D] [thread 13860] [21.0] [cxt 0] Pipeline 'ingress': end
[20:55:29.817] [bmv2] [D] [thread 13860] [21.0] [cxt 0] Egress port is 0
[20:55:29.818] [bmv2] [D] [thread 13861] [21.0] [cxt 0] Pipeline 'egress': start
[20:55:29.819] [bmv2] [T] [thread 13861] [21.0] [cxt 0] ecn.p4(148) Condition "hdr.ipv4.ecn == 1 || hdr.ipv4.ecn == 2" (node_6) is false
[20:55:29.819] [bmv2] [D] [thread 13861] [21.0] [cxt 0] Pipeline 'egress': end
[20:55:29.819] [bmv2] [D] [thread 13861] [21.0] [cxt 0] Deparser 'deparser': start
[20:55:29.819] [bmv2] [T] [thread 13861] [21.0] [cxt 0] Skipping checksum 'cksum' update because condition not met
[20:55:29.819] [bmv2] [D] [thread 13861] [21.0] [cxt 0] Deparsing header 'ethernet'
[20:55:29.819] [bmv2] [D] [thread 13861] [21.0] [cxt 0] Deparser 'deparser': end
[20:55:29.819] [bmv2] [D] [thread 13865] [21.0] [cxt 0] Transmitting packet of size 196 out of port 0
[20:55:30.418] [bmv2] [D] [thread 13860] [22.0] [cxt 0] Processing packet received on port 1
[20:55:30.418] [bmv2] [D] [thread 13860] [22.0] [cxt 0] Parser 'parser': start
[20:55:30.418] [bmv2] [D] [thread 13860] [22.0] [cxt 0] Parser 'parser' entering state 'start'
[20:55:30.418] [bmv2] [D] [thread 13860] [22.0] [cxt 0] Extracting header 'ethernet'
[20:55:30.418] [bmv2] [D] [thread 13860] [22.0] [cxt 0] Parser state 'start': key is 86dd
[20:55:30.418] [bmv2] [T] [thread 13860] [22.0] [cxt 0] Bytes parsed: 14
[20:55:30.418] [bmv2] [D] [thread 13860] [22.0] [cxt 0] Parser 'parser': end
[20:55:30.418] [bmv2] [D] [thread 13860] [22.0] [cxt 0] Pipeline 'ingress': start
[20:55:30.418] [bmv2] [T] [thread 13860] [22.0] [cxt 0] ecn.p4(123) Condition "hdr.ipv4.isValid()" (node_2) is false
[20:55:30.418] [bmv2] [D] [thread 13860] [22.0] [cxt 0] Pipeline 'ingress': end
[20:55:30.418] [bmv2] [D] [thread 13860] [22.0] [cxt 0] Egress port is 0
[20:55:30.418] [bmv2] [D] [thread 13861] [22.0] [cxt 0] Pipeline 'egress': start
[20:55:30.418] [bmv2] [T] [thread 13861] [22.0] [cxt 0] ecn.p4(148) Condition "hdr.ipv4.ecn == 1 || hdr.ipv4.ecn == 2" (node_6) is false
[20:55:30.418] [bmv2] [D] [thread 13861] [22.0] [cxt 0] Pipeline 'egress': end
[20:55:30.418] [bmv2] [D] [thread 13861] [22.0] [cxt 0] Deparser 'deparser': start
[20:55:30.418] [bmv2] [T] [thread 13861] [22.0] [cxt 0] Skipping checksum 'cksum' update because condition not met
[20:55:30.418] [bmv2] [D] [thread 13861] [22.0] [cxt 0] Deparsing header 'ethernet'
[20:55:30.418] [bmv2] [D] [thread 13861] [22.0] [cxt 0] Deparser 'deparser': end
[20:55:30.418] [bmv2] [D] [thread 13865] [22.0] [cxt 0] Transmitting packet of size 196 out of port 0
[20:55:30.535] [bmv2] [D] [thread 13860] [23.0] [cxt 0] Processing packet received on port 3
[20:55:30.535] [bmv2] [D] [thread 13860] [23.0] [cxt 0] Parser 'parser': start
[20:55:30.535] [bmv2] [D] [thread 13860] [23.0] [cxt 0] Parser 'parser' entering state 'start'
[20:55:30.535] [bmv2] [D] [thread 13860] [23.0] [cxt 0] Extracting header 'ethernet'
[20:55:30.535] [bmv2] [D] [thread 13860] [23.0] [cxt 0] Parser state 'start': key is 86dd
[20:55:30.535] [bmv2] [T] [thread 13860] [23.0] [cxt 0] Bytes parsed: 14
[20:55:30.535] [bmv2] [D] [thread 13860] [23.0] [cxt 0] Parser 'parser': end
[20:55:30.535] [bmv2] [D] [thread 13860] [23.0] [cxt 0] Pipeline 'ingress': start
[20:55:30.535] [bmv2] [T] [thread 13860] [23.0] [cxt 0] ecn.p4(123) Condition "hdr.ipv4.isValid()" (node_2) is false
[20:55:30.535] [bmv2] [D] [thread 13860] [23.0] [cxt 0] Pipeline 'ingress': end
[20:55:30.535] [bmv2] [D] [thread 13860] [23.0] [cxt 0] Egress port is 0
[20:55:30.536] [bmv2] [D] [thread 13861] [23.0] [cxt 0] Pipeline 'egress': start
[20:55:30.536] [bmv2] [T] [thread 13861] [23.0] [cxt 0] ecn.p4(148) Condition "hdr.ipv4.ecn == 1 || hdr.ipv4.ecn == 2" (node_6) is false
[20:55:30.536] [bmv2] [D] [thread 13861] [23.0] [cxt 0] Pipeline 'egress': end
[20:55:30.536] [bmv2] [D] [thread 13861] [23.0] [cxt 0] Deparser 'deparser': start
[20:55:30.536] [bmv2] [T] [thread 13861] [23.0] [cxt 0] Skipping checksum 'cksum' update because condition not met
[20:55:30.536] [bmv2] [D] [thread 13861] [23.0] [cxt 0] Deparsing header 'ethernet'
[20:55:30.536] [bmv2] [D] [thread 13861] [23.0] [cxt 0] Deparser 'deparser': end
[20:55:30.536] [bmv2] [D] [thread 13865] [23.0] [cxt 0] Transmitting packet of size 196 out of port 0
[20:55:30.627] [bmv2] [W] [thread 13926] [P4Runtime] p4::tmp::P4DeviceConfig is deprecated
[20:55:30.628] [bmv2] [D] [thread 13926] Set default default entry for table 'MyIngress.ipv4_lpm': MyIngress.drop - 
[20:55:30.628] [bmv2] [D] [thread 13926] Set default default entry for table 'tbl_mark_ecn': MyEgress.mark_ecn - 
[20:55:30.630] [bmv2] [D] [thread 13926] simple_switch target has been notified of a config swap
[20:55:30.632] [bmv2] [D] [thread 13927] Entry 0 added to table 'MyIngress.ipv4_lpm'
[20:55:30.632] [bmv2] [D] [thread 13927] Dumping entry 0
Match key:
* hdr.ipv4.dstAddr    : LPM       0a000303/32
Action entry: MyIngress.ipv4_forward - 80000000303,1,

[20:55:30.634] [bmv2] [D] [thread 13926] Entry 1 added to table 'MyIngress.ipv4_lpm'
[20:55:30.634] [bmv2] [D] [thread 13926] Dumping entry 1
Match key:
* hdr.ipv4.dstAddr    : LPM       0a000100/24
Action entry: MyIngress.ipv4_forward - 80000000100,2,

[20:55:30.637] [bmv2] [D] [thread 13927] Entry 2 added to table 'MyIngress.ipv4_lpm'
[20:55:30.637] [bmv2] [D] [thread 13927] Dumping entry 2
Match key:
* hdr.ipv4.dstAddr    : LPM       0a000200/24
Action entry: MyIngress.ipv4_forward - 80000000200,3,

[20:55:30.814] [bmv2] [D] [thread 13860] [24.0] [cxt 0] Processing packet received on port 2
[20:55:30.814] [bmv2] [D] [thread 13860] [24.0] [cxt 0] Parser 'parser': start
[20:55:30.814] [bmv2] [D] [thread 13860] [24.0] [cxt 0] Parser 'parser' entering state 'start'
[20:55:30.815] [bmv2] [D] [thread 13860] [24.0] [cxt 0] Extracting header 'ethernet'
[20:55:30.815] [bmv2] [D] [thread 13860] [24.0] [cxt 0] Parser state 'start': key is 86dd
[20:55:30.815] [bmv2] [T] [thread 13860] [24.0] [cxt 0] Bytes parsed: 14
[20:55:30.815] [bmv2] [D] [thread 13860] [24.0] [cxt 0] Parser 'parser': end
[20:55:30.815] [bmv2] [D] [thread 13860] [24.0] [cxt 0] Pipeline 'ingress': start
[20:55:30.816] [bmv2] [T] [thread 13860] [24.0] [cxt 0] ecn.p4(123) Condition "hdr.ipv4.isValid()" (node_2) is false
[20:55:30.816] [bmv2] [D] [thread 13860] [24.0] [cxt 0] Pipeline 'ingress': end
[20:55:30.816] [bmv2] [D] [thread 13860] [24.0] [cxt 0] Egress port is 0
[20:55:30.817] [bmv2] [D] [thread 13861] [24.0] [cxt 0] Pipeline 'egress': start
[20:55:30.817] [bmv2] [T] [thread 13861] [24.0] [cxt 0] ecn.p4(148) Condition "hdr.ipv4.ecn == 1 || hdr.ipv4.ecn == 2" (node_6) is false
[20:55:30.817] [bmv2] [D] [thread 13861] [24.0] [cxt 0] Pipeline 'egress': end
[20:55:30.817] [bmv2] [D] [thread 13861] [24.0] [cxt 0] Deparser 'deparser': start
[20:55:30.817] [bmv2] [T] [thread 13861] [24.0] [cxt 0] Skipping checksum 'cksum' update because condition not met
[20:55:30.817] [bmv2] [D] [thread 13861] [24.0] [cxt 0] Deparsing header 'ethernet'
[20:55:30.818] [bmv2] [D] [thread 13861] [24.0] [cxt 0] Deparser 'deparser': end
[20:55:30.818] [bmv2] [D] [thread 13865] [24.0] [cxt 0] Transmitting packet of size 196 out of port 0
[20:55:30.819] [bmv2] [D] [thread 13860] [25.0] [cxt 0] Processing packet received on port 3
[20:55:30.819] [bmv2] [D] [thread 13860] [25.0] [cxt 0] Parser 'parser': start
[20:55:30.819] [bmv2] [D] [thread 13860] [25.0] [cxt 0] Parser 'parser' entering state 'start'
[20:55:30.819] [bmv2] [D] [thread 13860] [25.0] [cxt 0] Extracting header 'ethernet'
[20:55:30.819] [bmv2] [D] [thread 13860] [25.0] [cxt 0] Parser state 'start': key is 86dd
[20:55:30.819] [bmv2] [T] [thread 13860] [25.0] [cxt 0] Bytes parsed: 14
[20:55:30.819] [bmv2] [D] [thread 13860] [25.0] [cxt 0] Parser 'parser': end
[20:55:30.819] [bmv2] [D] [thread 13860] [25.0] [cxt 0] Pipeline 'ingress': start
[20:55:30.819] [bmv2] [T] [thread 13860] [25.0] [cxt 0] ecn.p4(123) Condition "hdr.ipv4.isValid()" (node_2) is false
[20:55:30.819] [bmv2] [D] [thread 13860] [25.0] [cxt 0] Pipeline 'ingress': end
[20:55:30.819] [bmv2] [D] [thread 13860] [25.0] [cxt 0] Egress port is 0
[20:55:30.819] [bmv2] [D] [thread 13861] [25.0] [cxt 0] Pipeline 'egress': start
[20:55:30.821] [bmv2] [T] [thread 13861] [25.0] [cxt 0] ecn.p4(148) Condition "hdr.ipv4.ecn == 1 || hdr.ipv4.ecn == 2" (node_6) is false
[20:55:30.821] [bmv2] [D] [thread 13861] [25.0] [cxt 0] Pipeline 'egress': end
[20:55:30.822] [bmv2] [D] [thread 13861] [25.0] [cxt 0] Deparser 'deparser': start
[20:55:30.822] [bmv2] [T] [thread 13861] [25.0] [cxt 0] Skipping checksum 'cksum' update because condition not met
[20:55:30.822] [bmv2] [D] [thread 13861] [25.0] [cxt 0] Deparsing header 'ethernet'
[20:55:30.822] [bmv2] [D] [thread 13861] [25.0] [cxt 0] Deparser 'deparser': end
[20:55:30.822] [bmv2] [D] [thread 13865] [25.0] [cxt 0] Transmitting packet of size 196 out of port 0
[20:55:30.949] [bmv2] [D] [thread 13860] [26.0] [cxt 0] Processing packet received on port 2
[20:55:30.949] [bmv2] [D] [thread 13860] [26.0] [cxt 0] Parser 'parser': start
[20:55:30.949] [bmv2] [D] [thread 13860] [26.0] [cxt 0] Parser 'parser' entering state 'start'
[20:55:30.949] [bmv2] [D] [thread 13860] [26.0] [cxt 0] Extracting header 'ethernet'
[20:55:30.949] [bmv2] [D] [thread 13860] [26.0] [cxt 0] Parser state 'start': key is 86dd
[20:55:30.949] [bmv2] [T] [thread 13860] [26.0] [cxt 0] Bytes parsed: 14
[20:55:30.949] [bmv2] [D] [thread 13860] [26.0] [cxt 0] Parser 'parser': end
[20:55:30.949] [bmv2] [D] [thread 13860] [26.0] [cxt 0] Pipeline 'ingress': start
[20:55:30.949] [bmv2] [T] [thread 13860] [26.0] [cxt 0] ecn.p4(123) Condition "hdr.ipv4.isValid()" (node_2) is false
[20:55:30.949] [bmv2] [D] [thread 13860] [26.0] [cxt 0] Pipeline 'ingress': end
[20:55:30.949] [bmv2] [D] [thread 13860] [26.0] [cxt 0] Egress port is 0
[20:55:30.950] [bmv2] [D] [thread 13861] [26.0] [cxt 0] Pipeline 'egress': start
[20:55:30.950] [bmv2] [T] [thread 13861] [26.0] [cxt 0] ecn.p4(148) Condition "hdr.ipv4.ecn == 1 || hdr.ipv4.ecn == 2" (node_6) is false
[20:55:30.950] [bmv2] [D] [thread 13861] [26.0] [cxt 0] Pipeline 'egress': end
[20:55:30.950] [bmv2] [D] [thread 13861] [26.0] [cxt 0] Deparser 'deparser': start
[20:55:30.950] [bmv2] [T] [thread 13861] [26.0] [cxt 0] Skipping checksum 'cksum' update because condition not met
[20:55:30.950] [bmv2] [D] [thread 13861] [26.0] [cxt 0] Deparsing header 'ethernet'
[20:55:30.950] [bmv2] [D] [thread 13861] [26.0] [cxt 0] Deparser 'deparser': end
[20:55:30.950] [bmv2] [D] [thread 13865] [26.0] [cxt 0] Transmitting packet of size 196 out of port 0
[20:55:32.163] [bmv2] [D] [thread 13860] [27.0] [cxt 0] Processing packet received on port 1
[20:55:32.163] [bmv2] [D] [thread 13860] [27.0] [cxt 0] Parser 'parser': start
[20:55:32.163] [bmv2] [D] [thread 13860] [27.0] [cxt 0] Parser 'parser' entering state 'start'
[20:55:32.163] [bmv2] [D] [thread 13860] [27.0] [cxt 0] Extracting header 'ethernet'
[20:55:32.164] [bmv2] [D] [thread 13860] [27.0] [cxt 0] Parser state 'start': key is 86dd
[20:55:32.164] [bmv2] [T] [thread 13860] [27.0] [cxt 0] Bytes parsed: 14
[20:55:32.164] [bmv2] [D] [thread 13860] [27.0] [cxt 0] Parser 'parser': end
[20:55:32.164] [bmv2] [D] [thread 13860] [27.0] [cxt 0] Pipeline 'ingress': start
[20:55:32.164] [bmv2] [T] [thread 13860] [27.0] [cxt 0] ecn.p4(123) Condition "hdr.ipv4.isValid()" (node_2) is false
[20:55:32.164] [bmv2] [D] [thread 13860] [27.0] [cxt 0] Pipeline 'ingress': end
[20:55:32.164] [bmv2] [D] [thread 13860] [27.0] [cxt 0] Egress port is 0
[20:55:32.164] [bmv2] [D] [thread 13861] [27.0] [cxt 0] Pipeline 'egress': start
[20:55:32.164] [bmv2] [T] [thread 13861] [27.0] [cxt 0] ecn.p4(148) Condition "hdr.ipv4.ecn == 1 || hdr.ipv4.ecn == 2" (node_6) is false
[20:55:32.164] [bmv2] [D] [thread 13861] [27.0] [cxt 0] Pipeline 'egress': end
[20:55:32.164] [bmv2] [D] [thread 13861] [27.0] [cxt 0] Deparser 'deparser': start
[20:55:32.164] [bmv2] [T] [thread 13861] [27.0] [cxt 0] Skipping checksum 'cksum' update because condition not met
[20:55:32.164] [bmv2] [D] [thread 13861] [27.0] [cxt 0] Deparsing header 'ethernet'
[20:55:32.164] [bmv2] [D] [thread 13861] [27.0] [cxt 0] Deparser 'deparser': end
[20:55:32.164] [bmv2] [D] [thread 13865] [27.0] [cxt 0] Transmitting packet of size 70 out of port 0
[20:55:32.555] [bmv2] [D] [thread 13860] [28.0] [cxt 0] Processing packet received on port 1
[20:55:32.555] [bmv2] [D] [thread 13860] [28.0] [cxt 0] Parser 'parser': start
[20:55:32.555] [bmv2] [D] [thread 13860] [28.0] [cxt 0] Parser 'parser' entering state 'start'
[20:55:32.555] [bmv2] [D] [thread 13860] [28.0] [cxt 0] Extracting header 'ethernet'
[20:55:32.555] [bmv2] [D] [thread 13860] [28.0] [cxt 0] Parser state 'start': key is 86dd
[20:55:32.555] [bmv2] [T] [thread 13860] [28.0] [cxt 0] Bytes parsed: 14
[20:55:32.555] [bmv2] [D] [thread 13860] [28.0] [cxt 0] Parser 'parser': end
[20:55:32.555] [bmv2] [D] [thread 13860] [28.0] [cxt 0] Pipeline 'ingress': start
[20:55:32.555] [bmv2] [T] [thread 13860] [28.0] [cxt 0] ecn.p4(123) Condition "hdr.ipv4.isValid()" (node_2) is false
[20:55:32.555] [bmv2] [D] [thread 13860] [28.0] [cxt 0] Pipeline 'ingress': end
[20:55:32.555] [bmv2] [D] [thread 13860] [28.0] [cxt 0] Egress port is 0
[20:55:32.555] [bmv2] [D] [thread 13861] [28.0] [cxt 0] Pipeline 'egress': start
[20:55:32.555] [bmv2] [T] [thread 13861] [28.0] [cxt 0] ecn.p4(148) Condition "hdr.ipv4.ecn == 1 || hdr.ipv4.ecn == 2" (node_6) is false
[20:55:32.555] [bmv2] [D] [thread 13861] [28.0] [cxt 0] Pipeline 'egress': end
[20:55:32.555] [bmv2] [D] [thread 13861] [28.0] [cxt 0] Deparser 'deparser': start
[20:55:32.555] [bmv2] [T] [thread 13861] [28.0] [cxt 0] Skipping checksum 'cksum' update because condition not met
[20:55:32.555] [bmv2] [D] [thread 13861] [28.0] [cxt 0] Deparsing header 'ethernet'
[20:55:32.556] [bmv2] [D] [thread 13861] [28.0] [cxt 0] Deparser 'deparser': end
[20:55:32.556] [bmv2] [D] [thread 13865] [28.0] [cxt 0] Transmitting packet of size 196 out of port 0
[20:55:32.665] [bmv2] [D] [thread 13860] [29.0] [cxt 0] Processing packet received on port 3
[20:55:32.665] [bmv2] [D] [thread 13860] [29.0] [cxt 0] Parser 'parser': start
[20:55:32.665] [bmv2] [D] [thread 13860] [29.0] [cxt 0] Parser 'parser' entering state 'start'
[20:55:32.665] [bmv2] [D] [thread 13860] [29.0] [cxt 0] Extracting header 'ethernet'
[20:55:32.665] [bmv2] [D] [thread 13860] [29.0] [cxt 0] Parser state 'start': key is 86dd
[20:55:32.665] [bmv2] [T] [thread 13860] [29.0] [cxt 0] Bytes parsed: 14
[20:55:32.665] [bmv2] [D] [thread 13860] [29.0] [cxt 0] Parser 'parser': end
[20:55:32.666] [bmv2] [D] [thread 13860] [29.0] [cxt 0] Pipeline 'ingress': start
[20:55:32.666] [bmv2] [T] [thread 13860] [29.0] [cxt 0] ecn.p4(123) Condition "hdr.ipv4.isValid()" (node_2) is false
[20:55:32.666] [bmv2] [D] [thread 13860] [29.0] [cxt 0] Pipeline 'ingress': end
[20:55:32.666] [bmv2] [D] [thread 13860] [29.0] [cxt 0] Egress port is 0
[20:55:32.666] [bmv2] [D] [thread 13861] [29.0] [cxt 0] Pipeline 'egress': start
[20:55:32.666] [bmv2] [T] [thread 13861] [29.0] [cxt 0] ecn.p4(148) Condition "hdr.ipv4.ecn == 1 || hdr.ipv4.ecn == 2" (node_6) is false
[20:55:32.666] [bmv2] [D] [thread 13861] [29.0] [cxt 0] Pipeline 'egress': end
[20:55:32.666] [bmv2] [D] [thread 13861] [29.0] [cxt 0] Deparser 'deparser': start
[20:55:32.666] [bmv2] [T] [thread 13861] [29.0] [cxt 0] Skipping checksum 'cksum' update because condition not met
[20:55:32.666] [bmv2] [D] [thread 13861] [29.0] [cxt 0] Deparsing header 'ethernet'
[20:55:32.666] [bmv2] [D] [thread 13861] [29.0] [cxt 0] Deparser 'deparser': end
[20:55:32.666] [bmv2] [D] [thread 13865] [29.0] [cxt 0] Transmitting packet of size 196 out of port 0
[20:55:32.673] [bmv2] [D] [thread 13860] [30.0] [cxt 0] Processing packet received on port 2
[20:55:32.673] [bmv2] [D] [thread 13860] [30.0] [cxt 0] Parser 'parser': start
[20:55:32.673] [bmv2] [D] [thread 13860] [30.0] [cxt 0] Parser 'parser' entering state 'start'
[20:55:32.673] [bmv2] [D] [thread 13860] [30.0] [cxt 0] Extracting header 'ethernet'
[20:55:32.673] [bmv2] [D] [thread 13860] [30.0] [cxt 0] Parser state 'start': key is 86dd
[20:55:32.673] [bmv2] [T] [thread 13860] [30.0] [cxt 0] Bytes parsed: 14
[20:55:32.673] [bmv2] [D] [thread 13860] [30.0] [cxt 0] Parser 'parser': end
[20:55:32.673] [bmv2] [D] [thread 13860] [30.0] [cxt 0] Pipeline 'ingress': start
[20:55:32.673] [bmv2] [T] [thread 13860] [30.0] [cxt 0] ecn.p4(123) Condition "hdr.ipv4.isValid()" (node_2) is false
[20:55:32.673] [bmv2] [D] [thread 13860] [30.0] [cxt 0] Pipeline 'ingress': end
[20:55:32.673] [bmv2] [D] [thread 13860] [30.0] [cxt 0] Egress port is 0
[20:55:32.673] [bmv2] [D] [thread 13861] [30.0] [cxt 0] Pipeline 'egress': start
[20:55:32.673] [bmv2] [T] [thread 13861] [30.0] [cxt 0] ecn.p4(148) Condition "hdr.ipv4.ecn == 1 || hdr.ipv4.ecn == 2" (node_6) is false
[20:55:32.673] [bmv2] [D] [thread 13861] [30.0] [cxt 0] Pipeline 'egress': end
[20:55:32.673] [bmv2] [D] [thread 13861] [30.0] [cxt 0] Deparser 'deparser': start
[20:55:32.673] [bmv2] [T] [thread 13861] [30.0] [cxt 0] Skipping checksum 'cksum' update because condition not met
[20:55:32.673] [bmv2] [D] [thread 13861] [30.0] [cxt 0] Deparsing header 'ethernet'
[20:55:32.673] [bmv2] [D] [thread 13861] [30.0] [cxt 0] Deparser 'deparser': end
[20:55:32.673] [bmv2] [D] [thread 13865] [30.0] [cxt 0] Transmitting packet of size 70 out of port 0
[20:55:32.936] [bmv2] [D] [thread 13860] [31.0] [cxt 0] Processing packet received on port 2
[20:55:32.936] [bmv2] [D] [thread 13860] [31.0] [cxt 0] Parser 'parser': start
[20:55:32.936] [bmv2] [D] [thread 13860] [31.0] [cxt 0] Parser 'parser' entering state 'start'
[20:55:32.936] [bmv2] [D] [thread 13860] [31.0] [cxt 0] Extracting header 'ethernet'
[20:55:32.936] [bmv2] [D] [thread 13860] [31.0] [cxt 0] Parser state 'start': key is 86dd
[20:55:32.936] [bmv2] [T] [thread 13860] [31.0] [cxt 0] Bytes parsed: 14
[20:55:32.936] [bmv2] [D] [thread 13860] [31.0] [cxt 0] Parser 'parser': end
[20:55:32.936] [bmv2] [D] [thread 13860] [31.0] [cxt 0] Pipeline 'ingress': start
[20:55:32.936] [bmv2] [T] [thread 13860] [31.0] [cxt 0] ecn.p4(123) Condition "hdr.ipv4.isValid()" (node_2) is false
[20:55:32.936] [bmv2] [D] [thread 13860] [31.0] [cxt 0] Pipeline 'ingress': end
[20:55:32.936] [bmv2] [D] [thread 13860] [31.0] [cxt 0] Egress port is 0
[20:55:32.938] [bmv2] [D] [thread 13860] [32.0] [cxt 0] Processing packet received on port 3
[20:55:32.938] [bmv2] [D] [thread 13860] [32.0] [cxt 0] Parser 'parser': start
[20:55:32.938] [bmv2] [D] [thread 13860] [32.0] [cxt 0] Parser 'parser' entering state 'start'
[20:55:32.938] [bmv2] [D] [thread 13860] [32.0] [cxt 0] Extracting header 'ethernet'
[20:55:32.938] [bmv2] [D] [thread 13860] [32.0] [cxt 0] Parser state 'start': key is 86dd
[20:55:32.938] [bmv2] [T] [thread 13860] [32.0] [cxt 0] Bytes parsed: 14
[20:55:32.938] [bmv2] [D] [thread 13860] [32.0] [cxt 0] Parser 'parser': end
[20:55:32.938] [bmv2] [D] [thread 13860] [32.0] [cxt 0] Pipeline 'ingress': start
[20:55:32.938] [bmv2] [T] [thread 13860] [32.0] [cxt 0] ecn.p4(123) Condition "hdr.ipv4.isValid()" (node_2) is false
[20:55:32.938] [bmv2] [D] [thread 13860] [32.0] [cxt 0] Pipeline 'ingress': end
[20:55:32.938] [bmv2] [D] [thread 13860] [32.0] [cxt 0] Egress port is 0
[20:55:32.938] [bmv2] [D] [thread 13861] [31.0] [cxt 0] Pipeline 'egress': start
[20:55:32.938] [bmv2] [T] [thread 13861] [31.0] [cxt 0] ecn.p4(148) Condition "hdr.ipv4.ecn == 1 || hdr.ipv4.ecn == 2" (node_6) is false
[20:55:32.938] [bmv2] [D] [thread 13861] [31.0] [cxt 0] Pipeline 'egress': end
[20:55:32.938] [bmv2] [D] [thread 13861] [31.0] [cxt 0] Deparser 'deparser': start
[20:55:32.938] [bmv2] [T] [thread 13861] [31.0] [cxt 0] Skipping checksum 'cksum' update because condition not met
[20:55:32.938] [bmv2] [D] [thread 13861] [31.0] [cxt 0] Deparsing header 'ethernet'
[20:55:32.938] [bmv2] [D] [thread 13861] [31.0] [cxt 0] Deparser 'deparser': end
[20:55:32.938] [bmv2] [D] [thread 13861] [32.0] [cxt 0] Pipeline 'egress': start
[20:55:32.938] [bmv2] [T] [thread 13861] [32.0] [cxt 0] ecn.p4(148) Condition "hdr.ipv4.ecn == 1 || hdr.ipv4.ecn == 2" (node_6) is false
[20:55:32.938] [bmv2] [D] [thread 13861] [32.0] [cxt 0] Pipeline 'egress': end
[20:55:32.938] [bmv2] [D] [thread 13861] [32.0] [cxt 0] Deparser 'deparser': start
[20:55:32.938] [bmv2] [T] [thread 13861] [32.0] [cxt 0] Skipping checksum 'cksum' update because condition not met
[20:55:32.938] [bmv2] [D] [thread 13861] [32.0] [cxt 0] Deparsing header 'ethernet'
[20:55:32.938] [bmv2] [D] [thread 13861] [32.0] [cxt 0] Deparser 'deparser': end
[20:55:32.938] [bmv2] [D] [thread 13865] [31.0] [cxt 0] Transmitting packet of size 70 out of port 0
[20:55:32.938] [bmv2] [D] [thread 13865] [32.0] [cxt 0] Transmitting packet of size 70 out of port 0
[20:55:32.943] [bmv2] [D] [thread 13860] [33.0] [cxt 0] Processing packet received on port 2
[20:55:32.944] [bmv2] [D] [thread 13860] [33.0] [cxt 0] Parser 'parser': start
[20:55:32.944] [bmv2] [D] [thread 13860] [33.0] [cxt 0] Parser 'parser' entering state 'start'
[20:55:32.944] [bmv2] [D] [thread 13860] [33.0] [cxt 0] Extracting header 'ethernet'
[20:55:32.944] [bmv2] [D] [thread 13860] [33.0] [cxt 0] Parser state 'start': key is 86dd
[20:55:32.944] [bmv2] [T] [thread 13860] [33.0] [cxt 0] Bytes parsed: 14
[20:55:32.944] [bmv2] [D] [thread 13860] [33.0] [cxt 0] Parser 'parser': end
[20:55:32.944] [bmv2] [D] [thread 13860] [33.0] [cxt 0] Pipeline 'ingress': start
[20:55:32.944] [bmv2] [T] [thread 13860] [33.0] [cxt 0] ecn.p4(123) Condition "hdr.ipv4.isValid()" (node_2) is false
[20:55:32.944] [bmv2] [D] [thread 13860] [33.0] [cxt 0] Pipeline 'ingress': end
[20:55:32.944] [bmv2] [D] [thread 13860] [33.0] [cxt 0] Egress port is 0
[20:55:32.944] [bmv2] [D] [thread 13861] [33.0] [cxt 0] Pipeline 'egress': start
[20:55:32.945] [bmv2] [T] [thread 13861] [33.0] [cxt 0] ecn.p4(148) Condition "hdr.ipv4.ecn == 1 || hdr.ipv4.ecn == 2" (node_6) is false
[20:55:32.945] [bmv2] [D] [thread 13861] [33.0] [cxt 0] Pipeline 'egress': end
[20:55:32.945] [bmv2] [D] [thread 13861] [33.0] [cxt 0] Deparser 'deparser': start
[20:55:32.945] [bmv2] [T] [thread 13861] [33.0] [cxt 0] Skipping checksum 'cksum' update because condition not met
[20:55:32.945] [bmv2] [D] [thread 13861] [33.0] [cxt 0] Deparsing header 'ethernet'
[20:55:32.945] [bmv2] [D] [thread 13861] [33.0] [cxt 0] Deparser 'deparser': end
[20:55:32.945] [bmv2] [D] [thread 13865] [33.0] [cxt 0] Transmitting packet of size 196 out of port 0
[20:55:32.948] [bmv2] [D] [thread 13860] [34.0] [cxt 0] Processing packet received on port 3
[20:55:32.948] [bmv2] [D] [thread 13860] [34.0] [cxt 0] Parser 'parser': start
[20:55:32.948] [bmv2] [D] [thread 13860] [34.0] [cxt 0] Parser 'parser' entering state 'start'
[20:55:32.948] [bmv2] [D] [thread 13860] [34.0] [cxt 0] Extracting header 'ethernet'
[20:55:32.948] [bmv2] [D] [thread 13860] [34.0] [cxt 0] Parser state 'start': key is 86dd
[20:55:32.948] [bmv2] [T] [thread 13860] [34.0] [cxt 0] Bytes parsed: 14
[20:55:32.948] [bmv2] [D] [thread 13860] [34.0] [cxt 0] Parser 'parser': end
[20:55:32.948] [bmv2] [D] [thread 13860] [34.0] [cxt 0] Pipeline 'ingress': start
[20:55:32.948] [bmv2] [T] [thread 13860] [34.0] [cxt 0] ecn.p4(123) Condition "hdr.ipv4.isValid()" (node_2) is false
[20:55:32.948] [bmv2] [D] [thread 13860] [34.0] [cxt 0] Pipeline 'ingress': end
[20:55:32.948] [bmv2] [D] [thread 13860] [34.0] [cxt 0] Egress port is 0
[20:55:32.950] [bmv2] [D] [thread 13861] [34.0] [cxt 0] Pipeline 'egress': start
[20:55:32.950] [bmv2] [T] [thread 13861] [34.0] [cxt 0] ecn.p4(148) Condition "hdr.ipv4.ecn == 1 || hdr.ipv4.ecn == 2" (node_6) is false
[20:55:32.950] [bmv2] [D] [thread 13861] [34.0] [cxt 0] Pipeline 'egress': end
[20:55:32.950] [bmv2] [D] [thread 13861] [34.0] [cxt 0] Deparser 'deparser': start
[20:55:32.950] [bmv2] [T] [thread 13861] [34.0] [cxt 0] Skipping checksum 'cksum' update because condition not met
[20:55:32.950] [bmv2] [D] [thread 13861] [34.0] [cxt 0] Deparsing header 'ethernet'
[20:55:32.950] [bmv2] [D] [thread 13861] [34.0] [cxt 0] Deparser 'deparser': end
[20:55:32.950] [bmv2] [D] [thread 13865] [34.0] [cxt 0] Transmitting packet of size 196 out of port 0
[20:55:33.078] [bmv2] [D] [thread 13860] [35.0] [cxt 0] Processing packet received on port 2
[20:55:33.078] [bmv2] [D] [thread 13860] [35.0] [cxt 0] Parser 'parser': start
[20:55:33.078] [bmv2] [D] [thread 13860] [35.0] [cxt 0] Parser 'parser' entering state 'start'
[20:55:33.078] [bmv2] [D] [thread 13860] [35.0] [cxt 0] Extracting header 'ethernet'
[20:55:33.078] [bmv2] [D] [thread 13860] [35.0] [cxt 0] Parser state 'start': key is 86dd
[20:55:33.078] [bmv2] [T] [thread 13860] [35.0] [cxt 0] Bytes parsed: 14
[20:55:33.078] [bmv2] [D] [thread 13860] [35.0] [cxt 0] Parser 'parser': end
[20:55:33.078] [bmv2] [D] [thread 13860] [35.0] [cxt 0] Pipeline 'ingress': start
[20:55:33.078] [bmv2] [T] [thread 13860] [35.0] [cxt 0] ecn.p4(123) Condition "hdr.ipv4.isValid()" (node_2) is false
[20:55:33.078] [bmv2] [D] [thread 13860] [35.0] [cxt 0] Pipeline 'ingress': end
[20:55:33.078] [bmv2] [D] [thread 13860] [35.0] [cxt 0] Egress port is 0
[20:55:33.078] [bmv2] [D] [thread 13861] [35.0] [cxt 0] Pipeline 'egress': start
[20:55:33.078] [bmv2] [T] [thread 13861] [35.0] [cxt 0] ecn.p4(148) Condition "hdr.ipv4.ecn == 1 || hdr.ipv4.ecn == 2" (node_6) is false
[20:55:33.078] [bmv2] [D] [thread 13861] [35.0] [cxt 0] Pipeline 'egress': end
[20:55:33.078] [bmv2] [D] [thread 13861] [35.0] [cxt 0] Deparser 'deparser': start
[20:55:33.078] [bmv2] [T] [thread 13861] [35.0] [cxt 0] Skipping checksum 'cksum' update because condition not met
[20:55:33.078] [bmv2] [D] [thread 13861] [35.0] [cxt 0] Deparsing header 'ethernet'
[20:55:33.078] [bmv2] [D] [thread 13861] [35.0] [cxt 0] Deparser 'deparser': end
[20:55:33.078] [bmv2] [D] [thread 13865] [35.0] [cxt 0] Transmitting packet of size 196 out of port 0
[20:55:33.186] [bmv2] [D] [thread 13860] [36.0] [cxt 0] Processing packet received on port 3
[20:55:33.187] [bmv2] [D] [thread 13860] [36.0] [cxt 0] Parser 'parser': start
[20:55:33.187] [bmv2] [D] [thread 13860] [36.0] [cxt 0] Parser 'parser' entering state 'start'
[20:55:33.187] [bmv2] [D] [thread 13860] [36.0] [cxt 0] Extracting header 'ethernet'
[20:55:33.187] [bmv2] [D] [thread 13860] [36.0] [cxt 0] Parser state 'start': key is 86dd
[20:55:33.187] [bmv2] [T] [thread 13860] [36.0] [cxt 0] Bytes parsed: 14
[20:55:33.187] [bmv2] [D] [thread 13860] [36.0] [cxt 0] Parser 'parser': end
[20:55:33.187] [bmv2] [D] [thread 13860] [36.0] [cxt 0] Pipeline 'ingress': start
[20:55:33.187] [bmv2] [T] [thread 13860] [36.0] [cxt 0] ecn.p4(123) Condition "hdr.ipv4.isValid()" (node_2) is false
[20:55:33.187] [bmv2] [D] [thread 13860] [36.0] [cxt 0] Pipeline 'ingress': end
[20:55:33.187] [bmv2] [D] [thread 13860] [36.0] [cxt 0] Egress port is 0
[20:55:33.189] [bmv2] [D] [thread 13861] [36.0] [cxt 0] Pipeline 'egress': start
[20:55:33.189] [bmv2] [T] [thread 13861] [36.0] [cxt 0] ecn.p4(148) Condition "hdr.ipv4.ecn == 1 || hdr.ipv4.ecn == 2" (node_6) is false
[20:55:33.189] [bmv2] [D] [thread 13861] [36.0] [cxt 0] Pipeline 'egress': end
[20:55:33.189] [bmv2] [D] [thread 13861] [36.0] [cxt 0] Deparser 'deparser': start
[20:55:33.189] [bmv2] [T] [thread 13861] [36.0] [cxt 0] Skipping checksum 'cksum' update because condition not met
[20:55:33.189] [bmv2] [D] [thread 13861] [36.0] [cxt 0] Deparsing header 'ethernet'
[20:55:33.189] [bmv2] [D] [thread 13861] [36.0] [cxt 0] Deparser 'deparser': end
[20:55:33.189] [bmv2] [D] [thread 13865] [36.0] [cxt 0] Transmitting packet of size 70 out of port 0
open: No such file or directory
open: No such file or directory
open: No such file or directory
open: No such file or directory
open: No such file or directory
open: No such file or directory
open: No such file or directory
