Calling target program-options parser
[13:47:01.050] [bmv2] [D] [thread 8096] Set default default entry for table 'MyIngress.ipv4_lpm': MyIngress.drop - 
Adding interface s3-eth1 as port 1
[13:47:01.052] [bmv2] [D] [thread 8096] Adding interface s3-eth1 as port 1
Adding interface s3-eth2 as port 2
[13:47:01.256] [bmv2] [D] [thread 8096] Adding interface s3-eth2 as port 2
Adding interface s3-eth3 as port 3
[13:47:01.368] [bmv2] [D] [thread 8096] Adding interface s3-eth3 as port 3
Server listening on 0.0.0.0:50053
[13:47:01.457] [bmv2] [I] [thread 8096] Starting Thrift server on port 9092
[13:47:01.458] [bmv2] [I] [thread 8096] Thrift server was started
[13:47:01.462] [bmv2] [D] [thread 8111] [0.0] [cxt 0] Processing packet received on port 1
[13:47:01.462] [bmv2] [D] [thread 8111] [0.0] [cxt 0] Parser 'parser': start
[13:47:01.462] [bmv2] [D] [thread 8111] [0.0] [cxt 0] Parser 'parser' entering state 'start'
[13:47:01.462] [bmv2] [D] [thread 8111] [0.0] [cxt 0] Extracting header 'ethernet'
[13:47:01.463] [bmv2] [D] [thread 8111] [0.0] [cxt 0] Parser state 'start': key is 86dd
[13:47:01.463] [bmv2] [T] [thread 8111] [0.0] [cxt 0] Bytes parsed: 14
[13:47:01.463] [bmv2] [D] [thread 8111] [0.0] [cxt 0] Parser 'parser': end
[13:47:01.463] [bmv2] [D] [thread 8111] [0.0] [cxt 0] Pipeline 'ingress': start
[13:47:01.463] [bmv2] [T] [thread 8111] [0.0] [cxt 0] ecn.p4(117) Condition "hdr.ipv4.isValid()" (node_2) is false
[13:47:01.463] [bmv2] [D] [thread 8111] [0.0] [cxt 0] Pipeline 'ingress': end
[13:47:01.463] [bmv2] [D] [thread 8111] [0.0] [cxt 0] Egress port is 0
[13:47:01.463] [bmv2] [D] [thread 8111] [1.0] [cxt 0] Processing packet received on port 2
[13:47:01.463] [bmv2] [D] [thread 8111] [1.0] [cxt 0] Parser 'parser': start
[13:47:01.463] [bmv2] [D] [thread 8111] [1.0] [cxt 0] Parser 'parser' entering state 'start'
[13:47:01.463] [bmv2] [D] [thread 8111] [1.0] [cxt 0] Extracting header 'ethernet'
[13:47:01.463] [bmv2] [D] [thread 8111] [1.0] [cxt 0] Parser state 'start': key is 86dd
[13:47:01.463] [bmv2] [T] [thread 8111] [1.0] [cxt 0] Bytes parsed: 14
[13:47:01.463] [bmv2] [D] [thread 8111] [1.0] [cxt 0] Parser 'parser': end
[13:47:01.463] [bmv2] [D] [thread 8111] [1.0] [cxt 0] Pipeline 'ingress': start
[13:47:01.463] [bmv2] [T] [thread 8111] [1.0] [cxt 0] ecn.p4(117) Condition "hdr.ipv4.isValid()" (node_2) is false
[13:47:01.463] [bmv2] [D] [thread 8111] [1.0] [cxt 0] Pipeline 'ingress': end
[13:47:01.463] [bmv2] [D] [thread 8111] [1.0] [cxt 0] Egress port is 0
[13:47:01.463] [bmv2] [D] [thread 8112] [0.0] [cxt 0] Pipeline 'egress': start
[13:47:01.463] [bmv2] [D] [thread 8112] [0.0] [cxt 0] Pipeline 'egress': end
[13:47:01.463] [bmv2] [D] [thread 8112] [0.0] [cxt 0] Deparser 'deparser': start
[13:47:01.463] [bmv2] [T] [thread 8112] [0.0] [cxt 0] Skipping checksum 'cksum' update because condition not met
[13:47:01.463] [bmv2] [D] [thread 8112] [0.0] [cxt 0] Deparsing header 'ethernet'
[13:47:01.463] [bmv2] [D] [thread 8112] [0.0] [cxt 0] Deparser 'deparser': end
[13:47:01.463] [bmv2] [D] [thread 8112] [1.0] [cxt 0] Pipeline 'egress': start
[13:47:01.463] [bmv2] [D] [thread 8112] [1.0] [cxt 0] Pipeline 'egress': end
[13:47:01.463] [bmv2] [D] [thread 8112] [1.0] [cxt 0] Deparser 'deparser': start
[13:47:01.463] [bmv2] [T] [thread 8112] [1.0] [cxt 0] Skipping checksum 'cksum' update because condition not met
[13:47:01.464] [bmv2] [D] [thread 8112] [1.0] [cxt 0] Deparsing header 'ethernet'
[13:47:01.464] [bmv2] [D] [thread 8112] [1.0] [cxt 0] Deparser 'deparser': end
[13:47:01.464] [bmv2] [D] [thread 8116] [0.0] [cxt 0] Transmitting packet of size 90 out of port 0
[13:47:01.464] [bmv2] [D] [thread 8116] [1.0] [cxt 0] Transmitting packet of size 208 out of port 0
[13:47:01.464] [bmv2] [D] [thread 8111] [2.0] [cxt 0] Processing packet received on port 1
[13:47:01.464] [bmv2] [D] [thread 8111] [2.0] [cxt 0] Parser 'parser': start
[13:47:01.464] [bmv2] [D] [thread 8111] [2.0] [cxt 0] Parser 'parser' entering state 'start'
[13:47:01.464] [bmv2] [D] [thread 8111] [2.0] [cxt 0] Extracting header 'ethernet'
[13:47:01.464] [bmv2] [D] [thread 8111] [2.0] [cxt 0] Parser state 'start': key is 86dd
[13:47:01.464] [bmv2] [T] [thread 8111] [2.0] [cxt 0] Bytes parsed: 14
[13:47:01.464] [bmv2] [D] [thread 8111] [2.0] [cxt 0] Parser 'parser': end
[13:47:01.464] [bmv2] [D] [thread 8111] [2.0] [cxt 0] Pipeline 'ingress': start
[13:47:01.464] [bmv2] [T] [thread 8111] [2.0] [cxt 0] ecn.p4(117) Condition "hdr.ipv4.isValid()" (node_2) is false
[13:47:01.464] [bmv2] [D] [thread 8111] [2.0] [cxt 0] Pipeline 'ingress': end
[13:47:01.464] [bmv2] [D] [thread 8111] [2.0] [cxt 0] Egress port is 0
[13:47:01.464] [bmv2] [D] [thread 8112] [2.0] [cxt 0] Pipeline 'egress': start
[13:47:01.464] [bmv2] [D] [thread 8112] [2.0] [cxt 0] Pipeline 'egress': end
[13:47:01.464] [bmv2] [D] [thread 8112] [2.0] [cxt 0] Deparser 'deparser': start
[13:47:01.464] [bmv2] [T] [thread 8112] [2.0] [cxt 0] Skipping checksum 'cksum' update because condition not met
[13:47:01.464] [bmv2] [D] [thread 8112] [2.0] [cxt 0] Deparsing header 'ethernet'
[13:47:01.464] [bmv2] [D] [thread 8112] [2.0] [cxt 0] Deparser 'deparser': end
[13:47:01.465] [bmv2] [D] [thread 8116] [2.0] [cxt 0] Transmitting packet of size 196 out of port 0
[13:47:01.590] [bmv2] [D] [thread 8111] [3.0] [cxt 0] Processing packet received on port 2
[13:47:01.590] [bmv2] [D] [thread 8111] [3.0] [cxt 0] Parser 'parser': start
[13:47:01.590] [bmv2] [D] [thread 8111] [3.0] [cxt 0] Parser 'parser' entering state 'start'
[13:47:01.590] [bmv2] [D] [thread 8111] [3.0] [cxt 0] Extracting header 'ethernet'
[13:47:01.590] [bmv2] [D] [thread 8111] [3.0] [cxt 0] Parser state 'start': key is 86dd
[13:47:01.590] [bmv2] [T] [thread 8111] [3.0] [cxt 0] Bytes parsed: 14
[13:47:01.590] [bmv2] [D] [thread 8111] [3.0] [cxt 0] Parser 'parser': end
[13:47:01.590] [bmv2] [D] [thread 8111] [3.0] [cxt 0] Pipeline 'ingress': start
[13:47:01.590] [bmv2] [T] [thread 8111] [3.0] [cxt 0] ecn.p4(117) Condition "hdr.ipv4.isValid()" (node_2) is false
[13:47:01.590] [bmv2] [D] [thread 8111] [3.0] [cxt 0] Pipeline 'ingress': end
[13:47:01.590] [bmv2] [D] [thread 8111] [3.0] [cxt 0] Egress port is 0
[13:47:01.590] [bmv2] [D] [thread 8112] [3.0] [cxt 0] Pipeline 'egress': start
[13:47:01.591] [bmv2] [D] [thread 8112] [3.0] [cxt 0] Pipeline 'egress': end
[13:47:01.591] [bmv2] [D] [thread 8112] [3.0] [cxt 0] Deparser 'deparser': start
[13:47:01.591] [bmv2] [T] [thread 8112] [3.0] [cxt 0] Skipping checksum 'cksum' update because condition not met
[13:47:01.591] [bmv2] [D] [thread 8112] [3.0] [cxt 0] Deparsing header 'ethernet'
[13:47:01.591] [bmv2] [D] [thread 8112] [3.0] [cxt 0] Deparser 'deparser': end
[13:47:01.592] [bmv2] [D] [thread 8116] [3.0] [cxt 0] Transmitting packet of size 208 out of port 0
[13:47:01.614] [bmv2] [D] [thread 8111] [4.0] [cxt 0] Processing packet received on port 3
[13:47:01.614] [bmv2] [D] [thread 8111] [4.0] [cxt 0] Parser 'parser': start
[13:47:01.614] [bmv2] [D] [thread 8111] [4.0] [cxt 0] Parser 'parser' entering state 'start'
[13:47:01.614] [bmv2] [D] [thread 8111] [4.0] [cxt 0] Extracting header 'ethernet'
[13:47:01.614] [bmv2] [D] [thread 8111] [4.0] [cxt 0] Parser state 'start': key is 86dd
[13:47:01.615] [bmv2] [T] [thread 8111] [4.0] [cxt 0] Bytes parsed: 14
[13:47:01.615] [bmv2] [D] [thread 8111] [4.0] [cxt 0] Parser 'parser': end
[13:47:01.615] [bmv2] [D] [thread 8111] [4.0] [cxt 0] Pipeline 'ingress': start
[13:47:01.615] [bmv2] [T] [thread 8111] [4.0] [cxt 0] ecn.p4(117) Condition "hdr.ipv4.isValid()" (node_2) is false
[13:47:01.615] [bmv2] [D] [thread 8111] [4.0] [cxt 0] Pipeline 'ingress': end
[13:47:01.615] [bmv2] [D] [thread 8111] [4.0] [cxt 0] Egress port is 0
[13:47:01.615] [bmv2] [D] [thread 8111] [5.0] [cxt 0] Processing packet received on port 3
[13:47:01.615] [bmv2] [D] [thread 8111] [5.0] [cxt 0] Parser 'parser': start
[13:47:01.615] [bmv2] [D] [thread 8111] [5.0] [cxt 0] Parser 'parser' entering state 'start'
[13:47:01.615] [bmv2] [D] [thread 8111] [5.0] [cxt 0] Extracting header 'ethernet'
[13:47:01.615] [bmv2] [D] [thread 8111] [5.0] [cxt 0] Parser state 'start': key is 86dd
[13:47:01.615] [bmv2] [T] [thread 8111] [5.0] [cxt 0] Bytes parsed: 14
[13:47:01.615] [bmv2] [D] [thread 8111] [5.0] [cxt 0] Parser 'parser': end
[13:47:01.615] [bmv2] [D] [thread 8111] [5.0] [cxt 0] Pipeline 'ingress': start
[13:47:01.615] [bmv2] [T] [thread 8111] [5.0] [cxt 0] ecn.p4(117) Condition "hdr.ipv4.isValid()" (node_2) is false
[13:47:01.615] [bmv2] [D] [thread 8111] [5.0] [cxt 0] Pipeline 'ingress': end
[13:47:01.615] [bmv2] [D] [thread 8111] [5.0] [cxt 0] Egress port is 0
[13:47:01.615] [bmv2] [D] [thread 8112] [4.0] [cxt 0] Pipeline 'egress': start
[13:47:01.615] [bmv2] [D] [thread 8112] [4.0] [cxt 0] Pipeline 'egress': end
[13:47:01.615] [bmv2] [D] [thread 8112] [4.0] [cxt 0] Deparser 'deparser': start
[13:47:01.615] [bmv2] [T] [thread 8112] [4.0] [cxt 0] Skipping checksum 'cksum' update because condition not met
[13:47:01.615] [bmv2] [D] [thread 8112] [4.0] [cxt 0] Deparsing header 'ethernet'
[13:47:01.615] [bmv2] [D] [thread 8112] [4.0] [cxt 0] Deparser 'deparser': end
[13:47:01.615] [bmv2] [D] [thread 8112] [5.0] [cxt 0] Pipeline 'egress': start
[13:47:01.615] [bmv2] [D] [thread 8112] [5.0] [cxt 0] Pipeline 'egress': end
[13:47:01.615] [bmv2] [D] [thread 8112] [5.0] [cxt 0] Deparser 'deparser': start
[13:47:01.615] [bmv2] [D] [thread 8116] [4.0] [cxt 0] Transmitting packet of size 208 out of port 0
[13:47:01.615] [bmv2] [T] [thread 8112] [5.0] [cxt 0] Skipping checksum 'cksum' update because condition not met
[13:47:01.615] [bmv2] [D] [thread 8112] [5.0] [cxt 0] Deparsing header 'ethernet'
[13:47:01.615] [bmv2] [D] [thread 8112] [5.0] [cxt 0] Deparser 'deparser': end
[13:47:01.616] [bmv2] [D] [thread 8116] [5.0] [cxt 0] Transmitting packet of size 208 out of port 0
[13:47:01.616] [bmv2] [D] [thread 8111] [6.0] [cxt 0] Processing packet received on port 2
[13:47:01.616] [bmv2] [D] [thread 8111] [6.0] [cxt 0] Parser 'parser': start
[13:47:01.616] [bmv2] [D] [thread 8111] [6.0] [cxt 0] Parser 'parser' entering state 'start'
[13:47:01.616] [bmv2] [D] [thread 8111] [6.0] [cxt 0] Extracting header 'ethernet'
[13:47:01.616] [bmv2] [D] [thread 8111] [6.0] [cxt 0] Parser state 'start': key is 86dd
[13:47:01.616] [bmv2] [T] [thread 8111] [6.0] [cxt 0] Bytes parsed: 14
[13:47:01.616] [bmv2] [D] [thread 8111] [6.0] [cxt 0] Parser 'parser': end
[13:47:01.616] [bmv2] [D] [thread 8111] [6.0] [cxt 0] Pipeline 'ingress': start
[13:47:01.616] [bmv2] [T] [thread 8111] [6.0] [cxt 0] ecn.p4(117) Condition "hdr.ipv4.isValid()" (node_2) is false
[13:47:01.616] [bmv2] [D] [thread 8111] [6.0] [cxt 0] Pipeline 'ingress': end
[13:47:01.616] [bmv2] [D] [thread 8111] [6.0] [cxt 0] Egress port is 0
[13:47:01.616] [bmv2] [D] [thread 8112] [6.0] [cxt 0] Pipeline 'egress': start
[13:47:01.616] [bmv2] [D] [thread 8112] [6.0] [cxt 0] Pipeline 'egress': end
[13:47:01.616] [bmv2] [D] [thread 8112] [6.0] [cxt 0] Deparser 'deparser': start
[13:47:01.616] [bmv2] [T] [thread 8112] [6.0] [cxt 0] Skipping checksum 'cksum' update because condition not met
[13:47:01.616] [bmv2] [D] [thread 8112] [6.0] [cxt 0] Deparsing header 'ethernet'
[13:47:01.616] [bmv2] [D] [thread 8112] [6.0] [cxt 0] Deparser 'deparser': end
[13:47:01.617] [bmv2] [D] [thread 8116] [6.0] [cxt 0] Transmitting packet of size 110 out of port 0
[13:47:01.676] [bmv2] [D] [thread 8111] [7.0] [cxt 0] Processing packet received on port 3
[13:47:01.676] [bmv2] [D] [thread 8111] [7.0] [cxt 0] Parser 'parser': start
[13:47:01.676] [bmv2] [D] [thread 8111] [7.0] [cxt 0] Parser 'parser' entering state 'start'
[13:47:01.677] [bmv2] [D] [thread 8111] [7.0] [cxt 0] Extracting header 'ethernet'
[13:47:01.677] [bmv2] [D] [thread 8111] [7.0] [cxt 0] Parser state 'start': key is 86dd
[13:47:01.677] [bmv2] [T] [thread 8111] [7.0] [cxt 0] Bytes parsed: 14
[13:47:01.677] [bmv2] [D] [thread 8111] [7.0] [cxt 0] Parser 'parser': end
[13:47:01.677] [bmv2] [D] [thread 8111] [7.0] [cxt 0] Pipeline 'ingress': start
[13:47:01.677] [bmv2] [T] [thread 8111] [7.0] [cxt 0] ecn.p4(117) Condition "hdr.ipv4.isValid()" (node_2) is false
[13:47:01.677] [bmv2] [D] [thread 8111] [7.0] [cxt 0] Pipeline 'ingress': end
[13:47:01.677] [bmv2] [D] [thread 8111] [7.0] [cxt 0] Egress port is 0
[13:47:01.678] [bmv2] [D] [thread 8112] [7.0] [cxt 0] Pipeline 'egress': start
[13:47:01.678] [bmv2] [D] [thread 8112] [7.0] [cxt 0] Pipeline 'egress': end
[13:47:01.678] [bmv2] [D] [thread 8112] [7.0] [cxt 0] Deparser 'deparser': start
[13:47:01.678] [bmv2] [T] [thread 8112] [7.0] [cxt 0] Skipping checksum 'cksum' update because condition not met
[13:47:01.678] [bmv2] [D] [thread 8112] [7.0] [cxt 0] Deparsing header 'ethernet'
[13:47:01.678] [bmv2] [D] [thread 8112] [7.0] [cxt 0] Deparser 'deparser': end
[13:47:01.678] [bmv2] [D] [thread 8116] [7.0] [cxt 0] Transmitting packet of size 90 out of port 0
[13:47:01.710] [bmv2] [D] [thread 8111] [8.0] [cxt 0] Processing packet received on port 2
[13:47:01.710] [bmv2] [D] [thread 8111] [8.0] [cxt 0] Parser 'parser': start
[13:47:01.710] [bmv2] [D] [thread 8111] [8.0] [cxt 0] Parser 'parser' entering state 'start'
[13:47:01.710] [bmv2] [D] [thread 8111] [8.0] [cxt 0] Extracting header 'ethernet'
[13:47:01.710] [bmv2] [D] [thread 8111] [8.0] [cxt 0] Parser state 'start': key is 86dd
[13:47:01.710] [bmv2] [T] [thread 8111] [8.0] [cxt 0] Bytes parsed: 14
[13:47:01.710] [bmv2] [D] [thread 8111] [8.0] [cxt 0] Parser 'parser': end
[13:47:01.710] [bmv2] [D] [thread 8111] [8.0] [cxt 0] Pipeline 'ingress': start
[13:47:01.710] [bmv2] [T] [thread 8111] [8.0] [cxt 0] ecn.p4(117) Condition "hdr.ipv4.isValid()" (node_2) is false
[13:47:01.710] [bmv2] [D] [thread 8111] [8.0] [cxt 0] Pipeline 'ingress': end
[13:47:01.710] [bmv2] [D] [thread 8111] [8.0] [cxt 0] Egress port is 0
[13:47:01.710] [bmv2] [D] [thread 8111] [9.0] [cxt 0] Processing packet received on port 3
[13:47:01.710] [bmv2] [D] [thread 8111] [9.0] [cxt 0] Parser 'parser': start
[13:47:01.710] [bmv2] [D] [thread 8111] [9.0] [cxt 0] Parser 'parser' entering state 'start'
[13:47:01.710] [bmv2] [D] [thread 8111] [9.0] [cxt 0] Extracting header 'ethernet'
[13:47:01.710] [bmv2] [D] [thread 8111] [9.0] [cxt 0] Parser state 'start': key is 86dd
[13:47:01.710] [bmv2] [T] [thread 8111] [9.0] [cxt 0] Bytes parsed: 14
[13:47:01.710] [bmv2] [D] [thread 8111] [9.0] [cxt 0] Parser 'parser': end
[13:47:01.710] [bmv2] [D] [thread 8111] [9.0] [cxt 0] Pipeline 'ingress': start
[13:47:01.710] [bmv2] [T] [thread 8111] [9.0] [cxt 0] ecn.p4(117) Condition "hdr.ipv4.isValid()" (node_2) is false
[13:47:01.710] [bmv2] [D] [thread 8111] [9.0] [cxt 0] Pipeline 'ingress': end
[13:47:01.710] [bmv2] [D] [thread 8111] [9.0] [cxt 0] Egress port is 0
[13:47:01.712] [bmv2] [D] [thread 8112] [8.0] [cxt 0] Pipeline 'egress': start
[13:47:01.713] [bmv2] [D] [thread 8112] [8.0] [cxt 0] Pipeline 'egress': end
[13:47:01.713] [bmv2] [D] [thread 8112] [8.0] [cxt 0] Deparser 'deparser': start
[13:47:01.713] [bmv2] [T] [thread 8112] [8.0] [cxt 0] Skipping checksum 'cksum' update because condition not met
[13:47:01.713] [bmv2] [D] [thread 8112] [8.0] [cxt 0] Deparsing header 'ethernet'
[13:47:01.713] [bmv2] [D] [thread 8112] [8.0] [cxt 0] Deparser 'deparser': end
[13:47:01.713] [bmv2] [D] [thread 8112] [9.0] [cxt 0] Pipeline 'egress': start
[13:47:01.713] [bmv2] [D] [thread 8112] [9.0] [cxt 0] Pipeline 'egress': end
[13:47:01.713] [bmv2] [D] [thread 8112] [9.0] [cxt 0] Deparser 'deparser': start
[13:47:01.713] [bmv2] [T] [thread 8112] [9.0] [cxt 0] Skipping checksum 'cksum' update because condition not met
[13:47:01.713] [bmv2] [D] [thread 8112] [9.0] [cxt 0] Deparsing header 'ethernet'
[13:47:01.713] [bmv2] [D] [thread 8112] [9.0] [cxt 0] Deparser 'deparser': end
[13:47:01.714] [bmv2] [D] [thread 8116] [8.0] [cxt 0] Transmitting packet of size 208 out of port 0
[13:47:01.714] [bmv2] [D] [thread 8116] [9.0] [cxt 0] Transmitting packet of size 110 out of port 0
[13:47:01.741] [bmv2] [D] [thread 8111] [10.0] [cxt 0] Processing packet received on port 2
[13:47:01.741] [bmv2] [D] [thread 8111] [10.0] [cxt 0] Parser 'parser': start
[13:47:01.741] [bmv2] [D] [thread 8111] [10.0] [cxt 0] Parser 'parser' entering state 'start'
[13:47:01.741] [bmv2] [D] [thread 8111] [10.0] [cxt 0] Extracting header 'ethernet'
[13:47:01.741] [bmv2] [D] [thread 8111] [10.0] [cxt 0] Parser state 'start': key is 86dd
[13:47:01.742] [bmv2] [T] [thread 8111] [10.0] [cxt 0] Bytes parsed: 14
[13:47:01.742] [bmv2] [D] [thread 8111] [10.0] [cxt 0] Parser 'parser': end
[13:47:01.742] [bmv2] [D] [thread 8111] [10.0] [cxt 0] Pipeline 'ingress': start
[13:47:01.742] [bmv2] [T] [thread 8111] [10.0] [cxt 0] ecn.p4(117) Condition "hdr.ipv4.isValid()" (node_2) is false
[13:47:01.742] [bmv2] [D] [thread 8111] [10.0] [cxt 0] Pipeline 'ingress': end
[13:47:01.742] [bmv2] [D] [thread 8111] [10.0] [cxt 0] Egress port is 0
[13:47:01.742] [bmv2] [D] [thread 8112] [10.0] [cxt 0] Pipeline 'egress': start
[13:47:01.742] [bmv2] [D] [thread 8112] [10.0] [cxt 0] Pipeline 'egress': end
[13:47:01.742] [bmv2] [D] [thread 8112] [10.0] [cxt 0] Deparser 'deparser': start
[13:47:01.742] [bmv2] [T] [thread 8112] [10.0] [cxt 0] Skipping checksum 'cksum' update because condition not met
[13:47:01.742] [bmv2] [D] [thread 8112] [10.0] [cxt 0] Deparsing header 'ethernet'
[13:47:01.742] [bmv2] [D] [thread 8112] [10.0] [cxt 0] Deparser 'deparser': end
[13:47:01.742] [bmv2] [D] [thread 8116] [10.0] [cxt 0] Transmitting packet of size 110 out of port 0
[13:47:01.812] [bmv2] [D] [thread 8111] [11.0] [cxt 0] Processing packet received on port 3
[13:47:01.813] [bmv2] [D] [thread 8111] [11.0] [cxt 0] Parser 'parser': start
[13:47:01.813] [bmv2] [D] [thread 8111] [11.0] [cxt 0] Parser 'parser' entering state 'start'
[13:47:01.813] [bmv2] [D] [thread 8111] [11.0] [cxt 0] Extracting header 'ethernet'
[13:47:01.813] [bmv2] [D] [thread 8111] [11.0] [cxt 0] Parser state 'start': key is 86dd
[13:47:01.813] [bmv2] [T] [thread 8111] [11.0] [cxt 0] Bytes parsed: 14
[13:47:01.813] [bmv2] [D] [thread 8111] [11.0] [cxt 0] Parser 'parser': end
[13:47:01.813] [bmv2] [D] [thread 8111] [11.0] [cxt 0] Pipeline 'ingress': start
[13:47:01.813] [bmv2] [T] [thread 8111] [11.0] [cxt 0] ecn.p4(117) Condition "hdr.ipv4.isValid()" (node_2) is false
[13:47:01.813] [bmv2] [D] [thread 8111] [11.0] [cxt 0] Pipeline 'ingress': end
[13:47:01.813] [bmv2] [D] [thread 8111] [11.0] [cxt 0] Egress port is 0
[13:47:01.813] [bmv2] [D] [thread 8111] [12.0] [cxt 0] Processing packet received on port 3
[13:47:01.813] [bmv2] [D] [thread 8111] [12.0] [cxt 0] Parser 'parser': start
[13:47:01.813] [bmv2] [D] [thread 8111] [12.0] [cxt 0] Parser 'parser' entering state 'start'
[13:47:01.813] [bmv2] [D] [thread 8111] [12.0] [cxt 0] Extracting header 'ethernet'
[13:47:01.813] [bmv2] [D] [thread 8111] [12.0] [cxt 0] Parser state 'start': key is 86dd
[13:47:01.813] [bmv2] [T] [thread 8111] [12.0] [cxt 0] Bytes parsed: 14
[13:47:01.813] [bmv2] [D] [thread 8111] [12.0] [cxt 0] Parser 'parser': end
[13:47:01.813] [bmv2] [D] [thread 8111] [12.0] [cxt 0] Pipeline 'ingress': start
[13:47:01.813] [bmv2] [T] [thread 8111] [12.0] [cxt 0] ecn.p4(117) Condition "hdr.ipv4.isValid()" (node_2) is false
[13:47:01.813] [bmv2] [D] [thread 8111] [12.0] [cxt 0] Pipeline 'ingress': end
[13:47:01.813] [bmv2] [D] [thread 8111] [12.0] [cxt 0] Egress port is 0
[13:47:01.813] [bmv2] [D] [thread 8112] [11.0] [cxt 0] Pipeline 'egress': start
[13:47:01.813] [bmv2] [D] [thread 8112] [11.0] [cxt 0] Pipeline 'egress': end
[13:47:01.813] [bmv2] [D] [thread 8112] [11.0] [cxt 0] Deparser 'deparser': start
[13:47:01.813] [bmv2] [T] [thread 8112] [11.0] [cxt 0] Skipping checksum 'cksum' update because condition not met
[13:47:01.813] [bmv2] [D] [thread 8112] [11.0] [cxt 0] Deparsing header 'ethernet'
[13:47:01.813] [bmv2] [D] [thread 8112] [11.0] [cxt 0] Deparser 'deparser': end
[13:47:01.813] [bmv2] [D] [thread 8112] [12.0] [cxt 0] Pipeline 'egress': start
[13:47:01.813] [bmv2] [D] [thread 8112] [12.0] [cxt 0] Pipeline 'egress': end
[13:47:01.813] [bmv2] [D] [thread 8112] [12.0] [cxt 0] Deparser 'deparser': start
[13:47:01.813] [bmv2] [T] [thread 8112] [12.0] [cxt 0] Skipping checksum 'cksum' update because condition not met
[13:47:01.813] [bmv2] [D] [thread 8112] [12.0] [cxt 0] Deparsing header 'ethernet'
[13:47:01.813] [bmv2] [D] [thread 8112] [12.0] [cxt 0] Deparser 'deparser': end
[13:47:01.813] [bmv2] [D] [thread 8116] [11.0] [cxt 0] Transmitting packet of size 196 out of port 0
[13:47:01.813] [bmv2] [D] [thread 8116] [12.0] [cxt 0] Transmitting packet of size 196 out of port 0
[13:47:01.840] [bmv2] [D] [thread 8111] [13.0] [cxt 0] Processing packet received on port 2
[13:47:01.840] [bmv2] [D] [thread 8111] [13.0] [cxt 0] Parser 'parser': start
[13:47:01.840] [bmv2] [D] [thread 8111] [13.0] [cxt 0] Parser 'parser' entering state 'start'
[13:47:01.840] [bmv2] [D] [thread 8111] [13.0] [cxt 0] Extracting header 'ethernet'
[13:47:01.840] [bmv2] [D] [thread 8111] [13.0] [cxt 0] Parser state 'start': key is 86dd
[13:47:01.841] [bmv2] [T] [thread 8111] [13.0] [cxt 0] Bytes parsed: 14
[13:47:01.841] [bmv2] [D] [thread 8111] [13.0] [cxt 0] Parser 'parser': end
[13:47:01.841] [bmv2] [D] [thread 8111] [13.0] [cxt 0] Pipeline 'ingress': start
[13:47:01.841] [bmv2] [T] [thread 8111] [13.0] [cxt 0] ecn.p4(117) Condition "hdr.ipv4.isValid()" (node_2) is false
[13:47:01.841] [bmv2] [D] [thread 8111] [13.0] [cxt 0] Pipeline 'ingress': end
[13:47:01.841] [bmv2] [D] [thread 8111] [13.0] [cxt 0] Egress port is 0
[13:47:01.841] [bmv2] [D] [thread 8112] [13.0] [cxt 0] Pipeline 'egress': start
[13:47:01.841] [bmv2] [D] [thread 8112] [13.0] [cxt 0] Pipeline 'egress': end
[13:47:01.841] [bmv2] [D] [thread 8112] [13.0] [cxt 0] Deparser 'deparser': start
[13:47:01.841] [bmv2] [T] [thread 8112] [13.0] [cxt 0] Skipping checksum 'cksum' update because condition not met
[13:47:01.841] [bmv2] [D] [thread 8112] [13.0] [cxt 0] Deparsing header 'ethernet'
[13:47:01.841] [bmv2] [D] [thread 8112] [13.0] [cxt 0] Deparser 'deparser': end
[13:47:01.841] [bmv2] [D] [thread 8116] [13.0] [cxt 0] Transmitting packet of size 208 out of port 0
[13:47:01.906] [bmv2] [D] [thread 8111] [14.0] [cxt 0] Processing packet received on port 2
[13:47:01.906] [bmv2] [D] [thread 8111] [14.0] [cxt 0] Parser 'parser': start
[13:47:01.906] [bmv2] [D] [thread 8111] [14.0] [cxt 0] Parser 'parser' entering state 'start'
[13:47:01.906] [bmv2] [D] [thread 8111] [14.0] [cxt 0] Extracting header 'ethernet'
[13:47:01.906] [bmv2] [D] [thread 8111] [14.0] [cxt 0] Parser state 'start': key is 86dd
[13:47:01.906] [bmv2] [T] [thread 8111] [14.0] [cxt 0] Bytes parsed: 14
[13:47:01.906] [bmv2] [D] [thread 8111] [14.0] [cxt 0] Parser 'parser': end
[13:47:01.906] [bmv2] [D] [thread 8111] [14.0] [cxt 0] Pipeline 'ingress': start
[13:47:01.906] [bmv2] [T] [thread 8111] [14.0] [cxt 0] ecn.p4(117) Condition "hdr.ipv4.isValid()" (node_2) is false
[13:47:01.906] [bmv2] [D] [thread 8111] [14.0] [cxt 0] Pipeline 'ingress': end
[13:47:01.906] [bmv2] [D] [thread 8111] [14.0] [cxt 0] Egress port is 0
[13:47:01.906] [bmv2] [D] [thread 8112] [14.0] [cxt 0] Pipeline 'egress': start
[13:47:01.906] [bmv2] [D] [thread 8112] [14.0] [cxt 0] Pipeline 'egress': end
[13:47:01.906] [bmv2] [D] [thread 8112] [14.0] [cxt 0] Deparser 'deparser': start
[13:47:01.906] [bmv2] [T] [thread 8112] [14.0] [cxt 0] Skipping checksum 'cksum' update because condition not met
[13:47:01.906] [bmv2] [D] [thread 8112] [14.0] [cxt 0] Deparsing header 'ethernet'
[13:47:01.906] [bmv2] [D] [thread 8112] [14.0] [cxt 0] Deparser 'deparser': end
[13:47:01.906] [bmv2] [D] [thread 8116] [14.0] [cxt 0] Transmitting packet of size 196 out of port 0
[13:47:02.046] [bmv2] [D] [thread 8111] [15.0] [cxt 0] Processing packet received on port 2
[13:47:02.046] [bmv2] [D] [thread 8111] [15.0] [cxt 0] Parser 'parser': start
[13:47:02.046] [bmv2] [D] [thread 8111] [15.0] [cxt 0] Parser 'parser' entering state 'start'
[13:47:02.046] [bmv2] [D] [thread 8111] [15.0] [cxt 0] Extracting header 'ethernet'
[13:47:02.046] [bmv2] [D] [thread 8111] [15.0] [cxt 0] Parser state 'start': key is 86dd
[13:47:02.046] [bmv2] [T] [thread 8111] [15.0] [cxt 0] Bytes parsed: 14
[13:47:02.046] [bmv2] [D] [thread 8111] [15.0] [cxt 0] Parser 'parser': end
[13:47:02.046] [bmv2] [D] [thread 8111] [15.0] [cxt 0] Pipeline 'ingress': start
[13:47:02.046] [bmv2] [T] [thread 8111] [15.0] [cxt 0] ecn.p4(117) Condition "hdr.ipv4.isValid()" (node_2) is false
[13:47:02.046] [bmv2] [D] [thread 8111] [15.0] [cxt 0] Pipeline 'ingress': end
[13:47:02.047] [bmv2] [D] [thread 8111] [15.0] [cxt 0] Egress port is 0
[13:47:02.047] [bmv2] [D] [thread 8112] [15.0] [cxt 0] Pipeline 'egress': start
[13:47:02.047] [bmv2] [D] [thread 8112] [15.0] [cxt 0] Pipeline 'egress': end
[13:47:02.047] [bmv2] [D] [thread 8112] [15.0] [cxt 0] Deparser 'deparser': start
[13:47:02.047] [bmv2] [T] [thread 8112] [15.0] [cxt 0] Skipping checksum 'cksum' update because condition not met
[13:47:02.047] [bmv2] [D] [thread 8112] [15.0] [cxt 0] Deparsing header 'ethernet'
[13:47:02.047] [bmv2] [D] [thread 8112] [15.0] [cxt 0] Deparser 'deparser': end
[13:47:02.047] [bmv2] [D] [thread 8116] [15.0] [cxt 0] Transmitting packet of size 196 out of port 0
[13:47:02.573] [bmv2] [D] [thread 8111] [16.0] [cxt 0] Processing packet received on port 1
[13:47:02.573] [bmv2] [D] [thread 8111] [16.0] [cxt 0] Parser 'parser': start
[13:47:02.573] [bmv2] [D] [thread 8111] [16.0] [cxt 0] Parser 'parser' entering state 'start'
[13:47:02.573] [bmv2] [D] [thread 8111] [16.0] [cxt 0] Extracting header 'ethernet'
[13:47:02.573] [bmv2] [D] [thread 8111] [16.0] [cxt 0] Parser state 'start': key is 86dd
[13:47:02.573] [bmv2] [T] [thread 8111] [16.0] [cxt 0] Bytes parsed: 14
[13:47:02.573] [bmv2] [D] [thread 8111] [16.0] [cxt 0] Parser 'parser': end
[13:47:02.573] [bmv2] [D] [thread 8111] [16.0] [cxt 0] Pipeline 'ingress': start
[13:47:02.573] [bmv2] [T] [thread 8111] [16.0] [cxt 0] ecn.p4(117) Condition "hdr.ipv4.isValid()" (node_2) is false
[13:47:02.573] [bmv2] [D] [thread 8111] [16.0] [cxt 0] Pipeline 'ingress': end
[13:47:02.573] [bmv2] [D] [thread 8111] [16.0] [cxt 0] Egress port is 0
[13:47:02.573] [bmv2] [D] [thread 8112] [16.0] [cxt 0] Pipeline 'egress': start
[13:47:02.573] [bmv2] [D] [thread 8112] [16.0] [cxt 0] Pipeline 'egress': end
[13:47:02.573] [bmv2] [D] [thread 8112] [16.0] [cxt 0] Deparser 'deparser': start
[13:47:02.573] [bmv2] [T] [thread 8112] [16.0] [cxt 0] Skipping checksum 'cksum' update because condition not met
[13:47:02.573] [bmv2] [D] [thread 8112] [16.0] [cxt 0] Deparsing header 'ethernet'
[13:47:02.573] [bmv2] [D] [thread 8112] [16.0] [cxt 0] Deparser 'deparser': end
[13:47:02.573] [bmv2] [D] [thread 8116] [16.0] [cxt 0] Transmitting packet of size 196 out of port 0
[13:47:02.816] [bmv2] [W] [thread 8175] [P4Runtime] p4::tmp::P4DeviceConfig is deprecated
[13:47:02.817] [bmv2] [D] [thread 8175] Set default default entry for table 'MyIngress.ipv4_lpm': MyIngress.drop - 
[13:47:02.817] [bmv2] [D] [thread 8175] simple_switch target has been notified of a config swap
[13:47:02.820] [bmv2] [D] [thread 8175] Entry 0 added to table 'MyIngress.ipv4_lpm'
[13:47:02.820] [bmv2] [D] [thread 8175] Dumping entry 0
Match key:
* hdr.ipv4.dstAddr    : LPM       0a000303/32
Action entry: MyIngress.ipv4_forward - 80000000303,1,

[13:47:02.821] [bmv2] [D] [thread 8175] Entry 1 added to table 'MyIngress.ipv4_lpm'
[13:47:02.821] [bmv2] [D] [thread 8175] Dumping entry 1
Match key:
* hdr.ipv4.dstAddr    : LPM       0a000100/24
Action entry: MyIngress.ipv4_forward - 80000000100,2,

[13:47:02.822] [bmv2] [D] [thread 8175] Entry 2 added to table 'MyIngress.ipv4_lpm'
[13:47:02.822] [bmv2] [D] [thread 8175] Dumping entry 2
Match key:
* hdr.ipv4.dstAddr    : LPM       0a000200/24
Action entry: MyIngress.ipv4_forward - 80000000200,3,

[13:47:03.050] [bmv2] [D] [thread 8111] [17.0] [cxt 0] Processing packet received on port 3
[13:47:03.050] [bmv2] [D] [thread 8111] [17.0] [cxt 0] Parser 'parser': start
[13:47:03.050] [bmv2] [D] [thread 8111] [17.0] [cxt 0] Parser 'parser' entering state 'start'
[13:47:03.050] [bmv2] [D] [thread 8111] [17.0] [cxt 0] Extracting header 'ethernet'
[13:47:03.050] [bmv2] [D] [thread 8111] [17.0] [cxt 0] Parser state 'start': key is 86dd
[13:47:03.050] [bmv2] [T] [thread 8111] [17.0] [cxt 0] Bytes parsed: 14
[13:47:03.050] [bmv2] [D] [thread 8111] [17.0] [cxt 0] Parser 'parser': end
[13:47:03.050] [bmv2] [D] [thread 8111] [17.0] [cxt 0] Pipeline 'ingress': start
[13:47:03.050] [bmv2] [T] [thread 8111] [17.0] [cxt 0] ecn.p4(117) Condition "hdr.ipv4.isValid()" (node_2) is false
[13:47:03.050] [bmv2] [D] [thread 8111] [17.0] [cxt 0] Pipeline 'ingress': end
[13:47:03.050] [bmv2] [D] [thread 8111] [17.0] [cxt 0] Egress port is 0
[13:47:03.050] [bmv2] [D] [thread 8111] [18.0] [cxt 0] Processing packet received on port 3
[13:47:03.050] [bmv2] [D] [thread 8111] [18.0] [cxt 0] Parser 'parser': start
[13:47:03.050] [bmv2] [D] [thread 8111] [18.0] [cxt 0] Parser 'parser' entering state 'start'
[13:47:03.050] [bmv2] [D] [thread 8111] [18.0] [cxt 0] Extracting header 'ethernet'
[13:47:03.050] [bmv2] [D] [thread 8111] [18.0] [cxt 0] Parser state 'start': key is 86dd
[13:47:03.050] [bmv2] [T] [thread 8111] [18.0] [cxt 0] Bytes parsed: 14
[13:47:03.050] [bmv2] [D] [thread 8111] [18.0] [cxt 0] Parser 'parser': end
[13:47:03.050] [bmv2] [D] [thread 8111] [18.0] [cxt 0] Pipeline 'ingress': start
[13:47:03.050] [bmv2] [T] [thread 8111] [18.0] [cxt 0] ecn.p4(117) Condition "hdr.ipv4.isValid()" (node_2) is false
[13:47:03.050] [bmv2] [D] [thread 8111] [18.0] [cxt 0] Pipeline 'ingress': end
[13:47:03.050] [bmv2] [D] [thread 8111] [18.0] [cxt 0] Egress port is 0
[13:47:03.050] [bmv2] [D] [thread 8112] [17.0] [cxt 0] Pipeline 'egress': start
[13:47:03.050] [bmv2] [D] [thread 8112] [17.0] [cxt 0] Pipeline 'egress': end
[13:47:03.050] [bmv2] [D] [thread 8112] [17.0] [cxt 0] Deparser 'deparser': start
[13:47:03.050] [bmv2] [T] [thread 8112] [17.0] [cxt 0] Skipping checksum 'cksum' update because condition not met
[13:47:03.050] [bmv2] [D] [thread 8112] [17.0] [cxt 0] Deparsing header 'ethernet'
[13:47:03.050] [bmv2] [D] [thread 8112] [17.0] [cxt 0] Deparser 'deparser': end
[13:47:03.050] [bmv2] [D] [thread 8112] [18.0] [cxt 0] Pipeline 'egress': start
[13:47:03.050] [bmv2] [D] [thread 8112] [18.0] [cxt 0] Pipeline 'egress': end
[13:47:03.050] [bmv2] [D] [thread 8112] [18.0] [cxt 0] Deparser 'deparser': start
[13:47:03.050] [bmv2] [T] [thread 8112] [18.0] [cxt 0] Skipping checksum 'cksum' update because condition not met
[13:47:03.050] [bmv2] [D] [thread 8112] [18.0] [cxt 0] Deparsing header 'ethernet'
[13:47:03.050] [bmv2] [D] [thread 8112] [18.0] [cxt 0] Deparser 'deparser': end
[13:47:03.050] [bmv2] [D] [thread 8116] [17.0] [cxt 0] Transmitting packet of size 196 out of port 0
[13:47:03.050] [bmv2] [D] [thread 8116] [18.0] [cxt 0] Transmitting packet of size 196 out of port 0
[13:47:03.150] [bmv2] [D] [thread 8111] [19.0] [cxt 0] Processing packet received on port 2
[13:47:03.150] [bmv2] [D] [thread 8111] [19.0] [cxt 0] Parser 'parser': start
[13:47:03.150] [bmv2] [D] [thread 8111] [19.0] [cxt 0] Parser 'parser' entering state 'start'
[13:47:03.150] [bmv2] [D] [thread 8111] [19.0] [cxt 0] Extracting header 'ethernet'
[13:47:03.150] [bmv2] [D] [thread 8111] [19.0] [cxt 0] Parser state 'start': key is 86dd
[13:47:03.150] [bmv2] [T] [thread 8111] [19.0] [cxt 0] Bytes parsed: 14
[13:47:03.150] [bmv2] [D] [thread 8111] [19.0] [cxt 0] Parser 'parser': end
[13:47:03.150] [bmv2] [D] [thread 8111] [19.0] [cxt 0] Pipeline 'ingress': start
[13:47:03.150] [bmv2] [T] [thread 8111] [19.0] [cxt 0] ecn.p4(117) Condition "hdr.ipv4.isValid()" (node_2) is false
[13:47:03.150] [bmv2] [D] [thread 8111] [19.0] [cxt 0] Pipeline 'ingress': end
[13:47:03.150] [bmv2] [D] [thread 8111] [19.0] [cxt 0] Egress port is 0
[13:47:03.150] [bmv2] [D] [thread 8112] [19.0] [cxt 0] Pipeline 'egress': start
[13:47:03.150] [bmv2] [D] [thread 8112] [19.0] [cxt 0] Pipeline 'egress': end
[13:47:03.150] [bmv2] [D] [thread 8112] [19.0] [cxt 0] Deparser 'deparser': start
[13:47:03.150] [bmv2] [T] [thread 8112] [19.0] [cxt 0] Skipping checksum 'cksum' update because condition not met
[13:47:03.150] [bmv2] [D] [thread 8112] [19.0] [cxt 0] Deparsing header 'ethernet'
[13:47:03.152] [bmv2] [D] [thread 8112] [19.0] [cxt 0] Deparser 'deparser': end
[13:47:03.152] [bmv2] [D] [thread 8116] [19.0] [cxt 0] Transmitting packet of size 196 out of port 0
[13:47:03.285] [bmv2] [D] [thread 8111] [20.0] [cxt 0] Processing packet received on port 2
[13:47:03.285] [bmv2] [D] [thread 8111] [20.0] [cxt 0] Parser 'parser': start
[13:47:03.285] [bmv2] [D] [thread 8111] [20.0] [cxt 0] Parser 'parser' entering state 'start'
[13:47:03.285] [bmv2] [D] [thread 8111] [20.0] [cxt 0] Extracting header 'ethernet'
[13:47:03.285] [bmv2] [D] [thread 8111] [20.0] [cxt 0] Parser state 'start': key is 86dd
[13:47:03.285] [bmv2] [T] [thread 8111] [20.0] [cxt 0] Bytes parsed: 14
[13:47:03.285] [bmv2] [D] [thread 8111] [20.0] [cxt 0] Parser 'parser': end
[13:47:03.285] [bmv2] [D] [thread 8111] [20.0] [cxt 0] Pipeline 'ingress': start
[13:47:03.285] [bmv2] [T] [thread 8111] [20.0] [cxt 0] ecn.p4(117) Condition "hdr.ipv4.isValid()" (node_2) is false
[13:47:03.285] [bmv2] [D] [thread 8111] [20.0] [cxt 0] Pipeline 'ingress': end
[13:47:03.285] [bmv2] [D] [thread 8111] [20.0] [cxt 0] Egress port is 0
[13:47:03.285] [bmv2] [D] [thread 8112] [20.0] [cxt 0] Pipeline 'egress': start
[13:47:03.285] [bmv2] [D] [thread 8112] [20.0] [cxt 0] Pipeline 'egress': end
[13:47:03.285] [bmv2] [D] [thread 8112] [20.0] [cxt 0] Deparser 'deparser': start
[13:47:03.285] [bmv2] [T] [thread 8112] [20.0] [cxt 0] Skipping checksum 'cksum' update because condition not met
[13:47:03.285] [bmv2] [D] [thread 8112] [20.0] [cxt 0] Deparsing header 'ethernet'
[13:47:03.285] [bmv2] [D] [thread 8112] [20.0] [cxt 0] Deparser 'deparser': end
[13:47:03.285] [bmv2] [D] [thread 8116] [20.0] [cxt 0] Transmitting packet of size 196 out of port 0
[13:47:04.492] [bmv2] [D] [thread 8111] [21.0] [cxt 0] Processing packet received on port 1
[13:47:04.492] [bmv2] [D] [thread 8111] [21.0] [cxt 0] Parser 'parser': start
[13:47:04.492] [bmv2] [D] [thread 8111] [21.0] [cxt 0] Parser 'parser' entering state 'start'
[13:47:04.492] [bmv2] [D] [thread 8111] [21.0] [cxt 0] Extracting header 'ethernet'
[13:47:04.492] [bmv2] [D] [thread 8111] [21.0] [cxt 0] Parser state 'start': key is 86dd
[13:47:04.492] [bmv2] [T] [thread 8111] [21.0] [cxt 0] Bytes parsed: 14
[13:47:04.492] [bmv2] [D] [thread 8111] [21.0] [cxt 0] Parser 'parser': end
[13:47:04.492] [bmv2] [D] [thread 8111] [21.0] [cxt 0] Pipeline 'ingress': start
[13:47:04.492] [bmv2] [T] [thread 8111] [21.0] [cxt 0] ecn.p4(117) Condition "hdr.ipv4.isValid()" (node_2) is false
[13:47:04.492] [bmv2] [D] [thread 8111] [21.0] [cxt 0] Pipeline 'ingress': end
[13:47:04.492] [bmv2] [D] [thread 8111] [21.0] [cxt 0] Egress port is 0
[13:47:04.492] [bmv2] [D] [thread 8112] [21.0] [cxt 0] Pipeline 'egress': start
[13:47:04.492] [bmv2] [D] [thread 8112] [21.0] [cxt 0] Pipeline 'egress': end
[13:47:04.492] [bmv2] [D] [thread 8112] [21.0] [cxt 0] Deparser 'deparser': start
[13:47:04.492] [bmv2] [T] [thread 8112] [21.0] [cxt 0] Skipping checksum 'cksum' update because condition not met
[13:47:04.492] [bmv2] [D] [thread 8112] [21.0] [cxt 0] Deparsing header 'ethernet'
[13:47:04.492] [bmv2] [D] [thread 8112] [21.0] [cxt 0] Deparser 'deparser': end
[13:47:04.492] [bmv2] [D] [thread 8116] [21.0] [cxt 0] Transmitting packet of size 70 out of port 0
[13:47:04.748] [bmv2] [D] [thread 8111] [22.0] [cxt 0] Processing packet received on port 2
[13:47:04.748] [bmv2] [D] [thread 8111] [22.0] [cxt 0] Parser 'parser': start
[13:47:04.748] [bmv2] [D] [thread 8111] [22.0] [cxt 0] Parser 'parser' entering state 'start'
[13:47:04.748] [bmv2] [D] [thread 8111] [22.0] [cxt 0] Extracting header 'ethernet'
[13:47:04.748] [bmv2] [D] [thread 8111] [22.0] [cxt 0] Parser state 'start': key is 86dd
[13:47:04.748] [bmv2] [T] [thread 8111] [22.0] [cxt 0] Bytes parsed: 14
[13:47:04.748] [bmv2] [D] [thread 8111] [22.0] [cxt 0] Parser 'parser': end
[13:47:04.748] [bmv2] [D] [thread 8111] [22.0] [cxt 0] Pipeline 'ingress': start
[13:47:04.748] [bmv2] [T] [thread 8111] [22.0] [cxt 0] ecn.p4(117) Condition "hdr.ipv4.isValid()" (node_2) is false
[13:47:04.748] [bmv2] [D] [thread 8111] [22.0] [cxt 0] Pipeline 'ingress': end
[13:47:04.748] [bmv2] [D] [thread 8111] [22.0] [cxt 0] Egress port is 0
[13:47:04.748] [bmv2] [D] [thread 8111] [23.0] [cxt 0] Processing packet received on port 3
[13:47:04.748] [bmv2] [D] [thread 8111] [23.0] [cxt 0] Parser 'parser': start
[13:47:04.748] [bmv2] [D] [thread 8111] [23.0] [cxt 0] Parser 'parser' entering state 'start'
[13:47:04.748] [bmv2] [D] [thread 8111] [23.0] [cxt 0] Extracting header 'ethernet'
[13:47:04.748] [bmv2] [D] [thread 8111] [23.0] [cxt 0] Parser state 'start': key is 86dd
[13:47:04.748] [bmv2] [T] [thread 8111] [23.0] [cxt 0] Bytes parsed: 14
[13:47:04.748] [bmv2] [D] [thread 8111] [23.0] [cxt 0] Parser 'parser': end
[13:47:04.748] [bmv2] [D] [thread 8111] [23.0] [cxt 0] Pipeline 'ingress': start
[13:47:04.748] [bmv2] [T] [thread 8111] [23.0] [cxt 0] ecn.p4(117) Condition "hdr.ipv4.isValid()" (node_2) is false
[13:47:04.748] [bmv2] [D] [thread 8111] [23.0] [cxt 0] Pipeline 'ingress': end
[13:47:04.748] [bmv2] [D] [thread 8111] [23.0] [cxt 0] Egress port is 0
[13:47:04.748] [bmv2] [D] [thread 8112] [22.0] [cxt 0] Pipeline 'egress': start
[13:47:04.748] [bmv2] [D] [thread 8112] [22.0] [cxt 0] Pipeline 'egress': end
[13:47:04.748] [bmv2] [D] [thread 8112] [22.0] [cxt 0] Deparser 'deparser': start
[13:47:04.748] [bmv2] [T] [thread 8112] [22.0] [cxt 0] Skipping checksum 'cksum' update because condition not met
[13:47:04.748] [bmv2] [D] [thread 8112] [22.0] [cxt 0] Deparsing header 'ethernet'
[13:47:04.748] [bmv2] [D] [thread 8112] [22.0] [cxt 0] Deparser 'deparser': end
[13:47:04.748] [bmv2] [D] [thread 8112] [23.0] [cxt 0] Pipeline 'egress': start
[13:47:04.748] [bmv2] [D] [thread 8112] [23.0] [cxt 0] Pipeline 'egress': end
[13:47:04.748] [bmv2] [D] [thread 8112] [23.0] [cxt 0] Deparser 'deparser': start
[13:47:04.748] [bmv2] [T] [thread 8112] [23.0] [cxt 0] Skipping checksum 'cksum' update because condition not met
[13:47:04.748] [bmv2] [D] [thread 8112] [23.0] [cxt 0] Deparsing header 'ethernet'
[13:47:04.748] [bmv2] [D] [thread 8112] [23.0] [cxt 0] Deparser 'deparser': end
[13:47:04.748] [bmv2] [D] [thread 8116] [22.0] [cxt 0] Transmitting packet of size 70 out of port 0
[13:47:04.748] [bmv2] [D] [thread 8116] [23.0] [cxt 0] Transmitting packet of size 70 out of port 0
[13:47:04.806] [bmv2] [D] [thread 8111] [24.0] [cxt 0] Processing packet received on port 1
[13:47:04.806] [bmv2] [D] [thread 8111] [24.0] [cxt 0] Parser 'parser': start
[13:47:04.806] [bmv2] [D] [thread 8111] [24.0] [cxt 0] Parser 'parser' entering state 'start'
[13:47:04.806] [bmv2] [D] [thread 8111] [24.0] [cxt 0] Extracting header 'ethernet'
[13:47:04.806] [bmv2] [D] [thread 8111] [24.0] [cxt 0] Parser state 'start': key is 86dd
[13:47:04.806] [bmv2] [T] [thread 8111] [24.0] [cxt 0] Bytes parsed: 14
[13:47:04.806] [bmv2] [D] [thread 8111] [24.0] [cxt 0] Parser 'parser': end
[13:47:04.806] [bmv2] [D] [thread 8111] [24.0] [cxt 0] Pipeline 'ingress': start
[13:47:04.806] [bmv2] [T] [thread 8111] [24.0] [cxt 0] ecn.p4(117) Condition "hdr.ipv4.isValid()" (node_2) is false
[13:47:04.806] [bmv2] [D] [thread 8111] [24.0] [cxt 0] Pipeline 'ingress': end
[13:47:04.806] [bmv2] [D] [thread 8111] [24.0] [cxt 0] Egress port is 0
[13:47:04.806] [bmv2] [D] [thread 8112] [24.0] [cxt 0] Pipeline 'egress': start
[13:47:04.806] [bmv2] [D] [thread 8112] [24.0] [cxt 0] Pipeline 'egress': end
[13:47:04.806] [bmv2] [D] [thread 8112] [24.0] [cxt 0] Deparser 'deparser': start
[13:47:04.806] [bmv2] [T] [thread 8112] [24.0] [cxt 0] Skipping checksum 'cksum' update because condition not met
[13:47:04.806] [bmv2] [D] [thread 8112] [24.0] [cxt 0] Deparsing header 'ethernet'
[13:47:04.806] [bmv2] [D] [thread 8112] [24.0] [cxt 0] Deparser 'deparser': end
[13:47:04.806] [bmv2] [D] [thread 8116] [24.0] [cxt 0] Transmitting packet of size 196 out of port 0
[13:47:05.004] [bmv2] [D] [thread 8111] [25.0] [cxt 0] Processing packet received on port 3
[13:47:05.004] [bmv2] [D] [thread 8111] [25.0] [cxt 0] Parser 'parser': start
[13:47:05.004] [bmv2] [D] [thread 8111] [25.0] [cxt 0] Parser 'parser' entering state 'start'
[13:47:05.004] [bmv2] [D] [thread 8111] [25.0] [cxt 0] Extracting header 'ethernet'
[13:47:05.004] [bmv2] [D] [thread 8111] [25.0] [cxt 0] Parser state 'start': key is 86dd
[13:47:05.004] [bmv2] [T] [thread 8111] [25.0] [cxt 0] Bytes parsed: 14
[13:47:05.004] [bmv2] [D] [thread 8111] [25.0] [cxt 0] Parser 'parser': end
[13:47:05.004] [bmv2] [D] [thread 8111] [25.0] [cxt 0] Pipeline 'ingress': start
[13:47:05.004] [bmv2] [T] [thread 8111] [25.0] [cxt 0] ecn.p4(117) Condition "hdr.ipv4.isValid()" (node_2) is false
[13:47:05.004] [bmv2] [D] [thread 8111] [25.0] [cxt 0] Pipeline 'ingress': end
[13:47:05.004] [bmv2] [D] [thread 8111] [25.0] [cxt 0] Egress port is 0
[13:47:05.004] [bmv2] [D] [thread 8112] [25.0] [cxt 0] Pipeline 'egress': start
[13:47:05.004] [bmv2] [D] [thread 8112] [25.0] [cxt 0] Pipeline 'egress': end
[13:47:05.004] [bmv2] [D] [thread 8112] [25.0] [cxt 0] Deparser 'deparser': start
[13:47:05.004] [bmv2] [T] [thread 8112] [25.0] [cxt 0] Skipping checksum 'cksum' update because condition not met
[13:47:05.004] [bmv2] [D] [thread 8112] [25.0] [cxt 0] Deparsing header 'ethernet'
[13:47:05.004] [bmv2] [D] [thread 8112] [25.0] [cxt 0] Deparser 'deparser': end
[13:47:05.005] [bmv2] [D] [thread 8116] [25.0] [cxt 0] Transmitting packet of size 70 out of port 0
[13:47:05.261] [bmv2] [D] [thread 8111] [26.0] [cxt 0] Processing packet received on port 2
[13:47:05.262] [bmv2] [D] [thread 8111] [26.0] [cxt 0] Parser 'parser': start
[13:47:05.262] [bmv2] [D] [thread 8111] [26.0] [cxt 0] Parser 'parser' entering state 'start'
[13:47:05.262] [bmv2] [D] [thread 8111] [26.0] [cxt 0] Extracting header 'ethernet'
[13:47:05.262] [bmv2] [D] [thread 8111] [26.0] [cxt 0] Parser state 'start': key is 86dd
[13:47:05.262] [bmv2] [T] [thread 8111] [26.0] [cxt 0] Bytes parsed: 14
[13:47:05.262] [bmv2] [D] [thread 8111] [26.0] [cxt 0] Parser 'parser': end
[13:47:05.262] [bmv2] [D] [thread 8111] [26.0] [cxt 0] Pipeline 'ingress': start
[13:47:05.262] [bmv2] [T] [thread 8111] [26.0] [cxt 0] ecn.p4(117) Condition "hdr.ipv4.isValid()" (node_2) is false
[13:47:05.262] [bmv2] [D] [thread 8111] [26.0] [cxt 0] Pipeline 'ingress': end
[13:47:05.262] [bmv2] [D] [thread 8111] [26.0] [cxt 0] Egress port is 0
[13:47:05.262] [bmv2] [D] [thread 8112] [26.0] [cxt 0] Pipeline 'egress': start
[13:47:05.262] [bmv2] [D] [thread 8112] [26.0] [cxt 0] Pipeline 'egress': end
[13:47:05.262] [bmv2] [D] [thread 8112] [26.0] [cxt 0] Deparser 'deparser': start
[13:47:05.262] [bmv2] [T] [thread 8112] [26.0] [cxt 0] Skipping checksum 'cksum' update because condition not met
[13:47:05.262] [bmv2] [D] [thread 8112] [26.0] [cxt 0] Deparsing header 'ethernet'
[13:47:05.262] [bmv2] [D] [thread 8112] [26.0] [cxt 0] Deparser 'deparser': end
[13:47:05.264] [bmv2] [D] [thread 8116] [26.0] [cxt 0] Transmitting packet of size 70 out of port 0
[13:47:05.289] [bmv2] [D] [thread 8111] [27.0] [cxt 0] Processing packet received on port 3
[13:47:05.289] [bmv2] [D] [thread 8111] [27.0] [cxt 0] Parser 'parser': start
[13:47:05.289] [bmv2] [D] [thread 8111] [27.0] [cxt 0] Parser 'parser' entering state 'start'
[13:47:05.289] [bmv2] [D] [thread 8111] [27.0] [cxt 0] Extracting header 'ethernet'
[13:47:05.289] [bmv2] [D] [thread 8111] [27.0] [cxt 0] Parser state 'start': key is 86dd
[13:47:05.289] [bmv2] [T] [thread 8111] [27.0] [cxt 0] Bytes parsed: 14
[13:47:05.289] [bmv2] [D] [thread 8111] [27.0] [cxt 0] Parser 'parser': end
[13:47:05.289] [bmv2] [D] [thread 8111] [27.0] [cxt 0] Pipeline 'ingress': start
[13:47:05.289] [bmv2] [T] [thread 8111] [27.0] [cxt 0] ecn.p4(117) Condition "hdr.ipv4.isValid()" (node_2) is false
[13:47:05.289] [bmv2] [D] [thread 8111] [27.0] [cxt 0] Pipeline 'ingress': end
[13:47:05.289] [bmv2] [D] [thread 8111] [27.0] [cxt 0] Egress port is 0
[13:47:05.289] [bmv2] [D] [thread 8111] [28.0] [cxt 0] Processing packet received on port 3
[13:47:05.289] [bmv2] [D] [thread 8111] [28.0] [cxt 0] Parser 'parser': start
[13:47:05.289] [bmv2] [D] [thread 8111] [28.0] [cxt 0] Parser 'parser' entering state 'start'
[13:47:05.289] [bmv2] [D] [thread 8111] [28.0] [cxt 0] Extracting header 'ethernet'
[13:47:05.289] [bmv2] [D] [thread 8111] [28.0] [cxt 0] Parser state 'start': key is 86dd
[13:47:05.289] [bmv2] [T] [thread 8111] [28.0] [cxt 0] Bytes parsed: 14
[13:47:05.289] [bmv2] [D] [thread 8111] [28.0] [cxt 0] Parser 'parser': end
[13:47:05.289] [bmv2] [D] [thread 8111] [28.0] [cxt 0] Pipeline 'ingress': start
[13:47:05.289] [bmv2] [T] [thread 8111] [28.0] [cxt 0] ecn.p4(117) Condition "hdr.ipv4.isValid()" (node_2) is false
[13:47:05.290] [bmv2] [D] [thread 8111] [28.0] [cxt 0] Pipeline 'ingress': end
[13:47:05.290] [bmv2] [D] [thread 8111] [28.0] [cxt 0] Egress port is 0
[13:47:05.290] [bmv2] [D] [thread 8112] [27.0] [cxt 0] Pipeline 'egress': start
[13:47:05.290] [bmv2] [D] [thread 8112] [27.0] [cxt 0] Pipeline 'egress': end
[13:47:05.290] [bmv2] [D] [thread 8112] [27.0] [cxt 0] Deparser 'deparser': start
[13:47:05.290] [bmv2] [T] [thread 8112] [27.0] [cxt 0] Skipping checksum 'cksum' update because condition not met
[13:47:05.290] [bmv2] [D] [thread 8112] [27.0] [cxt 0] Deparsing header 'ethernet'
[13:47:05.290] [bmv2] [D] [thread 8112] [27.0] [cxt 0] Deparser 'deparser': end
[13:47:05.291] [bmv2] [D] [thread 8112] [28.0] [cxt 0] Pipeline 'egress': start
[13:47:05.291] [bmv2] [D] [thread 8112] [28.0] [cxt 0] Pipeline 'egress': end
[13:47:05.291] [bmv2] [D] [thread 8112] [28.0] [cxt 0] Deparser 'deparser': start
[13:47:05.291] [bmv2] [T] [thread 8112] [28.0] [cxt 0] Skipping checksum 'cksum' update because condition not met
[13:47:05.291] [bmv2] [D] [thread 8112] [28.0] [cxt 0] Deparsing header 'ethernet'
[13:47:05.291] [bmv2] [D] [thread 8112] [28.0] [cxt 0] Deparser 'deparser': end
[13:47:05.292] [bmv2] [D] [thread 8116] [27.0] [cxt 0] Transmitting packet of size 196 out of port 0
[13:47:05.292] [bmv2] [D] [thread 8116] [28.0] [cxt 0] Transmitting packet of size 196 out of port 0
[13:47:05.390] [bmv2] [D] [thread 8111] [29.0] [cxt 0] Processing packet received on port 2
[13:47:05.391] [bmv2] [D] [thread 8111] [29.0] [cxt 0] Parser 'parser': start
[13:47:05.391] [bmv2] [D] [thread 8111] [29.0] [cxt 0] Parser 'parser' entering state 'start'
[13:47:05.391] [bmv2] [D] [thread 8111] [29.0] [cxt 0] Extracting header 'ethernet'
[13:47:05.391] [bmv2] [D] [thread 8111] [29.0] [cxt 0] Parser state 'start': key is 86dd
[13:47:05.391] [bmv2] [T] [thread 8111] [29.0] [cxt 0] Bytes parsed: 14
[13:47:05.391] [bmv2] [D] [thread 8111] [29.0] [cxt 0] Parser 'parser': end
[13:47:05.391] [bmv2] [D] [thread 8111] [29.0] [cxt 0] Pipeline 'ingress': start
[13:47:05.391] [bmv2] [T] [thread 8111] [29.0] [cxt 0] ecn.p4(117) Condition "hdr.ipv4.isValid()" (node_2) is false
[13:47:05.391] [bmv2] [D] [thread 8111] [29.0] [cxt 0] Pipeline 'ingress': end
[13:47:05.391] [bmv2] [D] [thread 8111] [29.0] [cxt 0] Egress port is 0
[13:47:05.392] [bmv2] [D] [thread 8112] [29.0] [cxt 0] Pipeline 'egress': start
[13:47:05.392] [bmv2] [D] [thread 8112] [29.0] [cxt 0] Pipeline 'egress': end
[13:47:05.392] [bmv2] [D] [thread 8112] [29.0] [cxt 0] Deparser 'deparser': start
[13:47:05.392] [bmv2] [T] [thread 8112] [29.0] [cxt 0] Skipping checksum 'cksum' update because condition not met
[13:47:05.392] [bmv2] [D] [thread 8112] [29.0] [cxt 0] Deparsing header 'ethernet'
[13:47:05.392] [bmv2] [D] [thread 8112] [29.0] [cxt 0] Deparser 'deparser': end
[13:47:05.392] [bmv2] [D] [thread 8116] [29.0] [cxt 0] Transmitting packet of size 196 out of port 0
[13:47:05.524] [bmv2] [D] [thread 8111] [30.0] [cxt 0] Processing packet received on port 2
[13:47:05.524] [bmv2] [D] [thread 8111] [30.0] [cxt 0] Parser 'parser': start
[13:47:05.524] [bmv2] [D] [thread 8111] [30.0] [cxt 0] Parser 'parser' entering state 'start'
[13:47:05.524] [bmv2] [D] [thread 8111] [30.0] [cxt 0] Extracting header 'ethernet'
[13:47:05.524] [bmv2] [D] [thread 8111] [30.0] [cxt 0] Parser state 'start': key is 86dd
[13:47:05.524] [bmv2] [T] [thread 8111] [30.0] [cxt 0] Bytes parsed: 14
[13:47:05.524] [bmv2] [D] [thread 8111] [30.0] [cxt 0] Parser 'parser': end
[13:47:05.524] [bmv2] [D] [thread 8111] [30.0] [cxt 0] Pipeline 'ingress': start
[13:47:05.524] [bmv2] [T] [thread 8111] [30.0] [cxt 0] ecn.p4(117) Condition "hdr.ipv4.isValid()" (node_2) is false
[13:47:05.524] [bmv2] [D] [thread 8111] [30.0] [cxt 0] Pipeline 'ingress': end
[13:47:05.524] [bmv2] [D] [thread 8111] [30.0] [cxt 0] Egress port is 0
[13:47:05.524] [bmv2] [D] [thread 8112] [30.0] [cxt 0] Pipeline 'egress': start
[13:47:05.524] [bmv2] [D] [thread 8112] [30.0] [cxt 0] Pipeline 'egress': end
[13:47:05.524] [bmv2] [D] [thread 8112] [30.0] [cxt 0] Deparser 'deparser': start
[13:47:05.524] [bmv2] [T] [thread 8112] [30.0] [cxt 0] Skipping checksum 'cksum' update because condition not met
[13:47:05.524] [bmv2] [D] [thread 8112] [30.0] [cxt 0] Deparsing header 'ethernet'
[13:47:05.524] [bmv2] [D] [thread 8112] [30.0] [cxt 0] Deparser 'deparser': end
[13:47:05.524] [bmv2] [D] [thread 8116] [30.0] [cxt 0] Transmitting packet of size 196 out of port 0
[13:47:12.428] [bmv2] [D] [thread 8111] [31.0] [cxt 0] Processing packet received on port 2
[13:47:12.428] [bmv2] [D] [thread 8111] [31.0] [cxt 0] Parser 'parser': start
[13:47:12.428] [bmv2] [D] [thread 8111] [31.0] [cxt 0] Parser 'parser' entering state 'start'
[13:47:12.428] [bmv2] [D] [thread 8111] [31.0] [cxt 0] Extracting header 'ethernet'
[13:47:12.428] [bmv2] [D] [thread 8111] [31.0] [cxt 0] Parser state 'start': key is 86dd
[13:47:12.428] [bmv2] [T] [thread 8111] [31.0] [cxt 0] Bytes parsed: 14
[13:47:12.428] [bmv2] [D] [thread 8111] [31.0] [cxt 0] Parser 'parser': end
[13:47:12.428] [bmv2] [D] [thread 8111] [31.0] [cxt 0] Pipeline 'ingress': start
[13:47:12.428] [bmv2] [T] [thread 8111] [31.0] [cxt 0] ecn.p4(117) Condition "hdr.ipv4.isValid()" (node_2) is false
[13:47:12.428] [bmv2] [D] [thread 8111] [31.0] [cxt 0] Pipeline 'ingress': end
[13:47:12.428] [bmv2] [D] [thread 8111] [31.0] [cxt 0] Egress port is 0
[13:47:12.428] [bmv2] [D] [thread 8111] [32.0] [cxt 0] Processing packet received on port 3
[13:47:12.428] [bmv2] [D] [thread 8111] [32.0] [cxt 0] Parser 'parser': start
[13:47:12.428] [bmv2] [D] [thread 8111] [32.0] [cxt 0] Parser 'parser' entering state 'start'
[13:47:12.428] [bmv2] [D] [thread 8111] [32.0] [cxt 0] Extracting header 'ethernet'
[13:47:12.428] [bmv2] [D] [thread 8111] [32.0] [cxt 0] Parser state 'start': key is 86dd
[13:47:12.428] [bmv2] [T] [thread 8111] [32.0] [cxt 0] Bytes parsed: 14
[13:47:12.428] [bmv2] [D] [thread 8111] [32.0] [cxt 0] Parser 'parser': end
[13:47:12.428] [bmv2] [D] [thread 8111] [32.0] [cxt 0] Pipeline 'ingress': start
[13:47:12.428] [bmv2] [T] [thread 8111] [32.0] [cxt 0] ecn.p4(117) Condition "hdr.ipv4.isValid()" (node_2) is false
[13:47:12.428] [bmv2] [D] [thread 8111] [32.0] [cxt 0] Pipeline 'ingress': end
[13:47:12.428] [bmv2] [D] [thread 8111] [32.0] [cxt 0] Egress port is 0
[13:47:12.428] [bmv2] [D] [thread 8112] [31.0] [cxt 0] Pipeline 'egress': start
[13:47:12.429] [bmv2] [D] [thread 8112] [31.0] [cxt 0] Pipeline 'egress': end
[13:47:12.429] [bmv2] [D] [thread 8112] [31.0] [cxt 0] Deparser 'deparser': start
[13:47:12.429] [bmv2] [T] [thread 8112] [31.0] [cxt 0] Skipping checksum 'cksum' update because condition not met
[13:47:12.429] [bmv2] [D] [thread 8112] [31.0] [cxt 0] Deparsing header 'ethernet'
[13:47:12.429] [bmv2] [D] [thread 8112] [31.0] [cxt 0] Deparser 'deparser': end
[13:47:12.429] [bmv2] [D] [thread 8112] [32.0] [cxt 0] Pipeline 'egress': start
[13:47:12.429] [bmv2] [D] [thread 8112] [32.0] [cxt 0] Pipeline 'egress': end
[13:47:12.429] [bmv2] [D] [thread 8112] [32.0] [cxt 0] Deparser 'deparser': start
[13:47:12.429] [bmv2] [T] [thread 8112] [32.0] [cxt 0] Skipping checksum 'cksum' update because condition not met
[13:47:12.429] [bmv2] [D] [thread 8112] [32.0] [cxt 0] Deparsing header 'ethernet'
[13:47:12.429] [bmv2] [D] [thread 8112] [32.0] [cxt 0] Deparser 'deparser': end
[13:47:12.429] [bmv2] [D] [thread 8116] [31.0] [cxt 0] Transmitting packet of size 70 out of port 0
[13:47:12.429] [bmv2] [D] [thread 8116] [32.0] [cxt 0] Transmitting packet of size 70 out of port 0
[13:47:12.684] [bmv2] [D] [thread 8111] [33.0] [cxt 0] Processing packet received on port 1
[13:47:12.684] [bmv2] [D] [thread 8111] [33.0] [cxt 0] Parser 'parser': start
[13:47:12.684] [bmv2] [D] [thread 8111] [33.0] [cxt 0] Parser 'parser' entering state 'start'
[13:47:12.684] [bmv2] [D] [thread 8111] [33.0] [cxt 0] Extracting header 'ethernet'
[13:47:12.684] [bmv2] [D] [thread 8111] [33.0] [cxt 0] Parser state 'start': key is 86dd
[13:47:12.684] [bmv2] [T] [thread 8111] [33.0] [cxt 0] Bytes parsed: 14
[13:47:12.684] [bmv2] [D] [thread 8111] [33.0] [cxt 0] Parser 'parser': end
[13:47:12.684] [bmv2] [D] [thread 8111] [33.0] [cxt 0] Pipeline 'ingress': start
[13:47:12.684] [bmv2] [T] [thread 8111] [33.0] [cxt 0] ecn.p4(117) Condition "hdr.ipv4.isValid()" (node_2) is false
[13:47:12.684] [bmv2] [D] [thread 8111] [33.0] [cxt 0] Pipeline 'ingress': end
[13:47:12.684] [bmv2] [D] [thread 8111] [33.0] [cxt 0] Egress port is 0
[13:47:12.684] [bmv2] [D] [thread 8112] [33.0] [cxt 0] Pipeline 'egress': start
[13:47:12.684] [bmv2] [D] [thread 8112] [33.0] [cxt 0] Pipeline 'egress': end
[13:47:12.684] [bmv2] [D] [thread 8112] [33.0] [cxt 0] Deparser 'deparser': start
[13:47:12.684] [bmv2] [T] [thread 8112] [33.0] [cxt 0] Skipping checksum 'cksum' update because condition not met
[13:47:12.684] [bmv2] [D] [thread 8112] [33.0] [cxt 0] Deparsing header 'ethernet'
[13:47:12.684] [bmv2] [D] [thread 8112] [33.0] [cxt 0] Deparser 'deparser': end
[13:47:12.684] [bmv2] [D] [thread 8116] [33.0] [cxt 0] Transmitting packet of size 70 out of port 0
[13:47:13.199] [bmv2] [D] [thread 8111] [34.0] [cxt 0] Processing packet received on port 2
[13:47:13.199] [bmv2] [D] [thread 8111] [34.0] [cxt 0] Parser 'parser': start
[13:47:13.199] [bmv2] [D] [thread 8111] [34.0] [cxt 0] Parser 'parser' entering state 'start'
[13:47:13.199] [bmv2] [D] [thread 8111] [34.0] [cxt 0] Extracting header 'ethernet'
[13:47:13.199] [bmv2] [D] [thread 8111] [34.0] [cxt 0] Parser state 'start': key is 86dd
[13:47:13.199] [bmv2] [T] [thread 8111] [34.0] [cxt 0] Bytes parsed: 14
[13:47:13.199] [bmv2] [D] [thread 8111] [34.0] [cxt 0] Parser 'parser': end
[13:47:13.199] [bmv2] [D] [thread 8111] [34.0] [cxt 0] Pipeline 'ingress': start
[13:47:13.199] [bmv2] [T] [thread 8111] [34.0] [cxt 0] ecn.p4(117) Condition "hdr.ipv4.isValid()" (node_2) is false
[13:47:13.199] [bmv2] [D] [thread 8111] [34.0] [cxt 0] Pipeline 'ingress': end
[13:47:13.199] [bmv2] [D] [thread 8111] [34.0] [cxt 0] Egress port is 0
[13:47:13.199] [bmv2] [D] [thread 8111] [35.0] [cxt 0] Processing packet received on port 3
[13:47:13.199] [bmv2] [D] [thread 8111] [35.0] [cxt 0] Parser 'parser': start
[13:47:13.199] [bmv2] [D] [thread 8111] [35.0] [cxt 0] Parser 'parser' entering state 'start'
[13:47:13.199] [bmv2] [D] [thread 8111] [35.0] [cxt 0] Extracting header 'ethernet'
[13:47:13.199] [bmv2] [D] [thread 8111] [35.0] [cxt 0] Parser state 'start': key is 86dd
[13:47:13.199] [bmv2] [T] [thread 8111] [35.0] [cxt 0] Bytes parsed: 14
[13:47:13.199] [bmv2] [D] [thread 8111] [35.0] [cxt 0] Parser 'parser': end
[13:47:13.199] [bmv2] [D] [thread 8111] [35.0] [cxt 0] Pipeline 'ingress': start
[13:47:13.200] [bmv2] [T] [thread 8111] [35.0] [cxt 0] ecn.p4(117) Condition "hdr.ipv4.isValid()" (node_2) is false
[13:47:13.200] [bmv2] [D] [thread 8111] [35.0] [cxt 0] Pipeline 'ingress': end
[13:47:13.200] [bmv2] [D] [thread 8111] [35.0] [cxt 0] Egress port is 0
[13:47:13.200] [bmv2] [D] [thread 8112] [34.0] [cxt 0] Pipeline 'egress': start
[13:47:13.200] [bmv2] [D] [thread 8112] [34.0] [cxt 0] Pipeline 'egress': end
[13:47:13.200] [bmv2] [D] [thread 8112] [34.0] [cxt 0] Deparser 'deparser': start
[13:47:13.200] [bmv2] [T] [thread 8112] [34.0] [cxt 0] Skipping checksum 'cksum' update because condition not met
[13:47:13.200] [bmv2] [D] [thread 8112] [34.0] [cxt 0] Deparsing header 'ethernet'
[13:47:13.200] [bmv2] [D] [thread 8112] [34.0] [cxt 0] Deparser 'deparser': end
[13:47:13.200] [bmv2] [D] [thread 8112] [35.0] [cxt 0] Pipeline 'egress': start
[13:47:13.200] [bmv2] [D] [thread 8112] [35.0] [cxt 0] Pipeline 'egress': end
[13:47:13.200] [bmv2] [D] [thread 8112] [35.0] [cxt 0] Deparser 'deparser': start
[13:47:13.200] [bmv2] [T] [thread 8112] [35.0] [cxt 0] Skipping checksum 'cksum' update because condition not met
[13:47:13.200] [bmv2] [D] [thread 8112] [35.0] [cxt 0] Deparsing header 'ethernet'
[13:47:13.200] [bmv2] [D] [thread 8112] [35.0] [cxt 0] Deparser 'deparser': end
[13:47:13.200] [bmv2] [D] [thread 8116] [34.0] [cxt 0] Transmitting packet of size 70 out of port 0
[13:47:13.200] [bmv2] [D] [thread 8116] [35.0] [cxt 0] Transmitting packet of size 70 out of port 0
[13:47:27.280] [bmv2] [D] [thread 8111] [36.0] [cxt 0] Processing packet received on port 2
[13:47:27.280] [bmv2] [D] [thread 8111] [36.0] [cxt 0] Parser 'parser': start
[13:47:27.280] [bmv2] [D] [thread 8111] [36.0] [cxt 0] Parser 'parser' entering state 'start'
[13:47:27.280] [bmv2] [D] [thread 8111] [36.0] [cxt 0] Extracting header 'ethernet'
[13:47:27.280] [bmv2] [D] [thread 8111] [36.0] [cxt 0] Parser state 'start': key is 86dd
[13:47:27.280] [bmv2] [T] [thread 8111] [36.0] [cxt 0] Bytes parsed: 14
[13:47:27.280] [bmv2] [D] [thread 8111] [36.0] [cxt 0] Parser 'parser': end
[13:47:27.280] [bmv2] [D] [thread 8111] [36.0] [cxt 0] Pipeline 'ingress': start
[13:47:27.280] [bmv2] [T] [thread 8111] [36.0] [cxt 0] ecn.p4(117) Condition "hdr.ipv4.isValid()" (node_2) is false
[13:47:27.280] [bmv2] [D] [thread 8111] [36.0] [cxt 0] Pipeline 'ingress': end
[13:47:27.280] [bmv2] [D] [thread 8111] [36.0] [cxt 0] Egress port is 0
[13:47:27.280] [bmv2] [D] [thread 8112] [36.0] [cxt 0] Pipeline 'egress': start
[13:47:27.280] [bmv2] [D] [thread 8112] [36.0] [cxt 0] Pipeline 'egress': end
[13:47:27.280] [bmv2] [D] [thread 8112] [36.0] [cxt 0] Deparser 'deparser': start
[13:47:27.280] [bmv2] [T] [thread 8112] [36.0] [cxt 0] Skipping checksum 'cksum' update because condition not met
[13:47:27.280] [bmv2] [D] [thread 8112] [36.0] [cxt 0] Deparsing header 'ethernet'
[13:47:27.280] [bmv2] [D] [thread 8112] [36.0] [cxt 0] Deparser 'deparser': end
[13:47:27.281] [bmv2] [D] [thread 8116] [36.0] [cxt 0] Transmitting packet of size 70 out of port 0
[13:47:28.300] [bmv2] [D] [thread 8111] [37.0] [cxt 0] Processing packet received on port 2
[13:47:28.300] [bmv2] [D] [thread 8111] [37.0] [cxt 0] Parser 'parser': start
[13:47:28.300] [bmv2] [D] [thread 8111] [37.0] [cxt 0] Parser 'parser' entering state 'start'
[13:47:28.300] [bmv2] [D] [thread 8111] [37.0] [cxt 0] Extracting header 'ethernet'
[13:47:28.300] [bmv2] [D] [thread 8111] [37.0] [cxt 0] Parser state 'start': key is 86dd
[13:47:28.300] [bmv2] [T] [thread 8111] [37.0] [cxt 0] Bytes parsed: 14
[13:47:28.300] [bmv2] [D] [thread 8111] [37.0] [cxt 0] Parser 'parser': end
[13:47:28.300] [bmv2] [D] [thread 8111] [37.0] [cxt 0] Pipeline 'ingress': start
[13:47:28.300] [bmv2] [T] [thread 8111] [37.0] [cxt 0] ecn.p4(117) Condition "hdr.ipv4.isValid()" (node_2) is false
[13:47:28.300] [bmv2] [D] [thread 8111] [37.0] [cxt 0] Pipeline 'ingress': end
[13:47:28.300] [bmv2] [D] [thread 8111] [37.0] [cxt 0] Egress port is 0
[13:47:28.300] [bmv2] [D] [thread 8111] [38.0] [cxt 0] Processing packet received on port 3
[13:47:28.300] [bmv2] [D] [thread 8111] [38.0] [cxt 0] Parser 'parser': start
[13:47:28.300] [bmv2] [D] [thread 8111] [38.0] [cxt 0] Parser 'parser' entering state 'start'
[13:47:28.300] [bmv2] [D] [thread 8111] [38.0] [cxt 0] Extracting header 'ethernet'
[13:47:28.300] [bmv2] [D] [thread 8111] [38.0] [cxt 0] Parser state 'start': key is 86dd
[13:47:28.300] [bmv2] [T] [thread 8111] [38.0] [cxt 0] Bytes parsed: 14
[13:47:28.300] [bmv2] [D] [thread 8111] [38.0] [cxt 0] Parser 'parser': end
[13:47:28.300] [bmv2] [D] [thread 8111] [38.0] [cxt 0] Pipeline 'ingress': start
[13:47:28.300] [bmv2] [T] [thread 8111] [38.0] [cxt 0] ecn.p4(117) Condition "hdr.ipv4.isValid()" (node_2) is false
[13:47:28.300] [bmv2] [D] [thread 8111] [38.0] [cxt 0] Pipeline 'ingress': end
[13:47:28.300] [bmv2] [D] [thread 8111] [38.0] [cxt 0] Egress port is 0
[13:47:28.301] [bmv2] [D] [thread 8112] [37.0] [cxt 0] Pipeline 'egress': start
[13:47:28.301] [bmv2] [D] [thread 8112] [37.0] [cxt 0] Pipeline 'egress': end
[13:47:28.301] [bmv2] [D] [thread 8112] [37.0] [cxt 0] Deparser 'deparser': start
[13:47:28.301] [bmv2] [T] [thread 8112] [37.0] [cxt 0] Skipping checksum 'cksum' update because condition not met
[13:47:28.301] [bmv2] [D] [thread 8112] [37.0] [cxt 0] Deparsing header 'ethernet'
[13:47:28.301] [bmv2] [D] [thread 8112] [37.0] [cxt 0] Deparser 'deparser': end
[13:47:28.301] [bmv2] [D] [thread 8112] [38.0] [cxt 0] Pipeline 'egress': start
[13:47:28.301] [bmv2] [D] [thread 8112] [38.0] [cxt 0] Pipeline 'egress': end
[13:47:28.301] [bmv2] [D] [thread 8112] [38.0] [cxt 0] Deparser 'deparser': start
[13:47:28.301] [bmv2] [T] [thread 8112] [38.0] [cxt 0] Skipping checksum 'cksum' update because condition not met
[13:47:28.301] [bmv2] [D] [thread 8112] [38.0] [cxt 0] Deparsing header 'ethernet'
[13:47:28.301] [bmv2] [D] [thread 8112] [38.0] [cxt 0] Deparser 'deparser': end
[13:47:28.301] [bmv2] [D] [thread 8116] [37.0] [cxt 0] Transmitting packet of size 70 out of port 0
[13:47:28.301] [bmv2] [D] [thread 8116] [38.0] [cxt 0] Transmitting packet of size 70 out of port 0
[13:47:29.581] [bmv2] [D] [thread 8111] [39.0] [cxt 0] Processing packet received on port 1
[13:47:29.582] [bmv2] [D] [thread 8111] [39.0] [cxt 0] Parser 'parser': start
[13:47:29.582] [bmv2] [D] [thread 8111] [39.0] [cxt 0] Parser 'parser' entering state 'start'
[13:47:29.582] [bmv2] [D] [thread 8111] [39.0] [cxt 0] Extracting header 'ethernet'
[13:47:29.582] [bmv2] [D] [thread 8111] [39.0] [cxt 0] Parser state 'start': key is 86dd
[13:47:29.582] [bmv2] [T] [thread 8111] [39.0] [cxt 0] Bytes parsed: 14
[13:47:29.582] [bmv2] [D] [thread 8111] [39.0] [cxt 0] Parser 'parser': end
[13:47:29.582] [bmv2] [D] [thread 8111] [39.0] [cxt 0] Pipeline 'ingress': start
[13:47:29.582] [bmv2] [T] [thread 8111] [39.0] [cxt 0] ecn.p4(117) Condition "hdr.ipv4.isValid()" (node_2) is false
[13:47:29.582] [bmv2] [D] [thread 8111] [39.0] [cxt 0] Pipeline 'ingress': end
[13:47:29.582] [bmv2] [D] [thread 8111] [39.0] [cxt 0] Egress port is 0
[13:47:29.582] [bmv2] [D] [thread 8111] [40.0] [cxt 0] Processing packet received on port 3
[13:47:29.582] [bmv2] [D] [thread 8111] [40.0] [cxt 0] Parser 'parser': start
[13:47:29.582] [bmv2] [D] [thread 8111] [40.0] [cxt 0] Parser 'parser' entering state 'start'
[13:47:29.582] [bmv2] [D] [thread 8111] [40.0] [cxt 0] Extracting header 'ethernet'
[13:47:29.582] [bmv2] [D] [thread 8111] [40.0] [cxt 0] Parser state 'start': key is 86dd
[13:47:29.582] [bmv2] [T] [thread 8111] [40.0] [cxt 0] Bytes parsed: 14
[13:47:29.582] [bmv2] [D] [thread 8111] [40.0] [cxt 0] Parser 'parser': end
[13:47:29.582] [bmv2] [D] [thread 8111] [40.0] [cxt 0] Pipeline 'ingress': start
[13:47:29.582] [bmv2] [T] [thread 8111] [40.0] [cxt 0] ecn.p4(117) Condition "hdr.ipv4.isValid()" (node_2) is false
[13:47:29.582] [bmv2] [D] [thread 8111] [40.0] [cxt 0] Pipeline 'ingress': end
[13:47:29.582] [bmv2] [D] [thread 8111] [40.0] [cxt 0] Egress port is 0
[13:47:29.583] [bmv2] [D] [thread 8112] [39.0] [cxt 0] Pipeline 'egress': start
[13:47:29.583] [bmv2] [D] [thread 8112] [39.0] [cxt 0] Pipeline 'egress': end
[13:47:29.583] [bmv2] [D] [thread 8112] [39.0] [cxt 0] Deparser 'deparser': start
[13:47:29.583] [bmv2] [T] [thread 8112] [39.0] [cxt 0] Skipping checksum 'cksum' update because condition not met
[13:47:29.583] [bmv2] [D] [thread 8112] [39.0] [cxt 0] Deparsing header 'ethernet'
[13:47:29.583] [bmv2] [D] [thread 8112] [39.0] [cxt 0] Deparser 'deparser': end
[13:47:29.583] [bmv2] [D] [thread 8112] [40.0] [cxt 0] Pipeline 'egress': start
[13:47:29.583] [bmv2] [D] [thread 8112] [40.0] [cxt 0] Pipeline 'egress': end
[13:47:29.583] [bmv2] [D] [thread 8112] [40.0] [cxt 0] Deparser 'deparser': start
[13:47:29.583] [bmv2] [T] [thread 8112] [40.0] [cxt 0] Skipping checksum 'cksum' update because condition not met
[13:47:29.583] [bmv2] [D] [thread 8112] [40.0] [cxt 0] Deparsing header 'ethernet'
[13:47:29.583] [bmv2] [D] [thread 8112] [40.0] [cxt 0] Deparser 'deparser': end
[13:47:29.584] [bmv2] [D] [thread 8116] [39.0] [cxt 0] Transmitting packet of size 70 out of port 0
[13:47:29.584] [bmv2] [D] [thread 8116] [40.0] [cxt 0] Transmitting packet of size 70 out of port 0
[13:47:58.318] [bmv2] [D] [thread 8111] [41.0] [cxt 0] Processing packet received on port 2
[13:47:58.318] [bmv2] [D] [thread 8111] [41.0] [cxt 0] Parser 'parser': start
[13:47:58.318] [bmv2] [D] [thread 8111] [41.0] [cxt 0] Parser 'parser' entering state 'start'
[13:47:58.319] [bmv2] [D] [thread 8111] [41.0] [cxt 0] Extracting header 'ethernet'
[13:47:58.319] [bmv2] [D] [thread 8111] [41.0] [cxt 0] Parser state 'start': key is 86dd
[13:47:58.319] [bmv2] [T] [thread 8111] [41.0] [cxt 0] Bytes parsed: 14
[13:47:58.319] [bmv2] [D] [thread 8111] [41.0] [cxt 0] Parser 'parser': end
[13:47:58.328] [bmv2] [D] [thread 8111] [41.0] [cxt 0] Pipeline 'ingress': start
[13:47:58.333] [bmv2] [T] [thread 8111] [41.0] [cxt 0] ecn.p4(117) Condition "hdr.ipv4.isValid()" (node_2) is false
[13:47:58.336] [bmv2] [D] [thread 8111] [41.0] [cxt 0] Pipeline 'ingress': end
[13:47:58.336] [bmv2] [D] [thread 8111] [41.0] [cxt 0] Egress port is 0
[13:47:58.336] [bmv2] [D] [thread 8112] [41.0] [cxt 0] Pipeline 'egress': start
[13:47:58.336] [bmv2] [D] [thread 8112] [41.0] [cxt 0] Pipeline 'egress': end
[13:47:58.336] [bmv2] [D] [thread 8112] [41.0] [cxt 0] Deparser 'deparser': start
[13:47:58.336] [bmv2] [T] [thread 8112] [41.0] [cxt 0] Skipping checksum 'cksum' update because condition not met
[13:47:58.336] [bmv2] [D] [thread 8112] [41.0] [cxt 0] Deparsing header 'ethernet'
[13:47:58.336] [bmv2] [D] [thread 8112] [41.0] [cxt 0] Deparser 'deparser': end
[13:47:58.336] [bmv2] [D] [thread 8116] [41.0] [cxt 0] Transmitting packet of size 70 out of port 0
[13:48:00.305] [bmv2] [D] [thread 8111] [42.0] [cxt 0] Processing packet received on port 2
[13:48:00.305] [bmv2] [D] [thread 8111] [42.0] [cxt 0] Parser 'parser': start
[13:48:00.305] [bmv2] [D] [thread 8111] [42.0] [cxt 0] Parser 'parser' entering state 'start'
[13:48:00.305] [bmv2] [D] [thread 8111] [42.0] [cxt 0] Extracting header 'ethernet'
[13:48:00.305] [bmv2] [D] [thread 8111] [42.0] [cxt 0] Parser state 'start': key is 86dd
[13:48:00.305] [bmv2] [T] [thread 8111] [42.0] [cxt 0] Bytes parsed: 14
[13:48:00.305] [bmv2] [D] [thread 8111] [42.0] [cxt 0] Parser 'parser': end
[13:48:00.305] [bmv2] [D] [thread 8111] [42.0] [cxt 0] Pipeline 'ingress': start
[13:48:00.305] [bmv2] [T] [thread 8111] [42.0] [cxt 0] ecn.p4(117) Condition "hdr.ipv4.isValid()" (node_2) is false
[13:48:00.305] [bmv2] [D] [thread 8111] [42.0] [cxt 0] Pipeline 'ingress': end
[13:48:00.305] [bmv2] [D] [thread 8111] [42.0] [cxt 0] Egress port is 0
[13:48:00.305] [bmv2] [D] [thread 8112] [42.0] [cxt 0] Pipeline 'egress': start
[13:48:00.305] [bmv2] [D] [thread 8112] [42.0] [cxt 0] Pipeline 'egress': end
[13:48:00.305] [bmv2] [D] [thread 8112] [42.0] [cxt 0] Deparser 'deparser': start
[13:48:00.305] [bmv2] [T] [thread 8112] [42.0] [cxt 0] Skipping checksum 'cksum' update because condition not met
[13:48:00.305] [bmv2] [D] [thread 8112] [42.0] [cxt 0] Deparsing header 'ethernet'
[13:48:00.305] [bmv2] [D] [thread 8112] [42.0] [cxt 0] Deparser 'deparser': end
[13:48:00.305] [bmv2] [D] [thread 8116] [42.0] [cxt 0] Transmitting packet of size 70 out of port 0
[13:48:02.349] [bmv2] [D] [thread 8111] [43.0] [cxt 0] Processing packet received on port 3
[13:48:02.349] [bmv2] [D] [thread 8111] [43.0] [cxt 0] Parser 'parser': start
[13:48:02.349] [bmv2] [D] [thread 8111] [43.0] [cxt 0] Parser 'parser' entering state 'start'
[13:48:02.349] [bmv2] [D] [thread 8111] [43.0] [cxt 0] Extracting header 'ethernet'
[13:48:02.349] [bmv2] [D] [thread 8111] [43.0] [cxt 0] Parser state 'start': key is 86dd
[13:48:02.349] [bmv2] [T] [thread 8111] [43.0] [cxt 0] Bytes parsed: 14
[13:48:02.349] [bmv2] [D] [thread 8111] [43.0] [cxt 0] Parser 'parser': end
[13:48:02.349] [bmv2] [D] [thread 8111] [43.0] [cxt 0] Pipeline 'ingress': start
[13:48:02.349] [bmv2] [T] [thread 8111] [43.0] [cxt 0] ecn.p4(117) Condition "hdr.ipv4.isValid()" (node_2) is false
[13:48:02.349] [bmv2] [D] [thread 8111] [43.0] [cxt 0] Pipeline 'ingress': end
[13:48:02.349] [bmv2] [D] [thread 8111] [43.0] [cxt 0] Egress port is 0
[13:48:02.349] [bmv2] [D] [thread 8111] [44.0] [cxt 0] Processing packet received on port 3
[13:48:02.349] [bmv2] [D] [thread 8111] [44.0] [cxt 0] Parser 'parser': start
[13:48:02.349] [bmv2] [D] [thread 8111] [44.0] [cxt 0] Parser 'parser' entering state 'start'
[13:48:02.349] [bmv2] [D] [thread 8111] [44.0] [cxt 0] Extracting header 'ethernet'
[13:48:02.349] [bmv2] [D] [thread 8111] [44.0] [cxt 0] Parser state 'start': key is 86dd
[13:48:02.349] [bmv2] [T] [thread 8111] [44.0] [cxt 0] Bytes parsed: 14
[13:48:02.349] [bmv2] [D] [thread 8111] [44.0] [cxt 0] Parser 'parser': end
[13:48:02.349] [bmv2] [D] [thread 8111] [44.0] [cxt 0] Pipeline 'ingress': start
[13:48:02.349] [bmv2] [T] [thread 8111] [44.0] [cxt 0] ecn.p4(117) Condition "hdr.ipv4.isValid()" (node_2) is false
[13:48:02.350] [bmv2] [D] [thread 8111] [44.0] [cxt 0] Pipeline 'ingress': end
[13:48:02.350] [bmv2] [D] [thread 8111] [44.0] [cxt 0] Egress port is 0
[13:48:02.349] [bmv2] [D] [thread 8112] [43.0] [cxt 0] Pipeline 'egress': start
[13:48:02.350] [bmv2] [D] [thread 8112] [43.0] [cxt 0] Pipeline 'egress': end
[13:48:02.350] [bmv2] [D] [thread 8112] [43.0] [cxt 0] Deparser 'deparser': start
[13:48:02.350] [bmv2] [T] [thread 8112] [43.0] [cxt 0] Skipping checksum 'cksum' update because condition not met
[13:48:02.350] [bmv2] [D] [thread 8112] [43.0] [cxt 0] Deparsing header 'ethernet'
[13:48:02.350] [bmv2] [D] [thread 8112] [43.0] [cxt 0] Deparser 'deparser': end
[13:48:02.350] [bmv2] [D] [thread 8112] [44.0] [cxt 0] Pipeline 'egress': start
[13:48:02.351] [bmv2] [D] [thread 8112] [44.0] [cxt 0] Pipeline 'egress': end
[13:48:02.351] [bmv2] [D] [thread 8112] [44.0] [cxt 0] Deparser 'deparser': start
[13:48:02.351] [bmv2] [T] [thread 8112] [44.0] [cxt 0] Skipping checksum 'cksum' update because condition not met
[13:48:02.351] [bmv2] [D] [thread 8112] [44.0] [cxt 0] Deparsing header 'ethernet'
[13:48:02.351] [bmv2] [D] [thread 8112] [44.0] [cxt 0] Deparser 'deparser': end
[13:48:02.351] [bmv2] [D] [thread 8116] [43.0] [cxt 0] Transmitting packet of size 70 out of port 0
[13:48:02.351] [bmv2] [D] [thread 8116] [44.0] [cxt 0] Transmitting packet of size 70 out of port 0
[13:48:06.447] [bmv2] [D] [thread 8111] [45.0] [cxt 0] Processing packet received on port 1
[13:48:06.448] [bmv2] [D] [thread 8111] [45.0] [cxt 0] Parser 'parser': start
[13:48:06.448] [bmv2] [D] [thread 8111] [45.0] [cxt 0] Parser 'parser' entering state 'start'
[13:48:06.448] [bmv2] [D] [thread 8111] [45.0] [cxt 0] Extracting header 'ethernet'
[13:48:06.448] [bmv2] [D] [thread 8111] [45.0] [cxt 0] Parser state 'start': key is 86dd
[13:48:06.448] [bmv2] [T] [thread 8111] [45.0] [cxt 0] Bytes parsed: 14
[13:48:06.448] [bmv2] [D] [thread 8111] [45.0] [cxt 0] Parser 'parser': end
[13:48:06.448] [bmv2] [D] [thread 8111] [45.0] [cxt 0] Pipeline 'ingress': start
[13:48:06.448] [bmv2] [T] [thread 8111] [45.0] [cxt 0] ecn.p4(117) Condition "hdr.ipv4.isValid()" (node_2) is false
[13:48:06.448] [bmv2] [D] [thread 8111] [45.0] [cxt 0] Pipeline 'ingress': end
[13:48:06.448] [bmv2] [D] [thread 8111] [45.0] [cxt 0] Egress port is 0
[13:48:06.449] [bmv2] [D] [thread 8112] [45.0] [cxt 0] Pipeline 'egress': start
[13:48:06.449] [bmv2] [D] [thread 8112] [45.0] [cxt 0] Pipeline 'egress': end
[13:48:06.449] [bmv2] [D] [thread 8112] [45.0] [cxt 0] Deparser 'deparser': start
[13:48:06.449] [bmv2] [T] [thread 8112] [45.0] [cxt 0] Skipping checksum 'cksum' update because condition not met
[13:48:06.449] [bmv2] [D] [thread 8112] [45.0] [cxt 0] Deparsing header 'ethernet'
[13:48:06.449] [bmv2] [D] [thread 8112] [45.0] [cxt 0] Deparser 'deparser': end
[13:48:06.449] [bmv2] [D] [thread 8116] [45.0] [cxt 0] Transmitting packet of size 70 out of port 0
[13:48:55.597] [bmv2] [D] [thread 8111] [46.0] [cxt 0] Processing packet received on port 2
[13:48:55.597] [bmv2] [D] [thread 8111] [46.0] [cxt 0] Parser 'parser': start
[13:48:55.597] [bmv2] [D] [thread 8111] [46.0] [cxt 0] Parser 'parser' entering state 'start'
[13:48:55.597] [bmv2] [D] [thread 8111] [46.0] [cxt 0] Extracting header 'ethernet'
[13:48:55.597] [bmv2] [D] [thread 8111] [46.0] [cxt 0] Parser state 'start': key is 86dd
[13:48:55.597] [bmv2] [T] [thread 8111] [46.0] [cxt 0] Bytes parsed: 14
[13:48:55.597] [bmv2] [D] [thread 8111] [46.0] [cxt 0] Parser 'parser': end
[13:48:55.597] [bmv2] [D] [thread 8111] [46.0] [cxt 0] Pipeline 'ingress': start
[13:48:55.597] [bmv2] [T] [thread 8111] [46.0] [cxt 0] ecn.p4(117) Condition "hdr.ipv4.isValid()" (node_2) is false
[13:48:55.597] [bmv2] [D] [thread 8111] [46.0] [cxt 0] Pipeline 'ingress': end
[13:48:55.597] [bmv2] [D] [thread 8111] [46.0] [cxt 0] Egress port is 0
[13:48:55.598] [bmv2] [D] [thread 8112] [46.0] [cxt 0] Pipeline 'egress': start
[13:48:55.598] [bmv2] [D] [thread 8112] [46.0] [cxt 0] Pipeline 'egress': end
[13:48:55.598] [bmv2] [D] [thread 8112] [46.0] [cxt 0] Deparser 'deparser': start
[13:48:55.598] [bmv2] [T] [thread 8112] [46.0] [cxt 0] Skipping checksum 'cksum' update because condition not met
[13:48:55.598] [bmv2] [D] [thread 8112] [46.0] [cxt 0] Deparsing header 'ethernet'
[13:48:55.598] [bmv2] [D] [thread 8112] [46.0] [cxt 0] Deparser 'deparser': end
[13:48:55.598] [bmv2] [D] [thread 8116] [46.0] [cxt 0] Transmitting packet of size 70 out of port 0
[13:49:03.794] [bmv2] [D] [thread 8111] [47.0] [cxt 0] Processing packet received on port 2
[13:49:03.794] [bmv2] [D] [thread 8111] [47.0] [cxt 0] Parser 'parser': start
[13:49:03.794] [bmv2] [D] [thread 8111] [47.0] [cxt 0] Parser 'parser' entering state 'start'
[13:49:03.794] [bmv2] [D] [thread 8111] [47.0] [cxt 0] Extracting header 'ethernet'
[13:49:03.794] [bmv2] [D] [thread 8111] [47.0] [cxt 0] Parser state 'start': key is 86dd
[13:49:03.794] [bmv2] [T] [thread 8111] [47.0] [cxt 0] Bytes parsed: 14
[13:49:03.794] [bmv2] [D] [thread 8111] [47.0] [cxt 0] Parser 'parser': end
[13:49:03.794] [bmv2] [D] [thread 8111] [47.0] [cxt 0] Pipeline 'ingress': start
[13:49:03.794] [bmv2] [T] [thread 8111] [47.0] [cxt 0] ecn.p4(117) Condition "hdr.ipv4.isValid()" (node_2) is false
[13:49:03.794] [bmv2] [D] [thread 8111] [47.0] [cxt 0] Pipeline 'ingress': end
[13:49:03.794] [bmv2] [D] [thread 8111] [47.0] [cxt 0] Egress port is 0
[13:49:03.796] [bmv2] [D] [thread 8112] [47.0] [cxt 0] Pipeline 'egress': start
[13:49:03.796] [bmv2] [D] [thread 8112] [47.0] [cxt 0] Pipeline 'egress': end
[13:49:03.796] [bmv2] [D] [thread 8112] [47.0] [cxt 0] Deparser 'deparser': start
[13:49:03.796] [bmv2] [T] [thread 8112] [47.0] [cxt 0] Skipping checksum 'cksum' update because condition not met
[13:49:03.796] [bmv2] [D] [thread 8112] [47.0] [cxt 0] Deparsing header 'ethernet'
[13:49:03.796] [bmv2] [D] [thread 8112] [47.0] [cxt 0] Deparser 'deparser': end
[13:49:03.799] [bmv2] [D] [thread 8116] [47.0] [cxt 0] Transmitting packet of size 70 out of port 0
[13:49:05.841] [bmv2] [D] [thread 8111] [48.0] [cxt 0] Processing packet received on port 3
[13:49:05.841] [bmv2] [D] [thread 8111] [48.0] [cxt 0] Parser 'parser': start
[13:49:05.841] [bmv2] [D] [thread 8111] [48.0] [cxt 0] Parser 'parser' entering state 'start'
[13:49:05.841] [bmv2] [D] [thread 8111] [48.0] [cxt 0] Extracting header 'ethernet'
[13:49:05.842] [bmv2] [D] [thread 8111] [48.0] [cxt 0] Parser state 'start': key is 86dd
[13:49:05.842] [bmv2] [T] [thread 8111] [48.0] [cxt 0] Bytes parsed: 14
[13:49:05.842] [bmv2] [D] [thread 8111] [48.0] [cxt 0] Parser 'parser': end
[13:49:05.842] [bmv2] [D] [thread 8111] [48.0] [cxt 0] Pipeline 'ingress': start
[13:49:05.842] [bmv2] [T] [thread 8111] [48.0] [cxt 0] ecn.p4(117) Condition "hdr.ipv4.isValid()" (node_2) is false
[13:49:05.842] [bmv2] [D] [thread 8111] [48.0] [cxt 0] Pipeline 'ingress': end
[13:49:05.842] [bmv2] [D] [thread 8111] [48.0] [cxt 0] Egress port is 0
[13:49:05.842] [bmv2] [D] [thread 8112] [48.0] [cxt 0] Pipeline 'egress': start
[13:49:05.842] [bmv2] [D] [thread 8112] [48.0] [cxt 0] Pipeline 'egress': end
[13:49:05.842] [bmv2] [D] [thread 8112] [48.0] [cxt 0] Deparser 'deparser': start
[13:49:05.842] [bmv2] [T] [thread 8112] [48.0] [cxt 0] Skipping checksum 'cksum' update because condition not met
[13:49:05.842] [bmv2] [D] [thread 8112] [48.0] [cxt 0] Deparsing header 'ethernet'
[13:49:05.842] [bmv2] [D] [thread 8112] [48.0] [cxt 0] Deparser 'deparser': end
[13:49:05.845] [bmv2] [D] [thread 8116] [48.0] [cxt 0] Transmitting packet of size 70 out of port 0
[13:49:07.887] [bmv2] [D] [thread 8111] [49.0] [cxt 0] Processing packet received on port 3
[13:49:07.887] [bmv2] [D] [thread 8111] [49.0] [cxt 0] Parser 'parser': start
[13:49:07.887] [bmv2] [D] [thread 8111] [49.0] [cxt 0] Parser 'parser' entering state 'start'
[13:49:07.887] [bmv2] [D] [thread 8111] [49.0] [cxt 0] Extracting header 'ethernet'
[13:49:07.887] [bmv2] [D] [thread 8111] [49.0] [cxt 0] Parser state 'start': key is 86dd
[13:49:07.887] [bmv2] [T] [thread 8111] [49.0] [cxt 0] Bytes parsed: 14
[13:49:07.887] [bmv2] [D] [thread 8111] [49.0] [cxt 0] Parser 'parser': end
[13:49:07.887] [bmv2] [D] [thread 8111] [49.0] [cxt 0] Pipeline 'ingress': start
[13:49:07.887] [bmv2] [T] [thread 8111] [49.0] [cxt 0] ecn.p4(117) Condition "hdr.ipv4.isValid()" (node_2) is false
[13:49:07.887] [bmv2] [D] [thread 8111] [49.0] [cxt 0] Pipeline 'ingress': end
[13:49:07.887] [bmv2] [D] [thread 8111] [49.0] [cxt 0] Egress port is 0
[13:49:07.887] [bmv2] [D] [thread 8112] [49.0] [cxt 0] Pipeline 'egress': start
[13:49:07.887] [bmv2] [D] [thread 8112] [49.0] [cxt 0] Pipeline 'egress': end
[13:49:07.887] [bmv2] [D] [thread 8112] [49.0] [cxt 0] Deparser 'deparser': start
[13:49:07.887] [bmv2] [T] [thread 8112] [49.0] [cxt 0] Skipping checksum 'cksum' update because condition not met
[13:49:07.887] [bmv2] [D] [thread 8112] [49.0] [cxt 0] Deparsing header 'ethernet'
[13:49:07.887] [bmv2] [D] [thread 8112] [49.0] [cxt 0] Deparser 'deparser': end
[13:49:07.889] [bmv2] [D] [thread 8116] [49.0] [cxt 0] Transmitting packet of size 70 out of port 0
[13:49:20.192] [bmv2] [D] [thread 8111] [50.0] [cxt 0] Processing packet received on port 1
[13:49:20.192] [bmv2] [D] [thread 8111] [50.0] [cxt 0] Parser 'parser': start
[13:49:20.192] [bmv2] [D] [thread 8111] [50.0] [cxt 0] Parser 'parser' entering state 'start'
[13:49:20.192] [bmv2] [D] [thread 8111] [50.0] [cxt 0] Extracting header 'ethernet'
[13:49:20.192] [bmv2] [D] [thread 8111] [50.0] [cxt 0] Parser state 'start': key is 86dd
[13:49:20.192] [bmv2] [T] [thread 8111] [50.0] [cxt 0] Bytes parsed: 14
[13:49:20.192] [bmv2] [D] [thread 8111] [50.0] [cxt 0] Parser 'parser': end
[13:49:20.192] [bmv2] [D] [thread 8111] [50.0] [cxt 0] Pipeline 'ingress': start
[13:49:20.192] [bmv2] [T] [thread 8111] [50.0] [cxt 0] ecn.p4(117) Condition "hdr.ipv4.isValid()" (node_2) is false
[13:49:20.192] [bmv2] [D] [thread 8111] [50.0] [cxt 0] Pipeline 'ingress': end
[13:49:20.192] [bmv2] [D] [thread 8111] [50.0] [cxt 0] Egress port is 0
[13:49:20.192] [bmv2] [D] [thread 8112] [50.0] [cxt 0] Pipeline 'egress': start
[13:49:20.192] [bmv2] [D] [thread 8112] [50.0] [cxt 0] Pipeline 'egress': end
[13:49:20.192] [bmv2] [D] [thread 8112] [50.0] [cxt 0] Deparser 'deparser': start
[13:49:20.192] [bmv2] [T] [thread 8112] [50.0] [cxt 0] Skipping checksum 'cksum' update because condition not met
[13:49:20.192] [bmv2] [D] [thread 8112] [50.0] [cxt 0] Deparsing header 'ethernet'
[13:49:20.192] [bmv2] [D] [thread 8112] [50.0] [cxt 0] Deparser 'deparser': end
[13:49:20.193] [bmv2] [D] [thread 8116] [50.0] [cxt 0] Transmitting packet of size 70 out of port 0
[13:50:44.142] [bmv2] [D] [thread 8111] [51.0] [cxt 0] Processing packet received on port 2
[13:50:44.142] [bmv2] [D] [thread 8111] [51.0] [cxt 0] Parser 'parser': start
[13:50:44.142] [bmv2] [D] [thread 8111] [51.0] [cxt 0] Parser 'parser' entering state 'start'
[13:50:44.142] [bmv2] [D] [thread 8111] [51.0] [cxt 0] Extracting header 'ethernet'
[13:50:44.142] [bmv2] [D] [thread 8111] [51.0] [cxt 0] Parser state 'start': key is 86dd
[13:50:44.142] [bmv2] [T] [thread 8111] [51.0] [cxt 0] Bytes parsed: 14
[13:50:44.142] [bmv2] [D] [thread 8111] [51.0] [cxt 0] Parser 'parser': end
[13:50:44.142] [bmv2] [D] [thread 8111] [51.0] [cxt 0] Pipeline 'ingress': start
[13:50:44.142] [bmv2] [T] [thread 8111] [51.0] [cxt 0] ecn.p4(117) Condition "hdr.ipv4.isValid()" (node_2) is false
[13:50:44.142] [bmv2] [D] [thread 8111] [51.0] [cxt 0] Pipeline 'ingress': end
[13:50:44.142] [bmv2] [D] [thread 8111] [51.0] [cxt 0] Egress port is 0
[13:50:44.142] [bmv2] [D] [thread 8112] [51.0] [cxt 0] Pipeline 'egress': start
[13:50:44.142] [bmv2] [D] [thread 8112] [51.0] [cxt 0] Pipeline 'egress': end
[13:50:44.142] [bmv2] [D] [thread 8112] [51.0] [cxt 0] Deparser 'deparser': start
[13:50:44.142] [bmv2] [T] [thread 8112] [51.0] [cxt 0] Skipping checksum 'cksum' update because condition not met
[13:50:44.142] [bmv2] [D] [thread 8112] [51.0] [cxt 0] Deparsing header 'ethernet'
[13:50:44.142] [bmv2] [D] [thread 8112] [51.0] [cxt 0] Deparser 'deparser': end
[13:50:44.142] [bmv2] [D] [thread 8116] [51.0] [cxt 0] Transmitting packet of size 70 out of port 0
[13:51:06.712] [bmv2] [D] [thread 8111] [52.0] [cxt 0] Processing packet received on port 2
[13:51:06.712] [bmv2] [D] [thread 8111] [52.0] [cxt 0] Parser 'parser': start
[13:51:06.712] [bmv2] [D] [thread 8111] [52.0] [cxt 0] Parser 'parser' entering state 'start'
[13:51:06.712] [bmv2] [D] [thread 8111] [52.0] [cxt 0] Extracting header 'ethernet'
[13:51:06.712] [bmv2] [D] [thread 8111] [52.0] [cxt 0] Parser state 'start': key is 86dd
[13:51:06.712] [bmv2] [T] [thread 8111] [52.0] [cxt 0] Bytes parsed: 14
[13:51:06.712] [bmv2] [D] [thread 8111] [52.0] [cxt 0] Parser 'parser': end
[13:51:06.712] [bmv2] [D] [thread 8111] [52.0] [cxt 0] Pipeline 'ingress': start
[13:51:06.712] [bmv2] [T] [thread 8111] [52.0] [cxt 0] ecn.p4(117) Condition "hdr.ipv4.isValid()" (node_2) is false
[13:51:06.712] [bmv2] [D] [thread 8111] [52.0] [cxt 0] Pipeline 'ingress': end
[13:51:06.712] [bmv2] [D] [thread 8111] [52.0] [cxt 0] Egress port is 0
[13:51:06.712] [bmv2] [D] [thread 8111] [53.0] [cxt 0] Processing packet received on port 3
[13:51:06.712] [bmv2] [D] [thread 8111] [53.0] [cxt 0] Parser 'parser': start
[13:51:06.712] [bmv2] [D] [thread 8111] [53.0] [cxt 0] Parser 'parser' entering state 'start'
[13:51:06.712] [bmv2] [D] [thread 8111] [53.0] [cxt 0] Extracting header 'ethernet'
[13:51:06.712] [bmv2] [D] [thread 8111] [53.0] [cxt 0] Parser state 'start': key is 86dd
[13:51:06.712] [bmv2] [T] [thread 8111] [53.0] [cxt 0] Bytes parsed: 14
[13:51:06.712] [bmv2] [D] [thread 8111] [53.0] [cxt 0] Parser 'parser': end
[13:51:06.712] [bmv2] [D] [thread 8111] [53.0] [cxt 0] Pipeline 'ingress': start
[13:51:06.712] [bmv2] [T] [thread 8111] [53.0] [cxt 0] ecn.p4(117) Condition "hdr.ipv4.isValid()" (node_2) is false
[13:51:06.712] [bmv2] [D] [thread 8111] [53.0] [cxt 0] Pipeline 'ingress': end
[13:51:06.712] [bmv2] [D] [thread 8111] [53.0] [cxt 0] Egress port is 0
[13:51:06.712] [bmv2] [D] [thread 8112] [52.0] [cxt 0] Pipeline 'egress': start
[13:51:06.712] [bmv2] [D] [thread 8112] [52.0] [cxt 0] Pipeline 'egress': end
[13:51:06.712] [bmv2] [D] [thread 8112] [52.0] [cxt 0] Deparser 'deparser': start
[13:51:06.712] [bmv2] [T] [thread 8112] [52.0] [cxt 0] Skipping checksum 'cksum' update because condition not met
[13:51:06.712] [bmv2] [D] [thread 8112] [52.0] [cxt 0] Deparsing header 'ethernet'
[13:51:06.712] [bmv2] [D] [thread 8112] [52.0] [cxt 0] Deparser 'deparser': end
[13:51:06.712] [bmv2] [D] [thread 8112] [53.0] [cxt 0] Pipeline 'egress': start
[13:51:06.712] [bmv2] [D] [thread 8112] [53.0] [cxt 0] Pipeline 'egress': end
[13:51:06.713] [bmv2] [D] [thread 8112] [53.0] [cxt 0] Deparser 'deparser': start
[13:51:06.713] [bmv2] [T] [thread 8112] [53.0] [cxt 0] Skipping checksum 'cksum' update because condition not met
[13:51:06.713] [bmv2] [D] [thread 8112] [53.0] [cxt 0] Deparsing header 'ethernet'
[13:51:06.713] [bmv2] [D] [thread 8112] [53.0] [cxt 0] Deparser 'deparser': end
[13:51:06.713] [bmv2] [D] [thread 8116] [52.0] [cxt 0] Transmitting packet of size 70 out of port 0
[13:51:06.713] [bmv2] [D] [thread 8116] [53.0] [cxt 0] Transmitting packet of size 70 out of port 0
[13:51:25.103] [bmv2] [D] [thread 8111] [54.0] [cxt 0] Processing packet received on port 3
[13:51:25.103] [bmv2] [D] [thread 8111] [54.0] [cxt 0] Parser 'parser': start
[13:51:25.103] [bmv2] [D] [thread 8111] [54.0] [cxt 0] Parser 'parser' entering state 'start'
[13:51:25.103] [bmv2] [D] [thread 8111] [54.0] [cxt 0] Extracting header 'ethernet'
[13:51:25.103] [bmv2] [D] [thread 8111] [54.0] [cxt 0] Parser state 'start': key is 86dd
[13:51:25.103] [bmv2] [T] [thread 8111] [54.0] [cxt 0] Bytes parsed: 14
[13:51:25.103] [bmv2] [D] [thread 8111] [54.0] [cxt 0] Parser 'parser': end
[13:51:25.103] [bmv2] [D] [thread 8111] [54.0] [cxt 0] Pipeline 'ingress': start
[13:51:25.103] [bmv2] [T] [thread 8111] [54.0] [cxt 0] ecn.p4(117) Condition "hdr.ipv4.isValid()" (node_2) is false
[13:51:25.103] [bmv2] [D] [thread 8111] [54.0] [cxt 0] Pipeline 'ingress': end
[13:51:25.103] [bmv2] [D] [thread 8111] [54.0] [cxt 0] Egress port is 0
[13:51:25.104] [bmv2] [D] [thread 8112] [54.0] [cxt 0] Pipeline 'egress': start
[13:51:25.104] [bmv2] [D] [thread 8112] [54.0] [cxt 0] Pipeline 'egress': end
[13:51:25.104] [bmv2] [D] [thread 8112] [54.0] [cxt 0] Deparser 'deparser': start
[13:51:25.104] [bmv2] [T] [thread 8112] [54.0] [cxt 0] Skipping checksum 'cksum' update because condition not met
[13:51:25.104] [bmv2] [D] [thread 8112] [54.0] [cxt 0] Deparsing header 'ethernet'
[13:51:25.104] [bmv2] [D] [thread 8112] [54.0] [cxt 0] Deparser 'deparser': end
[13:51:25.104] [bmv2] [D] [thread 8116] [54.0] [cxt 0] Transmitting packet of size 70 out of port 0
[13:51:41.515] [bmv2] [D] [thread 8111] [55.0] [cxt 0] Processing packet received on port 1
[13:51:41.515] [bmv2] [D] [thread 8111] [55.0] [cxt 0] Parser 'parser': start
[13:51:41.515] [bmv2] [D] [thread 8111] [55.0] [cxt 0] Parser 'parser' entering state 'start'
[13:51:41.515] [bmv2] [D] [thread 8111] [55.0] [cxt 0] Extracting header 'ethernet'
[13:51:41.515] [bmv2] [D] [thread 8111] [55.0] [cxt 0] Parser state 'start': key is 86dd
[13:51:41.515] [bmv2] [T] [thread 8111] [55.0] [cxt 0] Bytes parsed: 14
[13:51:41.515] [bmv2] [D] [thread 8111] [55.0] [cxt 0] Parser 'parser': end
[13:51:41.515] [bmv2] [D] [thread 8111] [55.0] [cxt 0] Pipeline 'ingress': start
[13:51:41.515] [bmv2] [T] [thread 8111] [55.0] [cxt 0] ecn.p4(117) Condition "hdr.ipv4.isValid()" (node_2) is false
[13:51:41.515] [bmv2] [D] [thread 8111] [55.0] [cxt 0] Pipeline 'ingress': end
[13:51:41.515] [bmv2] [D] [thread 8111] [55.0] [cxt 0] Egress port is 0
[13:51:41.515] [bmv2] [D] [thread 8112] [55.0] [cxt 0] Pipeline 'egress': start
[13:51:41.515] [bmv2] [D] [thread 8112] [55.0] [cxt 0] Pipeline 'egress': end
[13:51:41.515] [bmv2] [D] [thread 8112] [55.0] [cxt 0] Deparser 'deparser': start
[13:51:41.515] [bmv2] [T] [thread 8112] [55.0] [cxt 0] Skipping checksum 'cksum' update because condition not met
[13:51:41.517] [bmv2] [D] [thread 8112] [55.0] [cxt 0] Deparsing header 'ethernet'
[13:51:41.517] [bmv2] [D] [thread 8112] [55.0] [cxt 0] Deparser 'deparser': end
[13:51:41.517] [bmv2] [D] [thread 8116] [55.0] [cxt 0] Transmitting packet of size 70 out of port 0
[13:54:25.330] [bmv2] [D] [thread 8111] [56.0] [cxt 0] Processing packet received on port 2
[13:54:25.330] [bmv2] [D] [thread 8111] [56.0] [cxt 0] Parser 'parser': start
[13:54:25.330] [bmv2] [D] [thread 8111] [56.0] [cxt 0] Parser 'parser' entering state 'start'
[13:54:25.331] [bmv2] [D] [thread 8111] [56.0] [cxt 0] Extracting header 'ethernet'
[13:54:25.331] [bmv2] [D] [thread 8111] [56.0] [cxt 0] Parser state 'start': key is 86dd
[13:54:25.331] [bmv2] [T] [thread 8111] [56.0] [cxt 0] Bytes parsed: 14
[13:54:25.331] [bmv2] [D] [thread 8111] [56.0] [cxt 0] Parser 'parser': end
[13:54:25.331] [bmv2] [D] [thread 8111] [56.0] [cxt 0] Pipeline 'ingress': start
[13:54:25.331] [bmv2] [T] [thread 8111] [56.0] [cxt 0] ecn.p4(117) Condition "hdr.ipv4.isValid()" (node_2) is false
[13:54:25.331] [bmv2] [D] [thread 8111] [56.0] [cxt 0] Pipeline 'ingress': end
[13:54:25.331] [bmv2] [D] [thread 8111] [56.0] [cxt 0] Egress port is 0
[13:54:25.331] [bmv2] [D] [thread 8112] [56.0] [cxt 0] Pipeline 'egress': start
[13:54:25.331] [bmv2] [D] [thread 8112] [56.0] [cxt 0] Pipeline 'egress': end
[13:54:25.331] [bmv2] [D] [thread 8112] [56.0] [cxt 0] Deparser 'deparser': start
[13:54:25.331] [bmv2] [T] [thread 8112] [56.0] [cxt 0] Skipping checksum 'cksum' update because condition not met
[13:54:25.331] [bmv2] [D] [thread 8112] [56.0] [cxt 0] Deparsing header 'ethernet'
[13:54:25.331] [bmv2] [D] [thread 8112] [56.0] [cxt 0] Deparser 'deparser': end
[13:54:25.332] [bmv2] [D] [thread 8116] [56.0] [cxt 0] Transmitting packet of size 70 out of port 0
[13:55:14.485] [bmv2] [D] [thread 8111] [57.0] [cxt 0] Processing packet received on port 3
[13:55:14.488] [bmv2] [D] [thread 8111] [57.0] [cxt 0] Parser 'parser': start
[13:55:14.488] [bmv2] [D] [thread 8111] [57.0] [cxt 0] Parser 'parser' entering state 'start'
[13:55:14.488] [bmv2] [D] [thread 8111] [57.0] [cxt 0] Extracting header 'ethernet'
[13:55:14.488] [bmv2] [D] [thread 8111] [57.0] [cxt 0] Parser state 'start': key is 86dd
[13:55:14.488] [bmv2] [T] [thread 8111] [57.0] [cxt 0] Bytes parsed: 14
[13:55:14.488] [bmv2] [D] [thread 8111] [57.0] [cxt 0] Parser 'parser': end
[13:55:14.488] [bmv2] [D] [thread 8111] [57.0] [cxt 0] Pipeline 'ingress': start
[13:55:14.488] [bmv2] [T] [thread 8111] [57.0] [cxt 0] ecn.p4(117) Condition "hdr.ipv4.isValid()" (node_2) is false
[13:55:14.488] [bmv2] [D] [thread 8111] [57.0] [cxt 0] Pipeline 'ingress': end
[13:55:14.488] [bmv2] [D] [thread 8111] [57.0] [cxt 0] Egress port is 0
[13:55:14.488] [bmv2] [D] [thread 8112] [57.0] [cxt 0] Pipeline 'egress': start
[13:55:14.488] [bmv2] [D] [thread 8112] [57.0] [cxt 0] Pipeline 'egress': end
[13:55:14.488] [bmv2] [D] [thread 8112] [57.0] [cxt 0] Deparser 'deparser': start
[13:55:14.488] [bmv2] [T] [thread 8112] [57.0] [cxt 0] Skipping checksum 'cksum' update because condition not met
[13:55:14.488] [bmv2] [D] [thread 8112] [57.0] [cxt 0] Deparsing header 'ethernet'
[13:55:14.488] [bmv2] [D] [thread 8112] [57.0] [cxt 0] Deparser 'deparser': end
[13:55:14.488] [bmv2] [D] [thread 8116] [57.0] [cxt 0] Transmitting packet of size 70 out of port 0
[13:55:30.864] [bmv2] [D] [thread 8111] [58.0] [cxt 0] Processing packet received on port 2
[13:55:30.865] [bmv2] [D] [thread 8111] [58.0] [cxt 0] Parser 'parser': start
[13:55:30.865] [bmv2] [D] [thread 8111] [58.0] [cxt 0] Parser 'parser' entering state 'start'
[13:55:30.865] [bmv2] [D] [thread 8111] [58.0] [cxt 0] Extracting header 'ethernet'
[13:55:30.865] [bmv2] [D] [thread 8111] [58.0] [cxt 0] Parser state 'start': key is 86dd
[13:55:30.865] [bmv2] [T] [thread 8111] [58.0] [cxt 0] Bytes parsed: 14
[13:55:30.865] [bmv2] [D] [thread 8111] [58.0] [cxt 0] Parser 'parser': end
[13:55:30.865] [bmv2] [D] [thread 8111] [58.0] [cxt 0] Pipeline 'ingress': start
[13:55:30.865] [bmv2] [T] [thread 8111] [58.0] [cxt 0] ecn.p4(117) Condition "hdr.ipv4.isValid()" (node_2) is false
[13:55:30.865] [bmv2] [D] [thread 8111] [58.0] [cxt 0] Pipeline 'ingress': end
[13:55:30.865] [bmv2] [D] [thread 8111] [58.0] [cxt 0] Egress port is 0
[13:55:30.865] [bmv2] [D] [thread 8112] [58.0] [cxt 0] Pipeline 'egress': start
[13:55:30.865] [bmv2] [D] [thread 8112] [58.0] [cxt 0] Pipeline 'egress': end
[13:55:30.865] [bmv2] [D] [thread 8112] [58.0] [cxt 0] Deparser 'deparser': start
[13:55:30.865] [bmv2] [T] [thread 8112] [58.0] [cxt 0] Skipping checksum 'cksum' update because condition not met
[13:55:30.865] [bmv2] [D] [thread 8112] [58.0] [cxt 0] Deparsing header 'ethernet'
[13:55:30.865] [bmv2] [D] [thread 8112] [58.0] [cxt 0] Deparser 'deparser': end
[13:55:30.865] [bmv2] [D] [thread 8116] [58.0] [cxt 0] Transmitting packet of size 70 out of port 0
[13:56:03.631] [bmv2] [D] [thread 8111] [59.0] [cxt 0] Processing packet received on port 3
[13:56:03.631] [bmv2] [D] [thread 8111] [59.0] [cxt 0] Parser 'parser': start
[13:56:03.631] [bmv2] [D] [thread 8111] [59.0] [cxt 0] Parser 'parser' entering state 'start'
[13:56:03.632] [bmv2] [D] [thread 8111] [59.0] [cxt 0] Extracting header 'ethernet'
[13:56:03.632] [bmv2] [D] [thread 8111] [59.0] [cxt 0] Parser state 'start': key is 86dd
[13:56:03.632] [bmv2] [T] [thread 8111] [59.0] [cxt 0] Bytes parsed: 14
[13:56:03.632] [bmv2] [D] [thread 8111] [59.0] [cxt 0] Parser 'parser': end
[13:56:03.632] [bmv2] [D] [thread 8111] [59.0] [cxt 0] Pipeline 'ingress': start
[13:56:03.633] [bmv2] [T] [thread 8111] [59.0] [cxt 0] ecn.p4(117) Condition "hdr.ipv4.isValid()" (node_2) is false
[13:56:03.633] [bmv2] [D] [thread 8111] [59.0] [cxt 0] Pipeline 'ingress': end
[13:56:03.633] [bmv2] [D] [thread 8111] [59.0] [cxt 0] Egress port is 0
[13:56:03.633] [bmv2] [D] [thread 8112] [59.0] [cxt 0] Pipeline 'egress': start
[13:56:03.633] [bmv2] [D] [thread 8112] [59.0] [cxt 0] Pipeline 'egress': end
[13:56:03.633] [bmv2] [D] [thread 8112] [59.0] [cxt 0] Deparser 'deparser': start
[13:56:03.633] [bmv2] [T] [thread 8112] [59.0] [cxt 0] Skipping checksum 'cksum' update because condition not met
[13:56:03.633] [bmv2] [D] [thread 8112] [59.0] [cxt 0] Deparsing header 'ethernet'
[13:56:03.633] [bmv2] [D] [thread 8112] [59.0] [cxt 0] Deparser 'deparser': end
[13:56:03.633] [bmv2] [D] [thread 8116] [59.0] [cxt 0] Transmitting packet of size 70 out of port 0
[13:56:36.409] [bmv2] [D] [thread 8111] [60.0] [cxt 0] Processing packet received on port 1
[13:56:36.409] [bmv2] [D] [thread 8111] [60.0] [cxt 0] Parser 'parser': start
[13:56:36.409] [bmv2] [D] [thread 8111] [60.0] [cxt 0] Parser 'parser' entering state 'start'
[13:56:36.409] [bmv2] [D] [thread 8111] [60.0] [cxt 0] Extracting header 'ethernet'
[13:56:36.409] [bmv2] [D] [thread 8111] [60.0] [cxt 0] Parser state 'start': key is 86dd
[13:56:36.409] [bmv2] [T] [thread 8111] [60.0] [cxt 0] Bytes parsed: 14
[13:56:36.409] [bmv2] [D] [thread 8111] [60.0] [cxt 0] Parser 'parser': end
[13:56:36.409] [bmv2] [D] [thread 8111] [60.0] [cxt 0] Pipeline 'ingress': start
[13:56:36.409] [bmv2] [T] [thread 8111] [60.0] [cxt 0] ecn.p4(117) Condition "hdr.ipv4.isValid()" (node_2) is false
[13:56:36.409] [bmv2] [D] [thread 8111] [60.0] [cxt 0] Pipeline 'ingress': end
[13:56:36.409] [bmv2] [D] [thread 8111] [60.0] [cxt 0] Egress port is 0
[13:56:36.410] [bmv2] [D] [thread 8112] [60.0] [cxt 0] Pipeline 'egress': start
[13:56:36.410] [bmv2] [D] [thread 8112] [60.0] [cxt 0] Pipeline 'egress': end
[13:56:36.410] [bmv2] [D] [thread 8112] [60.0] [cxt 0] Deparser 'deparser': start
[13:56:36.410] [bmv2] [T] [thread 8112] [60.0] [cxt 0] Skipping checksum 'cksum' update because condition not met
[13:56:36.410] [bmv2] [D] [thread 8112] [60.0] [cxt 0] Deparsing header 'ethernet'
[13:56:36.410] [bmv2] [D] [thread 8112] [60.0] [cxt 0] Deparser 'deparser': end
[13:56:36.411] [bmv2] [D] [thread 8116] [60.0] [cxt 0] Transmitting packet of size 70 out of port 0
open: No such file or directory
open: No such file or directory
open: No such file or directory
open: No such file or directory
open: No such file or directory
open: No such file or directory
open: No such file or directory
