Calling target program-options parser
[20:18:57.417] [bmv2] [D] [thread 124628] Set default default entry for table 'MyIngress.ipv4_lpm': MyIngress.drop - 
[20:18:57.418] [bmv2] [D] [thread 124628] Set default default entry for table 'MyIngress.myTunnel_exact': MyIngress.drop - 
Adding interface s2-eth1 as port 1
[20:18:57.419] [bmv2] [D] [thread 124628] Adding interface s2-eth1 as port 1
Adding interface s2-eth2 as port 2
[20:18:57.621] [bmv2] [D] [thread 124628] Adding interface s2-eth2 as port 2
Adding interface s2-eth3 as port 3
[20:18:57.722] [bmv2] [D] [thread 124628] Adding interface s2-eth3 as port 3
Server listening on 0.0.0.0:50052
[20:18:57.823] [bmv2] [I] [thread 124628] Starting Thrift server on port 9091
[20:18:57.824] [bmv2] [I] [thread 124628] Thrift server was started
[20:18:57.846] [bmv2] [D] [thread 124638] [0.0] [cxt 0] Processing packet received on port 1
[20:18:57.846] [bmv2] [D] [thread 124638] [0.0] [cxt 0] Parser 'parser': start
[20:18:57.846] [bmv2] [D] [thread 124638] [0.0] [cxt 0] Parser 'parser' entering state 'start'
[20:18:57.846] [bmv2] [D] [thread 124638] [0.0] [cxt 0] Extracting header 'ethernet'
[20:18:57.846] [bmv2] [D] [thread 124638] [0.0] [cxt 0] Parser state 'start': key is 86dd
[20:18:57.846] [bmv2] [T] [thread 124638] [0.0] [cxt 0] Bytes parsed: 14
[20:18:57.846] [bmv2] [D] [thread 124638] [0.0] [cxt 0] Parser 'parser': end
[20:18:57.846] [bmv2] [D] [thread 124638] [0.0] [cxt 0] Pipeline 'ingress': start
[20:18:57.846] [bmv2] [T] [thread 124638] [0.0] [cxt 0] basic_tunnel.p4(152) Condition "hdr.ipv4.isValid() && !hdr.myTunnel.isValid()" (node_2) is false
[20:18:57.846] [bmv2] [T] [thread 124638] [0.0] [cxt 0] basic_tunnel.p4(155) Condition "hdr.myTunnel.isValid()" (node_4) is false
[20:18:57.846] [bmv2] [D] [thread 124638] [0.0] [cxt 0] Pipeline 'ingress': end
[20:18:57.846] [bmv2] [D] [thread 124638] [0.0] [cxt 0] Egress port is 0
[20:18:57.847] [bmv2] [D] [thread 124639] [0.0] [cxt 0] Pipeline 'egress': start
[20:18:57.847] [bmv2] [D] [thread 124639] [0.0] [cxt 0] Pipeline 'egress': end
[20:18:57.847] [bmv2] [D] [thread 124639] [0.0] [cxt 0] Deparser 'deparser': start
[20:18:57.847] [bmv2] [T] [thread 124639] [0.0] [cxt 0] Skipping checksum 'cksum' update because condition not met
[20:18:57.847] [bmv2] [D] [thread 124639] [0.0] [cxt 0] Deparsing header 'ethernet'
[20:18:57.847] [bmv2] [D] [thread 124639] [0.0] [cxt 0] Deparser 'deparser': end
[20:18:57.848] [bmv2] [D] [thread 124643] [0.0] [cxt 0] Transmitting packet of size 70 out of port 0
[20:18:57.868] [bmv2] [D] [thread 124638] [1.0] [cxt 0] Processing packet received on port 1
[20:18:57.868] [bmv2] [D] [thread 124638] [1.0] [cxt 0] Parser 'parser': start
[20:18:57.868] [bmv2] [D] [thread 124638] [1.0] [cxt 0] Parser 'parser' entering state 'start'
[20:18:57.868] [bmv2] [D] [thread 124638] [1.0] [cxt 0] Extracting header 'ethernet'
[20:18:57.868] [bmv2] [D] [thread 124638] [1.0] [cxt 0] Parser state 'start': key is 86dd
[20:18:57.868] [bmv2] [T] [thread 124638] [1.0] [cxt 0] Bytes parsed: 14
[20:18:57.868] [bmv2] [D] [thread 124638] [1.0] [cxt 0] Parser 'parser': end
[20:18:57.868] [bmv2] [D] [thread 124638] [1.0] [cxt 0] Pipeline 'ingress': start
[20:18:57.868] [bmv2] [T] [thread 124638] [1.0] [cxt 0] basic_tunnel.p4(152) Condition "hdr.ipv4.isValid() && !hdr.myTunnel.isValid()" (node_2) is false
[20:18:57.868] [bmv2] [T] [thread 124638] [1.0] [cxt 0] basic_tunnel.p4(155) Condition "hdr.myTunnel.isValid()" (node_4) is false
[20:18:57.868] [bmv2] [D] [thread 124638] [1.0] [cxt 0] Pipeline 'ingress': end
[20:18:57.868] [bmv2] [D] [thread 124638] [1.0] [cxt 0] Egress port is 0
[20:18:57.868] [bmv2] [D] [thread 124639] [1.0] [cxt 0] Pipeline 'egress': start
[20:18:57.868] [bmv2] [D] [thread 124639] [1.0] [cxt 0] Pipeline 'egress': end
[20:18:57.868] [bmv2] [D] [thread 124639] [1.0] [cxt 0] Deparser 'deparser': start
[20:18:57.868] [bmv2] [T] [thread 124639] [1.0] [cxt 0] Skipping checksum 'cksum' update because condition not met
[20:18:57.868] [bmv2] [D] [thread 124639] [1.0] [cxt 0] Deparsing header 'ethernet'
[20:18:57.868] [bmv2] [D] [thread 124639] [1.0] [cxt 0] Deparser 'deparser': end
[20:18:57.869] [bmv2] [D] [thread 124643] [1.0] [cxt 0] Transmitting packet of size 196 out of port 0
[20:18:58.129] [bmv2] [D] [thread 124638] [2.0] [cxt 0] Processing packet received on port 2
[20:18:58.129] [bmv2] [D] [thread 124638] [2.0] [cxt 0] Parser 'parser': start
[20:18:58.129] [bmv2] [D] [thread 124638] [2.0] [cxt 0] Parser 'parser' entering state 'start'
[20:18:58.129] [bmv2] [D] [thread 124638] [2.0] [cxt 0] Extracting header 'ethernet'
[20:18:58.129] [bmv2] [D] [thread 124638] [2.0] [cxt 0] Parser state 'start': key is 86dd
[20:18:58.129] [bmv2] [T] [thread 124638] [2.0] [cxt 0] Bytes parsed: 14
[20:18:58.129] [bmv2] [D] [thread 124638] [2.0] [cxt 0] Parser 'parser': end
[20:18:58.129] [bmv2] [D] [thread 124638] [2.0] [cxt 0] Pipeline 'ingress': start
[20:18:58.129] [bmv2] [T] [thread 124638] [2.0] [cxt 0] basic_tunnel.p4(152) Condition "hdr.ipv4.isValid() && !hdr.myTunnel.isValid()" (node_2) is false
[20:18:58.129] [bmv2] [T] [thread 124638] [2.0] [cxt 0] basic_tunnel.p4(155) Condition "hdr.myTunnel.isValid()" (node_4) is false
[20:18:58.129] [bmv2] [D] [thread 124638] [2.0] [cxt 0] Pipeline 'ingress': end
[20:18:58.129] [bmv2] [D] [thread 124638] [2.0] [cxt 0] Egress port is 0
[20:18:58.129] [bmv2] [D] [thread 124639] [2.0] [cxt 0] Pipeline 'egress': start
[20:18:58.129] [bmv2] [D] [thread 124639] [2.0] [cxt 0] Pipeline 'egress': end
[20:18:58.130] [bmv2] [D] [thread 124639] [2.0] [cxt 0] Deparser 'deparser': start
[20:18:58.130] [bmv2] [T] [thread 124639] [2.0] [cxt 0] Skipping checksum 'cksum' update because condition not met
[20:18:58.130] [bmv2] [D] [thread 124639] [2.0] [cxt 0] Deparsing header 'ethernet'
[20:18:58.130] [bmv2] [D] [thread 124639] [2.0] [cxt 0] Deparser 'deparser': end
[20:18:58.134] [bmv2] [D] [thread 124643] [2.0] [cxt 0] Transmitting packet of size 70 out of port 0
[20:18:58.615] [bmv2] [D] [thread 124638] [3.0] [cxt 0] Processing packet received on port 3
[20:18:58.615] [bmv2] [D] [thread 124638] [3.0] [cxt 0] Parser 'parser': start
[20:18:58.615] [bmv2] [D] [thread 124638] [3.0] [cxt 0] Parser 'parser' entering state 'start'
[20:18:58.615] [bmv2] [D] [thread 124638] [3.0] [cxt 0] Extracting header 'ethernet'
[20:18:58.615] [bmv2] [D] [thread 124638] [3.0] [cxt 0] Parser state 'start': key is 86dd
[20:18:58.615] [bmv2] [T] [thread 124638] [3.0] [cxt 0] Bytes parsed: 14
[20:18:58.615] [bmv2] [D] [thread 124638] [3.0] [cxt 0] Parser 'parser': end
[20:18:58.615] [bmv2] [D] [thread 124638] [3.0] [cxt 0] Pipeline 'ingress': start
[20:18:58.615] [bmv2] [T] [thread 124638] [3.0] [cxt 0] basic_tunnel.p4(152) Condition "hdr.ipv4.isValid() && !hdr.myTunnel.isValid()" (node_2) is false
[20:18:58.615] [bmv2] [T] [thread 124638] [3.0] [cxt 0] basic_tunnel.p4(155) Condition "hdr.myTunnel.isValid()" (node_4) is false
[20:18:58.615] [bmv2] [D] [thread 124638] [3.0] [cxt 0] Pipeline 'ingress': end
[20:18:58.615] [bmv2] [D] [thread 124638] [3.0] [cxt 0] Egress port is 0
[20:18:58.615] [bmv2] [D] [thread 124639] [3.0] [cxt 0] Pipeline 'egress': start
[20:18:58.615] [bmv2] [D] [thread 124639] [3.0] [cxt 0] Pipeline 'egress': end
[20:18:58.615] [bmv2] [D] [thread 124639] [3.0] [cxt 0] Deparser 'deparser': start
[20:18:58.615] [bmv2] [T] [thread 124639] [3.0] [cxt 0] Skipping checksum 'cksum' update because condition not met
[20:18:58.615] [bmv2] [D] [thread 124639] [3.0] [cxt 0] Deparsing header 'ethernet'
[20:18:58.615] [bmv2] [D] [thread 124639] [3.0] [cxt 0] Deparser 'deparser': end
[20:18:58.617] [bmv2] [D] [thread 124643] [3.0] [cxt 0] Transmitting packet of size 70 out of port 0
[20:18:58.728] [bmv2] [D] [thread 124638] [4.0] [cxt 0] Processing packet received on port 2
[20:18:58.728] [bmv2] [D] [thread 124638] [4.0] [cxt 0] Parser 'parser': start
[20:18:58.728] [bmv2] [D] [thread 124638] [4.0] [cxt 0] Parser 'parser' entering state 'start'
[20:18:58.728] [bmv2] [D] [thread 124638] [4.0] [cxt 0] Extracting header 'ethernet'
[20:18:58.728] [bmv2] [D] [thread 124638] [4.0] [cxt 0] Parser state 'start': key is 86dd
[20:18:58.728] [bmv2] [T] [thread 124638] [4.0] [cxt 0] Bytes parsed: 14
[20:18:58.728] [bmv2] [D] [thread 124638] [4.0] [cxt 0] Parser 'parser': end
[20:18:58.728] [bmv2] [D] [thread 124638] [4.0] [cxt 0] Pipeline 'ingress': start
[20:18:58.728] [bmv2] [T] [thread 124638] [4.0] [cxt 0] basic_tunnel.p4(152) Condition "hdr.ipv4.isValid() && !hdr.myTunnel.isValid()" (node_2) is false
[20:18:58.728] [bmv2] [T] [thread 124638] [4.0] [cxt 0] basic_tunnel.p4(155) Condition "hdr.myTunnel.isValid()" (node_4) is false
[20:18:58.728] [bmv2] [D] [thread 124638] [4.0] [cxt 0] Pipeline 'ingress': end
[20:18:58.728] [bmv2] [D] [thread 124638] [4.0] [cxt 0] Egress port is 0
[20:18:58.728] [bmv2] [D] [thread 124639] [4.0] [cxt 0] Pipeline 'egress': start
[20:18:58.728] [bmv2] [D] [thread 124639] [4.0] [cxt 0] Pipeline 'egress': end
[20:18:58.728] [bmv2] [D] [thread 124639] [4.0] [cxt 0] Deparser 'deparser': start
[20:18:58.728] [bmv2] [T] [thread 124639] [4.0] [cxt 0] Skipping checksum 'cksum' update because condition not met
[20:18:58.728] [bmv2] [D] [thread 124639] [4.0] [cxt 0] Deparsing header 'ethernet'
[20:18:58.728] [bmv2] [D] [thread 124639] [4.0] [cxt 0] Deparser 'deparser': end
[20:18:58.728] [bmv2] [D] [thread 124643] [4.0] [cxt 0] Transmitting packet of size 196 out of port 0
[20:18:58.873] [bmv2] [D] [thread 124638] [5.0] [cxt 0] Processing packet received on port 3
[20:18:58.873] [bmv2] [D] [thread 124638] [5.0] [cxt 0] Parser 'parser': start
[20:18:58.873] [bmv2] [D] [thread 124638] [5.0] [cxt 0] Parser 'parser' entering state 'start'
[20:18:58.873] [bmv2] [D] [thread 124638] [5.0] [cxt 0] Extracting header 'ethernet'
[20:18:58.873] [bmv2] [D] [thread 124638] [5.0] [cxt 0] Parser state 'start': key is 86dd
[20:18:58.873] [bmv2] [T] [thread 124638] [5.0] [cxt 0] Bytes parsed: 14
[20:18:58.873] [bmv2] [D] [thread 124638] [5.0] [cxt 0] Parser 'parser': end
[20:18:58.873] [bmv2] [D] [thread 124638] [5.0] [cxt 0] Pipeline 'ingress': start
[20:18:58.873] [bmv2] [T] [thread 124638] [5.0] [cxt 0] basic_tunnel.p4(152) Condition "hdr.ipv4.isValid() && !hdr.myTunnel.isValid()" (node_2) is false
[20:18:58.873] [bmv2] [T] [thread 124638] [5.0] [cxt 0] basic_tunnel.p4(155) Condition "hdr.myTunnel.isValid()" (node_4) is false
[20:18:58.873] [bmv2] [D] [thread 124638] [5.0] [cxt 0] Pipeline 'ingress': end
[20:18:58.873] [bmv2] [D] [thread 124638] [5.0] [cxt 0] Egress port is 0
[20:18:58.874] [bmv2] [D] [thread 124639] [5.0] [cxt 0] Pipeline 'egress': start
[20:18:58.874] [bmv2] [D] [thread 124639] [5.0] [cxt 0] Pipeline 'egress': end
[20:18:58.874] [bmv2] [D] [thread 124639] [5.0] [cxt 0] Deparser 'deparser': start
[20:18:58.874] [bmv2] [T] [thread 124639] [5.0] [cxt 0] Skipping checksum 'cksum' update because condition not met
[20:18:58.874] [bmv2] [D] [thread 124639] [5.0] [cxt 0] Deparsing header 'ethernet'
[20:18:58.874] [bmv2] [D] [thread 124639] [5.0] [cxt 0] Deparser 'deparser': end
[20:18:58.874] [bmv2] [D] [thread 124643] [5.0] [cxt 0] Transmitting packet of size 70 out of port 0
[20:18:59.243] [bmv2] [D] [thread 124638] [6.0] [cxt 0] Processing packet received on port 3
[20:18:59.244] [bmv2] [D] [thread 124638] [6.0] [cxt 0] Parser 'parser': start
[20:18:59.244] [bmv2] [D] [thread 124638] [6.0] [cxt 0] Parser 'parser' entering state 'start'
[20:18:59.244] [bmv2] [D] [thread 124638] [6.0] [cxt 0] Extracting header 'ethernet'
[20:18:59.244] [bmv2] [D] [thread 124638] [6.0] [cxt 0] Parser state 'start': key is 86dd
[20:18:59.244] [bmv2] [T] [thread 124638] [6.0] [cxt 0] Bytes parsed: 14
[20:18:59.244] [bmv2] [D] [thread 124638] [6.0] [cxt 0] Parser 'parser': end
[20:18:59.244] [bmv2] [D] [thread 124638] [6.0] [cxt 0] Pipeline 'ingress': start
[20:18:59.244] [bmv2] [T] [thread 124638] [6.0] [cxt 0] basic_tunnel.p4(152) Condition "hdr.ipv4.isValid() && !hdr.myTunnel.isValid()" (node_2) is false
[20:18:59.244] [bmv2] [T] [thread 124638] [6.0] [cxt 0] basic_tunnel.p4(155) Condition "hdr.myTunnel.isValid()" (node_4) is false
[20:18:59.244] [bmv2] [D] [thread 124638] [6.0] [cxt 0] Pipeline 'ingress': end
[20:18:59.244] [bmv2] [D] [thread 124638] [6.0] [cxt 0] Egress port is 0
[20:18:59.245] [bmv2] [D] [thread 124639] [6.0] [cxt 0] Pipeline 'egress': start
[20:18:59.246] [bmv2] [D] [thread 124639] [6.0] [cxt 0] Pipeline 'egress': end
[20:18:59.246] [bmv2] [D] [thread 124639] [6.0] [cxt 0] Deparser 'deparser': start
[20:18:59.246] [bmv2] [T] [thread 124639] [6.0] [cxt 0] Skipping checksum 'cksum' update because condition not met
[20:18:59.246] [bmv2] [D] [thread 124639] [6.0] [cxt 0] Deparsing header 'ethernet'
[20:18:59.246] [bmv2] [D] [thread 124639] [6.0] [cxt 0] Deparser 'deparser': end
[20:18:59.246] [bmv2] [D] [thread 124643] [6.0] [cxt 0] Transmitting packet of size 196 out of port 0
[20:18:59.249] [bmv2] [D] [thread 124638] [7.0] [cxt 0] Processing packet received on port 3
[20:18:59.249] [bmv2] [D] [thread 124638] [7.0] [cxt 0] Parser 'parser': start
[20:18:59.249] [bmv2] [D] [thread 124638] [7.0] [cxt 0] Parser 'parser' entering state 'start'
[20:18:59.249] [bmv2] [D] [thread 124638] [7.0] [cxt 0] Extracting header 'ethernet'
[20:18:59.249] [bmv2] [D] [thread 124638] [7.0] [cxt 0] Parser state 'start': key is 86dd
[20:18:59.249] [bmv2] [T] [thread 124638] [7.0] [cxt 0] Bytes parsed: 14
[20:18:59.249] [bmv2] [D] [thread 124638] [7.0] [cxt 0] Parser 'parser': end
[20:18:59.249] [bmv2] [D] [thread 124638] [7.0] [cxt 0] Pipeline 'ingress': start
[20:18:59.249] [bmv2] [T] [thread 124638] [7.0] [cxt 0] basic_tunnel.p4(152) Condition "hdr.ipv4.isValid() && !hdr.myTunnel.isValid()" (node_2) is false
[20:18:59.249] [bmv2] [T] [thread 124638] [7.0] [cxt 0] basic_tunnel.p4(155) Condition "hdr.myTunnel.isValid()" (node_4) is false
[20:18:59.249] [bmv2] [D] [thread 124638] [7.0] [cxt 0] Pipeline 'ingress': end
[20:18:59.250] [bmv2] [D] [thread 124638] [7.0] [cxt 0] Egress port is 0
[20:18:59.250] [bmv2] [D] [thread 124639] [7.0] [cxt 0] Pipeline 'egress': start
[20:18:59.250] [bmv2] [D] [thread 124639] [7.0] [cxt 0] Pipeline 'egress': end
[20:18:59.250] [bmv2] [D] [thread 124639] [7.0] [cxt 0] Deparser 'deparser': start
[20:18:59.250] [bmv2] [T] [thread 124639] [7.0] [cxt 0] Skipping checksum 'cksum' update because condition not met
[20:18:59.250] [bmv2] [D] [thread 124639] [7.0] [cxt 0] Deparsing header 'ethernet'
[20:18:59.250] [bmv2] [D] [thread 124639] [7.0] [cxt 0] Deparser 'deparser': end
[20:18:59.250] [bmv2] [D] [thread 124643] [7.0] [cxt 0] Transmitting packet of size 196 out of port 0
[20:18:59.421] [bmv2] [D] [thread 124638] [8.0] [cxt 0] Processing packet received on port 2
[20:18:59.421] [bmv2] [D] [thread 124638] [8.0] [cxt 0] Parser 'parser': start
[20:18:59.421] [bmv2] [D] [thread 124638] [8.0] [cxt 0] Parser 'parser' entering state 'start'
[20:18:59.421] [bmv2] [D] [thread 124638] [8.0] [cxt 0] Extracting header 'ethernet'
[20:18:59.421] [bmv2] [D] [thread 124638] [8.0] [cxt 0] Parser state 'start': key is 86dd
[20:18:59.421] [bmv2] [T] [thread 124638] [8.0] [cxt 0] Bytes parsed: 14
[20:18:59.421] [bmv2] [D] [thread 124638] [8.0] [cxt 0] Parser 'parser': end
[20:18:59.421] [bmv2] [D] [thread 124638] [8.0] [cxt 0] Pipeline 'ingress': start
[20:18:59.421] [bmv2] [T] [thread 124638] [8.0] [cxt 0] basic_tunnel.p4(152) Condition "hdr.ipv4.isValid() && !hdr.myTunnel.isValid()" (node_2) is false
[20:18:59.421] [bmv2] [T] [thread 124638] [8.0] [cxt 0] basic_tunnel.p4(155) Condition "hdr.myTunnel.isValid()" (node_4) is false
[20:18:59.421] [bmv2] [D] [thread 124638] [8.0] [cxt 0] Pipeline 'ingress': end
[20:18:59.421] [bmv2] [D] [thread 124638] [8.0] [cxt 0] Egress port is 0
[20:18:59.421] [bmv2] [D] [thread 124639] [8.0] [cxt 0] Pipeline 'egress': start
[20:18:59.421] [bmv2] [D] [thread 124639] [8.0] [cxt 0] Pipeline 'egress': end
[20:18:59.421] [bmv2] [D] [thread 124639] [8.0] [cxt 0] Deparser 'deparser': start
[20:18:59.421] [bmv2] [T] [thread 124639] [8.0] [cxt 0] Skipping checksum 'cksum' update because condition not met
[20:18:59.421] [bmv2] [D] [thread 124639] [8.0] [cxt 0] Deparsing header 'ethernet'
[20:18:59.421] [bmv2] [D] [thread 124639] [8.0] [cxt 0] Deparser 'deparser': end
[20:18:59.422] [bmv2] [D] [thread 124643] [8.0] [cxt 0] Transmitting packet of size 196 out of port 0
[20:18:59.639] [bmv2] [D] [thread 124638] [9.0] [cxt 0] Processing packet received on port 2
[20:18:59.639] [bmv2] [D] [thread 124638] [9.0] [cxt 0] Parser 'parser': start
[20:18:59.639] [bmv2] [D] [thread 124638] [9.0] [cxt 0] Parser 'parser' entering state 'start'
[20:18:59.639] [bmv2] [D] [thread 124638] [9.0] [cxt 0] Extracting header 'ethernet'
[20:18:59.639] [bmv2] [D] [thread 124638] [9.0] [cxt 0] Parser state 'start': key is 86dd
[20:18:59.640] [bmv2] [T] [thread 124638] [9.0] [cxt 0] Bytes parsed: 14
[20:18:59.640] [bmv2] [D] [thread 124638] [9.0] [cxt 0] Parser 'parser': end
[20:18:59.640] [bmv2] [D] [thread 124638] [9.0] [cxt 0] Pipeline 'ingress': start
[20:18:59.640] [bmv2] [T] [thread 124638] [9.0] [cxt 0] basic_tunnel.p4(152) Condition "hdr.ipv4.isValid() && !hdr.myTunnel.isValid()" (node_2) is false
[20:18:59.640] [bmv2] [T] [thread 124638] [9.0] [cxt 0] basic_tunnel.p4(155) Condition "hdr.myTunnel.isValid()" (node_4) is false
[20:18:59.640] [bmv2] [D] [thread 124638] [9.0] [cxt 0] Pipeline 'ingress': end
[20:18:59.640] [bmv2] [D] [thread 124638] [9.0] [cxt 0] Egress port is 0
[20:18:59.640] [bmv2] [D] [thread 124639] [9.0] [cxt 0] Pipeline 'egress': start
[20:18:59.641] [bmv2] [D] [thread 124639] [9.0] [cxt 0] Pipeline 'egress': end
[20:18:59.641] [bmv2] [D] [thread 124639] [9.0] [cxt 0] Deparser 'deparser': start
[20:18:59.641] [bmv2] [T] [thread 124639] [9.0] [cxt 0] Skipping checksum 'cksum' update because condition not met
[20:18:59.641] [bmv2] [D] [thread 124639] [9.0] [cxt 0] Deparsing header 'ethernet'
[20:18:59.641] [bmv2] [D] [thread 124639] [9.0] [cxt 0] Deparser 'deparser': end
[20:18:59.641] [bmv2] [D] [thread 124643] [9.0] [cxt 0] Transmitting packet of size 70 out of port 0
[20:19:00.485] [bmv2] [W] [thread 124685] [P4Runtime] p4::tmp::P4DeviceConfig is deprecated
[20:19:00.487] [bmv2] [D] [thread 124685] Set default default entry for table 'MyIngress.ipv4_lpm': MyIngress.drop - 
[20:19:00.487] [bmv2] [D] [thread 124685] Set default default entry for table 'MyIngress.myTunnel_exact': MyIngress.drop - 
[20:19:00.494] [bmv2] [D] [thread 124685] simple_switch target has been notified of a config swap
[20:19:00.501] [bmv2] [D] [thread 124686] Entry 0 added to table 'MyIngress.ipv4_lpm'
[20:19:00.501] [bmv2] [D] [thread 124686] Dumping entry 0
Match key:
* hdr.ipv4.dstAddr    : LPM       0a000101/32
Action entry: MyIngress.ipv4_forward - 80000000100,2,

[20:19:00.504] [bmv2] [D] [thread 124685] Entry 1 added to table 'MyIngress.ipv4_lpm'
[20:19:00.504] [bmv2] [D] [thread 124685] Dumping entry 1
Match key:
* hdr.ipv4.dstAddr    : LPM       0a000202/32
Action entry: MyIngress.ipv4_forward - 80000000222,1,

[20:19:00.508] [bmv2] [D] [thread 124686] Entry 2 added to table 'MyIngress.ipv4_lpm'
[20:19:00.508] [bmv2] [D] [thread 124686] Dumping entry 2
Match key:
* hdr.ipv4.dstAddr    : LPM       0a000303/32
Action entry: MyIngress.ipv4_forward - 80000000300,3,

[20:19:00.515] [bmv2] [D] [thread 124691] Entry 0 added to table 'MyIngress.myTunnel_exact'
[20:19:00.515] [bmv2] [D] [thread 124691] Dumping entry 0
Match key:
* hdr.myTunnel.dst_id : EXACT     0001
Action entry: MyIngress.myTunnel_forward - 2,

[20:19:00.519] [bmv2] [D] [thread 124686] Entry 1 added to table 'MyIngress.myTunnel_exact'
[20:19:00.519] [bmv2] [D] [thread 124686] Dumping entry 1
Match key:
* hdr.myTunnel.dst_id : EXACT     0002
Action entry: MyIngress.myTunnel_forward - 1,

[20:19:00.522] [bmv2] [D] [thread 124691] Entry 2 added to table 'MyIngress.myTunnel_exact'
[20:19:00.522] [bmv2] [D] [thread 124691] Dumping entry 2
Match key:
* hdr.myTunnel.dst_id : EXACT     0003
Action entry: MyIngress.myTunnel_forward - 3,

[20:19:05.786] [bmv2] [D] [thread 124638] [10.0] [cxt 0] Processing packet received on port 1
[20:19:05.787] [bmv2] [D] [thread 124638] [10.0] [cxt 0] Parser 'parser': start
[20:19:05.787] [bmv2] [D] [thread 124638] [10.0] [cxt 0] Parser 'parser' entering state 'start'
[20:19:05.787] [bmv2] [D] [thread 124638] [10.0] [cxt 0] Extracting header 'ethernet'
[20:19:05.787] [bmv2] [D] [thread 124638] [10.0] [cxt 0] Parser state 'start': key is 86dd
[20:19:05.787] [bmv2] [T] [thread 124638] [10.0] [cxt 0] Bytes parsed: 14
[20:19:05.787] [bmv2] [D] [thread 124638] [10.0] [cxt 0] Parser 'parser': end
[20:19:05.787] [bmv2] [D] [thread 124638] [10.0] [cxt 0] Pipeline 'ingress': start
[20:19:05.787] [bmv2] [T] [thread 124638] [10.0] [cxt 0] basic_tunnel.p4(152) Condition "hdr.ipv4.isValid() && !hdr.myTunnel.isValid()" (node_2) is false
[20:19:05.787] [bmv2] [T] [thread 124638] [10.0] [cxt 0] basic_tunnel.p4(155) Condition "hdr.myTunnel.isValid()" (node_4) is false
[20:19:05.787] [bmv2] [D] [thread 124638] [10.0] [cxt 0] Pipeline 'ingress': end
[20:19:05.787] [bmv2] [D] [thread 124638] [10.0] [cxt 0] Egress port is 0
[20:19:05.787] [bmv2] [D] [thread 124639] [10.0] [cxt 0] Pipeline 'egress': start
[20:19:05.787] [bmv2] [D] [thread 124639] [10.0] [cxt 0] Pipeline 'egress': end
[20:19:05.787] [bmv2] [D] [thread 124639] [10.0] [cxt 0] Deparser 'deparser': start
[20:19:05.787] [bmv2] [T] [thread 124639] [10.0] [cxt 0] Skipping checksum 'cksum' update because condition not met
[20:19:05.787] [bmv2] [D] [thread 124639] [10.0] [cxt 0] Deparsing header 'ethernet'
[20:19:05.787] [bmv2] [D] [thread 124639] [10.0] [cxt 0] Deparser 'deparser': end
[20:19:05.787] [bmv2] [D] [thread 124643] [10.0] [cxt 0] Transmitting packet of size 70 out of port 0
[20:19:06.041] [bmv2] [D] [thread 124638] [11.0] [cxt 0] Processing packet received on port 2
[20:19:06.042] [bmv2] [D] [thread 124638] [11.0] [cxt 0] Parser 'parser': start
[20:19:06.042] [bmv2] [D] [thread 124638] [11.0] [cxt 0] Parser 'parser' entering state 'start'
[20:19:06.042] [bmv2] [D] [thread 124638] [11.0] [cxt 0] Extracting header 'ethernet'
[20:19:06.042] [bmv2] [D] [thread 124638] [11.0] [cxt 0] Parser state 'start': key is 86dd
[20:19:06.042] [bmv2] [T] [thread 124638] [11.0] [cxt 0] Bytes parsed: 14
[20:19:06.042] [bmv2] [D] [thread 124638] [11.0] [cxt 0] Parser 'parser': end
[20:19:06.042] [bmv2] [D] [thread 124638] [11.0] [cxt 0] Pipeline 'ingress': start
[20:19:06.042] [bmv2] [T] [thread 124638] [11.0] [cxt 0] basic_tunnel.p4(152) Condition "hdr.ipv4.isValid() && !hdr.myTunnel.isValid()" (node_2) is false
[20:19:06.042] [bmv2] [T] [thread 124638] [11.0] [cxt 0] basic_tunnel.p4(155) Condition "hdr.myTunnel.isValid()" (node_4) is false
[20:19:06.042] [bmv2] [D] [thread 124638] [11.0] [cxt 0] Pipeline 'ingress': end
[20:19:06.042] [bmv2] [D] [thread 124638] [11.0] [cxt 0] Egress port is 0
[20:19:06.042] [bmv2] [D] [thread 124639] [11.0] [cxt 0] Pipeline 'egress': start
[20:19:06.042] [bmv2] [D] [thread 124639] [11.0] [cxt 0] Pipeline 'egress': end
[20:19:06.042] [bmv2] [D] [thread 124639] [11.0] [cxt 0] Deparser 'deparser': start
[20:19:06.042] [bmv2] [T] [thread 124639] [11.0] [cxt 0] Skipping checksum 'cksum' update because condition not met
[20:19:06.042] [bmv2] [D] [thread 124639] [11.0] [cxt 0] Deparsing header 'ethernet'
[20:19:06.042] [bmv2] [D] [thread 124639] [11.0] [cxt 0] Deparser 'deparser': end
[20:19:06.042] [bmv2] [D] [thread 124643] [11.0] [cxt 0] Transmitting packet of size 70 out of port 0
[20:19:06.294] [bmv2] [D] [thread 124638] [12.0] [cxt 0] Processing packet received on port 3
[20:19:06.294] [bmv2] [D] [thread 124638] [12.0] [cxt 0] Parser 'parser': start
[20:19:06.294] [bmv2] [D] [thread 124638] [12.0] [cxt 0] Parser 'parser' entering state 'start'
[20:19:06.294] [bmv2] [D] [thread 124638] [12.0] [cxt 0] Extracting header 'ethernet'
[20:19:06.294] [bmv2] [D] [thread 124638] [12.0] [cxt 0] Parser state 'start': key is 86dd
[20:19:06.294] [bmv2] [T] [thread 124638] [12.0] [cxt 0] Bytes parsed: 14
[20:19:06.294] [bmv2] [D] [thread 124638] [12.0] [cxt 0] Parser 'parser': end
[20:19:06.294] [bmv2] [D] [thread 124638] [12.0] [cxt 0] Pipeline 'ingress': start
[20:19:06.294] [bmv2] [T] [thread 124638] [12.0] [cxt 0] basic_tunnel.p4(152) Condition "hdr.ipv4.isValid() && !hdr.myTunnel.isValid()" (node_2) is false
[20:19:06.294] [bmv2] [T] [thread 124638] [12.0] [cxt 0] basic_tunnel.p4(155) Condition "hdr.myTunnel.isValid()" (node_4) is false
[20:19:06.295] [bmv2] [D] [thread 124638] [12.0] [cxt 0] Pipeline 'ingress': end
[20:19:06.295] [bmv2] [D] [thread 124638] [12.0] [cxt 0] Egress port is 0
[20:19:06.295] [bmv2] [D] [thread 124639] [12.0] [cxt 0] Pipeline 'egress': start
[20:19:06.295] [bmv2] [D] [thread 124639] [12.0] [cxt 0] Pipeline 'egress': end
[20:19:06.295] [bmv2] [D] [thread 124639] [12.0] [cxt 0] Deparser 'deparser': start
[20:19:06.295] [bmv2] [T] [thread 124639] [12.0] [cxt 0] Skipping checksum 'cksum' update because condition not met
[20:19:06.295] [bmv2] [D] [thread 124639] [12.0] [cxt 0] Deparsing header 'ethernet'
[20:19:06.295] [bmv2] [D] [thread 124639] [12.0] [cxt 0] Deparser 'deparser': end
[20:19:06.295] [bmv2] [D] [thread 124643] [12.0] [cxt 0] Transmitting packet of size 70 out of port 0
[20:19:07.063] [bmv2] [D] [thread 124638] [13.0] [cxt 0] Processing packet received on port 3
[20:19:07.063] [bmv2] [D] [thread 124638] [13.0] [cxt 0] Parser 'parser': start
[20:19:07.063] [bmv2] [D] [thread 124638] [13.0] [cxt 0] Parser 'parser' entering state 'start'
[20:19:07.063] [bmv2] [D] [thread 124638] [13.0] [cxt 0] Extracting header 'ethernet'
[20:19:07.063] [bmv2] [D] [thread 124638] [13.0] [cxt 0] Parser state 'start': key is 86dd
[20:19:07.063] [bmv2] [T] [thread 124638] [13.0] [cxt 0] Bytes parsed: 14
[20:19:07.063] [bmv2] [D] [thread 124638] [13.0] [cxt 0] Parser 'parser': end
[20:19:07.063] [bmv2] [D] [thread 124638] [13.0] [cxt 0] Pipeline 'ingress': start
[20:19:07.063] [bmv2] [T] [thread 124638] [13.0] [cxt 0] basic_tunnel.p4(152) Condition "hdr.ipv4.isValid() && !hdr.myTunnel.isValid()" (node_2) is false
[20:19:07.063] [bmv2] [T] [thread 124638] [13.0] [cxt 0] basic_tunnel.p4(155) Condition "hdr.myTunnel.isValid()" (node_4) is false
[20:19:07.063] [bmv2] [D] [thread 124638] [13.0] [cxt 0] Pipeline 'ingress': end
[20:19:07.063] [bmv2] [D] [thread 124638] [13.0] [cxt 0] Egress port is 0
[20:19:07.063] [bmv2] [D] [thread 124639] [13.0] [cxt 0] Pipeline 'egress': start
[20:19:07.063] [bmv2] [D] [thread 124639] [13.0] [cxt 0] Pipeline 'egress': end
[20:19:07.063] [bmv2] [D] [thread 124639] [13.0] [cxt 0] Deparser 'deparser': start
[20:19:07.063] [bmv2] [T] [thread 124639] [13.0] [cxt 0] Skipping checksum 'cksum' update because condition not met
[20:19:07.063] [bmv2] [D] [thread 124639] [13.0] [cxt 0] Deparsing header 'ethernet'
[20:19:07.063] [bmv2] [D] [thread 124639] [13.0] [cxt 0] Deparser 'deparser': end
[20:19:07.063] [bmv2] [D] [thread 124643] [13.0] [cxt 0] Transmitting packet of size 70 out of port 0
[20:19:08.597] [bmv2] [D] [thread 124638] [14.0] [cxt 0] Processing packet received on port 2
[20:19:08.597] [bmv2] [D] [thread 124638] [14.0] [cxt 0] Parser 'parser': start
[20:19:08.597] [bmv2] [D] [thread 124638] [14.0] [cxt 0] Parser 'parser' entering state 'start'
[20:19:08.597] [bmv2] [D] [thread 124638] [14.0] [cxt 0] Extracting header 'ethernet'
[20:19:08.597] [bmv2] [D] [thread 124638] [14.0] [cxt 0] Parser state 'start': key is 86dd
[20:19:08.597] [bmv2] [T] [thread 124638] [14.0] [cxt 0] Bytes parsed: 14
[20:19:08.597] [bmv2] [D] [thread 124638] [14.0] [cxt 0] Parser 'parser': end
[20:19:08.597] [bmv2] [D] [thread 124638] [14.0] [cxt 0] Pipeline 'ingress': start
[20:19:08.597] [bmv2] [T] [thread 124638] [14.0] [cxt 0] basic_tunnel.p4(152) Condition "hdr.ipv4.isValid() && !hdr.myTunnel.isValid()" (node_2) is false
[20:19:08.597] [bmv2] [T] [thread 124638] [14.0] [cxt 0] basic_tunnel.p4(155) Condition "hdr.myTunnel.isValid()" (node_4) is false
[20:19:08.597] [bmv2] [D] [thread 124638] [14.0] [cxt 0] Pipeline 'ingress': end
[20:19:08.597] [bmv2] [D] [thread 124638] [14.0] [cxt 0] Egress port is 0
[20:19:08.597] [bmv2] [D] [thread 124639] [14.0] [cxt 0] Pipeline 'egress': start
[20:19:08.597] [bmv2] [D] [thread 124639] [14.0] [cxt 0] Pipeline 'egress': end
[20:19:08.597] [bmv2] [D] [thread 124639] [14.0] [cxt 0] Deparser 'deparser': start
[20:19:08.597] [bmv2] [T] [thread 124639] [14.0] [cxt 0] Skipping checksum 'cksum' update because condition not met
[20:19:08.597] [bmv2] [D] [thread 124639] [14.0] [cxt 0] Deparsing header 'ethernet'
[20:19:08.597] [bmv2] [D] [thread 124639] [14.0] [cxt 0] Deparser 'deparser': end
[20:19:08.598] [bmv2] [D] [thread 124643] [14.0] [cxt 0] Transmitting packet of size 70 out of port 0
[20:19:20.886] [bmv2] [D] [thread 124638] [15.0] [cxt 0] Processing packet received on port 2
[20:19:20.886] [bmv2] [D] [thread 124638] [15.0] [cxt 0] Parser 'parser': start
[20:19:20.886] [bmv2] [D] [thread 124638] [15.0] [cxt 0] Parser 'parser' entering state 'start'
[20:19:20.886] [bmv2] [D] [thread 124638] [15.0] [cxt 0] Extracting header 'ethernet'
[20:19:20.886] [bmv2] [D] [thread 124638] [15.0] [cxt 0] Parser state 'start': key is 86dd
[20:19:20.886] [bmv2] [T] [thread 124638] [15.0] [cxt 0] Bytes parsed: 14
[20:19:20.886] [bmv2] [D] [thread 124638] [15.0] [cxt 0] Parser 'parser': end
[20:19:20.886] [bmv2] [D] [thread 124638] [15.0] [cxt 0] Pipeline 'ingress': start
[20:19:20.886] [bmv2] [T] [thread 124638] [15.0] [cxt 0] basic_tunnel.p4(152) Condition "hdr.ipv4.isValid() && !hdr.myTunnel.isValid()" (node_2) is false
[20:19:20.886] [bmv2] [T] [thread 124638] [15.0] [cxt 0] basic_tunnel.p4(155) Condition "hdr.myTunnel.isValid()" (node_4) is false
[20:19:20.886] [bmv2] [D] [thread 124638] [15.0] [cxt 0] Pipeline 'ingress': end
[20:19:20.886] [bmv2] [D] [thread 124638] [15.0] [cxt 0] Egress port is 0
[20:19:20.886] [bmv2] [D] [thread 124639] [15.0] [cxt 0] Pipeline 'egress': start
[20:19:20.886] [bmv2] [D] [thread 124639] [15.0] [cxt 0] Pipeline 'egress': end
[20:19:20.886] [bmv2] [D] [thread 124639] [15.0] [cxt 0] Deparser 'deparser': start
[20:19:20.886] [bmv2] [T] [thread 124639] [15.0] [cxt 0] Skipping checksum 'cksum' update because condition not met
[20:19:20.886] [bmv2] [D] [thread 124639] [15.0] [cxt 0] Deparsing header 'ethernet'
[20:19:20.886] [bmv2] [D] [thread 124639] [15.0] [cxt 0] Deparser 'deparser': end
[20:19:20.887] [bmv2] [D] [thread 124643] [15.0] [cxt 0] Transmitting packet of size 70 out of port 0
[20:19:20.889] [bmv2] [D] [thread 124638] [16.0] [cxt 0] Processing packet received on port 3
[20:19:20.889] [bmv2] [D] [thread 124638] [16.0] [cxt 0] Parser 'parser': start
[20:19:20.890] [bmv2] [D] [thread 124638] [16.0] [cxt 0] Parser 'parser' entering state 'start'
[20:19:20.890] [bmv2] [D] [thread 124638] [16.0] [cxt 0] Extracting header 'ethernet'
[20:19:20.890] [bmv2] [D] [thread 124638] [16.0] [cxt 0] Parser state 'start': key is 86dd
[20:19:20.890] [bmv2] [T] [thread 124638] [16.0] [cxt 0] Bytes parsed: 14
[20:19:20.890] [bmv2] [D] [thread 124638] [16.0] [cxt 0] Parser 'parser': end
[20:19:20.890] [bmv2] [D] [thread 124638] [16.0] [cxt 0] Pipeline 'ingress': start
[20:19:20.890] [bmv2] [T] [thread 124638] [16.0] [cxt 0] basic_tunnel.p4(152) Condition "hdr.ipv4.isValid() && !hdr.myTunnel.isValid()" (node_2) is false
[20:19:20.890] [bmv2] [T] [thread 124638] [16.0] [cxt 0] basic_tunnel.p4(155) Condition "hdr.myTunnel.isValid()" (node_4) is false
[20:19:20.890] [bmv2] [D] [thread 124638] [16.0] [cxt 0] Pipeline 'ingress': end
[20:19:20.890] [bmv2] [D] [thread 124638] [16.0] [cxt 0] Egress port is 0
[20:19:20.891] [bmv2] [D] [thread 124639] [16.0] [cxt 0] Pipeline 'egress': start
[20:19:20.891] [bmv2] [D] [thread 124639] [16.0] [cxt 0] Pipeline 'egress': end
[20:19:20.891] [bmv2] [D] [thread 124639] [16.0] [cxt 0] Deparser 'deparser': start
[20:19:20.891] [bmv2] [T] [thread 124639] [16.0] [cxt 0] Skipping checksum 'cksum' update because condition not met
[20:19:20.891] [bmv2] [D] [thread 124639] [16.0] [cxt 0] Deparsing header 'ethernet'
[20:19:20.891] [bmv2] [D] [thread 124639] [16.0] [cxt 0] Deparser 'deparser': end
[20:19:20.891] [bmv2] [D] [thread 124643] [16.0] [cxt 0] Transmitting packet of size 70 out of port 0
[20:19:21.406] [bmv2] [D] [thread 124638] [17.0] [cxt 0] Processing packet received on port 1
[20:19:21.406] [bmv2] [D] [thread 124638] [17.0] [cxt 0] Parser 'parser': start
[20:19:21.406] [bmv2] [D] [thread 124638] [17.0] [cxt 0] Parser 'parser' entering state 'start'
[20:19:21.406] [bmv2] [D] [thread 124638] [17.0] [cxt 0] Extracting header 'ethernet'
[20:19:21.406] [bmv2] [D] [thread 124638] [17.0] [cxt 0] Parser state 'start': key is 86dd
[20:19:21.406] [bmv2] [T] [thread 124638] [17.0] [cxt 0] Bytes parsed: 14
[20:19:21.406] [bmv2] [D] [thread 124638] [17.0] [cxt 0] Parser 'parser': end
[20:19:21.406] [bmv2] [D] [thread 124638] [17.0] [cxt 0] Pipeline 'ingress': start
[20:19:21.406] [bmv2] [T] [thread 124638] [17.0] [cxt 0] basic_tunnel.p4(152) Condition "hdr.ipv4.isValid() && !hdr.myTunnel.isValid()" (node_2) is false
[20:19:21.406] [bmv2] [T] [thread 124638] [17.0] [cxt 0] basic_tunnel.p4(155) Condition "hdr.myTunnel.isValid()" (node_4) is false
[20:19:21.406] [bmv2] [D] [thread 124638] [17.0] [cxt 0] Pipeline 'ingress': end
[20:19:21.406] [bmv2] [D] [thread 124638] [17.0] [cxt 0] Egress port is 0
[20:19:21.407] [bmv2] [D] [thread 124639] [17.0] [cxt 0] Pipeline 'egress': start
[20:19:21.407] [bmv2] [D] [thread 124639] [17.0] [cxt 0] Pipeline 'egress': end
[20:19:21.407] [bmv2] [D] [thread 124639] [17.0] [cxt 0] Deparser 'deparser': start
[20:19:21.407] [bmv2] [T] [thread 124639] [17.0] [cxt 0] Skipping checksum 'cksum' update because condition not met
[20:19:21.407] [bmv2] [D] [thread 124639] [17.0] [cxt 0] Deparsing header 'ethernet'
[20:19:21.407] [bmv2] [D] [thread 124639] [17.0] [cxt 0] Deparser 'deparser': end
[20:19:21.407] [bmv2] [D] [thread 124643] [17.0] [cxt 0] Transmitting packet of size 70 out of port 0
[20:19:22.678] [bmv2] [D] [thread 124638] [18.0] [cxt 0] Processing packet received on port 3
[20:19:22.678] [bmv2] [D] [thread 124638] [18.0] [cxt 0] Parser 'parser': start
[20:19:22.678] [bmv2] [D] [thread 124638] [18.0] [cxt 0] Parser 'parser' entering state 'start'
[20:19:22.678] [bmv2] [D] [thread 124638] [18.0] [cxt 0] Extracting header 'ethernet'
[20:19:22.678] [bmv2] [D] [thread 124638] [18.0] [cxt 0] Parser state 'start': key is 86dd
[20:19:22.678] [bmv2] [T] [thread 124638] [18.0] [cxt 0] Bytes parsed: 14
[20:19:22.678] [bmv2] [D] [thread 124638] [18.0] [cxt 0] Parser 'parser': end
[20:19:22.678] [bmv2] [D] [thread 124638] [18.0] [cxt 0] Pipeline 'ingress': start
[20:19:22.678] [bmv2] [T] [thread 124638] [18.0] [cxt 0] basic_tunnel.p4(152) Condition "hdr.ipv4.isValid() && !hdr.myTunnel.isValid()" (node_2) is false
[20:19:22.678] [bmv2] [T] [thread 124638] [18.0] [cxt 0] basic_tunnel.p4(155) Condition "hdr.myTunnel.isValid()" (node_4) is false
[20:19:22.678] [bmv2] [D] [thread 124638] [18.0] [cxt 0] Pipeline 'ingress': end
[20:19:22.678] [bmv2] [D] [thread 124638] [18.0] [cxt 0] Egress port is 0
[20:19:22.678] [bmv2] [D] [thread 124639] [18.0] [cxt 0] Pipeline 'egress': start
[20:19:22.678] [bmv2] [D] [thread 124639] [18.0] [cxt 0] Pipeline 'egress': end
[20:19:22.678] [bmv2] [D] [thread 124639] [18.0] [cxt 0] Deparser 'deparser': start
[20:19:22.678] [bmv2] [T] [thread 124639] [18.0] [cxt 0] Skipping checksum 'cksum' update because condition not met
[20:19:22.678] [bmv2] [D] [thread 124639] [18.0] [cxt 0] Deparsing header 'ethernet'
[20:19:22.678] [bmv2] [D] [thread 124639] [18.0] [cxt 0] Deparser 'deparser': end
[20:19:22.678] [bmv2] [D] [thread 124643] [18.0] [cxt 0] Transmitting packet of size 70 out of port 0
[20:19:27.798] [bmv2] [D] [thread 124638] [19.0] [cxt 0] Processing packet received on port 2
[20:19:27.798] [bmv2] [D] [thread 124638] [19.0] [cxt 0] Parser 'parser': start
[20:19:27.798] [bmv2] [D] [thread 124638] [19.0] [cxt 0] Parser 'parser' entering state 'start'
[20:19:27.798] [bmv2] [D] [thread 124638] [19.0] [cxt 0] Extracting header 'ethernet'
[20:19:27.798] [bmv2] [D] [thread 124638] [19.0] [cxt 0] Parser state 'start': key is 86dd
[20:19:27.798] [bmv2] [T] [thread 124638] [19.0] [cxt 0] Bytes parsed: 14
[20:19:27.798] [bmv2] [D] [thread 124638] [19.0] [cxt 0] Parser 'parser': end
[20:19:27.798] [bmv2] [D] [thread 124638] [19.0] [cxt 0] Pipeline 'ingress': start
[20:19:27.798] [bmv2] [T] [thread 124638] [19.0] [cxt 0] basic_tunnel.p4(152) Condition "hdr.ipv4.isValid() && !hdr.myTunnel.isValid()" (node_2) is false
[20:19:27.798] [bmv2] [T] [thread 124638] [19.0] [cxt 0] basic_tunnel.p4(155) Condition "hdr.myTunnel.isValid()" (node_4) is false
[20:19:27.798] [bmv2] [D] [thread 124638] [19.0] [cxt 0] Pipeline 'ingress': end
[20:19:27.798] [bmv2] [D] [thread 124638] [19.0] [cxt 0] Egress port is 0
[20:19:27.798] [bmv2] [D] [thread 124639] [19.0] [cxt 0] Pipeline 'egress': start
[20:19:27.798] [bmv2] [D] [thread 124639] [19.0] [cxt 0] Pipeline 'egress': end
[20:19:27.798] [bmv2] [D] [thread 124639] [19.0] [cxt 0] Deparser 'deparser': start
[20:19:27.798] [bmv2] [T] [thread 124639] [19.0] [cxt 0] Skipping checksum 'cksum' update because condition not met
[20:19:27.798] [bmv2] [D] [thread 124639] [19.0] [cxt 0] Deparsing header 'ethernet'
[20:19:27.798] [bmv2] [D] [thread 124639] [19.0] [cxt 0] Deparser 'deparser': end
[20:19:27.798] [bmv2] [D] [thread 124643] [19.0] [cxt 0] Transmitting packet of size 70 out of port 0
[20:19:50.327] [bmv2] [D] [thread 124638] [20.0] [cxt 0] Processing packet received on port 3
[20:19:50.327] [bmv2] [D] [thread 124638] [20.0] [cxt 0] Parser 'parser': start
[20:19:50.327] [bmv2] [D] [thread 124638] [20.0] [cxt 0] Parser 'parser' entering state 'start'
[20:19:50.327] [bmv2] [D] [thread 124638] [20.0] [cxt 0] Extracting header 'ethernet'
[20:19:50.327] [bmv2] [D] [thread 124638] [20.0] [cxt 0] Parser state 'start': key is 86dd
[20:19:50.327] [bmv2] [T] [thread 124638] [20.0] [cxt 0] Bytes parsed: 14
[20:19:50.327] [bmv2] [D] [thread 124638] [20.0] [cxt 0] Parser 'parser': end
[20:19:50.327] [bmv2] [D] [thread 124638] [20.0] [cxt 0] Pipeline 'ingress': start
[20:19:50.327] [bmv2] [T] [thread 124638] [20.0] [cxt 0] basic_tunnel.p4(152) Condition "hdr.ipv4.isValid() && !hdr.myTunnel.isValid()" (node_2) is false
[20:19:50.327] [bmv2] [T] [thread 124638] [20.0] [cxt 0] basic_tunnel.p4(155) Condition "hdr.myTunnel.isValid()" (node_4) is false
[20:19:50.327] [bmv2] [D] [thread 124638] [20.0] [cxt 0] Pipeline 'ingress': end
[20:19:50.327] [bmv2] [D] [thread 124638] [20.0] [cxt 0] Egress port is 0
[20:19:50.328] [bmv2] [D] [thread 124639] [20.0] [cxt 0] Pipeline 'egress': start
[20:19:50.328] [bmv2] [D] [thread 124639] [20.0] [cxt 0] Pipeline 'egress': end
[20:19:50.328] [bmv2] [D] [thread 124639] [20.0] [cxt 0] Deparser 'deparser': start
[20:19:50.328] [bmv2] [T] [thread 124639] [20.0] [cxt 0] Skipping checksum 'cksum' update because condition not met
[20:19:50.328] [bmv2] [D] [thread 124639] [20.0] [cxt 0] Deparsing header 'ethernet'
[20:19:50.328] [bmv2] [D] [thread 124639] [20.0] [cxt 0] Deparser 'deparser': end
[20:19:50.328] [bmv2] [D] [thread 124643] [20.0] [cxt 0] Transmitting packet of size 70 out of port 0
[20:19:52.372] [bmv2] [D] [thread 124638] [21.0] [cxt 0] Processing packet received on port 1
[20:19:52.372] [bmv2] [D] [thread 124638] [21.0] [cxt 0] Parser 'parser': start
[20:19:52.372] [bmv2] [D] [thread 124638] [21.0] [cxt 0] Parser 'parser' entering state 'start'
[20:19:52.372] [bmv2] [D] [thread 124638] [21.0] [cxt 0] Extracting header 'ethernet'
[20:19:52.372] [bmv2] [D] [thread 124638] [21.0] [cxt 0] Parser state 'start': key is 86dd
[20:19:52.372] [bmv2] [T] [thread 124638] [21.0] [cxt 0] Bytes parsed: 14
[20:19:52.372] [bmv2] [D] [thread 124638] [21.0] [cxt 0] Parser 'parser': end
[20:19:52.373] [bmv2] [D] [thread 124638] [21.0] [cxt 0] Pipeline 'ingress': start
[20:19:52.373] [bmv2] [T] [thread 124638] [21.0] [cxt 0] basic_tunnel.p4(152) Condition "hdr.ipv4.isValid() && !hdr.myTunnel.isValid()" (node_2) is false
[20:19:52.373] [bmv2] [T] [thread 124638] [21.0] [cxt 0] basic_tunnel.p4(155) Condition "hdr.myTunnel.isValid()" (node_4) is false
[20:19:52.373] [bmv2] [D] [thread 124638] [21.0] [cxt 0] Pipeline 'ingress': end
[20:19:52.373] [bmv2] [D] [thread 124638] [21.0] [cxt 0] Egress port is 0
[20:19:52.374] [bmv2] [D] [thread 124639] [21.0] [cxt 0] Pipeline 'egress': start
[20:19:52.374] [bmv2] [D] [thread 124639] [21.0] [cxt 0] Pipeline 'egress': end
[20:19:52.374] [bmv2] [D] [thread 124639] [21.0] [cxt 0] Deparser 'deparser': start
[20:19:52.374] [bmv2] [T] [thread 124639] [21.0] [cxt 0] Skipping checksum 'cksum' update because condition not met
[20:19:52.374] [bmv2] [D] [thread 124639] [21.0] [cxt 0] Deparsing header 'ethernet'
[20:19:52.374] [bmv2] [D] [thread 124639] [21.0] [cxt 0] Deparser 'deparser': end
[20:19:52.374] [bmv2] [D] [thread 124643] [21.0] [cxt 0] Transmitting packet of size 70 out of port 0
[20:19:52.376] [bmv2] [D] [thread 124638] [22.0] [cxt 0] Processing packet received on port 2
[20:19:52.376] [bmv2] [D] [thread 124638] [22.0] [cxt 0] Parser 'parser': start
[20:19:52.376] [bmv2] [D] [thread 124638] [22.0] [cxt 0] Parser 'parser' entering state 'start'
[20:19:52.376] [bmv2] [D] [thread 124638] [22.0] [cxt 0] Extracting header 'ethernet'
[20:19:52.376] [bmv2] [D] [thread 124638] [22.0] [cxt 0] Parser state 'start': key is 86dd
[20:19:52.376] [bmv2] [T] [thread 124638] [22.0] [cxt 0] Bytes parsed: 14
[20:19:52.376] [bmv2] [D] [thread 124638] [22.0] [cxt 0] Parser 'parser': end
[20:19:52.376] [bmv2] [D] [thread 124638] [22.0] [cxt 0] Pipeline 'ingress': start
[20:19:52.376] [bmv2] [T] [thread 124638] [22.0] [cxt 0] basic_tunnel.p4(152) Condition "hdr.ipv4.isValid() && !hdr.myTunnel.isValid()" (node_2) is false
[20:19:52.376] [bmv2] [T] [thread 124638] [22.0] [cxt 0] basic_tunnel.p4(155) Condition "hdr.myTunnel.isValid()" (node_4) is false
[20:19:52.376] [bmv2] [D] [thread 124638] [22.0] [cxt 0] Pipeline 'ingress': end
[20:19:52.376] [bmv2] [D] [thread 124638] [22.0] [cxt 0] Egress port is 0
[20:19:52.378] [bmv2] [D] [thread 124639] [22.0] [cxt 0] Pipeline 'egress': start
[20:19:52.378] [bmv2] [D] [thread 124639] [22.0] [cxt 0] Pipeline 'egress': end
[20:19:52.378] [bmv2] [D] [thread 124639] [22.0] [cxt 0] Deparser 'deparser': start
[20:19:52.378] [bmv2] [T] [thread 124639] [22.0] [cxt 0] Skipping checksum 'cksum' update because condition not met
[20:19:52.378] [bmv2] [D] [thread 124639] [22.0] [cxt 0] Deparsing header 'ethernet'
[20:19:52.378] [bmv2] [D] [thread 124639] [22.0] [cxt 0] Deparser 'deparser': end
[20:19:52.378] [bmv2] [D] [thread 124643] [22.0] [cxt 0] Transmitting packet of size 70 out of port 0
[20:19:56.468] [bmv2] [D] [thread 124638] [23.0] [cxt 0] Processing packet received on port 3
[20:19:56.468] [bmv2] [D] [thread 124638] [23.0] [cxt 0] Parser 'parser': start
[20:19:56.468] [bmv2] [D] [thread 124638] [23.0] [cxt 0] Parser 'parser' entering state 'start'
[20:19:56.468] [bmv2] [D] [thread 124638] [23.0] [cxt 0] Extracting header 'ethernet'
[20:19:56.468] [bmv2] [D] [thread 124638] [23.0] [cxt 0] Parser state 'start': key is 86dd
[20:19:56.468] [bmv2] [T] [thread 124638] [23.0] [cxt 0] Bytes parsed: 14
[20:19:56.468] [bmv2] [D] [thread 124638] [23.0] [cxt 0] Parser 'parser': end
[20:19:56.468] [bmv2] [D] [thread 124638] [23.0] [cxt 0] Pipeline 'ingress': start
[20:19:56.468] [bmv2] [T] [thread 124638] [23.0] [cxt 0] basic_tunnel.p4(152) Condition "hdr.ipv4.isValid() && !hdr.myTunnel.isValid()" (node_2) is false
[20:19:56.468] [bmv2] [T] [thread 124638] [23.0] [cxt 0] basic_tunnel.p4(155) Condition "hdr.myTunnel.isValid()" (node_4) is false
[20:19:56.468] [bmv2] [D] [thread 124638] [23.0] [cxt 0] Pipeline 'ingress': end
[20:19:56.468] [bmv2] [D] [thread 124638] [23.0] [cxt 0] Egress port is 0
[20:19:56.470] [bmv2] [D] [thread 124639] [23.0] [cxt 0] Pipeline 'egress': start
[20:19:56.470] [bmv2] [D] [thread 124639] [23.0] [cxt 0] Pipeline 'egress': end
[20:19:56.470] [bmv2] [D] [thread 124639] [23.0] [cxt 0] Deparser 'deparser': start
[20:19:56.470] [bmv2] [T] [thread 124639] [23.0] [cxt 0] Skipping checksum 'cksum' update because condition not met
[20:19:56.470] [bmv2] [D] [thread 124639] [23.0] [cxt 0] Deparsing header 'ethernet'
[20:19:56.470] [bmv2] [D] [thread 124639] [23.0] [cxt 0] Deparser 'deparser': end
[20:19:56.470] [bmv2] [D] [thread 124643] [23.0] [cxt 0] Transmitting packet of size 70 out of port 0
[20:20:02.614] [bmv2] [D] [thread 124638] [24.0] [cxt 0] Processing packet received on port 2
[20:20:02.614] [bmv2] [D] [thread 124638] [24.0] [cxt 0] Parser 'parser': start
[20:20:02.614] [bmv2] [D] [thread 124638] [24.0] [cxt 0] Parser 'parser' entering state 'start'
[20:20:02.614] [bmv2] [D] [thread 124638] [24.0] [cxt 0] Extracting header 'ethernet'
[20:20:02.614] [bmv2] [D] [thread 124638] [24.0] [cxt 0] Parser state 'start': key is 86dd
[20:20:02.614] [bmv2] [T] [thread 124638] [24.0] [cxt 0] Bytes parsed: 14
[20:20:02.614] [bmv2] [D] [thread 124638] [24.0] [cxt 0] Parser 'parser': end
[20:20:02.614] [bmv2] [D] [thread 124638] [24.0] [cxt 0] Pipeline 'ingress': start
[20:20:02.614] [bmv2] [T] [thread 124638] [24.0] [cxt 0] basic_tunnel.p4(152) Condition "hdr.ipv4.isValid() && !hdr.myTunnel.isValid()" (node_2) is false
[20:20:02.614] [bmv2] [T] [thread 124638] [24.0] [cxt 0] basic_tunnel.p4(155) Condition "hdr.myTunnel.isValid()" (node_4) is false
[20:20:02.614] [bmv2] [D] [thread 124638] [24.0] [cxt 0] Pipeline 'ingress': end
[20:20:02.614] [bmv2] [D] [thread 124638] [24.0] [cxt 0] Egress port is 0
[20:20:02.616] [bmv2] [D] [thread 124639] [24.0] [cxt 0] Pipeline 'egress': start
[20:20:02.616] [bmv2] [D] [thread 124639] [24.0] [cxt 0] Pipeline 'egress': end
[20:20:02.616] [bmv2] [D] [thread 124639] [24.0] [cxt 0] Deparser 'deparser': start
[20:20:02.616] [bmv2] [T] [thread 124639] [24.0] [cxt 0] Skipping checksum 'cksum' update because condition not met
[20:20:02.616] [bmv2] [D] [thread 124639] [24.0] [cxt 0] Deparsing header 'ethernet'
[20:20:02.616] [bmv2] [D] [thread 124639] [24.0] [cxt 0] Deparser 'deparser': end
[20:20:02.616] [bmv2] [D] [thread 124643] [24.0] [cxt 0] Transmitting packet of size 70 out of port 0
[20:20:45.624] [bmv2] [D] [thread 124638] [25.0] [cxt 0] Processing packet received on port 3
[20:20:45.624] [bmv2] [D] [thread 124638] [25.0] [cxt 0] Parser 'parser': start
[20:20:45.624] [bmv2] [D] [thread 124638] [25.0] [cxt 0] Parser 'parser' entering state 'start'
[20:20:45.624] [bmv2] [D] [thread 124638] [25.0] [cxt 0] Extracting header 'ethernet'
[20:20:45.624] [bmv2] [D] [thread 124638] [25.0] [cxt 0] Parser state 'start': key is 86dd
[20:20:45.624] [bmv2] [T] [thread 124638] [25.0] [cxt 0] Bytes parsed: 14
[20:20:45.624] [bmv2] [D] [thread 124638] [25.0] [cxt 0] Parser 'parser': end
[20:20:45.624] [bmv2] [D] [thread 124638] [25.0] [cxt 0] Pipeline 'ingress': start
[20:20:45.624] [bmv2] [T] [thread 124638] [25.0] [cxt 0] basic_tunnel.p4(152) Condition "hdr.ipv4.isValid() && !hdr.myTunnel.isValid()" (node_2) is false
[20:20:45.624] [bmv2] [T] [thread 124638] [25.0] [cxt 0] basic_tunnel.p4(155) Condition "hdr.myTunnel.isValid()" (node_4) is false
[20:20:45.624] [bmv2] [D] [thread 124638] [25.0] [cxt 0] Pipeline 'ingress': end
[20:20:45.624] [bmv2] [D] [thread 124638] [25.0] [cxt 0] Egress port is 0
[20:20:45.625] [bmv2] [D] [thread 124639] [25.0] [cxt 0] Pipeline 'egress': start
[20:20:45.625] [bmv2] [D] [thread 124639] [25.0] [cxt 0] Pipeline 'egress': end
[20:20:45.625] [bmv2] [D] [thread 124639] [25.0] [cxt 0] Deparser 'deparser': start
[20:20:45.625] [bmv2] [T] [thread 124639] [25.0] [cxt 0] Skipping checksum 'cksum' update because condition not met
[20:20:45.625] [bmv2] [D] [thread 124639] [25.0] [cxt 0] Deparsing header 'ethernet'
[20:20:45.625] [bmv2] [D] [thread 124639] [25.0] [cxt 0] Deparser 'deparser': end
[20:20:45.625] [bmv2] [D] [thread 124643] [25.0] [cxt 0] Transmitting packet of size 70 out of port 0
[20:20:51.766] [bmv2] [D] [thread 124638] [26.0] [cxt 0] Processing packet received on port 1
[20:20:51.766] [bmv2] [D] [thread 124638] [26.0] [cxt 0] Parser 'parser': start
[20:20:51.766] [bmv2] [D] [thread 124638] [26.0] [cxt 0] Parser 'parser' entering state 'start'
[20:20:51.766] [bmv2] [D] [thread 124638] [26.0] [cxt 0] Extracting header 'ethernet'
[20:20:51.766] [bmv2] [D] [thread 124638] [26.0] [cxt 0] Parser state 'start': key is 86dd
[20:20:51.766] [bmv2] [T] [thread 124638] [26.0] [cxt 0] Bytes parsed: 14
[20:20:51.766] [bmv2] [D] [thread 124638] [26.0] [cxt 0] Parser 'parser': end
[20:20:51.766] [bmv2] [D] [thread 124638] [26.0] [cxt 0] Pipeline 'ingress': start
[20:20:51.766] [bmv2] [T] [thread 124638] [26.0] [cxt 0] basic_tunnel.p4(152) Condition "hdr.ipv4.isValid() && !hdr.myTunnel.isValid()" (node_2) is false
[20:20:51.766] [bmv2] [T] [thread 124638] [26.0] [cxt 0] basic_tunnel.p4(155) Condition "hdr.myTunnel.isValid()" (node_4) is false
[20:20:51.766] [bmv2] [D] [thread 124638] [26.0] [cxt 0] Pipeline 'ingress': end
[20:20:51.766] [bmv2] [D] [thread 124638] [26.0] [cxt 0] Egress port is 0
[20:20:51.766] [bmv2] [D] [thread 124638] [27.0] [cxt 0] Processing packet received on port 2
[20:20:51.766] [bmv2] [D] [thread 124638] [27.0] [cxt 0] Parser 'parser': start
[20:20:51.766] [bmv2] [D] [thread 124638] [27.0] [cxt 0] Parser 'parser' entering state 'start'
[20:20:51.766] [bmv2] [D] [thread 124638] [27.0] [cxt 0] Extracting header 'ethernet'
[20:20:51.766] [bmv2] [D] [thread 124638] [27.0] [cxt 0] Parser state 'start': key is 86dd
[20:20:51.766] [bmv2] [T] [thread 124638] [27.0] [cxt 0] Bytes parsed: 14
[20:20:51.766] [bmv2] [D] [thread 124638] [27.0] [cxt 0] Parser 'parser': end
[20:20:51.766] [bmv2] [D] [thread 124638] [27.0] [cxt 0] Pipeline 'ingress': start
[20:20:51.766] [bmv2] [T] [thread 124638] [27.0] [cxt 0] basic_tunnel.p4(152) Condition "hdr.ipv4.isValid() && !hdr.myTunnel.isValid()" (node_2) is false
[20:20:51.766] [bmv2] [T] [thread 124638] [27.0] [cxt 0] basic_tunnel.p4(155) Condition "hdr.myTunnel.isValid()" (node_4) is false
[20:20:51.766] [bmv2] [D] [thread 124638] [27.0] [cxt 0] Pipeline 'ingress': end
[20:20:51.766] [bmv2] [D] [thread 124638] [27.0] [cxt 0] Egress port is 0
[20:20:51.766] [bmv2] [D] [thread 124639] [26.0] [cxt 0] Pipeline 'egress': start
[20:20:51.766] [bmv2] [D] [thread 124639] [26.0] [cxt 0] Pipeline 'egress': end
[20:20:51.766] [bmv2] [D] [thread 124639] [26.0] [cxt 0] Deparser 'deparser': start
[20:20:51.766] [bmv2] [T] [thread 124639] [26.0] [cxt 0] Skipping checksum 'cksum' update because condition not met
[20:20:51.767] [bmv2] [D] [thread 124639] [26.0] [cxt 0] Deparsing header 'ethernet'
[20:20:51.767] [bmv2] [D] [thread 124639] [26.0] [cxt 0] Deparser 'deparser': end
[20:20:51.767] [bmv2] [D] [thread 124639] [27.0] [cxt 0] Pipeline 'egress': start
[20:20:51.767] [bmv2] [D] [thread 124639] [27.0] [cxt 0] Pipeline 'egress': end
[20:20:51.767] [bmv2] [D] [thread 124639] [27.0] [cxt 0] Deparser 'deparser': start
[20:20:51.767] [bmv2] [T] [thread 124639] [27.0] [cxt 0] Skipping checksum 'cksum' update because condition not met
[20:20:51.767] [bmv2] [D] [thread 124639] [27.0] [cxt 0] Deparsing header 'ethernet'
[20:20:51.767] [bmv2] [D] [thread 124639] [27.0] [cxt 0] Deparser 'deparser': end
[20:20:51.770] [bmv2] [D] [thread 124643] [26.0] [cxt 0] Transmitting packet of size 70 out of port 0
[20:20:51.770] [bmv2] [D] [thread 124643] [27.0] [cxt 0] Transmitting packet of size 70 out of port 0
[20:20:59.959] [bmv2] [D] [thread 124638] [28.0] [cxt 0] Processing packet received on port 3
[20:20:59.959] [bmv2] [D] [thread 124638] [28.0] [cxt 0] Parser 'parser': start
[20:20:59.959] [bmv2] [D] [thread 124638] [28.0] [cxt 0] Parser 'parser' entering state 'start'
[20:20:59.959] [bmv2] [D] [thread 124638] [28.0] [cxt 0] Extracting header 'ethernet'
[20:20:59.959] [bmv2] [D] [thread 124638] [28.0] [cxt 0] Parser state 'start': key is 86dd
[20:20:59.959] [bmv2] [T] [thread 124638] [28.0] [cxt 0] Bytes parsed: 14
[20:20:59.960] [bmv2] [D] [thread 124638] [28.0] [cxt 0] Parser 'parser': end
[20:20:59.966] [bmv2] [D] [thread 124638] [28.0] [cxt 0] Pipeline 'ingress': start
[20:20:59.966] [bmv2] [T] [thread 124638] [28.0] [cxt 0] basic_tunnel.p4(152) Condition "hdr.ipv4.isValid() && !hdr.myTunnel.isValid()" (node_2) is false
[20:20:59.966] [bmv2] [T] [thread 124638] [28.0] [cxt 0] basic_tunnel.p4(155) Condition "hdr.myTunnel.isValid()" (node_4) is false
[20:20:59.966] [bmv2] [D] [thread 124638] [28.0] [cxt 0] Pipeline 'ingress': end
[20:20:59.966] [bmv2] [D] [thread 124638] [28.0] [cxt 0] Egress port is 0
[20:20:59.968] [bmv2] [D] [thread 124639] [28.0] [cxt 0] Pipeline 'egress': start
[20:20:59.968] [bmv2] [D] [thread 124639] [28.0] [cxt 0] Pipeline 'egress': end
[20:20:59.968] [bmv2] [D] [thread 124639] [28.0] [cxt 0] Deparser 'deparser': start
[20:20:59.968] [bmv2] [T] [thread 124639] [28.0] [cxt 0] Skipping checksum 'cksum' update because condition not met
[20:20:59.968] [bmv2] [D] [thread 124639] [28.0] [cxt 0] Deparsing header 'ethernet'
[20:20:59.968] [bmv2] [D] [thread 124639] [28.0] [cxt 0] Deparser 'deparser': end
[20:20:59.969] [bmv2] [D] [thread 124643] [28.0] [cxt 0] Transmitting packet of size 70 out of port 0
[20:21:10.197] [bmv2] [D] [thread 124638] [29.0] [cxt 0] Processing packet received on port 2
[20:21:10.197] [bmv2] [D] [thread 124638] [29.0] [cxt 0] Parser 'parser': start
[20:21:10.197] [bmv2] [D] [thread 124638] [29.0] [cxt 0] Parser 'parser' entering state 'start'
[20:21:10.197] [bmv2] [D] [thread 124638] [29.0] [cxt 0] Extracting header 'ethernet'
[20:21:10.197] [bmv2] [D] [thread 124638] [29.0] [cxt 0] Parser state 'start': key is 86dd
[20:21:10.197] [bmv2] [T] [thread 124638] [29.0] [cxt 0] Bytes parsed: 14
[20:21:10.197] [bmv2] [D] [thread 124638] [29.0] [cxt 0] Parser 'parser': end
[20:21:10.197] [bmv2] [D] [thread 124638] [29.0] [cxt 0] Pipeline 'ingress': start
[20:21:10.197] [bmv2] [T] [thread 124638] [29.0] [cxt 0] basic_tunnel.p4(152) Condition "hdr.ipv4.isValid() && !hdr.myTunnel.isValid()" (node_2) is false
[20:21:10.197] [bmv2] [T] [thread 124638] [29.0] [cxt 0] basic_tunnel.p4(155) Condition "hdr.myTunnel.isValid()" (node_4) is false
[20:21:10.197] [bmv2] [D] [thread 124638] [29.0] [cxt 0] Pipeline 'ingress': end
[20:21:10.198] [bmv2] [D] [thread 124638] [29.0] [cxt 0] Egress port is 0
[20:21:10.198] [bmv2] [D] [thread 124639] [29.0] [cxt 0] Pipeline 'egress': start
[20:21:10.198] [bmv2] [D] [thread 124639] [29.0] [cxt 0] Pipeline 'egress': end
[20:21:10.198] [bmv2] [D] [thread 124639] [29.0] [cxt 0] Deparser 'deparser': start
[20:21:10.198] [bmv2] [T] [thread 124639] [29.0] [cxt 0] Skipping checksum 'cksum' update because condition not met
[20:21:10.198] [bmv2] [D] [thread 124639] [29.0] [cxt 0] Deparsing header 'ethernet'
[20:21:10.198] [bmv2] [D] [thread 124639] [29.0] [cxt 0] Deparser 'deparser': end
[20:21:10.199] [bmv2] [D] [thread 124643] [29.0] [cxt 0] Transmitting packet of size 70 out of port 0
[20:22:40.309] [bmv2] [D] [thread 124638] [30.0] [cxt 0] Processing packet received on port 3
[20:22:40.309] [bmv2] [D] [thread 124638] [30.0] [cxt 0] Parser 'parser': start
[20:22:40.309] [bmv2] [D] [thread 124638] [30.0] [cxt 0] Parser 'parser' entering state 'start'
[20:22:40.309] [bmv2] [D] [thread 124638] [30.0] [cxt 0] Extracting header 'ethernet'
[20:22:40.309] [bmv2] [D] [thread 124638] [30.0] [cxt 0] Parser state 'start': key is 86dd
[20:22:40.309] [bmv2] [T] [thread 124638] [30.0] [cxt 0] Bytes parsed: 14
[20:22:40.309] [bmv2] [D] [thread 124638] [30.0] [cxt 0] Parser 'parser': end
[20:22:40.309] [bmv2] [D] [thread 124638] [30.0] [cxt 0] Pipeline 'ingress': start
[20:22:40.309] [bmv2] [T] [thread 124638] [30.0] [cxt 0] basic_tunnel.p4(152) Condition "hdr.ipv4.isValid() && !hdr.myTunnel.isValid()" (node_2) is false
[20:22:40.309] [bmv2] [T] [thread 124638] [30.0] [cxt 0] basic_tunnel.p4(155) Condition "hdr.myTunnel.isValid()" (node_4) is false
[20:22:40.309] [bmv2] [D] [thread 124638] [30.0] [cxt 0] Pipeline 'ingress': end
[20:22:40.309] [bmv2] [D] [thread 124638] [30.0] [cxt 0] Egress port is 0
[20:22:40.311] [bmv2] [D] [thread 124639] [30.0] [cxt 0] Pipeline 'egress': start
[20:22:40.311] [bmv2] [D] [thread 124639] [30.0] [cxt 0] Pipeline 'egress': end
[20:22:40.311] [bmv2] [D] [thread 124639] [30.0] [cxt 0] Deparser 'deparser': start
[20:22:40.311] [bmv2] [T] [thread 124639] [30.0] [cxt 0] Skipping checksum 'cksum' update because condition not met
[20:22:40.311] [bmv2] [D] [thread 124639] [30.0] [cxt 0] Deparsing header 'ethernet'
[20:22:40.311] [bmv2] [D] [thread 124639] [30.0] [cxt 0] Deparser 'deparser': end
[20:22:40.311] [bmv2] [D] [thread 124643] [30.0] [cxt 0] Transmitting packet of size 70 out of port 0
[20:22:46.454] [bmv2] [D] [thread 124638] [31.0] [cxt 0] Processing packet received on port 1
[20:22:46.454] [bmv2] [D] [thread 124638] [31.0] [cxt 0] Parser 'parser': start
[20:22:46.454] [bmv2] [D] [thread 124638] [31.0] [cxt 0] Parser 'parser' entering state 'start'
[20:22:46.454] [bmv2] [D] [thread 124638] [31.0] [cxt 0] Extracting header 'ethernet'
[20:22:46.454] [bmv2] [D] [thread 124638] [31.0] [cxt 0] Parser state 'start': key is 86dd
[20:22:46.454] [bmv2] [T] [thread 124638] [31.0] [cxt 0] Bytes parsed: 14
[20:22:46.454] [bmv2] [D] [thread 124638] [31.0] [cxt 0] Parser 'parser': end
[20:22:46.454] [bmv2] [D] [thread 124638] [31.0] [cxt 0] Pipeline 'ingress': start
[20:22:46.454] [bmv2] [T] [thread 124638] [31.0] [cxt 0] basic_tunnel.p4(152) Condition "hdr.ipv4.isValid() && !hdr.myTunnel.isValid()" (node_2) is false
[20:22:46.454] [bmv2] [T] [thread 124638] [31.0] [cxt 0] basic_tunnel.p4(155) Condition "hdr.myTunnel.isValid()" (node_4) is false
[20:22:46.454] [bmv2] [D] [thread 124638] [31.0] [cxt 0] Pipeline 'ingress': end
[20:22:46.454] [bmv2] [D] [thread 124638] [31.0] [cxt 0] Egress port is 0
[20:22:46.454] [bmv2] [D] [thread 124638] [32.0] [cxt 0] Processing packet received on port 2
[20:22:46.454] [bmv2] [D] [thread 124638] [32.0] [cxt 0] Parser 'parser': start
[20:22:46.454] [bmv2] [D] [thread 124638] [32.0] [cxt 0] Parser 'parser' entering state 'start'
[20:22:46.454] [bmv2] [D] [thread 124638] [32.0] [cxt 0] Extracting header 'ethernet'
[20:22:46.455] [bmv2] [D] [thread 124638] [32.0] [cxt 0] Parser state 'start': key is 86dd
[20:22:46.455] [bmv2] [T] [thread 124638] [32.0] [cxt 0] Bytes parsed: 14
[20:22:46.455] [bmv2] [D] [thread 124638] [32.0] [cxt 0] Parser 'parser': end
[20:22:46.455] [bmv2] [D] [thread 124638] [32.0] [cxt 0] Pipeline 'ingress': start
[20:22:46.455] [bmv2] [T] [thread 124638] [32.0] [cxt 0] basic_tunnel.p4(152) Condition "hdr.ipv4.isValid() && !hdr.myTunnel.isValid()" (node_2) is false
[20:22:46.455] [bmv2] [T] [thread 124638] [32.0] [cxt 0] basic_tunnel.p4(155) Condition "hdr.myTunnel.isValid()" (node_4) is false
[20:22:46.455] [bmv2] [D] [thread 124638] [32.0] [cxt 0] Pipeline 'ingress': end
[20:22:46.455] [bmv2] [D] [thread 124638] [32.0] [cxt 0] Egress port is 0
[20:22:46.455] [bmv2] [D] [thread 124639] [31.0] [cxt 0] Pipeline 'egress': start
[20:22:46.455] [bmv2] [D] [thread 124639] [31.0] [cxt 0] Pipeline 'egress': end
[20:22:46.455] [bmv2] [D] [thread 124639] [31.0] [cxt 0] Deparser 'deparser': start
[20:22:46.455] [bmv2] [T] [thread 124639] [31.0] [cxt 0] Skipping checksum 'cksum' update because condition not met
[20:22:46.455] [bmv2] [D] [thread 124639] [31.0] [cxt 0] Deparsing header 'ethernet'
[20:22:46.455] [bmv2] [D] [thread 124639] [31.0] [cxt 0] Deparser 'deparser': end
[20:22:46.455] [bmv2] [D] [thread 124639] [32.0] [cxt 0] Pipeline 'egress': start
[20:22:46.455] [bmv2] [D] [thread 124639] [32.0] [cxt 0] Pipeline 'egress': end
[20:22:46.455] [bmv2] [D] [thread 124639] [32.0] [cxt 0] Deparser 'deparser': start
[20:22:46.455] [bmv2] [T] [thread 124639] [32.0] [cxt 0] Skipping checksum 'cksum' update because condition not met
[20:22:46.455] [bmv2] [D] [thread 124639] [32.0] [cxt 0] Deparsing header 'ethernet'
[20:22:46.455] [bmv2] [D] [thread 124639] [32.0] [cxt 0] Deparser 'deparser': end
[20:22:46.455] [bmv2] [D] [thread 124643] [31.0] [cxt 0] Transmitting packet of size 70 out of port 0
[20:22:46.455] [bmv2] [D] [thread 124643] [32.0] [cxt 0] Transmitting packet of size 70 out of port 0
[20:23:08.980] [bmv2] [D] [thread 124638] [33.0] [cxt 0] Processing packet received on port 3
[20:23:08.981] [bmv2] [D] [thread 124638] [33.0] [cxt 0] Parser 'parser': start
[20:23:08.981] [bmv2] [D] [thread 124638] [33.0] [cxt 0] Parser 'parser' entering state 'start'
[20:23:08.981] [bmv2] [D] [thread 124638] [33.0] [cxt 0] Extracting header 'ethernet'
[20:23:08.981] [bmv2] [D] [thread 124638] [33.0] [cxt 0] Parser state 'start': key is 86dd
[20:23:08.981] [bmv2] [T] [thread 124638] [33.0] [cxt 0] Bytes parsed: 14
[20:23:08.981] [bmv2] [D] [thread 124638] [33.0] [cxt 0] Parser 'parser': end
[20:23:08.981] [bmv2] [D] [thread 124638] [33.0] [cxt 0] Pipeline 'ingress': start
[20:23:08.981] [bmv2] [T] [thread 124638] [33.0] [cxt 0] basic_tunnel.p4(152) Condition "hdr.ipv4.isValid() && !hdr.myTunnel.isValid()" (node_2) is false
[20:23:08.981] [bmv2] [T] [thread 124638] [33.0] [cxt 0] basic_tunnel.p4(155) Condition "hdr.myTunnel.isValid()" (node_4) is false
[20:23:08.981] [bmv2] [D] [thread 124638] [33.0] [cxt 0] Pipeline 'ingress': end
[20:23:08.981] [bmv2] [D] [thread 124638] [33.0] [cxt 0] Egress port is 0
[20:23:08.981] [bmv2] [D] [thread 124639] [33.0] [cxt 0] Pipeline 'egress': start
[20:23:08.981] [bmv2] [D] [thread 124639] [33.0] [cxt 0] Pipeline 'egress': end
[20:23:08.981] [bmv2] [D] [thread 124639] [33.0] [cxt 0] Deparser 'deparser': start
[20:23:08.981] [bmv2] [T] [thread 124639] [33.0] [cxt 0] Skipping checksum 'cksum' update because condition not met
[20:23:08.981] [bmv2] [D] [thread 124639] [33.0] [cxt 0] Deparsing header 'ethernet'
[20:23:08.981] [bmv2] [D] [thread 124639] [33.0] [cxt 0] Deparser 'deparser': end
[20:23:08.981] [bmv2] [D] [thread 124643] [33.0] [cxt 0] Transmitting packet of size 70 out of port 0
[20:23:35.606] [bmv2] [D] [thread 124638] [34.0] [cxt 0] Processing packet received on port 2
[20:23:35.607] [bmv2] [D] [thread 124638] [34.0] [cxt 0] Parser 'parser': start
[20:23:35.607] [bmv2] [D] [thread 124638] [34.0] [cxt 0] Parser 'parser' entering state 'start'
[20:23:35.607] [bmv2] [D] [thread 124638] [34.0] [cxt 0] Extracting header 'ethernet'
[20:23:35.607] [bmv2] [D] [thread 124638] [34.0] [cxt 0] Parser state 'start': key is 86dd
[20:23:35.607] [bmv2] [T] [thread 124638] [34.0] [cxt 0] Bytes parsed: 14
[20:23:35.607] [bmv2] [D] [thread 124638] [34.0] [cxt 0] Parser 'parser': end
[20:23:35.607] [bmv2] [D] [thread 124638] [34.0] [cxt 0] Pipeline 'ingress': start
[20:23:35.607] [bmv2] [T] [thread 124638] [34.0] [cxt 0] basic_tunnel.p4(152) Condition "hdr.ipv4.isValid() && !hdr.myTunnel.isValid()" (node_2) is false
[20:23:35.607] [bmv2] [T] [thread 124638] [34.0] [cxt 0] basic_tunnel.p4(155) Condition "hdr.myTunnel.isValid()" (node_4) is false
[20:23:35.607] [bmv2] [D] [thread 124638] [34.0] [cxt 0] Pipeline 'ingress': end
[20:23:35.607] [bmv2] [D] [thread 124638] [34.0] [cxt 0] Egress port is 0
[20:23:35.607] [bmv2] [D] [thread 124639] [34.0] [cxt 0] Pipeline 'egress': start
[20:23:35.607] [bmv2] [D] [thread 124639] [34.0] [cxt 0] Pipeline 'egress': end
[20:23:35.607] [bmv2] [D] [thread 124639] [34.0] [cxt 0] Deparser 'deparser': start
[20:23:35.607] [bmv2] [T] [thread 124639] [34.0] [cxt 0] Skipping checksum 'cksum' update because condition not met
[20:23:35.607] [bmv2] [D] [thread 124639] [34.0] [cxt 0] Deparsing header 'ethernet'
[20:23:35.607] [bmv2] [D] [thread 124639] [34.0] [cxt 0] Deparser 'deparser': end
[20:23:35.607] [bmv2] [D] [thread 124643] [34.0] [cxt 0] Transmitting packet of size 70 out of port 0
[20:26:35.829] [bmv2] [D] [thread 124638] [35.0] [cxt 0] Processing packet received on port 2
[20:26:35.829] [bmv2] [D] [thread 124638] [35.0] [cxt 0] Parser 'parser': start
[20:26:35.829] [bmv2] [D] [thread 124638] [35.0] [cxt 0] Parser 'parser' entering state 'start'
[20:26:35.829] [bmv2] [D] [thread 124638] [35.0] [cxt 0] Extracting header 'ethernet'
[20:26:35.829] [bmv2] [D] [thread 124638] [35.0] [cxt 0] Parser state 'start': key is 86dd
[20:26:35.829] [bmv2] [T] [thread 124638] [35.0] [cxt 0] Bytes parsed: 14
[20:26:35.829] [bmv2] [D] [thread 124638] [35.0] [cxt 0] Parser 'parser': end
[20:26:35.829] [bmv2] [D] [thread 124638] [35.0] [cxt 0] Pipeline 'ingress': start
[20:26:35.829] [bmv2] [T] [thread 124638] [35.0] [cxt 0] basic_tunnel.p4(152) Condition "hdr.ipv4.isValid() && !hdr.myTunnel.isValid()" (node_2) is false
[20:26:35.829] [bmv2] [T] [thread 124638] [35.0] [cxt 0] basic_tunnel.p4(155) Condition "hdr.myTunnel.isValid()" (node_4) is false
[20:26:35.829] [bmv2] [D] [thread 124638] [35.0] [cxt 0] Pipeline 'ingress': end
[20:26:35.829] [bmv2] [D] [thread 124638] [35.0] [cxt 0] Egress port is 0
[20:26:35.829] [bmv2] [D] [thread 124639] [35.0] [cxt 0] Pipeline 'egress': start
[20:26:35.829] [bmv2] [D] [thread 124639] [35.0] [cxt 0] Pipeline 'egress': end
[20:26:35.829] [bmv2] [D] [thread 124639] [35.0] [cxt 0] Deparser 'deparser': start
[20:26:35.829] [bmv2] [T] [thread 124639] [35.0] [cxt 0] Skipping checksum 'cksum' update because condition not met
[20:26:35.829] [bmv2] [D] [thread 124639] [35.0] [cxt 0] Deparsing header 'ethernet'
[20:26:35.829] [bmv2] [D] [thread 124639] [35.0] [cxt 0] Deparser 'deparser': end
[20:26:35.829] [bmv2] [D] [thread 124643] [35.0] [cxt 0] Transmitting packet of size 70 out of port 0
[20:26:35.833] [bmv2] [D] [thread 124638] [36.0] [cxt 0] Processing packet received on port 1
[20:26:35.833] [bmv2] [D] [thread 124638] [36.0] [cxt 0] Parser 'parser': start
[20:26:35.833] [bmv2] [D] [thread 124638] [36.0] [cxt 0] Parser 'parser' entering state 'start'
[20:26:35.833] [bmv2] [D] [thread 124638] [36.0] [cxt 0] Extracting header 'ethernet'
[20:26:35.833] [bmv2] [D] [thread 124638] [36.0] [cxt 0] Parser state 'start': key is 86dd
[20:26:35.833] [bmv2] [T] [thread 124638] [36.0] [cxt 0] Bytes parsed: 14
[20:26:35.833] [bmv2] [D] [thread 124638] [36.0] [cxt 0] Parser 'parser': end
[20:26:35.833] [bmv2] [D] [thread 124638] [36.0] [cxt 0] Pipeline 'ingress': start
[20:26:35.833] [bmv2] [T] [thread 124638] [36.0] [cxt 0] basic_tunnel.p4(152) Condition "hdr.ipv4.isValid() && !hdr.myTunnel.isValid()" (node_2) is false
[20:26:35.833] [bmv2] [T] [thread 124638] [36.0] [cxt 0] basic_tunnel.p4(155) Condition "hdr.myTunnel.isValid()" (node_4) is false
[20:26:35.833] [bmv2] [D] [thread 124638] [36.0] [cxt 0] Pipeline 'ingress': end
[20:26:35.833] [bmv2] [D] [thread 124638] [36.0] [cxt 0] Egress port is 0
[20:26:35.833] [bmv2] [D] [thread 124638] [37.0] [cxt 0] Processing packet received on port 3
[20:26:35.833] [bmv2] [D] [thread 124638] [37.0] [cxt 0] Parser 'parser': start
[20:26:35.833] [bmv2] [D] [thread 124638] [37.0] [cxt 0] Parser 'parser' entering state 'start'
[20:26:35.833] [bmv2] [D] [thread 124638] [37.0] [cxt 0] Extracting header 'ethernet'
[20:26:35.833] [bmv2] [D] [thread 124638] [37.0] [cxt 0] Parser state 'start': key is 86dd
[20:26:35.833] [bmv2] [T] [thread 124638] [37.0] [cxt 0] Bytes parsed: 14
[20:26:35.833] [bmv2] [D] [thread 124638] [37.0] [cxt 0] Parser 'parser': end
[20:26:35.833] [bmv2] [D] [thread 124638] [37.0] [cxt 0] Pipeline 'ingress': start
[20:26:35.833] [bmv2] [T] [thread 124638] [37.0] [cxt 0] basic_tunnel.p4(152) Condition "hdr.ipv4.isValid() && !hdr.myTunnel.isValid()" (node_2) is false
[20:26:35.833] [bmv2] [T] [thread 124638] [37.0] [cxt 0] basic_tunnel.p4(155) Condition "hdr.myTunnel.isValid()" (node_4) is false
[20:26:35.833] [bmv2] [D] [thread 124638] [37.0] [cxt 0] Pipeline 'ingress': end
[20:26:35.833] [bmv2] [D] [thread 124638] [37.0] [cxt 0] Egress port is 0
[20:26:35.833] [bmv2] [D] [thread 124639] [36.0] [cxt 0] Pipeline 'egress': start
[20:26:35.833] [bmv2] [D] [thread 124639] [36.0] [cxt 0] Pipeline 'egress': end
[20:26:35.833] [bmv2] [D] [thread 124639] [36.0] [cxt 0] Deparser 'deparser': start
[20:26:35.833] [bmv2] [T] [thread 124639] [36.0] [cxt 0] Skipping checksum 'cksum' update because condition not met
[20:26:35.833] [bmv2] [D] [thread 124639] [36.0] [cxt 0] Deparsing header 'ethernet'
[20:26:35.833] [bmv2] [D] [thread 124639] [36.0] [cxt 0] Deparser 'deparser': end
[20:26:35.833] [bmv2] [D] [thread 124639] [37.0] [cxt 0] Pipeline 'egress': start
[20:26:35.834] [bmv2] [D] [thread 124639] [37.0] [cxt 0] Pipeline 'egress': end
[20:26:35.834] [bmv2] [D] [thread 124639] [37.0] [cxt 0] Deparser 'deparser': start
[20:26:35.834] [bmv2] [T] [thread 124639] [37.0] [cxt 0] Skipping checksum 'cksum' update because condition not met
[20:26:35.834] [bmv2] [D] [thread 124639] [37.0] [cxt 0] Deparsing header 'ethernet'
[20:26:35.834] [bmv2] [D] [thread 124639] [37.0] [cxt 0] Deparser 'deparser': end
[20:26:35.834] [bmv2] [D] [thread 124643] [36.0] [cxt 0] Transmitting packet of size 70 out of port 0
[20:26:35.834] [bmv2] [D] [thread 124643] [37.0] [cxt 0] Transmitting packet of size 70 out of port 0
[20:27:41.365] [bmv2] [D] [thread 124638] [38.0] [cxt 0] Processing packet received on port 3
[20:27:41.365] [bmv2] [D] [thread 124638] [38.0] [cxt 0] Parser 'parser': start
[20:27:41.365] [bmv2] [D] [thread 124638] [38.0] [cxt 0] Parser 'parser' entering state 'start'
[20:27:41.365] [bmv2] [D] [thread 124638] [38.0] [cxt 0] Extracting header 'ethernet'
[20:27:41.365] [bmv2] [D] [thread 124638] [38.0] [cxt 0] Parser state 'start': key is 86dd
[20:27:41.365] [bmv2] [T] [thread 124638] [38.0] [cxt 0] Bytes parsed: 14
[20:27:41.365] [bmv2] [D] [thread 124638] [38.0] [cxt 0] Parser 'parser': end
[20:27:41.365] [bmv2] [D] [thread 124638] [38.0] [cxt 0] Pipeline 'ingress': start
[20:27:41.365] [bmv2] [T] [thread 124638] [38.0] [cxt 0] basic_tunnel.p4(152) Condition "hdr.ipv4.isValid() && !hdr.myTunnel.isValid()" (node_2) is false
[20:27:41.365] [bmv2] [T] [thread 124638] [38.0] [cxt 0] basic_tunnel.p4(155) Condition "hdr.myTunnel.isValid()" (node_4) is false
[20:27:41.365] [bmv2] [D] [thread 124638] [38.0] [cxt 0] Pipeline 'ingress': end
[20:27:41.365] [bmv2] [D] [thread 124638] [38.0] [cxt 0] Egress port is 0
[20:27:41.365] [bmv2] [D] [thread 124639] [38.0] [cxt 0] Pipeline 'egress': start
[20:27:41.365] [bmv2] [D] [thread 124639] [38.0] [cxt 0] Pipeline 'egress': end
[20:27:41.365] [bmv2] [D] [thread 124639] [38.0] [cxt 0] Deparser 'deparser': start
[20:27:41.365] [bmv2] [T] [thread 124639] [38.0] [cxt 0] Skipping checksum 'cksum' update because condition not met
[20:27:41.365] [bmv2] [D] [thread 124639] [38.0] [cxt 0] Deparsing header 'ethernet'
[20:27:41.365] [bmv2] [D] [thread 124639] [38.0] [cxt 0] Deparser 'deparser': end
[20:27:41.365] [bmv2] [D] [thread 124643] [38.0] [cxt 0] Transmitting packet of size 70 out of port 0
[20:28:14.133] [bmv2] [D] [thread 124638] [39.0] [cxt 0] Processing packet received on port 2
[20:28:14.133] [bmv2] [D] [thread 124638] [39.0] [cxt 0] Parser 'parser': start
[20:28:14.133] [bmv2] [D] [thread 124638] [39.0] [cxt 0] Parser 'parser' entering state 'start'
[20:28:14.133] [bmv2] [D] [thread 124638] [39.0] [cxt 0] Extracting header 'ethernet'
[20:28:14.133] [bmv2] [D] [thread 124638] [39.0] [cxt 0] Parser state 'start': key is 86dd
[20:28:14.133] [bmv2] [T] [thread 124638] [39.0] [cxt 0] Bytes parsed: 14
[20:28:14.133] [bmv2] [D] [thread 124638] [39.0] [cxt 0] Parser 'parser': end
[20:28:14.133] [bmv2] [D] [thread 124638] [39.0] [cxt 0] Pipeline 'ingress': start
[20:28:14.133] [bmv2] [T] [thread 124638] [39.0] [cxt 0] basic_tunnel.p4(152) Condition "hdr.ipv4.isValid() && !hdr.myTunnel.isValid()" (node_2) is false
[20:28:14.133] [bmv2] [T] [thread 124638] [39.0] [cxt 0] basic_tunnel.p4(155) Condition "hdr.myTunnel.isValid()" (node_4) is false
[20:28:14.133] [bmv2] [D] [thread 124638] [39.0] [cxt 0] Pipeline 'ingress': end
[20:28:14.133] [bmv2] [D] [thread 124638] [39.0] [cxt 0] Egress port is 0
[20:28:14.133] [bmv2] [D] [thread 124639] [39.0] [cxt 0] Pipeline 'egress': start
[20:28:14.133] [bmv2] [D] [thread 124639] [39.0] [cxt 0] Pipeline 'egress': end
[20:28:14.133] [bmv2] [D] [thread 124639] [39.0] [cxt 0] Deparser 'deparser': start
[20:28:14.133] [bmv2] [T] [thread 124639] [39.0] [cxt 0] Skipping checksum 'cksum' update because condition not met
[20:28:14.133] [bmv2] [D] [thread 124639] [39.0] [cxt 0] Deparsing header 'ethernet'
[20:28:14.133] [bmv2] [D] [thread 124639] [39.0] [cxt 0] Deparser 'deparser': end
[20:28:14.133] [bmv2] [D] [thread 124643] [39.0] [cxt 0] Transmitting packet of size 70 out of port 0
[20:33:58.199] [bmv2] [D] [thread 124638] [40.0] [cxt 0] Processing packet received on port 2
[20:33:58.199] [bmv2] [D] [thread 124638] [40.0] [cxt 0] Parser 'parser': start
[20:33:58.199] [bmv2] [D] [thread 124638] [40.0] [cxt 0] Parser 'parser' entering state 'start'
[20:33:58.199] [bmv2] [D] [thread 124638] [40.0] [cxt 0] Extracting header 'ethernet'
[20:33:58.199] [bmv2] [D] [thread 124638] [40.0] [cxt 0] Parser state 'start': key is 86dd
[20:33:58.199] [bmv2] [T] [thread 124638] [40.0] [cxt 0] Bytes parsed: 14
[20:33:58.199] [bmv2] [D] [thread 124638] [40.0] [cxt 0] Parser 'parser': end
[20:33:58.199] [bmv2] [D] [thread 124638] [40.0] [cxt 0] Pipeline 'ingress': start
[20:33:58.199] [bmv2] [T] [thread 124638] [40.0] [cxt 0] basic_tunnel.p4(152) Condition "hdr.ipv4.isValid() && !hdr.myTunnel.isValid()" (node_2) is false
[20:33:58.199] [bmv2] [T] [thread 124638] [40.0] [cxt 0] basic_tunnel.p4(155) Condition "hdr.myTunnel.isValid()" (node_4) is false
[20:33:58.199] [bmv2] [D] [thread 124638] [40.0] [cxt 0] Pipeline 'ingress': end
[20:33:58.199] [bmv2] [D] [thread 124638] [40.0] [cxt 0] Egress port is 0
[20:33:58.199] [bmv2] [D] [thread 124639] [40.0] [cxt 0] Pipeline 'egress': start
[20:33:58.199] [bmv2] [D] [thread 124639] [40.0] [cxt 0] Pipeline 'egress': end
[20:33:58.199] [bmv2] [D] [thread 124639] [40.0] [cxt 0] Deparser 'deparser': start
[20:33:58.199] [bmv2] [T] [thread 124639] [40.0] [cxt 0] Skipping checksum 'cksum' update because condition not met
[20:33:58.199] [bmv2] [D] [thread 124639] [40.0] [cxt 0] Deparsing header 'ethernet'
[20:33:58.199] [bmv2] [D] [thread 124639] [40.0] [cxt 0] Deparser 'deparser': end
[20:33:58.199] [bmv2] [D] [thread 124643] [40.0] [cxt 0] Transmitting packet of size 70 out of port 0
[20:34:14.588] [bmv2] [D] [thread 124638] [41.0] [cxt 0] Processing packet received on port 3
[20:34:14.588] [bmv2] [D] [thread 124638] [41.0] [cxt 0] Parser 'parser': start
[20:34:14.588] [bmv2] [D] [thread 124638] [41.0] [cxt 0] Parser 'parser' entering state 'start'
[20:34:14.588] [bmv2] [D] [thread 124638] [41.0] [cxt 0] Extracting header 'ethernet'
[20:34:14.588] [bmv2] [D] [thread 124638] [41.0] [cxt 0] Parser state 'start': key is 86dd
[20:34:14.588] [bmv2] [T] [thread 124638] [41.0] [cxt 0] Bytes parsed: 14
[20:34:14.588] [bmv2] [D] [thread 124638] [41.0] [cxt 0] Parser 'parser': end
[20:34:14.589] [bmv2] [D] [thread 124638] [41.0] [cxt 0] Pipeline 'ingress': start
[20:34:14.589] [bmv2] [T] [thread 124638] [41.0] [cxt 0] basic_tunnel.p4(152) Condition "hdr.ipv4.isValid() && !hdr.myTunnel.isValid()" (node_2) is false
[20:34:14.589] [bmv2] [T] [thread 124638] [41.0] [cxt 0] basic_tunnel.p4(155) Condition "hdr.myTunnel.isValid()" (node_4) is false
[20:34:14.589] [bmv2] [D] [thread 124638] [41.0] [cxt 0] Pipeline 'ingress': end
[20:34:14.589] [bmv2] [D] [thread 124638] [41.0] [cxt 0] Egress port is 0
[20:34:14.589] [bmv2] [D] [thread 124639] [41.0] [cxt 0] Pipeline 'egress': start
[20:34:14.589] [bmv2] [D] [thread 124639] [41.0] [cxt 0] Pipeline 'egress': end
[20:34:14.589] [bmv2] [D] [thread 124639] [41.0] [cxt 0] Deparser 'deparser': start
[20:34:14.589] [bmv2] [T] [thread 124639] [41.0] [cxt 0] Skipping checksum 'cksum' update because condition not met
[20:34:14.589] [bmv2] [D] [thread 124639] [41.0] [cxt 0] Deparsing header 'ethernet'
[20:34:14.589] [bmv2] [D] [thread 124639] [41.0] [cxt 0] Deparser 'deparser': end
[20:34:14.589] [bmv2] [D] [thread 124643] [41.0] [cxt 0] Transmitting packet of size 70 out of port 0
[20:34:30.966] [bmv2] [D] [thread 124638] [42.0] [cxt 0] Processing packet received on port 1
[20:34:30.966] [bmv2] [D] [thread 124638] [42.0] [cxt 0] Parser 'parser': start
[20:34:30.966] [bmv2] [D] [thread 124638] [42.0] [cxt 0] Parser 'parser' entering state 'start'
[20:34:30.966] [bmv2] [D] [thread 124638] [42.0] [cxt 0] Extracting header 'ethernet'
[20:34:30.966] [bmv2] [D] [thread 124638] [42.0] [cxt 0] Parser state 'start': key is 86dd
[20:34:30.966] [bmv2] [T] [thread 124638] [42.0] [cxt 0] Bytes parsed: 14
[20:34:30.966] [bmv2] [D] [thread 124638] [42.0] [cxt 0] Parser 'parser': end
[20:34:30.966] [bmv2] [D] [thread 124638] [42.0] [cxt 0] Pipeline 'ingress': start
[20:34:30.966] [bmv2] [T] [thread 124638] [42.0] [cxt 0] basic_tunnel.p4(152) Condition "hdr.ipv4.isValid() && !hdr.myTunnel.isValid()" (node_2) is false
[20:34:30.966] [bmv2] [T] [thread 124638] [42.0] [cxt 0] basic_tunnel.p4(155) Condition "hdr.myTunnel.isValid()" (node_4) is false
[20:34:30.966] [bmv2] [D] [thread 124638] [42.0] [cxt 0] Pipeline 'ingress': end
[20:34:30.966] [bmv2] [D] [thread 124638] [42.0] [cxt 0] Egress port is 0
[20:34:30.967] [bmv2] [D] [thread 124639] [42.0] [cxt 0] Pipeline 'egress': start
[20:34:30.967] [bmv2] [D] [thread 124639] [42.0] [cxt 0] Pipeline 'egress': end
[20:34:30.967] [bmv2] [D] [thread 124639] [42.0] [cxt 0] Deparser 'deparser': start
[20:34:30.967] [bmv2] [T] [thread 124639] [42.0] [cxt 0] Skipping checksum 'cksum' update because condition not met
[20:34:30.967] [bmv2] [D] [thread 124639] [42.0] [cxt 0] Deparsing header 'ethernet'
[20:34:30.967] [bmv2] [D] [thread 124639] [42.0] [cxt 0] Deparser 'deparser': end
[20:34:30.967] [bmv2] [D] [thread 124643] [42.0] [cxt 0] Transmitting packet of size 70 out of port 0
[20:36:25.660] [bmv2] [D] [thread 124638] [43.0] [cxt 0] Processing packet received on port 3
[20:36:25.660] [bmv2] [D] [thread 124638] [43.0] [cxt 0] Parser 'parser': start
[20:36:25.660] [bmv2] [D] [thread 124638] [43.0] [cxt 0] Parser 'parser' entering state 'start'
[20:36:25.660] [bmv2] [D] [thread 124638] [43.0] [cxt 0] Extracting header 'ethernet'
[20:36:25.660] [bmv2] [D] [thread 124638] [43.0] [cxt 0] Parser state 'start': key is 86dd
[20:36:25.660] [bmv2] [T] [thread 124638] [43.0] [cxt 0] Bytes parsed: 14
[20:36:25.660] [bmv2] [D] [thread 124638] [43.0] [cxt 0] Parser 'parser': end
[20:36:25.660] [bmv2] [D] [thread 124638] [43.0] [cxt 0] Pipeline 'ingress': start
[20:36:25.660] [bmv2] [T] [thread 124638] [43.0] [cxt 0] basic_tunnel.p4(152) Condition "hdr.ipv4.isValid() && !hdr.myTunnel.isValid()" (node_2) is false
[20:36:25.660] [bmv2] [T] [thread 124638] [43.0] [cxt 0] basic_tunnel.p4(155) Condition "hdr.myTunnel.isValid()" (node_4) is false
[20:36:25.660] [bmv2] [D] [thread 124638] [43.0] [cxt 0] Pipeline 'ingress': end
[20:36:25.660] [bmv2] [D] [thread 124638] [43.0] [cxt 0] Egress port is 0
[20:36:25.660] [bmv2] [D] [thread 124639] [43.0] [cxt 0] Pipeline 'egress': start
[20:36:25.660] [bmv2] [D] [thread 124639] [43.0] [cxt 0] Pipeline 'egress': end
[20:36:25.660] [bmv2] [D] [thread 124639] [43.0] [cxt 0] Deparser 'deparser': start
[20:36:25.660] [bmv2] [T] [thread 124639] [43.0] [cxt 0] Skipping checksum 'cksum' update because condition not met
[20:36:25.660] [bmv2] [D] [thread 124639] [43.0] [cxt 0] Deparsing header 'ethernet'
[20:36:25.660] [bmv2] [D] [thread 124639] [43.0] [cxt 0] Deparser 'deparser': end
[20:36:25.660] [bmv2] [D] [thread 124643] [43.0] [cxt 0] Transmitting packet of size 70 out of port 0
[20:37:14.805] [bmv2] [D] [thread 124638] [44.0] [cxt 0] Processing packet received on port 2
[20:37:14.805] [bmv2] [D] [thread 124638] [44.0] [cxt 0] Parser 'parser': start
[20:37:14.805] [bmv2] [D] [thread 124638] [44.0] [cxt 0] Parser 'parser' entering state 'start'
[20:37:14.805] [bmv2] [D] [thread 124638] [44.0] [cxt 0] Extracting header 'ethernet'
[20:37:14.805] [bmv2] [D] [thread 124638] [44.0] [cxt 0] Parser state 'start': key is 86dd
[20:37:14.805] [bmv2] [T] [thread 124638] [44.0] [cxt 0] Bytes parsed: 14
[20:37:14.805] [bmv2] [D] [thread 124638] [44.0] [cxt 0] Parser 'parser': end
[20:37:14.805] [bmv2] [D] [thread 124638] [44.0] [cxt 0] Pipeline 'ingress': start
[20:37:14.805] [bmv2] [T] [thread 124638] [44.0] [cxt 0] basic_tunnel.p4(152) Condition "hdr.ipv4.isValid() && !hdr.myTunnel.isValid()" (node_2) is false
[20:37:14.805] [bmv2] [T] [thread 124638] [44.0] [cxt 0] basic_tunnel.p4(155) Condition "hdr.myTunnel.isValid()" (node_4) is false
[20:37:14.805] [bmv2] [D] [thread 124638] [44.0] [cxt 0] Pipeline 'ingress': end
[20:37:14.805] [bmv2] [D] [thread 124638] [44.0] [cxt 0] Egress port is 0
[20:37:14.805] [bmv2] [D] [thread 124639] [44.0] [cxt 0] Pipeline 'egress': start
[20:37:14.805] [bmv2] [D] [thread 124639] [44.0] [cxt 0] Pipeline 'egress': end
[20:37:14.805] [bmv2] [D] [thread 124639] [44.0] [cxt 0] Deparser 'deparser': start
[20:37:14.805] [bmv2] [T] [thread 124639] [44.0] [cxt 0] Skipping checksum 'cksum' update because condition not met
[20:37:14.805] [bmv2] [D] [thread 124639] [44.0] [cxt 0] Deparsing header 'ethernet'
[20:37:14.805] [bmv2] [D] [thread 124639] [44.0] [cxt 0] Deparser 'deparser': end
[20:37:14.805] [bmv2] [D] [thread 124643] [44.0] [cxt 0] Transmitting packet of size 70 out of port 0
open: No such file or directory
open: No such file or directory
open: No such file or directory
open: No such file or directory
open: No such file or directory
