Calling target program-options parser
[20:56:07.874] [bmv2] [D] [thread 14492] Set default default entry for table 'MyIngress.ipv4_lpm': NoAction - 
[20:56:07.876] [bmv2] [D] [thread 14492] Set default default entry for table 'MyEgress.swtrace': NoAction - 
Adding interface s3-eth1 as port 1
[20:56:07.878] [bmv2] [D] [thread 14492] Adding interface s3-eth1 as port 1
Adding interface s3-eth2 as port 2
[20:56:07.910] [bmv2] [D] [thread 14492] Adding interface s3-eth2 as port 2
Adding interface s3-eth3 as port 3
[20:56:07.943] [bmv2] [D] [thread 14492] Adding interface s3-eth3 as port 3
Server listening on 0.0.0.0:50053
[20:56:07.978] [bmv2] [I] [thread 14492] Starting Thrift server on port 9092
[20:56:07.978] [bmv2] [I] [thread 14492] Thrift server was started
[20:56:07.978] [bmv2] [D] [thread 14504] [0.0] [cxt 0] Processing packet received on port 1
[20:56:07.978] [bmv2] [D] [thread 14504] [0.0] [cxt 0] Parser 'parser': start
[20:56:07.979] [bmv2] [D] [thread 14504] [0.0] [cxt 0] Parser 'parser' entering state 'start'
[20:56:07.979] [bmv2] [D] [thread 14504] [0.0] [cxt 0] Extracting header 'ethernet'
[20:56:07.979] [bmv2] [D] [thread 14504] [0.0] [cxt 0] Parser state 'start': key is 86dd
[20:56:07.979] [bmv2] [T] [thread 14504] [0.0] [cxt 0] Bytes parsed: 14
[20:56:07.979] [bmv2] [D] [thread 14504] [0.0] [cxt 0] Parser 'parser': end
[20:56:07.979] [bmv2] [D] [thread 14504] [0.0] [cxt 0] Pipeline 'ingress': start
[20:56:07.979] [bmv2] [T] [thread 14504] [0.0] [cxt 0] mri.p4(203) Condition "hdr.ipv4.isValid()" (node_2) is false
[20:56:07.979] [bmv2] [D] [thread 14504] [0.0] [cxt 0] Pipeline 'ingress': end
[20:56:07.979] [bmv2] [D] [thread 14504] [0.0] [cxt 0] Egress port is 0
[20:56:07.979] [bmv2] [D] [thread 14505] [0.0] [cxt 0] Pipeline 'egress': start
[20:56:07.979] [bmv2] [T] [thread 14505] [0.0] [cxt 0] mri.p4(254) Condition "hdr.mri.isValid()" (node_6) is false
[20:56:07.979] [bmv2] [D] [thread 14505] [0.0] [cxt 0] Pipeline 'egress': end
[20:56:07.979] [bmv2] [D] [thread 14505] [0.0] [cxt 0] Deparser 'deparser': start
[20:56:07.979] [bmv2] [T] [thread 14505] [0.0] [cxt 0] Skipping checksum 'cksum' update because condition not met
[20:56:07.979] [bmv2] [D] [thread 14505] [0.0] [cxt 0] Deparsing header 'ethernet'
[20:56:07.979] [bmv2] [D] [thread 14505] [0.0] [cxt 0] Deparser 'deparser': end
[20:56:07.979] [bmv2] [D] [thread 14509] [0.0] [cxt 0] Transmitting packet of size 196 out of port 0
[20:56:08.013] [bmv2] [D] [thread 14504] [1.0] [cxt 0] Processing packet received on port 3
[20:56:08.013] [bmv2] [D] [thread 14504] [1.0] [cxt 0] Parser 'parser': start
[20:56:08.013] [bmv2] [D] [thread 14504] [1.0] [cxt 0] Parser 'parser' entering state 'start'
[20:56:08.013] [bmv2] [D] [thread 14504] [1.0] [cxt 0] Extracting header 'ethernet'
[20:56:08.013] [bmv2] [D] [thread 14504] [1.0] [cxt 0] Parser state 'start': key is 86dd
[20:56:08.013] [bmv2] [T] [thread 14504] [1.0] [cxt 0] Bytes parsed: 14
[20:56:08.013] [bmv2] [D] [thread 14504] [1.0] [cxt 0] Parser 'parser': end
[20:56:08.013] [bmv2] [D] [thread 14504] [1.0] [cxt 0] Pipeline 'ingress': start
[20:56:08.013] [bmv2] [T] [thread 14504] [1.0] [cxt 0] mri.p4(203) Condition "hdr.ipv4.isValid()" (node_2) is false
[20:56:08.013] [bmv2] [D] [thread 14504] [1.0] [cxt 0] Pipeline 'ingress': end
[20:56:08.013] [bmv2] [D] [thread 14504] [1.0] [cxt 0] Egress port is 0
[20:56:08.013] [bmv2] [D] [thread 14505] [1.0] [cxt 0] Pipeline 'egress': start
[20:56:08.013] [bmv2] [T] [thread 14505] [1.0] [cxt 0] mri.p4(254) Condition "hdr.mri.isValid()" (node_6) is false
[20:56:08.013] [bmv2] [D] [thread 14505] [1.0] [cxt 0] Pipeline 'egress': end
[20:56:08.013] [bmv2] [D] [thread 14505] [1.0] [cxt 0] Deparser 'deparser': start
[20:56:08.013] [bmv2] [T] [thread 14505] [1.0] [cxt 0] Skipping checksum 'cksum' update because condition not met
[20:56:08.013] [bmv2] [D] [thread 14505] [1.0] [cxt 0] Deparsing header 'ethernet'
[20:56:08.013] [bmv2] [D] [thread 14505] [1.0] [cxt 0] Deparser 'deparser': end
[20:56:08.014] [bmv2] [D] [thread 14509] [1.0] [cxt 0] Transmitting packet of size 196 out of port 0
[20:56:08.097] [bmv2] [D] [thread 14504] [2.0] [cxt 0] Processing packet received on port 2
[20:56:08.097] [bmv2] [D] [thread 14504] [2.0] [cxt 0] Parser 'parser': start
[20:56:08.097] [bmv2] [D] [thread 14504] [2.0] [cxt 0] Parser 'parser' entering state 'start'
[20:56:08.097] [bmv2] [D] [thread 14504] [2.0] [cxt 0] Extracting header 'ethernet'
[20:56:08.097] [bmv2] [D] [thread 14504] [2.0] [cxt 0] Parser state 'start': key is 86dd
[20:56:08.097] [bmv2] [T] [thread 14504] [2.0] [cxt 0] Bytes parsed: 14
[20:56:08.097] [bmv2] [D] [thread 14504] [2.0] [cxt 0] Parser 'parser': end
[20:56:08.097] [bmv2] [D] [thread 14504] [2.0] [cxt 0] Pipeline 'ingress': start
[20:56:08.097] [bmv2] [T] [thread 14504] [2.0] [cxt 0] mri.p4(203) Condition "hdr.ipv4.isValid()" (node_2) is false
[20:56:08.097] [bmv2] [D] [thread 14504] [2.0] [cxt 0] Pipeline 'ingress': end
[20:56:08.097] [bmv2] [D] [thread 14504] [2.0] [cxt 0] Egress port is 0
[20:56:08.097] [bmv2] [D] [thread 14505] [2.0] [cxt 0] Pipeline 'egress': start
[20:56:08.097] [bmv2] [T] [thread 14505] [2.0] [cxt 0] mri.p4(254) Condition "hdr.mri.isValid()" (node_6) is false
[20:56:08.097] [bmv2] [D] [thread 14505] [2.0] [cxt 0] Pipeline 'egress': end
[20:56:08.097] [bmv2] [D] [thread 14505] [2.0] [cxt 0] Deparser 'deparser': start
[20:56:08.097] [bmv2] [T] [thread 14505] [2.0] [cxt 0] Skipping checksum 'cksum' update because condition not met
[20:56:08.097] [bmv2] [D] [thread 14505] [2.0] [cxt 0] Deparsing header 'ethernet'
[20:56:08.097] [bmv2] [D] [thread 14505] [2.0] [cxt 0] Deparser 'deparser': end
[20:56:08.097] [bmv2] [D] [thread 14509] [2.0] [cxt 0] Transmitting packet of size 90 out of port 0
[20:56:08.168] [bmv2] [D] [thread 14504] [3.0] [cxt 0] Processing packet received on port 2
[20:56:08.168] [bmv2] [D] [thread 14504] [3.0] [cxt 0] Parser 'parser': start
[20:56:08.168] [bmv2] [D] [thread 14504] [3.0] [cxt 0] Parser 'parser' entering state 'start'
[20:56:08.168] [bmv2] [D] [thread 14504] [3.0] [cxt 0] Extracting header 'ethernet'
[20:56:08.168] [bmv2] [D] [thread 14504] [3.0] [cxt 0] Parser state 'start': key is 86dd
[20:56:08.168] [bmv2] [T] [thread 14504] [3.0] [cxt 0] Bytes parsed: 14
[20:56:08.168] [bmv2] [D] [thread 14504] [3.0] [cxt 0] Parser 'parser': end
[20:56:08.168] [bmv2] [D] [thread 14504] [3.0] [cxt 0] Pipeline 'ingress': start
[20:56:08.168] [bmv2] [T] [thread 14504] [3.0] [cxt 0] mri.p4(203) Condition "hdr.ipv4.isValid()" (node_2) is false
[20:56:08.168] [bmv2] [D] [thread 14504] [3.0] [cxt 0] Pipeline 'ingress': end
[20:56:08.168] [bmv2] [D] [thread 14504] [3.0] [cxt 0] Egress port is 0
[20:56:08.168] [bmv2] [D] [thread 14504] [4.0] [cxt 0] Processing packet received on port 3
[20:56:08.168] [bmv2] [D] [thread 14504] [4.0] [cxt 0] Parser 'parser': start
[20:56:08.168] [bmv2] [D] [thread 14504] [4.0] [cxt 0] Parser 'parser' entering state 'start'
[20:56:08.168] [bmv2] [D] [thread 14504] [4.0] [cxt 0] Extracting header 'ethernet'
[20:56:08.168] [bmv2] [D] [thread 14504] [4.0] [cxt 0] Parser state 'start': key is 86dd
[20:56:08.168] [bmv2] [T] [thread 14504] [4.0] [cxt 0] Bytes parsed: 14
[20:56:08.168] [bmv2] [D] [thread 14504] [4.0] [cxt 0] Parser 'parser': end
[20:56:08.168] [bmv2] [D] [thread 14504] [4.0] [cxt 0] Pipeline 'ingress': start
[20:56:08.168] [bmv2] [T] [thread 14504] [4.0] [cxt 0] mri.p4(203) Condition "hdr.ipv4.isValid()" (node_2) is false
[20:56:08.168] [bmv2] [D] [thread 14504] [4.0] [cxt 0] Pipeline 'ingress': end
[20:56:08.168] [bmv2] [D] [thread 14504] [4.0] [cxt 0] Egress port is 0
[20:56:08.168] [bmv2] [D] [thread 14505] [3.0] [cxt 0] Pipeline 'egress': start
[20:56:08.168] [bmv2] [T] [thread 14505] [3.0] [cxt 0] mri.p4(254) Condition "hdr.mri.isValid()" (node_6) is false
[20:56:08.168] [bmv2] [D] [thread 14505] [3.0] [cxt 0] Pipeline 'egress': end
[20:56:08.168] [bmv2] [D] [thread 14505] [3.0] [cxt 0] Deparser 'deparser': start
[20:56:08.168] [bmv2] [T] [thread 14505] [3.0] [cxt 0] Skipping checksum 'cksum' update because condition not met
[20:56:08.168] [bmv2] [D] [thread 14505] [3.0] [cxt 0] Deparsing header 'ethernet'
[20:56:08.168] [bmv2] [D] [thread 14505] [3.0] [cxt 0] Deparser 'deparser': end
[20:56:08.168] [bmv2] [D] [thread 14505] [4.0] [cxt 0] Pipeline 'egress': start
[20:56:08.168] [bmv2] [T] [thread 14505] [4.0] [cxt 0] mri.p4(254) Condition "hdr.mri.isValid()" (node_6) is false
[20:56:08.168] [bmv2] [D] [thread 14505] [4.0] [cxt 0] Pipeline 'egress': end
[20:56:08.168] [bmv2] [D] [thread 14505] [4.0] [cxt 0] Deparser 'deparser': start
[20:56:08.168] [bmv2] [T] [thread 14505] [4.0] [cxt 0] Skipping checksum 'cksum' update because condition not met
[20:56:08.168] [bmv2] [D] [thread 14505] [4.0] [cxt 0] Deparsing header 'ethernet'
[20:56:08.168] [bmv2] [D] [thread 14505] [4.0] [cxt 0] Deparser 'deparser': end
[20:56:08.169] [bmv2] [D] [thread 14509] [3.0] [cxt 0] Transmitting packet of size 90 out of port 0
[20:56:08.169] [bmv2] [D] [thread 14509] [4.0] [cxt 0] Transmitting packet of size 90 out of port 0
[20:56:08.170] [bmv2] [D] [thread 14504] [5.0] [cxt 0] Processing packet received on port 2
[20:56:08.170] [bmv2] [D] [thread 14504] [5.0] [cxt 0] Parser 'parser': start
[20:56:08.170] [bmv2] [D] [thread 14504] [5.0] [cxt 0] Parser 'parser' entering state 'start'
[20:56:08.170] [bmv2] [D] [thread 14504] [5.0] [cxt 0] Extracting header 'ethernet'
[20:56:08.170] [bmv2] [D] [thread 14504] [5.0] [cxt 0] Parser state 'start': key is 86dd
[20:56:08.170] [bmv2] [T] [thread 14504] [5.0] [cxt 0] Bytes parsed: 14
[20:56:08.170] [bmv2] [D] [thread 14504] [5.0] [cxt 0] Parser 'parser': end
[20:56:08.170] [bmv2] [D] [thread 14504] [5.0] [cxt 0] Pipeline 'ingress': start
[20:56:08.170] [bmv2] [T] [thread 14504] [5.0] [cxt 0] mri.p4(203) Condition "hdr.ipv4.isValid()" (node_2) is false
[20:56:08.170] [bmv2] [D] [thread 14504] [5.0] [cxt 0] Pipeline 'ingress': end
[20:56:08.170] [bmv2] [D] [thread 14504] [5.0] [cxt 0] Egress port is 0
[20:56:08.170] [bmv2] [D] [thread 14505] [5.0] [cxt 0] Pipeline 'egress': start
[20:56:08.171] [bmv2] [T] [thread 14505] [5.0] [cxt 0] mri.p4(254) Condition "hdr.mri.isValid()" (node_6) is false
[20:56:08.171] [bmv2] [D] [thread 14505] [5.0] [cxt 0] Pipeline 'egress': end
[20:56:08.171] [bmv2] [D] [thread 14505] [5.0] [cxt 0] Deparser 'deparser': start
[20:56:08.171] [bmv2] [T] [thread 14505] [5.0] [cxt 0] Skipping checksum 'cksum' update because condition not met
[20:56:08.171] [bmv2] [D] [thread 14505] [5.0] [cxt 0] Deparsing header 'ethernet'
[20:56:08.171] [bmv2] [D] [thread 14505] [5.0] [cxt 0] Deparser 'deparser': end
[20:56:08.172] [bmv2] [D] [thread 14509] [5.0] [cxt 0] Transmitting packet of size 208 out of port 0
[20:56:08.172] [bmv2] [D] [thread 14504] [6.0] [cxt 0] Processing packet received on port 3
[20:56:08.172] [bmv2] [D] [thread 14504] [6.0] [cxt 0] Parser 'parser': start
[20:56:08.172] [bmv2] [D] [thread 14504] [6.0] [cxt 0] Parser 'parser' entering state 'start'
[20:56:08.172] [bmv2] [D] [thread 14504] [6.0] [cxt 0] Extracting header 'ethernet'
[20:56:08.172] [bmv2] [D] [thread 14504] [6.0] [cxt 0] Parser state 'start': key is 86dd
[20:56:08.172] [bmv2] [T] [thread 14504] [6.0] [cxt 0] Bytes parsed: 14
[20:56:08.172] [bmv2] [D] [thread 14504] [6.0] [cxt 0] Parser 'parser': end
[20:56:08.172] [bmv2] [D] [thread 14504] [6.0] [cxt 0] Pipeline 'ingress': start
[20:56:08.172] [bmv2] [T] [thread 14504] [6.0] [cxt 0] mri.p4(203) Condition "hdr.ipv4.isValid()" (node_2) is false
[20:56:08.172] [bmv2] [D] [thread 14504] [6.0] [cxt 0] Pipeline 'ingress': end
[20:56:08.172] [bmv2] [D] [thread 14504] [6.0] [cxt 0] Egress port is 0
[20:56:08.172] [bmv2] [D] [thread 14505] [6.0] [cxt 0] Pipeline 'egress': start
[20:56:08.172] [bmv2] [T] [thread 14505] [6.0] [cxt 0] mri.p4(254) Condition "hdr.mri.isValid()" (node_6) is false
[20:56:08.172] [bmv2] [D] [thread 14505] [6.0] [cxt 0] Pipeline 'egress': end
[20:56:08.172] [bmv2] [D] [thread 14505] [6.0] [cxt 0] Deparser 'deparser': start
[20:56:08.172] [bmv2] [T] [thread 14505] [6.0] [cxt 0] Skipping checksum 'cksum' update because condition not met
[20:56:08.172] [bmv2] [D] [thread 14505] [6.0] [cxt 0] Deparsing header 'ethernet'
[20:56:08.172] [bmv2] [D] [thread 14505] [6.0] [cxt 0] Deparser 'deparser': end
[20:56:08.172] [bmv2] [D] [thread 14509] [6.0] [cxt 0] Transmitting packet of size 70 out of port 0
[20:56:08.178] [bmv2] [D] [thread 14504] [7.0] [cxt 0] Processing packet received on port 3
[20:56:08.178] [bmv2] [D] [thread 14504] [7.0] [cxt 0] Parser 'parser': start
[20:56:08.178] [bmv2] [D] [thread 14504] [7.0] [cxt 0] Parser 'parser' entering state 'start'
[20:56:08.178] [bmv2] [D] [thread 14504] [7.0] [cxt 0] Extracting header 'ethernet'
[20:56:08.178] [bmv2] [D] [thread 14504] [7.0] [cxt 0] Parser state 'start': key is 86dd
[20:56:08.178] [bmv2] [T] [thread 14504] [7.0] [cxt 0] Bytes parsed: 14
[20:56:08.178] [bmv2] [D] [thread 14504] [7.0] [cxt 0] Parser 'parser': end
[20:56:08.178] [bmv2] [D] [thread 14504] [7.0] [cxt 0] Pipeline 'ingress': start
[20:56:08.178] [bmv2] [T] [thread 14504] [7.0] [cxt 0] mri.p4(203) Condition "hdr.ipv4.isValid()" (node_2) is false
[20:56:08.178] [bmv2] [D] [thread 14504] [7.0] [cxt 0] Pipeline 'ingress': end
[20:56:08.178] [bmv2] [D] [thread 14504] [7.0] [cxt 0] Egress port is 0
[20:56:08.178] [bmv2] [D] [thread 14505] [7.0] [cxt 0] Pipeline 'egress': start
[20:56:08.178] [bmv2] [T] [thread 14505] [7.0] [cxt 0] mri.p4(254) Condition "hdr.mri.isValid()" (node_6) is false
[20:56:08.178] [bmv2] [D] [thread 14505] [7.0] [cxt 0] Pipeline 'egress': end
[20:56:08.178] [bmv2] [D] [thread 14505] [7.0] [cxt 0] Deparser 'deparser': start
[20:56:08.178] [bmv2] [T] [thread 14505] [7.0] [cxt 0] Skipping checksum 'cksum' update because condition not met
[20:56:08.178] [bmv2] [D] [thread 14505] [7.0] [cxt 0] Deparsing header 'ethernet'
[20:56:08.178] [bmv2] [D] [thread 14505] [7.0] [cxt 0] Deparser 'deparser': end
[20:56:08.178] [bmv2] [D] [thread 14509] [7.0] [cxt 0] Transmitting packet of size 90 out of port 0
[20:56:08.194] [bmv2] [D] [thread 14504] [8.0] [cxt 0] Processing packet received on port 2
[20:56:08.194] [bmv2] [D] [thread 14504] [8.0] [cxt 0] Parser 'parser': start
[20:56:08.194] [bmv2] [D] [thread 14504] [8.0] [cxt 0] Parser 'parser' entering state 'start'
[20:56:08.194] [bmv2] [D] [thread 14504] [8.0] [cxt 0] Extracting header 'ethernet'
[20:56:08.194] [bmv2] [D] [thread 14504] [8.0] [cxt 0] Parser state 'start': key is 86dd
[20:56:08.194] [bmv2] [T] [thread 14504] [8.0] [cxt 0] Bytes parsed: 14
[20:56:08.194] [bmv2] [D] [thread 14504] [8.0] [cxt 0] Parser 'parser': end
[20:56:08.194] [bmv2] [D] [thread 14504] [8.0] [cxt 0] Pipeline 'ingress': start
[20:56:08.194] [bmv2] [T] [thread 14504] [8.0] [cxt 0] mri.p4(203) Condition "hdr.ipv4.isValid()" (node_2) is false
[20:56:08.194] [bmv2] [D] [thread 14504] [8.0] [cxt 0] Pipeline 'ingress': end
[20:56:08.194] [bmv2] [D] [thread 14504] [8.0] [cxt 0] Egress port is 0
[20:56:08.194] [bmv2] [D] [thread 14505] [8.0] [cxt 0] Pipeline 'egress': start
[20:56:08.194] [bmv2] [T] [thread 14505] [8.0] [cxt 0] mri.p4(254) Condition "hdr.mri.isValid()" (node_6) is false
[20:56:08.194] [bmv2] [D] [thread 14505] [8.0] [cxt 0] Pipeline 'egress': end
[20:56:08.194] [bmv2] [D] [thread 14505] [8.0] [cxt 0] Deparser 'deparser': start
[20:56:08.194] [bmv2] [T] [thread 14505] [8.0] [cxt 0] Skipping checksum 'cksum' update because condition not met
[20:56:08.194] [bmv2] [D] [thread 14505] [8.0] [cxt 0] Deparsing header 'ethernet'
[20:56:08.194] [bmv2] [D] [thread 14505] [8.0] [cxt 0] Deparser 'deparser': end
[20:56:08.194] [bmv2] [D] [thread 14509] [8.0] [cxt 0] Transmitting packet of size 208 out of port 0
[20:56:08.269] [bmv2] [D] [thread 14504] [9.0] [cxt 0] Processing packet received on port 3
[20:56:08.269] [bmv2] [D] [thread 14504] [9.0] [cxt 0] Parser 'parser': start
[20:56:08.269] [bmv2] [D] [thread 14504] [9.0] [cxt 0] Parser 'parser' entering state 'start'
[20:56:08.269] [bmv2] [D] [thread 14504] [9.0] [cxt 0] Extracting header 'ethernet'
[20:56:08.269] [bmv2] [D] [thread 14504] [9.0] [cxt 0] Parser state 'start': key is 86dd
[20:56:08.269] [bmv2] [T] [thread 14504] [9.0] [cxt 0] Bytes parsed: 14
[20:56:08.269] [bmv2] [D] [thread 14504] [9.0] [cxt 0] Parser 'parser': end
[20:56:08.269] [bmv2] [D] [thread 14504] [9.0] [cxt 0] Pipeline 'ingress': start
[20:56:08.269] [bmv2] [T] [thread 14504] [9.0] [cxt 0] mri.p4(203) Condition "hdr.ipv4.isValid()" (node_2) is false
[20:56:08.269] [bmv2] [D] [thread 14504] [9.0] [cxt 0] Pipeline 'ingress': end
[20:56:08.269] [bmv2] [D] [thread 14504] [9.0] [cxt 0] Egress port is 0
[20:56:08.269] [bmv2] [D] [thread 14505] [9.0] [cxt 0] Pipeline 'egress': start
[20:56:08.269] [bmv2] [T] [thread 14505] [9.0] [cxt 0] mri.p4(254) Condition "hdr.mri.isValid()" (node_6) is false
[20:56:08.269] [bmv2] [D] [thread 14505] [9.0] [cxt 0] Pipeline 'egress': end
[20:56:08.269] [bmv2] [D] [thread 14505] [9.0] [cxt 0] Deparser 'deparser': start
[20:56:08.269] [bmv2] [T] [thread 14505] [9.0] [cxt 0] Skipping checksum 'cksum' update because condition not met
[20:56:08.269] [bmv2] [D] [thread 14505] [9.0] [cxt 0] Deparsing header 'ethernet'
[20:56:08.269] [bmv2] [D] [thread 14505] [9.0] [cxt 0] Deparser 'deparser': end
[20:56:08.269] [bmv2] [D] [thread 14509] [9.0] [cxt 0] Transmitting packet of size 208 out of port 0
[20:56:08.353] [bmv2] [D] [thread 14504] [10.0] [cxt 0] Processing packet received on port 2
[20:56:08.353] [bmv2] [D] [thread 14504] [10.0] [cxt 0] Parser 'parser': start
[20:56:08.353] [bmv2] [D] [thread 14504] [10.0] [cxt 0] Parser 'parser' entering state 'start'
[20:56:08.353] [bmv2] [D] [thread 14504] [10.0] [cxt 0] Extracting header 'ethernet'
[20:56:08.353] [bmv2] [D] [thread 14504] [10.0] [cxt 0] Parser state 'start': key is 86dd
[20:56:08.354] [bmv2] [T] [thread 14504] [10.0] [cxt 0] Bytes parsed: 14
[20:56:08.354] [bmv2] [D] [thread 14504] [10.0] [cxt 0] Parser 'parser': end
[20:56:08.354] [bmv2] [D] [thread 14504] [10.0] [cxt 0] Pipeline 'ingress': start
[20:56:08.354] [bmv2] [T] [thread 14504] [10.0] [cxt 0] mri.p4(203) Condition "hdr.ipv4.isValid()" (node_2) is false
[20:56:08.354] [bmv2] [D] [thread 14504] [10.0] [cxt 0] Pipeline 'ingress': end
[20:56:08.354] [bmv2] [D] [thread 14504] [10.0] [cxt 0] Egress port is 0
[20:56:08.354] [bmv2] [D] [thread 14505] [10.0] [cxt 0] Pipeline 'egress': start
[20:56:08.354] [bmv2] [T] [thread 14505] [10.0] [cxt 0] mri.p4(254) Condition "hdr.mri.isValid()" (node_6) is false
[20:56:08.354] [bmv2] [D] [thread 14505] [10.0] [cxt 0] Pipeline 'egress': end
[20:56:08.354] [bmv2] [D] [thread 14505] [10.0] [cxt 0] Deparser 'deparser': start
[20:56:08.354] [bmv2] [T] [thread 14505] [10.0] [cxt 0] Skipping checksum 'cksum' update because condition not met
[20:56:08.354] [bmv2] [D] [thread 14505] [10.0] [cxt 0] Deparsing header 'ethernet'
[20:56:08.354] [bmv2] [D] [thread 14505] [10.0] [cxt 0] Deparser 'deparser': end
[20:56:08.354] [bmv2] [D] [thread 14509] [10.0] [cxt 0] Transmitting packet of size 110 out of port 0
[20:56:08.363] [bmv2] [D] [thread 14504] [11.0] [cxt 0] Processing packet received on port 2
[20:56:08.363] [bmv2] [D] [thread 14504] [11.0] [cxt 0] Parser 'parser': start
[20:56:08.363] [bmv2] [D] [thread 14504] [11.0] [cxt 0] Parser 'parser' entering state 'start'
[20:56:08.364] [bmv2] [D] [thread 14504] [11.0] [cxt 0] Extracting header 'ethernet'
[20:56:08.364] [bmv2] [D] [thread 14504] [11.0] [cxt 0] Parser state 'start': key is 86dd
[20:56:08.364] [bmv2] [T] [thread 14504] [11.0] [cxt 0] Bytes parsed: 14
[20:56:08.364] [bmv2] [D] [thread 14504] [11.0] [cxt 0] Parser 'parser': end
[20:56:08.364] [bmv2] [D] [thread 14504] [11.0] [cxt 0] Pipeline 'ingress': start
[20:56:08.364] [bmv2] [T] [thread 14504] [11.0] [cxt 0] mri.p4(203) Condition "hdr.ipv4.isValid()" (node_2) is false
[20:56:08.364] [bmv2] [D] [thread 14504] [11.0] [cxt 0] Pipeline 'ingress': end
[20:56:08.364] [bmv2] [D] [thread 14504] [11.0] [cxt 0] Egress port is 0
[20:56:08.364] [bmv2] [D] [thread 14505] [11.0] [cxt 0] Pipeline 'egress': start
[20:56:08.364] [bmv2] [T] [thread 14505] [11.0] [cxt 0] mri.p4(254) Condition "hdr.mri.isValid()" (node_6) is false
[20:56:08.364] [bmv2] [D] [thread 14505] [11.0] [cxt 0] Pipeline 'egress': end
[20:56:08.364] [bmv2] [D] [thread 14505] [11.0] [cxt 0] Deparser 'deparser': start
[20:56:08.364] [bmv2] [T] [thread 14505] [11.0] [cxt 0] Skipping checksum 'cksum' update because condition not met
[20:56:08.364] [bmv2] [D] [thread 14505] [11.0] [cxt 0] Deparsing header 'ethernet'
[20:56:08.364] [bmv2] [D] [thread 14505] [11.0] [cxt 0] Deparser 'deparser': end
[20:56:08.364] [bmv2] [D] [thread 14509] [11.0] [cxt 0] Transmitting packet of size 196 out of port 0
[20:56:08.398] [bmv2] [D] [thread 14504] [12.0] [cxt 0] Processing packet received on port 2
[20:56:08.398] [bmv2] [D] [thread 14504] [12.0] [cxt 0] Parser 'parser': start
[20:56:08.398] [bmv2] [D] [thread 14504] [12.0] [cxt 0] Parser 'parser' entering state 'start'
[20:56:08.398] [bmv2] [D] [thread 14504] [12.0] [cxt 0] Extracting header 'ethernet'
[20:56:08.398] [bmv2] [D] [thread 14504] [12.0] [cxt 0] Parser state 'start': key is 86dd
[20:56:08.398] [bmv2] [T] [thread 14504] [12.0] [cxt 0] Bytes parsed: 14
[20:56:08.398] [bmv2] [D] [thread 14504] [12.0] [cxt 0] Parser 'parser': end
[20:56:08.398] [bmv2] [D] [thread 14504] [12.0] [cxt 0] Pipeline 'ingress': start
[20:56:08.398] [bmv2] [T] [thread 14504] [12.0] [cxt 0] mri.p4(203) Condition "hdr.ipv4.isValid()" (node_2) is false
[20:56:08.398] [bmv2] [D] [thread 14504] [12.0] [cxt 0] Pipeline 'ingress': end
[20:56:08.398] [bmv2] [D] [thread 14504] [12.0] [cxt 0] Egress port is 0
[20:56:08.398] [bmv2] [D] [thread 14505] [12.0] [cxt 0] Pipeline 'egress': start
[20:56:08.398] [bmv2] [T] [thread 14505] [12.0] [cxt 0] mri.p4(254) Condition "hdr.mri.isValid()" (node_6) is false
[20:56:08.398] [bmv2] [D] [thread 14505] [12.0] [cxt 0] Pipeline 'egress': end
[20:56:08.398] [bmv2] [D] [thread 14505] [12.0] [cxt 0] Deparser 'deparser': start
[20:56:08.398] [bmv2] [T] [thread 14505] [12.0] [cxt 0] Skipping checksum 'cksum' update because condition not met
[20:56:08.398] [bmv2] [D] [thread 14505] [12.0] [cxt 0] Deparsing header 'ethernet'
[20:56:08.398] [bmv2] [D] [thread 14505] [12.0] [cxt 0] Deparser 'deparser': end
[20:56:08.398] [bmv2] [D] [thread 14509] [12.0] [cxt 0] Transmitting packet of size 196 out of port 0
[20:56:08.524] [bmv2] [D] [thread 14504] [13.0] [cxt 0] Processing packet received on port 3
[20:56:08.524] [bmv2] [D] [thread 14504] [13.0] [cxt 0] Parser 'parser': start
[20:56:08.524] [bmv2] [D] [thread 14504] [13.0] [cxt 0] Parser 'parser' entering state 'start'
[20:56:08.524] [bmv2] [D] [thread 14504] [13.0] [cxt 0] Extracting header 'ethernet'
[20:56:08.524] [bmv2] [D] [thread 14504] [13.0] [cxt 0] Parser state 'start': key is 86dd
[20:56:08.524] [bmv2] [T] [thread 14504] [13.0] [cxt 0] Bytes parsed: 14
[20:56:08.524] [bmv2] [D] [thread 14504] [13.0] [cxt 0] Parser 'parser': end
[20:56:08.524] [bmv2] [D] [thread 14504] [13.0] [cxt 0] Pipeline 'ingress': start
[20:56:08.524] [bmv2] [T] [thread 14504] [13.0] [cxt 0] mri.p4(203) Condition "hdr.ipv4.isValid()" (node_2) is false
[20:56:08.524] [bmv2] [D] [thread 14504] [13.0] [cxt 0] Pipeline 'ingress': end
[20:56:08.524] [bmv2] [D] [thread 14504] [13.0] [cxt 0] Egress port is 0
[20:56:08.524] [bmv2] [D] [thread 14504] [14.0] [cxt 0] Processing packet received on port 3
[20:56:08.524] [bmv2] [D] [thread 14504] [14.0] [cxt 0] Parser 'parser': start
[20:56:08.524] [bmv2] [D] [thread 14504] [14.0] [cxt 0] Parser 'parser' entering state 'start'
[20:56:08.524] [bmv2] [D] [thread 14504] [14.0] [cxt 0] Extracting header 'ethernet'
[20:56:08.524] [bmv2] [D] [thread 14504] [14.0] [cxt 0] Parser state 'start': key is 86dd
[20:56:08.524] [bmv2] [T] [thread 14504] [14.0] [cxt 0] Bytes parsed: 14
[20:56:08.524] [bmv2] [D] [thread 14504] [14.0] [cxt 0] Parser 'parser': end
[20:56:08.524] [bmv2] [D] [thread 14504] [14.0] [cxt 0] Pipeline 'ingress': start
[20:56:08.524] [bmv2] [T] [thread 14504] [14.0] [cxt 0] mri.p4(203) Condition "hdr.ipv4.isValid()" (node_2) is false
[20:56:08.524] [bmv2] [D] [thread 14504] [14.0] [cxt 0] Pipeline 'ingress': end
[20:56:08.524] [bmv2] [D] [thread 14504] [14.0] [cxt 0] Egress port is 0
[20:56:08.524] [bmv2] [D] [thread 14505] [13.0] [cxt 0] Pipeline 'egress': start
[20:56:08.524] [bmv2] [T] [thread 14505] [13.0] [cxt 0] mri.p4(254) Condition "hdr.mri.isValid()" (node_6) is false
[20:56:08.524] [bmv2] [D] [thread 14505] [13.0] [cxt 0] Pipeline 'egress': end
[20:56:08.524] [bmv2] [D] [thread 14505] [13.0] [cxt 0] Deparser 'deparser': start
[20:56:08.524] [bmv2] [T] [thread 14505] [13.0] [cxt 0] Skipping checksum 'cksum' update because condition not met
[20:56:08.524] [bmv2] [D] [thread 14505] [13.0] [cxt 0] Deparsing header 'ethernet'
[20:56:08.524] [bmv2] [D] [thread 14505] [13.0] [cxt 0] Deparser 'deparser': end
[20:56:08.524] [bmv2] [D] [thread 14505] [14.0] [cxt 0] Pipeline 'egress': start
[20:56:08.524] [bmv2] [T] [thread 14505] [14.0] [cxt 0] mri.p4(254) Condition "hdr.mri.isValid()" (node_6) is false
[20:56:08.524] [bmv2] [D] [thread 14505] [14.0] [cxt 0] Pipeline 'egress': end
[20:56:08.524] [bmv2] [D] [thread 14505] [14.0] [cxt 0] Deparser 'deparser': start
[20:56:08.524] [bmv2] [T] [thread 14505] [14.0] [cxt 0] Skipping checksum 'cksum' update because condition not met
[20:56:08.524] [bmv2] [D] [thread 14505] [14.0] [cxt 0] Deparsing header 'ethernet'
[20:56:08.524] [bmv2] [D] [thread 14505] [14.0] [cxt 0] Deparser 'deparser': end
[20:56:08.524] [bmv2] [D] [thread 14509] [13.0] [cxt 0] Transmitting packet of size 208 out of port 0
[20:56:08.524] [bmv2] [D] [thread 14509] [14.0] [cxt 0] Transmitting packet of size 110 out of port 0
[20:56:08.772] [bmv2] [D] [thread 14504] [15.0] [cxt 0] Processing packet received on port 3
[20:56:08.772] [bmv2] [D] [thread 14504] [15.0] [cxt 0] Parser 'parser': start
[20:56:08.772] [bmv2] [D] [thread 14504] [15.0] [cxt 0] Parser 'parser' entering state 'start'
[20:56:08.772] [bmv2] [D] [thread 14504] [15.0] [cxt 0] Extracting header 'ethernet'
[20:56:08.772] [bmv2] [D] [thread 14504] [15.0] [cxt 0] Parser state 'start': key is 86dd
[20:56:08.772] [bmv2] [T] [thread 14504] [15.0] [cxt 0] Bytes parsed: 14
[20:56:08.772] [bmv2] [D] [thread 14504] [15.0] [cxt 0] Parser 'parser': end
[20:56:08.772] [bmv2] [D] [thread 14504] [15.0] [cxt 0] Pipeline 'ingress': start
[20:56:08.772] [bmv2] [T] [thread 14504] [15.0] [cxt 0] mri.p4(203) Condition "hdr.ipv4.isValid()" (node_2) is false
[20:56:08.772] [bmv2] [D] [thread 14504] [15.0] [cxt 0] Pipeline 'ingress': end
[20:56:08.772] [bmv2] [D] [thread 14504] [15.0] [cxt 0] Egress port is 0
[20:56:08.772] [bmv2] [D] [thread 14505] [15.0] [cxt 0] Pipeline 'egress': start
[20:56:08.772] [bmv2] [T] [thread 14505] [15.0] [cxt 0] mri.p4(254) Condition "hdr.mri.isValid()" (node_6) is false
[20:56:08.772] [bmv2] [D] [thread 14505] [15.0] [cxt 0] Pipeline 'egress': end
[20:56:08.772] [bmv2] [D] [thread 14505] [15.0] [cxt 0] Deparser 'deparser': start
[20:56:08.772] [bmv2] [T] [thread 14505] [15.0] [cxt 0] Skipping checksum 'cksum' update because condition not met
[20:56:08.772] [bmv2] [D] [thread 14505] [15.0] [cxt 0] Deparsing header 'ethernet'
[20:56:08.772] [bmv2] [D] [thread 14505] [15.0] [cxt 0] Deparser 'deparser': end
[20:56:08.772] [bmv2] [D] [thread 14509] [15.0] [cxt 0] Transmitting packet of size 208 out of port 0
[20:56:08.962] [bmv2] [D] [thread 14504] [16.0] [cxt 0] Processing packet received on port 3
[20:56:08.962] [bmv2] [D] [thread 14504] [16.0] [cxt 0] Parser 'parser': start
[20:56:08.962] [bmv2] [D] [thread 14504] [16.0] [cxt 0] Parser 'parser' entering state 'start'
[20:56:08.962] [bmv2] [D] [thread 14504] [16.0] [cxt 0] Extracting header 'ethernet'
[20:56:08.962] [bmv2] [D] [thread 14504] [16.0] [cxt 0] Parser state 'start': key is 86dd
[20:56:08.962] [bmv2] [T] [thread 14504] [16.0] [cxt 0] Bytes parsed: 14
[20:56:08.962] [bmv2] [D] [thread 14504] [16.0] [cxt 0] Parser 'parser': end
[20:56:08.962] [bmv2] [D] [thread 14504] [16.0] [cxt 0] Pipeline 'ingress': start
[20:56:08.962] [bmv2] [T] [thread 14504] [16.0] [cxt 0] mri.p4(203) Condition "hdr.ipv4.isValid()" (node_2) is false
[20:56:08.962] [bmv2] [D] [thread 14504] [16.0] [cxt 0] Pipeline 'ingress': end
[20:56:08.962] [bmv2] [D] [thread 14504] [16.0] [cxt 0] Egress port is 0
[20:56:08.962] [bmv2] [D] [thread 14505] [16.0] [cxt 0] Pipeline 'egress': start
[20:56:08.962] [bmv2] [T] [thread 14505] [16.0] [cxt 0] mri.p4(254) Condition "hdr.mri.isValid()" (node_6) is false
[20:56:08.962] [bmv2] [D] [thread 14505] [16.0] [cxt 0] Pipeline 'egress': end
[20:56:08.962] [bmv2] [D] [thread 14505] [16.0] [cxt 0] Deparser 'deparser': start
[20:56:08.962] [bmv2] [T] [thread 14505] [16.0] [cxt 0] Skipping checksum 'cksum' update because condition not met
[20:56:08.962] [bmv2] [D] [thread 14505] [16.0] [cxt 0] Deparsing header 'ethernet'
[20:56:08.962] [bmv2] [D] [thread 14505] [16.0] [cxt 0] Deparser 'deparser': end
[20:56:08.962] [bmv2] [D] [thread 14509] [16.0] [cxt 0] Transmitting packet of size 90 out of port 0
[20:56:08.971] [bmv2] [D] [thread 14504] [17.0] [cxt 0] Processing packet received on port 3
[20:56:08.971] [bmv2] [D] [thread 14504] [17.0] [cxt 0] Parser 'parser': start
[20:56:08.971] [bmv2] [D] [thread 14504] [17.0] [cxt 0] Parser 'parser' entering state 'start'
[20:56:08.971] [bmv2] [D] [thread 14504] [17.0] [cxt 0] Extracting header 'ethernet'
[20:56:08.971] [bmv2] [D] [thread 14504] [17.0] [cxt 0] Parser state 'start': key is 86dd
[20:56:08.971] [bmv2] [T] [thread 14504] [17.0] [cxt 0] Bytes parsed: 14
[20:56:08.971] [bmv2] [D] [thread 14504] [17.0] [cxt 0] Parser 'parser': end
[20:56:08.971] [bmv2] [D] [thread 14504] [17.0] [cxt 0] Pipeline 'ingress': start
[20:56:08.971] [bmv2] [T] [thread 14504] [17.0] [cxt 0] mri.p4(203) Condition "hdr.ipv4.isValid()" (node_2) is false
[20:56:08.971] [bmv2] [D] [thread 14504] [17.0] [cxt 0] Pipeline 'ingress': end
[20:56:08.971] [bmv2] [D] [thread 14504] [17.0] [cxt 0] Egress port is 0
[20:56:08.971] [bmv2] [D] [thread 14505] [17.0] [cxt 0] Pipeline 'egress': start
[20:56:08.971] [bmv2] [T] [thread 14505] [17.0] [cxt 0] mri.p4(254) Condition "hdr.mri.isValid()" (node_6) is false
[20:56:08.971] [bmv2] [D] [thread 14505] [17.0] [cxt 0] Pipeline 'egress': end
[20:56:08.971] [bmv2] [D] [thread 14505] [17.0] [cxt 0] Deparser 'deparser': start
[20:56:08.971] [bmv2] [T] [thread 14505] [17.0] [cxt 0] Skipping checksum 'cksum' update because condition not met
[20:56:08.971] [bmv2] [D] [thread 14505] [17.0] [cxt 0] Deparsing header 'ethernet'
[20:56:08.971] [bmv2] [D] [thread 14505] [17.0] [cxt 0] Deparser 'deparser': end
[20:56:08.971] [bmv2] [D] [thread 14509] [17.0] [cxt 0] Transmitting packet of size 196 out of port 0
[20:56:09.000] [bmv2] [D] [thread 14504] [18.0] [cxt 0] Processing packet received on port 1
[20:56:09.000] [bmv2] [D] [thread 14504] [18.0] [cxt 0] Parser 'parser': start
[20:56:09.000] [bmv2] [D] [thread 14504] [18.0] [cxt 0] Parser 'parser' entering state 'start'
[20:56:09.000] [bmv2] [D] [thread 14504] [18.0] [cxt 0] Extracting header 'ethernet'
[20:56:09.000] [bmv2] [D] [thread 14504] [18.0] [cxt 0] Parser state 'start': key is 86dd
[20:56:09.000] [bmv2] [T] [thread 14504] [18.0] [cxt 0] Bytes parsed: 14
[20:56:09.000] [bmv2] [D] [thread 14504] [18.0] [cxt 0] Parser 'parser': end
[20:56:09.000] [bmv2] [D] [thread 14504] [18.0] [cxt 0] Pipeline 'ingress': start
[20:56:09.000] [bmv2] [T] [thread 14504] [18.0] [cxt 0] mri.p4(203) Condition "hdr.ipv4.isValid()" (node_2) is false
[20:56:09.000] [bmv2] [D] [thread 14504] [18.0] [cxt 0] Pipeline 'ingress': end
[20:56:09.000] [bmv2] [D] [thread 14504] [18.0] [cxt 0] Egress port is 0
[20:56:09.000] [bmv2] [D] [thread 14505] [18.0] [cxt 0] Pipeline 'egress': start
[20:56:09.000] [bmv2] [T] [thread 14505] [18.0] [cxt 0] mri.p4(254) Condition "hdr.mri.isValid()" (node_6) is false
[20:56:09.000] [bmv2] [D] [thread 14505] [18.0] [cxt 0] Pipeline 'egress': end
[20:56:09.000] [bmv2] [D] [thread 14505] [18.0] [cxt 0] Deparser 'deparser': start
[20:56:09.000] [bmv2] [T] [thread 14505] [18.0] [cxt 0] Skipping checksum 'cksum' update because condition not met
[20:56:09.000] [bmv2] [D] [thread 14505] [18.0] [cxt 0] Deparsing header 'ethernet'
[20:56:09.000] [bmv2] [D] [thread 14505] [18.0] [cxt 0] Deparser 'deparser': end
[20:56:09.001] [bmv2] [D] [thread 14509] [18.0] [cxt 0] Transmitting packet of size 196 out of port 0
[20:56:09.066] [bmv2] [D] [thread 14504] [19.0] [cxt 0] Processing packet received on port 3
[20:56:09.066] [bmv2] [D] [thread 14504] [19.0] [cxt 0] Parser 'parser': start
[20:56:09.066] [bmv2] [D] [thread 14504] [19.0] [cxt 0] Parser 'parser' entering state 'start'
[20:56:09.066] [bmv2] [D] [thread 14504] [19.0] [cxt 0] Extracting header 'ethernet'
[20:56:09.066] [bmv2] [D] [thread 14504] [19.0] [cxt 0] Parser state 'start': key is 86dd
[20:56:09.066] [bmv2] [T] [thread 14504] [19.0] [cxt 0] Bytes parsed: 14
[20:56:09.066] [bmv2] [D] [thread 14504] [19.0] [cxt 0] Parser 'parser': end
[20:56:09.066] [bmv2] [D] [thread 14504] [19.0] [cxt 0] Pipeline 'ingress': start
[20:56:09.066] [bmv2] [T] [thread 14504] [19.0] [cxt 0] mri.p4(203) Condition "hdr.ipv4.isValid()" (node_2) is false
[20:56:09.066] [bmv2] [D] [thread 14504] [19.0] [cxt 0] Pipeline 'ingress': end
[20:56:09.066] [bmv2] [D] [thread 14504] [19.0] [cxt 0] Egress port is 0
[20:56:09.067] [bmv2] [D] [thread 14505] [19.0] [cxt 0] Pipeline 'egress': start
[20:56:09.067] [bmv2] [T] [thread 14505] [19.0] [cxt 0] mri.p4(254) Condition "hdr.mri.isValid()" (node_6) is false
[20:56:09.067] [bmv2] [D] [thread 14505] [19.0] [cxt 0] Pipeline 'egress': end
[20:56:09.067] [bmv2] [D] [thread 14505] [19.0] [cxt 0] Deparser 'deparser': start
[20:56:09.067] [bmv2] [T] [thread 14505] [19.0] [cxt 0] Skipping checksum 'cksum' update because condition not met
[20:56:09.067] [bmv2] [D] [thread 14505] [19.0] [cxt 0] Deparsing header 'ethernet'
[20:56:09.067] [bmv2] [D] [thread 14505] [19.0] [cxt 0] Deparser 'deparser': end
[20:56:09.067] [bmv2] [D] [thread 14509] [19.0] [cxt 0] Transmitting packet of size 196 out of port 0
[20:56:09.121] [bmv2] [D] [thread 14504] [20.0] [cxt 0] Processing packet received on port 3
[20:56:09.121] [bmv2] [D] [thread 14504] [20.0] [cxt 0] Parser 'parser': start
[20:56:09.121] [bmv2] [D] [thread 14504] [20.0] [cxt 0] Parser 'parser' entering state 'start'
[20:56:09.121] [bmv2] [D] [thread 14504] [20.0] [cxt 0] Extracting header 'ethernet'
[20:56:09.122] [bmv2] [D] [thread 14504] [20.0] [cxt 0] Parser state 'start': key is 86dd
[20:56:09.122] [bmv2] [T] [thread 14504] [20.0] [cxt 0] Bytes parsed: 14
[20:56:09.122] [bmv2] [D] [thread 14504] [20.0] [cxt 0] Parser 'parser': end
[20:56:09.122] [bmv2] [D] [thread 14504] [20.0] [cxt 0] Pipeline 'ingress': start
[20:56:09.122] [bmv2] [T] [thread 14504] [20.0] [cxt 0] mri.p4(203) Condition "hdr.ipv4.isValid()" (node_2) is false
[20:56:09.122] [bmv2] [D] [thread 14504] [20.0] [cxt 0] Pipeline 'ingress': end
[20:56:09.122] [bmv2] [D] [thread 14504] [20.0] [cxt 0] Egress port is 0
[20:56:09.122] [bmv2] [D] [thread 14505] [20.0] [cxt 0] Pipeline 'egress': start
[20:56:09.122] [bmv2] [T] [thread 14505] [20.0] [cxt 0] mri.p4(254) Condition "hdr.mri.isValid()" (node_6) is false
[20:56:09.122] [bmv2] [D] [thread 14505] [20.0] [cxt 0] Pipeline 'egress': end
[20:56:09.122] [bmv2] [D] [thread 14505] [20.0] [cxt 0] Deparser 'deparser': start
[20:56:09.122] [bmv2] [T] [thread 14505] [20.0] [cxt 0] Skipping checksum 'cksum' update because condition not met
[20:56:09.122] [bmv2] [D] [thread 14505] [20.0] [cxt 0] Deparsing header 'ethernet'
[20:56:09.122] [bmv2] [D] [thread 14505] [20.0] [cxt 0] Deparser 'deparser': end
[20:56:09.122] [bmv2] [D] [thread 14509] [20.0] [cxt 0] Transmitting packet of size 110 out of port 0
[20:56:09.415] [bmv2] [D] [thread 14504] [21.0] [cxt 0] Processing packet received on port 2
[20:56:09.415] [bmv2] [D] [thread 14504] [21.0] [cxt 0] Parser 'parser': start
[20:56:09.415] [bmv2] [D] [thread 14504] [21.0] [cxt 0] Parser 'parser' entering state 'start'
[20:56:09.415] [bmv2] [D] [thread 14504] [21.0] [cxt 0] Extracting header 'ethernet'
[20:56:09.415] [bmv2] [D] [thread 14504] [21.0] [cxt 0] Parser state 'start': key is 86dd
[20:56:09.415] [bmv2] [T] [thread 14504] [21.0] [cxt 0] Bytes parsed: 14
[20:56:09.415] [bmv2] [D] [thread 14504] [21.0] [cxt 0] Parser 'parser': end
[20:56:09.415] [bmv2] [D] [thread 14504] [21.0] [cxt 0] Pipeline 'ingress': start
[20:56:09.415] [bmv2] [T] [thread 14504] [21.0] [cxt 0] mri.p4(203) Condition "hdr.ipv4.isValid()" (node_2) is false
[20:56:09.415] [bmv2] [D] [thread 14504] [21.0] [cxt 0] Pipeline 'ingress': end
[20:56:09.415] [bmv2] [D] [thread 14504] [21.0] [cxt 0] Egress port is 0
[20:56:09.415] [bmv2] [D] [thread 14505] [21.0] [cxt 0] Pipeline 'egress': start
[20:56:09.415] [bmv2] [T] [thread 14505] [21.0] [cxt 0] mri.p4(254) Condition "hdr.mri.isValid()" (node_6) is false
[20:56:09.415] [bmv2] [D] [thread 14505] [21.0] [cxt 0] Pipeline 'egress': end
[20:56:09.415] [bmv2] [D] [thread 14505] [21.0] [cxt 0] Deparser 'deparser': start
[20:56:09.415] [bmv2] [T] [thread 14505] [21.0] [cxt 0] Skipping checksum 'cksum' update because condition not met
[20:56:09.415] [bmv2] [D] [thread 14505] [21.0] [cxt 0] Deparsing header 'ethernet'
[20:56:09.415] [bmv2] [D] [thread 14505] [21.0] [cxt 0] Deparser 'deparser': end
[20:56:09.415] [bmv2] [D] [thread 14509] [21.0] [cxt 0] Transmitting packet of size 196 out of port 0
[20:56:09.451] [bmv2] [D] [thread 14504] [22.0] [cxt 0] Processing packet received on port 2
[20:56:09.451] [bmv2] [D] [thread 14504] [22.0] [cxt 0] Parser 'parser': start
[20:56:09.451] [bmv2] [D] [thread 14504] [22.0] [cxt 0] Parser 'parser' entering state 'start'
[20:56:09.451] [bmv2] [D] [thread 14504] [22.0] [cxt 0] Extracting header 'ethernet'
[20:56:09.451] [bmv2] [D] [thread 14504] [22.0] [cxt 0] Parser state 'start': key is 86dd
[20:56:09.451] [bmv2] [T] [thread 14504] [22.0] [cxt 0] Bytes parsed: 14
[20:56:09.451] [bmv2] [D] [thread 14504] [22.0] [cxt 0] Parser 'parser': end
[20:56:09.451] [bmv2] [D] [thread 14504] [22.0] [cxt 0] Pipeline 'ingress': start
[20:56:09.451] [bmv2] [T] [thread 14504] [22.0] [cxt 0] mri.p4(203) Condition "hdr.ipv4.isValid()" (node_2) is false
[20:56:09.451] [bmv2] [D] [thread 14504] [22.0] [cxt 0] Pipeline 'ingress': end
[20:56:09.451] [bmv2] [D] [thread 14504] [22.0] [cxt 0] Egress port is 0
[20:56:09.451] [bmv2] [D] [thread 14505] [22.0] [cxt 0] Pipeline 'egress': start
[20:56:09.451] [bmv2] [T] [thread 14505] [22.0] [cxt 0] mri.p4(254) Condition "hdr.mri.isValid()" (node_6) is false
[20:56:09.451] [bmv2] [D] [thread 14505] [22.0] [cxt 0] Pipeline 'egress': end
[20:56:09.451] [bmv2] [D] [thread 14505] [22.0] [cxt 0] Deparser 'deparser': start
[20:56:09.451] [bmv2] [T] [thread 14505] [22.0] [cxt 0] Skipping checksum 'cksum' update because condition not met
[20:56:09.451] [bmv2] [D] [thread 14505] [22.0] [cxt 0] Deparsing header 'ethernet'
[20:56:09.451] [bmv2] [D] [thread 14505] [22.0] [cxt 0] Deparser 'deparser': end
[20:56:09.451] [bmv2] [D] [thread 14509] [22.0] [cxt 0] Transmitting packet of size 196 out of port 0
[20:56:09.521] [bmv2] [W] [thread 14571] [P4Runtime] p4::tmp::P4DeviceConfig is deprecated
[20:56:09.523] [bmv2] [D] [thread 14571] Set default default entry for table 'MyIngress.ipv4_lpm': NoAction - 
[20:56:09.524] [bmv2] [D] [thread 14571] Set default default entry for table 'MyEgress.swtrace': NoAction - 
[20:56:09.526] [bmv2] [D] [thread 14571] simple_switch target has been notified of a config swap
[20:56:09.535] [bmv2] [D] [thread 14571] Set default entry for table 'MyEgress.swtrace': MyEgress.add_swtrace - 3,
[20:56:09.540] [bmv2] [D] [thread 14572] Entry 0 added to table 'MyIngress.ipv4_lpm'
[20:56:09.540] [bmv2] [D] [thread 14572] Dumping entry 0
Match key:
* hdr.ipv4.dstAddr    : LPM       0a000303/32
Action entry: MyIngress.ipv4_forward - 80000000303,1,

[20:56:09.542] [bmv2] [D] [thread 14571] Entry 1 added to table 'MyIngress.ipv4_lpm'
[20:56:09.542] [bmv2] [D] [thread 14571] Dumping entry 1
Match key:
* hdr.ipv4.dstAddr    : LPM       0a000100/24
Action entry: MyIngress.ipv4_forward - 80000000100,2,

[20:56:09.545] [bmv2] [D] [thread 14572] Entry 2 added to table 'MyIngress.ipv4_lpm'
[20:56:09.546] [bmv2] [D] [thread 14572] Dumping entry 2
Match key:
* hdr.ipv4.dstAddr    : LPM       0a000200/24
Action entry: MyIngress.ipv4_forward - 80000000200,3,

[20:56:10.026] [bmv2] [D] [thread 14504] [23.0] [cxt 0] Processing packet received on port 3
[20:56:10.026] [bmv2] [D] [thread 14504] [23.0] [cxt 0] Parser 'parser': start
[20:56:10.026] [bmv2] [D] [thread 14504] [23.0] [cxt 0] Parser 'parser' entering state 'start'
[20:56:10.026] [bmv2] [D] [thread 14504] [23.0] [cxt 0] Extracting header 'ethernet'
[20:56:10.026] [bmv2] [D] [thread 14504] [23.0] [cxt 0] Parser state 'start': key is 86dd
[20:56:10.026] [bmv2] [T] [thread 14504] [23.0] [cxt 0] Bytes parsed: 14
[20:56:10.026] [bmv2] [D] [thread 14504] [23.0] [cxt 0] Parser 'parser': end
[20:56:10.026] [bmv2] [D] [thread 14504] [23.0] [cxt 0] Pipeline 'ingress': start
[20:56:10.026] [bmv2] [T] [thread 14504] [23.0] [cxt 0] mri.p4(203) Condition "hdr.ipv4.isValid()" (node_2) is false
[20:56:10.026] [bmv2] [D] [thread 14504] [23.0] [cxt 0] Pipeline 'ingress': end
[20:56:10.026] [bmv2] [D] [thread 14504] [23.0] [cxt 0] Egress port is 0
[20:56:10.026] [bmv2] [D] [thread 14505] [23.0] [cxt 0] Pipeline 'egress': start
[20:56:10.026] [bmv2] [T] [thread 14505] [23.0] [cxt 0] mri.p4(254) Condition "hdr.mri.isValid()" (node_6) is false
[20:56:10.026] [bmv2] [D] [thread 14505] [23.0] [cxt 0] Pipeline 'egress': end
[20:56:10.026] [bmv2] [D] [thread 14505] [23.0] [cxt 0] Deparser 'deparser': start
[20:56:10.026] [bmv2] [T] [thread 14505] [23.0] [cxt 0] Skipping checksum 'cksum' update because condition not met
[20:56:10.026] [bmv2] [D] [thread 14505] [23.0] [cxt 0] Deparsing header 'ethernet'
[20:56:10.026] [bmv2] [D] [thread 14505] [23.0] [cxt 0] Deparser 'deparser': end
[20:56:10.026] [bmv2] [D] [thread 14509] [23.0] [cxt 0] Transmitting packet of size 196 out of port 0
[20:56:11.054] [bmv2] [D] [thread 14504] [24.0] [cxt 0] Processing packet received on port 1
[20:56:11.054] [bmv2] [D] [thread 14504] [24.0] [cxt 0] Parser 'parser': start
[20:56:11.054] [bmv2] [D] [thread 14504] [24.0] [cxt 0] Parser 'parser' entering state 'start'
[20:56:11.054] [bmv2] [D] [thread 14504] [24.0] [cxt 0] Extracting header 'ethernet'
[20:56:11.054] [bmv2] [D] [thread 14504] [24.0] [cxt 0] Parser state 'start': key is 86dd
[20:56:11.054] [bmv2] [T] [thread 14504] [24.0] [cxt 0] Bytes parsed: 14
[20:56:11.054] [bmv2] [D] [thread 14504] [24.0] [cxt 0] Parser 'parser': end
[20:56:11.054] [bmv2] [D] [thread 14504] [24.0] [cxt 0] Pipeline 'ingress': start
[20:56:11.054] [bmv2] [T] [thread 14504] [24.0] [cxt 0] mri.p4(203) Condition "hdr.ipv4.isValid()" (node_2) is false
[20:56:11.054] [bmv2] [D] [thread 14504] [24.0] [cxt 0] Pipeline 'ingress': end
[20:56:11.054] [bmv2] [D] [thread 14504] [24.0] [cxt 0] Egress port is 0
[20:56:11.054] [bmv2] [D] [thread 14505] [24.0] [cxt 0] Pipeline 'egress': start
[20:56:11.054] [bmv2] [T] [thread 14505] [24.0] [cxt 0] mri.p4(254) Condition "hdr.mri.isValid()" (node_6) is false
[20:56:11.054] [bmv2] [D] [thread 14505] [24.0] [cxt 0] Pipeline 'egress': end
[20:56:11.054] [bmv2] [D] [thread 14505] [24.0] [cxt 0] Deparser 'deparser': start
[20:56:11.054] [bmv2] [T] [thread 14505] [24.0] [cxt 0] Skipping checksum 'cksum' update because condition not met
[20:56:11.054] [bmv2] [D] [thread 14505] [24.0] [cxt 0] Deparsing header 'ethernet'
[20:56:11.054] [bmv2] [D] [thread 14505] [24.0] [cxt 0] Deparser 'deparser': end
[20:56:11.054] [bmv2] [D] [thread 14509] [24.0] [cxt 0] Transmitting packet of size 196 out of port 0
[20:56:11.075] [bmv2] [D] [thread 14504] [25.0] [cxt 0] Processing packet received on port 3
[20:56:11.075] [bmv2] [D] [thread 14504] [25.0] [cxt 0] Parser 'parser': start
[20:56:11.075] [bmv2] [D] [thread 14504] [25.0] [cxt 0] Parser 'parser' entering state 'start'
[20:56:11.075] [bmv2] [D] [thread 14504] [25.0] [cxt 0] Extracting header 'ethernet'
[20:56:11.075] [bmv2] [D] [thread 14504] [25.0] [cxt 0] Parser state 'start': key is 86dd
[20:56:11.075] [bmv2] [T] [thread 14504] [25.0] [cxt 0] Bytes parsed: 14
[20:56:11.075] [bmv2] [D] [thread 14504] [25.0] [cxt 0] Parser 'parser': end
[20:56:11.075] [bmv2] [D] [thread 14504] [25.0] [cxt 0] Pipeline 'ingress': start
[20:56:11.075] [bmv2] [T] [thread 14504] [25.0] [cxt 0] mri.p4(203) Condition "hdr.ipv4.isValid()" (node_2) is false
[20:56:11.075] [bmv2] [D] [thread 14504] [25.0] [cxt 0] Pipeline 'ingress': end
[20:56:11.075] [bmv2] [D] [thread 14504] [25.0] [cxt 0] Egress port is 0
[20:56:11.076] [bmv2] [D] [thread 14505] [25.0] [cxt 0] Pipeline 'egress': start
[20:56:11.076] [bmv2] [T] [thread 14505] [25.0] [cxt 0] mri.p4(254) Condition "hdr.mri.isValid()" (node_6) is false
[20:56:11.076] [bmv2] [D] [thread 14505] [25.0] [cxt 0] Pipeline 'egress': end
[20:56:11.076] [bmv2] [D] [thread 14505] [25.0] [cxt 0] Deparser 'deparser': start
[20:56:11.076] [bmv2] [T] [thread 14505] [25.0] [cxt 0] Skipping checksum 'cksum' update because condition not met
[20:56:11.076] [bmv2] [D] [thread 14505] [25.0] [cxt 0] Deparsing header 'ethernet'
[20:56:11.076] [bmv2] [D] [thread 14505] [25.0] [cxt 0] Deparser 'deparser': end
[20:56:11.076] [bmv2] [D] [thread 14509] [25.0] [cxt 0] Transmitting packet of size 70 out of port 0
[20:56:11.118] [bmv2] [D] [thread 14504] [26.0] [cxt 0] Processing packet received on port 3
[20:56:11.119] [bmv2] [D] [thread 14504] [26.0] [cxt 0] Parser 'parser': start
[20:56:11.119] [bmv2] [D] [thread 14504] [26.0] [cxt 0] Parser 'parser' entering state 'start'
[20:56:11.119] [bmv2] [D] [thread 14504] [26.0] [cxt 0] Extracting header 'ethernet'
[20:56:11.119] [bmv2] [D] [thread 14504] [26.0] [cxt 0] Parser state 'start': key is 86dd
[20:56:11.119] [bmv2] [T] [thread 14504] [26.0] [cxt 0] Bytes parsed: 14
[20:56:11.119] [bmv2] [D] [thread 14504] [26.0] [cxt 0] Parser 'parser': end
[20:56:11.119] [bmv2] [D] [thread 14504] [26.0] [cxt 0] Pipeline 'ingress': start
[20:56:11.119] [bmv2] [T] [thread 14504] [26.0] [cxt 0] mri.p4(203) Condition "hdr.ipv4.isValid()" (node_2) is false
[20:56:11.119] [bmv2] [D] [thread 14504] [26.0] [cxt 0] Pipeline 'ingress': end
[20:56:11.119] [bmv2] [D] [thread 14504] [26.0] [cxt 0] Egress port is 0
[20:56:11.119] [bmv2] [D] [thread 14505] [26.0] [cxt 0] Pipeline 'egress': start
[20:56:11.119] [bmv2] [T] [thread 14505] [26.0] [cxt 0] mri.p4(254) Condition "hdr.mri.isValid()" (node_6) is false
[20:56:11.119] [bmv2] [D] [thread 14505] [26.0] [cxt 0] Pipeline 'egress': end
[20:56:11.119] [bmv2] [D] [thread 14505] [26.0] [cxt 0] Deparser 'deparser': start
[20:56:11.119] [bmv2] [T] [thread 14505] [26.0] [cxt 0] Skipping checksum 'cksum' update because condition not met
[20:56:11.119] [bmv2] [D] [thread 14505] [26.0] [cxt 0] Deparsing header 'ethernet'
[20:56:11.119] [bmv2] [D] [thread 14505] [26.0] [cxt 0] Deparser 'deparser': end
[20:56:11.119] [bmv2] [D] [thread 14509] [26.0] [cxt 0] Transmitting packet of size 196 out of port 0
[20:56:11.330] [bmv2] [D] [thread 14504] [27.0] [cxt 0] Processing packet received on port 2
[20:56:11.330] [bmv2] [D] [thread 14504] [27.0] [cxt 0] Parser 'parser': start
[20:56:11.330] [bmv2] [D] [thread 14504] [27.0] [cxt 0] Parser 'parser' entering state 'start'
[20:56:11.330] [bmv2] [D] [thread 14504] [27.0] [cxt 0] Extracting header 'ethernet'
[20:56:11.330] [bmv2] [D] [thread 14504] [27.0] [cxt 0] Parser state 'start': key is 86dd
[20:56:11.330] [bmv2] [T] [thread 14504] [27.0] [cxt 0] Bytes parsed: 14
[20:56:11.330] [bmv2] [D] [thread 14504] [27.0] [cxt 0] Parser 'parser': end
[20:56:11.330] [bmv2] [D] [thread 14504] [27.0] [cxt 0] Pipeline 'ingress': start
[20:56:11.330] [bmv2] [T] [thread 14504] [27.0] [cxt 0] mri.p4(203) Condition "hdr.ipv4.isValid()" (node_2) is false
[20:56:11.330] [bmv2] [D] [thread 14504] [27.0] [cxt 0] Pipeline 'ingress': end
[20:56:11.330] [bmv2] [D] [thread 14504] [27.0] [cxt 0] Egress port is 0
[20:56:11.330] [bmv2] [D] [thread 14504] [28.0] [cxt 0] Processing packet received on port 2
[20:56:11.330] [bmv2] [D] [thread 14504] [28.0] [cxt 0] Parser 'parser': start
[20:56:11.330] [bmv2] [D] [thread 14504] [28.0] [cxt 0] Parser 'parser' entering state 'start'
[20:56:11.330] [bmv2] [D] [thread 14504] [28.0] [cxt 0] Extracting header 'ethernet'
[20:56:11.330] [bmv2] [D] [thread 14504] [28.0] [cxt 0] Parser state 'start': key is 86dd
[20:56:11.330] [bmv2] [T] [thread 14504] [28.0] [cxt 0] Bytes parsed: 14
[20:56:11.330] [bmv2] [D] [thread 14504] [28.0] [cxt 0] Parser 'parser': end
[20:56:11.330] [bmv2] [D] [thread 14504] [28.0] [cxt 0] Pipeline 'ingress': start
[20:56:11.330] [bmv2] [T] [thread 14504] [28.0] [cxt 0] mri.p4(203) Condition "hdr.ipv4.isValid()" (node_2) is false
[20:56:11.330] [bmv2] [D] [thread 14504] [28.0] [cxt 0] Pipeline 'ingress': end
[20:56:11.330] [bmv2] [D] [thread 14504] [28.0] [cxt 0] Egress port is 0
[20:56:11.330] [bmv2] [D] [thread 14505] [27.0] [cxt 0] Pipeline 'egress': start
[20:56:11.330] [bmv2] [T] [thread 14505] [27.0] [cxt 0] mri.p4(254) Condition "hdr.mri.isValid()" (node_6) is false
[20:56:11.330] [bmv2] [D] [thread 14505] [27.0] [cxt 0] Pipeline 'egress': end
[20:56:11.330] [bmv2] [D] [thread 14505] [27.0] [cxt 0] Deparser 'deparser': start
[20:56:11.330] [bmv2] [T] [thread 14505] [27.0] [cxt 0] Skipping checksum 'cksum' update because condition not met
[20:56:11.330] [bmv2] [D] [thread 14505] [27.0] [cxt 0] Deparsing header 'ethernet'
[20:56:11.330] [bmv2] [D] [thread 14505] [27.0] [cxt 0] Deparser 'deparser': end
[20:56:11.330] [bmv2] [D] [thread 14505] [28.0] [cxt 0] Pipeline 'egress': start
[20:56:11.330] [bmv2] [T] [thread 14505] [28.0] [cxt 0] mri.p4(254) Condition "hdr.mri.isValid()" (node_6) is false
[20:56:11.330] [bmv2] [D] [thread 14505] [28.0] [cxt 0] Pipeline 'egress': end
[20:56:11.330] [bmv2] [D] [thread 14505] [28.0] [cxt 0] Deparser 'deparser': start
[20:56:11.330] [bmv2] [T] [thread 14505] [28.0] [cxt 0] Skipping checksum 'cksum' update because condition not met
[20:56:11.330] [bmv2] [D] [thread 14505] [28.0] [cxt 0] Deparsing header 'ethernet'
[20:56:11.330] [bmv2] [D] [thread 14505] [28.0] [cxt 0] Deparser 'deparser': end
[20:56:11.330] [bmv2] [D] [thread 14509] [27.0] [cxt 0] Transmitting packet of size 70 out of port 0
[20:56:11.330] [bmv2] [D] [thread 14509] [28.0] [cxt 0] Transmitting packet of size 70 out of port 0
[20:56:11.468] [bmv2] [D] [thread 14504] [29.0] [cxt 0] Processing packet received on port 2
[20:56:11.468] [bmv2] [D] [thread 14504] [29.0] [cxt 0] Parser 'parser': start
[20:56:11.468] [bmv2] [D] [thread 14504] [29.0] [cxt 0] Parser 'parser' entering state 'start'
[20:56:11.468] [bmv2] [D] [thread 14504] [29.0] [cxt 0] Extracting header 'ethernet'
[20:56:11.468] [bmv2] [D] [thread 14504] [29.0] [cxt 0] Parser state 'start': key is 86dd
[20:56:11.468] [bmv2] [T] [thread 14504] [29.0] [cxt 0] Bytes parsed: 14
[20:56:11.468] [bmv2] [D] [thread 14504] [29.0] [cxt 0] Parser 'parser': end
[20:56:11.468] [bmv2] [D] [thread 14504] [29.0] [cxt 0] Pipeline 'ingress': start
[20:56:11.468] [bmv2] [T] [thread 14504] [29.0] [cxt 0] mri.p4(203) Condition "hdr.ipv4.isValid()" (node_2) is false
[20:56:11.468] [bmv2] [D] [thread 14504] [29.0] [cxt 0] Pipeline 'ingress': end
[20:56:11.468] [bmv2] [D] [thread 14504] [29.0] [cxt 0] Egress port is 0
[20:56:11.469] [bmv2] [D] [thread 14505] [29.0] [cxt 0] Pipeline 'egress': start
[20:56:11.469] [bmv2] [T] [thread 14505] [29.0] [cxt 0] mri.p4(254) Condition "hdr.mri.isValid()" (node_6) is false
[20:56:11.469] [bmv2] [D] [thread 14505] [29.0] [cxt 0] Pipeline 'egress': end
[20:56:11.469] [bmv2] [D] [thread 14505] [29.0] [cxt 0] Deparser 'deparser': start
[20:56:11.469] [bmv2] [T] [thread 14505] [29.0] [cxt 0] Skipping checksum 'cksum' update because condition not met
[20:56:11.469] [bmv2] [D] [thread 14505] [29.0] [cxt 0] Deparsing header 'ethernet'
[20:56:11.469] [bmv2] [D] [thread 14505] [29.0] [cxt 0] Deparser 'deparser': end
[20:56:11.469] [bmv2] [D] [thread 14509] [29.0] [cxt 0] Transmitting packet of size 196 out of port 0
[20:56:11.504] [bmv2] [D] [thread 14504] [30.0] [cxt 0] Processing packet received on port 2
[20:56:11.504] [bmv2] [D] [thread 14504] [30.0] [cxt 0] Parser 'parser': start
[20:56:11.504] [bmv2] [D] [thread 14504] [30.0] [cxt 0] Parser 'parser' entering state 'start'
[20:56:11.504] [bmv2] [D] [thread 14504] [30.0] [cxt 0] Extracting header 'ethernet'
[20:56:11.504] [bmv2] [D] [thread 14504] [30.0] [cxt 0] Parser state 'start': key is 86dd
[20:56:11.504] [bmv2] [T] [thread 14504] [30.0] [cxt 0] Bytes parsed: 14
[20:56:11.504] [bmv2] [D] [thread 14504] [30.0] [cxt 0] Parser 'parser': end
[20:56:11.504] [bmv2] [D] [thread 14504] [30.0] [cxt 0] Pipeline 'ingress': start
[20:56:11.504] [bmv2] [T] [thread 14504] [30.0] [cxt 0] mri.p4(203) Condition "hdr.ipv4.isValid()" (node_2) is false
[20:56:11.504] [bmv2] [D] [thread 14504] [30.0] [cxt 0] Pipeline 'ingress': end
[20:56:11.504] [bmv2] [D] [thread 14504] [30.0] [cxt 0] Egress port is 0
[20:56:11.504] [bmv2] [D] [thread 14505] [30.0] [cxt 0] Pipeline 'egress': start
[20:56:11.504] [bmv2] [T] [thread 14505] [30.0] [cxt 0] mri.p4(254) Condition "hdr.mri.isValid()" (node_6) is false
[20:56:11.504] [bmv2] [D] [thread 14505] [30.0] [cxt 0] Pipeline 'egress': end
[20:56:11.504] [bmv2] [D] [thread 14505] [30.0] [cxt 0] Deparser 'deparser': start
[20:56:11.504] [bmv2] [T] [thread 14505] [30.0] [cxt 0] Skipping checksum 'cksum' update because condition not met
[20:56:11.504] [bmv2] [D] [thread 14505] [30.0] [cxt 0] Deparsing header 'ethernet'
[20:56:11.504] [bmv2] [D] [thread 14505] [30.0] [cxt 0] Deparser 'deparser': end
[20:56:11.504] [bmv2] [D] [thread 14509] [30.0] [cxt 0] Transmitting packet of size 196 out of port 0
[20:56:11.589] [bmv2] [D] [thread 14504] [31.0] [cxt 0] Processing packet received on port 1
[20:56:11.589] [bmv2] [D] [thread 14504] [31.0] [cxt 0] Parser 'parser': start
[20:56:11.589] [bmv2] [D] [thread 14504] [31.0] [cxt 0] Parser 'parser' entering state 'start'
[20:56:11.589] [bmv2] [D] [thread 14504] [31.0] [cxt 0] Extracting header 'ethernet'
[20:56:11.589] [bmv2] [D] [thread 14504] [31.0] [cxt 0] Parser state 'start': key is 86dd
[20:56:11.589] [bmv2] [T] [thread 14504] [31.0] [cxt 0] Bytes parsed: 14
[20:56:11.589] [bmv2] [D] [thread 14504] [31.0] [cxt 0] Parser 'parser': end
[20:56:11.589] [bmv2] [D] [thread 14504] [31.0] [cxt 0] Pipeline 'ingress': start
[20:56:11.589] [bmv2] [T] [thread 14504] [31.0] [cxt 0] mri.p4(203) Condition "hdr.ipv4.isValid()" (node_2) is false
[20:56:11.589] [bmv2] [D] [thread 14504] [31.0] [cxt 0] Pipeline 'ingress': end
[20:56:11.589] [bmv2] [D] [thread 14504] [31.0] [cxt 0] Egress port is 0
[20:56:11.590] [bmv2] [D] [thread 14505] [31.0] [cxt 0] Pipeline 'egress': start
[20:56:11.590] [bmv2] [T] [thread 14505] [31.0] [cxt 0] mri.p4(254) Condition "hdr.mri.isValid()" (node_6) is false
[20:56:11.590] [bmv2] [D] [thread 14505] [31.0] [cxt 0] Pipeline 'egress': end
[20:56:11.590] [bmv2] [D] [thread 14505] [31.0] [cxt 0] Deparser 'deparser': start
[20:56:11.590] [bmv2] [T] [thread 14505] [31.0] [cxt 0] Skipping checksum 'cksum' update because condition not met
[20:56:11.590] [bmv2] [D] [thread 14505] [31.0] [cxt 0] Deparsing header 'ethernet'
[20:56:11.590] [bmv2] [D] [thread 14505] [31.0] [cxt 0] Deparser 'deparser': end
[20:56:11.590] [bmv2] [D] [thread 14509] [31.0] [cxt 0] Transmitting packet of size 70 out of port 0
[20:56:12.079] [bmv2] [D] [thread 14504] [32.0] [cxt 0] Processing packet received on port 3
[20:56:12.079] [bmv2] [D] [thread 14504] [32.0] [cxt 0] Parser 'parser': start
[20:56:12.079] [bmv2] [D] [thread 14504] [32.0] [cxt 0] Parser 'parser' entering state 'start'
[20:56:12.079] [bmv2] [D] [thread 14504] [32.0] [cxt 0] Extracting header 'ethernet'
[20:56:12.079] [bmv2] [D] [thread 14504] [32.0] [cxt 0] Parser state 'start': key is 86dd
[20:56:12.079] [bmv2] [T] [thread 14504] [32.0] [cxt 0] Bytes parsed: 14
[20:56:12.079] [bmv2] [D] [thread 14504] [32.0] [cxt 0] Parser 'parser': end
[20:56:12.079] [bmv2] [D] [thread 14504] [32.0] [cxt 0] Pipeline 'ingress': start
[20:56:12.079] [bmv2] [T] [thread 14504] [32.0] [cxt 0] mri.p4(203) Condition "hdr.ipv4.isValid()" (node_2) is false
[20:56:12.079] [bmv2] [D] [thread 14504] [32.0] [cxt 0] Pipeline 'ingress': end
[20:56:12.079] [bmv2] [D] [thread 14504] [32.0] [cxt 0] Egress port is 0
[20:56:12.079] [bmv2] [D] [thread 14505] [32.0] [cxt 0] Pipeline 'egress': start
[20:56:12.079] [bmv2] [T] [thread 14505] [32.0] [cxt 0] mri.p4(254) Condition "hdr.mri.isValid()" (node_6) is false
[20:56:12.079] [bmv2] [D] [thread 14505] [32.0] [cxt 0] Pipeline 'egress': end
[20:56:12.079] [bmv2] [D] [thread 14505] [32.0] [cxt 0] Deparser 'deparser': start
[20:56:12.079] [bmv2] [T] [thread 14505] [32.0] [cxt 0] Skipping checksum 'cksum' update because condition not met
[20:56:12.079] [bmv2] [D] [thread 14505] [32.0] [cxt 0] Deparsing header 'ethernet'
[20:56:12.079] [bmv2] [D] [thread 14505] [32.0] [cxt 0] Deparser 'deparser': end
[20:56:12.079] [bmv2] [D] [thread 14509] [32.0] [cxt 0] Transmitting packet of size 196 out of port 0
[20:56:12.099] [bmv2] [D] [thread 14504] [33.0] [cxt 0] Processing packet received on port 3
[20:56:12.099] [bmv2] [D] [thread 14504] [33.0] [cxt 0] Parser 'parser': start
[20:56:12.099] [bmv2] [D] [thread 14504] [33.0] [cxt 0] Parser 'parser' entering state 'start'
[20:56:12.099] [bmv2] [D] [thread 14504] [33.0] [cxt 0] Extracting header 'ethernet'
[20:56:12.099] [bmv2] [D] [thread 14504] [33.0] [cxt 0] Parser state 'start': key is 86dd
[20:56:12.099] [bmv2] [T] [thread 14504] [33.0] [cxt 0] Bytes parsed: 14
[20:56:12.099] [bmv2] [D] [thread 14504] [33.0] [cxt 0] Parser 'parser': end
[20:56:12.099] [bmv2] [D] [thread 14504] [33.0] [cxt 0] Pipeline 'ingress': start
[20:56:12.099] [bmv2] [T] [thread 14504] [33.0] [cxt 0] mri.p4(203) Condition "hdr.ipv4.isValid()" (node_2) is false
[20:56:12.099] [bmv2] [D] [thread 14504] [33.0] [cxt 0] Pipeline 'ingress': end
[20:56:12.099] [bmv2] [D] [thread 14504] [33.0] [cxt 0] Egress port is 0
[20:56:12.099] [bmv2] [D] [thread 14505] [33.0] [cxt 0] Pipeline 'egress': start
[20:56:12.099] [bmv2] [T] [thread 14505] [33.0] [cxt 0] mri.p4(254) Condition "hdr.mri.isValid()" (node_6) is false
[20:56:12.099] [bmv2] [D] [thread 14505] [33.0] [cxt 0] Pipeline 'egress': end
[20:56:12.100] [bmv2] [D] [thread 14505] [33.0] [cxt 0] Deparser 'deparser': start
[20:56:12.100] [bmv2] [T] [thread 14505] [33.0] [cxt 0] Skipping checksum 'cksum' update because condition not met
[20:56:12.100] [bmv2] [D] [thread 14505] [33.0] [cxt 0] Deparsing header 'ethernet'
[20:56:12.100] [bmv2] [D] [thread 14505] [33.0] [cxt 0] Deparser 'deparser': end
[20:56:12.100] [bmv2] [D] [thread 14509] [33.0] [cxt 0] Transmitting packet of size 70 out of port 0
