Calling target program-options parser
[20:47:53.675] [bmv2] [D] [thread 125570] Set default default entry for table 'MyIngress.ipv4_lpm': MyIngress.drop - 
[20:47:53.676] [bmv2] [D] [thread 125570] Set default default entry for table 'MyIngress.myTunnel_exact': MyIngress.drop - 
Adding interface s3-eth1 as port 1
[20:47:53.676] [bmv2] [D] [thread 125570] Adding interface s3-eth1 as port 1
Adding interface s3-eth2 as port 2
[20:47:53.711] [bmv2] [D] [thread 125570] Adding interface s3-eth2 as port 2
Adding interface s3-eth3 as port 3
[20:47:53.741] [bmv2] [D] [thread 125570] Adding interface s3-eth3 as port 3
Server listening on 0.0.0.0:50053
[20:47:53.791] [bmv2] [I] [thread 125570] Starting Thrift server on port 9092
[20:47:53.791] [bmv2] [I] [thread 125570] Thrift server was started
[20:47:53.794] [bmv2] [D] [thread 125580] [0.0] [cxt 0] Processing packet received on port 1
[20:47:53.794] [bmv2] [D] [thread 125580] [0.0] [cxt 0] Parser 'parser': start
[20:47:53.794] [bmv2] [D] [thread 125580] [0.0] [cxt 0] Parser 'parser' entering state 'start'
[20:47:53.794] [bmv2] [D] [thread 125580] [0.0] [cxt 0] Extracting header 'ethernet'
[20:47:53.794] [bmv2] [D] [thread 125580] [0.0] [cxt 0] Parser state 'start': key is 86dd
[20:47:53.794] [bmv2] [T] [thread 125580] [0.0] [cxt 0] Bytes parsed: 14
[20:47:53.794] [bmv2] [D] [thread 125580] [0.0] [cxt 0] Parser 'parser': end
[20:47:53.794] [bmv2] [D] [thread 125580] [0.0] [cxt 0] Pipeline 'ingress': start
[20:47:53.794] [bmv2] [T] [thread 125580] [0.0] [cxt 0] basic_tunnel.p4(152) Condition "hdr.ipv4.isValid() && !hdr.myTunnel.isValid()" (node_2) is false
[20:47:53.794] [bmv2] [T] [thread 125580] [0.0] [cxt 0] basic_tunnel.p4(155) Condition "hdr.myTunnel.isValid()" (node_4) is false
[20:47:53.794] [bmv2] [D] [thread 125580] [0.0] [cxt 0] Pipeline 'ingress': end
[20:47:53.794] [bmv2] [D] [thread 125580] [0.0] [cxt 0] Egress port is 0
[20:47:53.794] [bmv2] [D] [thread 125580] [1.0] [cxt 0] Processing packet received on port 2
[20:47:53.794] [bmv2] [D] [thread 125580] [1.0] [cxt 0] Parser 'parser': start
[20:47:53.794] [bmv2] [D] [thread 125580] [1.0] [cxt 0] Parser 'parser' entering state 'start'
[20:47:53.794] [bmv2] [D] [thread 125580] [1.0] [cxt 0] Extracting header 'ethernet'
[20:47:53.794] [bmv2] [D] [thread 125580] [1.0] [cxt 0] Parser state 'start': key is 86dd
[20:47:53.794] [bmv2] [T] [thread 125580] [1.0] [cxt 0] Bytes parsed: 14
[20:47:53.794] [bmv2] [D] [thread 125580] [1.0] [cxt 0] Parser 'parser': end
[20:47:53.794] [bmv2] [D] [thread 125580] [1.0] [cxt 0] Pipeline 'ingress': start
[20:47:53.794] [bmv2] [T] [thread 125580] [1.0] [cxt 0] basic_tunnel.p4(152) Condition "hdr.ipv4.isValid() && !hdr.myTunnel.isValid()" (node_2) is false
[20:47:53.794] [bmv2] [T] [thread 125580] [1.0] [cxt 0] basic_tunnel.p4(155) Condition "hdr.myTunnel.isValid()" (node_4) is false
[20:47:53.794] [bmv2] [D] [thread 125580] [1.0] [cxt 0] Pipeline 'ingress': end
[20:47:53.794] [bmv2] [D] [thread 125580] [1.0] [cxt 0] Egress port is 0
[20:47:53.794] [bmv2] [D] [thread 125580] [2.0] [cxt 0] Processing packet received on port 2
[20:47:53.794] [bmv2] [D] [thread 125580] [2.0] [cxt 0] Parser 'parser': start
[20:47:53.794] [bmv2] [D] [thread 125580] [2.0] [cxt 0] Parser 'parser' entering state 'start'
[20:47:53.794] [bmv2] [D] [thread 125580] [2.0] [cxt 0] Extracting header 'ethernet'
[20:47:53.794] [bmv2] [D] [thread 125580] [2.0] [cxt 0] Parser state 'start': key is 86dd
[20:47:53.794] [bmv2] [T] [thread 125580] [2.0] [cxt 0] Bytes parsed: 14
[20:47:53.794] [bmv2] [D] [thread 125580] [2.0] [cxt 0] Parser 'parser': end
[20:47:53.794] [bmv2] [D] [thread 125580] [2.0] [cxt 0] Pipeline 'ingress': start
[20:47:53.794] [bmv2] [T] [thread 125580] [2.0] [cxt 0] basic_tunnel.p4(152) Condition "hdr.ipv4.isValid() && !hdr.myTunnel.isValid()" (node_2) is false
[20:47:53.794] [bmv2] [T] [thread 125580] [2.0] [cxt 0] basic_tunnel.p4(155) Condition "hdr.myTunnel.isValid()" (node_4) is false
[20:47:53.794] [bmv2] [D] [thread 125580] [2.0] [cxt 0] Pipeline 'ingress': end
[20:47:53.794] [bmv2] [D] [thread 125580] [2.0] [cxt 0] Egress port is 0
[20:47:53.795] [bmv2] [D] [thread 125581] [0.0] [cxt 0] Pipeline 'egress': start
[20:47:53.795] [bmv2] [D] [thread 125581] [0.0] [cxt 0] Pipeline 'egress': end
[20:47:53.795] [bmv2] [D] [thread 125581] [0.0] [cxt 0] Deparser 'deparser': start
[20:47:53.795] [bmv2] [T] [thread 125581] [0.0] [cxt 0] Skipping checksum 'cksum' update because condition not met
[20:47:53.795] [bmv2] [D] [thread 125581] [0.0] [cxt 0] Deparsing header 'ethernet'
[20:47:53.795] [bmv2] [D] [thread 125581] [0.0] [cxt 0] Deparser 'deparser': end
[20:47:53.795] [bmv2] [D] [thread 125581] [1.0] [cxt 0] Pipeline 'egress': start
[20:47:53.795] [bmv2] [D] [thread 125581] [1.0] [cxt 0] Pipeline 'egress': end
[20:47:53.795] [bmv2] [D] [thread 125581] [1.0] [cxt 0] Deparser 'deparser': start
[20:47:53.795] [bmv2] [T] [thread 125581] [1.0] [cxt 0] Skipping checksum 'cksum' update because condition not met
[20:47:53.795] [bmv2] [D] [thread 125581] [1.0] [cxt 0] Deparsing header 'ethernet'
[20:47:53.795] [bmv2] [D] [thread 125581] [1.0] [cxt 0] Deparser 'deparser': end
[20:47:53.795] [bmv2] [D] [thread 125581] [2.0] [cxt 0] Pipeline 'egress': start
[20:47:53.795] [bmv2] [D] [thread 125581] [2.0] [cxt 0] Pipeline 'egress': end
[20:47:53.795] [bmv2] [D] [thread 125581] [2.0] [cxt 0] Deparser 'deparser': start
[20:47:53.796] [bmv2] [T] [thread 125581] [2.0] [cxt 0] Skipping checksum 'cksum' update because condition not met
[20:47:53.796] [bmv2] [D] [thread 125581] [2.0] [cxt 0] Deparsing header 'ethernet'
[20:47:53.796] [bmv2] [D] [thread 125581] [2.0] [cxt 0] Deparser 'deparser': end
[20:47:53.795] [bmv2] [D] [thread 125585] [0.0] [cxt 0] Transmitting packet of size 208 out of port 0
[20:47:53.796] [bmv2] [D] [thread 125585] [1.0] [cxt 0] Transmitting packet of size 90 out of port 0
[20:47:53.796] [bmv2] [D] [thread 125585] [2.0] [cxt 0] Transmitting packet of size 70 out of port 0
[20:47:53.803] [bmv2] [D] [thread 125580] [3.0] [cxt 0] Processing packet received on port 2
[20:47:53.803] [bmv2] [D] [thread 125580] [3.0] [cxt 0] Parser 'parser': start
[20:47:53.803] [bmv2] [D] [thread 125580] [3.0] [cxt 0] Parser 'parser' entering state 'start'
[20:47:53.803] [bmv2] [D] [thread 125580] [3.0] [cxt 0] Extracting header 'ethernet'
[20:47:53.803] [bmv2] [D] [thread 125580] [3.0] [cxt 0] Parser state 'start': key is 86dd
[20:47:53.803] [bmv2] [T] [thread 125580] [3.0] [cxt 0] Bytes parsed: 14
[20:47:53.803] [bmv2] [D] [thread 125580] [3.0] [cxt 0] Parser 'parser': end
[20:47:53.803] [bmv2] [D] [thread 125580] [3.0] [cxt 0] Pipeline 'ingress': start
[20:47:53.803] [bmv2] [T] [thread 125580] [3.0] [cxt 0] basic_tunnel.p4(152) Condition "hdr.ipv4.isValid() && !hdr.myTunnel.isValid()" (node_2) is false
[20:47:53.803] [bmv2] [T] [thread 125580] [3.0] [cxt 0] basic_tunnel.p4(155) Condition "hdr.myTunnel.isValid()" (node_4) is false
[20:47:53.803] [bmv2] [D] [thread 125580] [3.0] [cxt 0] Pipeline 'ingress': end
[20:47:53.803] [bmv2] [D] [thread 125580] [3.0] [cxt 0] Egress port is 0
[20:47:53.803] [bmv2] [D] [thread 125581] [3.0] [cxt 0] Pipeline 'egress': start
[20:47:53.803] [bmv2] [D] [thread 125581] [3.0] [cxt 0] Pipeline 'egress': end
[20:47:53.803] [bmv2] [D] [thread 125581] [3.0] [cxt 0] Deparser 'deparser': start
[20:47:53.803] [bmv2] [T] [thread 125581] [3.0] [cxt 0] Skipping checksum 'cksum' update because condition not met
[20:47:53.803] [bmv2] [D] [thread 125581] [3.0] [cxt 0] Deparsing header 'ethernet'
[20:47:53.803] [bmv2] [D] [thread 125581] [3.0] [cxt 0] Deparser 'deparser': end
[20:47:53.804] [bmv2] [D] [thread 125585] [3.0] [cxt 0] Transmitting packet of size 90 out of port 0
[20:47:53.820] [bmv2] [D] [thread 125580] [4.0] [cxt 0] Processing packet received on port 2
[20:47:53.821] [bmv2] [D] [thread 125580] [4.0] [cxt 0] Parser 'parser': start
[20:47:53.821] [bmv2] [D] [thread 125580] [4.0] [cxt 0] Parser 'parser' entering state 'start'
[20:47:53.821] [bmv2] [D] [thread 125580] [4.0] [cxt 0] Extracting header 'ethernet'
[20:47:53.821] [bmv2] [D] [thread 125580] [4.0] [cxt 0] Parser state 'start': key is 86dd
[20:47:53.821] [bmv2] [T] [thread 125580] [4.0] [cxt 0] Bytes parsed: 14
[20:47:53.821] [bmv2] [D] [thread 125580] [4.0] [cxt 0] Parser 'parser': end
[20:47:53.821] [bmv2] [D] [thread 125580] [4.0] [cxt 0] Pipeline 'ingress': start
[20:47:53.821] [bmv2] [T] [thread 125580] [4.0] [cxt 0] basic_tunnel.p4(152) Condition "hdr.ipv4.isValid() && !hdr.myTunnel.isValid()" (node_2) is false
[20:47:53.821] [bmv2] [T] [thread 125580] [4.0] [cxt 0] basic_tunnel.p4(155) Condition "hdr.myTunnel.isValid()" (node_4) is false
[20:47:53.821] [bmv2] [D] [thread 125580] [4.0] [cxt 0] Pipeline 'ingress': end
[20:47:53.821] [bmv2] [D] [thread 125580] [4.0] [cxt 0] Egress port is 0
[20:47:53.821] [bmv2] [D] [thread 125581] [4.0] [cxt 0] Pipeline 'egress': start
[20:47:53.821] [bmv2] [D] [thread 125581] [4.0] [cxt 0] Pipeline 'egress': end
[20:47:53.821] [bmv2] [D] [thread 125581] [4.0] [cxt 0] Deparser 'deparser': start
[20:47:53.821] [bmv2] [T] [thread 125581] [4.0] [cxt 0] Skipping checksum 'cksum' update because condition not met
[20:47:53.821] [bmv2] [D] [thread 125581] [4.0] [cxt 0] Deparsing header 'ethernet'
[20:47:53.821] [bmv2] [D] [thread 125581] [4.0] [cxt 0] Deparser 'deparser': end
[20:47:53.824] [bmv2] [D] [thread 125585] [4.0] [cxt 0] Transmitting packet of size 90 out of port 0
[20:47:53.828] [bmv2] [D] [thread 125580] [5.0] [cxt 0] Processing packet received on port 2
[20:47:53.828] [bmv2] [D] [thread 125580] [5.0] [cxt 0] Parser 'parser': start
[20:47:53.828] [bmv2] [D] [thread 125580] [5.0] [cxt 0] Parser 'parser' entering state 'start'
[20:47:53.828] [bmv2] [D] [thread 125580] [5.0] [cxt 0] Extracting header 'ethernet'
[20:47:53.828] [bmv2] [D] [thread 125580] [5.0] [cxt 0] Parser state 'start': key is 86dd
[20:47:53.828] [bmv2] [T] [thread 125580] [5.0] [cxt 0] Bytes parsed: 14
[20:47:53.828] [bmv2] [D] [thread 125580] [5.0] [cxt 0] Parser 'parser': end
[20:47:53.828] [bmv2] [D] [thread 125580] [5.0] [cxt 0] Pipeline 'ingress': start
[20:47:53.828] [bmv2] [T] [thread 125580] [5.0] [cxt 0] basic_tunnel.p4(152) Condition "hdr.ipv4.isValid() && !hdr.myTunnel.isValid()" (node_2) is false
[20:47:53.828] [bmv2] [T] [thread 125580] [5.0] [cxt 0] basic_tunnel.p4(155) Condition "hdr.myTunnel.isValid()" (node_4) is false
[20:47:53.828] [bmv2] [D] [thread 125580] [5.0] [cxt 0] Pipeline 'ingress': end
[20:47:53.828] [bmv2] [D] [thread 125580] [5.0] [cxt 0] Egress port is 0
[20:47:53.829] [bmv2] [D] [thread 125581] [5.0] [cxt 0] Pipeline 'egress': start
[20:47:53.829] [bmv2] [D] [thread 125581] [5.0] [cxt 0] Pipeline 'egress': end
[20:47:53.829] [bmv2] [D] [thread 125581] [5.0] [cxt 0] Deparser 'deparser': start
[20:47:53.829] [bmv2] [T] [thread 125581] [5.0] [cxt 0] Skipping checksum 'cksum' update because condition not met
[20:47:53.829] [bmv2] [D] [thread 125581] [5.0] [cxt 0] Deparsing header 'ethernet'
[20:47:53.829] [bmv2] [D] [thread 125581] [5.0] [cxt 0] Deparser 'deparser': end
[20:47:53.829] [bmv2] [D] [thread 125585] [5.0] [cxt 0] Transmitting packet of size 90 out of port 0
[20:47:53.946] [bmv2] [D] [thread 125580] [6.0] [cxt 0] Processing packet received on port 3
[20:47:53.946] [bmv2] [D] [thread 125580] [6.0] [cxt 0] Parser 'parser': start
[20:47:53.946] [bmv2] [D] [thread 125580] [6.0] [cxt 0] Parser 'parser' entering state 'start'
[20:47:53.946] [bmv2] [D] [thread 125580] [6.0] [cxt 0] Extracting header 'ethernet'
[20:47:53.946] [bmv2] [D] [thread 125580] [6.0] [cxt 0] Parser state 'start': key is 86dd
[20:47:53.946] [bmv2] [T] [thread 125580] [6.0] [cxt 0] Bytes parsed: 14
[20:47:53.946] [bmv2] [D] [thread 125580] [6.0] [cxt 0] Parser 'parser': end
[20:47:53.946] [bmv2] [D] [thread 125580] [6.0] [cxt 0] Pipeline 'ingress': start
[20:47:53.946] [bmv2] [T] [thread 125580] [6.0] [cxt 0] basic_tunnel.p4(152) Condition "hdr.ipv4.isValid() && !hdr.myTunnel.isValid()" (node_2) is false
[20:47:53.946] [bmv2] [T] [thread 125580] [6.0] [cxt 0] basic_tunnel.p4(155) Condition "hdr.myTunnel.isValid()" (node_4) is false
[20:47:53.946] [bmv2] [D] [thread 125580] [6.0] [cxt 0] Pipeline 'ingress': end
[20:47:53.946] [bmv2] [D] [thread 125580] [6.0] [cxt 0] Egress port is 0
[20:47:53.947] [bmv2] [D] [thread 125580] [7.0] [cxt 0] Processing packet received on port 3
[20:47:53.947] [bmv2] [D] [thread 125580] [7.0] [cxt 0] Parser 'parser': start
[20:47:53.947] [bmv2] [D] [thread 125580] [7.0] [cxt 0] Parser 'parser' entering state 'start'
[20:47:53.947] [bmv2] [D] [thread 125580] [7.0] [cxt 0] Extracting header 'ethernet'
[20:47:53.947] [bmv2] [D] [thread 125580] [7.0] [cxt 0] Parser state 'start': key is 86dd
[20:47:53.947] [bmv2] [T] [thread 125580] [7.0] [cxt 0] Bytes parsed: 14
[20:47:53.947] [bmv2] [D] [thread 125580] [7.0] [cxt 0] Parser 'parser': end
[20:47:53.947] [bmv2] [D] [thread 125580] [7.0] [cxt 0] Pipeline 'ingress': start
[20:47:53.947] [bmv2] [T] [thread 125580] [7.0] [cxt 0] basic_tunnel.p4(152) Condition "hdr.ipv4.isValid() && !hdr.myTunnel.isValid()" (node_2) is false
[20:47:53.947] [bmv2] [T] [thread 125580] [7.0] [cxt 0] basic_tunnel.p4(155) Condition "hdr.myTunnel.isValid()" (node_4) is false
[20:47:53.947] [bmv2] [D] [thread 125580] [7.0] [cxt 0] Pipeline 'ingress': end
[20:47:53.947] [bmv2] [D] [thread 125580] [7.0] [cxt 0] Egress port is 0
[20:47:53.951] [bmv2] [D] [thread 125581] [6.0] [cxt 0] Pipeline 'egress': start
[20:47:53.951] [bmv2] [D] [thread 125581] [6.0] [cxt 0] Pipeline 'egress': end
[20:47:53.951] [bmv2] [D] [thread 125581] [6.0] [cxt 0] Deparser 'deparser': start
[20:47:53.951] [bmv2] [T] [thread 125581] [6.0] [cxt 0] Skipping checksum 'cksum' update because condition not met
[20:47:53.951] [bmv2] [D] [thread 125581] [6.0] [cxt 0] Deparsing header 'ethernet'
[20:47:53.951] [bmv2] [D] [thread 125581] [6.0] [cxt 0] Deparser 'deparser': end
[20:47:53.951] [bmv2] [D] [thread 125581] [7.0] [cxt 0] Pipeline 'egress': start
[20:47:53.951] [bmv2] [D] [thread 125581] [7.0] [cxt 0] Pipeline 'egress': end
[20:47:53.951] [bmv2] [D] [thread 125581] [7.0] [cxt 0] Deparser 'deparser': start
[20:47:53.951] [bmv2] [T] [thread 125581] [7.0] [cxt 0] Skipping checksum 'cksum' update because condition not met
[20:47:53.951] [bmv2] [D] [thread 125581] [7.0] [cxt 0] Deparsing header 'ethernet'
[20:47:53.951] [bmv2] [D] [thread 125581] [7.0] [cxt 0] Deparser 'deparser': end
[20:47:53.952] [bmv2] [D] [thread 125585] [6.0] [cxt 0] Transmitting packet of size 90 out of port 0
[20:47:53.952] [bmv2] [D] [thread 125585] [7.0] [cxt 0] Transmitting packet of size 70 out of port 0
[20:47:53.956] [bmv2] [D] [thread 125580] [8.0] [cxt 0] Processing packet received on port 3
[20:47:53.956] [bmv2] [D] [thread 125580] [8.0] [cxt 0] Parser 'parser': start
[20:47:53.956] [bmv2] [D] [thread 125580] [8.0] [cxt 0] Parser 'parser' entering state 'start'
[20:47:53.956] [bmv2] [D] [thread 125580] [8.0] [cxt 0] Extracting header 'ethernet'
[20:47:53.956] [bmv2] [D] [thread 125580] [8.0] [cxt 0] Parser state 'start': key is 86dd
[20:47:53.956] [bmv2] [T] [thread 125580] [8.0] [cxt 0] Bytes parsed: 14
[20:47:53.956] [bmv2] [D] [thread 125580] [8.0] [cxt 0] Parser 'parser': end
[20:47:53.956] [bmv2] [D] [thread 125580] [8.0] [cxt 0] Pipeline 'ingress': start
[20:47:53.956] [bmv2] [T] [thread 125580] [8.0] [cxt 0] basic_tunnel.p4(152) Condition "hdr.ipv4.isValid() && !hdr.myTunnel.isValid()" (node_2) is false
[20:47:53.956] [bmv2] [T] [thread 125580] [8.0] [cxt 0] basic_tunnel.p4(155) Condition "hdr.myTunnel.isValid()" (node_4) is false
[20:47:53.956] [bmv2] [D] [thread 125580] [8.0] [cxt 0] Pipeline 'ingress': end
[20:47:53.956] [bmv2] [D] [thread 125580] [8.0] [cxt 0] Egress port is 0
[20:47:53.956] [bmv2] [D] [thread 125581] [8.0] [cxt 0] Pipeline 'egress': start
[20:47:53.956] [bmv2] [D] [thread 125581] [8.0] [cxt 0] Pipeline 'egress': end
[20:47:53.956] [bmv2] [D] [thread 125581] [8.0] [cxt 0] Deparser 'deparser': start
[20:47:53.956] [bmv2] [T] [thread 125581] [8.0] [cxt 0] Skipping checksum 'cksum' update because condition not met
[20:47:53.956] [bmv2] [D] [thread 125581] [8.0] [cxt 0] Deparsing header 'ethernet'
[20:47:53.956] [bmv2] [D] [thread 125581] [8.0] [cxt 0] Deparser 'deparser': end
[20:47:53.956] [bmv2] [D] [thread 125585] [8.0] [cxt 0] Transmitting packet of size 90 out of port 0
[20:47:53.973] [bmv2] [D] [thread 125580] [9.0] [cxt 0] Processing packet received on port 2
[20:47:53.973] [bmv2] [D] [thread 125580] [9.0] [cxt 0] Parser 'parser': start
[20:47:53.973] [bmv2] [D] [thread 125580] [9.0] [cxt 0] Parser 'parser' entering state 'start'
[20:47:53.973] [bmv2] [D] [thread 125580] [9.0] [cxt 0] Extracting header 'ethernet'
[20:47:53.973] [bmv2] [D] [thread 125580] [9.0] [cxt 0] Parser state 'start': key is 86dd
[20:47:53.973] [bmv2] [T] [thread 125580] [9.0] [cxt 0] Bytes parsed: 14
[20:47:53.973] [bmv2] [D] [thread 125580] [9.0] [cxt 0] Parser 'parser': end
[20:47:53.973] [bmv2] [D] [thread 125580] [9.0] [cxt 0] Pipeline 'ingress': start
[20:47:53.973] [bmv2] [T] [thread 125580] [9.0] [cxt 0] basic_tunnel.p4(152) Condition "hdr.ipv4.isValid() && !hdr.myTunnel.isValid()" (node_2) is false
[20:47:53.973] [bmv2] [T] [thread 125580] [9.0] [cxt 0] basic_tunnel.p4(155) Condition "hdr.myTunnel.isValid()" (node_4) is false
[20:47:53.973] [bmv2] [D] [thread 125580] [9.0] [cxt 0] Pipeline 'ingress': end
[20:47:53.973] [bmv2] [D] [thread 125580] [9.0] [cxt 0] Egress port is 0
[20:47:53.973] [bmv2] [D] [thread 125581] [9.0] [cxt 0] Pipeline 'egress': start
[20:47:53.973] [bmv2] [D] [thread 125581] [9.0] [cxt 0] Pipeline 'egress': end
[20:47:53.973] [bmv2] [D] [thread 125581] [9.0] [cxt 0] Deparser 'deparser': start
[20:47:53.973] [bmv2] [T] [thread 125581] [9.0] [cxt 0] Skipping checksum 'cksum' update because condition not met
[20:47:53.973] [bmv2] [D] [thread 125581] [9.0] [cxt 0] Deparsing header 'ethernet'
[20:47:53.973] [bmv2] [D] [thread 125581] [9.0] [cxt 0] Deparser 'deparser': end
[20:47:53.973] [bmv2] [D] [thread 125585] [9.0] [cxt 0] Transmitting packet of size 208 out of port 0
[20:47:53.976] [bmv2] [D] [thread 125580] [10.0] [cxt 0] Processing packet received on port 1
[20:47:53.976] [bmv2] [D] [thread 125580] [10.0] [cxt 0] Parser 'parser': start
[20:47:53.976] [bmv2] [D] [thread 125580] [10.0] [cxt 0] Parser 'parser' entering state 'start'
[20:47:53.976] [bmv2] [D] [thread 125580] [10.0] [cxt 0] Extracting header 'ethernet'
[20:47:53.976] [bmv2] [D] [thread 125580] [10.0] [cxt 0] Parser state 'start': key is 86dd
[20:47:53.976] [bmv2] [T] [thread 125580] [10.0] [cxt 0] Bytes parsed: 14
[20:47:53.976] [bmv2] [D] [thread 125580] [10.0] [cxt 0] Parser 'parser': end
[20:47:53.976] [bmv2] [D] [thread 125580] [10.0] [cxt 0] Pipeline 'ingress': start
[20:47:53.976] [bmv2] [T] [thread 125580] [10.0] [cxt 0] basic_tunnel.p4(152) Condition "hdr.ipv4.isValid() && !hdr.myTunnel.isValid()" (node_2) is false
[20:47:53.976] [bmv2] [T] [thread 125580] [10.0] [cxt 0] basic_tunnel.p4(155) Condition "hdr.myTunnel.isValid()" (node_4) is false
[20:47:53.976] [bmv2] [D] [thread 125580] [10.0] [cxt 0] Pipeline 'ingress': end
[20:47:53.976] [bmv2] [D] [thread 125580] [10.0] [cxt 0] Egress port is 0
[20:47:53.976] [bmv2] [D] [thread 125581] [10.0] [cxt 0] Pipeline 'egress': start
[20:47:53.976] [bmv2] [D] [thread 125581] [10.0] [cxt 0] Pipeline 'egress': end
[20:47:53.976] [bmv2] [D] [thread 125581] [10.0] [cxt 0] Deparser 'deparser': start
[20:47:53.976] [bmv2] [T] [thread 125581] [10.0] [cxt 0] Skipping checksum 'cksum' update because condition not met
[20:47:53.976] [bmv2] [D] [thread 125581] [10.0] [cxt 0] Deparsing header 'ethernet'
[20:47:53.976] [bmv2] [D] [thread 125581] [10.0] [cxt 0] Deparser 'deparser': end
[20:47:53.977] [bmv2] [D] [thread 125585] [10.0] [cxt 0] Transmitting packet of size 196 out of port 0
[20:47:54.041] [bmv2] [D] [thread 125580] [11.0] [cxt 0] Processing packet received on port 2
[20:47:54.041] [bmv2] [D] [thread 125580] [11.0] [cxt 0] Parser 'parser': start
[20:47:54.041] [bmv2] [D] [thread 125580] [11.0] [cxt 0] Parser 'parser' entering state 'start'
[20:47:54.041] [bmv2] [D] [thread 125580] [11.0] [cxt 0] Extracting header 'ethernet'
[20:47:54.041] [bmv2] [D] [thread 125580] [11.0] [cxt 0] Parser state 'start': key is 86dd
[20:47:54.041] [bmv2] [T] [thread 125580] [11.0] [cxt 0] Bytes parsed: 14
[20:47:54.041] [bmv2] [D] [thread 125580] [11.0] [cxt 0] Parser 'parser': end
[20:47:54.041] [bmv2] [D] [thread 125580] [11.0] [cxt 0] Pipeline 'ingress': start
[20:47:54.041] [bmv2] [T] [thread 125580] [11.0] [cxt 0] basic_tunnel.p4(152) Condition "hdr.ipv4.isValid() && !hdr.myTunnel.isValid()" (node_2) is false
[20:47:54.041] [bmv2] [T] [thread 125580] [11.0] [cxt 0] basic_tunnel.p4(155) Condition "hdr.myTunnel.isValid()" (node_4) is false
[20:47:54.041] [bmv2] [D] [thread 125580] [11.0] [cxt 0] Pipeline 'ingress': end
[20:47:54.041] [bmv2] [D] [thread 125580] [11.0] [cxt 0] Egress port is 0
[20:47:54.041] [bmv2] [D] [thread 125581] [11.0] [cxt 0] Pipeline 'egress': start
[20:47:54.041] [bmv2] [D] [thread 125581] [11.0] [cxt 0] Pipeline 'egress': end
[20:47:54.041] [bmv2] [D] [thread 125581] [11.0] [cxt 0] Deparser 'deparser': start
[20:47:54.041] [bmv2] [T] [thread 125581] [11.0] [cxt 0] Skipping checksum 'cksum' update because condition not met
[20:47:54.041] [bmv2] [D] [thread 125581] [11.0] [cxt 0] Deparsing header 'ethernet'
[20:47:54.041] [bmv2] [D] [thread 125581] [11.0] [cxt 0] Deparser 'deparser': end
[20:47:54.041] [bmv2] [D] [thread 125585] [11.0] [cxt 0] Transmitting packet of size 208 out of port 0
[20:47:54.056] [bmv2] [D] [thread 125580] [12.0] [cxt 0] Processing packet received on port 3
[20:47:54.056] [bmv2] [D] [thread 125580] [12.0] [cxt 0] Parser 'parser': start
[20:47:54.056] [bmv2] [D] [thread 125580] [12.0] [cxt 0] Parser 'parser' entering state 'start'
[20:47:54.056] [bmv2] [D] [thread 125580] [12.0] [cxt 0] Extracting header 'ethernet'
[20:47:54.056] [bmv2] [D] [thread 125580] [12.0] [cxt 0] Parser state 'start': key is 86dd
[20:47:54.056] [bmv2] [T] [thread 125580] [12.0] [cxt 0] Bytes parsed: 14
[20:47:54.056] [bmv2] [D] [thread 125580] [12.0] [cxt 0] Parser 'parser': end
[20:47:54.056] [bmv2] [D] [thread 125580] [12.0] [cxt 0] Pipeline 'ingress': start
[20:47:54.056] [bmv2] [T] [thread 125580] [12.0] [cxt 0] basic_tunnel.p4(152) Condition "hdr.ipv4.isValid() && !hdr.myTunnel.isValid()" (node_2) is false
[20:47:54.056] [bmv2] [T] [thread 125580] [12.0] [cxt 0] basic_tunnel.p4(155) Condition "hdr.myTunnel.isValid()" (node_4) is false
[20:47:54.056] [bmv2] [D] [thread 125580] [12.0] [cxt 0] Pipeline 'ingress': end
[20:47:54.056] [bmv2] [D] [thread 125580] [12.0] [cxt 0] Egress port is 0
[20:47:54.059] [bmv2] [D] [thread 125581] [12.0] [cxt 0] Pipeline 'egress': start
[20:47:54.059] [bmv2] [D] [thread 125581] [12.0] [cxt 0] Pipeline 'egress': end
[20:47:54.059] [bmv2] [D] [thread 125581] [12.0] [cxt 0] Deparser 'deparser': start
[20:47:54.060] [bmv2] [T] [thread 125581] [12.0] [cxt 0] Skipping checksum 'cksum' update because condition not met
[20:47:54.060] [bmv2] [D] [thread 125581] [12.0] [cxt 0] Deparsing header 'ethernet'
[20:47:54.060] [bmv2] [D] [thread 125581] [12.0] [cxt 0] Deparser 'deparser': end
[20:47:54.060] [bmv2] [D] [thread 125585] [12.0] [cxt 0] Transmitting packet of size 90 out of port 0
[20:47:54.074] [bmv2] [D] [thread 125580] [13.0] [cxt 0] Processing packet received on port 3
[20:47:54.074] [bmv2] [D] [thread 125580] [13.0] [cxt 0] Parser 'parser': start
[20:47:54.074] [bmv2] [D] [thread 125580] [13.0] [cxt 0] Parser 'parser' entering state 'start'
[20:47:54.074] [bmv2] [D] [thread 125580] [13.0] [cxt 0] Extracting header 'ethernet'
[20:47:54.074] [bmv2] [D] [thread 125580] [13.0] [cxt 0] Parser state 'start': key is 86dd
[20:47:54.074] [bmv2] [T] [thread 125580] [13.0] [cxt 0] Bytes parsed: 14
[20:47:54.074] [bmv2] [D] [thread 125580] [13.0] [cxt 0] Parser 'parser': end
[20:47:54.074] [bmv2] [D] [thread 125580] [13.0] [cxt 0] Pipeline 'ingress': start
[20:47:54.074] [bmv2] [T] [thread 125580] [13.0] [cxt 0] basic_tunnel.p4(152) Condition "hdr.ipv4.isValid() && !hdr.myTunnel.isValid()" (node_2) is false
[20:47:54.074] [bmv2] [T] [thread 125580] [13.0] [cxt 0] basic_tunnel.p4(155) Condition "hdr.myTunnel.isValid()" (node_4) is false
[20:47:54.074] [bmv2] [D] [thread 125580] [13.0] [cxt 0] Pipeline 'ingress': end
[20:47:54.074] [bmv2] [D] [thread 125580] [13.0] [cxt 0] Egress port is 0
[20:47:54.074] [bmv2] [D] [thread 125580] [14.0] [cxt 0] Processing packet received on port 3
[20:47:54.074] [bmv2] [D] [thread 125580] [14.0] [cxt 0] Parser 'parser': start
[20:47:54.074] [bmv2] [D] [thread 125580] [14.0] [cxt 0] Parser 'parser' entering state 'start'
[20:47:54.074] [bmv2] [D] [thread 125580] [14.0] [cxt 0] Extracting header 'ethernet'
[20:47:54.074] [bmv2] [D] [thread 125580] [14.0] [cxt 0] Parser state 'start': key is 86dd
[20:47:54.074] [bmv2] [T] [thread 125580] [14.0] [cxt 0] Bytes parsed: 14
[20:47:54.074] [bmv2] [D] [thread 125580] [14.0] [cxt 0] Parser 'parser': end
[20:47:54.074] [bmv2] [D] [thread 125580] [14.0] [cxt 0] Pipeline 'ingress': start
[20:47:54.074] [bmv2] [T] [thread 125580] [14.0] [cxt 0] basic_tunnel.p4(152) Condition "hdr.ipv4.isValid() && !hdr.myTunnel.isValid()" (node_2) is false
[20:47:54.074] [bmv2] [T] [thread 125580] [14.0] [cxt 0] basic_tunnel.p4(155) Condition "hdr.myTunnel.isValid()" (node_4) is false
[20:47:54.074] [bmv2] [D] [thread 125580] [14.0] [cxt 0] Pipeline 'ingress': end
[20:47:54.074] [bmv2] [D] [thread 125580] [14.0] [cxt 0] Egress port is 0
[20:47:54.076] [bmv2] [D] [thread 125581] [13.0] [cxt 0] Pipeline 'egress': start
[20:47:54.076] [bmv2] [D] [thread 125581] [13.0] [cxt 0] Pipeline 'egress': end
[20:47:54.076] [bmv2] [D] [thread 125581] [13.0] [cxt 0] Deparser 'deparser': start
[20:47:54.076] [bmv2] [T] [thread 125581] [13.0] [cxt 0] Skipping checksum 'cksum' update because condition not met
[20:47:54.076] [bmv2] [D] [thread 125581] [13.0] [cxt 0] Deparsing header 'ethernet'
[20:47:54.076] [bmv2] [D] [thread 125581] [13.0] [cxt 0] Deparser 'deparser': end
[20:47:54.076] [bmv2] [D] [thread 125581] [14.0] [cxt 0] Pipeline 'egress': start
[20:47:54.076] [bmv2] [D] [thread 125581] [14.0] [cxt 0] Pipeline 'egress': end
[20:47:54.076] [bmv2] [D] [thread 125581] [14.0] [cxt 0] Deparser 'deparser': start
[20:47:54.076] [bmv2] [T] [thread 125581] [14.0] [cxt 0] Skipping checksum 'cksum' update because condition not met
[20:47:54.076] [bmv2] [D] [thread 125581] [14.0] [cxt 0] Deparsing header 'ethernet'
[20:47:54.076] [bmv2] [D] [thread 125581] [14.0] [cxt 0] Deparser 'deparser': end
[20:47:54.076] [bmv2] [D] [thread 125585] [13.0] [cxt 0] Transmitting packet of size 90 out of port 0
[20:47:54.076] [bmv2] [D] [thread 125585] [14.0] [cxt 0] Transmitting packet of size 70 out of port 0
[20:47:54.084] [bmv2] [D] [thread 125580] [15.0] [cxt 0] Processing packet received on port 3
[20:47:54.084] [bmv2] [D] [thread 125580] [15.0] [cxt 0] Parser 'parser': start
[20:47:54.084] [bmv2] [D] [thread 125580] [15.0] [cxt 0] Parser 'parser' entering state 'start'
[20:47:54.084] [bmv2] [D] [thread 125580] [15.0] [cxt 0] Extracting header 'ethernet'
[20:47:54.085] [bmv2] [D] [thread 125580] [15.0] [cxt 0] Parser state 'start': key is 86dd
[20:47:54.085] [bmv2] [T] [thread 125580] [15.0] [cxt 0] Bytes parsed: 14
[20:47:54.085] [bmv2] [D] [thread 125580] [15.0] [cxt 0] Parser 'parser': end
[20:47:54.085] [bmv2] [D] [thread 125580] [15.0] [cxt 0] Pipeline 'ingress': start
[20:47:54.085] [bmv2] [T] [thread 125580] [15.0] [cxt 0] basic_tunnel.p4(152) Condition "hdr.ipv4.isValid() && !hdr.myTunnel.isValid()" (node_2) is false
[20:47:54.085] [bmv2] [T] [thread 125580] [15.0] [cxt 0] basic_tunnel.p4(155) Condition "hdr.myTunnel.isValid()" (node_4) is false
[20:47:54.085] [bmv2] [D] [thread 125580] [15.0] [cxt 0] Pipeline 'ingress': end
[20:47:54.085] [bmv2] [D] [thread 125580] [15.0] [cxt 0] Egress port is 0
[20:47:54.086] [bmv2] [D] [thread 125581] [15.0] [cxt 0] Pipeline 'egress': start
[20:47:54.086] [bmv2] [D] [thread 125581] [15.0] [cxt 0] Pipeline 'egress': end
[20:47:54.086] [bmv2] [D] [thread 125581] [15.0] [cxt 0] Deparser 'deparser': start
[20:47:54.086] [bmv2] [T] [thread 125581] [15.0] [cxt 0] Skipping checksum 'cksum' update because condition not met
[20:47:54.086] [bmv2] [D] [thread 125581] [15.0] [cxt 0] Deparsing header 'ethernet'
[20:47:54.086] [bmv2] [D] [thread 125581] [15.0] [cxt 0] Deparser 'deparser': end
[20:47:54.086] [bmv2] [D] [thread 125585] [15.0] [cxt 0] Transmitting packet of size 90 out of port 0
[20:47:54.209] [bmv2] [D] [thread 125580] [16.0] [cxt 0] Processing packet received on port 3
[20:47:54.209] [bmv2] [D] [thread 125580] [16.0] [cxt 0] Parser 'parser': start
[20:47:54.209] [bmv2] [D] [thread 125580] [16.0] [cxt 0] Parser 'parser' entering state 'start'
[20:47:54.209] [bmv2] [D] [thread 125580] [16.0] [cxt 0] Extracting header 'ethernet'
[20:47:54.209] [bmv2] [D] [thread 125580] [16.0] [cxt 0] Parser state 'start': key is 86dd
[20:47:54.209] [bmv2] [T] [thread 125580] [16.0] [cxt 0] Bytes parsed: 14
[20:47:54.209] [bmv2] [D] [thread 125580] [16.0] [cxt 0] Parser 'parser': end
[20:47:54.209] [bmv2] [D] [thread 125580] [16.0] [cxt 0] Pipeline 'ingress': start
[20:47:54.209] [bmv2] [T] [thread 125580] [16.0] [cxt 0] basic_tunnel.p4(152) Condition "hdr.ipv4.isValid() && !hdr.myTunnel.isValid()" (node_2) is false
[20:47:54.209] [bmv2] [T] [thread 125580] [16.0] [cxt 0] basic_tunnel.p4(155) Condition "hdr.myTunnel.isValid()" (node_4) is false
[20:47:54.209] [bmv2] [D] [thread 125580] [16.0] [cxt 0] Pipeline 'ingress': end
[20:47:54.209] [bmv2] [D] [thread 125580] [16.0] [cxt 0] Egress port is 0
[20:47:54.209] [bmv2] [D] [thread 125581] [16.0] [cxt 0] Pipeline 'egress': start
[20:47:54.209] [bmv2] [D] [thread 125581] [16.0] [cxt 0] Pipeline 'egress': end
[20:47:54.209] [bmv2] [D] [thread 125581] [16.0] [cxt 0] Deparser 'deparser': start
[20:47:54.209] [bmv2] [T] [thread 125581] [16.0] [cxt 0] Skipping checksum 'cksum' update because condition not met
[20:47:54.209] [bmv2] [D] [thread 125581] [16.0] [cxt 0] Deparsing header 'ethernet'
[20:47:54.209] [bmv2] [D] [thread 125581] [16.0] [cxt 0] Deparser 'deparser': end
[20:47:54.210] [bmv2] [D] [thread 125585] [16.0] [cxt 0] Transmitting packet of size 208 out of port 0
[20:47:54.230] [bmv2] [D] [thread 125580] [17.0] [cxt 0] Processing packet received on port 2
[20:47:54.230] [bmv2] [D] [thread 125580] [17.0] [cxt 0] Parser 'parser': start
[20:47:54.230] [bmv2] [D] [thread 125580] [17.0] [cxt 0] Parser 'parser' entering state 'start'
[20:47:54.230] [bmv2] [D] [thread 125580] [17.0] [cxt 0] Extracting header 'ethernet'
[20:47:54.231] [bmv2] [D] [thread 125580] [17.0] [cxt 0] Parser state 'start': key is 86dd
[20:47:54.231] [bmv2] [T] [thread 125580] [17.0] [cxt 0] Bytes parsed: 14
[20:47:54.231] [bmv2] [D] [thread 125580] [17.0] [cxt 0] Parser 'parser': end
[20:47:54.231] [bmv2] [D] [thread 125580] [17.0] [cxt 0] Pipeline 'ingress': start
[20:47:54.231] [bmv2] [T] [thread 125580] [17.0] [cxt 0] basic_tunnel.p4(152) Condition "hdr.ipv4.isValid() && !hdr.myTunnel.isValid()" (node_2) is false
[20:47:54.231] [bmv2] [T] [thread 125580] [17.0] [cxt 0] basic_tunnel.p4(155) Condition "hdr.myTunnel.isValid()" (node_4) is false
[20:47:54.231] [bmv2] [D] [thread 125580] [17.0] [cxt 0] Pipeline 'ingress': end
[20:47:54.231] [bmv2] [D] [thread 125580] [17.0] [cxt 0] Egress port is 0
[20:47:54.231] [bmv2] [D] [thread 125581] [17.0] [cxt 0] Pipeline 'egress': start
[20:47:54.231] [bmv2] [D] [thread 125581] [17.0] [cxt 0] Pipeline 'egress': end
[20:47:54.231] [bmv2] [D] [thread 125581] [17.0] [cxt 0] Deparser 'deparser': start
[20:47:54.231] [bmv2] [T] [thread 125581] [17.0] [cxt 0] Skipping checksum 'cksum' update because condition not met
[20:47:54.231] [bmv2] [D] [thread 125581] [17.0] [cxt 0] Deparsing header 'ethernet'
[20:47:54.231] [bmv2] [D] [thread 125581] [17.0] [cxt 0] Deparser 'deparser': end
[20:47:54.232] [bmv2] [D] [thread 125585] [17.0] [cxt 0] Transmitting packet of size 208 out of port 0
[20:47:54.291] [bmv2] [D] [thread 125580] [18.0] [cxt 0] Processing packet received on port 2
[20:47:54.291] [bmv2] [D] [thread 125580] [18.0] [cxt 0] Parser 'parser': start
[20:47:54.291] [bmv2] [D] [thread 125580] [18.0] [cxt 0] Parser 'parser' entering state 'start'
[20:47:54.291] [bmv2] [D] [thread 125580] [18.0] [cxt 0] Extracting header 'ethernet'
[20:47:54.291] [bmv2] [D] [thread 125580] [18.0] [cxt 0] Parser state 'start': key is 86dd
[20:47:54.291] [bmv2] [T] [thread 125580] [18.0] [cxt 0] Bytes parsed: 14
[20:47:54.291] [bmv2] [D] [thread 125580] [18.0] [cxt 0] Parser 'parser': end
[20:47:54.291] [bmv2] [D] [thread 125580] [18.0] [cxt 0] Pipeline 'ingress': start
[20:47:54.291] [bmv2] [T] [thread 125580] [18.0] [cxt 0] basic_tunnel.p4(152) Condition "hdr.ipv4.isValid() && !hdr.myTunnel.isValid()" (node_2) is false
[20:47:54.291] [bmv2] [T] [thread 125580] [18.0] [cxt 0] basic_tunnel.p4(155) Condition "hdr.myTunnel.isValid()" (node_4) is false
[20:47:54.291] [bmv2] [D] [thread 125580] [18.0] [cxt 0] Pipeline 'ingress': end
[20:47:54.291] [bmv2] [D] [thread 125580] [18.0] [cxt 0] Egress port is 0
[20:47:54.291] [bmv2] [D] [thread 125581] [18.0] [cxt 0] Pipeline 'egress': start
[20:47:54.291] [bmv2] [D] [thread 125581] [18.0] [cxt 0] Pipeline 'egress': end
[20:47:54.291] [bmv2] [D] [thread 125581] [18.0] [cxt 0] Deparser 'deparser': start
[20:47:54.291] [bmv2] [T] [thread 125581] [18.0] [cxt 0] Skipping checksum 'cksum' update because condition not met
[20:47:54.291] [bmv2] [D] [thread 125581] [18.0] [cxt 0] Deparsing header 'ethernet'
[20:47:54.291] [bmv2] [D] [thread 125581] [18.0] [cxt 0] Deparser 'deparser': end
[20:47:54.291] [bmv2] [D] [thread 125585] [18.0] [cxt 0] Transmitting packet of size 208 out of port 0
[20:47:54.323] [bmv2] [D] [thread 125580] [19.0] [cxt 0] Processing packet received on port 3
[20:47:54.323] [bmv2] [D] [thread 125580] [19.0] [cxt 0] Parser 'parser': start
[20:47:54.323] [bmv2] [D] [thread 125580] [19.0] [cxt 0] Parser 'parser' entering state 'start'
[20:47:54.323] [bmv2] [D] [thread 125580] [19.0] [cxt 0] Extracting header 'ethernet'
[20:47:54.323] [bmv2] [D] [thread 125580] [19.0] [cxt 0] Parser state 'start': key is 86dd
[20:47:54.323] [bmv2] [T] [thread 125580] [19.0] [cxt 0] Bytes parsed: 14
[20:47:54.323] [bmv2] [D] [thread 125580] [19.0] [cxt 0] Parser 'parser': end
[20:47:54.323] [bmv2] [D] [thread 125580] [19.0] [cxt 0] Pipeline 'ingress': start
[20:47:54.323] [bmv2] [T] [thread 125580] [19.0] [cxt 0] basic_tunnel.p4(152) Condition "hdr.ipv4.isValid() && !hdr.myTunnel.isValid()" (node_2) is false
[20:47:54.323] [bmv2] [T] [thread 125580] [19.0] [cxt 0] basic_tunnel.p4(155) Condition "hdr.myTunnel.isValid()" (node_4) is false
[20:47:54.323] [bmv2] [D] [thread 125580] [19.0] [cxt 0] Pipeline 'ingress': end
[20:47:54.323] [bmv2] [D] [thread 125580] [19.0] [cxt 0] Egress port is 0
[20:47:54.323] [bmv2] [D] [thread 125581] [19.0] [cxt 0] Pipeline 'egress': start
[20:47:54.323] [bmv2] [D] [thread 125581] [19.0] [cxt 0] Pipeline 'egress': end
[20:47:54.323] [bmv2] [D] [thread 125581] [19.0] [cxt 0] Deparser 'deparser': start
[20:47:54.323] [bmv2] [T] [thread 125581] [19.0] [cxt 0] Skipping checksum 'cksum' update because condition not met
[20:47:54.323] [bmv2] [D] [thread 125581] [19.0] [cxt 0] Deparsing header 'ethernet'
[20:47:54.323] [bmv2] [D] [thread 125581] [19.0] [cxt 0] Deparser 'deparser': end
[20:47:54.323] [bmv2] [D] [thread 125585] [19.0] [cxt 0] Transmitting packet of size 208 out of port 0
[20:47:54.365] [bmv2] [D] [thread 125580] [20.0] [cxt 0] Processing packet received on port 2
[20:47:54.365] [bmv2] [D] [thread 125580] [20.0] [cxt 0] Parser 'parser': start
[20:47:54.365] [bmv2] [D] [thread 125580] [20.0] [cxt 0] Parser 'parser' entering state 'start'
[20:47:54.365] [bmv2] [D] [thread 125580] [20.0] [cxt 0] Extracting header 'ethernet'
[20:47:54.365] [bmv2] [D] [thread 125580] [20.0] [cxt 0] Parser state 'start': key is 86dd
[20:47:54.365] [bmv2] [T] [thread 125580] [20.0] [cxt 0] Bytes parsed: 14
[20:47:54.365] [bmv2] [D] [thread 125580] [20.0] [cxt 0] Parser 'parser': end
[20:47:54.365] [bmv2] [D] [thread 125580] [20.0] [cxt 0] Pipeline 'ingress': start
[20:47:54.365] [bmv2] [T] [thread 125580] [20.0] [cxt 0] basic_tunnel.p4(152) Condition "hdr.ipv4.isValid() && !hdr.myTunnel.isValid()" (node_2) is false
[20:47:54.365] [bmv2] [T] [thread 125580] [20.0] [cxt 0] basic_tunnel.p4(155) Condition "hdr.myTunnel.isValid()" (node_4) is false
[20:47:54.365] [bmv2] [D] [thread 125580] [20.0] [cxt 0] Pipeline 'ingress': end
[20:47:54.365] [bmv2] [D] [thread 125580] [20.0] [cxt 0] Egress port is 0
[20:47:54.365] [bmv2] [D] [thread 125580] [21.0] [cxt 0] Processing packet received on port 3
[20:47:54.365] [bmv2] [D] [thread 125580] [21.0] [cxt 0] Parser 'parser': start
[20:47:54.365] [bmv2] [D] [thread 125580] [21.0] [cxt 0] Parser 'parser' entering state 'start'
[20:47:54.365] [bmv2] [D] [thread 125580] [21.0] [cxt 0] Extracting header 'ethernet'
[20:47:54.365] [bmv2] [D] [thread 125580] [21.0] [cxt 0] Parser state 'start': key is 86dd
[20:47:54.365] [bmv2] [T] [thread 125580] [21.0] [cxt 0] Bytes parsed: 14
[20:47:54.365] [bmv2] [D] [thread 125580] [21.0] [cxt 0] Parser 'parser': end
[20:47:54.365] [bmv2] [D] [thread 125580] [21.0] [cxt 0] Pipeline 'ingress': start
[20:47:54.365] [bmv2] [T] [thread 125580] [21.0] [cxt 0] basic_tunnel.p4(152) Condition "hdr.ipv4.isValid() && !hdr.myTunnel.isValid()" (node_2) is false
[20:47:54.365] [bmv2] [T] [thread 125580] [21.0] [cxt 0] basic_tunnel.p4(155) Condition "hdr.myTunnel.isValid()" (node_4) is false
[20:47:54.365] [bmv2] [D] [thread 125580] [21.0] [cxt 0] Pipeline 'ingress': end
[20:47:54.365] [bmv2] [D] [thread 125580] [21.0] [cxt 0] Egress port is 0
[20:47:54.365] [bmv2] [D] [thread 125581] [20.0] [cxt 0] Pipeline 'egress': start
[20:47:54.366] [bmv2] [D] [thread 125581] [20.0] [cxt 0] Pipeline 'egress': end
[20:47:54.366] [bmv2] [D] [thread 125581] [20.0] [cxt 0] Deparser 'deparser': start
[20:47:54.366] [bmv2] [T] [thread 125581] [20.0] [cxt 0] Skipping checksum 'cksum' update because condition not met
[20:47:54.366] [bmv2] [D] [thread 125581] [20.0] [cxt 0] Deparsing header 'ethernet'
[20:47:54.366] [bmv2] [D] [thread 125581] [20.0] [cxt 0] Deparser 'deparser': end
[20:47:54.366] [bmv2] [D] [thread 125581] [21.0] [cxt 0] Pipeline 'egress': start
[20:47:54.366] [bmv2] [D] [thread 125581] [21.0] [cxt 0] Pipeline 'egress': end
[20:47:54.366] [bmv2] [D] [thread 125581] [21.0] [cxt 0] Deparser 'deparser': start
[20:47:54.366] [bmv2] [T] [thread 125581] [21.0] [cxt 0] Skipping checksum 'cksum' update because condition not met
[20:47:54.366] [bmv2] [D] [thread 125581] [21.0] [cxt 0] Deparsing header 'ethernet'
[20:47:54.366] [bmv2] [D] [thread 125581] [21.0] [cxt 0] Deparser 'deparser': end
[20:47:54.366] [bmv2] [D] [thread 125585] [20.0] [cxt 0] Transmitting packet of size 110 out of port 0
[20:47:54.366] [bmv2] [D] [thread 125585] [21.0] [cxt 0] Transmitting packet of size 110 out of port 0
[20:47:54.453] [bmv2] [D] [thread 125580] [22.0] [cxt 0] Processing packet received on port 3
[20:47:54.453] [bmv2] [D] [thread 125580] [22.0] [cxt 0] Parser 'parser': start
[20:47:54.453] [bmv2] [D] [thread 125580] [22.0] [cxt 0] Parser 'parser' entering state 'start'
[20:47:54.453] [bmv2] [D] [thread 125580] [22.0] [cxt 0] Extracting header 'ethernet'
[20:47:54.453] [bmv2] [D] [thread 125580] [22.0] [cxt 0] Parser state 'start': key is 86dd
[20:47:54.453] [bmv2] [T] [thread 125580] [22.0] [cxt 0] Bytes parsed: 14
[20:47:54.453] [bmv2] [D] [thread 125580] [22.0] [cxt 0] Parser 'parser': end
[20:47:54.453] [bmv2] [D] [thread 125580] [22.0] [cxt 0] Pipeline 'ingress': start
[20:47:54.453] [bmv2] [T] [thread 125580] [22.0] [cxt 0] basic_tunnel.p4(152) Condition "hdr.ipv4.isValid() && !hdr.myTunnel.isValid()" (node_2) is false
[20:47:54.453] [bmv2] [T] [thread 125580] [22.0] [cxt 0] basic_tunnel.p4(155) Condition "hdr.myTunnel.isValid()" (node_4) is false
[20:47:54.453] [bmv2] [D] [thread 125580] [22.0] [cxt 0] Pipeline 'ingress': end
[20:47:54.453] [bmv2] [D] [thread 125580] [22.0] [cxt 0] Egress port is 0
[20:47:54.453] [bmv2] [D] [thread 125581] [22.0] [cxt 0] Pipeline 'egress': start
[20:47:54.453] [bmv2] [D] [thread 125581] [22.0] [cxt 0] Pipeline 'egress': end
[20:47:54.453] [bmv2] [D] [thread 125581] [22.0] [cxt 0] Deparser 'deparser': start
[20:47:54.453] [bmv2] [T] [thread 125581] [22.0] [cxt 0] Skipping checksum 'cksum' update because condition not met
[20:47:54.453] [bmv2] [D] [thread 125581] [22.0] [cxt 0] Deparsing header 'ethernet'
[20:47:54.453] [bmv2] [D] [thread 125581] [22.0] [cxt 0] Deparser 'deparser': end
[20:47:54.454] [bmv2] [D] [thread 125585] [22.0] [cxt 0] Transmitting packet of size 208 out of port 0
[20:47:54.478] [bmv2] [D] [thread 125580] [23.0] [cxt 0] Processing packet received on port 2
[20:47:54.478] [bmv2] [D] [thread 125580] [23.0] [cxt 0] Parser 'parser': start
[20:47:54.478] [bmv2] [D] [thread 125580] [23.0] [cxt 0] Parser 'parser' entering state 'start'
[20:47:54.478] [bmv2] [D] [thread 125580] [23.0] [cxt 0] Extracting header 'ethernet'
[20:47:54.478] [bmv2] [D] [thread 125580] [23.0] [cxt 0] Parser state 'start': key is 86dd
[20:47:54.478] [bmv2] [T] [thread 125580] [23.0] [cxt 0] Bytes parsed: 14
[20:47:54.478] [bmv2] [D] [thread 125580] [23.0] [cxt 0] Parser 'parser': end
[20:47:54.478] [bmv2] [D] [thread 125580] [23.0] [cxt 0] Pipeline 'ingress': start
[20:47:54.478] [bmv2] [T] [thread 125580] [23.0] [cxt 0] basic_tunnel.p4(152) Condition "hdr.ipv4.isValid() && !hdr.myTunnel.isValid()" (node_2) is false
[20:47:54.478] [bmv2] [T] [thread 125580] [23.0] [cxt 0] basic_tunnel.p4(155) Condition "hdr.myTunnel.isValid()" (node_4) is false
[20:47:54.478] [bmv2] [D] [thread 125580] [23.0] [cxt 0] Pipeline 'ingress': end
[20:47:54.478] [bmv2] [D] [thread 125580] [23.0] [cxt 0] Egress port is 0
[20:47:54.479] [bmv2] [D] [thread 125581] [23.0] [cxt 0] Pipeline 'egress': start
[20:47:54.479] [bmv2] [D] [thread 125581] [23.0] [cxt 0] Pipeline 'egress': end
[20:47:54.479] [bmv2] [D] [thread 125581] [23.0] [cxt 0] Deparser 'deparser': start
[20:47:54.479] [bmv2] [T] [thread 125581] [23.0] [cxt 0] Skipping checksum 'cksum' update because condition not met
[20:47:54.479] [bmv2] [D] [thread 125581] [23.0] [cxt 0] Deparsing header 'ethernet'
[20:47:54.479] [bmv2] [D] [thread 125581] [23.0] [cxt 0] Deparser 'deparser': end
[20:47:54.479] [bmv2] [D] [thread 125585] [23.0] [cxt 0] Transmitting packet of size 208 out of port 0
[20:47:54.541] [bmv2] [D] [thread 125580] [24.0] [cxt 0] Processing packet received on port 2
[20:47:54.541] [bmv2] [D] [thread 125580] [24.0] [cxt 0] Parser 'parser': start
[20:47:54.541] [bmv2] [D] [thread 125580] [24.0] [cxt 0] Parser 'parser' entering state 'start'
[20:47:54.541] [bmv2] [D] [thread 125580] [24.0] [cxt 0] Extracting header 'ethernet'
[20:47:54.541] [bmv2] [D] [thread 125580] [24.0] [cxt 0] Parser state 'start': key is 86dd
[20:47:54.541] [bmv2] [T] [thread 125580] [24.0] [cxt 0] Bytes parsed: 14
[20:47:54.541] [bmv2] [D] [thread 125580] [24.0] [cxt 0] Parser 'parser': end
[20:47:54.541] [bmv2] [D] [thread 125580] [24.0] [cxt 0] Pipeline 'ingress': start
[20:47:54.541] [bmv2] [T] [thread 125580] [24.0] [cxt 0] basic_tunnel.p4(152) Condition "hdr.ipv4.isValid() && !hdr.myTunnel.isValid()" (node_2) is false
[20:47:54.542] [bmv2] [T] [thread 125580] [24.0] [cxt 0] basic_tunnel.p4(155) Condition "hdr.myTunnel.isValid()" (node_4) is false
[20:47:54.542] [bmv2] [D] [thread 125580] [24.0] [cxt 0] Pipeline 'ingress': end
[20:47:54.542] [bmv2] [D] [thread 125580] [24.0] [cxt 0] Egress port is 0
[20:47:54.542] [bmv2] [D] [thread 125581] [24.0] [cxt 0] Pipeline 'egress': start
[20:47:54.542] [bmv2] [D] [thread 125581] [24.0] [cxt 0] Pipeline 'egress': end
[20:47:54.542] [bmv2] [D] [thread 125581] [24.0] [cxt 0] Deparser 'deparser': start
[20:47:54.542] [bmv2] [T] [thread 125581] [24.0] [cxt 0] Skipping checksum 'cksum' update because condition not met
[20:47:54.542] [bmv2] [D] [thread 125581] [24.0] [cxt 0] Deparsing header 'ethernet'
[20:47:54.542] [bmv2] [D] [thread 125581] [24.0] [cxt 0] Deparser 'deparser': end
[20:47:54.542] [bmv2] [D] [thread 125585] [24.0] [cxt 0] Transmitting packet of size 208 out of port 0
[20:47:54.585] [bmv2] [D] [thread 125580] [25.0] [cxt 0] Processing packet received on port 3
[20:47:54.585] [bmv2] [D] [thread 125580] [25.0] [cxt 0] Parser 'parser': start
[20:47:54.585] [bmv2] [D] [thread 125580] [25.0] [cxt 0] Parser 'parser' entering state 'start'
[20:47:54.585] [bmv2] [D] [thread 125580] [25.0] [cxt 0] Extracting header 'ethernet'
[20:47:54.585] [bmv2] [D] [thread 125580] [25.0] [cxt 0] Parser state 'start': key is 86dd
[20:47:54.585] [bmv2] [T] [thread 125580] [25.0] [cxt 0] Bytes parsed: 14
[20:47:54.585] [bmv2] [D] [thread 125580] [25.0] [cxt 0] Parser 'parser': end
[20:47:54.585] [bmv2] [D] [thread 125580] [25.0] [cxt 0] Pipeline 'ingress': start
[20:47:54.585] [bmv2] [T] [thread 125580] [25.0] [cxt 0] basic_tunnel.p4(152) Condition "hdr.ipv4.isValid() && !hdr.myTunnel.isValid()" (node_2) is false
[20:47:54.585] [bmv2] [T] [thread 125580] [25.0] [cxt 0] basic_tunnel.p4(155) Condition "hdr.myTunnel.isValid()" (node_4) is false
[20:47:54.585] [bmv2] [D] [thread 125580] [25.0] [cxt 0] Pipeline 'ingress': end
[20:47:54.585] [bmv2] [D] [thread 125580] [25.0] [cxt 0] Egress port is 0
[20:47:54.585] [bmv2] [D] [thread 125581] [25.0] [cxt 0] Pipeline 'egress': start
[20:47:54.585] [bmv2] [D] [thread 125581] [25.0] [cxt 0] Pipeline 'egress': end
[20:47:54.585] [bmv2] [D] [thread 125581] [25.0] [cxt 0] Deparser 'deparser': start
[20:47:54.585] [bmv2] [T] [thread 125581] [25.0] [cxt 0] Skipping checksum 'cksum' update because condition not met
[20:47:54.585] [bmv2] [D] [thread 125581] [25.0] [cxt 0] Deparsing header 'ethernet'
[20:47:54.585] [bmv2] [D] [thread 125581] [25.0] [cxt 0] Deparser 'deparser': end
[20:47:54.585] [bmv2] [D] [thread 125585] [25.0] [cxt 0] Transmitting packet of size 208 out of port 0
[20:47:54.679] [bmv2] [D] [thread 125580] [26.0] [cxt 0] Processing packet received on port 2
[20:47:54.679] [bmv2] [D] [thread 125580] [26.0] [cxt 0] Parser 'parser': start
[20:47:54.679] [bmv2] [D] [thread 125580] [26.0] [cxt 0] Parser 'parser' entering state 'start'
[20:47:54.679] [bmv2] [D] [thread 125580] [26.0] [cxt 0] Extracting header 'ethernet'
[20:47:54.679] [bmv2] [D] [thread 125580] [26.0] [cxt 0] Parser state 'start': key is 86dd
[20:47:54.679] [bmv2] [T] [thread 125580] [26.0] [cxt 0] Bytes parsed: 14
[20:47:54.679] [bmv2] [D] [thread 125580] [26.0] [cxt 0] Parser 'parser': end
[20:47:54.679] [bmv2] [D] [thread 125580] [26.0] [cxt 0] Pipeline 'ingress': start
[20:47:54.679] [bmv2] [T] [thread 125580] [26.0] [cxt 0] basic_tunnel.p4(152) Condition "hdr.ipv4.isValid() && !hdr.myTunnel.isValid()" (node_2) is false
[20:47:54.679] [bmv2] [T] [thread 125580] [26.0] [cxt 0] basic_tunnel.p4(155) Condition "hdr.myTunnel.isValid()" (node_4) is false
[20:47:54.679] [bmv2] [D] [thread 125580] [26.0] [cxt 0] Pipeline 'ingress': end
[20:47:54.679] [bmv2] [D] [thread 125580] [26.0] [cxt 0] Egress port is 0
[20:47:54.680] [bmv2] [D] [thread 125581] [26.0] [cxt 0] Pipeline 'egress': start
[20:47:54.680] [bmv2] [D] [thread 125581] [26.0] [cxt 0] Pipeline 'egress': end
[20:47:54.680] [bmv2] [D] [thread 125581] [26.0] [cxt 0] Deparser 'deparser': start
[20:47:54.680] [bmv2] [T] [thread 125581] [26.0] [cxt 0] Skipping checksum 'cksum' update because condition not met
[20:47:54.680] [bmv2] [D] [thread 125581] [26.0] [cxt 0] Deparsing header 'ethernet'
[20:47:54.680] [bmv2] [D] [thread 125581] [26.0] [cxt 0] Deparser 'deparser': end
[20:47:54.680] [bmv2] [D] [thread 125585] [26.0] [cxt 0] Transmitting packet of size 196 out of port 0
[20:47:54.703] [bmv2] [D] [thread 125580] [27.0] [cxt 0] Processing packet received on port 3
[20:47:54.703] [bmv2] [D] [thread 125580] [27.0] [cxt 0] Parser 'parser': start
[20:47:54.703] [bmv2] [D] [thread 125580] [27.0] [cxt 0] Parser 'parser' entering state 'start'
[20:47:54.703] [bmv2] [D] [thread 125580] [27.0] [cxt 0] Extracting header 'ethernet'
[20:47:54.703] [bmv2] [D] [thread 125580] [27.0] [cxt 0] Parser state 'start': key is 86dd
[20:47:54.703] [bmv2] [T] [thread 125580] [27.0] [cxt 0] Bytes parsed: 14
[20:47:54.703] [bmv2] [D] [thread 125580] [27.0] [cxt 0] Parser 'parser': end
[20:47:54.703] [bmv2] [D] [thread 125580] [27.0] [cxt 0] Pipeline 'ingress': start
[20:47:54.703] [bmv2] [T] [thread 125580] [27.0] [cxt 0] basic_tunnel.p4(152) Condition "hdr.ipv4.isValid() && !hdr.myTunnel.isValid()" (node_2) is false
[20:47:54.703] [bmv2] [T] [thread 125580] [27.0] [cxt 0] basic_tunnel.p4(155) Condition "hdr.myTunnel.isValid()" (node_4) is false
[20:47:54.703] [bmv2] [D] [thread 125580] [27.0] [cxt 0] Pipeline 'ingress': end
[20:47:54.703] [bmv2] [D] [thread 125580] [27.0] [cxt 0] Egress port is 0
[20:47:54.703] [bmv2] [D] [thread 125581] [27.0] [cxt 0] Pipeline 'egress': start
[20:47:54.703] [bmv2] [D] [thread 125581] [27.0] [cxt 0] Pipeline 'egress': end
[20:47:54.703] [bmv2] [D] [thread 125581] [27.0] [cxt 0] Deparser 'deparser': start
[20:47:54.703] [bmv2] [T] [thread 125581] [27.0] [cxt 0] Skipping checksum 'cksum' update because condition not met
[20:47:54.703] [bmv2] [D] [thread 125581] [27.0] [cxt 0] Deparsing header 'ethernet'
[20:47:54.703] [bmv2] [D] [thread 125581] [27.0] [cxt 0] Deparser 'deparser': end
[20:47:54.703] [bmv2] [D] [thread 125585] [27.0] [cxt 0] Transmitting packet of size 208 out of port 0
[20:47:54.741] [bmv2] [D] [thread 125580] [28.0] [cxt 0] Processing packet received on port 2
[20:47:54.741] [bmv2] [D] [thread 125580] [28.0] [cxt 0] Parser 'parser': start
[20:47:54.741] [bmv2] [D] [thread 125580] [28.0] [cxt 0] Parser 'parser' entering state 'start'
[20:47:54.741] [bmv2] [D] [thread 125580] [28.0] [cxt 0] Extracting header 'ethernet'
[20:47:54.741] [bmv2] [D] [thread 125580] [28.0] [cxt 0] Parser state 'start': key is 86dd
[20:47:54.741] [bmv2] [T] [thread 125580] [28.0] [cxt 0] Bytes parsed: 14
[20:47:54.741] [bmv2] [D] [thread 125580] [28.0] [cxt 0] Parser 'parser': end
[20:47:54.741] [bmv2] [D] [thread 125580] [28.0] [cxt 0] Pipeline 'ingress': start
[20:47:54.741] [bmv2] [T] [thread 125580] [28.0] [cxt 0] basic_tunnel.p4(152) Condition "hdr.ipv4.isValid() && !hdr.myTunnel.isValid()" (node_2) is false
[20:47:54.741] [bmv2] [T] [thread 125580] [28.0] [cxt 0] basic_tunnel.p4(155) Condition "hdr.myTunnel.isValid()" (node_4) is false
[20:47:54.741] [bmv2] [D] [thread 125580] [28.0] [cxt 0] Pipeline 'ingress': end
[20:47:54.741] [bmv2] [D] [thread 125580] [28.0] [cxt 0] Egress port is 0
[20:47:54.741] [bmv2] [D] [thread 125581] [28.0] [cxt 0] Pipeline 'egress': start
[20:47:54.741] [bmv2] [D] [thread 125581] [28.0] [cxt 0] Pipeline 'egress': end
[20:47:54.741] [bmv2] [D] [thread 125581] [28.0] [cxt 0] Deparser 'deparser': start
[20:47:54.741] [bmv2] [T] [thread 125581] [28.0] [cxt 0] Skipping checksum 'cksum' update because condition not met
[20:47:54.741] [bmv2] [D] [thread 125581] [28.0] [cxt 0] Deparsing header 'ethernet'
[20:47:54.741] [bmv2] [D] [thread 125581] [28.0] [cxt 0] Deparser 'deparser': end
[20:47:54.741] [bmv2] [D] [thread 125585] [28.0] [cxt 0] Transmitting packet of size 196 out of port 0
[20:47:54.774] [bmv2] [D] [thread 125580] [29.0] [cxt 0] Processing packet received on port 2
[20:47:54.774] [bmv2] [D] [thread 125580] [29.0] [cxt 0] Parser 'parser': start
[20:47:54.774] [bmv2] [D] [thread 125580] [29.0] [cxt 0] Parser 'parser' entering state 'start'
[20:47:54.774] [bmv2] [D] [thread 125580] [29.0] [cxt 0] Extracting header 'ethernet'
[20:47:54.774] [bmv2] [D] [thread 125580] [29.0] [cxt 0] Parser state 'start': key is 86dd
[20:47:54.774] [bmv2] [T] [thread 125580] [29.0] [cxt 0] Bytes parsed: 14
[20:47:54.774] [bmv2] [D] [thread 125580] [29.0] [cxt 0] Parser 'parser': end
[20:47:54.774] [bmv2] [D] [thread 125580] [29.0] [cxt 0] Pipeline 'ingress': start
[20:47:54.774] [bmv2] [T] [thread 125580] [29.0] [cxt 0] basic_tunnel.p4(152) Condition "hdr.ipv4.isValid() && !hdr.myTunnel.isValid()" (node_2) is false
[20:47:54.775] [bmv2] [T] [thread 125580] [29.0] [cxt 0] basic_tunnel.p4(155) Condition "hdr.myTunnel.isValid()" (node_4) is false
[20:47:54.775] [bmv2] [D] [thread 125580] [29.0] [cxt 0] Pipeline 'ingress': end
[20:47:54.775] [bmv2] [D] [thread 125580] [29.0] [cxt 0] Egress port is 0
[20:47:54.775] [bmv2] [D] [thread 125581] [29.0] [cxt 0] Pipeline 'egress': start
[20:47:54.775] [bmv2] [D] [thread 125581] [29.0] [cxt 0] Pipeline 'egress': end
[20:47:54.775] [bmv2] [D] [thread 125581] [29.0] [cxt 0] Deparser 'deparser': start
[20:47:54.775] [bmv2] [T] [thread 125581] [29.0] [cxt 0] Skipping checksum 'cksum' update because condition not met
[20:47:54.775] [bmv2] [D] [thread 125581] [29.0] [cxt 0] Deparsing header 'ethernet'
[20:47:54.775] [bmv2] [D] [thread 125581] [29.0] [cxt 0] Deparser 'deparser': end
[20:47:54.775] [bmv2] [D] [thread 125585] [29.0] [cxt 0] Transmitting packet of size 110 out of port 0
[20:47:54.805] [bmv2] [D] [thread 125580] [30.0] [cxt 0] Processing packet received on port 3
[20:47:54.805] [bmv2] [D] [thread 125580] [30.0] [cxt 0] Parser 'parser': start
[20:47:54.805] [bmv2] [D] [thread 125580] [30.0] [cxt 0] Parser 'parser' entering state 'start'
[20:47:54.805] [bmv2] [D] [thread 125580] [30.0] [cxt 0] Extracting header 'ethernet'
[20:47:54.805] [bmv2] [D] [thread 125580] [30.0] [cxt 0] Parser state 'start': key is 86dd
[20:47:54.805] [bmv2] [T] [thread 125580] [30.0] [cxt 0] Bytes parsed: 14
[20:47:54.805] [bmv2] [D] [thread 125580] [30.0] [cxt 0] Parser 'parser': end
[20:47:54.805] [bmv2] [D] [thread 125580] [30.0] [cxt 0] Pipeline 'ingress': start
[20:47:54.805] [bmv2] [T] [thread 125580] [30.0] [cxt 0] basic_tunnel.p4(152) Condition "hdr.ipv4.isValid() && !hdr.myTunnel.isValid()" (node_2) is false
[20:47:54.805] [bmv2] [T] [thread 125580] [30.0] [cxt 0] basic_tunnel.p4(155) Condition "hdr.myTunnel.isValid()" (node_4) is false
[20:47:54.805] [bmv2] [D] [thread 125580] [30.0] [cxt 0] Pipeline 'ingress': end
[20:47:54.805] [bmv2] [D] [thread 125580] [30.0] [cxt 0] Egress port is 0
[20:47:54.805] [bmv2] [D] [thread 125581] [30.0] [cxt 0] Pipeline 'egress': start
[20:47:54.805] [bmv2] [D] [thread 125581] [30.0] [cxt 0] Pipeline 'egress': end
[20:47:54.805] [bmv2] [D] [thread 125581] [30.0] [cxt 0] Deparser 'deparser': start
[20:47:54.805] [bmv2] [T] [thread 125581] [30.0] [cxt 0] Skipping checksum 'cksum' update because condition not met
[20:47:54.805] [bmv2] [D] [thread 125581] [30.0] [cxt 0] Deparsing header 'ethernet'
[20:47:54.805] [bmv2] [D] [thread 125581] [30.0] [cxt 0] Deparser 'deparser': end
[20:47:54.805] [bmv2] [D] [thread 125585] [30.0] [cxt 0] Transmitting packet of size 110 out of port 0
[20:47:54.832] [bmv2] [D] [thread 125580] [31.0] [cxt 0] Processing packet received on port 3
[20:47:54.832] [bmv2] [D] [thread 125580] [31.0] [cxt 0] Parser 'parser': start
[20:47:54.833] [bmv2] [D] [thread 125580] [31.0] [cxt 0] Parser 'parser' entering state 'start'
[20:47:54.833] [bmv2] [D] [thread 125580] [31.0] [cxt 0] Extracting header 'ethernet'
[20:47:54.833] [bmv2] [D] [thread 125580] [31.0] [cxt 0] Parser state 'start': key is 86dd
[20:47:54.833] [bmv2] [T] [thread 125580] [31.0] [cxt 0] Bytes parsed: 14
[20:47:54.833] [bmv2] [D] [thread 125580] [31.0] [cxt 0] Parser 'parser': end
[20:47:54.833] [bmv2] [D] [thread 125580] [31.0] [cxt 0] Pipeline 'ingress': start
[20:47:54.833] [bmv2] [T] [thread 125580] [31.0] [cxt 0] basic_tunnel.p4(152) Condition "hdr.ipv4.isValid() && !hdr.myTunnel.isValid()" (node_2) is false
[20:47:54.833] [bmv2] [T] [thread 125580] [31.0] [cxt 0] basic_tunnel.p4(155) Condition "hdr.myTunnel.isValid()" (node_4) is false
[20:47:54.833] [bmv2] [D] [thread 125580] [31.0] [cxt 0] Pipeline 'ingress': end
[20:47:54.833] [bmv2] [D] [thread 125580] [31.0] [cxt 0] Egress port is 0
[20:47:54.833] [bmv2] [D] [thread 125581] [31.0] [cxt 0] Pipeline 'egress': start
[20:47:54.833] [bmv2] [D] [thread 125581] [31.0] [cxt 0] Pipeline 'egress': end
[20:47:54.833] [bmv2] [D] [thread 125581] [31.0] [cxt 0] Deparser 'deparser': start
[20:47:54.833] [bmv2] [T] [thread 125581] [31.0] [cxt 0] Skipping checksum 'cksum' update because condition not met
[20:47:54.833] [bmv2] [D] [thread 125581] [31.0] [cxt 0] Deparsing header 'ethernet'
[20:47:54.833] [bmv2] [D] [thread 125581] [31.0] [cxt 0] Deparser 'deparser': end
[20:47:54.833] [bmv2] [D] [thread 125585] [31.0] [cxt 0] Transmitting packet of size 208 out of port 0
[20:47:54.930] [bmv2] [D] [thread 125580] [32.0] [cxt 0] Processing packet received on port 3
[20:47:54.930] [bmv2] [D] [thread 125580] [32.0] [cxt 0] Parser 'parser': start
[20:47:54.930] [bmv2] [D] [thread 125580] [32.0] [cxt 0] Parser 'parser' entering state 'start'
[20:47:54.930] [bmv2] [D] [thread 125580] [32.0] [cxt 0] Extracting header 'ethernet'
[20:47:54.930] [bmv2] [D] [thread 125580] [32.0] [cxt 0] Parser state 'start': key is 86dd
[20:47:54.930] [bmv2] [T] [thread 125580] [32.0] [cxt 0] Bytes parsed: 14
[20:47:54.930] [bmv2] [D] [thread 125580] [32.0] [cxt 0] Parser 'parser': end
[20:47:54.930] [bmv2] [D] [thread 125580] [32.0] [cxt 0] Pipeline 'ingress': start
[20:47:54.930] [bmv2] [T] [thread 125580] [32.0] [cxt 0] basic_tunnel.p4(152) Condition "hdr.ipv4.isValid() && !hdr.myTunnel.isValid()" (node_2) is false
[20:47:54.930] [bmv2] [T] [thread 125580] [32.0] [cxt 0] basic_tunnel.p4(155) Condition "hdr.myTunnel.isValid()" (node_4) is false
[20:47:54.930] [bmv2] [D] [thread 125580] [32.0] [cxt 0] Pipeline 'ingress': end
[20:47:54.930] [bmv2] [D] [thread 125580] [32.0] [cxt 0] Egress port is 0
[20:47:54.930] [bmv2] [D] [thread 125581] [32.0] [cxt 0] Pipeline 'egress': start
[20:47:54.930] [bmv2] [D] [thread 125581] [32.0] [cxt 0] Pipeline 'egress': end
[20:47:54.930] [bmv2] [D] [thread 125581] [32.0] [cxt 0] Deparser 'deparser': start
[20:47:54.930] [bmv2] [T] [thread 125581] [32.0] [cxt 0] Skipping checksum 'cksum' update because condition not met
[20:47:54.930] [bmv2] [D] [thread 125581] [32.0] [cxt 0] Deparsing header 'ethernet'
[20:47:54.930] [bmv2] [D] [thread 125581] [32.0] [cxt 0] Deparser 'deparser': end
[20:47:54.930] [bmv2] [D] [thread 125585] [32.0] [cxt 0] Transmitting packet of size 196 out of port 0
[20:47:55.034] [bmv2] [D] [thread 125580] [33.0] [cxt 0] Processing packet received on port 3
[20:47:55.034] [bmv2] [D] [thread 125580] [33.0] [cxt 0] Parser 'parser': start
[20:47:55.034] [bmv2] [D] [thread 125580] [33.0] [cxt 0] Parser 'parser' entering state 'start'
[20:47:55.034] [bmv2] [D] [thread 125580] [33.0] [cxt 0] Extracting header 'ethernet'
[20:47:55.034] [bmv2] [D] [thread 125580] [33.0] [cxt 0] Parser state 'start': key is 86dd
[20:47:55.034] [bmv2] [T] [thread 125580] [33.0] [cxt 0] Bytes parsed: 14
[20:47:55.034] [bmv2] [D] [thread 125580] [33.0] [cxt 0] Parser 'parser': end
[20:47:55.034] [bmv2] [D] [thread 125580] [33.0] [cxt 0] Pipeline 'ingress': start
[20:47:55.034] [bmv2] [T] [thread 125580] [33.0] [cxt 0] basic_tunnel.p4(152) Condition "hdr.ipv4.isValid() && !hdr.myTunnel.isValid()" (node_2) is false
[20:47:55.034] [bmv2] [T] [thread 125580] [33.0] [cxt 0] basic_tunnel.p4(155) Condition "hdr.myTunnel.isValid()" (node_4) is false
[20:47:55.034] [bmv2] [D] [thread 125580] [33.0] [cxt 0] Pipeline 'ingress': end
[20:47:55.034] [bmv2] [D] [thread 125580] [33.0] [cxt 0] Egress port is 0
[20:47:55.034] [bmv2] [D] [thread 125581] [33.0] [cxt 0] Pipeline 'egress': start
[20:47:55.034] [bmv2] [D] [thread 125581] [33.0] [cxt 0] Pipeline 'egress': end
[20:47:55.034] [bmv2] [D] [thread 125581] [33.0] [cxt 0] Deparser 'deparser': start
[20:47:55.034] [bmv2] [T] [thread 125581] [33.0] [cxt 0] Skipping checksum 'cksum' update because condition not met
[20:47:55.034] [bmv2] [D] [thread 125581] [33.0] [cxt 0] Deparsing header 'ethernet'
[20:47:55.034] [bmv2] [D] [thread 125581] [33.0] [cxt 0] Deparser 'deparser': end
[20:47:55.034] [bmv2] [D] [thread 125585] [33.0] [cxt 0] Transmitting packet of size 196 out of port 0
[20:47:55.093] [bmv2] [D] [thread 125580] [34.0] [cxt 0] Processing packet received on port 3
[20:47:55.093] [bmv2] [D] [thread 125580] [34.0] [cxt 0] Parser 'parser': start
[20:47:55.093] [bmv2] [D] [thread 125580] [34.0] [cxt 0] Parser 'parser' entering state 'start'
[20:47:55.093] [bmv2] [D] [thread 125580] [34.0] [cxt 0] Extracting header 'ethernet'
[20:47:55.093] [bmv2] [D] [thread 125580] [34.0] [cxt 0] Parser state 'start': key is 86dd
[20:47:55.093] [bmv2] [T] [thread 125580] [34.0] [cxt 0] Bytes parsed: 14
[20:47:55.093] [bmv2] [D] [thread 125580] [34.0] [cxt 0] Parser 'parser': end
[20:47:55.093] [bmv2] [D] [thread 125580] [34.0] [cxt 0] Pipeline 'ingress': start
[20:47:55.093] [bmv2] [T] [thread 125580] [34.0] [cxt 0] basic_tunnel.p4(152) Condition "hdr.ipv4.isValid() && !hdr.myTunnel.isValid()" (node_2) is false
[20:47:55.093] [bmv2] [T] [thread 125580] [34.0] [cxt 0] basic_tunnel.p4(155) Condition "hdr.myTunnel.isValid()" (node_4) is false
[20:47:55.093] [bmv2] [D] [thread 125580] [34.0] [cxt 0] Pipeline 'ingress': end
[20:47:55.093] [bmv2] [D] [thread 125580] [34.0] [cxt 0] Egress port is 0
[20:47:55.093] [bmv2] [D] [thread 125581] [34.0] [cxt 0] Pipeline 'egress': start
[20:47:55.093] [bmv2] [D] [thread 125581] [34.0] [cxt 0] Pipeline 'egress': end
[20:47:55.093] [bmv2] [D] [thread 125581] [34.0] [cxt 0] Deparser 'deparser': start
[20:47:55.093] [bmv2] [T] [thread 125581] [34.0] [cxt 0] Skipping checksum 'cksum' update because condition not met
[20:47:55.093] [bmv2] [D] [thread 125581] [34.0] [cxt 0] Deparsing header 'ethernet'
[20:47:55.093] [bmv2] [D] [thread 125581] [34.0] [cxt 0] Deparser 'deparser': end
[20:47:55.093] [bmv2] [D] [thread 125585] [34.0] [cxt 0] Transmitting packet of size 90 out of port 0
[20:47:55.178] [bmv2] [D] [thread 125580] [35.0] [cxt 0] Processing packet received on port 1
[20:47:55.178] [bmv2] [D] [thread 125580] [35.0] [cxt 0] Parser 'parser': start
[20:47:55.178] [bmv2] [D] [thread 125580] [35.0] [cxt 0] Parser 'parser' entering state 'start'
[20:47:55.178] [bmv2] [D] [thread 125580] [35.0] [cxt 0] Extracting header 'ethernet'
[20:47:55.178] [bmv2] [D] [thread 125580] [35.0] [cxt 0] Parser state 'start': key is 86dd
[20:47:55.178] [bmv2] [T] [thread 125580] [35.0] [cxt 0] Bytes parsed: 14
[20:47:55.178] [bmv2] [D] [thread 125580] [35.0] [cxt 0] Parser 'parser': end
[20:47:55.178] [bmv2] [D] [thread 125580] [35.0] [cxt 0] Pipeline 'ingress': start
[20:47:55.178] [bmv2] [T] [thread 125580] [35.0] [cxt 0] basic_tunnel.p4(152) Condition "hdr.ipv4.isValid() && !hdr.myTunnel.isValid()" (node_2) is false
[20:47:55.178] [bmv2] [T] [thread 125580] [35.0] [cxt 0] basic_tunnel.p4(155) Condition "hdr.myTunnel.isValid()" (node_4) is false
[20:47:55.178] [bmv2] [D] [thread 125580] [35.0] [cxt 0] Pipeline 'ingress': end
[20:47:55.178] [bmv2] [D] [thread 125580] [35.0] [cxt 0] Egress port is 0
[20:47:55.178] [bmv2] [D] [thread 125581] [35.0] [cxt 0] Pipeline 'egress': start
[20:47:55.178] [bmv2] [D] [thread 125581] [35.0] [cxt 0] Pipeline 'egress': end
[20:47:55.178] [bmv2] [D] [thread 125581] [35.0] [cxt 0] Deparser 'deparser': start
[20:47:55.178] [bmv2] [T] [thread 125581] [35.0] [cxt 0] Skipping checksum 'cksum' update because condition not met
[20:47:55.178] [bmv2] [D] [thread 125581] [35.0] [cxt 0] Deparsing header 'ethernet'
[20:47:55.178] [bmv2] [D] [thread 125581] [35.0] [cxt 0] Deparser 'deparser': end
[20:47:55.178] [bmv2] [D] [thread 125585] [35.0] [cxt 0] Transmitting packet of size 196 out of port 0
[20:47:55.357] [bmv2] [W] [thread 125633] [P4Runtime] p4::tmp::P4DeviceConfig is deprecated
[20:47:55.360] [bmv2] [D] [thread 125633] Set default default entry for table 'MyIngress.ipv4_lpm': MyIngress.drop - 
[20:47:55.360] [bmv2] [D] [thread 125633] Set default default entry for table 'MyIngress.myTunnel_exact': MyIngress.drop - 
[20:47:55.368] [bmv2] [D] [thread 125633] simple_switch target has been notified of a config swap
[20:47:55.378] [bmv2] [D] [thread 125635] Entry 0 added to table 'MyIngress.ipv4_lpm'
[20:47:55.378] [bmv2] [D] [thread 125635] Dumping entry 0
Match key:
* hdr.ipv4.dstAddr    : LPM       0a000101/32
Action entry: MyIngress.ipv4_forward - 80000000100,2,

[20:47:55.383] [bmv2] [D] [thread 125642] Entry 1 added to table 'MyIngress.ipv4_lpm'
[20:47:55.383] [bmv2] [D] [thread 125642] Dumping entry 1
Match key:
* hdr.ipv4.dstAddr    : LPM       0a000202/32
Action entry: MyIngress.ipv4_forward - 80000000200,3,

[20:47:55.385] [bmv2] [D] [thread 125635] Entry 2 added to table 'MyIngress.ipv4_lpm'
[20:47:55.385] [bmv2] [D] [thread 125635] Dumping entry 2
Match key:
* hdr.ipv4.dstAddr    : LPM       0a000303/32
Action entry: MyIngress.ipv4_forward - 80000000333,1,

[20:47:55.388] [bmv2] [D] [thread 125642] Entry 0 added to table 'MyIngress.myTunnel_exact'
[20:47:55.388] [bmv2] [D] [thread 125642] Dumping entry 0
Match key:
* hdr.myTunnel.dst_id : EXACT     0001
Action entry: MyIngress.myTunnel_forward - 2,

[20:47:55.390] [bmv2] [D] [thread 125635] Entry 1 added to table 'MyIngress.myTunnel_exact'
[20:47:55.390] [bmv2] [D] [thread 125635] Dumping entry 1
Match key:
* hdr.myTunnel.dst_id : EXACT     0002
Action entry: MyIngress.myTunnel_forward - 3,

[20:47:55.393] [bmv2] [D] [thread 125642] Entry 2 added to table 'MyIngress.myTunnel_exact'
[20:47:55.393] [bmv2] [D] [thread 125642] Dumping entry 2
Match key:
* hdr.myTunnel.dst_id : EXACT     0003
Action entry: MyIngress.myTunnel_forward - 1,

[20:47:55.882] [bmv2] [D] [thread 125580] [36.0] [cxt 0] Processing packet received on port 2
[20:47:55.882] [bmv2] [D] [thread 125580] [36.0] [cxt 0] Parser 'parser': start
[20:47:55.882] [bmv2] [D] [thread 125580] [36.0] [cxt 0] Parser 'parser' entering state 'start'
[20:47:55.882] [bmv2] [D] [thread 125580] [36.0] [cxt 0] Extracting header 'ethernet'
[20:47:55.882] [bmv2] [D] [thread 125580] [36.0] [cxt 0] Parser state 'start': key is 86dd
[20:47:55.882] [bmv2] [T] [thread 125580] [36.0] [cxt 0] Bytes parsed: 14
[20:47:55.882] [bmv2] [D] [thread 125580] [36.0] [cxt 0] Parser 'parser': end
[20:47:55.882] [bmv2] [D] [thread 125580] [36.0] [cxt 0] Pipeline 'ingress': start
[20:47:55.882] [bmv2] [T] [thread 125580] [36.0] [cxt 0] basic_tunnel.p4(152) Condition "hdr.ipv4.isValid() && !hdr.myTunnel.isValid()" (node_2) is false
[20:47:55.882] [bmv2] [T] [thread 125580] [36.0] [cxt 0] basic_tunnel.p4(155) Condition "hdr.myTunnel.isValid()" (node_4) is false
[20:47:55.882] [bmv2] [D] [thread 125580] [36.0] [cxt 0] Pipeline 'ingress': end
[20:47:55.882] [bmv2] [D] [thread 125580] [36.0] [cxt 0] Egress port is 0
[20:47:55.882] [bmv2] [D] [thread 125581] [36.0] [cxt 0] Pipeline 'egress': start
[20:47:55.882] [bmv2] [D] [thread 125581] [36.0] [cxt 0] Pipeline 'egress': end
[20:47:55.882] [bmv2] [D] [thread 125581] [36.0] [cxt 0] Deparser 'deparser': start
[20:47:55.882] [bmv2] [T] [thread 125581] [36.0] [cxt 0] Skipping checksum 'cksum' update because condition not met
[20:47:55.882] [bmv2] [D] [thread 125581] [36.0] [cxt 0] Deparsing header 'ethernet'
[20:47:55.882] [bmv2] [D] [thread 125581] [36.0] [cxt 0] Deparser 'deparser': end
[20:47:55.883] [bmv2] [D] [thread 125585] [36.0] [cxt 0] Transmitting packet of size 196 out of port 0
[20:47:55.943] [bmv2] [D] [thread 125580] [37.0] [cxt 0] Processing packet received on port 2
[20:47:55.943] [bmv2] [D] [thread 125580] [37.0] [cxt 0] Parser 'parser': start
[20:47:55.943] [bmv2] [D] [thread 125580] [37.0] [cxt 0] Parser 'parser' entering state 'start'
[20:47:55.943] [bmv2] [D] [thread 125580] [37.0] [cxt 0] Extracting header 'ethernet'
[20:47:55.943] [bmv2] [D] [thread 125580] [37.0] [cxt 0] Parser state 'start': key is 86dd
[20:47:55.943] [bmv2] [T] [thread 125580] [37.0] [cxt 0] Bytes parsed: 14
[20:47:55.943] [bmv2] [D] [thread 125580] [37.0] [cxt 0] Parser 'parser': end
[20:47:55.943] [bmv2] [D] [thread 125580] [37.0] [cxt 0] Pipeline 'ingress': start
[20:47:55.943] [bmv2] [T] [thread 125580] [37.0] [cxt 0] basic_tunnel.p4(152) Condition "hdr.ipv4.isValid() && !hdr.myTunnel.isValid()" (node_2) is false
[20:47:55.943] [bmv2] [T] [thread 125580] [37.0] [cxt 0] basic_tunnel.p4(155) Condition "hdr.myTunnel.isValid()" (node_4) is false
[20:47:55.943] [bmv2] [D] [thread 125580] [37.0] [cxt 0] Pipeline 'ingress': end
[20:47:55.943] [bmv2] [D] [thread 125580] [37.0] [cxt 0] Egress port is 0
[20:47:55.944] [bmv2] [D] [thread 125581] [37.0] [cxt 0] Pipeline 'egress': start
[20:47:55.944] [bmv2] [D] [thread 125581] [37.0] [cxt 0] Pipeline 'egress': end
[20:47:55.944] [bmv2] [D] [thread 125581] [37.0] [cxt 0] Deparser 'deparser': start
[20:47:55.944] [bmv2] [T] [thread 125581] [37.0] [cxt 0] Skipping checksum 'cksum' update because condition not met
[20:47:55.944] [bmv2] [D] [thread 125581] [37.0] [cxt 0] Deparsing header 'ethernet'
[20:47:55.944] [bmv2] [D] [thread 125581] [37.0] [cxt 0] Deparser 'deparser': end
[20:47:55.945] [bmv2] [D] [thread 125585] [37.0] [cxt 0] Transmitting packet of size 196 out of port 0
[20:47:56.131] [bmv2] [D] [thread 125580] [38.0] [cxt 0] Processing packet received on port 3
[20:47:56.131] [bmv2] [D] [thread 125580] [38.0] [cxt 0] Parser 'parser': start
[20:47:56.131] [bmv2] [D] [thread 125580] [38.0] [cxt 0] Parser 'parser' entering state 'start'
[20:47:56.131] [bmv2] [D] [thread 125580] [38.0] [cxt 0] Extracting header 'ethernet'
[20:47:56.131] [bmv2] [D] [thread 125580] [38.0] [cxt 0] Parser state 'start': key is 86dd
[20:47:56.131] [bmv2] [T] [thread 125580] [38.0] [cxt 0] Bytes parsed: 14
[20:47:56.131] [bmv2] [D] [thread 125580] [38.0] [cxt 0] Parser 'parser': end
[20:47:56.131] [bmv2] [D] [thread 125580] [38.0] [cxt 0] Pipeline 'ingress': start
[20:47:56.131] [bmv2] [T] [thread 125580] [38.0] [cxt 0] basic_tunnel.p4(152) Condition "hdr.ipv4.isValid() && !hdr.myTunnel.isValid()" (node_2) is false
[20:47:56.131] [bmv2] [T] [thread 125580] [38.0] [cxt 0] basic_tunnel.p4(155) Condition "hdr.myTunnel.isValid()" (node_4) is false
[20:47:56.131] [bmv2] [D] [thread 125580] [38.0] [cxt 0] Pipeline 'ingress': end
[20:47:56.131] [bmv2] [D] [thread 125580] [38.0] [cxt 0] Egress port is 0
[20:47:56.131] [bmv2] [D] [thread 125581] [38.0] [cxt 0] Pipeline 'egress': start
[20:47:56.131] [bmv2] [D] [thread 125581] [38.0] [cxt 0] Pipeline 'egress': end
[20:47:56.131] [bmv2] [D] [thread 125581] [38.0] [cxt 0] Deparser 'deparser': start
[20:47:56.131] [bmv2] [T] [thread 125581] [38.0] [cxt 0] Skipping checksum 'cksum' update because condition not met
[20:47:56.131] [bmv2] [D] [thread 125581] [38.0] [cxt 0] Deparsing header 'ethernet'
[20:47:56.131] [bmv2] [D] [thread 125581] [38.0] [cxt 0] Deparser 'deparser': end
[20:47:56.132] [bmv2] [D] [thread 125585] [38.0] [cxt 0] Transmitting packet of size 196 out of port 0
[20:47:56.235] [bmv2] [D] [thread 125580] [39.0] [cxt 0] Processing packet received on port 3
[20:47:56.235] [bmv2] [D] [thread 125580] [39.0] [cxt 0] Parser 'parser': start
[20:47:56.235] [bmv2] [D] [thread 125580] [39.0] [cxt 0] Parser 'parser' entering state 'start'
[20:47:56.235] [bmv2] [D] [thread 125580] [39.0] [cxt 0] Extracting header 'ethernet'
[20:47:56.235] [bmv2] [D] [thread 125580] [39.0] [cxt 0] Parser state 'start': key is 86dd
[20:47:56.235] [bmv2] [T] [thread 125580] [39.0] [cxt 0] Bytes parsed: 14
[20:47:56.235] [bmv2] [D] [thread 125580] [39.0] [cxt 0] Parser 'parser': end
[20:47:56.235] [bmv2] [D] [thread 125580] [39.0] [cxt 0] Pipeline 'ingress': start
[20:47:56.235] [bmv2] [T] [thread 125580] [39.0] [cxt 0] basic_tunnel.p4(152) Condition "hdr.ipv4.isValid() && !hdr.myTunnel.isValid()" (node_2) is false
[20:47:56.235] [bmv2] [T] [thread 125580] [39.0] [cxt 0] basic_tunnel.p4(155) Condition "hdr.myTunnel.isValid()" (node_4) is false
[20:47:56.235] [bmv2] [D] [thread 125580] [39.0] [cxt 0] Pipeline 'ingress': end
[20:47:56.235] [bmv2] [D] [thread 125580] [39.0] [cxt 0] Egress port is 0
[20:47:56.236] [bmv2] [D] [thread 125581] [39.0] [cxt 0] Pipeline 'egress': start
[20:47:56.236] [bmv2] [D] [thread 125581] [39.0] [cxt 0] Pipeline 'egress': end
[20:47:56.236] [bmv2] [D] [thread 125581] [39.0] [cxt 0] Deparser 'deparser': start
[20:47:56.236] [bmv2] [T] [thread 125581] [39.0] [cxt 0] Skipping checksum 'cksum' update because condition not met
[20:47:56.236] [bmv2] [D] [thread 125581] [39.0] [cxt 0] Deparsing header 'ethernet'
[20:47:56.236] [bmv2] [D] [thread 125581] [39.0] [cxt 0] Deparser 'deparser': end
[20:47:56.237] [bmv2] [D] [thread 125585] [39.0] [cxt 0] Transmitting packet of size 196 out of port 0
[20:47:56.853] [bmv2] [D] [thread 125580] [40.0] [cxt 0] Processing packet received on port 1
[20:47:56.853] [bmv2] [D] [thread 125580] [40.0] [cxt 0] Parser 'parser': start
[20:47:56.853] [bmv2] [D] [thread 125580] [40.0] [cxt 0] Parser 'parser' entering state 'start'
[20:47:56.853] [bmv2] [D] [thread 125580] [40.0] [cxt 0] Extracting header 'ethernet'
[20:47:56.853] [bmv2] [D] [thread 125580] [40.0] [cxt 0] Parser state 'start': key is 86dd
[20:47:56.853] [bmv2] [T] [thread 125580] [40.0] [cxt 0] Bytes parsed: 14
[20:47:56.853] [bmv2] [D] [thread 125580] [40.0] [cxt 0] Parser 'parser': end
[20:47:56.853] [bmv2] [D] [thread 125580] [40.0] [cxt 0] Pipeline 'ingress': start
[20:47:56.853] [bmv2] [T] [thread 125580] [40.0] [cxt 0] basic_tunnel.p4(152) Condition "hdr.ipv4.isValid() && !hdr.myTunnel.isValid()" (node_2) is false
[20:47:56.853] [bmv2] [T] [thread 125580] [40.0] [cxt 0] basic_tunnel.p4(155) Condition "hdr.myTunnel.isValid()" (node_4) is false
[20:47:56.853] [bmv2] [D] [thread 125580] [40.0] [cxt 0] Pipeline 'ingress': end
[20:47:56.853] [bmv2] [D] [thread 125580] [40.0] [cxt 0] Egress port is 0
[20:47:56.853] [bmv2] [D] [thread 125581] [40.0] [cxt 0] Pipeline 'egress': start
[20:47:56.854] [bmv2] [D] [thread 125581] [40.0] [cxt 0] Pipeline 'egress': end
[20:47:56.854] [bmv2] [D] [thread 125581] [40.0] [cxt 0] Deparser 'deparser': start
[20:47:56.854] [bmv2] [T] [thread 125581] [40.0] [cxt 0] Skipping checksum 'cksum' update because condition not met
[20:47:56.854] [bmv2] [D] [thread 125581] [40.0] [cxt 0] Deparsing header 'ethernet'
[20:47:56.854] [bmv2] [D] [thread 125581] [40.0] [cxt 0] Deparser 'deparser': end
[20:47:56.854] [bmv2] [D] [thread 125585] [40.0] [cxt 0] Transmitting packet of size 70 out of port 0
[20:47:57.381] [bmv2] [D] [thread 125580] [41.0] [cxt 0] Processing packet received on port 1
[20:47:57.381] [bmv2] [D] [thread 125580] [41.0] [cxt 0] Parser 'parser': start
[20:47:57.381] [bmv2] [D] [thread 125580] [41.0] [cxt 0] Parser 'parser' entering state 'start'
[20:47:57.381] [bmv2] [D] [thread 125580] [41.0] [cxt 0] Extracting header 'ethernet'
[20:47:57.381] [bmv2] [D] [thread 125580] [41.0] [cxt 0] Parser state 'start': key is 86dd
[20:47:57.381] [bmv2] [T] [thread 125580] [41.0] [cxt 0] Bytes parsed: 14
[20:47:57.381] [bmv2] [D] [thread 125580] [41.0] [cxt 0] Parser 'parser': end
[20:47:57.381] [bmv2] [D] [thread 125580] [41.0] [cxt 0] Pipeline 'ingress': start
[20:47:57.381] [bmv2] [T] [thread 125580] [41.0] [cxt 0] basic_tunnel.p4(152) Condition "hdr.ipv4.isValid() && !hdr.myTunnel.isValid()" (node_2) is false
[20:47:57.381] [bmv2] [T] [thread 125580] [41.0] [cxt 0] basic_tunnel.p4(155) Condition "hdr.myTunnel.isValid()" (node_4) is false
[20:47:57.381] [bmv2] [D] [thread 125580] [41.0] [cxt 0] Pipeline 'ingress': end
[20:47:57.381] [bmv2] [D] [thread 125580] [41.0] [cxt 0] Egress port is 0
[20:47:57.381] [bmv2] [D] [thread 125581] [41.0] [cxt 0] Pipeline 'egress': start
[20:47:57.381] [bmv2] [D] [thread 125581] [41.0] [cxt 0] Pipeline 'egress': end
[20:47:57.381] [bmv2] [D] [thread 125581] [41.0] [cxt 0] Deparser 'deparser': start
[20:47:57.381] [bmv2] [T] [thread 125581] [41.0] [cxt 0] Skipping checksum 'cksum' update because condition not met
[20:47:57.381] [bmv2] [D] [thread 125581] [41.0] [cxt 0] Deparsing header 'ethernet'
[20:47:57.381] [bmv2] [D] [thread 125581] [41.0] [cxt 0] Deparser 'deparser': end
[20:47:57.382] [bmv2] [D] [thread 125585] [41.0] [cxt 0] Transmitting packet of size 196 out of port 0
[20:47:58.082] [bmv2] [D] [thread 125580] [42.0] [cxt 0] Processing packet received on port 2
[20:47:58.082] [bmv2] [D] [thread 125580] [42.0] [cxt 0] Parser 'parser': start
[20:47:58.082] [bmv2] [D] [thread 125580] [42.0] [cxt 0] Parser 'parser' entering state 'start'
[20:47:58.082] [bmv2] [D] [thread 125580] [42.0] [cxt 0] Extracting header 'ethernet'
[20:47:58.082] [bmv2] [D] [thread 125580] [42.0] [cxt 0] Parser state 'start': key is 86dd
[20:47:58.082] [bmv2] [T] [thread 125580] [42.0] [cxt 0] Bytes parsed: 14
[20:47:58.082] [bmv2] [D] [thread 125580] [42.0] [cxt 0] Parser 'parser': end
[20:47:58.082] [bmv2] [D] [thread 125580] [42.0] [cxt 0] Pipeline 'ingress': start
[20:47:58.082] [bmv2] [T] [thread 125580] [42.0] [cxt 0] basic_tunnel.p4(152) Condition "hdr.ipv4.isValid() && !hdr.myTunnel.isValid()" (node_2) is false
[20:47:58.082] [bmv2] [T] [thread 125580] [42.0] [cxt 0] basic_tunnel.p4(155) Condition "hdr.myTunnel.isValid()" (node_4) is false
[20:47:58.082] [bmv2] [D] [thread 125580] [42.0] [cxt 0] Pipeline 'ingress': end
[20:47:58.082] [bmv2] [D] [thread 125580] [42.0] [cxt 0] Egress port is 0
[20:47:58.083] [bmv2] [D] [thread 125581] [42.0] [cxt 0] Pipeline 'egress': start
[20:47:58.083] [bmv2] [D] [thread 125581] [42.0] [cxt 0] Pipeline 'egress': end
[20:47:58.083] [bmv2] [D] [thread 125581] [42.0] [cxt 0] Deparser 'deparser': start
[20:47:58.083] [bmv2] [T] [thread 125581] [42.0] [cxt 0] Skipping checksum 'cksum' update because condition not met
[20:47:58.083] [bmv2] [D] [thread 125581] [42.0] [cxt 0] Deparsing header 'ethernet'
[20:47:58.083] [bmv2] [D] [thread 125581] [42.0] [cxt 0] Deparser 'deparser': end
[20:47:58.083] [bmv2] [D] [thread 125585] [42.0] [cxt 0] Transmitting packet of size 196 out of port 0
[20:47:58.141] [bmv2] [D] [thread 125580] [43.0] [cxt 0] Processing packet received on port 2
[20:47:58.141] [bmv2] [D] [thread 125580] [43.0] [cxt 0] Parser 'parser': start
[20:47:58.141] [bmv2] [D] [thread 125580] [43.0] [cxt 0] Parser 'parser' entering state 'start'
[20:47:58.141] [bmv2] [D] [thread 125580] [43.0] [cxt 0] Extracting header 'ethernet'
[20:47:58.141] [bmv2] [D] [thread 125580] [43.0] [cxt 0] Parser state 'start': key is 86dd
[20:47:58.141] [bmv2] [T] [thread 125580] [43.0] [cxt 0] Bytes parsed: 14
[20:47:58.141] [bmv2] [D] [thread 125580] [43.0] [cxt 0] Parser 'parser': end
[20:47:58.141] [bmv2] [D] [thread 125580] [43.0] [cxt 0] Pipeline 'ingress': start
[20:47:58.141] [bmv2] [T] [thread 125580] [43.0] [cxt 0] basic_tunnel.p4(152) Condition "hdr.ipv4.isValid() && !hdr.myTunnel.isValid()" (node_2) is false
[20:47:58.141] [bmv2] [T] [thread 125580] [43.0] [cxt 0] basic_tunnel.p4(155) Condition "hdr.myTunnel.isValid()" (node_4) is false
[20:47:58.141] [bmv2] [D] [thread 125580] [43.0] [cxt 0] Pipeline 'ingress': end
[20:47:58.141] [bmv2] [D] [thread 125580] [43.0] [cxt 0] Egress port is 0
[20:47:58.142] [bmv2] [D] [thread 125581] [43.0] [cxt 0] Pipeline 'egress': start
[20:47:58.142] [bmv2] [D] [thread 125581] [43.0] [cxt 0] Pipeline 'egress': end
[20:47:58.142] [bmv2] [D] [thread 125581] [43.0] [cxt 0] Deparser 'deparser': start
[20:47:58.142] [bmv2] [T] [thread 125581] [43.0] [cxt 0] Skipping checksum 'cksum' update because condition not met
[20:47:58.142] [bmv2] [D] [thread 125581] [43.0] [cxt 0] Deparsing header 'ethernet'
[20:47:58.142] [bmv2] [D] [thread 125581] [43.0] [cxt 0] Deparser 'deparser': end
[20:47:58.142] [bmv2] [D] [thread 125585] [43.0] [cxt 0] Transmitting packet of size 70 out of port 0
[20:47:58.149] [bmv2] [D] [thread 125580] [44.0] [cxt 0] Processing packet received on port 2
[20:47:58.149] [bmv2] [D] [thread 125580] [44.0] [cxt 0] Parser 'parser': start
[20:47:58.149] [bmv2] [D] [thread 125580] [44.0] [cxt 0] Parser 'parser' entering state 'start'
[20:47:58.149] [bmv2] [D] [thread 125580] [44.0] [cxt 0] Extracting header 'ethernet'
[20:47:58.149] [bmv2] [D] [thread 125580] [44.0] [cxt 0] Parser state 'start': key is 86dd
[20:47:58.149] [bmv2] [T] [thread 125580] [44.0] [cxt 0] Bytes parsed: 14
[20:47:58.149] [bmv2] [D] [thread 125580] [44.0] [cxt 0] Parser 'parser': end
[20:47:58.149] [bmv2] [D] [thread 125580] [44.0] [cxt 0] Pipeline 'ingress': start
[20:47:58.149] [bmv2] [T] [thread 125580] [44.0] [cxt 0] basic_tunnel.p4(152) Condition "hdr.ipv4.isValid() && !hdr.myTunnel.isValid()" (node_2) is false
[20:47:58.149] [bmv2] [T] [thread 125580] [44.0] [cxt 0] basic_tunnel.p4(155) Condition "hdr.myTunnel.isValid()" (node_4) is false
[20:47:58.149] [bmv2] [D] [thread 125580] [44.0] [cxt 0] Pipeline 'ingress': end
[20:47:58.149] [bmv2] [D] [thread 125580] [44.0] [cxt 0] Egress port is 0
[20:47:58.149] [bmv2] [D] [thread 125581] [44.0] [cxt 0] Pipeline 'egress': start
[20:47:58.149] [bmv2] [D] [thread 125581] [44.0] [cxt 0] Pipeline 'egress': end
[20:47:58.149] [bmv2] [D] [thread 125581] [44.0] [cxt 0] Deparser 'deparser': start
[20:47:58.149] [bmv2] [T] [thread 125581] [44.0] [cxt 0] Skipping checksum 'cksum' update because condition not met
[20:47:58.149] [bmv2] [D] [thread 125581] [44.0] [cxt 0] Deparsing header 'ethernet'
[20:47:58.149] [bmv2] [D] [thread 125581] [44.0] [cxt 0] Deparser 'deparser': end
[20:47:58.149] [bmv2] [D] [thread 125585] [44.0] [cxt 0] Transmitting packet of size 196 out of port 0
[20:47:58.333] [bmv2] [D] [thread 125580] [45.0] [cxt 0] Processing packet received on port 3
[20:47:58.333] [bmv2] [D] [thread 125580] [45.0] [cxt 0] Parser 'parser': start
[20:47:58.333] [bmv2] [D] [thread 125580] [45.0] [cxt 0] Parser 'parser' entering state 'start'
[20:47:58.333] [bmv2] [D] [thread 125580] [45.0] [cxt 0] Extracting header 'ethernet'
[20:47:58.333] [bmv2] [D] [thread 125580] [45.0] [cxt 0] Parser state 'start': key is 86dd
[20:47:58.333] [bmv2] [T] [thread 125580] [45.0] [cxt 0] Bytes parsed: 14
[20:47:58.333] [bmv2] [D] [thread 125580] [45.0] [cxt 0] Parser 'parser': end
[20:47:58.333] [bmv2] [D] [thread 125580] [45.0] [cxt 0] Pipeline 'ingress': start
[20:47:58.333] [bmv2] [T] [thread 125580] [45.0] [cxt 0] basic_tunnel.p4(152) Condition "hdr.ipv4.isValid() && !hdr.myTunnel.isValid()" (node_2) is false
[20:47:58.333] [bmv2] [T] [thread 125580] [45.0] [cxt 0] basic_tunnel.p4(155) Condition "hdr.myTunnel.isValid()" (node_4) is false
[20:47:58.333] [bmv2] [D] [thread 125580] [45.0] [cxt 0] Pipeline 'ingress': end
[20:47:58.333] [bmv2] [D] [thread 125580] [45.0] [cxt 0] Egress port is 0
[20:47:58.333] [bmv2] [D] [thread 125581] [45.0] [cxt 0] Pipeline 'egress': start
[20:47:58.333] [bmv2] [D] [thread 125581] [45.0] [cxt 0] Pipeline 'egress': end
[20:47:58.333] [bmv2] [D] [thread 125581] [45.0] [cxt 0] Deparser 'deparser': start
[20:47:58.333] [bmv2] [T] [thread 125581] [45.0] [cxt 0] Skipping checksum 'cksum' update because condition not met
[20:47:58.333] [bmv2] [D] [thread 125581] [45.0] [cxt 0] Deparsing header 'ethernet'
[20:47:58.333] [bmv2] [D] [thread 125581] [45.0] [cxt 0] Deparser 'deparser': end
[20:47:58.333] [bmv2] [D] [thread 125585] [45.0] [cxt 0] Transmitting packet of size 196 out of port 0
[20:47:58.389] [bmv2] [D] [thread 125580] [46.0] [cxt 0] Processing packet received on port 2
[20:47:58.389] [bmv2] [D] [thread 125580] [46.0] [cxt 0] Parser 'parser': start
[20:47:58.389] [bmv2] [D] [thread 125580] [46.0] [cxt 0] Parser 'parser' entering state 'start'
[20:47:58.389] [bmv2] [D] [thread 125580] [46.0] [cxt 0] Extracting header 'ethernet'
[20:47:58.389] [bmv2] [D] [thread 125580] [46.0] [cxt 0] Parser state 'start': key is 86dd
[20:47:58.389] [bmv2] [T] [thread 125580] [46.0] [cxt 0] Bytes parsed: 14
[20:47:58.389] [bmv2] [D] [thread 125580] [46.0] [cxt 0] Parser 'parser': end
[20:47:58.389] [bmv2] [D] [thread 125580] [46.0] [cxt 0] Pipeline 'ingress': start
[20:47:58.389] [bmv2] [T] [thread 125580] [46.0] [cxt 0] basic_tunnel.p4(152) Condition "hdr.ipv4.isValid() && !hdr.myTunnel.isValid()" (node_2) is false
[20:47:58.389] [bmv2] [T] [thread 125580] [46.0] [cxt 0] basic_tunnel.p4(155) Condition "hdr.myTunnel.isValid()" (node_4) is false
[20:47:58.389] [bmv2] [D] [thread 125580] [46.0] [cxt 0] Pipeline 'ingress': end
[20:47:58.389] [bmv2] [D] [thread 125580] [46.0] [cxt 0] Egress port is 0
[20:47:58.389] [bmv2] [D] [thread 125580] [47.0] [cxt 0] Processing packet received on port 3
[20:47:58.389] [bmv2] [D] [thread 125580] [47.0] [cxt 0] Parser 'parser': start
[20:47:58.389] [bmv2] [D] [thread 125580] [47.0] [cxt 0] Parser 'parser' entering state 'start'
[20:47:58.389] [bmv2] [D] [thread 125580] [47.0] [cxt 0] Extracting header 'ethernet'
[20:47:58.389] [bmv2] [D] [thread 125580] [47.0] [cxt 0] Parser state 'start': key is 86dd
[20:47:58.389] [bmv2] [T] [thread 125580] [47.0] [cxt 0] Bytes parsed: 14
[20:47:58.389] [bmv2] [D] [thread 125580] [47.0] [cxt 0] Parser 'parser': end
[20:47:58.389] [bmv2] [D] [thread 125580] [47.0] [cxt 0] Pipeline 'ingress': start
[20:47:58.389] [bmv2] [T] [thread 125580] [47.0] [cxt 0] basic_tunnel.p4(152) Condition "hdr.ipv4.isValid() && !hdr.myTunnel.isValid()" (node_2) is false
[20:47:58.389] [bmv2] [T] [thread 125580] [47.0] [cxt 0] basic_tunnel.p4(155) Condition "hdr.myTunnel.isValid()" (node_4) is false
[20:47:58.389] [bmv2] [D] [thread 125580] [47.0] [cxt 0] Pipeline 'ingress': end
[20:47:58.389] [bmv2] [D] [thread 125580] [47.0] [cxt 0] Egress port is 0
[20:47:58.389] [bmv2] [D] [thread 125581] [46.0] [cxt 0] Pipeline 'egress': start
[20:47:58.389] [bmv2] [D] [thread 125581] [46.0] [cxt 0] Pipeline 'egress': end
[20:47:58.389] [bmv2] [D] [thread 125581] [46.0] [cxt 0] Deparser 'deparser': start
[20:47:58.389] [bmv2] [T] [thread 125581] [46.0] [cxt 0] Skipping checksum 'cksum' update because condition not met
[20:47:58.389] [bmv2] [D] [thread 125581] [46.0] [cxt 0] Deparsing header 'ethernet'
[20:47:58.389] [bmv2] [D] [thread 125581] [46.0] [cxt 0] Deparser 'deparser': end
[20:47:58.389] [bmv2] [D] [thread 125581] [47.0] [cxt 0] Pipeline 'egress': start
[20:47:58.389] [bmv2] [D] [thread 125581] [47.0] [cxt 0] Pipeline 'egress': end
[20:47:58.389] [bmv2] [D] [thread 125581] [47.0] [cxt 0] Deparser 'deparser': start
[20:47:58.389] [bmv2] [T] [thread 125581] [47.0] [cxt 0] Skipping checksum 'cksum' update because condition not met
[20:47:58.389] [bmv2] [D] [thread 125581] [47.0] [cxt 0] Deparsing header 'ethernet'
[20:47:58.389] [bmv2] [D] [thread 125581] [47.0] [cxt 0] Deparser 'deparser': end
[20:47:58.389] [bmv2] [D] [thread 125585] [46.0] [cxt 0] Transmitting packet of size 70 out of port 0
[20:47:58.389] [bmv2] [D] [thread 125585] [47.0] [cxt 0] Transmitting packet of size 70 out of port 0
[20:47:58.437] [bmv2] [D] [thread 125580] [48.0] [cxt 0] Processing packet received on port 3
[20:47:58.437] [bmv2] [D] [thread 125580] [48.0] [cxt 0] Parser 'parser': start
[20:47:58.437] [bmv2] [D] [thread 125580] [48.0] [cxt 0] Parser 'parser' entering state 'start'
[20:47:58.437] [bmv2] [D] [thread 125580] [48.0] [cxt 0] Extracting header 'ethernet'
[20:47:58.437] [bmv2] [D] [thread 125580] [48.0] [cxt 0] Parser state 'start': key is 86dd
[20:47:58.437] [bmv2] [T] [thread 125580] [48.0] [cxt 0] Bytes parsed: 14
[20:47:58.437] [bmv2] [D] [thread 125580] [48.0] [cxt 0] Parser 'parser': end
[20:47:58.437] [bmv2] [D] [thread 125580] [48.0] [cxt 0] Pipeline 'ingress': start
[20:47:58.437] [bmv2] [T] [thread 125580] [48.0] [cxt 0] basic_tunnel.p4(152) Condition "hdr.ipv4.isValid() && !hdr.myTunnel.isValid()" (node_2) is false
[20:47:58.437] [bmv2] [T] [thread 125580] [48.0] [cxt 0] basic_tunnel.p4(155) Condition "hdr.myTunnel.isValid()" (node_4) is false
[20:47:58.437] [bmv2] [D] [thread 125580] [48.0] [cxt 0] Pipeline 'ingress': end
[20:47:58.437] [bmv2] [D] [thread 125580] [48.0] [cxt 0] Egress port is 0
[20:47:58.437] [bmv2] [D] [thread 125581] [48.0] [cxt 0] Pipeline 'egress': start
[20:47:58.437] [bmv2] [D] [thread 125581] [48.0] [cxt 0] Pipeline 'egress': end
[20:47:58.437] [bmv2] [D] [thread 125581] [48.0] [cxt 0] Deparser 'deparser': start
[20:47:58.437] [bmv2] [T] [thread 125581] [48.0] [cxt 0] Skipping checksum 'cksum' update because condition not met
[20:47:58.437] [bmv2] [D] [thread 125581] [48.0] [cxt 0] Deparsing header 'ethernet'
[20:47:58.437] [bmv2] [D] [thread 125581] [48.0] [cxt 0] Deparser 'deparser': end
[20:47:58.437] [bmv2] [D] [thread 125585] [48.0] [cxt 0] Transmitting packet of size 196 out of port 0
[20:47:58.648] [bmv2] [D] [thread 125580] [49.0] [cxt 0] Processing packet received on port 3
[20:47:58.648] [bmv2] [D] [thread 125580] [49.0] [cxt 0] Parser 'parser': start
[20:47:58.648] [bmv2] [D] [thread 125580] [49.0] [cxt 0] Parser 'parser' entering state 'start'
[20:47:58.648] [bmv2] [D] [thread 125580] [49.0] [cxt 0] Extracting header 'ethernet'
[20:47:58.648] [bmv2] [D] [thread 125580] [49.0] [cxt 0] Parser state 'start': key is 86dd
[20:47:58.648] [bmv2] [T] [thread 125580] [49.0] [cxt 0] Bytes parsed: 14
[20:47:58.648] [bmv2] [D] [thread 125580] [49.0] [cxt 0] Parser 'parser': end
[20:47:58.648] [bmv2] [D] [thread 125580] [49.0] [cxt 0] Pipeline 'ingress': start
[20:47:58.648] [bmv2] [T] [thread 125580] [49.0] [cxt 0] basic_tunnel.p4(152) Condition "hdr.ipv4.isValid() && !hdr.myTunnel.isValid()" (node_2) is false
[20:47:58.648] [bmv2] [T] [thread 125580] [49.0] [cxt 0] basic_tunnel.p4(155) Condition "hdr.myTunnel.isValid()" (node_4) is false
[20:47:58.648] [bmv2] [D] [thread 125580] [49.0] [cxt 0] Pipeline 'ingress': end
[20:47:58.648] [bmv2] [D] [thread 125580] [49.0] [cxt 0] Egress port is 0
[20:47:58.648] [bmv2] [D] [thread 125581] [49.0] [cxt 0] Pipeline 'egress': start
[20:47:58.648] [bmv2] [D] [thread 125581] [49.0] [cxt 0] Pipeline 'egress': end
[20:47:58.648] [bmv2] [D] [thread 125581] [49.0] [cxt 0] Deparser 'deparser': start
[20:47:58.648] [bmv2] [T] [thread 125581] [49.0] [cxt 0] Skipping checksum 'cksum' update because condition not met
[20:47:58.648] [bmv2] [D] [thread 125581] [49.0] [cxt 0] Deparsing header 'ethernet'
[20:47:58.648] [bmv2] [D] [thread 125581] [49.0] [cxt 0] Deparser 'deparser': end
[20:47:58.649] [bmv2] [D] [thread 125585] [49.0] [cxt 0] Transmitting packet of size 70 out of port 0
