Calling target program-options parser
[18:17:33.421] [bmv2] [D] [thread 10979] Set default default entry for table 'MyIngress.ipv4_lpm': NoAction - 
[18:17:33.422] [bmv2] [D] [thread 10979] Set default default entry for table 'MyEgress.swtrace': NoAction - 
Adding interface s3-eth1 as port 1
[18:17:33.423] [bmv2] [D] [thread 10979] Adding interface s3-eth1 as port 1
Adding interface s3-eth2 as port 2
[18:17:33.491] [bmv2] [D] [thread 10979] Adding interface s3-eth2 as port 2
Adding interface s3-eth3 as port 3
[18:17:33.583] [bmv2] [D] [thread 10979] Adding interface s3-eth3 as port 3
Server listening on 0.0.0.0:50053
[18:17:33.654] [bmv2] [I] [thread 10979] Starting Thrift server on port 9092
[18:17:33.655] [bmv2] [I] [thread 10979] Thrift server was started
[18:17:33.656] [bmv2] [D] [thread 10992] [0.0] [cxt 0] Processing packet received on port 1
[18:17:33.657] [bmv2] [D] [thread 10992] [0.0] [cxt 0] Parser 'parser': start
[18:17:33.657] [bmv2] [D] [thread 10992] [0.0] [cxt 0] Parser 'parser' entering state 'start'
[18:17:33.657] [bmv2] [D] [thread 10992] [0.0] [cxt 0] Extracting header 'ethernet'
[18:17:33.657] [bmv2] [D] [thread 10992] [0.0] [cxt 0] Parser state 'start': key is 86dd
[18:17:33.657] [bmv2] [T] [thread 10992] [0.0] [cxt 0] Bytes parsed: 14
[18:17:33.657] [bmv2] [D] [thread 10992] [0.0] [cxt 0] Parser 'parser': end
[18:17:33.657] [bmv2] [D] [thread 10992] [0.0] [cxt 0] Pipeline 'ingress': start
[18:17:33.657] [bmv2] [T] [thread 10992] [0.0] [cxt 0] mri.p4(188) Condition "hdr.ipv4.isValid()" (node_2) is false
[18:17:33.657] [bmv2] [D] [thread 10992] [0.0] [cxt 0] Pipeline 'ingress': end
[18:17:33.657] [bmv2] [D] [thread 10992] [0.0] [cxt 0] Egress port is 0
[18:17:33.657] [bmv2] [D] [thread 10992] [1.0] [cxt 0] Processing packet received on port 2
[18:17:33.657] [bmv2] [D] [thread 10992] [1.0] [cxt 0] Parser 'parser': start
[18:17:33.657] [bmv2] [D] [thread 10992] [1.0] [cxt 0] Parser 'parser' entering state 'start'
[18:17:33.657] [bmv2] [D] [thread 10992] [1.0] [cxt 0] Extracting header 'ethernet'
[18:17:33.657] [bmv2] [D] [thread 10992] [1.0] [cxt 0] Parser state 'start': key is 86dd
[18:17:33.657] [bmv2] [T] [thread 10992] [1.0] [cxt 0] Bytes parsed: 14
[18:17:33.657] [bmv2] [D] [thread 10992] [1.0] [cxt 0] Parser 'parser': end
[18:17:33.657] [bmv2] [D] [thread 10992] [1.0] [cxt 0] Pipeline 'ingress': start
[18:17:33.657] [bmv2] [T] [thread 10992] [1.0] [cxt 0] mri.p4(188) Condition "hdr.ipv4.isValid()" (node_2) is false
[18:17:33.657] [bmv2] [D] [thread 10992] [1.0] [cxt 0] Pipeline 'ingress': end
[18:17:33.657] [bmv2] [D] [thread 10992] [1.0] [cxt 0] Egress port is 0
[18:17:33.657] [bmv2] [D] [thread 10992] [2.0] [cxt 0] Processing packet received on port 1
[18:17:33.657] [bmv2] [D] [thread 10992] [2.0] [cxt 0] Parser 'parser': start
[18:17:33.657] [bmv2] [D] [thread 10992] [2.0] [cxt 0] Parser 'parser' entering state 'start'
[18:17:33.657] [bmv2] [D] [thread 10992] [2.0] [cxt 0] Extracting header 'ethernet'
[18:17:33.657] [bmv2] [D] [thread 10992] [2.0] [cxt 0] Parser state 'start': key is 86dd
[18:17:33.657] [bmv2] [T] [thread 10992] [2.0] [cxt 0] Bytes parsed: 14
[18:17:33.657] [bmv2] [D] [thread 10992] [2.0] [cxt 0] Parser 'parser': end
[18:17:33.657] [bmv2] [D] [thread 10992] [2.0] [cxt 0] Pipeline 'ingress': start
[18:17:33.657] [bmv2] [T] [thread 10992] [2.0] [cxt 0] mri.p4(188) Condition "hdr.ipv4.isValid()" (node_2) is false
[18:17:33.657] [bmv2] [D] [thread 10992] [2.0] [cxt 0] Pipeline 'ingress': end
[18:17:33.657] [bmv2] [D] [thread 10992] [2.0] [cxt 0] Egress port is 0
[18:17:33.657] [bmv2] [D] [thread 10993] [0.0] [cxt 0] Pipeline 'egress': start
[18:17:33.657] [bmv2] [T] [thread 10993] [0.0] [cxt 0] Applying table 'MyEgress.swtrace'
[18:17:33.657] [bmv2] [D] [thread 10993] [0.0] [cxt 0] Looking up key:

[18:17:33.657] [bmv2] [D] [thread 10993] [0.0] [cxt 0] Table 'MyEgress.swtrace': miss
[18:17:33.657] [bmv2] [D] [thread 10993] [0.0] [cxt 0] Action entry is NoAction - 
[18:17:33.657] [bmv2] [T] [thread 10993] [0.0] [cxt 0] Action NoAction
[18:17:33.657] [bmv2] [D] [thread 10993] [0.0] [cxt 0] Pipeline 'egress': end
[18:17:33.657] [bmv2] [D] [thread 10993] [0.0] [cxt 0] Deparser 'deparser': start
[18:17:33.657] [bmv2] [T] [thread 10993] [0.0] [cxt 0] Skipping checksum 'cksum' update because condition not met
[18:17:33.657] [bmv2] [D] [thread 10993] [0.0] [cxt 0] Deparsing header 'ethernet'
[18:17:33.657] [bmv2] [D] [thread 10993] [0.0] [cxt 0] Deparser 'deparser': end
[18:17:33.658] [bmv2] [D] [thread 10993] [1.0] [cxt 0] Pipeline 'egress': start
[18:17:33.658] [bmv2] [T] [thread 10993] [1.0] [cxt 0] Applying table 'MyEgress.swtrace'
[18:17:33.658] [bmv2] [D] [thread 10993] [1.0] [cxt 0] Looking up key:

[18:17:33.658] [bmv2] [D] [thread 10993] [1.0] [cxt 0] Table 'MyEgress.swtrace': miss
[18:17:33.658] [bmv2] [D] [thread 10993] [1.0] [cxt 0] Action entry is NoAction - 
[18:17:33.658] [bmv2] [T] [thread 10993] [1.0] [cxt 0] Action NoAction
[18:17:33.658] [bmv2] [D] [thread 10993] [1.0] [cxt 0] Pipeline 'egress': end
[18:17:33.658] [bmv2] [D] [thread 10993] [1.0] [cxt 0] Deparser 'deparser': start
[18:17:33.658] [bmv2] [T] [thread 10993] [1.0] [cxt 0] Skipping checksum 'cksum' update because condition not met
[18:17:33.658] [bmv2] [D] [thread 10993] [1.0] [cxt 0] Deparsing header 'ethernet'
[18:17:33.658] [bmv2] [D] [thread 10993] [1.0] [cxt 0] Deparser 'deparser': end
[18:17:33.658] [bmv2] [D] [thread 10993] [2.0] [cxt 0] Pipeline 'egress': start
[18:17:33.658] [bmv2] [T] [thread 10993] [2.0] [cxt 0] Applying table 'MyEgress.swtrace'
[18:17:33.658] [bmv2] [D] [thread 10993] [2.0] [cxt 0] Looking up key:

[18:17:33.658] [bmv2] [D] [thread 10993] [2.0] [cxt 0] Table 'MyEgress.swtrace': miss
[18:17:33.658] [bmv2] [D] [thread 10993] [2.0] [cxt 0] Action entry is NoAction - 
[18:17:33.658] [bmv2] [T] [thread 10993] [2.0] [cxt 0] Action NoAction
[18:17:33.658] [bmv2] [D] [thread 10993] [2.0] [cxt 0] Pipeline 'egress': end
[18:17:33.658] [bmv2] [D] [thread 10993] [2.0] [cxt 0] Deparser 'deparser': start
[18:17:33.658] [bmv2] [T] [thread 10993] [2.0] [cxt 0] Skipping checksum 'cksum' update because condition not met
[18:17:33.658] [bmv2] [D] [thread 10993] [2.0] [cxt 0] Deparsing header 'ethernet'
[18:17:33.658] [bmv2] [D] [thread 10993] [2.0] [cxt 0] Deparser 'deparser': end
[18:17:33.658] [bmv2] [D] [thread 10997] [0.0] [cxt 0] Transmitting packet of size 196 out of port 0
[18:17:33.658] [bmv2] [D] [thread 10997] [1.0] [cxt 0] Transmitting packet of size 208 out of port 0
[18:17:33.660] [bmv2] [D] [thread 10997] [2.0] [cxt 0] Transmitting packet of size 90 out of port 0
[18:17:33.674] [bmv2] [D] [thread 10992] [3.0] [cxt 0] Processing packet received on port 2
[18:17:33.674] [bmv2] [D] [thread 10992] [3.0] [cxt 0] Parser 'parser': start
[18:17:33.674] [bmv2] [D] [thread 10992] [3.0] [cxt 0] Parser 'parser' entering state 'start'
[18:17:33.674] [bmv2] [D] [thread 10992] [3.0] [cxt 0] Extracting header 'ethernet'
[18:17:33.674] [bmv2] [D] [thread 10992] [3.0] [cxt 0] Parser state 'start': key is 86dd
[18:17:33.674] [bmv2] [T] [thread 10992] [3.0] [cxt 0] Bytes parsed: 14
[18:17:33.674] [bmv2] [D] [thread 10992] [3.0] [cxt 0] Parser 'parser': end
[18:17:33.674] [bmv2] [D] [thread 10992] [3.0] [cxt 0] Pipeline 'ingress': start
[18:17:33.674] [bmv2] [T] [thread 10992] [3.0] [cxt 0] mri.p4(188) Condition "hdr.ipv4.isValid()" (node_2) is false
[18:17:33.674] [bmv2] [D] [thread 10992] [3.0] [cxt 0] Pipeline 'ingress': end
[18:17:33.674] [bmv2] [D] [thread 10992] [3.0] [cxt 0] Egress port is 0
[18:17:33.674] [bmv2] [D] [thread 10992] [4.0] [cxt 0] Processing packet received on port 3
[18:17:33.674] [bmv2] [D] [thread 10992] [4.0] [cxt 0] Parser 'parser': start
[18:17:33.674] [bmv2] [D] [thread 10992] [4.0] [cxt 0] Parser 'parser' entering state 'start'
[18:17:33.674] [bmv2] [D] [thread 10992] [4.0] [cxt 0] Extracting header 'ethernet'
[18:17:33.674] [bmv2] [D] [thread 10992] [4.0] [cxt 0] Parser state 'start': key is 86dd
[18:17:33.674] [bmv2] [T] [thread 10992] [4.0] [cxt 0] Bytes parsed: 14
[18:17:33.674] [bmv2] [D] [thread 10992] [4.0] [cxt 0] Parser 'parser': end
[18:17:33.674] [bmv2] [D] [thread 10992] [4.0] [cxt 0] Pipeline 'ingress': start
[18:17:33.674] [bmv2] [T] [thread 10992] [4.0] [cxt 0] mri.p4(188) Condition "hdr.ipv4.isValid()" (node_2) is false
[18:17:33.674] [bmv2] [D] [thread 10992] [4.0] [cxt 0] Pipeline 'ingress': end
[18:17:33.674] [bmv2] [D] [thread 10992] [4.0] [cxt 0] Egress port is 0
[18:17:33.675] [bmv2] [D] [thread 10992] [5.0] [cxt 0] Processing packet received on port 2
[18:17:33.675] [bmv2] [D] [thread 10992] [5.0] [cxt 0] Parser 'parser': start
[18:17:33.675] [bmv2] [D] [thread 10992] [5.0] [cxt 0] Parser 'parser' entering state 'start'
[18:17:33.675] [bmv2] [D] [thread 10992] [5.0] [cxt 0] Extracting header 'ethernet'
[18:17:33.675] [bmv2] [D] [thread 10992] [5.0] [cxt 0] Parser state 'start': key is 86dd
[18:17:33.675] [bmv2] [T] [thread 10992] [5.0] [cxt 0] Bytes parsed: 14
[18:17:33.675] [bmv2] [D] [thread 10992] [5.0] [cxt 0] Parser 'parser': end
[18:17:33.675] [bmv2] [D] [thread 10992] [5.0] [cxt 0] Pipeline 'ingress': start
[18:17:33.675] [bmv2] [T] [thread 10992] [5.0] [cxt 0] mri.p4(188) Condition "hdr.ipv4.isValid()" (node_2) is false
[18:17:33.675] [bmv2] [D] [thread 10992] [5.0] [cxt 0] Pipeline 'ingress': end
[18:17:33.675] [bmv2] [D] [thread 10992] [5.0] [cxt 0] Egress port is 0
[18:17:33.675] [bmv2] [D] [thread 10993] [3.0] [cxt 0] Pipeline 'egress': start
[18:17:33.675] [bmv2] [T] [thread 10993] [3.0] [cxt 0] Applying table 'MyEgress.swtrace'
[18:17:33.675] [bmv2] [D] [thread 10993] [3.0] [cxt 0] Looking up key:

[18:17:33.675] [bmv2] [D] [thread 10993] [3.0] [cxt 0] Table 'MyEgress.swtrace': miss
[18:17:33.675] [bmv2] [D] [thread 10993] [3.0] [cxt 0] Action entry is NoAction - 
[18:17:33.675] [bmv2] [T] [thread 10993] [3.0] [cxt 0] Action NoAction
[18:17:33.675] [bmv2] [D] [thread 10993] [3.0] [cxt 0] Pipeline 'egress': end
[18:17:33.675] [bmv2] [D] [thread 10993] [3.0] [cxt 0] Deparser 'deparser': start
[18:17:33.675] [bmv2] [T] [thread 10993] [3.0] [cxt 0] Skipping checksum 'cksum' update because condition not met
[18:17:33.675] [bmv2] [D] [thread 10993] [3.0] [cxt 0] Deparsing header 'ethernet'
[18:17:33.675] [bmv2] [D] [thread 10993] [3.0] [cxt 0] Deparser 'deparser': end
[18:17:33.675] [bmv2] [D] [thread 10993] [4.0] [cxt 0] Pipeline 'egress': start
[18:17:33.675] [bmv2] [T] [thread 10993] [4.0] [cxt 0] Applying table 'MyEgress.swtrace'
[18:17:33.675] [bmv2] [D] [thread 10993] [4.0] [cxt 0] Looking up key:

[18:17:33.675] [bmv2] [D] [thread 10993] [4.0] [cxt 0] Table 'MyEgress.swtrace': miss
[18:17:33.675] [bmv2] [D] [thread 10993] [4.0] [cxt 0] Action entry is NoAction - 
[18:17:33.675] [bmv2] [T] [thread 10993] [4.0] [cxt 0] Action NoAction
[18:17:33.675] [bmv2] [D] [thread 10993] [4.0] [cxt 0] Pipeline 'egress': end
[18:17:33.675] [bmv2] [D] [thread 10993] [4.0] [cxt 0] Deparser 'deparser': start
[18:17:33.675] [bmv2] [T] [thread 10993] [4.0] [cxt 0] Skipping checksum 'cksum' update because condition not met
[18:17:33.675] [bmv2] [D] [thread 10993] [4.0] [cxt 0] Deparsing header 'ethernet'
[18:17:33.675] [bmv2] [D] [thread 10993] [4.0] [cxt 0] Deparser 'deparser': end
[18:17:33.675] [bmv2] [D] [thread 10993] [5.0] [cxt 0] Pipeline 'egress': start
[18:17:33.675] [bmv2] [T] [thread 10993] [5.0] [cxt 0] Applying table 'MyEgress.swtrace'
[18:17:33.675] [bmv2] [D] [thread 10993] [5.0] [cxt 0] Looking up key:

[18:17:33.675] [bmv2] [D] [thread 10993] [5.0] [cxt 0] Table 'MyEgress.swtrace': miss
[18:17:33.675] [bmv2] [D] [thread 10993] [5.0] [cxt 0] Action entry is NoAction - 
[18:17:33.675] [bmv2] [T] [thread 10993] [5.0] [cxt 0] Action NoAction
[18:17:33.675] [bmv2] [D] [thread 10993] [5.0] [cxt 0] Pipeline 'egress': end
[18:17:33.675] [bmv2] [D] [thread 10993] [5.0] [cxt 0] Deparser 'deparser': start
[18:17:33.675] [bmv2] [T] [thread 10993] [5.0] [cxt 0] Skipping checksum 'cksum' update because condition not met
[18:17:33.675] [bmv2] [D] [thread 10993] [5.0] [cxt 0] Deparsing header 'ethernet'
[18:17:33.675] [bmv2] [D] [thread 10993] [5.0] [cxt 0] Deparser 'deparser': end
[18:17:33.675] [bmv2] [D] [thread 10997] [3.0] [cxt 0] Transmitting packet of size 90 out of port 0
[18:17:33.676] [bmv2] [D] [thread 10997] [4.0] [cxt 0] Transmitting packet of size 208 out of port 0
[18:17:33.676] [bmv2] [D] [thread 10997] [5.0] [cxt 0] Transmitting packet of size 70 out of port 0
[18:17:33.683] [bmv2] [D] [thread 10992] [6.0] [cxt 0] Processing packet received on port 2
[18:17:33.683] [bmv2] [D] [thread 10992] [6.0] [cxt 0] Parser 'parser': start
[18:17:33.683] [bmv2] [D] [thread 10992] [6.0] [cxt 0] Parser 'parser' entering state 'start'
[18:17:33.683] [bmv2] [D] [thread 10992] [6.0] [cxt 0] Extracting header 'ethernet'
[18:17:33.683] [bmv2] [D] [thread 10992] [6.0] [cxt 0] Parser state 'start': key is 86dd
[18:17:33.683] [bmv2] [T] [thread 10992] [6.0] [cxt 0] Bytes parsed: 14
[18:17:33.683] [bmv2] [D] [thread 10992] [6.0] [cxt 0] Parser 'parser': end
[18:17:33.683] [bmv2] [D] [thread 10992] [6.0] [cxt 0] Pipeline 'ingress': start
[18:17:33.683] [bmv2] [T] [thread 10992] [6.0] [cxt 0] mri.p4(188) Condition "hdr.ipv4.isValid()" (node_2) is false
[18:17:33.683] [bmv2] [D] [thread 10992] [6.0] [cxt 0] Pipeline 'ingress': end
[18:17:33.683] [bmv2] [D] [thread 10992] [6.0] [cxt 0] Egress port is 0
[18:17:33.683] [bmv2] [D] [thread 10993] [6.0] [cxt 0] Pipeline 'egress': start
[18:17:33.684] [bmv2] [T] [thread 10993] [6.0] [cxt 0] Applying table 'MyEgress.swtrace'
[18:17:33.684] [bmv2] [D] [thread 10993] [6.0] [cxt 0] Looking up key:

[18:17:33.684] [bmv2] [D] [thread 10993] [6.0] [cxt 0] Table 'MyEgress.swtrace': miss
[18:17:33.684] [bmv2] [D] [thread 10993] [6.0] [cxt 0] Action entry is NoAction - 
[18:17:33.684] [bmv2] [T] [thread 10993] [6.0] [cxt 0] Action NoAction
[18:17:33.684] [bmv2] [D] [thread 10993] [6.0] [cxt 0] Pipeline 'egress': end
[18:17:33.684] [bmv2] [D] [thread 10993] [6.0] [cxt 0] Deparser 'deparser': start
[18:17:33.684] [bmv2] [T] [thread 10993] [6.0] [cxt 0] Skipping checksum 'cksum' update because condition not met
[18:17:33.684] [bmv2] [D] [thread 10993] [6.0] [cxt 0] Deparsing header 'ethernet'
[18:17:33.684] [bmv2] [D] [thread 10993] [6.0] [cxt 0] Deparser 'deparser': end
[18:17:33.684] [bmv2] [D] [thread 10997] [6.0] [cxt 0] Transmitting packet of size 90 out of port 0
[18:17:33.724] [bmv2] [D] [thread 10992] [7.0] [cxt 0] Processing packet received on port 3
[18:17:33.724] [bmv2] [D] [thread 10992] [7.0] [cxt 0] Parser 'parser': start
[18:17:33.724] [bmv2] [D] [thread 10992] [7.0] [cxt 0] Parser 'parser' entering state 'start'
[18:17:33.724] [bmv2] [D] [thread 10992] [7.0] [cxt 0] Extracting header 'ethernet'
[18:17:33.724] [bmv2] [D] [thread 10992] [7.0] [cxt 0] Parser state 'start': key is 86dd
[18:17:33.724] [bmv2] [T] [thread 10992] [7.0] [cxt 0] Bytes parsed: 14
[18:17:33.724] [bmv2] [D] [thread 10992] [7.0] [cxt 0] Parser 'parser': end
[18:17:33.724] [bmv2] [D] [thread 10992] [7.0] [cxt 0] Pipeline 'ingress': start
[18:17:33.724] [bmv2] [T] [thread 10992] [7.0] [cxt 0] mri.p4(188) Condition "hdr.ipv4.isValid()" (node_2) is false
[18:17:33.724] [bmv2] [D] [thread 10992] [7.0] [cxt 0] Pipeline 'ingress': end
[18:17:33.724] [bmv2] [D] [thread 10992] [7.0] [cxt 0] Egress port is 0
[18:17:33.724] [bmv2] [D] [thread 10993] [7.0] [cxt 0] Pipeline 'egress': start
[18:17:33.724] [bmv2] [T] [thread 10993] [7.0] [cxt 0] Applying table 'MyEgress.swtrace'
[18:17:33.724] [bmv2] [D] [thread 10993] [7.0] [cxt 0] Looking up key:

[18:17:33.724] [bmv2] [D] [thread 10993] [7.0] [cxt 0] Table 'MyEgress.swtrace': miss
[18:17:33.724] [bmv2] [D] [thread 10993] [7.0] [cxt 0] Action entry is NoAction - 
[18:17:33.724] [bmv2] [T] [thread 10993] [7.0] [cxt 0] Action NoAction
[18:17:33.724] [bmv2] [D] [thread 10993] [7.0] [cxt 0] Pipeline 'egress': end
[18:17:33.724] [bmv2] [D] [thread 10993] [7.0] [cxt 0] Deparser 'deparser': start
[18:17:33.724] [bmv2] [T] [thread 10993] [7.0] [cxt 0] Skipping checksum 'cksum' update because condition not met
[18:17:33.724] [bmv2] [D] [thread 10993] [7.0] [cxt 0] Deparsing header 'ethernet'
[18:17:33.724] [bmv2] [D] [thread 10993] [7.0] [cxt 0] Deparser 'deparser': end
[18:17:33.724] [bmv2] [D] [thread 10997] [7.0] [cxt 0] Transmitting packet of size 208 out of port 0
[18:17:33.763] [bmv2] [D] [thread 10992] [8.0] [cxt 0] Processing packet received on port 2
[18:17:33.763] [bmv2] [D] [thread 10992] [8.0] [cxt 0] Parser 'parser': start
[18:17:33.763] [bmv2] [D] [thread 10992] [8.0] [cxt 0] Parser 'parser' entering state 'start'
[18:17:33.763] [bmv2] [D] [thread 10992] [8.0] [cxt 0] Extracting header 'ethernet'
[18:17:33.763] [bmv2] [D] [thread 10992] [8.0] [cxt 0] Parser state 'start': key is 86dd
[18:17:33.763] [bmv2] [T] [thread 10992] [8.0] [cxt 0] Bytes parsed: 14
[18:17:33.763] [bmv2] [D] [thread 10992] [8.0] [cxt 0] Parser 'parser': end
[18:17:33.763] [bmv2] [D] [thread 10992] [8.0] [cxt 0] Pipeline 'ingress': start
[18:17:33.763] [bmv2] [T] [thread 10992] [8.0] [cxt 0] mri.p4(188) Condition "hdr.ipv4.isValid()" (node_2) is false
[18:17:33.763] [bmv2] [D] [thread 10992] [8.0] [cxt 0] Pipeline 'ingress': end
[18:17:33.763] [bmv2] [D] [thread 10992] [8.0] [cxt 0] Egress port is 0
[18:17:33.763] [bmv2] [D] [thread 10993] [8.0] [cxt 0] Pipeline 'egress': start
[18:17:33.763] [bmv2] [T] [thread 10993] [8.0] [cxt 0] Applying table 'MyEgress.swtrace'
[18:17:33.763] [bmv2] [D] [thread 10993] [8.0] [cxt 0] Looking up key:

[18:17:33.763] [bmv2] [D] [thread 10993] [8.0] [cxt 0] Table 'MyEgress.swtrace': miss
[18:17:33.763] [bmv2] [D] [thread 10993] [8.0] [cxt 0] Action entry is NoAction - 
[18:17:33.763] [bmv2] [T] [thread 10993] [8.0] [cxt 0] Action NoAction
[18:17:33.763] [bmv2] [D] [thread 10993] [8.0] [cxt 0] Pipeline 'egress': end
[18:17:33.763] [bmv2] [D] [thread 10993] [8.0] [cxt 0] Deparser 'deparser': start
[18:17:33.763] [bmv2] [T] [thread 10993] [8.0] [cxt 0] Skipping checksum 'cksum' update because condition not met
[18:17:33.763] [bmv2] [D] [thread 10993] [8.0] [cxt 0] Deparsing header 'ethernet'
[18:17:33.763] [bmv2] [D] [thread 10993] [8.0] [cxt 0] Deparser 'deparser': end
[18:17:33.763] [bmv2] [D] [thread 10997] [8.0] [cxt 0] Transmitting packet of size 90 out of port 0
[18:17:33.860] [bmv2] [D] [thread 10992] [9.0] [cxt 0] Processing packet received on port 2
[18:17:33.860] [bmv2] [D] [thread 10992] [9.0] [cxt 0] Parser 'parser': start
[18:17:33.860] [bmv2] [D] [thread 10992] [9.0] [cxt 0] Parser 'parser' entering state 'start'
[18:17:33.860] [bmv2] [D] [thread 10992] [9.0] [cxt 0] Extracting header 'ethernet'
[18:17:33.860] [bmv2] [D] [thread 10992] [9.0] [cxt 0] Parser state 'start': key is 86dd
[18:17:33.860] [bmv2] [T] [thread 10992] [9.0] [cxt 0] Bytes parsed: 14
[18:17:33.860] [bmv2] [D] [thread 10992] [9.0] [cxt 0] Parser 'parser': end
[18:17:33.860] [bmv2] [D] [thread 10992] [9.0] [cxt 0] Pipeline 'ingress': start
[18:17:33.860] [bmv2] [T] [thread 10992] [9.0] [cxt 0] mri.p4(188) Condition "hdr.ipv4.isValid()" (node_2) is false
[18:17:33.860] [bmv2] [D] [thread 10992] [9.0] [cxt 0] Pipeline 'ingress': end
[18:17:33.860] [bmv2] [D] [thread 10992] [9.0] [cxt 0] Egress port is 0
[18:17:33.860] [bmv2] [D] [thread 10993] [9.0] [cxt 0] Pipeline 'egress': start
[18:17:33.860] [bmv2] [T] [thread 10993] [9.0] [cxt 0] Applying table 'MyEgress.swtrace'
[18:17:33.860] [bmv2] [D] [thread 10993] [9.0] [cxt 0] Looking up key:

[18:17:33.860] [bmv2] [D] [thread 10993] [9.0] [cxt 0] Table 'MyEgress.swtrace': miss
[18:17:33.860] [bmv2] [D] [thread 10993] [9.0] [cxt 0] Action entry is NoAction - 
[18:17:33.860] [bmv2] [T] [thread 10993] [9.0] [cxt 0] Action NoAction
[18:17:33.860] [bmv2] [D] [thread 10993] [9.0] [cxt 0] Pipeline 'egress': end
[18:17:33.860] [bmv2] [D] [thread 10993] [9.0] [cxt 0] Deparser 'deparser': start
[18:17:33.860] [bmv2] [T] [thread 10993] [9.0] [cxt 0] Skipping checksum 'cksum' update because condition not met
[18:17:33.860] [bmv2] [D] [thread 10993] [9.0] [cxt 0] Deparsing header 'ethernet'
[18:17:33.860] [bmv2] [D] [thread 10993] [9.0] [cxt 0] Deparser 'deparser': end
[18:17:33.860] [bmv2] [D] [thread 10997] [9.0] [cxt 0] Transmitting packet of size 208 out of port 0
[18:17:33.897] [bmv2] [D] [thread 10992] [10.0] [cxt 0] Processing packet received on port 3
[18:17:33.897] [bmv2] [D] [thread 10992] [10.0] [cxt 0] Parser 'parser': start
[18:17:33.897] [bmv2] [D] [thread 10992] [10.0] [cxt 0] Parser 'parser' entering state 'start'
[18:17:33.897] [bmv2] [D] [thread 10992] [10.0] [cxt 0] Extracting header 'ethernet'
[18:17:33.897] [bmv2] [D] [thread 10992] [10.0] [cxt 0] Parser state 'start': key is 86dd
[18:17:33.897] [bmv2] [T] [thread 10992] [10.0] [cxt 0] Bytes parsed: 14
[18:17:33.897] [bmv2] [D] [thread 10992] [10.0] [cxt 0] Parser 'parser': end
[18:17:33.897] [bmv2] [D] [thread 10992] [10.0] [cxt 0] Pipeline 'ingress': start
[18:17:33.897] [bmv2] [T] [thread 10992] [10.0] [cxt 0] mri.p4(188) Condition "hdr.ipv4.isValid()" (node_2) is false
[18:17:33.897] [bmv2] [D] [thread 10992] [10.0] [cxt 0] Pipeline 'ingress': end
[18:17:33.897] [bmv2] [D] [thread 10992] [10.0] [cxt 0] Egress port is 0
[18:17:33.897] [bmv2] [D] [thread 10993] [10.0] [cxt 0] Pipeline 'egress': start
[18:17:33.897] [bmv2] [T] [thread 10993] [10.0] [cxt 0] Applying table 'MyEgress.swtrace'
[18:17:33.897] [bmv2] [D] [thread 10993] [10.0] [cxt 0] Looking up key:

[18:17:33.897] [bmv2] [D] [thread 10993] [10.0] [cxt 0] Table 'MyEgress.swtrace': miss
[18:17:33.897] [bmv2] [D] [thread 10993] [10.0] [cxt 0] Action entry is NoAction - 
[18:17:33.897] [bmv2] [T] [thread 10993] [10.0] [cxt 0] Action NoAction
[18:17:33.897] [bmv2] [D] [thread 10993] [10.0] [cxt 0] Pipeline 'egress': end
[18:17:33.897] [bmv2] [D] [thread 10993] [10.0] [cxt 0] Deparser 'deparser': start
[18:17:33.897] [bmv2] [T] [thread 10993] [10.0] [cxt 0] Skipping checksum 'cksum' update because condition not met
[18:17:33.897] [bmv2] [D] [thread 10993] [10.0] [cxt 0] Deparsing header 'ethernet'
[18:17:33.897] [bmv2] [D] [thread 10993] [10.0] [cxt 0] Deparser 'deparser': end
[18:17:33.898] [bmv2] [D] [thread 10997] [10.0] [cxt 0] Transmitting packet of size 90 out of port 0
[18:17:33.919] [bmv2] [D] [thread 10992] [11.0] [cxt 0] Processing packet received on port 3
[18:17:33.919] [bmv2] [D] [thread 10992] [11.0] [cxt 0] Parser 'parser': start
[18:17:33.919] [bmv2] [D] [thread 10992] [11.0] [cxt 0] Parser 'parser' entering state 'start'
[18:17:33.919] [bmv2] [D] [thread 10992] [11.0] [cxt 0] Extracting header 'ethernet'
[18:17:33.919] [bmv2] [D] [thread 10992] [11.0] [cxt 0] Parser state 'start': key is 86dd
[18:17:33.919] [bmv2] [T] [thread 10992] [11.0] [cxt 0] Bytes parsed: 14
[18:17:33.919] [bmv2] [D] [thread 10992] [11.0] [cxt 0] Parser 'parser': end
[18:17:33.919] [bmv2] [D] [thread 10992] [11.0] [cxt 0] Pipeline 'ingress': start
[18:17:33.919] [bmv2] [T] [thread 10992] [11.0] [cxt 0] mri.p4(188) Condition "hdr.ipv4.isValid()" (node_2) is false
[18:17:33.919] [bmv2] [D] [thread 10992] [11.0] [cxt 0] Pipeline 'ingress': end
[18:17:33.919] [bmv2] [D] [thread 10992] [11.0] [cxt 0] Egress port is 0
[18:17:33.920] [bmv2] [D] [thread 10993] [11.0] [cxt 0] Pipeline 'egress': start
[18:17:33.920] [bmv2] [T] [thread 10993] [11.0] [cxt 0] Applying table 'MyEgress.swtrace'
[18:17:33.920] [bmv2] [D] [thread 10993] [11.0] [cxt 0] Looking up key:

[18:17:33.920] [bmv2] [D] [thread 10993] [11.0] [cxt 0] Table 'MyEgress.swtrace': miss
[18:17:33.920] [bmv2] [D] [thread 10993] [11.0] [cxt 0] Action entry is NoAction - 
[18:17:33.920] [bmv2] [T] [thread 10993] [11.0] [cxt 0] Action NoAction
[18:17:33.920] [bmv2] [D] [thread 10993] [11.0] [cxt 0] Pipeline 'egress': end
[18:17:33.920] [bmv2] [D] [thread 10993] [11.0] [cxt 0] Deparser 'deparser': start
[18:17:33.920] [bmv2] [T] [thread 10993] [11.0] [cxt 0] Skipping checksum 'cksum' update because condition not met
[18:17:33.920] [bmv2] [D] [thread 10993] [11.0] [cxt 0] Deparsing header 'ethernet'
[18:17:33.920] [bmv2] [D] [thread 10993] [11.0] [cxt 0] Deparser 'deparser': end
[18:17:33.920] [bmv2] [D] [thread 10997] [11.0] [cxt 0] Transmitting packet of size 208 out of port 0
[18:17:33.925] [bmv2] [D] [thread 10992] [12.0] [cxt 0] Processing packet received on port 2
[18:17:33.925] [bmv2] [D] [thread 10992] [12.0] [cxt 0] Parser 'parser': start
[18:17:33.925] [bmv2] [D] [thread 10992] [12.0] [cxt 0] Parser 'parser' entering state 'start'
[18:17:33.925] [bmv2] [D] [thread 10992] [12.0] [cxt 0] Extracting header 'ethernet'
[18:17:33.925] [bmv2] [D] [thread 10992] [12.0] [cxt 0] Parser state 'start': key is 86dd
[18:17:33.925] [bmv2] [T] [thread 10992] [12.0] [cxt 0] Bytes parsed: 14
[18:17:33.925] [bmv2] [D] [thread 10992] [12.0] [cxt 0] Parser 'parser': end
[18:17:33.925] [bmv2] [D] [thread 10992] [12.0] [cxt 0] Pipeline 'ingress': start
[18:17:33.925] [bmv2] [T] [thread 10992] [12.0] [cxt 0] mri.p4(188) Condition "hdr.ipv4.isValid()" (node_2) is false
[18:17:33.925] [bmv2] [D] [thread 10992] [12.0] [cxt 0] Pipeline 'ingress': end
[18:17:33.925] [bmv2] [D] [thread 10992] [12.0] [cxt 0] Egress port is 0
[18:17:33.925] [bmv2] [D] [thread 10992] [13.0] [cxt 0] Processing packet received on port 3
[18:17:33.925] [bmv2] [D] [thread 10992] [13.0] [cxt 0] Parser 'parser': start
[18:17:33.925] [bmv2] [D] [thread 10992] [13.0] [cxt 0] Parser 'parser' entering state 'start'
[18:17:33.925] [bmv2] [D] [thread 10992] [13.0] [cxt 0] Extracting header 'ethernet'
[18:17:33.925] [bmv2] [D] [thread 10992] [13.0] [cxt 0] Parser state 'start': key is 86dd
[18:17:33.925] [bmv2] [T] [thread 10992] [13.0] [cxt 0] Bytes parsed: 14
[18:17:33.925] [bmv2] [D] [thread 10992] [13.0] [cxt 0] Parser 'parser': end
[18:17:33.925] [bmv2] [D] [thread 10992] [13.0] [cxt 0] Pipeline 'ingress': start
[18:17:33.925] [bmv2] [T] [thread 10992] [13.0] [cxt 0] mri.p4(188) Condition "hdr.ipv4.isValid()" (node_2) is false
[18:17:33.925] [bmv2] [D] [thread 10992] [13.0] [cxt 0] Pipeline 'ingress': end
[18:17:33.925] [bmv2] [D] [thread 10992] [13.0] [cxt 0] Egress port is 0
[18:17:33.925] [bmv2] [D] [thread 10993] [12.0] [cxt 0] Pipeline 'egress': start
[18:17:33.925] [bmv2] [T] [thread 10993] [12.0] [cxt 0] Applying table 'MyEgress.swtrace'
[18:17:33.925] [bmv2] [D] [thread 10993] [12.0] [cxt 0] Looking up key:

[18:17:33.925] [bmv2] [D] [thread 10993] [12.0] [cxt 0] Table 'MyEgress.swtrace': miss
[18:17:33.925] [bmv2] [D] [thread 10993] [12.0] [cxt 0] Action entry is NoAction - 
[18:17:33.925] [bmv2] [T] [thread 10993] [12.0] [cxt 0] Action NoAction
[18:17:33.925] [bmv2] [D] [thread 10993] [12.0] [cxt 0] Pipeline 'egress': end
[18:17:33.925] [bmv2] [D] [thread 10993] [12.0] [cxt 0] Deparser 'deparser': start
[18:17:33.925] [bmv2] [T] [thread 10993] [12.0] [cxt 0] Skipping checksum 'cksum' update because condition not met
[18:17:33.925] [bmv2] [D] [thread 10993] [12.0] [cxt 0] Deparsing header 'ethernet'
[18:17:33.925] [bmv2] [D] [thread 10993] [12.0] [cxt 0] Deparser 'deparser': end
[18:17:33.925] [bmv2] [D] [thread 10993] [13.0] [cxt 0] Pipeline 'egress': start
[18:17:33.925] [bmv2] [T] [thread 10993] [13.0] [cxt 0] Applying table 'MyEgress.swtrace'
[18:17:33.925] [bmv2] [D] [thread 10993] [13.0] [cxt 0] Looking up key:

[18:17:33.925] [bmv2] [D] [thread 10993] [13.0] [cxt 0] Table 'MyEgress.swtrace': miss
[18:17:33.925] [bmv2] [D] [thread 10993] [13.0] [cxt 0] Action entry is NoAction - 
[18:17:33.925] [bmv2] [T] [thread 10993] [13.0] [cxt 0] Action NoAction
[18:17:33.925] [bmv2] [D] [thread 10993] [13.0] [cxt 0] Pipeline 'egress': end
[18:17:33.925] [bmv2] [D] [thread 10993] [13.0] [cxt 0] Deparser 'deparser': start
[18:17:33.925] [bmv2] [T] [thread 10993] [13.0] [cxt 0] Skipping checksum 'cksum' update because condition not met
[18:17:33.925] [bmv2] [D] [thread 10993] [13.0] [cxt 0] Deparsing header 'ethernet'
[18:17:33.925] [bmv2] [D] [thread 10993] [13.0] [cxt 0] Deparser 'deparser': end
[18:17:33.925] [bmv2] [D] [thread 10997] [12.0] [cxt 0] Transmitting packet of size 208 out of port 0
[18:17:33.925] [bmv2] [D] [thread 10997] [13.0] [cxt 0] Transmitting packet of size 196 out of port 0
[18:17:33.960] [bmv2] [D] [thread 10992] [14.0] [cxt 0] Processing packet received on port 2
[18:17:33.960] [bmv2] [D] [thread 10992] [14.0] [cxt 0] Parser 'parser': start
[18:17:33.960] [bmv2] [D] [thread 10992] [14.0] [cxt 0] Parser 'parser' entering state 'start'
[18:17:33.960] [bmv2] [D] [thread 10992] [14.0] [cxt 0] Extracting header 'ethernet'
[18:17:33.960] [bmv2] [D] [thread 10992] [14.0] [cxt 0] Parser state 'start': key is 86dd
[18:17:33.960] [bmv2] [T] [thread 10992] [14.0] [cxt 0] Bytes parsed: 14
[18:17:33.960] [bmv2] [D] [thread 10992] [14.0] [cxt 0] Parser 'parser': end
[18:17:33.960] [bmv2] [D] [thread 10992] [14.0] [cxt 0] Pipeline 'ingress': start
[18:17:33.960] [bmv2] [T] [thread 10992] [14.0] [cxt 0] mri.p4(188) Condition "hdr.ipv4.isValid()" (node_2) is false
[18:17:33.960] [bmv2] [D] [thread 10992] [14.0] [cxt 0] Pipeline 'ingress': end
[18:17:33.960] [bmv2] [D] [thread 10992] [14.0] [cxt 0] Egress port is 0
[18:17:33.961] [bmv2] [D] [thread 10993] [14.0] [cxt 0] Pipeline 'egress': start
[18:17:33.961] [bmv2] [T] [thread 10993] [14.0] [cxt 0] Applying table 'MyEgress.swtrace'
[18:17:33.961] [bmv2] [D] [thread 10993] [14.0] [cxt 0] Looking up key:

[18:17:33.961] [bmv2] [D] [thread 10993] [14.0] [cxt 0] Table 'MyEgress.swtrace': miss
[18:17:33.961] [bmv2] [D] [thread 10993] [14.0] [cxt 0] Action entry is NoAction - 
[18:17:33.961] [bmv2] [T] [thread 10993] [14.0] [cxt 0] Action NoAction
[18:17:33.961] [bmv2] [D] [thread 10993] [14.0] [cxt 0] Pipeline 'egress': end
[18:17:33.961] [bmv2] [D] [thread 10993] [14.0] [cxt 0] Deparser 'deparser': start
[18:17:33.961] [bmv2] [T] [thread 10993] [14.0] [cxt 0] Skipping checksum 'cksum' update because condition not met
[18:17:33.961] [bmv2] [D] [thread 10993] [14.0] [cxt 0] Deparsing header 'ethernet'
[18:17:33.961] [bmv2] [D] [thread 10993] [14.0] [cxt 0] Deparser 'deparser': end
[18:17:33.961] [bmv2] [D] [thread 10997] [14.0] [cxt 0] Transmitting packet of size 110 out of port 0
[18:17:33.989] [bmv2] [D] [thread 10992] [15.0] [cxt 0] Processing packet received on port 2
[18:17:33.990] [bmv2] [D] [thread 10992] [15.0] [cxt 0] Parser 'parser': start
[18:17:33.990] [bmv2] [D] [thread 10992] [15.0] [cxt 0] Parser 'parser' entering state 'start'
[18:17:33.990] [bmv2] [D] [thread 10992] [15.0] [cxt 0] Extracting header 'ethernet'
[18:17:33.990] [bmv2] [D] [thread 10992] [15.0] [cxt 0] Parser state 'start': key is 86dd
[18:17:33.990] [bmv2] [T] [thread 10992] [15.0] [cxt 0] Bytes parsed: 14
[18:17:33.990] [bmv2] [D] [thread 10992] [15.0] [cxt 0] Parser 'parser': end
[18:17:33.990] [bmv2] [D] [thread 10992] [15.0] [cxt 0] Pipeline 'ingress': start
[18:17:33.990] [bmv2] [T] [thread 10992] [15.0] [cxt 0] mri.p4(188) Condition "hdr.ipv4.isValid()" (node_2) is false
[18:17:33.990] [bmv2] [D] [thread 10992] [15.0] [cxt 0] Pipeline 'ingress': end
[18:17:33.990] [bmv2] [D] [thread 10992] [15.0] [cxt 0] Egress port is 0
[18:17:33.990] [bmv2] [D] [thread 10993] [15.0] [cxt 0] Pipeline 'egress': start
[18:17:33.990] [bmv2] [T] [thread 10993] [15.0] [cxt 0] Applying table 'MyEgress.swtrace'
[18:17:33.990] [bmv2] [D] [thread 10993] [15.0] [cxt 0] Looking up key:

[18:17:33.990] [bmv2] [D] [thread 10993] [15.0] [cxt 0] Table 'MyEgress.swtrace': miss
[18:17:33.990] [bmv2] [D] [thread 10993] [15.0] [cxt 0] Action entry is NoAction - 
[18:17:33.990] [bmv2] [T] [thread 10993] [15.0] [cxt 0] Action NoAction
[18:17:33.990] [bmv2] [D] [thread 10993] [15.0] [cxt 0] Pipeline 'egress': end
[18:17:33.990] [bmv2] [D] [thread 10993] [15.0] [cxt 0] Deparser 'deparser': start
[18:17:33.990] [bmv2] [T] [thread 10993] [15.0] [cxt 0] Skipping checksum 'cksum' update because condition not met
[18:17:33.990] [bmv2] [D] [thread 10993] [15.0] [cxt 0] Deparsing header 'ethernet'
[18:17:33.990] [bmv2] [D] [thread 10993] [15.0] [cxt 0] Deparser 'deparser': end
[18:17:33.991] [bmv2] [D] [thread 10997] [15.0] [cxt 0] Transmitting packet of size 90 out of port 0
[18:17:34.060] [bmv2] [D] [thread 10992] [16.0] [cxt 0] Processing packet received on port 2
[18:17:34.061] [bmv2] [D] [thread 10992] [16.0] [cxt 0] Parser 'parser': start
[18:17:34.061] [bmv2] [D] [thread 10992] [16.0] [cxt 0] Parser 'parser' entering state 'start'
[18:17:34.061] [bmv2] [D] [thread 10992] [16.0] [cxt 0] Extracting header 'ethernet'
[18:17:34.061] [bmv2] [D] [thread 10992] [16.0] [cxt 0] Parser state 'start': key is 86dd
[18:17:34.061] [bmv2] [T] [thread 10992] [16.0] [cxt 0] Bytes parsed: 14
[18:17:34.062] [bmv2] [D] [thread 10992] [16.0] [cxt 0] Parser 'parser': end
[18:17:34.062] [bmv2] [D] [thread 10992] [16.0] [cxt 0] Pipeline 'ingress': start
[18:17:34.062] [bmv2] [T] [thread 10992] [16.0] [cxt 0] mri.p4(188) Condition "hdr.ipv4.isValid()" (node_2) is false
[18:17:34.062] [bmv2] [D] [thread 10992] [16.0] [cxt 0] Pipeline 'ingress': end
[18:17:34.062] [bmv2] [D] [thread 10992] [16.0] [cxt 0] Egress port is 0
[18:17:34.062] [bmv2] [D] [thread 10993] [16.0] [cxt 0] Pipeline 'egress': start
[18:17:34.062] [bmv2] [T] [thread 10993] [16.0] [cxt 0] Applying table 'MyEgress.swtrace'
[18:17:34.062] [bmv2] [D] [thread 10993] [16.0] [cxt 0] Looking up key:

[18:17:34.062] [bmv2] [D] [thread 10993] [16.0] [cxt 0] Table 'MyEgress.swtrace': miss
[18:17:34.062] [bmv2] [D] [thread 10993] [16.0] [cxt 0] Action entry is NoAction - 
[18:17:34.062] [bmv2] [T] [thread 10993] [16.0] [cxt 0] Action NoAction
[18:17:34.062] [bmv2] [D] [thread 10993] [16.0] [cxt 0] Pipeline 'egress': end
[18:17:34.062] [bmv2] [D] [thread 10993] [16.0] [cxt 0] Deparser 'deparser': start
[18:17:34.062] [bmv2] [T] [thread 10993] [16.0] [cxt 0] Skipping checksum 'cksum' update because condition not met
[18:17:34.062] [bmv2] [D] [thread 10993] [16.0] [cxt 0] Deparsing header 'ethernet'
[18:17:34.062] [bmv2] [D] [thread 10993] [16.0] [cxt 0] Deparser 'deparser': end
[18:17:34.062] [bmv2] [D] [thread 10997] [16.0] [cxt 0] Transmitting packet of size 196 out of port 0
[18:17:34.121] [bmv2] [D] [thread 10992] [17.0] [cxt 0] Processing packet received on port 3
[18:17:34.121] [bmv2] [D] [thread 10992] [17.0] [cxt 0] Parser 'parser': start
[18:17:34.121] [bmv2] [D] [thread 10992] [17.0] [cxt 0] Parser 'parser' entering state 'start'
[18:17:34.121] [bmv2] [D] [thread 10992] [17.0] [cxt 0] Extracting header 'ethernet'
[18:17:34.121] [bmv2] [D] [thread 10992] [17.0] [cxt 0] Parser state 'start': key is 86dd
[18:17:34.122] [bmv2] [T] [thread 10992] [17.0] [cxt 0] Bytes parsed: 14
[18:17:34.122] [bmv2] [D] [thread 10992] [17.0] [cxt 0] Parser 'parser': end
[18:17:34.122] [bmv2] [D] [thread 10992] [17.0] [cxt 0] Pipeline 'ingress': start
[18:17:34.122] [bmv2] [T] [thread 10992] [17.0] [cxt 0] mri.p4(188) Condition "hdr.ipv4.isValid()" (node_2) is false
[18:17:34.122] [bmv2] [D] [thread 10992] [17.0] [cxt 0] Pipeline 'ingress': end
[18:17:34.122] [bmv2] [D] [thread 10992] [17.0] [cxt 0] Egress port is 0
[18:17:34.123] [bmv2] [D] [thread 10993] [17.0] [cxt 0] Pipeline 'egress': start
[18:17:34.123] [bmv2] [T] [thread 10993] [17.0] [cxt 0] Applying table 'MyEgress.swtrace'
[18:17:34.123] [bmv2] [D] [thread 10993] [17.0] [cxt 0] Looking up key:

[18:17:34.123] [bmv2] [D] [thread 10993] [17.0] [cxt 0] Table 'MyEgress.swtrace': miss
[18:17:34.123] [bmv2] [D] [thread 10993] [17.0] [cxt 0] Action entry is NoAction - 
[18:17:34.123] [bmv2] [T] [thread 10993] [17.0] [cxt 0] Action NoAction
[18:17:34.123] [bmv2] [D] [thread 10993] [17.0] [cxt 0] Pipeline 'egress': end
[18:17:34.123] [bmv2] [D] [thread 10993] [17.0] [cxt 0] Deparser 'deparser': start
[18:17:34.123] [bmv2] [T] [thread 10993] [17.0] [cxt 0] Skipping checksum 'cksum' update because condition not met
[18:17:34.123] [bmv2] [D] [thread 10993] [17.0] [cxt 0] Deparsing header 'ethernet'
[18:17:34.123] [bmv2] [D] [thread 10993] [17.0] [cxt 0] Deparser 'deparser': end
[18:17:34.123] [bmv2] [D] [thread 10997] [17.0] [cxt 0] Transmitting packet of size 196 out of port 0
[18:17:34.147] [bmv2] [D] [thread 10992] [18.0] [cxt 0] Processing packet received on port 2
[18:17:34.147] [bmv2] [D] [thread 10992] [18.0] [cxt 0] Parser 'parser': start
[18:17:34.147] [bmv2] [D] [thread 10992] [18.0] [cxt 0] Parser 'parser' entering state 'start'
[18:17:34.147] [bmv2] [D] [thread 10992] [18.0] [cxt 0] Extracting header 'ethernet'
[18:17:34.147] [bmv2] [D] [thread 10992] [18.0] [cxt 0] Parser state 'start': key is 86dd
[18:17:34.147] [bmv2] [T] [thread 10992] [18.0] [cxt 0] Bytes parsed: 14
[18:17:34.147] [bmv2] [D] [thread 10992] [18.0] [cxt 0] Parser 'parser': end
[18:17:34.147] [bmv2] [D] [thread 10992] [18.0] [cxt 0] Pipeline 'ingress': start
[18:17:34.147] [bmv2] [T] [thread 10992] [18.0] [cxt 0] mri.p4(188) Condition "hdr.ipv4.isValid()" (node_2) is false
[18:17:34.148] [bmv2] [D] [thread 10992] [18.0] [cxt 0] Pipeline 'ingress': end
[18:17:34.148] [bmv2] [D] [thread 10992] [18.0] [cxt 0] Egress port is 0
[18:17:34.148] [bmv2] [D] [thread 10993] [18.0] [cxt 0] Pipeline 'egress': start
[18:17:34.148] [bmv2] [T] [thread 10993] [18.0] [cxt 0] Applying table 'MyEgress.swtrace'
[18:17:34.148] [bmv2] [D] [thread 10993] [18.0] [cxt 0] Looking up key:

[18:17:34.148] [bmv2] [D] [thread 10993] [18.0] [cxt 0] Table 'MyEgress.swtrace': miss
[18:17:34.148] [bmv2] [D] [thread 10993] [18.0] [cxt 0] Action entry is NoAction - 
[18:17:34.148] [bmv2] [T] [thread 10993] [18.0] [cxt 0] Action NoAction
[18:17:34.148] [bmv2] [D] [thread 10993] [18.0] [cxt 0] Pipeline 'egress': end
[18:17:34.148] [bmv2] [D] [thread 10993] [18.0] [cxt 0] Deparser 'deparser': start
[18:17:34.148] [bmv2] [T] [thread 10993] [18.0] [cxt 0] Skipping checksum 'cksum' update because condition not met
[18:17:34.148] [bmv2] [D] [thread 10993] [18.0] [cxt 0] Deparsing header 'ethernet'
[18:17:34.148] [bmv2] [D] [thread 10993] [18.0] [cxt 0] Deparser 'deparser': end
[18:17:34.148] [bmv2] [D] [thread 10997] [18.0] [cxt 0] Transmitting packet of size 110 out of port 0
[18:17:34.176] [bmv2] [D] [thread 10992] [19.0] [cxt 0] Processing packet received on port 2
[18:17:34.176] [bmv2] [D] [thread 10992] [19.0] [cxt 0] Parser 'parser': start
[18:17:34.176] [bmv2] [D] [thread 10992] [19.0] [cxt 0] Parser 'parser' entering state 'start'
[18:17:34.176] [bmv2] [D] [thread 10992] [19.0] [cxt 0] Extracting header 'ethernet'
[18:17:34.176] [bmv2] [D] [thread 10992] [19.0] [cxt 0] Parser state 'start': key is 86dd
[18:17:34.176] [bmv2] [T] [thread 10992] [19.0] [cxt 0] Bytes parsed: 14
[18:17:34.176] [bmv2] [D] [thread 10992] [19.0] [cxt 0] Parser 'parser': end
[18:17:34.176] [bmv2] [D] [thread 10992] [19.0] [cxt 0] Pipeline 'ingress': start
[18:17:34.176] [bmv2] [T] [thread 10992] [19.0] [cxt 0] mri.p4(188) Condition "hdr.ipv4.isValid()" (node_2) is false
[18:17:34.176] [bmv2] [D] [thread 10992] [19.0] [cxt 0] Pipeline 'ingress': end
[18:17:34.176] [bmv2] [D] [thread 10992] [19.0] [cxt 0] Egress port is 0
[18:17:34.176] [bmv2] [D] [thread 10993] [19.0] [cxt 0] Pipeline 'egress': start
[18:17:34.177] [bmv2] [T] [thread 10993] [19.0] [cxt 0] Applying table 'MyEgress.swtrace'
[18:17:34.177] [bmv2] [D] [thread 10993] [19.0] [cxt 0] Looking up key:

[18:17:34.177] [bmv2] [D] [thread 10993] [19.0] [cxt 0] Table 'MyEgress.swtrace': miss
[18:17:34.177] [bmv2] [D] [thread 10993] [19.0] [cxt 0] Action entry is NoAction - 
[18:17:34.177] [bmv2] [T] [thread 10993] [19.0] [cxt 0] Action NoAction
[18:17:34.177] [bmv2] [D] [thread 10993] [19.0] [cxt 0] Pipeline 'egress': end
[18:17:34.177] [bmv2] [D] [thread 10993] [19.0] [cxt 0] Deparser 'deparser': start
[18:17:34.177] [bmv2] [T] [thread 10993] [19.0] [cxt 0] Skipping checksum 'cksum' update because condition not met
[18:17:34.177] [bmv2] [D] [thread 10993] [19.0] [cxt 0] Deparsing header 'ethernet'
[18:17:34.177] [bmv2] [D] [thread 10993] [19.0] [cxt 0] Deparser 'deparser': end
[18:17:34.177] [bmv2] [D] [thread 10997] [19.0] [cxt 0] Transmitting packet of size 208 out of port 0
[18:17:34.426] [bmv2] [D] [thread 10992] [20.0] [cxt 0] Processing packet received on port 2
[18:17:34.426] [bmv2] [D] [thread 10992] [20.0] [cxt 0] Parser 'parser': start
[18:17:34.426] [bmv2] [D] [thread 10992] [20.0] [cxt 0] Parser 'parser' entering state 'start'
[18:17:34.426] [bmv2] [D] [thread 10992] [20.0] [cxt 0] Extracting header 'ethernet'
[18:17:34.426] [bmv2] [D] [thread 10992] [20.0] [cxt 0] Parser state 'start': key is 86dd
[18:17:34.426] [bmv2] [T] [thread 10992] [20.0] [cxt 0] Bytes parsed: 14
[18:17:34.426] [bmv2] [D] [thread 10992] [20.0] [cxt 0] Parser 'parser': end
[18:17:34.426] [bmv2] [D] [thread 10992] [20.0] [cxt 0] Pipeline 'ingress': start
[18:17:34.426] [bmv2] [T] [thread 10992] [20.0] [cxt 0] mri.p4(188) Condition "hdr.ipv4.isValid()" (node_2) is false
[18:17:34.426] [bmv2] [D] [thread 10992] [20.0] [cxt 0] Pipeline 'ingress': end
[18:17:34.426] [bmv2] [D] [thread 10992] [20.0] [cxt 0] Egress port is 0
[18:17:34.427] [bmv2] [D] [thread 10993] [20.0] [cxt 0] Pipeline 'egress': start
[18:17:34.427] [bmv2] [T] [thread 10993] [20.0] [cxt 0] Applying table 'MyEgress.swtrace'
[18:17:34.427] [bmv2] [D] [thread 10993] [20.0] [cxt 0] Looking up key:

[18:17:34.427] [bmv2] [D] [thread 10993] [20.0] [cxt 0] Table 'MyEgress.swtrace': miss
[18:17:34.427] [bmv2] [D] [thread 10993] [20.0] [cxt 0] Action entry is NoAction - 
[18:17:34.427] [bmv2] [T] [thread 10993] [20.0] [cxt 0] Action NoAction
[18:17:34.427] [bmv2] [D] [thread 10993] [20.0] [cxt 0] Pipeline 'egress': end
[18:17:34.427] [bmv2] [D] [thread 10993] [20.0] [cxt 0] Deparser 'deparser': start
[18:17:34.427] [bmv2] [T] [thread 10993] [20.0] [cxt 0] Skipping checksum 'cksum' update because condition not met
[18:17:34.427] [bmv2] [D] [thread 10993] [20.0] [cxt 0] Deparsing header 'ethernet'
[18:17:34.427] [bmv2] [D] [thread 10993] [20.0] [cxt 0] Deparser 'deparser': end
[18:17:34.427] [bmv2] [D] [thread 10997] [20.0] [cxt 0] Transmitting packet of size 208 out of port 0
[18:17:34.631] [bmv2] [D] [thread 10992] [21.0] [cxt 0] Processing packet received on port 2
[18:17:34.631] [bmv2] [D] [thread 10992] [21.0] [cxt 0] Parser 'parser': start
[18:17:34.631] [bmv2] [D] [thread 10992] [21.0] [cxt 0] Parser 'parser' entering state 'start'
[18:17:34.631] [bmv2] [D] [thread 10992] [21.0] [cxt 0] Extracting header 'ethernet'
[18:17:34.631] [bmv2] [D] [thread 10992] [21.0] [cxt 0] Parser state 'start': key is 86dd
[18:17:34.632] [bmv2] [T] [thread 10992] [21.0] [cxt 0] Bytes parsed: 14
[18:17:34.632] [bmv2] [D] [thread 10992] [21.0] [cxt 0] Parser 'parser': end
[18:17:34.632] [bmv2] [D] [thread 10992] [21.0] [cxt 0] Pipeline 'ingress': start
[18:17:34.632] [bmv2] [T] [thread 10992] [21.0] [cxt 0] mri.p4(188) Condition "hdr.ipv4.isValid()" (node_2) is false
[18:17:34.632] [bmv2] [D] [thread 10992] [21.0] [cxt 0] Pipeline 'ingress': end
[18:17:34.632] [bmv2] [D] [thread 10992] [21.0] [cxt 0] Egress port is 0
[18:17:34.632] [bmv2] [D] [thread 10993] [21.0] [cxt 0] Pipeline 'egress': start
[18:17:34.632] [bmv2] [T] [thread 10993] [21.0] [cxt 0] Applying table 'MyEgress.swtrace'
[18:17:34.632] [bmv2] [D] [thread 10993] [21.0] [cxt 0] Looking up key:

[18:17:34.632] [bmv2] [D] [thread 10993] [21.0] [cxt 0] Table 'MyEgress.swtrace': miss
[18:17:34.632] [bmv2] [D] [thread 10993] [21.0] [cxt 0] Action entry is NoAction - 
[18:17:34.632] [bmv2] [T] [thread 10993] [21.0] [cxt 0] Action NoAction
[18:17:34.632] [bmv2] [D] [thread 10993] [21.0] [cxt 0] Pipeline 'egress': end
[18:17:34.632] [bmv2] [D] [thread 10993] [21.0] [cxt 0] Deparser 'deparser': start
[18:17:34.632] [bmv2] [T] [thread 10993] [21.0] [cxt 0] Skipping checksum 'cksum' update because condition not met
[18:17:34.632] [bmv2] [D] [thread 10993] [21.0] [cxt 0] Deparsing header 'ethernet'
[18:17:34.632] [bmv2] [D] [thread 10993] [21.0] [cxt 0] Deparser 'deparser': end
[18:17:34.632] [bmv2] [D] [thread 10997] [21.0] [cxt 0] Transmitting packet of size 196 out of port 0
[18:17:34.811] [bmv2] [D] [thread 10992] [22.0] [cxt 0] Processing packet received on port 1
[18:17:34.811] [bmv2] [D] [thread 10992] [22.0] [cxt 0] Parser 'parser': start
[18:17:34.811] [bmv2] [D] [thread 10992] [22.0] [cxt 0] Parser 'parser' entering state 'start'
[18:17:34.811] [bmv2] [D] [thread 10992] [22.0] [cxt 0] Extracting header 'ethernet'
[18:17:34.811] [bmv2] [D] [thread 10992] [22.0] [cxt 0] Parser state 'start': key is 86dd
[18:17:34.811] [bmv2] [T] [thread 10992] [22.0] [cxt 0] Bytes parsed: 14
[18:17:34.811] [bmv2] [D] [thread 10992] [22.0] [cxt 0] Parser 'parser': end
[18:17:34.811] [bmv2] [D] [thread 10992] [22.0] [cxt 0] Pipeline 'ingress': start
[18:17:34.811] [bmv2] [T] [thread 10992] [22.0] [cxt 0] mri.p4(188) Condition "hdr.ipv4.isValid()" (node_2) is false
[18:17:34.811] [bmv2] [D] [thread 10992] [22.0] [cxt 0] Pipeline 'ingress': end
[18:17:34.811] [bmv2] [D] [thread 10992] [22.0] [cxt 0] Egress port is 0
[18:17:34.811] [bmv2] [D] [thread 10993] [22.0] [cxt 0] Pipeline 'egress': start
[18:17:34.811] [bmv2] [T] [thread 10993] [22.0] [cxt 0] Applying table 'MyEgress.swtrace'
[18:17:34.811] [bmv2] [D] [thread 10993] [22.0] [cxt 0] Looking up key:

[18:17:34.811] [bmv2] [D] [thread 10993] [22.0] [cxt 0] Table 'MyEgress.swtrace': miss
[18:17:34.811] [bmv2] [D] [thread 10993] [22.0] [cxt 0] Action entry is NoAction - 
[18:17:34.811] [bmv2] [T] [thread 10993] [22.0] [cxt 0] Action NoAction
[18:17:34.811] [bmv2] [D] [thread 10993] [22.0] [cxt 0] Pipeline 'egress': end
[18:17:34.811] [bmv2] [D] [thread 10993] [22.0] [cxt 0] Deparser 'deparser': start
[18:17:34.811] [bmv2] [T] [thread 10993] [22.0] [cxt 0] Skipping checksum 'cksum' update because condition not met
[18:17:34.811] [bmv2] [D] [thread 10993] [22.0] [cxt 0] Deparsing header 'ethernet'
[18:17:34.811] [bmv2] [D] [thread 10993] [22.0] [cxt 0] Deparser 'deparser': end
[18:17:34.811] [bmv2] [D] [thread 10997] [22.0] [cxt 0] Transmitting packet of size 196 out of port 0
[18:17:35.129] [bmv2] [D] [thread 10992] [23.0] [cxt 0] Processing packet received on port 3
[18:17:35.129] [bmv2] [D] [thread 10992] [23.0] [cxt 0] Parser 'parser': start
[18:17:35.129] [bmv2] [D] [thread 10992] [23.0] [cxt 0] Parser 'parser' entering state 'start'
[18:17:35.129] [bmv2] [D] [thread 10992] [23.0] [cxt 0] Extracting header 'ethernet'
[18:17:35.129] [bmv2] [D] [thread 10992] [23.0] [cxt 0] Parser state 'start': key is 86dd
[18:17:35.129] [bmv2] [T] [thread 10992] [23.0] [cxt 0] Bytes parsed: 14
[18:17:35.129] [bmv2] [D] [thread 10992] [23.0] [cxt 0] Parser 'parser': end
[18:17:35.129] [bmv2] [D] [thread 10992] [23.0] [cxt 0] Pipeline 'ingress': start
[18:17:35.129] [bmv2] [T] [thread 10992] [23.0] [cxt 0] mri.p4(188) Condition "hdr.ipv4.isValid()" (node_2) is false
[18:17:35.129] [bmv2] [D] [thread 10992] [23.0] [cxt 0] Pipeline 'ingress': end
[18:17:35.129] [bmv2] [D] [thread 10992] [23.0] [cxt 0] Egress port is 0
[18:17:35.129] [bmv2] [D] [thread 10993] [23.0] [cxt 0] Pipeline 'egress': start
[18:17:35.129] [bmv2] [T] [thread 10993] [23.0] [cxt 0] Applying table 'MyEgress.swtrace'
[18:17:35.129] [bmv2] [D] [thread 10993] [23.0] [cxt 0] Looking up key:

[18:17:35.129] [bmv2] [D] [thread 10993] [23.0] [cxt 0] Table 'MyEgress.swtrace': miss
[18:17:35.129] [bmv2] [D] [thread 10993] [23.0] [cxt 0] Action entry is NoAction - 
[18:17:35.129] [bmv2] [T] [thread 10993] [23.0] [cxt 0] Action NoAction
[18:17:35.129] [bmv2] [D] [thread 10993] [23.0] [cxt 0] Pipeline 'egress': end
[18:17:35.129] [bmv2] [D] [thread 10993] [23.0] [cxt 0] Deparser 'deparser': start
[18:17:35.129] [bmv2] [T] [thread 10993] [23.0] [cxt 0] Skipping checksum 'cksum' update because condition not met
[18:17:35.129] [bmv2] [D] [thread 10993] [23.0] [cxt 0] Deparsing header 'ethernet'
[18:17:35.129] [bmv2] [D] [thread 10993] [23.0] [cxt 0] Deparser 'deparser': end
[18:17:35.129] [bmv2] [D] [thread 10997] [23.0] [cxt 0] Transmitting packet of size 196 out of port 0
[18:17:35.131] [bmv2] [W] [thread 11045] [P4Runtime] p4::tmp::P4DeviceConfig is deprecated
[18:17:35.133] [bmv2] [D] [thread 11045] Set default default entry for table 'MyIngress.ipv4_lpm': NoAction - 
[18:17:35.133] [bmv2] [D] [thread 11045] Set default default entry for table 'MyEgress.swtrace': NoAction - 
[18:17:35.140] [bmv2] [D] [thread 11045] simple_switch target has been notified of a config swap
[18:17:35.141] [bmv2] [D] [thread 11046] Set default entry for table 'MyEgress.swtrace': MyEgress.add_swtrace - 3,
[18:17:35.143] [bmv2] [D] [thread 11045] Entry 0 added to table 'MyIngress.ipv4_lpm'
[18:17:35.143] [bmv2] [D] [thread 11045] Dumping entry 0
Match key:
* hdr.ipv4.dstAddr    : LPM       0a000303/32
Action entry: MyIngress.ipv4_forward - 80000000303,1,

[18:17:35.145] [bmv2] [D] [thread 11051] Entry 1 added to table 'MyIngress.ipv4_lpm'
[18:17:35.145] [bmv2] [D] [thread 11051] Dumping entry 1
Match key:
* hdr.ipv4.dstAddr    : LPM       0a000100/24
Action entry: MyIngress.ipv4_forward - 80000000100,2,

[18:17:35.146] [bmv2] [D] [thread 11045] Entry 2 added to table 'MyIngress.ipv4_lpm'
[18:17:35.147] [bmv2] [D] [thread 11045] Dumping entry 2
Match key:
* hdr.ipv4.dstAddr    : LPM       0a000200/24
Action entry: MyIngress.ipv4_forward - 80000000200,3,

[18:17:35.266] [bmv2] [D] [thread 10992] [24.0] [cxt 0] Processing packet received on port 2
[18:17:35.266] [bmv2] [D] [thread 10992] [24.0] [cxt 0] Parser 'parser': start
[18:17:35.266] [bmv2] [D] [thread 10992] [24.0] [cxt 0] Parser 'parser' entering state 'start'
[18:17:35.266] [bmv2] [D] [thread 10992] [24.0] [cxt 0] Extracting header 'ethernet'
[18:17:35.266] [bmv2] [D] [thread 10992] [24.0] [cxt 0] Parser state 'start': key is 86dd
[18:17:35.266] [bmv2] [T] [thread 10992] [24.0] [cxt 0] Bytes parsed: 14
[18:17:35.266] [bmv2] [D] [thread 10992] [24.0] [cxt 0] Parser 'parser': end
[18:17:35.266] [bmv2] [D] [thread 10992] [24.0] [cxt 0] Pipeline 'ingress': start
[18:17:35.266] [bmv2] [T] [thread 10992] [24.0] [cxt 0] mri.p4(188) Condition "hdr.ipv4.isValid()" (node_2) is false
[18:17:35.266] [bmv2] [D] [thread 10992] [24.0] [cxt 0] Pipeline 'ingress': end
[18:17:35.266] [bmv2] [D] [thread 10992] [24.0] [cxt 0] Egress port is 0
[18:17:35.266] [bmv2] [D] [thread 10993] [24.0] [cxt 0] Pipeline 'egress': start
[18:17:35.267] [bmv2] [T] [thread 10993] [24.0] [cxt 0] Applying table 'MyEgress.swtrace'
[18:17:35.267] [bmv2] [D] [thread 10993] [24.0] [cxt 0] Looking up key:

[18:17:35.267] [bmv2] [D] [thread 10993] [24.0] [cxt 0] Table 'MyEgress.swtrace': miss
[18:17:35.267] [bmv2] [D] [thread 10993] [24.0] [cxt 0] Action entry is MyEgress.add_swtrace - 3,
[18:17:35.267] [bmv2] [T] [thread 10993] [24.0] [cxt 0] Action MyEgress.add_swtrace
[18:17:35.267] [bmv2] [D] [thread 10993] [24.0] [cxt 0] Pipeline 'egress': end
[18:17:35.267] [bmv2] [D] [thread 10993] [24.0] [cxt 0] Deparser 'deparser': start
[18:17:35.267] [bmv2] [T] [thread 10993] [24.0] [cxt 0] Skipping checksum 'cksum' update because condition not met
[18:17:35.267] [bmv2] [D] [thread 10993] [24.0] [cxt 0] Deparsing header 'ethernet'
[18:17:35.267] [bmv2] [D] [thread 10993] [24.0] [cxt 0] Deparser 'deparser': end
[18:17:35.267] [bmv2] [D] [thread 10997] [24.0] [cxt 0] Transmitting packet of size 196 out of port 0
[18:17:35.324] [bmv2] [D] [thread 10992] [25.0] [cxt 0] Processing packet received on port 3
[18:17:35.324] [bmv2] [D] [thread 10992] [25.0] [cxt 0] Parser 'parser': start
[18:17:35.324] [bmv2] [D] [thread 10992] [25.0] [cxt 0] Parser 'parser' entering state 'start'
[18:17:35.324] [bmv2] [D] [thread 10992] [25.0] [cxt 0] Extracting header 'ethernet'
[18:17:35.324] [bmv2] [D] [thread 10992] [25.0] [cxt 0] Parser state 'start': key is 86dd
[18:17:35.324] [bmv2] [T] [thread 10992] [25.0] [cxt 0] Bytes parsed: 14
[18:17:35.324] [bmv2] [D] [thread 10992] [25.0] [cxt 0] Parser 'parser': end
[18:17:35.324] [bmv2] [D] [thread 10992] [25.0] [cxt 0] Pipeline 'ingress': start
[18:17:35.324] [bmv2] [T] [thread 10992] [25.0] [cxt 0] mri.p4(188) Condition "hdr.ipv4.isValid()" (node_2) is false
[18:17:35.324] [bmv2] [D] [thread 10992] [25.0] [cxt 0] Pipeline 'ingress': end
[18:17:35.324] [bmv2] [D] [thread 10992] [25.0] [cxt 0] Egress port is 0
[18:17:35.324] [bmv2] [D] [thread 10993] [25.0] [cxt 0] Pipeline 'egress': start
[18:17:35.324] [bmv2] [T] [thread 10993] [25.0] [cxt 0] Applying table 'MyEgress.swtrace'
[18:17:35.324] [bmv2] [D] [thread 10993] [25.0] [cxt 0] Looking up key:

[18:17:35.324] [bmv2] [D] [thread 10993] [25.0] [cxt 0] Table 'MyEgress.swtrace': miss
[18:17:35.325] [bmv2] [D] [thread 10993] [25.0] [cxt 0] Action entry is MyEgress.add_swtrace - 3,
[18:17:35.325] [bmv2] [T] [thread 10993] [25.0] [cxt 0] Action MyEgress.add_swtrace
[18:17:35.325] [bmv2] [D] [thread 10993] [25.0] [cxt 0] Pipeline 'egress': end
[18:17:35.325] [bmv2] [D] [thread 10993] [25.0] [cxt 0] Deparser 'deparser': start
[18:17:35.325] [bmv2] [T] [thread 10993] [25.0] [cxt 0] Skipping checksum 'cksum' update because condition not met
[18:17:35.325] [bmv2] [D] [thread 10993] [25.0] [cxt 0] Deparsing header 'ethernet'
[18:17:35.325] [bmv2] [D] [thread 10993] [25.0] [cxt 0] Deparser 'deparser': end
[18:17:35.325] [bmv2] [D] [thread 10997] [25.0] [cxt 0] Transmitting packet of size 196 out of port 0
[18:17:35.838] [bmv2] [D] [thread 10992] [26.0] [cxt 0] Processing packet received on port 2
[18:17:35.839] [bmv2] [D] [thread 10992] [26.0] [cxt 0] Parser 'parser': start
[18:17:35.839] [bmv2] [D] [thread 10992] [26.0] [cxt 0] Parser 'parser' entering state 'start'
[18:17:35.839] [bmv2] [D] [thread 10992] [26.0] [cxt 0] Extracting header 'ethernet'
[18:17:35.839] [bmv2] [D] [thread 10992] [26.0] [cxt 0] Parser state 'start': key is 86dd
[18:17:35.839] [bmv2] [T] [thread 10992] [26.0] [cxt 0] Bytes parsed: 14
[18:17:35.839] [bmv2] [D] [thread 10992] [26.0] [cxt 0] Parser 'parser': end
[18:17:35.839] [bmv2] [D] [thread 10992] [26.0] [cxt 0] Pipeline 'ingress': start
[18:17:35.839] [bmv2] [T] [thread 10992] [26.0] [cxt 0] mri.p4(188) Condition "hdr.ipv4.isValid()" (node_2) is false
[18:17:35.839] [bmv2] [D] [thread 10992] [26.0] [cxt 0] Pipeline 'ingress': end
[18:17:35.839] [bmv2] [D] [thread 10992] [26.0] [cxt 0] Egress port is 0
[18:17:35.839] [bmv2] [D] [thread 10993] [26.0] [cxt 0] Pipeline 'egress': start
[18:17:35.839] [bmv2] [T] [thread 10993] [26.0] [cxt 0] Applying table 'MyEgress.swtrace'
[18:17:35.839] [bmv2] [D] [thread 10993] [26.0] [cxt 0] Looking up key:

[18:17:35.839] [bmv2] [D] [thread 10993] [26.0] [cxt 0] Table 'MyEgress.swtrace': miss
[18:17:35.839] [bmv2] [D] [thread 10993] [26.0] [cxt 0] Action entry is MyEgress.add_swtrace - 3,
[18:17:35.839] [bmv2] [T] [thread 10993] [26.0] [cxt 0] Action MyEgress.add_swtrace
[18:17:35.839] [bmv2] [D] [thread 10993] [26.0] [cxt 0] Pipeline 'egress': end
[18:17:35.839] [bmv2] [D] [thread 10993] [26.0] [cxt 0] Deparser 'deparser': start
[18:17:35.839] [bmv2] [T] [thread 10993] [26.0] [cxt 0] Skipping checksum 'cksum' update because condition not met
[18:17:35.839] [bmv2] [D] [thread 10993] [26.0] [cxt 0] Deparsing header 'ethernet'
[18:17:35.839] [bmv2] [D] [thread 10993] [26.0] [cxt 0] Deparser 'deparser': end
[18:17:35.839] [bmv2] [D] [thread 10997] [26.0] [cxt 0] Transmitting packet of size 196 out of port 0
[18:17:36.803] [bmv2] [D] [thread 10992] [27.0] [cxt 0] Processing packet received on port 3
[18:17:36.803] [bmv2] [D] [thread 10992] [27.0] [cxt 0] Parser 'parser': start
[18:17:36.803] [bmv2] [D] [thread 10992] [27.0] [cxt 0] Parser 'parser' entering state 'start'
[18:17:36.803] [bmv2] [D] [thread 10992] [27.0] [cxt 0] Extracting header 'ethernet'
[18:17:36.803] [bmv2] [D] [thread 10992] [27.0] [cxt 0] Parser state 'start': key is 86dd
[18:17:36.803] [bmv2] [T] [thread 10992] [27.0] [cxt 0] Bytes parsed: 14
[18:17:36.803] [bmv2] [D] [thread 10992] [27.0] [cxt 0] Parser 'parser': end
[18:17:36.803] [bmv2] [D] [thread 10992] [27.0] [cxt 0] Pipeline 'ingress': start
[18:17:36.803] [bmv2] [T] [thread 10992] [27.0] [cxt 0] mri.p4(188) Condition "hdr.ipv4.isValid()" (node_2) is false
[18:17:36.803] [bmv2] [D] [thread 10992] [27.0] [cxt 0] Pipeline 'ingress': end
[18:17:36.803] [bmv2] [D] [thread 10992] [27.0] [cxt 0] Egress port is 0
[18:17:36.803] [bmv2] [D] [thread 10993] [27.0] [cxt 0] Pipeline 'egress': start
[18:17:36.803] [bmv2] [T] [thread 10993] [27.0] [cxt 0] Applying table 'MyEgress.swtrace'
[18:17:36.803] [bmv2] [D] [thread 10993] [27.0] [cxt 0] Looking up key:

[18:17:36.803] [bmv2] [D] [thread 10993] [27.0] [cxt 0] Table 'MyEgress.swtrace': miss
[18:17:36.803] [bmv2] [D] [thread 10993] [27.0] [cxt 0] Action entry is MyEgress.add_swtrace - 3,
[18:17:36.803] [bmv2] [T] [thread 10993] [27.0] [cxt 0] Action MyEgress.add_swtrace
[18:17:36.803] [bmv2] [D] [thread 10993] [27.0] [cxt 0] Pipeline 'egress': end
[18:17:36.803] [bmv2] [D] [thread 10993] [27.0] [cxt 0] Deparser 'deparser': start
[18:17:36.803] [bmv2] [T] [thread 10993] [27.0] [cxt 0] Skipping checksum 'cksum' update because condition not met
[18:17:36.803] [bmv2] [D] [thread 10993] [27.0] [cxt 0] Deparsing header 'ethernet'
[18:17:36.803] [bmv2] [D] [thread 10993] [27.0] [cxt 0] Deparser 'deparser': end
[18:17:36.803] [bmv2] [D] [thread 10997] [27.0] [cxt 0] Transmitting packet of size 70 out of port 0
[18:17:37.017] [bmv2] [D] [thread 10992] [28.0] [cxt 0] Processing packet received on port 1
[18:17:37.018] [bmv2] [D] [thread 10992] [28.0] [cxt 0] Parser 'parser': start
[18:17:37.018] [bmv2] [D] [thread 10992] [28.0] [cxt 0] Parser 'parser' entering state 'start'
[18:17:37.018] [bmv2] [D] [thread 10992] [28.0] [cxt 0] Extracting header 'ethernet'
[18:17:37.018] [bmv2] [D] [thread 10992] [28.0] [cxt 0] Parser state 'start': key is 86dd
[18:17:37.018] [bmv2] [T] [thread 10992] [28.0] [cxt 0] Bytes parsed: 14
[18:17:37.018] [bmv2] [D] [thread 10992] [28.0] [cxt 0] Parser 'parser': end
[18:17:37.018] [bmv2] [D] [thread 10992] [28.0] [cxt 0] Pipeline 'ingress': start
[18:17:37.018] [bmv2] [T] [thread 10992] [28.0] [cxt 0] mri.p4(188) Condition "hdr.ipv4.isValid()" (node_2) is false
[18:17:37.018] [bmv2] [D] [thread 10992] [28.0] [cxt 0] Pipeline 'ingress': end
[18:17:37.018] [bmv2] [D] [thread 10992] [28.0] [cxt 0] Egress port is 0
[18:17:37.018] [bmv2] [D] [thread 10993] [28.0] [cxt 0] Pipeline 'egress': start
[18:17:37.018] [bmv2] [T] [thread 10993] [28.0] [cxt 0] Applying table 'MyEgress.swtrace'
[18:17:37.018] [bmv2] [D] [thread 10993] [28.0] [cxt 0] Looking up key:

[18:17:37.018] [bmv2] [D] [thread 10993] [28.0] [cxt 0] Table 'MyEgress.swtrace': miss
[18:17:37.018] [bmv2] [D] [thread 10993] [28.0] [cxt 0] Action entry is MyEgress.add_swtrace - 3,
[18:17:37.018] [bmv2] [T] [thread 10993] [28.0] [cxt 0] Action MyEgress.add_swtrace
[18:17:37.018] [bmv2] [D] [thread 10993] [28.0] [cxt 0] Pipeline 'egress': end
[18:17:37.019] [bmv2] [D] [thread 10993] [28.0] [cxt 0] Deparser 'deparser': start
[18:17:37.019] [bmv2] [T] [thread 10993] [28.0] [cxt 0] Skipping checksum 'cksum' update because condition not met
[18:17:37.019] [bmv2] [D] [thread 10993] [28.0] [cxt 0] Deparsing header 'ethernet'
[18:17:37.019] [bmv2] [D] [thread 10993] [28.0] [cxt 0] Deparser 'deparser': end
[18:17:37.019] [bmv2] [D] [thread 10997] [28.0] [cxt 0] Transmitting packet of size 196 out of port 0
[18:17:37.059] [bmv2] [D] [thread 10992] [29.0] [cxt 0] Processing packet received on port 1
[18:17:37.059] [bmv2] [D] [thread 10992] [29.0] [cxt 0] Parser 'parser': start
[18:17:37.059] [bmv2] [D] [thread 10992] [29.0] [cxt 0] Parser 'parser' entering state 'start'
[18:17:37.059] [bmv2] [D] [thread 10992] [29.0] [cxt 0] Extracting header 'ethernet'
[18:17:37.059] [bmv2] [D] [thread 10992] [29.0] [cxt 0] Parser state 'start': key is 86dd
[18:17:37.060] [bmv2] [T] [thread 10992] [29.0] [cxt 0] Bytes parsed: 14
[18:17:37.060] [bmv2] [D] [thread 10992] [29.0] [cxt 0] Parser 'parser': end
[18:17:37.060] [bmv2] [D] [thread 10992] [29.0] [cxt 0] Pipeline 'ingress': start
[18:17:37.060] [bmv2] [T] [thread 10992] [29.0] [cxt 0] mri.p4(188) Condition "hdr.ipv4.isValid()" (node_2) is false
[18:17:37.060] [bmv2] [D] [thread 10992] [29.0] [cxt 0] Pipeline 'ingress': end
[18:17:37.060] [bmv2] [D] [thread 10992] [29.0] [cxt 0] Egress port is 0
[18:17:37.060] [bmv2] [D] [thread 10992] [30.0] [cxt 0] Processing packet received on port 2
[18:17:37.060] [bmv2] [D] [thread 10992] [30.0] [cxt 0] Parser 'parser': start
[18:17:37.060] [bmv2] [D] [thread 10992] [30.0] [cxt 0] Parser 'parser' entering state 'start'
[18:17:37.060] [bmv2] [D] [thread 10992] [30.0] [cxt 0] Extracting header 'ethernet'
[18:17:37.060] [bmv2] [D] [thread 10992] [30.0] [cxt 0] Parser state 'start': key is 86dd
[18:17:37.060] [bmv2] [T] [thread 10992] [30.0] [cxt 0] Bytes parsed: 14
[18:17:37.060] [bmv2] [D] [thread 10992] [30.0] [cxt 0] Parser 'parser': end
[18:17:37.060] [bmv2] [D] [thread 10992] [30.0] [cxt 0] Pipeline 'ingress': start
[18:17:37.060] [bmv2] [T] [thread 10992] [30.0] [cxt 0] mri.p4(188) Condition "hdr.ipv4.isValid()" (node_2) is false
[18:17:37.060] [bmv2] [D] [thread 10992] [30.0] [cxt 0] Pipeline 'ingress': end
[18:17:37.060] [bmv2] [D] [thread 10992] [30.0] [cxt 0] Egress port is 0
[18:17:37.060] [bmv2] [D] [thread 10993] [29.0] [cxt 0] Pipeline 'egress': start
[18:17:37.061] [bmv2] [T] [thread 10993] [29.0] [cxt 0] Applying table 'MyEgress.swtrace'
[18:17:37.061] [bmv2] [D] [thread 10993] [29.0] [cxt 0] Looking up key:

[18:17:37.061] [bmv2] [D] [thread 10993] [29.0] [cxt 0] Table 'MyEgress.swtrace': miss
[18:17:37.061] [bmv2] [D] [thread 10993] [29.0] [cxt 0] Action entry is MyEgress.add_swtrace - 3,
[18:17:37.061] [bmv2] [T] [thread 10993] [29.0] [cxt 0] Action MyEgress.add_swtrace
[18:17:37.061] [bmv2] [D] [thread 10993] [29.0] [cxt 0] Pipeline 'egress': end
[18:17:37.061] [bmv2] [D] [thread 10993] [29.0] [cxt 0] Deparser 'deparser': start
[18:17:37.061] [bmv2] [T] [thread 10993] [29.0] [cxt 0] Skipping checksum 'cksum' update because condition not met
[18:17:37.061] [bmv2] [D] [thread 10993] [29.0] [cxt 0] Deparsing header 'ethernet'
[18:17:37.061] [bmv2] [D] [thread 10993] [29.0] [cxt 0] Deparser 'deparser': end
[18:17:37.061] [bmv2] [D] [thread 10993] [30.0] [cxt 0] Pipeline 'egress': start
[18:17:37.061] [bmv2] [T] [thread 10993] [30.0] [cxt 0] Applying table 'MyEgress.swtrace'
[18:17:37.061] [bmv2] [D] [thread 10993] [30.0] [cxt 0] Looking up key:

[18:17:37.061] [bmv2] [D] [thread 10993] [30.0] [cxt 0] Table 'MyEgress.swtrace': miss
[18:17:37.061] [bmv2] [D] [thread 10993] [30.0] [cxt 0] Action entry is MyEgress.add_swtrace - 3,
[18:17:37.061] [bmv2] [T] [thread 10993] [30.0] [cxt 0] Action MyEgress.add_swtrace
[18:17:37.061] [bmv2] [D] [thread 10993] [30.0] [cxt 0] Pipeline 'egress': end
[18:17:37.061] [bmv2] [D] [thread 10993] [30.0] [cxt 0] Deparser 'deparser': start
[18:17:37.061] [bmv2] [T] [thread 10993] [30.0] [cxt 0] Skipping checksum 'cksum' update because condition not met
[18:17:37.061] [bmv2] [D] [thread 10993] [30.0] [cxt 0] Deparsing header 'ethernet'
[18:17:37.061] [bmv2] [D] [thread 10993] [30.0] [cxt 0] Deparser 'deparser': end
[18:17:37.061] [bmv2] [D] [thread 10997] [29.0] [cxt 0] Transmitting packet of size 70 out of port 0
[18:17:37.062] [bmv2] [D] [thread 10997] [30.0] [cxt 0] Transmitting packet of size 70 out of port 0
[18:17:37.335] [bmv2] [D] [thread 10992] [31.0] [cxt 0] Processing packet received on port 3
[18:17:37.335] [bmv2] [D] [thread 10992] [31.0] [cxt 0] Parser 'parser': start
[18:17:37.335] [bmv2] [D] [thread 10992] [31.0] [cxt 0] Parser 'parser' entering state 'start'
[18:17:37.335] [bmv2] [D] [thread 10992] [31.0] [cxt 0] Extracting header 'ethernet'
[18:17:37.335] [bmv2] [D] [thread 10992] [31.0] [cxt 0] Parser state 'start': key is 86dd
[18:17:37.335] [bmv2] [T] [thread 10992] [31.0] [cxt 0] Bytes parsed: 14
[18:17:37.335] [bmv2] [D] [thread 10992] [31.0] [cxt 0] Parser 'parser': end
[18:17:37.335] [bmv2] [D] [thread 10992] [31.0] [cxt 0] Pipeline 'ingress': start
[18:17:37.335] [bmv2] [T] [thread 10992] [31.0] [cxt 0] mri.p4(188) Condition "hdr.ipv4.isValid()" (node_2) is false
[18:17:37.335] [bmv2] [D] [thread 10992] [31.0] [cxt 0] Pipeline 'ingress': end
[18:17:37.335] [bmv2] [D] [thread 10992] [31.0] [cxt 0] Egress port is 0
[18:17:37.335] [bmv2] [D] [thread 10993] [31.0] [cxt 0] Pipeline 'egress': start
[18:17:37.335] [bmv2] [T] [thread 10993] [31.0] [cxt 0] Applying table 'MyEgress.swtrace'
[18:17:37.335] [bmv2] [D] [thread 10993] [31.0] [cxt 0] Looking up key:

[18:17:37.336] [bmv2] [D] [thread 10993] [31.0] [cxt 0] Table 'MyEgress.swtrace': miss
[18:17:37.336] [bmv2] [D] [thread 10993] [31.0] [cxt 0] Action entry is MyEgress.add_swtrace - 3,
[18:17:37.336] [bmv2] [T] [thread 10993] [31.0] [cxt 0] Action MyEgress.add_swtrace
[18:17:37.336] [bmv2] [D] [thread 10993] [31.0] [cxt 0] Pipeline 'egress': end
[18:17:37.336] [bmv2] [D] [thread 10993] [31.0] [cxt 0] Deparser 'deparser': start
[18:17:37.336] [bmv2] [T] [thread 10993] [31.0] [cxt 0] Skipping checksum 'cksum' update because condition not met
[18:17:37.336] [bmv2] [D] [thread 10993] [31.0] [cxt 0] Deparsing header 'ethernet'
[18:17:37.336] [bmv2] [D] [thread 10993] [31.0] [cxt 0] Deparser 'deparser': end
[18:17:37.336] [bmv2] [D] [thread 10997] [31.0] [cxt 0] Transmitting packet of size 196 out of port 0
[18:17:37.473] [bmv2] [D] [thread 10992] [32.0] [cxt 0] Processing packet received on port 2
[18:17:37.473] [bmv2] [D] [thread 10992] [32.0] [cxt 0] Parser 'parser': start
[18:17:37.473] [bmv2] [D] [thread 10992] [32.0] [cxt 0] Parser 'parser' entering state 'start'
[18:17:37.473] [bmv2] [D] [thread 10992] [32.0] [cxt 0] Extracting header 'ethernet'
[18:17:37.473] [bmv2] [D] [thread 10992] [32.0] [cxt 0] Parser state 'start': key is 86dd
[18:17:37.473] [bmv2] [T] [thread 10992] [32.0] [cxt 0] Bytes parsed: 14
[18:17:37.474] [bmv2] [D] [thread 10992] [32.0] [cxt 0] Parser 'parser': end
[18:17:37.474] [bmv2] [D] [thread 10992] [32.0] [cxt 0] Pipeline 'ingress': start
[18:17:37.474] [bmv2] [T] [thread 10992] [32.0] [cxt 0] mri.p4(188) Condition "hdr.ipv4.isValid()" (node_2) is false
[18:17:37.474] [bmv2] [D] [thread 10992] [32.0] [cxt 0] Pipeline 'ingress': end
[18:17:37.474] [bmv2] [D] [thread 10992] [32.0] [cxt 0] Egress port is 0
[18:17:37.474] [bmv2] [D] [thread 10993] [32.0] [cxt 0] Pipeline 'egress': start
[18:17:37.474] [bmv2] [T] [thread 10993] [32.0] [cxt 0] Applying table 'MyEgress.swtrace'
[18:17:37.474] [bmv2] [D] [thread 10993] [32.0] [cxt 0] Looking up key:

[18:17:37.474] [bmv2] [D] [thread 10993] [32.0] [cxt 0] Table 'MyEgress.swtrace': miss
[18:17:37.474] [bmv2] [D] [thread 10993] [32.0] [cxt 0] Action entry is MyEgress.add_swtrace - 3,
[18:17:37.474] [bmv2] [T] [thread 10993] [32.0] [cxt 0] Action MyEgress.add_swtrace
[18:17:37.474] [bmv2] [D] [thread 10993] [32.0] [cxt 0] Pipeline 'egress': end
[18:17:37.474] [bmv2] [D] [thread 10993] [32.0] [cxt 0] Deparser 'deparser': start
[18:17:37.474] [bmv2] [T] [thread 10993] [32.0] [cxt 0] Skipping checksum 'cksum' update because condition not met
[18:17:37.474] [bmv2] [D] [thread 10993] [32.0] [cxt 0] Deparsing header 'ethernet'
[18:17:37.474] [bmv2] [D] [thread 10993] [32.0] [cxt 0] Deparser 'deparser': end
[18:17:37.474] [bmv2] [D] [thread 10997] [32.0] [cxt 0] Transmitting packet of size 196 out of port 0
[18:17:37.530] [bmv2] [D] [thread 10992] [33.0] [cxt 0] Processing packet received on port 3
[18:17:37.530] [bmv2] [D] [thread 10992] [33.0] [cxt 0] Parser 'parser': start
[18:17:37.530] [bmv2] [D] [thread 10992] [33.0] [cxt 0] Parser 'parser' entering state 'start'
[18:17:37.530] [bmv2] [D] [thread 10992] [33.0] [cxt 0] Extracting header 'ethernet'
[18:17:37.530] [bmv2] [D] [thread 10992] [33.0] [cxt 0] Parser state 'start': key is 86dd
[18:17:37.530] [bmv2] [T] [thread 10992] [33.0] [cxt 0] Bytes parsed: 14
[18:17:37.530] [bmv2] [D] [thread 10992] [33.0] [cxt 0] Parser 'parser': end
[18:17:37.531] [bmv2] [D] [thread 10992] [33.0] [cxt 0] Pipeline 'ingress': start
[18:17:37.531] [bmv2] [T] [thread 10992] [33.0] [cxt 0] mri.p4(188) Condition "hdr.ipv4.isValid()" (node_2) is false
[18:17:37.531] [bmv2] [D] [thread 10992] [33.0] [cxt 0] Pipeline 'ingress': end
[18:17:37.531] [bmv2] [D] [thread 10992] [33.0] [cxt 0] Egress port is 0
[18:17:37.531] [bmv2] [D] [thread 10993] [33.0] [cxt 0] Pipeline 'egress': start
[18:17:37.531] [bmv2] [T] [thread 10993] [33.0] [cxt 0] Applying table 'MyEgress.swtrace'
[18:17:37.531] [bmv2] [D] [thread 10993] [33.0] [cxt 0] Looking up key:

[18:17:37.531] [bmv2] [D] [thread 10993] [33.0] [cxt 0] Table 'MyEgress.swtrace': miss
[18:17:37.531] [bmv2] [D] [thread 10993] [33.0] [cxt 0] Action entry is MyEgress.add_swtrace - 3,
[18:17:37.531] [bmv2] [T] [thread 10993] [33.0] [cxt 0] Action MyEgress.add_swtrace
[18:17:37.531] [bmv2] [D] [thread 10993] [33.0] [cxt 0] Pipeline 'egress': end
[18:17:37.531] [bmv2] [D] [thread 10993] [33.0] [cxt 0] Deparser 'deparser': start
[18:17:37.531] [bmv2] [T] [thread 10993] [33.0] [cxt 0] Skipping checksum 'cksum' update because condition not met
[18:17:37.531] [bmv2] [D] [thread 10993] [33.0] [cxt 0] Deparsing header 'ethernet'
[18:17:37.531] [bmv2] [D] [thread 10993] [33.0] [cxt 0] Deparser 'deparser': end
[18:17:37.531] [bmv2] [D] [thread 10997] [33.0] [cxt 0] Transmitting packet of size 196 out of port 0
[18:17:37.575] [bmv2] [D] [thread 10992] [34.0] [cxt 0] Processing packet received on port 3
[18:17:37.575] [bmv2] [D] [thread 10992] [34.0] [cxt 0] Parser 'parser': start
[18:17:37.575] [bmv2] [D] [thread 10992] [34.0] [cxt 0] Parser 'parser' entering state 'start'
[18:17:37.575] [bmv2] [D] [thread 10992] [34.0] [cxt 0] Extracting header 'ethernet'
[18:17:37.575] [bmv2] [D] [thread 10992] [34.0] [cxt 0] Parser state 'start': key is 86dd
[18:17:37.575] [bmv2] [T] [thread 10992] [34.0] [cxt 0] Bytes parsed: 14
[18:17:37.575] [bmv2] [D] [thread 10992] [34.0] [cxt 0] Parser 'parser': end
[18:17:37.575] [bmv2] [D] [thread 10992] [34.0] [cxt 0] Pipeline 'ingress': start
[18:17:37.575] [bmv2] [T] [thread 10992] [34.0] [cxt 0] mri.p4(188) Condition "hdr.ipv4.isValid()" (node_2) is false
[18:17:37.575] [bmv2] [D] [thread 10992] [34.0] [cxt 0] Pipeline 'ingress': end
[18:17:37.575] [bmv2] [D] [thread 10992] [34.0] [cxt 0] Egress port is 0
[18:17:37.575] [bmv2] [D] [thread 10993] [34.0] [cxt 0] Pipeline 'egress': start
[18:17:37.576] [bmv2] [T] [thread 10993] [34.0] [cxt 0] Applying table 'MyEgress.swtrace'
[18:17:37.576] [bmv2] [D] [thread 10993] [34.0] [cxt 0] Looking up key:

[18:17:37.576] [bmv2] [D] [thread 10993] [34.0] [cxt 0] Table 'MyEgress.swtrace': miss
[18:17:37.576] [bmv2] [D] [thread 10993] [34.0] [cxt 0] Action entry is MyEgress.add_swtrace - 3,
[18:17:37.576] [bmv2] [T] [thread 10993] [34.0] [cxt 0] Action MyEgress.add_swtrace
[18:17:37.576] [bmv2] [D] [thread 10993] [34.0] [cxt 0] Pipeline 'egress': end
[18:17:37.576] [bmv2] [D] [thread 10993] [34.0] [cxt 0] Deparser 'deparser': start
[18:17:37.576] [bmv2] [T] [thread 10993] [34.0] [cxt 0] Skipping checksum 'cksum' update because condition not met
[18:17:37.576] [bmv2] [D] [thread 10993] [34.0] [cxt 0] Deparsing header 'ethernet'
[18:17:37.576] [bmv2] [D] [thread 10993] [34.0] [cxt 0] Deparser 'deparser': end
[18:17:37.576] [bmv2] [D] [thread 10997] [34.0] [cxt 0] Transmitting packet of size 70 out of port 0
[18:17:38.045] [bmv2] [D] [thread 10992] [35.0] [cxt 0] Processing packet received on port 2
[18:17:38.045] [bmv2] [D] [thread 10992] [35.0] [cxt 0] Parser 'parser': start
[18:17:38.045] [bmv2] [D] [thread 10992] [35.0] [cxt 0] Parser 'parser' entering state 'start'
[18:17:38.045] [bmv2] [D] [thread 10992] [35.0] [cxt 0] Extracting header 'ethernet'
[18:17:38.046] [bmv2] [D] [thread 10992] [35.0] [cxt 0] Parser state 'start': key is 86dd
[18:17:38.047] [bmv2] [T] [thread 10992] [35.0] [cxt 0] Bytes parsed: 14
[18:17:38.047] [bmv2] [D] [thread 10992] [35.0] [cxt 0] Parser 'parser': end
[18:17:38.047] [bmv2] [D] [thread 10992] [35.0] [cxt 0] Pipeline 'ingress': start
[18:17:38.047] [bmv2] [T] [thread 10992] [35.0] [cxt 0] mri.p4(188) Condition "hdr.ipv4.isValid()" (node_2) is false
[18:17:38.047] [bmv2] [D] [thread 10992] [35.0] [cxt 0] Pipeline 'ingress': end
[18:17:38.047] [bmv2] [D] [thread 10992] [35.0] [cxt 0] Egress port is 0
[18:17:38.047] [bmv2] [D] [thread 10993] [35.0] [cxt 0] Pipeline 'egress': start
[18:17:38.048] [bmv2] [T] [thread 10993] [35.0] [cxt 0] Applying table 'MyEgress.swtrace'
[18:17:38.048] [bmv2] [D] [thread 10993] [35.0] [cxt 0] Looking up key:

[18:17:38.048] [bmv2] [D] [thread 10993] [35.0] [cxt 0] Table 'MyEgress.swtrace': miss
[18:17:38.048] [bmv2] [D] [thread 10993] [35.0] [cxt 0] Action entry is MyEgress.add_swtrace - 3,
[18:17:38.048] [bmv2] [T] [thread 10993] [35.0] [cxt 0] Action MyEgress.add_swtrace
[18:17:38.048] [bmv2] [D] [thread 10993] [35.0] [cxt 0] Pipeline 'egress': end
[18:17:38.048] [bmv2] [D] [thread 10993] [35.0] [cxt 0] Deparser 'deparser': start
[18:17:38.048] [bmv2] [T] [thread 10993] [35.0] [cxt 0] Skipping checksum 'cksum' update because condition not met
[18:17:38.048] [bmv2] [D] [thread 10993] [35.0] [cxt 0] Deparsing header 'ethernet'
[18:17:38.048] [bmv2] [D] [thread 10993] [35.0] [cxt 0] Deparser 'deparser': end
[18:17:38.048] [bmv2] [D] [thread 10997] [35.0] [cxt 0] Transmitting packet of size 196 out of port 0
[18:17:38.089] [bmv2] [D] [thread 10992] [36.0] [cxt 0] Processing packet received on port 2
[18:17:38.089] [bmv2] [D] [thread 10992] [36.0] [cxt 0] Parser 'parser': start
[18:17:38.089] [bmv2] [D] [thread 10992] [36.0] [cxt 0] Parser 'parser' entering state 'start'
[18:17:38.089] [bmv2] [D] [thread 10992] [36.0] [cxt 0] Extracting header 'ethernet'
[18:17:38.089] [bmv2] [D] [thread 10992] [36.0] [cxt 0] Parser state 'start': key is 86dd
[18:17:38.089] [bmv2] [T] [thread 10992] [36.0] [cxt 0] Bytes parsed: 14
[18:17:38.089] [bmv2] [D] [thread 10992] [36.0] [cxt 0] Parser 'parser': end
[18:17:38.089] [bmv2] [D] [thread 10992] [36.0] [cxt 0] Pipeline 'ingress': start
[18:17:38.089] [bmv2] [T] [thread 10992] [36.0] [cxt 0] mri.p4(188) Condition "hdr.ipv4.isValid()" (node_2) is false
[18:17:38.089] [bmv2] [D] [thread 10992] [36.0] [cxt 0] Pipeline 'ingress': end
[18:17:38.089] [bmv2] [D] [thread 10992] [36.0] [cxt 0] Egress port is 0
[18:17:38.089] [bmv2] [D] [thread 10993] [36.0] [cxt 0] Pipeline 'egress': start
[18:17:38.089] [bmv2] [T] [thread 10993] [36.0] [cxt 0] Applying table 'MyEgress.swtrace'
[18:17:38.089] [bmv2] [D] [thread 10993] [36.0] [cxt 0] Looking up key:

[18:17:38.090] [bmv2] [D] [thread 10993] [36.0] [cxt 0] Table 'MyEgress.swtrace': miss
[18:17:38.090] [bmv2] [D] [thread 10993] [36.0] [cxt 0] Action entry is MyEgress.add_swtrace - 3,
[18:17:38.090] [bmv2] [T] [thread 10993] [36.0] [cxt 0] Action MyEgress.add_swtrace
[18:17:38.090] [bmv2] [D] [thread 10993] [36.0] [cxt 0] Pipeline 'egress': end
[18:17:38.090] [bmv2] [D] [thread 10993] [36.0] [cxt 0] Deparser 'deparser': start
[18:17:38.090] [bmv2] [T] [thread 10993] [36.0] [cxt 0] Skipping checksum 'cksum' update because condition not met
[18:17:38.090] [bmv2] [D] [thread 10993] [36.0] [cxt 0] Deparsing header 'ethernet'
[18:17:38.090] [bmv2] [D] [thread 10993] [36.0] [cxt 0] Deparser 'deparser': end
[18:17:38.090] [bmv2] [D] [thread 10997] [36.0] [cxt 0] Transmitting packet of size 70 out of port 0
[18:17:43.974] [bmv2] [D] [thread 10992] [37.0] [cxt 0] Processing packet received on port 3
[18:17:43.974] [bmv2] [D] [thread 10992] [37.0] [cxt 0] Parser 'parser': start
[18:17:43.974] [bmv2] [D] [thread 10992] [37.0] [cxt 0] Parser 'parser' entering state 'start'
[18:17:43.974] [bmv2] [D] [thread 10992] [37.0] [cxt 0] Extracting header 'ethernet'
[18:17:43.975] [bmv2] [D] [thread 10992] [37.0] [cxt 0] Parser state 'start': key is 86dd
[18:17:43.975] [bmv2] [T] [thread 10992] [37.0] [cxt 0] Bytes parsed: 14
[18:17:43.975] [bmv2] [D] [thread 10992] [37.0] [cxt 0] Parser 'parser': end
[18:17:43.975] [bmv2] [D] [thread 10992] [37.0] [cxt 0] Pipeline 'ingress': start
[18:17:43.975] [bmv2] [T] [thread 10992] [37.0] [cxt 0] mri.p4(188) Condition "hdr.ipv4.isValid()" (node_2) is false
[18:17:43.975] [bmv2] [D] [thread 10992] [37.0] [cxt 0] Pipeline 'ingress': end
[18:17:43.975] [bmv2] [D] [thread 10992] [37.0] [cxt 0] Egress port is 0
[18:17:43.975] [bmv2] [D] [thread 10993] [37.0] [cxt 0] Pipeline 'egress': start
[18:17:43.975] [bmv2] [T] [thread 10993] [37.0] [cxt 0] Applying table 'MyEgress.swtrace'
[18:17:43.975] [bmv2] [D] [thread 10993] [37.0] [cxt 0] Looking up key:

[18:17:43.975] [bmv2] [D] [thread 10993] [37.0] [cxt 0] Table 'MyEgress.swtrace': miss
[18:17:43.975] [bmv2] [D] [thread 10993] [37.0] [cxt 0] Action entry is MyEgress.add_swtrace - 3,
[18:17:43.975] [bmv2] [T] [thread 10993] [37.0] [cxt 0] Action MyEgress.add_swtrace
[18:17:43.975] [bmv2] [D] [thread 10993] [37.0] [cxt 0] Pipeline 'egress': end
[18:17:43.975] [bmv2] [D] [thread 10993] [37.0] [cxt 0] Deparser 'deparser': start
[18:17:43.975] [bmv2] [T] [thread 10993] [37.0] [cxt 0] Skipping checksum 'cksum' update because condition not met
[18:17:43.975] [bmv2] [D] [thread 10993] [37.0] [cxt 0] Deparsing header 'ethernet'
[18:17:43.975] [bmv2] [D] [thread 10993] [37.0] [cxt 0] Deparser 'deparser': end
[18:17:43.975] [bmv2] [D] [thread 10997] [37.0] [cxt 0] Transmitting packet of size 70 out of port 0
[18:17:44.483] [bmv2] [D] [thread 10992] [38.0] [cxt 0] Processing packet received on port 2
[18:17:44.483] [bmv2] [D] [thread 10992] [38.0] [cxt 0] Parser 'parser': start
[18:17:44.483] [bmv2] [D] [thread 10992] [38.0] [cxt 0] Parser 'parser' entering state 'start'
[18:17:44.483] [bmv2] [D] [thread 10992] [38.0] [cxt 0] Extracting header 'ethernet'
[18:17:44.483] [bmv2] [D] [thread 10992] [38.0] [cxt 0] Parser state 'start': key is 86dd
[18:17:44.483] [bmv2] [T] [thread 10992] [38.0] [cxt 0] Bytes parsed: 14
[18:17:44.483] [bmv2] [D] [thread 10992] [38.0] [cxt 0] Parser 'parser': end
[18:17:44.483] [bmv2] [D] [thread 10992] [38.0] [cxt 0] Pipeline 'ingress': start
[18:17:44.483] [bmv2] [T] [thread 10992] [38.0] [cxt 0] mri.p4(188) Condition "hdr.ipv4.isValid()" (node_2) is false
[18:17:44.483] [bmv2] [D] [thread 10992] [38.0] [cxt 0] Pipeline 'ingress': end
[18:17:44.483] [bmv2] [D] [thread 10992] [38.0] [cxt 0] Egress port is 0
[18:17:44.483] [bmv2] [D] [thread 10993] [38.0] [cxt 0] Pipeline 'egress': start
[18:17:44.483] [bmv2] [T] [thread 10993] [38.0] [cxt 0] Applying table 'MyEgress.swtrace'
[18:17:44.483] [bmv2] [D] [thread 10993] [38.0] [cxt 0] Looking up key:

[18:17:44.483] [bmv2] [D] [thread 10993] [38.0] [cxt 0] Table 'MyEgress.swtrace': miss
[18:17:44.483] [bmv2] [D] [thread 10993] [38.0] [cxt 0] Action entry is MyEgress.add_swtrace - 3,
[18:17:44.483] [bmv2] [T] [thread 10993] [38.0] [cxt 0] Action MyEgress.add_swtrace
[18:17:44.483] [bmv2] [D] [thread 10993] [38.0] [cxt 0] Pipeline 'egress': end
[18:17:44.483] [bmv2] [D] [thread 10993] [38.0] [cxt 0] Deparser 'deparser': start
[18:17:44.483] [bmv2] [T] [thread 10993] [38.0] [cxt 0] Skipping checksum 'cksum' update because condition not met
[18:17:44.483] [bmv2] [D] [thread 10993] [38.0] [cxt 0] Deparsing header 'ethernet'
[18:17:44.483] [bmv2] [D] [thread 10993] [38.0] [cxt 0] Deparser 'deparser': end
[18:17:44.483] [bmv2] [D] [thread 10997] [38.0] [cxt 0] Transmitting packet of size 70 out of port 0
[18:17:45.507] [bmv2] [D] [thread 10992] [39.0] [cxt 0] Processing packet received on port 1
[18:17:45.508] [bmv2] [D] [thread 10992] [39.0] [cxt 0] Parser 'parser': start
[18:17:45.508] [bmv2] [D] [thread 10992] [39.0] [cxt 0] Parser 'parser' entering state 'start'
[18:17:45.508] [bmv2] [D] [thread 10992] [39.0] [cxt 0] Extracting header 'ethernet'
[18:17:45.508] [bmv2] [D] [thread 10992] [39.0] [cxt 0] Parser state 'start': key is 86dd
[18:17:45.508] [bmv2] [T] [thread 10992] [39.0] [cxt 0] Bytes parsed: 14
[18:17:45.508] [bmv2] [D] [thread 10992] [39.0] [cxt 0] Parser 'parser': end
[18:17:45.508] [bmv2] [D] [thread 10992] [39.0] [cxt 0] Pipeline 'ingress': start
[18:17:45.508] [bmv2] [T] [thread 10992] [39.0] [cxt 0] mri.p4(188) Condition "hdr.ipv4.isValid()" (node_2) is false
[18:17:45.508] [bmv2] [D] [thread 10992] [39.0] [cxt 0] Pipeline 'ingress': end
[18:17:45.508] [bmv2] [D] [thread 10992] [39.0] [cxt 0] Egress port is 0
[18:17:45.508] [bmv2] [D] [thread 10993] [39.0] [cxt 0] Pipeline 'egress': start
[18:17:45.508] [bmv2] [T] [thread 10993] [39.0] [cxt 0] Applying table 'MyEgress.swtrace'
[18:17:45.508] [bmv2] [D] [thread 10993] [39.0] [cxt 0] Looking up key:

[18:17:45.508] [bmv2] [D] [thread 10993] [39.0] [cxt 0] Table 'MyEgress.swtrace': miss
[18:17:45.508] [bmv2] [D] [thread 10993] [39.0] [cxt 0] Action entry is MyEgress.add_swtrace - 3,
[18:17:45.508] [bmv2] [T] [thread 10993] [39.0] [cxt 0] Action MyEgress.add_swtrace
[18:17:45.508] [bmv2] [D] [thread 10993] [39.0] [cxt 0] Pipeline 'egress': end
[18:17:45.508] [bmv2] [D] [thread 10993] [39.0] [cxt 0] Deparser 'deparser': start
[18:17:45.508] [bmv2] [T] [thread 10993] [39.0] [cxt 0] Skipping checksum 'cksum' update because condition not met
[18:17:45.508] [bmv2] [D] [thread 10993] [39.0] [cxt 0] Deparsing header 'ethernet'
[18:17:45.508] [bmv2] [D] [thread 10993] [39.0] [cxt 0] Deparser 'deparser': end
[18:17:45.508] [bmv2] [D] [thread 10997] [39.0] [cxt 0] Transmitting packet of size 70 out of port 0
[18:17:46.026] [bmv2] [D] [thread 10992] [40.0] [cxt 0] Processing packet received on port 3
[18:17:46.026] [bmv2] [D] [thread 10992] [40.0] [cxt 0] Parser 'parser': start
[18:17:46.026] [bmv2] [D] [thread 10992] [40.0] [cxt 0] Parser 'parser' entering state 'start'
[18:17:46.026] [bmv2] [D] [thread 10992] [40.0] [cxt 0] Extracting header 'ethernet'
[18:17:46.026] [bmv2] [D] [thread 10992] [40.0] [cxt 0] Parser state 'start': key is 86dd
[18:17:46.026] [bmv2] [T] [thread 10992] [40.0] [cxt 0] Bytes parsed: 14
[18:17:46.027] [bmv2] [D] [thread 10992] [40.0] [cxt 0] Parser 'parser': end
[18:17:46.027] [bmv2] [D] [thread 10992] [40.0] [cxt 0] Pipeline 'ingress': start
[18:17:46.027] [bmv2] [T] [thread 10992] [40.0] [cxt 0] mri.p4(188) Condition "hdr.ipv4.isValid()" (node_2) is false
[18:17:46.027] [bmv2] [D] [thread 10992] [40.0] [cxt 0] Pipeline 'ingress': end
[18:17:46.027] [bmv2] [D] [thread 10992] [40.0] [cxt 0] Egress port is 0
[18:17:46.027] [bmv2] [D] [thread 10993] [40.0] [cxt 0] Pipeline 'egress': start
[18:17:46.027] [bmv2] [T] [thread 10993] [40.0] [cxt 0] Applying table 'MyEgress.swtrace'
[18:17:46.027] [bmv2] [D] [thread 10993] [40.0] [cxt 0] Looking up key:

[18:17:46.027] [bmv2] [D] [thread 10993] [40.0] [cxt 0] Table 'MyEgress.swtrace': miss
[18:17:46.027] [bmv2] [D] [thread 10993] [40.0] [cxt 0] Action entry is MyEgress.add_swtrace - 3,
[18:17:46.027] [bmv2] [T] [thread 10993] [40.0] [cxt 0] Action MyEgress.add_swtrace
[18:17:46.027] [bmv2] [D] [thread 10993] [40.0] [cxt 0] Pipeline 'egress': end
[18:17:46.027] [bmv2] [D] [thread 10993] [40.0] [cxt 0] Deparser 'deparser': start
[18:17:46.027] [bmv2] [T] [thread 10993] [40.0] [cxt 0] Skipping checksum 'cksum' update because condition not met
[18:17:46.027] [bmv2] [D] [thread 10993] [40.0] [cxt 0] Deparsing header 'ethernet'
[18:17:46.027] [bmv2] [D] [thread 10993] [40.0] [cxt 0] Deparser 'deparser': end
[18:17:46.027] [bmv2] [D] [thread 10997] [40.0] [cxt 0] Transmitting packet of size 70 out of port 0
[18:17:46.789] [bmv2] [D] [thread 10992] [41.0] [cxt 0] Processing packet received on port 2
[18:17:46.790] [bmv2] [D] [thread 10992] [41.0] [cxt 0] Parser 'parser': start
[18:17:46.790] [bmv2] [D] [thread 10992] [41.0] [cxt 0] Parser 'parser' entering state 'start'
[18:17:46.790] [bmv2] [D] [thread 10992] [41.0] [cxt 0] Extracting header 'ethernet'
[18:17:46.790] [bmv2] [D] [thread 10992] [41.0] [cxt 0] Parser state 'start': key is 86dd
[18:17:46.790] [bmv2] [T] [thread 10992] [41.0] [cxt 0] Bytes parsed: 14
[18:17:46.790] [bmv2] [D] [thread 10992] [41.0] [cxt 0] Parser 'parser': end
[18:17:46.790] [bmv2] [D] [thread 10992] [41.0] [cxt 0] Pipeline 'ingress': start
[18:17:46.790] [bmv2] [T] [thread 10992] [41.0] [cxt 0] mri.p4(188) Condition "hdr.ipv4.isValid()" (node_2) is false
[18:17:46.790] [bmv2] [D] [thread 10992] [41.0] [cxt 0] Pipeline 'ingress': end
[18:17:46.790] [bmv2] [D] [thread 10992] [41.0] [cxt 0] Egress port is 0
[18:17:46.790] [bmv2] [D] [thread 10993] [41.0] [cxt 0] Pipeline 'egress': start
[18:17:46.790] [bmv2] [T] [thread 10993] [41.0] [cxt 0] Applying table 'MyEgress.swtrace'
[18:17:46.790] [bmv2] [D] [thread 10993] [41.0] [cxt 0] Looking up key:

[18:17:46.792] [bmv2] [D] [thread 10993] [41.0] [cxt 0] Table 'MyEgress.swtrace': miss
[18:17:46.792] [bmv2] [D] [thread 10993] [41.0] [cxt 0] Action entry is MyEgress.add_swtrace - 3,
[18:17:46.792] [bmv2] [T] [thread 10993] [41.0] [cxt 0] Action MyEgress.add_swtrace
[18:17:46.792] [bmv2] [D] [thread 10993] [41.0] [cxt 0] Pipeline 'egress': end
[18:17:46.792] [bmv2] [D] [thread 10993] [41.0] [cxt 0] Deparser 'deparser': start
[18:17:46.794] [bmv2] [T] [thread 10993] [41.0] [cxt 0] Skipping checksum 'cksum' update because condition not met
[18:17:46.794] [bmv2] [D] [thread 10993] [41.0] [cxt 0] Deparsing header 'ethernet'
[18:17:46.794] [bmv2] [D] [thread 10993] [41.0] [cxt 0] Deparser 'deparser': end
[18:17:46.794] [bmv2] [D] [thread 10997] [41.0] [cxt 0] Transmitting packet of size 70 out of port 0
