Calling target program-options parser
[16:35:36.908] [bmv2] [D] [thread 7126] Set default default entry for table 'MyIngress.ipv4_lpm': NoAction - 
[16:35:36.908] [bmv2] [D] [thread 7126] Set default default entry for table 'MyIngress.myTunnel_exact': MyIngress.drop - 
Adding interface s3-eth1 as port 1
[16:35:36.909] [bmv2] [D] [thread 7126] Adding interface s3-eth1 as port 1
Adding interface s3-eth2 as port 2
[16:35:36.945] [bmv2] [D] [thread 7126] Adding interface s3-eth2 as port 2
Adding interface s3-eth3 as port 3
[16:35:36.964] [bmv2] [D] [thread 7126] Adding interface s3-eth3 as port 3
Server listening on 0.0.0.0:50053
[16:35:36.995] [bmv2] [I] [thread 7126] Starting Thrift server on port 9092
[16:35:36.995] [bmv2] [I] [thread 7126] Thrift server was started
[16:35:37.035] [bmv2] [D] [thread 7137] [0.0] [cxt 0] Processing packet received on port 2
[16:35:37.035] [bmv2] [D] [thread 7137] [0.0] [cxt 0] Parser 'parser': start
[16:35:37.035] [bmv2] [D] [thread 7137] [0.0] [cxt 0] Parser 'parser' entering state 'start'
[16:35:37.035] [bmv2] [D] [thread 7137] [0.0] [cxt 0] Extracting header 'ethernet'
[16:35:37.035] [bmv2] [D] [thread 7137] [0.0] [cxt 0] Parser state 'start': key is 86dd
[16:35:37.035] [bmv2] [T] [thread 7137] [0.0] [cxt 0] Bytes parsed: 14
[16:35:37.035] [bmv2] [D] [thread 7137] [0.0] [cxt 0] Parser 'parser': end
[16:35:37.035] [bmv2] [D] [thread 7137] [0.0] [cxt 0] Pipeline 'ingress': start
[16:35:37.035] [bmv2] [T] [thread 7137] [0.0] [cxt 0] advanced_tunnel.p4(169) Condition "hdr.ipv4.isValid() && !hdr.myTunnel.isValid()" (node_2) is false
[16:35:37.035] [bmv2] [T] [thread 7137] [0.0] [cxt 0] advanced_tunnel.p4(174) Condition "hdr.myTunnel.isValid()" (node_4) is false
[16:35:37.035] [bmv2] [D] [thread 7137] [0.0] [cxt 0] Pipeline 'ingress': end
[16:35:37.035] [bmv2] [D] [thread 7137] [0.0] [cxt 0] Egress port is 0
[16:35:37.035] [bmv2] [D] [thread 7138] [0.0] [cxt 0] Pipeline 'egress': start
[16:35:37.035] [bmv2] [D] [thread 7138] [0.0] [cxt 0] Pipeline 'egress': end
[16:35:37.035] [bmv2] [D] [thread 7138] [0.0] [cxt 0] Deparser 'deparser': start
[16:35:37.035] [bmv2] [T] [thread 7138] [0.0] [cxt 0] Skipping checksum 'cksum' update because condition not met
[16:35:37.035] [bmv2] [D] [thread 7138] [0.0] [cxt 0] Deparsing header 'ethernet'
[16:35:37.035] [bmv2] [D] [thread 7138] [0.0] [cxt 0] Deparser 'deparser': end
[16:35:37.035] [bmv2] [D] [thread 7142] [0.0] [cxt 0] Transmitting packet of size 90 out of port 0
[16:35:37.092] [bmv2] [D] [thread 7137] [1.0] [cxt 0] Processing packet received on port 2
[16:35:37.092] [bmv2] [D] [thread 7137] [1.0] [cxt 0] Parser 'parser': start
[16:35:37.092] [bmv2] [D] [thread 7137] [1.0] [cxt 0] Parser 'parser' entering state 'start'
[16:35:37.092] [bmv2] [D] [thread 7137] [1.0] [cxt 0] Extracting header 'ethernet'
[16:35:37.092] [bmv2] [D] [thread 7137] [1.0] [cxt 0] Parser state 'start': key is 86dd
[16:35:37.092] [bmv2] [T] [thread 7137] [1.0] [cxt 0] Bytes parsed: 14
[16:35:37.092] [bmv2] [D] [thread 7137] [1.0] [cxt 0] Parser 'parser': end
[16:35:37.092] [bmv2] [D] [thread 7137] [1.0] [cxt 0] Pipeline 'ingress': start
[16:35:37.092] [bmv2] [T] [thread 7137] [1.0] [cxt 0] advanced_tunnel.p4(169) Condition "hdr.ipv4.isValid() && !hdr.myTunnel.isValid()" (node_2) is false
[16:35:37.092] [bmv2] [T] [thread 7137] [1.0] [cxt 0] advanced_tunnel.p4(174) Condition "hdr.myTunnel.isValid()" (node_4) is false
[16:35:37.092] [bmv2] [D] [thread 7137] [1.0] [cxt 0] Pipeline 'ingress': end
[16:35:37.092] [bmv2] [D] [thread 7137] [1.0] [cxt 0] Egress port is 0
[16:35:37.092] [bmv2] [D] [thread 7137] [2.0] [cxt 0] Processing packet received on port 2
[16:35:37.092] [bmv2] [D] [thread 7137] [2.0] [cxt 0] Parser 'parser': start
[16:35:37.092] [bmv2] [D] [thread 7137] [2.0] [cxt 0] Parser 'parser' entering state 'start'
[16:35:37.092] [bmv2] [D] [thread 7137] [2.0] [cxt 0] Extracting header 'ethernet'
[16:35:37.092] [bmv2] [D] [thread 7137] [2.0] [cxt 0] Parser state 'start': key is 86dd
[16:35:37.092] [bmv2] [T] [thread 7137] [2.0] [cxt 0] Bytes parsed: 14
[16:35:37.092] [bmv2] [D] [thread 7137] [2.0] [cxt 0] Parser 'parser': end
[16:35:37.092] [bmv2] [D] [thread 7137] [2.0] [cxt 0] Pipeline 'ingress': start
[16:35:37.092] [bmv2] [T] [thread 7137] [2.0] [cxt 0] advanced_tunnel.p4(169) Condition "hdr.ipv4.isValid() && !hdr.myTunnel.isValid()" (node_2) is false
[16:35:37.092] [bmv2] [T] [thread 7137] [2.0] [cxt 0] advanced_tunnel.p4(174) Condition "hdr.myTunnel.isValid()" (node_4) is false
[16:35:37.092] [bmv2] [D] [thread 7137] [2.0] [cxt 0] Pipeline 'ingress': end
[16:35:37.092] [bmv2] [D] [thread 7137] [2.0] [cxt 0] Egress port is 0
[16:35:37.093] [bmv2] [D] [thread 7138] [1.0] [cxt 0] Pipeline 'egress': start
[16:35:37.093] [bmv2] [D] [thread 7138] [1.0] [cxt 0] Pipeline 'egress': end
[16:35:37.093] [bmv2] [D] [thread 7138] [1.0] [cxt 0] Deparser 'deparser': start
[16:35:37.093] [bmv2] [T] [thread 7138] [1.0] [cxt 0] Skipping checksum 'cksum' update because condition not met
[16:35:37.093] [bmv2] [D] [thread 7138] [1.0] [cxt 0] Deparsing header 'ethernet'
[16:35:37.093] [bmv2] [D] [thread 7138] [1.0] [cxt 0] Deparser 'deparser': end
[16:35:37.093] [bmv2] [D] [thread 7138] [2.0] [cxt 0] Pipeline 'egress': start
[16:35:37.093] [bmv2] [D] [thread 7138] [2.0] [cxt 0] Pipeline 'egress': end
[16:35:37.093] [bmv2] [D] [thread 7138] [2.0] [cxt 0] Deparser 'deparser': start
[16:35:37.093] [bmv2] [T] [thread 7138] [2.0] [cxt 0] Skipping checksum 'cksum' update because condition not met
[16:35:37.093] [bmv2] [D] [thread 7138] [2.0] [cxt 0] Deparsing header 'ethernet'
[16:35:37.093] [bmv2] [D] [thread 7138] [2.0] [cxt 0] Deparser 'deparser': end
[16:35:37.093] [bmv2] [D] [thread 7142] [1.0] [cxt 0] Transmitting packet of size 90 out of port 0
[16:35:37.093] [bmv2] [D] [thread 7142] [2.0] [cxt 0] Transmitting packet of size 70 out of port 0
[16:35:37.100] [bmv2] [D] [thread 7137] [3.0] [cxt 0] Processing packet received on port 3
[16:35:37.100] [bmv2] [D] [thread 7137] [3.0] [cxt 0] Parser 'parser': start
[16:35:37.100] [bmv2] [D] [thread 7137] [3.0] [cxt 0] Parser 'parser' entering state 'start'
[16:35:37.100] [bmv2] [D] [thread 7137] [3.0] [cxt 0] Extracting header 'ethernet'
[16:35:37.100] [bmv2] [D] [thread 7137] [3.0] [cxt 0] Parser state 'start': key is 86dd
[16:35:37.100] [bmv2] [T] [thread 7137] [3.0] [cxt 0] Bytes parsed: 14
[16:35:37.100] [bmv2] [D] [thread 7137] [3.0] [cxt 0] Parser 'parser': end
[16:35:37.100] [bmv2] [D] [thread 7137] [3.0] [cxt 0] Pipeline 'ingress': start
[16:35:37.100] [bmv2] [T] [thread 7137] [3.0] [cxt 0] advanced_tunnel.p4(169) Condition "hdr.ipv4.isValid() && !hdr.myTunnel.isValid()" (node_2) is false
[16:35:37.100] [bmv2] [T] [thread 7137] [3.0] [cxt 0] advanced_tunnel.p4(174) Condition "hdr.myTunnel.isValid()" (node_4) is false
[16:35:37.100] [bmv2] [D] [thread 7137] [3.0] [cxt 0] Pipeline 'ingress': end
[16:35:37.100] [bmv2] [D] [thread 7137] [3.0] [cxt 0] Egress port is 0
[16:35:37.100] [bmv2] [D] [thread 7138] [3.0] [cxt 0] Pipeline 'egress': start
[16:35:37.100] [bmv2] [D] [thread 7138] [3.0] [cxt 0] Pipeline 'egress': end
[16:35:37.100] [bmv2] [D] [thread 7138] [3.0] [cxt 0] Deparser 'deparser': start
[16:35:37.100] [bmv2] [T] [thread 7138] [3.0] [cxt 0] Skipping checksum 'cksum' update because condition not met
[16:35:37.100] [bmv2] [D] [thread 7138] [3.0] [cxt 0] Deparsing header 'ethernet'
[16:35:37.100] [bmv2] [D] [thread 7138] [3.0] [cxt 0] Deparser 'deparser': end
[16:35:37.100] [bmv2] [D] [thread 7142] [3.0] [cxt 0] Transmitting packet of size 208 out of port 0
[16:35:37.105] [bmv2] [D] [thread 7137] [4.0] [cxt 0] Processing packet received on port 2
[16:35:37.105] [bmv2] [D] [thread 7137] [4.0] [cxt 0] Parser 'parser': start
[16:35:37.105] [bmv2] [D] [thread 7137] [4.0] [cxt 0] Parser 'parser' entering state 'start'
[16:35:37.105] [bmv2] [D] [thread 7137] [4.0] [cxt 0] Extracting header 'ethernet'
[16:35:37.105] [bmv2] [D] [thread 7137] [4.0] [cxt 0] Parser state 'start': key is 86dd
[16:35:37.105] [bmv2] [T] [thread 7137] [4.0] [cxt 0] Bytes parsed: 14
[16:35:37.105] [bmv2] [D] [thread 7137] [4.0] [cxt 0] Parser 'parser': end
[16:35:37.105] [bmv2] [D] [thread 7137] [4.0] [cxt 0] Pipeline 'ingress': start
[16:35:37.105] [bmv2] [T] [thread 7137] [4.0] [cxt 0] advanced_tunnel.p4(169) Condition "hdr.ipv4.isValid() && !hdr.myTunnel.isValid()" (node_2) is false
[16:35:37.105] [bmv2] [T] [thread 7137] [4.0] [cxt 0] advanced_tunnel.p4(174) Condition "hdr.myTunnel.isValid()" (node_4) is false
[16:35:37.105] [bmv2] [D] [thread 7137] [4.0] [cxt 0] Pipeline 'ingress': end
[16:35:37.105] [bmv2] [D] [thread 7137] [4.0] [cxt 0] Egress port is 0
[16:35:37.105] [bmv2] [D] [thread 7138] [4.0] [cxt 0] Pipeline 'egress': start
[16:35:37.105] [bmv2] [D] [thread 7138] [4.0] [cxt 0] Pipeline 'egress': end
[16:35:37.105] [bmv2] [D] [thread 7138] [4.0] [cxt 0] Deparser 'deparser': start
[16:35:37.105] [bmv2] [T] [thread 7138] [4.0] [cxt 0] Skipping checksum 'cksum' update because condition not met
[16:35:37.105] [bmv2] [D] [thread 7138] [4.0] [cxt 0] Deparsing header 'ethernet'
[16:35:37.105] [bmv2] [D] [thread 7138] [4.0] [cxt 0] Deparser 'deparser': end
[16:35:37.105] [bmv2] [D] [thread 7142] [4.0] [cxt 0] Transmitting packet of size 90 out of port 0
[16:35:37.142] [bmv2] [D] [thread 7137] [5.0] [cxt 0] Processing packet received on port 2
[16:35:37.142] [bmv2] [D] [thread 7137] [5.0] [cxt 0] Parser 'parser': start
[16:35:37.142] [bmv2] [D] [thread 7137] [5.0] [cxt 0] Parser 'parser' entering state 'start'
[16:35:37.142] [bmv2] [D] [thread 7137] [5.0] [cxt 0] Extracting header 'ethernet'
[16:35:37.142] [bmv2] [D] [thread 7137] [5.0] [cxt 0] Parser state 'start': key is 86dd
[16:35:37.142] [bmv2] [T] [thread 7137] [5.0] [cxt 0] Bytes parsed: 14
[16:35:37.142] [bmv2] [D] [thread 7137] [5.0] [cxt 0] Parser 'parser': end
[16:35:37.142] [bmv2] [D] [thread 7137] [5.0] [cxt 0] Pipeline 'ingress': start
[16:35:37.142] [bmv2] [T] [thread 7137] [5.0] [cxt 0] advanced_tunnel.p4(169) Condition "hdr.ipv4.isValid() && !hdr.myTunnel.isValid()" (node_2) is false
[16:35:37.142] [bmv2] [T] [thread 7137] [5.0] [cxt 0] advanced_tunnel.p4(174) Condition "hdr.myTunnel.isValid()" (node_4) is false
[16:35:37.142] [bmv2] [D] [thread 7137] [5.0] [cxt 0] Pipeline 'ingress': end
[16:35:37.142] [bmv2] [D] [thread 7137] [5.0] [cxt 0] Egress port is 0
[16:35:37.144] [bmv2] [D] [thread 7138] [5.0] [cxt 0] Pipeline 'egress': start
[16:35:37.144] [bmv2] [D] [thread 7138] [5.0] [cxt 0] Pipeline 'egress': end
[16:35:37.144] [bmv2] [D] [thread 7138] [5.0] [cxt 0] Deparser 'deparser': start
[16:35:37.144] [bmv2] [T] [thread 7138] [5.0] [cxt 0] Skipping checksum 'cksum' update because condition not met
[16:35:37.144] [bmv2] [D] [thread 7138] [5.0] [cxt 0] Deparsing header 'ethernet'
[16:35:37.144] [bmv2] [D] [thread 7138] [5.0] [cxt 0] Deparser 'deparser': end
[16:35:37.144] [bmv2] [D] [thread 7142] [5.0] [cxt 0] Transmitting packet of size 208 out of port 0
[16:35:37.164] [bmv2] [D] [thread 7137] [6.0] [cxt 0] Processing packet received on port 3
[16:35:37.164] [bmv2] [D] [thread 7137] [6.0] [cxt 0] Parser 'parser': start
[16:35:37.164] [bmv2] [D] [thread 7137] [6.0] [cxt 0] Parser 'parser' entering state 'start'
[16:35:37.164] [bmv2] [D] [thread 7137] [6.0] [cxt 0] Extracting header 'ethernet'
[16:35:37.164] [bmv2] [D] [thread 7137] [6.0] [cxt 0] Parser state 'start': key is 86dd
[16:35:37.164] [bmv2] [T] [thread 7137] [6.0] [cxt 0] Bytes parsed: 14
[16:35:37.164] [bmv2] [D] [thread 7137] [6.0] [cxt 0] Parser 'parser': end
[16:35:37.164] [bmv2] [D] [thread 7137] [6.0] [cxt 0] Pipeline 'ingress': start
[16:35:37.164] [bmv2] [T] [thread 7137] [6.0] [cxt 0] advanced_tunnel.p4(169) Condition "hdr.ipv4.isValid() && !hdr.myTunnel.isValid()" (node_2) is false
[16:35:37.164] [bmv2] [T] [thread 7137] [6.0] [cxt 0] advanced_tunnel.p4(174) Condition "hdr.myTunnel.isValid()" (node_4) is false
[16:35:37.164] [bmv2] [D] [thread 7137] [6.0] [cxt 0] Pipeline 'ingress': end
[16:35:37.164] [bmv2] [D] [thread 7137] [6.0] [cxt 0] Egress port is 0
[16:35:37.165] [bmv2] [D] [thread 7138] [6.0] [cxt 0] Pipeline 'egress': start
[16:35:37.165] [bmv2] [D] [thread 7138] [6.0] [cxt 0] Pipeline 'egress': end
[16:35:37.165] [bmv2] [D] [thread 7138] [6.0] [cxt 0] Deparser 'deparser': start
[16:35:37.165] [bmv2] [T] [thread 7138] [6.0] [cxt 0] Skipping checksum 'cksum' update because condition not met
[16:35:37.165] [bmv2] [D] [thread 7138] [6.0] [cxt 0] Deparsing header 'ethernet'
[16:35:37.165] [bmv2] [D] [thread 7138] [6.0] [cxt 0] Deparser 'deparser': end
[16:35:37.165] [bmv2] [D] [thread 7142] [6.0] [cxt 0] Transmitting packet of size 208 out of port 0
[16:35:37.202] [bmv2] [D] [thread 7137] [7.0] [cxt 0] Processing packet received on port 3
[16:35:37.202] [bmv2] [D] [thread 7137] [7.0] [cxt 0] Parser 'parser': start
[16:35:37.202] [bmv2] [D] [thread 7137] [7.0] [cxt 0] Parser 'parser' entering state 'start'
[16:35:37.202] [bmv2] [D] [thread 7137] [7.0] [cxt 0] Extracting header 'ethernet'
[16:35:37.202] [bmv2] [D] [thread 7137] [7.0] [cxt 0] Parser state 'start': key is 86dd
[16:35:37.202] [bmv2] [T] [thread 7137] [7.0] [cxt 0] Bytes parsed: 14
[16:35:37.202] [bmv2] [D] [thread 7137] [7.0] [cxt 0] Parser 'parser': end
[16:35:37.202] [bmv2] [D] [thread 7137] [7.0] [cxt 0] Pipeline 'ingress': start
[16:35:37.202] [bmv2] [T] [thread 7137] [7.0] [cxt 0] advanced_tunnel.p4(169) Condition "hdr.ipv4.isValid() && !hdr.myTunnel.isValid()" (node_2) is false
[16:35:37.202] [bmv2] [T] [thread 7137] [7.0] [cxt 0] advanced_tunnel.p4(174) Condition "hdr.myTunnel.isValid()" (node_4) is false
[16:35:37.202] [bmv2] [D] [thread 7137] [7.0] [cxt 0] Pipeline 'ingress': end
[16:35:37.202] [bmv2] [D] [thread 7137] [7.0] [cxt 0] Egress port is 0
[16:35:37.202] [bmv2] [D] [thread 7138] [7.0] [cxt 0] Pipeline 'egress': start
[16:35:37.202] [bmv2] [D] [thread 7138] [7.0] [cxt 0] Pipeline 'egress': end
[16:35:37.202] [bmv2] [D] [thread 7138] [7.0] [cxt 0] Deparser 'deparser': start
[16:35:37.202] [bmv2] [T] [thread 7138] [7.0] [cxt 0] Skipping checksum 'cksum' update because condition not met
[16:35:37.202] [bmv2] [D] [thread 7138] [7.0] [cxt 0] Deparsing header 'ethernet'
[16:35:37.202] [bmv2] [D] [thread 7138] [7.0] [cxt 0] Deparser 'deparser': end
[16:35:37.202] [bmv2] [D] [thread 7142] [7.0] [cxt 0] Transmitting packet of size 90 out of port 0
[16:35:37.295] [bmv2] [D] [thread 7137] [8.0] [cxt 0] Processing packet received on port 2
[16:35:37.295] [bmv2] [D] [thread 7137] [8.0] [cxt 0] Parser 'parser': start
[16:35:37.295] [bmv2] [D] [thread 7137] [8.0] [cxt 0] Parser 'parser' entering state 'start'
[16:35:37.295] [bmv2] [D] [thread 7137] [8.0] [cxt 0] Extracting header 'ethernet'
[16:35:37.295] [bmv2] [D] [thread 7137] [8.0] [cxt 0] Parser state 'start': key is 86dd
[16:35:37.295] [bmv2] [T] [thread 7137] [8.0] [cxt 0] Bytes parsed: 14
[16:35:37.295] [bmv2] [D] [thread 7137] [8.0] [cxt 0] Parser 'parser': end
[16:35:37.295] [bmv2] [D] [thread 7137] [8.0] [cxt 0] Pipeline 'ingress': start
[16:35:37.295] [bmv2] [T] [thread 7137] [8.0] [cxt 0] advanced_tunnel.p4(169) Condition "hdr.ipv4.isValid() && !hdr.myTunnel.isValid()" (node_2) is false
[16:35:37.295] [bmv2] [T] [thread 7137] [8.0] [cxt 0] advanced_tunnel.p4(174) Condition "hdr.myTunnel.isValid()" (node_4) is false
[16:35:37.295] [bmv2] [D] [thread 7137] [8.0] [cxt 0] Pipeline 'ingress': end
[16:35:37.295] [bmv2] [D] [thread 7137] [8.0] [cxt 0] Egress port is 0
[16:35:37.295] [bmv2] [D] [thread 7138] [8.0] [cxt 0] Pipeline 'egress': start
[16:35:37.295] [bmv2] [D] [thread 7138] [8.0] [cxt 0] Pipeline 'egress': end
[16:35:37.295] [bmv2] [D] [thread 7138] [8.0] [cxt 0] Deparser 'deparser': start
[16:35:37.295] [bmv2] [T] [thread 7138] [8.0] [cxt 0] Skipping checksum 'cksum' update because condition not met
[16:35:37.295] [bmv2] [D] [thread 7138] [8.0] [cxt 0] Deparsing header 'ethernet'
[16:35:37.295] [bmv2] [D] [thread 7138] [8.0] [cxt 0] Deparser 'deparser': end
[16:35:37.295] [bmv2] [D] [thread 7142] [8.0] [cxt 0] Transmitting packet of size 208 out of port 0
[16:35:37.354] [bmv2] [D] [thread 7137] [9.0] [cxt 0] Processing packet received on port 3
[16:35:37.354] [bmv2] [D] [thread 7137] [9.0] [cxt 0] Parser 'parser': start
[16:35:37.354] [bmv2] [D] [thread 7137] [9.0] [cxt 0] Parser 'parser' entering state 'start'
[16:35:37.354] [bmv2] [D] [thread 7137] [9.0] [cxt 0] Extracting header 'ethernet'
[16:35:37.354] [bmv2] [D] [thread 7137] [9.0] [cxt 0] Parser state 'start': key is 86dd
[16:35:37.354] [bmv2] [T] [thread 7137] [9.0] [cxt 0] Bytes parsed: 14
[16:35:37.354] [bmv2] [D] [thread 7137] [9.0] [cxt 0] Parser 'parser': end
[16:35:37.354] [bmv2] [D] [thread 7137] [9.0] [cxt 0] Pipeline 'ingress': start
[16:35:37.354] [bmv2] [T] [thread 7137] [9.0] [cxt 0] advanced_tunnel.p4(169) Condition "hdr.ipv4.isValid() && !hdr.myTunnel.isValid()" (node_2) is false
[16:35:37.354] [bmv2] [T] [thread 7137] [9.0] [cxt 0] advanced_tunnel.p4(174) Condition "hdr.myTunnel.isValid()" (node_4) is false
[16:35:37.354] [bmv2] [D] [thread 7137] [9.0] [cxt 0] Pipeline 'ingress': end
[16:35:37.354] [bmv2] [D] [thread 7137] [9.0] [cxt 0] Egress port is 0
[16:35:37.354] [bmv2] [D] [thread 7138] [9.0] [cxt 0] Pipeline 'egress': start
[16:35:37.354] [bmv2] [D] [thread 7138] [9.0] [cxt 0] Pipeline 'egress': end
[16:35:37.354] [bmv2] [D] [thread 7138] [9.0] [cxt 0] Deparser 'deparser': start
[16:35:37.354] [bmv2] [T] [thread 7138] [9.0] [cxt 0] Skipping checksum 'cksum' update because condition not met
[16:35:37.354] [bmv2] [D] [thread 7138] [9.0] [cxt 0] Deparsing header 'ethernet'
[16:35:37.354] [bmv2] [D] [thread 7138] [9.0] [cxt 0] Deparser 'deparser': end
[16:35:37.354] [bmv2] [D] [thread 7142] [9.0] [cxt 0] Transmitting packet of size 208 out of port 0
[16:35:37.388] [bmv2] [D] [thread 7137] [10.0] [cxt 0] Processing packet received on port 2
[16:35:37.388] [bmv2] [D] [thread 7137] [10.0] [cxt 0] Parser 'parser': start
[16:35:37.388] [bmv2] [D] [thread 7137] [10.0] [cxt 0] Parser 'parser' entering state 'start'
[16:35:37.388] [bmv2] [D] [thread 7137] [10.0] [cxt 0] Extracting header 'ethernet'
[16:35:37.388] [bmv2] [D] [thread 7137] [10.0] [cxt 0] Parser state 'start': key is 86dd
[16:35:37.388] [bmv2] [T] [thread 7137] [10.0] [cxt 0] Bytes parsed: 14
[16:35:37.388] [bmv2] [D] [thread 7137] [10.0] [cxt 0] Parser 'parser': end
[16:35:37.388] [bmv2] [D] [thread 7137] [10.0] [cxt 0] Pipeline 'ingress': start
[16:35:37.388] [bmv2] [T] [thread 7137] [10.0] [cxt 0] advanced_tunnel.p4(169) Condition "hdr.ipv4.isValid() && !hdr.myTunnel.isValid()" (node_2) is false
[16:35:37.388] [bmv2] [T] [thread 7137] [10.0] [cxt 0] advanced_tunnel.p4(174) Condition "hdr.myTunnel.isValid()" (node_4) is false
[16:35:37.388] [bmv2] [D] [thread 7137] [10.0] [cxt 0] Pipeline 'ingress': end
[16:35:37.388] [bmv2] [D] [thread 7137] [10.0] [cxt 0] Egress port is 0
[16:35:37.388] [bmv2] [D] [thread 7138] [10.0] [cxt 0] Pipeline 'egress': start
[16:35:37.388] [bmv2] [D] [thread 7138] [10.0] [cxt 0] Pipeline 'egress': end
[16:35:37.388] [bmv2] [D] [thread 7138] [10.0] [cxt 0] Deparser 'deparser': start
[16:35:37.388] [bmv2] [T] [thread 7138] [10.0] [cxt 0] Skipping checksum 'cksum' update because condition not met
[16:35:37.388] [bmv2] [D] [thread 7138] [10.0] [cxt 0] Deparsing header 'ethernet'
[16:35:37.388] [bmv2] [D] [thread 7138] [10.0] [cxt 0] Deparser 'deparser': end
[16:35:37.388] [bmv2] [D] [thread 7142] [10.0] [cxt 0] Transmitting packet of size 208 out of port 0
[16:35:37.416] [bmv2] [D] [thread 7137] [11.0] [cxt 0] Processing packet received on port 3
[16:35:37.416] [bmv2] [D] [thread 7137] [11.0] [cxt 0] Parser 'parser': start
[16:35:37.416] [bmv2] [D] [thread 7137] [11.0] [cxt 0] Parser 'parser' entering state 'start'
[16:35:37.416] [bmv2] [D] [thread 7137] [11.0] [cxt 0] Extracting header 'ethernet'
[16:35:37.416] [bmv2] [D] [thread 7137] [11.0] [cxt 0] Parser state 'start': key is 86dd
[16:35:37.416] [bmv2] [T] [thread 7137] [11.0] [cxt 0] Bytes parsed: 14
[16:35:37.416] [bmv2] [D] [thread 7137] [11.0] [cxt 0] Parser 'parser': end
[16:35:37.416] [bmv2] [D] [thread 7137] [11.0] [cxt 0] Pipeline 'ingress': start
[16:35:37.416] [bmv2] [T] [thread 7137] [11.0] [cxt 0] advanced_tunnel.p4(169) Condition "hdr.ipv4.isValid() && !hdr.myTunnel.isValid()" (node_2) is false
[16:35:37.416] [bmv2] [T] [thread 7137] [11.0] [cxt 0] advanced_tunnel.p4(174) Condition "hdr.myTunnel.isValid()" (node_4) is false
[16:35:37.416] [bmv2] [D] [thread 7137] [11.0] [cxt 0] Pipeline 'ingress': end
[16:35:37.416] [bmv2] [D] [thread 7137] [11.0] [cxt 0] Egress port is 0
[16:35:37.416] [bmv2] [D] [thread 7138] [11.0] [cxt 0] Pipeline 'egress': start
[16:35:37.416] [bmv2] [D] [thread 7138] [11.0] [cxt 0] Pipeline 'egress': end
[16:35:37.416] [bmv2] [D] [thread 7138] [11.0] [cxt 0] Deparser 'deparser': start
[16:35:37.416] [bmv2] [T] [thread 7138] [11.0] [cxt 0] Skipping checksum 'cksum' update because condition not met
[16:35:37.416] [bmv2] [D] [thread 7138] [11.0] [cxt 0] Deparsing header 'ethernet'
[16:35:37.416] [bmv2] [D] [thread 7138] [11.0] [cxt 0] Deparser 'deparser': end
[16:35:37.416] [bmv2] [D] [thread 7142] [11.0] [cxt 0] Transmitting packet of size 208 out of port 0
[16:35:37.442] [bmv2] [D] [thread 7137] [12.0] [cxt 0] Processing packet received on port 1
[16:35:37.442] [bmv2] [D] [thread 7137] [12.0] [cxt 0] Parser 'parser': start
[16:35:37.442] [bmv2] [D] [thread 7137] [12.0] [cxt 0] Parser 'parser' entering state 'start'
[16:35:37.442] [bmv2] [D] [thread 7137] [12.0] [cxt 0] Extracting header 'ethernet'
[16:35:37.442] [bmv2] [D] [thread 7137] [12.0] [cxt 0] Parser state 'start': key is 86dd
[16:35:37.442] [bmv2] [T] [thread 7137] [12.0] [cxt 0] Bytes parsed: 14
[16:35:37.442] [bmv2] [D] [thread 7137] [12.0] [cxt 0] Parser 'parser': end
[16:35:37.442] [bmv2] [D] [thread 7137] [12.0] [cxt 0] Pipeline 'ingress': start
[16:35:37.442] [bmv2] [T] [thread 7137] [12.0] [cxt 0] advanced_tunnel.p4(169) Condition "hdr.ipv4.isValid() && !hdr.myTunnel.isValid()" (node_2) is false
[16:35:37.442] [bmv2] [T] [thread 7137] [12.0] [cxt 0] advanced_tunnel.p4(174) Condition "hdr.myTunnel.isValid()" (node_4) is false
[16:35:37.442] [bmv2] [D] [thread 7137] [12.0] [cxt 0] Pipeline 'ingress': end
[16:35:37.442] [bmv2] [D] [thread 7137] [12.0] [cxt 0] Egress port is 0
[16:35:37.442] [bmv2] [D] [thread 7137] [13.0] [cxt 0] Processing packet received on port 1
[16:35:37.442] [bmv2] [D] [thread 7137] [13.0] [cxt 0] Parser 'parser': start
[16:35:37.442] [bmv2] [D] [thread 7137] [13.0] [cxt 0] Parser 'parser' entering state 'start'
[16:35:37.442] [bmv2] [D] [thread 7137] [13.0] [cxt 0] Extracting header 'ethernet'
[16:35:37.442] [bmv2] [D] [thread 7137] [13.0] [cxt 0] Parser state 'start': key is 86dd
[16:35:37.442] [bmv2] [T] [thread 7137] [13.0] [cxt 0] Bytes parsed: 14
[16:35:37.442] [bmv2] [D] [thread 7137] [13.0] [cxt 0] Parser 'parser': end
[16:35:37.442] [bmv2] [D] [thread 7137] [13.0] [cxt 0] Pipeline 'ingress': start
[16:35:37.442] [bmv2] [T] [thread 7137] [13.0] [cxt 0] advanced_tunnel.p4(169) Condition "hdr.ipv4.isValid() && !hdr.myTunnel.isValid()" (node_2) is false
[16:35:37.442] [bmv2] [T] [thread 7137] [13.0] [cxt 0] advanced_tunnel.p4(174) Condition "hdr.myTunnel.isValid()" (node_4) is false
[16:35:37.442] [bmv2] [D] [thread 7137] [13.0] [cxt 0] Pipeline 'ingress': end
[16:35:37.442] [bmv2] [D] [thread 7137] [13.0] [cxt 0] Egress port is 0
[16:35:37.442] [bmv2] [D] [thread 7138] [12.0] [cxt 0] Pipeline 'egress': start
[16:35:37.442] [bmv2] [D] [thread 7138] [12.0] [cxt 0] Pipeline 'egress': end
[16:35:37.442] [bmv2] [D] [thread 7138] [12.0] [cxt 0] Deparser 'deparser': start
[16:35:37.442] [bmv2] [T] [thread 7138] [12.0] [cxt 0] Skipping checksum 'cksum' update because condition not met
[16:35:37.442] [bmv2] [D] [thread 7138] [12.0] [cxt 0] Deparsing header 'ethernet'
[16:35:37.442] [bmv2] [D] [thread 7138] [12.0] [cxt 0] Deparser 'deparser': end
[16:35:37.442] [bmv2] [D] [thread 7138] [13.0] [cxt 0] Pipeline 'egress': start
[16:35:37.442] [bmv2] [D] [thread 7138] [13.0] [cxt 0] Pipeline 'egress': end
[16:35:37.442] [bmv2] [D] [thread 7138] [13.0] [cxt 0] Deparser 'deparser': start
[16:35:37.442] [bmv2] [T] [thread 7138] [13.0] [cxt 0] Skipping checksum 'cksum' update because condition not met
[16:35:37.442] [bmv2] [D] [thread 7138] [13.0] [cxt 0] Deparsing header 'ethernet'
[16:35:37.442] [bmv2] [D] [thread 7138] [13.0] [cxt 0] Deparser 'deparser': end
[16:35:37.442] [bmv2] [D] [thread 7142] [12.0] [cxt 0] Transmitting packet of size 90 out of port 0
[16:35:37.442] [bmv2] [D] [thread 7142] [13.0] [cxt 0] Transmitting packet of size 70 out of port 0
[16:35:37.453] [bmv2] [D] [thread 7137] [14.0] [cxt 0] Processing packet received on port 1
[16:35:37.453] [bmv2] [D] [thread 7137] [14.0] [cxt 0] Parser 'parser': start
[16:35:37.453] [bmv2] [D] [thread 7137] [14.0] [cxt 0] Parser 'parser' entering state 'start'
[16:35:37.453] [bmv2] [D] [thread 7137] [14.0] [cxt 0] Extracting header 'ethernet'
[16:35:37.453] [bmv2] [D] [thread 7137] [14.0] [cxt 0] Parser state 'start': key is 86dd
[16:35:37.453] [bmv2] [T] [thread 7137] [14.0] [cxt 0] Bytes parsed: 14
[16:35:37.453] [bmv2] [D] [thread 7137] [14.0] [cxt 0] Parser 'parser': end
[16:35:37.453] [bmv2] [D] [thread 7137] [14.0] [cxt 0] Pipeline 'ingress': start
[16:35:37.453] [bmv2] [T] [thread 7137] [14.0] [cxt 0] advanced_tunnel.p4(169) Condition "hdr.ipv4.isValid() && !hdr.myTunnel.isValid()" (node_2) is false
[16:35:37.453] [bmv2] [T] [thread 7137] [14.0] [cxt 0] advanced_tunnel.p4(174) Condition "hdr.myTunnel.isValid()" (node_4) is false
[16:35:37.453] [bmv2] [D] [thread 7137] [14.0] [cxt 0] Pipeline 'ingress': end
[16:35:37.453] [bmv2] [D] [thread 7137] [14.0] [cxt 0] Egress port is 0
[16:35:37.453] [bmv2] [D] [thread 7138] [14.0] [cxt 0] Pipeline 'egress': start
[16:35:37.453] [bmv2] [D] [thread 7138] [14.0] [cxt 0] Pipeline 'egress': end
[16:35:37.453] [bmv2] [D] [thread 7138] [14.0] [cxt 0] Deparser 'deparser': start
[16:35:37.453] [bmv2] [T] [thread 7138] [14.0] [cxt 0] Skipping checksum 'cksum' update because condition not met
[16:35:37.453] [bmv2] [D] [thread 7138] [14.0] [cxt 0] Deparsing header 'ethernet'
[16:35:37.453] [bmv2] [D] [thread 7138] [14.0] [cxt 0] Deparser 'deparser': end
[16:35:37.453] [bmv2] [D] [thread 7142] [14.0] [cxt 0] Transmitting packet of size 90 out of port 0
[16:35:37.546] [bmv2] [D] [thread 7137] [15.0] [cxt 0] Processing packet received on port 2
[16:35:37.546] [bmv2] [D] [thread 7137] [15.0] [cxt 0] Parser 'parser': start
[16:35:37.546] [bmv2] [D] [thread 7137] [15.0] [cxt 0] Parser 'parser' entering state 'start'
[16:35:37.546] [bmv2] [D] [thread 7137] [15.0] [cxt 0] Extracting header 'ethernet'
[16:35:37.546] [bmv2] [D] [thread 7137] [15.0] [cxt 0] Parser state 'start': key is 86dd
[16:35:37.546] [bmv2] [T] [thread 7137] [15.0] [cxt 0] Bytes parsed: 14
[16:35:37.546] [bmv2] [D] [thread 7137] [15.0] [cxt 0] Parser 'parser': end
[16:35:37.546] [bmv2] [D] [thread 7137] [15.0] [cxt 0] Pipeline 'ingress': start
[16:35:37.546] [bmv2] [T] [thread 7137] [15.0] [cxt 0] advanced_tunnel.p4(169) Condition "hdr.ipv4.isValid() && !hdr.myTunnel.isValid()" (node_2) is false
[16:35:37.546] [bmv2] [T] [thread 7137] [15.0] [cxt 0] advanced_tunnel.p4(174) Condition "hdr.myTunnel.isValid()" (node_4) is false
[16:35:37.546] [bmv2] [D] [thread 7137] [15.0] [cxt 0] Pipeline 'ingress': end
[16:35:37.546] [bmv2] [D] [thread 7137] [15.0] [cxt 0] Egress port is 0
[16:35:37.546] [bmv2] [D] [thread 7138] [15.0] [cxt 0] Pipeline 'egress': start
[16:35:37.546] [bmv2] [D] [thread 7138] [15.0] [cxt 0] Pipeline 'egress': end
[16:35:37.546] [bmv2] [D] [thread 7138] [15.0] [cxt 0] Deparser 'deparser': start
[16:35:37.546] [bmv2] [T] [thread 7138] [15.0] [cxt 0] Skipping checksum 'cksum' update because condition not met
[16:35:37.546] [bmv2] [D] [thread 7138] [15.0] [cxt 0] Deparsing header 'ethernet'
[16:35:37.546] [bmv2] [D] [thread 7138] [15.0] [cxt 0] Deparser 'deparser': end
[16:35:37.546] [bmv2] [D] [thread 7142] [15.0] [cxt 0] Transmitting packet of size 208 out of port 0
[16:35:37.565] [bmv2] [D] [thread 7137] [16.0] [cxt 0] Processing packet received on port 3
[16:35:37.565] [bmv2] [D] [thread 7137] [16.0] [cxt 0] Parser 'parser': start
[16:35:37.565] [bmv2] [D] [thread 7137] [16.0] [cxt 0] Parser 'parser' entering state 'start'
[16:35:37.565] [bmv2] [D] [thread 7137] [16.0] [cxt 0] Extracting header 'ethernet'
[16:35:37.565] [bmv2] [D] [thread 7137] [16.0] [cxt 0] Parser state 'start': key is 86dd
[16:35:37.565] [bmv2] [T] [thread 7137] [16.0] [cxt 0] Bytes parsed: 14
[16:35:37.565] [bmv2] [D] [thread 7137] [16.0] [cxt 0] Parser 'parser': end
[16:35:37.565] [bmv2] [D] [thread 7137] [16.0] [cxt 0] Pipeline 'ingress': start
[16:35:37.565] [bmv2] [T] [thread 7137] [16.0] [cxt 0] advanced_tunnel.p4(169) Condition "hdr.ipv4.isValid() && !hdr.myTunnel.isValid()" (node_2) is false
[16:35:37.565] [bmv2] [T] [thread 7137] [16.0] [cxt 0] advanced_tunnel.p4(174) Condition "hdr.myTunnel.isValid()" (node_4) is false
[16:35:37.565] [bmv2] [D] [thread 7137] [16.0] [cxt 0] Pipeline 'ingress': end
[16:35:37.565] [bmv2] [D] [thread 7137] [16.0] [cxt 0] Egress port is 0
[16:35:37.565] [bmv2] [D] [thread 7138] [16.0] [cxt 0] Pipeline 'egress': start
[16:35:37.565] [bmv2] [D] [thread 7138] [16.0] [cxt 0] Pipeline 'egress': end
[16:35:37.565] [bmv2] [D] [thread 7138] [16.0] [cxt 0] Deparser 'deparser': start
[16:35:37.565] [bmv2] [T] [thread 7138] [16.0] [cxt 0] Skipping checksum 'cksum' update because condition not met
[16:35:37.565] [bmv2] [D] [thread 7138] [16.0] [cxt 0] Deparsing header 'ethernet'
[16:35:37.565] [bmv2] [D] [thread 7138] [16.0] [cxt 0] Deparser 'deparser': end
[16:35:37.565] [bmv2] [D] [thread 7142] [16.0] [cxt 0] Transmitting packet of size 110 out of port 0
[16:35:37.601] [bmv2] [D] [thread 7137] [17.0] [cxt 0] Processing packet received on port 3
[16:35:37.601] [bmv2] [D] [thread 7137] [17.0] [cxt 0] Parser 'parser': start
[16:35:37.601] [bmv2] [D] [thread 7137] [17.0] [cxt 0] Parser 'parser' entering state 'start'
[16:35:37.601] [bmv2] [D] [thread 7137] [17.0] [cxt 0] Extracting header 'ethernet'
[16:35:37.601] [bmv2] [D] [thread 7137] [17.0] [cxt 0] Parser state 'start': key is 86dd
[16:35:37.601] [bmv2] [T] [thread 7137] [17.0] [cxt 0] Bytes parsed: 14
[16:35:37.601] [bmv2] [D] [thread 7137] [17.0] [cxt 0] Parser 'parser': end
[16:35:37.601] [bmv2] [D] [thread 7137] [17.0] [cxt 0] Pipeline 'ingress': start
[16:35:37.601] [bmv2] [T] [thread 7137] [17.0] [cxt 0] advanced_tunnel.p4(169) Condition "hdr.ipv4.isValid() && !hdr.myTunnel.isValid()" (node_2) is false
[16:35:37.601] [bmv2] [T] [thread 7137] [17.0] [cxt 0] advanced_tunnel.p4(174) Condition "hdr.myTunnel.isValid()" (node_4) is false
[16:35:37.601] [bmv2] [D] [thread 7137] [17.0] [cxt 0] Pipeline 'ingress': end
[16:35:37.601] [bmv2] [D] [thread 7137] [17.0] [cxt 0] Egress port is 0
[16:35:37.601] [bmv2] [D] [thread 7138] [17.0] [cxt 0] Pipeline 'egress': start
[16:35:37.601] [bmv2] [D] [thread 7138] [17.0] [cxt 0] Pipeline 'egress': end
[16:35:37.601] [bmv2] [D] [thread 7138] [17.0] [cxt 0] Deparser 'deparser': start
[16:35:37.601] [bmv2] [T] [thread 7138] [17.0] [cxt 0] Skipping checksum 'cksum' update because condition not met
[16:35:37.601] [bmv2] [D] [thread 7138] [17.0] [cxt 0] Deparsing header 'ethernet'
[16:35:37.601] [bmv2] [D] [thread 7138] [17.0] [cxt 0] Deparser 'deparser': end
[16:35:37.601] [bmv2] [D] [thread 7142] [17.0] [cxt 0] Transmitting packet of size 208 out of port 0
[16:35:37.616] [bmv2] [D] [thread 7137] [18.0] [cxt 0] Processing packet received on port 1
[16:35:37.616] [bmv2] [D] [thread 7137] [18.0] [cxt 0] Parser 'parser': start
[16:35:37.616] [bmv2] [D] [thread 7137] [18.0] [cxt 0] Parser 'parser' entering state 'start'
[16:35:37.616] [bmv2] [D] [thread 7137] [18.0] [cxt 0] Extracting header 'ethernet'
[16:35:37.616] [bmv2] [D] [thread 7137] [18.0] [cxt 0] Parser state 'start': key is 86dd
[16:35:37.616] [bmv2] [T] [thread 7137] [18.0] [cxt 0] Bytes parsed: 14
[16:35:37.617] [bmv2] [D] [thread 7137] [18.0] [cxt 0] Parser 'parser': end
[16:35:37.617] [bmv2] [D] [thread 7137] [18.0] [cxt 0] Pipeline 'ingress': start
[16:35:37.617] [bmv2] [T] [thread 7137] [18.0] [cxt 0] advanced_tunnel.p4(169) Condition "hdr.ipv4.isValid() && !hdr.myTunnel.isValid()" (node_2) is false
[16:35:37.617] [bmv2] [T] [thread 7137] [18.0] [cxt 0] advanced_tunnel.p4(174) Condition "hdr.myTunnel.isValid()" (node_4) is false
[16:35:37.617] [bmv2] [D] [thread 7137] [18.0] [cxt 0] Pipeline 'ingress': end
[16:35:37.617] [bmv2] [D] [thread 7137] [18.0] [cxt 0] Egress port is 0
[16:35:37.617] [bmv2] [D] [thread 7138] [18.0] [cxt 0] Pipeline 'egress': start
[16:35:37.617] [bmv2] [D] [thread 7138] [18.0] [cxt 0] Pipeline 'egress': end
[16:35:37.617] [bmv2] [D] [thread 7138] [18.0] [cxt 0] Deparser 'deparser': start
[16:35:37.617] [bmv2] [T] [thread 7138] [18.0] [cxt 0] Skipping checksum 'cksum' update because condition not met
[16:35:37.617] [bmv2] [D] [thread 7138] [18.0] [cxt 0] Deparsing header 'ethernet'
[16:35:37.617] [bmv2] [D] [thread 7138] [18.0] [cxt 0] Deparser 'deparser': end
[16:35:37.617] [bmv2] [D] [thread 7142] [18.0] [cxt 0] Transmitting packet of size 90 out of port 0
[16:35:37.638] [bmv2] [D] [thread 7137] [19.0] [cxt 0] Processing packet received on port 2
[16:35:37.638] [bmv2] [D] [thread 7137] [19.0] [cxt 0] Parser 'parser': start
[16:35:37.638] [bmv2] [D] [thread 7137] [19.0] [cxt 0] Parser 'parser' entering state 'start'
[16:35:37.638] [bmv2] [D] [thread 7137] [19.0] [cxt 0] Extracting header 'ethernet'
[16:35:37.638] [bmv2] [D] [thread 7137] [19.0] [cxt 0] Parser state 'start': key is 86dd
[16:35:37.638] [bmv2] [T] [thread 7137] [19.0] [cxt 0] Bytes parsed: 14
[16:35:37.638] [bmv2] [D] [thread 7137] [19.0] [cxt 0] Parser 'parser': end
[16:35:37.638] [bmv2] [D] [thread 7137] [19.0] [cxt 0] Pipeline 'ingress': start
[16:35:37.638] [bmv2] [T] [thread 7137] [19.0] [cxt 0] advanced_tunnel.p4(169) Condition "hdr.ipv4.isValid() && !hdr.myTunnel.isValid()" (node_2) is false
[16:35:37.638] [bmv2] [T] [thread 7137] [19.0] [cxt 0] advanced_tunnel.p4(174) Condition "hdr.myTunnel.isValid()" (node_4) is false
[16:35:37.638] [bmv2] [D] [thread 7137] [19.0] [cxt 0] Pipeline 'ingress': end
[16:35:37.638] [bmv2] [D] [thread 7137] [19.0] [cxt 0] Egress port is 0
[16:35:37.638] [bmv2] [D] [thread 7138] [19.0] [cxt 0] Pipeline 'egress': start
[16:35:37.638] [bmv2] [D] [thread 7138] [19.0] [cxt 0] Pipeline 'egress': end
[16:35:37.638] [bmv2] [D] [thread 7138] [19.0] [cxt 0] Deparser 'deparser': start
[16:35:37.638] [bmv2] [T] [thread 7138] [19.0] [cxt 0] Skipping checksum 'cksum' update because condition not met
[16:35:37.638] [bmv2] [D] [thread 7138] [19.0] [cxt 0] Deparsing header 'ethernet'
[16:35:37.638] [bmv2] [D] [thread 7138] [19.0] [cxt 0] Deparser 'deparser': end
[16:35:37.638] [bmv2] [D] [thread 7142] [19.0] [cxt 0] Transmitting packet of size 208 out of port 0
[16:35:37.647] [bmv2] [D] [thread 7137] [20.0] [cxt 0] Processing packet received on port 1
[16:35:37.647] [bmv2] [D] [thread 7137] [20.0] [cxt 0] Parser 'parser': start
[16:35:37.647] [bmv2] [D] [thread 7137] [20.0] [cxt 0] Parser 'parser' entering state 'start'
[16:35:37.647] [bmv2] [D] [thread 7137] [20.0] [cxt 0] Extracting header 'ethernet'
[16:35:37.647] [bmv2] [D] [thread 7137] [20.0] [cxt 0] Parser state 'start': key is 86dd
[16:35:37.647] [bmv2] [T] [thread 7137] [20.0] [cxt 0] Bytes parsed: 14
[16:35:37.647] [bmv2] [D] [thread 7137] [20.0] [cxt 0] Parser 'parser': end
[16:35:37.647] [bmv2] [D] [thread 7137] [20.0] [cxt 0] Pipeline 'ingress': start
[16:35:37.647] [bmv2] [T] [thread 7137] [20.0] [cxt 0] advanced_tunnel.p4(169) Condition "hdr.ipv4.isValid() && !hdr.myTunnel.isValid()" (node_2) is false
[16:35:37.647] [bmv2] [T] [thread 7137] [20.0] [cxt 0] advanced_tunnel.p4(174) Condition "hdr.myTunnel.isValid()" (node_4) is false
[16:35:37.647] [bmv2] [D] [thread 7137] [20.0] [cxt 0] Pipeline 'ingress': end
[16:35:37.647] [bmv2] [D] [thread 7137] [20.0] [cxt 0] Egress port is 0
[16:35:37.648] [bmv2] [D] [thread 7138] [20.0] [cxt 0] Pipeline 'egress': start
[16:35:37.648] [bmv2] [D] [thread 7138] [20.0] [cxt 0] Pipeline 'egress': end
[16:35:37.648] [bmv2] [D] [thread 7138] [20.0] [cxt 0] Deparser 'deparser': start
[16:35:37.648] [bmv2] [T] [thread 7138] [20.0] [cxt 0] Skipping checksum 'cksum' update because condition not met
[16:35:37.648] [bmv2] [D] [thread 7138] [20.0] [cxt 0] Deparsing header 'ethernet'
[16:35:37.648] [bmv2] [D] [thread 7138] [20.0] [cxt 0] Deparser 'deparser': end
[16:35:37.648] [bmv2] [D] [thread 7142] [20.0] [cxt 0] Transmitting packet of size 208 out of port 0
[16:35:37.668] [bmv2] [D] [thread 7137] [21.0] [cxt 0] Processing packet received on port 3
[16:35:37.668] [bmv2] [D] [thread 7137] [21.0] [cxt 0] Parser 'parser': start
[16:35:37.668] [bmv2] [D] [thread 7137] [21.0] [cxt 0] Parser 'parser' entering state 'start'
[16:35:37.668] [bmv2] [D] [thread 7137] [21.0] [cxt 0] Extracting header 'ethernet'
[16:35:37.668] [bmv2] [D] [thread 7137] [21.0] [cxt 0] Parser state 'start': key is 86dd
[16:35:37.668] [bmv2] [T] [thread 7137] [21.0] [cxt 0] Bytes parsed: 14
[16:35:37.668] [bmv2] [D] [thread 7137] [21.0] [cxt 0] Parser 'parser': end
[16:35:37.668] [bmv2] [D] [thread 7137] [21.0] [cxt 0] Pipeline 'ingress': start
[16:35:37.668] [bmv2] [T] [thread 7137] [21.0] [cxt 0] advanced_tunnel.p4(169) Condition "hdr.ipv4.isValid() && !hdr.myTunnel.isValid()" (node_2) is false
[16:35:37.668] [bmv2] [T] [thread 7137] [21.0] [cxt 0] advanced_tunnel.p4(174) Condition "hdr.myTunnel.isValid()" (node_4) is false
[16:35:37.668] [bmv2] [D] [thread 7137] [21.0] [cxt 0] Pipeline 'ingress': end
[16:35:37.668] [bmv2] [D] [thread 7137] [21.0] [cxt 0] Egress port is 0
[16:35:37.668] [bmv2] [D] [thread 7138] [21.0] [cxt 0] Pipeline 'egress': start
[16:35:37.668] [bmv2] [D] [thread 7138] [21.0] [cxt 0] Pipeline 'egress': end
[16:35:37.668] [bmv2] [D] [thread 7138] [21.0] [cxt 0] Deparser 'deparser': start
[16:35:37.668] [bmv2] [T] [thread 7138] [21.0] [cxt 0] Skipping checksum 'cksum' update because condition not met
[16:35:37.668] [bmv2] [D] [thread 7138] [21.0] [cxt 0] Deparsing header 'ethernet'
[16:35:37.668] [bmv2] [D] [thread 7138] [21.0] [cxt 0] Deparser 'deparser': end
[16:35:37.668] [bmv2] [D] [thread 7142] [21.0] [cxt 0] Transmitting packet of size 208 out of port 0
[16:35:37.724] [bmv2] [D] [thread 7137] [22.0] [cxt 0] Processing packet received on port 3
[16:35:37.724] [bmv2] [D] [thread 7137] [22.0] [cxt 0] Parser 'parser': start
[16:35:37.724] [bmv2] [D] [thread 7137] [22.0] [cxt 0] Parser 'parser' entering state 'start'
[16:35:37.724] [bmv2] [D] [thread 7137] [22.0] [cxt 0] Extracting header 'ethernet'
[16:35:37.724] [bmv2] [D] [thread 7137] [22.0] [cxt 0] Parser state 'start': key is 86dd
[16:35:37.724] [bmv2] [T] [thread 7137] [22.0] [cxt 0] Bytes parsed: 14
[16:35:37.724] [bmv2] [D] [thread 7137] [22.0] [cxt 0] Parser 'parser': end
[16:35:37.724] [bmv2] [D] [thread 7137] [22.0] [cxt 0] Pipeline 'ingress': start
[16:35:37.724] [bmv2] [T] [thread 7137] [22.0] [cxt 0] advanced_tunnel.p4(169) Condition "hdr.ipv4.isValid() && !hdr.myTunnel.isValid()" (node_2) is false
[16:35:37.724] [bmv2] [T] [thread 7137] [22.0] [cxt 0] advanced_tunnel.p4(174) Condition "hdr.myTunnel.isValid()" (node_4) is false
[16:35:37.724] [bmv2] [D] [thread 7137] [22.0] [cxt 0] Pipeline 'ingress': end
[16:35:37.724] [bmv2] [D] [thread 7137] [22.0] [cxt 0] Egress port is 0
[16:35:37.725] [bmv2] [D] [thread 7138] [22.0] [cxt 0] Pipeline 'egress': start
[16:35:37.725] [bmv2] [D] [thread 7138] [22.0] [cxt 0] Pipeline 'egress': end
[16:35:37.725] [bmv2] [D] [thread 7138] [22.0] [cxt 0] Deparser 'deparser': start
[16:35:37.725] [bmv2] [T] [thread 7138] [22.0] [cxt 0] Skipping checksum 'cksum' update because condition not met
[16:35:37.725] [bmv2] [D] [thread 7138] [22.0] [cxt 0] Deparsing header 'ethernet'
[16:35:37.725] [bmv2] [D] [thread 7138] [22.0] [cxt 0] Deparser 'deparser': end
[16:35:37.725] [bmv2] [D] [thread 7142] [22.0] [cxt 0] Transmitting packet of size 90 out of port 0
[16:35:37.756] [bmv2] [D] [thread 7137] [23.0] [cxt 0] Processing packet received on port 3
[16:35:37.757] [bmv2] [D] [thread 7137] [23.0] [cxt 0] Parser 'parser': start
[16:35:37.757] [bmv2] [D] [thread 7137] [23.0] [cxt 0] Parser 'parser' entering state 'start'
[16:35:37.757] [bmv2] [D] [thread 7137] [23.0] [cxt 0] Extracting header 'ethernet'
[16:35:37.757] [bmv2] [D] [thread 7137] [23.0] [cxt 0] Parser state 'start': key is 86dd
[16:35:37.757] [bmv2] [T] [thread 7137] [23.0] [cxt 0] Bytes parsed: 14
[16:35:37.757] [bmv2] [D] [thread 7137] [23.0] [cxt 0] Parser 'parser': end
[16:35:37.757] [bmv2] [D] [thread 7137] [23.0] [cxt 0] Pipeline 'ingress': start
[16:35:37.757] [bmv2] [T] [thread 7137] [23.0] [cxt 0] advanced_tunnel.p4(169) Condition "hdr.ipv4.isValid() && !hdr.myTunnel.isValid()" (node_2) is false
[16:35:37.757] [bmv2] [T] [thread 7137] [23.0] [cxt 0] advanced_tunnel.p4(174) Condition "hdr.myTunnel.isValid()" (node_4) is false
[16:35:37.757] [bmv2] [D] [thread 7137] [23.0] [cxt 0] Pipeline 'ingress': end
[16:35:37.757] [bmv2] [D] [thread 7137] [23.0] [cxt 0] Egress port is 0
[16:35:37.757] [bmv2] [D] [thread 7138] [23.0] [cxt 0] Pipeline 'egress': start
[16:35:37.757] [bmv2] [D] [thread 7138] [23.0] [cxt 0] Pipeline 'egress': end
[16:35:37.757] [bmv2] [D] [thread 7138] [23.0] [cxt 0] Deparser 'deparser': start
[16:35:37.757] [bmv2] [T] [thread 7138] [23.0] [cxt 0] Skipping checksum 'cksum' update because condition not met
[16:35:37.757] [bmv2] [D] [thread 7138] [23.0] [cxt 0] Deparsing header 'ethernet'
[16:35:37.757] [bmv2] [D] [thread 7138] [23.0] [cxt 0] Deparser 'deparser': end
[16:35:37.757] [bmv2] [D] [thread 7142] [23.0] [cxt 0] Transmitting packet of size 110 out of port 0
[16:35:37.788] [bmv2] [D] [thread 7137] [24.0] [cxt 0] Processing packet received on port 1
[16:35:37.788] [bmv2] [D] [thread 7137] [24.0] [cxt 0] Parser 'parser': start
[16:35:37.788] [bmv2] [D] [thread 7137] [24.0] [cxt 0] Parser 'parser' entering state 'start'
[16:35:37.788] [bmv2] [D] [thread 7137] [24.0] [cxt 0] Extracting header 'ethernet'
[16:35:37.788] [bmv2] [D] [thread 7137] [24.0] [cxt 0] Parser state 'start': key is 86dd
[16:35:37.789] [bmv2] [T] [thread 7137] [24.0] [cxt 0] Bytes parsed: 14
[16:35:37.789] [bmv2] [D] [thread 7137] [24.0] [cxt 0] Parser 'parser': end
[16:35:37.789] [bmv2] [D] [thread 7137] [24.0] [cxt 0] Pipeline 'ingress': start
[16:35:37.789] [bmv2] [T] [thread 7137] [24.0] [cxt 0] advanced_tunnel.p4(169) Condition "hdr.ipv4.isValid() && !hdr.myTunnel.isValid()" (node_2) is false
[16:35:37.789] [bmv2] [T] [thread 7137] [24.0] [cxt 0] advanced_tunnel.p4(174) Condition "hdr.myTunnel.isValid()" (node_4) is false
[16:35:37.789] [bmv2] [D] [thread 7137] [24.0] [cxt 0] Pipeline 'ingress': end
[16:35:37.789] [bmv2] [D] [thread 7137] [24.0] [cxt 0] Egress port is 0
[16:35:37.789] [bmv2] [D] [thread 7138] [24.0] [cxt 0] Pipeline 'egress': start
[16:35:37.789] [bmv2] [D] [thread 7138] [24.0] [cxt 0] Pipeline 'egress': end
[16:35:37.789] [bmv2] [D] [thread 7138] [24.0] [cxt 0] Deparser 'deparser': start
[16:35:37.789] [bmv2] [T] [thread 7138] [24.0] [cxt 0] Skipping checksum 'cksum' update because condition not met
[16:35:37.789] [bmv2] [D] [thread 7138] [24.0] [cxt 0] Deparsing header 'ethernet'
[16:35:37.789] [bmv2] [D] [thread 7138] [24.0] [cxt 0] Deparser 'deparser': end
[16:35:37.789] [bmv2] [D] [thread 7142] [24.0] [cxt 0] Transmitting packet of size 110 out of port 0
[16:35:37.799] [bmv2] [D] [thread 7137] [25.0] [cxt 0] Processing packet received on port 2
[16:35:37.799] [bmv2] [D] [thread 7137] [25.0] [cxt 0] Parser 'parser': start
[16:35:37.799] [bmv2] [D] [thread 7137] [25.0] [cxt 0] Parser 'parser' entering state 'start'
[16:35:37.799] [bmv2] [D] [thread 7137] [25.0] [cxt 0] Extracting header 'ethernet'
[16:35:37.799] [bmv2] [D] [thread 7137] [25.0] [cxt 0] Parser state 'start': key is 86dd
[16:35:37.799] [bmv2] [T] [thread 7137] [25.0] [cxt 0] Bytes parsed: 14
[16:35:37.799] [bmv2] [D] [thread 7137] [25.0] [cxt 0] Parser 'parser': end
[16:35:37.799] [bmv2] [D] [thread 7137] [25.0] [cxt 0] Pipeline 'ingress': start
[16:35:37.799] [bmv2] [T] [thread 7137] [25.0] [cxt 0] advanced_tunnel.p4(169) Condition "hdr.ipv4.isValid() && !hdr.myTunnel.isValid()" (node_2) is false
[16:35:37.799] [bmv2] [T] [thread 7137] [25.0] [cxt 0] advanced_tunnel.p4(174) Condition "hdr.myTunnel.isValid()" (node_4) is false
[16:35:37.799] [bmv2] [D] [thread 7137] [25.0] [cxt 0] Pipeline 'ingress': end
[16:35:37.799] [bmv2] [D] [thread 7137] [25.0] [cxt 0] Egress port is 0
[16:35:37.799] [bmv2] [D] [thread 7138] [25.0] [cxt 0] Pipeline 'egress': start
[16:35:37.799] [bmv2] [D] [thread 7138] [25.0] [cxt 0] Pipeline 'egress': end
[16:35:37.799] [bmv2] [D] [thread 7138] [25.0] [cxt 0] Deparser 'deparser': start
[16:35:37.799] [bmv2] [T] [thread 7138] [25.0] [cxt 0] Skipping checksum 'cksum' update because condition not met
[16:35:37.799] [bmv2] [D] [thread 7138] [25.0] [cxt 0] Deparsing header 'ethernet'
[16:35:37.799] [bmv2] [D] [thread 7138] [25.0] [cxt 0] Deparser 'deparser': end
[16:35:37.799] [bmv2] [D] [thread 7142] [25.0] [cxt 0] Transmitting packet of size 208 out of port 0
[16:35:37.801] [bmv2] [D] [thread 7137] [26.0] [cxt 0] Processing packet received on port 3
[16:35:37.801] [bmv2] [D] [thread 7137] [26.0] [cxt 0] Parser 'parser': start
[16:35:37.801] [bmv2] [D] [thread 7137] [26.0] [cxt 0] Parser 'parser' entering state 'start'
[16:35:37.801] [bmv2] [D] [thread 7137] [26.0] [cxt 0] Extracting header 'ethernet'
[16:35:37.801] [bmv2] [D] [thread 7137] [26.0] [cxt 0] Parser state 'start': key is 86dd
[16:35:37.801] [bmv2] [T] [thread 7137] [26.0] [cxt 0] Bytes parsed: 14
[16:35:37.801] [bmv2] [D] [thread 7137] [26.0] [cxt 0] Parser 'parser': end
[16:35:37.801] [bmv2] [D] [thread 7137] [26.0] [cxt 0] Pipeline 'ingress': start
[16:35:37.801] [bmv2] [T] [thread 7137] [26.0] [cxt 0] advanced_tunnel.p4(169) Condition "hdr.ipv4.isValid() && !hdr.myTunnel.isValid()" (node_2) is false
[16:35:37.801] [bmv2] [T] [thread 7137] [26.0] [cxt 0] advanced_tunnel.p4(174) Condition "hdr.myTunnel.isValid()" (node_4) is false
[16:35:37.801] [bmv2] [D] [thread 7137] [26.0] [cxt 0] Pipeline 'ingress': end
[16:35:37.801] [bmv2] [D] [thread 7137] [26.0] [cxt 0] Egress port is 0
[16:35:37.801] [bmv2] [D] [thread 7138] [26.0] [cxt 0] Pipeline 'egress': start
[16:35:37.801] [bmv2] [D] [thread 7138] [26.0] [cxt 0] Pipeline 'egress': end
[16:35:37.801] [bmv2] [D] [thread 7138] [26.0] [cxt 0] Deparser 'deparser': start
[16:35:37.801] [bmv2] [T] [thread 7138] [26.0] [cxt 0] Skipping checksum 'cksum' update because condition not met
[16:35:37.801] [bmv2] [D] [thread 7138] [26.0] [cxt 0] Deparsing header 'ethernet'
[16:35:37.801] [bmv2] [D] [thread 7138] [26.0] [cxt 0] Deparser 'deparser': end
[16:35:37.801] [bmv2] [D] [thread 7142] [26.0] [cxt 0] Transmitting packet of size 196 out of port 0
[16:35:37.837] [bmv2] [D] [thread 7137] [27.0] [cxt 0] Processing packet received on port 2
[16:35:37.837] [bmv2] [D] [thread 7137] [27.0] [cxt 0] Parser 'parser': start
[16:35:37.837] [bmv2] [D] [thread 7137] [27.0] [cxt 0] Parser 'parser' entering state 'start'
[16:35:37.837] [bmv2] [D] [thread 7137] [27.0] [cxt 0] Extracting header 'ethernet'
[16:35:37.837] [bmv2] [D] [thread 7137] [27.0] [cxt 0] Parser state 'start': key is 86dd
[16:35:37.837] [bmv2] [T] [thread 7137] [27.0] [cxt 0] Bytes parsed: 14
[16:35:37.837] [bmv2] [D] [thread 7137] [27.0] [cxt 0] Parser 'parser': end
[16:35:37.837] [bmv2] [D] [thread 7137] [27.0] [cxt 0] Pipeline 'ingress': start
[16:35:37.837] [bmv2] [T] [thread 7137] [27.0] [cxt 0] advanced_tunnel.p4(169) Condition "hdr.ipv4.isValid() && !hdr.myTunnel.isValid()" (node_2) is false
[16:35:37.837] [bmv2] [T] [thread 7137] [27.0] [cxt 0] advanced_tunnel.p4(174) Condition "hdr.myTunnel.isValid()" (node_4) is false
[16:35:37.837] [bmv2] [D] [thread 7137] [27.0] [cxt 0] Pipeline 'ingress': end
[16:35:37.837] [bmv2] [D] [thread 7137] [27.0] [cxt 0] Egress port is 0
[16:35:37.837] [bmv2] [D] [thread 7138] [27.0] [cxt 0] Pipeline 'egress': start
[16:35:37.837] [bmv2] [D] [thread 7138] [27.0] [cxt 0] Pipeline 'egress': end
[16:35:37.837] [bmv2] [D] [thread 7138] [27.0] [cxt 0] Deparser 'deparser': start
[16:35:37.837] [bmv2] [T] [thread 7138] [27.0] [cxt 0] Skipping checksum 'cksum' update because condition not met
[16:35:37.837] [bmv2] [D] [thread 7138] [27.0] [cxt 0] Deparsing header 'ethernet'
[16:35:37.837] [bmv2] [D] [thread 7138] [27.0] [cxt 0] Deparser 'deparser': end
[16:35:37.837] [bmv2] [D] [thread 7142] [27.0] [cxt 0] Transmitting packet of size 196 out of port 0
[16:35:37.867] [bmv2] [D] [thread 7137] [28.0] [cxt 0] Processing packet received on port 3
[16:35:37.867] [bmv2] [D] [thread 7137] [28.0] [cxt 0] Parser 'parser': start
[16:35:37.867] [bmv2] [D] [thread 7137] [28.0] [cxt 0] Parser 'parser' entering state 'start'
[16:35:37.867] [bmv2] [D] [thread 7137] [28.0] [cxt 0] Extracting header 'ethernet'
[16:35:37.867] [bmv2] [D] [thread 7137] [28.0] [cxt 0] Parser state 'start': key is 86dd
[16:35:37.867] [bmv2] [T] [thread 7137] [28.0] [cxt 0] Bytes parsed: 14
[16:35:37.867] [bmv2] [D] [thread 7137] [28.0] [cxt 0] Parser 'parser': end
[16:35:37.867] [bmv2] [D] [thread 7137] [28.0] [cxt 0] Pipeline 'ingress': start
[16:35:37.867] [bmv2] [T] [thread 7137] [28.0] [cxt 0] advanced_tunnel.p4(169) Condition "hdr.ipv4.isValid() && !hdr.myTunnel.isValid()" (node_2) is false
[16:35:37.867] [bmv2] [T] [thread 7137] [28.0] [cxt 0] advanced_tunnel.p4(174) Condition "hdr.myTunnel.isValid()" (node_4) is false
[16:35:37.867] [bmv2] [D] [thread 7137] [28.0] [cxt 0] Pipeline 'ingress': end
[16:35:37.867] [bmv2] [D] [thread 7137] [28.0] [cxt 0] Egress port is 0
[16:35:37.867] [bmv2] [D] [thread 7138] [28.0] [cxt 0] Pipeline 'egress': start
[16:35:37.867] [bmv2] [D] [thread 7138] [28.0] [cxt 0] Pipeline 'egress': end
[16:35:37.867] [bmv2] [D] [thread 7138] [28.0] [cxt 0] Deparser 'deparser': start
[16:35:37.867] [bmv2] [T] [thread 7138] [28.0] [cxt 0] Skipping checksum 'cksum' update because condition not met
[16:35:37.867] [bmv2] [D] [thread 7138] [28.0] [cxt 0] Deparsing header 'ethernet'
[16:35:37.867] [bmv2] [D] [thread 7138] [28.0] [cxt 0] Deparser 'deparser': end
[16:35:37.867] [bmv2] [D] [thread 7142] [28.0] [cxt 0] Transmitting packet of size 196 out of port 0
[16:35:37.884] [bmv2] [D] [thread 7137] [29.0] [cxt 0] Processing packet received on port 2
[16:35:37.884] [bmv2] [D] [thread 7137] [29.0] [cxt 0] Parser 'parser': start
[16:35:37.884] [bmv2] [D] [thread 7137] [29.0] [cxt 0] Parser 'parser' entering state 'start'
[16:35:37.884] [bmv2] [D] [thread 7137] [29.0] [cxt 0] Extracting header 'ethernet'
[16:35:37.884] [bmv2] [D] [thread 7137] [29.0] [cxt 0] Parser state 'start': key is 86dd
[16:35:37.884] [bmv2] [T] [thread 7137] [29.0] [cxt 0] Bytes parsed: 14
[16:35:37.884] [bmv2] [D] [thread 7137] [29.0] [cxt 0] Parser 'parser': end
[16:35:37.884] [bmv2] [D] [thread 7137] [29.0] [cxt 0] Pipeline 'ingress': start
[16:35:37.884] [bmv2] [T] [thread 7137] [29.0] [cxt 0] advanced_tunnel.p4(169) Condition "hdr.ipv4.isValid() && !hdr.myTunnel.isValid()" (node_2) is false
[16:35:37.884] [bmv2] [T] [thread 7137] [29.0] [cxt 0] advanced_tunnel.p4(174) Condition "hdr.myTunnel.isValid()" (node_4) is false
[16:35:37.884] [bmv2] [D] [thread 7137] [29.0] [cxt 0] Pipeline 'ingress': end
[16:35:37.884] [bmv2] [D] [thread 7137] [29.0] [cxt 0] Egress port is 0
[16:35:37.884] [bmv2] [D] [thread 7138] [29.0] [cxt 0] Pipeline 'egress': start
[16:35:37.884] [bmv2] [D] [thread 7138] [29.0] [cxt 0] Pipeline 'egress': end
[16:35:37.885] [bmv2] [D] [thread 7138] [29.0] [cxt 0] Deparser 'deparser': start
[16:35:37.885] [bmv2] [T] [thread 7138] [29.0] [cxt 0] Skipping checksum 'cksum' update because condition not met
[16:35:37.885] [bmv2] [D] [thread 7138] [29.0] [cxt 0] Deparsing header 'ethernet'
[16:35:37.885] [bmv2] [D] [thread 7138] [29.0] [cxt 0] Deparser 'deparser': end
[16:35:37.885] [bmv2] [D] [thread 7142] [29.0] [cxt 0] Transmitting packet of size 110 out of port 0
[16:35:37.898] [bmv2] [D] [thread 7137] [30.0] [cxt 0] Processing packet received on port 1
[16:35:37.898] [bmv2] [D] [thread 7137] [30.0] [cxt 0] Parser 'parser': start
[16:35:37.898] [bmv2] [D] [thread 7137] [30.0] [cxt 0] Parser 'parser' entering state 'start'
[16:35:37.898] [bmv2] [D] [thread 7137] [30.0] [cxt 0] Extracting header 'ethernet'
[16:35:37.898] [bmv2] [D] [thread 7137] [30.0] [cxt 0] Parser state 'start': key is 86dd
[16:35:37.898] [bmv2] [T] [thread 7137] [30.0] [cxt 0] Bytes parsed: 14
[16:35:37.898] [bmv2] [D] [thread 7137] [30.0] [cxt 0] Parser 'parser': end
[16:35:37.898] [bmv2] [D] [thread 7137] [30.0] [cxt 0] Pipeline 'ingress': start
[16:35:37.898] [bmv2] [T] [thread 7137] [30.0] [cxt 0] advanced_tunnel.p4(169) Condition "hdr.ipv4.isValid() && !hdr.myTunnel.isValid()" (node_2) is false
[16:35:37.898] [bmv2] [T] [thread 7137] [30.0] [cxt 0] advanced_tunnel.p4(174) Condition "hdr.myTunnel.isValid()" (node_4) is false
[16:35:37.898] [bmv2] [D] [thread 7137] [30.0] [cxt 0] Pipeline 'ingress': end
[16:35:37.898] [bmv2] [D] [thread 7137] [30.0] [cxt 0] Egress port is 0
[16:35:37.898] [bmv2] [D] [thread 7138] [30.0] [cxt 0] Pipeline 'egress': start
[16:35:37.898] [bmv2] [D] [thread 7138] [30.0] [cxt 0] Pipeline 'egress': end
[16:35:37.898] [bmv2] [D] [thread 7138] [30.0] [cxt 0] Deparser 'deparser': start
[16:35:37.898] [bmv2] [T] [thread 7138] [30.0] [cxt 0] Skipping checksum 'cksum' update because condition not met
[16:35:37.898] [bmv2] [D] [thread 7138] [30.0] [cxt 0] Deparsing header 'ethernet'
[16:35:37.898] [bmv2] [D] [thread 7138] [30.0] [cxt 0] Deparser 'deparser': end
[16:35:37.898] [bmv2] [D] [thread 7142] [30.0] [cxt 0] Transmitting packet of size 208 out of port 0
[16:35:37.999] [bmv2] [D] [thread 7137] [31.0] [cxt 0] Processing packet received on port 2
[16:35:37.999] [bmv2] [D] [thread 7137] [31.0] [cxt 0] Parser 'parser': start
[16:35:37.999] [bmv2] [D] [thread 7137] [31.0] [cxt 0] Parser 'parser' entering state 'start'
[16:35:37.999] [bmv2] [D] [thread 7137] [31.0] [cxt 0] Extracting header 'ethernet'
[16:35:37.999] [bmv2] [D] [thread 7137] [31.0] [cxt 0] Parser state 'start': key is 86dd
[16:35:37.999] [bmv2] [T] [thread 7137] [31.0] [cxt 0] Bytes parsed: 14
[16:35:37.999] [bmv2] [D] [thread 7137] [31.0] [cxt 0] Parser 'parser': end
[16:35:37.999] [bmv2] [D] [thread 7137] [31.0] [cxt 0] Pipeline 'ingress': start
[16:35:37.999] [bmv2] [T] [thread 7137] [31.0] [cxt 0] advanced_tunnel.p4(169) Condition "hdr.ipv4.isValid() && !hdr.myTunnel.isValid()" (node_2) is false
[16:35:37.999] [bmv2] [T] [thread 7137] [31.0] [cxt 0] advanced_tunnel.p4(174) Condition "hdr.myTunnel.isValid()" (node_4) is false
[16:35:37.999] [bmv2] [D] [thread 7137] [31.0] [cxt 0] Pipeline 'ingress': end
[16:35:37.999] [bmv2] [D] [thread 7137] [31.0] [cxt 0] Egress port is 0
[16:35:37.999] [bmv2] [D] [thread 7138] [31.0] [cxt 0] Pipeline 'egress': start
[16:35:37.999] [bmv2] [D] [thread 7138] [31.0] [cxt 0] Pipeline 'egress': end
[16:35:37.999] [bmv2] [D] [thread 7138] [31.0] [cxt 0] Deparser 'deparser': start
[16:35:37.999] [bmv2] [T] [thread 7138] [31.0] [cxt 0] Skipping checksum 'cksum' update because condition not met
[16:35:37.999] [bmv2] [D] [thread 7138] [31.0] [cxt 0] Deparsing header 'ethernet'
[16:35:38.000] [bmv2] [D] [thread 7138] [31.0] [cxt 0] Deparser 'deparser': end
[16:35:38.000] [bmv2] [D] [thread 7142] [31.0] [cxt 0] Transmitting packet of size 196 out of port 0
[16:35:38.015] [bmv2] [D] [thread 7137] [32.0] [cxt 0] Processing packet received on port 2
[16:35:38.015] [bmv2] [D] [thread 7137] [32.0] [cxt 0] Parser 'parser': start
[16:35:38.015] [bmv2] [D] [thread 7137] [32.0] [cxt 0] Parser 'parser' entering state 'start'
[16:35:38.015] [bmv2] [D] [thread 7137] [32.0] [cxt 0] Extracting header 'ethernet'
[16:35:38.015] [bmv2] [D] [thread 7137] [32.0] [cxt 0] Parser state 'start': key is 86dd
[16:35:38.015] [bmv2] [T] [thread 7137] [32.0] [cxt 0] Bytes parsed: 14
[16:35:38.015] [bmv2] [D] [thread 7137] [32.0] [cxt 0] Parser 'parser': end
[16:35:38.015] [bmv2] [D] [thread 7137] [32.0] [cxt 0] Pipeline 'ingress': start
[16:35:38.015] [bmv2] [T] [thread 7137] [32.0] [cxt 0] advanced_tunnel.p4(169) Condition "hdr.ipv4.isValid() && !hdr.myTunnel.isValid()" (node_2) is false
[16:35:38.015] [bmv2] [T] [thread 7137] [32.0] [cxt 0] advanced_tunnel.p4(174) Condition "hdr.myTunnel.isValid()" (node_4) is false
[16:35:38.015] [bmv2] [D] [thread 7137] [32.0] [cxt 0] Pipeline 'ingress': end
[16:35:38.015] [bmv2] [D] [thread 7137] [32.0] [cxt 0] Egress port is 0
[16:35:38.015] [bmv2] [D] [thread 7138] [32.0] [cxt 0] Pipeline 'egress': start
[16:35:38.015] [bmv2] [D] [thread 7138] [32.0] [cxt 0] Pipeline 'egress': end
[16:35:38.015] [bmv2] [D] [thread 7138] [32.0] [cxt 0] Deparser 'deparser': start
[16:35:38.015] [bmv2] [T] [thread 7138] [32.0] [cxt 0] Skipping checksum 'cksum' update because condition not met
[16:35:38.015] [bmv2] [D] [thread 7138] [32.0] [cxt 0] Deparsing header 'ethernet'
[16:35:38.015] [bmv2] [D] [thread 7138] [32.0] [cxt 0] Deparser 'deparser': end
[16:35:38.015] [bmv2] [D] [thread 7142] [32.0] [cxt 0] Transmitting packet of size 110 out of port 0
[16:35:38.111] [bmv2] [D] [thread 7137] [33.0] [cxt 0] Processing packet received on port 2
[16:35:38.111] [bmv2] [D] [thread 7137] [33.0] [cxt 0] Parser 'parser': start
[16:35:38.111] [bmv2] [D] [thread 7137] [33.0] [cxt 0] Parser 'parser' entering state 'start'
[16:35:38.111] [bmv2] [D] [thread 7137] [33.0] [cxt 0] Extracting header 'ethernet'
[16:35:38.111] [bmv2] [D] [thread 7137] [33.0] [cxt 0] Parser state 'start': key is 86dd
[16:35:38.111] [bmv2] [T] [thread 7137] [33.0] [cxt 0] Bytes parsed: 14
[16:35:38.111] [bmv2] [D] [thread 7137] [33.0] [cxt 0] Parser 'parser': end
[16:35:38.111] [bmv2] [D] [thread 7137] [33.0] [cxt 0] Pipeline 'ingress': start
[16:35:38.111] [bmv2] [T] [thread 7137] [33.0] [cxt 0] advanced_tunnel.p4(169) Condition "hdr.ipv4.isValid() && !hdr.myTunnel.isValid()" (node_2) is false
[16:35:38.111] [bmv2] [T] [thread 7137] [33.0] [cxt 0] advanced_tunnel.p4(174) Condition "hdr.myTunnel.isValid()" (node_4) is false
[16:35:38.111] [bmv2] [D] [thread 7137] [33.0] [cxt 0] Pipeline 'ingress': end
[16:35:38.111] [bmv2] [D] [thread 7137] [33.0] [cxt 0] Egress port is 0
[16:35:38.111] [bmv2] [D] [thread 7138] [33.0] [cxt 0] Pipeline 'egress': start
[16:35:38.111] [bmv2] [D] [thread 7138] [33.0] [cxt 0] Pipeline 'egress': end
[16:35:38.111] [bmv2] [D] [thread 7138] [33.0] [cxt 0] Deparser 'deparser': start
[16:35:38.111] [bmv2] [T] [thread 7138] [33.0] [cxt 0] Skipping checksum 'cksum' update because condition not met
[16:35:38.111] [bmv2] [D] [thread 7138] [33.0] [cxt 0] Deparsing header 'ethernet'
[16:35:38.111] [bmv2] [D] [thread 7138] [33.0] [cxt 0] Deparser 'deparser': end
[16:35:38.111] [bmv2] [D] [thread 7142] [33.0] [cxt 0] Transmitting packet of size 90 out of port 0
[16:35:38.159] [bmv2] [D] [thread 7137] [34.0] [cxt 0] Processing packet received on port 1
[16:35:38.159] [bmv2] [D] [thread 7137] [34.0] [cxt 0] Parser 'parser': start
[16:35:38.159] [bmv2] [D] [thread 7137] [34.0] [cxt 0] Parser 'parser' entering state 'start'
[16:35:38.159] [bmv2] [D] [thread 7137] [34.0] [cxt 0] Extracting header 'ethernet'
[16:35:38.159] [bmv2] [D] [thread 7137] [34.0] [cxt 0] Parser state 'start': key is 86dd
[16:35:38.159] [bmv2] [T] [thread 7137] [34.0] [cxt 0] Bytes parsed: 14
[16:35:38.159] [bmv2] [D] [thread 7137] [34.0] [cxt 0] Parser 'parser': end
[16:35:38.159] [bmv2] [D] [thread 7137] [34.0] [cxt 0] Pipeline 'ingress': start
[16:35:38.159] [bmv2] [T] [thread 7137] [34.0] [cxt 0] advanced_tunnel.p4(169) Condition "hdr.ipv4.isValid() && !hdr.myTunnel.isValid()" (node_2) is false
[16:35:38.159] [bmv2] [T] [thread 7137] [34.0] [cxt 0] advanced_tunnel.p4(174) Condition "hdr.myTunnel.isValid()" (node_4) is false
[16:35:38.159] [bmv2] [D] [thread 7137] [34.0] [cxt 0] Pipeline 'ingress': end
[16:35:38.159] [bmv2] [D] [thread 7137] [34.0] [cxt 0] Egress port is 0
[16:35:38.159] [bmv2] [D] [thread 7138] [34.0] [cxt 0] Pipeline 'egress': start
[16:35:38.159] [bmv2] [D] [thread 7138] [34.0] [cxt 0] Pipeline 'egress': end
[16:35:38.159] [bmv2] [D] [thread 7138] [34.0] [cxt 0] Deparser 'deparser': start
[16:35:38.159] [bmv2] [T] [thread 7138] [34.0] [cxt 0] Skipping checksum 'cksum' update because condition not met
[16:35:38.159] [bmv2] [D] [thread 7138] [34.0] [cxt 0] Deparsing header 'ethernet'
[16:35:38.159] [bmv2] [D] [thread 7138] [34.0] [cxt 0] Deparser 'deparser': end
[16:35:38.159] [bmv2] [D] [thread 7142] [34.0] [cxt 0] Transmitting packet of size 208 out of port 0
[16:35:38.357] [bmv2] [D] [thread 7137] [35.0] [cxt 0] Processing packet received on port 1
[16:35:38.357] [bmv2] [D] [thread 7137] [35.0] [cxt 0] Parser 'parser': start
[16:35:38.357] [bmv2] [D] [thread 7137] [35.0] [cxt 0] Parser 'parser' entering state 'start'
[16:35:38.357] [bmv2] [D] [thread 7137] [35.0] [cxt 0] Extracting header 'ethernet'
[16:35:38.357] [bmv2] [D] [thread 7137] [35.0] [cxt 0] Parser state 'start': key is 86dd
[16:35:38.357] [bmv2] [T] [thread 7137] [35.0] [cxt 0] Bytes parsed: 14
[16:35:38.357] [bmv2] [D] [thread 7137] [35.0] [cxt 0] Parser 'parser': end
[16:35:38.357] [bmv2] [D] [thread 7137] [35.0] [cxt 0] Pipeline 'ingress': start
[16:35:38.357] [bmv2] [T] [thread 7137] [35.0] [cxt 0] advanced_tunnel.p4(169) Condition "hdr.ipv4.isValid() && !hdr.myTunnel.isValid()" (node_2) is false
[16:35:38.357] [bmv2] [T] [thread 7137] [35.0] [cxt 0] advanced_tunnel.p4(174) Condition "hdr.myTunnel.isValid()" (node_4) is false
[16:35:38.357] [bmv2] [D] [thread 7137] [35.0] [cxt 0] Pipeline 'ingress': end
[16:35:38.357] [bmv2] [D] [thread 7137] [35.0] [cxt 0] Egress port is 0
[16:35:38.357] [bmv2] [D] [thread 7138] [35.0] [cxt 0] Pipeline 'egress': start
[16:35:38.357] [bmv2] [D] [thread 7138] [35.0] [cxt 0] Pipeline 'egress': end
[16:35:38.357] [bmv2] [D] [thread 7138] [35.0] [cxt 0] Deparser 'deparser': start
[16:35:38.357] [bmv2] [T] [thread 7138] [35.0] [cxt 0] Skipping checksum 'cksum' update because condition not met
[16:35:38.357] [bmv2] [D] [thread 7138] [35.0] [cxt 0] Deparsing header 'ethernet'
[16:35:38.357] [bmv2] [D] [thread 7138] [35.0] [cxt 0] Deparser 'deparser': end
[16:35:38.357] [bmv2] [D] [thread 7142] [35.0] [cxt 0] Transmitting packet of size 196 out of port 0
[16:35:38.954] [bmv2] [D] [thread 7137] [36.0] [cxt 0] Processing packet received on port 3
[16:35:38.954] [bmv2] [D] [thread 7137] [36.0] [cxt 0] Parser 'parser': start
[16:35:38.954] [bmv2] [D] [thread 7137] [36.0] [cxt 0] Parser 'parser' entering state 'start'
[16:35:38.954] [bmv2] [D] [thread 7137] [36.0] [cxt 0] Extracting header 'ethernet'
[16:35:38.954] [bmv2] [D] [thread 7137] [36.0] [cxt 0] Parser state 'start': key is 86dd
[16:35:38.954] [bmv2] [T] [thread 7137] [36.0] [cxt 0] Bytes parsed: 14
[16:35:38.954] [bmv2] [D] [thread 7137] [36.0] [cxt 0] Parser 'parser': end
[16:35:38.954] [bmv2] [D] [thread 7137] [36.0] [cxt 0] Pipeline 'ingress': start
[16:35:38.954] [bmv2] [T] [thread 7137] [36.0] [cxt 0] advanced_tunnel.p4(169) Condition "hdr.ipv4.isValid() && !hdr.myTunnel.isValid()" (node_2) is false
[16:35:38.954] [bmv2] [T] [thread 7137] [36.0] [cxt 0] advanced_tunnel.p4(174) Condition "hdr.myTunnel.isValid()" (node_4) is false
[16:35:38.954] [bmv2] [D] [thread 7137] [36.0] [cxt 0] Pipeline 'ingress': end
[16:35:38.954] [bmv2] [D] [thread 7137] [36.0] [cxt 0] Egress port is 0
[16:35:38.954] [bmv2] [D] [thread 7138] [36.0] [cxt 0] Pipeline 'egress': start
[16:35:38.954] [bmv2] [D] [thread 7138] [36.0] [cxt 0] Pipeline 'egress': end
[16:35:38.954] [bmv2] [D] [thread 7138] [36.0] [cxt 0] Deparser 'deparser': start
[16:35:38.954] [bmv2] [T] [thread 7138] [36.0] [cxt 0] Skipping checksum 'cksum' update because condition not met
[16:35:38.954] [bmv2] [D] [thread 7138] [36.0] [cxt 0] Deparsing header 'ethernet'
[16:35:38.954] [bmv2] [D] [thread 7138] [36.0] [cxt 0] Deparser 'deparser': end
[16:35:38.954] [bmv2] [D] [thread 7142] [36.0] [cxt 0] Transmitting packet of size 196 out of port 0
[16:35:38.991] [bmv2] [D] [thread 7137] [37.0] [cxt 0] Processing packet received on port 2
[16:35:38.991] [bmv2] [D] [thread 7137] [37.0] [cxt 0] Parser 'parser': start
[16:35:38.991] [bmv2] [D] [thread 7137] [37.0] [cxt 0] Parser 'parser' entering state 'start'
[16:35:38.991] [bmv2] [D] [thread 7137] [37.0] [cxt 0] Extracting header 'ethernet'
[16:35:38.991] [bmv2] [D] [thread 7137] [37.0] [cxt 0] Parser state 'start': key is 86dd
[16:35:38.991] [bmv2] [T] [thread 7137] [37.0] [cxt 0] Bytes parsed: 14
[16:35:38.991] [bmv2] [D] [thread 7137] [37.0] [cxt 0] Parser 'parser': end
[16:35:38.991] [bmv2] [D] [thread 7137] [37.0] [cxt 0] Pipeline 'ingress': start
[16:35:38.991] [bmv2] [T] [thread 7137] [37.0] [cxt 0] advanced_tunnel.p4(169) Condition "hdr.ipv4.isValid() && !hdr.myTunnel.isValid()" (node_2) is false
[16:35:38.991] [bmv2] [T] [thread 7137] [37.0] [cxt 0] advanced_tunnel.p4(174) Condition "hdr.myTunnel.isValid()" (node_4) is false
[16:35:38.991] [bmv2] [D] [thread 7137] [37.0] [cxt 0] Pipeline 'ingress': end
[16:35:38.992] [bmv2] [D] [thread 7137] [37.0] [cxt 0] Egress port is 0
[16:35:38.992] [bmv2] [D] [thread 7138] [37.0] [cxt 0] Pipeline 'egress': start
[16:35:38.992] [bmv2] [D] [thread 7138] [37.0] [cxt 0] Pipeline 'egress': end
[16:35:38.992] [bmv2] [D] [thread 7138] [37.0] [cxt 0] Deparser 'deparser': start
[16:35:38.992] [bmv2] [T] [thread 7138] [37.0] [cxt 0] Skipping checksum 'cksum' update because condition not met
[16:35:38.992] [bmv2] [D] [thread 7138] [37.0] [cxt 0] Deparsing header 'ethernet'
[16:35:38.992] [bmv2] [D] [thread 7138] [37.0] [cxt 0] Deparser 'deparser': end
[16:35:38.992] [bmv2] [D] [thread 7142] [37.0] [cxt 0] Transmitting packet of size 196 out of port 0
[16:35:39.019] [bmv2] [D] [thread 7137] [38.0] [cxt 0] Processing packet received on port 3
[16:35:39.019] [bmv2] [D] [thread 7137] [38.0] [cxt 0] Parser 'parser': start
[16:35:39.019] [bmv2] [D] [thread 7137] [38.0] [cxt 0] Parser 'parser' entering state 'start'
[16:35:39.019] [bmv2] [D] [thread 7137] [38.0] [cxt 0] Extracting header 'ethernet'
[16:35:39.019] [bmv2] [D] [thread 7137] [38.0] [cxt 0] Parser state 'start': key is 86dd
[16:35:39.019] [bmv2] [T] [thread 7137] [38.0] [cxt 0] Bytes parsed: 14
[16:35:39.019] [bmv2] [D] [thread 7137] [38.0] [cxt 0] Parser 'parser': end
[16:35:39.019] [bmv2] [D] [thread 7137] [38.0] [cxt 0] Pipeline 'ingress': start
[16:35:39.019] [bmv2] [T] [thread 7137] [38.0] [cxt 0] advanced_tunnel.p4(169) Condition "hdr.ipv4.isValid() && !hdr.myTunnel.isValid()" (node_2) is false
[16:35:39.019] [bmv2] [T] [thread 7137] [38.0] [cxt 0] advanced_tunnel.p4(174) Condition "hdr.myTunnel.isValid()" (node_4) is false
[16:35:39.019] [bmv2] [D] [thread 7137] [38.0] [cxt 0] Pipeline 'ingress': end
[16:35:39.019] [bmv2] [D] [thread 7137] [38.0] [cxt 0] Egress port is 0
[16:35:39.019] [bmv2] [D] [thread 7138] [38.0] [cxt 0] Pipeline 'egress': start
[16:35:39.019] [bmv2] [D] [thread 7138] [38.0] [cxt 0] Pipeline 'egress': end
[16:35:39.019] [bmv2] [D] [thread 7138] [38.0] [cxt 0] Deparser 'deparser': start
[16:35:39.019] [bmv2] [T] [thread 7138] [38.0] [cxt 0] Skipping checksum 'cksum' update because condition not met
[16:35:39.019] [bmv2] [D] [thread 7138] [38.0] [cxt 0] Deparsing header 'ethernet'
[16:35:39.019] [bmv2] [D] [thread 7138] [38.0] [cxt 0] Deparser 'deparser': end
[16:35:39.019] [bmv2] [D] [thread 7142] [38.0] [cxt 0] Transmitting packet of size 196 out of port 0
[16:35:39.151] [bmv2] [D] [thread 7137] [39.0] [cxt 0] Processing packet received on port 2
[16:35:39.151] [bmv2] [D] [thread 7137] [39.0] [cxt 0] Parser 'parser': start
[16:35:39.151] [bmv2] [D] [thread 7137] [39.0] [cxt 0] Parser 'parser' entering state 'start'
[16:35:39.151] [bmv2] [D] [thread 7137] [39.0] [cxt 0] Extracting header 'ethernet'
[16:35:39.151] [bmv2] [D] [thread 7137] [39.0] [cxt 0] Parser state 'start': key is 86dd
[16:35:39.151] [bmv2] [T] [thread 7137] [39.0] [cxt 0] Bytes parsed: 14
[16:35:39.151] [bmv2] [D] [thread 7137] [39.0] [cxt 0] Parser 'parser': end
[16:35:39.151] [bmv2] [D] [thread 7137] [39.0] [cxt 0] Pipeline 'ingress': start
[16:35:39.151] [bmv2] [T] [thread 7137] [39.0] [cxt 0] advanced_tunnel.p4(169) Condition "hdr.ipv4.isValid() && !hdr.myTunnel.isValid()" (node_2) is false
[16:35:39.151] [bmv2] [T] [thread 7137] [39.0] [cxt 0] advanced_tunnel.p4(174) Condition "hdr.myTunnel.isValid()" (node_4) is false
[16:35:39.151] [bmv2] [D] [thread 7137] [39.0] [cxt 0] Pipeline 'ingress': end
[16:35:39.151] [bmv2] [D] [thread 7137] [39.0] [cxt 0] Egress port is 0
[16:35:39.152] [bmv2] [D] [thread 7138] [39.0] [cxt 0] Pipeline 'egress': start
[16:35:39.152] [bmv2] [D] [thread 7138] [39.0] [cxt 0] Pipeline 'egress': end
[16:35:39.152] [bmv2] [D] [thread 7138] [39.0] [cxt 0] Deparser 'deparser': start
[16:35:39.152] [bmv2] [T] [thread 7138] [39.0] [cxt 0] Skipping checksum 'cksum' update because condition not met
[16:35:39.152] [bmv2] [D] [thread 7138] [39.0] [cxt 0] Deparsing header 'ethernet'
[16:35:39.152] [bmv2] [D] [thread 7138] [39.0] [cxt 0] Deparser 'deparser': end
[16:35:39.152] [bmv2] [D] [thread 7142] [39.0] [cxt 0] Transmitting packet of size 196 out of port 0
[16:35:39.517] [bmv2] [D] [thread 7137] [40.0] [cxt 0] Processing packet received on port 1
[16:35:39.517] [bmv2] [D] [thread 7137] [40.0] [cxt 0] Parser 'parser': start
[16:35:39.517] [bmv2] [D] [thread 7137] [40.0] [cxt 0] Parser 'parser' entering state 'start'
[16:35:39.517] [bmv2] [D] [thread 7137] [40.0] [cxt 0] Extracting header 'ethernet'
[16:35:39.517] [bmv2] [D] [thread 7137] [40.0] [cxt 0] Parser state 'start': key is 86dd
[16:35:39.517] [bmv2] [T] [thread 7137] [40.0] [cxt 0] Bytes parsed: 14
[16:35:39.517] [bmv2] [D] [thread 7137] [40.0] [cxt 0] Parser 'parser': end
[16:35:39.517] [bmv2] [D] [thread 7137] [40.0] [cxt 0] Pipeline 'ingress': start
[16:35:39.517] [bmv2] [T] [thread 7137] [40.0] [cxt 0] advanced_tunnel.p4(169) Condition "hdr.ipv4.isValid() && !hdr.myTunnel.isValid()" (node_2) is false
[16:35:39.517] [bmv2] [T] [thread 7137] [40.0] [cxt 0] advanced_tunnel.p4(174) Condition "hdr.myTunnel.isValid()" (node_4) is false
[16:35:39.517] [bmv2] [D] [thread 7137] [40.0] [cxt 0] Pipeline 'ingress': end
[16:35:39.517] [bmv2] [D] [thread 7137] [40.0] [cxt 0] Egress port is 0
[16:35:39.518] [bmv2] [D] [thread 7138] [40.0] [cxt 0] Pipeline 'egress': start
[16:35:39.518] [bmv2] [D] [thread 7138] [40.0] [cxt 0] Pipeline 'egress': end
[16:35:39.518] [bmv2] [D] [thread 7138] [40.0] [cxt 0] Deparser 'deparser': start
[16:35:39.518] [bmv2] [T] [thread 7138] [40.0] [cxt 0] Skipping checksum 'cksum' update because condition not met
[16:35:39.518] [bmv2] [D] [thread 7138] [40.0] [cxt 0] Deparsing header 'ethernet'
[16:35:39.518] [bmv2] [D] [thread 7138] [40.0] [cxt 0] Deparser 'deparser': end
[16:35:39.518] [bmv2] [D] [thread 7142] [40.0] [cxt 0] Transmitting packet of size 196 out of port 0
[16:35:40.765] [bmv2] [D] [thread 7137] [41.0] [cxt 0] Processing packet received on port 2
[16:35:40.765] [bmv2] [D] [thread 7137] [41.0] [cxt 0] Parser 'parser': start
[16:35:40.765] [bmv2] [D] [thread 7137] [41.0] [cxt 0] Parser 'parser' entering state 'start'
[16:35:40.765] [bmv2] [D] [thread 7137] [41.0] [cxt 0] Extracting header 'ethernet'
[16:35:40.765] [bmv2] [D] [thread 7137] [41.0] [cxt 0] Parser state 'start': key is 86dd
[16:35:40.765] [bmv2] [T] [thread 7137] [41.0] [cxt 0] Bytes parsed: 14
[16:35:40.765] [bmv2] [D] [thread 7137] [41.0] [cxt 0] Parser 'parser': end
[16:35:40.765] [bmv2] [D] [thread 7137] [41.0] [cxt 0] Pipeline 'ingress': start
[16:35:40.765] [bmv2] [T] [thread 7137] [41.0] [cxt 0] advanced_tunnel.p4(169) Condition "hdr.ipv4.isValid() && !hdr.myTunnel.isValid()" (node_2) is false
[16:35:40.765] [bmv2] [T] [thread 7137] [41.0] [cxt 0] advanced_tunnel.p4(174) Condition "hdr.myTunnel.isValid()" (node_4) is false
[16:35:40.765] [bmv2] [D] [thread 7137] [41.0] [cxt 0] Pipeline 'ingress': end
[16:35:40.765] [bmv2] [D] [thread 7137] [41.0] [cxt 0] Egress port is 0
[16:35:40.765] [bmv2] [D] [thread 7137] [42.0] [cxt 0] Processing packet received on port 2
[16:35:40.765] [bmv2] [D] [thread 7137] [42.0] [cxt 0] Parser 'parser': start
[16:35:40.765] [bmv2] [D] [thread 7137] [42.0] [cxt 0] Parser 'parser' entering state 'start'
[16:35:40.765] [bmv2] [D] [thread 7137] [42.0] [cxt 0] Extracting header 'ethernet'
[16:35:40.765] [bmv2] [D] [thread 7137] [42.0] [cxt 0] Parser state 'start': key is 86dd
[16:35:40.765] [bmv2] [T] [thread 7137] [42.0] [cxt 0] Bytes parsed: 14
[16:35:40.765] [bmv2] [D] [thread 7137] [42.0] [cxt 0] Parser 'parser': end
[16:35:40.765] [bmv2] [D] [thread 7137] [42.0] [cxt 0] Pipeline 'ingress': start
[16:35:40.765] [bmv2] [T] [thread 7137] [42.0] [cxt 0] advanced_tunnel.p4(169) Condition "hdr.ipv4.isValid() && !hdr.myTunnel.isValid()" (node_2) is false
[16:35:40.765] [bmv2] [T] [thread 7137] [42.0] [cxt 0] advanced_tunnel.p4(174) Condition "hdr.myTunnel.isValid()" (node_4) is false
[16:35:40.765] [bmv2] [D] [thread 7137] [42.0] [cxt 0] Pipeline 'ingress': end
[16:35:40.765] [bmv2] [D] [thread 7137] [42.0] [cxt 0] Egress port is 0
[16:35:40.765] [bmv2] [D] [thread 7138] [41.0] [cxt 0] Pipeline 'egress': start
[16:35:40.765] [bmv2] [D] [thread 7138] [41.0] [cxt 0] Pipeline 'egress': end
[16:35:40.765] [bmv2] [D] [thread 7138] [41.0] [cxt 0] Deparser 'deparser': start
[16:35:40.765] [bmv2] [T] [thread 7138] [41.0] [cxt 0] Skipping checksum 'cksum' update because condition not met
[16:35:40.765] [bmv2] [D] [thread 7138] [41.0] [cxt 0] Deparsing header 'ethernet'
[16:35:40.765] [bmv2] [D] [thread 7138] [41.0] [cxt 0] Deparser 'deparser': end
[16:35:40.765] [bmv2] [D] [thread 7138] [42.0] [cxt 0] Pipeline 'egress': start
[16:35:40.765] [bmv2] [D] [thread 7138] [42.0] [cxt 0] Pipeline 'egress': end
[16:35:40.765] [bmv2] [D] [thread 7138] [42.0] [cxt 0] Deparser 'deparser': start
[16:35:40.765] [bmv2] [T] [thread 7138] [42.0] [cxt 0] Skipping checksum 'cksum' update because condition not met
[16:35:40.765] [bmv2] [D] [thread 7138] [42.0] [cxt 0] Deparsing header 'ethernet'
[16:35:40.765] [bmv2] [D] [thread 7138] [42.0] [cxt 0] Deparser 'deparser': end
[16:35:40.765] [bmv2] [D] [thread 7142] [41.0] [cxt 0] Transmitting packet of size 70 out of port 0
[16:35:40.765] [bmv2] [D] [thread 7142] [42.0] [cxt 0] Transmitting packet of size 70 out of port 0
[16:35:41.024] [bmv2] [D] [thread 7137] [43.0] [cxt 0] Processing packet received on port 3
[16:35:41.024] [bmv2] [D] [thread 7137] [43.0] [cxt 0] Parser 'parser': start
[16:35:41.024] [bmv2] [D] [thread 7137] [43.0] [cxt 0] Parser 'parser' entering state 'start'
[16:35:41.024] [bmv2] [D] [thread 7137] [43.0] [cxt 0] Extracting header 'ethernet'
[16:35:41.024] [bmv2] [D] [thread 7137] [43.0] [cxt 0] Parser state 'start': key is 86dd
[16:35:41.024] [bmv2] [T] [thread 7137] [43.0] [cxt 0] Bytes parsed: 14
[16:35:41.024] [bmv2] [D] [thread 7137] [43.0] [cxt 0] Parser 'parser': end
[16:35:41.024] [bmv2] [D] [thread 7137] [43.0] [cxt 0] Pipeline 'ingress': start
[16:35:41.024] [bmv2] [T] [thread 7137] [43.0] [cxt 0] advanced_tunnel.p4(169) Condition "hdr.ipv4.isValid() && !hdr.myTunnel.isValid()" (node_2) is false
[16:35:41.024] [bmv2] [T] [thread 7137] [43.0] [cxt 0] advanced_tunnel.p4(174) Condition "hdr.myTunnel.isValid()" (node_4) is false
[16:35:41.024] [bmv2] [D] [thread 7137] [43.0] [cxt 0] Pipeline 'ingress': end
[16:35:41.024] [bmv2] [D] [thread 7137] [43.0] [cxt 0] Egress port is 0
[16:35:41.025] [bmv2] [D] [thread 7138] [43.0] [cxt 0] Pipeline 'egress': start
[16:35:41.025] [bmv2] [D] [thread 7138] [43.0] [cxt 0] Pipeline 'egress': end
[16:35:41.025] [bmv2] [D] [thread 7138] [43.0] [cxt 0] Deparser 'deparser': start
[16:35:41.025] [bmv2] [T] [thread 7138] [43.0] [cxt 0] Skipping checksum 'cksum' update because condition not met
[16:35:41.025] [bmv2] [D] [thread 7138] [43.0] [cxt 0] Deparsing header 'ethernet'
[16:35:41.025] [bmv2] [D] [thread 7138] [43.0] [cxt 0] Deparser 'deparser': end
[16:35:41.025] [bmv2] [D] [thread 7142] [43.0] [cxt 0] Transmitting packet of size 70 out of port 0
[16:35:41.109] [bmv2] [D] [thread 7137] [44.0] [cxt 0] Processing packet received on port 3
[16:35:41.109] [bmv2] [D] [thread 7137] [44.0] [cxt 0] Parser 'parser': start
[16:35:41.109] [bmv2] [D] [thread 7137] [44.0] [cxt 0] Parser 'parser' entering state 'start'
[16:35:41.109] [bmv2] [D] [thread 7137] [44.0] [cxt 0] Extracting header 'ethernet'
[16:35:41.109] [bmv2] [D] [thread 7137] [44.0] [cxt 0] Parser state 'start': key is 86dd
[16:35:41.109] [bmv2] [T] [thread 7137] [44.0] [cxt 0] Bytes parsed: 14
[16:35:41.109] [bmv2] [D] [thread 7137] [44.0] [cxt 0] Parser 'parser': end
[16:35:41.109] [bmv2] [D] [thread 7137] [44.0] [cxt 0] Pipeline 'ingress': start
[16:35:41.109] [bmv2] [T] [thread 7137] [44.0] [cxt 0] advanced_tunnel.p4(169) Condition "hdr.ipv4.isValid() && !hdr.myTunnel.isValid()" (node_2) is false
[16:35:41.109] [bmv2] [T] [thread 7137] [44.0] [cxt 0] advanced_tunnel.p4(174) Condition "hdr.myTunnel.isValid()" (node_4) is false
[16:35:41.109] [bmv2] [D] [thread 7137] [44.0] [cxt 0] Pipeline 'ingress': end
[16:35:41.109] [bmv2] [D] [thread 7137] [44.0] [cxt 0] Egress port is 0
[16:35:41.114] [bmv2] [D] [thread 7138] [44.0] [cxt 0] Pipeline 'egress': start
[16:35:41.114] [bmv2] [D] [thread 7138] [44.0] [cxt 0] Pipeline 'egress': end
[16:35:41.114] [bmv2] [D] [thread 7138] [44.0] [cxt 0] Deparser 'deparser': start
[16:35:41.114] [bmv2] [T] [thread 7138] [44.0] [cxt 0] Skipping checksum 'cksum' update because condition not met
[16:35:41.114] [bmv2] [D] [thread 7138] [44.0] [cxt 0] Deparsing header 'ethernet'
[16:35:41.114] [bmv2] [D] [thread 7138] [44.0] [cxt 0] Deparser 'deparser': end
[16:35:41.114] [bmv2] [D] [thread 7142] [44.0] [cxt 0] Transmitting packet of size 196 out of port 0
[16:35:41.144] [bmv2] [D] [thread 7137] [45.0] [cxt 0] Processing packet received on port 2
[16:35:41.144] [bmv2] [D] [thread 7137] [45.0] [cxt 0] Parser 'parser': start
[16:35:41.144] [bmv2] [D] [thread 7137] [45.0] [cxt 0] Parser 'parser' entering state 'start'
[16:35:41.144] [bmv2] [D] [thread 7137] [45.0] [cxt 0] Extracting header 'ethernet'
[16:35:41.144] [bmv2] [D] [thread 7137] [45.0] [cxt 0] Parser state 'start': key is 86dd
[16:35:41.144] [bmv2] [T] [thread 7137] [45.0] [cxt 0] Bytes parsed: 14
[16:35:41.144] [bmv2] [D] [thread 7137] [45.0] [cxt 0] Parser 'parser': end
[16:35:41.144] [bmv2] [D] [thread 7137] [45.0] [cxt 0] Pipeline 'ingress': start
[16:35:41.144] [bmv2] [T] [thread 7137] [45.0] [cxt 0] advanced_tunnel.p4(169) Condition "hdr.ipv4.isValid() && !hdr.myTunnel.isValid()" (node_2) is false
[16:35:41.144] [bmv2] [T] [thread 7137] [45.0] [cxt 0] advanced_tunnel.p4(174) Condition "hdr.myTunnel.isValid()" (node_4) is false
[16:35:41.144] [bmv2] [D] [thread 7137] [45.0] [cxt 0] Pipeline 'ingress': end
[16:35:41.144] [bmv2] [D] [thread 7137] [45.0] [cxt 0] Egress port is 0
[16:35:41.144] [bmv2] [D] [thread 7138] [45.0] [cxt 0] Pipeline 'egress': start
[16:35:41.144] [bmv2] [D] [thread 7138] [45.0] [cxt 0] Pipeline 'egress': end
[16:35:41.144] [bmv2] [D] [thread 7138] [45.0] [cxt 0] Deparser 'deparser': start
[16:35:41.144] [bmv2] [T] [thread 7138] [45.0] [cxt 0] Skipping checksum 'cksum' update because condition not met
[16:35:41.144] [bmv2] [D] [thread 7138] [45.0] [cxt 0] Deparsing header 'ethernet'
[16:35:41.144] [bmv2] [D] [thread 7138] [45.0] [cxt 0] Deparser 'deparser': end
[16:35:41.145] [bmv2] [D] [thread 7142] [45.0] [cxt 0] Transmitting packet of size 196 out of port 0
[16:35:41.171] [bmv2] [D] [thread 7137] [46.0] [cxt 0] Processing packet received on port 3
[16:35:41.171] [bmv2] [D] [thread 7137] [46.0] [cxt 0] Parser 'parser': start
[16:35:41.171] [bmv2] [D] [thread 7137] [46.0] [cxt 0] Parser 'parser' entering state 'start'
[16:35:41.171] [bmv2] [D] [thread 7137] [46.0] [cxt 0] Extracting header 'ethernet'
[16:35:41.171] [bmv2] [D] [thread 7137] [46.0] [cxt 0] Parser state 'start': key is 86dd
[16:35:41.171] [bmv2] [T] [thread 7137] [46.0] [cxt 0] Bytes parsed: 14
[16:35:41.171] [bmv2] [D] [thread 7137] [46.0] [cxt 0] Parser 'parser': end
[16:35:41.171] [bmv2] [D] [thread 7137] [46.0] [cxt 0] Pipeline 'ingress': start
[16:35:41.171] [bmv2] [T] [thread 7137] [46.0] [cxt 0] advanced_tunnel.p4(169) Condition "hdr.ipv4.isValid() && !hdr.myTunnel.isValid()" (node_2) is false
[16:35:41.171] [bmv2] [T] [thread 7137] [46.0] [cxt 0] advanced_tunnel.p4(174) Condition "hdr.myTunnel.isValid()" (node_4) is false
[16:35:41.171] [bmv2] [D] [thread 7137] [46.0] [cxt 0] Pipeline 'ingress': end
[16:35:41.171] [bmv2] [D] [thread 7137] [46.0] [cxt 0] Egress port is 0
[16:35:41.173] [bmv2] [D] [thread 7138] [46.0] [cxt 0] Pipeline 'egress': start
[16:35:41.173] [bmv2] [D] [thread 7138] [46.0] [cxt 0] Pipeline 'egress': end
[16:35:41.173] [bmv2] [D] [thread 7138] [46.0] [cxt 0] Deparser 'deparser': start
[16:35:41.173] [bmv2] [T] [thread 7138] [46.0] [cxt 0] Skipping checksum 'cksum' update because condition not met
[16:35:41.173] [bmv2] [D] [thread 7138] [46.0] [cxt 0] Deparsing header 'ethernet'
[16:35:41.173] [bmv2] [D] [thread 7138] [46.0] [cxt 0] Deparser 'deparser': end
[16:35:41.173] [bmv2] [D] [thread 7142] [46.0] [cxt 0] Transmitting packet of size 196 out of port 0
[16:35:41.277] [bmv2] [D] [thread 7137] [47.0] [cxt 0] Processing packet received on port 1
[16:35:41.277] [bmv2] [D] [thread 7137] [47.0] [cxt 0] Parser 'parser': start
[16:35:41.277] [bmv2] [D] [thread 7137] [47.0] [cxt 0] Parser 'parser' entering state 'start'
[16:35:41.277] [bmv2] [D] [thread 7137] [47.0] [cxt 0] Extracting header 'ethernet'
[16:35:41.277] [bmv2] [D] [thread 7137] [47.0] [cxt 0] Parser state 'start': key is 86dd
[16:35:41.277] [bmv2] [T] [thread 7137] [47.0] [cxt 0] Bytes parsed: 14
[16:35:41.277] [bmv2] [D] [thread 7137] [47.0] [cxt 0] Parser 'parser': end
[16:35:41.277] [bmv2] [D] [thread 7137] [47.0] [cxt 0] Pipeline 'ingress': start
[16:35:41.277] [bmv2] [T] [thread 7137] [47.0] [cxt 0] advanced_tunnel.p4(169) Condition "hdr.ipv4.isValid() && !hdr.myTunnel.isValid()" (node_2) is false
[16:35:41.277] [bmv2] [T] [thread 7137] [47.0] [cxt 0] advanced_tunnel.p4(174) Condition "hdr.myTunnel.isValid()" (node_4) is false
[16:35:41.277] [bmv2] [D] [thread 7137] [47.0] [cxt 0] Pipeline 'ingress': end
[16:35:41.277] [bmv2] [D] [thread 7137] [47.0] [cxt 0] Egress port is 0
[16:35:41.277] [bmv2] [D] [thread 7138] [47.0] [cxt 0] Pipeline 'egress': start
[16:35:41.277] [bmv2] [D] [thread 7138] [47.0] [cxt 0] Pipeline 'egress': end
[16:35:41.277] [bmv2] [D] [thread 7138] [47.0] [cxt 0] Deparser 'deparser': start
[16:35:41.277] [bmv2] [T] [thread 7138] [47.0] [cxt 0] Skipping checksum 'cksum' update because condition not met
[16:35:41.277] [bmv2] [D] [thread 7138] [47.0] [cxt 0] Deparsing header 'ethernet'
[16:35:41.277] [bmv2] [D] [thread 7138] [47.0] [cxt 0] Deparser 'deparser': end
[16:35:41.277] [bmv2] [D] [thread 7142] [47.0] [cxt 0] Transmitting packet of size 70 out of port 0
[16:35:41.304] [bmv2] [D] [thread 7137] [48.0] [cxt 0] Processing packet received on port 2
[16:35:41.305] [bmv2] [D] [thread 7137] [48.0] [cxt 0] Parser 'parser': start
[16:35:41.305] [bmv2] [D] [thread 7137] [48.0] [cxt 0] Parser 'parser' entering state 'start'
[16:35:41.305] [bmv2] [D] [thread 7137] [48.0] [cxt 0] Extracting header 'ethernet'
[16:35:41.305] [bmv2] [D] [thread 7137] [48.0] [cxt 0] Parser state 'start': key is 86dd
[16:35:41.305] [bmv2] [T] [thread 7137] [48.0] [cxt 0] Bytes parsed: 14
[16:35:41.305] [bmv2] [D] [thread 7137] [48.0] [cxt 0] Parser 'parser': end
[16:35:41.305] [bmv2] [D] [thread 7137] [48.0] [cxt 0] Pipeline 'ingress': start
[16:35:41.305] [bmv2] [T] [thread 7137] [48.0] [cxt 0] advanced_tunnel.p4(169) Condition "hdr.ipv4.isValid() && !hdr.myTunnel.isValid()" (node_2) is false
[16:35:41.305] [bmv2] [T] [thread 7137] [48.0] [cxt 0] advanced_tunnel.p4(174) Condition "hdr.myTunnel.isValid()" (node_4) is false
[16:35:41.305] [bmv2] [D] [thread 7137] [48.0] [cxt 0] Pipeline 'ingress': end
[16:35:41.305] [bmv2] [D] [thread 7137] [48.0] [cxt 0] Egress port is 0
[16:35:41.305] [bmv2] [D] [thread 7138] [48.0] [cxt 0] Pipeline 'egress': start
[16:35:41.305] [bmv2] [D] [thread 7138] [48.0] [cxt 0] Pipeline 'egress': end
[16:35:41.305] [bmv2] [D] [thread 7138] [48.0] [cxt 0] Deparser 'deparser': start
[16:35:41.305] [bmv2] [T] [thread 7138] [48.0] [cxt 0] Skipping checksum 'cksum' update because condition not met
[16:35:41.305] [bmv2] [D] [thread 7138] [48.0] [cxt 0] Deparsing header 'ethernet'
[16:35:41.305] [bmv2] [D] [thread 7138] [48.0] [cxt 0] Deparser 'deparser': end
[16:35:41.305] [bmv2] [D] [thread 7142] [48.0] [cxt 0] Transmitting packet of size 196 out of port 0
[16:35:41.532] [bmv2] [D] [thread 7137] [49.0] [cxt 0] Processing packet received on port 3
[16:35:41.532] [bmv2] [D] [thread 7137] [49.0] [cxt 0] Parser 'parser': start
[16:35:41.533] [bmv2] [D] [thread 7137] [49.0] [cxt 0] Parser 'parser' entering state 'start'
[16:35:41.533] [bmv2] [D] [thread 7137] [49.0] [cxt 0] Extracting header 'ethernet'
[16:35:41.533] [bmv2] [D] [thread 7137] [49.0] [cxt 0] Parser state 'start': key is 86dd
[16:35:41.533] [bmv2] [T] [thread 7137] [49.0] [cxt 0] Bytes parsed: 14
[16:35:41.533] [bmv2] [D] [thread 7137] [49.0] [cxt 0] Parser 'parser': end
[16:35:41.533] [bmv2] [D] [thread 7137] [49.0] [cxt 0] Pipeline 'ingress': start
[16:35:41.533] [bmv2] [T] [thread 7137] [49.0] [cxt 0] advanced_tunnel.p4(169) Condition "hdr.ipv4.isValid() && !hdr.myTunnel.isValid()" (node_2) is false
[16:35:41.533] [bmv2] [T] [thread 7137] [49.0] [cxt 0] advanced_tunnel.p4(174) Condition "hdr.myTunnel.isValid()" (node_4) is false
[16:35:41.533] [bmv2] [D] [thread 7137] [49.0] [cxt 0] Pipeline 'ingress': end
[16:35:41.533] [bmv2] [D] [thread 7137] [49.0] [cxt 0] Egress port is 0
[16:35:41.533] [bmv2] [D] [thread 7138] [49.0] [cxt 0] Pipeline 'egress': start
[16:35:41.533] [bmv2] [D] [thread 7138] [49.0] [cxt 0] Pipeline 'egress': end
[16:35:41.533] [bmv2] [D] [thread 7138] [49.0] [cxt 0] Deparser 'deparser': start
[16:35:41.533] [bmv2] [T] [thread 7138] [49.0] [cxt 0] Skipping checksum 'cksum' update because condition not met
[16:35:41.533] [bmv2] [D] [thread 7138] [49.0] [cxt 0] Deparsing header 'ethernet'
[16:35:41.533] [bmv2] [D] [thread 7138] [49.0] [cxt 0] Deparser 'deparser': end
[16:35:41.533] [bmv2] [D] [thread 7142] [49.0] [cxt 0] Transmitting packet of size 70 out of port 0
[16:35:41.669] [bmv2] [D] [thread 7137] [50.0] [cxt 0] Processing packet received on port 1
[16:35:41.669] [bmv2] [D] [thread 7137] [50.0] [cxt 0] Parser 'parser': start
[16:35:41.669] [bmv2] [D] [thread 7137] [50.0] [cxt 0] Parser 'parser' entering state 'start'
[16:35:41.669] [bmv2] [D] [thread 7137] [50.0] [cxt 0] Extracting header 'ethernet'
[16:35:41.669] [bmv2] [D] [thread 7137] [50.0] [cxt 0] Parser state 'start': key is 86dd
[16:35:41.669] [bmv2] [T] [thread 7137] [50.0] [cxt 0] Bytes parsed: 14
[16:35:41.669] [bmv2] [D] [thread 7137] [50.0] [cxt 0] Parser 'parser': end
[16:35:41.669] [bmv2] [D] [thread 7137] [50.0] [cxt 0] Pipeline 'ingress': start
[16:35:41.669] [bmv2] [T] [thread 7137] [50.0] [cxt 0] advanced_tunnel.p4(169) Condition "hdr.ipv4.isValid() && !hdr.myTunnel.isValid()" (node_2) is false
[16:35:41.669] [bmv2] [T] [thread 7137] [50.0] [cxt 0] advanced_tunnel.p4(174) Condition "hdr.myTunnel.isValid()" (node_4) is false
[16:35:41.669] [bmv2] [D] [thread 7137] [50.0] [cxt 0] Pipeline 'ingress': end
[16:35:41.669] [bmv2] [D] [thread 7137] [50.0] [cxt 0] Egress port is 0
[16:35:41.670] [bmv2] [D] [thread 7138] [50.0] [cxt 0] Pipeline 'egress': start
[16:35:41.670] [bmv2] [D] [thread 7138] [50.0] [cxt 0] Pipeline 'egress': end
[16:35:41.670] [bmv2] [D] [thread 7138] [50.0] [cxt 0] Deparser 'deparser': start
[16:35:41.670] [bmv2] [T] [thread 7138] [50.0] [cxt 0] Skipping checksum 'cksum' update because condition not met
[16:35:41.670] [bmv2] [D] [thread 7138] [50.0] [cxt 0] Deparsing header 'ethernet'
[16:35:41.670] [bmv2] [D] [thread 7138] [50.0] [cxt 0] Deparser 'deparser': end
[16:35:41.670] [bmv2] [D] [thread 7142] [50.0] [cxt 0] Transmitting packet of size 196 out of port 0
