Calling target program-options parser
[19:40:57.481] [bmv2] [D] [thread 122502] Set default default entry for table 'MyIngress.ipv4_lpm': MyIngress.drop - 
[19:40:57.481] [bmv2] [D] [thread 122502] Set default default entry for table 'MyIngress.myTunnel_exact': MyIngress.drop - 
Adding interface s3-eth1 as port 1
[19:40:57.481] [bmv2] [D] [thread 122502] Adding interface s3-eth1 as port 1
Adding interface s3-eth2 as port 2
[19:40:57.539] [bmv2] [D] [thread 122502] Adding interface s3-eth2 as port 2
Adding interface s3-eth3 as port 3
[19:40:57.582] [bmv2] [D] [thread 122502] Adding interface s3-eth3 as port 3
Server listening on 0.0.0.0:50053
[19:40:57.631] [bmv2] [I] [thread 122502] Starting Thrift server on port 9092
[19:40:57.631] [bmv2] [I] [thread 122502] Thrift server was started
[19:40:57.632] [bmv2] [D] [thread 122512] [0.0] [cxt 0] Processing packet received on port 2
[19:40:57.632] [bmv2] [D] [thread 122512] [0.0] [cxt 0] Parser 'parser': start
[19:40:57.632] [bmv2] [D] [thread 122512] [0.0] [cxt 0] Parser 'parser' entering state 'start'
[19:40:57.632] [bmv2] [D] [thread 122512] [0.0] [cxt 0] Extracting header 'ethernet'
[19:40:57.632] [bmv2] [D] [thread 122512] [0.0] [cxt 0] Parser state 'start': key is 86dd
[19:40:57.632] [bmv2] [T] [thread 122512] [0.0] [cxt 0] Bytes parsed: 14
[19:40:57.632] [bmv2] [D] [thread 122512] [0.0] [cxt 0] Parser 'parser': end
[19:40:57.632] [bmv2] [D] [thread 122512] [0.0] [cxt 0] Pipeline 'ingress': start
[19:40:57.632] [bmv2] [T] [thread 122512] [0.0] [cxt 0] basic_tunnel.p4(152) Condition "hdr.ipv4.isValid() && !hdr.myTunnel.isValid()" (node_2) is false
[19:40:57.632] [bmv2] [T] [thread 122512] [0.0] [cxt 0] basic_tunnel.p4(155) Condition "hdr.myTunnel.isValid()" (node_4) is false
[19:40:57.632] [bmv2] [D] [thread 122512] [0.0] [cxt 0] Pipeline 'ingress': end
[19:40:57.632] [bmv2] [D] [thread 122512] [0.0] [cxt 0] Egress port is 0
[19:40:57.632] [bmv2] [D] [thread 122513] [0.0] [cxt 0] Pipeline 'egress': start
[19:40:57.632] [bmv2] [D] [thread 122513] [0.0] [cxt 0] Pipeline 'egress': end
[19:40:57.632] [bmv2] [D] [thread 122513] [0.0] [cxt 0] Deparser 'deparser': start
[19:40:57.632] [bmv2] [T] [thread 122513] [0.0] [cxt 0] Skipping checksum 'cksum' update because condition not met
[19:40:57.632] [bmv2] [D] [thread 122513] [0.0] [cxt 0] Deparsing header 'ethernet'
[19:40:57.632] [bmv2] [D] [thread 122513] [0.0] [cxt 0] Deparser 'deparser': end
[19:40:57.632] [bmv2] [D] [thread 122517] [0.0] [cxt 0] Transmitting packet of size 208 out of port 0
[19:40:57.656] [bmv2] [D] [thread 122512] [1.0] [cxt 0] Processing packet received on port 2
[19:40:57.656] [bmv2] [D] [thread 122512] [1.0] [cxt 0] Parser 'parser': start
[19:40:57.656] [bmv2] [D] [thread 122512] [1.0] [cxt 0] Parser 'parser' entering state 'start'
[19:40:57.656] [bmv2] [D] [thread 122512] [1.0] [cxt 0] Extracting header 'ethernet'
[19:40:57.656] [bmv2] [D] [thread 122512] [1.0] [cxt 0] Parser state 'start': key is 86dd
[19:40:57.656] [bmv2] [T] [thread 122512] [1.0] [cxt 0] Bytes parsed: 14
[19:40:57.656] [bmv2] [D] [thread 122512] [1.0] [cxt 0] Parser 'parser': end
[19:40:57.656] [bmv2] [D] [thread 122512] [1.0] [cxt 0] Pipeline 'ingress': start
[19:40:57.656] [bmv2] [T] [thread 122512] [1.0] [cxt 0] basic_tunnel.p4(152) Condition "hdr.ipv4.isValid() && !hdr.myTunnel.isValid()" (node_2) is false
[19:40:57.656] [bmv2] [T] [thread 122512] [1.0] [cxt 0] basic_tunnel.p4(155) Condition "hdr.myTunnel.isValid()" (node_4) is false
[19:40:57.656] [bmv2] [D] [thread 122512] [1.0] [cxt 0] Pipeline 'ingress': end
[19:40:57.656] [bmv2] [D] [thread 122512] [1.0] [cxt 0] Egress port is 0
[19:40:57.656] [bmv2] [D] [thread 122513] [1.0] [cxt 0] Pipeline 'egress': start
[19:40:57.656] [bmv2] [D] [thread 122513] [1.0] [cxt 0] Pipeline 'egress': end
[19:40:57.656] [bmv2] [D] [thread 122513] [1.0] [cxt 0] Deparser 'deparser': start
[19:40:57.656] [bmv2] [T] [thread 122513] [1.0] [cxt 0] Skipping checksum 'cksum' update because condition not met
[19:40:57.656] [bmv2] [D] [thread 122513] [1.0] [cxt 0] Deparsing header 'ethernet'
[19:40:57.656] [bmv2] [D] [thread 122513] [1.0] [cxt 0] Deparser 'deparser': end
[19:40:57.656] [bmv2] [D] [thread 122517] [1.0] [cxt 0] Transmitting packet of size 208 out of port 0
[19:40:57.668] [bmv2] [D] [thread 122512] [2.0] [cxt 0] Processing packet received on port 2
[19:40:57.668] [bmv2] [D] [thread 122512] [2.0] [cxt 0] Parser 'parser': start
[19:40:57.668] [bmv2] [D] [thread 122512] [2.0] [cxt 0] Parser 'parser' entering state 'start'
[19:40:57.668] [bmv2] [D] [thread 122512] [2.0] [cxt 0] Extracting header 'ethernet'
[19:40:57.668] [bmv2] [D] [thread 122512] [2.0] [cxt 0] Parser state 'start': key is 86dd
[19:40:57.668] [bmv2] [T] [thread 122512] [2.0] [cxt 0] Bytes parsed: 14
[19:40:57.668] [bmv2] [D] [thread 122512] [2.0] [cxt 0] Parser 'parser': end
[19:40:57.668] [bmv2] [D] [thread 122512] [2.0] [cxt 0] Pipeline 'ingress': start
[19:40:57.668] [bmv2] [T] [thread 122512] [2.0] [cxt 0] basic_tunnel.p4(152) Condition "hdr.ipv4.isValid() && !hdr.myTunnel.isValid()" (node_2) is false
[19:40:57.668] [bmv2] [T] [thread 122512] [2.0] [cxt 0] basic_tunnel.p4(155) Condition "hdr.myTunnel.isValid()" (node_4) is false
[19:40:57.668] [bmv2] [D] [thread 122512] [2.0] [cxt 0] Pipeline 'ingress': end
[19:40:57.668] [bmv2] [D] [thread 122512] [2.0] [cxt 0] Egress port is 0
[19:40:57.668] [bmv2] [D] [thread 122512] [3.0] [cxt 0] Processing packet received on port 3
[19:40:57.668] [bmv2] [D] [thread 122512] [3.0] [cxt 0] Parser 'parser': start
[19:40:57.668] [bmv2] [D] [thread 122512] [3.0] [cxt 0] Parser 'parser' entering state 'start'
[19:40:57.668] [bmv2] [D] [thread 122512] [3.0] [cxt 0] Extracting header 'ethernet'
[19:40:57.668] [bmv2] [D] [thread 122512] [3.0] [cxt 0] Parser state 'start': key is 86dd
[19:40:57.668] [bmv2] [T] [thread 122512] [3.0] [cxt 0] Bytes parsed: 14
[19:40:57.668] [bmv2] [D] [thread 122512] [3.0] [cxt 0] Parser 'parser': end
[19:40:57.668] [bmv2] [D] [thread 122512] [3.0] [cxt 0] Pipeline 'ingress': start
[19:40:57.668] [bmv2] [T] [thread 122512] [3.0] [cxt 0] basic_tunnel.p4(152) Condition "hdr.ipv4.isValid() && !hdr.myTunnel.isValid()" (node_2) is false
[19:40:57.668] [bmv2] [T] [thread 122512] [3.0] [cxt 0] basic_tunnel.p4(155) Condition "hdr.myTunnel.isValid()" (node_4) is false
[19:40:57.668] [bmv2] [D] [thread 122512] [3.0] [cxt 0] Pipeline 'ingress': end
[19:40:57.668] [bmv2] [D] [thread 122512] [3.0] [cxt 0] Egress port is 0
[19:40:57.668] [bmv2] [D] [thread 122513] [2.0] [cxt 0] Pipeline 'egress': start
[19:40:57.668] [bmv2] [D] [thread 122513] [2.0] [cxt 0] Pipeline 'egress': end
[19:40:57.668] [bmv2] [D] [thread 122513] [2.0] [cxt 0] Deparser 'deparser': start
[19:40:57.668] [bmv2] [T] [thread 122513] [2.0] [cxt 0] Skipping checksum 'cksum' update because condition not met
[19:40:57.668] [bmv2] [D] [thread 122513] [2.0] [cxt 0] Deparsing header 'ethernet'
[19:40:57.668] [bmv2] [D] [thread 122513] [2.0] [cxt 0] Deparser 'deparser': end
[19:40:57.668] [bmv2] [D] [thread 122513] [3.0] [cxt 0] Pipeline 'egress': start
[19:40:57.668] [bmv2] [D] [thread 122513] [3.0] [cxt 0] Pipeline 'egress': end
[19:40:57.668] [bmv2] [D] [thread 122513] [3.0] [cxt 0] Deparser 'deparser': start
[19:40:57.668] [bmv2] [T] [thread 122513] [3.0] [cxt 0] Skipping checksum 'cksum' update because condition not met
[19:40:57.668] [bmv2] [D] [thread 122513] [3.0] [cxt 0] Deparsing header 'ethernet'
[19:40:57.668] [bmv2] [D] [thread 122513] [3.0] [cxt 0] Deparser 'deparser': end
[19:40:57.668] [bmv2] [D] [thread 122517] [2.0] [cxt 0] Transmitting packet of size 110 out of port 0
[19:40:57.668] [bmv2] [D] [thread 122517] [3.0] [cxt 0] Transmitting packet of size 90 out of port 0
[19:40:57.695] [bmv2] [D] [thread 122512] [4.0] [cxt 0] Processing packet received on port 1
[19:40:57.695] [bmv2] [D] [thread 122512] [4.0] [cxt 0] Parser 'parser': start
[19:40:57.695] [bmv2] [D] [thread 122512] [4.0] [cxt 0] Parser 'parser' entering state 'start'
[19:40:57.703] [bmv2] [D] [thread 122512] [4.0] [cxt 0] Extracting header 'ethernet'
[19:40:57.703] [bmv2] [D] [thread 122512] [4.0] [cxt 0] Parser state 'start': key is 86dd
[19:40:57.703] [bmv2] [T] [thread 122512] [4.0] [cxt 0] Bytes parsed: 14
[19:40:57.703] [bmv2] [D] [thread 122512] [4.0] [cxt 0] Parser 'parser': end
[19:40:57.704] [bmv2] [D] [thread 122512] [4.0] [cxt 0] Pipeline 'ingress': start
[19:40:57.704] [bmv2] [T] [thread 122512] [4.0] [cxt 0] basic_tunnel.p4(152) Condition "hdr.ipv4.isValid() && !hdr.myTunnel.isValid()" (node_2) is false
[19:40:57.704] [bmv2] [T] [thread 122512] [4.0] [cxt 0] basic_tunnel.p4(155) Condition "hdr.myTunnel.isValid()" (node_4) is false
[19:40:57.704] [bmv2] [D] [thread 122512] [4.0] [cxt 0] Pipeline 'ingress': end
[19:40:57.704] [bmv2] [D] [thread 122512] [4.0] [cxt 0] Egress port is 0
[19:40:57.728] [bmv2] [D] [thread 122513] [4.0] [cxt 0] Pipeline 'egress': start
[19:40:57.728] [bmv2] [D] [thread 122513] [4.0] [cxt 0] Pipeline 'egress': end
[19:40:57.728] [bmv2] [D] [thread 122513] [4.0] [cxt 0] Deparser 'deparser': start
[19:40:57.728] [bmv2] [T] [thread 122513] [4.0] [cxt 0] Skipping checksum 'cksum' update because condition not met
[19:40:57.728] [bmv2] [D] [thread 122513] [4.0] [cxt 0] Deparsing header 'ethernet'
[19:40:57.728] [bmv2] [D] [thread 122513] [4.0] [cxt 0] Deparser 'deparser': end
[19:40:57.728] [bmv2] [D] [thread 122517] [4.0] [cxt 0] Transmitting packet of size 208 out of port 0
[19:40:57.794] [bmv2] [D] [thread 122512] [5.0] [cxt 0] Processing packet received on port 3
[19:40:57.794] [bmv2] [D] [thread 122512] [5.0] [cxt 0] Parser 'parser': start
[19:40:57.794] [bmv2] [D] [thread 122512] [5.0] [cxt 0] Parser 'parser' entering state 'start'
[19:40:57.794] [bmv2] [D] [thread 122512] [5.0] [cxt 0] Extracting header 'ethernet'
[19:40:57.794] [bmv2] [D] [thread 122512] [5.0] [cxt 0] Parser state 'start': key is 86dd
[19:40:57.794] [bmv2] [T] [thread 122512] [5.0] [cxt 0] Bytes parsed: 14
[19:40:57.794] [bmv2] [D] [thread 122512] [5.0] [cxt 0] Parser 'parser': end
[19:40:57.794] [bmv2] [D] [thread 122512] [5.0] [cxt 0] Pipeline 'ingress': start
[19:40:57.794] [bmv2] [T] [thread 122512] [5.0] [cxt 0] basic_tunnel.p4(152) Condition "hdr.ipv4.isValid() && !hdr.myTunnel.isValid()" (node_2) is false
[19:40:57.794] [bmv2] [T] [thread 122512] [5.0] [cxt 0] basic_tunnel.p4(155) Condition "hdr.myTunnel.isValid()" (node_4) is false
[19:40:57.794] [bmv2] [D] [thread 122512] [5.0] [cxt 0] Pipeline 'ingress': end
[19:40:57.794] [bmv2] [D] [thread 122512] [5.0] [cxt 0] Egress port is 0
[19:40:57.796] [bmv2] [D] [thread 122513] [5.0] [cxt 0] Pipeline 'egress': start
[19:40:57.796] [bmv2] [D] [thread 122513] [5.0] [cxt 0] Pipeline 'egress': end
[19:40:57.796] [bmv2] [D] [thread 122513] [5.0] [cxt 0] Deparser 'deparser': start
[19:40:57.796] [bmv2] [T] [thread 122513] [5.0] [cxt 0] Skipping checksum 'cksum' update because condition not met
[19:40:57.796] [bmv2] [D] [thread 122513] [5.0] [cxt 0] Deparsing header 'ethernet'
[19:40:57.796] [bmv2] [D] [thread 122513] [5.0] [cxt 0] Deparser 'deparser': end
[19:40:57.796] [bmv2] [D] [thread 122517] [5.0] [cxt 0] Transmitting packet of size 110 out of port 0
[19:40:57.879] [bmv2] [D] [thread 122512] [6.0] [cxt 0] Processing packet received on port 2
[19:40:57.879] [bmv2] [D] [thread 122512] [6.0] [cxt 0] Parser 'parser': start
[19:40:57.879] [bmv2] [D] [thread 122512] [6.0] [cxt 0] Parser 'parser' entering state 'start'
[19:40:57.879] [bmv2] [D] [thread 122512] [6.0] [cxt 0] Extracting header 'ethernet'
[19:40:57.879] [bmv2] [D] [thread 122512] [6.0] [cxt 0] Parser state 'start': key is 86dd
[19:40:57.879] [bmv2] [T] [thread 122512] [6.0] [cxt 0] Bytes parsed: 14
[19:40:57.879] [bmv2] [D] [thread 122512] [6.0] [cxt 0] Parser 'parser': end
[19:40:57.879] [bmv2] [D] [thread 122512] [6.0] [cxt 0] Pipeline 'ingress': start
[19:40:57.879] [bmv2] [T] [thread 122512] [6.0] [cxt 0] basic_tunnel.p4(152) Condition "hdr.ipv4.isValid() && !hdr.myTunnel.isValid()" (node_2) is false
[19:40:57.879] [bmv2] [T] [thread 122512] [6.0] [cxt 0] basic_tunnel.p4(155) Condition "hdr.myTunnel.isValid()" (node_4) is false
[19:40:57.879] [bmv2] [D] [thread 122512] [6.0] [cxt 0] Pipeline 'ingress': end
[19:40:57.879] [bmv2] [D] [thread 122512] [6.0] [cxt 0] Egress port is 0
[19:40:57.879] [bmv2] [D] [thread 122512] [7.0] [cxt 0] Processing packet received on port 3
[19:40:57.879] [bmv2] [D] [thread 122512] [7.0] [cxt 0] Parser 'parser': start
[19:40:57.879] [bmv2] [D] [thread 122512] [7.0] [cxt 0] Parser 'parser' entering state 'start'
[19:40:57.879] [bmv2] [D] [thread 122512] [7.0] [cxt 0] Extracting header 'ethernet'
[19:40:57.879] [bmv2] [D] [thread 122512] [7.0] [cxt 0] Parser state 'start': key is 86dd
[19:40:57.879] [bmv2] [T] [thread 122512] [7.0] [cxt 0] Bytes parsed: 14
[19:40:57.879] [bmv2] [D] [thread 122512] [7.0] [cxt 0] Parser 'parser': end
[19:40:57.879] [bmv2] [D] [thread 122512] [7.0] [cxt 0] Pipeline 'ingress': start
[19:40:57.879] [bmv2] [T] [thread 122512] [7.0] [cxt 0] basic_tunnel.p4(152) Condition "hdr.ipv4.isValid() && !hdr.myTunnel.isValid()" (node_2) is false
[19:40:57.879] [bmv2] [T] [thread 122512] [7.0] [cxt 0] basic_tunnel.p4(155) Condition "hdr.myTunnel.isValid()" (node_4) is false
[19:40:57.879] [bmv2] [D] [thread 122512] [7.0] [cxt 0] Pipeline 'ingress': end
[19:40:57.879] [bmv2] [D] [thread 122512] [7.0] [cxt 0] Egress port is 0
[19:40:57.879] [bmv2] [D] [thread 122513] [6.0] [cxt 0] Pipeline 'egress': start
[19:40:57.879] [bmv2] [D] [thread 122513] [6.0] [cxt 0] Pipeline 'egress': end
[19:40:57.879] [bmv2] [D] [thread 122513] [6.0] [cxt 0] Deparser 'deparser': start
[19:40:57.879] [bmv2] [T] [thread 122513] [6.0] [cxt 0] Skipping checksum 'cksum' update because condition not met
[19:40:57.879] [bmv2] [D] [thread 122513] [6.0] [cxt 0] Deparsing header 'ethernet'
[19:40:57.879] [bmv2] [D] [thread 122513] [6.0] [cxt 0] Deparser 'deparser': end
[19:40:57.879] [bmv2] [D] [thread 122513] [7.0] [cxt 0] Pipeline 'egress': start
[19:40:57.879] [bmv2] [D] [thread 122513] [7.0] [cxt 0] Pipeline 'egress': end
[19:40:57.879] [bmv2] [D] [thread 122513] [7.0] [cxt 0] Deparser 'deparser': start
[19:40:57.879] [bmv2] [T] [thread 122513] [7.0] [cxt 0] Skipping checksum 'cksum' update because condition not met
[19:40:57.879] [bmv2] [D] [thread 122513] [7.0] [cxt 0] Deparsing header 'ethernet'
[19:40:57.879] [bmv2] [D] [thread 122513] [7.0] [cxt 0] Deparser 'deparser': end
[19:40:57.879] [bmv2] [D] [thread 122517] [6.0] [cxt 0] Transmitting packet of size 208 out of port 0
[19:40:57.879] [bmv2] [D] [thread 122517] [7.0] [cxt 0] Transmitting packet of size 208 out of port 0
[19:40:57.884] [bmv2] [D] [thread 122512] [8.0] [cxt 0] Processing packet received on port 1
[19:40:57.884] [bmv2] [D] [thread 122512] [8.0] [cxt 0] Parser 'parser': start
[19:40:57.884] [bmv2] [D] [thread 122512] [8.0] [cxt 0] Parser 'parser' entering state 'start'
[19:40:57.884] [bmv2] [D] [thread 122512] [8.0] [cxt 0] Extracting header 'ethernet'
[19:40:57.884] [bmv2] [D] [thread 122512] [8.0] [cxt 0] Parser state 'start': key is 86dd
[19:40:57.884] [bmv2] [T] [thread 122512] [8.0] [cxt 0] Bytes parsed: 14
[19:40:57.884] [bmv2] [D] [thread 122512] [8.0] [cxt 0] Parser 'parser': end
[19:40:57.884] [bmv2] [D] [thread 122512] [8.0] [cxt 0] Pipeline 'ingress': start
[19:40:57.884] [bmv2] [T] [thread 122512] [8.0] [cxt 0] basic_tunnel.p4(152) Condition "hdr.ipv4.isValid() && !hdr.myTunnel.isValid()" (node_2) is false
[19:40:57.884] [bmv2] [T] [thread 122512] [8.0] [cxt 0] basic_tunnel.p4(155) Condition "hdr.myTunnel.isValid()" (node_4) is false
[19:40:57.884] [bmv2] [D] [thread 122512] [8.0] [cxt 0] Pipeline 'ingress': end
[19:40:57.884] [bmv2] [D] [thread 122512] [8.0] [cxt 0] Egress port is 0
[19:40:57.884] [bmv2] [D] [thread 122513] [8.0] [cxt 0] Pipeline 'egress': start
[19:40:57.884] [bmv2] [D] [thread 122513] [8.0] [cxt 0] Pipeline 'egress': end
[19:40:57.884] [bmv2] [D] [thread 122513] [8.0] [cxt 0] Deparser 'deparser': start
[19:40:57.884] [bmv2] [T] [thread 122513] [8.0] [cxt 0] Skipping checksum 'cksum' update because condition not met
[19:40:57.884] [bmv2] [D] [thread 122513] [8.0] [cxt 0] Deparsing header 'ethernet'
[19:40:57.884] [bmv2] [D] [thread 122513] [8.0] [cxt 0] Deparser 'deparser': end
[19:40:57.885] [bmv2] [D] [thread 122517] [8.0] [cxt 0] Transmitting packet of size 196 out of port 0
[19:40:57.907] [bmv2] [D] [thread 122512] [9.0] [cxt 0] Processing packet received on port 2
[19:40:57.907] [bmv2] [D] [thread 122512] [9.0] [cxt 0] Parser 'parser': start
[19:40:57.907] [bmv2] [D] [thread 122512] [9.0] [cxt 0] Parser 'parser' entering state 'start'
[19:40:57.907] [bmv2] [D] [thread 122512] [9.0] [cxt 0] Extracting header 'ethernet'
[19:40:57.907] [bmv2] [D] [thread 122512] [9.0] [cxt 0] Parser state 'start': key is 86dd
[19:40:57.907] [bmv2] [T] [thread 122512] [9.0] [cxt 0] Bytes parsed: 14
[19:40:57.907] [bmv2] [D] [thread 122512] [9.0] [cxt 0] Parser 'parser': end
[19:40:57.907] [bmv2] [D] [thread 122512] [9.0] [cxt 0] Pipeline 'ingress': start
[19:40:57.907] [bmv2] [T] [thread 122512] [9.0] [cxt 0] basic_tunnel.p4(152) Condition "hdr.ipv4.isValid() && !hdr.myTunnel.isValid()" (node_2) is false
[19:40:57.907] [bmv2] [T] [thread 122512] [9.0] [cxt 0] basic_tunnel.p4(155) Condition "hdr.myTunnel.isValid()" (node_4) is false
[19:40:57.907] [bmv2] [D] [thread 122512] [9.0] [cxt 0] Pipeline 'ingress': end
[19:40:57.907] [bmv2] [D] [thread 122512] [9.0] [cxt 0] Egress port is 0
[19:40:57.907] [bmv2] [D] [thread 122513] [9.0] [cxt 0] Pipeline 'egress': start
[19:40:57.907] [bmv2] [D] [thread 122513] [9.0] [cxt 0] Pipeline 'egress': end
[19:40:57.907] [bmv2] [D] [thread 122513] [9.0] [cxt 0] Deparser 'deparser': start
[19:40:57.907] [bmv2] [T] [thread 122513] [9.0] [cxt 0] Skipping checksum 'cksum' update because condition not met
[19:40:57.907] [bmv2] [D] [thread 122513] [9.0] [cxt 0] Deparsing header 'ethernet'
[19:40:57.907] [bmv2] [D] [thread 122513] [9.0] [cxt 0] Deparser 'deparser': end
[19:40:57.907] [bmv2] [D] [thread 122517] [9.0] [cxt 0] Transmitting packet of size 208 out of port 0
[19:40:57.995] [bmv2] [D] [thread 122512] [10.0] [cxt 0] Processing packet received on port 3
[19:40:57.995] [bmv2] [D] [thread 122512] [10.0] [cxt 0] Parser 'parser': start
[19:40:57.995] [bmv2] [D] [thread 122512] [10.0] [cxt 0] Parser 'parser' entering state 'start'
[19:40:57.995] [bmv2] [D] [thread 122512] [10.0] [cxt 0] Extracting header 'ethernet'
[19:40:57.995] [bmv2] [D] [thread 122512] [10.0] [cxt 0] Parser state 'start': key is 86dd
[19:40:57.995] [bmv2] [T] [thread 122512] [10.0] [cxt 0] Bytes parsed: 14
[19:40:57.995] [bmv2] [D] [thread 122512] [10.0] [cxt 0] Parser 'parser': end
[19:40:57.995] [bmv2] [D] [thread 122512] [10.0] [cxt 0] Pipeline 'ingress': start
[19:40:57.995] [bmv2] [T] [thread 122512] [10.0] [cxt 0] basic_tunnel.p4(152) Condition "hdr.ipv4.isValid() && !hdr.myTunnel.isValid()" (node_2) is false
[19:40:57.995] [bmv2] [T] [thread 122512] [10.0] [cxt 0] basic_tunnel.p4(155) Condition "hdr.myTunnel.isValid()" (node_4) is false
[19:40:57.995] [bmv2] [D] [thread 122512] [10.0] [cxt 0] Pipeline 'ingress': end
[19:40:57.995] [bmv2] [D] [thread 122512] [10.0] [cxt 0] Egress port is 0
[19:40:57.995] [bmv2] [D] [thread 122512] [11.0] [cxt 0] Processing packet received on port 3
[19:40:57.995] [bmv2] [D] [thread 122512] [11.0] [cxt 0] Parser 'parser': start
[19:40:57.995] [bmv2] [D] [thread 122512] [11.0] [cxt 0] Parser 'parser' entering state 'start'
[19:40:57.995] [bmv2] [D] [thread 122512] [11.0] [cxt 0] Extracting header 'ethernet'
[19:40:57.995] [bmv2] [D] [thread 122512] [11.0] [cxt 0] Parser state 'start': key is 86dd
[19:40:57.995] [bmv2] [T] [thread 122512] [11.0] [cxt 0] Bytes parsed: 14
[19:40:57.995] [bmv2] [D] [thread 122512] [11.0] [cxt 0] Parser 'parser': end
[19:40:57.995] [bmv2] [D] [thread 122512] [11.0] [cxt 0] Pipeline 'ingress': start
[19:40:57.995] [bmv2] [T] [thread 122512] [11.0] [cxt 0] basic_tunnel.p4(152) Condition "hdr.ipv4.isValid() && !hdr.myTunnel.isValid()" (node_2) is false
[19:40:57.995] [bmv2] [T] [thread 122512] [11.0] [cxt 0] basic_tunnel.p4(155) Condition "hdr.myTunnel.isValid()" (node_4) is false
[19:40:57.995] [bmv2] [D] [thread 122512] [11.0] [cxt 0] Pipeline 'ingress': end
[19:40:57.995] [bmv2] [D] [thread 122512] [11.0] [cxt 0] Egress port is 0
[19:40:57.995] [bmv2] [D] [thread 122513] [10.0] [cxt 0] Pipeline 'egress': start
[19:40:57.995] [bmv2] [D] [thread 122513] [10.0] [cxt 0] Pipeline 'egress': end
[19:40:57.995] [bmv2] [D] [thread 122513] [10.0] [cxt 0] Deparser 'deparser': start
[19:40:57.995] [bmv2] [T] [thread 122513] [10.0] [cxt 0] Skipping checksum 'cksum' update because condition not met
[19:40:57.995] [bmv2] [D] [thread 122513] [10.0] [cxt 0] Deparsing header 'ethernet'
[19:40:57.995] [bmv2] [D] [thread 122513] [10.0] [cxt 0] Deparser 'deparser': end
[19:40:57.995] [bmv2] [D] [thread 122513] [11.0] [cxt 0] Pipeline 'egress': start
[19:40:57.995] [bmv2] [D] [thread 122513] [11.0] [cxt 0] Pipeline 'egress': end
[19:40:57.995] [bmv2] [D] [thread 122513] [11.0] [cxt 0] Deparser 'deparser': start
[19:40:57.995] [bmv2] [T] [thread 122513] [11.0] [cxt 0] Skipping checksum 'cksum' update because condition not met
[19:40:57.995] [bmv2] [D] [thread 122513] [11.0] [cxt 0] Deparsing header 'ethernet'
[19:40:57.995] [bmv2] [D] [thread 122513] [11.0] [cxt 0] Deparser 'deparser': end
[19:40:57.995] [bmv2] [D] [thread 122517] [10.0] [cxt 0] Transmitting packet of size 90 out of port 0
[19:40:57.995] [bmv2] [D] [thread 122517] [11.0] [cxt 0] Transmitting packet of size 70 out of port 0
[19:40:58.003] [bmv2] [D] [thread 122512] [12.0] [cxt 0] Processing packet received on port 3
[19:40:58.003] [bmv2] [D] [thread 122512] [12.0] [cxt 0] Parser 'parser': start
[19:40:58.003] [bmv2] [D] [thread 122512] [12.0] [cxt 0] Parser 'parser' entering state 'start'
[19:40:58.003] [bmv2] [D] [thread 122512] [12.0] [cxt 0] Extracting header 'ethernet'
[19:40:58.003] [bmv2] [D] [thread 122512] [12.0] [cxt 0] Parser state 'start': key is 86dd
[19:40:58.003] [bmv2] [T] [thread 122512] [12.0] [cxt 0] Bytes parsed: 14
[19:40:58.003] [bmv2] [D] [thread 122512] [12.0] [cxt 0] Parser 'parser': end
[19:40:58.003] [bmv2] [D] [thread 122512] [12.0] [cxt 0] Pipeline 'ingress': start
[19:40:58.003] [bmv2] [T] [thread 122512] [12.0] [cxt 0] basic_tunnel.p4(152) Condition "hdr.ipv4.isValid() && !hdr.myTunnel.isValid()" (node_2) is false
[19:40:58.003] [bmv2] [T] [thread 122512] [12.0] [cxt 0] basic_tunnel.p4(155) Condition "hdr.myTunnel.isValid()" (node_4) is false
[19:40:58.003] [bmv2] [D] [thread 122512] [12.0] [cxt 0] Pipeline 'ingress': end
[19:40:58.003] [bmv2] [D] [thread 122512] [12.0] [cxt 0] Egress port is 0
[19:40:58.003] [bmv2] [D] [thread 122513] [12.0] [cxt 0] Pipeline 'egress': start
[19:40:58.003] [bmv2] [D] [thread 122513] [12.0] [cxt 0] Pipeline 'egress': end
[19:40:58.003] [bmv2] [D] [thread 122513] [12.0] [cxt 0] Deparser 'deparser': start
[19:40:58.003] [bmv2] [T] [thread 122513] [12.0] [cxt 0] Skipping checksum 'cksum' update because condition not met
[19:40:58.003] [bmv2] [D] [thread 122513] [12.0] [cxt 0] Deparsing header 'ethernet'
[19:40:58.003] [bmv2] [D] [thread 122513] [12.0] [cxt 0] Deparser 'deparser': end
[19:40:58.003] [bmv2] [D] [thread 122517] [12.0] [cxt 0] Transmitting packet of size 90 out of port 0
[19:40:58.079] [bmv2] [D] [thread 122512] [13.0] [cxt 0] Processing packet received on port 3
[19:40:58.079] [bmv2] [D] [thread 122512] [13.0] [cxt 0] Parser 'parser': start
[19:40:58.079] [bmv2] [D] [thread 122512] [13.0] [cxt 0] Parser 'parser' entering state 'start'
[19:40:58.079] [bmv2] [D] [thread 122512] [13.0] [cxt 0] Extracting header 'ethernet'
[19:40:58.079] [bmv2] [D] [thread 122512] [13.0] [cxt 0] Parser state 'start': key is 86dd
[19:40:58.079] [bmv2] [T] [thread 122512] [13.0] [cxt 0] Bytes parsed: 14
[19:40:58.079] [bmv2] [D] [thread 122512] [13.0] [cxt 0] Parser 'parser': end
[19:40:58.079] [bmv2] [D] [thread 122512] [13.0] [cxt 0] Pipeline 'ingress': start
[19:40:58.079] [bmv2] [T] [thread 122512] [13.0] [cxt 0] basic_tunnel.p4(152) Condition "hdr.ipv4.isValid() && !hdr.myTunnel.isValid()" (node_2) is false
[19:40:58.079] [bmv2] [T] [thread 122512] [13.0] [cxt 0] basic_tunnel.p4(155) Condition "hdr.myTunnel.isValid()" (node_4) is false
[19:40:58.079] [bmv2] [D] [thread 122512] [13.0] [cxt 0] Pipeline 'ingress': end
[19:40:58.079] [bmv2] [D] [thread 122512] [13.0] [cxt 0] Egress port is 0
[19:40:58.079] [bmv2] [D] [thread 122513] [13.0] [cxt 0] Pipeline 'egress': start
[19:40:58.079] [bmv2] [D] [thread 122513] [13.0] [cxt 0] Pipeline 'egress': end
[19:40:58.079] [bmv2] [D] [thread 122513] [13.0] [cxt 0] Deparser 'deparser': start
[19:40:58.079] [bmv2] [T] [thread 122513] [13.0] [cxt 0] Skipping checksum 'cksum' update because condition not met
[19:40:58.079] [bmv2] [D] [thread 122513] [13.0] [cxt 0] Deparsing header 'ethernet'
[19:40:58.079] [bmv2] [D] [thread 122513] [13.0] [cxt 0] Deparser 'deparser': end
[19:40:58.079] [bmv2] [D] [thread 122517] [13.0] [cxt 0] Transmitting packet of size 196 out of port 0
[19:40:58.083] [bmv2] [D] [thread 122512] [14.0] [cxt 0] Processing packet received on port 2
[19:40:58.083] [bmv2] [D] [thread 122512] [14.0] [cxt 0] Parser 'parser': start
[19:40:58.083] [bmv2] [D] [thread 122512] [14.0] [cxt 0] Parser 'parser' entering state 'start'
[19:40:58.083] [bmv2] [D] [thread 122512] [14.0] [cxt 0] Extracting header 'ethernet'
[19:40:58.083] [bmv2] [D] [thread 122512] [14.0] [cxt 0] Parser state 'start': key is 86dd
[19:40:58.083] [bmv2] [T] [thread 122512] [14.0] [cxt 0] Bytes parsed: 14
[19:40:58.083] [bmv2] [D] [thread 122512] [14.0] [cxt 0] Parser 'parser': end
[19:40:58.083] [bmv2] [D] [thread 122512] [14.0] [cxt 0] Pipeline 'ingress': start
[19:40:58.083] [bmv2] [T] [thread 122512] [14.0] [cxt 0] basic_tunnel.p4(152) Condition "hdr.ipv4.isValid() && !hdr.myTunnel.isValid()" (node_2) is false
[19:40:58.083] [bmv2] [T] [thread 122512] [14.0] [cxt 0] basic_tunnel.p4(155) Condition "hdr.myTunnel.isValid()" (node_4) is false
[19:40:58.083] [bmv2] [D] [thread 122512] [14.0] [cxt 0] Pipeline 'ingress': end
[19:40:58.083] [bmv2] [D] [thread 122512] [14.0] [cxt 0] Egress port is 0
[19:40:58.083] [bmv2] [D] [thread 122513] [14.0] [cxt 0] Pipeline 'egress': start
[19:40:58.083] [bmv2] [D] [thread 122513] [14.0] [cxt 0] Pipeline 'egress': end
[19:40:58.083] [bmv2] [D] [thread 122513] [14.0] [cxt 0] Deparser 'deparser': start
[19:40:58.083] [bmv2] [T] [thread 122513] [14.0] [cxt 0] Skipping checksum 'cksum' update because condition not met
[19:40:58.083] [bmv2] [D] [thread 122513] [14.0] [cxt 0] Deparsing header 'ethernet'
[19:40:58.083] [bmv2] [D] [thread 122513] [14.0] [cxt 0] Deparser 'deparser': end
[19:40:58.084] [bmv2] [D] [thread 122517] [14.0] [cxt 0] Transmitting packet of size 110 out of port 0
[19:40:58.107] [bmv2] [D] [thread 122512] [15.0] [cxt 0] Processing packet received on port 2
[19:40:58.107] [bmv2] [D] [thread 122512] [15.0] [cxt 0] Parser 'parser': start
[19:40:58.107] [bmv2] [D] [thread 122512] [15.0] [cxt 0] Parser 'parser' entering state 'start'
[19:40:58.107] [bmv2] [D] [thread 122512] [15.0] [cxt 0] Extracting header 'ethernet'
[19:40:58.107] [bmv2] [D] [thread 122512] [15.0] [cxt 0] Parser state 'start': key is 86dd
[19:40:58.107] [bmv2] [T] [thread 122512] [15.0] [cxt 0] Bytes parsed: 14
[19:40:58.107] [bmv2] [D] [thread 122512] [15.0] [cxt 0] Parser 'parser': end
[19:40:58.107] [bmv2] [D] [thread 122512] [15.0] [cxt 0] Pipeline 'ingress': start
[19:40:58.107] [bmv2] [T] [thread 122512] [15.0] [cxt 0] basic_tunnel.p4(152) Condition "hdr.ipv4.isValid() && !hdr.myTunnel.isValid()" (node_2) is false
[19:40:58.107] [bmv2] [T] [thread 122512] [15.0] [cxt 0] basic_tunnel.p4(155) Condition "hdr.myTunnel.isValid()" (node_4) is false
[19:40:58.107] [bmv2] [D] [thread 122512] [15.0] [cxt 0] Pipeline 'ingress': end
[19:40:58.107] [bmv2] [D] [thread 122512] [15.0] [cxt 0] Egress port is 0
[19:40:58.107] [bmv2] [D] [thread 122513] [15.0] [cxt 0] Pipeline 'egress': start
[19:40:58.107] [bmv2] [D] [thread 122513] [15.0] [cxt 0] Pipeline 'egress': end
[19:40:58.107] [bmv2] [D] [thread 122513] [15.0] [cxt 0] Deparser 'deparser': start
[19:40:58.107] [bmv2] [T] [thread 122513] [15.0] [cxt 0] Skipping checksum 'cksum' update because condition not met
[19:40:58.107] [bmv2] [D] [thread 122513] [15.0] [cxt 0] Deparsing header 'ethernet'
[19:40:58.107] [bmv2] [D] [thread 122513] [15.0] [cxt 0] Deparser 'deparser': end
[19:40:58.107] [bmv2] [D] [thread 122517] [15.0] [cxt 0] Transmitting packet of size 196 out of port 0
[19:40:58.114] [bmv2] [D] [thread 122512] [16.0] [cxt 0] Processing packet received on port 3
[19:40:58.114] [bmv2] [D] [thread 122512] [16.0] [cxt 0] Parser 'parser': start
[19:40:58.114] [bmv2] [D] [thread 122512] [16.0] [cxt 0] Parser 'parser' entering state 'start'
[19:40:58.114] [bmv2] [D] [thread 122512] [16.0] [cxt 0] Extracting header 'ethernet'
[19:40:58.114] [bmv2] [D] [thread 122512] [16.0] [cxt 0] Parser state 'start': key is 86dd
[19:40:58.114] [bmv2] [T] [thread 122512] [16.0] [cxt 0] Bytes parsed: 14
[19:40:58.114] [bmv2] [D] [thread 122512] [16.0] [cxt 0] Parser 'parser': end
[19:40:58.114] [bmv2] [D] [thread 122512] [16.0] [cxt 0] Pipeline 'ingress': start
[19:40:58.114] [bmv2] [T] [thread 122512] [16.0] [cxt 0] basic_tunnel.p4(152) Condition "hdr.ipv4.isValid() && !hdr.myTunnel.isValid()" (node_2) is false
[19:40:58.114] [bmv2] [T] [thread 122512] [16.0] [cxt 0] basic_tunnel.p4(155) Condition "hdr.myTunnel.isValid()" (node_4) is false
[19:40:58.114] [bmv2] [D] [thread 122512] [16.0] [cxt 0] Pipeline 'ingress': end
[19:40:58.114] [bmv2] [D] [thread 122512] [16.0] [cxt 0] Egress port is 0
[19:40:58.114] [bmv2] [D] [thread 122513] [16.0] [cxt 0] Pipeline 'egress': start
[19:40:58.114] [bmv2] [D] [thread 122513] [16.0] [cxt 0] Pipeline 'egress': end
[19:40:58.114] [bmv2] [D] [thread 122513] [16.0] [cxt 0] Deparser 'deparser': start
[19:40:58.114] [bmv2] [T] [thread 122513] [16.0] [cxt 0] Skipping checksum 'cksum' update because condition not met
[19:40:58.114] [bmv2] [D] [thread 122513] [16.0] [cxt 0] Deparsing header 'ethernet'
[19:40:58.114] [bmv2] [D] [thread 122513] [16.0] [cxt 0] Deparser 'deparser': end
[19:40:58.114] [bmv2] [D] [thread 122517] [16.0] [cxt 0] Transmitting packet of size 208 out of port 0
[19:40:58.134] [bmv2] [D] [thread 122512] [17.0] [cxt 0] Processing packet received on port 2
[19:40:58.134] [bmv2] [D] [thread 122512] [17.0] [cxt 0] Parser 'parser': start
[19:40:58.134] [bmv2] [D] [thread 122512] [17.0] [cxt 0] Parser 'parser' entering state 'start'
[19:40:58.134] [bmv2] [D] [thread 122512] [17.0] [cxt 0] Extracting header 'ethernet'
[19:40:58.134] [bmv2] [D] [thread 122512] [17.0] [cxt 0] Parser state 'start': key is 86dd
[19:40:58.134] [bmv2] [T] [thread 122512] [17.0] [cxt 0] Bytes parsed: 14
[19:40:58.134] [bmv2] [D] [thread 122512] [17.0] [cxt 0] Parser 'parser': end
[19:40:58.134] [bmv2] [D] [thread 122512] [17.0] [cxt 0] Pipeline 'ingress': start
[19:40:58.134] [bmv2] [T] [thread 122512] [17.0] [cxt 0] basic_tunnel.p4(152) Condition "hdr.ipv4.isValid() && !hdr.myTunnel.isValid()" (node_2) is false
[19:40:58.134] [bmv2] [T] [thread 122512] [17.0] [cxt 0] basic_tunnel.p4(155) Condition "hdr.myTunnel.isValid()" (node_4) is false
[19:40:58.134] [bmv2] [D] [thread 122512] [17.0] [cxt 0] Pipeline 'ingress': end
[19:40:58.134] [bmv2] [D] [thread 122512] [17.0] [cxt 0] Egress port is 0
[19:40:58.135] [bmv2] [D] [thread 122513] [17.0] [cxt 0] Pipeline 'egress': start
[19:40:58.135] [bmv2] [D] [thread 122513] [17.0] [cxt 0] Pipeline 'egress': end
[19:40:58.135] [bmv2] [D] [thread 122513] [17.0] [cxt 0] Deparser 'deparser': start
[19:40:58.135] [bmv2] [T] [thread 122513] [17.0] [cxt 0] Skipping checksum 'cksum' update because condition not met
[19:40:58.135] [bmv2] [D] [thread 122513] [17.0] [cxt 0] Deparsing header 'ethernet'
[19:40:58.135] [bmv2] [D] [thread 122513] [17.0] [cxt 0] Deparser 'deparser': end
[19:40:58.135] [bmv2] [D] [thread 122517] [17.0] [cxt 0] Transmitting packet of size 208 out of port 0
[19:40:58.331] [bmv2] [D] [thread 122512] [18.0] [cxt 0] Processing packet received on port 2
[19:40:58.331] [bmv2] [D] [thread 122512] [18.0] [cxt 0] Parser 'parser': start
[19:40:58.331] [bmv2] [D] [thread 122512] [18.0] [cxt 0] Parser 'parser' entering state 'start'
[19:40:58.331] [bmv2] [D] [thread 122512] [18.0] [cxt 0] Extracting header 'ethernet'
[19:40:58.331] [bmv2] [D] [thread 122512] [18.0] [cxt 0] Parser state 'start': key is 86dd
[19:40:58.331] [bmv2] [T] [thread 122512] [18.0] [cxt 0] Bytes parsed: 14
[19:40:58.331] [bmv2] [D] [thread 122512] [18.0] [cxt 0] Parser 'parser': end
[19:40:58.331] [bmv2] [D] [thread 122512] [18.0] [cxt 0] Pipeline 'ingress': start
[19:40:58.331] [bmv2] [T] [thread 122512] [18.0] [cxt 0] basic_tunnel.p4(152) Condition "hdr.ipv4.isValid() && !hdr.myTunnel.isValid()" (node_2) is false
[19:40:58.331] [bmv2] [T] [thread 122512] [18.0] [cxt 0] basic_tunnel.p4(155) Condition "hdr.myTunnel.isValid()" (node_4) is false
[19:40:58.331] [bmv2] [D] [thread 122512] [18.0] [cxt 0] Pipeline 'ingress': end
[19:40:58.331] [bmv2] [D] [thread 122512] [18.0] [cxt 0] Egress port is 0
[19:40:58.332] [bmv2] [D] [thread 122513] [18.0] [cxt 0] Pipeline 'egress': start
[19:40:58.332] [bmv2] [D] [thread 122513] [18.0] [cxt 0] Pipeline 'egress': end
[19:40:58.332] [bmv2] [D] [thread 122513] [18.0] [cxt 0] Deparser 'deparser': start
[19:40:58.332] [bmv2] [T] [thread 122513] [18.0] [cxt 0] Skipping checksum 'cksum' update because condition not met
[19:40:58.332] [bmv2] [D] [thread 122513] [18.0] [cxt 0] Deparsing header 'ethernet'
[19:40:58.332] [bmv2] [D] [thread 122513] [18.0] [cxt 0] Deparser 'deparser': end
[19:40:58.332] [bmv2] [D] [thread 122517] [18.0] [cxt 0] Transmitting packet of size 196 out of port 0
[19:40:58.339] [bmv2] [D] [thread 122512] [19.0] [cxt 0] Processing packet received on port 3
[19:40:58.339] [bmv2] [D] [thread 122512] [19.0] [cxt 0] Parser 'parser': start
[19:40:58.339] [bmv2] [D] [thread 122512] [19.0] [cxt 0] Parser 'parser' entering state 'start'
[19:40:58.339] [bmv2] [D] [thread 122512] [19.0] [cxt 0] Extracting header 'ethernet'
[19:40:58.339] [bmv2] [D] [thread 122512] [19.0] [cxt 0] Parser state 'start': key is 86dd
[19:40:58.339] [bmv2] [T] [thread 122512] [19.0] [cxt 0] Bytes parsed: 14
[19:40:58.339] [bmv2] [D] [thread 122512] [19.0] [cxt 0] Parser 'parser': end
[19:40:58.339] [bmv2] [D] [thread 122512] [19.0] [cxt 0] Pipeline 'ingress': start
[19:40:58.339] [bmv2] [T] [thread 122512] [19.0] [cxt 0] basic_tunnel.p4(152) Condition "hdr.ipv4.isValid() && !hdr.myTunnel.isValid()" (node_2) is false
[19:40:58.339] [bmv2] [T] [thread 122512] [19.0] [cxt 0] basic_tunnel.p4(155) Condition "hdr.myTunnel.isValid()" (node_4) is false
[19:40:58.339] [bmv2] [D] [thread 122512] [19.0] [cxt 0] Pipeline 'ingress': end
[19:40:58.339] [bmv2] [D] [thread 122512] [19.0] [cxt 0] Egress port is 0
[19:40:58.339] [bmv2] [D] [thread 122513] [19.0] [cxt 0] Pipeline 'egress': start
[19:40:58.339] [bmv2] [D] [thread 122513] [19.0] [cxt 0] Pipeline 'egress': end
[19:40:58.339] [bmv2] [D] [thread 122513] [19.0] [cxt 0] Deparser 'deparser': start
[19:40:58.339] [bmv2] [T] [thread 122513] [19.0] [cxt 0] Skipping checksum 'cksum' update because condition not met
[19:40:58.339] [bmv2] [D] [thread 122513] [19.0] [cxt 0] Deparsing header 'ethernet'
[19:40:58.339] [bmv2] [D] [thread 122513] [19.0] [cxt 0] Deparser 'deparser': end
[19:40:58.340] [bmv2] [D] [thread 122517] [19.0] [cxt 0] Transmitting packet of size 90 out of port 0
[19:40:58.364] [bmv2] [D] [thread 122512] [20.0] [cxt 0] Processing packet received on port 3
[19:40:58.364] [bmv2] [D] [thread 122512] [20.0] [cxt 0] Parser 'parser': start
[19:40:58.364] [bmv2] [D] [thread 122512] [20.0] [cxt 0] Parser 'parser' entering state 'start'
[19:40:58.364] [bmv2] [D] [thread 122512] [20.0] [cxt 0] Extracting header 'ethernet'
[19:40:58.364] [bmv2] [D] [thread 122512] [20.0] [cxt 0] Parser state 'start': key is 86dd
[19:40:58.364] [bmv2] [T] [thread 122512] [20.0] [cxt 0] Bytes parsed: 14
[19:40:58.364] [bmv2] [D] [thread 122512] [20.0] [cxt 0] Parser 'parser': end
[19:40:58.364] [bmv2] [D] [thread 122512] [20.0] [cxt 0] Pipeline 'ingress': start
[19:40:58.364] [bmv2] [T] [thread 122512] [20.0] [cxt 0] basic_tunnel.p4(152) Condition "hdr.ipv4.isValid() && !hdr.myTunnel.isValid()" (node_2) is false
[19:40:58.364] [bmv2] [T] [thread 122512] [20.0] [cxt 0] basic_tunnel.p4(155) Condition "hdr.myTunnel.isValid()" (node_4) is false
[19:40:58.364] [bmv2] [D] [thread 122512] [20.0] [cxt 0] Pipeline 'ingress': end
[19:40:58.364] [bmv2] [D] [thread 122512] [20.0] [cxt 0] Egress port is 0
[19:40:58.364] [bmv2] [D] [thread 122513] [20.0] [cxt 0] Pipeline 'egress': start
[19:40:58.364] [bmv2] [D] [thread 122513] [20.0] [cxt 0] Pipeline 'egress': end
[19:40:58.364] [bmv2] [D] [thread 122513] [20.0] [cxt 0] Deparser 'deparser': start
[19:40:58.364] [bmv2] [T] [thread 122513] [20.0] [cxt 0] Skipping checksum 'cksum' update because condition not met
[19:40:58.364] [bmv2] [D] [thread 122513] [20.0] [cxt 0] Deparsing header 'ethernet'
[19:40:58.364] [bmv2] [D] [thread 122513] [20.0] [cxt 0] Deparser 'deparser': end
[19:40:58.364] [bmv2] [D] [thread 122517] [20.0] [cxt 0] Transmitting packet of size 208 out of port 0
[19:40:58.499] [bmv2] [D] [thread 122512] [21.0] [cxt 0] Processing packet received on port 2
[19:40:58.499] [bmv2] [D] [thread 122512] [21.0] [cxt 0] Parser 'parser': start
[19:40:58.499] [bmv2] [D] [thread 122512] [21.0] [cxt 0] Parser 'parser' entering state 'start'
[19:40:58.499] [bmv2] [D] [thread 122512] [21.0] [cxt 0] Extracting header 'ethernet'
[19:40:58.499] [bmv2] [D] [thread 122512] [21.0] [cxt 0] Parser state 'start': key is 86dd
[19:40:58.499] [bmv2] [T] [thread 122512] [21.0] [cxt 0] Bytes parsed: 14
[19:40:58.499] [bmv2] [D] [thread 122512] [21.0] [cxt 0] Parser 'parser': end
[19:40:58.499] [bmv2] [D] [thread 122512] [21.0] [cxt 0] Pipeline 'ingress': start
[19:40:58.499] [bmv2] [T] [thread 122512] [21.0] [cxt 0] basic_tunnel.p4(152) Condition "hdr.ipv4.isValid() && !hdr.myTunnel.isValid()" (node_2) is false
[19:40:58.499] [bmv2] [T] [thread 122512] [21.0] [cxt 0] basic_tunnel.p4(155) Condition "hdr.myTunnel.isValid()" (node_4) is false
[19:40:58.499] [bmv2] [D] [thread 122512] [21.0] [cxt 0] Pipeline 'ingress': end
[19:40:58.499] [bmv2] [D] [thread 122512] [21.0] [cxt 0] Egress port is 0
[19:40:58.500] [bmv2] [D] [thread 122513] [21.0] [cxt 0] Pipeline 'egress': start
[19:40:58.500] [bmv2] [D] [thread 122513] [21.0] [cxt 0] Pipeline 'egress': end
[19:40:58.500] [bmv2] [D] [thread 122513] [21.0] [cxt 0] Deparser 'deparser': start
[19:40:58.500] [bmv2] [T] [thread 122513] [21.0] [cxt 0] Skipping checksum 'cksum' update because condition not met
[19:40:58.500] [bmv2] [D] [thread 122513] [21.0] [cxt 0] Deparsing header 'ethernet'
[19:40:58.500] [bmv2] [D] [thread 122513] [21.0] [cxt 0] Deparser 'deparser': end
[19:40:58.500] [bmv2] [D] [thread 122517] [21.0] [cxt 0] Transmitting packet of size 90 out of port 0
[19:40:58.630] [bmv2] [D] [thread 122512] [22.0] [cxt 0] Processing packet received on port 3
[19:40:58.630] [bmv2] [D] [thread 122512] [22.0] [cxt 0] Parser 'parser': start
[19:40:58.630] [bmv2] [D] [thread 122512] [22.0] [cxt 0] Parser 'parser' entering state 'start'
[19:40:58.630] [bmv2] [D] [thread 122512] [22.0] [cxt 0] Extracting header 'ethernet'
[19:40:58.631] [bmv2] [D] [thread 122512] [22.0] [cxt 0] Parser state 'start': key is 86dd
[19:40:58.631] [bmv2] [T] [thread 122512] [22.0] [cxt 0] Bytes parsed: 14
[19:40:58.631] [bmv2] [D] [thread 122512] [22.0] [cxt 0] Parser 'parser': end
[19:40:58.631] [bmv2] [D] [thread 122512] [22.0] [cxt 0] Pipeline 'ingress': start
[19:40:58.631] [bmv2] [T] [thread 122512] [22.0] [cxt 0] basic_tunnel.p4(152) Condition "hdr.ipv4.isValid() && !hdr.myTunnel.isValid()" (node_2) is false
[19:40:58.631] [bmv2] [T] [thread 122512] [22.0] [cxt 0] basic_tunnel.p4(155) Condition "hdr.myTunnel.isValid()" (node_4) is false
[19:40:58.631] [bmv2] [D] [thread 122512] [22.0] [cxt 0] Pipeline 'ingress': end
[19:40:58.631] [bmv2] [D] [thread 122512] [22.0] [cxt 0] Egress port is 0
[19:40:58.632] [bmv2] [D] [thread 122512] [23.0] [cxt 0] Processing packet received on port 3
[19:40:58.632] [bmv2] [D] [thread 122512] [23.0] [cxt 0] Parser 'parser': start
[19:40:58.632] [bmv2] [D] [thread 122512] [23.0] [cxt 0] Parser 'parser' entering state 'start'
[19:40:58.632] [bmv2] [D] [thread 122512] [23.0] [cxt 0] Extracting header 'ethernet'
[19:40:58.632] [bmv2] [D] [thread 122512] [23.0] [cxt 0] Parser state 'start': key is 86dd
[19:40:58.632] [bmv2] [T] [thread 122512] [23.0] [cxt 0] Bytes parsed: 14
[19:40:58.632] [bmv2] [D] [thread 122512] [23.0] [cxt 0] Parser 'parser': end
[19:40:58.632] [bmv2] [D] [thread 122512] [23.0] [cxt 0] Pipeline 'ingress': start
[19:40:58.632] [bmv2] [T] [thread 122512] [23.0] [cxt 0] basic_tunnel.p4(152) Condition "hdr.ipv4.isValid() && !hdr.myTunnel.isValid()" (node_2) is false
[19:40:58.632] [bmv2] [T] [thread 122512] [23.0] [cxt 0] basic_tunnel.p4(155) Condition "hdr.myTunnel.isValid()" (node_4) is false
[19:40:58.632] [bmv2] [D] [thread 122512] [23.0] [cxt 0] Pipeline 'ingress': end
[19:40:58.632] [bmv2] [D] [thread 122512] [23.0] [cxt 0] Egress port is 0
[19:40:58.632] [bmv2] [D] [thread 122513] [22.0] [cxt 0] Pipeline 'egress': start
[19:40:58.632] [bmv2] [D] [thread 122513] [22.0] [cxt 0] Pipeline 'egress': end
[19:40:58.632] [bmv2] [D] [thread 122513] [22.0] [cxt 0] Deparser 'deparser': start
[19:40:58.632] [bmv2] [T] [thread 122513] [22.0] [cxt 0] Skipping checksum 'cksum' update because condition not met
[19:40:58.632] [bmv2] [D] [thread 122513] [22.0] [cxt 0] Deparsing header 'ethernet'
[19:40:58.632] [bmv2] [D] [thread 122513] [22.0] [cxt 0] Deparser 'deparser': end
[19:40:58.632] [bmv2] [D] [thread 122513] [23.0] [cxt 0] Pipeline 'egress': start
[19:40:58.632] [bmv2] [D] [thread 122513] [23.0] [cxt 0] Pipeline 'egress': end
[19:40:58.632] [bmv2] [D] [thread 122513] [23.0] [cxt 0] Deparser 'deparser': start
[19:40:58.632] [bmv2] [T] [thread 122513] [23.0] [cxt 0] Skipping checksum 'cksum' update because condition not met
[19:40:58.632] [bmv2] [D] [thread 122513] [23.0] [cxt 0] Deparsing header 'ethernet'
[19:40:58.632] [bmv2] [D] [thread 122513] [23.0] [cxt 0] Deparser 'deparser': end
[19:40:58.632] [bmv2] [D] [thread 122517] [22.0] [cxt 0] Transmitting packet of size 208 out of port 0
[19:40:58.632] [bmv2] [D] [thread 122517] [23.0] [cxt 0] Transmitting packet of size 110 out of port 0
[19:40:58.818] [bmv2] [D] [thread 122512] [24.0] [cxt 0] Processing packet received on port 3
[19:40:58.818] [bmv2] [D] [thread 122512] [24.0] [cxt 0] Parser 'parser': start
[19:40:58.820] [bmv2] [D] [thread 122512] [24.0] [cxt 0] Parser 'parser' entering state 'start'
[19:40:58.820] [bmv2] [D] [thread 122512] [24.0] [cxt 0] Extracting header 'ethernet'
[19:40:58.820] [bmv2] [D] [thread 122512] [24.0] [cxt 0] Parser state 'start': key is 86dd
[19:40:58.820] [bmv2] [T] [thread 122512] [24.0] [cxt 0] Bytes parsed: 14
[19:40:58.820] [bmv2] [D] [thread 122512] [24.0] [cxt 0] Parser 'parser': end
[19:40:58.820] [bmv2] [D] [thread 122512] [24.0] [cxt 0] Pipeline 'ingress': start
[19:40:58.820] [bmv2] [T] [thread 122512] [24.0] [cxt 0] basic_tunnel.p4(152) Condition "hdr.ipv4.isValid() && !hdr.myTunnel.isValid()" (node_2) is false
[19:40:58.820] [bmv2] [T] [thread 122512] [24.0] [cxt 0] basic_tunnel.p4(155) Condition "hdr.myTunnel.isValid()" (node_4) is false
[19:40:58.820] [bmv2] [D] [thread 122512] [24.0] [cxt 0] Pipeline 'ingress': end
[19:40:58.820] [bmv2] [D] [thread 122512] [24.0] [cxt 0] Egress port is 0
[19:40:58.823] [bmv2] [D] [thread 122513] [24.0] [cxt 0] Pipeline 'egress': start
[19:40:58.823] [bmv2] [D] [thread 122513] [24.0] [cxt 0] Pipeline 'egress': end
[19:40:58.823] [bmv2] [D] [thread 122513] [24.0] [cxt 0] Deparser 'deparser': start
[19:40:58.823] [bmv2] [T] [thread 122513] [24.0] [cxt 0] Skipping checksum 'cksum' update because condition not met
[19:40:58.823] [bmv2] [D] [thread 122513] [24.0] [cxt 0] Deparsing header 'ethernet'
[19:40:58.823] [bmv2] [D] [thread 122513] [24.0] [cxt 0] Deparser 'deparser': end
[19:40:58.825] [bmv2] [D] [thread 122517] [24.0] [cxt 0] Transmitting packet of size 196 out of port 0
[19:40:58.825] [bmv2] [D] [thread 122512] [25.0] [cxt 0] Processing packet received on port 3
[19:40:58.825] [bmv2] [D] [thread 122512] [25.0] [cxt 0] Parser 'parser': start
[19:40:58.825] [bmv2] [D] [thread 122512] [25.0] [cxt 0] Parser 'parser' entering state 'start'
[19:40:58.826] [bmv2] [D] [thread 122512] [25.0] [cxt 0] Extracting header 'ethernet'
[19:40:58.826] [bmv2] [D] [thread 122512] [25.0] [cxt 0] Parser state 'start': key is 86dd
[19:40:58.826] [bmv2] [T] [thread 122512] [25.0] [cxt 0] Bytes parsed: 14
[19:40:58.826] [bmv2] [D] [thread 122512] [25.0] [cxt 0] Parser 'parser': end
[19:40:58.826] [bmv2] [D] [thread 122512] [25.0] [cxt 0] Pipeline 'ingress': start
[19:40:58.826] [bmv2] [T] [thread 122512] [25.0] [cxt 0] basic_tunnel.p4(152) Condition "hdr.ipv4.isValid() && !hdr.myTunnel.isValid()" (node_2) is false
[19:40:58.826] [bmv2] [T] [thread 122512] [25.0] [cxt 0] basic_tunnel.p4(155) Condition "hdr.myTunnel.isValid()" (node_4) is false
[19:40:58.826] [bmv2] [D] [thread 122512] [25.0] [cxt 0] Pipeline 'ingress': end
[19:40:58.826] [bmv2] [D] [thread 122512] [25.0] [cxt 0] Egress port is 0
[19:40:58.828] [bmv2] [D] [thread 122513] [25.0] [cxt 0] Pipeline 'egress': start
[19:40:58.828] [bmv2] [D] [thread 122513] [25.0] [cxt 0] Pipeline 'egress': end
[19:40:58.828] [bmv2] [D] [thread 122513] [25.0] [cxt 0] Deparser 'deparser': start
[19:40:58.828] [bmv2] [T] [thread 122513] [25.0] [cxt 0] Skipping checksum 'cksum' update because condition not met
[19:40:58.828] [bmv2] [D] [thread 122513] [25.0] [cxt 0] Deparsing header 'ethernet'
[19:40:58.828] [bmv2] [D] [thread 122513] [25.0] [cxt 0] Deparser 'deparser': end
[19:40:58.828] [bmv2] [D] [thread 122517] [25.0] [cxt 0] Transmitting packet of size 110 out of port 0
[19:40:58.954] [bmv2] [D] [thread 122512] [26.0] [cxt 0] Processing packet received on port 1
[19:40:58.954] [bmv2] [D] [thread 122512] [26.0] [cxt 0] Parser 'parser': start
[19:40:58.954] [bmv2] [D] [thread 122512] [26.0] [cxt 0] Parser 'parser' entering state 'start'
[19:40:58.954] [bmv2] [D] [thread 122512] [26.0] [cxt 0] Extracting header 'ethernet'
[19:40:58.954] [bmv2] [D] [thread 122512] [26.0] [cxt 0] Parser state 'start': key is 86dd
[19:40:58.954] [bmv2] [T] [thread 122512] [26.0] [cxt 0] Bytes parsed: 14
[19:40:58.954] [bmv2] [D] [thread 122512] [26.0] [cxt 0] Parser 'parser': end
[19:40:58.954] [bmv2] [D] [thread 122512] [26.0] [cxt 0] Pipeline 'ingress': start
[19:40:58.954] [bmv2] [T] [thread 122512] [26.0] [cxt 0] basic_tunnel.p4(152) Condition "hdr.ipv4.isValid() && !hdr.myTunnel.isValid()" (node_2) is false
[19:40:58.954] [bmv2] [T] [thread 122512] [26.0] [cxt 0] basic_tunnel.p4(155) Condition "hdr.myTunnel.isValid()" (node_4) is false
[19:40:58.954] [bmv2] [D] [thread 122512] [26.0] [cxt 0] Pipeline 'ingress': end
[19:40:58.954] [bmv2] [D] [thread 122512] [26.0] [cxt 0] Egress port is 0
[19:40:58.956] [bmv2] [D] [thread 122513] [26.0] [cxt 0] Pipeline 'egress': start
[19:40:58.956] [bmv2] [D] [thread 122513] [26.0] [cxt 0] Pipeline 'egress': end
[19:40:58.956] [bmv2] [D] [thread 122513] [26.0] [cxt 0] Deparser 'deparser': start
[19:40:58.956] [bmv2] [T] [thread 122513] [26.0] [cxt 0] Skipping checksum 'cksum' update because condition not met
[19:40:58.956] [bmv2] [D] [thread 122513] [26.0] [cxt 0] Deparsing header 'ethernet'
[19:40:58.956] [bmv2] [D] [thread 122513] [26.0] [cxt 0] Deparser 'deparser': end
[19:40:58.956] [bmv2] [D] [thread 122517] [26.0] [cxt 0] Transmitting packet of size 196 out of port 0
[19:40:59.148] [bmv2] [D] [thread 122512] [27.0] [cxt 0] Processing packet received on port 3
[19:40:59.148] [bmv2] [D] [thread 122512] [27.0] [cxt 0] Parser 'parser': start
[19:40:59.148] [bmv2] [D] [thread 122512] [27.0] [cxt 0] Parser 'parser' entering state 'start'
[19:40:59.148] [bmv2] [D] [thread 122512] [27.0] [cxt 0] Extracting header 'ethernet'
[19:40:59.148] [bmv2] [D] [thread 122512] [27.0] [cxt 0] Parser state 'start': key is 86dd
[19:40:59.148] [bmv2] [T] [thread 122512] [27.0] [cxt 0] Bytes parsed: 14
[19:40:59.148] [bmv2] [D] [thread 122512] [27.0] [cxt 0] Parser 'parser': end
[19:40:59.148] [bmv2] [D] [thread 122512] [27.0] [cxt 0] Pipeline 'ingress': start
[19:40:59.148] [bmv2] [T] [thread 122512] [27.0] [cxt 0] basic_tunnel.p4(152) Condition "hdr.ipv4.isValid() && !hdr.myTunnel.isValid()" (node_2) is false
[19:40:59.148] [bmv2] [T] [thread 122512] [27.0] [cxt 0] basic_tunnel.p4(155) Condition "hdr.myTunnel.isValid()" (node_4) is false
[19:40:59.148] [bmv2] [D] [thread 122512] [27.0] [cxt 0] Pipeline 'ingress': end
[19:40:59.148] [bmv2] [D] [thread 122512] [27.0] [cxt 0] Egress port is 0
[19:40:59.148] [bmv2] [D] [thread 122513] [27.0] [cxt 0] Pipeline 'egress': start
[19:40:59.148] [bmv2] [D] [thread 122513] [27.0] [cxt 0] Pipeline 'egress': end
[19:40:59.149] [bmv2] [D] [thread 122513] [27.0] [cxt 0] Deparser 'deparser': start
[19:40:59.149] [bmv2] [T] [thread 122513] [27.0] [cxt 0] Skipping checksum 'cksum' update because condition not met
[19:40:59.149] [bmv2] [D] [thread 122513] [27.0] [cxt 0] Deparsing header 'ethernet'
[19:40:59.149] [bmv2] [D] [thread 122513] [27.0] [cxt 0] Deparser 'deparser': end
[19:40:59.151] [bmv2] [D] [thread 122517] [27.0] [cxt 0] Transmitting packet of size 196 out of port 0
[19:40:59.159] [bmv2] [W] [thread 122554] [P4Runtime] p4::tmp::P4DeviceConfig is deprecated
[19:40:59.161] [bmv2] [D] [thread 122554] Set default default entry for table 'MyIngress.ipv4_lpm': MyIngress.drop - 
[19:40:59.161] [bmv2] [D] [thread 122554] Set default default entry for table 'MyIngress.myTunnel_exact': MyIngress.drop - 
[19:40:59.169] [bmv2] [D] [thread 122554] simple_switch target has been notified of a config swap
[19:40:59.176] [bmv2] [D] [thread 122512] [28.0] [cxt 0] Processing packet received on port 2
[19:40:59.176] [bmv2] [D] [thread 122512] [28.0] [cxt 0] Parser 'parser': start
[19:40:59.176] [bmv2] [D] [thread 122512] [28.0] [cxt 0] Parser 'parser' entering state 'start'
[19:40:59.176] [bmv2] [D] [thread 122512] [28.0] [cxt 0] Extracting header 'ethernet'
[19:40:59.176] [bmv2] [D] [thread 122512] [28.0] [cxt 0] Parser state 'start': key is 86dd
[19:40:59.176] [bmv2] [T] [thread 122512] [28.0] [cxt 0] Bytes parsed: 14
[19:40:59.176] [bmv2] [D] [thread 122512] [28.0] [cxt 0] Parser 'parser': end
[19:40:59.176] [bmv2] [D] [thread 122512] [28.0] [cxt 0] Pipeline 'ingress': start
[19:40:59.176] [bmv2] [T] [thread 122512] [28.0] [cxt 0] basic_tunnel.p4(152) Condition "hdr.ipv4.isValid() && !hdr.myTunnel.isValid()" (node_2) is false
[19:40:59.176] [bmv2] [T] [thread 122512] [28.0] [cxt 0] basic_tunnel.p4(155) Condition "hdr.myTunnel.isValid()" (node_4) is false
[19:40:59.176] [bmv2] [D] [thread 122512] [28.0] [cxt 0] Pipeline 'ingress': end
[19:40:59.176] [bmv2] [D] [thread 122512] [28.0] [cxt 0] Egress port is 0
[19:40:59.176] [bmv2] [D] [thread 122513] [28.0] [cxt 0] Pipeline 'egress': start
[19:40:59.177] [bmv2] [D] [thread 122513] [28.0] [cxt 0] Pipeline 'egress': end
[19:40:59.177] [bmv2] [D] [thread 122513] [28.0] [cxt 0] Deparser 'deparser': start
[19:40:59.177] [bmv2] [T] [thread 122513] [28.0] [cxt 0] Skipping checksum 'cksum' update because condition not met
[19:40:59.177] [bmv2] [D] [thread 122513] [28.0] [cxt 0] Deparsing header 'ethernet'
[19:40:59.177] [bmv2] [D] [thread 122513] [28.0] [cxt 0] Deparser 'deparser': end
[19:40:59.177] [bmv2] [D] [thread 122517] [28.0] [cxt 0] Transmitting packet of size 196 out of port 0
[19:40:59.181] [bmv2] [D] [thread 122555] Entry 0 added to table 'MyIngress.ipv4_lpm'
[19:40:59.182] [bmv2] [D] [thread 122555] Dumping entry 0
Match key:
* hdr.ipv4.dstAddr    : LPM       0a000101/32
Action entry: MyIngress.ipv4_forward - 80000000100,2,

[19:40:59.186] [bmv2] [D] [thread 122554] Entry 1 added to table 'MyIngress.ipv4_lpm'
[19:40:59.186] [bmv2] [D] [thread 122554] Dumping entry 1
Match key:
* hdr.ipv4.dstAddr    : LPM       0a000202/32
Action entry: MyIngress.ipv4_forward - 80000000200,3,

[19:40:59.189] [bmv2] [D] [thread 122555] Entry 2 added to table 'MyIngress.ipv4_lpm'
[19:40:59.189] [bmv2] [D] [thread 122555] Dumping entry 2
Match key:
* hdr.ipv4.dstAddr    : LPM       0a000303/32
Action entry: MyIngress.ipv4_forward - 80000000333,1,

[19:40:59.195] [bmv2] [D] [thread 122554] Entry 0 added to table 'MyIngress.myTunnel_exact'
[19:40:59.195] [bmv2] [D] [thread 122554] Dumping entry 0
Match key:
* hdr.myTunnel.dst_id : EXACT     0001
Action entry: MyIngress.myTunnel_forward - 2,

[19:40:59.199] [bmv2] [D] [thread 122555] Entry 1 added to table 'MyIngress.myTunnel_exact'
[19:40:59.199] [bmv2] [D] [thread 122555] Dumping entry 1
Match key:
* hdr.myTunnel.dst_id : EXACT     0002
Action entry: MyIngress.myTunnel_forward - 3,

[19:40:59.202] [bmv2] [D] [thread 122554] Entry 2 added to table 'MyIngress.myTunnel_exact'
[19:40:59.203] [bmv2] [D] [thread 122554] Dumping entry 2
Match key:
* hdr.myTunnel.dst_id : EXACT     0003
Action entry: MyIngress.myTunnel_forward - 1,

[19:40:59.399] [bmv2] [D] [thread 122512] [29.0] [cxt 0] Processing packet received on port 2
[19:40:59.399] [bmv2] [D] [thread 122512] [29.0] [cxt 0] Parser 'parser': start
[19:40:59.399] [bmv2] [D] [thread 122512] [29.0] [cxt 0] Parser 'parser' entering state 'start'
[19:40:59.399] [bmv2] [D] [thread 122512] [29.0] [cxt 0] Extracting header 'ethernet'
[19:40:59.399] [bmv2] [D] [thread 122512] [29.0] [cxt 0] Parser state 'start': key is 86dd
[19:40:59.399] [bmv2] [T] [thread 122512] [29.0] [cxt 0] Bytes parsed: 14
[19:40:59.399] [bmv2] [D] [thread 122512] [29.0] [cxt 0] Parser 'parser': end
[19:40:59.399] [bmv2] [D] [thread 122512] [29.0] [cxt 0] Pipeline 'ingress': start
[19:40:59.399] [bmv2] [T] [thread 122512] [29.0] [cxt 0] basic_tunnel.p4(152) Condition "hdr.ipv4.isValid() && !hdr.myTunnel.isValid()" (node_2) is false
[19:40:59.399] [bmv2] [T] [thread 122512] [29.0] [cxt 0] basic_tunnel.p4(155) Condition "hdr.myTunnel.isValid()" (node_4) is false
[19:40:59.399] [bmv2] [D] [thread 122512] [29.0] [cxt 0] Pipeline 'ingress': end
[19:40:59.399] [bmv2] [D] [thread 122512] [29.0] [cxt 0] Egress port is 0
[19:40:59.400] [bmv2] [D] [thread 122513] [29.0] [cxt 0] Pipeline 'egress': start
[19:40:59.400] [bmv2] [D] [thread 122513] [29.0] [cxt 0] Pipeline 'egress': end
[19:40:59.400] [bmv2] [D] [thread 122513] [29.0] [cxt 0] Deparser 'deparser': start
[19:40:59.400] [bmv2] [T] [thread 122513] [29.0] [cxt 0] Skipping checksum 'cksum' update because condition not met
[19:40:59.400] [bmv2] [D] [thread 122513] [29.0] [cxt 0] Deparsing header 'ethernet'
[19:40:59.400] [bmv2] [D] [thread 122513] [29.0] [cxt 0] Deparser 'deparser': end
[19:40:59.400] [bmv2] [D] [thread 122517] [29.0] [cxt 0] Transmitting packet of size 196 out of port 0
[19:40:59.887] [bmv2] [D] [thread 122512] [30.0] [cxt 0] Processing packet received on port 3
[19:40:59.887] [bmv2] [D] [thread 122512] [30.0] [cxt 0] Parser 'parser': start
[19:40:59.887] [bmv2] [D] [thread 122512] [30.0] [cxt 0] Parser 'parser' entering state 'start'
[19:40:59.887] [bmv2] [D] [thread 122512] [30.0] [cxt 0] Extracting header 'ethernet'
[19:40:59.887] [bmv2] [D] [thread 122512] [30.0] [cxt 0] Parser state 'start': key is 86dd
[19:40:59.887] [bmv2] [T] [thread 122512] [30.0] [cxt 0] Bytes parsed: 14
[19:40:59.887] [bmv2] [D] [thread 122512] [30.0] [cxt 0] Parser 'parser': end
[19:40:59.887] [bmv2] [D] [thread 122512] [30.0] [cxt 0] Pipeline 'ingress': start
[19:40:59.888] [bmv2] [T] [thread 122512] [30.0] [cxt 0] basic_tunnel.p4(152) Condition "hdr.ipv4.isValid() && !hdr.myTunnel.isValid()" (node_2) is false
[19:40:59.888] [bmv2] [T] [thread 122512] [30.0] [cxt 0] basic_tunnel.p4(155) Condition "hdr.myTunnel.isValid()" (node_4) is false
[19:40:59.888] [bmv2] [D] [thread 122512] [30.0] [cxt 0] Pipeline 'ingress': end
[19:40:59.888] [bmv2] [D] [thread 122512] [30.0] [cxt 0] Egress port is 0
[19:40:59.891] [bmv2] [D] [thread 122513] [30.0] [cxt 0] Pipeline 'egress': start
[19:40:59.891] [bmv2] [D] [thread 122513] [30.0] [cxt 0] Pipeline 'egress': end
[19:40:59.891] [bmv2] [D] [thread 122513] [30.0] [cxt 0] Deparser 'deparser': start
[19:40:59.891] [bmv2] [T] [thread 122513] [30.0] [cxt 0] Skipping checksum 'cksum' update because condition not met
[19:40:59.891] [bmv2] [D] [thread 122513] [30.0] [cxt 0] Deparsing header 'ethernet'
[19:40:59.891] [bmv2] [D] [thread 122513] [30.0] [cxt 0] Deparser 'deparser': end
[19:40:59.891] [bmv2] [D] [thread 122517] [30.0] [cxt 0] Transmitting packet of size 196 out of port 0
[19:41:01.022] [bmv2] [D] [thread 122512] [31.0] [cxt 0] Processing packet received on port 1
[19:41:01.022] [bmv2] [D] [thread 122512] [31.0] [cxt 0] Parser 'parser': start
[19:41:01.022] [bmv2] [D] [thread 122512] [31.0] [cxt 0] Parser 'parser' entering state 'start'
[19:41:01.022] [bmv2] [D] [thread 122512] [31.0] [cxt 0] Extracting header 'ethernet'
[19:41:01.022] [bmv2] [D] [thread 122512] [31.0] [cxt 0] Parser state 'start': key is 86dd
[19:41:01.022] [bmv2] [T] [thread 122512] [31.0] [cxt 0] Bytes parsed: 14
[19:41:01.022] [bmv2] [D] [thread 122512] [31.0] [cxt 0] Parser 'parser': end
[19:41:01.022] [bmv2] [D] [thread 122512] [31.0] [cxt 0] Pipeline 'ingress': start
[19:41:01.022] [bmv2] [T] [thread 122512] [31.0] [cxt 0] basic_tunnel.p4(152) Condition "hdr.ipv4.isValid() && !hdr.myTunnel.isValid()" (node_2) is false
[19:41:01.022] [bmv2] [T] [thread 122512] [31.0] [cxt 0] basic_tunnel.p4(155) Condition "hdr.myTunnel.isValid()" (node_4) is false
[19:41:01.022] [bmv2] [D] [thread 122512] [31.0] [cxt 0] Pipeline 'ingress': end
[19:41:01.022] [bmv2] [D] [thread 122512] [31.0] [cxt 0] Egress port is 0
[19:41:01.023] [bmv2] [D] [thread 122513] [31.0] [cxt 0] Pipeline 'egress': start
[19:41:01.023] [bmv2] [D] [thread 122513] [31.0] [cxt 0] Pipeline 'egress': end
[19:41:01.023] [bmv2] [D] [thread 122513] [31.0] [cxt 0] Deparser 'deparser': start
[19:41:01.023] [bmv2] [T] [thread 122513] [31.0] [cxt 0] Skipping checksum 'cksum' update because condition not met
[19:41:01.023] [bmv2] [D] [thread 122513] [31.0] [cxt 0] Deparsing header 'ethernet'
[19:41:01.023] [bmv2] [D] [thread 122513] [31.0] [cxt 0] Deparser 'deparser': end
[19:41:01.023] [bmv2] [D] [thread 122517] [31.0] [cxt 0] Transmitting packet of size 196 out of port 0
[19:41:01.220] [bmv2] [D] [thread 122512] [32.0] [cxt 0] Processing packet received on port 3
[19:41:01.220] [bmv2] [D] [thread 122512] [32.0] [cxt 0] Parser 'parser': start
[19:41:01.220] [bmv2] [D] [thread 122512] [32.0] [cxt 0] Parser 'parser' entering state 'start'
[19:41:01.220] [bmv2] [D] [thread 122512] [32.0] [cxt 0] Extracting header 'ethernet'
[19:41:01.220] [bmv2] [D] [thread 122512] [32.0] [cxt 0] Parser state 'start': key is 86dd
[19:41:01.220] [bmv2] [T] [thread 122512] [32.0] [cxt 0] Bytes parsed: 14
[19:41:01.220] [bmv2] [D] [thread 122512] [32.0] [cxt 0] Parser 'parser': end
[19:41:01.220] [bmv2] [D] [thread 122512] [32.0] [cxt 0] Pipeline 'ingress': start
[19:41:01.220] [bmv2] [T] [thread 122512] [32.0] [cxt 0] basic_tunnel.p4(152) Condition "hdr.ipv4.isValid() && !hdr.myTunnel.isValid()" (node_2) is false
[19:41:01.220] [bmv2] [T] [thread 122512] [32.0] [cxt 0] basic_tunnel.p4(155) Condition "hdr.myTunnel.isValid()" (node_4) is false
[19:41:01.220] [bmv2] [D] [thread 122512] [32.0] [cxt 0] Pipeline 'ingress': end
[19:41:01.220] [bmv2] [D] [thread 122512] [32.0] [cxt 0] Egress port is 0
[19:41:01.221] [bmv2] [D] [thread 122513] [32.0] [cxt 0] Pipeline 'egress': start
[19:41:01.221] [bmv2] [D] [thread 122513] [32.0] [cxt 0] Pipeline 'egress': end
[19:41:01.221] [bmv2] [D] [thread 122513] [32.0] [cxt 0] Deparser 'deparser': start
[19:41:01.221] [bmv2] [T] [thread 122513] [32.0] [cxt 0] Skipping checksum 'cksum' update because condition not met
[19:41:01.221] [bmv2] [D] [thread 122513] [32.0] [cxt 0] Deparsing header 'ethernet'
[19:41:01.221] [bmv2] [D] [thread 122513] [32.0] [cxt 0] Deparser 'deparser': end
[19:41:01.221] [bmv2] [D] [thread 122517] [32.0] [cxt 0] Transmitting packet of size 196 out of port 0
[19:41:01.252] [bmv2] [D] [thread 122512] [33.0] [cxt 0] Processing packet received on port 2
[19:41:01.252] [bmv2] [D] [thread 122512] [33.0] [cxt 0] Parser 'parser': start
[19:41:01.252] [bmv2] [D] [thread 122512] [33.0] [cxt 0] Parser 'parser' entering state 'start'
[19:41:01.252] [bmv2] [D] [thread 122512] [33.0] [cxt 0] Extracting header 'ethernet'
[19:41:01.252] [bmv2] [D] [thread 122512] [33.0] [cxt 0] Parser state 'start': key is 86dd
[19:41:01.252] [bmv2] [T] [thread 122512] [33.0] [cxt 0] Bytes parsed: 14
[19:41:01.252] [bmv2] [D] [thread 122512] [33.0] [cxt 0] Parser 'parser': end
[19:41:01.252] [bmv2] [D] [thread 122512] [33.0] [cxt 0] Pipeline 'ingress': start
[19:41:01.252] [bmv2] [T] [thread 122512] [33.0] [cxt 0] basic_tunnel.p4(152) Condition "hdr.ipv4.isValid() && !hdr.myTunnel.isValid()" (node_2) is false
[19:41:01.252] [bmv2] [T] [thread 122512] [33.0] [cxt 0] basic_tunnel.p4(155) Condition "hdr.myTunnel.isValid()" (node_4) is false
[19:41:01.252] [bmv2] [D] [thread 122512] [33.0] [cxt 0] Pipeline 'ingress': end
[19:41:01.252] [bmv2] [D] [thread 122512] [33.0] [cxt 0] Egress port is 0
[19:41:01.252] [bmv2] [D] [thread 122513] [33.0] [cxt 0] Pipeline 'egress': start
[19:41:01.252] [bmv2] [D] [thread 122513] [33.0] [cxt 0] Pipeline 'egress': end
[19:41:01.252] [bmv2] [D] [thread 122513] [33.0] [cxt 0] Deparser 'deparser': start
[19:41:01.252] [bmv2] [T] [thread 122513] [33.0] [cxt 0] Skipping checksum 'cksum' update because condition not met
[19:41:01.252] [bmv2] [D] [thread 122513] [33.0] [cxt 0] Deparsing header 'ethernet'
[19:41:01.252] [bmv2] [D] [thread 122513] [33.0] [cxt 0] Deparser 'deparser': end
[19:41:01.252] [bmv2] [D] [thread 122517] [33.0] [cxt 0] Transmitting packet of size 196 out of port 0
[19:41:01.411] [bmv2] [D] [thread 122512] [34.0] [cxt 0] Processing packet received on port 1
[19:41:01.411] [bmv2] [D] [thread 122512] [34.0] [cxt 0] Parser 'parser': start
[19:41:01.411] [bmv2] [D] [thread 122512] [34.0] [cxt 0] Parser 'parser' entering state 'start'
[19:41:01.411] [bmv2] [D] [thread 122512] [34.0] [cxt 0] Extracting header 'ethernet'
[19:41:01.411] [bmv2] [D] [thread 122512] [34.0] [cxt 0] Parser state 'start': key is 86dd
[19:41:01.411] [bmv2] [T] [thread 122512] [34.0] [cxt 0] Bytes parsed: 14
[19:41:01.411] [bmv2] [D] [thread 122512] [34.0] [cxt 0] Parser 'parser': end
[19:41:01.411] [bmv2] [D] [thread 122512] [34.0] [cxt 0] Pipeline 'ingress': start
[19:41:01.411] [bmv2] [T] [thread 122512] [34.0] [cxt 0] basic_tunnel.p4(152) Condition "hdr.ipv4.isValid() && !hdr.myTunnel.isValid()" (node_2) is false
[19:41:01.411] [bmv2] [T] [thread 122512] [34.0] [cxt 0] basic_tunnel.p4(155) Condition "hdr.myTunnel.isValid()" (node_4) is false
[19:41:01.411] [bmv2] [D] [thread 122512] [34.0] [cxt 0] Pipeline 'ingress': end
[19:41:01.411] [bmv2] [D] [thread 122512] [34.0] [cxt 0] Egress port is 0
[19:41:01.411] [bmv2] [D] [thread 122512] [35.0] [cxt 0] Processing packet received on port 2
[19:41:01.411] [bmv2] [D] [thread 122512] [35.0] [cxt 0] Parser 'parser': start
[19:41:01.411] [bmv2] [D] [thread 122512] [35.0] [cxt 0] Parser 'parser' entering state 'start'
[19:41:01.411] [bmv2] [D] [thread 122512] [35.0] [cxt 0] Extracting header 'ethernet'
[19:41:01.411] [bmv2] [D] [thread 122512] [35.0] [cxt 0] Parser state 'start': key is 86dd
[19:41:01.411] [bmv2] [T] [thread 122512] [35.0] [cxt 0] Bytes parsed: 14
[19:41:01.411] [bmv2] [D] [thread 122512] [35.0] [cxt 0] Parser 'parser': end
[19:41:01.411] [bmv2] [D] [thread 122512] [35.0] [cxt 0] Pipeline 'ingress': start
[19:41:01.411] [bmv2] [T] [thread 122512] [35.0] [cxt 0] basic_tunnel.p4(152) Condition "hdr.ipv4.isValid() && !hdr.myTunnel.isValid()" (node_2) is false
[19:41:01.411] [bmv2] [T] [thread 122512] [35.0] [cxt 0] basic_tunnel.p4(155) Condition "hdr.myTunnel.isValid()" (node_4) is false
[19:41:01.411] [bmv2] [D] [thread 122512] [35.0] [cxt 0] Pipeline 'ingress': end
[19:41:01.411] [bmv2] [D] [thread 122512] [35.0] [cxt 0] Egress port is 0
[19:41:01.411] [bmv2] [D] [thread 122512] [36.0] [cxt 0] Processing packet received on port 3
[19:41:01.411] [bmv2] [D] [thread 122512] [36.0] [cxt 0] Parser 'parser': start
[19:41:01.411] [bmv2] [D] [thread 122512] [36.0] [cxt 0] Parser 'parser' entering state 'start'
[19:41:01.411] [bmv2] [D] [thread 122512] [36.0] [cxt 0] Extracting header 'ethernet'
[19:41:01.411] [bmv2] [D] [thread 122512] [36.0] [cxt 0] Parser state 'start': key is 86dd
[19:41:01.411] [bmv2] [T] [thread 122512] [36.0] [cxt 0] Bytes parsed: 14
[19:41:01.411] [bmv2] [D] [thread 122512] [36.0] [cxt 0] Parser 'parser': end
[19:41:01.411] [bmv2] [D] [thread 122512] [36.0] [cxt 0] Pipeline 'ingress': start
[19:41:01.411] [bmv2] [T] [thread 122512] [36.0] [cxt 0] basic_tunnel.p4(152) Condition "hdr.ipv4.isValid() && !hdr.myTunnel.isValid()" (node_2) is false
[19:41:01.411] [bmv2] [T] [thread 122512] [36.0] [cxt 0] basic_tunnel.p4(155) Condition "hdr.myTunnel.isValid()" (node_4) is false
[19:41:01.411] [bmv2] [D] [thread 122512] [36.0] [cxt 0] Pipeline 'ingress': end
[19:41:01.411] [bmv2] [D] [thread 122512] [36.0] [cxt 0] Egress port is 0
[19:41:01.412] [bmv2] [D] [thread 122513] [34.0] [cxt 0] Pipeline 'egress': start
[19:41:01.412] [bmv2] [D] [thread 122513] [34.0] [cxt 0] Pipeline 'egress': end
[19:41:01.412] [bmv2] [D] [thread 122513] [34.0] [cxt 0] Deparser 'deparser': start
[19:41:01.412] [bmv2] [T] [thread 122513] [34.0] [cxt 0] Skipping checksum 'cksum' update because condition not met
[19:41:01.412] [bmv2] [D] [thread 122513] [34.0] [cxt 0] Deparsing header 'ethernet'
[19:41:01.412] [bmv2] [D] [thread 122513] [34.0] [cxt 0] Deparser 'deparser': end
[19:41:01.412] [bmv2] [D] [thread 122513] [35.0] [cxt 0] Pipeline 'egress': start
[19:41:01.412] [bmv2] [D] [thread 122513] [35.0] [cxt 0] Pipeline 'egress': end
[19:41:01.412] [bmv2] [D] [thread 122513] [35.0] [cxt 0] Deparser 'deparser': start
[19:41:01.412] [bmv2] [T] [thread 122513] [35.0] [cxt 0] Skipping checksum 'cksum' update because condition not met
[19:41:01.412] [bmv2] [D] [thread 122513] [35.0] [cxt 0] Deparsing header 'ethernet'
[19:41:01.412] [bmv2] [D] [thread 122513] [35.0] [cxt 0] Deparser 'deparser': end
[19:41:01.412] [bmv2] [D] [thread 122513] [36.0] [cxt 0] Pipeline 'egress': start
[19:41:01.412] [bmv2] [D] [thread 122513] [36.0] [cxt 0] Pipeline 'egress': end
[19:41:01.412] [bmv2] [D] [thread 122513] [36.0] [cxt 0] Deparser 'deparser': start
[19:41:01.412] [bmv2] [T] [thread 122513] [36.0] [cxt 0] Skipping checksum 'cksum' update because condition not met
[19:41:01.412] [bmv2] [D] [thread 122513] [36.0] [cxt 0] Deparsing header 'ethernet'
[19:41:01.412] [bmv2] [D] [thread 122513] [36.0] [cxt 0] Deparser 'deparser': end
[19:41:01.412] [bmv2] [D] [thread 122517] [34.0] [cxt 0] Transmitting packet of size 70 out of port 0
[19:41:01.412] [bmv2] [D] [thread 122517] [35.0] [cxt 0] Transmitting packet of size 70 out of port 0
[19:41:01.412] [bmv2] [D] [thread 122517] [36.0] [cxt 0] Transmitting packet of size 70 out of port 0
[19:41:01.470] [bmv2] [D] [thread 122512] [37.0] [cxt 0] Processing packet received on port 2
[19:41:01.470] [bmv2] [D] [thread 122512] [37.0] [cxt 0] Parser 'parser': start
[19:41:01.470] [bmv2] [D] [thread 122512] [37.0] [cxt 0] Parser 'parser' entering state 'start'
[19:41:01.470] [bmv2] [D] [thread 122512] [37.0] [cxt 0] Extracting header 'ethernet'
[19:41:01.470] [bmv2] [D] [thread 122512] [37.0] [cxt 0] Parser state 'start': key is 86dd
[19:41:01.470] [bmv2] [T] [thread 122512] [37.0] [cxt 0] Bytes parsed: 14
[19:41:01.470] [bmv2] [D] [thread 122512] [37.0] [cxt 0] Parser 'parser': end
[19:41:01.470] [bmv2] [D] [thread 122512] [37.0] [cxt 0] Pipeline 'ingress': start
[19:41:01.470] [bmv2] [T] [thread 122512] [37.0] [cxt 0] basic_tunnel.p4(152) Condition "hdr.ipv4.isValid() && !hdr.myTunnel.isValid()" (node_2) is false
[19:41:01.470] [bmv2] [T] [thread 122512] [37.0] [cxt 0] basic_tunnel.p4(155) Condition "hdr.myTunnel.isValid()" (node_4) is false
[19:41:01.470] [bmv2] [D] [thread 122512] [37.0] [cxt 0] Pipeline 'ingress': end
[19:41:01.470] [bmv2] [D] [thread 122512] [37.0] [cxt 0] Egress port is 0
[19:41:01.471] [bmv2] [D] [thread 122513] [37.0] [cxt 0] Pipeline 'egress': start
[19:41:01.471] [bmv2] [D] [thread 122513] [37.0] [cxt 0] Pipeline 'egress': end
[19:41:01.471] [bmv2] [D] [thread 122513] [37.0] [cxt 0] Deparser 'deparser': start
[19:41:01.471] [bmv2] [T] [thread 122513] [37.0] [cxt 0] Skipping checksum 'cksum' update because condition not met
[19:41:01.471] [bmv2] [D] [thread 122513] [37.0] [cxt 0] Deparsing header 'ethernet'
[19:41:01.471] [bmv2] [D] [thread 122513] [37.0] [cxt 0] Deparser 'deparser': end
[19:41:01.471] [bmv2] [D] [thread 122517] [37.0] [cxt 0] Transmitting packet of size 196 out of port 0
[19:41:01.671] [bmv2] [D] [thread 122512] [38.0] [cxt 0] Processing packet received on port 2
[19:41:01.671] [bmv2] [D] [thread 122512] [38.0] [cxt 0] Parser 'parser': start
[19:41:01.671] [bmv2] [D] [thread 122512] [38.0] [cxt 0] Parser 'parser' entering state 'start'
[19:41:01.671] [bmv2] [D] [thread 122512] [38.0] [cxt 0] Extracting header 'ethernet'
[19:41:01.671] [bmv2] [D] [thread 122512] [38.0] [cxt 0] Parser state 'start': key is 86dd
[19:41:01.671] [bmv2] [T] [thread 122512] [38.0] [cxt 0] Bytes parsed: 14
[19:41:01.671] [bmv2] [D] [thread 122512] [38.0] [cxt 0] Parser 'parser': end
[19:41:01.671] [bmv2] [D] [thread 122512] [38.0] [cxt 0] Pipeline 'ingress': start
[19:41:01.671] [bmv2] [T] [thread 122512] [38.0] [cxt 0] basic_tunnel.p4(152) Condition "hdr.ipv4.isValid() && !hdr.myTunnel.isValid()" (node_2) is false
[19:41:01.671] [bmv2] [T] [thread 122512] [38.0] [cxt 0] basic_tunnel.p4(155) Condition "hdr.myTunnel.isValid()" (node_4) is false
[19:41:01.671] [bmv2] [D] [thread 122512] [38.0] [cxt 0] Pipeline 'ingress': end
[19:41:01.671] [bmv2] [D] [thread 122512] [38.0] [cxt 0] Egress port is 0
[19:41:01.671] [bmv2] [D] [thread 122513] [38.0] [cxt 0] Pipeline 'egress': start
[19:41:01.671] [bmv2] [D] [thread 122513] [38.0] [cxt 0] Pipeline 'egress': end
[19:41:01.671] [bmv2] [D] [thread 122513] [38.0] [cxt 0] Deparser 'deparser': start
[19:41:01.671] [bmv2] [T] [thread 122513] [38.0] [cxt 0] Skipping checksum 'cksum' update because condition not met
[19:41:01.671] [bmv2] [D] [thread 122513] [38.0] [cxt 0] Deparsing header 'ethernet'
[19:41:01.671] [bmv2] [D] [thread 122513] [38.0] [cxt 0] Deparser 'deparser': end
[19:41:01.671] [bmv2] [D] [thread 122517] [38.0] [cxt 0] Transmitting packet of size 70 out of port 0
[19:41:01.922] [bmv2] [D] [thread 122512] [39.0] [cxt 0] Processing packet received on port 3
[19:41:01.922] [bmv2] [D] [thread 122512] [39.0] [cxt 0] Parser 'parser': start
[19:41:01.922] [bmv2] [D] [thread 122512] [39.0] [cxt 0] Parser 'parser' entering state 'start'
[19:41:01.923] [bmv2] [D] [thread 122512] [39.0] [cxt 0] Extracting header 'ethernet'
[19:41:01.923] [bmv2] [D] [thread 122512] [39.0] [cxt 0] Parser state 'start': key is 86dd
[19:41:01.923] [bmv2] [T] [thread 122512] [39.0] [cxt 0] Bytes parsed: 14
[19:41:01.923] [bmv2] [D] [thread 122512] [39.0] [cxt 0] Parser 'parser': end
[19:41:01.923] [bmv2] [D] [thread 122512] [39.0] [cxt 0] Pipeline 'ingress': start
[19:41:01.923] [bmv2] [T] [thread 122512] [39.0] [cxt 0] basic_tunnel.p4(152) Condition "hdr.ipv4.isValid() && !hdr.myTunnel.isValid()" (node_2) is false
[19:41:01.923] [bmv2] [T] [thread 122512] [39.0] [cxt 0] basic_tunnel.p4(155) Condition "hdr.myTunnel.isValid()" (node_4) is false
[19:41:01.923] [bmv2] [D] [thread 122512] [39.0] [cxt 0] Pipeline 'ingress': end
[19:41:01.923] [bmv2] [D] [thread 122512] [39.0] [cxt 0] Egress port is 0
[19:41:01.923] [bmv2] [D] [thread 122513] [39.0] [cxt 0] Pipeline 'egress': start
[19:41:01.923] [bmv2] [D] [thread 122513] [39.0] [cxt 0] Pipeline 'egress': end
[19:41:01.923] [bmv2] [D] [thread 122513] [39.0] [cxt 0] Deparser 'deparser': start
[19:41:01.923] [bmv2] [T] [thread 122513] [39.0] [cxt 0] Skipping checksum 'cksum' update because condition not met
[19:41:01.923] [bmv2] [D] [thread 122513] [39.0] [cxt 0] Deparsing header 'ethernet'
[19:41:01.923] [bmv2] [D] [thread 122513] [39.0] [cxt 0] Deparser 'deparser': end
[19:41:01.923] [bmv2] [D] [thread 122517] [39.0] [cxt 0] Transmitting packet of size 70 out of port 0
[19:41:01.955] [bmv2] [D] [thread 122512] [40.0] [cxt 0] Processing packet received on port 3
[19:41:01.955] [bmv2] [D] [thread 122512] [40.0] [cxt 0] Parser 'parser': start
[19:41:01.955] [bmv2] [D] [thread 122512] [40.0] [cxt 0] Parser 'parser' entering state 'start'
[19:41:01.955] [bmv2] [D] [thread 122512] [40.0] [cxt 0] Extracting header 'ethernet'
[19:41:01.955] [bmv2] [D] [thread 122512] [40.0] [cxt 0] Parser state 'start': key is 86dd
[19:41:01.955] [bmv2] [T] [thread 122512] [40.0] [cxt 0] Bytes parsed: 14
[19:41:01.955] [bmv2] [D] [thread 122512] [40.0] [cxt 0] Parser 'parser': end
[19:41:01.955] [bmv2] [D] [thread 122512] [40.0] [cxt 0] Pipeline 'ingress': start
[19:41:01.955] [bmv2] [T] [thread 122512] [40.0] [cxt 0] basic_tunnel.p4(152) Condition "hdr.ipv4.isValid() && !hdr.myTunnel.isValid()" (node_2) is false
[19:41:01.955] [bmv2] [T] [thread 122512] [40.0] [cxt 0] basic_tunnel.p4(155) Condition "hdr.myTunnel.isValid()" (node_4) is false
[19:41:01.955] [bmv2] [D] [thread 122512] [40.0] [cxt 0] Pipeline 'ingress': end
[19:41:01.955] [bmv2] [D] [thread 122512] [40.0] [cxt 0] Egress port is 0
[19:41:01.955] [bmv2] [D] [thread 122513] [40.0] [cxt 0] Pipeline 'egress': start
[19:41:01.955] [bmv2] [D] [thread 122513] [40.0] [cxt 0] Pipeline 'egress': end
[19:41:01.955] [bmv2] [D] [thread 122513] [40.0] [cxt 0] Deparser 'deparser': start
[19:41:01.955] [bmv2] [T] [thread 122513] [40.0] [cxt 0] Skipping checksum 'cksum' update because condition not met
[19:41:01.955] [bmv2] [D] [thread 122513] [40.0] [cxt 0] Deparsing header 'ethernet'
[19:41:01.955] [bmv2] [D] [thread 122513] [40.0] [cxt 0] Deparser 'deparser': end
[19:41:01.955] [bmv2] [D] [thread 122517] [40.0] [cxt 0] Transmitting packet of size 196 out of port 0
