Calling target program-options parser
[13:35:22.520] [bmv2] [D] [thread 4167] Set default default entry for table 'MyIngress.ipv4_lpm': NoAction - 
Adding interface s1-eth1 as port 1
[13:35:22.521] [bmv2] [D] [thread 4167] Adding interface s1-eth1 as port 1
Adding interface s1-eth2 as port 2
[13:35:22.575] [bmv2] [D] [thread 4167] Adding interface s1-eth2 as port 2
Adding interface s1-eth3 as port 3
[13:35:22.626] [bmv2] [D] [thread 4167] Adding interface s1-eth3 as port 3
Adding interface s1-eth4 as port 4
[13:35:22.686] [bmv2] [D] [thread 4167] Adding interface s1-eth4 as port 4
Server listening on 0.0.0.0:50051
[13:35:22.746] [bmv2] [I] [thread 4167] Starting Thrift server on port 9090
[13:35:22.747] [bmv2] [I] [thread 4167] Thrift server was started
[13:35:22.777] [bmv2] [D] [thread 4181] [0.0] [cxt 0] Processing packet received on port 2
[13:35:22.777] [bmv2] [D] [thread 4181] [0.0] [cxt 0] Parser 'parser': start
[13:35:22.777] [bmv2] [D] [thread 4181] [0.0] [cxt 0] Parser 'parser' entering state 'start'
[13:35:22.777] [bmv2] [D] [thread 4181] [0.0] [cxt 0] Extracting header 'ethernet'
[13:35:22.777] [bmv2] [D] [thread 4181] [0.0] [cxt 0] Parser state 'start': key is 86dd
[13:35:22.777] [bmv2] [T] [thread 4181] [0.0] [cxt 0] Bytes parsed: 14
[13:35:22.777] [bmv2] [D] [thread 4181] [0.0] [cxt 0] Parser 'parser': end
[13:35:22.777] [bmv2] [D] [thread 4181] [0.0] [cxt 0] Pipeline 'ingress': start
[13:35:22.777] [bmv2] [T] [thread 4181] [0.0] [cxt 0] basic.p4(115) Condition "        if (hdr.ipv4.isValid()) { /*avaliar a qualidade do header \"hdr\" aqui ainda OG*/" (node_2) is false
[13:35:22.777] [bmv2] [D] [thread 4181] [0.0] [cxt 0] Pipeline 'ingress': end
[13:35:22.777] [bmv2] [D] [thread 4181] [0.0] [cxt 0] Egress port is 0
[13:35:22.777] [bmv2] [D] [thread 4182] [0.0] [cxt 0] Pipeline 'egress': start
[13:35:22.777] [bmv2] [D] [thread 4182] [0.0] [cxt 0] Pipeline 'egress': end
[13:35:22.777] [bmv2] [D] [thread 4182] [0.0] [cxt 0] Deparser 'deparser': start
[13:35:22.777] [bmv2] [T] [thread 4182] [0.0] [cxt 0] Skipping checksum 'cksum' update because condition not met
[13:35:22.777] [bmv2] [D] [thread 4182] [0.0] [cxt 0] Deparsing header 'ethernet'
[13:35:22.777] [bmv2] [D] [thread 4182] [0.0] [cxt 0] Deparser 'deparser': end
[13:35:22.777] [bmv2] [D] [thread 4186] [0.0] [cxt 0] Transmitting packet of size 90 out of port 0
[13:35:22.866] [bmv2] [D] [thread 4181] [1.0] [cxt 0] Processing packet received on port 1
[13:35:22.866] [bmv2] [D] [thread 4181] [1.0] [cxt 0] Parser 'parser': start
[13:35:22.866] [bmv2] [D] [thread 4181] [1.0] [cxt 0] Parser 'parser' entering state 'start'
[13:35:22.866] [bmv2] [D] [thread 4181] [1.0] [cxt 0] Extracting header 'ethernet'
[13:35:22.866] [bmv2] [D] [thread 4181] [1.0] [cxt 0] Parser state 'start': key is 86dd
[13:35:22.866] [bmv2] [T] [thread 4181] [1.0] [cxt 0] Bytes parsed: 14
[13:35:22.867] [bmv2] [D] [thread 4181] [1.0] [cxt 0] Parser 'parser': end
[13:35:22.867] [bmv2] [D] [thread 4181] [1.0] [cxt 0] Pipeline 'ingress': start
[13:35:22.867] [bmv2] [T] [thread 4181] [1.0] [cxt 0] basic.p4(115) Condition "        if (hdr.ipv4.isValid()) { /*avaliar a qualidade do header \"hdr\" aqui ainda OG*/" (node_2) is false
[13:35:22.867] [bmv2] [D] [thread 4181] [1.0] [cxt 0] Pipeline 'ingress': end
[13:35:22.867] [bmv2] [D] [thread 4181] [1.0] [cxt 0] Egress port is 0
[13:35:22.867] [bmv2] [D] [thread 4181] [2.0] [cxt 0] Processing packet received on port 4
[13:35:22.867] [bmv2] [D] [thread 4181] [2.0] [cxt 0] Parser 'parser': start
[13:35:22.867] [bmv2] [D] [thread 4181] [2.0] [cxt 0] Parser 'parser' entering state 'start'
[13:35:22.867] [bmv2] [D] [thread 4181] [2.0] [cxt 0] Extracting header 'ethernet'
[13:35:22.867] [bmv2] [D] [thread 4181] [2.0] [cxt 0] Parser state 'start': key is 86dd
[13:35:22.867] [bmv2] [T] [thread 4181] [2.0] [cxt 0] Bytes parsed: 14
[13:35:22.867] [bmv2] [D] [thread 4181] [2.0] [cxt 0] Parser 'parser': end
[13:35:22.867] [bmv2] [D] [thread 4181] [2.0] [cxt 0] Pipeline 'ingress': start
[13:35:22.867] [bmv2] [T] [thread 4181] [2.0] [cxt 0] basic.p4(115) Condition "        if (hdr.ipv4.isValid()) { /*avaliar a qualidade do header \"hdr\" aqui ainda OG*/" (node_2) is false
[13:35:22.867] [bmv2] [D] [thread 4181] [2.0] [cxt 0] Pipeline 'ingress': end
[13:35:22.867] [bmv2] [D] [thread 4181] [2.0] [cxt 0] Egress port is 0
[13:35:22.867] [bmv2] [D] [thread 4182] [1.0] [cxt 0] Pipeline 'egress': start
[13:35:22.867] [bmv2] [D] [thread 4182] [1.0] [cxt 0] Pipeline 'egress': end
[13:35:22.867] [bmv2] [D] [thread 4182] [1.0] [cxt 0] Deparser 'deparser': start
[13:35:22.867] [bmv2] [T] [thread 4182] [1.0] [cxt 0] Skipping checksum 'cksum' update because condition not met
[13:35:22.867] [bmv2] [D] [thread 4182] [1.0] [cxt 0] Deparsing header 'ethernet'
[13:35:22.867] [bmv2] [D] [thread 4182] [1.0] [cxt 0] Deparser 'deparser': end
[13:35:22.867] [bmv2] [D] [thread 4182] [2.0] [cxt 0] Pipeline 'egress': start
[13:35:22.867] [bmv2] [D] [thread 4182] [2.0] [cxt 0] Pipeline 'egress': end
[13:35:22.867] [bmv2] [D] [thread 4182] [2.0] [cxt 0] Deparser 'deparser': start
[13:35:22.867] [bmv2] [T] [thread 4182] [2.0] [cxt 0] Skipping checksum 'cksum' update because condition not met
[13:35:22.867] [bmv2] [D] [thread 4182] [2.0] [cxt 0] Deparsing header 'ethernet'
[13:35:22.867] [bmv2] [D] [thread 4182] [2.0] [cxt 0] Deparser 'deparser': end
[13:35:22.867] [bmv2] [D] [thread 4186] [1.0] [cxt 0] Transmitting packet of size 90 out of port 0
[13:35:22.867] [bmv2] [D] [thread 4186] [2.0] [cxt 0] Transmitting packet of size 90 out of port 0
[13:35:22.998] [bmv2] [D] [thread 4181] [3.0] [cxt 0] Processing packet received on port 3
[13:35:22.998] [bmv2] [D] [thread 4181] [3.0] [cxt 0] Parser 'parser': start
[13:35:22.998] [bmv2] [D] [thread 4181] [3.0] [cxt 0] Parser 'parser' entering state 'start'
[13:35:22.998] [bmv2] [D] [thread 4181] [3.0] [cxt 0] Extracting header 'ethernet'
[13:35:22.998] [bmv2] [D] [thread 4181] [3.0] [cxt 0] Parser state 'start': key is 86dd
[13:35:22.998] [bmv2] [T] [thread 4181] [3.0] [cxt 0] Bytes parsed: 14
[13:35:22.998] [bmv2] [D] [thread 4181] [3.0] [cxt 0] Parser 'parser': end
[13:35:22.998] [bmv2] [D] [thread 4181] [3.0] [cxt 0] Pipeline 'ingress': start
[13:35:22.998] [bmv2] [T] [thread 4181] [3.0] [cxt 0] basic.p4(115) Condition "        if (hdr.ipv4.isValid()) { /*avaliar a qualidade do header \"hdr\" aqui ainda OG*/" (node_2) is false
[13:35:22.998] [bmv2] [D] [thread 4181] [3.0] [cxt 0] Pipeline 'ingress': end
[13:35:22.998] [bmv2] [D] [thread 4181] [3.0] [cxt 0] Egress port is 0
[13:35:22.998] [bmv2] [D] [thread 4181] [4.0] [cxt 0] Processing packet received on port 3
[13:35:22.998] [bmv2] [D] [thread 4181] [4.0] [cxt 0] Parser 'parser': start
[13:35:22.998] [bmv2] [D] [thread 4181] [4.0] [cxt 0] Parser 'parser' entering state 'start'
[13:35:22.998] [bmv2] [D] [thread 4181] [4.0] [cxt 0] Extracting header 'ethernet'
[13:35:22.998] [bmv2] [D] [thread 4181] [4.0] [cxt 0] Parser state 'start': key is 86dd
[13:35:22.998] [bmv2] [T] [thread 4181] [4.0] [cxt 0] Bytes parsed: 14
[13:35:22.998] [bmv2] [D] [thread 4181] [4.0] [cxt 0] Parser 'parser': end
[13:35:22.998] [bmv2] [D] [thread 4181] [4.0] [cxt 0] Pipeline 'ingress': start
[13:35:22.998] [bmv2] [T] [thread 4181] [4.0] [cxt 0] basic.p4(115) Condition "        if (hdr.ipv4.isValid()) { /*avaliar a qualidade do header \"hdr\" aqui ainda OG*/" (node_2) is false
[13:35:22.998] [bmv2] [D] [thread 4181] [4.0] [cxt 0] Pipeline 'ingress': end
[13:35:22.998] [bmv2] [D] [thread 4181] [4.0] [cxt 0] Egress port is 0
[13:35:22.998] [bmv2] [D] [thread 4182] [3.0] [cxt 0] Pipeline 'egress': start
[13:35:22.998] [bmv2] [D] [thread 4182] [3.0] [cxt 0] Pipeline 'egress': end
[13:35:22.998] [bmv2] [D] [thread 4182] [3.0] [cxt 0] Deparser 'deparser': start
[13:35:22.998] [bmv2] [T] [thread 4182] [3.0] [cxt 0] Skipping checksum 'cksum' update because condition not met
[13:35:22.998] [bmv2] [D] [thread 4182] [3.0] [cxt 0] Deparsing header 'ethernet'
[13:35:22.998] [bmv2] [D] [thread 4182] [3.0] [cxt 0] Deparser 'deparser': end
[13:35:22.998] [bmv2] [D] [thread 4182] [4.0] [cxt 0] Pipeline 'egress': start
[13:35:22.998] [bmv2] [D] [thread 4182] [4.0] [cxt 0] Pipeline 'egress': end
[13:35:22.998] [bmv2] [D] [thread 4182] [4.0] [cxt 0] Deparser 'deparser': start
[13:35:22.998] [bmv2] [T] [thread 4182] [4.0] [cxt 0] Skipping checksum 'cksum' update because condition not met
[13:35:22.998] [bmv2] [D] [thread 4182] [4.0] [cxt 0] Deparsing header 'ethernet'
[13:35:22.998] [bmv2] [D] [thread 4182] [4.0] [cxt 0] Deparser 'deparser': end
[13:35:23.000] [bmv2] [D] [thread 4186] [3.0] [cxt 0] Transmitting packet of size 90 out of port 0
[13:35:23.000] [bmv2] [D] [thread 4186] [4.0] [cxt 0] Transmitting packet of size 70 out of port 0
[13:35:23.028] [bmv2] [D] [thread 4181] [5.0] [cxt 0] Processing packet received on port 4
[13:35:23.028] [bmv2] [D] [thread 4181] [5.0] [cxt 0] Parser 'parser': start
[13:35:23.028] [bmv2] [D] [thread 4181] [5.0] [cxt 0] Parser 'parser' entering state 'start'
[13:35:23.028] [bmv2] [D] [thread 4181] [5.0] [cxt 0] Extracting header 'ethernet'
[13:35:23.028] [bmv2] [D] [thread 4181] [5.0] [cxt 0] Parser state 'start': key is 86dd
[13:35:23.028] [bmv2] [T] [thread 4181] [5.0] [cxt 0] Bytes parsed: 14
[13:35:23.028] [bmv2] [D] [thread 4181] [5.0] [cxt 0] Parser 'parser': end
[13:35:23.028] [bmv2] [D] [thread 4181] [5.0] [cxt 0] Pipeline 'ingress': start
[13:35:23.028] [bmv2] [T] [thread 4181] [5.0] [cxt 0] basic.p4(115) Condition "        if (hdr.ipv4.isValid()) { /*avaliar a qualidade do header \"hdr\" aqui ainda OG*/" (node_2) is false
[13:35:23.028] [bmv2] [D] [thread 4181] [5.0] [cxt 0] Pipeline 'ingress': end
[13:35:23.028] [bmv2] [D] [thread 4181] [5.0] [cxt 0] Egress port is 0
[13:35:23.028] [bmv2] [D] [thread 4181] [6.0] [cxt 0] Processing packet received on port 4
[13:35:23.028] [bmv2] [D] [thread 4181] [6.0] [cxt 0] Parser 'parser': start
[13:35:23.028] [bmv2] [D] [thread 4181] [6.0] [cxt 0] Parser 'parser' entering state 'start'
[13:35:23.028] [bmv2] [D] [thread 4181] [6.0] [cxt 0] Extracting header 'ethernet'
[13:35:23.028] [bmv2] [D] [thread 4181] [6.0] [cxt 0] Parser state 'start': key is 86dd
[13:35:23.028] [bmv2] [T] [thread 4181] [6.0] [cxt 0] Bytes parsed: 14
[13:35:23.028] [bmv2] [D] [thread 4181] [6.0] [cxt 0] Parser 'parser': end
[13:35:23.028] [bmv2] [D] [thread 4181] [6.0] [cxt 0] Pipeline 'ingress': start
[13:35:23.028] [bmv2] [T] [thread 4181] [6.0] [cxt 0] basic.p4(115) Condition "        if (hdr.ipv4.isValid()) { /*avaliar a qualidade do header \"hdr\" aqui ainda OG*/" (node_2) is false
[13:35:23.028] [bmv2] [D] [thread 4181] [6.0] [cxt 0] Pipeline 'ingress': end
[13:35:23.028] [bmv2] [D] [thread 4181] [6.0] [cxt 0] Egress port is 0
[13:35:23.028] [bmv2] [D] [thread 4182] [5.0] [cxt 0] Pipeline 'egress': start
[13:35:23.028] [bmv2] [D] [thread 4182] [5.0] [cxt 0] Pipeline 'egress': end
[13:35:23.028] [bmv2] [D] [thread 4182] [5.0] [cxt 0] Deparser 'deparser': start
[13:35:23.028] [bmv2] [T] [thread 4182] [5.0] [cxt 0] Skipping checksum 'cksum' update because condition not met
[13:35:23.028] [bmv2] [D] [thread 4182] [5.0] [cxt 0] Deparsing header 'ethernet'
[13:35:23.029] [bmv2] [D] [thread 4182] [5.0] [cxt 0] Deparser 'deparser': end
[13:35:23.029] [bmv2] [D] [thread 4182] [6.0] [cxt 0] Pipeline 'egress': start
[13:35:23.029] [bmv2] [D] [thread 4182] [6.0] [cxt 0] Pipeline 'egress': end
[13:35:23.029] [bmv2] [D] [thread 4182] [6.0] [cxt 0] Deparser 'deparser': start
[13:35:23.029] [bmv2] [T] [thread 4182] [6.0] [cxt 0] Skipping checksum 'cksum' update because condition not met
[13:35:23.029] [bmv2] [D] [thread 4182] [6.0] [cxt 0] Deparsing header 'ethernet'
[13:35:23.029] [bmv2] [D] [thread 4182] [6.0] [cxt 0] Deparser 'deparser': end
[13:35:23.029] [bmv2] [D] [thread 4186] [5.0] [cxt 0] Transmitting packet of size 90 out of port 0
[13:35:23.030] [bmv2] [D] [thread 4186] [6.0] [cxt 0] Transmitting packet of size 70 out of port 0
[13:35:23.130] [bmv2] [D] [thread 4181] [7.0] [cxt 0] Processing packet received on port 2
[13:35:23.130] [bmv2] [D] [thread 4181] [7.0] [cxt 0] Parser 'parser': start
[13:35:23.130] [bmv2] [D] [thread 4181] [7.0] [cxt 0] Parser 'parser' entering state 'start'
[13:35:23.130] [bmv2] [D] [thread 4181] [7.0] [cxt 0] Extracting header 'ethernet'
[13:35:23.130] [bmv2] [D] [thread 4181] [7.0] [cxt 0] Parser state 'start': key is 86dd
[13:35:23.130] [bmv2] [T] [thread 4181] [7.0] [cxt 0] Bytes parsed: 14
[13:35:23.130] [bmv2] [D] [thread 4181] [7.0] [cxt 0] Parser 'parser': end
[13:35:23.130] [bmv2] [D] [thread 4181] [7.0] [cxt 0] Pipeline 'ingress': start
[13:35:23.130] [bmv2] [T] [thread 4181] [7.0] [cxt 0] basic.p4(115) Condition "        if (hdr.ipv4.isValid()) { /*avaliar a qualidade do header \"hdr\" aqui ainda OG*/" (node_2) is false
[13:35:23.130] [bmv2] [D] [thread 4181] [7.0] [cxt 0] Pipeline 'ingress': end
[13:35:23.130] [bmv2] [D] [thread 4181] [7.0] [cxt 0] Egress port is 0
[13:35:23.131] [bmv2] [D] [thread 4181] [8.0] [cxt 0] Processing packet received on port 2
[13:35:23.131] [bmv2] [D] [thread 4181] [8.0] [cxt 0] Parser 'parser': start
[13:35:23.131] [bmv2] [D] [thread 4181] [8.0] [cxt 0] Parser 'parser' entering state 'start'
[13:35:23.131] [bmv2] [D] [thread 4181] [8.0] [cxt 0] Extracting header 'ethernet'
[13:35:23.131] [bmv2] [D] [thread 4181] [8.0] [cxt 0] Parser state 'start': key is 86dd
[13:35:23.131] [bmv2] [T] [thread 4181] [8.0] [cxt 0] Bytes parsed: 14
[13:35:23.131] [bmv2] [D] [thread 4181] [8.0] [cxt 0] Parser 'parser': end
[13:35:23.131] [bmv2] [D] [thread 4181] [8.0] [cxt 0] Pipeline 'ingress': start
[13:35:23.131] [bmv2] [T] [thread 4181] [8.0] [cxt 0] basic.p4(115) Condition "        if (hdr.ipv4.isValid()) { /*avaliar a qualidade do header \"hdr\" aqui ainda OG*/" (node_2) is false
[13:35:23.131] [bmv2] [D] [thread 4181] [8.0] [cxt 0] Pipeline 'ingress': end
[13:35:23.131] [bmv2] [D] [thread 4181] [8.0] [cxt 0] Egress port is 0
[13:35:23.132] [bmv2] [D] [thread 4182] [7.0] [cxt 0] Pipeline 'egress': start
[13:35:23.133] [bmv2] [D] [thread 4182] [7.0] [cxt 0] Pipeline 'egress': end
[13:35:23.133] [bmv2] [D] [thread 4182] [7.0] [cxt 0] Deparser 'deparser': start
[13:35:23.133] [bmv2] [T] [thread 4182] [7.0] [cxt 0] Skipping checksum 'cksum' update because condition not met
[13:35:23.133] [bmv2] [D] [thread 4182] [7.0] [cxt 0] Deparsing header 'ethernet'
[13:35:23.133] [bmv2] [D] [thread 4182] [7.0] [cxt 0] Deparser 'deparser': end
[13:35:23.133] [bmv2] [D] [thread 4182] [8.0] [cxt 0] Pipeline 'egress': start
[13:35:23.133] [bmv2] [D] [thread 4182] [8.0] [cxt 0] Pipeline 'egress': end
[13:35:23.133] [bmv2] [D] [thread 4182] [8.0] [cxt 0] Deparser 'deparser': start
[13:35:23.133] [bmv2] [T] [thread 4182] [8.0] [cxt 0] Skipping checksum 'cksum' update because condition not met
[13:35:23.133] [bmv2] [D] [thread 4182] [8.0] [cxt 0] Deparsing header 'ethernet'
[13:35:23.133] [bmv2] [D] [thread 4182] [8.0] [cxt 0] Deparser 'deparser': end
[13:35:23.134] [bmv2] [D] [thread 4186] [7.0] [cxt 0] Transmitting packet of size 90 out of port 0
[13:35:23.134] [bmv2] [D] [thread 4186] [8.0] [cxt 0] Transmitting packet of size 70 out of port 0
[13:35:23.223] [bmv2] [D] [thread 4181] [9.0] [cxt 0] Processing packet received on port 1
[13:35:23.223] [bmv2] [D] [thread 4181] [9.0] [cxt 0] Parser 'parser': start
[13:35:23.223] [bmv2] [D] [thread 4181] [9.0] [cxt 0] Parser 'parser' entering state 'start'
[13:35:23.223] [bmv2] [D] [thread 4181] [9.0] [cxt 0] Extracting header 'ethernet'
[13:35:23.223] [bmv2] [D] [thread 4181] [9.0] [cxt 0] Parser state 'start': key is 86dd
[13:35:23.223] [bmv2] [T] [thread 4181] [9.0] [cxt 0] Bytes parsed: 14
[13:35:23.223] [bmv2] [D] [thread 4181] [9.0] [cxt 0] Parser 'parser': end
[13:35:23.223] [bmv2] [D] [thread 4181] [9.0] [cxt 0] Pipeline 'ingress': start
[13:35:23.223] [bmv2] [T] [thread 4181] [9.0] [cxt 0] basic.p4(115) Condition "        if (hdr.ipv4.isValid()) { /*avaliar a qualidade do header \"hdr\" aqui ainda OG*/" (node_2) is false
[13:35:23.223] [bmv2] [D] [thread 4181] [9.0] [cxt 0] Pipeline 'ingress': end
[13:35:23.223] [bmv2] [D] [thread 4181] [9.0] [cxt 0] Egress port is 0
[13:35:23.224] [bmv2] [D] [thread 4181] [10.0] [cxt 0] Processing packet received on port 1
[13:35:23.224] [bmv2] [D] [thread 4181] [10.0] [cxt 0] Parser 'parser': start
[13:35:23.224] [bmv2] [D] [thread 4181] [10.0] [cxt 0] Parser 'parser' entering state 'start'
[13:35:23.224] [bmv2] [D] [thread 4181] [10.0] [cxt 0] Extracting header 'ethernet'
[13:35:23.224] [bmv2] [D] [thread 4181] [10.0] [cxt 0] Parser state 'start': key is 86dd
[13:35:23.224] [bmv2] [T] [thread 4181] [10.0] [cxt 0] Bytes parsed: 14
[13:35:23.224] [bmv2] [D] [thread 4181] [10.0] [cxt 0] Parser 'parser': end
[13:35:23.224] [bmv2] [D] [thread 4181] [10.0] [cxt 0] Pipeline 'ingress': start
[13:35:23.224] [bmv2] [T] [thread 4181] [10.0] [cxt 0] basic.p4(115) Condition "        if (hdr.ipv4.isValid()) { /*avaliar a qualidade do header \"hdr\" aqui ainda OG*/" (node_2) is false
[13:35:23.224] [bmv2] [D] [thread 4181] [10.0] [cxt 0] Pipeline 'ingress': end
[13:35:23.224] [bmv2] [D] [thread 4181] [10.0] [cxt 0] Egress port is 0
[13:35:23.225] [bmv2] [D] [thread 4182] [9.0] [cxt 0] Pipeline 'egress': start
[13:35:23.225] [bmv2] [D] [thread 4182] [9.0] [cxt 0] Pipeline 'egress': end
[13:35:23.225] [bmv2] [D] [thread 4182] [9.0] [cxt 0] Deparser 'deparser': start
[13:35:23.225] [bmv2] [T] [thread 4182] [9.0] [cxt 0] Skipping checksum 'cksum' update because condition not met
[13:35:23.225] [bmv2] [D] [thread 4182] [9.0] [cxt 0] Deparsing header 'ethernet'
[13:35:23.225] [bmv2] [D] [thread 4182] [9.0] [cxt 0] Deparser 'deparser': end
[13:35:23.225] [bmv2] [D] [thread 4186] [9.0] [cxt 0] Transmitting packet of size 90 out of port 0
[13:35:23.225] [bmv2] [D] [thread 4182] [10.0] [cxt 0] Pipeline 'egress': start
[13:35:23.225] [bmv2] [D] [thread 4182] [10.0] [cxt 0] Pipeline 'egress': end
[13:35:23.226] [bmv2] [D] [thread 4182] [10.0] [cxt 0] Deparser 'deparser': start
[13:35:23.226] [bmv2] [T] [thread 4182] [10.0] [cxt 0] Skipping checksum 'cksum' update because condition not met
[13:35:23.226] [bmv2] [D] [thread 4182] [10.0] [cxt 0] Deparsing header 'ethernet'
[13:35:23.226] [bmv2] [D] [thread 4182] [10.0] [cxt 0] Deparser 'deparser': end
[13:35:23.227] [bmv2] [D] [thread 4186] [10.0] [cxt 0] Transmitting packet of size 70 out of port 0
[13:35:23.290] [bmv2] [D] [thread 4181] [11.0] [cxt 0] Processing packet received on port 3
[13:35:23.290] [bmv2] [D] [thread 4181] [11.0] [cxt 0] Parser 'parser': start
[13:35:23.290] [bmv2] [D] [thread 4181] [11.0] [cxt 0] Parser 'parser' entering state 'start'
[13:35:23.290] [bmv2] [D] [thread 4181] [11.0] [cxt 0] Extracting header 'ethernet'
[13:35:23.290] [bmv2] [D] [thread 4181] [11.0] [cxt 0] Parser state 'start': key is 86dd
[13:35:23.290] [bmv2] [T] [thread 4181] [11.0] [cxt 0] Bytes parsed: 14
[13:35:23.290] [bmv2] [D] [thread 4181] [11.0] [cxt 0] Parser 'parser': end
[13:35:23.290] [bmv2] [D] [thread 4181] [11.0] [cxt 0] Pipeline 'ingress': start
[13:35:23.290] [bmv2] [T] [thread 4181] [11.0] [cxt 0] basic.p4(115) Condition "        if (hdr.ipv4.isValid()) { /*avaliar a qualidade do header \"hdr\" aqui ainda OG*/" (node_2) is false
[13:35:23.290] [bmv2] [D] [thread 4181] [11.0] [cxt 0] Pipeline 'ingress': end
[13:35:23.290] [bmv2] [D] [thread 4181] [11.0] [cxt 0] Egress port is 0
[13:35:23.290] [bmv2] [D] [thread 4181] [12.0] [cxt 0] Processing packet received on port 4
[13:35:23.290] [bmv2] [D] [thread 4181] [12.0] [cxt 0] Parser 'parser': start
[13:35:23.290] [bmv2] [D] [thread 4181] [12.0] [cxt 0] Parser 'parser' entering state 'start'
[13:35:23.290] [bmv2] [D] [thread 4181] [12.0] [cxt 0] Extracting header 'ethernet'
[13:35:23.290] [bmv2] [D] [thread 4181] [12.0] [cxt 0] Parser state 'start': key is 86dd
[13:35:23.290] [bmv2] [T] [thread 4181] [12.0] [cxt 0] Bytes parsed: 14
[13:35:23.290] [bmv2] [D] [thread 4181] [12.0] [cxt 0] Parser 'parser': end
[13:35:23.290] [bmv2] [D] [thread 4181] [12.0] [cxt 0] Pipeline 'ingress': start
[13:35:23.290] [bmv2] [T] [thread 4181] [12.0] [cxt 0] basic.p4(115) Condition "        if (hdr.ipv4.isValid()) { /*avaliar a qualidade do header \"hdr\" aqui ainda OG*/" (node_2) is false
[13:35:23.290] [bmv2] [D] [thread 4181] [12.0] [cxt 0] Pipeline 'ingress': end
[13:35:23.290] [bmv2] [D] [thread 4181] [12.0] [cxt 0] Egress port is 0
[13:35:23.290] [bmv2] [D] [thread 4181] [13.0] [cxt 0] Processing packet received on port 3
[13:35:23.290] [bmv2] [D] [thread 4181] [13.0] [cxt 0] Parser 'parser': start
[13:35:23.290] [bmv2] [D] [thread 4181] [13.0] [cxt 0] Parser 'parser' entering state 'start'
[13:35:23.290] [bmv2] [D] [thread 4181] [13.0] [cxt 0] Extracting header 'ethernet'
[13:35:23.290] [bmv2] [D] [thread 4181] [13.0] [cxt 0] Parser state 'start': key is 86dd
[13:35:23.290] [bmv2] [T] [thread 4181] [13.0] [cxt 0] Bytes parsed: 14
[13:35:23.290] [bmv2] [D] [thread 4181] [13.0] [cxt 0] Parser 'parser': end
[13:35:23.291] [bmv2] [D] [thread 4181] [13.0] [cxt 0] Pipeline 'ingress': start
[13:35:23.291] [bmv2] [T] [thread 4181] [13.0] [cxt 0] basic.p4(115) Condition "        if (hdr.ipv4.isValid()) { /*avaliar a qualidade do header \"hdr\" aqui ainda OG*/" (node_2) is false
[13:35:23.291] [bmv2] [D] [thread 4181] [13.0] [cxt 0] Pipeline 'ingress': end
[13:35:23.291] [bmv2] [D] [thread 4181] [13.0] [cxt 0] Egress port is 0
[13:35:23.291] [bmv2] [D] [thread 4181] [14.0] [cxt 0] Processing packet received on port 4
[13:35:23.291] [bmv2] [D] [thread 4181] [14.0] [cxt 0] Parser 'parser': start
[13:35:23.291] [bmv2] [D] [thread 4181] [14.0] [cxt 0] Parser 'parser' entering state 'start'
[13:35:23.291] [bmv2] [D] [thread 4181] [14.0] [cxt 0] Extracting header 'ethernet'
[13:35:23.291] [bmv2] [D] [thread 4181] [14.0] [cxt 0] Parser state 'start': key is 86dd
[13:35:23.291] [bmv2] [T] [thread 4181] [14.0] [cxt 0] Bytes parsed: 14
[13:35:23.291] [bmv2] [D] [thread 4181] [14.0] [cxt 0] Parser 'parser': end
[13:35:23.291] [bmv2] [D] [thread 4181] [14.0] [cxt 0] Pipeline 'ingress': start
[13:35:23.291] [bmv2] [T] [thread 4181] [14.0] [cxt 0] basic.p4(115) Condition "        if (hdr.ipv4.isValid()) { /*avaliar a qualidade do header \"hdr\" aqui ainda OG*/" (node_2) is false
[13:35:23.291] [bmv2] [D] [thread 4181] [14.0] [cxt 0] Pipeline 'ingress': end
[13:35:23.291] [bmv2] [D] [thread 4181] [14.0] [cxt 0] Egress port is 0
[13:35:23.293] [bmv2] [D] [thread 4182] [11.0] [cxt 0] Pipeline 'egress': start
[13:35:23.293] [bmv2] [D] [thread 4182] [11.0] [cxt 0] Pipeline 'egress': end
[13:35:23.293] [bmv2] [D] [thread 4182] [11.0] [cxt 0] Deparser 'deparser': start
[13:35:23.293] [bmv2] [T] [thread 4182] [11.0] [cxt 0] Skipping checksum 'cksum' update because condition not met
[13:35:23.293] [bmv2] [D] [thread 4182] [11.0] [cxt 0] Deparsing header 'ethernet'
[13:35:23.293] [bmv2] [D] [thread 4182] [11.0] [cxt 0] Deparser 'deparser': end
[13:35:23.293] [bmv2] [D] [thread 4182] [12.0] [cxt 0] Pipeline 'egress': start
[13:35:23.293] [bmv2] [D] [thread 4182] [12.0] [cxt 0] Pipeline 'egress': end
[13:35:23.293] [bmv2] [D] [thread 4182] [12.0] [cxt 0] Deparser 'deparser': start
[13:35:23.293] [bmv2] [T] [thread 4182] [12.0] [cxt 0] Skipping checksum 'cksum' update because condition not met
[13:35:23.293] [bmv2] [D] [thread 4182] [12.0] [cxt 0] Deparsing header 'ethernet'
[13:35:23.293] [bmv2] [D] [thread 4182] [12.0] [cxt 0] Deparser 'deparser': end
[13:35:23.293] [bmv2] [D] [thread 4182] [13.0] [cxt 0] Pipeline 'egress': start
[13:35:23.293] [bmv2] [D] [thread 4182] [13.0] [cxt 0] Pipeline 'egress': end
[13:35:23.293] [bmv2] [D] [thread 4182] [13.0] [cxt 0] Deparser 'deparser': start
[13:35:23.293] [bmv2] [T] [thread 4182] [13.0] [cxt 0] Skipping checksum 'cksum' update because condition not met
[13:35:23.293] [bmv2] [D] [thread 4182] [13.0] [cxt 0] Deparsing header 'ethernet'
[13:35:23.293] [bmv2] [D] [thread 4182] [13.0] [cxt 0] Deparser 'deparser': end
[13:35:23.293] [bmv2] [D] [thread 4182] [14.0] [cxt 0] Pipeline 'egress': start
[13:35:23.293] [bmv2] [D] [thread 4182] [14.0] [cxt 0] Pipeline 'egress': end
[13:35:23.293] [bmv2] [D] [thread 4182] [14.0] [cxt 0] Deparser 'deparser': start
[13:35:23.293] [bmv2] [T] [thread 4182] [14.0] [cxt 0] Skipping checksum 'cksum' update because condition not met
[13:35:23.293] [bmv2] [D] [thread 4182] [14.0] [cxt 0] Deparsing header 'ethernet'
[13:35:23.293] [bmv2] [D] [thread 4182] [14.0] [cxt 0] Deparser 'deparser': end
[13:35:23.294] [bmv2] [D] [thread 4186] [11.0] [cxt 0] Transmitting packet of size 90 out of port 0
[13:35:23.294] [bmv2] [D] [thread 4186] [12.0] [cxt 0] Transmitting packet of size 90 out of port 0
[13:35:23.294] [bmv2] [D] [thread 4186] [13.0] [cxt 0] Transmitting packet of size 70 out of port 0
[13:35:23.294] [bmv2] [D] [thread 4186] [14.0] [cxt 0] Transmitting packet of size 70 out of port 0
[13:35:23.434] [bmv2] [D] [thread 4181] [15.0] [cxt 0] Processing packet received on port 3
[13:35:23.434] [bmv2] [D] [thread 4181] [15.0] [cxt 0] Parser 'parser': start
[13:35:23.434] [bmv2] [D] [thread 4181] [15.0] [cxt 0] Parser 'parser' entering state 'start'
[13:35:23.434] [bmv2] [D] [thread 4181] [15.0] [cxt 0] Extracting header 'ethernet'
[13:35:23.434] [bmv2] [D] [thread 4181] [15.0] [cxt 0] Parser state 'start': key is 86dd
[13:35:23.434] [bmv2] [T] [thread 4181] [15.0] [cxt 0] Bytes parsed: 14
[13:35:23.434] [bmv2] [D] [thread 4181] [15.0] [cxt 0] Parser 'parser': end
[13:35:23.434] [bmv2] [D] [thread 4181] [15.0] [cxt 0] Pipeline 'ingress': start
[13:35:23.434] [bmv2] [T] [thread 4181] [15.0] [cxt 0] basic.p4(115) Condition "        if (hdr.ipv4.isValid()) { /*avaliar a qualidade do header \"hdr\" aqui ainda OG*/" (node_2) is false
[13:35:23.434] [bmv2] [D] [thread 4181] [15.0] [cxt 0] Pipeline 'ingress': end
[13:35:23.434] [bmv2] [D] [thread 4181] [15.0] [cxt 0] Egress port is 0
[13:35:23.434] [bmv2] [D] [thread 4182] [15.0] [cxt 0] Pipeline 'egress': start
[13:35:23.434] [bmv2] [D] [thread 4182] [15.0] [cxt 0] Pipeline 'egress': end
[13:35:23.434] [bmv2] [D] [thread 4182] [15.0] [cxt 0] Deparser 'deparser': start
[13:35:23.434] [bmv2] [T] [thread 4182] [15.0] [cxt 0] Skipping checksum 'cksum' update because condition not met
[13:35:23.434] [bmv2] [D] [thread 4182] [15.0] [cxt 0] Deparsing header 'ethernet'
[13:35:23.434] [bmv2] [D] [thread 4182] [15.0] [cxt 0] Deparser 'deparser': end
[13:35:23.435] [bmv2] [D] [thread 4186] [15.0] [cxt 0] Transmitting packet of size 90 out of port 0
[13:35:23.849] [bmv2] [D] [thread 4181] [16.0] [cxt 0] Processing packet received on port 1
[13:35:23.849] [bmv2] [D] [thread 4181] [16.0] [cxt 0] Parser 'parser': start
[13:35:23.849] [bmv2] [D] [thread 4181] [16.0] [cxt 0] Parser 'parser' entering state 'start'
[13:35:23.849] [bmv2] [D] [thread 4181] [16.0] [cxt 0] Extracting header 'ethernet'
[13:35:23.849] [bmv2] [D] [thread 4181] [16.0] [cxt 0] Parser state 'start': key is 86dd
[13:35:23.849] [bmv2] [T] [thread 4181] [16.0] [cxt 0] Bytes parsed: 14
[13:35:23.849] [bmv2] [D] [thread 4181] [16.0] [cxt 0] Parser 'parser': end
[13:35:23.849] [bmv2] [D] [thread 4181] [16.0] [cxt 0] Pipeline 'ingress': start
[13:35:23.849] [bmv2] [T] [thread 4181] [16.0] [cxt 0] basic.p4(115) Condition "        if (hdr.ipv4.isValid()) { /*avaliar a qualidade do header \"hdr\" aqui ainda OG*/" (node_2) is false
[13:35:23.849] [bmv2] [D] [thread 4181] [16.0] [cxt 0] Pipeline 'ingress': end
[13:35:23.849] [bmv2] [D] [thread 4181] [16.0] [cxt 0] Egress port is 0
[13:35:23.849] [bmv2] [D] [thread 4182] [16.0] [cxt 0] Pipeline 'egress': start
[13:35:23.849] [bmv2] [D] [thread 4182] [16.0] [cxt 0] Pipeline 'egress': end
[13:35:23.849] [bmv2] [D] [thread 4182] [16.0] [cxt 0] Deparser 'deparser': start
[13:35:23.849] [bmv2] [T] [thread 4182] [16.0] [cxt 0] Skipping checksum 'cksum' update because condition not met
[13:35:23.849] [bmv2] [D] [thread 4182] [16.0] [cxt 0] Deparsing header 'ethernet'
[13:35:23.849] [bmv2] [D] [thread 4182] [16.0] [cxt 0] Deparser 'deparser': end
[13:35:23.850] [bmv2] [D] [thread 4186] [16.0] [cxt 0] Transmitting packet of size 90 out of port 0
[13:35:24.023] [bmv2] [D] [thread 4181] [17.0] [cxt 0] Processing packet received on port 3
[13:35:24.023] [bmv2] [D] [thread 4181] [17.0] [cxt 0] Parser 'parser': start
[13:35:24.023] [bmv2] [D] [thread 4181] [17.0] [cxt 0] Parser 'parser' entering state 'start'
[13:35:24.023] [bmv2] [D] [thread 4181] [17.0] [cxt 0] Extracting header 'ethernet'
[13:35:24.023] [bmv2] [D] [thread 4181] [17.0] [cxt 0] Parser state 'start': key is 86dd
[13:35:24.023] [bmv2] [T] [thread 4181] [17.0] [cxt 0] Bytes parsed: 14
[13:35:24.023] [bmv2] [D] [thread 4181] [17.0] [cxt 0] Parser 'parser': end
[13:35:24.023] [bmv2] [D] [thread 4181] [17.0] [cxt 0] Pipeline 'ingress': start
[13:35:24.023] [bmv2] [T] [thread 4181] [17.0] [cxt 0] basic.p4(115) Condition "        if (hdr.ipv4.isValid()) { /*avaliar a qualidade do header \"hdr\" aqui ainda OG*/" (node_2) is false
[13:35:24.023] [bmv2] [D] [thread 4181] [17.0] [cxt 0] Pipeline 'ingress': end
[13:35:24.023] [bmv2] [D] [thread 4181] [17.0] [cxt 0] Egress port is 0
[13:35:24.023] [bmv2] [D] [thread 4181] [18.0] [cxt 0] Processing packet received on port 4
[13:35:24.023] [bmv2] [D] [thread 4181] [18.0] [cxt 0] Parser 'parser': start
[13:35:24.023] [bmv2] [D] [thread 4181] [18.0] [cxt 0] Parser 'parser' entering state 'start'
[13:35:24.023] [bmv2] [D] [thread 4181] [18.0] [cxt 0] Extracting header 'ethernet'
[13:35:24.023] [bmv2] [D] [thread 4181] [18.0] [cxt 0] Parser state 'start': key is 86dd
[13:35:24.023] [bmv2] [T] [thread 4181] [18.0] [cxt 0] Bytes parsed: 14
[13:35:24.023] [bmv2] [D] [thread 4181] [18.0] [cxt 0] Parser 'parser': end
[13:35:24.023] [bmv2] [D] [thread 4181] [18.0] [cxt 0] Pipeline 'ingress': start
[13:35:24.023] [bmv2] [T] [thread 4181] [18.0] [cxt 0] basic.p4(115) Condition "        if (hdr.ipv4.isValid()) { /*avaliar a qualidade do header \"hdr\" aqui ainda OG*/" (node_2) is false
[13:35:24.023] [bmv2] [D] [thread 4181] [18.0] [cxt 0] Pipeline 'ingress': end
[13:35:24.023] [bmv2] [D] [thread 4181] [18.0] [cxt 0] Egress port is 0
[13:35:24.023] [bmv2] [D] [thread 4182] [17.0] [cxt 0] Pipeline 'egress': start
[13:35:24.023] [bmv2] [D] [thread 4182] [17.0] [cxt 0] Pipeline 'egress': end
[13:35:24.023] [bmv2] [D] [thread 4182] [17.0] [cxt 0] Deparser 'deparser': start
[13:35:24.023] [bmv2] [T] [thread 4182] [17.0] [cxt 0] Skipping checksum 'cksum' update because condition not met
[13:35:24.023] [bmv2] [D] [thread 4182] [17.0] [cxt 0] Deparsing header 'ethernet'
[13:35:24.023] [bmv2] [D] [thread 4182] [17.0] [cxt 0] Deparser 'deparser': end
[13:35:24.024] [bmv2] [D] [thread 4186] [17.0] [cxt 0] Transmitting packet of size 90 out of port 0
[13:35:24.025] [bmv2] [D] [thread 4182] [18.0] [cxt 0] Pipeline 'egress': start
[13:35:24.025] [bmv2] [D] [thread 4182] [18.0] [cxt 0] Pipeline 'egress': end
[13:35:24.025] [bmv2] [D] [thread 4182] [18.0] [cxt 0] Deparser 'deparser': start
[13:35:24.025] [bmv2] [T] [thread 4182] [18.0] [cxt 0] Skipping checksum 'cksum' update because condition not met
[13:35:24.025] [bmv2] [D] [thread 4182] [18.0] [cxt 0] Deparsing header 'ethernet'
[13:35:24.025] [bmv2] [D] [thread 4182] [18.0] [cxt 0] Deparser 'deparser': end
[13:35:24.025] [bmv2] [D] [thread 4186] [18.0] [cxt 0] Transmitting packet of size 90 out of port 0
[13:35:24.147] [bmv2] [D] [thread 4181] [19.0] [cxt 0] Processing packet received on port 2
[13:35:24.147] [bmv2] [D] [thread 4181] [19.0] [cxt 0] Parser 'parser': start
[13:35:24.147] [bmv2] [D] [thread 4181] [19.0] [cxt 0] Parser 'parser' entering state 'start'
[13:35:24.147] [bmv2] [D] [thread 4181] [19.0] [cxt 0] Extracting header 'ethernet'
[13:35:24.147] [bmv2] [D] [thread 4181] [19.0] [cxt 0] Parser state 'start': key is 86dd
[13:35:24.147] [bmv2] [T] [thread 4181] [19.0] [cxt 0] Bytes parsed: 14
[13:35:24.147] [bmv2] [D] [thread 4181] [19.0] [cxt 0] Parser 'parser': end
[13:35:24.147] [bmv2] [D] [thread 4181] [19.0] [cxt 0] Pipeline 'ingress': start
[13:35:24.147] [bmv2] [T] [thread 4181] [19.0] [cxt 0] basic.p4(115) Condition "        if (hdr.ipv4.isValid()) { /*avaliar a qualidade do header \"hdr\" aqui ainda OG*/" (node_2) is false
[13:35:24.147] [bmv2] [D] [thread 4181] [19.0] [cxt 0] Pipeline 'ingress': end
[13:35:24.147] [bmv2] [D] [thread 4181] [19.0] [cxt 0] Egress port is 0
[13:35:24.147] [bmv2] [D] [thread 4182] [19.0] [cxt 0] Pipeline 'egress': start
[13:35:24.147] [bmv2] [D] [thread 4182] [19.0] [cxt 0] Pipeline 'egress': end
[13:35:24.147] [bmv2] [D] [thread 4182] [19.0] [cxt 0] Deparser 'deparser': start
[13:35:24.147] [bmv2] [T] [thread 4182] [19.0] [cxt 0] Skipping checksum 'cksum' update because condition not met
[13:35:24.147] [bmv2] [D] [thread 4182] [19.0] [cxt 0] Deparsing header 'ethernet'
[13:35:24.147] [bmv2] [D] [thread 4182] [19.0] [cxt 0] Deparser 'deparser': end
[13:35:24.148] [bmv2] [D] [thread 4186] [19.0] [cxt 0] Transmitting packet of size 90 out of port 0
[13:35:24.250] [bmv2] [D] [thread 4181] [20.0] [cxt 0] Processing packet received on port 4
[13:35:24.250] [bmv2] [D] [thread 4181] [20.0] [cxt 0] Parser 'parser': start
[13:35:24.250] [bmv2] [D] [thread 4181] [20.0] [cxt 0] Parser 'parser' entering state 'start'
[13:35:24.250] [bmv2] [D] [thread 4181] [20.0] [cxt 0] Extracting header 'ethernet'
[13:35:24.250] [bmv2] [D] [thread 4181] [20.0] [cxt 0] Parser state 'start': key is 86dd
[13:35:24.250] [bmv2] [T] [thread 4181] [20.0] [cxt 0] Bytes parsed: 14
[13:35:24.250] [bmv2] [D] [thread 4181] [20.0] [cxt 0] Parser 'parser': end
[13:35:24.250] [bmv2] [D] [thread 4181] [20.0] [cxt 0] Pipeline 'ingress': start
[13:35:24.250] [bmv2] [T] [thread 4181] [20.0] [cxt 0] basic.p4(115) Condition "        if (hdr.ipv4.isValid()) { /*avaliar a qualidade do header \"hdr\" aqui ainda OG*/" (node_2) is false
[13:35:24.250] [bmv2] [D] [thread 4181] [20.0] [cxt 0] Pipeline 'ingress': end
[13:35:24.250] [bmv2] [D] [thread 4181] [20.0] [cxt 0] Egress port is 0
[13:35:24.250] [bmv2] [D] [thread 4182] [20.0] [cxt 0] Pipeline 'egress': start
[13:35:24.250] [bmv2] [D] [thread 4182] [20.0] [cxt 0] Pipeline 'egress': end
[13:35:24.250] [bmv2] [D] [thread 4182] [20.0] [cxt 0] Deparser 'deparser': start
[13:35:24.250] [bmv2] [T] [thread 4182] [20.0] [cxt 0] Skipping checksum 'cksum' update because condition not met
[13:35:24.250] [bmv2] [D] [thread 4182] [20.0] [cxt 0] Deparsing header 'ethernet'
[13:35:24.250] [bmv2] [D] [thread 4182] [20.0] [cxt 0] Deparser 'deparser': end
[13:35:24.251] [bmv2] [D] [thread 4186] [20.0] [cxt 0] Transmitting packet of size 90 out of port 0
[13:35:25.719] [bmv2] [W] [thread 4279] [P4Runtime] p4::tmp::P4DeviceConfig is deprecated
[13:35:25.719] [bmv2] [D] [thread 4279] Set default default entry for table 'MyIngress.ipv4_lpm': NoAction - 
[13:35:25.721] [bmv2] [D] [thread 4279] simple_switch target has been notified of a config swap
[13:35:25.723] [bmv2] [D] [thread 4280] Set default entry for table 'MyIngress.ipv4_lpm': MyIngress.drop - 
[13:35:25.725] [bmv2] [D] [thread 4279] Entry 0 added to table 'MyIngress.ipv4_lpm'
[13:35:25.725] [bmv2] [D] [thread 4279] Dumping entry 0
Match key:
* hdr.ipv4.dstAddr    : LPM       0a000101/32
Action entry: MyIngress.ipv4_forward - 80000000111,1,

[13:35:25.727] [bmv2] [D] [thread 4280] Entry 1 added to table 'MyIngress.ipv4_lpm'
[13:35:25.727] [bmv2] [D] [thread 4280] Dumping entry 1
Match key:
* hdr.ipv4.dstAddr    : LPM       0a000202/32
Action entry: MyIngress.ipv4_forward - 80000000222,2,

[13:35:25.729] [bmv2] [D] [thread 4279] Entry 2 added to table 'MyIngress.ipv4_lpm'
[13:35:25.729] [bmv2] [D] [thread 4279] Dumping entry 2
Match key:
* hdr.ipv4.dstAddr    : LPM       0a000303/32
Action entry: MyIngress.ipv4_forward - 80000000300,3,

[13:35:25.730] [bmv2] [D] [thread 4280] Entry 3 added to table 'MyIngress.ipv4_lpm'
[13:35:25.730] [bmv2] [D] [thread 4280] Dumping entry 3
Match key:
* hdr.ipv4.dstAddr    : LPM       0a000404/32
Action entry: MyIngress.ipv4_forward - 80000000400,4,

[13:35:26.834] [bmv2] [D] [thread 4181] [21.0] [cxt 0] Processing packet received on port 4
[13:35:26.834] [bmv2] [D] [thread 4181] [21.0] [cxt 0] Parser 'parser': start
[13:35:26.834] [bmv2] [D] [thread 4181] [21.0] [cxt 0] Parser 'parser' entering state 'start'
[13:35:26.834] [bmv2] [D] [thread 4181] [21.0] [cxt 0] Extracting header 'ethernet'
[13:35:26.834] [bmv2] [D] [thread 4181] [21.0] [cxt 0] Parser state 'start': key is 86dd
[13:35:26.834] [bmv2] [T] [thread 4181] [21.0] [cxt 0] Bytes parsed: 14
[13:35:26.834] [bmv2] [D] [thread 4181] [21.0] [cxt 0] Parser 'parser': end
[13:35:26.834] [bmv2] [D] [thread 4181] [21.0] [cxt 0] Pipeline 'ingress': start
[13:35:26.834] [bmv2] [T] [thread 4181] [21.0] [cxt 0] basic.p4(115) Condition "        if (hdr.ipv4.isValid()) { /*avaliar a qualidade do header \"hdr\" aqui ainda OG*/" (node_2) is false
[13:35:26.834] [bmv2] [D] [thread 4181] [21.0] [cxt 0] Pipeline 'ingress': end
[13:35:26.834] [bmv2] [D] [thread 4181] [21.0] [cxt 0] Egress port is 0
[13:35:26.836] [bmv2] [D] [thread 4181] [22.0] [cxt 0] Processing packet received on port 3
[13:35:26.836] [bmv2] [D] [thread 4181] [22.0] [cxt 0] Parser 'parser': start
[13:35:26.836] [bmv2] [D] [thread 4181] [22.0] [cxt 0] Parser 'parser' entering state 'start'
[13:35:26.836] [bmv2] [D] [thread 4181] [22.0] [cxt 0] Extracting header 'ethernet'
[13:35:26.836] [bmv2] [D] [thread 4181] [22.0] [cxt 0] Parser state 'start': key is 86dd
[13:35:26.836] [bmv2] [T] [thread 4181] [22.0] [cxt 0] Bytes parsed: 14
[13:35:26.836] [bmv2] [D] [thread 4181] [22.0] [cxt 0] Parser 'parser': end
[13:35:26.836] [bmv2] [D] [thread 4181] [22.0] [cxt 0] Pipeline 'ingress': start
[13:35:26.836] [bmv2] [T] [thread 4181] [22.0] [cxt 0] basic.p4(115) Condition "        if (hdr.ipv4.isValid()) { /*avaliar a qualidade do header \"hdr\" aqui ainda OG*/" (node_2) is false
[13:35:26.836] [bmv2] [D] [thread 4181] [22.0] [cxt 0] Pipeline 'ingress': end
[13:35:26.836] [bmv2] [D] [thread 4181] [22.0] [cxt 0] Egress port is 0
[13:35:26.836] [bmv2] [D] [thread 4182] [21.0] [cxt 0] Pipeline 'egress': start
[13:35:26.836] [bmv2] [D] [thread 4182] [21.0] [cxt 0] Pipeline 'egress': end
[13:35:26.836] [bmv2] [D] [thread 4182] [21.0] [cxt 0] Deparser 'deparser': start
[13:35:26.836] [bmv2] [T] [thread 4182] [21.0] [cxt 0] Skipping checksum 'cksum' update because condition not met
[13:35:26.836] [bmv2] [D] [thread 4182] [21.0] [cxt 0] Deparsing header 'ethernet'
[13:35:26.836] [bmv2] [D] [thread 4182] [21.0] [cxt 0] Deparser 'deparser': end
[13:35:26.836] [bmv2] [D] [thread 4182] [22.0] [cxt 0] Pipeline 'egress': start
[13:35:26.836] [bmv2] [D] [thread 4182] [22.0] [cxt 0] Pipeline 'egress': end
[13:35:26.836] [bmv2] [D] [thread 4182] [22.0] [cxt 0] Deparser 'deparser': start
[13:35:26.836] [bmv2] [T] [thread 4182] [22.0] [cxt 0] Skipping checksum 'cksum' update because condition not met
[13:35:26.836] [bmv2] [D] [thread 4182] [22.0] [cxt 0] Deparsing header 'ethernet'
[13:35:26.836] [bmv2] [D] [thread 4182] [22.0] [cxt 0] Deparser 'deparser': end
[13:35:26.836] [bmv2] [D] [thread 4186] [21.0] [cxt 0] Transmitting packet of size 70 out of port 0
[13:35:26.836] [bmv2] [D] [thread 4186] [22.0] [cxt 0] Transmitting packet of size 70 out of port 0
[13:35:27.094] [bmv2] [D] [thread 4181] [23.0] [cxt 0] Processing packet received on port 1
[13:35:27.094] [bmv2] [D] [thread 4181] [23.0] [cxt 0] Parser 'parser': start
[13:35:27.094] [bmv2] [D] [thread 4181] [23.0] [cxt 0] Parser 'parser' entering state 'start'
[13:35:27.094] [bmv2] [D] [thread 4181] [23.0] [cxt 0] Extracting header 'ethernet'
[13:35:27.094] [bmv2] [D] [thread 4181] [23.0] [cxt 0] Parser state 'start': key is 86dd
[13:35:27.094] [bmv2] [T] [thread 4181] [23.0] [cxt 0] Bytes parsed: 14
[13:35:27.094] [bmv2] [D] [thread 4181] [23.0] [cxt 0] Parser 'parser': end
[13:35:27.096] [bmv2] [D] [thread 4181] [23.0] [cxt 0] Pipeline 'ingress': start
[13:35:27.096] [bmv2] [T] [thread 4181] [23.0] [cxt 0] basic.p4(115) Condition "        if (hdr.ipv4.isValid()) { /*avaliar a qualidade do header \"hdr\" aqui ainda OG*/" (node_2) is false
[13:35:27.096] [bmv2] [D] [thread 4181] [23.0] [cxt 0] Pipeline 'ingress': end
[13:35:27.096] [bmv2] [D] [thread 4181] [23.0] [cxt 0] Egress port is 0
[13:35:27.096] [bmv2] [D] [thread 4181] [24.0] [cxt 0] Processing packet received on port 2
[13:35:27.096] [bmv2] [D] [thread 4181] [24.0] [cxt 0] Parser 'parser': start
[13:35:27.096] [bmv2] [D] [thread 4181] [24.0] [cxt 0] Parser 'parser' entering state 'start'
[13:35:27.096] [bmv2] [D] [thread 4181] [24.0] [cxt 0] Extracting header 'ethernet'
[13:35:27.096] [bmv2] [D] [thread 4181] [24.0] [cxt 0] Parser state 'start': key is 86dd
[13:35:27.096] [bmv2] [T] [thread 4181] [24.0] [cxt 0] Bytes parsed: 14
[13:35:27.096] [bmv2] [D] [thread 4181] [24.0] [cxt 0] Parser 'parser': end
[13:35:27.096] [bmv2] [D] [thread 4181] [24.0] [cxt 0] Pipeline 'ingress': start
[13:35:27.096] [bmv2] [T] [thread 4181] [24.0] [cxt 0] basic.p4(115) Condition "        if (hdr.ipv4.isValid()) { /*avaliar a qualidade do header \"hdr\" aqui ainda OG*/" (node_2) is false
[13:35:27.097] [bmv2] [D] [thread 4181] [24.0] [cxt 0] Pipeline 'ingress': end
[13:35:27.097] [bmv2] [D] [thread 4181] [24.0] [cxt 0] Egress port is 0
[13:35:27.097] [bmv2] [D] [thread 4181] [25.0] [cxt 0] Processing packet received on port 3
[13:35:27.097] [bmv2] [D] [thread 4181] [25.0] [cxt 0] Parser 'parser': start
[13:35:27.097] [bmv2] [D] [thread 4181] [25.0] [cxt 0] Parser 'parser' entering state 'start'
[13:35:27.097] [bmv2] [D] [thread 4181] [25.0] [cxt 0] Extracting header 'ethernet'
[13:35:27.097] [bmv2] [D] [thread 4181] [25.0] [cxt 0] Parser state 'start': key is 86dd
[13:35:27.097] [bmv2] [T] [thread 4181] [25.0] [cxt 0] Bytes parsed: 14
[13:35:27.097] [bmv2] [D] [thread 4181] [25.0] [cxt 0] Parser 'parser': end
[13:35:27.097] [bmv2] [D] [thread 4181] [25.0] [cxt 0] Pipeline 'ingress': start
[13:35:27.097] [bmv2] [T] [thread 4181] [25.0] [cxt 0] basic.p4(115) Condition "        if (hdr.ipv4.isValid()) { /*avaliar a qualidade do header \"hdr\" aqui ainda OG*/" (node_2) is false
[13:35:27.097] [bmv2] [D] [thread 4181] [25.0] [cxt 0] Pipeline 'ingress': end
[13:35:27.097] [bmv2] [D] [thread 4181] [25.0] [cxt 0] Egress port is 0
[13:35:27.097] [bmv2] [D] [thread 4182] [23.0] [cxt 0] Pipeline 'egress': start
[13:35:27.097] [bmv2] [D] [thread 4182] [23.0] [cxt 0] Pipeline 'egress': end
[13:35:27.097] [bmv2] [D] [thread 4182] [23.0] [cxt 0] Deparser 'deparser': start
[13:35:27.097] [bmv2] [T] [thread 4182] [23.0] [cxt 0] Skipping checksum 'cksum' update because condition not met
[13:35:27.097] [bmv2] [D] [thread 4182] [23.0] [cxt 0] Deparsing header 'ethernet'
[13:35:27.100] [bmv2] [D] [thread 4182] [23.0] [cxt 0] Deparser 'deparser': end
[13:35:27.100] [bmv2] [D] [thread 4182] [24.0] [cxt 0] Pipeline 'egress': start
[13:35:27.100] [bmv2] [D] [thread 4182] [24.0] [cxt 0] Pipeline 'egress': end
[13:35:27.100] [bmv2] [D] [thread 4182] [24.0] [cxt 0] Deparser 'deparser': start
[13:35:27.100] [bmv2] [T] [thread 4182] [24.0] [cxt 0] Skipping checksum 'cksum' update because condition not met
[13:35:27.100] [bmv2] [D] [thread 4182] [24.0] [cxt 0] Deparsing header 'ethernet'
[13:35:27.100] [bmv2] [D] [thread 4182] [24.0] [cxt 0] Deparser 'deparser': end
[13:35:27.100] [bmv2] [D] [thread 4182] [25.0] [cxt 0] Pipeline 'egress': start
[13:35:27.100] [bmv2] [D] [thread 4182] [25.0] [cxt 0] Pipeline 'egress': end
[13:35:27.100] [bmv2] [D] [thread 4182] [25.0] [cxt 0] Deparser 'deparser': start
[13:35:27.100] [bmv2] [T] [thread 4182] [25.0] [cxt 0] Skipping checksum 'cksum' update because condition not met
[13:35:27.100] [bmv2] [D] [thread 4182] [25.0] [cxt 0] Deparsing header 'ethernet'
[13:35:27.100] [bmv2] [D] [thread 4182] [25.0] [cxt 0] Deparser 'deparser': end
[13:35:27.100] [bmv2] [D] [thread 4186] [23.0] [cxt 0] Transmitting packet of size 70 out of port 0
[13:35:27.100] [bmv2] [D] [thread 4186] [24.0] [cxt 0] Transmitting packet of size 70 out of port 0
[13:35:27.100] [bmv2] [D] [thread 4186] [25.0] [cxt 0] Transmitting packet of size 70 out of port 0
[13:35:27.603] [bmv2] [D] [thread 4181] [26.0] [cxt 0] Processing packet received on port 4
[13:35:27.603] [bmv2] [D] [thread 4181] [26.0] [cxt 0] Parser 'parser': start
[13:35:27.603] [bmv2] [D] [thread 4181] [26.0] [cxt 0] Parser 'parser' entering state 'start'
[13:35:27.603] [bmv2] [D] [thread 4181] [26.0] [cxt 0] Extracting header 'ethernet'
[13:35:27.603] [bmv2] [D] [thread 4181] [26.0] [cxt 0] Parser state 'start': key is 86dd
[13:35:27.603] [bmv2] [T] [thread 4181] [26.0] [cxt 0] Bytes parsed: 14
[13:35:27.603] [bmv2] [D] [thread 4181] [26.0] [cxt 0] Parser 'parser': end
[13:35:27.603] [bmv2] [D] [thread 4181] [26.0] [cxt 0] Pipeline 'ingress': start
[13:35:27.603] [bmv2] [T] [thread 4181] [26.0] [cxt 0] basic.p4(115) Condition "        if (hdr.ipv4.isValid()) { /*avaliar a qualidade do header \"hdr\" aqui ainda OG*/" (node_2) is false
[13:35:27.603] [bmv2] [D] [thread 4181] [26.0] [cxt 0] Pipeline 'ingress': end
[13:35:27.603] [bmv2] [D] [thread 4181] [26.0] [cxt 0] Egress port is 0
[13:35:27.603] [bmv2] [D] [thread 4182] [26.0] [cxt 0] Pipeline 'egress': start
[13:35:27.603] [bmv2] [D] [thread 4182] [26.0] [cxt 0] Pipeline 'egress': end
[13:35:27.603] [bmv2] [D] [thread 4182] [26.0] [cxt 0] Deparser 'deparser': start
[13:35:27.603] [bmv2] [T] [thread 4182] [26.0] [cxt 0] Skipping checksum 'cksum' update because condition not met
[13:35:27.603] [bmv2] [D] [thread 4182] [26.0] [cxt 0] Deparsing header 'ethernet'
[13:35:27.603] [bmv2] [D] [thread 4182] [26.0] [cxt 0] Deparser 'deparser': end
[13:35:27.603] [bmv2] [D] [thread 4186] [26.0] [cxt 0] Transmitting packet of size 70 out of port 0
