Calling target program-options parser
[13:35:22.858] [bmv2] [D] [thread 4189] Set default default entry for table 'MyIngress.ipv4_lpm': NoAction - 
Adding interface s2-eth1 as port 1
[13:35:22.858] [bmv2] [D] [thread 4189] Adding interface s2-eth1 as port 1
Adding interface s2-eth2 as port 2
[13:35:22.902] [bmv2] [D] [thread 4189] Adding interface s2-eth2 as port 2
Adding interface s2-eth3 as port 3
[13:35:22.955] [bmv2] [D] [thread 4189] Adding interface s2-eth3 as port 3
Adding interface s2-eth4 as port 4
[13:35:22.983] [bmv2] [D] [thread 4189] Adding interface s2-eth4 as port 4
Server listening on 0.0.0.0:50052
[13:35:23.020] [bmv2] [I] [thread 4189] Starting Thrift server on port 9091
[13:35:23.021] [bmv2] [I] [thread 4189] Thrift server was started
[13:35:23.159] [bmv2] [D] [thread 4202] [0.0] [cxt 0] Processing packet received on port 2
[13:35:23.159] [bmv2] [D] [thread 4202] [0.0] [cxt 0] Parser 'parser': start
[13:35:23.159] [bmv2] [D] [thread 4202] [0.0] [cxt 0] Parser 'parser' entering state 'start'
[13:35:23.159] [bmv2] [D] [thread 4202] [0.0] [cxt 0] Extracting header 'ethernet'
[13:35:23.159] [bmv2] [D] [thread 4202] [0.0] [cxt 0] Parser state 'start': key is 86dd
[13:35:23.159] [bmv2] [T] [thread 4202] [0.0] [cxt 0] Bytes parsed: 14
[13:35:23.159] [bmv2] [D] [thread 4202] [0.0] [cxt 0] Parser 'parser': end
[13:35:23.159] [bmv2] [D] [thread 4202] [0.0] [cxt 0] Pipeline 'ingress': start
[13:35:23.159] [bmv2] [T] [thread 4202] [0.0] [cxt 0] basic.p4(115) Condition "        if (hdr.ipv4.isValid()) { /*avaliar a qualidade do header \"hdr\" aqui ainda OG*/" (node_2) is false
[13:35:23.159] [bmv2] [D] [thread 4202] [0.0] [cxt 0] Pipeline 'ingress': end
[13:35:23.159] [bmv2] [D] [thread 4202] [0.0] [cxt 0] Egress port is 0
[13:35:23.159] [bmv2] [D] [thread 4202] [1.0] [cxt 0] Processing packet received on port 2
[13:35:23.159] [bmv2] [D] [thread 4202] [1.0] [cxt 0] Parser 'parser': start
[13:35:23.159] [bmv2] [D] [thread 4202] [1.0] [cxt 0] Parser 'parser' entering state 'start'
[13:35:23.159] [bmv2] [D] [thread 4202] [1.0] [cxt 0] Extracting header 'ethernet'
[13:35:23.159] [bmv2] [D] [thread 4202] [1.0] [cxt 0] Parser state 'start': key is 86dd
[13:35:23.159] [bmv2] [T] [thread 4202] [1.0] [cxt 0] Bytes parsed: 14
[13:35:23.159] [bmv2] [D] [thread 4202] [1.0] [cxt 0] Parser 'parser': end
[13:35:23.159] [bmv2] [D] [thread 4202] [1.0] [cxt 0] Pipeline 'ingress': start
[13:35:23.159] [bmv2] [T] [thread 4202] [1.0] [cxt 0] basic.p4(115) Condition "        if (hdr.ipv4.isValid()) { /*avaliar a qualidade do header \"hdr\" aqui ainda OG*/" (node_2) is false
[13:35:23.159] [bmv2] [D] [thread 4202] [1.0] [cxt 0] Pipeline 'ingress': end
[13:35:23.159] [bmv2] [D] [thread 4202] [1.0] [cxt 0] Egress port is 0
[13:35:23.159] [bmv2] [D] [thread 4202] [2.0] [cxt 0] Processing packet received on port 1
[13:35:23.159] [bmv2] [D] [thread 4202] [2.0] [cxt 0] Parser 'parser': start
[13:35:23.159] [bmv2] [D] [thread 4202] [2.0] [cxt 0] Parser 'parser' entering state 'start'
[13:35:23.160] [bmv2] [D] [thread 4202] [2.0] [cxt 0] Extracting header 'ethernet'
[13:35:23.160] [bmv2] [D] [thread 4202] [2.0] [cxt 0] Parser state 'start': key is 86dd
[13:35:23.160] [bmv2] [T] [thread 4202] [2.0] [cxt 0] Bytes parsed: 14
[13:35:23.160] [bmv2] [D] [thread 4202] [2.0] [cxt 0] Parser 'parser': end
[13:35:23.160] [bmv2] [D] [thread 4202] [2.0] [cxt 0] Pipeline 'ingress': start
[13:35:23.160] [bmv2] [T] [thread 4202] [2.0] [cxt 0] basic.p4(115) Condition "        if (hdr.ipv4.isValid()) { /*avaliar a qualidade do header \"hdr\" aqui ainda OG*/" (node_2) is false
[13:35:23.160] [bmv2] [D] [thread 4202] [2.0] [cxt 0] Pipeline 'ingress': end
[13:35:23.160] [bmv2] [D] [thread 4202] [2.0] [cxt 0] Egress port is 0
[13:35:23.159] [bmv2] [D] [thread 4203] [0.0] [cxt 0] Pipeline 'egress': start
[13:35:23.160] [bmv2] [D] [thread 4203] [0.0] [cxt 0] Pipeline 'egress': end
[13:35:23.160] [bmv2] [D] [thread 4203] [0.0] [cxt 0] Deparser 'deparser': start
[13:35:23.160] [bmv2] [T] [thread 4203] [0.0] [cxt 0] Skipping checksum 'cksum' update because condition not met
[13:35:23.160] [bmv2] [D] [thread 4203] [0.0] [cxt 0] Deparsing header 'ethernet'
[13:35:23.160] [bmv2] [D] [thread 4203] [0.0] [cxt 0] Deparser 'deparser': end
[13:35:23.161] [bmv2] [D] [thread 4203] [1.0] [cxt 0] Pipeline 'egress': start
[13:35:23.161] [bmv2] [D] [thread 4203] [1.0] [cxt 0] Pipeline 'egress': end
[13:35:23.161] [bmv2] [D] [thread 4203] [1.0] [cxt 0] Deparser 'deparser': start
[13:35:23.161] [bmv2] [T] [thread 4203] [1.0] [cxt 0] Skipping checksum 'cksum' update because condition not met
[13:35:23.161] [bmv2] [D] [thread 4203] [1.0] [cxt 0] Deparsing header 'ethernet'
[13:35:23.161] [bmv2] [D] [thread 4203] [1.0] [cxt 0] Deparser 'deparser': end
[13:35:23.161] [bmv2] [D] [thread 4203] [2.0] [cxt 0] Pipeline 'egress': start
[13:35:23.161] [bmv2] [D] [thread 4203] [2.0] [cxt 0] Pipeline 'egress': end
[13:35:23.161] [bmv2] [D] [thread 4203] [2.0] [cxt 0] Deparser 'deparser': start
[13:35:23.161] [bmv2] [T] [thread 4203] [2.0] [cxt 0] Skipping checksum 'cksum' update because condition not met
[13:35:23.161] [bmv2] [D] [thread 4203] [2.0] [cxt 0] Deparsing header 'ethernet'
[13:35:23.161] [bmv2] [D] [thread 4203] [2.0] [cxt 0] Deparser 'deparser': end
[13:35:23.161] [bmv2] [D] [thread 4207] [0.0] [cxt 0] Transmitting packet of size 90 out of port 0
[13:35:23.162] [bmv2] [D] [thread 4207] [1.0] [cxt 0] Transmitting packet of size 70 out of port 0
[13:35:23.162] [bmv2] [D] [thread 4207] [2.0] [cxt 0] Transmitting packet of size 90 out of port 0
[13:35:23.316] [bmv2] [D] [thread 4202] [3.0] [cxt 0] Processing packet received on port 1
[13:35:23.316] [bmv2] [D] [thread 4202] [3.0] [cxt 0] Parser 'parser': start
[13:35:23.316] [bmv2] [D] [thread 4202] [3.0] [cxt 0] Parser 'parser' entering state 'start'
[13:35:23.316] [bmv2] [D] [thread 4202] [3.0] [cxt 0] Extracting header 'ethernet'
[13:35:23.316] [bmv2] [D] [thread 4202] [3.0] [cxt 0] Parser state 'start': key is 86dd
[13:35:23.316] [bmv2] [T] [thread 4202] [3.0] [cxt 0] Bytes parsed: 14
[13:35:23.316] [bmv2] [D] [thread 4202] [3.0] [cxt 0] Parser 'parser': end
[13:35:23.316] [bmv2] [D] [thread 4202] [3.0] [cxt 0] Pipeline 'ingress': start
[13:35:23.316] [bmv2] [T] [thread 4202] [3.0] [cxt 0] basic.p4(115) Condition "        if (hdr.ipv4.isValid()) { /*avaliar a qualidade do header \"hdr\" aqui ainda OG*/" (node_2) is false
[13:35:23.317] [bmv2] [D] [thread 4202] [3.0] [cxt 0] Pipeline 'ingress': end
[13:35:23.317] [bmv2] [D] [thread 4202] [3.0] [cxt 0] Egress port is 0
[13:35:23.317] [bmv2] [D] [thread 4202] [4.0] [cxt 0] Processing packet received on port 1
[13:35:23.318] [bmv2] [D] [thread 4202] [4.0] [cxt 0] Parser 'parser': start
[13:35:23.318] [bmv2] [D] [thread 4202] [4.0] [cxt 0] Parser 'parser' entering state 'start'
[13:35:23.318] [bmv2] [D] [thread 4202] [4.0] [cxt 0] Extracting header 'ethernet'
[13:35:23.318] [bmv2] [D] [thread 4202] [4.0] [cxt 0] Parser state 'start': key is 86dd
[13:35:23.318] [bmv2] [T] [thread 4202] [4.0] [cxt 0] Bytes parsed: 14
[13:35:23.318] [bmv2] [D] [thread 4202] [4.0] [cxt 0] Parser 'parser': end
[13:35:23.318] [bmv2] [D] [thread 4202] [4.0] [cxt 0] Pipeline 'ingress': start
[13:35:23.318] [bmv2] [T] [thread 4202] [4.0] [cxt 0] basic.p4(115) Condition "        if (hdr.ipv4.isValid()) { /*avaliar a qualidade do header \"hdr\" aqui ainda OG*/" (node_2) is false
[13:35:23.318] [bmv2] [D] [thread 4202] [4.0] [cxt 0] Pipeline 'ingress': end
[13:35:23.318] [bmv2] [D] [thread 4202] [4.0] [cxt 0] Egress port is 0
[13:35:23.321] [bmv2] [D] [thread 4203] [3.0] [cxt 0] Pipeline 'egress': start
[13:35:23.321] [bmv2] [D] [thread 4203] [3.0] [cxt 0] Pipeline 'egress': end
[13:35:23.321] [bmv2] [D] [thread 4203] [3.0] [cxt 0] Deparser 'deparser': start
[13:35:23.321] [bmv2] [T] [thread 4203] [3.0] [cxt 0] Skipping checksum 'cksum' update because condition not met
[13:35:23.321] [bmv2] [D] [thread 4203] [3.0] [cxt 0] Deparsing header 'ethernet'
[13:35:23.321] [bmv2] [D] [thread 4203] [3.0] [cxt 0] Deparser 'deparser': end
[13:35:23.321] [bmv2] [D] [thread 4203] [4.0] [cxt 0] Pipeline 'egress': start
[13:35:23.321] [bmv2] [D] [thread 4203] [4.0] [cxt 0] Pipeline 'egress': end
[13:35:23.321] [bmv2] [D] [thread 4203] [4.0] [cxt 0] Deparser 'deparser': start
[13:35:23.321] [bmv2] [T] [thread 4203] [4.0] [cxt 0] Skipping checksum 'cksum' update because condition not met
[13:35:23.321] [bmv2] [D] [thread 4203] [4.0] [cxt 0] Deparsing header 'ethernet'
[13:35:23.321] [bmv2] [D] [thread 4203] [4.0] [cxt 0] Deparser 'deparser': end
[13:35:23.321] [bmv2] [D] [thread 4207] [3.0] [cxt 0] Transmitting packet of size 90 out of port 0
[13:35:23.321] [bmv2] [D] [thread 4207] [4.0] [cxt 0] Transmitting packet of size 70 out of port 0
[13:35:23.481] [bmv2] [D] [thread 4202] [5.0] [cxt 0] Processing packet received on port 3
[13:35:23.481] [bmv2] [D] [thread 4202] [5.0] [cxt 0] Parser 'parser': start
[13:35:23.481] [bmv2] [D] [thread 4202] [5.0] [cxt 0] Parser 'parser' entering state 'start'
[13:35:23.481] [bmv2] [D] [thread 4202] [5.0] [cxt 0] Extracting header 'ethernet'
[13:35:23.481] [bmv2] [D] [thread 4202] [5.0] [cxt 0] Parser state 'start': key is 86dd
[13:35:23.481] [bmv2] [T] [thread 4202] [5.0] [cxt 0] Bytes parsed: 14
[13:35:23.481] [bmv2] [D] [thread 4202] [5.0] [cxt 0] Parser 'parser': end
[13:35:23.481] [bmv2] [D] [thread 4202] [5.0] [cxt 0] Pipeline 'ingress': start
[13:35:23.481] [bmv2] [T] [thread 4202] [5.0] [cxt 0] basic.p4(115) Condition "        if (hdr.ipv4.isValid()) { /*avaliar a qualidade do header \"hdr\" aqui ainda OG*/" (node_2) is false
[13:35:23.481] [bmv2] [D] [thread 4202] [5.0] [cxt 0] Pipeline 'ingress': end
[13:35:23.481] [bmv2] [D] [thread 4202] [5.0] [cxt 0] Egress port is 0
[13:35:23.481] [bmv2] [D] [thread 4202] [6.0] [cxt 0] Processing packet received on port 3
[13:35:23.481] [bmv2] [D] [thread 4202] [6.0] [cxt 0] Parser 'parser': start
[13:35:23.481] [bmv2] [D] [thread 4202] [6.0] [cxt 0] Parser 'parser' entering state 'start'
[13:35:23.481] [bmv2] [D] [thread 4202] [6.0] [cxt 0] Extracting header 'ethernet'
[13:35:23.481] [bmv2] [D] [thread 4202] [6.0] [cxt 0] Parser state 'start': key is 86dd
[13:35:23.481] [bmv2] [T] [thread 4202] [6.0] [cxt 0] Bytes parsed: 14
[13:35:23.481] [bmv2] [D] [thread 4202] [6.0] [cxt 0] Parser 'parser': end
[13:35:23.481] [bmv2] [D] [thread 4202] [6.0] [cxt 0] Pipeline 'ingress': start
[13:35:23.481] [bmv2] [T] [thread 4202] [6.0] [cxt 0] basic.p4(115) Condition "        if (hdr.ipv4.isValid()) { /*avaliar a qualidade do header \"hdr\" aqui ainda OG*/" (node_2) is false
[13:35:23.481] [bmv2] [D] [thread 4202] [6.0] [cxt 0] Pipeline 'ingress': end
[13:35:23.481] [bmv2] [D] [thread 4202] [6.0] [cxt 0] Egress port is 0
[13:35:23.483] [bmv2] [D] [thread 4203] [5.0] [cxt 0] Pipeline 'egress': start
[13:35:23.483] [bmv2] [D] [thread 4203] [5.0] [cxt 0] Pipeline 'egress': end
[13:35:23.483] [bmv2] [D] [thread 4203] [5.0] [cxt 0] Deparser 'deparser': start
[13:35:23.483] [bmv2] [T] [thread 4203] [5.0] [cxt 0] Skipping checksum 'cksum' update because condition not met
[13:35:23.483] [bmv2] [D] [thread 4203] [5.0] [cxt 0] Deparsing header 'ethernet'
[13:35:23.483] [bmv2] [D] [thread 4203] [5.0] [cxt 0] Deparser 'deparser': end
[13:35:23.483] [bmv2] [D] [thread 4203] [6.0] [cxt 0] Pipeline 'egress': start
[13:35:23.483] [bmv2] [D] [thread 4203] [6.0] [cxt 0] Pipeline 'egress': end
[13:35:23.483] [bmv2] [D] [thread 4203] [6.0] [cxt 0] Deparser 'deparser': start
[13:35:23.483] [bmv2] [T] [thread 4203] [6.0] [cxt 0] Skipping checksum 'cksum' update because condition not met
[13:35:23.483] [bmv2] [D] [thread 4203] [6.0] [cxt 0] Deparsing header 'ethernet'
[13:35:23.483] [bmv2] [D] [thread 4203] [6.0] [cxt 0] Deparser 'deparser': end
[13:35:23.485] [bmv2] [D] [thread 4207] [5.0] [cxt 0] Transmitting packet of size 90 out of port 0
[13:35:23.485] [bmv2] [D] [thread 4207] [6.0] [cxt 0] Transmitting packet of size 70 out of port 0
[13:35:23.602] [bmv2] [D] [thread 4202] [7.0] [cxt 0] Processing packet received on port 2
[13:35:23.602] [bmv2] [D] [thread 4202] [7.0] [cxt 0] Parser 'parser': start
[13:35:23.602] [bmv2] [D] [thread 4202] [7.0] [cxt 0] Parser 'parser' entering state 'start'
[13:35:23.602] [bmv2] [D] [thread 4202] [7.0] [cxt 0] Extracting header 'ethernet'
[13:35:23.602] [bmv2] [D] [thread 4202] [7.0] [cxt 0] Parser state 'start': key is 86dd
[13:35:23.602] [bmv2] [T] [thread 4202] [7.0] [cxt 0] Bytes parsed: 14
[13:35:23.602] [bmv2] [D] [thread 4202] [7.0] [cxt 0] Parser 'parser': end
[13:35:23.602] [bmv2] [D] [thread 4202] [7.0] [cxt 0] Pipeline 'ingress': start
[13:35:23.602] [bmv2] [T] [thread 4202] [7.0] [cxt 0] basic.p4(115) Condition "        if (hdr.ipv4.isValid()) { /*avaliar a qualidade do header \"hdr\" aqui ainda OG*/" (node_2) is false
[13:35:23.602] [bmv2] [D] [thread 4202] [7.0] [cxt 0] Pipeline 'ingress': end
[13:35:23.602] [bmv2] [D] [thread 4202] [7.0] [cxt 0] Egress port is 0
[13:35:23.602] [bmv2] [D] [thread 4203] [7.0] [cxt 0] Pipeline 'egress': start
[13:35:23.602] [bmv2] [D] [thread 4203] [7.0] [cxt 0] Pipeline 'egress': end
[13:35:23.602] [bmv2] [D] [thread 4203] [7.0] [cxt 0] Deparser 'deparser': start
[13:35:23.602] [bmv2] [T] [thread 4203] [7.0] [cxt 0] Skipping checksum 'cksum' update because condition not met
[13:35:23.602] [bmv2] [D] [thread 4203] [7.0] [cxt 0] Deparsing header 'ethernet'
[13:35:23.602] [bmv2] [D] [thread 4203] [7.0] [cxt 0] Deparser 'deparser': end
[13:35:23.602] [bmv2] [D] [thread 4207] [7.0] [cxt 0] Transmitting packet of size 90 out of port 0
[13:35:23.758] [bmv2] [D] [thread 4202] [8.0] [cxt 0] Processing packet received on port 4
[13:35:23.758] [bmv2] [D] [thread 4202] [8.0] [cxt 0] Parser 'parser': start
[13:35:23.758] [bmv2] [D] [thread 4202] [8.0] [cxt 0] Parser 'parser' entering state 'start'
[13:35:23.758] [bmv2] [D] [thread 4202] [8.0] [cxt 0] Extracting header 'ethernet'
[13:35:23.758] [bmv2] [D] [thread 4202] [8.0] [cxt 0] Parser state 'start': key is 86dd
[13:35:23.758] [bmv2] [T] [thread 4202] [8.0] [cxt 0] Bytes parsed: 14
[13:35:23.758] [bmv2] [D] [thread 4202] [8.0] [cxt 0] Parser 'parser': end
[13:35:23.758] [bmv2] [D] [thread 4202] [8.0] [cxt 0] Pipeline 'ingress': start
[13:35:23.758] [bmv2] [T] [thread 4202] [8.0] [cxt 0] basic.p4(115) Condition "        if (hdr.ipv4.isValid()) { /*avaliar a qualidade do header \"hdr\" aqui ainda OG*/" (node_2) is false
[13:35:23.758] [bmv2] [D] [thread 4202] [8.0] [cxt 0] Pipeline 'ingress': end
[13:35:23.758] [bmv2] [D] [thread 4202] [8.0] [cxt 0] Egress port is 0
[13:35:23.758] [bmv2] [D] [thread 4202] [9.0] [cxt 0] Processing packet received on port 4
[13:35:23.758] [bmv2] [D] [thread 4202] [9.0] [cxt 0] Parser 'parser': start
[13:35:23.758] [bmv2] [D] [thread 4202] [9.0] [cxt 0] Parser 'parser' entering state 'start'
[13:35:23.758] [bmv2] [D] [thread 4202] [9.0] [cxt 0] Extracting header 'ethernet'
[13:35:23.758] [bmv2] [D] [thread 4202] [9.0] [cxt 0] Parser state 'start': key is 86dd
[13:35:23.758] [bmv2] [T] [thread 4202] [9.0] [cxt 0] Bytes parsed: 14
[13:35:23.758] [bmv2] [D] [thread 4202] [9.0] [cxt 0] Parser 'parser': end
[13:35:23.758] [bmv2] [D] [thread 4202] [9.0] [cxt 0] Pipeline 'ingress': start
[13:35:23.758] [bmv2] [T] [thread 4202] [9.0] [cxt 0] basic.p4(115) Condition "        if (hdr.ipv4.isValid()) { /*avaliar a qualidade do header \"hdr\" aqui ainda OG*/" (node_2) is false
[13:35:23.758] [bmv2] [D] [thread 4202] [9.0] [cxt 0] Pipeline 'ingress': end
[13:35:23.758] [bmv2] [D] [thread 4202] [9.0] [cxt 0] Egress port is 0
[13:35:23.758] [bmv2] [D] [thread 4203] [8.0] [cxt 0] Pipeline 'egress': start
[13:35:23.758] [bmv2] [D] [thread 4203] [8.0] [cxt 0] Pipeline 'egress': end
[13:35:23.758] [bmv2] [D] [thread 4203] [8.0] [cxt 0] Deparser 'deparser': start
[13:35:23.758] [bmv2] [T] [thread 4203] [8.0] [cxt 0] Skipping checksum 'cksum' update because condition not met
[13:35:23.758] [bmv2] [D] [thread 4203] [8.0] [cxt 0] Deparsing header 'ethernet'
[13:35:23.758] [bmv2] [D] [thread 4203] [8.0] [cxt 0] Deparser 'deparser': end
[13:35:23.758] [bmv2] [D] [thread 4203] [9.0] [cxt 0] Pipeline 'egress': start
[13:35:23.758] [bmv2] [D] [thread 4203] [9.0] [cxt 0] Pipeline 'egress': end
[13:35:23.758] [bmv2] [D] [thread 4203] [9.0] [cxt 0] Deparser 'deparser': start
[13:35:23.758] [bmv2] [T] [thread 4203] [9.0] [cxt 0] Skipping checksum 'cksum' update because condition not met
[13:35:23.758] [bmv2] [D] [thread 4203] [9.0] [cxt 0] Deparsing header 'ethernet'
[13:35:23.758] [bmv2] [D] [thread 4203] [9.0] [cxt 0] Deparser 'deparser': end
[13:35:23.758] [bmv2] [D] [thread 4207] [8.0] [cxt 0] Transmitting packet of size 90 out of port 0
[13:35:23.758] [bmv2] [D] [thread 4207] [9.0] [cxt 0] Transmitting packet of size 70 out of port 0
[13:35:24.025] [bmv2] [D] [thread 4202] [10.0] [cxt 0] Processing packet received on port 3
[13:35:24.025] [bmv2] [D] [thread 4202] [10.0] [cxt 0] Parser 'parser': start
[13:35:24.025] [bmv2] [D] [thread 4202] [10.0] [cxt 0] Parser 'parser' entering state 'start'
[13:35:24.025] [bmv2] [D] [thread 4202] [10.0] [cxt 0] Extracting header 'ethernet'
[13:35:24.025] [bmv2] [D] [thread 4202] [10.0] [cxt 0] Parser state 'start': key is 86dd
[13:35:24.025] [bmv2] [T] [thread 4202] [10.0] [cxt 0] Bytes parsed: 14
[13:35:24.025] [bmv2] [D] [thread 4202] [10.0] [cxt 0] Parser 'parser': end
[13:35:24.025] [bmv2] [D] [thread 4202] [10.0] [cxt 0] Pipeline 'ingress': start
[13:35:24.025] [bmv2] [T] [thread 4202] [10.0] [cxt 0] basic.p4(115) Condition "        if (hdr.ipv4.isValid()) { /*avaliar a qualidade do header \"hdr\" aqui ainda OG*/" (node_2) is false
[13:35:24.025] [bmv2] [D] [thread 4202] [10.0] [cxt 0] Pipeline 'ingress': end
[13:35:24.025] [bmv2] [D] [thread 4202] [10.0] [cxt 0] Egress port is 0
[13:35:24.025] [bmv2] [D] [thread 4202] [11.0] [cxt 0] Processing packet received on port 4
[13:35:24.025] [bmv2] [D] [thread 4202] [11.0] [cxt 0] Parser 'parser': start
[13:35:24.025] [bmv2] [D] [thread 4202] [11.0] [cxt 0] Parser 'parser' entering state 'start'
[13:35:24.025] [bmv2] [D] [thread 4202] [11.0] [cxt 0] Extracting header 'ethernet'
[13:35:24.025] [bmv2] [D] [thread 4202] [11.0] [cxt 0] Parser state 'start': key is 86dd
[13:35:24.025] [bmv2] [T] [thread 4202] [11.0] [cxt 0] Bytes parsed: 14
[13:35:24.025] [bmv2] [D] [thread 4202] [11.0] [cxt 0] Parser 'parser': end
[13:35:24.025] [bmv2] [D] [thread 4202] [11.0] [cxt 0] Pipeline 'ingress': start
[13:35:24.026] [bmv2] [T] [thread 4202] [11.0] [cxt 0] basic.p4(115) Condition "        if (hdr.ipv4.isValid()) { /*avaliar a qualidade do header \"hdr\" aqui ainda OG*/" (node_2) is false
[13:35:24.026] [bmv2] [D] [thread 4202] [11.0] [cxt 0] Pipeline 'ingress': end
[13:35:24.026] [bmv2] [D] [thread 4202] [11.0] [cxt 0] Egress port is 0
[13:35:24.026] [bmv2] [D] [thread 4202] [12.0] [cxt 0] Processing packet received on port 3
[13:35:24.026] [bmv2] [D] [thread 4202] [12.0] [cxt 0] Parser 'parser': start
[13:35:24.026] [bmv2] [D] [thread 4202] [12.0] [cxt 0] Parser 'parser' entering state 'start'
[13:35:24.026] [bmv2] [D] [thread 4202] [12.0] [cxt 0] Extracting header 'ethernet'
[13:35:24.026] [bmv2] [D] [thread 4202] [12.0] [cxt 0] Parser state 'start': key is 86dd
[13:35:24.026] [bmv2] [T] [thread 4202] [12.0] [cxt 0] Bytes parsed: 14
[13:35:24.026] [bmv2] [D] [thread 4202] [12.0] [cxt 0] Parser 'parser': end
[13:35:24.026] [bmv2] [D] [thread 4202] [12.0] [cxt 0] Pipeline 'ingress': start
[13:35:24.026] [bmv2] [T] [thread 4202] [12.0] [cxt 0] basic.p4(115) Condition "        if (hdr.ipv4.isValid()) { /*avaliar a qualidade do header \"hdr\" aqui ainda OG*/" (node_2) is false
[13:35:24.026] [bmv2] [D] [thread 4202] [12.0] [cxt 0] Pipeline 'ingress': end
[13:35:24.026] [bmv2] [D] [thread 4202] [12.0] [cxt 0] Egress port is 0
[13:35:24.026] [bmv2] [D] [thread 4202] [13.0] [cxt 0] Processing packet received on port 4
[13:35:24.026] [bmv2] [D] [thread 4202] [13.0] [cxt 0] Parser 'parser': start
[13:35:24.026] [bmv2] [D] [thread 4202] [13.0] [cxt 0] Parser 'parser' entering state 'start'
[13:35:24.026] [bmv2] [D] [thread 4202] [13.0] [cxt 0] Extracting header 'ethernet'
[13:35:24.026] [bmv2] [D] [thread 4202] [13.0] [cxt 0] Parser state 'start': key is 86dd
[13:35:24.026] [bmv2] [T] [thread 4202] [13.0] [cxt 0] Bytes parsed: 14
[13:35:24.026] [bmv2] [D] [thread 4202] [13.0] [cxt 0] Parser 'parser': end
[13:35:24.026] [bmv2] [D] [thread 4202] [13.0] [cxt 0] Pipeline 'ingress': start
[13:35:24.026] [bmv2] [T] [thread 4202] [13.0] [cxt 0] basic.p4(115) Condition "        if (hdr.ipv4.isValid()) { /*avaliar a qualidade do header \"hdr\" aqui ainda OG*/" (node_2) is false
[13:35:24.026] [bmv2] [D] [thread 4202] [13.0] [cxt 0] Pipeline 'ingress': end
[13:35:24.026] [bmv2] [D] [thread 4202] [13.0] [cxt 0] Egress port is 0
[13:35:24.026] [bmv2] [D] [thread 4203] [10.0] [cxt 0] Pipeline 'egress': start
[13:35:24.026] [bmv2] [D] [thread 4203] [10.0] [cxt 0] Pipeline 'egress': end
[13:35:24.026] [bmv2] [D] [thread 4203] [10.0] [cxt 0] Deparser 'deparser': start
[13:35:24.026] [bmv2] [T] [thread 4203] [10.0] [cxt 0] Skipping checksum 'cksum' update because condition not met
[13:35:24.026] [bmv2] [D] [thread 4203] [10.0] [cxt 0] Deparsing header 'ethernet'
[13:35:24.026] [bmv2] [D] [thread 4203] [10.0] [cxt 0] Deparser 'deparser': end
[13:35:24.026] [bmv2] [D] [thread 4203] [11.0] [cxt 0] Pipeline 'egress': start
[13:35:24.026] [bmv2] [D] [thread 4203] [11.0] [cxt 0] Pipeline 'egress': end
[13:35:24.026] [bmv2] [D] [thread 4203] [11.0] [cxt 0] Deparser 'deparser': start
[13:35:24.026] [bmv2] [T] [thread 4203] [11.0] [cxt 0] Skipping checksum 'cksum' update because condition not met
[13:35:24.026] [bmv2] [D] [thread 4203] [11.0] [cxt 0] Deparsing header 'ethernet'
[13:35:24.026] [bmv2] [D] [thread 4203] [11.0] [cxt 0] Deparser 'deparser': end
[13:35:24.026] [bmv2] [D] [thread 4203] [12.0] [cxt 0] Pipeline 'egress': start
[13:35:24.026] [bmv2] [D] [thread 4203] [12.0] [cxt 0] Pipeline 'egress': end
[13:35:24.026] [bmv2] [D] [thread 4203] [12.0] [cxt 0] Deparser 'deparser': start
[13:35:24.026] [bmv2] [T] [thread 4203] [12.0] [cxt 0] Skipping checksum 'cksum' update because condition not met
[13:35:24.026] [bmv2] [D] [thread 4203] [12.0] [cxt 0] Deparsing header 'ethernet'
[13:35:24.026] [bmv2] [D] [thread 4203] [12.0] [cxt 0] Deparser 'deparser': end
[13:35:24.026] [bmv2] [D] [thread 4203] [13.0] [cxt 0] Pipeline 'egress': start
[13:35:24.026] [bmv2] [D] [thread 4203] [13.0] [cxt 0] Pipeline 'egress': end
[13:35:24.026] [bmv2] [D] [thread 4203] [13.0] [cxt 0] Deparser 'deparser': start
[13:35:24.026] [bmv2] [T] [thread 4203] [13.0] [cxt 0] Skipping checksum 'cksum' update because condition not met
[13:35:24.026] [bmv2] [D] [thread 4203] [13.0] [cxt 0] Deparsing header 'ethernet'
[13:35:24.026] [bmv2] [D] [thread 4203] [13.0] [cxt 0] Deparser 'deparser': end
[13:35:24.026] [bmv2] [D] [thread 4207] [10.0] [cxt 0] Transmitting packet of size 90 out of port 0
[13:35:24.026] [bmv2] [D] [thread 4207] [11.0] [cxt 0] Transmitting packet of size 90 out of port 0
[13:35:24.026] [bmv2] [D] [thread 4207] [12.0] [cxt 0] Transmitting packet of size 70 out of port 0
[13:35:24.026] [bmv2] [D] [thread 4207] [13.0] [cxt 0] Transmitting packet of size 70 out of port 0
[13:35:24.193] [bmv2] [D] [thread 4202] [14.0] [cxt 0] Processing packet received on port 3
[13:35:24.193] [bmv2] [D] [thread 4202] [14.0] [cxt 0] Parser 'parser': start
[13:35:24.193] [bmv2] [D] [thread 4202] [14.0] [cxt 0] Parser 'parser' entering state 'start'
[13:35:24.193] [bmv2] [D] [thread 4202] [14.0] [cxt 0] Extracting header 'ethernet'
[13:35:24.193] [bmv2] [D] [thread 4202] [14.0] [cxt 0] Parser state 'start': key is 86dd
[13:35:24.193] [bmv2] [T] [thread 4202] [14.0] [cxt 0] Bytes parsed: 14
[13:35:24.193] [bmv2] [D] [thread 4202] [14.0] [cxt 0] Parser 'parser': end
[13:35:24.193] [bmv2] [D] [thread 4202] [14.0] [cxt 0] Pipeline 'ingress': start
[13:35:24.193] [bmv2] [T] [thread 4202] [14.0] [cxt 0] basic.p4(115) Condition "        if (hdr.ipv4.isValid()) { /*avaliar a qualidade do header \"hdr\" aqui ainda OG*/" (node_2) is false
[13:35:24.193] [bmv2] [D] [thread 4202] [14.0] [cxt 0] Pipeline 'ingress': end
[13:35:24.193] [bmv2] [D] [thread 4202] [14.0] [cxt 0] Egress port is 0
[13:35:24.193] [bmv2] [D] [thread 4203] [14.0] [cxt 0] Pipeline 'egress': start
[13:35:24.193] [bmv2] [D] [thread 4203] [14.0] [cxt 0] Pipeline 'egress': end
[13:35:24.193] [bmv2] [D] [thread 4203] [14.0] [cxt 0] Deparser 'deparser': start
[13:35:24.193] [bmv2] [T] [thread 4203] [14.0] [cxt 0] Skipping checksum 'cksum' update because condition not met
[13:35:24.193] [bmv2] [D] [thread 4203] [14.0] [cxt 0] Deparsing header 'ethernet'
[13:35:24.193] [bmv2] [D] [thread 4203] [14.0] [cxt 0] Deparser 'deparser': end
[13:35:24.193] [bmv2] [D] [thread 4207] [14.0] [cxt 0] Transmitting packet of size 90 out of port 0
[13:35:24.248] [bmv2] [D] [thread 4202] [15.0] [cxt 0] Processing packet received on port 1
[13:35:24.248] [bmv2] [D] [thread 4202] [15.0] [cxt 0] Parser 'parser': start
[13:35:24.248] [bmv2] [D] [thread 4202] [15.0] [cxt 0] Parser 'parser' entering state 'start'
[13:35:24.248] [bmv2] [D] [thread 4202] [15.0] [cxt 0] Extracting header 'ethernet'
[13:35:24.248] [bmv2] [D] [thread 4202] [15.0] [cxt 0] Parser state 'start': key is 86dd
[13:35:24.248] [bmv2] [T] [thread 4202] [15.0] [cxt 0] Bytes parsed: 14
[13:35:24.248] [bmv2] [D] [thread 4202] [15.0] [cxt 0] Parser 'parser': end
[13:35:24.248] [bmv2] [D] [thread 4202] [15.0] [cxt 0] Pipeline 'ingress': start
[13:35:24.248] [bmv2] [T] [thread 4202] [15.0] [cxt 0] basic.p4(115) Condition "        if (hdr.ipv4.isValid()) { /*avaliar a qualidade do header \"hdr\" aqui ainda OG*/" (node_2) is false
[13:35:24.248] [bmv2] [D] [thread 4202] [15.0] [cxt 0] Pipeline 'ingress': end
[13:35:24.248] [bmv2] [D] [thread 4202] [15.0] [cxt 0] Egress port is 0
[13:35:24.249] [bmv2] [D] [thread 4203] [15.0] [cxt 0] Pipeline 'egress': start
[13:35:24.249] [bmv2] [D] [thread 4203] [15.0] [cxt 0] Pipeline 'egress': end
[13:35:24.249] [bmv2] [D] [thread 4203] [15.0] [cxt 0] Deparser 'deparser': start
[13:35:24.249] [bmv2] [T] [thread 4203] [15.0] [cxt 0] Skipping checksum 'cksum' update because condition not met
[13:35:24.249] [bmv2] [D] [thread 4203] [15.0] [cxt 0] Deparsing header 'ethernet'
[13:35:24.249] [bmv2] [D] [thread 4203] [15.0] [cxt 0] Deparser 'deparser': end
[13:35:24.249] [bmv2] [D] [thread 4207] [15.0] [cxt 0] Transmitting packet of size 90 out of port 0
[13:35:24.275] [bmv2] [D] [thread 4202] [16.0] [cxt 0] Processing packet received on port 4
[13:35:24.275] [bmv2] [D] [thread 4202] [16.0] [cxt 0] Parser 'parser': start
[13:35:24.275] [bmv2] [D] [thread 4202] [16.0] [cxt 0] Parser 'parser' entering state 'start'
[13:35:24.275] [bmv2] [D] [thread 4202] [16.0] [cxt 0] Extracting header 'ethernet'
[13:35:24.275] [bmv2] [D] [thread 4202] [16.0] [cxt 0] Parser state 'start': key is 86dd
[13:35:24.275] [bmv2] [T] [thread 4202] [16.0] [cxt 0] Bytes parsed: 14
[13:35:24.275] [bmv2] [D] [thread 4202] [16.0] [cxt 0] Parser 'parser': end
[13:35:24.275] [bmv2] [D] [thread 4202] [16.0] [cxt 0] Pipeline 'ingress': start
[13:35:24.275] [bmv2] [T] [thread 4202] [16.0] [cxt 0] basic.p4(115) Condition "        if (hdr.ipv4.isValid()) { /*avaliar a qualidade do header \"hdr\" aqui ainda OG*/" (node_2) is false
[13:35:24.275] [bmv2] [D] [thread 4202] [16.0] [cxt 0] Pipeline 'ingress': end
[13:35:24.275] [bmv2] [D] [thread 4202] [16.0] [cxt 0] Egress port is 0
[13:35:24.275] [bmv2] [D] [thread 4203] [16.0] [cxt 0] Pipeline 'egress': start
[13:35:24.275] [bmv2] [D] [thread 4203] [16.0] [cxt 0] Pipeline 'egress': end
[13:35:24.275] [bmv2] [D] [thread 4203] [16.0] [cxt 0] Deparser 'deparser': start
[13:35:24.275] [bmv2] [T] [thread 4203] [16.0] [cxt 0] Skipping checksum 'cksum' update because condition not met
[13:35:24.275] [bmv2] [D] [thread 4203] [16.0] [cxt 0] Deparsing header 'ethernet'
[13:35:24.275] [bmv2] [D] [thread 4203] [16.0] [cxt 0] Deparser 'deparser': end
[13:35:24.275] [bmv2] [D] [thread 4207] [16.0] [cxt 0] Transmitting packet of size 90 out of port 0
[13:35:24.467] [bmv2] [D] [thread 4202] [17.0] [cxt 0] Processing packet received on port 3
[13:35:24.467] [bmv2] [D] [thread 4202] [17.0] [cxt 0] Parser 'parser': start
[13:35:24.467] [bmv2] [D] [thread 4202] [17.0] [cxt 0] Parser 'parser' entering state 'start'
[13:35:24.467] [bmv2] [D] [thread 4202] [17.0] [cxt 0] Extracting header 'ethernet'
[13:35:24.467] [bmv2] [D] [thread 4202] [17.0] [cxt 0] Parser state 'start': key is 86dd
[13:35:24.467] [bmv2] [T] [thread 4202] [17.0] [cxt 0] Bytes parsed: 14
[13:35:24.467] [bmv2] [D] [thread 4202] [17.0] [cxt 0] Parser 'parser': end
[13:35:24.467] [bmv2] [D] [thread 4202] [17.0] [cxt 0] Pipeline 'ingress': start
[13:35:24.468] [bmv2] [T] [thread 4202] [17.0] [cxt 0] basic.p4(115) Condition "        if (hdr.ipv4.isValid()) { /*avaliar a qualidade do header \"hdr\" aqui ainda OG*/" (node_2) is false
[13:35:24.468] [bmv2] [D] [thread 4202] [17.0] [cxt 0] Pipeline 'ingress': end
[13:35:24.468] [bmv2] [D] [thread 4202] [17.0] [cxt 0] Egress port is 0
[13:35:24.468] [bmv2] [D] [thread 4203] [17.0] [cxt 0] Pipeline 'egress': start
[13:35:24.468] [bmv2] [D] [thread 4203] [17.0] [cxt 0] Pipeline 'egress': end
[13:35:24.468] [bmv2] [D] [thread 4203] [17.0] [cxt 0] Deparser 'deparser': start
[13:35:24.468] [bmv2] [T] [thread 4203] [17.0] [cxt 0] Skipping checksum 'cksum' update because condition not met
[13:35:24.468] [bmv2] [D] [thread 4203] [17.0] [cxt 0] Deparsing header 'ethernet'
[13:35:24.468] [bmv2] [D] [thread 4203] [17.0] [cxt 0] Deparser 'deparser': end
[13:35:24.468] [bmv2] [D] [thread 4207] [17.0] [cxt 0] Transmitting packet of size 90 out of port 0
[13:35:24.595] [bmv2] [D] [thread 4202] [18.0] [cxt 0] Processing packet received on port 4
[13:35:24.595] [bmv2] [D] [thread 4202] [18.0] [cxt 0] Parser 'parser': start
[13:35:24.595] [bmv2] [D] [thread 4202] [18.0] [cxt 0] Parser 'parser' entering state 'start'
[13:35:24.595] [bmv2] [D] [thread 4202] [18.0] [cxt 0] Extracting header 'ethernet'
[13:35:24.595] [bmv2] [D] [thread 4202] [18.0] [cxt 0] Parser state 'start': key is 86dd
[13:35:24.595] [bmv2] [T] [thread 4202] [18.0] [cxt 0] Bytes parsed: 14
[13:35:24.595] [bmv2] [D] [thread 4202] [18.0] [cxt 0] Parser 'parser': end
[13:35:24.595] [bmv2] [D] [thread 4202] [18.0] [cxt 0] Pipeline 'ingress': start
[13:35:24.595] [bmv2] [T] [thread 4202] [18.0] [cxt 0] basic.p4(115) Condition "        if (hdr.ipv4.isValid()) { /*avaliar a qualidade do header \"hdr\" aqui ainda OG*/" (node_2) is false
[13:35:24.595] [bmv2] [D] [thread 4202] [18.0] [cxt 0] Pipeline 'ingress': end
[13:35:24.595] [bmv2] [D] [thread 4202] [18.0] [cxt 0] Egress port is 0
[13:35:24.596] [bmv2] [D] [thread 4203] [18.0] [cxt 0] Pipeline 'egress': start
[13:35:24.596] [bmv2] [D] [thread 4203] [18.0] [cxt 0] Pipeline 'egress': end
[13:35:24.596] [bmv2] [D] [thread 4203] [18.0] [cxt 0] Deparser 'deparser': start
[13:35:24.596] [bmv2] [T] [thread 4203] [18.0] [cxt 0] Skipping checksum 'cksum' update because condition not met
[13:35:24.596] [bmv2] [D] [thread 4203] [18.0] [cxt 0] Deparsing header 'ethernet'
[13:35:24.596] [bmv2] [D] [thread 4203] [18.0] [cxt 0] Deparser 'deparser': end
[13:35:24.596] [bmv2] [D] [thread 4207] [18.0] [cxt 0] Transmitting packet of size 90 out of port 0
[13:35:25.746] [bmv2] [W] [thread 4287] [P4Runtime] p4::tmp::P4DeviceConfig is deprecated
[13:35:25.748] [bmv2] [D] [thread 4287] Set default default entry for table 'MyIngress.ipv4_lpm': NoAction - 
[13:35:25.750] [bmv2] [D] [thread 4287] simple_switch target has been notified of a config swap
[13:35:25.753] [bmv2] [D] [thread 4289] Set default entry for table 'MyIngress.ipv4_lpm': MyIngress.drop - 
[13:35:25.755] [bmv2] [D] [thread 4287] Entry 0 added to table 'MyIngress.ipv4_lpm'
[13:35:25.755] [bmv2] [D] [thread 4287] Dumping entry 0
Match key:
* hdr.ipv4.dstAddr    : LPM       0a000101/32
Action entry: MyIngress.ipv4_forward - 80000000300,4,

[13:35:25.756] [bmv2] [D] [thread 4289] Entry 1 added to table 'MyIngress.ipv4_lpm'
[13:35:25.756] [bmv2] [D] [thread 4289] Dumping entry 1
Match key:
* hdr.ipv4.dstAddr    : LPM       0a000202/32
Action entry: MyIngress.ipv4_forward - 80000000400,3,

[13:35:25.758] [bmv2] [D] [thread 4289] Entry 2 added to table 'MyIngress.ipv4_lpm'
[13:35:25.758] [bmv2] [D] [thread 4289] Dumping entry 2
Match key:
* hdr.ipv4.dstAddr    : LPM       0a000303/32
Action entry: MyIngress.ipv4_forward - 80000000333,1,

[13:35:25.759] [bmv2] [D] [thread 4289] Entry 3 added to table 'MyIngress.ipv4_lpm'
[13:35:25.759] [bmv2] [D] [thread 4289] Dumping entry 3
Match key:
* hdr.ipv4.dstAddr    : LPM       0a000404/32
Action entry: MyIngress.ipv4_forward - 80000000444,2,

[13:35:27.093] [bmv2] [D] [thread 4202] [19.0] [cxt 0] Processing packet received on port 1
[13:35:27.093] [bmv2] [D] [thread 4202] [19.0] [cxt 0] Parser 'parser': start
[13:35:27.093] [bmv2] [D] [thread 4202] [19.0] [cxt 0] Parser 'parser' entering state 'start'
[13:35:27.093] [bmv2] [D] [thread 4202] [19.0] [cxt 0] Extracting header 'ethernet'
[13:35:27.093] [bmv2] [D] [thread 4202] [19.0] [cxt 0] Parser state 'start': key is 86dd
[13:35:27.095] [bmv2] [T] [thread 4202] [19.0] [cxt 0] Bytes parsed: 14
[13:35:27.095] [bmv2] [D] [thread 4202] [19.0] [cxt 0] Parser 'parser': end
[13:35:27.095] [bmv2] [D] [thread 4202] [19.0] [cxt 0] Pipeline 'ingress': start
[13:35:27.095] [bmv2] [T] [thread 4202] [19.0] [cxt 0] basic.p4(115) Condition "        if (hdr.ipv4.isValid()) { /*avaliar a qualidade do header \"hdr\" aqui ainda OG*/" (node_2) is false
[13:35:27.095] [bmv2] [D] [thread 4202] [19.0] [cxt 0] Pipeline 'ingress': end
[13:35:27.095] [bmv2] [D] [thread 4202] [19.0] [cxt 0] Egress port is 0
[13:35:27.095] [bmv2] [D] [thread 4203] [19.0] [cxt 0] Pipeline 'egress': start
[13:35:27.095] [bmv2] [D] [thread 4203] [19.0] [cxt 0] Pipeline 'egress': end
[13:35:27.095] [bmv2] [D] [thread 4203] [19.0] [cxt 0] Deparser 'deparser': start
[13:35:27.095] [bmv2] [T] [thread 4203] [19.0] [cxt 0] Skipping checksum 'cksum' update because condition not met
[13:35:27.095] [bmv2] [D] [thread 4203] [19.0] [cxt 0] Deparsing header 'ethernet'
[13:35:27.095] [bmv2] [D] [thread 4203] [19.0] [cxt 0] Deparser 'deparser': end
[13:35:27.097] [bmv2] [D] [thread 4207] [19.0] [cxt 0] Transmitting packet of size 70 out of port 0
[13:35:27.097] [bmv2] [D] [thread 4202] [20.0] [cxt 0] Processing packet received on port 2
[13:35:27.097] [bmv2] [D] [thread 4202] [20.0] [cxt 0] Parser 'parser': start
[13:35:27.097] [bmv2] [D] [thread 4202] [20.0] [cxt 0] Parser 'parser' entering state 'start'
[13:35:27.097] [bmv2] [D] [thread 4202] [20.0] [cxt 0] Extracting header 'ethernet'
[13:35:27.097] [bmv2] [D] [thread 4202] [20.0] [cxt 0] Parser state 'start': key is 86dd
[13:35:27.097] [bmv2] [T] [thread 4202] [20.0] [cxt 0] Bytes parsed: 14
[13:35:27.097] [bmv2] [D] [thread 4202] [20.0] [cxt 0] Parser 'parser': end
[13:35:27.097] [bmv2] [D] [thread 4202] [20.0] [cxt 0] Pipeline 'ingress': start
[13:35:27.097] [bmv2] [T] [thread 4202] [20.0] [cxt 0] basic.p4(115) Condition "        if (hdr.ipv4.isValid()) { /*avaliar a qualidade do header \"hdr\" aqui ainda OG*/" (node_2) is false
[13:35:27.097] [bmv2] [D] [thread 4202] [20.0] [cxt 0] Pipeline 'ingress': end
[13:35:27.097] [bmv2] [D] [thread 4202] [20.0] [cxt 0] Egress port is 0
[13:35:27.098] [bmv2] [D] [thread 4203] [20.0] [cxt 0] Pipeline 'egress': start
[13:35:27.098] [bmv2] [D] [thread 4203] [20.0] [cxt 0] Pipeline 'egress': end
[13:35:27.098] [bmv2] [D] [thread 4203] [20.0] [cxt 0] Deparser 'deparser': start
[13:35:27.098] [bmv2] [T] [thread 4203] [20.0] [cxt 0] Skipping checksum 'cksum' update because condition not met
[13:35:27.098] [bmv2] [D] [thread 4203] [20.0] [cxt 0] Deparsing header 'ethernet'
[13:35:27.098] [bmv2] [D] [thread 4203] [20.0] [cxt 0] Deparser 'deparser': end
[13:35:27.098] [bmv2] [D] [thread 4207] [20.0] [cxt 0] Transmitting packet of size 70 out of port 0
[13:35:27.603] [bmv2] [D] [thread 4202] [21.0] [cxt 0] Processing packet received on port 3
[13:35:27.603] [bmv2] [D] [thread 4202] [21.0] [cxt 0] Parser 'parser': start
[13:35:27.603] [bmv2] [D] [thread 4202] [21.0] [cxt 0] Parser 'parser' entering state 'start'
[13:35:27.603] [bmv2] [D] [thread 4202] [21.0] [cxt 0] Extracting header 'ethernet'
[13:35:27.603] [bmv2] [D] [thread 4202] [21.0] [cxt 0] Parser state 'start': key is 86dd
[13:35:27.603] [bmv2] [T] [thread 4202] [21.0] [cxt 0] Bytes parsed: 14
[13:35:27.603] [bmv2] [D] [thread 4202] [21.0] [cxt 0] Parser 'parser': end
[13:35:27.603] [bmv2] [D] [thread 4202] [21.0] [cxt 0] Pipeline 'ingress': start
[13:35:27.603] [bmv2] [T] [thread 4202] [21.0] [cxt 0] basic.p4(115) Condition "        if (hdr.ipv4.isValid()) { /*avaliar a qualidade do header \"hdr\" aqui ainda OG*/" (node_2) is false
[13:35:27.603] [bmv2] [D] [thread 4202] [21.0] [cxt 0] Pipeline 'ingress': end
[13:35:27.603] [bmv2] [D] [thread 4202] [21.0] [cxt 0] Egress port is 0
[13:35:27.604] [bmv2] [D] [thread 4203] [21.0] [cxt 0] Pipeline 'egress': start
[13:35:27.604] [bmv2] [D] [thread 4203] [21.0] [cxt 0] Pipeline 'egress': end
[13:35:27.604] [bmv2] [D] [thread 4203] [21.0] [cxt 0] Deparser 'deparser': start
[13:35:27.604] [bmv2] [T] [thread 4203] [21.0] [cxt 0] Skipping checksum 'cksum' update because condition not met
[13:35:27.604] [bmv2] [D] [thread 4203] [21.0] [cxt 0] Deparsing header 'ethernet'
[13:35:27.604] [bmv2] [D] [thread 4203] [21.0] [cxt 0] Deparser 'deparser': end
[13:35:27.604] [bmv2] [D] [thread 4207] [21.0] [cxt 0] Transmitting packet of size 70 out of port 0
[13:35:27.860] [bmv2] [D] [thread 4202] [22.0] [cxt 0] Processing packet received on port 4
[13:35:27.860] [bmv2] [D] [thread 4202] [22.0] [cxt 0] Parser 'parser': start
[13:35:27.860] [bmv2] [D] [thread 4202] [22.0] [cxt 0] Parser 'parser' entering state 'start'
[13:35:27.860] [bmv2] [D] [thread 4202] [22.0] [cxt 0] Extracting header 'ethernet'
[13:35:27.860] [bmv2] [D] [thread 4202] [22.0] [cxt 0] Parser state 'start': key is 86dd
[13:35:27.860] [bmv2] [T] [thread 4202] [22.0] [cxt 0] Bytes parsed: 14
[13:35:27.860] [bmv2] [D] [thread 4202] [22.0] [cxt 0] Parser 'parser': end
[13:35:27.860] [bmv2] [D] [thread 4202] [22.0] [cxt 0] Pipeline 'ingress': start
[13:35:27.860] [bmv2] [T] [thread 4202] [22.0] [cxt 0] basic.p4(115) Condition "        if (hdr.ipv4.isValid()) { /*avaliar a qualidade do header \"hdr\" aqui ainda OG*/" (node_2) is false
[13:35:27.860] [bmv2] [D] [thread 4202] [22.0] [cxt 0] Pipeline 'ingress': end
[13:35:27.860] [bmv2] [D] [thread 4202] [22.0] [cxt 0] Egress port is 0
[13:35:27.861] [bmv2] [D] [thread 4203] [22.0] [cxt 0] Pipeline 'egress': start
[13:35:27.861] [bmv2] [D] [thread 4203] [22.0] [cxt 0] Pipeline 'egress': end
[13:35:27.861] [bmv2] [D] [thread 4203] [22.0] [cxt 0] Deparser 'deparser': start
[13:35:27.861] [bmv2] [T] [thread 4203] [22.0] [cxt 0] Skipping checksum 'cksum' update because condition not met
[13:35:27.861] [bmv2] [D] [thread 4203] [22.0] [cxt 0] Deparsing header 'ethernet'
[13:35:27.861] [bmv2] [D] [thread 4203] [22.0] [cxt 0] Deparser 'deparser': end
[13:35:27.861] [bmv2] [D] [thread 4207] [22.0] [cxt 0] Transmitting packet of size 70 out of port 0
[13:35:28.116] [bmv2] [D] [thread 4202] [23.0] [cxt 0] Processing packet received on port 3
[13:35:28.116] [bmv2] [D] [thread 4202] [23.0] [cxt 0] Parser 'parser': start
[13:35:28.117] [bmv2] [D] [thread 4202] [23.0] [cxt 0] Parser 'parser' entering state 'start'
[13:35:28.117] [bmv2] [D] [thread 4202] [23.0] [cxt 0] Extracting header 'ethernet'
[13:35:28.117] [bmv2] [D] [thread 4202] [23.0] [cxt 0] Parser state 'start': key is 86dd
[13:35:28.117] [bmv2] [T] [thread 4202] [23.0] [cxt 0] Bytes parsed: 14
[13:35:28.117] [bmv2] [D] [thread 4202] [23.0] [cxt 0] Parser 'parser': end
[13:35:28.117] [bmv2] [D] [thread 4202] [23.0] [cxt 0] Pipeline 'ingress': start
[13:35:28.117] [bmv2] [T] [thread 4202] [23.0] [cxt 0] basic.p4(115) Condition "        if (hdr.ipv4.isValid()) { /*avaliar a qualidade do header \"hdr\" aqui ainda OG*/" (node_2) is false
[13:35:28.117] [bmv2] [D] [thread 4202] [23.0] [cxt 0] Pipeline 'ingress': end
[13:35:28.117] [bmv2] [D] [thread 4202] [23.0] [cxt 0] Egress port is 0
[13:35:28.117] [bmv2] [D] [thread 4202] [24.0] [cxt 0] Processing packet received on port 4
[13:35:28.117] [bmv2] [D] [thread 4202] [24.0] [cxt 0] Parser 'parser': start
[13:35:28.117] [bmv2] [D] [thread 4202] [24.0] [cxt 0] Parser 'parser' entering state 'start'
[13:35:28.117] [bmv2] [D] [thread 4202] [24.0] [cxt 0] Extracting header 'ethernet'
[13:35:28.117] [bmv2] [D] [thread 4202] [24.0] [cxt 0] Parser state 'start': key is 86dd
[13:35:28.117] [bmv2] [T] [thread 4202] [24.0] [cxt 0] Bytes parsed: 14
[13:35:28.117] [bmv2] [D] [thread 4202] [24.0] [cxt 0] Parser 'parser': end
[13:35:28.117] [bmv2] [D] [thread 4202] [24.0] [cxt 0] Pipeline 'ingress': start
[13:35:28.117] [bmv2] [T] [thread 4202] [24.0] [cxt 0] basic.p4(115) Condition "        if (hdr.ipv4.isValid()) { /*avaliar a qualidade do header \"hdr\" aqui ainda OG*/" (node_2) is false
[13:35:28.117] [bmv2] [D] [thread 4202] [24.0] [cxt 0] Pipeline 'ingress': end
[13:35:28.117] [bmv2] [D] [thread 4202] [24.0] [cxt 0] Egress port is 0
[13:35:28.117] [bmv2] [D] [thread 4203] [23.0] [cxt 0] Pipeline 'egress': start
[13:35:28.117] [bmv2] [D] [thread 4203] [23.0] [cxt 0] Pipeline 'egress': end
[13:35:28.117] [bmv2] [D] [thread 4203] [23.0] [cxt 0] Deparser 'deparser': start
[13:35:28.117] [bmv2] [T] [thread 4203] [23.0] [cxt 0] Skipping checksum 'cksum' update because condition not met
[13:35:28.117] [bmv2] [D] [thread 4203] [23.0] [cxt 0] Deparsing header 'ethernet'
[13:35:28.117] [bmv2] [D] [thread 4203] [23.0] [cxt 0] Deparser 'deparser': end
[13:35:28.117] [bmv2] [D] [thread 4203] [24.0] [cxt 0] Pipeline 'egress': start
[13:35:28.117] [bmv2] [D] [thread 4203] [24.0] [cxt 0] Pipeline 'egress': end
[13:35:28.117] [bmv2] [D] [thread 4203] [24.0] [cxt 0] Deparser 'deparser': start
[13:35:28.117] [bmv2] [T] [thread 4203] [24.0] [cxt 0] Skipping checksum 'cksum' update because condition not met
[13:35:28.117] [bmv2] [D] [thread 4203] [24.0] [cxt 0] Deparsing header 'ethernet'
[13:35:28.117] [bmv2] [D] [thread 4203] [24.0] [cxt 0] Deparser 'deparser': end
[13:35:28.117] [bmv2] [D] [thread 4207] [23.0] [cxt 0] Transmitting packet of size 70 out of port 0
[13:35:28.117] [bmv2] [D] [thread 4207] [24.0] [cxt 0] Transmitting packet of size 70 out of port 0
