Calling target program-options parser
[13:35:23.391] [bmv2] [D] [thread 4213] Set default default entry for table 'MyIngress.ipv4_lpm': NoAction - 
Adding interface s3-eth1 as port 1
[13:35:23.392] [bmv2] [D] [thread 4213] Adding interface s3-eth1 as port 1
Adding interface s3-eth2 as port 2
[13:35:23.422] [bmv2] [D] [thread 4213] Adding interface s3-eth2 as port 2
Server listening on 0.0.0.0:50053
[13:35:23.488] [bmv2] [I] [thread 4213] Starting Thrift server on port 9092
[13:35:23.488] [bmv2] [I] [thread 4213] Thrift server was started
[13:35:23.490] [bmv2] [D] [thread 4225] [0.0] [cxt 0] Processing packet received on port 1
[13:35:23.490] [bmv2] [D] [thread 4225] [0.0] [cxt 0] Parser 'parser': start
[13:35:23.490] [bmv2] [D] [thread 4225] [0.0] [cxt 0] Parser 'parser' entering state 'start'
[13:35:23.490] [bmv2] [D] [thread 4225] [0.0] [cxt 0] Extracting header 'ethernet'
[13:35:23.490] [bmv2] [D] [thread 4225] [0.0] [cxt 0] Parser state 'start': key is 86dd
[13:35:23.490] [bmv2] [T] [thread 4225] [0.0] [cxt 0] Bytes parsed: 14
[13:35:23.490] [bmv2] [D] [thread 4225] [0.0] [cxt 0] Parser 'parser': end
[13:35:23.490] [bmv2] [D] [thread 4225] [0.0] [cxt 0] Pipeline 'ingress': start
[13:35:23.490] [bmv2] [T] [thread 4225] [0.0] [cxt 0] basic.p4(115) Condition "        if (hdr.ipv4.isValid()) { /*avaliar a qualidade do header \"hdr\" aqui ainda OG*/" (node_2) is false
[13:35:23.490] [bmv2] [D] [thread 4225] [0.0] [cxt 0] Pipeline 'ingress': end
[13:35:23.490] [bmv2] [D] [thread 4225] [0.0] [cxt 0] Egress port is 0
[13:35:23.490] [bmv2] [D] [thread 4226] [0.0] [cxt 0] Pipeline 'egress': start
[13:35:23.490] [bmv2] [D] [thread 4226] [0.0] [cxt 0] Pipeline 'egress': end
[13:35:23.490] [bmv2] [D] [thread 4226] [0.0] [cxt 0] Deparser 'deparser': start
[13:35:23.490] [bmv2] [T] [thread 4226] [0.0] [cxt 0] Skipping checksum 'cksum' update because condition not met
[13:35:23.490] [bmv2] [D] [thread 4226] [0.0] [cxt 0] Deparsing header 'ethernet'
[13:35:23.490] [bmv2] [D] [thread 4226] [0.0] [cxt 0] Deparser 'deparser': end
[13:35:23.492] [bmv2] [D] [thread 4230] [0.0] [cxt 0] Transmitting packet of size 90 out of port 0
[13:35:23.749] [bmv2] [D] [thread 4225] [1.0] [cxt 0] Processing packet received on port 2
[13:35:23.749] [bmv2] [D] [thread 4225] [1.0] [cxt 0] Parser 'parser': start
[13:35:23.749] [bmv2] [D] [thread 4225] [1.0] [cxt 0] Parser 'parser' entering state 'start'
[13:35:23.749] [bmv2] [D] [thread 4225] [1.0] [cxt 0] Extracting header 'ethernet'
[13:35:23.749] [bmv2] [D] [thread 4225] [1.0] [cxt 0] Parser state 'start': key is 86dd
[13:35:23.749] [bmv2] [T] [thread 4225] [1.0] [cxt 0] Bytes parsed: 14
[13:35:23.749] [bmv2] [D] [thread 4225] [1.0] [cxt 0] Parser 'parser': end
[13:35:23.750] [bmv2] [D] [thread 4225] [1.0] [cxt 0] Pipeline 'ingress': start
[13:35:23.759] [bmv2] [T] [thread 4225] [1.0] [cxt 0] basic.p4(115) Condition "        if (hdr.ipv4.isValid()) { /*avaliar a qualidade do header \"hdr\" aqui ainda OG*/" (node_2) is false
[13:35:23.759] [bmv2] [D] [thread 4225] [1.0] [cxt 0] Pipeline 'ingress': end
[13:35:23.759] [bmv2] [D] [thread 4225] [1.0] [cxt 0] Egress port is 0
[13:35:23.759] [bmv2] [D] [thread 4226] [1.0] [cxt 0] Pipeline 'egress': start
[13:35:23.759] [bmv2] [D] [thread 4226] [1.0] [cxt 0] Pipeline 'egress': end
[13:35:23.759] [bmv2] [D] [thread 4226] [1.0] [cxt 0] Deparser 'deparser': start
[13:35:23.759] [bmv2] [T] [thread 4226] [1.0] [cxt 0] Skipping checksum 'cksum' update because condition not met
[13:35:23.759] [bmv2] [D] [thread 4226] [1.0] [cxt 0] Deparsing header 'ethernet'
[13:35:23.759] [bmv2] [D] [thread 4226] [1.0] [cxt 0] Deparser 'deparser': end
[13:35:23.762] [bmv2] [D] [thread 4230] [1.0] [cxt 0] Transmitting packet of size 90 out of port 0
[13:35:23.764] [bmv2] [D] [thread 4225] [2.0] [cxt 0] Processing packet received on port 2
[13:35:23.764] [bmv2] [D] [thread 4225] [2.0] [cxt 0] Parser 'parser': start
[13:35:23.764] [bmv2] [D] [thread 4225] [2.0] [cxt 0] Parser 'parser' entering state 'start'
[13:35:23.764] [bmv2] [D] [thread 4225] [2.0] [cxt 0] Extracting header 'ethernet'
[13:35:23.764] [bmv2] [D] [thread 4225] [2.0] [cxt 0] Parser state 'start': key is 86dd
[13:35:23.764] [bmv2] [T] [thread 4225] [2.0] [cxt 0] Bytes parsed: 14
[13:35:23.764] [bmv2] [D] [thread 4225] [2.0] [cxt 0] Parser 'parser': end
[13:35:23.764] [bmv2] [D] [thread 4225] [2.0] [cxt 0] Pipeline 'ingress': start
[13:35:23.766] [bmv2] [T] [thread 4225] [2.0] [cxt 0] basic.p4(115) Condition "        if (hdr.ipv4.isValid()) { /*avaliar a qualidade do header \"hdr\" aqui ainda OG*/" (node_2) is false
[13:35:23.766] [bmv2] [D] [thread 4225] [2.0] [cxt 0] Pipeline 'ingress': end
[13:35:23.766] [bmv2] [D] [thread 4225] [2.0] [cxt 0] Egress port is 0
[13:35:23.767] [bmv2] [D] [thread 4226] [2.0] [cxt 0] Pipeline 'egress': start
[13:35:23.767] [bmv2] [D] [thread 4226] [2.0] [cxt 0] Pipeline 'egress': end
[13:35:23.767] [bmv2] [D] [thread 4226] [2.0] [cxt 0] Deparser 'deparser': start
[13:35:23.767] [bmv2] [T] [thread 4226] [2.0] [cxt 0] Skipping checksum 'cksum' update because condition not met
[13:35:23.767] [bmv2] [D] [thread 4226] [2.0] [cxt 0] Deparsing header 'ethernet'
[13:35:23.767] [bmv2] [D] [thread 4226] [2.0] [cxt 0] Deparser 'deparser': end
[13:35:23.767] [bmv2] [D] [thread 4230] [2.0] [cxt 0] Transmitting packet of size 70 out of port 0
[13:35:24.032] [bmv2] [D] [thread 4225] [3.0] [cxt 0] Processing packet received on port 2
[13:35:24.032] [bmv2] [D] [thread 4225] [3.0] [cxt 0] Parser 'parser': start
[13:35:24.032] [bmv2] [D] [thread 4225] [3.0] [cxt 0] Parser 'parser' entering state 'start'
[13:35:24.032] [bmv2] [D] [thread 4225] [3.0] [cxt 0] Extracting header 'ethernet'
[13:35:24.032] [bmv2] [D] [thread 4225] [3.0] [cxt 0] Parser state 'start': key is 86dd
[13:35:24.032] [bmv2] [T] [thread 4225] [3.0] [cxt 0] Bytes parsed: 14
[13:35:24.032] [bmv2] [D] [thread 4225] [3.0] [cxt 0] Parser 'parser': end
[13:35:24.032] [bmv2] [D] [thread 4225] [3.0] [cxt 0] Pipeline 'ingress': start
[13:35:24.032] [bmv2] [T] [thread 4225] [3.0] [cxt 0] basic.p4(115) Condition "        if (hdr.ipv4.isValid()) { /*avaliar a qualidade do header \"hdr\" aqui ainda OG*/" (node_2) is false
[13:35:24.032] [bmv2] [D] [thread 4225] [3.0] [cxt 0] Pipeline 'ingress': end
[13:35:24.032] [bmv2] [D] [thread 4225] [3.0] [cxt 0] Egress port is 0
[13:35:24.032] [bmv2] [D] [thread 4226] [3.0] [cxt 0] Pipeline 'egress': start
[13:35:24.032] [bmv2] [D] [thread 4226] [3.0] [cxt 0] Pipeline 'egress': end
[13:35:24.032] [bmv2] [D] [thread 4226] [3.0] [cxt 0] Deparser 'deparser': start
[13:35:24.032] [bmv2] [T] [thread 4226] [3.0] [cxt 0] Skipping checksum 'cksum' update because condition not met
[13:35:24.032] [bmv2] [D] [thread 4226] [3.0] [cxt 0] Deparsing header 'ethernet'
[13:35:24.032] [bmv2] [D] [thread 4226] [3.0] [cxt 0] Deparser 'deparser': end
[13:35:24.032] [bmv2] [D] [thread 4230] [3.0] [cxt 0] Transmitting packet of size 90 out of port 0
[13:35:24.035] [bmv2] [D] [thread 4225] [4.0] [cxt 0] Processing packet received on port 1
[13:35:24.035] [bmv2] [D] [thread 4225] [4.0] [cxt 0] Parser 'parser': start
[13:35:24.035] [bmv2] [D] [thread 4225] [4.0] [cxt 0] Parser 'parser' entering state 'start'
[13:35:24.035] [bmv2] [D] [thread 4225] [4.0] [cxt 0] Extracting header 'ethernet'
[13:35:24.035] [bmv2] [D] [thread 4225] [4.0] [cxt 0] Parser state 'start': key is 86dd
[13:35:24.035] [bmv2] [T] [thread 4225] [4.0] [cxt 0] Bytes parsed: 14
[13:35:24.035] [bmv2] [D] [thread 4225] [4.0] [cxt 0] Parser 'parser': end
[13:35:24.035] [bmv2] [D] [thread 4225] [4.0] [cxt 0] Pipeline 'ingress': start
[13:35:24.035] [bmv2] [T] [thread 4225] [4.0] [cxt 0] basic.p4(115) Condition "        if (hdr.ipv4.isValid()) { /*avaliar a qualidade do header \"hdr\" aqui ainda OG*/" (node_2) is false
[13:35:24.035] [bmv2] [D] [thread 4225] [4.0] [cxt 0] Pipeline 'ingress': end
[13:35:24.035] [bmv2] [D] [thread 4225] [4.0] [cxt 0] Egress port is 0
[13:35:24.035] [bmv2] [D] [thread 4226] [4.0] [cxt 0] Pipeline 'egress': start
[13:35:24.035] [bmv2] [D] [thread 4226] [4.0] [cxt 0] Pipeline 'egress': end
[13:35:24.035] [bmv2] [D] [thread 4226] [4.0] [cxt 0] Deparser 'deparser': start
[13:35:24.035] [bmv2] [T] [thread 4226] [4.0] [cxt 0] Skipping checksum 'cksum' update because condition not met
[13:35:24.035] [bmv2] [D] [thread 4226] [4.0] [cxt 0] Deparsing header 'ethernet'
[13:35:24.035] [bmv2] [D] [thread 4226] [4.0] [cxt 0] Deparser 'deparser': end
[13:35:24.035] [bmv2] [D] [thread 4230] [4.0] [cxt 0] Transmitting packet of size 90 out of port 0
[13:35:24.035] [bmv2] [D] [thread 4225] [5.0] [cxt 0] Processing packet received on port 2
[13:35:24.035] [bmv2] [D] [thread 4225] [5.0] [cxt 0] Parser 'parser': start
[13:35:24.035] [bmv2] [D] [thread 4225] [5.0] [cxt 0] Parser 'parser' entering state 'start'
[13:35:24.035] [bmv2] [D] [thread 4225] [5.0] [cxt 0] Extracting header 'ethernet'
[13:35:24.035] [bmv2] [D] [thread 4225] [5.0] [cxt 0] Parser state 'start': key is 86dd
[13:35:24.035] [bmv2] [T] [thread 4225] [5.0] [cxt 0] Bytes parsed: 14
[13:35:24.035] [bmv2] [D] [thread 4225] [5.0] [cxt 0] Parser 'parser': end
[13:35:24.035] [bmv2] [D] [thread 4225] [5.0] [cxt 0] Pipeline 'ingress': start
[13:35:24.035] [bmv2] [T] [thread 4225] [5.0] [cxt 0] basic.p4(115) Condition "        if (hdr.ipv4.isValid()) { /*avaliar a qualidade do header \"hdr\" aqui ainda OG*/" (node_2) is false
[13:35:24.035] [bmv2] [D] [thread 4225] [5.0] [cxt 0] Pipeline 'ingress': end
[13:35:24.035] [bmv2] [D] [thread 4225] [5.0] [cxt 0] Egress port is 0
[13:35:24.035] [bmv2] [D] [thread 4226] [5.0] [cxt 0] Pipeline 'egress': start
[13:35:24.035] [bmv2] [D] [thread 4226] [5.0] [cxt 0] Pipeline 'egress': end
[13:35:24.035] [bmv2] [D] [thread 4226] [5.0] [cxt 0] Deparser 'deparser': start
[13:35:24.035] [bmv2] [T] [thread 4226] [5.0] [cxt 0] Skipping checksum 'cksum' update because condition not met
[13:35:24.035] [bmv2] [D] [thread 4226] [5.0] [cxt 0] Deparsing header 'ethernet'
[13:35:24.035] [bmv2] [D] [thread 4226] [5.0] [cxt 0] Deparser 'deparser': end
[13:35:24.035] [bmv2] [D] [thread 4230] [5.0] [cxt 0] Transmitting packet of size 70 out of port 0
[13:35:24.275] [bmv2] [D] [thread 4225] [6.0] [cxt 0] Processing packet received on port 2
[13:35:24.275] [bmv2] [D] [thread 4225] [6.0] [cxt 0] Parser 'parser': start
[13:35:24.275] [bmv2] [D] [thread 4225] [6.0] [cxt 0] Parser 'parser' entering state 'start'
[13:35:24.275] [bmv2] [D] [thread 4225] [6.0] [cxt 0] Extracting header 'ethernet'
[13:35:24.275] [bmv2] [D] [thread 4225] [6.0] [cxt 0] Parser state 'start': key is 86dd
[13:35:24.275] [bmv2] [T] [thread 4225] [6.0] [cxt 0] Bytes parsed: 14
[13:35:24.275] [bmv2] [D] [thread 4225] [6.0] [cxt 0] Parser 'parser': end
[13:35:24.275] [bmv2] [D] [thread 4225] [6.0] [cxt 0] Pipeline 'ingress': start
[13:35:24.275] [bmv2] [T] [thread 4225] [6.0] [cxt 0] basic.p4(115) Condition "        if (hdr.ipv4.isValid()) { /*avaliar a qualidade do header \"hdr\" aqui ainda OG*/" (node_2) is false
[13:35:24.275] [bmv2] [D] [thread 4225] [6.0] [cxt 0] Pipeline 'ingress': end
[13:35:24.275] [bmv2] [D] [thread 4225] [6.0] [cxt 0] Egress port is 0
[13:35:24.275] [bmv2] [D] [thread 4226] [6.0] [cxt 0] Pipeline 'egress': start
[13:35:24.275] [bmv2] [D] [thread 4226] [6.0] [cxt 0] Pipeline 'egress': end
[13:35:24.275] [bmv2] [D] [thread 4226] [6.0] [cxt 0] Deparser 'deparser': start
[13:35:24.275] [bmv2] [T] [thread 4226] [6.0] [cxt 0] Skipping checksum 'cksum' update because condition not met
[13:35:24.275] [bmv2] [D] [thread 4226] [6.0] [cxt 0] Deparsing header 'ethernet'
[13:35:24.275] [bmv2] [D] [thread 4226] [6.0] [cxt 0] Deparser 'deparser': end
[13:35:24.275] [bmv2] [D] [thread 4230] [6.0] [cxt 0] Transmitting packet of size 90 out of port 0
[13:35:24.595] [bmv2] [D] [thread 4225] [7.0] [cxt 0] Processing packet received on port 2
[13:35:24.595] [bmv2] [D] [thread 4225] [7.0] [cxt 0] Parser 'parser': start
[13:35:24.595] [bmv2] [D] [thread 4225] [7.0] [cxt 0] Parser 'parser' entering state 'start'
[13:35:24.595] [bmv2] [D] [thread 4225] [7.0] [cxt 0] Extracting header 'ethernet'
[13:35:24.595] [bmv2] [D] [thread 4225] [7.0] [cxt 0] Parser state 'start': key is 86dd
[13:35:24.595] [bmv2] [T] [thread 4225] [7.0] [cxt 0] Bytes parsed: 14
[13:35:24.595] [bmv2] [D] [thread 4225] [7.0] [cxt 0] Parser 'parser': end
[13:35:24.595] [bmv2] [D] [thread 4225] [7.0] [cxt 0] Pipeline 'ingress': start
[13:35:24.595] [bmv2] [T] [thread 4225] [7.0] [cxt 0] basic.p4(115) Condition "        if (hdr.ipv4.isValid()) { /*avaliar a qualidade do header \"hdr\" aqui ainda OG*/" (node_2) is false
[13:35:24.595] [bmv2] [D] [thread 4225] [7.0] [cxt 0] Pipeline 'ingress': end
[13:35:24.595] [bmv2] [D] [thread 4225] [7.0] [cxt 0] Egress port is 0
[13:35:24.595] [bmv2] [D] [thread 4226] [7.0] [cxt 0] Pipeline 'egress': start
[13:35:24.595] [bmv2] [D] [thread 4226] [7.0] [cxt 0] Pipeline 'egress': end
[13:35:24.595] [bmv2] [D] [thread 4226] [7.0] [cxt 0] Deparser 'deparser': start
[13:35:24.595] [bmv2] [T] [thread 4226] [7.0] [cxt 0] Skipping checksum 'cksum' update because condition not met
[13:35:24.595] [bmv2] [D] [thread 4226] [7.0] [cxt 0] Deparsing header 'ethernet'
[13:35:24.595] [bmv2] [D] [thread 4226] [7.0] [cxt 0] Deparser 'deparser': end
[13:35:24.596] [bmv2] [D] [thread 4230] [7.0] [cxt 0] Transmitting packet of size 90 out of port 0
[13:35:25.815] [bmv2] [W] [thread 4297] [P4Runtime] p4::tmp::P4DeviceConfig is deprecated
[13:35:25.818] [bmv2] [D] [thread 4297] Set default default entry for table 'MyIngress.ipv4_lpm': NoAction - 
[13:35:25.822] [bmv2] [D] [thread 4297] simple_switch target has been notified of a config swap
[13:35:25.825] [bmv2] [D] [thread 4299] Set default entry for table 'MyIngress.ipv4_lpm': MyIngress.drop - 
[13:35:25.827] [bmv2] [D] [thread 4297] Entry 0 added to table 'MyIngress.ipv4_lpm'
[13:35:25.827] [bmv2] [D] [thread 4297] Dumping entry 0
Match key:
* hdr.ipv4.dstAddr    : LPM       0a000101/32
Action entry: MyIngress.ipv4_forward - 80000000100,1,

[13:35:25.828] [bmv2] [D] [thread 4299] Entry 1 added to table 'MyIngress.ipv4_lpm'
[13:35:25.828] [bmv2] [D] [thread 4299] Dumping entry 1
Match key:
* hdr.ipv4.dstAddr    : LPM       0a000202/32
Action entry: MyIngress.ipv4_forward - 80000000100,1,

[13:35:25.829] [bmv2] [D] [thread 4297] Entry 2 added to table 'MyIngress.ipv4_lpm'
[13:35:25.829] [bmv2] [D] [thread 4297] Dumping entry 2
Match key:
* hdr.ipv4.dstAddr    : LPM       0a000303/32
Action entry: MyIngress.ipv4_forward - 80000000200,2,

[13:35:25.831] [bmv2] [D] [thread 4299] Entry 3 added to table 'MyIngress.ipv4_lpm'
[13:35:25.831] [bmv2] [D] [thread 4299] Dumping entry 3
Match key:
* hdr.ipv4.dstAddr    : LPM       0a000404/32
Action entry: MyIngress.ipv4_forward - 80000000200,2,

[13:35:26.836] [bmv2] [D] [thread 4225] [8.0] [cxt 0] Processing packet received on port 1
[13:35:26.836] [bmv2] [D] [thread 4225] [8.0] [cxt 0] Parser 'parser': start
[13:35:26.836] [bmv2] [D] [thread 4225] [8.0] [cxt 0] Parser 'parser' entering state 'start'
[13:35:26.836] [bmv2] [D] [thread 4225] [8.0] [cxt 0] Extracting header 'ethernet'
[13:35:26.836] [bmv2] [D] [thread 4225] [8.0] [cxt 0] Parser state 'start': key is 86dd
[13:35:26.836] [bmv2] [T] [thread 4225] [8.0] [cxt 0] Bytes parsed: 14
[13:35:26.836] [bmv2] [D] [thread 4225] [8.0] [cxt 0] Parser 'parser': end
[13:35:26.836] [bmv2] [D] [thread 4225] [8.0] [cxt 0] Pipeline 'ingress': start
[13:35:26.836] [bmv2] [T] [thread 4225] [8.0] [cxt 0] basic.p4(115) Condition "        if (hdr.ipv4.isValid()) { /*avaliar a qualidade do header \"hdr\" aqui ainda OG*/" (node_2) is false
[13:35:26.836] [bmv2] [D] [thread 4225] [8.0] [cxt 0] Pipeline 'ingress': end
[13:35:26.836] [bmv2] [D] [thread 4225] [8.0] [cxt 0] Egress port is 0
[13:35:26.836] [bmv2] [D] [thread 4226] [8.0] [cxt 0] Pipeline 'egress': start
[13:35:26.836] [bmv2] [D] [thread 4226] [8.0] [cxt 0] Pipeline 'egress': end
[13:35:26.836] [bmv2] [D] [thread 4226] [8.0] [cxt 0] Deparser 'deparser': start
[13:35:26.836] [bmv2] [T] [thread 4226] [8.0] [cxt 0] Skipping checksum 'cksum' update because condition not met
[13:35:26.836] [bmv2] [D] [thread 4226] [8.0] [cxt 0] Deparsing header 'ethernet'
[13:35:26.836] [bmv2] [D] [thread 4226] [8.0] [cxt 0] Deparser 'deparser': end
[13:35:26.836] [bmv2] [D] [thread 4230] [8.0] [cxt 0] Transmitting packet of size 70 out of port 0
[13:35:27.095] [bmv2] [D] [thread 4225] [9.0] [cxt 0] Processing packet received on port 1
[13:35:27.095] [bmv2] [D] [thread 4225] [9.0] [cxt 0] Parser 'parser': start
[13:35:27.095] [bmv2] [D] [thread 4225] [9.0] [cxt 0] Parser 'parser' entering state 'start'
[13:35:27.095] [bmv2] [D] [thread 4225] [9.0] [cxt 0] Extracting header 'ethernet'
[13:35:27.095] [bmv2] [D] [thread 4225] [9.0] [cxt 0] Parser state 'start': key is 86dd
[13:35:27.095] [bmv2] [T] [thread 4225] [9.0] [cxt 0] Bytes parsed: 14
[13:35:27.095] [bmv2] [D] [thread 4225] [9.0] [cxt 0] Parser 'parser': end
[13:35:27.095] [bmv2] [D] [thread 4225] [9.0] [cxt 0] Pipeline 'ingress': start
[13:35:27.095] [bmv2] [T] [thread 4225] [9.0] [cxt 0] basic.p4(115) Condition "        if (hdr.ipv4.isValid()) { /*avaliar a qualidade do header \"hdr\" aqui ainda OG*/" (node_2) is false
[13:35:27.095] [bmv2] [D] [thread 4225] [9.0] [cxt 0] Pipeline 'ingress': end
[13:35:27.095] [bmv2] [D] [thread 4225] [9.0] [cxt 0] Egress port is 0
[13:35:27.095] [bmv2] [D] [thread 4226] [9.0] [cxt 0] Pipeline 'egress': start
[13:35:27.095] [bmv2] [D] [thread 4226] [9.0] [cxt 0] Pipeline 'egress': end
[13:35:27.095] [bmv2] [D] [thread 4226] [9.0] [cxt 0] Deparser 'deparser': start
[13:35:27.095] [bmv2] [T] [thread 4226] [9.0] [cxt 0] Skipping checksum 'cksum' update because condition not met
[13:35:27.095] [bmv2] [D] [thread 4226] [9.0] [cxt 0] Deparsing header 'ethernet'
[13:35:27.095] [bmv2] [D] [thread 4226] [9.0] [cxt 0] Deparser 'deparser': end
[13:35:27.095] [bmv2] [D] [thread 4230] [9.0] [cxt 0] Transmitting packet of size 70 out of port 0
[13:35:27.860] [bmv2] [D] [thread 4225] [10.0] [cxt 0] Processing packet received on port 2
[13:35:27.860] [bmv2] [D] [thread 4225] [10.0] [cxt 0] Parser 'parser': start
[13:35:27.861] [bmv2] [D] [thread 4225] [10.0] [cxt 0] Parser 'parser' entering state 'start'
[13:35:27.861] [bmv2] [D] [thread 4225] [10.0] [cxt 0] Extracting header 'ethernet'
[13:35:27.861] [bmv2] [D] [thread 4225] [10.0] [cxt 0] Parser state 'start': key is 86dd
[13:35:27.861] [bmv2] [T] [thread 4225] [10.0] [cxt 0] Bytes parsed: 14
[13:35:27.861] [bmv2] [D] [thread 4225] [10.0] [cxt 0] Parser 'parser': end
[13:35:27.861] [bmv2] [D] [thread 4225] [10.0] [cxt 0] Pipeline 'ingress': start
[13:35:27.861] [bmv2] [T] [thread 4225] [10.0] [cxt 0] basic.p4(115) Condition "        if (hdr.ipv4.isValid()) { /*avaliar a qualidade do header \"hdr\" aqui ainda OG*/" (node_2) is false
[13:35:27.861] [bmv2] [D] [thread 4225] [10.0] [cxt 0] Pipeline 'ingress': end
[13:35:27.861] [bmv2] [D] [thread 4225] [10.0] [cxt 0] Egress port is 0
[13:35:27.861] [bmv2] [D] [thread 4226] [10.0] [cxt 0] Pipeline 'egress': start
[13:35:27.861] [bmv2] [D] [thread 4226] [10.0] [cxt 0] Pipeline 'egress': end
[13:35:27.861] [bmv2] [D] [thread 4226] [10.0] [cxt 0] Deparser 'deparser': start
[13:35:27.861] [bmv2] [T] [thread 4226] [10.0] [cxt 0] Skipping checksum 'cksum' update because condition not met
[13:35:27.861] [bmv2] [D] [thread 4226] [10.0] [cxt 0] Deparsing header 'ethernet'
[13:35:27.861] [bmv2] [D] [thread 4226] [10.0] [cxt 0] Deparser 'deparser': end
[13:35:27.861] [bmv2] [D] [thread 4230] [10.0] [cxt 0] Transmitting packet of size 70 out of port 0
[13:35:28.116] [bmv2] [D] [thread 4225] [11.0] [cxt 0] Processing packet received on port 2
[13:35:28.117] [bmv2] [D] [thread 4225] [11.0] [cxt 0] Parser 'parser': start
[13:35:28.117] [bmv2] [D] [thread 4225] [11.0] [cxt 0] Parser 'parser' entering state 'start'
[13:35:28.117] [bmv2] [D] [thread 4225] [11.0] [cxt 0] Extracting header 'ethernet'
[13:35:28.117] [bmv2] [D] [thread 4225] [11.0] [cxt 0] Parser state 'start': key is 86dd
[13:35:28.117] [bmv2] [T] [thread 4225] [11.0] [cxt 0] Bytes parsed: 14
[13:35:28.117] [bmv2] [D] [thread 4225] [11.0] [cxt 0] Parser 'parser': end
[13:35:28.117] [bmv2] [D] [thread 4225] [11.0] [cxt 0] Pipeline 'ingress': start
[13:35:28.117] [bmv2] [T] [thread 4225] [11.0] [cxt 0] basic.p4(115) Condition "        if (hdr.ipv4.isValid()) { /*avaliar a qualidade do header \"hdr\" aqui ainda OG*/" (node_2) is false
[13:35:28.117] [bmv2] [D] [thread 4225] [11.0] [cxt 0] Pipeline 'ingress': end
[13:35:28.117] [bmv2] [D] [thread 4225] [11.0] [cxt 0] Egress port is 0
[13:35:28.117] [bmv2] [D] [thread 4226] [11.0] [cxt 0] Pipeline 'egress': start
[13:35:28.117] [bmv2] [D] [thread 4226] [11.0] [cxt 0] Pipeline 'egress': end
[13:35:28.117] [bmv2] [D] [thread 4226] [11.0] [cxt 0] Deparser 'deparser': start
[13:35:28.117] [bmv2] [T] [thread 4226] [11.0] [cxt 0] Skipping checksum 'cksum' update because condition not met
[13:35:28.117] [bmv2] [D] [thread 4226] [11.0] [cxt 0] Deparsing header 'ethernet'
[13:35:28.117] [bmv2] [D] [thread 4226] [11.0] [cxt 0] Deparser 'deparser': end
[13:35:28.117] [bmv2] [D] [thread 4230] [11.0] [cxt 0] Transmitting packet of size 70 out of port 0
