Calling target program-options parser
[13:35:24.084] [bmv2] [D] [thread 4237] Set default default entry for table 'MyIngress.ipv4_lpm': NoAction - 
Adding interface s4-eth1 as port 1
[13:35:24.085] [bmv2] [D] [thread 4237] Adding interface s4-eth1 as port 1
Adding interface s4-eth2 as port 2
[13:35:24.203] [bmv2] [D] [thread 4237] Adding interface s4-eth2 as port 2
Server listening on 0.0.0.0:50054
[13:35:24.263] [bmv2] [I] [thread 4237] Starting Thrift server on port 9093
[13:35:24.263] [bmv2] [I] [thread 4237] Thrift server was started
[13:35:24.468] [bmv2] [D] [thread 4249] [0.0] [cxt 0] Processing packet received on port 1
[13:35:24.468] [bmv2] [D] [thread 4249] [0.0] [cxt 0] Parser 'parser': start
[13:35:24.468] [bmv2] [D] [thread 4249] [0.0] [cxt 0] Parser 'parser' entering state 'start'
[13:35:24.468] [bmv2] [D] [thread 4249] [0.0] [cxt 0] Extracting header 'ethernet'
[13:35:24.468] [bmv2] [D] [thread 4249] [0.0] [cxt 0] Parser state 'start': key is 86dd
[13:35:24.468] [bmv2] [T] [thread 4249] [0.0] [cxt 0] Bytes parsed: 14
[13:35:24.469] [bmv2] [D] [thread 4249] [0.0] [cxt 0] Parser 'parser': end
[13:35:24.469] [bmv2] [D] [thread 4249] [0.0] [cxt 0] Pipeline 'ingress': start
[13:35:24.469] [bmv2] [T] [thread 4249] [0.0] [cxt 0] basic.p4(115) Condition "        if (hdr.ipv4.isValid()) { /*avaliar a qualidade do header \"hdr\" aqui ainda OG*/" (node_2) is false
[13:35:24.469] [bmv2] [D] [thread 4249] [0.0] [cxt 0] Pipeline 'ingress': end
[13:35:24.469] [bmv2] [D] [thread 4249] [0.0] [cxt 0] Egress port is 0
[13:35:24.469] [bmv2] [D] [thread 4250] [0.0] [cxt 0] Pipeline 'egress': start
[13:35:24.470] [bmv2] [D] [thread 4250] [0.0] [cxt 0] Pipeline 'egress': end
[13:35:24.470] [bmv2] [D] [thread 4250] [0.0] [cxt 0] Deparser 'deparser': start
[13:35:24.470] [bmv2] [T] [thread 4250] [0.0] [cxt 0] Skipping checksum 'cksum' update because condition not met
[13:35:24.470] [bmv2] [D] [thread 4250] [0.0] [cxt 0] Deparsing header 'ethernet'
[13:35:24.470] [bmv2] [D] [thread 4250] [0.0] [cxt 0] Deparser 'deparser': end
[13:35:24.470] [bmv2] [D] [thread 4254] [0.0] [cxt 0] Transmitting packet of size 90 out of port 0
[13:35:25.840] [bmv2] [W] [thread 4307] [P4Runtime] p4::tmp::P4DeviceConfig is deprecated
[13:35:25.841] [bmv2] [D] [thread 4307] Set default default entry for table 'MyIngress.ipv4_lpm': NoAction - 
[13:35:25.843] [bmv2] [D] [thread 4307] simple_switch target has been notified of a config swap
[13:35:25.845] [bmv2] [D] [thread 4308] Set default entry for table 'MyIngress.ipv4_lpm': MyIngress.drop - 
[13:35:25.848] [bmv2] [D] [thread 4307] Entry 0 added to table 'MyIngress.ipv4_lpm'
[13:35:25.848] [bmv2] [D] [thread 4307] Dumping entry 0
Match key:
* hdr.ipv4.dstAddr    : LPM       0a000101/32
Action entry: MyIngress.ipv4_forward - 80000000100,2,

[13:35:25.850] [bmv2] [D] [thread 4308] Entry 1 added to table 'MyIngress.ipv4_lpm'
[13:35:25.850] [bmv2] [D] [thread 4308] Dumping entry 1
Match key:
* hdr.ipv4.dstAddr    : LPM       0a000202/32
Action entry: MyIngress.ipv4_forward - 80000000100,2,

[13:35:25.852] [bmv2] [D] [thread 4307] Entry 2 added to table 'MyIngress.ipv4_lpm'
[13:35:25.852] [bmv2] [D] [thread 4307] Dumping entry 2
Match key:
* hdr.ipv4.dstAddr    : LPM       0a000303/32
Action entry: MyIngress.ipv4_forward - 80000000200,1,

[13:35:25.853] [bmv2] [D] [thread 4308] Entry 3 added to table 'MyIngress.ipv4_lpm'
[13:35:25.853] [bmv2] [D] [thread 4308] Dumping entry 3
Match key:
* hdr.ipv4.dstAddr    : LPM       0a000404/32
Action entry: MyIngress.ipv4_forward - 80000000200,1,

[13:35:26.835] [bmv2] [D] [thread 4249] [1.0] [cxt 0] Processing packet received on port 2
[13:35:26.835] [bmv2] [D] [thread 4249] [1.0] [cxt 0] Parser 'parser': start
[13:35:26.835] [bmv2] [D] [thread 4249] [1.0] [cxt 0] Parser 'parser' entering state 'start'
[13:35:26.835] [bmv2] [D] [thread 4249] [1.0] [cxt 0] Extracting header 'ethernet'
[13:35:26.835] [bmv2] [D] [thread 4249] [1.0] [cxt 0] Parser state 'start': key is 86dd
[13:35:26.835] [bmv2] [T] [thread 4249] [1.0] [cxt 0] Bytes parsed: 14
[13:35:26.835] [bmv2] [D] [thread 4249] [1.0] [cxt 0] Parser 'parser': end
[13:35:26.835] [bmv2] [D] [thread 4249] [1.0] [cxt 0] Pipeline 'ingress': start
[13:35:26.835] [bmv2] [T] [thread 4249] [1.0] [cxt 0] basic.p4(115) Condition "        if (hdr.ipv4.isValid()) { /*avaliar a qualidade do header \"hdr\" aqui ainda OG*/" (node_2) is false
[13:35:26.835] [bmv2] [D] [thread 4249] [1.0] [cxt 0] Pipeline 'ingress': end
[13:35:26.835] [bmv2] [D] [thread 4249] [1.0] [cxt 0] Egress port is 0
[13:35:26.835] [bmv2] [D] [thread 4250] [1.0] [cxt 0] Pipeline 'egress': start
[13:35:26.835] [bmv2] [D] [thread 4250] [1.0] [cxt 0] Pipeline 'egress': end
[13:35:26.835] [bmv2] [D] [thread 4250] [1.0] [cxt 0] Deparser 'deparser': start
[13:35:26.835] [bmv2] [T] [thread 4250] [1.0] [cxt 0] Skipping checksum 'cksum' update because condition not met
[13:35:26.835] [bmv2] [D] [thread 4250] [1.0] [cxt 0] Deparsing header 'ethernet'
[13:35:26.835] [bmv2] [D] [thread 4250] [1.0] [cxt 0] Deparser 'deparser': end
[13:35:26.836] [bmv2] [D] [thread 4254] [1.0] [cxt 0] Transmitting packet of size 70 out of port 0
[13:35:27.602] [bmv2] [D] [thread 4249] [2.0] [cxt 0] Processing packet received on port 1
[13:35:27.602] [bmv2] [D] [thread 4249] [2.0] [cxt 0] Parser 'parser': start
[13:35:27.602] [bmv2] [D] [thread 4249] [2.0] [cxt 0] Parser 'parser' entering state 'start'
[13:35:27.602] [bmv2] [D] [thread 4249] [2.0] [cxt 0] Extracting header 'ethernet'
[13:35:27.602] [bmv2] [D] [thread 4249] [2.0] [cxt 0] Parser state 'start': key is 86dd
[13:35:27.602] [bmv2] [T] [thread 4249] [2.0] [cxt 0] Bytes parsed: 14
[13:35:27.602] [bmv2] [D] [thread 4249] [2.0] [cxt 0] Parser 'parser': end
[13:35:27.602] [bmv2] [D] [thread 4249] [2.0] [cxt 0] Pipeline 'ingress': start
[13:35:27.602] [bmv2] [T] [thread 4249] [2.0] [cxt 0] basic.p4(115) Condition "        if (hdr.ipv4.isValid()) { /*avaliar a qualidade do header \"hdr\" aqui ainda OG*/" (node_2) is false
[13:35:27.602] [bmv2] [D] [thread 4249] [2.0] [cxt 0] Pipeline 'ingress': end
[13:35:27.602] [bmv2] [D] [thread 4249] [2.0] [cxt 0] Egress port is 0
[13:35:27.602] [bmv2] [D] [thread 4249] [3.0] [cxt 0] Processing packet received on port 2
[13:35:27.602] [bmv2] [D] [thread 4249] [3.0] [cxt 0] Parser 'parser': start
[13:35:27.602] [bmv2] [D] [thread 4249] [3.0] [cxt 0] Parser 'parser' entering state 'start'
[13:35:27.602] [bmv2] [D] [thread 4249] [3.0] [cxt 0] Extracting header 'ethernet'
[13:35:27.602] [bmv2] [D] [thread 4249] [3.0] [cxt 0] Parser state 'start': key is 86dd
[13:35:27.602] [bmv2] [T] [thread 4249] [3.0] [cxt 0] Bytes parsed: 14
[13:35:27.602] [bmv2] [D] [thread 4249] [3.0] [cxt 0] Parser 'parser': end
[13:35:27.602] [bmv2] [D] [thread 4249] [3.0] [cxt 0] Pipeline 'ingress': start
[13:35:27.602] [bmv2] [T] [thread 4249] [3.0] [cxt 0] basic.p4(115) Condition "        if (hdr.ipv4.isValid()) { /*avaliar a qualidade do header \"hdr\" aqui ainda OG*/" (node_2) is false
[13:35:27.602] [bmv2] [D] [thread 4249] [3.0] [cxt 0] Pipeline 'ingress': end
[13:35:27.602] [bmv2] [D] [thread 4249] [3.0] [cxt 0] Egress port is 0
[13:35:27.602] [bmv2] [D] [thread 4250] [2.0] [cxt 0] Pipeline 'egress': start
[13:35:27.602] [bmv2] [D] [thread 4250] [2.0] [cxt 0] Pipeline 'egress': end
[13:35:27.602] [bmv2] [D] [thread 4250] [2.0] [cxt 0] Deparser 'deparser': start
[13:35:27.602] [bmv2] [T] [thread 4250] [2.0] [cxt 0] Skipping checksum 'cksum' update because condition not met
[13:35:27.602] [bmv2] [D] [thread 4250] [2.0] [cxt 0] Deparsing header 'ethernet'
[13:35:27.602] [bmv2] [D] [thread 4250] [2.0] [cxt 0] Deparser 'deparser': end
[13:35:27.603] [bmv2] [D] [thread 4250] [3.0] [cxt 0] Pipeline 'egress': start
[13:35:27.603] [bmv2] [D] [thread 4250] [3.0] [cxt 0] Pipeline 'egress': end
[13:35:27.603] [bmv2] [D] [thread 4250] [3.0] [cxt 0] Deparser 'deparser': start
[13:35:27.603] [bmv2] [T] [thread 4250] [3.0] [cxt 0] Skipping checksum 'cksum' update because condition not met
[13:35:27.603] [bmv2] [D] [thread 4250] [3.0] [cxt 0] Deparsing header 'ethernet'
[13:35:27.603] [bmv2] [D] [thread 4250] [3.0] [cxt 0] Deparser 'deparser': end
[13:35:27.603] [bmv2] [D] [thread 4254] [2.0] [cxt 0] Transmitting packet of size 70 out of port 0
[13:35:27.603] [bmv2] [D] [thread 4254] [3.0] [cxt 0] Transmitting packet of size 70 out of port 0
[13:35:28.116] [bmv2] [D] [thread 4249] [4.0] [cxt 0] Processing packet received on port 1
[13:35:28.116] [bmv2] [D] [thread 4249] [4.0] [cxt 0] Parser 'parser': start
[13:35:28.116] [bmv2] [D] [thread 4249] [4.0] [cxt 0] Parser 'parser' entering state 'start'
[13:35:28.116] [bmv2] [D] [thread 4249] [4.0] [cxt 0] Extracting header 'ethernet'
[13:35:28.116] [bmv2] [D] [thread 4249] [4.0] [cxt 0] Parser state 'start': key is 86dd
[13:35:28.116] [bmv2] [T] [thread 4249] [4.0] [cxt 0] Bytes parsed: 14
[13:35:28.116] [bmv2] [D] [thread 4249] [4.0] [cxt 0] Parser 'parser': end
[13:35:28.116] [bmv2] [D] [thread 4249] [4.0] [cxt 0] Pipeline 'ingress': start
[13:35:28.116] [bmv2] [T] [thread 4249] [4.0] [cxt 0] basic.p4(115) Condition "        if (hdr.ipv4.isValid()) { /*avaliar a qualidade do header \"hdr\" aqui ainda OG*/" (node_2) is false
[13:35:28.116] [bmv2] [D] [thread 4249] [4.0] [cxt 0] Pipeline 'ingress': end
[13:35:28.116] [bmv2] [D] [thread 4249] [4.0] [cxt 0] Egress port is 0
[13:35:28.116] [bmv2] [D] [thread 4250] [4.0] [cxt 0] Pipeline 'egress': start
[13:35:28.116] [bmv2] [D] [thread 4250] [4.0] [cxt 0] Pipeline 'egress': end
[13:35:28.116] [bmv2] [D] [thread 4250] [4.0] [cxt 0] Deparser 'deparser': start
[13:35:28.116] [bmv2] [T] [thread 4250] [4.0] [cxt 0] Skipping checksum 'cksum' update because condition not met
[13:35:28.116] [bmv2] [D] [thread 4250] [4.0] [cxt 0] Deparsing header 'ethernet'
[13:35:28.116] [bmv2] [D] [thread 4250] [4.0] [cxt 0] Deparser 'deparser': end
[13:35:28.116] [bmv2] [D] [thread 4254] [4.0] [cxt 0] Transmitting packet of size 70 out of port 0
