E1018 14:39:18.582296    73 main.cc:121] Starting bmv2 simple_switch and waiting for P4 pipeline
[14:39:18.600] [bmv2] [D] [thread 73] Set default default entry for table 't_drop': a_drop - 
[14:39:18.621] [bmv2] [D] [thread 73] Adding interface veth0 as port 1
[14:39:18.656] [bmv2] [D] [thread 73] Adding interface veth2 as port 2
[14:39:18.688] [bmv2] [D] [thread 73] Adding interface veth4 as port 3
[14:39:18.720] [bmv2] [D] [thread 73] Adding interface veth6 as port 4
[14:39:18.777] [bmv2] [D] [thread 73] Adding interface veth8 as port 5
[14:39:18.820] [bmv2] [D] [thread 73] Adding interface veth10 as port 6
[14:39:18.848] [bmv2] [D] [thread 73] Adding interface veth12 as port 7
[14:39:18.879] [bmv2] [D] [thread 73] Adding interface veth14 as port 8
E1018 14:39:18.957015037      73 server_chttp2.cc:40]        {"created":"@1697639958.956970378","description":"Only 1 addresses added out of total 2 resolved","file":"external/com_github_grpc_grpc/src/core/ext/transport/chttp2/server/chttp2_server.cc","file_line":406,"referenced_errors":[{"created":"@1697639958.956966542","description":"Address family not supported by protocol","errno":97,"file":"external/com_github_grpc_grpc/src/core/lib/iomgr/socket_utils_common_posix.cc","file_line":420,"os_error":"Address family not supported by protocol","syscall":"socket","target_address":"[::1]:28000"}]}
E1018 14:39:18.957299    73 hal.cc:223] Stratum external facing services are listening to 0.0.0.0:28000, localhost:28000...
[14:39:20.654] [bmv2] [D] [thread 106] Set default default entry for table 'tbl_act': act - 
[14:39:20.654] [bmv2] [D] [thread 106] Set default default entry for table 'tbl_act_0': act_3 - 
[14:39:20.654] [bmv2] [D] [thread 106] Set default default entry for table 'IngressPipeImpl.ndp_reply_table': NoAction - 
[14:39:20.654] [bmv2] [D] [thread 106] Set default default entry for table 'tbl_act_1': act_0 - 
[14:39:20.654] [bmv2] [D] [thread 106] Set default default entry for table 'tbl_act_2': act_1 - 
[14:39:20.654] [bmv2] [D] [thread 106] Set default default entry for table 'tbl_act_3': act_2 - 
[14:39:20.654] [bmv2] [D] [thread 106] Set default default entry for table 'tbl_act_4': act_4 - 
[14:39:20.654] [bmv2] [D] [thread 106] Set default default entry for table 'IngressPipeImpl.my_station_table': NoAction - 
[14:39:20.654] [bmv2] [D] [thread 106] Set default default entry for table 'tbl_act_5': act_5 - 
[14:39:20.654] [bmv2] [D] [thread 106] Set default default entry for table 'tbl_act_6': act_6 - 
[14:39:20.654] [bmv2] [D] [thread 106] Set default default entry for table 'tbl_act_7': act_7 - 
[14:39:20.654] [bmv2] [D] [thread 106] Set default default entry for table 'IngressPipeImpl.srv6_my_sid': NoAction - 
[14:39:20.654] [bmv2] [D] [thread 106] Set default default entry for table 'tbl_act_8': act_8 - 
[14:39:20.654] [bmv2] [D] [thread 106] Set default default entry for table 'tbl_act_9': act_9 - 
[14:39:20.654] [bmv2] [D] [thread 106] Set default default entry for table 'tbl_srv6_pop': IngressPipeImpl.srv6_pop - 
[14:39:20.654] [bmv2] [D] [thread 106] Set default default entry for table 'IngressPipeImpl.srv6_transit': NoAction - 
[14:39:20.655] [bmv2] [D] [thread 106] Set default default entry for table 'tbl_drop': IngressPipeImpl.drop - 
[14:39:20.655] [bmv2] [D] [thread 106] Set default default entry for table 'IngressPipeImpl.l2_exact_table': IngressPipeImpl.drop - 
[14:39:20.655] [bmv2] [D] [thread 106] Set default default entry for table 'tbl_act_10': act_10 - 
[14:39:20.655] [bmv2] [D] [thread 106] Set default default entry for table 'tbl_act_11': act_11 - 
[14:39:20.655] [bmv2] [D] [thread 106] Set default default entry for table 'IngressPipeImpl.l2_ternary_table': IngressPipeImpl.drop - 
[14:39:20.655] [bmv2] [D] [thread 106] Set default default entry for table 'IngressPipeImpl.acl_table': NoAction - 
[14:39:20.656] [bmv2] [D] [thread 106] Set default default entry for table 'tbl_act_12': act_12 - 
[14:39:20.656] [bmv2] [D] [thread 106] Set default default entry for table 'tbl_act_13': act_13 - 
[14:39:21.226] [bmv2] [D] [thread 109] Entry 0 added to table 'IngressPipeImpl.my_station_table'
[14:39:21.226] [bmv2] [D] [thread 109] Dumping entry 0
Match key:
* hdr.ethernet.dst_addr: EXACT     000102030405
Action entry: NoAction - 

[14:39:21.232] [bmv2] [D] [thread 141] Added member 0 to action profile 'IngressPipeImpl.ecmp_selector'
[14:39:21.234] [bmv2] [D] [thread 109] Created group 0 in action profile 'IngressPipeImpl.ecmp_selector'
[14:39:21.234] [bmv2] [D] [thread 109] Added member 0 to group 0 in action profile 'IngressPipeImpl.ecmp_selector'
[14:39:21.237] [bmv2] [D] [thread 141] Entry 0 added to table 'IngressPipeImpl.routing_v6_table'
[14:39:21.242] [bmv2] [D] [thread 141] Dumping entry 0
Match key:
* hdr.ipv6.dst_addr   : LPM       20010db885a3000000008a2e03707335/128
Index: group(0)
Group members:
  mbr 0: IngressPipeImpl.set_next_hop - aa02,

[14:39:21.245] [bmv2] [D] [thread 109] Entry 0 added to table 'IngressPipeImpl.l2_exact_table'
[14:39:21.245] [bmv2] [D] [thread 109] Dumping entry 0
Match key:
* hdr.ethernet.dst_addr: EXACT     00000000aa02
Action entry: IngressPipeImpl.set_egress_port - 2,

[14:39:21.252] [bmv2] [D] [thread 77] [0.0] [cxt 0] Processing packet received on port 1
[14:39:21.252] [bmv2] [D] [thread 77] [0.0] [cxt 0] Parser 'parser': start
[14:39:21.252] [bmv2] [D] [thread 77] [0.0] [cxt 0] Parser 'parser' entering state 'start'
[14:39:21.252] [bmv2] [D] [thread 77] [0.0] [cxt 0] Parser state 'start': key is 0001
[14:39:21.252] [bmv2] [T] [thread 77] [0.0] [cxt 0] Bytes parsed: 0
[14:39:21.252] [bmv2] [D] [thread 77] [0.0] [cxt 0] Parser 'parser' entering state 'parse_ethernet'
[14:39:21.252] [bmv2] [D] [thread 77] [0.0] [cxt 0] Extracting header 'ethernet'
[14:39:21.252] [bmv2] [D] [thread 77] [0.0] [cxt 0] Parser state 'parse_ethernet': key is 86dd
[14:39:21.252] [bmv2] [T] [thread 77] [0.0] [cxt 0] Bytes parsed: 14
[14:39:21.253] [bmv2] [D] [thread 77] [0.0] [cxt 0] Parser 'parser' entering state 'parse_ipv6'
[14:39:21.253] [bmv2] [D] [thread 77] [0.0] [cxt 0] Extracting header 'ipv6'
[14:39:21.253] [bmv2] [D] [thread 77] [0.0] [cxt 0] Parser set: setting field 'scalars.local_metadata_t.ip_proto' from field 'ipv6.next_hdr' (6)
[14:39:21.253] [bmv2] [D] [thread 77] [0.0] [cxt 0] Parser state 'parse_ipv6': key is 06
[14:39:21.253] [bmv2] [T] [thread 77] [0.0] [cxt 0] Bytes parsed: 54
[14:39:21.253] [bmv2] [D] [thread 77] [0.0] [cxt 0] Parser 'parser' entering state 'parse_tcp'
[14:39:21.253] [bmv2] [D] [thread 77] [0.0] [cxt 0] Extracting header 'tcp'
[14:39:21.253] [bmv2] [D] [thread 77] [0.0] [cxt 0] Parser set: setting field 'scalars.local_metadata_t.l4_src_port' from field 'tcp.src_port' (1234)
[14:39:21.253] [bmv2] [D] [thread 77] [0.0] [cxt 0] Parser set: setting field 'scalars.local_metadata_t.l4_dst_port' from field 'tcp.dst_port' (80)
[14:39:21.253] [bmv2] [D] [thread 77] [0.0] [cxt 0] Parser state 'parse_tcp' has no switch, going to default next state
[14:39:21.253] [bmv2] [T] [thread 77] [0.0] [cxt 0] Bytes parsed: 74
[14:39:21.253] [bmv2] [D] [thread 77] [0.0] [cxt 0] Parser 'parser': end
[14:39:21.253] [bmv2] [D] [thread 77] [0.0] [cxt 0] Pipeline 'ingress': start
[14:39:21.254] [bmv2] [T] [thread 77] [0.0] [cxt 0] p4src/main.p4(664) Condition "hdr.cpu_out.isValid()" (node_2) is false
[14:39:21.254] [bmv2] [T] [thread 77] [0.0] [cxt 0] Applying table 'tbl_act_0'
[14:39:21.254] [bmv2] [D] [thread 77] [0.0] [cxt 0] Looking up key:

[14:39:21.254] [bmv2] [D] [thread 77] [0.0] [cxt 0] Table 'tbl_act_0': miss
[14:39:21.254] [bmv2] [D] [thread 77] [0.0] [cxt 0] Action entry is act_3 - 
[14:39:21.254] [bmv2] [T] [thread 77] [0.0] [cxt 0] Action act_3
[14:39:21.254] [bmv2] [T] [thread 77] [0.0] [cxt 0] p4src/main.p4(677) Primitive bool do_l3_l2 = true;
[14:39:21.254] [bmv2] [T] [thread 77] [0.0] [cxt 0] p4src/main.p4(679) Condition "hdr.icmpv6.isValid() && hdr.icmpv6.type == ICMP6_TYPE_NS" (node_5) is false
[14:39:21.254] [bmv2] [T] [thread 77] [0.0] [cxt 0] p4src/main.p4(692) Condition "do_l3_l2" (node_11) is true
[14:39:21.254] [bmv2] [T] [thread 77] [0.0] [cxt 0] p4src/main.p4(705) Condition "hdr.ipv6.isValid()" (node_12) is false
[14:39:21.254] [bmv2] [T] [thread 77] [0.0] [cxt 0] Applying table 'IngressPipeImpl.my_station_table'
[14:39:21.254] [bmv2] [D] [thread 77] [0.0] [cxt 0] Looking up key:
* hdr.ethernet.dst_addr: 000102030405

[14:39:21.254] [bmv2] [D] [thread 77] [0.0] [cxt 0] Table 'IngressPipeImpl.my_station_table': hit with handle 0
[14:39:21.255] [bmv2] [D] [thread 77] [0.0] [cxt 0] Dumping entry 0
Match key:
* hdr.ethernet.dst_addr: EXACT     000102030405
Action entry: NoAction - 

[14:39:21.255] [bmv2] [D] [thread 77] [0.0] [cxt 0] Action entry is NoAction - 
[14:39:21.255] [bmv2] [T] [thread 77] [0.0] [cxt 0] Action NoAction
[14:39:21.255] [bmv2] [T] [thread 77] [0.0] [cxt 0] Applying table 'tbl_act_5'
[14:39:21.255] [bmv2] [D] [thread 77] [0.0] [cxt 0] Looking up key:

[14:39:21.255] [bmv2] [D] [thread 77] [0.0] [cxt 0] Table 'tbl_act_5': miss
[14:39:21.255] [bmv2] [D] [thread 77] [0.0] [cxt 0] Action entry is act_5 - 
[14:39:21.255] [bmv2] [T] [thread 77] [0.0] [cxt 0] Action act_5
[14:39:21.255] [bmv2] [T] [thread 77] [0.0] [cxt 0] Primitive (no source info)
[14:39:21.255] [bmv2] [T] [thread 77] [0.0] [cxt 0] Applying table 'tbl_act_7'
[14:39:21.255] [bmv2] [D] [thread 77] [0.0] [cxt 0] Looking up key:

[14:39:21.255] [bmv2] [D] [thread 77] [0.0] [cxt 0] Table 'tbl_act_7': miss
[14:39:21.255] [bmv2] [D] [thread 77] [0.0] [cxt 0] Action entry is act_7 - 
[14:39:21.255] [bmv2] [T] [thread 77] [0.0] [cxt 0] Action act_7
[14:39:21.255] [bmv2] [T] [thread 77] [0.0] [cxt 0] p4src/main.p4(705) Primitive hdr.ipv6.isValid() && my_station_table.apply().hit
[14:39:21.255] [bmv2] [T] [thread 77] [0.0] [cxt 0] Condition "node_18" (node_18) is true
[14:39:21.255] [bmv2] [T] [thread 77] [0.0] [cxt 0] Applying table 'IngressPipeImpl.srv6_my_sid'
[14:39:21.255] [bmv2] [D] [thread 77] [0.0] [cxt 0] Looking up key:
* hdr.ipv6.dst_addr   : 20010db885a3000000008a2e03707335

[14:39:21.255] [bmv2] [D] [thread 77] [0.0] [cxt 0] Table 'IngressPipeImpl.srv6_my_sid': miss
[14:39:21.255] [bmv2] [D] [thread 77] [0.0] [cxt 0] Action entry is NoAction - 
[14:39:21.255] [bmv2] [T] [thread 77] [0.0] [cxt 0] Action NoAction
[14:39:21.255] [bmv2] [T] [thread 77] [0.0] [cxt 0] Applying table 'tbl_act_9'
[14:39:21.255] [bmv2] [D] [thread 77] [0.0] [cxt 0] Looking up key:

[14:39:21.255] [bmv2] [D] [thread 77] [0.0] [cxt 0] Table 'tbl_act_9': miss
[14:39:21.256] [bmv2] [D] [thread 77] [0.0] [cxt 0] Action entry is act_9 - 
[14:39:21.256] [bmv2] [T] [thread 77] [0.0] [cxt 0] Action act_9
[14:39:21.256] [bmv2] [T] [thread 77] [0.0] [cxt 0] Primitive (no source info)
[14:39:21.256] [bmv2] [T] [thread 77] [0.0] [cxt 0] Condition "node_22" (node_22) is false
[14:39:21.256] [bmv2] [T] [thread 77] [0.0] [cxt 0] Applying table 'IngressPipeImpl.srv6_transit'
[14:39:21.256] [bmv2] [D] [thread 77] [0.0] [cxt 0] Looking up key:
* hdr.ipv6.dst_addr   : 20010db885a3000000008a2e03707335

[14:39:21.256] [bmv2] [D] [thread 77] [0.0] [cxt 0] Table 'IngressPipeImpl.srv6_transit': miss
[14:39:21.256] [bmv2] [D] [thread 77] [0.0] [cxt 0] Action entry is NoAction - 
[14:39:21.256] [bmv2] [T] [thread 77] [0.0] [cxt 0] Action NoAction
[14:39:21.256] [bmv2] [T] [thread 77] [0.0] [cxt 0] Applying table 'IngressPipeImpl.routing_v6_table'
[14:39:21.256] [bmv2] [D] [thread 77] [0.0] [cxt 0] Looking up key:
* hdr.ipv6.dst_addr   : 20010db885a3000000008a2e03707335

[14:39:21.256] [bmv2] [D] [thread 77] [0.0] [cxt 0] Choosing member 0 from group 0
[14:39:21.256] [bmv2] [D] [thread 77] [0.0] [cxt 0] Table 'IngressPipeImpl.routing_v6_table': hit with handle 0
[14:39:21.256] [bmv2] [D] [thread 77] [0.0] [cxt 0] Dumping entry 0
Match key:
* hdr.ipv6.dst_addr   : LPM       20010db885a3000000008a2e03707335/128
Index: group(0)
Group members:
  mbr 0: IngressPipeImpl.set_next_hop - aa02,

[14:39:21.256] [bmv2] [D] [thread 77] [0.0] [cxt 0] Action entry is IngressPipeImpl.set_next_hop - aa02,
[14:39:21.256] [bmv2] [T] [thread 77] [0.0] [cxt 0] Action IngressPipeImpl.set_next_hop
[14:39:21.256] [bmv2] [T] [thread 77] [0.0] [cxt 0] p4src/main.p4(493) Primitive hdr.ethernet.src_addr = hdr.ethernet.dst_addr
[14:39:21.256] [bmv2] [T] [thread 77] [0.0] [cxt 0] p4src/main.p4(494) Primitive hdr.ethernet.dst_addr = dmac
[14:39:21.256] [bmv2] [T] [thread 77] [0.0] [cxt 0] p4src/main.p4(496) Primitive hdr.ipv6.hop_limit = hdr.ipv6.hop_limit - 1
[14:39:21.256] [bmv2] [T] [thread 77] [0.0] [cxt 0] p4src/main.p4(718) Condition "hdr.ipv6.hop_limit == 0" (node_27) is false
[14:39:21.256] [bmv2] [T] [thread 77] [0.0] [cxt 0] Applying table 'IngressPipeImpl.l2_exact_table'
[14:39:21.256] [bmv2] [D] [thread 77] [0.0] [cxt 0] Looking up key:
* hdr.ethernet.dst_addr: 00000000aa02

[14:39:21.257] [bmv2] [D] [thread 77] [0.0] [cxt 0] Table 'IngressPipeImpl.l2_exact_table': hit with handle 0
[14:39:21.257] [bmv2] [D] [thread 77] [0.0] [cxt 0] Dumping entry 0
Match key:
* hdr.ethernet.dst_addr: EXACT     00000000aa02
Action entry: IngressPipeImpl.set_egress_port - 2,

[14:39:21.257] [bmv2] [D] [thread 77] [0.0] [cxt 0] Action entry is IngressPipeImpl.set_egress_port - 2,
[14:39:21.257] [bmv2] [T] [thread 77] [0.0] [cxt 0] Action IngressPipeImpl.set_egress_port
[14:39:21.257] [bmv2] [T] [thread 77] [0.0] [cxt 0] p4src/main.p4(383) Primitive standard_metadata.egress_spec = port_num
[14:39:21.257] [bmv2] [T] [thread 77] [0.0] [cxt 0] Applying table 'tbl_act_10'
[14:39:21.257] [bmv2] [D] [thread 77] [0.0] [cxt 0] Looking up key:

[14:39:21.257] [bmv2] [D] [thread 77] [0.0] [cxt 0] Table 'tbl_act_10': miss
[14:39:21.257] [bmv2] [D] [thread 77] [0.0] [cxt 0] Action entry is act_10 - 
[14:39:21.257] [bmv2] [T] [thread 77] [0.0] [cxt 0] Action act_10
[14:39:21.257] [bmv2] [T] [thread 77] [0.0] [cxt 0] Primitive (no source info)
[14:39:21.257] [bmv2] [T] [thread 77] [0.0] [cxt 0] p4src/main.p4(722) Condition "!l2_exact_table.apply().hit" (node_32) is false
[14:39:21.257] [bmv2] [T] [thread 77] [0.0] [cxt 0] Applying table 'IngressPipeImpl.acl_table'
[14:39:21.257] [bmv2] [D] [thread 77] [0.0] [cxt 0] Looking up key:
* standard_metadata.ingress_port: 0001
* hdr.ethernet.dst_addr         : 00000000aa02
* hdr.ethernet.src_addr         : 000102030405
* hdr.ethernet.ether_type       : 86dd
* local_metadata.ip_proto       : 06
* local_metadata.icmp_type      : 00
* local_metadata.l4_src_port    : 04d2
* local_metadata.l4_dst_port    : 0050

[14:39:21.257] [bmv2] [D] [thread 77] [0.0] [cxt 0] Table 'IngressPipeImpl.acl_table': miss
[14:39:21.257] [bmv2] [D] [thread 77] [0.0] [cxt 0] Action entry is NoAction - 
[14:39:21.257] [bmv2] [T] [thread 77] [0.0] [cxt 0] Action NoAction
[14:39:21.257] [bmv2] [D] [thread 77] [0.0] [cxt 0] Pipeline 'ingress': end
[14:39:21.257] [bmv2] [D] [thread 77] [0.0] [cxt 0] Egress port is 2
[14:39:21.258] [bmv2] [D] [thread 80] [0.0] [cxt 0] Pipeline 'egress': start
[14:39:21.258] [bmv2] [T] [thread 80] [0.0] [cxt 0] p4src/main.p4(740) Condition "standard_metadata.egress_port == 255" (node_37) is false
[14:39:21.258] [bmv2] [T] [thread 80] [0.0] [cxt 0] p4src/main.p4(758) Condition "local_metadata.is_multicast == true && ..." (node_39) is false
[14:39:21.258] [bmv2] [D] [thread 80] [0.0] [cxt 0] Pipeline 'egress': end
[14:39:21.258] [bmv2] [D] [thread 80] [0.0] [cxt 0] Deparser 'deparser': start
[14:39:21.258] [bmv2] [T] [thread 80] [0.0] [cxt 0] Skipping checksum 'cksum' update because condition not met
[14:39:21.258] [bmv2] [D] [thread 80] [0.0] [cxt 0] Deparsing header 'ethernet'
[14:39:21.258] [bmv2] [D] [thread 80] [0.0] [cxt 0] Deparsing header 'ipv6'
[14:39:21.258] [bmv2] [D] [thread 80] [0.0] [cxt 0] Deparsing header 'tcp'
[14:39:21.258] [bmv2] [D] [thread 80] [0.0] [cxt 0] Deparser 'deparser': end
[14:39:21.258] [bmv2] [D] [thread 82] [0.0] [cxt 0] Transmitting packet of size 100 out of port 2
[14:39:21.271] [bmv2] [D] [thread 141] Removed entry 0 from table 'IngressPipeImpl.l2_exact_table'
[14:39:21.271] [bmv2] [D] [thread 141] Entry 0 removed from table 'IngressPipeImpl.routing_v6_table'
[14:39:21.271] [bmv2] [D] [thread 141] Removed group 0 from action profile 'IngressPipeImpl.ecmp_selector'
[14:39:21.271] [bmv2] [D] [thread 141] Removed member 0 from action profile 'IngressPipeImpl.ecmp_selector'
[14:39:21.271] [bmv2] [D] [thread 141] Removed entry 0 from table 'IngressPipeImpl.my_station_table'
[14:39:21.277] [bmv2] [D] [thread 109] Entry 16777216 added to table 'IngressPipeImpl.my_station_table'
[14:39:21.277] [bmv2] [D] [thread 109] Dumping entry 16777216
Match key:
* hdr.ethernet.dst_addr: EXACT     000102030405
Action entry: NoAction - 

[14:39:21.279] [bmv2] [D] [thread 141] Added member 0 to action profile 'IngressPipeImpl.ecmp_selector'
[14:39:21.282] [bmv2] [D] [thread 109] Created group 0 in action profile 'IngressPipeImpl.ecmp_selector'
[14:39:21.282] [bmv2] [D] [thread 109] Added member 0 to group 0 in action profile 'IngressPipeImpl.ecmp_selector'
[14:39:21.285] [bmv2] [D] [thread 141] Entry 16777216 added to table 'IngressPipeImpl.routing_v6_table'
[14:39:21.286] [bmv2] [D] [thread 141] Dumping entry 16777216
Match key:
* hdr.ipv6.dst_addr   : LPM       20010db885a3000000008a2e03707335/128
Index: group(0)
Group members:
  mbr 0: IngressPipeImpl.set_next_hop - aa02,

[14:39:21.289] [bmv2] [D] [thread 109] Entry 16777216 added to table 'IngressPipeImpl.l2_exact_table'
[14:39:21.289] [bmv2] [D] [thread 109] Dumping entry 16777216
Match key:
* hdr.ethernet.dst_addr: EXACT     00000000aa02
Action entry: IngressPipeImpl.set_egress_port - 2,

[14:39:21.291] [bmv2] [D] [thread 77] [1.0] [cxt 0] Processing packet received on port 1
[14:39:21.292] [bmv2] [D] [thread 77] [1.0] [cxt 0] Parser 'parser': start
[14:39:21.292] [bmv2] [D] [thread 77] [1.0] [cxt 0] Parser 'parser' entering state 'start'
[14:39:21.292] [bmv2] [D] [thread 77] [1.0] [cxt 0] Parser state 'start': key is 0001
[14:39:21.292] [bmv2] [T] [thread 77] [1.0] [cxt 0] Bytes parsed: 0
[14:39:21.292] [bmv2] [D] [thread 77] [1.0] [cxt 0] Parser 'parser' entering state 'parse_ethernet'
[14:39:21.292] [bmv2] [D] [thread 77] [1.0] [cxt 0] Extracting header 'ethernet'
[14:39:21.292] [bmv2] [D] [thread 77] [1.0] [cxt 0] Parser state 'parse_ethernet': key is 86dd
[14:39:21.292] [bmv2] [T] [thread 77] [1.0] [cxt 0] Bytes parsed: 14
[14:39:21.292] [bmv2] [D] [thread 77] [1.0] [cxt 0] Parser 'parser' entering state 'parse_ipv6'
[14:39:21.292] [bmv2] [D] [thread 77] [1.0] [cxt 0] Extracting header 'ipv6'
[14:39:21.292] [bmv2] [D] [thread 77] [1.0] [cxt 0] Parser set: setting field 'scalars.local_metadata_t.ip_proto' from field 'ipv6.next_hdr' (17)
[14:39:21.292] [bmv2] [D] [thread 77] [1.0] [cxt 0] Parser state 'parse_ipv6': key is 11
[14:39:21.292] [bmv2] [T] [thread 77] [1.0] [cxt 0] Bytes parsed: 54
[14:39:21.292] [bmv2] [D] [thread 77] [1.0] [cxt 0] Parser 'parser' entering state 'parse_udp'
[14:39:21.292] [bmv2] [D] [thread 77] [1.0] [cxt 0] Extracting header 'udp'
[14:39:21.292] [bmv2] [D] [thread 77] [1.0] [cxt 0] Parser set: setting field 'scalars.local_metadata_t.l4_src_port' from field 'udp.src_port' (1234)
[14:39:21.293] [bmv2] [D] [thread 77] [1.0] [cxt 0] Parser set: setting field 'scalars.local_metadata_t.l4_dst_port' from field 'udp.dst_port' (80)
[14:39:21.294] [bmv2] [D] [thread 77] [1.0] [cxt 0] Parser state 'parse_udp' has no switch, going to default next state
[14:39:21.294] [bmv2] [T] [thread 77] [1.0] [cxt 0] Bytes parsed: 62
[14:39:21.294] [bmv2] [D] [thread 77] [1.0] [cxt 0] Parser 'parser': end
[14:39:21.294] [bmv2] [D] [thread 77] [1.0] [cxt 0] Pipeline 'ingress': start
[14:39:21.294] [bmv2] [T] [thread 77] [1.0] [cxt 0] p4src/main.p4(664) Condition "hdr.cpu_out.isValid()" (node_2) is false
[14:39:21.294] [bmv2] [T] [thread 77] [1.0] [cxt 0] Applying table 'tbl_act_0'
[14:39:21.294] [bmv2] [D] [thread 77] [1.0] [cxt 0] Looking up key:

[14:39:21.294] [bmv2] [D] [thread 77] [1.0] [cxt 0] Table 'tbl_act_0': miss
[14:39:21.294] [bmv2] [D] [thread 77] [1.0] [cxt 0] Action entry is act_3 - 
[14:39:21.294] [bmv2] [T] [thread 77] [1.0] [cxt 0] Action act_3
[14:39:21.294] [bmv2] [T] [thread 77] [1.0] [cxt 0] p4src/main.p4(677) Primitive bool do_l3_l2 = true;
[14:39:21.295] [bmv2] [T] [thread 77] [1.0] [cxt 0] p4src/main.p4(679) Condition "hdr.icmpv6.isValid() && hdr.icmpv6.type == ICMP6_TYPE_NS" (node_5) is false
[14:39:21.295] [bmv2] [T] [thread 77] [1.0] [cxt 0] p4src/main.p4(692) Condition "do_l3_l2" (node_11) is true
[14:39:21.295] [bmv2] [T] [thread 77] [1.0] [cxt 0] p4src/main.p4(705) Condition "hdr.ipv6.isValid()" (node_12) is false
[14:39:21.295] [bmv2] [T] [thread 77] [1.0] [cxt 0] Applying table 'IngressPipeImpl.my_station_table'
[14:39:21.295] [bmv2] [D] [thread 77] [1.0] [cxt 0] Looking up key:
* hdr.ethernet.dst_addr: 000102030405

[14:39:21.295] [bmv2] [D] [thread 77] [1.0] [cxt 0] Table 'IngressPipeImpl.my_station_table': hit with handle 16777216
[14:39:21.295] [bmv2] [D] [thread 77] [1.0] [cxt 0] Dumping entry 16777216
Match key:
* hdr.ethernet.dst_addr: EXACT     000102030405
Action entry: NoAction - 

[14:39:21.295] [bmv2] [D] [thread 77] [1.0] [cxt 0] Action entry is NoAction - 
[14:39:21.295] [bmv2] [T] [thread 77] [1.0] [cxt 0] Action NoAction
[14:39:21.295] [bmv2] [T] [thread 77] [1.0] [cxt 0] Applying table 'tbl_act_5'
[14:39:21.295] [bmv2] [D] [thread 77] [1.0] [cxt 0] Looking up key:

[14:39:21.295] [bmv2] [D] [thread 77] [1.0] [cxt 0] Table 'tbl_act_5': miss
[14:39:21.295] [bmv2] [D] [thread 77] [1.0] [cxt 0] Action entry is act_5 - 
[14:39:21.296] [bmv2] [T] [thread 77] [1.0] [cxt 0] Action act_5
[14:39:21.296] [bmv2] [T] [thread 77] [1.0] [cxt 0] Primitive (no source info)
[14:39:21.296] [bmv2] [T] [thread 77] [1.0] [cxt 0] Applying table 'tbl_act_7'
[14:39:21.296] [bmv2] [D] [thread 77] [1.0] [cxt 0] Looking up key:

[14:39:21.296] [bmv2] [D] [thread 77] [1.0] [cxt 0] Table 'tbl_act_7': miss
[14:39:21.296] [bmv2] [D] [thread 77] [1.0] [cxt 0] Action entry is act_7 - 
[14:39:21.296] [bmv2] [T] [thread 77] [1.0] [cxt 0] Action act_7
[14:39:21.296] [bmv2] [T] [thread 77] [1.0] [cxt 0] p4src/main.p4(705) Primitive hdr.ipv6.isValid() && my_station_table.apply().hit
[14:39:21.296] [bmv2] [T] [thread 77] [1.0] [cxt 0] Condition "node_18" (node_18) is true
[14:39:21.296] [bmv2] [T] [thread 77] [1.0] [cxt 0] Applying table 'IngressPipeImpl.srv6_my_sid'
[14:39:21.296] [bmv2] [D] [thread 77] [1.0] [cxt 0] Looking up key:
* hdr.ipv6.dst_addr   : 20010db885a3000000008a2e03707335

[14:39:21.296] [bmv2] [D] [thread 77] [1.0] [cxt 0] Table 'IngressPipeImpl.srv6_my_sid': miss
[14:39:21.296] [bmv2] [D] [thread 77] [1.0] [cxt 0] Action entry is NoAction - 
[14:39:21.296] [bmv2] [T] [thread 77] [1.0] [cxt 0] Action NoAction
[14:39:21.296] [bmv2] [T] [thread 77] [1.0] [cxt 0] Applying table 'tbl_act_9'
[14:39:21.296] [bmv2] [D] [thread 77] [1.0] [cxt 0] Looking up key:

[14:39:21.296] [bmv2] [D] [thread 77] [1.0] [cxt 0] Table 'tbl_act_9': miss
[14:39:21.296] [bmv2] [D] [thread 77] [1.0] [cxt 0] Action entry is act_9 - 
[14:39:21.296] [bmv2] [T] [thread 77] [1.0] [cxt 0] Action act_9
[14:39:21.296] [bmv2] [T] [thread 77] [1.0] [cxt 0] Primitive (no source info)
[14:39:21.297] [bmv2] [T] [thread 77] [1.0] [cxt 0] Condition "node_22" (node_22) is false
[14:39:21.297] [bmv2] [T] [thread 77] [1.0] [cxt 0] Applying table 'IngressPipeImpl.srv6_transit'
[14:39:21.297] [bmv2] [D] [thread 77] [1.0] [cxt 0] Looking up key:
* hdr.ipv6.dst_addr   : 20010db885a3000000008a2e03707335

[14:39:21.297] [bmv2] [D] [thread 77] [1.0] [cxt 0] Table 'IngressPipeImpl.srv6_transit': miss
[14:39:21.297] [bmv2] [D] [thread 77] [1.0] [cxt 0] Action entry is NoAction - 
[14:39:21.297] [bmv2] [T] [thread 77] [1.0] [cxt 0] Action NoAction
[14:39:21.297] [bmv2] [T] [thread 77] [1.0] [cxt 0] Applying table 'IngressPipeImpl.routing_v6_table'
[14:39:21.298] [bmv2] [D] [thread 77] [1.0] [cxt 0] Looking up key:
* hdr.ipv6.dst_addr   : 20010db885a3000000008a2e03707335

[14:39:21.298] [bmv2] [D] [thread 77] [1.0] [cxt 0] Choosing member 0 from group 0
[14:39:21.298] [bmv2] [D] [thread 77] [1.0] [cxt 0] Table 'IngressPipeImpl.routing_v6_table': hit with handle 16777216
[14:39:21.298] [bmv2] [D] [thread 77] [1.0] [cxt 0] Dumping entry 16777216
Match key:
* hdr.ipv6.dst_addr   : LPM       20010db885a3000000008a2e03707335/128
Index: group(0)
Group members:
  mbr 0: IngressPipeImpl.set_next_hop - aa02,

[14:39:21.298] [bmv2] [D] [thread 77] [1.0] [cxt 0] Action entry is IngressPipeImpl.set_next_hop - aa02,
[14:39:21.298] [bmv2] [T] [thread 77] [1.0] [cxt 0] Action IngressPipeImpl.set_next_hop
[14:39:21.298] [bmv2] [T] [thread 77] [1.0] [cxt 0] p4src/main.p4(493) Primitive hdr.ethernet.src_addr = hdr.ethernet.dst_addr
[14:39:21.298] [bmv2] [T] [thread 77] [1.0] [cxt 0] p4src/main.p4(494) Primitive hdr.ethernet.dst_addr = dmac
[14:39:21.298] [bmv2] [T] [thread 77] [1.0] [cxt 0] p4src/main.p4(496) Primitive hdr.ipv6.hop_limit = hdr.ipv6.hop_limit - 1
[14:39:21.298] [bmv2] [T] [thread 77] [1.0] [cxt 0] p4src/main.p4(718) Condition "hdr.ipv6.hop_limit == 0" (node_27) is false
[14:39:21.298] [bmv2] [T] [thread 77] [1.0] [cxt 0] Applying table 'IngressPipeImpl.l2_exact_table'
[14:39:21.298] [bmv2] [D] [thread 77] [1.0] [cxt 0] Looking up key:
* hdr.ethernet.dst_addr: 00000000aa02

[14:39:21.298] [bmv2] [D] [thread 77] [1.0] [cxt 0] Table 'IngressPipeImpl.l2_exact_table': hit with handle 16777216
[14:39:21.298] [bmv2] [D] [thread 77] [1.0] [cxt 0] Dumping entry 16777216
Match key:
* hdr.ethernet.dst_addr: EXACT     00000000aa02
Action entry: IngressPipeImpl.set_egress_port - 2,

[14:39:21.298] [bmv2] [D] [thread 77] [1.0] [cxt 0] Action entry is IngressPipeImpl.set_egress_port - 2,
[14:39:21.298] [bmv2] [T] [thread 77] [1.0] [cxt 0] Action IngressPipeImpl.set_egress_port
[14:39:21.298] [bmv2] [T] [thread 77] [1.0] [cxt 0] p4src/main.p4(383) Primitive standard_metadata.egress_spec = port_num
[14:39:21.298] [bmv2] [T] [thread 77] [1.0] [cxt 0] Applying table 'tbl_act_10'
[14:39:21.298] [bmv2] [D] [thread 77] [1.0] [cxt 0] Looking up key:

[14:39:21.298] [bmv2] [D] [thread 77] [1.0] [cxt 0] Table 'tbl_act_10': miss
[14:39:21.298] [bmv2] [D] [thread 77] [1.0] [cxt 0] Action entry is act_10 - 
[14:39:21.298] [bmv2] [T] [thread 77] [1.0] [cxt 0] Action act_10
[14:39:21.298] [bmv2] [T] [thread 77] [1.0] [cxt 0] Primitive (no source info)
[14:39:21.299] [bmv2] [T] [thread 77] [1.0] [cxt 0] p4src/main.p4(722) Condition "!l2_exact_table.apply().hit" (node_32) is false
[14:39:21.299] [bmv2] [T] [thread 77] [1.0] [cxt 0] Applying table 'IngressPipeImpl.acl_table'
[14:39:21.299] [bmv2] [D] [thread 77] [1.0] [cxt 0] Looking up key:
* standard_metadata.ingress_port: 0001
* hdr.ethernet.dst_addr         : 00000000aa02
* hdr.ethernet.src_addr         : 000102030405
* hdr.ethernet.ether_type       : 86dd
* local_metadata.ip_proto       : 11
* local_metadata.icmp_type      : 00
* local_metadata.l4_src_port    : 04d2
* local_metadata.l4_dst_port    : 0050

[14:39:21.299] [bmv2] [D] [thread 77] [1.0] [cxt 0] Table 'IngressPipeImpl.acl_table': miss
[14:39:21.299] [bmv2] [D] [thread 77] [1.0] [cxt 0] Action entry is NoAction - 
[14:39:21.299] [bmv2] [T] [thread 77] [1.0] [cxt 0] Action NoAction
[14:39:21.299] [bmv2] [D] [thread 77] [1.0] [cxt 0] Pipeline 'ingress': end
[14:39:21.299] [bmv2] [D] [thread 77] [1.0] [cxt 0] Egress port is 2
[14:39:21.299] [bmv2] [D] [thread 80] [1.0] [cxt 0] Pipeline 'egress': start
[14:39:21.299] [bmv2] [T] [thread 80] [1.0] [cxt 0] p4src/main.p4(740) Condition "standard_metadata.egress_port == 255" (node_37) is false
[14:39:21.299] [bmv2] [T] [thread 80] [1.0] [cxt 0] p4src/main.p4(758) Condition "local_metadata.is_multicast == true && ..." (node_39) is false
[14:39:21.299] [bmv2] [D] [thread 80] [1.0] [cxt 0] Pipeline 'egress': end
[14:39:21.299] [bmv2] [D] [thread 80] [1.0] [cxt 0] Deparser 'deparser': start
[14:39:21.299] [bmv2] [T] [thread 80] [1.0] [cxt 0] Skipping checksum 'cksum' update because condition not met
[14:39:21.299] [bmv2] [D] [thread 80] [1.0] [cxt 0] Deparsing header 'ethernet'
[14:39:21.300] [bmv2] [D] [thread 80] [1.0] [cxt 0] Deparsing header 'ipv6'
[14:39:21.300] [bmv2] [D] [thread 80] [1.0] [cxt 0] Deparsing header 'udp'
[14:39:21.300] [bmv2] [D] [thread 80] [1.0] [cxt 0] Deparser 'deparser': end
[14:39:21.300] [bmv2] [D] [thread 82] [1.0] [cxt 0] Transmitting packet of size 100 out of port 2
[14:39:21.312] [bmv2] [D] [thread 141] Removed entry 16777216 from table 'IngressPipeImpl.l2_exact_table'
[14:39:21.312] [bmv2] [D] [thread 141] Entry 16777216 removed from table 'IngressPipeImpl.routing_v6_table'
[14:39:21.312] [bmv2] [D] [thread 141] Removed group 0 from action profile 'IngressPipeImpl.ecmp_selector'
[14:39:21.312] [bmv2] [D] [thread 141] Removed member 0 from action profile 'IngressPipeImpl.ecmp_selector'
[14:39:21.312] [bmv2] [D] [thread 141] Removed entry 16777216 from table 'IngressPipeImpl.my_station_table'
[14:39:21.318] [bmv2] [D] [thread 109] Entry 33554432 added to table 'IngressPipeImpl.my_station_table'
[14:39:21.318] [bmv2] [D] [thread 109] Dumping entry 33554432
Match key:
* hdr.ethernet.dst_addr: EXACT     000102030405
Action entry: NoAction - 

[14:39:21.321] [bmv2] [D] [thread 109] Added member 0 to action profile 'IngressPipeImpl.ecmp_selector'
[14:39:21.323] [bmv2] [D] [thread 141] Created group 0 in action profile 'IngressPipeImpl.ecmp_selector'
[14:39:21.323] [bmv2] [D] [thread 141] Added member 0 to group 0 in action profile 'IngressPipeImpl.ecmp_selector'
[14:39:21.325] [bmv2] [D] [thread 109] Entry 33554432 added to table 'IngressPipeImpl.routing_v6_table'
[14:39:21.325] [bmv2] [D] [thread 109] Dumping entry 33554432
Match key:
* hdr.ipv6.dst_addr   : LPM       20010db885a3000000008a2e03707335/128
Index: group(0)
Group members:
  mbr 0: IngressPipeImpl.set_next_hop - aa02,

[14:39:21.329] [bmv2] [D] [thread 141] Entry 33554432 added to table 'IngressPipeImpl.l2_exact_table'
[14:39:21.329] [bmv2] [D] [thread 141] Dumping entry 33554432
Match key:
* hdr.ethernet.dst_addr: EXACT     00000000aa02
Action entry: IngressPipeImpl.set_egress_port - 2,

[14:39:21.332] [bmv2] [D] [thread 77] [2.0] [cxt 0] Processing packet received on port 1
[14:39:21.332] [bmv2] [D] [thread 77] [2.0] [cxt 0] Parser 'parser': start
[14:39:21.332] [bmv2] [D] [thread 77] [2.0] [cxt 0] Parser 'parser' entering state 'start'
[14:39:21.332] [bmv2] [D] [thread 77] [2.0] [cxt 0] Parser state 'start': key is 0001
[14:39:21.333] [bmv2] [T] [thread 77] [2.0] [cxt 0] Bytes parsed: 0
[14:39:21.333] [bmv2] [D] [thread 77] [2.0] [cxt 0] Parser 'parser' entering state 'parse_ethernet'
[14:39:21.333] [bmv2] [D] [thread 77] [2.0] [cxt 0] Extracting header 'ethernet'
[14:39:21.333] [bmv2] [D] [thread 77] [2.0] [cxt 0] Parser state 'parse_ethernet': key is 86dd
[14:39:21.333] [bmv2] [T] [thread 77] [2.0] [cxt 0] Bytes parsed: 14
[14:39:21.333] [bmv2] [D] [thread 77] [2.0] [cxt 0] Parser 'parser' entering state 'parse_ipv6'
[14:39:21.333] [bmv2] [D] [thread 77] [2.0] [cxt 0] Extracting header 'ipv6'
[14:39:21.333] [bmv2] [D] [thread 77] [2.0] [cxt 0] Parser set: setting field 'scalars.local_metadata_t.ip_proto' from field 'ipv6.next_hdr' (58)
[14:39:21.333] [bmv2] [D] [thread 77] [2.0] [cxt 0] Parser state 'parse_ipv6': key is 3a
[14:39:21.333] [bmv2] [T] [thread 77] [2.0] [cxt 0] Bytes parsed: 54
[14:39:21.333] [bmv2] [D] [thread 77] [2.0] [cxt 0] Parser 'parser' entering state 'parse_icmpv6'
[14:39:21.333] [bmv2] [D] [thread 77] [2.0] [cxt 0] Extracting header 'icmpv6'
[14:39:21.333] [bmv2] [D] [thread 77] [2.0] [cxt 0] Parser set: setting field 'scalars.local_metadata_t.icmp_type' from field 'icmpv6.type' (8)
[14:39:21.333] [bmv2] [D] [thread 77] [2.0] [cxt 0] Parser state 'parse_icmpv6': key is 08
[14:39:21.333] [bmv2] [T] [thread 77] [2.0] [cxt 0] Bytes parsed: 58
[14:39:21.333] [bmv2] [D] [thread 77] [2.0] [cxt 0] Parser 'parser': end
[14:39:21.333] [bmv2] [D] [thread 77] [2.0] [cxt 0] Pipeline 'ingress': start
[14:39:21.333] [bmv2] [T] [thread 77] [2.0] [cxt 0] p4src/main.p4(664) Condition "hdr.cpu_out.isValid()" (node_2) is false
[14:39:21.333] [bmv2] [T] [thread 77] [2.0] [cxt 0] Applying table 'tbl_act_0'
[14:39:21.333] [bmv2] [D] [thread 77] [2.0] [cxt 0] Looking up key:

[14:39:21.333] [bmv2] [D] [thread 77] [2.0] [cxt 0] Table 'tbl_act_0': miss
[14:39:21.333] [bmv2] [D] [thread 77] [2.0] [cxt 0] Action entry is act_3 - 
[14:39:21.333] [bmv2] [T] [thread 77] [2.0] [cxt 0] Action act_3
[14:39:21.333] [bmv2] [T] [thread 77] [2.0] [cxt 0] p4src/main.p4(677) Primitive bool do_l3_l2 = true;
[14:39:21.333] [bmv2] [T] [thread 77] [2.0] [cxt 0] p4src/main.p4(679) Condition "hdr.icmpv6.isValid() && hdr.icmpv6.type == ICMP6_TYPE_NS" (node_5) is false
[14:39:21.333] [bmv2] [T] [thread 77] [2.0] [cxt 0] p4src/main.p4(692) Condition "do_l3_l2" (node_11) is true
[14:39:21.333] [bmv2] [T] [thread 77] [2.0] [cxt 0] p4src/main.p4(705) Condition "hdr.ipv6.isValid()" (node_12) is false
[14:39:21.333] [bmv2] [T] [thread 77] [2.0] [cxt 0] Applying table 'IngressPipeImpl.my_station_table'
[14:39:21.333] [bmv2] [D] [thread 77] [2.0] [cxt 0] Looking up key:
* hdr.ethernet.dst_addr: 000102030405

[14:39:21.333] [bmv2] [D] [thread 77] [2.0] [cxt 0] Table 'IngressPipeImpl.my_station_table': hit with handle 33554432
[14:39:21.333] [bmv2] [D] [thread 77] [2.0] [cxt 0] Dumping entry 33554432
Match key:
* hdr.ethernet.dst_addr: EXACT     000102030405
Action entry: NoAction - 

[14:39:21.333] [bmv2] [D] [thread 77] [2.0] [cxt 0] Action entry is NoAction - 
[14:39:21.333] [bmv2] [T] [thread 77] [2.0] [cxt 0] Action NoAction
[14:39:21.333] [bmv2] [T] [thread 77] [2.0] [cxt 0] Applying table 'tbl_act_5'
[14:39:21.333] [bmv2] [D] [thread 77] [2.0] [cxt 0] Looking up key:

[14:39:21.333] [bmv2] [D] [thread 77] [2.0] [cxt 0] Table 'tbl_act_5': miss
[14:39:21.333] [bmv2] [D] [thread 77] [2.0] [cxt 0] Action entry is act_5 - 
[14:39:21.333] [bmv2] [T] [thread 77] [2.0] [cxt 0] Action act_5
[14:39:21.333] [bmv2] [T] [thread 77] [2.0] [cxt 0] Primitive (no source info)
[14:39:21.333] [bmv2] [T] [thread 77] [2.0] [cxt 0] Applying table 'tbl_act_7'
[14:39:21.333] [bmv2] [D] [thread 77] [2.0] [cxt 0] Looking up key:

[14:39:21.333] [bmv2] [D] [thread 77] [2.0] [cxt 0] Table 'tbl_act_7': miss
[14:39:21.333] [bmv2] [D] [thread 77] [2.0] [cxt 0] Action entry is act_7 - 
[14:39:21.333] [bmv2] [T] [thread 77] [2.0] [cxt 0] Action act_7
[14:39:21.333] [bmv2] [T] [thread 77] [2.0] [cxt 0] p4src/main.p4(705) Primitive hdr.ipv6.isValid() && my_station_table.apply().hit
[14:39:21.333] [bmv2] [T] [thread 77] [2.0] [cxt 0] Condition "node_18" (node_18) is true
[14:39:21.333] [bmv2] [T] [thread 77] [2.0] [cxt 0] Applying table 'IngressPipeImpl.srv6_my_sid'
[14:39:21.333] [bmv2] [D] [thread 77] [2.0] [cxt 0] Looking up key:
* hdr.ipv6.dst_addr   : 20010db885a3000000008a2e03707335

[14:39:21.333] [bmv2] [D] [thread 77] [2.0] [cxt 0] Table 'IngressPipeImpl.srv6_my_sid': miss
[14:39:21.333] [bmv2] [D] [thread 77] [2.0] [cxt 0] Action entry is NoAction - 
[14:39:21.333] [bmv2] [T] [thread 77] [2.0] [cxt 0] Action NoAction
[14:39:21.333] [bmv2] [T] [thread 77] [2.0] [cxt 0] Applying table 'tbl_act_9'
[14:39:21.333] [bmv2] [D] [thread 77] [2.0] [cxt 0] Looking up key:

[14:39:21.333] [bmv2] [D] [thread 77] [2.0] [cxt 0] Table 'tbl_act_9': miss
[14:39:21.333] [bmv2] [D] [thread 77] [2.0] [cxt 0] Action entry is act_9 - 
[14:39:21.333] [bmv2] [T] [thread 77] [2.0] [cxt 0] Action act_9
[14:39:21.333] [bmv2] [T] [thread 77] [2.0] [cxt 0] Primitive (no source info)
[14:39:21.333] [bmv2] [T] [thread 77] [2.0] [cxt 0] Condition "node_22" (node_22) is false
[14:39:21.333] [bmv2] [T] [thread 77] [2.0] [cxt 0] Applying table 'IngressPipeImpl.srv6_transit'
[14:39:21.333] [bmv2] [D] [thread 77] [2.0] [cxt 0] Looking up key:
* hdr.ipv6.dst_addr   : 20010db885a3000000008a2e03707335

[14:39:21.333] [bmv2] [D] [thread 77] [2.0] [cxt 0] Table 'IngressPipeImpl.srv6_transit': miss
[14:39:21.333] [bmv2] [D] [thread 77] [2.0] [cxt 0] Action entry is NoAction - 
[14:39:21.333] [bmv2] [T] [thread 77] [2.0] [cxt 0] Action NoAction
[14:39:21.333] [bmv2] [T] [thread 77] [2.0] [cxt 0] Applying table 'IngressPipeImpl.routing_v6_table'
[14:39:21.333] [bmv2] [D] [thread 77] [2.0] [cxt 0] Looking up key:
* hdr.ipv6.dst_addr   : 20010db885a3000000008a2e03707335

[14:39:21.334] [bmv2] [D] [thread 77] [2.0] [cxt 0] Choosing member 0 from group 0
[14:39:21.334] [bmv2] [D] [thread 77] [2.0] [cxt 0] Table 'IngressPipeImpl.routing_v6_table': hit with handle 33554432
[14:39:21.334] [bmv2] [D] [thread 77] [2.0] [cxt 0] Dumping entry 33554432
Match key:
* hdr.ipv6.dst_addr   : LPM       20010db885a3000000008a2e03707335/128
Index: group(0)
Group members:
  mbr 0: IngressPipeImpl.set_next_hop - aa02,

[14:39:21.334] [bmv2] [D] [thread 77] [2.0] [cxt 0] Action entry is IngressPipeImpl.set_next_hop - aa02,
[14:39:21.334] [bmv2] [T] [thread 77] [2.0] [cxt 0] Action IngressPipeImpl.set_next_hop
[14:39:21.334] [bmv2] [T] [thread 77] [2.0] [cxt 0] p4src/main.p4(493) Primitive hdr.ethernet.src_addr = hdr.ethernet.dst_addr
[14:39:21.334] [bmv2] [T] [thread 77] [2.0] [cxt 0] p4src/main.p4(494) Primitive hdr.ethernet.dst_addr = dmac
[14:39:21.334] [bmv2] [T] [thread 77] [2.0] [cxt 0] p4src/main.p4(496) Primitive hdr.ipv6.hop_limit = hdr.ipv6.hop_limit - 1
[14:39:21.334] [bmv2] [T] [thread 77] [2.0] [cxt 0] p4src/main.p4(718) Condition "hdr.ipv6.hop_limit == 0" (node_27) is false
[14:39:21.334] [bmv2] [T] [thread 77] [2.0] [cxt 0] Applying table 'IngressPipeImpl.l2_exact_table'
[14:39:21.334] [bmv2] [D] [thread 77] [2.0] [cxt 0] Looking up key:
* hdr.ethernet.dst_addr: 00000000aa02

[14:39:21.334] [bmv2] [D] [thread 77] [2.0] [cxt 0] Table 'IngressPipeImpl.l2_exact_table': hit with handle 33554432
[14:39:21.334] [bmv2] [D] [thread 77] [2.0] [cxt 0] Dumping entry 33554432
Match key:
* hdr.ethernet.dst_addr: EXACT     00000000aa02
Action entry: IngressPipeImpl.set_egress_port - 2,

[14:39:21.334] [bmv2] [D] [thread 77] [2.0] [cxt 0] Action entry is IngressPipeImpl.set_egress_port - 2,
[14:39:21.334] [bmv2] [T] [thread 77] [2.0] [cxt 0] Action IngressPipeImpl.set_egress_port
[14:39:21.334] [bmv2] [T] [thread 77] [2.0] [cxt 0] p4src/main.p4(383) Primitive standard_metadata.egress_spec = port_num
[14:39:21.334] [bmv2] [T] [thread 77] [2.0] [cxt 0] Applying table 'tbl_act_10'
[14:39:21.334] [bmv2] [D] [thread 77] [2.0] [cxt 0] Looking up key:

[14:39:21.334] [bmv2] [D] [thread 77] [2.0] [cxt 0] Table 'tbl_act_10': miss
[14:39:21.334] [bmv2] [D] [thread 77] [2.0] [cxt 0] Action entry is act_10 - 
[14:39:21.334] [bmv2] [T] [thread 77] [2.0] [cxt 0] Action act_10
[14:39:21.334] [bmv2] [T] [thread 77] [2.0] [cxt 0] Primitive (no source info)
[14:39:21.334] [bmv2] [T] [thread 77] [2.0] [cxt 0] p4src/main.p4(722) Condition "!l2_exact_table.apply().hit" (node_32) is false
[14:39:21.334] [bmv2] [T] [thread 77] [2.0] [cxt 0] Applying table 'IngressPipeImpl.acl_table'
[14:39:21.334] [bmv2] [D] [thread 77] [2.0] [cxt 0] Looking up key:
* standard_metadata.ingress_port: 0001
* hdr.ethernet.dst_addr         : 00000000aa02
* hdr.ethernet.src_addr         : 000102030405
* hdr.ethernet.ether_type       : 86dd
* local_metadata.ip_proto       : 3a
* local_metadata.icmp_type      : 08
* local_metadata.l4_src_port    : 0000
* local_metadata.l4_dst_port    : 0000

[14:39:21.334] [bmv2] [D] [thread 77] [2.0] [cxt 0] Table 'IngressPipeImpl.acl_table': miss
[14:39:21.334] [bmv2] [D] [thread 77] [2.0] [cxt 0] Action entry is NoAction - 
[14:39:21.334] [bmv2] [T] [thread 77] [2.0] [cxt 0] Action NoAction
[14:39:21.334] [bmv2] [D] [thread 77] [2.0] [cxt 0] Pipeline 'ingress': end
[14:39:21.334] [bmv2] [D] [thread 77] [2.0] [cxt 0] Egress port is 2
[14:39:21.335] [bmv2] [D] [thread 80] [2.0] [cxt 0] Pipeline 'egress': start
[14:39:21.335] [bmv2] [T] [thread 80] [2.0] [cxt 0] p4src/main.p4(740) Condition "standard_metadata.egress_port == 255" (node_37) is false
[14:39:21.335] [bmv2] [T] [thread 80] [2.0] [cxt 0] p4src/main.p4(758) Condition "local_metadata.is_multicast == true && ..." (node_39) is false
[14:39:21.335] [bmv2] [D] [thread 80] [2.0] [cxt 0] Pipeline 'egress': end
[14:39:21.335] [bmv2] [D] [thread 80] [2.0] [cxt 0] Deparser 'deparser': start
[14:39:21.335] [bmv2] [T] [thread 80] [2.0] [cxt 0] Skipping checksum 'cksum' update because condition not met
[14:39:21.335] [bmv2] [D] [thread 80] [2.0] [cxt 0] Deparsing header 'ethernet'
[14:39:21.336] [bmv2] [D] [thread 80] [2.0] [cxt 0] Deparsing header 'ipv6'
[14:39:21.336] [bmv2] [D] [thread 80] [2.0] [cxt 0] Deparsing header 'icmpv6'
[14:39:21.336] [bmv2] [D] [thread 80] [2.0] [cxt 0] Deparser 'deparser': end
[14:39:21.337] [bmv2] [D] [thread 82] [2.0] [cxt 0] Transmitting packet of size 100 out of port 2
[14:39:21.342] [bmv2] [D] [thread 109] Removed entry 33554432 from table 'IngressPipeImpl.l2_exact_table'
[14:39:21.342] [bmv2] [D] [thread 109] Entry 33554432 removed from table 'IngressPipeImpl.routing_v6_table'
[14:39:21.342] [bmv2] [D] [thread 109] Removed group 0 from action profile 'IngressPipeImpl.ecmp_selector'
[14:39:21.343] [bmv2] [D] [thread 109] Removed member 0 from action profile 'IngressPipeImpl.ecmp_selector'
[14:39:21.343] [bmv2] [D] [thread 109] Removed entry 33554432 from table 'IngressPipeImpl.my_station_table'
[14:39:21.387] [bmv2] [D] [thread 141] Entry 0 added to table 'IngressPipeImpl.ndp_reply_table'
[14:39:21.387] [bmv2] [D] [thread 141] Dumping entry 0
Match key:
* hdr.ndp.target_ipv6_addr: EXACT     20010000000100000000000000000001
Action entry: IngressPipeImpl.ndp_ns_to_na - aa01,

[14:39:21.391] [bmv2] [D] [thread 77] [3.0] [cxt 0] Processing packet received on port 1
[14:39:21.392] [bmv2] [D] [thread 77] [3.0] [cxt 0] Parser 'parser': start
[14:39:21.392] [bmv2] [D] [thread 77] [3.0] [cxt 0] Parser 'parser' entering state 'start'
[14:39:21.392] [bmv2] [D] [thread 77] [3.0] [cxt 0] Parser state 'start': key is 0001
[14:39:21.392] [bmv2] [T] [thread 77] [3.0] [cxt 0] Bytes parsed: 0
[14:39:21.392] [bmv2] [D] [thread 77] [3.0] [cxt 0] Parser 'parser' entering state 'parse_ethernet'
[14:39:21.392] [bmv2] [D] [thread 77] [3.0] [cxt 0] Extracting header 'ethernet'
[14:39:21.392] [bmv2] [D] [thread 77] [3.0] [cxt 0] Parser state 'parse_ethernet': key is 86dd
[14:39:21.392] [bmv2] [T] [thread 77] [3.0] [cxt 0] Bytes parsed: 14
[14:39:21.392] [bmv2] [D] [thread 77] [3.0] [cxt 0] Parser 'parser' entering state 'parse_ipv6'
[14:39:21.392] [bmv2] [D] [thread 77] [3.0] [cxt 0] Extracting header 'ipv6'
[14:39:21.392] [bmv2] [D] [thread 77] [3.0] [cxt 0] Parser set: setting field 'scalars.local_metadata_t.ip_proto' from field 'ipv6.next_hdr' (58)
[14:39:21.392] [bmv2] [D] [thread 77] [3.0] [cxt 0] Parser state 'parse_ipv6': key is 3a
[14:39:21.392] [bmv2] [T] [thread 77] [3.0] [cxt 0] Bytes parsed: 54
[14:39:21.392] [bmv2] [D] [thread 77] [3.0] [cxt 0] Parser 'parser' entering state 'parse_icmpv6'
[14:39:21.392] [bmv2] [D] [thread 77] [3.0] [cxt 0] Extracting header 'icmpv6'
[14:39:21.392] [bmv2] [D] [thread 77] [3.0] [cxt 0] Parser set: setting field 'scalars.local_metadata_t.icmp_type' from field 'icmpv6.type' (135)
[14:39:21.392] [bmv2] [D] [thread 77] [3.0] [cxt 0] Parser state 'parse_icmpv6': key is 87
[14:39:21.392] [bmv2] [T] [thread 77] [3.0] [cxt 0] Bytes parsed: 58
[14:39:21.392] [bmv2] [D] [thread 77] [3.0] [cxt 0] Parser 'parser' entering state 'parse_ndp'
[14:39:21.392] [bmv2] [D] [thread 77] [3.0] [cxt 0] Extracting header 'ndp'
[14:39:21.392] [bmv2] [D] [thread 77] [3.0] [cxt 0] Parser state 'parse_ndp' has no switch, going to default next state
[14:39:21.392] [bmv2] [T] [thread 77] [3.0] [cxt 0] Bytes parsed: 86
[14:39:21.392] [bmv2] [D] [thread 77] [3.0] [cxt 0] Parser 'parser': end
[14:39:21.392] [bmv2] [D] [thread 77] [3.0] [cxt 0] Pipeline 'ingress': start
[14:39:21.393] [bmv2] [T] [thread 77] [3.0] [cxt 0] p4src/main.p4(664) Condition "hdr.cpu_out.isValid()" (node_2) is false
[14:39:21.393] [bmv2] [T] [thread 77] [3.0] [cxt 0] Applying table 'tbl_act_0'
[14:39:21.393] [bmv2] [D] [thread 77] [3.0] [cxt 0] Looking up key:

[14:39:21.393] [bmv2] [D] [thread 77] [3.0] [cxt 0] Table 'tbl_act_0': miss
[14:39:21.393] [bmv2] [D] [thread 77] [3.0] [cxt 0] Action entry is act_3 - 
[14:39:21.393] [bmv2] [T] [thread 77] [3.0] [cxt 0] Action act_3
[14:39:21.393] [bmv2] [T] [thread 77] [3.0] [cxt 0] p4src/main.p4(677) Primitive bool do_l3_l2 = true;
[14:39:21.393] [bmv2] [T] [thread 77] [3.0] [cxt 0] p4src/main.p4(679) Condition "hdr.icmpv6.isValid() && hdr.icmpv6.type == ICMP6_TYPE_NS" (node_5) is true
[14:39:21.393] [bmv2] [T] [thread 77] [3.0] [cxt 0] Applying table 'IngressPipeImpl.ndp_reply_table'
[14:39:21.393] [bmv2] [D] [thread 77] [3.0] [cxt 0] Looking up key:
* hdr.ndp.target_ipv6_addr: 20010000000100000000000000000001

[14:39:21.393] [bmv2] [D] [thread 77] [3.0] [cxt 0] Table 'IngressPipeImpl.ndp_reply_table': hit with handle 0
[14:39:21.393] [bmv2] [D] [thread 77] [3.0] [cxt 0] Dumping entry 0
Match key:
* hdr.ndp.target_ipv6_addr: EXACT     20010000000100000000000000000001
Action entry: IngressPipeImpl.ndp_ns_to_na - aa01,

[14:39:21.394] [bmv2] [D] [thread 77] [3.0] [cxt 0] Action entry is IngressPipeImpl.ndp_ns_to_na - aa01,
[14:39:21.394] [bmv2] [T] [thread 77] [3.0] [cxt 0] Action IngressPipeImpl.ndp_ns_to_na
[14:39:21.394] [bmv2] [T] [thread 77] [3.0] [cxt 0] p4src/main.p4(452) Primitive hdr.ethernet.src_addr = target_mac
[14:39:21.394] [bmv2] [T] [thread 77] [3.0] [cxt 0] p4src/main.p4(55) Primitive 0x33_33_00_00_00_01; ...
[14:39:21.394] [bmv2] [T] [thread 77] [3.0] [cxt 0] p4src/main.p4(454) Primitive ipv6_addr_t host_ipv6_tmp = hdr.ipv6.src_addr;
[14:39:21.394] [bmv2] [T] [thread 77] [3.0] [cxt 0] p4src/main.p4(455) Primitive hdr.ipv6.src_addr = hdr.ndp.target_ipv6_addr
[14:39:21.394] [bmv2] [T] [thread 77] [3.0] [cxt 0] p4src/main.p4(456) Primitive hdr.ipv6.dst_addr = host_ipv6_tmp
[14:39:21.394] [bmv2] [T] [thread 77] [3.0] [cxt 0] p4src/main.p4(53) Primitive 58; ...
[14:39:21.394] [bmv2] [T] [thread 77] [3.0] [cxt 0] p4src/main.p4(58) Primitive 136; ...
[14:39:21.394] [bmv2] [T] [thread 77] [3.0] [cxt 0] p4src/main.p4(459) Primitive hdr.ndp.flags = NDP_FLAG_ROUTER | NDP_FLAG_OVERRIDE
[14:39:21.394] [bmv2] [T] [thread 77] [3.0] [cxt 0] p4src/main.p4(60) Primitive 2; ...
[14:39:21.394] [bmv2] [T] [thread 77] [3.0] [cxt 0] p4src/main.p4(461) Primitive hdr.ndp.length = 1
[14:39:21.394] [bmv2] [T] [thread 77] [3.0] [cxt 0] p4src/main.p4(462) Primitive hdr.ndp.target_mac_addr = target_mac
[14:39:21.394] [bmv2] [T] [thread 77] [3.0] [cxt 0] p4src/main.p4(463) Primitive standard_metadata.egress_spec = standard_metadata.ingress_port
[14:39:21.394] [bmv2] [T] [thread 77] [3.0] [cxt 0] Applying table 'tbl_act_1'
[14:39:21.394] [bmv2] [D] [thread 77] [3.0] [cxt 0] Looking up key:

[14:39:21.394] [bmv2] [D] [thread 77] [3.0] [cxt 0] Table 'tbl_act_1': miss
[14:39:21.394] [bmv2] [D] [thread 77] [3.0] [cxt 0] Action entry is act_0 - 
[14:39:21.395] [bmv2] [T] [thread 77] [3.0] [cxt 0] Action act_0
[14:39:21.395] [bmv2] [T] [thread 77] [3.0] [cxt 0] Primitive (no source info)
[14:39:21.395] [bmv2] [T] [thread 77] [3.0] [cxt 0] Condition "node_9" (node_9) is true
[14:39:21.395] [bmv2] [T] [thread 77] [3.0] [cxt 0] Applying table 'tbl_act_3'
[14:39:21.395] [bmv2] [D] [thread 77] [3.0] [cxt 0] Looking up key:

[14:39:21.395] [bmv2] [D] [thread 77] [3.0] [cxt 0] Table 'tbl_act_3': miss
[14:39:21.396] [bmv2] [D] [thread 77] [3.0] [cxt 0] Action entry is act_2 - 
[14:39:21.396] [bmv2] [T] [thread 77] [3.0] [cxt 0] Action act_2
[14:39:21.396] [bmv2] [T] [thread 77] [3.0] [cxt 0] p4src/main.p4(688) Primitive do_l3_l2 = false
[14:39:21.396] [bmv2] [T] [thread 77] [3.0] [cxt 0] p4src/main.p4(692) Condition "do_l3_l2" (node_11) is false
[14:39:21.396] [bmv2] [T] [thread 77] [3.0] [cxt 0] Applying table 'IngressPipeImpl.acl_table'
[14:39:21.396] [bmv2] [D] [thread 77] [3.0] [cxt 0] Looking up key:
* standard_metadata.ingress_port: 0001
* hdr.ethernet.dst_addr         : 333300000001
* hdr.ethernet.src_addr         : 00000000aa01
* hdr.ethernet.ether_type       : 86dd
* local_metadata.ip_proto       : 3a
* local_metadata.icmp_type      : 87
* local_metadata.l4_src_port    : 0000
* local_metadata.l4_dst_port    : 0000

[14:39:21.396] [bmv2] [D] [thread 77] [3.0] [cxt 0] Table 'IngressPipeImpl.acl_table': miss
[14:39:21.396] [bmv2] [D] [thread 77] [3.0] [cxt 0] Action entry is NoAction - 
[14:39:21.396] [bmv2] [T] [thread 77] [3.0] [cxt 0] Action NoAction
[14:39:21.396] [bmv2] [D] [thread 77] [3.0] [cxt 0] Pipeline 'ingress': end
[14:39:21.396] [bmv2] [D] [thread 77] [3.0] [cxt 0] Egress port is 1
[14:39:21.396] [bmv2] [D] [thread 79] [3.0] [cxt 0] Pipeline 'egress': start
[14:39:21.396] [bmv2] [T] [thread 79] [3.0] [cxt 0] p4src/main.p4(740) Condition "standard_metadata.egress_port == 255" (node_37) is false
[14:39:21.396] [bmv2] [T] [thread 79] [3.0] [cxt 0] p4src/main.p4(758) Condition "local_metadata.is_multicast == true && ..." (node_39) is false
[14:39:21.396] [bmv2] [D] [thread 79] [3.0] [cxt 0] Pipeline 'egress': end
[14:39:21.396] [bmv2] [D] [thread 79] [3.0] [cxt 0] Deparser 'deparser': start
[14:39:21.397] [bmv2] [D] [thread 79] [3.0] [cxt 0] Updating checksum 'cksum'
[14:39:21.397] [bmv2] [D] [thread 79] [3.0] [cxt 0] Deparsing header 'ethernet'
[14:39:21.397] [bmv2] [D] [thread 79] [3.0] [cxt 0] Deparsing header 'ipv6'
[14:39:21.397] [bmv2] [D] [thread 79] [3.0] [cxt 0] Deparsing header 'icmpv6'
[14:39:21.397] [bmv2] [D] [thread 79] [3.0] [cxt 0] Deparsing header 'ndp'
[14:39:21.397] [bmv2] [D] [thread 79] [3.0] [cxt 0] Deparser 'deparser': end
[14:39:21.398] [bmv2] [D] [thread 82] [3.0] [cxt 0] Transmitting packet of size 86 out of port 1
[14:39:21.413] [bmv2] [D] [thread 146] Removed entry 0 from table 'IngressPipeImpl.ndp_reply_table'
