Calling target program-options parser
[21:43:50.700] [bmv2] [D] [thread 128354] Set default default entry for table 'MyIngress.ipv4_lpm': MyIngress.drop - 
[21:43:50.701] [bmv2] [D] [thread 128354] Set default default entry for table 'MyIngress.myTunnel_exact': MyIngress.drop - 
Adding interface s3-eth1 as port 1
[21:43:50.701] [bmv2] [D] [thread 128354] Adding interface s3-eth1 as port 1
Adding interface s3-eth2 as port 2
[21:43:50.749] [bmv2] [D] [thread 128354] Adding interface s3-eth2 as port 2
Adding interface s3-eth3 as port 3
[21:43:50.808] [bmv2] [D] [thread 128354] Adding interface s3-eth3 as port 3
Server listening on 0.0.0.0:50053
[21:43:50.847] [bmv2] [I] [thread 128354] Starting Thrift server on port 9092
[21:43:50.848] [bmv2] [I] [thread 128354] Thrift server was started
[21:43:50.849] [bmv2] [D] [thread 128367] [0.0] [cxt 0] Processing packet received on port 1
[21:43:50.849] [bmv2] [D] [thread 128367] [0.0] [cxt 0] Parser 'parser': start
[21:43:50.849] [bmv2] [D] [thread 128367] [0.0] [cxt 0] Parser 'parser' entering state 'start'
[21:43:50.849] [bmv2] [D] [thread 128367] [0.0] [cxt 0] Extracting header 'ethernet'
[21:43:50.849] [bmv2] [D] [thread 128367] [0.0] [cxt 0] Parser state 'start': key is 86dd
[21:43:50.849] [bmv2] [T] [thread 128367] [0.0] [cxt 0] Bytes parsed: 14
[21:43:50.849] [bmv2] [D] [thread 128367] [0.0] [cxt 0] Parser 'parser': end
[21:43:50.849] [bmv2] [D] [thread 128367] [0.0] [cxt 0] Pipeline 'ingress': start
[21:43:50.849] [bmv2] [T] [thread 128367] [0.0] [cxt 0] basic_tunnel.p4(152) Condition "hdr.ipv4.isValid() && !hdr.myTunnel.isValid()" (node_2) is false
[21:43:50.849] [bmv2] [T] [thread 128367] [0.0] [cxt 0] basic_tunnel.p4(155) Condition "hdr.myTunnel.isValid()" (node_4) is false
[21:43:50.849] [bmv2] [D] [thread 128367] [0.0] [cxt 0] Pipeline 'ingress': end
[21:43:50.849] [bmv2] [D] [thread 128367] [0.0] [cxt 0] Egress port is 0
[21:43:50.849] [bmv2] [D] [thread 128367] [1.0] [cxt 0] Processing packet received on port 1
[21:43:50.849] [bmv2] [D] [thread 128367] [1.0] [cxt 0] Parser 'parser': start
[21:43:50.849] [bmv2] [D] [thread 128367] [1.0] [cxt 0] Parser 'parser' entering state 'start'
[21:43:50.849] [bmv2] [D] [thread 128367] [1.0] [cxt 0] Extracting header 'ethernet'
[21:43:50.849] [bmv2] [D] [thread 128367] [1.0] [cxt 0] Parser state 'start': key is 86dd
[21:43:50.849] [bmv2] [T] [thread 128367] [1.0] [cxt 0] Bytes parsed: 14
[21:43:50.849] [bmv2] [D] [thread 128367] [1.0] [cxt 0] Parser 'parser': end
[21:43:50.849] [bmv2] [D] [thread 128367] [1.0] [cxt 0] Pipeline 'ingress': start
[21:43:50.849] [bmv2] [T] [thread 128367] [1.0] [cxt 0] basic_tunnel.p4(152) Condition "hdr.ipv4.isValid() && !hdr.myTunnel.isValid()" (node_2) is false
[21:43:50.849] [bmv2] [T] [thread 128367] [1.0] [cxt 0] basic_tunnel.p4(155) Condition "hdr.myTunnel.isValid()" (node_4) is false
[21:43:50.849] [bmv2] [D] [thread 128367] [1.0] [cxt 0] Pipeline 'ingress': end
[21:43:50.849] [bmv2] [D] [thread 128367] [1.0] [cxt 0] Egress port is 0
[21:43:50.849] [bmv2] [D] [thread 128368] [0.0] [cxt 0] Pipeline 'egress': start
[21:43:50.849] [bmv2] [D] [thread 128368] [0.0] [cxt 0] Pipeline 'egress': end
[21:43:50.849] [bmv2] [D] [thread 128368] [0.0] [cxt 0] Deparser 'deparser': start
[21:43:50.849] [bmv2] [T] [thread 128368] [0.0] [cxt 0] Skipping checksum 'cksum' update because condition not met
[21:43:50.849] [bmv2] [D] [thread 128368] [0.0] [cxt 0] Deparsing header 'ethernet'
[21:43:50.849] [bmv2] [D] [thread 128368] [0.0] [cxt 0] Deparser 'deparser': end
[21:43:50.849] [bmv2] [D] [thread 128368] [1.0] [cxt 0] Pipeline 'egress': start
[21:43:50.849] [bmv2] [D] [thread 128368] [1.0] [cxt 0] Pipeline 'egress': end
[21:43:50.849] [bmv2] [D] [thread 128368] [1.0] [cxt 0] Deparser 'deparser': start
[21:43:50.849] [bmv2] [T] [thread 128368] [1.0] [cxt 0] Skipping checksum 'cksum' update because condition not met
[21:43:50.849] [bmv2] [D] [thread 128368] [1.0] [cxt 0] Deparsing header 'ethernet'
[21:43:50.849] [bmv2] [D] [thread 128368] [1.0] [cxt 0] Deparser 'deparser': end
[21:43:50.849] [bmv2] [D] [thread 128372] [0.0] [cxt 0] Transmitting packet of size 90 out of port 0
[21:43:50.849] [bmv2] [D] [thread 128372] [1.0] [cxt 0] Transmitting packet of size 70 out of port 0
[21:43:50.856] [bmv2] [D] [thread 128367] [2.0] [cxt 0] Processing packet received on port 1
[21:43:50.856] [bmv2] [D] [thread 128367] [2.0] [cxt 0] Parser 'parser': start
[21:43:50.856] [bmv2] [D] [thread 128367] [2.0] [cxt 0] Parser 'parser' entering state 'start'
[21:43:50.856] [bmv2] [D] [thread 128367] [2.0] [cxt 0] Extracting header 'ethernet'
[21:43:50.856] [bmv2] [D] [thread 128367] [2.0] [cxt 0] Parser state 'start': key is 86dd
[21:43:50.856] [bmv2] [T] [thread 128367] [2.0] [cxt 0] Bytes parsed: 14
[21:43:50.856] [bmv2] [D] [thread 128367] [2.0] [cxt 0] Parser 'parser': end
[21:43:50.856] [bmv2] [D] [thread 128367] [2.0] [cxt 0] Pipeline 'ingress': start
[21:43:50.856] [bmv2] [T] [thread 128367] [2.0] [cxt 0] basic_tunnel.p4(152) Condition "hdr.ipv4.isValid() && !hdr.myTunnel.isValid()" (node_2) is false
[21:43:50.856] [bmv2] [T] [thread 128367] [2.0] [cxt 0] basic_tunnel.p4(155) Condition "hdr.myTunnel.isValid()" (node_4) is false
[21:43:50.856] [bmv2] [D] [thread 128367] [2.0] [cxt 0] Pipeline 'ingress': end
[21:43:50.856] [bmv2] [D] [thread 128367] [2.0] [cxt 0] Egress port is 0
[21:43:50.856] [bmv2] [D] [thread 128368] [2.0] [cxt 0] Pipeline 'egress': start
[21:43:50.856] [bmv2] [D] [thread 128368] [2.0] [cxt 0] Pipeline 'egress': end
[21:43:50.856] [bmv2] [D] [thread 128368] [2.0] [cxt 0] Deparser 'deparser': start
[21:43:50.856] [bmv2] [T] [thread 128368] [2.0] [cxt 0] Skipping checksum 'cksum' update because condition not met
[21:43:50.856] [bmv2] [D] [thread 128368] [2.0] [cxt 0] Deparsing header 'ethernet'
[21:43:50.856] [bmv2] [D] [thread 128368] [2.0] [cxt 0] Deparser 'deparser': end
[21:43:50.856] [bmv2] [D] [thread 128372] [2.0] [cxt 0] Transmitting packet of size 90 out of port 0
[21:43:50.952] [bmv2] [D] [thread 128367] [3.0] [cxt 0] Processing packet received on port 1
[21:43:50.952] [bmv2] [D] [thread 128367] [3.0] [cxt 0] Parser 'parser': start
[21:43:50.952] [bmv2] [D] [thread 128367] [3.0] [cxt 0] Parser 'parser' entering state 'start'
[21:43:50.952] [bmv2] [D] [thread 128367] [3.0] [cxt 0] Extracting header 'ethernet'
[21:43:50.952] [bmv2] [D] [thread 128367] [3.0] [cxt 0] Parser state 'start': key is 86dd
[21:43:50.952] [bmv2] [T] [thread 128367] [3.0] [cxt 0] Bytes parsed: 14
[21:43:50.952] [bmv2] [D] [thread 128367] [3.0] [cxt 0] Parser 'parser': end
[21:43:50.952] [bmv2] [D] [thread 128367] [3.0] [cxt 0] Pipeline 'ingress': start
[21:43:50.952] [bmv2] [T] [thread 128367] [3.0] [cxt 0] basic_tunnel.p4(152) Condition "hdr.ipv4.isValid() && !hdr.myTunnel.isValid()" (node_2) is false
[21:43:50.952] [bmv2] [T] [thread 128367] [3.0] [cxt 0] basic_tunnel.p4(155) Condition "hdr.myTunnel.isValid()" (node_4) is false
[21:43:50.952] [bmv2] [D] [thread 128367] [3.0] [cxt 0] Pipeline 'ingress': end
[21:43:50.952] [bmv2] [D] [thread 128367] [3.0] [cxt 0] Egress port is 0
[21:43:50.952] [bmv2] [D] [thread 128368] [3.0] [cxt 0] Pipeline 'egress': start
[21:43:50.952] [bmv2] [D] [thread 128368] [3.0] [cxt 0] Pipeline 'egress': end
[21:43:50.952] [bmv2] [D] [thread 128368] [3.0] [cxt 0] Deparser 'deparser': start
[21:43:50.952] [bmv2] [T] [thread 128368] [3.0] [cxt 0] Skipping checksum 'cksum' update because condition not met
[21:43:50.952] [bmv2] [D] [thread 128368] [3.0] [cxt 0] Deparsing header 'ethernet'
[21:43:50.952] [bmv2] [D] [thread 128368] [3.0] [cxt 0] Deparser 'deparser': end
[21:43:50.952] [bmv2] [D] [thread 128372] [3.0] [cxt 0] Transmitting packet of size 110 out of port 0
[21:43:50.960] [bmv2] [D] [thread 128367] [4.0] [cxt 0] Processing packet received on port 2
[21:43:50.960] [bmv2] [D] [thread 128367] [4.0] [cxt 0] Parser 'parser': start
[21:43:50.960] [bmv2] [D] [thread 128367] [4.0] [cxt 0] Parser 'parser' entering state 'start'
[21:43:50.960] [bmv2] [D] [thread 128367] [4.0] [cxt 0] Extracting header 'ethernet'
[21:43:50.960] [bmv2] [D] [thread 128367] [4.0] [cxt 0] Parser state 'start': key is 86dd
[21:43:50.960] [bmv2] [T] [thread 128367] [4.0] [cxt 0] Bytes parsed: 14
[21:43:50.960] [bmv2] [D] [thread 128367] [4.0] [cxt 0] Parser 'parser': end
[21:43:50.960] [bmv2] [D] [thread 128367] [4.0] [cxt 0] Pipeline 'ingress': start
[21:43:50.960] [bmv2] [T] [thread 128367] [4.0] [cxt 0] basic_tunnel.p4(152) Condition "hdr.ipv4.isValid() && !hdr.myTunnel.isValid()" (node_2) is false
[21:43:50.960] [bmv2] [T] [thread 128367] [4.0] [cxt 0] basic_tunnel.p4(155) Condition "hdr.myTunnel.isValid()" (node_4) is false
[21:43:50.960] [bmv2] [D] [thread 128367] [4.0] [cxt 0] Pipeline 'ingress': end
[21:43:50.960] [bmv2] [D] [thread 128367] [4.0] [cxt 0] Egress port is 0
[21:43:50.960] [bmv2] [D] [thread 128368] [4.0] [cxt 0] Pipeline 'egress': start
[21:43:50.960] [bmv2] [D] [thread 128368] [4.0] [cxt 0] Pipeline 'egress': end
[21:43:50.960] [bmv2] [D] [thread 128368] [4.0] [cxt 0] Deparser 'deparser': start
[21:43:50.960] [bmv2] [T] [thread 128368] [4.0] [cxt 0] Skipping checksum 'cksum' update because condition not met
[21:43:50.960] [bmv2] [D] [thread 128368] [4.0] [cxt 0] Deparsing header 'ethernet'
[21:43:50.960] [bmv2] [D] [thread 128368] [4.0] [cxt 0] Deparser 'deparser': end
[21:43:50.960] [bmv2] [D] [thread 128372] [4.0] [cxt 0] Transmitting packet of size 208 out of port 0
[21:43:50.991] [bmv2] [D] [thread 128367] [5.0] [cxt 0] Processing packet received on port 1
[21:43:50.991] [bmv2] [D] [thread 128367] [5.0] [cxt 0] Parser 'parser': start
[21:43:50.991] [bmv2] [D] [thread 128367] [5.0] [cxt 0] Parser 'parser' entering state 'start'
[21:43:50.991] [bmv2] [D] [thread 128367] [5.0] [cxt 0] Extracting header 'ethernet'
[21:43:50.991] [bmv2] [D] [thread 128367] [5.0] [cxt 0] Parser state 'start': key is 86dd
[21:43:50.991] [bmv2] [T] [thread 128367] [5.0] [cxt 0] Bytes parsed: 14
[21:43:50.991] [bmv2] [D] [thread 128367] [5.0] [cxt 0] Parser 'parser': end
[21:43:50.991] [bmv2] [D] [thread 128367] [5.0] [cxt 0] Pipeline 'ingress': start
[21:43:50.991] [bmv2] [T] [thread 128367] [5.0] [cxt 0] basic_tunnel.p4(152) Condition "hdr.ipv4.isValid() && !hdr.myTunnel.isValid()" (node_2) is false
[21:43:50.991] [bmv2] [T] [thread 128367] [5.0] [cxt 0] basic_tunnel.p4(155) Condition "hdr.myTunnel.isValid()" (node_4) is false
[21:43:50.991] [bmv2] [D] [thread 128367] [5.0] [cxt 0] Pipeline 'ingress': end
[21:43:50.991] [bmv2] [D] [thread 128367] [5.0] [cxt 0] Egress port is 0
[21:43:50.991] [bmv2] [D] [thread 128368] [5.0] [cxt 0] Pipeline 'egress': start
[21:43:50.991] [bmv2] [D] [thread 128368] [5.0] [cxt 0] Pipeline 'egress': end
[21:43:50.991] [bmv2] [D] [thread 128368] [5.0] [cxt 0] Deparser 'deparser': start
[21:43:50.991] [bmv2] [T] [thread 128368] [5.0] [cxt 0] Skipping checksum 'cksum' update because condition not met
[21:43:50.991] [bmv2] [D] [thread 128368] [5.0] [cxt 0] Deparsing header 'ethernet'
[21:43:50.991] [bmv2] [D] [thread 128368] [5.0] [cxt 0] Deparser 'deparser': end
[21:43:50.991] [bmv2] [D] [thread 128372] [5.0] [cxt 0] Transmitting packet of size 208 out of port 0
[21:43:51.066] [bmv2] [D] [thread 128367] [6.0] [cxt 0] Processing packet received on port 3
[21:43:51.066] [bmv2] [D] [thread 128367] [6.0] [cxt 0] Parser 'parser': start
[21:43:51.066] [bmv2] [D] [thread 128367] [6.0] [cxt 0] Parser 'parser' entering state 'start'
[21:43:51.066] [bmv2] [D] [thread 128367] [6.0] [cxt 0] Extracting header 'ethernet'
[21:43:51.066] [bmv2] [D] [thread 128367] [6.0] [cxt 0] Parser state 'start': key is 86dd
[21:43:51.066] [bmv2] [T] [thread 128367] [6.0] [cxt 0] Bytes parsed: 14
[21:43:51.066] [bmv2] [D] [thread 128367] [6.0] [cxt 0] Parser 'parser': end
[21:43:51.066] [bmv2] [D] [thread 128367] [6.0] [cxt 0] Pipeline 'ingress': start
[21:43:51.066] [bmv2] [T] [thread 128367] [6.0] [cxt 0] basic_tunnel.p4(152) Condition "hdr.ipv4.isValid() && !hdr.myTunnel.isValid()" (node_2) is false
[21:43:51.066] [bmv2] [T] [thread 128367] [6.0] [cxt 0] basic_tunnel.p4(155) Condition "hdr.myTunnel.isValid()" (node_4) is false
[21:43:51.066] [bmv2] [D] [thread 128367] [6.0] [cxt 0] Pipeline 'ingress': end
[21:43:51.066] [bmv2] [D] [thread 128367] [6.0] [cxt 0] Egress port is 0
[21:43:51.066] [bmv2] [D] [thread 128367] [7.0] [cxt 0] Processing packet received on port 3
[21:43:51.066] [bmv2] [D] [thread 128367] [7.0] [cxt 0] Parser 'parser': start
[21:43:51.066] [bmv2] [D] [thread 128367] [7.0] [cxt 0] Parser 'parser' entering state 'start'
[21:43:51.066] [bmv2] [D] [thread 128367] [7.0] [cxt 0] Extracting header 'ethernet'
[21:43:51.066] [bmv2] [D] [thread 128367] [7.0] [cxt 0] Parser state 'start': key is 86dd
[21:43:51.066] [bmv2] [T] [thread 128367] [7.0] [cxt 0] Bytes parsed: 14
[21:43:51.066] [bmv2] [D] [thread 128367] [7.0] [cxt 0] Parser 'parser': end
[21:43:51.066] [bmv2] [D] [thread 128367] [7.0] [cxt 0] Pipeline 'ingress': start
[21:43:51.066] [bmv2] [T] [thread 128367] [7.0] [cxt 0] basic_tunnel.p4(152) Condition "hdr.ipv4.isValid() && !hdr.myTunnel.isValid()" (node_2) is false
[21:43:51.066] [bmv2] [T] [thread 128367] [7.0] [cxt 0] basic_tunnel.p4(155) Condition "hdr.myTunnel.isValid()" (node_4) is false
[21:43:51.066] [bmv2] [D] [thread 128367] [7.0] [cxt 0] Pipeline 'ingress': end
[21:43:51.066] [bmv2] [D] [thread 128367] [7.0] [cxt 0] Egress port is 0
[21:43:51.066] [bmv2] [D] [thread 128368] [6.0] [cxt 0] Pipeline 'egress': start
[21:43:51.066] [bmv2] [D] [thread 128368] [6.0] [cxt 0] Pipeline 'egress': end
[21:43:51.066] [bmv2] [D] [thread 128368] [6.0] [cxt 0] Deparser 'deparser': start
[21:43:51.066] [bmv2] [T] [thread 128368] [6.0] [cxt 0] Skipping checksum 'cksum' update because condition not met
[21:43:51.066] [bmv2] [D] [thread 128368] [6.0] [cxt 0] Deparsing header 'ethernet'
[21:43:51.066] [bmv2] [D] [thread 128368] [6.0] [cxt 0] Deparser 'deparser': end
[21:43:51.066] [bmv2] [D] [thread 128368] [7.0] [cxt 0] Pipeline 'egress': start
[21:43:51.066] [bmv2] [D] [thread 128368] [7.0] [cxt 0] Pipeline 'egress': end
[21:43:51.066] [bmv2] [D] [thread 128368] [7.0] [cxt 0] Deparser 'deparser': start
[21:43:51.066] [bmv2] [T] [thread 128368] [7.0] [cxt 0] Skipping checksum 'cksum' update because condition not met
[21:43:51.066] [bmv2] [D] [thread 128368] [7.0] [cxt 0] Deparsing header 'ethernet'
[21:43:51.066] [bmv2] [D] [thread 128368] [7.0] [cxt 0] Deparser 'deparser': end
[21:43:51.066] [bmv2] [D] [thread 128372] [6.0] [cxt 0] Transmitting packet of size 90 out of port 0
[21:43:51.066] [bmv2] [D] [thread 128372] [7.0] [cxt 0] Transmitting packet of size 70 out of port 0
[21:43:51.073] [bmv2] [D] [thread 128367] [8.0] [cxt 0] Processing packet received on port 3
[21:43:51.073] [bmv2] [D] [thread 128367] [8.0] [cxt 0] Parser 'parser': start
[21:43:51.073] [bmv2] [D] [thread 128367] [8.0] [cxt 0] Parser 'parser' entering state 'start'
[21:43:51.073] [bmv2] [D] [thread 128367] [8.0] [cxt 0] Extracting header 'ethernet'
[21:43:51.073] [bmv2] [D] [thread 128367] [8.0] [cxt 0] Parser state 'start': key is 86dd
[21:43:51.073] [bmv2] [T] [thread 128367] [8.0] [cxt 0] Bytes parsed: 14
[21:43:51.073] [bmv2] [D] [thread 128367] [8.0] [cxt 0] Parser 'parser': end
[21:43:51.073] [bmv2] [D] [thread 128367] [8.0] [cxt 0] Pipeline 'ingress': start
[21:43:51.073] [bmv2] [T] [thread 128367] [8.0] [cxt 0] basic_tunnel.p4(152) Condition "hdr.ipv4.isValid() && !hdr.myTunnel.isValid()" (node_2) is false
[21:43:51.073] [bmv2] [T] [thread 128367] [8.0] [cxt 0] basic_tunnel.p4(155) Condition "hdr.myTunnel.isValid()" (node_4) is false
[21:43:51.073] [bmv2] [D] [thread 128367] [8.0] [cxt 0] Pipeline 'ingress': end
[21:43:51.073] [bmv2] [D] [thread 128367] [8.0] [cxt 0] Egress port is 0
[21:43:51.073] [bmv2] [D] [thread 128368] [8.0] [cxt 0] Pipeline 'egress': start
[21:43:51.073] [bmv2] [D] [thread 128368] [8.0] [cxt 0] Pipeline 'egress': end
[21:43:51.073] [bmv2] [D] [thread 128368] [8.0] [cxt 0] Deparser 'deparser': start
[21:43:51.073] [bmv2] [T] [thread 128368] [8.0] [cxt 0] Skipping checksum 'cksum' update because condition not met
[21:43:51.073] [bmv2] [D] [thread 128368] [8.0] [cxt 0] Deparsing header 'ethernet'
[21:43:51.073] [bmv2] [D] [thread 128368] [8.0] [cxt 0] Deparser 'deparser': end
[21:43:51.073] [bmv2] [D] [thread 128372] [8.0] [cxt 0] Transmitting packet of size 90 out of port 0
[21:43:51.195] [bmv2] [D] [thread 128367] [9.0] [cxt 0] Processing packet received on port 2
[21:43:51.195] [bmv2] [D] [thread 128367] [9.0] [cxt 0] Parser 'parser': start
[21:43:51.195] [bmv2] [D] [thread 128367] [9.0] [cxt 0] Parser 'parser' entering state 'start'
[21:43:51.195] [bmv2] [D] [thread 128367] [9.0] [cxt 0] Extracting header 'ethernet'
[21:43:51.195] [bmv2] [D] [thread 128367] [9.0] [cxt 0] Parser state 'start': key is 86dd
[21:43:51.195] [bmv2] [T] [thread 128367] [9.0] [cxt 0] Bytes parsed: 14
[21:43:51.195] [bmv2] [D] [thread 128367] [9.0] [cxt 0] Parser 'parser': end
[21:43:51.195] [bmv2] [D] [thread 128367] [9.0] [cxt 0] Pipeline 'ingress': start
[21:43:51.195] [bmv2] [T] [thread 128367] [9.0] [cxt 0] basic_tunnel.p4(152) Condition "hdr.ipv4.isValid() && !hdr.myTunnel.isValid()" (node_2) is false
[21:43:51.195] [bmv2] [T] [thread 128367] [9.0] [cxt 0] basic_tunnel.p4(155) Condition "hdr.myTunnel.isValid()" (node_4) is false
[21:43:51.195] [bmv2] [D] [thread 128367] [9.0] [cxt 0] Pipeline 'ingress': end
[21:43:51.195] [bmv2] [D] [thread 128367] [9.0] [cxt 0] Egress port is 0
[21:43:51.195] [bmv2] [D] [thread 128367] [10.0] [cxt 0] Processing packet received on port 2
[21:43:51.195] [bmv2] [D] [thread 128367] [10.0] [cxt 0] Parser 'parser': start
[21:43:51.195] [bmv2] [D] [thread 128367] [10.0] [cxt 0] Parser 'parser' entering state 'start'
[21:43:51.195] [bmv2] [D] [thread 128367] [10.0] [cxt 0] Extracting header 'ethernet'
[21:43:51.195] [bmv2] [D] [thread 128367] [10.0] [cxt 0] Parser state 'start': key is 86dd
[21:43:51.195] [bmv2] [T] [thread 128367] [10.0] [cxt 0] Bytes parsed: 14
[21:43:51.195] [bmv2] [D] [thread 128367] [10.0] [cxt 0] Parser 'parser': end
[21:43:51.195] [bmv2] [D] [thread 128367] [10.0] [cxt 0] Pipeline 'ingress': start
[21:43:51.195] [bmv2] [T] [thread 128367] [10.0] [cxt 0] basic_tunnel.p4(152) Condition "hdr.ipv4.isValid() && !hdr.myTunnel.isValid()" (node_2) is false
[21:43:51.195] [bmv2] [T] [thread 128367] [10.0] [cxt 0] basic_tunnel.p4(155) Condition "hdr.myTunnel.isValid()" (node_4) is false
[21:43:51.195] [bmv2] [D] [thread 128367] [10.0] [cxt 0] Pipeline 'ingress': end
[21:43:51.195] [bmv2] [D] [thread 128367] [10.0] [cxt 0] Egress port is 0
[21:43:51.195] [bmv2] [D] [thread 128368] [9.0] [cxt 0] Pipeline 'egress': start
[21:43:51.195] [bmv2] [D] [thread 128368] [9.0] [cxt 0] Pipeline 'egress': end
[21:43:51.195] [bmv2] [D] [thread 128368] [9.0] [cxt 0] Deparser 'deparser': start
[21:43:51.195] [bmv2] [T] [thread 128368] [9.0] [cxt 0] Skipping checksum 'cksum' update because condition not met
[21:43:51.195] [bmv2] [D] [thread 128368] [9.0] [cxt 0] Deparsing header 'ethernet'
[21:43:51.195] [bmv2] [D] [thread 128368] [9.0] [cxt 0] Deparser 'deparser': end
[21:43:51.195] [bmv2] [D] [thread 128368] [10.0] [cxt 0] Pipeline 'egress': start
[21:43:51.195] [bmv2] [D] [thread 128368] [10.0] [cxt 0] Pipeline 'egress': end
[21:43:51.195] [bmv2] [D] [thread 128368] [10.0] [cxt 0] Deparser 'deparser': start
[21:43:51.195] [bmv2] [T] [thread 128368] [10.0] [cxt 0] Skipping checksum 'cksum' update because condition not met
[21:43:51.195] [bmv2] [D] [thread 128368] [10.0] [cxt 0] Deparsing header 'ethernet'
[21:43:51.195] [bmv2] [D] [thread 128368] [10.0] [cxt 0] Deparser 'deparser': end
[21:43:51.195] [bmv2] [D] [thread 128372] [9.0] [cxt 0] Transmitting packet of size 90 out of port 0
[21:43:51.195] [bmv2] [D] [thread 128372] [10.0] [cxt 0] Transmitting packet of size 70 out of port 0
[21:43:51.201] [bmv2] [D] [thread 128367] [11.0] [cxt 0] Processing packet received on port 2
[21:43:51.201] [bmv2] [D] [thread 128367] [11.0] [cxt 0] Parser 'parser': start
[21:43:51.201] [bmv2] [D] [thread 128367] [11.0] [cxt 0] Parser 'parser' entering state 'start'
[21:43:51.201] [bmv2] [D] [thread 128367] [11.0] [cxt 0] Extracting header 'ethernet'
[21:43:51.201] [bmv2] [D] [thread 128367] [11.0] [cxt 0] Parser state 'start': key is 86dd
[21:43:51.201] [bmv2] [T] [thread 128367] [11.0] [cxt 0] Bytes parsed: 14
[21:43:51.201] [bmv2] [D] [thread 128367] [11.0] [cxt 0] Parser 'parser': end
[21:43:51.201] [bmv2] [D] [thread 128367] [11.0] [cxt 0] Pipeline 'ingress': start
[21:43:51.201] [bmv2] [T] [thread 128367] [11.0] [cxt 0] basic_tunnel.p4(152) Condition "hdr.ipv4.isValid() && !hdr.myTunnel.isValid()" (node_2) is false
[21:43:51.201] [bmv2] [T] [thread 128367] [11.0] [cxt 0] basic_tunnel.p4(155) Condition "hdr.myTunnel.isValid()" (node_4) is false
[21:43:51.201] [bmv2] [D] [thread 128367] [11.0] [cxt 0] Pipeline 'ingress': end
[21:43:51.201] [bmv2] [D] [thread 128367] [11.0] [cxt 0] Egress port is 0
[21:43:51.201] [bmv2] [D] [thread 128368] [11.0] [cxt 0] Pipeline 'egress': start
[21:43:51.201] [bmv2] [D] [thread 128368] [11.0] [cxt 0] Pipeline 'egress': end
[21:43:51.201] [bmv2] [D] [thread 128368] [11.0] [cxt 0] Deparser 'deparser': start
[21:43:51.201] [bmv2] [T] [thread 128368] [11.0] [cxt 0] Skipping checksum 'cksum' update because condition not met
[21:43:51.201] [bmv2] [D] [thread 128368] [11.0] [cxt 0] Deparsing header 'ethernet'
[21:43:51.201] [bmv2] [D] [thread 128368] [11.0] [cxt 0] Deparser 'deparser': end
[21:43:51.201] [bmv2] [D] [thread 128372] [11.0] [cxt 0] Transmitting packet of size 90 out of port 0
[21:43:51.221] [bmv2] [D] [thread 128367] [12.0] [cxt 0] Processing packet received on port 2
[21:43:51.221] [bmv2] [D] [thread 128367] [12.0] [cxt 0] Parser 'parser': start
[21:43:51.221] [bmv2] [D] [thread 128367] [12.0] [cxt 0] Parser 'parser' entering state 'start'
[21:43:51.221] [bmv2] [D] [thread 128367] [12.0] [cxt 0] Extracting header 'ethernet'
[21:43:51.221] [bmv2] [D] [thread 128367] [12.0] [cxt 0] Parser state 'start': key is 86dd
[21:43:51.221] [bmv2] [T] [thread 128367] [12.0] [cxt 0] Bytes parsed: 14
[21:43:51.221] [bmv2] [D] [thread 128367] [12.0] [cxt 0] Parser 'parser': end
[21:43:51.221] [bmv2] [D] [thread 128367] [12.0] [cxt 0] Pipeline 'ingress': start
[21:43:51.221] [bmv2] [T] [thread 128367] [12.0] [cxt 0] basic_tunnel.p4(152) Condition "hdr.ipv4.isValid() && !hdr.myTunnel.isValid()" (node_2) is false
[21:43:51.221] [bmv2] [T] [thread 128367] [12.0] [cxt 0] basic_tunnel.p4(155) Condition "hdr.myTunnel.isValid()" (node_4) is false
[21:43:51.221] [bmv2] [D] [thread 128367] [12.0] [cxt 0] Pipeline 'ingress': end
[21:43:51.221] [bmv2] [D] [thread 128367] [12.0] [cxt 0] Egress port is 0
[21:43:51.221] [bmv2] [D] [thread 128367] [13.0] [cxt 0] Processing packet received on port 3
[21:43:51.221] [bmv2] [D] [thread 128367] [13.0] [cxt 0] Parser 'parser': start
[21:43:51.221] [bmv2] [D] [thread 128367] [13.0] [cxt 0] Parser 'parser' entering state 'start'
[21:43:51.221] [bmv2] [D] [thread 128367] [13.0] [cxt 0] Extracting header 'ethernet'
[21:43:51.221] [bmv2] [D] [thread 128367] [13.0] [cxt 0] Parser state 'start': key is 86dd
[21:43:51.221] [bmv2] [T] [thread 128367] [13.0] [cxt 0] Bytes parsed: 14
[21:43:51.221] [bmv2] [D] [thread 128367] [13.0] [cxt 0] Parser 'parser': end
[21:43:51.221] [bmv2] [D] [thread 128367] [13.0] [cxt 0] Pipeline 'ingress': start
[21:43:51.221] [bmv2] [T] [thread 128367] [13.0] [cxt 0] basic_tunnel.p4(152) Condition "hdr.ipv4.isValid() && !hdr.myTunnel.isValid()" (node_2) is false
[21:43:51.221] [bmv2] [T] [thread 128367] [13.0] [cxt 0] basic_tunnel.p4(155) Condition "hdr.myTunnel.isValid()" (node_4) is false
[21:43:51.221] [bmv2] [D] [thread 128367] [13.0] [cxt 0] Pipeline 'ingress': end
[21:43:51.221] [bmv2] [D] [thread 128367] [13.0] [cxt 0] Egress port is 0
[21:43:51.226] [bmv2] [D] [thread 128368] [12.0] [cxt 0] Pipeline 'egress': start
[21:43:51.226] [bmv2] [D] [thread 128368] [12.0] [cxt 0] Pipeline 'egress': end
[21:43:51.226] [bmv2] [D] [thread 128368] [12.0] [cxt 0] Deparser 'deparser': start
[21:43:51.226] [bmv2] [T] [thread 128368] [12.0] [cxt 0] Skipping checksum 'cksum' update because condition not met
[21:43:51.226] [bmv2] [D] [thread 128368] [12.0] [cxt 0] Deparsing header 'ethernet'
[21:43:51.226] [bmv2] [D] [thread 128368] [12.0] [cxt 0] Deparser 'deparser': end
[21:43:51.226] [bmv2] [D] [thread 128368] [13.0] [cxt 0] Pipeline 'egress': start
[21:43:51.226] [bmv2] [D] [thread 128368] [13.0] [cxt 0] Pipeline 'egress': end
[21:43:51.226] [bmv2] [D] [thread 128368] [13.0] [cxt 0] Deparser 'deparser': start
[21:43:51.226] [bmv2] [T] [thread 128368] [13.0] [cxt 0] Skipping checksum 'cksum' update because condition not met
[21:43:51.226] [bmv2] [D] [thread 128368] [13.0] [cxt 0] Deparsing header 'ethernet'
[21:43:51.226] [bmv2] [D] [thread 128368] [13.0] [cxt 0] Deparser 'deparser': end
[21:43:51.226] [bmv2] [D] [thread 128372] [12.0] [cxt 0] Transmitting packet of size 208 out of port 0
[21:43:51.226] [bmv2] [D] [thread 128372] [13.0] [cxt 0] Transmitting packet of size 208 out of port 0
[21:43:51.243] [bmv2] [D] [thread 128367] [14.0] [cxt 0] Processing packet received on port 1
[21:43:51.243] [bmv2] [D] [thread 128367] [14.0] [cxt 0] Parser 'parser': start
[21:43:51.243] [bmv2] [D] [thread 128367] [14.0] [cxt 0] Parser 'parser' entering state 'start'
[21:43:51.243] [bmv2] [D] [thread 128367] [14.0] [cxt 0] Extracting header 'ethernet'
[21:43:51.243] [bmv2] [D] [thread 128367] [14.0] [cxt 0] Parser state 'start': key is 86dd
[21:43:51.243] [bmv2] [T] [thread 128367] [14.0] [cxt 0] Bytes parsed: 14
[21:43:51.244] [bmv2] [D] [thread 128367] [14.0] [cxt 0] Parser 'parser': end
[21:43:51.244] [bmv2] [D] [thread 128367] [14.0] [cxt 0] Pipeline 'ingress': start
[21:43:51.244] [bmv2] [T] [thread 128367] [14.0] [cxt 0] basic_tunnel.p4(152) Condition "hdr.ipv4.isValid() && !hdr.myTunnel.isValid()" (node_2) is false
[21:43:51.244] [bmv2] [T] [thread 128367] [14.0] [cxt 0] basic_tunnel.p4(155) Condition "hdr.myTunnel.isValid()" (node_4) is false
[21:43:51.244] [bmv2] [D] [thread 128367] [14.0] [cxt 0] Pipeline 'ingress': end
[21:43:51.244] [bmv2] [D] [thread 128367] [14.0] [cxt 0] Egress port is 0
[21:43:51.246] [bmv2] [D] [thread 128368] [14.0] [cxt 0] Pipeline 'egress': start
[21:43:51.246] [bmv2] [D] [thread 128368] [14.0] [cxt 0] Pipeline 'egress': end
[21:43:51.246] [bmv2] [D] [thread 128368] [14.0] [cxt 0] Deparser 'deparser': start
[21:43:51.246] [bmv2] [T] [thread 128368] [14.0] [cxt 0] Skipping checksum 'cksum' update because condition not met
[21:43:51.246] [bmv2] [D] [thread 128368] [14.0] [cxt 0] Deparsing header 'ethernet'
[21:43:51.246] [bmv2] [D] [thread 128368] [14.0] [cxt 0] Deparser 'deparser': end
[21:43:51.246] [bmv2] [D] [thread 128372] [14.0] [cxt 0] Transmitting packet of size 208 out of port 0
[21:43:51.263] [bmv2] [D] [thread 128367] [15.0] [cxt 0] Processing packet received on port 3
[21:43:51.263] [bmv2] [D] [thread 128367] [15.0] [cxt 0] Parser 'parser': start
[21:43:51.263] [bmv2] [D] [thread 128367] [15.0] [cxt 0] Parser 'parser' entering state 'start'
[21:43:51.263] [bmv2] [D] [thread 128367] [15.0] [cxt 0] Extracting header 'ethernet'
[21:43:51.263] [bmv2] [D] [thread 128367] [15.0] [cxt 0] Parser state 'start': key is 86dd
[21:43:51.263] [bmv2] [T] [thread 128367] [15.0] [cxt 0] Bytes parsed: 14
[21:43:51.263] [bmv2] [D] [thread 128367] [15.0] [cxt 0] Parser 'parser': end
[21:43:51.263] [bmv2] [D] [thread 128367] [15.0] [cxt 0] Pipeline 'ingress': start
[21:43:51.263] [bmv2] [T] [thread 128367] [15.0] [cxt 0] basic_tunnel.p4(152) Condition "hdr.ipv4.isValid() && !hdr.myTunnel.isValid()" (node_2) is false
[21:43:51.263] [bmv2] [T] [thread 128367] [15.0] [cxt 0] basic_tunnel.p4(155) Condition "hdr.myTunnel.isValid()" (node_4) is false
[21:43:51.263] [bmv2] [D] [thread 128367] [15.0] [cxt 0] Pipeline 'ingress': end
[21:43:51.263] [bmv2] [D] [thread 128367] [15.0] [cxt 0] Egress port is 0
[21:43:51.263] [bmv2] [D] [thread 128367] [16.0] [cxt 0] Processing packet received on port 3
[21:43:51.263] [bmv2] [D] [thread 128367] [16.0] [cxt 0] Parser 'parser': start
[21:43:51.263] [bmv2] [D] [thread 128367] [16.0] [cxt 0] Parser 'parser' entering state 'start'
[21:43:51.263] [bmv2] [D] [thread 128367] [16.0] [cxt 0] Extracting header 'ethernet'
[21:43:51.263] [bmv2] [D] [thread 128367] [16.0] [cxt 0] Parser state 'start': key is 86dd
[21:43:51.263] [bmv2] [T] [thread 128367] [16.0] [cxt 0] Bytes parsed: 14
[21:43:51.263] [bmv2] [D] [thread 128367] [16.0] [cxt 0] Parser 'parser': end
[21:43:51.263] [bmv2] [D] [thread 128367] [16.0] [cxt 0] Pipeline 'ingress': start
[21:43:51.263] [bmv2] [T] [thread 128367] [16.0] [cxt 0] basic_tunnel.p4(152) Condition "hdr.ipv4.isValid() && !hdr.myTunnel.isValid()" (node_2) is false
[21:43:51.263] [bmv2] [T] [thread 128367] [16.0] [cxt 0] basic_tunnel.p4(155) Condition "hdr.myTunnel.isValid()" (node_4) is false
[21:43:51.263] [bmv2] [D] [thread 128367] [16.0] [cxt 0] Pipeline 'ingress': end
[21:43:51.263] [bmv2] [D] [thread 128367] [16.0] [cxt 0] Egress port is 0
[21:43:51.263] [bmv2] [D] [thread 128368] [15.0] [cxt 0] Pipeline 'egress': start
[21:43:51.263] [bmv2] [D] [thread 128368] [15.0] [cxt 0] Pipeline 'egress': end
[21:43:51.263] [bmv2] [D] [thread 128368] [15.0] [cxt 0] Deparser 'deparser': start
[21:43:51.263] [bmv2] [T] [thread 128368] [15.0] [cxt 0] Skipping checksum 'cksum' update because condition not met
[21:43:51.263] [bmv2] [D] [thread 128368] [15.0] [cxt 0] Deparsing header 'ethernet'
[21:43:51.263] [bmv2] [D] [thread 128368] [15.0] [cxt 0] Deparser 'deparser': end
[21:43:51.263] [bmv2] [D] [thread 128368] [16.0] [cxt 0] Pipeline 'egress': start
[21:43:51.263] [bmv2] [D] [thread 128368] [16.0] [cxt 0] Pipeline 'egress': end
[21:43:51.263] [bmv2] [D] [thread 128368] [16.0] [cxt 0] Deparser 'deparser': start
[21:43:51.263] [bmv2] [T] [thread 128368] [16.0] [cxt 0] Skipping checksum 'cksum' update because condition not met
[21:43:51.263] [bmv2] [D] [thread 128368] [16.0] [cxt 0] Deparsing header 'ethernet'
[21:43:51.264] [bmv2] [D] [thread 128368] [16.0] [cxt 0] Deparser 'deparser': end
[21:43:51.273] [bmv2] [D] [thread 128372] [15.0] [cxt 0] Transmitting packet of size 90 out of port 0
[21:43:51.273] [bmv2] [D] [thread 128372] [16.0] [cxt 0] Transmitting packet of size 70 out of port 0
[21:43:51.282] [bmv2] [D] [thread 128367] [17.0] [cxt 0] Processing packet received on port 3
[21:43:51.282] [bmv2] [D] [thread 128367] [17.0] [cxt 0] Parser 'parser': start
[21:43:51.282] [bmv2] [D] [thread 128367] [17.0] [cxt 0] Parser 'parser' entering state 'start'
[21:43:51.282] [bmv2] [D] [thread 128367] [17.0] [cxt 0] Extracting header 'ethernet'
[21:43:51.282] [bmv2] [D] [thread 128367] [17.0] [cxt 0] Parser state 'start': key is 86dd
[21:43:51.282] [bmv2] [T] [thread 128367] [17.0] [cxt 0] Bytes parsed: 14
[21:43:51.282] [bmv2] [D] [thread 128367] [17.0] [cxt 0] Parser 'parser': end
[21:43:51.282] [bmv2] [D] [thread 128367] [17.0] [cxt 0] Pipeline 'ingress': start
[21:43:51.282] [bmv2] [T] [thread 128367] [17.0] [cxt 0] basic_tunnel.p4(152) Condition "hdr.ipv4.isValid() && !hdr.myTunnel.isValid()" (node_2) is false
[21:43:51.282] [bmv2] [T] [thread 128367] [17.0] [cxt 0] basic_tunnel.p4(155) Condition "hdr.myTunnel.isValid()" (node_4) is false
[21:43:51.282] [bmv2] [D] [thread 128367] [17.0] [cxt 0] Pipeline 'ingress': end
[21:43:51.282] [bmv2] [D] [thread 128367] [17.0] [cxt 0] Egress port is 0
[21:43:51.283] [bmv2] [D] [thread 128368] [17.0] [cxt 0] Pipeline 'egress': start
[21:43:51.283] [bmv2] [D] [thread 128368] [17.0] [cxt 0] Pipeline 'egress': end
[21:43:51.283] [bmv2] [D] [thread 128368] [17.0] [cxt 0] Deparser 'deparser': start
[21:43:51.283] [bmv2] [T] [thread 128368] [17.0] [cxt 0] Skipping checksum 'cksum' update because condition not met
[21:43:51.283] [bmv2] [D] [thread 128368] [17.0] [cxt 0] Deparsing header 'ethernet'
[21:43:51.283] [bmv2] [D] [thread 128368] [17.0] [cxt 0] Deparser 'deparser': end
[21:43:51.283] [bmv2] [D] [thread 128372] [17.0] [cxt 0] Transmitting packet of size 90 out of port 0
[21:43:51.347] [bmv2] [D] [thread 128367] [18.0] [cxt 0] Processing packet received on port 2
[21:43:51.347] [bmv2] [D] [thread 128367] [18.0] [cxt 0] Parser 'parser': start
[21:43:51.347] [bmv2] [D] [thread 128367] [18.0] [cxt 0] Parser 'parser' entering state 'start'
[21:43:51.347] [bmv2] [D] [thread 128367] [18.0] [cxt 0] Extracting header 'ethernet'
[21:43:51.347] [bmv2] [D] [thread 128367] [18.0] [cxt 0] Parser state 'start': key is 86dd
[21:43:51.347] [bmv2] [T] [thread 128367] [18.0] [cxt 0] Bytes parsed: 14
[21:43:51.347] [bmv2] [D] [thread 128367] [18.0] [cxt 0] Parser 'parser': end
[21:43:51.347] [bmv2] [D] [thread 128367] [18.0] [cxt 0] Pipeline 'ingress': start
[21:43:51.347] [bmv2] [T] [thread 128367] [18.0] [cxt 0] basic_tunnel.p4(152) Condition "hdr.ipv4.isValid() && !hdr.myTunnel.isValid()" (node_2) is false
[21:43:51.347] [bmv2] [T] [thread 128367] [18.0] [cxt 0] basic_tunnel.p4(155) Condition "hdr.myTunnel.isValid()" (node_4) is false
[21:43:51.347] [bmv2] [D] [thread 128367] [18.0] [cxt 0] Pipeline 'ingress': end
[21:43:51.347] [bmv2] [D] [thread 128367] [18.0] [cxt 0] Egress port is 0
[21:43:51.347] [bmv2] [D] [thread 128368] [18.0] [cxt 0] Pipeline 'egress': start
[21:43:51.347] [bmv2] [D] [thread 128368] [18.0] [cxt 0] Pipeline 'egress': end
[21:43:51.347] [bmv2] [D] [thread 128368] [18.0] [cxt 0] Deparser 'deparser': start
[21:43:51.347] [bmv2] [T] [thread 128368] [18.0] [cxt 0] Skipping checksum 'cksum' update because condition not met
[21:43:51.347] [bmv2] [D] [thread 128368] [18.0] [cxt 0] Deparsing header 'ethernet'
[21:43:51.347] [bmv2] [D] [thread 128368] [18.0] [cxt 0] Deparser 'deparser': end
[21:43:51.347] [bmv2] [D] [thread 128372] [18.0] [cxt 0] Transmitting packet of size 208 out of port 0
[21:43:51.353] [bmv2] [D] [thread 128367] [19.0] [cxt 0] Processing packet received on port 3
[21:43:51.353] [bmv2] [D] [thread 128367] [19.0] [cxt 0] Parser 'parser': start
[21:43:51.353] [bmv2] [D] [thread 128367] [19.0] [cxt 0] Parser 'parser' entering state 'start'
[21:43:51.353] [bmv2] [D] [thread 128367] [19.0] [cxt 0] Extracting header 'ethernet'
[21:43:51.353] [bmv2] [D] [thread 128367] [19.0] [cxt 0] Parser state 'start': key is 86dd
[21:43:51.353] [bmv2] [T] [thread 128367] [19.0] [cxt 0] Bytes parsed: 14
[21:43:51.353] [bmv2] [D] [thread 128367] [19.0] [cxt 0] Parser 'parser': end
[21:43:51.353] [bmv2] [D] [thread 128367] [19.0] [cxt 0] Pipeline 'ingress': start
[21:43:51.353] [bmv2] [T] [thread 128367] [19.0] [cxt 0] basic_tunnel.p4(152) Condition "hdr.ipv4.isValid() && !hdr.myTunnel.isValid()" (node_2) is false
[21:43:51.353] [bmv2] [T] [thread 128367] [19.0] [cxt 0] basic_tunnel.p4(155) Condition "hdr.myTunnel.isValid()" (node_4) is false
[21:43:51.353] [bmv2] [D] [thread 128367] [19.0] [cxt 0] Pipeline 'ingress': end
[21:43:51.353] [bmv2] [D] [thread 128367] [19.0] [cxt 0] Egress port is 0
[21:43:51.353] [bmv2] [D] [thread 128368] [19.0] [cxt 0] Pipeline 'egress': start
[21:43:51.353] [bmv2] [D] [thread 128368] [19.0] [cxt 0] Pipeline 'egress': end
[21:43:51.353] [bmv2] [D] [thread 128368] [19.0] [cxt 0] Deparser 'deparser': start
[21:43:51.353] [bmv2] [T] [thread 128368] [19.0] [cxt 0] Skipping checksum 'cksum' update because condition not met
[21:43:51.353] [bmv2] [D] [thread 128368] [19.0] [cxt 0] Deparsing header 'ethernet'
[21:43:51.353] [bmv2] [D] [thread 128368] [19.0] [cxt 0] Deparser 'deparser': end
[21:43:51.353] [bmv2] [D] [thread 128372] [19.0] [cxt 0] Transmitting packet of size 90 out of port 0
[21:43:51.410] [bmv2] [D] [thread 128367] [20.0] [cxt 0] Processing packet received on port 3
[21:43:51.410] [bmv2] [D] [thread 128367] [20.0] [cxt 0] Parser 'parser': start
[21:43:51.410] [bmv2] [D] [thread 128367] [20.0] [cxt 0] Parser 'parser' entering state 'start'
[21:43:51.410] [bmv2] [D] [thread 128367] [20.0] [cxt 0] Extracting header 'ethernet'
[21:43:51.410] [bmv2] [D] [thread 128367] [20.0] [cxt 0] Parser state 'start': key is 86dd
[21:43:51.410] [bmv2] [T] [thread 128367] [20.0] [cxt 0] Bytes parsed: 14
[21:43:51.410] [bmv2] [D] [thread 128367] [20.0] [cxt 0] Parser 'parser': end
[21:43:51.410] [bmv2] [D] [thread 128367] [20.0] [cxt 0] Pipeline 'ingress': start
[21:43:51.410] [bmv2] [T] [thread 128367] [20.0] [cxt 0] basic_tunnel.p4(152) Condition "hdr.ipv4.isValid() && !hdr.myTunnel.isValid()" (node_2) is false
[21:43:51.410] [bmv2] [T] [thread 128367] [20.0] [cxt 0] basic_tunnel.p4(155) Condition "hdr.myTunnel.isValid()" (node_4) is false
[21:43:51.410] [bmv2] [D] [thread 128367] [20.0] [cxt 0] Pipeline 'ingress': end
[21:43:51.410] [bmv2] [D] [thread 128367] [20.0] [cxt 0] Egress port is 0
[21:43:51.410] [bmv2] [D] [thread 128368] [20.0] [cxt 0] Pipeline 'egress': start
[21:43:51.410] [bmv2] [D] [thread 128368] [20.0] [cxt 0] Pipeline 'egress': end
[21:43:51.410] [bmv2] [D] [thread 128368] [20.0] [cxt 0] Deparser 'deparser': start
[21:43:51.410] [bmv2] [T] [thread 128368] [20.0] [cxt 0] Skipping checksum 'cksum' update because condition not met
[21:43:51.410] [bmv2] [D] [thread 128368] [20.0] [cxt 0] Deparsing header 'ethernet'
[21:43:51.410] [bmv2] [D] [thread 128368] [20.0] [cxt 0] Deparser 'deparser': end
[21:43:51.410] [bmv2] [D] [thread 128372] [20.0] [cxt 0] Transmitting packet of size 208 out of port 0
[21:43:51.411] [bmv2] [D] [thread 128367] [21.0] [cxt 0] Processing packet received on port 2
[21:43:51.411] [bmv2] [D] [thread 128367] [21.0] [cxt 0] Parser 'parser': start
[21:43:51.411] [bmv2] [D] [thread 128367] [21.0] [cxt 0] Parser 'parser' entering state 'start'
[21:43:51.411] [bmv2] [D] [thread 128367] [21.0] [cxt 0] Extracting header 'ethernet'
[21:43:51.411] [bmv2] [D] [thread 128367] [21.0] [cxt 0] Parser state 'start': key is 86dd
[21:43:51.411] [bmv2] [T] [thread 128367] [21.0] [cxt 0] Bytes parsed: 14
[21:43:51.411] [bmv2] [D] [thread 128367] [21.0] [cxt 0] Parser 'parser': end
[21:43:51.411] [bmv2] [D] [thread 128367] [21.0] [cxt 0] Pipeline 'ingress': start
[21:43:51.411] [bmv2] [T] [thread 128367] [21.0] [cxt 0] basic_tunnel.p4(152) Condition "hdr.ipv4.isValid() && !hdr.myTunnel.isValid()" (node_2) is false
[21:43:51.411] [bmv2] [T] [thread 128367] [21.0] [cxt 0] basic_tunnel.p4(155) Condition "hdr.myTunnel.isValid()" (node_4) is false
[21:43:51.411] [bmv2] [D] [thread 128367] [21.0] [cxt 0] Pipeline 'ingress': end
[21:43:51.411] [bmv2] [D] [thread 128367] [21.0] [cxt 0] Egress port is 0
[21:43:51.411] [bmv2] [D] [thread 128368] [21.0] [cxt 0] Pipeline 'egress': start
[21:43:51.411] [bmv2] [D] [thread 128368] [21.0] [cxt 0] Pipeline 'egress': end
[21:43:51.411] [bmv2] [D] [thread 128368] [21.0] [cxt 0] Deparser 'deparser': start
[21:43:51.411] [bmv2] [T] [thread 128368] [21.0] [cxt 0] Skipping checksum 'cksum' update because condition not met
[21:43:51.411] [bmv2] [D] [thread 128368] [21.0] [cxt 0] Deparsing header 'ethernet'
[21:43:51.411] [bmv2] [D] [thread 128368] [21.0] [cxt 0] Deparser 'deparser': end
[21:43:51.411] [bmv2] [D] [thread 128372] [21.0] [cxt 0] Transmitting packet of size 196 out of port 0
[21:43:51.445] [bmv2] [D] [thread 128367] [22.0] [cxt 0] Processing packet received on port 2
[21:43:51.445] [bmv2] [D] [thread 128367] [22.0] [cxt 0] Parser 'parser': start
[21:43:51.445] [bmv2] [D] [thread 128367] [22.0] [cxt 0] Parser 'parser' entering state 'start'
[21:43:51.445] [bmv2] [D] [thread 128367] [22.0] [cxt 0] Extracting header 'ethernet'
[21:43:51.445] [bmv2] [D] [thread 128367] [22.0] [cxt 0] Parser state 'start': key is 86dd
[21:43:51.445] [bmv2] [T] [thread 128367] [22.0] [cxt 0] Bytes parsed: 14
[21:43:51.445] [bmv2] [D] [thread 128367] [22.0] [cxt 0] Parser 'parser': end
[21:43:51.445] [bmv2] [D] [thread 128367] [22.0] [cxt 0] Pipeline 'ingress': start
[21:43:51.445] [bmv2] [T] [thread 128367] [22.0] [cxt 0] basic_tunnel.p4(152) Condition "hdr.ipv4.isValid() && !hdr.myTunnel.isValid()" (node_2) is false
[21:43:51.445] [bmv2] [T] [thread 128367] [22.0] [cxt 0] basic_tunnel.p4(155) Condition "hdr.myTunnel.isValid()" (node_4) is false
[21:43:51.445] [bmv2] [D] [thread 128367] [22.0] [cxt 0] Pipeline 'ingress': end
[21:43:51.445] [bmv2] [D] [thread 128367] [22.0] [cxt 0] Egress port is 0
[21:43:51.445] [bmv2] [D] [thread 128368] [22.0] [cxt 0] Pipeline 'egress': start
[21:43:51.445] [bmv2] [D] [thread 128368] [22.0] [cxt 0] Pipeline 'egress': end
[21:43:51.445] [bmv2] [D] [thread 128368] [22.0] [cxt 0] Deparser 'deparser': start
[21:43:51.445] [bmv2] [T] [thread 128368] [22.0] [cxt 0] Skipping checksum 'cksum' update because condition not met
[21:43:51.445] [bmv2] [D] [thread 128368] [22.0] [cxt 0] Deparsing header 'ethernet'
[21:43:51.445] [bmv2] [D] [thread 128368] [22.0] [cxt 0] Deparser 'deparser': end
[21:43:51.445] [bmv2] [D] [thread 128372] [22.0] [cxt 0] Transmitting packet of size 110 out of port 0
[21:43:51.467] [bmv2] [D] [thread 128367] [23.0] [cxt 0] Processing packet received on port 3
[21:43:51.467] [bmv2] [D] [thread 128367] [23.0] [cxt 0] Parser 'parser': start
[21:43:51.467] [bmv2] [D] [thread 128367] [23.0] [cxt 0] Parser 'parser' entering state 'start'
[21:43:51.467] [bmv2] [D] [thread 128367] [23.0] [cxt 0] Extracting header 'ethernet'
[21:43:51.467] [bmv2] [D] [thread 128367] [23.0] [cxt 0] Parser state 'start': key is 86dd
[21:43:51.467] [bmv2] [T] [thread 128367] [23.0] [cxt 0] Bytes parsed: 14
[21:43:51.467] [bmv2] [D] [thread 128367] [23.0] [cxt 0] Parser 'parser': end
[21:43:51.467] [bmv2] [D] [thread 128367] [23.0] [cxt 0] Pipeline 'ingress': start
[21:43:51.467] [bmv2] [T] [thread 128367] [23.0] [cxt 0] basic_tunnel.p4(152) Condition "hdr.ipv4.isValid() && !hdr.myTunnel.isValid()" (node_2) is false
[21:43:51.467] [bmv2] [T] [thread 128367] [23.0] [cxt 0] basic_tunnel.p4(155) Condition "hdr.myTunnel.isValid()" (node_4) is false
[21:43:51.467] [bmv2] [D] [thread 128367] [23.0] [cxt 0] Pipeline 'ingress': end
[21:43:51.467] [bmv2] [D] [thread 128367] [23.0] [cxt 0] Egress port is 0
[21:43:51.467] [bmv2] [D] [thread 128368] [23.0] [cxt 0] Pipeline 'egress': start
[21:43:51.467] [bmv2] [D] [thread 128368] [23.0] [cxt 0] Pipeline 'egress': end
[21:43:51.467] [bmv2] [D] [thread 128368] [23.0] [cxt 0] Deparser 'deparser': start
[21:43:51.467] [bmv2] [T] [thread 128368] [23.0] [cxt 0] Skipping checksum 'cksum' update because condition not met
[21:43:51.467] [bmv2] [D] [thread 128368] [23.0] [cxt 0] Deparsing header 'ethernet'
[21:43:51.467] [bmv2] [D] [thread 128368] [23.0] [cxt 0] Deparser 'deparser': end
[21:43:51.467] [bmv2] [D] [thread 128372] [23.0] [cxt 0] Transmitting packet of size 208 out of port 0
[21:43:51.494] [bmv2] [D] [thread 128367] [24.0] [cxt 0] Processing packet received on port 1
[21:43:51.494] [bmv2] [D] [thread 128367] [24.0] [cxt 0] Parser 'parser': start
[21:43:51.494] [bmv2] [D] [thread 128367] [24.0] [cxt 0] Parser 'parser' entering state 'start'
[21:43:51.494] [bmv2] [D] [thread 128367] [24.0] [cxt 0] Extracting header 'ethernet'
[21:43:51.494] [bmv2] [D] [thread 128367] [24.0] [cxt 0] Parser state 'start': key is 86dd
[21:43:51.494] [bmv2] [T] [thread 128367] [24.0] [cxt 0] Bytes parsed: 14
[21:43:51.494] [bmv2] [D] [thread 128367] [24.0] [cxt 0] Parser 'parser': end
[21:43:51.494] [bmv2] [D] [thread 128367] [24.0] [cxt 0] Pipeline 'ingress': start
[21:43:51.494] [bmv2] [T] [thread 128367] [24.0] [cxt 0] basic_tunnel.p4(152) Condition "hdr.ipv4.isValid() && !hdr.myTunnel.isValid()" (node_2) is false
[21:43:51.494] [bmv2] [T] [thread 128367] [24.0] [cxt 0] basic_tunnel.p4(155) Condition "hdr.myTunnel.isValid()" (node_4) is false
[21:43:51.494] [bmv2] [D] [thread 128367] [24.0] [cxt 0] Pipeline 'ingress': end
[21:43:51.494] [bmv2] [D] [thread 128367] [24.0] [cxt 0] Egress port is 0
[21:43:51.495] [bmv2] [D] [thread 128368] [24.0] [cxt 0] Pipeline 'egress': start
[21:43:51.495] [bmv2] [D] [thread 128368] [24.0] [cxt 0] Pipeline 'egress': end
[21:43:51.495] [bmv2] [D] [thread 128368] [24.0] [cxt 0] Deparser 'deparser': start
[21:43:51.495] [bmv2] [T] [thread 128368] [24.0] [cxt 0] Skipping checksum 'cksum' update because condition not met
[21:43:51.495] [bmv2] [D] [thread 128368] [24.0] [cxt 0] Deparsing header 'ethernet'
[21:43:51.495] [bmv2] [D] [thread 128368] [24.0] [cxt 0] Deparser 'deparser': end
[21:43:51.495] [bmv2] [D] [thread 128372] [24.0] [cxt 0] Transmitting packet of size 208 out of port 0
[21:43:51.544] [bmv2] [D] [thread 128367] [25.0] [cxt 0] Processing packet received on port 3
[21:43:51.544] [bmv2] [D] [thread 128367] [25.0] [cxt 0] Parser 'parser': start
[21:43:51.544] [bmv2] [D] [thread 128367] [25.0] [cxt 0] Parser 'parser' entering state 'start'
[21:43:51.544] [bmv2] [D] [thread 128367] [25.0] [cxt 0] Extracting header 'ethernet'
[21:43:51.544] [bmv2] [D] [thread 128367] [25.0] [cxt 0] Parser state 'start': key is 86dd
[21:43:51.544] [bmv2] [T] [thread 128367] [25.0] [cxt 0] Bytes parsed: 14
[21:43:51.544] [bmv2] [D] [thread 128367] [25.0] [cxt 0] Parser 'parser': end
[21:43:51.544] [bmv2] [D] [thread 128367] [25.0] [cxt 0] Pipeline 'ingress': start
[21:43:51.544] [bmv2] [T] [thread 128367] [25.0] [cxt 0] basic_tunnel.p4(152) Condition "hdr.ipv4.isValid() && !hdr.myTunnel.isValid()" (node_2) is false
[21:43:51.544] [bmv2] [T] [thread 128367] [25.0] [cxt 0] basic_tunnel.p4(155) Condition "hdr.myTunnel.isValid()" (node_4) is false
[21:43:51.544] [bmv2] [D] [thread 128367] [25.0] [cxt 0] Pipeline 'ingress': end
[21:43:51.544] [bmv2] [D] [thread 128367] [25.0] [cxt 0] Egress port is 0
[21:43:51.545] [bmv2] [D] [thread 128368] [25.0] [cxt 0] Pipeline 'egress': start
[21:43:51.545] [bmv2] [D] [thread 128368] [25.0] [cxt 0] Pipeline 'egress': end
[21:43:51.545] [bmv2] [D] [thread 128368] [25.0] [cxt 0] Deparser 'deparser': start
[21:43:51.545] [bmv2] [T] [thread 128368] [25.0] [cxt 0] Skipping checksum 'cksum' update because condition not met
[21:43:51.545] [bmv2] [D] [thread 128368] [25.0] [cxt 0] Deparsing header 'ethernet'
[21:43:51.545] [bmv2] [D] [thread 128368] [25.0] [cxt 0] Deparser 'deparser': end
[21:43:51.545] [bmv2] [D] [thread 128372] [25.0] [cxt 0] Transmitting packet of size 110 out of port 0
[21:43:51.598] [bmv2] [D] [thread 128367] [26.0] [cxt 0] Processing packet received on port 2
[21:43:51.598] [bmv2] [D] [thread 128367] [26.0] [cxt 0] Parser 'parser': start
[21:43:51.598] [bmv2] [D] [thread 128367] [26.0] [cxt 0] Parser 'parser' entering state 'start'
[21:43:51.598] [bmv2] [D] [thread 128367] [26.0] [cxt 0] Extracting header 'ethernet'
[21:43:51.598] [bmv2] [D] [thread 128367] [26.0] [cxt 0] Parser state 'start': key is 86dd
[21:43:51.598] [bmv2] [T] [thread 128367] [26.0] [cxt 0] Bytes parsed: 14
[21:43:51.598] [bmv2] [D] [thread 128367] [26.0] [cxt 0] Parser 'parser': end
[21:43:51.598] [bmv2] [D] [thread 128367] [26.0] [cxt 0] Pipeline 'ingress': start
[21:43:51.598] [bmv2] [T] [thread 128367] [26.0] [cxt 0] basic_tunnel.p4(152) Condition "hdr.ipv4.isValid() && !hdr.myTunnel.isValid()" (node_2) is false
[21:43:51.598] [bmv2] [T] [thread 128367] [26.0] [cxt 0] basic_tunnel.p4(155) Condition "hdr.myTunnel.isValid()" (node_4) is false
[21:43:51.598] [bmv2] [D] [thread 128367] [26.0] [cxt 0] Pipeline 'ingress': end
[21:43:51.598] [bmv2] [D] [thread 128367] [26.0] [cxt 0] Egress port is 0
[21:43:51.599] [bmv2] [D] [thread 128368] [26.0] [cxt 0] Pipeline 'egress': start
[21:43:51.599] [bmv2] [D] [thread 128368] [26.0] [cxt 0] Pipeline 'egress': end
[21:43:51.599] [bmv2] [D] [thread 128368] [26.0] [cxt 0] Deparser 'deparser': start
[21:43:51.599] [bmv2] [T] [thread 128368] [26.0] [cxt 0] Skipping checksum 'cksum' update because condition not met
[21:43:51.599] [bmv2] [D] [thread 128368] [26.0] [cxt 0] Deparsing header 'ethernet'
[21:43:51.599] [bmv2] [D] [thread 128368] [26.0] [cxt 0] Deparser 'deparser': end
[21:43:51.599] [bmv2] [D] [thread 128372] [26.0] [cxt 0] Transmitting packet of size 208 out of port 0
[21:43:51.609] [bmv2] [D] [thread 128367] [27.0] [cxt 0] Processing packet received on port 2
[21:43:51.609] [bmv2] [D] [thread 128367] [27.0] [cxt 0] Parser 'parser': start
[21:43:51.609] [bmv2] [D] [thread 128367] [27.0] [cxt 0] Parser 'parser' entering state 'start'
[21:43:51.609] [bmv2] [D] [thread 128367] [27.0] [cxt 0] Extracting header 'ethernet'
[21:43:51.609] [bmv2] [D] [thread 128367] [27.0] [cxt 0] Parser state 'start': key is 86dd
[21:43:51.609] [bmv2] [T] [thread 128367] [27.0] [cxt 0] Bytes parsed: 14
[21:43:51.609] [bmv2] [D] [thread 128367] [27.0] [cxt 0] Parser 'parser': end
[21:43:51.609] [bmv2] [D] [thread 128367] [27.0] [cxt 0] Pipeline 'ingress': start
[21:43:51.609] [bmv2] [T] [thread 128367] [27.0] [cxt 0] basic_tunnel.p4(152) Condition "hdr.ipv4.isValid() && !hdr.myTunnel.isValid()" (node_2) is false
[21:43:51.609] [bmv2] [T] [thread 128367] [27.0] [cxt 0] basic_tunnel.p4(155) Condition "hdr.myTunnel.isValid()" (node_4) is false
[21:43:51.609] [bmv2] [D] [thread 128367] [27.0] [cxt 0] Pipeline 'ingress': end
[21:43:51.609] [bmv2] [D] [thread 128367] [27.0] [cxt 0] Egress port is 0
[21:43:51.609] [bmv2] [D] [thread 128368] [27.0] [cxt 0] Pipeline 'egress': start
[21:43:51.609] [bmv2] [D] [thread 128368] [27.0] [cxt 0] Pipeline 'egress': end
[21:43:51.609] [bmv2] [D] [thread 128368] [27.0] [cxt 0] Deparser 'deparser': start
[21:43:51.609] [bmv2] [T] [thread 128368] [27.0] [cxt 0] Skipping checksum 'cksum' update because condition not met
[21:43:51.609] [bmv2] [D] [thread 128368] [27.0] [cxt 0] Deparsing header 'ethernet'
[21:43:51.609] [bmv2] [D] [thread 128368] [27.0] [cxt 0] Deparser 'deparser': end
[21:43:51.610] [bmv2] [D] [thread 128372] [27.0] [cxt 0] Transmitting packet of size 90 out of port 0
[21:43:51.637] [bmv2] [D] [thread 128367] [28.0] [cxt 0] Processing packet received on port 3
[21:43:51.637] [bmv2] [D] [thread 128367] [28.0] [cxt 0] Parser 'parser': start
[21:43:51.637] [bmv2] [D] [thread 128367] [28.0] [cxt 0] Parser 'parser' entering state 'start'
[21:43:51.637] [bmv2] [D] [thread 128367] [28.0] [cxt 0] Extracting header 'ethernet'
[21:43:51.637] [bmv2] [D] [thread 128367] [28.0] [cxt 0] Parser state 'start': key is 86dd
[21:43:51.637] [bmv2] [T] [thread 128367] [28.0] [cxt 0] Bytes parsed: 14
[21:43:51.637] [bmv2] [D] [thread 128367] [28.0] [cxt 0] Parser 'parser': end
[21:43:51.637] [bmv2] [D] [thread 128367] [28.0] [cxt 0] Pipeline 'ingress': start
[21:43:51.637] [bmv2] [T] [thread 128367] [28.0] [cxt 0] basic_tunnel.p4(152) Condition "hdr.ipv4.isValid() && !hdr.myTunnel.isValid()" (node_2) is false
[21:43:51.637] [bmv2] [T] [thread 128367] [28.0] [cxt 0] basic_tunnel.p4(155) Condition "hdr.myTunnel.isValid()" (node_4) is false
[21:43:51.637] [bmv2] [D] [thread 128367] [28.0] [cxt 0] Pipeline 'ingress': end
[21:43:51.637] [bmv2] [D] [thread 128367] [28.0] [cxt 0] Egress port is 0
[21:43:51.637] [bmv2] [D] [thread 128368] [28.0] [cxt 0] Pipeline 'egress': start
[21:43:51.637] [bmv2] [D] [thread 128368] [28.0] [cxt 0] Pipeline 'egress': end
[21:43:51.637] [bmv2] [D] [thread 128368] [28.0] [cxt 0] Deparser 'deparser': start
[21:43:51.637] [bmv2] [T] [thread 128368] [28.0] [cxt 0] Skipping checksum 'cksum' update because condition not met
[21:43:51.637] [bmv2] [D] [thread 128368] [28.0] [cxt 0] Deparsing header 'ethernet'
[21:43:51.637] [bmv2] [D] [thread 128368] [28.0] [cxt 0] Deparser 'deparser': end
[21:43:51.637] [bmv2] [D] [thread 128372] [28.0] [cxt 0] Transmitting packet of size 90 out of port 0
[21:43:51.661] [bmv2] [D] [thread 128367] [29.0] [cxt 0] Processing packet received on port 3
[21:43:51.661] [bmv2] [D] [thread 128367] [29.0] [cxt 0] Parser 'parser': start
[21:43:51.661] [bmv2] [D] [thread 128367] [29.0] [cxt 0] Parser 'parser' entering state 'start'
[21:43:51.661] [bmv2] [D] [thread 128367] [29.0] [cxt 0] Extracting header 'ethernet'
[21:43:51.661] [bmv2] [D] [thread 128367] [29.0] [cxt 0] Parser state 'start': key is 86dd
[21:43:51.661] [bmv2] [T] [thread 128367] [29.0] [cxt 0] Bytes parsed: 14
[21:43:51.661] [bmv2] [D] [thread 128367] [29.0] [cxt 0] Parser 'parser': end
[21:43:51.661] [bmv2] [D] [thread 128367] [29.0] [cxt 0] Pipeline 'ingress': start
[21:43:51.661] [bmv2] [T] [thread 128367] [29.0] [cxt 0] basic_tunnel.p4(152) Condition "hdr.ipv4.isValid() && !hdr.myTunnel.isValid()" (node_2) is false
[21:43:51.661] [bmv2] [T] [thread 128367] [29.0] [cxt 0] basic_tunnel.p4(155) Condition "hdr.myTunnel.isValid()" (node_4) is false
[21:43:51.661] [bmv2] [D] [thread 128367] [29.0] [cxt 0] Pipeline 'ingress': end
[21:43:51.661] [bmv2] [D] [thread 128367] [29.0] [cxt 0] Egress port is 0
[21:43:51.661] [bmv2] [D] [thread 128368] [29.0] [cxt 0] Pipeline 'egress': start
[21:43:51.661] [bmv2] [D] [thread 128368] [29.0] [cxt 0] Pipeline 'egress': end
[21:43:51.661] [bmv2] [D] [thread 128368] [29.0] [cxt 0] Deparser 'deparser': start
[21:43:51.661] [bmv2] [T] [thread 128368] [29.0] [cxt 0] Skipping checksum 'cksum' update because condition not met
[21:43:51.661] [bmv2] [D] [thread 128368] [29.0] [cxt 0] Deparsing header 'ethernet'
[21:43:51.661] [bmv2] [D] [thread 128368] [29.0] [cxt 0] Deparser 'deparser': end
[21:43:51.661] [bmv2] [D] [thread 128372] [29.0] [cxt 0] Transmitting packet of size 208 out of port 0
[21:43:51.695] [bmv2] [D] [thread 128367] [30.0] [cxt 0] Processing packet received on port 1
[21:43:51.695] [bmv2] [D] [thread 128367] [30.0] [cxt 0] Parser 'parser': start
[21:43:51.695] [bmv2] [D] [thread 128367] [30.0] [cxt 0] Parser 'parser' entering state 'start'
[21:43:51.695] [bmv2] [D] [thread 128367] [30.0] [cxt 0] Extracting header 'ethernet'
[21:43:51.695] [bmv2] [D] [thread 128367] [30.0] [cxt 0] Parser state 'start': key is 86dd
[21:43:51.695] [bmv2] [T] [thread 128367] [30.0] [cxt 0] Bytes parsed: 14
[21:43:51.695] [bmv2] [D] [thread 128367] [30.0] [cxt 0] Parser 'parser': end
[21:43:51.695] [bmv2] [D] [thread 128367] [30.0] [cxt 0] Pipeline 'ingress': start
[21:43:51.695] [bmv2] [T] [thread 128367] [30.0] [cxt 0] basic_tunnel.p4(152) Condition "hdr.ipv4.isValid() && !hdr.myTunnel.isValid()" (node_2) is false
[21:43:51.695] [bmv2] [T] [thread 128367] [30.0] [cxt 0] basic_tunnel.p4(155) Condition "hdr.myTunnel.isValid()" (node_4) is false
[21:43:51.695] [bmv2] [D] [thread 128367] [30.0] [cxt 0] Pipeline 'ingress': end
[21:43:51.695] [bmv2] [D] [thread 128367] [30.0] [cxt 0] Egress port is 0
[21:43:51.696] [bmv2] [D] [thread 128368] [30.0] [cxt 0] Pipeline 'egress': start
[21:43:51.696] [bmv2] [D] [thread 128368] [30.0] [cxt 0] Pipeline 'egress': end
[21:43:51.696] [bmv2] [D] [thread 128368] [30.0] [cxt 0] Deparser 'deparser': start
[21:43:51.696] [bmv2] [T] [thread 128368] [30.0] [cxt 0] Skipping checksum 'cksum' update because condition not met
[21:43:51.696] [bmv2] [D] [thread 128368] [30.0] [cxt 0] Deparsing header 'ethernet'
[21:43:51.696] [bmv2] [D] [thread 128368] [30.0] [cxt 0] Deparser 'deparser': end
[21:43:51.696] [bmv2] [D] [thread 128372] [30.0] [cxt 0] Transmitting packet of size 196 out of port 0
[21:43:51.701] [bmv2] [D] [thread 128367] [31.0] [cxt 0] Processing packet received on port 1
[21:43:51.701] [bmv2] [D] [thread 128367] [31.0] [cxt 0] Parser 'parser': start
[21:43:51.701] [bmv2] [D] [thread 128367] [31.0] [cxt 0] Parser 'parser' entering state 'start'
[21:43:51.701] [bmv2] [D] [thread 128367] [31.0] [cxt 0] Extracting header 'ethernet'
[21:43:51.701] [bmv2] [D] [thread 128367] [31.0] [cxt 0] Parser state 'start': key is 86dd
[21:43:51.701] [bmv2] [T] [thread 128367] [31.0] [cxt 0] Bytes parsed: 14
[21:43:51.701] [bmv2] [D] [thread 128367] [31.0] [cxt 0] Parser 'parser': end
[21:43:51.701] [bmv2] [D] [thread 128367] [31.0] [cxt 0] Pipeline 'ingress': start
[21:43:51.701] [bmv2] [T] [thread 128367] [31.0] [cxt 0] basic_tunnel.p4(152) Condition "hdr.ipv4.isValid() && !hdr.myTunnel.isValid()" (node_2) is false
[21:43:51.701] [bmv2] [T] [thread 128367] [31.0] [cxt 0] basic_tunnel.p4(155) Condition "hdr.myTunnel.isValid()" (node_4) is false
[21:43:51.701] [bmv2] [D] [thread 128367] [31.0] [cxt 0] Pipeline 'ingress': end
[21:43:51.701] [bmv2] [D] [thread 128367] [31.0] [cxt 0] Egress port is 0
[21:43:51.701] [bmv2] [D] [thread 128368] [31.0] [cxt 0] Pipeline 'egress': start
[21:43:51.701] [bmv2] [D] [thread 128368] [31.0] [cxt 0] Pipeline 'egress': end
[21:43:51.701] [bmv2] [D] [thread 128368] [31.0] [cxt 0] Deparser 'deparser': start
[21:43:51.701] [bmv2] [T] [thread 128368] [31.0] [cxt 0] Skipping checksum 'cksum' update because condition not met
[21:43:51.701] [bmv2] [D] [thread 128368] [31.0] [cxt 0] Deparsing header 'ethernet'
[21:43:51.701] [bmv2] [D] [thread 128368] [31.0] [cxt 0] Deparser 'deparser': end
[21:43:51.701] [bmv2] [D] [thread 128372] [31.0] [cxt 0] Transmitting packet of size 90 out of port 0
[21:43:51.702] [bmv2] [D] [thread 128367] [32.0] [cxt 0] Processing packet received on port 2
[21:43:51.702] [bmv2] [D] [thread 128367] [32.0] [cxt 0] Parser 'parser': start
[21:43:51.702] [bmv2] [D] [thread 128367] [32.0] [cxt 0] Parser 'parser' entering state 'start'
[21:43:51.702] [bmv2] [D] [thread 128367] [32.0] [cxt 0] Extracting header 'ethernet'
[21:43:51.702] [bmv2] [D] [thread 128367] [32.0] [cxt 0] Parser state 'start': key is 86dd
[21:43:51.702] [bmv2] [T] [thread 128367] [32.0] [cxt 0] Bytes parsed: 14
[21:43:51.702] [bmv2] [D] [thread 128367] [32.0] [cxt 0] Parser 'parser': end
[21:43:51.702] [bmv2] [D] [thread 128367] [32.0] [cxt 0] Pipeline 'ingress': start
[21:43:51.702] [bmv2] [T] [thread 128367] [32.0] [cxt 0] basic_tunnel.p4(152) Condition "hdr.ipv4.isValid() && !hdr.myTunnel.isValid()" (node_2) is false
[21:43:51.702] [bmv2] [T] [thread 128367] [32.0] [cxt 0] basic_tunnel.p4(155) Condition "hdr.myTunnel.isValid()" (node_4) is false
[21:43:51.702] [bmv2] [D] [thread 128367] [32.0] [cxt 0] Pipeline 'ingress': end
[21:43:51.702] [bmv2] [D] [thread 128367] [32.0] [cxt 0] Egress port is 0
[21:43:51.702] [bmv2] [D] [thread 128368] [32.0] [cxt 0] Pipeline 'egress': start
[21:43:51.702] [bmv2] [D] [thread 128368] [32.0] [cxt 0] Pipeline 'egress': end
[21:43:51.702] [bmv2] [D] [thread 128368] [32.0] [cxt 0] Deparser 'deparser': start
[21:43:51.702] [bmv2] [T] [thread 128368] [32.0] [cxt 0] Skipping checksum 'cksum' update because condition not met
[21:43:51.702] [bmv2] [D] [thread 128368] [32.0] [cxt 0] Deparsing header 'ethernet'
[21:43:51.702] [bmv2] [D] [thread 128368] [32.0] [cxt 0] Deparser 'deparser': end
[21:43:51.702] [bmv2] [D] [thread 128372] [32.0] [cxt 0] Transmitting packet of size 110 out of port 0
[21:43:51.719] [bmv2] [D] [thread 128367] [33.0] [cxt 0] Processing packet received on port 3
[21:43:51.719] [bmv2] [D] [thread 128367] [33.0] [cxt 0] Parser 'parser': start
[21:43:51.719] [bmv2] [D] [thread 128367] [33.0] [cxt 0] Parser 'parser' entering state 'start'
[21:43:51.719] [bmv2] [D] [thread 128367] [33.0] [cxt 0] Extracting header 'ethernet'
[21:43:51.719] [bmv2] [D] [thread 128367] [33.0] [cxt 0] Parser state 'start': key is 86dd
[21:43:51.719] [bmv2] [T] [thread 128367] [33.0] [cxt 0] Bytes parsed: 14
[21:43:51.719] [bmv2] [D] [thread 128367] [33.0] [cxt 0] Parser 'parser': end
[21:43:51.719] [bmv2] [D] [thread 128367] [33.0] [cxt 0] Pipeline 'ingress': start
[21:43:51.719] [bmv2] [T] [thread 128367] [33.0] [cxt 0] basic_tunnel.p4(152) Condition "hdr.ipv4.isValid() && !hdr.myTunnel.isValid()" (node_2) is false
[21:43:51.719] [bmv2] [T] [thread 128367] [33.0] [cxt 0] basic_tunnel.p4(155) Condition "hdr.myTunnel.isValid()" (node_4) is false
[21:43:51.719] [bmv2] [D] [thread 128367] [33.0] [cxt 0] Pipeline 'ingress': end
[21:43:51.719] [bmv2] [D] [thread 128367] [33.0] [cxt 0] Egress port is 0
[21:43:51.719] [bmv2] [D] [thread 128368] [33.0] [cxt 0] Pipeline 'egress': start
[21:43:51.719] [bmv2] [D] [thread 128368] [33.0] [cxt 0] Pipeline 'egress': end
[21:43:51.719] [bmv2] [D] [thread 128368] [33.0] [cxt 0] Deparser 'deparser': start
[21:43:51.719] [bmv2] [T] [thread 128368] [33.0] [cxt 0] Skipping checksum 'cksum' update because condition not met
[21:43:51.719] [bmv2] [D] [thread 128368] [33.0] [cxt 0] Deparsing header 'ethernet'
[21:43:51.719] [bmv2] [D] [thread 128368] [33.0] [cxt 0] Deparser 'deparser': end
[21:43:51.719] [bmv2] [D] [thread 128372] [33.0] [cxt 0] Transmitting packet of size 208 out of port 0
[21:43:51.830] [bmv2] [D] [thread 128367] [34.0] [cxt 0] Processing packet received on port 3
[21:43:51.830] [bmv2] [D] [thread 128367] [34.0] [cxt 0] Parser 'parser': start
[21:43:51.830] [bmv2] [D] [thread 128367] [34.0] [cxt 0] Parser 'parser' entering state 'start'
[21:43:51.830] [bmv2] [D] [thread 128367] [34.0] [cxt 0] Extracting header 'ethernet'
[21:43:51.830] [bmv2] [D] [thread 128367] [34.0] [cxt 0] Parser state 'start': key is 86dd
[21:43:51.830] [bmv2] [T] [thread 128367] [34.0] [cxt 0] Bytes parsed: 14
[21:43:51.830] [bmv2] [D] [thread 128367] [34.0] [cxt 0] Parser 'parser': end
[21:43:51.830] [bmv2] [D] [thread 128367] [34.0] [cxt 0] Pipeline 'ingress': start
[21:43:51.830] [bmv2] [T] [thread 128367] [34.0] [cxt 0] basic_tunnel.p4(152) Condition "hdr.ipv4.isValid() && !hdr.myTunnel.isValid()" (node_2) is false
[21:43:51.830] [bmv2] [T] [thread 128367] [34.0] [cxt 0] basic_tunnel.p4(155) Condition "hdr.myTunnel.isValid()" (node_4) is false
[21:43:51.830] [bmv2] [D] [thread 128367] [34.0] [cxt 0] Pipeline 'ingress': end
[21:43:51.830] [bmv2] [D] [thread 128367] [34.0] [cxt 0] Egress port is 0
[21:43:51.830] [bmv2] [D] [thread 128368] [34.0] [cxt 0] Pipeline 'egress': start
[21:43:51.830] [bmv2] [D] [thread 128368] [34.0] [cxt 0] Pipeline 'egress': end
[21:43:51.830] [bmv2] [D] [thread 128368] [34.0] [cxt 0] Deparser 'deparser': start
[21:43:51.830] [bmv2] [T] [thread 128368] [34.0] [cxt 0] Skipping checksum 'cksum' update because condition not met
[21:43:51.830] [bmv2] [D] [thread 128368] [34.0] [cxt 0] Deparsing header 'ethernet'
[21:43:51.830] [bmv2] [D] [thread 128368] [34.0] [cxt 0] Deparser 'deparser': end
[21:43:51.830] [bmv2] [D] [thread 128372] [34.0] [cxt 0] Transmitting packet of size 110 out of port 0
[21:43:51.850] [bmv2] [D] [thread 128367] [35.0] [cxt 0] Processing packet received on port 2
[21:43:51.850] [bmv2] [D] [thread 128367] [35.0] [cxt 0] Parser 'parser': start
[21:43:51.850] [bmv2] [D] [thread 128367] [35.0] [cxt 0] Parser 'parser' entering state 'start'
[21:43:51.850] [bmv2] [D] [thread 128367] [35.0] [cxt 0] Extracting header 'ethernet'
[21:43:51.850] [bmv2] [D] [thread 128367] [35.0] [cxt 0] Parser state 'start': key is 86dd
[21:43:51.850] [bmv2] [T] [thread 128367] [35.0] [cxt 0] Bytes parsed: 14
[21:43:51.850] [bmv2] [D] [thread 128367] [35.0] [cxt 0] Parser 'parser': end
[21:43:51.850] [bmv2] [D] [thread 128367] [35.0] [cxt 0] Pipeline 'ingress': start
[21:43:51.850] [bmv2] [T] [thread 128367] [35.0] [cxt 0] basic_tunnel.p4(152) Condition "hdr.ipv4.isValid() && !hdr.myTunnel.isValid()" (node_2) is false
[21:43:51.850] [bmv2] [T] [thread 128367] [35.0] [cxt 0] basic_tunnel.p4(155) Condition "hdr.myTunnel.isValid()" (node_4) is false
[21:43:51.850] [bmv2] [D] [thread 128367] [35.0] [cxt 0] Pipeline 'ingress': end
[21:43:51.850] [bmv2] [D] [thread 128367] [35.0] [cxt 0] Egress port is 0
[21:43:51.851] [bmv2] [D] [thread 128368] [35.0] [cxt 0] Pipeline 'egress': start
[21:43:51.852] [bmv2] [D] [thread 128368] [35.0] [cxt 0] Pipeline 'egress': end
[21:43:51.852] [bmv2] [D] [thread 128368] [35.0] [cxt 0] Deparser 'deparser': start
[21:43:51.852] [bmv2] [T] [thread 128368] [35.0] [cxt 0] Skipping checksum 'cksum' update because condition not met
[21:43:51.852] [bmv2] [D] [thread 128368] [35.0] [cxt 0] Deparsing header 'ethernet'
[21:43:51.852] [bmv2] [D] [thread 128368] [35.0] [cxt 0] Deparser 'deparser': end
[21:43:51.852] [bmv2] [D] [thread 128372] [35.0] [cxt 0] Transmitting packet of size 208 out of port 0
[21:43:51.914] [bmv2] [D] [thread 128367] [36.0] [cxt 0] Processing packet received on port 3
[21:43:51.914] [bmv2] [D] [thread 128367] [36.0] [cxt 0] Parser 'parser': start
[21:43:51.914] [bmv2] [D] [thread 128367] [36.0] [cxt 0] Parser 'parser' entering state 'start'
[21:43:51.914] [bmv2] [D] [thread 128367] [36.0] [cxt 0] Extracting header 'ethernet'
[21:43:51.914] [bmv2] [D] [thread 128367] [36.0] [cxt 0] Parser state 'start': key is 86dd
[21:43:51.914] [bmv2] [T] [thread 128367] [36.0] [cxt 0] Bytes parsed: 14
[21:43:51.914] [bmv2] [D] [thread 128367] [36.0] [cxt 0] Parser 'parser': end
[21:43:51.914] [bmv2] [D] [thread 128367] [36.0] [cxt 0] Pipeline 'ingress': start
[21:43:51.915] [bmv2] [T] [thread 128367] [36.0] [cxt 0] basic_tunnel.p4(152) Condition "hdr.ipv4.isValid() && !hdr.myTunnel.isValid()" (node_2) is false
[21:43:51.915] [bmv2] [T] [thread 128367] [36.0] [cxt 0] basic_tunnel.p4(155) Condition "hdr.myTunnel.isValid()" (node_4) is false
[21:43:51.915] [bmv2] [D] [thread 128367] [36.0] [cxt 0] Pipeline 'ingress': end
[21:43:51.915] [bmv2] [D] [thread 128367] [36.0] [cxt 0] Egress port is 0
[21:43:51.915] [bmv2] [D] [thread 128368] [36.0] [cxt 0] Pipeline 'egress': start
[21:43:51.915] [bmv2] [D] [thread 128368] [36.0] [cxt 0] Pipeline 'egress': end
[21:43:51.915] [bmv2] [D] [thread 128368] [36.0] [cxt 0] Deparser 'deparser': start
[21:43:51.915] [bmv2] [T] [thread 128368] [36.0] [cxt 0] Skipping checksum 'cksum' update because condition not met
[21:43:51.915] [bmv2] [D] [thread 128368] [36.0] [cxt 0] Deparsing header 'ethernet'
[21:43:51.915] [bmv2] [D] [thread 128368] [36.0] [cxt 0] Deparser 'deparser': end
[21:43:51.915] [bmv2] [D] [thread 128372] [36.0] [cxt 0] Transmitting packet of size 208 out of port 0
[21:43:51.921] [bmv2] [D] [thread 128367] [37.0] [cxt 0] Processing packet received on port 3
[21:43:51.921] [bmv2] [D] [thread 128367] [37.0] [cxt 0] Parser 'parser': start
[21:43:51.921] [bmv2] [D] [thread 128367] [37.0] [cxt 0] Parser 'parser' entering state 'start'
[21:43:51.921] [bmv2] [D] [thread 128367] [37.0] [cxt 0] Extracting header 'ethernet'
[21:43:51.921] [bmv2] [D] [thread 128367] [37.0] [cxt 0] Parser state 'start': key is 86dd
[21:43:51.921] [bmv2] [T] [thread 128367] [37.0] [cxt 0] Bytes parsed: 14
[21:43:51.921] [bmv2] [D] [thread 128367] [37.0] [cxt 0] Parser 'parser': end
[21:43:51.921] [bmv2] [D] [thread 128367] [37.0] [cxt 0] Pipeline 'ingress': start
[21:43:51.921] [bmv2] [T] [thread 128367] [37.0] [cxt 0] basic_tunnel.p4(152) Condition "hdr.ipv4.isValid() && !hdr.myTunnel.isValid()" (node_2) is false
[21:43:51.921] [bmv2] [T] [thread 128367] [37.0] [cxt 0] basic_tunnel.p4(155) Condition "hdr.myTunnel.isValid()" (node_4) is false
[21:43:51.921] [bmv2] [D] [thread 128367] [37.0] [cxt 0] Pipeline 'ingress': end
[21:43:51.921] [bmv2] [D] [thread 128367] [37.0] [cxt 0] Egress port is 0
[21:43:51.921] [bmv2] [D] [thread 128368] [37.0] [cxt 0] Pipeline 'egress': start
[21:43:51.921] [bmv2] [D] [thread 128368] [37.0] [cxt 0] Pipeline 'egress': end
[21:43:51.921] [bmv2] [D] [thread 128368] [37.0] [cxt 0] Deparser 'deparser': start
[21:43:51.921] [bmv2] [T] [thread 128368] [37.0] [cxt 0] Skipping checksum 'cksum' update because condition not met
[21:43:51.921] [bmv2] [D] [thread 128368] [37.0] [cxt 0] Deparsing header 'ethernet'
[21:43:51.921] [bmv2] [D] [thread 128368] [37.0] [cxt 0] Deparser 'deparser': end
[21:43:51.922] [bmv2] [D] [thread 128372] [37.0] [cxt 0] Transmitting packet of size 196 out of port 0
[21:43:52.051] [bmv2] [D] [thread 128367] [38.0] [cxt 0] Processing packet received on port 2
[21:43:52.051] [bmv2] [D] [thread 128367] [38.0] [cxt 0] Parser 'parser': start
[21:43:52.051] [bmv2] [D] [thread 128367] [38.0] [cxt 0] Parser 'parser' entering state 'start'
[21:43:52.051] [bmv2] [D] [thread 128367] [38.0] [cxt 0] Extracting header 'ethernet'
[21:43:52.051] [bmv2] [D] [thread 128367] [38.0] [cxt 0] Parser state 'start': key is 86dd
[21:43:52.051] [bmv2] [T] [thread 128367] [38.0] [cxt 0] Bytes parsed: 14
[21:43:52.051] [bmv2] [D] [thread 128367] [38.0] [cxt 0] Parser 'parser': end
[21:43:52.051] [bmv2] [D] [thread 128367] [38.0] [cxt 0] Pipeline 'ingress': start
[21:43:52.051] [bmv2] [T] [thread 128367] [38.0] [cxt 0] basic_tunnel.p4(152) Condition "hdr.ipv4.isValid() && !hdr.myTunnel.isValid()" (node_2) is false
[21:43:52.051] [bmv2] [T] [thread 128367] [38.0] [cxt 0] basic_tunnel.p4(155) Condition "hdr.myTunnel.isValid()" (node_4) is false
[21:43:52.051] [bmv2] [D] [thread 128367] [38.0] [cxt 0] Pipeline 'ingress': end
[21:43:52.051] [bmv2] [D] [thread 128367] [38.0] [cxt 0] Egress port is 0
[21:43:52.051] [bmv2] [D] [thread 128368] [38.0] [cxt 0] Pipeline 'egress': start
[21:43:52.051] [bmv2] [D] [thread 128368] [38.0] [cxt 0] Pipeline 'egress': end
[21:43:52.051] [bmv2] [D] [thread 128368] [38.0] [cxt 0] Deparser 'deparser': start
[21:43:52.051] [bmv2] [T] [thread 128368] [38.0] [cxt 0] Skipping checksum 'cksum' update because condition not met
[21:43:52.051] [bmv2] [D] [thread 128368] [38.0] [cxt 0] Deparsing header 'ethernet'
[21:43:52.051] [bmv2] [D] [thread 128368] [38.0] [cxt 0] Deparser 'deparser': end
[21:43:52.051] [bmv2] [D] [thread 128372] [38.0] [cxt 0] Transmitting packet of size 196 out of port 0
[21:43:52.113] [bmv2] [D] [thread 128367] [39.0] [cxt 0] Processing packet received on port 3
[21:43:52.113] [bmv2] [D] [thread 128367] [39.0] [cxt 0] Parser 'parser': start
[21:43:52.113] [bmv2] [D] [thread 128367] [39.0] [cxt 0] Parser 'parser' entering state 'start'
[21:43:52.113] [bmv2] [D] [thread 128367] [39.0] [cxt 0] Extracting header 'ethernet'
[21:43:52.113] [bmv2] [D] [thread 128367] [39.0] [cxt 0] Parser state 'start': key is 86dd
[21:43:52.113] [bmv2] [T] [thread 128367] [39.0] [cxt 0] Bytes parsed: 14
[21:43:52.113] [bmv2] [D] [thread 128367] [39.0] [cxt 0] Parser 'parser': end
[21:43:52.113] [bmv2] [D] [thread 128367] [39.0] [cxt 0] Pipeline 'ingress': start
[21:43:52.113] [bmv2] [T] [thread 128367] [39.0] [cxt 0] basic_tunnel.p4(152) Condition "hdr.ipv4.isValid() && !hdr.myTunnel.isValid()" (node_2) is false
[21:43:52.113] [bmv2] [T] [thread 128367] [39.0] [cxt 0] basic_tunnel.p4(155) Condition "hdr.myTunnel.isValid()" (node_4) is false
[21:43:52.113] [bmv2] [D] [thread 128367] [39.0] [cxt 0] Pipeline 'ingress': end
[21:43:52.113] [bmv2] [D] [thread 128367] [39.0] [cxt 0] Egress port is 0
[21:43:52.113] [bmv2] [D] [thread 128368] [39.0] [cxt 0] Pipeline 'egress': start
[21:43:52.113] [bmv2] [D] [thread 128368] [39.0] [cxt 0] Pipeline 'egress': end
[21:43:52.113] [bmv2] [D] [thread 128368] [39.0] [cxt 0] Deparser 'deparser': start
[21:43:52.113] [bmv2] [T] [thread 128368] [39.0] [cxt 0] Skipping checksum 'cksum' update because condition not met
[21:43:52.113] [bmv2] [D] [thread 128368] [39.0] [cxt 0] Deparsing header 'ethernet'
[21:43:52.113] [bmv2] [D] [thread 128368] [39.0] [cxt 0] Deparser 'deparser': end
[21:43:52.113] [bmv2] [D] [thread 128372] [39.0] [cxt 0] Transmitting packet of size 196 out of port 0
[21:43:52.492] [bmv2] [W] [thread 128459] [P4Runtime] p4::tmp::P4DeviceConfig is deprecated
[21:43:52.496] [bmv2] [D] [thread 128459] Set default default entry for table 'MyIngress.ipv4_lpm': MyIngress.drop - 
[21:43:52.496] [bmv2] [D] [thread 128459] Set default default entry for table 'MyIngress.myTunnel_exact': MyIngress.drop - 
[21:43:52.498] [bmv2] [D] [thread 128459] simple_switch target has been notified of a config swap
[21:43:52.500] [bmv2] [D] [thread 128460] Entry 0 added to table 'MyIngress.ipv4_lpm'
[21:43:52.500] [bmv2] [D] [thread 128460] Dumping entry 0
Match key:
* hdr.ipv4.dstAddr    : LPM       0a000101/32
Action entry: MyIngress.ipv4_forward - 80000000100,2,

[21:43:52.502] [bmv2] [D] [thread 128459] Entry 1 added to table 'MyIngress.ipv4_lpm'
[21:43:52.502] [bmv2] [D] [thread 128459] Dumping entry 1
Match key:
* hdr.ipv4.dstAddr    : LPM       0a000202/32
Action entry: MyIngress.ipv4_forward - 80000000200,3,

[21:43:52.503] [bmv2] [D] [thread 128459] Entry 2 added to table 'MyIngress.ipv4_lpm'
[21:43:52.503] [bmv2] [D] [thread 128459] Dumping entry 2
Match key:
* hdr.ipv4.dstAddr    : LPM       0a000303/32
Action entry: MyIngress.ipv4_forward - 80000000333,1,

[21:43:52.504] [bmv2] [D] [thread 128459] Entry 0 added to table 'MyIngress.myTunnel_exact'
[21:43:52.505] [bmv2] [D] [thread 128459] Dumping entry 0
Match key:
* hdr.myTunnel.dst_id : EXACT     0001
Action entry: MyIngress.myTunnel_forward - 2,

[21:43:52.506] [bmv2] [D] [thread 128460] Entry 1 added to table 'MyIngress.myTunnel_exact'
[21:43:52.506] [bmv2] [D] [thread 128460] Dumping entry 1
Match key:
* hdr.myTunnel.dst_id : EXACT     0002
Action entry: MyIngress.myTunnel_forward - 3,

[21:43:52.523] [bmv2] [D] [thread 128367] [40.0] [cxt 0] Processing packet received on port 2
[21:43:52.523] [bmv2] [D] [thread 128367] [40.0] [cxt 0] Parser 'parser': start
[21:43:52.523] [bmv2] [D] [thread 128367] [40.0] [cxt 0] Parser 'parser' entering state 'start'
[21:43:52.523] [bmv2] [D] [thread 128367] [40.0] [cxt 0] Extracting header 'ethernet'
[21:43:52.523] [bmv2] [D] [thread 128367] [40.0] [cxt 0] Parser state 'start': key is 86dd
[21:43:52.523] [bmv2] [T] [thread 128367] [40.0] [cxt 0] Bytes parsed: 14
[21:43:52.523] [bmv2] [D] [thread 128367] [40.0] [cxt 0] Parser 'parser': end
[21:43:52.523] [bmv2] [D] [thread 128367] [40.0] [cxt 0] Pipeline 'ingress': start
[21:43:52.523] [bmv2] [T] [thread 128367] [40.0] [cxt 0] basic_tunnel.p4(152) Condition "hdr.ipv4.isValid() && !hdr.myTunnel.isValid()" (node_2) is false
[21:43:52.523] [bmv2] [T] [thread 128367] [40.0] [cxt 0] basic_tunnel.p4(155) Condition "hdr.myTunnel.isValid()" (node_4) is false
[21:43:52.523] [bmv2] [D] [thread 128367] [40.0] [cxt 0] Pipeline 'ingress': end
[21:43:52.523] [bmv2] [D] [thread 128367] [40.0] [cxt 0] Egress port is 0
[21:43:52.523] [bmv2] [D] [thread 128368] [40.0] [cxt 0] Pipeline 'egress': start
[21:43:52.523] [bmv2] [D] [thread 128368] [40.0] [cxt 0] Pipeline 'egress': end
[21:43:52.523] [bmv2] [D] [thread 128368] [40.0] [cxt 0] Deparser 'deparser': start
[21:43:52.523] [bmv2] [T] [thread 128368] [40.0] [cxt 0] Skipping checksum 'cksum' update because condition not met
[21:43:52.523] [bmv2] [D] [thread 128368] [40.0] [cxt 0] Deparsing header 'ethernet'
[21:43:52.523] [bmv2] [D] [thread 128368] [40.0] [cxt 0] Deparser 'deparser': end
[21:43:52.523] [bmv2] [D] [thread 128372] [40.0] [cxt 0] Transmitting packet of size 196 out of port 0
[21:43:52.530] [bmv2] [D] [thread 128459] Entry 2 added to table 'MyIngress.myTunnel_exact'
[21:43:52.530] [bmv2] [D] [thread 128459] Dumping entry 2
Match key:
* hdr.myTunnel.dst_id : EXACT     0003
Action entry: MyIngress.myTunnel_forward - 1,

[21:43:52.799] [bmv2] [D] [thread 128367] [41.0] [cxt 0] Processing packet received on port 1
[21:43:52.799] [bmv2] [D] [thread 128367] [41.0] [cxt 0] Parser 'parser': start
[21:43:52.799] [bmv2] [D] [thread 128367] [41.0] [cxt 0] Parser 'parser' entering state 'start'
[21:43:52.799] [bmv2] [D] [thread 128367] [41.0] [cxt 0] Extracting header 'ethernet'
[21:43:52.799] [bmv2] [D] [thread 128367] [41.0] [cxt 0] Parser state 'start': key is 86dd
[21:43:52.799] [bmv2] [T] [thread 128367] [41.0] [cxt 0] Bytes parsed: 14
[21:43:52.799] [bmv2] [D] [thread 128367] [41.0] [cxt 0] Parser 'parser': end
[21:43:52.799] [bmv2] [D] [thread 128367] [41.0] [cxt 0] Pipeline 'ingress': start
[21:43:52.799] [bmv2] [T] [thread 128367] [41.0] [cxt 0] basic_tunnel.p4(152) Condition "hdr.ipv4.isValid() && !hdr.myTunnel.isValid()" (node_2) is false
[21:43:52.799] [bmv2] [T] [thread 128367] [41.0] [cxt 0] basic_tunnel.p4(155) Condition "hdr.myTunnel.isValid()" (node_4) is false
[21:43:52.799] [bmv2] [D] [thread 128367] [41.0] [cxt 0] Pipeline 'ingress': end
[21:43:52.799] [bmv2] [D] [thread 128367] [41.0] [cxt 0] Egress port is 0
[21:43:52.799] [bmv2] [D] [thread 128368] [41.0] [cxt 0] Pipeline 'egress': start
[21:43:52.799] [bmv2] [D] [thread 128368] [41.0] [cxt 0] Pipeline 'egress': end
[21:43:52.799] [bmv2] [D] [thread 128368] [41.0] [cxt 0] Deparser 'deparser': start
[21:43:52.799] [bmv2] [T] [thread 128368] [41.0] [cxt 0] Skipping checksum 'cksum' update because condition not met
[21:43:52.799] [bmv2] [D] [thread 128368] [41.0] [cxt 0] Deparsing header 'ethernet'
[21:43:52.799] [bmv2] [D] [thread 128368] [41.0] [cxt 0] Deparser 'deparser': end
[21:43:52.799] [bmv2] [D] [thread 128372] [41.0] [cxt 0] Transmitting packet of size 196 out of port 0
[21:43:53.026] [bmv2] [D] [thread 128367] [42.0] [cxt 0] Processing packet received on port 3
[21:43:53.026] [bmv2] [D] [thread 128367] [42.0] [cxt 0] Parser 'parser': start
[21:43:53.026] [bmv2] [D] [thread 128367] [42.0] [cxt 0] Parser 'parser' entering state 'start'
[21:43:53.026] [bmv2] [D] [thread 128367] [42.0] [cxt 0] Extracting header 'ethernet'
[21:43:53.026] [bmv2] [D] [thread 128367] [42.0] [cxt 0] Parser state 'start': key is 86dd
[21:43:53.026] [bmv2] [T] [thread 128367] [42.0] [cxt 0] Bytes parsed: 14
[21:43:53.026] [bmv2] [D] [thread 128367] [42.0] [cxt 0] Parser 'parser': end
[21:43:53.026] [bmv2] [D] [thread 128367] [42.0] [cxt 0] Pipeline 'ingress': start
[21:43:53.026] [bmv2] [T] [thread 128367] [42.0] [cxt 0] basic_tunnel.p4(152) Condition "hdr.ipv4.isValid() && !hdr.myTunnel.isValid()" (node_2) is false
[21:43:53.027] [bmv2] [T] [thread 128367] [42.0] [cxt 0] basic_tunnel.p4(155) Condition "hdr.myTunnel.isValid()" (node_4) is false
[21:43:53.027] [bmv2] [D] [thread 128367] [42.0] [cxt 0] Pipeline 'ingress': end
[21:43:53.027] [bmv2] [D] [thread 128367] [42.0] [cxt 0] Egress port is 0
[21:43:53.027] [bmv2] [D] [thread 128368] [42.0] [cxt 0] Pipeline 'egress': start
[21:43:53.027] [bmv2] [D] [thread 128368] [42.0] [cxt 0] Pipeline 'egress': end
[21:43:53.027] [bmv2] [D] [thread 128368] [42.0] [cxt 0] Deparser 'deparser': start
[21:43:53.027] [bmv2] [T] [thread 128368] [42.0] [cxt 0] Skipping checksum 'cksum' update because condition not met
[21:43:53.027] [bmv2] [D] [thread 128368] [42.0] [cxt 0] Deparsing header 'ethernet'
[21:43:53.027] [bmv2] [D] [thread 128368] [42.0] [cxt 0] Deparser 'deparser': end
[21:43:53.027] [bmv2] [D] [thread 128372] [42.0] [cxt 0] Transmitting packet of size 196 out of port 0
[21:43:53.153] [bmv2] [D] [thread 128367] [43.0] [cxt 0] Processing packet received on port 2
[21:43:53.153] [bmv2] [D] [thread 128367] [43.0] [cxt 0] Parser 'parser': start
[21:43:53.153] [bmv2] [D] [thread 128367] [43.0] [cxt 0] Parser 'parser' entering state 'start'
[21:43:53.153] [bmv2] [D] [thread 128367] [43.0] [cxt 0] Extracting header 'ethernet'
[21:43:53.153] [bmv2] [D] [thread 128367] [43.0] [cxt 0] Parser state 'start': key is 86dd
[21:43:53.153] [bmv2] [T] [thread 128367] [43.0] [cxt 0] Bytes parsed: 14
[21:43:53.153] [bmv2] [D] [thread 128367] [43.0] [cxt 0] Parser 'parser': end
[21:43:53.153] [bmv2] [D] [thread 128367] [43.0] [cxt 0] Pipeline 'ingress': start
[21:43:53.153] [bmv2] [T] [thread 128367] [43.0] [cxt 0] basic_tunnel.p4(152) Condition "hdr.ipv4.isValid() && !hdr.myTunnel.isValid()" (node_2) is false
[21:43:53.153] [bmv2] [T] [thread 128367] [43.0] [cxt 0] basic_tunnel.p4(155) Condition "hdr.myTunnel.isValid()" (node_4) is false
[21:43:53.153] [bmv2] [D] [thread 128367] [43.0] [cxt 0] Pipeline 'ingress': end
[21:43:53.153] [bmv2] [D] [thread 128367] [43.0] [cxt 0] Egress port is 0
[21:43:53.154] [bmv2] [D] [thread 128368] [43.0] [cxt 0] Pipeline 'egress': start
[21:43:53.154] [bmv2] [D] [thread 128368] [43.0] [cxt 0] Pipeline 'egress': end
[21:43:53.154] [bmv2] [D] [thread 128368] [43.0] [cxt 0] Deparser 'deparser': start
[21:43:53.154] [bmv2] [T] [thread 128368] [43.0] [cxt 0] Skipping checksum 'cksum' update because condition not met
[21:43:53.154] [bmv2] [D] [thread 128368] [43.0] [cxt 0] Deparsing header 'ethernet'
[21:43:53.154] [bmv2] [D] [thread 128368] [43.0] [cxt 0] Deparser 'deparser': end
[21:43:53.154] [bmv2] [D] [thread 128372] [43.0] [cxt 0] Transmitting packet of size 196 out of port 0
[21:43:53.225] [bmv2] [D] [thread 128367] [44.0] [cxt 0] Processing packet received on port 3
[21:43:53.225] [bmv2] [D] [thread 128367] [44.0] [cxt 0] Parser 'parser': start
[21:43:53.225] [bmv2] [D] [thread 128367] [44.0] [cxt 0] Parser 'parser' entering state 'start'
[21:43:53.225] [bmv2] [D] [thread 128367] [44.0] [cxt 0] Extracting header 'ethernet'
[21:43:53.225] [bmv2] [D] [thread 128367] [44.0] [cxt 0] Parser state 'start': key is 86dd
[21:43:53.225] [bmv2] [T] [thread 128367] [44.0] [cxt 0] Bytes parsed: 14
[21:43:53.225] [bmv2] [D] [thread 128367] [44.0] [cxt 0] Parser 'parser': end
[21:43:53.225] [bmv2] [D] [thread 128367] [44.0] [cxt 0] Pipeline 'ingress': start
[21:43:53.225] [bmv2] [T] [thread 128367] [44.0] [cxt 0] basic_tunnel.p4(152) Condition "hdr.ipv4.isValid() && !hdr.myTunnel.isValid()" (node_2) is false
[21:43:53.225] [bmv2] [T] [thread 128367] [44.0] [cxt 0] basic_tunnel.p4(155) Condition "hdr.myTunnel.isValid()" (node_4) is false
[21:43:53.225] [bmv2] [D] [thread 128367] [44.0] [cxt 0] Pipeline 'ingress': end
[21:43:53.225] [bmv2] [D] [thread 128367] [44.0] [cxt 0] Egress port is 0
[21:43:53.226] [bmv2] [D] [thread 128368] [44.0] [cxt 0] Pipeline 'egress': start
[21:43:53.226] [bmv2] [D] [thread 128368] [44.0] [cxt 0] Pipeline 'egress': end
[21:43:53.226] [bmv2] [D] [thread 128368] [44.0] [cxt 0] Deparser 'deparser': start
[21:43:53.226] [bmv2] [T] [thread 128368] [44.0] [cxt 0] Skipping checksum 'cksum' update because condition not met
[21:43:53.226] [bmv2] [D] [thread 128368] [44.0] [cxt 0] Deparsing header 'ethernet'
[21:43:53.226] [bmv2] [D] [thread 128368] [44.0] [cxt 0] Deparser 'deparser': end
[21:43:53.226] [bmv2] [D] [thread 128372] [44.0] [cxt 0] Transmitting packet of size 196 out of port 0
[21:43:54.297] [bmv2] [D] [thread 128367] [45.0] [cxt 0] Processing packet received on port 2
[21:43:54.297] [bmv2] [D] [thread 128367] [45.0] [cxt 0] Parser 'parser': start
[21:43:54.297] [bmv2] [D] [thread 128367] [45.0] [cxt 0] Parser 'parser' entering state 'start'
[21:43:54.297] [bmv2] [D] [thread 128367] [45.0] [cxt 0] Extracting header 'ethernet'
[21:43:54.297] [bmv2] [D] [thread 128367] [45.0] [cxt 0] Parser state 'start': key is 86dd
[21:43:54.297] [bmv2] [T] [thread 128367] [45.0] [cxt 0] Bytes parsed: 14
[21:43:54.297] [bmv2] [D] [thread 128367] [45.0] [cxt 0] Parser 'parser': end
[21:43:54.297] [bmv2] [D] [thread 128367] [45.0] [cxt 0] Pipeline 'ingress': start
[21:43:54.297] [bmv2] [T] [thread 128367] [45.0] [cxt 0] basic_tunnel.p4(152) Condition "hdr.ipv4.isValid() && !hdr.myTunnel.isValid()" (node_2) is false
[21:43:54.297] [bmv2] [T] [thread 128367] [45.0] [cxt 0] basic_tunnel.p4(155) Condition "hdr.myTunnel.isValid()" (node_4) is false
[21:43:54.297] [bmv2] [D] [thread 128367] [45.0] [cxt 0] Pipeline 'ingress': end
[21:43:54.297] [bmv2] [D] [thread 128367] [45.0] [cxt 0] Egress port is 0
[21:43:54.297] [bmv2] [D] [thread 128368] [45.0] [cxt 0] Pipeline 'egress': start
[21:43:54.297] [bmv2] [D] [thread 128368] [45.0] [cxt 0] Pipeline 'egress': end
[21:43:54.297] [bmv2] [D] [thread 128368] [45.0] [cxt 0] Deparser 'deparser': start
[21:43:54.297] [bmv2] [T] [thread 128368] [45.0] [cxt 0] Skipping checksum 'cksum' update because condition not met
[21:43:54.297] [bmv2] [D] [thread 128368] [45.0] [cxt 0] Deparsing header 'ethernet'
[21:43:54.297] [bmv2] [D] [thread 128368] [45.0] [cxt 0] Deparser 'deparser': end
[21:43:54.297] [bmv2] [D] [thread 128372] [45.0] [cxt 0] Transmitting packet of size 70 out of port 0
[21:43:54.620] [bmv2] [D] [thread 128367] [46.0] [cxt 0] Processing packet received on port 2
[21:43:54.620] [bmv2] [D] [thread 128367] [46.0] [cxt 0] Parser 'parser': start
[21:43:54.620] [bmv2] [D] [thread 128367] [46.0] [cxt 0] Parser 'parser' entering state 'start'
[21:43:54.620] [bmv2] [D] [thread 128367] [46.0] [cxt 0] Extracting header 'ethernet'
[21:43:54.620] [bmv2] [D] [thread 128367] [46.0] [cxt 0] Parser state 'start': key is 86dd
[21:43:54.620] [bmv2] [T] [thread 128367] [46.0] [cxt 0] Bytes parsed: 14
[21:43:54.620] [bmv2] [D] [thread 128367] [46.0] [cxt 0] Parser 'parser': end
[21:43:54.620] [bmv2] [D] [thread 128367] [46.0] [cxt 0] Pipeline 'ingress': start
[21:43:54.620] [bmv2] [T] [thread 128367] [46.0] [cxt 0] basic_tunnel.p4(152) Condition "hdr.ipv4.isValid() && !hdr.myTunnel.isValid()" (node_2) is false
[21:43:54.620] [bmv2] [T] [thread 128367] [46.0] [cxt 0] basic_tunnel.p4(155) Condition "hdr.myTunnel.isValid()" (node_4) is false
[21:43:54.620] [bmv2] [D] [thread 128367] [46.0] [cxt 0] Pipeline 'ingress': end
[21:43:54.620] [bmv2] [D] [thread 128367] [46.0] [cxt 0] Egress port is 0
[21:43:54.620] [bmv2] [D] [thread 128368] [46.0] [cxt 0] Pipeline 'egress': start
[21:43:54.620] [bmv2] [D] [thread 128368] [46.0] [cxt 0] Pipeline 'egress': end
[21:43:54.620] [bmv2] [D] [thread 128368] [46.0] [cxt 0] Deparser 'deparser': start
[21:43:54.620] [bmv2] [T] [thread 128368] [46.0] [cxt 0] Skipping checksum 'cksum' update because condition not met
[21:43:54.620] [bmv2] [D] [thread 128368] [46.0] [cxt 0] Deparsing header 'ethernet'
[21:43:54.620] [bmv2] [D] [thread 128368] [46.0] [cxt 0] Deparser 'deparser': end
[21:43:54.620] [bmv2] [D] [thread 128372] [46.0] [cxt 0] Transmitting packet of size 196 out of port 0
[21:43:54.807] [bmv2] [D] [thread 128367] [47.0] [cxt 0] Processing packet received on port 1
[21:43:54.807] [bmv2] [D] [thread 128367] [47.0] [cxt 0] Parser 'parser': start
[21:43:54.807] [bmv2] [D] [thread 128367] [47.0] [cxt 0] Parser 'parser' entering state 'start'
[21:43:54.807] [bmv2] [D] [thread 128367] [47.0] [cxt 0] Extracting header 'ethernet'
[21:43:54.807] [bmv2] [D] [thread 128367] [47.0] [cxt 0] Parser state 'start': key is 86dd
[21:43:54.807] [bmv2] [T] [thread 128367] [47.0] [cxt 0] Bytes parsed: 14
[21:43:54.807] [bmv2] [D] [thread 128367] [47.0] [cxt 0] Parser 'parser': end
[21:43:54.807] [bmv2] [D] [thread 128367] [47.0] [cxt 0] Pipeline 'ingress': start
[21:43:54.807] [bmv2] [T] [thread 128367] [47.0] [cxt 0] basic_tunnel.p4(152) Condition "hdr.ipv4.isValid() && !hdr.myTunnel.isValid()" (node_2) is false
[21:43:54.807] [bmv2] [T] [thread 128367] [47.0] [cxt 0] basic_tunnel.p4(155) Condition "hdr.myTunnel.isValid()" (node_4) is false
[21:43:54.807] [bmv2] [D] [thread 128367] [47.0] [cxt 0] Pipeline 'ingress': end
[21:43:54.807] [bmv2] [D] [thread 128367] [47.0] [cxt 0] Egress port is 0
[21:43:54.807] [bmv2] [D] [thread 128367] [48.0] [cxt 0] Processing packet received on port 3
[21:43:54.807] [bmv2] [D] [thread 128367] [48.0] [cxt 0] Parser 'parser': start
[21:43:54.807] [bmv2] [D] [thread 128367] [48.0] [cxt 0] Parser 'parser' entering state 'start'
[21:43:54.807] [bmv2] [D] [thread 128367] [48.0] [cxt 0] Extracting header 'ethernet'
[21:43:54.807] [bmv2] [D] [thread 128367] [48.0] [cxt 0] Parser state 'start': key is 86dd
[21:43:54.807] [bmv2] [T] [thread 128367] [48.0] [cxt 0] Bytes parsed: 14
[21:43:54.807] [bmv2] [D] [thread 128367] [48.0] [cxt 0] Parser 'parser': end
[21:43:54.807] [bmv2] [D] [thread 128367] [48.0] [cxt 0] Pipeline 'ingress': start
[21:43:54.807] [bmv2] [T] [thread 128367] [48.0] [cxt 0] basic_tunnel.p4(152) Condition "hdr.ipv4.isValid() && !hdr.myTunnel.isValid()" (node_2) is false
[21:43:54.807] [bmv2] [T] [thread 128367] [48.0] [cxt 0] basic_tunnel.p4(155) Condition "hdr.myTunnel.isValid()" (node_4) is false
[21:43:54.807] [bmv2] [D] [thread 128367] [48.0] [cxt 0] Pipeline 'ingress': end
[21:43:54.807] [bmv2] [D] [thread 128367] [48.0] [cxt 0] Egress port is 0
[21:43:54.808] [bmv2] [D] [thread 128368] [47.0] [cxt 0] Pipeline 'egress': start
[21:43:54.808] [bmv2] [D] [thread 128368] [47.0] [cxt 0] Pipeline 'egress': end
[21:43:54.808] [bmv2] [D] [thread 128368] [47.0] [cxt 0] Deparser 'deparser': start
[21:43:54.808] [bmv2] [T] [thread 128368] [47.0] [cxt 0] Skipping checksum 'cksum' update because condition not met
[21:43:54.808] [bmv2] [D] [thread 128368] [47.0] [cxt 0] Deparsing header 'ethernet'
[21:43:54.808] [bmv2] [D] [thread 128368] [47.0] [cxt 0] Deparser 'deparser': end
[21:43:54.808] [bmv2] [D] [thread 128368] [48.0] [cxt 0] Pipeline 'egress': start
[21:43:54.808] [bmv2] [D] [thread 128368] [48.0] [cxt 0] Pipeline 'egress': end
[21:43:54.808] [bmv2] [D] [thread 128368] [48.0] [cxt 0] Deparser 'deparser': start
[21:43:54.808] [bmv2] [T] [thread 128368] [48.0] [cxt 0] Skipping checksum 'cksum' update because condition not met
[21:43:54.808] [bmv2] [D] [thread 128368] [48.0] [cxt 0] Deparsing header 'ethernet'
[21:43:54.808] [bmv2] [D] [thread 128368] [48.0] [cxt 0] Deparser 'deparser': end
[21:43:54.808] [bmv2] [D] [thread 128372] [47.0] [cxt 0] Transmitting packet of size 70 out of port 0
[21:43:54.808] [bmv2] [D] [thread 128372] [48.0] [cxt 0] Transmitting packet of size 70 out of port 0
[21:43:54.903] [bmv2] [D] [thread 128367] [49.0] [cxt 0] Processing packet received on port 1
[21:43:54.903] [bmv2] [D] [thread 128367] [49.0] [cxt 0] Parser 'parser': start
[21:43:54.903] [bmv2] [D] [thread 128367] [49.0] [cxt 0] Parser 'parser' entering state 'start'
[21:43:54.903] [bmv2] [D] [thread 128367] [49.0] [cxt 0] Extracting header 'ethernet'
[21:43:54.903] [bmv2] [D] [thread 128367] [49.0] [cxt 0] Parser state 'start': key is 86dd
[21:43:54.903] [bmv2] [T] [thread 128367] [49.0] [cxt 0] Bytes parsed: 14
[21:43:54.903] [bmv2] [D] [thread 128367] [49.0] [cxt 0] Parser 'parser': end
[21:43:54.903] [bmv2] [D] [thread 128367] [49.0] [cxt 0] Pipeline 'ingress': start
[21:43:54.903] [bmv2] [T] [thread 128367] [49.0] [cxt 0] basic_tunnel.p4(152) Condition "hdr.ipv4.isValid() && !hdr.myTunnel.isValid()" (node_2) is false
[21:43:54.903] [bmv2] [T] [thread 128367] [49.0] [cxt 0] basic_tunnel.p4(155) Condition "hdr.myTunnel.isValid()" (node_4) is false
[21:43:54.903] [bmv2] [D] [thread 128367] [49.0] [cxt 0] Pipeline 'ingress': end
[21:43:54.903] [bmv2] [D] [thread 128367] [49.0] [cxt 0] Egress port is 0
[21:43:54.903] [bmv2] [D] [thread 128368] [49.0] [cxt 0] Pipeline 'egress': start
[21:43:54.903] [bmv2] [D] [thread 128368] [49.0] [cxt 0] Pipeline 'egress': end
[21:43:54.903] [bmv2] [D] [thread 128368] [49.0] [cxt 0] Deparser 'deparser': start
[21:43:54.903] [bmv2] [T] [thread 128368] [49.0] [cxt 0] Skipping checksum 'cksum' update because condition not met
[21:43:54.903] [bmv2] [D] [thread 128368] [49.0] [cxt 0] Deparsing header 'ethernet'
[21:43:54.903] [bmv2] [D] [thread 128368] [49.0] [cxt 0] Deparser 'deparser': end
[21:43:54.904] [bmv2] [D] [thread 128372] [49.0] [cxt 0] Transmitting packet of size 196 out of port 0
[21:43:55.129] [bmv2] [D] [thread 128367] [50.0] [cxt 0] Processing packet received on port 3
[21:43:55.129] [bmv2] [D] [thread 128367] [50.0] [cxt 0] Parser 'parser': start
[21:43:55.129] [bmv2] [D] [thread 128367] [50.0] [cxt 0] Parser 'parser' entering state 'start'
[21:43:55.129] [bmv2] [D] [thread 128367] [50.0] [cxt 0] Extracting header 'ethernet'
[21:43:55.129] [bmv2] [D] [thread 128367] [50.0] [cxt 0] Parser state 'start': key is 86dd
[21:43:55.129] [bmv2] [T] [thread 128367] [50.0] [cxt 0] Bytes parsed: 14
[21:43:55.129] [bmv2] [D] [thread 128367] [50.0] [cxt 0] Parser 'parser': end
[21:43:55.129] [bmv2] [D] [thread 128367] [50.0] [cxt 0] Pipeline 'ingress': start
[21:43:55.129] [bmv2] [T] [thread 128367] [50.0] [cxt 0] basic_tunnel.p4(152) Condition "hdr.ipv4.isValid() && !hdr.myTunnel.isValid()" (node_2) is false
[21:43:55.129] [bmv2] [T] [thread 128367] [50.0] [cxt 0] basic_tunnel.p4(155) Condition "hdr.myTunnel.isValid()" (node_4) is false
[21:43:55.129] [bmv2] [D] [thread 128367] [50.0] [cxt 0] Pipeline 'ingress': end
[21:43:55.129] [bmv2] [D] [thread 128367] [50.0] [cxt 0] Egress port is 0
[21:43:55.129] [bmv2] [D] [thread 128368] [50.0] [cxt 0] Pipeline 'egress': start
[21:43:55.129] [bmv2] [D] [thread 128368] [50.0] [cxt 0] Pipeline 'egress': end
[21:43:55.129] [bmv2] [D] [thread 128368] [50.0] [cxt 0] Deparser 'deparser': start
[21:43:55.129] [bmv2] [T] [thread 128368] [50.0] [cxt 0] Skipping checksum 'cksum' update because condition not met
[21:43:55.129] [bmv2] [D] [thread 128368] [50.0] [cxt 0] Deparsing header 'ethernet'
[21:43:55.129] [bmv2] [D] [thread 128368] [50.0] [cxt 0] Deparser 'deparser': end
[21:43:55.129] [bmv2] [D] [thread 128372] [50.0] [cxt 0] Transmitting packet of size 196 out of port 0
[21:43:55.256] [bmv2] [D] [thread 128367] [51.0] [cxt 0] Processing packet received on port 2
[21:43:55.256] [bmv2] [D] [thread 128367] [51.0] [cxt 0] Parser 'parser': start
[21:43:55.256] [bmv2] [D] [thread 128367] [51.0] [cxt 0] Parser 'parser' entering state 'start'
[21:43:55.256] [bmv2] [D] [thread 128367] [51.0] [cxt 0] Extracting header 'ethernet'
[21:43:55.256] [bmv2] [D] [thread 128367] [51.0] [cxt 0] Parser state 'start': key is 86dd
[21:43:55.256] [bmv2] [T] [thread 128367] [51.0] [cxt 0] Bytes parsed: 14
[21:43:55.256] [bmv2] [D] [thread 128367] [51.0] [cxt 0] Parser 'parser': end
[21:43:55.256] [bmv2] [D] [thread 128367] [51.0] [cxt 0] Pipeline 'ingress': start
[21:43:55.256] [bmv2] [T] [thread 128367] [51.0] [cxt 0] basic_tunnel.p4(152) Condition "hdr.ipv4.isValid() && !hdr.myTunnel.isValid()" (node_2) is false
[21:43:55.256] [bmv2] [T] [thread 128367] [51.0] [cxt 0] basic_tunnel.p4(155) Condition "hdr.myTunnel.isValid()" (node_4) is false
[21:43:55.256] [bmv2] [D] [thread 128367] [51.0] [cxt 0] Pipeline 'ingress': end
[21:43:55.256] [bmv2] [D] [thread 128367] [51.0] [cxt 0] Egress port is 0
[21:43:55.256] [bmv2] [D] [thread 128368] [51.0] [cxt 0] Pipeline 'egress': start
[21:43:55.256] [bmv2] [D] [thread 128368] [51.0] [cxt 0] Pipeline 'egress': end
[21:43:55.256] [bmv2] [D] [thread 128368] [51.0] [cxt 0] Deparser 'deparser': start
[21:43:55.256] [bmv2] [T] [thread 128368] [51.0] [cxt 0] Skipping checksum 'cksum' update because condition not met
[21:43:55.256] [bmv2] [D] [thread 128368] [51.0] [cxt 0] Deparsing header 'ethernet'
[21:43:55.256] [bmv2] [D] [thread 128368] [51.0] [cxt 0] Deparser 'deparser': end
[21:43:55.256] [bmv2] [D] [thread 128372] [51.0] [cxt 0] Transmitting packet of size 196 out of port 0
[21:43:55.328] [bmv2] [D] [thread 128367] [52.0] [cxt 0] Processing packet received on port 3
[21:43:55.328] [bmv2] [D] [thread 128367] [52.0] [cxt 0] Parser 'parser': start
[21:43:55.328] [bmv2] [D] [thread 128367] [52.0] [cxt 0] Parser 'parser' entering state 'start'
[21:43:55.328] [bmv2] [D] [thread 128367] [52.0] [cxt 0] Extracting header 'ethernet'
[21:43:55.328] [bmv2] [D] [thread 128367] [52.0] [cxt 0] Parser state 'start': key is 86dd
[21:43:55.328] [bmv2] [T] [thread 128367] [52.0] [cxt 0] Bytes parsed: 14
[21:43:55.328] [bmv2] [D] [thread 128367] [52.0] [cxt 0] Parser 'parser': end
[21:43:55.328] [bmv2] [D] [thread 128367] [52.0] [cxt 0] Pipeline 'ingress': start
[21:43:55.328] [bmv2] [T] [thread 128367] [52.0] [cxt 0] basic_tunnel.p4(152) Condition "hdr.ipv4.isValid() && !hdr.myTunnel.isValid()" (node_2) is false
[21:43:55.328] [bmv2] [T] [thread 128367] [52.0] [cxt 0] basic_tunnel.p4(155) Condition "hdr.myTunnel.isValid()" (node_4) is false
[21:43:55.328] [bmv2] [D] [thread 128367] [52.0] [cxt 0] Pipeline 'ingress': end
[21:43:55.328] [bmv2] [D] [thread 128367] [52.0] [cxt 0] Egress port is 0
[21:43:55.328] [bmv2] [D] [thread 128368] [52.0] [cxt 0] Pipeline 'egress': start
[21:43:55.328] [bmv2] [D] [thread 128368] [52.0] [cxt 0] Pipeline 'egress': end
[21:43:55.328] [bmv2] [D] [thread 128368] [52.0] [cxt 0] Deparser 'deparser': start
[21:43:55.328] [bmv2] [T] [thread 128368] [52.0] [cxt 0] Skipping checksum 'cksum' update because condition not met
[21:43:55.328] [bmv2] [D] [thread 128368] [52.0] [cxt 0] Deparsing header 'ethernet'
[21:43:55.328] [bmv2] [D] [thread 128368] [52.0] [cxt 0] Deparser 'deparser': end
[21:43:55.328] [bmv2] [D] [thread 128372] [52.0] [cxt 0] Transmitting packet of size 196 out of port 0
[21:43:55.577] [bmv2] [D] [thread 128367] [53.0] [cxt 0] Processing packet received on port 2
[21:43:55.577] [bmv2] [D] [thread 128367] [53.0] [cxt 0] Parser 'parser': start
[21:43:55.577] [bmv2] [D] [thread 128367] [53.0] [cxt 0] Parser 'parser' entering state 'start'
[21:43:55.577] [bmv2] [D] [thread 128367] [53.0] [cxt 0] Extracting header 'ethernet'
[21:43:55.577] [bmv2] [D] [thread 128367] [53.0] [cxt 0] Parser state 'start': key is 86dd
[21:43:55.577] [bmv2] [T] [thread 128367] [53.0] [cxt 0] Bytes parsed: 14
[21:43:55.578] [bmv2] [D] [thread 128367] [53.0] [cxt 0] Parser 'parser': end
[21:43:55.578] [bmv2] [D] [thread 128367] [53.0] [cxt 0] Pipeline 'ingress': start
[21:43:55.578] [bmv2] [T] [thread 128367] [53.0] [cxt 0] basic_tunnel.p4(152) Condition "hdr.ipv4.isValid() && !hdr.myTunnel.isValid()" (node_2) is false
[21:43:55.578] [bmv2] [T] [thread 128367] [53.0] [cxt 0] basic_tunnel.p4(155) Condition "hdr.myTunnel.isValid()" (node_4) is false
[21:43:55.578] [bmv2] [D] [thread 128367] [53.0] [cxt 0] Pipeline 'ingress': end
[21:43:55.578] [bmv2] [D] [thread 128367] [53.0] [cxt 0] Egress port is 0
[21:43:55.578] [bmv2] [D] [thread 128367] [54.0] [cxt 0] Processing packet received on port 3
[21:43:55.578] [bmv2] [D] [thread 128367] [54.0] [cxt 0] Parser 'parser': start
[21:43:55.578] [bmv2] [D] [thread 128367] [54.0] [cxt 0] Parser 'parser' entering state 'start'
[21:43:55.578] [bmv2] [D] [thread 128367] [54.0] [cxt 0] Extracting header 'ethernet'
[21:43:55.578] [bmv2] [D] [thread 128367] [54.0] [cxt 0] Parser state 'start': key is 86dd
[21:43:55.578] [bmv2] [T] [thread 128367] [54.0] [cxt 0] Bytes parsed: 14
[21:43:55.578] [bmv2] [D] [thread 128367] [54.0] [cxt 0] Parser 'parser': end
[21:43:55.578] [bmv2] [D] [thread 128367] [54.0] [cxt 0] Pipeline 'ingress': start
[21:43:55.578] [bmv2] [T] [thread 128367] [54.0] [cxt 0] basic_tunnel.p4(152) Condition "hdr.ipv4.isValid() && !hdr.myTunnel.isValid()" (node_2) is false
[21:43:55.578] [bmv2] [T] [thread 128367] [54.0] [cxt 0] basic_tunnel.p4(155) Condition "hdr.myTunnel.isValid()" (node_4) is false
[21:43:55.578] [bmv2] [D] [thread 128367] [54.0] [cxt 0] Pipeline 'ingress': end
[21:43:55.578] [bmv2] [D] [thread 128367] [54.0] [cxt 0] Egress port is 0
[21:43:55.578] [bmv2] [D] [thread 128368] [53.0] [cxt 0] Pipeline 'egress': start
[21:43:55.578] [bmv2] [D] [thread 128368] [53.0] [cxt 0] Pipeline 'egress': end
[21:43:55.578] [bmv2] [D] [thread 128368] [53.0] [cxt 0] Deparser 'deparser': start
[21:43:55.578] [bmv2] [T] [thread 128368] [53.0] [cxt 0] Skipping checksum 'cksum' update because condition not met
[21:43:55.578] [bmv2] [D] [thread 128368] [53.0] [cxt 0] Deparsing header 'ethernet'
[21:43:55.578] [bmv2] [D] [thread 128368] [53.0] [cxt 0] Deparser 'deparser': end
[21:43:55.578] [bmv2] [D] [thread 128368] [54.0] [cxt 0] Pipeline 'egress': start
[21:43:55.578] [bmv2] [D] [thread 128368] [54.0] [cxt 0] Pipeline 'egress': end
[21:43:55.578] [bmv2] [D] [thread 128368] [54.0] [cxt 0] Deparser 'deparser': start
[21:43:55.578] [bmv2] [T] [thread 128368] [54.0] [cxt 0] Skipping checksum 'cksum' update because condition not met
[21:43:55.578] [bmv2] [D] [thread 128368] [54.0] [cxt 0] Deparsing header 'ethernet'
[21:43:55.578] [bmv2] [D] [thread 128368] [54.0] [cxt 0] Deparser 'deparser': end
[21:43:55.578] [bmv2] [D] [thread 128372] [53.0] [cxt 0] Transmitting packet of size 70 out of port 0
[21:43:55.578] [bmv2] [D] [thread 128372] [54.0] [cxt 0] Transmitting packet of size 70 out of port 0
