Calling target program-options parser
[21:04:40.612] [bmv2] [D] [thread 127260] Set default default entry for table 'MyIngress.ipv4_lpm': MyIngress.drop - 
[21:04:40.612] [bmv2] [D] [thread 127260] Set default default entry for table 'MyIngress.myTunnel_exact': MyIngress.drop - 
Adding interface s3-eth1 as port 1
[21:04:40.612] [bmv2] [D] [thread 127260] Adding interface s3-eth1 as port 1
Adding interface s3-eth2 as port 2
[21:04:40.644] [bmv2] [D] [thread 127260] Adding interface s3-eth2 as port 2
Adding interface s3-eth3 as port 3
[21:04:40.672] [bmv2] [D] [thread 127260] Adding interface s3-eth3 as port 3
Server listening on 0.0.0.0:50053
[21:04:40.713] [bmv2] [I] [thread 127260] Starting Thrift server on port 9092
[21:04:40.713] [bmv2] [I] [thread 127260] Thrift server was started
[21:04:40.714] [bmv2] [D] [thread 127270] [0.0] [cxt 0] Processing packet received on port 1
[21:04:40.714] [bmv2] [D] [thread 127270] [0.0] [cxt 0] Parser 'parser': start
[21:04:40.714] [bmv2] [D] [thread 127270] [0.0] [cxt 0] Parser 'parser' entering state 'start'
[21:04:40.714] [bmv2] [D] [thread 127270] [0.0] [cxt 0] Extracting header 'ethernet'
[21:04:40.714] [bmv2] [D] [thread 127270] [0.0] [cxt 0] Parser state 'start': key is 86dd
[21:04:40.714] [bmv2] [T] [thread 127270] [0.0] [cxt 0] Bytes parsed: 14
[21:04:40.714] [bmv2] [D] [thread 127270] [0.0] [cxt 0] Parser 'parser': end
[21:04:40.714] [bmv2] [D] [thread 127270] [0.0] [cxt 0] Pipeline 'ingress': start
[21:04:40.714] [bmv2] [T] [thread 127270] [0.0] [cxt 0] basic_tunnel.p4(152) Condition "hdr.ipv4.isValid() && !hdr.myTunnel.isValid()" (node_2) is false
[21:04:40.714] [bmv2] [T] [thread 127270] [0.0] [cxt 0] basic_tunnel.p4(155) Condition "hdr.myTunnel.isValid()" (node_4) is false
[21:04:40.714] [bmv2] [D] [thread 127270] [0.0] [cxt 0] Pipeline 'ingress': end
[21:04:40.715] [bmv2] [D] [thread 127270] [0.0] [cxt 0] Egress port is 0
[21:04:40.715] [bmv2] [D] [thread 127270] [1.0] [cxt 0] Processing packet received on port 1
[21:04:40.715] [bmv2] [D] [thread 127270] [1.0] [cxt 0] Parser 'parser': start
[21:04:40.715] [bmv2] [D] [thread 127270] [1.0] [cxt 0] Parser 'parser' entering state 'start'
[21:04:40.715] [bmv2] [D] [thread 127270] [1.0] [cxt 0] Extracting header 'ethernet'
[21:04:40.715] [bmv2] [D] [thread 127270] [1.0] [cxt 0] Parser state 'start': key is 86dd
[21:04:40.715] [bmv2] [T] [thread 127270] [1.0] [cxt 0] Bytes parsed: 14
[21:04:40.715] [bmv2] [D] [thread 127270] [1.0] [cxt 0] Parser 'parser': end
[21:04:40.715] [bmv2] [D] [thread 127270] [1.0] [cxt 0] Pipeline 'ingress': start
[21:04:40.715] [bmv2] [T] [thread 127270] [1.0] [cxt 0] basic_tunnel.p4(152) Condition "hdr.ipv4.isValid() && !hdr.myTunnel.isValid()" (node_2) is false
[21:04:40.715] [bmv2] [T] [thread 127270] [1.0] [cxt 0] basic_tunnel.p4(155) Condition "hdr.myTunnel.isValid()" (node_4) is false
[21:04:40.715] [bmv2] [D] [thread 127270] [1.0] [cxt 0] Pipeline 'ingress': end
[21:04:40.715] [bmv2] [D] [thread 127270] [1.0] [cxt 0] Egress port is 0
[21:04:40.715] [bmv2] [D] [thread 127270] [2.0] [cxt 0] Processing packet received on port 1
[21:04:40.715] [bmv2] [D] [thread 127270] [2.0] [cxt 0] Parser 'parser': start
[21:04:40.715] [bmv2] [D] [thread 127270] [2.0] [cxt 0] Parser 'parser' entering state 'start'
[21:04:40.715] [bmv2] [D] [thread 127270] [2.0] [cxt 0] Extracting header 'ethernet'
[21:04:40.715] [bmv2] [D] [thread 127270] [2.0] [cxt 0] Parser state 'start': key is 86dd
[21:04:40.715] [bmv2] [T] [thread 127270] [2.0] [cxt 0] Bytes parsed: 14
[21:04:40.715] [bmv2] [D] [thread 127270] [2.0] [cxt 0] Parser 'parser': end
[21:04:40.715] [bmv2] [D] [thread 127270] [2.0] [cxt 0] Pipeline 'ingress': start
[21:04:40.715] [bmv2] [T] [thread 127270] [2.0] [cxt 0] basic_tunnel.p4(152) Condition "hdr.ipv4.isValid() && !hdr.myTunnel.isValid()" (node_2) is false
[21:04:40.715] [bmv2] [T] [thread 127270] [2.0] [cxt 0] basic_tunnel.p4(155) Condition "hdr.myTunnel.isValid()" (node_4) is false
[21:04:40.715] [bmv2] [D] [thread 127270] [2.0] [cxt 0] Pipeline 'ingress': end
[21:04:40.715] [bmv2] [D] [thread 127270] [2.0] [cxt 0] Egress port is 0
[21:04:40.715] [bmv2] [D] [thread 127271] [0.0] [cxt 0] Pipeline 'egress': start
[21:04:40.715] [bmv2] [D] [thread 127271] [0.0] [cxt 0] Pipeline 'egress': end
[21:04:40.715] [bmv2] [D] [thread 127271] [0.0] [cxt 0] Deparser 'deparser': start
[21:04:40.715] [bmv2] [T] [thread 127271] [0.0] [cxt 0] Skipping checksum 'cksum' update because condition not met
[21:04:40.715] [bmv2] [D] [thread 127271] [0.0] [cxt 0] Deparsing header 'ethernet'
[21:04:40.715] [bmv2] [D] [thread 127271] [0.0] [cxt 0] Deparser 'deparser': end
[21:04:40.715] [bmv2] [D] [thread 127271] [1.0] [cxt 0] Pipeline 'egress': start
[21:04:40.715] [bmv2] [D] [thread 127271] [1.0] [cxt 0] Pipeline 'egress': end
[21:04:40.715] [bmv2] [D] [thread 127271] [1.0] [cxt 0] Deparser 'deparser': start
[21:04:40.715] [bmv2] [T] [thread 127271] [1.0] [cxt 0] Skipping checksum 'cksum' update because condition not met
[21:04:40.715] [bmv2] [D] [thread 127271] [1.0] [cxt 0] Deparsing header 'ethernet'
[21:04:40.715] [bmv2] [D] [thread 127271] [1.0] [cxt 0] Deparser 'deparser': end
[21:04:40.715] [bmv2] [D] [thread 127271] [2.0] [cxt 0] Pipeline 'egress': start
[21:04:40.715] [bmv2] [D] [thread 127271] [2.0] [cxt 0] Pipeline 'egress': end
[21:04:40.715] [bmv2] [D] [thread 127271] [2.0] [cxt 0] Deparser 'deparser': start
[21:04:40.715] [bmv2] [T] [thread 127271] [2.0] [cxt 0] Skipping checksum 'cksum' update because condition not met
[21:04:40.715] [bmv2] [D] [thread 127271] [2.0] [cxt 0] Deparsing header 'ethernet'
[21:04:40.715] [bmv2] [D] [thread 127271] [2.0] [cxt 0] Deparser 'deparser': end
[21:04:40.715] [bmv2] [D] [thread 127275] [0.0] [cxt 0] Transmitting packet of size 90 out of port 0
[21:04:40.715] [bmv2] [D] [thread 127275] [1.0] [cxt 0] Transmitting packet of size 70 out of port 0
[21:04:40.715] [bmv2] [D] [thread 127275] [2.0] [cxt 0] Transmitting packet of size 90 out of port 0
[21:04:40.719] [bmv2] [D] [thread 127270] [3.0] [cxt 0] Processing packet received on port 2
[21:04:40.719] [bmv2] [D] [thread 127270] [3.0] [cxt 0] Parser 'parser': start
[21:04:40.719] [bmv2] [D] [thread 127270] [3.0] [cxt 0] Parser 'parser' entering state 'start'
[21:04:40.719] [bmv2] [D] [thread 127270] [3.0] [cxt 0] Extracting header 'ethernet'
[21:04:40.719] [bmv2] [D] [thread 127270] [3.0] [cxt 0] Parser state 'start': key is 86dd
[21:04:40.719] [bmv2] [T] [thread 127270] [3.0] [cxt 0] Bytes parsed: 14
[21:04:40.719] [bmv2] [D] [thread 127270] [3.0] [cxt 0] Parser 'parser': end
[21:04:40.719] [bmv2] [D] [thread 127270] [3.0] [cxt 0] Pipeline 'ingress': start
[21:04:40.719] [bmv2] [T] [thread 127270] [3.0] [cxt 0] basic_tunnel.p4(152) Condition "hdr.ipv4.isValid() && !hdr.myTunnel.isValid()" (node_2) is false
[21:04:40.719] [bmv2] [T] [thread 127270] [3.0] [cxt 0] basic_tunnel.p4(155) Condition "hdr.myTunnel.isValid()" (node_4) is false
[21:04:40.719] [bmv2] [D] [thread 127270] [3.0] [cxt 0] Pipeline 'ingress': end
[21:04:40.719] [bmv2] [D] [thread 127270] [3.0] [cxt 0] Egress port is 0
[21:04:40.720] [bmv2] [D] [thread 127271] [3.0] [cxt 0] Pipeline 'egress': start
[21:04:40.720] [bmv2] [D] [thread 127271] [3.0] [cxt 0] Pipeline 'egress': end
[21:04:40.720] [bmv2] [D] [thread 127271] [3.0] [cxt 0] Deparser 'deparser': start
[21:04:40.720] [bmv2] [T] [thread 127271] [3.0] [cxt 0] Skipping checksum 'cksum' update because condition not met
[21:04:40.720] [bmv2] [D] [thread 127271] [3.0] [cxt 0] Deparsing header 'ethernet'
[21:04:40.720] [bmv2] [D] [thread 127271] [3.0] [cxt 0] Deparser 'deparser': end
[21:04:40.720] [bmv2] [D] [thread 127275] [3.0] [cxt 0] Transmitting packet of size 208 out of port 0
[21:04:40.729] [bmv2] [D] [thread 127270] [4.0] [cxt 0] Processing packet received on port 2
[21:04:40.729] [bmv2] [D] [thread 127270] [4.0] [cxt 0] Parser 'parser': start
[21:04:40.729] [bmv2] [D] [thread 127270] [4.0] [cxt 0] Parser 'parser' entering state 'start'
[21:04:40.729] [bmv2] [D] [thread 127270] [4.0] [cxt 0] Extracting header 'ethernet'
[21:04:40.729] [bmv2] [D] [thread 127270] [4.0] [cxt 0] Parser state 'start': key is 86dd
[21:04:40.729] [bmv2] [T] [thread 127270] [4.0] [cxt 0] Bytes parsed: 14
[21:04:40.729] [bmv2] [D] [thread 127270] [4.0] [cxt 0] Parser 'parser': end
[21:04:40.729] [bmv2] [D] [thread 127270] [4.0] [cxt 0] Pipeline 'ingress': start
[21:04:40.729] [bmv2] [T] [thread 127270] [4.0] [cxt 0] basic_tunnel.p4(152) Condition "hdr.ipv4.isValid() && !hdr.myTunnel.isValid()" (node_2) is false
[21:04:40.729] [bmv2] [T] [thread 127270] [4.0] [cxt 0] basic_tunnel.p4(155) Condition "hdr.myTunnel.isValid()" (node_4) is false
[21:04:40.729] [bmv2] [D] [thread 127270] [4.0] [cxt 0] Pipeline 'ingress': end
[21:04:40.729] [bmv2] [D] [thread 127270] [4.0] [cxt 0] Egress port is 0
[21:04:40.729] [bmv2] [D] [thread 127270] [5.0] [cxt 0] Processing packet received on port 2
[21:04:40.729] [bmv2] [D] [thread 127270] [5.0] [cxt 0] Parser 'parser': start
[21:04:40.729] [bmv2] [D] [thread 127270] [5.0] [cxt 0] Parser 'parser' entering state 'start'
[21:04:40.729] [bmv2] [D] [thread 127270] [5.0] [cxt 0] Extracting header 'ethernet'
[21:04:40.729] [bmv2] [D] [thread 127270] [5.0] [cxt 0] Parser state 'start': key is 86dd
[21:04:40.729] [bmv2] [T] [thread 127270] [5.0] [cxt 0] Bytes parsed: 14
[21:04:40.729] [bmv2] [D] [thread 127270] [5.0] [cxt 0] Parser 'parser': end
[21:04:40.729] [bmv2] [D] [thread 127270] [5.0] [cxt 0] Pipeline 'ingress': start
[21:04:40.729] [bmv2] [T] [thread 127270] [5.0] [cxt 0] basic_tunnel.p4(152) Condition "hdr.ipv4.isValid() && !hdr.myTunnel.isValid()" (node_2) is false
[21:04:40.729] [bmv2] [T] [thread 127270] [5.0] [cxt 0] basic_tunnel.p4(155) Condition "hdr.myTunnel.isValid()" (node_4) is false
[21:04:40.729] [bmv2] [D] [thread 127270] [5.0] [cxt 0] Pipeline 'ingress': end
[21:04:40.729] [bmv2] [D] [thread 127270] [5.0] [cxt 0] Egress port is 0
[21:04:40.729] [bmv2] [D] [thread 127271] [4.0] [cxt 0] Pipeline 'egress': start
[21:04:40.729] [bmv2] [D] [thread 127271] [4.0] [cxt 0] Pipeline 'egress': end
[21:04:40.729] [bmv2] [D] [thread 127271] [4.0] [cxt 0] Deparser 'deparser': start
[21:04:40.729] [bmv2] [T] [thread 127271] [4.0] [cxt 0] Skipping checksum 'cksum' update because condition not met
[21:04:40.729] [bmv2] [D] [thread 127271] [4.0] [cxt 0] Deparsing header 'ethernet'
[21:04:40.729] [bmv2] [D] [thread 127271] [4.0] [cxt 0] Deparser 'deparser': end
[21:04:40.729] [bmv2] [D] [thread 127271] [5.0] [cxt 0] Pipeline 'egress': start
[21:04:40.729] [bmv2] [D] [thread 127271] [5.0] [cxt 0] Pipeline 'egress': end
[21:04:40.729] [bmv2] [D] [thread 127271] [5.0] [cxt 0] Deparser 'deparser': start
[21:04:40.729] [bmv2] [T] [thread 127271] [5.0] [cxt 0] Skipping checksum 'cksum' update because condition not met
[21:04:40.729] [bmv2] [D] [thread 127271] [5.0] [cxt 0] Deparsing header 'ethernet'
[21:04:40.729] [bmv2] [D] [thread 127271] [5.0] [cxt 0] Deparser 'deparser': end
[21:04:40.729] [bmv2] [D] [thread 127275] [4.0] [cxt 0] Transmitting packet of size 90 out of port 0
[21:04:40.729] [bmv2] [D] [thread 127275] [5.0] [cxt 0] Transmitting packet of size 70 out of port 0
[21:04:40.740] [bmv2] [D] [thread 127270] [6.0] [cxt 0] Processing packet received on port 2
[21:04:40.740] [bmv2] [D] [thread 127270] [6.0] [cxt 0] Parser 'parser': start
[21:04:40.740] [bmv2] [D] [thread 127270] [6.0] [cxt 0] Parser 'parser' entering state 'start'
[21:04:40.740] [bmv2] [D] [thread 127270] [6.0] [cxt 0] Extracting header 'ethernet'
[21:04:40.740] [bmv2] [D] [thread 127270] [6.0] [cxt 0] Parser state 'start': key is 86dd
[21:04:40.741] [bmv2] [T] [thread 127270] [6.0] [cxt 0] Bytes parsed: 14
[21:04:40.741] [bmv2] [D] [thread 127270] [6.0] [cxt 0] Parser 'parser': end
[21:04:40.741] [bmv2] [D] [thread 127270] [6.0] [cxt 0] Pipeline 'ingress': start
[21:04:40.741] [bmv2] [T] [thread 127270] [6.0] [cxt 0] basic_tunnel.p4(152) Condition "hdr.ipv4.isValid() && !hdr.myTunnel.isValid()" (node_2) is false
[21:04:40.741] [bmv2] [T] [thread 127270] [6.0] [cxt 0] basic_tunnel.p4(155) Condition "hdr.myTunnel.isValid()" (node_4) is false
[21:04:40.741] [bmv2] [D] [thread 127270] [6.0] [cxt 0] Pipeline 'ingress': end
[21:04:40.741] [bmv2] [D] [thread 127270] [6.0] [cxt 0] Egress port is 0
[21:04:40.741] [bmv2] [D] [thread 127271] [6.0] [cxt 0] Pipeline 'egress': start
[21:04:40.741] [bmv2] [D] [thread 127271] [6.0] [cxt 0] Pipeline 'egress': end
[21:04:40.741] [bmv2] [D] [thread 127271] [6.0] [cxt 0] Deparser 'deparser': start
[21:04:40.741] [bmv2] [T] [thread 127271] [6.0] [cxt 0] Skipping checksum 'cksum' update because condition not met
[21:04:40.741] [bmv2] [D] [thread 127271] [6.0] [cxt 0] Deparsing header 'ethernet'
[21:04:40.741] [bmv2] [D] [thread 127271] [6.0] [cxt 0] Deparser 'deparser': end
[21:04:40.741] [bmv2] [D] [thread 127275] [6.0] [cxt 0] Transmitting packet of size 90 out of port 0
[21:04:40.749] [bmv2] [D] [thread 127270] [7.0] [cxt 0] Processing packet received on port 3
[21:04:40.749] [bmv2] [D] [thread 127270] [7.0] [cxt 0] Parser 'parser': start
[21:04:40.749] [bmv2] [D] [thread 127270] [7.0] [cxt 0] Parser 'parser' entering state 'start'
[21:04:40.749] [bmv2] [D] [thread 127270] [7.0] [cxt 0] Extracting header 'ethernet'
[21:04:40.749] [bmv2] [D] [thread 127270] [7.0] [cxt 0] Parser state 'start': key is 86dd
[21:04:40.749] [bmv2] [T] [thread 127270] [7.0] [cxt 0] Bytes parsed: 14
[21:04:40.749] [bmv2] [D] [thread 127270] [7.0] [cxt 0] Parser 'parser': end
[21:04:40.749] [bmv2] [D] [thread 127270] [7.0] [cxt 0] Pipeline 'ingress': start
[21:04:40.749] [bmv2] [T] [thread 127270] [7.0] [cxt 0] basic_tunnel.p4(152) Condition "hdr.ipv4.isValid() && !hdr.myTunnel.isValid()" (node_2) is false
[21:04:40.749] [bmv2] [T] [thread 127270] [7.0] [cxt 0] basic_tunnel.p4(155) Condition "hdr.myTunnel.isValid()" (node_4) is false
[21:04:40.749] [bmv2] [D] [thread 127270] [7.0] [cxt 0] Pipeline 'ingress': end
[21:04:40.749] [bmv2] [D] [thread 127270] [7.0] [cxt 0] Egress port is 0
[21:04:40.749] [bmv2] [D] [thread 127271] [7.0] [cxt 0] Pipeline 'egress': start
[21:04:40.749] [bmv2] [D] [thread 127271] [7.0] [cxt 0] Pipeline 'egress': end
[21:04:40.749] [bmv2] [D] [thread 127271] [7.0] [cxt 0] Deparser 'deparser': start
[21:04:40.749] [bmv2] [T] [thread 127271] [7.0] [cxt 0] Skipping checksum 'cksum' update because condition not met
[21:04:40.749] [bmv2] [D] [thread 127271] [7.0] [cxt 0] Deparsing header 'ethernet'
[21:04:40.749] [bmv2] [D] [thread 127271] [7.0] [cxt 0] Deparser 'deparser': end
[21:04:40.749] [bmv2] [D] [thread 127275] [7.0] [cxt 0] Transmitting packet of size 208 out of port 0
[21:04:40.788] [bmv2] [D] [thread 127270] [8.0] [cxt 0] Processing packet received on port 2
[21:04:40.788] [bmv2] [D] [thread 127270] [8.0] [cxt 0] Parser 'parser': start
[21:04:40.788] [bmv2] [D] [thread 127270] [8.0] [cxt 0] Parser 'parser' entering state 'start'
[21:04:40.788] [bmv2] [D] [thread 127270] [8.0] [cxt 0] Extracting header 'ethernet'
[21:04:40.788] [bmv2] [D] [thread 127270] [8.0] [cxt 0] Parser state 'start': key is 86dd
[21:04:40.788] [bmv2] [T] [thread 127270] [8.0] [cxt 0] Bytes parsed: 14
[21:04:40.788] [bmv2] [D] [thread 127270] [8.0] [cxt 0] Parser 'parser': end
[21:04:40.788] [bmv2] [D] [thread 127270] [8.0] [cxt 0] Pipeline 'ingress': start
[21:04:40.788] [bmv2] [T] [thread 127270] [8.0] [cxt 0] basic_tunnel.p4(152) Condition "hdr.ipv4.isValid() && !hdr.myTunnel.isValid()" (node_2) is false
[21:04:40.788] [bmv2] [T] [thread 127270] [8.0] [cxt 0] basic_tunnel.p4(155) Condition "hdr.myTunnel.isValid()" (node_4) is false
[21:04:40.788] [bmv2] [D] [thread 127270] [8.0] [cxt 0] Pipeline 'ingress': end
[21:04:40.788] [bmv2] [D] [thread 127270] [8.0] [cxt 0] Egress port is 0
[21:04:40.788] [bmv2] [D] [thread 127271] [8.0] [cxt 0] Pipeline 'egress': start
[21:04:40.788] [bmv2] [D] [thread 127271] [8.0] [cxt 0] Pipeline 'egress': end
[21:04:40.788] [bmv2] [D] [thread 127271] [8.0] [cxt 0] Deparser 'deparser': start
[21:04:40.788] [bmv2] [T] [thread 127271] [8.0] [cxt 0] Skipping checksum 'cksum' update because condition not met
[21:04:40.788] [bmv2] [D] [thread 127271] [8.0] [cxt 0] Deparsing header 'ethernet'
[21:04:40.789] [bmv2] [D] [thread 127271] [8.0] [cxt 0] Deparser 'deparser': end
[21:04:40.789] [bmv2] [D] [thread 127275] [8.0] [cxt 0] Transmitting packet of size 110 out of port 0
[21:04:40.913] [bmv2] [D] [thread 127270] [9.0] [cxt 0] Processing packet received on port 2
[21:04:40.913] [bmv2] [D] [thread 127270] [9.0] [cxt 0] Parser 'parser': start
[21:04:40.913] [bmv2] [D] [thread 127270] [9.0] [cxt 0] Parser 'parser' entering state 'start'
[21:04:40.913] [bmv2] [D] [thread 127270] [9.0] [cxt 0] Extracting header 'ethernet'
[21:04:40.913] [bmv2] [D] [thread 127270] [9.0] [cxt 0] Parser state 'start': key is 86dd
[21:04:40.913] [bmv2] [T] [thread 127270] [9.0] [cxt 0] Bytes parsed: 14
[21:04:40.913] [bmv2] [D] [thread 127270] [9.0] [cxt 0] Parser 'parser': end
[21:04:40.913] [bmv2] [D] [thread 127270] [9.0] [cxt 0] Pipeline 'ingress': start
[21:04:40.913] [bmv2] [T] [thread 127270] [9.0] [cxt 0] basic_tunnel.p4(152) Condition "hdr.ipv4.isValid() && !hdr.myTunnel.isValid()" (node_2) is false
[21:04:40.913] [bmv2] [T] [thread 127270] [9.0] [cxt 0] basic_tunnel.p4(155) Condition "hdr.myTunnel.isValid()" (node_4) is false
[21:04:40.913] [bmv2] [D] [thread 127270] [9.0] [cxt 0] Pipeline 'ingress': end
[21:04:40.913] [bmv2] [D] [thread 127270] [9.0] [cxt 0] Egress port is 0
[21:04:40.913] [bmv2] [D] [thread 127271] [9.0] [cxt 0] Pipeline 'egress': start
[21:04:40.913] [bmv2] [D] [thread 127271] [9.0] [cxt 0] Pipeline 'egress': end
[21:04:40.913] [bmv2] [D] [thread 127271] [9.0] [cxt 0] Deparser 'deparser': start
[21:04:40.913] [bmv2] [T] [thread 127271] [9.0] [cxt 0] Skipping checksum 'cksum' update because condition not met
[21:04:40.915] [bmv2] [D] [thread 127271] [9.0] [cxt 0] Deparsing header 'ethernet'
[21:04:40.916] [bmv2] [D] [thread 127271] [9.0] [cxt 0] Deparser 'deparser': end
[21:04:40.916] [bmv2] [D] [thread 127275] [9.0] [cxt 0] Transmitting packet of size 90 out of port 0
[21:04:40.958] [bmv2] [D] [thread 127270] [10.0] [cxt 0] Processing packet received on port 3
[21:04:40.958] [bmv2] [D] [thread 127270] [10.0] [cxt 0] Parser 'parser': start
[21:04:40.958] [bmv2] [D] [thread 127270] [10.0] [cxt 0] Parser 'parser' entering state 'start'
[21:04:40.958] [bmv2] [D] [thread 127270] [10.0] [cxt 0] Extracting header 'ethernet'
[21:04:40.958] [bmv2] [D] [thread 127270] [10.0] [cxt 0] Parser state 'start': key is 86dd
[21:04:40.958] [bmv2] [T] [thread 127270] [10.0] [cxt 0] Bytes parsed: 14
[21:04:40.958] [bmv2] [D] [thread 127270] [10.0] [cxt 0] Parser 'parser': end
[21:04:40.958] [bmv2] [D] [thread 127270] [10.0] [cxt 0] Pipeline 'ingress': start
[21:04:40.958] [bmv2] [T] [thread 127270] [10.0] [cxt 0] basic_tunnel.p4(152) Condition "hdr.ipv4.isValid() && !hdr.myTunnel.isValid()" (node_2) is false
[21:04:40.958] [bmv2] [T] [thread 127270] [10.0] [cxt 0] basic_tunnel.p4(155) Condition "hdr.myTunnel.isValid()" (node_4) is false
[21:04:40.958] [bmv2] [D] [thread 127270] [10.0] [cxt 0] Pipeline 'ingress': end
[21:04:40.958] [bmv2] [D] [thread 127270] [10.0] [cxt 0] Egress port is 0
[21:04:40.958] [bmv2] [D] [thread 127270] [11.0] [cxt 0] Processing packet received on port 3
[21:04:40.958] [bmv2] [D] [thread 127270] [11.0] [cxt 0] Parser 'parser': start
[21:04:40.958] [bmv2] [D] [thread 127270] [11.0] [cxt 0] Parser 'parser' entering state 'start'
[21:04:40.958] [bmv2] [D] [thread 127270] [11.0] [cxt 0] Extracting header 'ethernet'
[21:04:40.958] [bmv2] [D] [thread 127270] [11.0] [cxt 0] Parser state 'start': key is 86dd
[21:04:40.958] [bmv2] [T] [thread 127270] [11.0] [cxt 0] Bytes parsed: 14
[21:04:40.958] [bmv2] [D] [thread 127270] [11.0] [cxt 0] Parser 'parser': end
[21:04:40.958] [bmv2] [D] [thread 127270] [11.0] [cxt 0] Pipeline 'ingress': start
[21:04:40.958] [bmv2] [T] [thread 127270] [11.0] [cxt 0] basic_tunnel.p4(152) Condition "hdr.ipv4.isValid() && !hdr.myTunnel.isValid()" (node_2) is false
[21:04:40.958] [bmv2] [T] [thread 127270] [11.0] [cxt 0] basic_tunnel.p4(155) Condition "hdr.myTunnel.isValid()" (node_4) is false
[21:04:40.958] [bmv2] [D] [thread 127270] [11.0] [cxt 0] Pipeline 'ingress': end
[21:04:40.958] [bmv2] [D] [thread 127270] [11.0] [cxt 0] Egress port is 0
[21:04:40.958] [bmv2] [D] [thread 127270] [12.0] [cxt 0] Processing packet received on port 3
[21:04:40.958] [bmv2] [D] [thread 127270] [12.0] [cxt 0] Parser 'parser': start
[21:04:40.958] [bmv2] [D] [thread 127270] [12.0] [cxt 0] Parser 'parser' entering state 'start'
[21:04:40.958] [bmv2] [D] [thread 127270] [12.0] [cxt 0] Extracting header 'ethernet'
[21:04:40.958] [bmv2] [D] [thread 127270] [12.0] [cxt 0] Parser state 'start': key is 86dd
[21:04:40.958] [bmv2] [T] [thread 127270] [12.0] [cxt 0] Bytes parsed: 14
[21:04:40.958] [bmv2] [D] [thread 127270] [12.0] [cxt 0] Parser 'parser': end
[21:04:40.958] [bmv2] [D] [thread 127270] [12.0] [cxt 0] Pipeline 'ingress': start
[21:04:40.958] [bmv2] [T] [thread 127270] [12.0] [cxt 0] basic_tunnel.p4(152) Condition "hdr.ipv4.isValid() && !hdr.myTunnel.isValid()" (node_2) is false
[21:04:40.958] [bmv2] [T] [thread 127270] [12.0] [cxt 0] basic_tunnel.p4(155) Condition "hdr.myTunnel.isValid()" (node_4) is false
[21:04:40.958] [bmv2] [D] [thread 127270] [12.0] [cxt 0] Pipeline 'ingress': end
[21:04:40.958] [bmv2] [D] [thread 127270] [12.0] [cxt 0] Egress port is 0
[21:04:40.958] [bmv2] [D] [thread 127271] [10.0] [cxt 0] Pipeline 'egress': start
[21:04:40.958] [bmv2] [D] [thread 127271] [10.0] [cxt 0] Pipeline 'egress': end
[21:04:40.958] [bmv2] [D] [thread 127271] [10.0] [cxt 0] Deparser 'deparser': start
[21:04:40.958] [bmv2] [T] [thread 127271] [10.0] [cxt 0] Skipping checksum 'cksum' update because condition not met
[21:04:40.958] [bmv2] [D] [thread 127271] [10.0] [cxt 0] Deparsing header 'ethernet'
[21:04:40.958] [bmv2] [D] [thread 127271] [10.0] [cxt 0] Deparser 'deparser': end
[21:04:40.958] [bmv2] [D] [thread 127271] [11.0] [cxt 0] Pipeline 'egress': start
[21:04:40.958] [bmv2] [D] [thread 127271] [11.0] [cxt 0] Pipeline 'egress': end
[21:04:40.958] [bmv2] [D] [thread 127271] [11.0] [cxt 0] Deparser 'deparser': start
[21:04:40.958] [bmv2] [T] [thread 127271] [11.0] [cxt 0] Skipping checksum 'cksum' update because condition not met
[21:04:40.958] [bmv2] [D] [thread 127271] [11.0] [cxt 0] Deparsing header 'ethernet'
[21:04:40.958] [bmv2] [D] [thread 127271] [11.0] [cxt 0] Deparser 'deparser': end
[21:04:40.958] [bmv2] [D] [thread 127271] [12.0] [cxt 0] Pipeline 'egress': start
[21:04:40.958] [bmv2] [D] [thread 127271] [12.0] [cxt 0] Pipeline 'egress': end
[21:04:40.958] [bmv2] [D] [thread 127271] [12.0] [cxt 0] Deparser 'deparser': start
[21:04:40.958] [bmv2] [T] [thread 127271] [12.0] [cxt 0] Skipping checksum 'cksum' update because condition not met
[21:04:40.958] [bmv2] [D] [thread 127271] [12.0] [cxt 0] Deparsing header 'ethernet'
[21:04:40.958] [bmv2] [D] [thread 127271] [12.0] [cxt 0] Deparser 'deparser': end
[21:04:40.958] [bmv2] [D] [thread 127275] [10.0] [cxt 0] Transmitting packet of size 90 out of port 0
[21:04:40.958] [bmv2] [D] [thread 127275] [11.0] [cxt 0] Transmitting packet of size 90 out of port 0
[21:04:40.958] [bmv2] [D] [thread 127275] [12.0] [cxt 0] Transmitting packet of size 70 out of port 0
[21:04:40.963] [bmv2] [D] [thread 127270] [13.0] [cxt 0] Processing packet received on port 3
[21:04:40.963] [bmv2] [D] [thread 127270] [13.0] [cxt 0] Parser 'parser': start
[21:04:40.963] [bmv2] [D] [thread 127270] [13.0] [cxt 0] Parser 'parser' entering state 'start'
[21:04:40.963] [bmv2] [D] [thread 127270] [13.0] [cxt 0] Extracting header 'ethernet'
[21:04:40.963] [bmv2] [D] [thread 127270] [13.0] [cxt 0] Parser state 'start': key is 86dd
[21:04:40.963] [bmv2] [T] [thread 127270] [13.0] [cxt 0] Bytes parsed: 14
[21:04:40.963] [bmv2] [D] [thread 127270] [13.0] [cxt 0] Parser 'parser': end
[21:04:40.963] [bmv2] [D] [thread 127270] [13.0] [cxt 0] Pipeline 'ingress': start
[21:04:40.963] [bmv2] [T] [thread 127270] [13.0] [cxt 0] basic_tunnel.p4(152) Condition "hdr.ipv4.isValid() && !hdr.myTunnel.isValid()" (node_2) is false
[21:04:40.963] [bmv2] [T] [thread 127270] [13.0] [cxt 0] basic_tunnel.p4(155) Condition "hdr.myTunnel.isValid()" (node_4) is false
[21:04:40.963] [bmv2] [D] [thread 127270] [13.0] [cxt 0] Pipeline 'ingress': end
[21:04:40.963] [bmv2] [D] [thread 127270] [13.0] [cxt 0] Egress port is 0
[21:04:40.965] [bmv2] [D] [thread 127271] [13.0] [cxt 0] Pipeline 'egress': start
[21:04:40.965] [bmv2] [D] [thread 127271] [13.0] [cxt 0] Pipeline 'egress': end
[21:04:40.965] [bmv2] [D] [thread 127271] [13.0] [cxt 0] Deparser 'deparser': start
[21:04:40.965] [bmv2] [T] [thread 127271] [13.0] [cxt 0] Skipping checksum 'cksum' update because condition not met
[21:04:40.965] [bmv2] [D] [thread 127271] [13.0] [cxt 0] Deparsing header 'ethernet'
[21:04:40.965] [bmv2] [D] [thread 127271] [13.0] [cxt 0] Deparser 'deparser': end
[21:04:40.966] [bmv2] [D] [thread 127275] [13.0] [cxt 0] Transmitting packet of size 90 out of port 0
[21:04:40.972] [bmv2] [D] [thread 127270] [14.0] [cxt 0] Processing packet received on port 1
[21:04:40.972] [bmv2] [D] [thread 127270] [14.0] [cxt 0] Parser 'parser': start
[21:04:40.972] [bmv2] [D] [thread 127270] [14.0] [cxt 0] Parser 'parser' entering state 'start'
[21:04:40.972] [bmv2] [D] [thread 127270] [14.0] [cxt 0] Extracting header 'ethernet'
[21:04:40.972] [bmv2] [D] [thread 127270] [14.0] [cxt 0] Parser state 'start': key is 86dd
[21:04:40.972] [bmv2] [T] [thread 127270] [14.0] [cxt 0] Bytes parsed: 14
[21:04:40.972] [bmv2] [D] [thread 127270] [14.0] [cxt 0] Parser 'parser': end
[21:04:40.972] [bmv2] [D] [thread 127270] [14.0] [cxt 0] Pipeline 'ingress': start
[21:04:40.972] [bmv2] [T] [thread 127270] [14.0] [cxt 0] basic_tunnel.p4(152) Condition "hdr.ipv4.isValid() && !hdr.myTunnel.isValid()" (node_2) is false
[21:04:40.972] [bmv2] [T] [thread 127270] [14.0] [cxt 0] basic_tunnel.p4(155) Condition "hdr.myTunnel.isValid()" (node_4) is false
[21:04:40.972] [bmv2] [D] [thread 127270] [14.0] [cxt 0] Pipeline 'ingress': end
[21:04:40.972] [bmv2] [D] [thread 127270] [14.0] [cxt 0] Egress port is 0
[21:04:40.972] [bmv2] [D] [thread 127271] [14.0] [cxt 0] Pipeline 'egress': start
[21:04:40.972] [bmv2] [D] [thread 127271] [14.0] [cxt 0] Pipeline 'egress': end
[21:04:40.972] [bmv2] [D] [thread 127271] [14.0] [cxt 0] Deparser 'deparser': start
[21:04:40.972] [bmv2] [T] [thread 127271] [14.0] [cxt 0] Skipping checksum 'cksum' update because condition not met
[21:04:40.972] [bmv2] [D] [thread 127271] [14.0] [cxt 0] Deparsing header 'ethernet'
[21:04:40.972] [bmv2] [D] [thread 127271] [14.0] [cxt 0] Deparser 'deparser': end
[21:04:40.972] [bmv2] [D] [thread 127275] [14.0] [cxt 0] Transmitting packet of size 208 out of port 0
[21:04:40.981] [bmv2] [D] [thread 127270] [15.0] [cxt 0] Processing packet received on port 2
[21:04:40.981] [bmv2] [D] [thread 127270] [15.0] [cxt 0] Parser 'parser': start
[21:04:40.981] [bmv2] [D] [thread 127270] [15.0] [cxt 0] Parser 'parser' entering state 'start'
[21:04:40.981] [bmv2] [D] [thread 127270] [15.0] [cxt 0] Extracting header 'ethernet'
[21:04:40.981] [bmv2] [D] [thread 127270] [15.0] [cxt 0] Parser state 'start': key is 86dd
[21:04:40.981] [bmv2] [T] [thread 127270] [15.0] [cxt 0] Bytes parsed: 14
[21:04:40.981] [bmv2] [D] [thread 127270] [15.0] [cxt 0] Parser 'parser': end
[21:04:40.981] [bmv2] [D] [thread 127270] [15.0] [cxt 0] Pipeline 'ingress': start
[21:04:40.981] [bmv2] [T] [thread 127270] [15.0] [cxt 0] basic_tunnel.p4(152) Condition "hdr.ipv4.isValid() && !hdr.myTunnel.isValid()" (node_2) is false
[21:04:40.981] [bmv2] [T] [thread 127270] [15.0] [cxt 0] basic_tunnel.p4(155) Condition "hdr.myTunnel.isValid()" (node_4) is false
[21:04:40.981] [bmv2] [D] [thread 127270] [15.0] [cxt 0] Pipeline 'ingress': end
[21:04:40.981] [bmv2] [D] [thread 127270] [15.0] [cxt 0] Egress port is 0
[21:04:40.981] [bmv2] [D] [thread 127271] [15.0] [cxt 0] Pipeline 'egress': start
[21:04:40.981] [bmv2] [D] [thread 127271] [15.0] [cxt 0] Pipeline 'egress': end
[21:04:40.981] [bmv2] [D] [thread 127271] [15.0] [cxt 0] Deparser 'deparser': start
[21:04:40.981] [bmv2] [T] [thread 127271] [15.0] [cxt 0] Skipping checksum 'cksum' update because condition not met
[21:04:40.981] [bmv2] [D] [thread 127271] [15.0] [cxt 0] Deparsing header 'ethernet'
[21:04:40.981] [bmv2] [D] [thread 127271] [15.0] [cxt 0] Deparser 'deparser': end
[21:04:40.981] [bmv2] [D] [thread 127275] [15.0] [cxt 0] Transmitting packet of size 208 out of port 0
[21:04:41.009] [bmv2] [D] [thread 127270] [16.0] [cxt 0] Processing packet received on port 3
[21:04:41.009] [bmv2] [D] [thread 127270] [16.0] [cxt 0] Parser 'parser': start
[21:04:41.009] [bmv2] [D] [thread 127270] [16.0] [cxt 0] Parser 'parser' entering state 'start'
[21:04:41.009] [bmv2] [D] [thread 127270] [16.0] [cxt 0] Extracting header 'ethernet'
[21:04:41.010] [bmv2] [D] [thread 127270] [16.0] [cxt 0] Parser state 'start': key is 86dd
[21:04:41.010] [bmv2] [T] [thread 127270] [16.0] [cxt 0] Bytes parsed: 14
[21:04:41.010] [bmv2] [D] [thread 127270] [16.0] [cxt 0] Parser 'parser': end
[21:04:41.010] [bmv2] [D] [thread 127270] [16.0] [cxt 0] Pipeline 'ingress': start
[21:04:41.010] [bmv2] [T] [thread 127270] [16.0] [cxt 0] basic_tunnel.p4(152) Condition "hdr.ipv4.isValid() && !hdr.myTunnel.isValid()" (node_2) is false
[21:04:41.010] [bmv2] [T] [thread 127270] [16.0] [cxt 0] basic_tunnel.p4(155) Condition "hdr.myTunnel.isValid()" (node_4) is false
[21:04:41.010] [bmv2] [D] [thread 127270] [16.0] [cxt 0] Pipeline 'ingress': end
[21:04:41.010] [bmv2] [D] [thread 127270] [16.0] [cxt 0] Egress port is 0
[21:04:41.010] [bmv2] [D] [thread 127270] [17.0] [cxt 0] Processing packet received on port 2
[21:04:41.010] [bmv2] [D] [thread 127270] [17.0] [cxt 0] Parser 'parser': start
[21:04:41.010] [bmv2] [D] [thread 127270] [17.0] [cxt 0] Parser 'parser' entering state 'start'
[21:04:41.010] [bmv2] [D] [thread 127270] [17.0] [cxt 0] Extracting header 'ethernet'
[21:04:41.010] [bmv2] [D] [thread 127270] [17.0] [cxt 0] Parser state 'start': key is 86dd
[21:04:41.010] [bmv2] [T] [thread 127270] [17.0] [cxt 0] Bytes parsed: 14
[21:04:41.010] [bmv2] [D] [thread 127270] [17.0] [cxt 0] Parser 'parser': end
[21:04:41.010] [bmv2] [D] [thread 127270] [17.0] [cxt 0] Pipeline 'ingress': start
[21:04:41.010] [bmv2] [T] [thread 127270] [17.0] [cxt 0] basic_tunnel.p4(152) Condition "hdr.ipv4.isValid() && !hdr.myTunnel.isValid()" (node_2) is false
[21:04:41.011] [bmv2] [T] [thread 127270] [17.0] [cxt 0] basic_tunnel.p4(155) Condition "hdr.myTunnel.isValid()" (node_4) is false
[21:04:41.011] [bmv2] [D] [thread 127270] [17.0] [cxt 0] Pipeline 'ingress': end
[21:04:41.011] [bmv2] [D] [thread 127270] [17.0] [cxt 0] Egress port is 0
[21:04:41.011] [bmv2] [D] [thread 127271] [16.0] [cxt 0] Pipeline 'egress': start
[21:04:41.011] [bmv2] [D] [thread 127271] [16.0] [cxt 0] Pipeline 'egress': end
[21:04:41.011] [bmv2] [D] [thread 127271] [16.0] [cxt 0] Deparser 'deparser': start
[21:04:41.011] [bmv2] [T] [thread 127271] [16.0] [cxt 0] Skipping checksum 'cksum' update because condition not met
[21:04:41.011] [bmv2] [D] [thread 127271] [16.0] [cxt 0] Deparsing header 'ethernet'
[21:04:41.011] [bmv2] [D] [thread 127271] [16.0] [cxt 0] Deparser 'deparser': end
[21:04:41.012] [bmv2] [D] [thread 127275] [16.0] [cxt 0] Transmitting packet of size 208 out of port 0
[21:04:41.012] [bmv2] [D] [thread 127271] [17.0] [cxt 0] Pipeline 'egress': start
[21:04:41.012] [bmv2] [D] [thread 127271] [17.0] [cxt 0] Pipeline 'egress': end
[21:04:41.012] [bmv2] [D] [thread 127271] [17.0] [cxt 0] Deparser 'deparser': start
[21:04:41.012] [bmv2] [T] [thread 127271] [17.0] [cxt 0] Skipping checksum 'cksum' update because condition not met
[21:04:41.012] [bmv2] [D] [thread 127271] [17.0] [cxt 0] Deparsing header 'ethernet'
[21:04:41.012] [bmv2] [D] [thread 127271] [17.0] [cxt 0] Deparser 'deparser': end
[21:04:41.012] [bmv2] [D] [thread 127275] [17.0] [cxt 0] Transmitting packet of size 208 out of port 0
[21:04:41.014] [bmv2] [D] [thread 127270] [18.0] [cxt 0] Processing packet received on port 3
[21:04:41.014] [bmv2] [D] [thread 127270] [18.0] [cxt 0] Parser 'parser': start
[21:04:41.014] [bmv2] [D] [thread 127270] [18.0] [cxt 0] Parser 'parser' entering state 'start'
[21:04:41.014] [bmv2] [D] [thread 127270] [18.0] [cxt 0] Extracting header 'ethernet'
[21:04:41.014] [bmv2] [D] [thread 127270] [18.0] [cxt 0] Parser state 'start': key is 86dd
[21:04:41.014] [bmv2] [T] [thread 127270] [18.0] [cxt 0] Bytes parsed: 14
[21:04:41.014] [bmv2] [D] [thread 127270] [18.0] [cxt 0] Parser 'parser': end
[21:04:41.014] [bmv2] [D] [thread 127270] [18.0] [cxt 0] Pipeline 'ingress': start
[21:04:41.014] [bmv2] [T] [thread 127270] [18.0] [cxt 0] basic_tunnel.p4(152) Condition "hdr.ipv4.isValid() && !hdr.myTunnel.isValid()" (node_2) is false
[21:04:41.015] [bmv2] [T] [thread 127270] [18.0] [cxt 0] basic_tunnel.p4(155) Condition "hdr.myTunnel.isValid()" (node_4) is false
[21:04:41.015] [bmv2] [D] [thread 127270] [18.0] [cxt 0] Pipeline 'ingress': end
[21:04:41.015] [bmv2] [D] [thread 127270] [18.0] [cxt 0] Egress port is 0
[21:04:41.015] [bmv2] [D] [thread 127271] [18.0] [cxt 0] Pipeline 'egress': start
[21:04:41.015] [bmv2] [D] [thread 127271] [18.0] [cxt 0] Pipeline 'egress': end
[21:04:41.015] [bmv2] [D] [thread 127271] [18.0] [cxt 0] Deparser 'deparser': start
[21:04:41.015] [bmv2] [T] [thread 127271] [18.0] [cxt 0] Skipping checksum 'cksum' update because condition not met
[21:04:41.015] [bmv2] [D] [thread 127271] [18.0] [cxt 0] Deparsing header 'ethernet'
[21:04:41.015] [bmv2] [D] [thread 127271] [18.0] [cxt 0] Deparser 'deparser': end
[21:04:41.015] [bmv2] [D] [thread 127275] [18.0] [cxt 0] Transmitting packet of size 110 out of port 0
[21:04:41.078] [bmv2] [D] [thread 127270] [19.0] [cxt 0] Processing packet received on port 1
[21:04:41.079] [bmv2] [D] [thread 127270] [19.0] [cxt 0] Parser 'parser': start
[21:04:41.079] [bmv2] [D] [thread 127270] [19.0] [cxt 0] Parser 'parser' entering state 'start'
[21:04:41.079] [bmv2] [D] [thread 127270] [19.0] [cxt 0] Extracting header 'ethernet'
[21:04:41.079] [bmv2] [D] [thread 127270] [19.0] [cxt 0] Parser state 'start': key is 86dd
[21:04:41.079] [bmv2] [T] [thread 127270] [19.0] [cxt 0] Bytes parsed: 14
[21:04:41.079] [bmv2] [D] [thread 127270] [19.0] [cxt 0] Parser 'parser': end
[21:04:41.079] [bmv2] [D] [thread 127270] [19.0] [cxt 0] Pipeline 'ingress': start
[21:04:41.079] [bmv2] [T] [thread 127270] [19.0] [cxt 0] basic_tunnel.p4(152) Condition "hdr.ipv4.isValid() && !hdr.myTunnel.isValid()" (node_2) is false
[21:04:41.079] [bmv2] [T] [thread 127270] [19.0] [cxt 0] basic_tunnel.p4(155) Condition "hdr.myTunnel.isValid()" (node_4) is false
[21:04:41.079] [bmv2] [D] [thread 127270] [19.0] [cxt 0] Pipeline 'ingress': end
[21:04:41.079] [bmv2] [D] [thread 127270] [19.0] [cxt 0] Egress port is 0
[21:04:41.079] [bmv2] [D] [thread 127271] [19.0] [cxt 0] Pipeline 'egress': start
[21:04:41.079] [bmv2] [D] [thread 127271] [19.0] [cxt 0] Pipeline 'egress': end
[21:04:41.079] [bmv2] [D] [thread 127271] [19.0] [cxt 0] Deparser 'deparser': start
[21:04:41.079] [bmv2] [T] [thread 127271] [19.0] [cxt 0] Skipping checksum 'cksum' update because condition not met
[21:04:41.080] [bmv2] [D] [thread 127271] [19.0] [cxt 0] Deparsing header 'ethernet'
[21:04:41.080] [bmv2] [D] [thread 127271] [19.0] [cxt 0] Deparser 'deparser': end
[21:04:41.080] [bmv2] [D] [thread 127275] [19.0] [cxt 0] Transmitting packet of size 90 out of port 0
[21:04:41.219] [bmv2] [D] [thread 127270] [20.0] [cxt 0] Processing packet received on port 1
[21:04:41.219] [bmv2] [D] [thread 127270] [20.0] [cxt 0] Parser 'parser': start
[21:04:41.219] [bmv2] [D] [thread 127270] [20.0] [cxt 0] Parser 'parser' entering state 'start'
[21:04:41.219] [bmv2] [D] [thread 127270] [20.0] [cxt 0] Extracting header 'ethernet'
[21:04:41.219] [bmv2] [D] [thread 127270] [20.0] [cxt 0] Parser state 'start': key is 86dd
[21:04:41.219] [bmv2] [T] [thread 127270] [20.0] [cxt 0] Bytes parsed: 14
[21:04:41.219] [bmv2] [D] [thread 127270] [20.0] [cxt 0] Parser 'parser': end
[21:04:41.219] [bmv2] [D] [thread 127270] [20.0] [cxt 0] Pipeline 'ingress': start
[21:04:41.219] [bmv2] [T] [thread 127270] [20.0] [cxt 0] basic_tunnel.p4(152) Condition "hdr.ipv4.isValid() && !hdr.myTunnel.isValid()" (node_2) is false
[21:04:41.219] [bmv2] [T] [thread 127270] [20.0] [cxt 0] basic_tunnel.p4(155) Condition "hdr.myTunnel.isValid()" (node_4) is false
[21:04:41.219] [bmv2] [D] [thread 127270] [20.0] [cxt 0] Pipeline 'ingress': end
[21:04:41.219] [bmv2] [D] [thread 127270] [20.0] [cxt 0] Egress port is 0
[21:04:41.220] [bmv2] [D] [thread 127271] [20.0] [cxt 0] Pipeline 'egress': start
[21:04:41.220] [bmv2] [D] [thread 127271] [20.0] [cxt 0] Pipeline 'egress': end
[21:04:41.220] [bmv2] [D] [thread 127271] [20.0] [cxt 0] Deparser 'deparser': start
[21:04:41.220] [bmv2] [T] [thread 127271] [20.0] [cxt 0] Skipping checksum 'cksum' update because condition not met
[21:04:41.220] [bmv2] [D] [thread 127271] [20.0] [cxt 0] Deparsing header 'ethernet'
[21:04:41.220] [bmv2] [D] [thread 127271] [20.0] [cxt 0] Deparser 'deparser': end
[21:04:41.220] [bmv2] [D] [thread 127275] [20.0] [cxt 0] Transmitting packet of size 208 out of port 0
[21:04:41.228] [bmv2] [D] [thread 127270] [21.0] [cxt 0] Processing packet received on port 3
[21:04:41.228] [bmv2] [D] [thread 127270] [21.0] [cxt 0] Parser 'parser': start
[21:04:41.228] [bmv2] [D] [thread 127270] [21.0] [cxt 0] Parser 'parser' entering state 'start'
[21:04:41.228] [bmv2] [D] [thread 127270] [21.0] [cxt 0] Extracting header 'ethernet'
[21:04:41.228] [bmv2] [D] [thread 127270] [21.0] [cxt 0] Parser state 'start': key is 86dd
[21:04:41.228] [bmv2] [T] [thread 127270] [21.0] [cxt 0] Bytes parsed: 14
[21:04:41.228] [bmv2] [D] [thread 127270] [21.0] [cxt 0] Parser 'parser': end
[21:04:41.228] [bmv2] [D] [thread 127270] [21.0] [cxt 0] Pipeline 'ingress': start
[21:04:41.228] [bmv2] [T] [thread 127270] [21.0] [cxt 0] basic_tunnel.p4(152) Condition "hdr.ipv4.isValid() && !hdr.myTunnel.isValid()" (node_2) is false
[21:04:41.228] [bmv2] [T] [thread 127270] [21.0] [cxt 0] basic_tunnel.p4(155) Condition "hdr.myTunnel.isValid()" (node_4) is false
[21:04:41.228] [bmv2] [D] [thread 127270] [21.0] [cxt 0] Pipeline 'ingress': end
[21:04:41.228] [bmv2] [D] [thread 127270] [21.0] [cxt 0] Egress port is 0
[21:04:41.228] [bmv2] [D] [thread 127271] [21.0] [cxt 0] Pipeline 'egress': start
[21:04:41.228] [bmv2] [D] [thread 127271] [21.0] [cxt 0] Pipeline 'egress': end
[21:04:41.228] [bmv2] [D] [thread 127271] [21.0] [cxt 0] Deparser 'deparser': start
[21:04:41.228] [bmv2] [T] [thread 127271] [21.0] [cxt 0] Skipping checksum 'cksum' update because condition not met
[21:04:41.228] [bmv2] [D] [thread 127271] [21.0] [cxt 0] Deparsing header 'ethernet'
[21:04:41.228] [bmv2] [D] [thread 127271] [21.0] [cxt 0] Deparser 'deparser': end
[21:04:41.228] [bmv2] [D] [thread 127275] [21.0] [cxt 0] Transmitting packet of size 208 out of port 0
[21:04:41.231] [bmv2] [D] [thread 127270] [22.0] [cxt 0] Processing packet received on port 2
[21:04:41.231] [bmv2] [D] [thread 127270] [22.0] [cxt 0] Parser 'parser': start
[21:04:41.231] [bmv2] [D] [thread 127270] [22.0] [cxt 0] Parser 'parser' entering state 'start'
[21:04:41.231] [bmv2] [D] [thread 127270] [22.0] [cxt 0] Extracting header 'ethernet'
[21:04:41.231] [bmv2] [D] [thread 127270] [22.0] [cxt 0] Parser state 'start': key is 86dd
[21:04:41.231] [bmv2] [T] [thread 127270] [22.0] [cxt 0] Bytes parsed: 14
[21:04:41.231] [bmv2] [D] [thread 127270] [22.0] [cxt 0] Parser 'parser': end
[21:04:41.231] [bmv2] [D] [thread 127270] [22.0] [cxt 0] Pipeline 'ingress': start
[21:04:41.231] [bmv2] [T] [thread 127270] [22.0] [cxt 0] basic_tunnel.p4(152) Condition "hdr.ipv4.isValid() && !hdr.myTunnel.isValid()" (node_2) is false
[21:04:41.231] [bmv2] [T] [thread 127270] [22.0] [cxt 0] basic_tunnel.p4(155) Condition "hdr.myTunnel.isValid()" (node_4) is false
[21:04:41.231] [bmv2] [D] [thread 127270] [22.0] [cxt 0] Pipeline 'ingress': end
[21:04:41.231] [bmv2] [D] [thread 127270] [22.0] [cxt 0] Egress port is 0
[21:04:41.231] [bmv2] [D] [thread 127271] [22.0] [cxt 0] Pipeline 'egress': start
[21:04:41.231] [bmv2] [D] [thread 127271] [22.0] [cxt 0] Pipeline 'egress': end
[21:04:41.231] [bmv2] [D] [thread 127271] [22.0] [cxt 0] Deparser 'deparser': start
[21:04:41.231] [bmv2] [T] [thread 127271] [22.0] [cxt 0] Skipping checksum 'cksum' update because condition not met
[21:04:41.231] [bmv2] [D] [thread 127271] [22.0] [cxt 0] Deparsing header 'ethernet'
[21:04:41.231] [bmv2] [D] [thread 127271] [22.0] [cxt 0] Deparser 'deparser': end
[21:04:41.232] [bmv2] [D] [thread 127275] [22.0] [cxt 0] Transmitting packet of size 208 out of port 0
[21:04:41.253] [bmv2] [D] [thread 127270] [23.0] [cxt 0] Processing packet received on port 3
[21:04:41.253] [bmv2] [D] [thread 127270] [23.0] [cxt 0] Parser 'parser': start
[21:04:41.253] [bmv2] [D] [thread 127270] [23.0] [cxt 0] Parser 'parser' entering state 'start'
[21:04:41.253] [bmv2] [D] [thread 127270] [23.0] [cxt 0] Extracting header 'ethernet'
[21:04:41.253] [bmv2] [D] [thread 127270] [23.0] [cxt 0] Parser state 'start': key is 86dd
[21:04:41.253] [bmv2] [T] [thread 127270] [23.0] [cxt 0] Bytes parsed: 14
[21:04:41.253] [bmv2] [D] [thread 127270] [23.0] [cxt 0] Parser 'parser': end
[21:04:41.253] [bmv2] [D] [thread 127270] [23.0] [cxt 0] Pipeline 'ingress': start
[21:04:41.253] [bmv2] [T] [thread 127270] [23.0] [cxt 0] basic_tunnel.p4(152) Condition "hdr.ipv4.isValid() && !hdr.myTunnel.isValid()" (node_2) is false
[21:04:41.253] [bmv2] [T] [thread 127270] [23.0] [cxt 0] basic_tunnel.p4(155) Condition "hdr.myTunnel.isValid()" (node_4) is false
[21:04:41.253] [bmv2] [D] [thread 127270] [23.0] [cxt 0] Pipeline 'ingress': end
[21:04:41.253] [bmv2] [D] [thread 127270] [23.0] [cxt 0] Egress port is 0
[21:04:41.253] [bmv2] [D] [thread 127271] [23.0] [cxt 0] Pipeline 'egress': start
[21:04:41.253] [bmv2] [D] [thread 127271] [23.0] [cxt 0] Pipeline 'egress': end
[21:04:41.253] [bmv2] [D] [thread 127271] [23.0] [cxt 0] Deparser 'deparser': start
[21:04:41.253] [bmv2] [T] [thread 127271] [23.0] [cxt 0] Skipping checksum 'cksum' update because condition not met
[21:04:41.253] [bmv2] [D] [thread 127271] [23.0] [cxt 0] Deparsing header 'ethernet'
[21:04:41.253] [bmv2] [D] [thread 127271] [23.0] [cxt 0] Deparser 'deparser': end
[21:04:41.253] [bmv2] [D] [thread 127275] [23.0] [cxt 0] Transmitting packet of size 208 out of port 0
[21:04:41.263] [bmv2] [D] [thread 127270] [24.0] [cxt 0] Processing packet received on port 2
[21:04:41.263] [bmv2] [D] [thread 127270] [24.0] [cxt 0] Parser 'parser': start
[21:04:41.263] [bmv2] [D] [thread 127270] [24.0] [cxt 0] Parser 'parser' entering state 'start'
[21:04:41.263] [bmv2] [D] [thread 127270] [24.0] [cxt 0] Extracting header 'ethernet'
[21:04:41.263] [bmv2] [D] [thread 127270] [24.0] [cxt 0] Parser state 'start': key is 86dd
[21:04:41.263] [bmv2] [T] [thread 127270] [24.0] [cxt 0] Bytes parsed: 14
[21:04:41.263] [bmv2] [D] [thread 127270] [24.0] [cxt 0] Parser 'parser': end
[21:04:41.263] [bmv2] [D] [thread 127270] [24.0] [cxt 0] Pipeline 'ingress': start
[21:04:41.263] [bmv2] [T] [thread 127270] [24.0] [cxt 0] basic_tunnel.p4(152) Condition "hdr.ipv4.isValid() && !hdr.myTunnel.isValid()" (node_2) is false
[21:04:41.263] [bmv2] [T] [thread 127270] [24.0] [cxt 0] basic_tunnel.p4(155) Condition "hdr.myTunnel.isValid()" (node_4) is false
[21:04:41.263] [bmv2] [D] [thread 127270] [24.0] [cxt 0] Pipeline 'ingress': end
[21:04:41.263] [bmv2] [D] [thread 127270] [24.0] [cxt 0] Egress port is 0
[21:04:41.263] [bmv2] [D] [thread 127271] [24.0] [cxt 0] Pipeline 'egress': start
[21:04:41.263] [bmv2] [D] [thread 127271] [24.0] [cxt 0] Pipeline 'egress': end
[21:04:41.263] [bmv2] [D] [thread 127271] [24.0] [cxt 0] Deparser 'deparser': start
[21:04:41.263] [bmv2] [T] [thread 127271] [24.0] [cxt 0] Skipping checksum 'cksum' update because condition not met
[21:04:41.263] [bmv2] [D] [thread 127271] [24.0] [cxt 0] Deparsing header 'ethernet'
[21:04:41.263] [bmv2] [D] [thread 127271] [24.0] [cxt 0] Deparser 'deparser': end
[21:04:41.263] [bmv2] [D] [thread 127275] [24.0] [cxt 0] Transmitting packet of size 208 out of port 0
[21:04:41.270] [bmv2] [D] [thread 127270] [25.0] [cxt 0] Processing packet received on port 3
[21:04:41.270] [bmv2] [D] [thread 127270] [25.0] [cxt 0] Parser 'parser': start
[21:04:41.270] [bmv2] [D] [thread 127270] [25.0] [cxt 0] Parser 'parser' entering state 'start'
[21:04:41.270] [bmv2] [D] [thread 127270] [25.0] [cxt 0] Extracting header 'ethernet'
[21:04:41.270] [bmv2] [D] [thread 127270] [25.0] [cxt 0] Parser state 'start': key is 86dd
[21:04:41.270] [bmv2] [T] [thread 127270] [25.0] [cxt 0] Bytes parsed: 14
[21:04:41.270] [bmv2] [D] [thread 127270] [25.0] [cxt 0] Parser 'parser': end
[21:04:41.270] [bmv2] [D] [thread 127270] [25.0] [cxt 0] Pipeline 'ingress': start
[21:04:41.270] [bmv2] [T] [thread 127270] [25.0] [cxt 0] basic_tunnel.p4(152) Condition "hdr.ipv4.isValid() && !hdr.myTunnel.isValid()" (node_2) is false
[21:04:41.270] [bmv2] [T] [thread 127270] [25.0] [cxt 0] basic_tunnel.p4(155) Condition "hdr.myTunnel.isValid()" (node_4) is false
[21:04:41.270] [bmv2] [D] [thread 127270] [25.0] [cxt 0] Pipeline 'ingress': end
[21:04:41.270] [bmv2] [D] [thread 127270] [25.0] [cxt 0] Egress port is 0
[21:04:41.270] [bmv2] [D] [thread 127271] [25.0] [cxt 0] Pipeline 'egress': start
[21:04:41.270] [bmv2] [D] [thread 127271] [25.0] [cxt 0] Pipeline 'egress': end
[21:04:41.270] [bmv2] [D] [thread 127271] [25.0] [cxt 0] Deparser 'deparser': start
[21:04:41.270] [bmv2] [T] [thread 127271] [25.0] [cxt 0] Skipping checksum 'cksum' update because condition not met
[21:04:41.270] [bmv2] [D] [thread 127271] [25.0] [cxt 0] Deparsing header 'ethernet'
[21:04:41.270] [bmv2] [D] [thread 127271] [25.0] [cxt 0] Deparser 'deparser': end
[21:04:41.270] [bmv2] [D] [thread 127275] [25.0] [cxt 0] Transmitting packet of size 90 out of port 0
[21:04:41.441] [bmv2] [D] [thread 127270] [26.0] [cxt 0] Processing packet received on port 2
[21:04:41.441] [bmv2] [D] [thread 127270] [26.0] [cxt 0] Parser 'parser': start
[21:04:41.441] [bmv2] [D] [thread 127270] [26.0] [cxt 0] Parser 'parser' entering state 'start'
[21:04:41.441] [bmv2] [D] [thread 127270] [26.0] [cxt 0] Extracting header 'ethernet'
[21:04:41.442] [bmv2] [D] [thread 127270] [26.0] [cxt 0] Parser state 'start': key is 86dd
[21:04:41.442] [bmv2] [T] [thread 127270] [26.0] [cxt 0] Bytes parsed: 14
[21:04:41.442] [bmv2] [D] [thread 127270] [26.0] [cxt 0] Parser 'parser': end
[21:04:41.442] [bmv2] [D] [thread 127270] [26.0] [cxt 0] Pipeline 'ingress': start
[21:04:41.442] [bmv2] [T] [thread 127270] [26.0] [cxt 0] basic_tunnel.p4(152) Condition "hdr.ipv4.isValid() && !hdr.myTunnel.isValid()" (node_2) is false
[21:04:41.442] [bmv2] [T] [thread 127270] [26.0] [cxt 0] basic_tunnel.p4(155) Condition "hdr.myTunnel.isValid()" (node_4) is false
[21:04:41.442] [bmv2] [D] [thread 127270] [26.0] [cxt 0] Pipeline 'ingress': end
[21:04:41.442] [bmv2] [D] [thread 127270] [26.0] [cxt 0] Egress port is 0
[21:04:41.442] [bmv2] [D] [thread 127271] [26.0] [cxt 0] Pipeline 'egress': start
[21:04:41.442] [bmv2] [D] [thread 127271] [26.0] [cxt 0] Pipeline 'egress': end
[21:04:41.442] [bmv2] [D] [thread 127271] [26.0] [cxt 0] Deparser 'deparser': start
[21:04:41.442] [bmv2] [T] [thread 127271] [26.0] [cxt 0] Skipping checksum 'cksum' update because condition not met
[21:04:41.442] [bmv2] [D] [thread 127271] [26.0] [cxt 0] Deparsing header 'ethernet'
[21:04:41.442] [bmv2] [D] [thread 127271] [26.0] [cxt 0] Deparser 'deparser': end
[21:04:41.442] [bmv2] [D] [thread 127275] [26.0] [cxt 0] Transmitting packet of size 196 out of port 0
[21:04:41.469] [bmv2] [D] [thread 127270] [27.0] [cxt 0] Processing packet received on port 3
[21:04:41.472] [bmv2] [D] [thread 127270] [27.0] [cxt 0] Parser 'parser': start
[21:04:41.472] [bmv2] [D] [thread 127270] [27.0] [cxt 0] Parser 'parser' entering state 'start'
[21:04:41.472] [bmv2] [D] [thread 127270] [27.0] [cxt 0] Extracting header 'ethernet'
[21:04:41.472] [bmv2] [D] [thread 127270] [27.0] [cxt 0] Parser state 'start': key is 86dd
[21:04:41.472] [bmv2] [T] [thread 127270] [27.0] [cxt 0] Bytes parsed: 14
[21:04:41.472] [bmv2] [D] [thread 127270] [27.0] [cxt 0] Parser 'parser': end
[21:04:41.472] [bmv2] [D] [thread 127270] [27.0] [cxt 0] Pipeline 'ingress': start
[21:04:41.472] [bmv2] [T] [thread 127270] [27.0] [cxt 0] basic_tunnel.p4(152) Condition "hdr.ipv4.isValid() && !hdr.myTunnel.isValid()" (node_2) is false
[21:04:41.472] [bmv2] [T] [thread 127270] [27.0] [cxt 0] basic_tunnel.p4(155) Condition "hdr.myTunnel.isValid()" (node_4) is false
[21:04:41.472] [bmv2] [D] [thread 127270] [27.0] [cxt 0] Pipeline 'ingress': end
[21:04:41.472] [bmv2] [D] [thread 127270] [27.0] [cxt 0] Egress port is 0
[21:04:41.473] [bmv2] [D] [thread 127271] [27.0] [cxt 0] Pipeline 'egress': start
[21:04:41.473] [bmv2] [D] [thread 127271] [27.0] [cxt 0] Pipeline 'egress': end
[21:04:41.474] [bmv2] [D] [thread 127271] [27.0] [cxt 0] Deparser 'deparser': start
[21:04:41.474] [bmv2] [T] [thread 127271] [27.0] [cxt 0] Skipping checksum 'cksum' update because condition not met
[21:04:41.474] [bmv2] [D] [thread 127271] [27.0] [cxt 0] Deparsing header 'ethernet'
[21:04:41.474] [bmv2] [D] [thread 127271] [27.0] [cxt 0] Deparser 'deparser': end
[21:04:41.474] [bmv2] [D] [thread 127275] [27.0] [cxt 0] Transmitting packet of size 196 out of port 0
[21:04:41.488] [bmv2] [D] [thread 127270] [28.0] [cxt 0] Processing packet received on port 1
[21:04:41.488] [bmv2] [D] [thread 127270] [28.0] [cxt 0] Parser 'parser': start
[21:04:41.488] [bmv2] [D] [thread 127270] [28.0] [cxt 0] Parser 'parser' entering state 'start'
[21:04:41.488] [bmv2] [D] [thread 127270] [28.0] [cxt 0] Extracting header 'ethernet'
[21:04:41.488] [bmv2] [D] [thread 127270] [28.0] [cxt 0] Parser state 'start': key is 86dd
[21:04:41.488] [bmv2] [T] [thread 127270] [28.0] [cxt 0] Bytes parsed: 14
[21:04:41.488] [bmv2] [D] [thread 127270] [28.0] [cxt 0] Parser 'parser': end
[21:04:41.488] [bmv2] [D] [thread 127270] [28.0] [cxt 0] Pipeline 'ingress': start
[21:04:41.488] [bmv2] [T] [thread 127270] [28.0] [cxt 0] basic_tunnel.p4(152) Condition "hdr.ipv4.isValid() && !hdr.myTunnel.isValid()" (node_2) is false
[21:04:41.488] [bmv2] [T] [thread 127270] [28.0] [cxt 0] basic_tunnel.p4(155) Condition "hdr.myTunnel.isValid()" (node_4) is false
[21:04:41.488] [bmv2] [D] [thread 127270] [28.0] [cxt 0] Pipeline 'ingress': end
[21:04:41.488] [bmv2] [D] [thread 127270] [28.0] [cxt 0] Egress port is 0
[21:04:41.492] [bmv2] [D] [thread 127271] [28.0] [cxt 0] Pipeline 'egress': start
[21:04:41.492] [bmv2] [D] [thread 127271] [28.0] [cxt 0] Pipeline 'egress': end
[21:04:41.492] [bmv2] [D] [thread 127271] [28.0] [cxt 0] Deparser 'deparser': start
[21:04:41.492] [bmv2] [T] [thread 127271] [28.0] [cxt 0] Skipping checksum 'cksum' update because condition not met
[21:04:41.492] [bmv2] [D] [thread 127271] [28.0] [cxt 0] Deparsing header 'ethernet'
[21:04:41.492] [bmv2] [D] [thread 127271] [28.0] [cxt 0] Deparser 'deparser': end
[21:04:41.492] [bmv2] [D] [thread 127270] [29.0] [cxt 0] Processing packet received on port 3
[21:04:41.493] [bmv2] [D] [thread 127275] [28.0] [cxt 0] Transmitting packet of size 208 out of port 0
[21:04:41.494] [bmv2] [D] [thread 127270] [29.0] [cxt 0] Parser 'parser': start
[21:04:41.494] [bmv2] [D] [thread 127270] [29.0] [cxt 0] Parser 'parser' entering state 'start'
[21:04:41.494] [bmv2] [D] [thread 127270] [29.0] [cxt 0] Extracting header 'ethernet'
[21:04:41.494] [bmv2] [D] [thread 127270] [29.0] [cxt 0] Parser state 'start': key is 86dd
[21:04:41.494] [bmv2] [T] [thread 127270] [29.0] [cxt 0] Bytes parsed: 14
[21:04:41.494] [bmv2] [D] [thread 127270] [29.0] [cxt 0] Parser 'parser': end
[21:04:41.494] [bmv2] [D] [thread 127270] [29.0] [cxt 0] Pipeline 'ingress': start
[21:04:41.494] [bmv2] [T] [thread 127270] [29.0] [cxt 0] basic_tunnel.p4(152) Condition "hdr.ipv4.isValid() && !hdr.myTunnel.isValid()" (node_2) is false
[21:04:41.494] [bmv2] [T] [thread 127270] [29.0] [cxt 0] basic_tunnel.p4(155) Condition "hdr.myTunnel.isValid()" (node_4) is false
[21:04:41.494] [bmv2] [D] [thread 127270] [29.0] [cxt 0] Pipeline 'ingress': end
[21:04:41.494] [bmv2] [D] [thread 127270] [29.0] [cxt 0] Egress port is 0
[21:04:41.495] [bmv2] [D] [thread 127270] [30.0] [cxt 0] Processing packet received on port 3
[21:04:41.495] [bmv2] [D] [thread 127270] [30.0] [cxt 0] Parser 'parser': start
[21:04:41.495] [bmv2] [D] [thread 127270] [30.0] [cxt 0] Parser 'parser' entering state 'start'
[21:04:41.495] [bmv2] [D] [thread 127270] [30.0] [cxt 0] Extracting header 'ethernet'
[21:04:41.495] [bmv2] [D] [thread 127270] [30.0] [cxt 0] Parser state 'start': key is 86dd
[21:04:41.495] [bmv2] [T] [thread 127270] [30.0] [cxt 0] Bytes parsed: 14
[21:04:41.495] [bmv2] [D] [thread 127270] [30.0] [cxt 0] Parser 'parser': end
[21:04:41.495] [bmv2] [D] [thread 127270] [30.0] [cxt 0] Pipeline 'ingress': start
[21:04:41.495] [bmv2] [T] [thread 127270] [30.0] [cxt 0] basic_tunnel.p4(152) Condition "hdr.ipv4.isValid() && !hdr.myTunnel.isValid()" (node_2) is false
[21:04:41.495] [bmv2] [T] [thread 127270] [30.0] [cxt 0] basic_tunnel.p4(155) Condition "hdr.myTunnel.isValid()" (node_4) is false
[21:04:41.495] [bmv2] [D] [thread 127270] [30.0] [cxt 0] Pipeline 'ingress': end
[21:04:41.495] [bmv2] [D] [thread 127270] [30.0] [cxt 0] Egress port is 0
[21:04:41.495] [bmv2] [D] [thread 127271] [29.0] [cxt 0] Pipeline 'egress': start
[21:04:41.495] [bmv2] [D] [thread 127271] [29.0] [cxt 0] Pipeline 'egress': end
[21:04:41.495] [bmv2] [D] [thread 127271] [29.0] [cxt 0] Deparser 'deparser': start
[21:04:41.495] [bmv2] [T] [thread 127271] [29.0] [cxt 0] Skipping checksum 'cksum' update because condition not met
[21:04:41.495] [bmv2] [D] [thread 127271] [29.0] [cxt 0] Deparsing header 'ethernet'
[21:04:41.495] [bmv2] [D] [thread 127271] [29.0] [cxt 0] Deparser 'deparser': end
[21:04:41.495] [bmv2] [D] [thread 127271] [30.0] [cxt 0] Pipeline 'egress': start
[21:04:41.495] [bmv2] [D] [thread 127271] [30.0] [cxt 0] Pipeline 'egress': end
[21:04:41.495] [bmv2] [D] [thread 127271] [30.0] [cxt 0] Deparser 'deparser': start
[21:04:41.495] [bmv2] [T] [thread 127271] [30.0] [cxt 0] Skipping checksum 'cksum' update because condition not met
[21:04:41.495] [bmv2] [D] [thread 127271] [30.0] [cxt 0] Deparsing header 'ethernet'
[21:04:41.495] [bmv2] [D] [thread 127271] [30.0] [cxt 0] Deparser 'deparser': end
[21:04:41.495] [bmv2] [D] [thread 127275] [29.0] [cxt 0] Transmitting packet of size 208 out of port 0
[21:04:41.496] [bmv2] [D] [thread 127275] [30.0] [cxt 0] Transmitting packet of size 110 out of port 0
[21:04:41.513] [bmv2] [D] [thread 127270] [31.0] [cxt 0] Processing packet received on port 2
[21:04:41.513] [bmv2] [D] [thread 127270] [31.0] [cxt 0] Parser 'parser': start
[21:04:41.513] [bmv2] [D] [thread 127270] [31.0] [cxt 0] Parser 'parser' entering state 'start'
[21:04:41.513] [bmv2] [D] [thread 127270] [31.0] [cxt 0] Extracting header 'ethernet'
[21:04:41.513] [bmv2] [D] [thread 127270] [31.0] [cxt 0] Parser state 'start': key is 86dd
[21:04:41.513] [bmv2] [T] [thread 127270] [31.0] [cxt 0] Bytes parsed: 14
[21:04:41.513] [bmv2] [D] [thread 127270] [31.0] [cxt 0] Parser 'parser': end
[21:04:41.513] [bmv2] [D] [thread 127270] [31.0] [cxt 0] Pipeline 'ingress': start
[21:04:41.513] [bmv2] [T] [thread 127270] [31.0] [cxt 0] basic_tunnel.p4(152) Condition "hdr.ipv4.isValid() && !hdr.myTunnel.isValid()" (node_2) is false
[21:04:41.513] [bmv2] [T] [thread 127270] [31.0] [cxt 0] basic_tunnel.p4(155) Condition "hdr.myTunnel.isValid()" (node_4) is false
[21:04:41.513] [bmv2] [D] [thread 127270] [31.0] [cxt 0] Pipeline 'ingress': end
[21:04:41.513] [bmv2] [D] [thread 127270] [31.0] [cxt 0] Egress port is 0
[21:04:41.514] [bmv2] [D] [thread 127271] [31.0] [cxt 0] Pipeline 'egress': start
[21:04:41.514] [bmv2] [D] [thread 127271] [31.0] [cxt 0] Pipeline 'egress': end
[21:04:41.514] [bmv2] [D] [thread 127271] [31.0] [cxt 0] Deparser 'deparser': start
[21:04:41.514] [bmv2] [T] [thread 127271] [31.0] [cxt 0] Skipping checksum 'cksum' update because condition not met
[21:04:41.514] [bmv2] [D] [thread 127271] [31.0] [cxt 0] Deparsing header 'ethernet'
[21:04:41.514] [bmv2] [D] [thread 127271] [31.0] [cxt 0] Deparser 'deparser': end
[21:04:41.514] [bmv2] [D] [thread 127275] [31.0] [cxt 0] Transmitting packet of size 208 out of port 0
[21:04:41.532] [bmv2] [D] [thread 127270] [32.0] [cxt 0] Processing packet received on port 1
[21:04:41.532] [bmv2] [D] [thread 127270] [32.0] [cxt 0] Parser 'parser': start
[21:04:41.532] [bmv2] [D] [thread 127270] [32.0] [cxt 0] Parser 'parser' entering state 'start'
[21:04:41.532] [bmv2] [D] [thread 127270] [32.0] [cxt 0] Extracting header 'ethernet'
[21:04:41.532] [bmv2] [D] [thread 127270] [32.0] [cxt 0] Parser state 'start': key is 86dd
[21:04:41.532] [bmv2] [T] [thread 127270] [32.0] [cxt 0] Bytes parsed: 14
[21:04:41.532] [bmv2] [D] [thread 127270] [32.0] [cxt 0] Parser 'parser': end
[21:04:41.532] [bmv2] [D] [thread 127270] [32.0] [cxt 0] Pipeline 'ingress': start
[21:04:41.532] [bmv2] [T] [thread 127270] [32.0] [cxt 0] basic_tunnel.p4(152) Condition "hdr.ipv4.isValid() && !hdr.myTunnel.isValid()" (node_2) is false
[21:04:41.532] [bmv2] [T] [thread 127270] [32.0] [cxt 0] basic_tunnel.p4(155) Condition "hdr.myTunnel.isValid()" (node_4) is false
[21:04:41.532] [bmv2] [D] [thread 127270] [32.0] [cxt 0] Pipeline 'ingress': end
[21:04:41.532] [bmv2] [D] [thread 127270] [32.0] [cxt 0] Egress port is 0
[21:04:41.533] [bmv2] [D] [thread 127271] [32.0] [cxt 0] Pipeline 'egress': start
[21:04:41.533] [bmv2] [D] [thread 127271] [32.0] [cxt 0] Pipeline 'egress': end
[21:04:41.533] [bmv2] [D] [thread 127271] [32.0] [cxt 0] Deparser 'deparser': start
[21:04:41.533] [bmv2] [T] [thread 127271] [32.0] [cxt 0] Skipping checksum 'cksum' update because condition not met
[21:04:41.533] [bmv2] [D] [thread 127271] [32.0] [cxt 0] Deparsing header 'ethernet'
[21:04:41.533] [bmv2] [D] [thread 127271] [32.0] [cxt 0] Deparser 'deparser': end
[21:04:41.533] [bmv2] [D] [thread 127275] [32.0] [cxt 0] Transmitting packet of size 110 out of port 0
[21:04:41.677] [bmv2] [D] [thread 127270] [33.0] [cxt 0] Processing packet received on port 1
[21:04:41.677] [bmv2] [D] [thread 127270] [33.0] [cxt 0] Parser 'parser': start
[21:04:41.677] [bmv2] [D] [thread 127270] [33.0] [cxt 0] Parser 'parser' entering state 'start'
[21:04:41.677] [bmv2] [D] [thread 127270] [33.0] [cxt 0] Extracting header 'ethernet'
[21:04:41.677] [bmv2] [D] [thread 127270] [33.0] [cxt 0] Parser state 'start': key is 86dd
[21:04:41.677] [bmv2] [T] [thread 127270] [33.0] [cxt 0] Bytes parsed: 14
[21:04:41.677] [bmv2] [D] [thread 127270] [33.0] [cxt 0] Parser 'parser': end
[21:04:41.677] [bmv2] [D] [thread 127270] [33.0] [cxt 0] Pipeline 'ingress': start
[21:04:41.677] [bmv2] [T] [thread 127270] [33.0] [cxt 0] basic_tunnel.p4(152) Condition "hdr.ipv4.isValid() && !hdr.myTunnel.isValid()" (node_2) is false
[21:04:41.677] [bmv2] [T] [thread 127270] [33.0] [cxt 0] basic_tunnel.p4(155) Condition "hdr.myTunnel.isValid()" (node_4) is false
[21:04:41.677] [bmv2] [D] [thread 127270] [33.0] [cxt 0] Pipeline 'ingress': end
[21:04:41.677] [bmv2] [D] [thread 127270] [33.0] [cxt 0] Egress port is 0
[21:04:41.678] [bmv2] [D] [thread 127271] [33.0] [cxt 0] Pipeline 'egress': start
[21:04:41.678] [bmv2] [D] [thread 127271] [33.0] [cxt 0] Pipeline 'egress': end
[21:04:41.678] [bmv2] [D] [thread 127271] [33.0] [cxt 0] Deparser 'deparser': start
[21:04:41.678] [bmv2] [T] [thread 127271] [33.0] [cxt 0] Skipping checksum 'cksum' update because condition not met
[21:04:41.678] [bmv2] [D] [thread 127271] [33.0] [cxt 0] Deparsing header 'ethernet'
[21:04:41.678] [bmv2] [D] [thread 127271] [33.0] [cxt 0] Deparser 'deparser': end
[21:04:41.678] [bmv2] [D] [thread 127275] [33.0] [cxt 0] Transmitting packet of size 196 out of port 0
[21:04:41.685] [bmv2] [D] [thread 127270] [34.0] [cxt 0] Processing packet received on port 2
[21:04:41.685] [bmv2] [D] [thread 127270] [34.0] [cxt 0] Parser 'parser': start
[21:04:41.685] [bmv2] [D] [thread 127270] [34.0] [cxt 0] Parser 'parser' entering state 'start'
[21:04:41.685] [bmv2] [D] [thread 127270] [34.0] [cxt 0] Extracting header 'ethernet'
[21:04:41.685] [bmv2] [D] [thread 127270] [34.0] [cxt 0] Parser state 'start': key is 86dd
[21:04:41.685] [bmv2] [T] [thread 127270] [34.0] [cxt 0] Bytes parsed: 14
[21:04:41.685] [bmv2] [D] [thread 127270] [34.0] [cxt 0] Parser 'parser': end
[21:04:41.685] [bmv2] [D] [thread 127270] [34.0] [cxt 0] Pipeline 'ingress': start
[21:04:41.685] [bmv2] [T] [thread 127270] [34.0] [cxt 0] basic_tunnel.p4(152) Condition "hdr.ipv4.isValid() && !hdr.myTunnel.isValid()" (node_2) is false
[21:04:41.685] [bmv2] [T] [thread 127270] [34.0] [cxt 0] basic_tunnel.p4(155) Condition "hdr.myTunnel.isValid()" (node_4) is false
[21:04:41.685] [bmv2] [D] [thread 127270] [34.0] [cxt 0] Pipeline 'ingress': end
[21:04:41.685] [bmv2] [D] [thread 127270] [34.0] [cxt 0] Egress port is 0
[21:04:41.685] [bmv2] [D] [thread 127271] [34.0] [cxt 0] Pipeline 'egress': start
[21:04:41.685] [bmv2] [D] [thread 127271] [34.0] [cxt 0] Pipeline 'egress': end
[21:04:41.685] [bmv2] [D] [thread 127271] [34.0] [cxt 0] Deparser 'deparser': start
[21:04:41.685] [bmv2] [T] [thread 127271] [34.0] [cxt 0] Skipping checksum 'cksum' update because condition not met
[21:04:41.685] [bmv2] [D] [thread 127271] [34.0] [cxt 0] Deparsing header 'ethernet'
[21:04:41.685] [bmv2] [D] [thread 127271] [34.0] [cxt 0] Deparser 'deparser': end
[21:04:41.686] [bmv2] [D] [thread 127275] [34.0] [cxt 0] Transmitting packet of size 110 out of port 0
[21:04:41.713] [bmv2] [D] [thread 127270] [35.0] [cxt 0] Processing packet received on port 2
[21:04:41.713] [bmv2] [D] [thread 127270] [35.0] [cxt 0] Parser 'parser': start
[21:04:41.713] [bmv2] [D] [thread 127270] [35.0] [cxt 0] Parser 'parser' entering state 'start'
[21:04:41.713] [bmv2] [D] [thread 127270] [35.0] [cxt 0] Extracting header 'ethernet'
[21:04:41.713] [bmv2] [D] [thread 127270] [35.0] [cxt 0] Parser state 'start': key is 86dd
[21:04:41.713] [bmv2] [T] [thread 127270] [35.0] [cxt 0] Bytes parsed: 14
[21:04:41.713] [bmv2] [D] [thread 127270] [35.0] [cxt 0] Parser 'parser': end
[21:04:41.713] [bmv2] [D] [thread 127270] [35.0] [cxt 0] Pipeline 'ingress': start
[21:04:41.713] [bmv2] [T] [thread 127270] [35.0] [cxt 0] basic_tunnel.p4(152) Condition "hdr.ipv4.isValid() && !hdr.myTunnel.isValid()" (node_2) is false
[21:04:41.713] [bmv2] [T] [thread 127270] [35.0] [cxt 0] basic_tunnel.p4(155) Condition "hdr.myTunnel.isValid()" (node_4) is false
[21:04:41.713] [bmv2] [D] [thread 127270] [35.0] [cxt 0] Pipeline 'ingress': end
[21:04:41.713] [bmv2] [D] [thread 127270] [35.0] [cxt 0] Egress port is 0
[21:04:41.713] [bmv2] [D] [thread 127271] [35.0] [cxt 0] Pipeline 'egress': start
[21:04:41.713] [bmv2] [D] [thread 127271] [35.0] [cxt 0] Pipeline 'egress': end
[21:04:41.713] [bmv2] [D] [thread 127271] [35.0] [cxt 0] Deparser 'deparser': start
[21:04:41.713] [bmv2] [T] [thread 127271] [35.0] [cxt 0] Skipping checksum 'cksum' update because condition not met
[21:04:41.713] [bmv2] [D] [thread 127271] [35.0] [cxt 0] Deparsing header 'ethernet'
[21:04:41.713] [bmv2] [D] [thread 127271] [35.0] [cxt 0] Deparser 'deparser': end
[21:04:41.714] [bmv2] [D] [thread 127275] [35.0] [cxt 0] Transmitting packet of size 196 out of port 0
[21:04:41.729] [bmv2] [D] [thread 127270] [36.0] [cxt 0] Processing packet received on port 3
[21:04:41.729] [bmv2] [D] [thread 127270] [36.0] [cxt 0] Parser 'parser': start
[21:04:41.729] [bmv2] [D] [thread 127270] [36.0] [cxt 0] Parser 'parser' entering state 'start'
[21:04:41.729] [bmv2] [D] [thread 127270] [36.0] [cxt 0] Extracting header 'ethernet'
[21:04:41.729] [bmv2] [D] [thread 127270] [36.0] [cxt 0] Parser state 'start': key is 86dd
[21:04:41.729] [bmv2] [T] [thread 127270] [36.0] [cxt 0] Bytes parsed: 14
[21:04:41.729] [bmv2] [D] [thread 127270] [36.0] [cxt 0] Parser 'parser': end
[21:04:41.729] [bmv2] [D] [thread 127270] [36.0] [cxt 0] Pipeline 'ingress': start
[21:04:41.729] [bmv2] [T] [thread 127270] [36.0] [cxt 0] basic_tunnel.p4(152) Condition "hdr.ipv4.isValid() && !hdr.myTunnel.isValid()" (node_2) is false
[21:04:41.729] [bmv2] [T] [thread 127270] [36.0] [cxt 0] basic_tunnel.p4(155) Condition "hdr.myTunnel.isValid()" (node_4) is false
[21:04:41.729] [bmv2] [D] [thread 127270] [36.0] [cxt 0] Pipeline 'ingress': end
[21:04:41.729] [bmv2] [D] [thread 127270] [36.0] [cxt 0] Egress port is 0
[21:04:41.729] [bmv2] [D] [thread 127271] [36.0] [cxt 0] Pipeline 'egress': start
[21:04:41.729] [bmv2] [D] [thread 127271] [36.0] [cxt 0] Pipeline 'egress': end
[21:04:41.729] [bmv2] [D] [thread 127271] [36.0] [cxt 0] Deparser 'deparser': start
[21:04:41.729] [bmv2] [T] [thread 127271] [36.0] [cxt 0] Skipping checksum 'cksum' update because condition not met
[21:04:41.729] [bmv2] [D] [thread 127271] [36.0] [cxt 0] Deparsing header 'ethernet'
[21:04:41.729] [bmv2] [D] [thread 127271] [36.0] [cxt 0] Deparser 'deparser': end
[21:04:41.729] [bmv2] [D] [thread 127275] [36.0] [cxt 0] Transmitting packet of size 208 out of port 0
[21:04:41.927] [bmv2] [D] [thread 127270] [37.0] [cxt 0] Processing packet received on port 3
[21:04:41.927] [bmv2] [D] [thread 127270] [37.0] [cxt 0] Parser 'parser': start
[21:04:41.927] [bmv2] [D] [thread 127270] [37.0] [cxt 0] Parser 'parser' entering state 'start'
[21:04:41.927] [bmv2] [D] [thread 127270] [37.0] [cxt 0] Extracting header 'ethernet'
[21:04:41.927] [bmv2] [D] [thread 127270] [37.0] [cxt 0] Parser state 'start': key is 86dd
[21:04:41.927] [bmv2] [T] [thread 127270] [37.0] [cxt 0] Bytes parsed: 14
[21:04:41.927] [bmv2] [D] [thread 127270] [37.0] [cxt 0] Parser 'parser': end
[21:04:41.927] [bmv2] [D] [thread 127270] [37.0] [cxt 0] Pipeline 'ingress': start
[21:04:41.928] [bmv2] [T] [thread 127270] [37.0] [cxt 0] basic_tunnel.p4(152) Condition "hdr.ipv4.isValid() && !hdr.myTunnel.isValid()" (node_2) is false
[21:04:41.928] [bmv2] [T] [thread 127270] [37.0] [cxt 0] basic_tunnel.p4(155) Condition "hdr.myTunnel.isValid()" (node_4) is false
[21:04:41.928] [bmv2] [D] [thread 127270] [37.0] [cxt 0] Pipeline 'ingress': end
[21:04:41.928] [bmv2] [D] [thread 127270] [37.0] [cxt 0] Egress port is 0
[21:04:41.928] [bmv2] [D] [thread 127271] [37.0] [cxt 0] Pipeline 'egress': start
[21:04:41.928] [bmv2] [D] [thread 127271] [37.0] [cxt 0] Pipeline 'egress': end
[21:04:41.928] [bmv2] [D] [thread 127271] [37.0] [cxt 0] Deparser 'deparser': start
[21:04:41.928] [bmv2] [T] [thread 127271] [37.0] [cxt 0] Skipping checksum 'cksum' update because condition not met
[21:04:41.928] [bmv2] [D] [thread 127271] [37.0] [cxt 0] Deparsing header 'ethernet'
[21:04:41.928] [bmv2] [D] [thread 127271] [37.0] [cxt 0] Deparser 'deparser': end
[21:04:41.928] [bmv2] [D] [thread 127275] [37.0] [cxt 0] Transmitting packet of size 196 out of port 0
[21:04:42.308] [bmv2] [W] [thread 127317] [P4Runtime] p4::tmp::P4DeviceConfig is deprecated
[21:04:42.310] [bmv2] [D] [thread 127317] Set default default entry for table 'MyIngress.ipv4_lpm': MyIngress.drop - 
[21:04:42.310] [bmv2] [D] [thread 127317] Set default default entry for table 'MyIngress.myTunnel_exact': MyIngress.drop - 
[21:04:42.315] [bmv2] [D] [thread 127317] simple_switch target has been notified of a config swap
[21:04:42.319] [bmv2] [D] [thread 127318] Entry 0 added to table 'MyIngress.ipv4_lpm'
[21:04:42.319] [bmv2] [D] [thread 127318] Dumping entry 0
Match key:
* hdr.ipv4.dstAddr    : LPM       0a000101/32
Action entry: MyIngress.ipv4_forward - 80000000100,2,

[21:04:42.321] [bmv2] [D] [thread 127317] Entry 1 added to table 'MyIngress.ipv4_lpm'
[21:04:42.322] [bmv2] [D] [thread 127317] Dumping entry 1
Match key:
* hdr.ipv4.dstAddr    : LPM       0a000202/32
Action entry: MyIngress.ipv4_forward - 80000000200,3,

[21:04:42.323] [bmv2] [D] [thread 127318] Entry 2 added to table 'MyIngress.ipv4_lpm'
[21:04:42.323] [bmv2] [D] [thread 127318] Dumping entry 2
Match key:
* hdr.ipv4.dstAddr    : LPM       0a000303/32
Action entry: MyIngress.ipv4_forward - 80000000333,1,

[21:04:42.324] [bmv2] [D] [thread 127318] Entry 0 added to table 'MyIngress.myTunnel_exact'
[21:04:42.324] [bmv2] [D] [thread 127318] Dumping entry 0
Match key:
* hdr.myTunnel.dst_id : EXACT     0001
Action entry: MyIngress.myTunnel_forward - 2,

[21:04:42.330] [bmv2] [D] [thread 127317] Entry 1 added to table 'MyIngress.myTunnel_exact'
[21:04:42.330] [bmv2] [D] [thread 127317] Dumping entry 1
Match key:
* hdr.myTunnel.dst_id : EXACT     0002
Action entry: MyIngress.myTunnel_forward - 3,

[21:04:42.332] [bmv2] [D] [thread 127318] Entry 2 added to table 'MyIngress.myTunnel_exact'
[21:04:42.333] [bmv2] [D] [thread 127318] Dumping entry 2
Match key:
* hdr.myTunnel.dst_id : EXACT     0003
Action entry: MyIngress.myTunnel_forward - 1,

[21:04:42.666] [bmv2] [D] [thread 127270] [38.0] [cxt 0] Processing packet received on port 2
[21:04:42.666] [bmv2] [D] [thread 127270] [38.0] [cxt 0] Parser 'parser': start
[21:04:42.666] [bmv2] [D] [thread 127270] [38.0] [cxt 0] Parser 'parser' entering state 'start'
[21:04:42.666] [bmv2] [D] [thread 127270] [38.0] [cxt 0] Extracting header 'ethernet'
[21:04:42.666] [bmv2] [D] [thread 127270] [38.0] [cxt 0] Parser state 'start': key is 86dd
[21:04:42.666] [bmv2] [T] [thread 127270] [38.0] [cxt 0] Bytes parsed: 14
[21:04:42.666] [bmv2] [D] [thread 127270] [38.0] [cxt 0] Parser 'parser': end
[21:04:42.666] [bmv2] [D] [thread 127270] [38.0] [cxt 0] Pipeline 'ingress': start
[21:04:42.666] [bmv2] [T] [thread 127270] [38.0] [cxt 0] basic_tunnel.p4(152) Condition "hdr.ipv4.isValid() && !hdr.myTunnel.isValid()" (node_2) is false
[21:04:42.666] [bmv2] [T] [thread 127270] [38.0] [cxt 0] basic_tunnel.p4(155) Condition "hdr.myTunnel.isValid()" (node_4) is false
[21:04:42.666] [bmv2] [D] [thread 127270] [38.0] [cxt 0] Pipeline 'ingress': end
[21:04:42.666] [bmv2] [D] [thread 127270] [38.0] [cxt 0] Egress port is 0
[21:04:42.667] [bmv2] [D] [thread 127271] [38.0] [cxt 0] Pipeline 'egress': start
[21:04:42.667] [bmv2] [D] [thread 127271] [38.0] [cxt 0] Pipeline 'egress': end
[21:04:42.667] [bmv2] [D] [thread 127271] [38.0] [cxt 0] Deparser 'deparser': start
[21:04:42.667] [bmv2] [T] [thread 127271] [38.0] [cxt 0] Skipping checksum 'cksum' update because condition not met
[21:04:42.667] [bmv2] [D] [thread 127271] [38.0] [cxt 0] Deparsing header 'ethernet'
[21:04:42.667] [bmv2] [D] [thread 127271] [38.0] [cxt 0] Deparser 'deparser': end
[21:04:42.668] [bmv2] [D] [thread 127275] [38.0] [cxt 0] Transmitting packet of size 196 out of port 0
[21:04:42.679] [bmv2] [D] [thread 127270] [39.0] [cxt 0] Processing packet received on port 3
[21:04:42.679] [bmv2] [D] [thread 127270] [39.0] [cxt 0] Parser 'parser': start
[21:04:42.679] [bmv2] [D] [thread 127270] [39.0] [cxt 0] Parser 'parser' entering state 'start'
[21:04:42.679] [bmv2] [D] [thread 127270] [39.0] [cxt 0] Extracting header 'ethernet'
[21:04:42.680] [bmv2] [D] [thread 127270] [39.0] [cxt 0] Parser state 'start': key is 86dd
[21:04:42.680] [bmv2] [T] [thread 127270] [39.0] [cxt 0] Bytes parsed: 14
[21:04:42.680] [bmv2] [D] [thread 127270] [39.0] [cxt 0] Parser 'parser': end
[21:04:42.680] [bmv2] [D] [thread 127270] [39.0] [cxt 0] Pipeline 'ingress': start
[21:04:42.680] [bmv2] [T] [thread 127270] [39.0] [cxt 0] basic_tunnel.p4(152) Condition "hdr.ipv4.isValid() && !hdr.myTunnel.isValid()" (node_2) is false
[21:04:42.680] [bmv2] [T] [thread 127270] [39.0] [cxt 0] basic_tunnel.p4(155) Condition "hdr.myTunnel.isValid()" (node_4) is false
[21:04:42.680] [bmv2] [D] [thread 127270] [39.0] [cxt 0] Pipeline 'ingress': end
[21:04:42.681] [bmv2] [D] [thread 127270] [39.0] [cxt 0] Egress port is 0
[21:04:42.681] [bmv2] [D] [thread 127271] [39.0] [cxt 0] Pipeline 'egress': start
[21:04:42.681] [bmv2] [D] [thread 127271] [39.0] [cxt 0] Pipeline 'egress': end
[21:04:42.681] [bmv2] [D] [thread 127271] [39.0] [cxt 0] Deparser 'deparser': start
[21:04:42.681] [bmv2] [T] [thread 127271] [39.0] [cxt 0] Skipping checksum 'cksum' update because condition not met
[21:04:42.681] [bmv2] [D] [thread 127271] [39.0] [cxt 0] Deparsing header 'ethernet'
[21:04:42.681] [bmv2] [D] [thread 127271] [39.0] [cxt 0] Deparser 'deparser': end
[21:04:42.682] [bmv2] [D] [thread 127275] [39.0] [cxt 0] Transmitting packet of size 196 out of port 0
[21:04:42.903] [bmv2] [D] [thread 127270] [40.0] [cxt 0] Processing packet received on port 1
[21:04:42.903] [bmv2] [D] [thread 127270] [40.0] [cxt 0] Parser 'parser': start
[21:04:42.903] [bmv2] [D] [thread 127270] [40.0] [cxt 0] Parser 'parser' entering state 'start'
[21:04:42.903] [bmv2] [D] [thread 127270] [40.0] [cxt 0] Extracting header 'ethernet'
[21:04:42.903] [bmv2] [D] [thread 127270] [40.0] [cxt 0] Parser state 'start': key is 86dd
[21:04:42.903] [bmv2] [T] [thread 127270] [40.0] [cxt 0] Bytes parsed: 14
[21:04:42.903] [bmv2] [D] [thread 127270] [40.0] [cxt 0] Parser 'parser': end
[21:04:42.903] [bmv2] [D] [thread 127270] [40.0] [cxt 0] Pipeline 'ingress': start
[21:04:42.903] [bmv2] [T] [thread 127270] [40.0] [cxt 0] basic_tunnel.p4(152) Condition "hdr.ipv4.isValid() && !hdr.myTunnel.isValid()" (node_2) is false
[21:04:42.903] [bmv2] [T] [thread 127270] [40.0] [cxt 0] basic_tunnel.p4(155) Condition "hdr.myTunnel.isValid()" (node_4) is false
[21:04:42.903] [bmv2] [D] [thread 127270] [40.0] [cxt 0] Pipeline 'ingress': end
[21:04:42.903] [bmv2] [D] [thread 127270] [40.0] [cxt 0] Egress port is 0
[21:04:42.903] [bmv2] [D] [thread 127271] [40.0] [cxt 0] Pipeline 'egress': start
[21:04:42.903] [bmv2] [D] [thread 127271] [40.0] [cxt 0] Pipeline 'egress': end
[21:04:42.903] [bmv2] [D] [thread 127271] [40.0] [cxt 0] Deparser 'deparser': start
[21:04:42.903] [bmv2] [T] [thread 127271] [40.0] [cxt 0] Skipping checksum 'cksum' update because condition not met
[21:04:42.903] [bmv2] [D] [thread 127271] [40.0] [cxt 0] Deparsing header 'ethernet'
[21:04:42.903] [bmv2] [D] [thread 127271] [40.0] [cxt 0] Deparser 'deparser': end
[21:04:42.903] [bmv2] [D] [thread 127275] [40.0] [cxt 0] Transmitting packet of size 196 out of port 0
[21:04:42.938] [bmv2] [D] [thread 127270] [41.0] [cxt 0] Processing packet received on port 2
[21:04:42.938] [bmv2] [D] [thread 127270] [41.0] [cxt 0] Parser 'parser': start
[21:04:42.938] [bmv2] [D] [thread 127270] [41.0] [cxt 0] Parser 'parser' entering state 'start'
[21:04:42.938] [bmv2] [D] [thread 127270] [41.0] [cxt 0] Extracting header 'ethernet'
[21:04:42.938] [bmv2] [D] [thread 127270] [41.0] [cxt 0] Parser state 'start': key is 86dd
[21:04:42.938] [bmv2] [T] [thread 127270] [41.0] [cxt 0] Bytes parsed: 14
[21:04:42.938] [bmv2] [D] [thread 127270] [41.0] [cxt 0] Parser 'parser': end
[21:04:42.938] [bmv2] [D] [thread 127270] [41.0] [cxt 0] Pipeline 'ingress': start
[21:04:42.938] [bmv2] [T] [thread 127270] [41.0] [cxt 0] basic_tunnel.p4(152) Condition "hdr.ipv4.isValid() && !hdr.myTunnel.isValid()" (node_2) is false
[21:04:42.938] [bmv2] [T] [thread 127270] [41.0] [cxt 0] basic_tunnel.p4(155) Condition "hdr.myTunnel.isValid()" (node_4) is false
[21:04:42.938] [bmv2] [D] [thread 127270] [41.0] [cxt 0] Pipeline 'ingress': end
[21:04:42.938] [bmv2] [D] [thread 127270] [41.0] [cxt 0] Egress port is 0
[21:04:42.938] [bmv2] [D] [thread 127271] [41.0] [cxt 0] Pipeline 'egress': start
[21:04:42.938] [bmv2] [D] [thread 127271] [41.0] [cxt 0] Pipeline 'egress': end
[21:04:42.938] [bmv2] [D] [thread 127271] [41.0] [cxt 0] Deparser 'deparser': start
[21:04:42.938] [bmv2] [T] [thread 127271] [41.0] [cxt 0] Skipping checksum 'cksum' update because condition not met
[21:04:42.938] [bmv2] [D] [thread 127271] [41.0] [cxt 0] Deparsing header 'ethernet'
[21:04:42.938] [bmv2] [D] [thread 127271] [41.0] [cxt 0] Deparser 'deparser': end
[21:04:42.938] [bmv2] [D] [thread 127275] [41.0] [cxt 0] Transmitting packet of size 196 out of port 0
[21:04:43.154] [bmv2] [D] [thread 127270] [42.0] [cxt 0] Processing packet received on port 3
[21:04:43.154] [bmv2] [D] [thread 127270] [42.0] [cxt 0] Parser 'parser': start
[21:04:43.154] [bmv2] [D] [thread 127270] [42.0] [cxt 0] Parser 'parser' entering state 'start'
[21:04:43.154] [bmv2] [D] [thread 127270] [42.0] [cxt 0] Extracting header 'ethernet'
[21:04:43.154] [bmv2] [D] [thread 127270] [42.0] [cxt 0] Parser state 'start': key is 86dd
[21:04:43.154] [bmv2] [T] [thread 127270] [42.0] [cxt 0] Bytes parsed: 14
[21:04:43.154] [bmv2] [D] [thread 127270] [42.0] [cxt 0] Parser 'parser': end
[21:04:43.154] [bmv2] [D] [thread 127270] [42.0] [cxt 0] Pipeline 'ingress': start
[21:04:43.154] [bmv2] [T] [thread 127270] [42.0] [cxt 0] basic_tunnel.p4(152) Condition "hdr.ipv4.isValid() && !hdr.myTunnel.isValid()" (node_2) is false
[21:04:43.154] [bmv2] [T] [thread 127270] [42.0] [cxt 0] basic_tunnel.p4(155) Condition "hdr.myTunnel.isValid()" (node_4) is false
[21:04:43.154] [bmv2] [D] [thread 127270] [42.0] [cxt 0] Pipeline 'ingress': end
[21:04:43.154] [bmv2] [D] [thread 127270] [42.0] [cxt 0] Egress port is 0
[21:04:43.154] [bmv2] [D] [thread 127271] [42.0] [cxt 0] Pipeline 'egress': start
[21:04:43.154] [bmv2] [D] [thread 127271] [42.0] [cxt 0] Pipeline 'egress': end
[21:04:43.154] [bmv2] [D] [thread 127271] [42.0] [cxt 0] Deparser 'deparser': start
[21:04:43.154] [bmv2] [T] [thread 127271] [42.0] [cxt 0] Skipping checksum 'cksum' update because condition not met
[21:04:43.154] [bmv2] [D] [thread 127271] [42.0] [cxt 0] Deparsing header 'ethernet'
[21:04:43.154] [bmv2] [D] [thread 127271] [42.0] [cxt 0] Deparser 'deparser': end
[21:04:43.154] [bmv2] [D] [thread 127275] [42.0] [cxt 0] Transmitting packet of size 196 out of port 0
[21:04:44.473] [bmv2] [D] [thread 127270] [43.0] [cxt 0] Processing packet received on port 2
[21:04:44.473] [bmv2] [D] [thread 127270] [43.0] [cxt 0] Parser 'parser': start
[21:04:44.473] [bmv2] [D] [thread 127270] [43.0] [cxt 0] Parser 'parser' entering state 'start'
[21:04:44.473] [bmv2] [D] [thread 127270] [43.0] [cxt 0] Extracting header 'ethernet'
[21:04:44.473] [bmv2] [D] [thread 127270] [43.0] [cxt 0] Parser state 'start': key is 86dd
[21:04:44.473] [bmv2] [T] [thread 127270] [43.0] [cxt 0] Bytes parsed: 14
[21:04:44.473] [bmv2] [D] [thread 127270] [43.0] [cxt 0] Parser 'parser': end
[21:04:44.473] [bmv2] [D] [thread 127270] [43.0] [cxt 0] Pipeline 'ingress': start
[21:04:44.473] [bmv2] [T] [thread 127270] [43.0] [cxt 0] basic_tunnel.p4(152) Condition "hdr.ipv4.isValid() && !hdr.myTunnel.isValid()" (node_2) is false
[21:04:44.473] [bmv2] [T] [thread 127270] [43.0] [cxt 0] basic_tunnel.p4(155) Condition "hdr.myTunnel.isValid()" (node_4) is false
[21:04:44.473] [bmv2] [D] [thread 127270] [43.0] [cxt 0] Pipeline 'ingress': end
[21:04:44.473] [bmv2] [D] [thread 127270] [43.0] [cxt 0] Egress port is 0
[21:04:44.474] [bmv2] [D] [thread 127271] [43.0] [cxt 0] Pipeline 'egress': start
[21:04:44.474] [bmv2] [D] [thread 127271] [43.0] [cxt 0] Pipeline 'egress': end
[21:04:44.474] [bmv2] [D] [thread 127271] [43.0] [cxt 0] Deparser 'deparser': start
[21:04:44.474] [bmv2] [T] [thread 127271] [43.0] [cxt 0] Skipping checksum 'cksum' update because condition not met
[21:04:44.474] [bmv2] [D] [thread 127271] [43.0] [cxt 0] Deparsing header 'ethernet'
[21:04:44.474] [bmv2] [D] [thread 127271] [43.0] [cxt 0] Deparser 'deparser': end
[21:04:44.474] [bmv2] [D] [thread 127275] [43.0] [cxt 0] Transmitting packet of size 70 out of port 0
[21:04:44.729] [bmv2] [D] [thread 127270] [44.0] [cxt 0] Processing packet received on port 2
[21:04:44.729] [bmv2] [D] [thread 127270] [44.0] [cxt 0] Parser 'parser': start
[21:04:44.729] [bmv2] [D] [thread 127270] [44.0] [cxt 0] Parser 'parser' entering state 'start'
[21:04:44.729] [bmv2] [D] [thread 127270] [44.0] [cxt 0] Extracting header 'ethernet'
[21:04:44.729] [bmv2] [D] [thread 127270] [44.0] [cxt 0] Parser state 'start': key is 86dd
[21:04:44.729] [bmv2] [T] [thread 127270] [44.0] [cxt 0] Bytes parsed: 14
[21:04:44.729] [bmv2] [D] [thread 127270] [44.0] [cxt 0] Parser 'parser': end
[21:04:44.729] [bmv2] [D] [thread 127270] [44.0] [cxt 0] Pipeline 'ingress': start
[21:04:44.729] [bmv2] [T] [thread 127270] [44.0] [cxt 0] basic_tunnel.p4(152) Condition "hdr.ipv4.isValid() && !hdr.myTunnel.isValid()" (node_2) is false
[21:04:44.729] [bmv2] [T] [thread 127270] [44.0] [cxt 0] basic_tunnel.p4(155) Condition "hdr.myTunnel.isValid()" (node_4) is false
[21:04:44.729] [bmv2] [D] [thread 127270] [44.0] [cxt 0] Pipeline 'ingress': end
[21:04:44.729] [bmv2] [D] [thread 127270] [44.0] [cxt 0] Egress port is 0
[21:04:44.729] [bmv2] [D] [thread 127271] [44.0] [cxt 0] Pipeline 'egress': start
[21:04:44.729] [bmv2] [D] [thread 127271] [44.0] [cxt 0] Pipeline 'egress': end
[21:04:44.729] [bmv2] [D] [thread 127271] [44.0] [cxt 0] Deparser 'deparser': start
[21:04:44.729] [bmv2] [T] [thread 127271] [44.0] [cxt 0] Skipping checksum 'cksum' update because condition not met
[21:04:44.729] [bmv2] [D] [thread 127271] [44.0] [cxt 0] Deparsing header 'ethernet'
[21:04:44.729] [bmv2] [D] [thread 127271] [44.0] [cxt 0] Deparser 'deparser': end
[21:04:44.729] [bmv2] [D] [thread 127275] [44.0] [cxt 0] Transmitting packet of size 70 out of port 0
[21:04:44.888] [bmv2] [D] [thread 127270] [45.0] [cxt 0] Processing packet received on port 2
[21:04:44.888] [bmv2] [D] [thread 127270] [45.0] [cxt 0] Parser 'parser': start
[21:04:44.888] [bmv2] [D] [thread 127270] [45.0] [cxt 0] Parser 'parser' entering state 'start'
[21:04:44.888] [bmv2] [D] [thread 127270] [45.0] [cxt 0] Extracting header 'ethernet'
[21:04:44.888] [bmv2] [D] [thread 127270] [45.0] [cxt 0] Parser state 'start': key is 86dd
[21:04:44.888] [bmv2] [T] [thread 127270] [45.0] [cxt 0] Bytes parsed: 14
[21:04:44.888] [bmv2] [D] [thread 127270] [45.0] [cxt 0] Parser 'parser': end
[21:04:44.888] [bmv2] [D] [thread 127270] [45.0] [cxt 0] Pipeline 'ingress': start
[21:04:44.888] [bmv2] [T] [thread 127270] [45.0] [cxt 0] basic_tunnel.p4(152) Condition "hdr.ipv4.isValid() && !hdr.myTunnel.isValid()" (node_2) is false
[21:04:44.888] [bmv2] [T] [thread 127270] [45.0] [cxt 0] basic_tunnel.p4(155) Condition "hdr.myTunnel.isValid()" (node_4) is false
[21:04:44.888] [bmv2] [D] [thread 127270] [45.0] [cxt 0] Pipeline 'ingress': end
[21:04:44.888] [bmv2] [D] [thread 127270] [45.0] [cxt 0] Egress port is 0
[21:04:44.888] [bmv2] [D] [thread 127271] [45.0] [cxt 0] Pipeline 'egress': start
[21:04:44.888] [bmv2] [D] [thread 127271] [45.0] [cxt 0] Pipeline 'egress': end
[21:04:44.888] [bmv2] [D] [thread 127271] [45.0] [cxt 0] Deparser 'deparser': start
[21:04:44.888] [bmv2] [T] [thread 127271] [45.0] [cxt 0] Skipping checksum 'cksum' update because condition not met
[21:04:44.888] [bmv2] [D] [thread 127271] [45.0] [cxt 0] Deparsing header 'ethernet'
[21:04:44.888] [bmv2] [D] [thread 127271] [45.0] [cxt 0] Deparser 'deparser': end
[21:04:44.888] [bmv2] [D] [thread 127275] [45.0] [cxt 0] Transmitting packet of size 196 out of port 0
[21:04:44.902] [bmv2] [D] [thread 127270] [46.0] [cxt 0] Processing packet received on port 3
[21:04:44.902] [bmv2] [D] [thread 127270] [46.0] [cxt 0] Parser 'parser': start
[21:04:44.902] [bmv2] [D] [thread 127270] [46.0] [cxt 0] Parser 'parser' entering state 'start'
[21:04:44.902] [bmv2] [D] [thread 127270] [46.0] [cxt 0] Extracting header 'ethernet'
[21:04:44.902] [bmv2] [D] [thread 127270] [46.0] [cxt 0] Parser state 'start': key is 86dd
[21:04:44.902] [bmv2] [T] [thread 127270] [46.0] [cxt 0] Bytes parsed: 14
[21:04:44.902] [bmv2] [D] [thread 127270] [46.0] [cxt 0] Parser 'parser': end
[21:04:44.902] [bmv2] [D] [thread 127270] [46.0] [cxt 0] Pipeline 'ingress': start
[21:04:44.902] [bmv2] [T] [thread 127270] [46.0] [cxt 0] basic_tunnel.p4(152) Condition "hdr.ipv4.isValid() && !hdr.myTunnel.isValid()" (node_2) is false
[21:04:44.902] [bmv2] [T] [thread 127270] [46.0] [cxt 0] basic_tunnel.p4(155) Condition "hdr.myTunnel.isValid()" (node_4) is false
[21:04:44.902] [bmv2] [D] [thread 127270] [46.0] [cxt 0] Pipeline 'ingress': end
[21:04:44.902] [bmv2] [D] [thread 127270] [46.0] [cxt 0] Egress port is 0
[21:04:44.902] [bmv2] [D] [thread 127271] [46.0] [cxt 0] Pipeline 'egress': start
[21:04:44.902] [bmv2] [D] [thread 127271] [46.0] [cxt 0] Pipeline 'egress': end
[21:04:44.902] [bmv2] [D] [thread 127271] [46.0] [cxt 0] Deparser 'deparser': start
[21:04:44.902] [bmv2] [T] [thread 127271] [46.0] [cxt 0] Skipping checksum 'cksum' update because condition not met
[21:04:44.902] [bmv2] [D] [thread 127271] [46.0] [cxt 0] Deparsing header 'ethernet'
[21:04:44.902] [bmv2] [D] [thread 127271] [46.0] [cxt 0] Deparser 'deparser': end
[21:04:44.902] [bmv2] [D] [thread 127275] [46.0] [cxt 0] Transmitting packet of size 196 out of port 0
[21:04:44.982] [bmv2] [D] [thread 127270] [47.0] [cxt 0] Processing packet received on port 1
[21:04:44.982] [bmv2] [D] [thread 127270] [47.0] [cxt 0] Parser 'parser': start
[21:04:44.982] [bmv2] [D] [thread 127270] [47.0] [cxt 0] Parser 'parser' entering state 'start'
[21:04:44.982] [bmv2] [D] [thread 127270] [47.0] [cxt 0] Extracting header 'ethernet'
[21:04:44.982] [bmv2] [D] [thread 127270] [47.0] [cxt 0] Parser state 'start': key is 86dd
[21:04:44.982] [bmv2] [T] [thread 127270] [47.0] [cxt 0] Bytes parsed: 14
[21:04:44.982] [bmv2] [D] [thread 127270] [47.0] [cxt 0] Parser 'parser': end
[21:04:44.982] [bmv2] [D] [thread 127270] [47.0] [cxt 0] Pipeline 'ingress': start
[21:04:44.982] [bmv2] [T] [thread 127270] [47.0] [cxt 0] basic_tunnel.p4(152) Condition "hdr.ipv4.isValid() && !hdr.myTunnel.isValid()" (node_2) is false
[21:04:44.982] [bmv2] [T] [thread 127270] [47.0] [cxt 0] basic_tunnel.p4(155) Condition "hdr.myTunnel.isValid()" (node_4) is false
[21:04:44.982] [bmv2] [D] [thread 127270] [47.0] [cxt 0] Pipeline 'ingress': end
[21:04:44.982] [bmv2] [D] [thread 127270] [47.0] [cxt 0] Egress port is 0
[21:04:44.982] [bmv2] [D] [thread 127270] [48.0] [cxt 0] Processing packet received on port 3
[21:04:44.983] [bmv2] [D] [thread 127270] [48.0] [cxt 0] Parser 'parser': start
[21:04:44.983] [bmv2] [D] [thread 127270] [48.0] [cxt 0] Parser 'parser' entering state 'start'
[21:04:44.983] [bmv2] [D] [thread 127270] [48.0] [cxt 0] Extracting header 'ethernet'
[21:04:44.983] [bmv2] [D] [thread 127270] [48.0] [cxt 0] Parser state 'start': key is 86dd
[21:04:44.983] [bmv2] [T] [thread 127270] [48.0] [cxt 0] Bytes parsed: 14
[21:04:44.983] [bmv2] [D] [thread 127270] [48.0] [cxt 0] Parser 'parser': end
[21:04:44.983] [bmv2] [D] [thread 127270] [48.0] [cxt 0] Pipeline 'ingress': start
[21:04:44.983] [bmv2] [T] [thread 127270] [48.0] [cxt 0] basic_tunnel.p4(152) Condition "hdr.ipv4.isValid() && !hdr.myTunnel.isValid()" (node_2) is false
[21:04:44.983] [bmv2] [T] [thread 127270] [48.0] [cxt 0] basic_tunnel.p4(155) Condition "hdr.myTunnel.isValid()" (node_4) is false
[21:04:44.983] [bmv2] [D] [thread 127270] [48.0] [cxt 0] Pipeline 'ingress': end
[21:04:44.983] [bmv2] [D] [thread 127270] [48.0] [cxt 0] Egress port is 0
[21:04:44.983] [bmv2] [D] [thread 127271] [47.0] [cxt 0] Pipeline 'egress': start
[21:04:44.983] [bmv2] [D] [thread 127271] [47.0] [cxt 0] Pipeline 'egress': end
[21:04:44.983] [bmv2] [D] [thread 127271] [47.0] [cxt 0] Deparser 'deparser': start
[21:04:44.983] [bmv2] [T] [thread 127271] [47.0] [cxt 0] Skipping checksum 'cksum' update because condition not met
[21:04:44.983] [bmv2] [D] [thread 127271] [47.0] [cxt 0] Deparsing header 'ethernet'
[21:04:44.983] [bmv2] [D] [thread 127271] [47.0] [cxt 0] Deparser 'deparser': end
[21:04:44.983] [bmv2] [D] [thread 127271] [48.0] [cxt 0] Pipeline 'egress': start
[21:04:44.983] [bmv2] [D] [thread 127271] [48.0] [cxt 0] Pipeline 'egress': end
[21:04:44.983] [bmv2] [D] [thread 127271] [48.0] [cxt 0] Deparser 'deparser': start
[21:04:44.983] [bmv2] [T] [thread 127271] [48.0] [cxt 0] Skipping checksum 'cksum' update because condition not met
[21:04:44.983] [bmv2] [D] [thread 127271] [48.0] [cxt 0] Deparsing header 'ethernet'
[21:04:44.983] [bmv2] [D] [thread 127271] [48.0] [cxt 0] Deparser 'deparser': end
[21:04:44.984] [bmv2] [D] [thread 127275] [47.0] [cxt 0] Transmitting packet of size 70 out of port 0
[21:04:44.984] [bmv2] [D] [thread 127275] [48.0] [cxt 0] Transmitting packet of size 70 out of port 0
[21:04:45.132] [bmv2] [D] [thread 127270] [49.0] [cxt 0] Processing packet received on port 1
[21:04:45.132] [bmv2] [D] [thread 127270] [49.0] [cxt 0] Parser 'parser': start
[21:04:45.132] [bmv2] [D] [thread 127270] [49.0] [cxt 0] Parser 'parser' entering state 'start'
[21:04:45.132] [bmv2] [D] [thread 127270] [49.0] [cxt 0] Extracting header 'ethernet'
[21:04:45.132] [bmv2] [D] [thread 127270] [49.0] [cxt 0] Parser state 'start': key is 86dd
[21:04:45.132] [bmv2] [T] [thread 127270] [49.0] [cxt 0] Bytes parsed: 14
[21:04:45.132] [bmv2] [D] [thread 127270] [49.0] [cxt 0] Parser 'parser': end
[21:04:45.132] [bmv2] [D] [thread 127270] [49.0] [cxt 0] Pipeline 'ingress': start
[21:04:45.132] [bmv2] [T] [thread 127270] [49.0] [cxt 0] basic_tunnel.p4(152) Condition "hdr.ipv4.isValid() && !hdr.myTunnel.isValid()" (node_2) is false
[21:04:45.132] [bmv2] [T] [thread 127270] [49.0] [cxt 0] basic_tunnel.p4(155) Condition "hdr.myTunnel.isValid()" (node_4) is false
[21:04:45.132] [bmv2] [D] [thread 127270] [49.0] [cxt 0] Pipeline 'ingress': end
[21:04:45.132] [bmv2] [D] [thread 127270] [49.0] [cxt 0] Egress port is 0
[21:04:45.132] [bmv2] [D] [thread 127271] [49.0] [cxt 0] Pipeline 'egress': start
[21:04:45.132] [bmv2] [D] [thread 127271] [49.0] [cxt 0] Pipeline 'egress': end
[21:04:45.132] [bmv2] [D] [thread 127271] [49.0] [cxt 0] Deparser 'deparser': start
[21:04:45.132] [bmv2] [T] [thread 127271] [49.0] [cxt 0] Skipping checksum 'cksum' update because condition not met
[21:04:45.132] [bmv2] [D] [thread 127271] [49.0] [cxt 0] Deparsing header 'ethernet'
[21:04:45.132] [bmv2] [D] [thread 127271] [49.0] [cxt 0] Deparser 'deparser': end
[21:04:45.132] [bmv2] [D] [thread 127275] [49.0] [cxt 0] Transmitting packet of size 196 out of port 0
[21:04:45.168] [bmv2] [D] [thread 127270] [50.0] [cxt 0] Processing packet received on port 2
[21:04:45.168] [bmv2] [D] [thread 127270] [50.0] [cxt 0] Parser 'parser': start
[21:04:45.168] [bmv2] [D] [thread 127270] [50.0] [cxt 0] Parser 'parser' entering state 'start'
[21:04:45.168] [bmv2] [D] [thread 127270] [50.0] [cxt 0] Extracting header 'ethernet'
[21:04:45.168] [bmv2] [D] [thread 127270] [50.0] [cxt 0] Parser state 'start': key is 86dd
[21:04:45.168] [bmv2] [T] [thread 127270] [50.0] [cxt 0] Bytes parsed: 14
[21:04:45.168] [bmv2] [D] [thread 127270] [50.0] [cxt 0] Parser 'parser': end
[21:04:45.168] [bmv2] [D] [thread 127270] [50.0] [cxt 0] Pipeline 'ingress': start
[21:04:45.168] [bmv2] [T] [thread 127270] [50.0] [cxt 0] basic_tunnel.p4(152) Condition "hdr.ipv4.isValid() && !hdr.myTunnel.isValid()" (node_2) is false
[21:04:45.168] [bmv2] [T] [thread 127270] [50.0] [cxt 0] basic_tunnel.p4(155) Condition "hdr.myTunnel.isValid()" (node_4) is false
[21:04:45.168] [bmv2] [D] [thread 127270] [50.0] [cxt 0] Pipeline 'ingress': end
[21:04:45.168] [bmv2] [D] [thread 127270] [50.0] [cxt 0] Egress port is 0
[21:04:45.168] [bmv2] [D] [thread 127271] [50.0] [cxt 0] Pipeline 'egress': start
[21:04:45.168] [bmv2] [D] [thread 127271] [50.0] [cxt 0] Pipeline 'egress': end
[21:04:45.168] [bmv2] [D] [thread 127271] [50.0] [cxt 0] Deparser 'deparser': start
[21:04:45.168] [bmv2] [T] [thread 127271] [50.0] [cxt 0] Skipping checksum 'cksum' update because condition not met
[21:04:45.168] [bmv2] [D] [thread 127271] [50.0] [cxt 0] Deparsing header 'ethernet'
[21:04:45.168] [bmv2] [D] [thread 127271] [50.0] [cxt 0] Deparser 'deparser': end
[21:04:45.168] [bmv2] [D] [thread 127275] [50.0] [cxt 0] Transmitting packet of size 196 out of port 0
[21:04:45.239] [bmv2] [D] [thread 127270] [51.0] [cxt 0] Processing packet received on port 3
[21:04:45.239] [bmv2] [D] [thread 127270] [51.0] [cxt 0] Parser 'parser': start
[21:04:45.239] [bmv2] [D] [thread 127270] [51.0] [cxt 0] Parser 'parser' entering state 'start'
[21:04:45.239] [bmv2] [D] [thread 127270] [51.0] [cxt 0] Extracting header 'ethernet'
[21:04:45.239] [bmv2] [D] [thread 127270] [51.0] [cxt 0] Parser state 'start': key is 86dd
[21:04:45.239] [bmv2] [T] [thread 127270] [51.0] [cxt 0] Bytes parsed: 14
[21:04:45.239] [bmv2] [D] [thread 127270] [51.0] [cxt 0] Parser 'parser': end
[21:04:45.239] [bmv2] [D] [thread 127270] [51.0] [cxt 0] Pipeline 'ingress': start
[21:04:45.239] [bmv2] [T] [thread 127270] [51.0] [cxt 0] basic_tunnel.p4(152) Condition "hdr.ipv4.isValid() && !hdr.myTunnel.isValid()" (node_2) is false
[21:04:45.239] [bmv2] [T] [thread 127270] [51.0] [cxt 0] basic_tunnel.p4(155) Condition "hdr.myTunnel.isValid()" (node_4) is false
[21:04:45.239] [bmv2] [D] [thread 127270] [51.0] [cxt 0] Pipeline 'ingress': end
[21:04:45.239] [bmv2] [D] [thread 127270] [51.0] [cxt 0] Egress port is 0
[21:04:45.239] [bmv2] [D] [thread 127271] [51.0] [cxt 0] Pipeline 'egress': start
[21:04:45.239] [bmv2] [D] [thread 127271] [51.0] [cxt 0] Pipeline 'egress': end
[21:04:45.239] [bmv2] [D] [thread 127271] [51.0] [cxt 0] Deparser 'deparser': start
[21:04:45.239] [bmv2] [T] [thread 127271] [51.0] [cxt 0] Skipping checksum 'cksum' update because condition not met
[21:04:45.239] [bmv2] [D] [thread 127271] [51.0] [cxt 0] Deparsing header 'ethernet'
[21:04:45.239] [bmv2] [D] [thread 127271] [51.0] [cxt 0] Deparser 'deparser': end
[21:04:45.239] [bmv2] [D] [thread 127275] [51.0] [cxt 0] Transmitting packet of size 70 out of port 0
[21:04:45.378] [bmv2] [D] [thread 127270] [52.0] [cxt 0] Processing packet received on port 3
[21:04:45.378] [bmv2] [D] [thread 127270] [52.0] [cxt 0] Parser 'parser': start
[21:04:45.378] [bmv2] [D] [thread 127270] [52.0] [cxt 0] Parser 'parser' entering state 'start'
[21:04:45.378] [bmv2] [D] [thread 127270] [52.0] [cxt 0] Extracting header 'ethernet'
[21:04:45.378] [bmv2] [D] [thread 127270] [52.0] [cxt 0] Parser state 'start': key is 86dd
[21:04:45.378] [bmv2] [T] [thread 127270] [52.0] [cxt 0] Bytes parsed: 14
[21:04:45.378] [bmv2] [D] [thread 127270] [52.0] [cxt 0] Parser 'parser': end
[21:04:45.378] [bmv2] [D] [thread 127270] [52.0] [cxt 0] Pipeline 'ingress': start
[21:04:45.378] [bmv2] [T] [thread 127270] [52.0] [cxt 0] basic_tunnel.p4(152) Condition "hdr.ipv4.isValid() && !hdr.myTunnel.isValid()" (node_2) is false
[21:04:45.378] [bmv2] [T] [thread 127270] [52.0] [cxt 0] basic_tunnel.p4(155) Condition "hdr.myTunnel.isValid()" (node_4) is false
[21:04:45.378] [bmv2] [D] [thread 127270] [52.0] [cxt 0] Pipeline 'ingress': end
[21:04:45.378] [bmv2] [D] [thread 127270] [52.0] [cxt 0] Egress port is 0
[21:04:45.378] [bmv2] [D] [thread 127271] [52.0] [cxt 0] Pipeline 'egress': start
[21:04:45.378] [bmv2] [D] [thread 127271] [52.0] [cxt 0] Pipeline 'egress': end
[21:04:45.378] [bmv2] [D] [thread 127271] [52.0] [cxt 0] Deparser 'deparser': start
[21:04:45.378] [bmv2] [T] [thread 127271] [52.0] [cxt 0] Skipping checksum 'cksum' update because condition not met
[21:04:45.378] [bmv2] [D] [thread 127271] [52.0] [cxt 0] Deparsing header 'ethernet'
[21:04:45.378] [bmv2] [D] [thread 127271] [52.0] [cxt 0] Deparser 'deparser': end
[21:04:45.378] [bmv2] [D] [thread 127275] [52.0] [cxt 0] Transmitting packet of size 196 out of port 0
