Calling target program-options parser
[15:29:20.751] [bmv2] [D] [thread 18714] Set default default entry for table 'tbl_srcRoute_finish': MyIngress.srcRoute_finish - 
[15:29:20.751] [bmv2] [D] [thread 18714] Set default default entry for table 'tbl_srcRoute_nhop': MyIngress.srcRoute_nhop - 
[15:29:20.751] [bmv2] [D] [thread 18714] Set default default entry for table 'tbl_update_ttl': MyIngress.update_ttl - 
[15:29:20.751] [bmv2] [D] [thread 18714] Set default default entry for table 'tbl_drop': MyIngress.drop - 
Adding interface s3-eth1 as port 1
[15:29:20.752] [bmv2] [D] [thread 18714] Adding interface s3-eth1 as port 1
Adding interface s3-eth2 as port 2
[15:29:20.812] [bmv2] [D] [thread 18714] Adding interface s3-eth2 as port 2
Adding interface s3-eth3 as port 3
[15:29:20.881] [bmv2] [D] [thread 18714] Adding interface s3-eth3 as port 3
Server listening on 0.0.0.0:50053
[15:29:20.954] [bmv2] [I] [thread 18714] Starting Thrift server on port 9092
[15:29:20.956] [bmv2] [I] [thread 18714] Thrift server was started
[15:29:20.961] [bmv2] [D] [thread 18727] [0.0] [cxt 0] Processing packet received on port 1
[15:29:20.961] [bmv2] [D] [thread 18727] [0.0] [cxt 0] Parser 'parser': start
[15:29:20.961] [bmv2] [D] [thread 18727] [0.0] [cxt 0] Parser 'parser' entering state 'start'
[15:29:20.961] [bmv2] [D] [thread 18727] [0.0] [cxt 0] Extracting header 'ethernet'
[15:29:20.961] [bmv2] [D] [thread 18727] [0.0] [cxt 0] Extracting header 'ethernet'
[15:29:20.961] [bmv2] [D] [thread 18727] [0.0] [cxt 0] Parser state 'start': key is 0000
[15:29:20.961] [bmv2] [T] [thread 18727] [0.0] [cxt 0] Bytes parsed: 28
[15:29:20.961] [bmv2] [D] [thread 18727] [0.0] [cxt 0] Parser 'parser': end
[15:29:20.961] [bmv2] [D] [thread 18727] [0.0] [cxt 0] Pipeline 'ingress': start
[15:29:20.961] [bmv2] [T] [thread 18727] [0.0] [cxt 0] source_routing.p4(150) Condition "hdr.srcRoutes[0].isValid()" (node_2) is false
[15:29:20.961] [bmv2] [T] [thread 18727] [0.0] [cxt 0] Applying table 'tbl_drop'
[15:29:20.961] [bmv2] [D] [thread 18727] [0.0] [cxt 0] Looking up key:

[15:29:20.961] [bmv2] [D] [thread 18727] [0.0] [cxt 0] Table 'tbl_drop': miss
[15:29:20.961] [bmv2] [D] [thread 18727] [0.0] [cxt 0] Action entry is MyIngress.drop - 
[15:29:20.961] [bmv2] [T] [thread 18727] [0.0] [cxt 0] Action MyIngress.drop
[15:29:20.961] [bmv2] [T] [thread 18727] [0.0] [cxt 0] source_routing.p4(122) Primitive mark_to_drop(standard_metadata)
[15:29:20.961] [bmv2] [D] [thread 18727] [0.0] [cxt 0] Pipeline 'ingress': end
[15:29:20.961] [bmv2] [D] [thread 18727] [0.0] [cxt 0] Egress port is 511
[15:29:20.961] [bmv2] [D] [thread 18727] [0.0] [cxt 0] Dropping packet at the end of ingress
[15:29:20.961] [bmv2] [D] [thread 18727] [1.0] [cxt 0] Processing packet received on port 2
[15:29:20.961] [bmv2] [D] [thread 18727] [1.0] [cxt 0] Parser 'parser': start
[15:29:20.961] [bmv2] [D] [thread 18727] [1.0] [cxt 0] Parser 'parser' entering state 'start'
[15:29:20.961] [bmv2] [D] [thread 18727] [1.0] [cxt 0] Extracting header 'ethernet'
[15:29:20.961] [bmv2] [D] [thread 18727] [1.0] [cxt 0] Extracting header 'ethernet'
[15:29:20.961] [bmv2] [D] [thread 18727] [1.0] [cxt 0] Parser state 'start': key is 0000
[15:29:20.961] [bmv2] [T] [thread 18727] [1.0] [cxt 0] Bytes parsed: 28
[15:29:20.961] [bmv2] [D] [thread 18727] [1.0] [cxt 0] Parser 'parser': end
[15:29:20.961] [bmv2] [D] [thread 18727] [1.0] [cxt 0] Pipeline 'ingress': start
[15:29:20.961] [bmv2] [T] [thread 18727] [1.0] [cxt 0] source_routing.p4(150) Condition "hdr.srcRoutes[0].isValid()" (node_2) is false
[15:29:20.961] [bmv2] [T] [thread 18727] [1.0] [cxt 0] Applying table 'tbl_drop'
[15:29:20.961] [bmv2] [D] [thread 18727] [1.0] [cxt 0] Looking up key:

[15:29:20.961] [bmv2] [D] [thread 18727] [1.0] [cxt 0] Table 'tbl_drop': miss
[15:29:20.961] [bmv2] [D] [thread 18727] [1.0] [cxt 0] Action entry is MyIngress.drop - 
[15:29:20.961] [bmv2] [T] [thread 18727] [1.0] [cxt 0] Action MyIngress.drop
[15:29:20.961] [bmv2] [T] [thread 18727] [1.0] [cxt 0] source_routing.p4(122) Primitive mark_to_drop(standard_metadata)
[15:29:20.961] [bmv2] [D] [thread 18727] [1.0] [cxt 0] Pipeline 'ingress': end
[15:29:20.962] [bmv2] [D] [thread 18727] [1.0] [cxt 0] Egress port is 511
[15:29:20.962] [bmv2] [D] [thread 18727] [1.0] [cxt 0] Dropping packet at the end of ingress
[15:29:20.962] [bmv2] [D] [thread 18727] [2.0] [cxt 0] Processing packet received on port 2
[15:29:20.962] [bmv2] [D] [thread 18727] [2.0] [cxt 0] Parser 'parser': start
[15:29:20.963] [bmv2] [D] [thread 18727] [2.0] [cxt 0] Parser 'parser' entering state 'start'
[15:29:20.963] [bmv2] [D] [thread 18727] [2.0] [cxt 0] Extracting header 'ethernet'
[15:29:20.963] [bmv2] [D] [thread 18727] [2.0] [cxt 0] Extracting header 'ethernet'
[15:29:20.963] [bmv2] [D] [thread 18727] [2.0] [cxt 0] Parser state 'start': key is 0000
[15:29:20.963] [bmv2] [T] [thread 18727] [2.0] [cxt 0] Bytes parsed: 28
[15:29:20.963] [bmv2] [D] [thread 18727] [2.0] [cxt 0] Parser 'parser': end
[15:29:20.963] [bmv2] [D] [thread 18727] [2.0] [cxt 0] Pipeline 'ingress': start
[15:29:20.963] [bmv2] [T] [thread 18727] [2.0] [cxt 0] source_routing.p4(150) Condition "hdr.srcRoutes[0].isValid()" (node_2) is false
[15:29:20.963] [bmv2] [T] [thread 18727] [2.0] [cxt 0] Applying table 'tbl_drop'
[15:29:20.963] [bmv2] [D] [thread 18727] [2.0] [cxt 0] Looking up key:

[15:29:20.963] [bmv2] [D] [thread 18727] [2.0] [cxt 0] Table 'tbl_drop': miss
[15:29:20.963] [bmv2] [D] [thread 18727] [2.0] [cxt 0] Action entry is MyIngress.drop - 
[15:29:20.963] [bmv2] [T] [thread 18727] [2.0] [cxt 0] Action MyIngress.drop
[15:29:20.963] [bmv2] [T] [thread 18727] [2.0] [cxt 0] source_routing.p4(122) Primitive mark_to_drop(standard_metadata)
[15:29:20.963] [bmv2] [D] [thread 18727] [2.0] [cxt 0] Pipeline 'ingress': end
[15:29:20.963] [bmv2] [D] [thread 18727] [2.0] [cxt 0] Egress port is 511
[15:29:20.963] [bmv2] [D] [thread 18727] [2.0] [cxt 0] Dropping packet at the end of ingress
[15:29:20.963] [bmv2] [D] [thread 18727] [3.0] [cxt 0] Processing packet received on port 2
[15:29:20.963] [bmv2] [D] [thread 18727] [3.0] [cxt 0] Parser 'parser': start
[15:29:20.963] [bmv2] [D] [thread 18727] [3.0] [cxt 0] Parser 'parser' entering state 'start'
[15:29:20.963] [bmv2] [D] [thread 18727] [3.0] [cxt 0] Extracting header 'ethernet'
[15:29:20.963] [bmv2] [D] [thread 18727] [3.0] [cxt 0] Extracting header 'ethernet'
[15:29:20.963] [bmv2] [D] [thread 18727] [3.0] [cxt 0] Parser state 'start': key is 0000
[15:29:20.963] [bmv2] [T] [thread 18727] [3.0] [cxt 0] Bytes parsed: 28
[15:29:20.963] [bmv2] [D] [thread 18727] [3.0] [cxt 0] Parser 'parser': end
[15:29:20.963] [bmv2] [D] [thread 18727] [3.0] [cxt 0] Pipeline 'ingress': start
[15:29:20.963] [bmv2] [T] [thread 18727] [3.0] [cxt 0] source_routing.p4(150) Condition "hdr.srcRoutes[0].isValid()" (node_2) is false
[15:29:20.963] [bmv2] [T] [thread 18727] [3.0] [cxt 0] Applying table 'tbl_drop'
[15:29:20.963] [bmv2] [D] [thread 18727] [3.0] [cxt 0] Looking up key:

[15:29:20.963] [bmv2] [D] [thread 18727] [3.0] [cxt 0] Table 'tbl_drop': miss
[15:29:20.963] [bmv2] [D] [thread 18727] [3.0] [cxt 0] Action entry is MyIngress.drop - 
[15:29:20.963] [bmv2] [T] [thread 18727] [3.0] [cxt 0] Action MyIngress.drop
[15:29:20.963] [bmv2] [T] [thread 18727] [3.0] [cxt 0] source_routing.p4(122) Primitive mark_to_drop(standard_metadata)
[15:29:20.963] [bmv2] [D] [thread 18727] [3.0] [cxt 0] Pipeline 'ingress': end
[15:29:20.963] [bmv2] [D] [thread 18727] [3.0] [cxt 0] Egress port is 511
[15:29:20.963] [bmv2] [D] [thread 18727] [3.0] [cxt 0] Dropping packet at the end of ingress
[15:29:20.963] [bmv2] [D] [thread 18727] [4.0] [cxt 0] Processing packet received on port 2
[15:29:20.963] [bmv2] [D] [thread 18727] [4.0] [cxt 0] Parser 'parser': start
[15:29:20.963] [bmv2] [D] [thread 18727] [4.0] [cxt 0] Parser 'parser' entering state 'start'
[15:29:20.963] [bmv2] [D] [thread 18727] [4.0] [cxt 0] Extracting header 'ethernet'
[15:29:20.963] [bmv2] [D] [thread 18727] [4.0] [cxt 0] Extracting header 'ethernet'
[15:29:20.963] [bmv2] [D] [thread 18727] [4.0] [cxt 0] Parser state 'start': key is 0000
[15:29:20.963] [bmv2] [T] [thread 18727] [4.0] [cxt 0] Bytes parsed: 28
[15:29:20.963] [bmv2] [D] [thread 18727] [4.0] [cxt 0] Parser 'parser': end
[15:29:20.963] [bmv2] [D] [thread 18727] [4.0] [cxt 0] Pipeline 'ingress': start
[15:29:20.963] [bmv2] [T] [thread 18727] [4.0] [cxt 0] source_routing.p4(150) Condition "hdr.srcRoutes[0].isValid()" (node_2) is false
[15:29:20.963] [bmv2] [T] [thread 18727] [4.0] [cxt 0] Applying table 'tbl_drop'
[15:29:20.963] [bmv2] [D] [thread 18727] [4.0] [cxt 0] Looking up key:

[15:29:20.963] [bmv2] [D] [thread 18727] [4.0] [cxt 0] Table 'tbl_drop': miss
[15:29:20.963] [bmv2] [D] [thread 18727] [4.0] [cxt 0] Action entry is MyIngress.drop - 
[15:29:20.963] [bmv2] [T] [thread 18727] [4.0] [cxt 0] Action MyIngress.drop
[15:29:20.963] [bmv2] [T] [thread 18727] [4.0] [cxt 0] source_routing.p4(122) Primitive mark_to_drop(standard_metadata)
[15:29:20.963] [bmv2] [D] [thread 18727] [4.0] [cxt 0] Pipeline 'ingress': end
[15:29:20.963] [bmv2] [D] [thread 18727] [4.0] [cxt 0] Egress port is 511
[15:29:20.963] [bmv2] [D] [thread 18727] [4.0] [cxt 0] Dropping packet at the end of ingress
[15:29:20.981] [bmv2] [D] [thread 18727] [5.0] [cxt 0] Processing packet received on port 2
[15:29:20.981] [bmv2] [D] [thread 18727] [5.0] [cxt 0] Parser 'parser': start
[15:29:20.981] [bmv2] [D] [thread 18727] [5.0] [cxt 0] Parser 'parser' entering state 'start'
[15:29:20.981] [bmv2] [D] [thread 18727] [5.0] [cxt 0] Extracting header 'ethernet'
[15:29:20.981] [bmv2] [D] [thread 18727] [5.0] [cxt 0] Extracting header 'ethernet'
[15:29:20.981] [bmv2] [D] [thread 18727] [5.0] [cxt 0] Parser state 'start': key is 0000
[15:29:20.981] [bmv2] [T] [thread 18727] [5.0] [cxt 0] Bytes parsed: 28
[15:29:20.981] [bmv2] [D] [thread 18727] [5.0] [cxt 0] Parser 'parser': end
[15:29:20.981] [bmv2] [D] [thread 18727] [5.0] [cxt 0] Pipeline 'ingress': start
[15:29:20.981] [bmv2] [T] [thread 18727] [5.0] [cxt 0] source_routing.p4(150) Condition "hdr.srcRoutes[0].isValid()" (node_2) is false
[15:29:20.981] [bmv2] [T] [thread 18727] [5.0] [cxt 0] Applying table 'tbl_drop'
[15:29:20.981] [bmv2] [D] [thread 18727] [5.0] [cxt 0] Looking up key:

[15:29:20.981] [bmv2] [D] [thread 18727] [5.0] [cxt 0] Table 'tbl_drop': miss
[15:29:20.981] [bmv2] [D] [thread 18727] [5.0] [cxt 0] Action entry is MyIngress.drop - 
[15:29:20.981] [bmv2] [T] [thread 18727] [5.0] [cxt 0] Action MyIngress.drop
[15:29:20.981] [bmv2] [T] [thread 18727] [5.0] [cxt 0] source_routing.p4(122) Primitive mark_to_drop(standard_metadata)
[15:29:20.981] [bmv2] [D] [thread 18727] [5.0] [cxt 0] Pipeline 'ingress': end
[15:29:20.981] [bmv2] [D] [thread 18727] [5.0] [cxt 0] Egress port is 511
[15:29:20.981] [bmv2] [D] [thread 18727] [5.0] [cxt 0] Dropping packet at the end of ingress
[15:29:21.023] [bmv2] [D] [thread 18727] [6.0] [cxt 0] Processing packet received on port 3
[15:29:21.024] [bmv2] [D] [thread 18727] [6.0] [cxt 0] Parser 'parser': start
[15:29:21.024] [bmv2] [D] [thread 18727] [6.0] [cxt 0] Parser 'parser' entering state 'start'
[15:29:21.024] [bmv2] [D] [thread 18727] [6.0] [cxt 0] Extracting header 'ethernet'
[15:29:21.024] [bmv2] [D] [thread 18727] [6.0] [cxt 0] Extracting header 'ethernet'
[15:29:21.024] [bmv2] [D] [thread 18727] [6.0] [cxt 0] Parser state 'start': key is 0000
[15:29:21.024] [bmv2] [T] [thread 18727] [6.0] [cxt 0] Bytes parsed: 28
[15:29:21.024] [bmv2] [D] [thread 18727] [6.0] [cxt 0] Parser 'parser': end
[15:29:21.024] [bmv2] [D] [thread 18727] [6.0] [cxt 0] Pipeline 'ingress': start
[15:29:21.024] [bmv2] [T] [thread 18727] [6.0] [cxt 0] source_routing.p4(150) Condition "hdr.srcRoutes[0].isValid()" (node_2) is false
[15:29:21.024] [bmv2] [T] [thread 18727] [6.0] [cxt 0] Applying table 'tbl_drop'
[15:29:21.024] [bmv2] [D] [thread 18727] [6.0] [cxt 0] Looking up key:

[15:29:21.024] [bmv2] [D] [thread 18727] [6.0] [cxt 0] Table 'tbl_drop': miss
[15:29:21.024] [bmv2] [D] [thread 18727] [6.0] [cxt 0] Action entry is MyIngress.drop - 
[15:29:21.024] [bmv2] [T] [thread 18727] [6.0] [cxt 0] Action MyIngress.drop
[15:29:21.024] [bmv2] [T] [thread 18727] [6.0] [cxt 0] source_routing.p4(122) Primitive mark_to_drop(standard_metadata)
[15:29:21.024] [bmv2] [D] [thread 18727] [6.0] [cxt 0] Pipeline 'ingress': end
[15:29:21.024] [bmv2] [D] [thread 18727] [6.0] [cxt 0] Egress port is 511
[15:29:21.024] [bmv2] [D] [thread 18727] [6.0] [cxt 0] Dropping packet at the end of ingress
[15:29:21.033] [bmv2] [D] [thread 18727] [7.0] [cxt 0] Processing packet received on port 1
[15:29:21.033] [bmv2] [D] [thread 18727] [7.0] [cxt 0] Parser 'parser': start
[15:29:21.033] [bmv2] [D] [thread 18727] [7.0] [cxt 0] Parser 'parser' entering state 'start'
[15:29:21.033] [bmv2] [D] [thread 18727] [7.0] [cxt 0] Extracting header 'ethernet'
[15:29:21.033] [bmv2] [D] [thread 18727] [7.0] [cxt 0] Extracting header 'ethernet'
[15:29:21.033] [bmv2] [D] [thread 18727] [7.0] [cxt 0] Parser state 'start': key is 0000
[15:29:21.033] [bmv2] [T] [thread 18727] [7.0] [cxt 0] Bytes parsed: 28
[15:29:21.033] [bmv2] [D] [thread 18727] [7.0] [cxt 0] Parser 'parser': end
[15:29:21.033] [bmv2] [D] [thread 18727] [7.0] [cxt 0] Pipeline 'ingress': start
[15:29:21.033] [bmv2] [T] [thread 18727] [7.0] [cxt 0] source_routing.p4(150) Condition "hdr.srcRoutes[0].isValid()" (node_2) is false
[15:29:21.033] [bmv2] [T] [thread 18727] [7.0] [cxt 0] Applying table 'tbl_drop'
[15:29:21.033] [bmv2] [D] [thread 18727] [7.0] [cxt 0] Looking up key:

[15:29:21.033] [bmv2] [D] [thread 18727] [7.0] [cxt 0] Table 'tbl_drop': miss
[15:29:21.033] [bmv2] [D] [thread 18727] [7.0] [cxt 0] Action entry is MyIngress.drop - 
[15:29:21.033] [bmv2] [T] [thread 18727] [7.0] [cxt 0] Action MyIngress.drop
[15:29:21.033] [bmv2] [T] [thread 18727] [7.0] [cxt 0] source_routing.p4(122) Primitive mark_to_drop(standard_metadata)
[15:29:21.033] [bmv2] [D] [thread 18727] [7.0] [cxt 0] Pipeline 'ingress': end
[15:29:21.033] [bmv2] [D] [thread 18727] [7.0] [cxt 0] Egress port is 511
[15:29:21.033] [bmv2] [D] [thread 18727] [7.0] [cxt 0] Dropping packet at the end of ingress
[15:29:21.033] [bmv2] [D] [thread 18727] [8.0] [cxt 0] Processing packet received on port 2
[15:29:21.033] [bmv2] [D] [thread 18727] [8.0] [cxt 0] Parser 'parser': start
[15:29:21.033] [bmv2] [D] [thread 18727] [8.0] [cxt 0] Parser 'parser' entering state 'start'
[15:29:21.033] [bmv2] [D] [thread 18727] [8.0] [cxt 0] Extracting header 'ethernet'
[15:29:21.033] [bmv2] [D] [thread 18727] [8.0] [cxt 0] Extracting header 'ethernet'
[15:29:21.033] [bmv2] [D] [thread 18727] [8.0] [cxt 0] Parser state 'start': key is 0000
[15:29:21.033] [bmv2] [T] [thread 18727] [8.0] [cxt 0] Bytes parsed: 28
[15:29:21.033] [bmv2] [D] [thread 18727] [8.0] [cxt 0] Parser 'parser': end
[15:29:21.034] [bmv2] [D] [thread 18727] [8.0] [cxt 0] Pipeline 'ingress': start
[15:29:21.034] [bmv2] [T] [thread 18727] [8.0] [cxt 0] source_routing.p4(150) Condition "hdr.srcRoutes[0].isValid()" (node_2) is false
[15:29:21.034] [bmv2] [T] [thread 18727] [8.0] [cxt 0] Applying table 'tbl_drop'
[15:29:21.034] [bmv2] [D] [thread 18727] [8.0] [cxt 0] Looking up key:

[15:29:21.034] [bmv2] [D] [thread 18727] [8.0] [cxt 0] Table 'tbl_drop': miss
[15:29:21.034] [bmv2] [D] [thread 18727] [8.0] [cxt 0] Action entry is MyIngress.drop - 
[15:29:21.034] [bmv2] [T] [thread 18727] [8.0] [cxt 0] Action MyIngress.drop
[15:29:21.034] [bmv2] [T] [thread 18727] [8.0] [cxt 0] source_routing.p4(122) Primitive mark_to_drop(standard_metadata)
[15:29:21.034] [bmv2] [D] [thread 18727] [8.0] [cxt 0] Pipeline 'ingress': end
[15:29:21.034] [bmv2] [D] [thread 18727] [8.0] [cxt 0] Egress port is 511
[15:29:21.034] [bmv2] [D] [thread 18727] [8.0] [cxt 0] Dropping packet at the end of ingress
[15:29:21.113] [bmv2] [D] [thread 18727] [9.0] [cxt 0] Processing packet received on port 3
[15:29:21.113] [bmv2] [D] [thread 18727] [9.0] [cxt 0] Parser 'parser': start
[15:29:21.113] [bmv2] [D] [thread 18727] [9.0] [cxt 0] Parser 'parser' entering state 'start'
[15:29:21.113] [bmv2] [D] [thread 18727] [9.0] [cxt 0] Extracting header 'ethernet'
[15:29:21.113] [bmv2] [D] [thread 18727] [9.0] [cxt 0] Extracting header 'ethernet'
[15:29:21.113] [bmv2] [D] [thread 18727] [9.0] [cxt 0] Parser state 'start': key is 0000
[15:29:21.113] [bmv2] [T] [thread 18727] [9.0] [cxt 0] Bytes parsed: 28
[15:29:21.113] [bmv2] [D] [thread 18727] [9.0] [cxt 0] Parser 'parser': end
[15:29:21.113] [bmv2] [D] [thread 18727] [9.0] [cxt 0] Pipeline 'ingress': start
[15:29:21.113] [bmv2] [T] [thread 18727] [9.0] [cxt 0] source_routing.p4(150) Condition "hdr.srcRoutes[0].isValid()" (node_2) is false
[15:29:21.113] [bmv2] [T] [thread 18727] [9.0] [cxt 0] Applying table 'tbl_drop'
[15:29:21.113] [bmv2] [D] [thread 18727] [9.0] [cxt 0] Looking up key:

[15:29:21.113] [bmv2] [D] [thread 18727] [9.0] [cxt 0] Table 'tbl_drop': miss
[15:29:21.113] [bmv2] [D] [thread 18727] [9.0] [cxt 0] Action entry is MyIngress.drop - 
[15:29:21.113] [bmv2] [T] [thread 18727] [9.0] [cxt 0] Action MyIngress.drop
[15:29:21.113] [bmv2] [T] [thread 18727] [9.0] [cxt 0] source_routing.p4(122) Primitive mark_to_drop(standard_metadata)
[15:29:21.113] [bmv2] [D] [thread 18727] [9.0] [cxt 0] Pipeline 'ingress': end
[15:29:21.113] [bmv2] [D] [thread 18727] [9.0] [cxt 0] Egress port is 511
[15:29:21.113] [bmv2] [D] [thread 18727] [9.0] [cxt 0] Dropping packet at the end of ingress
[15:29:21.159] [bmv2] [D] [thread 18727] [10.0] [cxt 0] Processing packet received on port 3
[15:29:21.159] [bmv2] [D] [thread 18727] [10.0] [cxt 0] Parser 'parser': start
[15:29:21.159] [bmv2] [D] [thread 18727] [10.0] [cxt 0] Parser 'parser' entering state 'start'
[15:29:21.159] [bmv2] [D] [thread 18727] [10.0] [cxt 0] Extracting header 'ethernet'
[15:29:21.159] [bmv2] [D] [thread 18727] [10.0] [cxt 0] Extracting header 'ethernet'
[15:29:21.159] [bmv2] [D] [thread 18727] [10.0] [cxt 0] Parser state 'start': key is 0000
[15:29:21.159] [bmv2] [T] [thread 18727] [10.0] [cxt 0] Bytes parsed: 28
[15:29:21.159] [bmv2] [D] [thread 18727] [10.0] [cxt 0] Parser 'parser': end
[15:29:21.159] [bmv2] [D] [thread 18727] [10.0] [cxt 0] Pipeline 'ingress': start
[15:29:21.159] [bmv2] [T] [thread 18727] [10.0] [cxt 0] source_routing.p4(150) Condition "hdr.srcRoutes[0].isValid()" (node_2) is false
[15:29:21.159] [bmv2] [T] [thread 18727] [10.0] [cxt 0] Applying table 'tbl_drop'
[15:29:21.159] [bmv2] [D] [thread 18727] [10.0] [cxt 0] Looking up key:

[15:29:21.159] [bmv2] [D] [thread 18727] [10.0] [cxt 0] Table 'tbl_drop': miss
[15:29:21.159] [bmv2] [D] [thread 18727] [10.0] [cxt 0] Action entry is MyIngress.drop - 
[15:29:21.159] [bmv2] [T] [thread 18727] [10.0] [cxt 0] Action MyIngress.drop
[15:29:21.159] [bmv2] [T] [thread 18727] [10.0] [cxt 0] source_routing.p4(122) Primitive mark_to_drop(standard_metadata)
[15:29:21.159] [bmv2] [D] [thread 18727] [10.0] [cxt 0] Pipeline 'ingress': end
[15:29:21.159] [bmv2] [D] [thread 18727] [10.0] [cxt 0] Egress port is 511
[15:29:21.159] [bmv2] [D] [thread 18727] [10.0] [cxt 0] Dropping packet at the end of ingress
[15:29:21.187] [bmv2] [D] [thread 18727] [11.0] [cxt 0] Processing packet received on port 1
[15:29:21.187] [bmv2] [D] [thread 18727] [11.0] [cxt 0] Parser 'parser': start
[15:29:21.187] [bmv2] [D] [thread 18727] [11.0] [cxt 0] Parser 'parser' entering state 'start'
[15:29:21.187] [bmv2] [D] [thread 18727] [11.0] [cxt 0] Extracting header 'ethernet'
[15:29:21.187] [bmv2] [D] [thread 18727] [11.0] [cxt 0] Extracting header 'ethernet'
[15:29:21.187] [bmv2] [D] [thread 18727] [11.0] [cxt 0] Parser state 'start': key is 0000
[15:29:21.187] [bmv2] [T] [thread 18727] [11.0] [cxt 0] Bytes parsed: 28
[15:29:21.187] [bmv2] [D] [thread 18727] [11.0] [cxt 0] Parser 'parser': end
[15:29:21.187] [bmv2] [D] [thread 18727] [11.0] [cxt 0] Pipeline 'ingress': start
[15:29:21.187] [bmv2] [T] [thread 18727] [11.0] [cxt 0] source_routing.p4(150) Condition "hdr.srcRoutes[0].isValid()" (node_2) is false
[15:29:21.187] [bmv2] [T] [thread 18727] [11.0] [cxt 0] Applying table 'tbl_drop'
[15:29:21.187] [bmv2] [D] [thread 18727] [11.0] [cxt 0] Looking up key:

[15:29:21.187] [bmv2] [D] [thread 18727] [11.0] [cxt 0] Table 'tbl_drop': miss
[15:29:21.187] [bmv2] [D] [thread 18727] [11.0] [cxt 0] Action entry is MyIngress.drop - 
[15:29:21.187] [bmv2] [T] [thread 18727] [11.0] [cxt 0] Action MyIngress.drop
[15:29:21.187] [bmv2] [T] [thread 18727] [11.0] [cxt 0] source_routing.p4(122) Primitive mark_to_drop(standard_metadata)
[15:29:21.187] [bmv2] [D] [thread 18727] [11.0] [cxt 0] Pipeline 'ingress': end
[15:29:21.187] [bmv2] [D] [thread 18727] [11.0] [cxt 0] Egress port is 511
[15:29:21.187] [bmv2] [D] [thread 18727] [11.0] [cxt 0] Dropping packet at the end of ingress
[15:29:21.196] [bmv2] [D] [thread 18727] [12.0] [cxt 0] Processing packet received on port 2
[15:29:21.196] [bmv2] [D] [thread 18727] [12.0] [cxt 0] Parser 'parser': start
[15:29:21.196] [bmv2] [D] [thread 18727] [12.0] [cxt 0] Parser 'parser' entering state 'start'
[15:29:21.196] [bmv2] [D] [thread 18727] [12.0] [cxt 0] Extracting header 'ethernet'
[15:29:21.196] [bmv2] [D] [thread 18727] [12.0] [cxt 0] Extracting header 'ethernet'
[15:29:21.196] [bmv2] [D] [thread 18727] [12.0] [cxt 0] Parser state 'start': key is 0000
[15:29:21.196] [bmv2] [T] [thread 18727] [12.0] [cxt 0] Bytes parsed: 28
[15:29:21.196] [bmv2] [D] [thread 18727] [12.0] [cxt 0] Parser 'parser': end
[15:29:21.196] [bmv2] [D] [thread 18727] [12.0] [cxt 0] Pipeline 'ingress': start
[15:29:21.196] [bmv2] [T] [thread 18727] [12.0] [cxt 0] source_routing.p4(150) Condition "hdr.srcRoutes[0].isValid()" (node_2) is false
[15:29:21.196] [bmv2] [T] [thread 18727] [12.0] [cxt 0] Applying table 'tbl_drop'
[15:29:21.196] [bmv2] [D] [thread 18727] [12.0] [cxt 0] Looking up key:

[15:29:21.196] [bmv2] [D] [thread 18727] [12.0] [cxt 0] Table 'tbl_drop': miss
[15:29:21.196] [bmv2] [D] [thread 18727] [12.0] [cxt 0] Action entry is MyIngress.drop - 
[15:29:21.196] [bmv2] [T] [thread 18727] [12.0] [cxt 0] Action MyIngress.drop
[15:29:21.196] [bmv2] [T] [thread 18727] [12.0] [cxt 0] source_routing.p4(122) Primitive mark_to_drop(standard_metadata)
[15:29:21.196] [bmv2] [D] [thread 18727] [12.0] [cxt 0] Pipeline 'ingress': end
[15:29:21.196] [bmv2] [D] [thread 18727] [12.0] [cxt 0] Egress port is 511
[15:29:21.196] [bmv2] [D] [thread 18727] [12.0] [cxt 0] Dropping packet at the end of ingress
[15:29:21.196] [bmv2] [D] [thread 18727] [13.0] [cxt 0] Processing packet received on port 3
[15:29:21.196] [bmv2] [D] [thread 18727] [13.0] [cxt 0] Parser 'parser': start
[15:29:21.196] [bmv2] [D] [thread 18727] [13.0] [cxt 0] Parser 'parser' entering state 'start'
[15:29:21.196] [bmv2] [D] [thread 18727] [13.0] [cxt 0] Extracting header 'ethernet'
[15:29:21.196] [bmv2] [D] [thread 18727] [13.0] [cxt 0] Extracting header 'ethernet'
[15:29:21.196] [bmv2] [D] [thread 18727] [13.0] [cxt 0] Parser state 'start': key is 0000
[15:29:21.196] [bmv2] [T] [thread 18727] [13.0] [cxt 0] Bytes parsed: 28
[15:29:21.196] [bmv2] [D] [thread 18727] [13.0] [cxt 0] Parser 'parser': end
[15:29:21.196] [bmv2] [D] [thread 18727] [13.0] [cxt 0] Pipeline 'ingress': start
[15:29:21.196] [bmv2] [T] [thread 18727] [13.0] [cxt 0] source_routing.p4(150) Condition "hdr.srcRoutes[0].isValid()" (node_2) is false
[15:29:21.196] [bmv2] [T] [thread 18727] [13.0] [cxt 0] Applying table 'tbl_drop'
[15:29:21.196] [bmv2] [D] [thread 18727] [13.0] [cxt 0] Looking up key:

[15:29:21.196] [bmv2] [D] [thread 18727] [13.0] [cxt 0] Table 'tbl_drop': miss
[15:29:21.196] [bmv2] [D] [thread 18727] [13.0] [cxt 0] Action entry is MyIngress.drop - 
[15:29:21.196] [bmv2] [T] [thread 18727] [13.0] [cxt 0] Action MyIngress.drop
[15:29:21.196] [bmv2] [T] [thread 18727] [13.0] [cxt 0] source_routing.p4(122) Primitive mark_to_drop(standard_metadata)
[15:29:21.196] [bmv2] [D] [thread 18727] [13.0] [cxt 0] Pipeline 'ingress': end
[15:29:21.196] [bmv2] [D] [thread 18727] [13.0] [cxt 0] Egress port is 511
[15:29:21.196] [bmv2] [D] [thread 18727] [13.0] [cxt 0] Dropping packet at the end of ingress
[15:29:21.208] [bmv2] [D] [thread 18727] [14.0] [cxt 0] Processing packet received on port 2
[15:29:21.209] [bmv2] [D] [thread 18727] [14.0] [cxt 0] Parser 'parser': start
[15:29:21.209] [bmv2] [D] [thread 18727] [14.0] [cxt 0] Parser 'parser' entering state 'start'
[15:29:21.209] [bmv2] [D] [thread 18727] [14.0] [cxt 0] Extracting header 'ethernet'
[15:29:21.209] [bmv2] [D] [thread 18727] [14.0] [cxt 0] Extracting header 'ethernet'
[15:29:21.209] [bmv2] [D] [thread 18727] [14.0] [cxt 0] Parser state 'start': key is 0000
[15:29:21.209] [bmv2] [T] [thread 18727] [14.0] [cxt 0] Bytes parsed: 28
[15:29:21.209] [bmv2] [D] [thread 18727] [14.0] [cxt 0] Parser 'parser': end
[15:29:21.209] [bmv2] [D] [thread 18727] [14.0] [cxt 0] Pipeline 'ingress': start
[15:29:21.209] [bmv2] [T] [thread 18727] [14.0] [cxt 0] source_routing.p4(150) Condition "hdr.srcRoutes[0].isValid()" (node_2) is false
[15:29:21.209] [bmv2] [T] [thread 18727] [14.0] [cxt 0] Applying table 'tbl_drop'
[15:29:21.209] [bmv2] [D] [thread 18727] [14.0] [cxt 0] Looking up key:

[15:29:21.209] [bmv2] [D] [thread 18727] [14.0] [cxt 0] Table 'tbl_drop': miss
[15:29:21.209] [bmv2] [D] [thread 18727] [14.0] [cxt 0] Action entry is MyIngress.drop - 
[15:29:21.209] [bmv2] [T] [thread 18727] [14.0] [cxt 0] Action MyIngress.drop
[15:29:21.209] [bmv2] [T] [thread 18727] [14.0] [cxt 0] source_routing.p4(122) Primitive mark_to_drop(standard_metadata)
[15:29:21.209] [bmv2] [D] [thread 18727] [14.0] [cxt 0] Pipeline 'ingress': end
[15:29:21.209] [bmv2] [D] [thread 18727] [14.0] [cxt 0] Egress port is 511
[15:29:21.209] [bmv2] [D] [thread 18727] [14.0] [cxt 0] Dropping packet at the end of ingress
[15:29:21.252] [bmv2] [D] [thread 18727] [15.0] [cxt 0] Processing packet received on port 2
[15:29:21.252] [bmv2] [D] [thread 18727] [15.0] [cxt 0] Parser 'parser': start
[15:29:21.252] [bmv2] [D] [thread 18727] [15.0] [cxt 0] Parser 'parser' entering state 'start'
[15:29:21.252] [bmv2] [D] [thread 18727] [15.0] [cxt 0] Extracting header 'ethernet'
[15:29:21.252] [bmv2] [D] [thread 18727] [15.0] [cxt 0] Extracting header 'ethernet'
[15:29:21.252] [bmv2] [D] [thread 18727] [15.0] [cxt 0] Parser state 'start': key is 0000
[15:29:21.252] [bmv2] [T] [thread 18727] [15.0] [cxt 0] Bytes parsed: 28
[15:29:21.252] [bmv2] [D] [thread 18727] [15.0] [cxt 0] Parser 'parser': end
[15:29:21.252] [bmv2] [D] [thread 18727] [15.0] [cxt 0] Pipeline 'ingress': start
[15:29:21.252] [bmv2] [T] [thread 18727] [15.0] [cxt 0] source_routing.p4(150) Condition "hdr.srcRoutes[0].isValid()" (node_2) is false
[15:29:21.252] [bmv2] [T] [thread 18727] [15.0] [cxt 0] Applying table 'tbl_drop'
[15:29:21.252] [bmv2] [D] [thread 18727] [15.0] [cxt 0] Looking up key:

[15:29:21.252] [bmv2] [D] [thread 18727] [15.0] [cxt 0] Table 'tbl_drop': miss
[15:29:21.252] [bmv2] [D] [thread 18727] [15.0] [cxt 0] Action entry is MyIngress.drop - 
[15:29:21.252] [bmv2] [T] [thread 18727] [15.0] [cxt 0] Action MyIngress.drop
[15:29:21.252] [bmv2] [T] [thread 18727] [15.0] [cxt 0] source_routing.p4(122) Primitive mark_to_drop(standard_metadata)
[15:29:21.252] [bmv2] [D] [thread 18727] [15.0] [cxt 0] Pipeline 'ingress': end
[15:29:21.252] [bmv2] [D] [thread 18727] [15.0] [cxt 0] Egress port is 511
[15:29:21.252] [bmv2] [D] [thread 18727] [15.0] [cxt 0] Dropping packet at the end of ingress
[15:29:21.274] [bmv2] [D] [thread 18727] [16.0] [cxt 0] Processing packet received on port 3
[15:29:21.274] [bmv2] [D] [thread 18727] [16.0] [cxt 0] Parser 'parser': start
[15:29:21.274] [bmv2] [D] [thread 18727] [16.0] [cxt 0] Parser 'parser' entering state 'start'
[15:29:21.274] [bmv2] [D] [thread 18727] [16.0] [cxt 0] Extracting header 'ethernet'
[15:29:21.274] [bmv2] [D] [thread 18727] [16.0] [cxt 0] Extracting header 'ethernet'
[15:29:21.274] [bmv2] [D] [thread 18727] [16.0] [cxt 0] Parser state 'start': key is 0000
[15:29:21.274] [bmv2] [T] [thread 18727] [16.0] [cxt 0] Bytes parsed: 28
[15:29:21.274] [bmv2] [D] [thread 18727] [16.0] [cxt 0] Parser 'parser': end
[15:29:21.274] [bmv2] [D] [thread 18727] [16.0] [cxt 0] Pipeline 'ingress': start
[15:29:21.274] [bmv2] [T] [thread 18727] [16.0] [cxt 0] source_routing.p4(150) Condition "hdr.srcRoutes[0].isValid()" (node_2) is false
[15:29:21.274] [bmv2] [T] [thread 18727] [16.0] [cxt 0] Applying table 'tbl_drop'
[15:29:21.274] [bmv2] [D] [thread 18727] [16.0] [cxt 0] Looking up key:

[15:29:21.274] [bmv2] [D] [thread 18727] [16.0] [cxt 0] Table 'tbl_drop': miss
[15:29:21.274] [bmv2] [D] [thread 18727] [16.0] [cxt 0] Action entry is MyIngress.drop - 
[15:29:21.274] [bmv2] [T] [thread 18727] [16.0] [cxt 0] Action MyIngress.drop
[15:29:21.274] [bmv2] [T] [thread 18727] [16.0] [cxt 0] source_routing.p4(122) Primitive mark_to_drop(standard_metadata)
[15:29:21.274] [bmv2] [D] [thread 18727] [16.0] [cxt 0] Pipeline 'ingress': end
[15:29:21.274] [bmv2] [D] [thread 18727] [16.0] [cxt 0] Egress port is 511
[15:29:21.274] [bmv2] [D] [thread 18727] [16.0] [cxt 0] Dropping packet at the end of ingress
[15:29:21.314] [bmv2] [D] [thread 18727] [17.0] [cxt 0] Processing packet received on port 3
[15:29:21.314] [bmv2] [D] [thread 18727] [17.0] [cxt 0] Parser 'parser': start
[15:29:21.314] [bmv2] [D] [thread 18727] [17.0] [cxt 0] Parser 'parser' entering state 'start'
[15:29:21.314] [bmv2] [D] [thread 18727] [17.0] [cxt 0] Extracting header 'ethernet'
[15:29:21.314] [bmv2] [D] [thread 18727] [17.0] [cxt 0] Extracting header 'ethernet'
[15:29:21.314] [bmv2] [D] [thread 18727] [17.0] [cxt 0] Parser state 'start': key is 0000
[15:29:21.314] [bmv2] [T] [thread 18727] [17.0] [cxt 0] Bytes parsed: 28
[15:29:21.314] [bmv2] [D] [thread 18727] [17.0] [cxt 0] Parser 'parser': end
[15:29:21.314] [bmv2] [D] [thread 18727] [17.0] [cxt 0] Pipeline 'ingress': start
[15:29:21.314] [bmv2] [T] [thread 18727] [17.0] [cxt 0] source_routing.p4(150) Condition "hdr.srcRoutes[0].isValid()" (node_2) is false
[15:29:21.314] [bmv2] [T] [thread 18727] [17.0] [cxt 0] Applying table 'tbl_drop'
[15:29:21.314] [bmv2] [D] [thread 18727] [17.0] [cxt 0] Looking up key:

[15:29:21.314] [bmv2] [D] [thread 18727] [17.0] [cxt 0] Table 'tbl_drop': miss
[15:29:21.314] [bmv2] [D] [thread 18727] [17.0] [cxt 0] Action entry is MyIngress.drop - 
[15:29:21.314] [bmv2] [T] [thread 18727] [17.0] [cxt 0] Action MyIngress.drop
[15:29:21.314] [bmv2] [T] [thread 18727] [17.0] [cxt 0] source_routing.p4(122) Primitive mark_to_drop(standard_metadata)
[15:29:21.314] [bmv2] [D] [thread 18727] [17.0] [cxt 0] Pipeline 'ingress': end
[15:29:21.314] [bmv2] [D] [thread 18727] [17.0] [cxt 0] Egress port is 511
[15:29:21.314] [bmv2] [D] [thread 18727] [17.0] [cxt 0] Dropping packet at the end of ingress
[15:29:21.376] [bmv2] [D] [thread 18727] [18.0] [cxt 0] Processing packet received on port 1
[15:29:21.376] [bmv2] [D] [thread 18727] [18.0] [cxt 0] Parser 'parser': start
[15:29:21.376] [bmv2] [D] [thread 18727] [18.0] [cxt 0] Parser 'parser' entering state 'start'
[15:29:21.376] [bmv2] [D] [thread 18727] [18.0] [cxt 0] Extracting header 'ethernet'
[15:29:21.376] [bmv2] [D] [thread 18727] [18.0] [cxt 0] Extracting header 'ethernet'
[15:29:21.376] [bmv2] [D] [thread 18727] [18.0] [cxt 0] Parser state 'start': key is 0000
[15:29:21.376] [bmv2] [T] [thread 18727] [18.0] [cxt 0] Bytes parsed: 28
[15:29:21.376] [bmv2] [D] [thread 18727] [18.0] [cxt 0] Parser 'parser': end
[15:29:21.376] [bmv2] [D] [thread 18727] [18.0] [cxt 0] Pipeline 'ingress': start
[15:29:21.376] [bmv2] [T] [thread 18727] [18.0] [cxt 0] source_routing.p4(150) Condition "hdr.srcRoutes[0].isValid()" (node_2) is false
[15:29:21.376] [bmv2] [T] [thread 18727] [18.0] [cxt 0] Applying table 'tbl_drop'
[15:29:21.376] [bmv2] [D] [thread 18727] [18.0] [cxt 0] Looking up key:

[15:29:21.376] [bmv2] [D] [thread 18727] [18.0] [cxt 0] Table 'tbl_drop': miss
[15:29:21.377] [bmv2] [D] [thread 18727] [18.0] [cxt 0] Action entry is MyIngress.drop - 
[15:29:21.377] [bmv2] [T] [thread 18727] [18.0] [cxt 0] Action MyIngress.drop
[15:29:21.377] [bmv2] [T] [thread 18727] [18.0] [cxt 0] source_routing.p4(122) Primitive mark_to_drop(standard_metadata)
[15:29:21.377] [bmv2] [D] [thread 18727] [18.0] [cxt 0] Pipeline 'ingress': end
[15:29:21.377] [bmv2] [D] [thread 18727] [18.0] [cxt 0] Egress port is 511
[15:29:21.377] [bmv2] [D] [thread 18727] [18.0] [cxt 0] Dropping packet at the end of ingress
[15:29:21.413] [bmv2] [D] [thread 18727] [19.0] [cxt 0] Processing packet received on port 2
[15:29:21.413] [bmv2] [D] [thread 18727] [19.0] [cxt 0] Parser 'parser': start
[15:29:21.413] [bmv2] [D] [thread 18727] [19.0] [cxt 0] Parser 'parser' entering state 'start'
[15:29:21.413] [bmv2] [D] [thread 18727] [19.0] [cxt 0] Extracting header 'ethernet'
[15:29:21.413] [bmv2] [D] [thread 18727] [19.0] [cxt 0] Extracting header 'ethernet'
[15:29:21.413] [bmv2] [D] [thread 18727] [19.0] [cxt 0] Parser state 'start': key is 0000
[15:29:21.413] [bmv2] [T] [thread 18727] [19.0] [cxt 0] Bytes parsed: 28
[15:29:21.413] [bmv2] [D] [thread 18727] [19.0] [cxt 0] Parser 'parser': end
[15:29:21.413] [bmv2] [D] [thread 18727] [19.0] [cxt 0] Pipeline 'ingress': start
[15:29:21.413] [bmv2] [T] [thread 18727] [19.0] [cxt 0] source_routing.p4(150) Condition "hdr.srcRoutes[0].isValid()" (node_2) is false
[15:29:21.413] [bmv2] [T] [thread 18727] [19.0] [cxt 0] Applying table 'tbl_drop'
[15:29:21.413] [bmv2] [D] [thread 18727] [19.0] [cxt 0] Looking up key:

[15:29:21.413] [bmv2] [D] [thread 18727] [19.0] [cxt 0] Table 'tbl_drop': miss
[15:29:21.413] [bmv2] [D] [thread 18727] [19.0] [cxt 0] Action entry is MyIngress.drop - 
[15:29:21.413] [bmv2] [T] [thread 18727] [19.0] [cxt 0] Action MyIngress.drop
[15:29:21.413] [bmv2] [T] [thread 18727] [19.0] [cxt 0] source_routing.p4(122) Primitive mark_to_drop(standard_metadata)
[15:29:21.413] [bmv2] [D] [thread 18727] [19.0] [cxt 0] Pipeline 'ingress': end
[15:29:21.413] [bmv2] [D] [thread 18727] [19.0] [cxt 0] Egress port is 511
[15:29:21.413] [bmv2] [D] [thread 18727] [19.0] [cxt 0] Dropping packet at the end of ingress
[15:29:21.441] [bmv2] [D] [thread 18727] [20.0] [cxt 0] Processing packet received on port 2
[15:29:21.441] [bmv2] [D] [thread 18727] [20.0] [cxt 0] Parser 'parser': start
[15:29:21.441] [bmv2] [D] [thread 18727] [20.0] [cxt 0] Parser 'parser' entering state 'start'
[15:29:21.441] [bmv2] [D] [thread 18727] [20.0] [cxt 0] Extracting header 'ethernet'
[15:29:21.441] [bmv2] [D] [thread 18727] [20.0] [cxt 0] Extracting header 'ethernet'
[15:29:21.441] [bmv2] [D] [thread 18727] [20.0] [cxt 0] Parser state 'start': key is 0000
[15:29:21.442] [bmv2] [T] [thread 18727] [20.0] [cxt 0] Bytes parsed: 28
[15:29:21.442] [bmv2] [D] [thread 18727] [20.0] [cxt 0] Parser 'parser': end
[15:29:21.442] [bmv2] [D] [thread 18727] [20.0] [cxt 0] Pipeline 'ingress': start
[15:29:21.442] [bmv2] [T] [thread 18727] [20.0] [cxt 0] source_routing.p4(150) Condition "hdr.srcRoutes[0].isValid()" (node_2) is false
[15:29:21.442] [bmv2] [T] [thread 18727] [20.0] [cxt 0] Applying table 'tbl_drop'
[15:29:21.442] [bmv2] [D] [thread 18727] [20.0] [cxt 0] Looking up key:

[15:29:21.442] [bmv2] [D] [thread 18727] [20.0] [cxt 0] Table 'tbl_drop': miss
[15:29:21.442] [bmv2] [D] [thread 18727] [20.0] [cxt 0] Action entry is MyIngress.drop - 
[15:29:21.442] [bmv2] [T] [thread 18727] [20.0] [cxt 0] Action MyIngress.drop
[15:29:21.442] [bmv2] [T] [thread 18727] [20.0] [cxt 0] source_routing.p4(122) Primitive mark_to_drop(standard_metadata)
[15:29:21.442] [bmv2] [D] [thread 18727] [20.0] [cxt 0] Pipeline 'ingress': end
[15:29:21.442] [bmv2] [D] [thread 18727] [20.0] [cxt 0] Egress port is 511
[15:29:21.442] [bmv2] [D] [thread 18727] [20.0] [cxt 0] Dropping packet at the end of ingress
[15:29:21.476] [bmv2] [D] [thread 18727] [21.0] [cxt 0] Processing packet received on port 3
[15:29:21.476] [bmv2] [D] [thread 18727] [21.0] [cxt 0] Parser 'parser': start
[15:29:21.476] [bmv2] [D] [thread 18727] [21.0] [cxt 0] Parser 'parser' entering state 'start'
[15:29:21.476] [bmv2] [D] [thread 18727] [21.0] [cxt 0] Extracting header 'ethernet'
[15:29:21.476] [bmv2] [D] [thread 18727] [21.0] [cxt 0] Extracting header 'ethernet'
[15:29:21.476] [bmv2] [D] [thread 18727] [21.0] [cxt 0] Parser state 'start': key is 0000
[15:29:21.476] [bmv2] [T] [thread 18727] [21.0] [cxt 0] Bytes parsed: 28
[15:29:21.476] [bmv2] [D] [thread 18727] [21.0] [cxt 0] Parser 'parser': end
[15:29:21.476] [bmv2] [D] [thread 18727] [21.0] [cxt 0] Pipeline 'ingress': start
[15:29:21.476] [bmv2] [T] [thread 18727] [21.0] [cxt 0] source_routing.p4(150) Condition "hdr.srcRoutes[0].isValid()" (node_2) is false
[15:29:21.476] [bmv2] [T] [thread 18727] [21.0] [cxt 0] Applying table 'tbl_drop'
[15:29:21.476] [bmv2] [D] [thread 18727] [21.0] [cxt 0] Looking up key:

[15:29:21.476] [bmv2] [D] [thread 18727] [21.0] [cxt 0] Table 'tbl_drop': miss
[15:29:21.476] [bmv2] [D] [thread 18727] [21.0] [cxt 0] Action entry is MyIngress.drop - 
[15:29:21.476] [bmv2] [T] [thread 18727] [21.0] [cxt 0] Action MyIngress.drop
[15:29:21.476] [bmv2] [T] [thread 18727] [21.0] [cxt 0] source_routing.p4(122) Primitive mark_to_drop(standard_metadata)
[15:29:21.476] [bmv2] [D] [thread 18727] [21.0] [cxt 0] Pipeline 'ingress': end
[15:29:21.476] [bmv2] [D] [thread 18727] [21.0] [cxt 0] Egress port is 511
[15:29:21.476] [bmv2] [D] [thread 18727] [21.0] [cxt 0] Dropping packet at the end of ingress
[15:29:21.476] [bmv2] [D] [thread 18727] [22.0] [cxt 0] Processing packet received on port 3
[15:29:21.476] [bmv2] [D] [thread 18727] [22.0] [cxt 0] Parser 'parser': start
[15:29:21.476] [bmv2] [D] [thread 18727] [22.0] [cxt 0] Parser 'parser' entering state 'start'
[15:29:21.476] [bmv2] [D] [thread 18727] [22.0] [cxt 0] Extracting header 'ethernet'
[15:29:21.476] [bmv2] [D] [thread 18727] [22.0] [cxt 0] Extracting header 'ethernet'
[15:29:21.476] [bmv2] [D] [thread 18727] [22.0] [cxt 0] Parser state 'start': key is 0000
[15:29:21.476] [bmv2] [T] [thread 18727] [22.0] [cxt 0] Bytes parsed: 28
[15:29:21.476] [bmv2] [D] [thread 18727] [22.0] [cxt 0] Parser 'parser': end
[15:29:21.476] [bmv2] [D] [thread 18727] [22.0] [cxt 0] Pipeline 'ingress': start
[15:29:21.476] [bmv2] [T] [thread 18727] [22.0] [cxt 0] source_routing.p4(150) Condition "hdr.srcRoutes[0].isValid()" (node_2) is false
[15:29:21.476] [bmv2] [T] [thread 18727] [22.0] [cxt 0] Applying table 'tbl_drop'
[15:29:21.476] [bmv2] [D] [thread 18727] [22.0] [cxt 0] Looking up key:

[15:29:21.476] [bmv2] [D] [thread 18727] [22.0] [cxt 0] Table 'tbl_drop': miss
[15:29:21.476] [bmv2] [D] [thread 18727] [22.0] [cxt 0] Action entry is MyIngress.drop - 
[15:29:21.476] [bmv2] [T] [thread 18727] [22.0] [cxt 0] Action MyIngress.drop
[15:29:21.476] [bmv2] [T] [thread 18727] [22.0] [cxt 0] source_routing.p4(122) Primitive mark_to_drop(standard_metadata)
[15:29:21.476] [bmv2] [D] [thread 18727] [22.0] [cxt 0] Pipeline 'ingress': end
[15:29:21.476] [bmv2] [D] [thread 18727] [22.0] [cxt 0] Egress port is 511
[15:29:21.476] [bmv2] [D] [thread 18727] [22.0] [cxt 0] Dropping packet at the end of ingress
[15:29:21.691] [bmv2] [D] [thread 18727] [23.0] [cxt 0] Processing packet received on port 2
[15:29:21.691] [bmv2] [D] [thread 18727] [23.0] [cxt 0] Parser 'parser': start
[15:29:21.691] [bmv2] [D] [thread 18727] [23.0] [cxt 0] Parser 'parser' entering state 'start'
[15:29:21.691] [bmv2] [D] [thread 18727] [23.0] [cxt 0] Extracting header 'ethernet'
[15:29:21.692] [bmv2] [D] [thread 18727] [23.0] [cxt 0] Extracting header 'ethernet'
[15:29:21.692] [bmv2] [D] [thread 18727] [23.0] [cxt 0] Parser state 'start': key is 0000
[15:29:21.692] [bmv2] [T] [thread 18727] [23.0] [cxt 0] Bytes parsed: 28
[15:29:21.692] [bmv2] [D] [thread 18727] [23.0] [cxt 0] Parser 'parser': end
[15:29:21.692] [bmv2] [D] [thread 18727] [23.0] [cxt 0] Pipeline 'ingress': start
[15:29:21.692] [bmv2] [T] [thread 18727] [23.0] [cxt 0] source_routing.p4(150) Condition "hdr.srcRoutes[0].isValid()" (node_2) is false
[15:29:21.692] [bmv2] [T] [thread 18727] [23.0] [cxt 0] Applying table 'tbl_drop'
[15:29:21.692] [bmv2] [D] [thread 18727] [23.0] [cxt 0] Looking up key:

[15:29:21.692] [bmv2] [D] [thread 18727] [23.0] [cxt 0] Table 'tbl_drop': miss
[15:29:21.692] [bmv2] [D] [thread 18727] [23.0] [cxt 0] Action entry is MyIngress.drop - 
[15:29:21.692] [bmv2] [T] [thread 18727] [23.0] [cxt 0] Action MyIngress.drop
[15:29:21.692] [bmv2] [T] [thread 18727] [23.0] [cxt 0] source_routing.p4(122) Primitive mark_to_drop(standard_metadata)
[15:29:21.692] [bmv2] [D] [thread 18727] [23.0] [cxt 0] Pipeline 'ingress': end
[15:29:21.692] [bmv2] [D] [thread 18727] [23.0] [cxt 0] Egress port is 511
[15:29:21.692] [bmv2] [D] [thread 18727] [23.0] [cxt 0] Dropping packet at the end of ingress
[15:29:21.891] [bmv2] [D] [thread 18727] [24.0] [cxt 0] Processing packet received on port 2
[15:29:21.891] [bmv2] [D] [thread 18727] [24.0] [cxt 0] Parser 'parser': start
[15:29:21.891] [bmv2] [D] [thread 18727] [24.0] [cxt 0] Parser 'parser' entering state 'start'
[15:29:21.891] [bmv2] [D] [thread 18727] [24.0] [cxt 0] Extracting header 'ethernet'
[15:29:21.891] [bmv2] [D] [thread 18727] [24.0] [cxt 0] Extracting header 'ethernet'
[15:29:21.892] [bmv2] [D] [thread 18727] [24.0] [cxt 0] Parser state 'start': key is 0000
[15:29:21.892] [bmv2] [T] [thread 18727] [24.0] [cxt 0] Bytes parsed: 28
[15:29:21.892] [bmv2] [D] [thread 18727] [24.0] [cxt 0] Parser 'parser': end
[15:29:21.892] [bmv2] [D] [thread 18727] [24.0] [cxt 0] Pipeline 'ingress': start
[15:29:21.892] [bmv2] [T] [thread 18727] [24.0] [cxt 0] source_routing.p4(150) Condition "hdr.srcRoutes[0].isValid()" (node_2) is false
[15:29:21.892] [bmv2] [T] [thread 18727] [24.0] [cxt 0] Applying table 'tbl_drop'
[15:29:21.892] [bmv2] [D] [thread 18727] [24.0] [cxt 0] Looking up key:

[15:29:21.892] [bmv2] [D] [thread 18727] [24.0] [cxt 0] Table 'tbl_drop': miss
[15:29:21.892] [bmv2] [D] [thread 18727] [24.0] [cxt 0] Action entry is MyIngress.drop - 
[15:29:21.892] [bmv2] [T] [thread 18727] [24.0] [cxt 0] Action MyIngress.drop
[15:29:21.892] [bmv2] [T] [thread 18727] [24.0] [cxt 0] source_routing.p4(122) Primitive mark_to_drop(standard_metadata)
[15:29:21.892] [bmv2] [D] [thread 18727] [24.0] [cxt 0] Pipeline 'ingress': end
[15:29:21.892] [bmv2] [D] [thread 18727] [24.0] [cxt 0] Egress port is 511
[15:29:21.892] [bmv2] [D] [thread 18727] [24.0] [cxt 0] Dropping packet at the end of ingress
[15:29:22.398] [bmv2] [W] [thread 18787] [P4Runtime] p4::tmp::P4DeviceConfig is deprecated
[15:29:22.409] [bmv2] [D] [thread 18787] Set default default entry for table 'tbl_srcRoute_finish': MyIngress.srcRoute_finish - 
[15:29:22.410] [bmv2] [D] [thread 18787] Set default default entry for table 'tbl_srcRoute_nhop': MyIngress.srcRoute_nhop - 
[15:29:22.410] [bmv2] [D] [thread 18787] Set default default entry for table 'tbl_update_ttl': MyIngress.update_ttl - 
[15:29:22.410] [bmv2] [D] [thread 18787] Set default default entry for table 'tbl_drop': MyIngress.drop - 
[15:29:22.413] [bmv2] [D] [thread 18787] simple_switch target has been notified of a config swap
[15:29:22.546] [bmv2] [D] [thread 18727] [25.0] [cxt 0] Processing packet received on port 3
[15:29:22.546] [bmv2] [D] [thread 18727] [25.0] [cxt 0] Parser 'parser': start
[15:29:22.546] [bmv2] [D] [thread 18727] [25.0] [cxt 0] Parser 'parser' entering state 'start'
[15:29:22.546] [bmv2] [D] [thread 18727] [25.0] [cxt 0] Extracting header 'ethernet'
[15:29:22.546] [bmv2] [D] [thread 18727] [25.0] [cxt 0] Extracting header 'ethernet'
[15:29:22.546] [bmv2] [D] [thread 18727] [25.0] [cxt 0] Parser state 'start': key is 0000
[15:29:22.546] [bmv2] [T] [thread 18727] [25.0] [cxt 0] Bytes parsed: 28
[15:29:22.546] [bmv2] [D] [thread 18727] [25.0] [cxt 0] Parser 'parser': end
[15:29:22.546] [bmv2] [D] [thread 18727] [25.0] [cxt 0] Pipeline 'ingress': start
[15:29:22.546] [bmv2] [T] [thread 18727] [25.0] [cxt 0] source_routing.p4(150) Condition "hdr.srcRoutes[0].isValid()" (node_2) is false
[15:29:22.546] [bmv2] [T] [thread 18727] [25.0] [cxt 0] Applying table 'tbl_drop'
[15:29:22.546] [bmv2] [D] [thread 18727] [25.0] [cxt 0] Looking up key:

[15:29:22.546] [bmv2] [D] [thread 18727] [25.0] [cxt 0] Table 'tbl_drop': miss
[15:29:22.546] [bmv2] [D] [thread 18727] [25.0] [cxt 0] Action entry is MyIngress.drop - 
[15:29:22.546] [bmv2] [T] [thread 18727] [25.0] [cxt 0] Action MyIngress.drop
[15:29:22.546] [bmv2] [T] [thread 18727] [25.0] [cxt 0] source_routing.p4(122) Primitive mark_to_drop(standard_metadata)
[15:29:22.546] [bmv2] [D] [thread 18727] [25.0] [cxt 0] Pipeline 'ingress': end
[15:29:22.546] [bmv2] [D] [thread 18727] [25.0] [cxt 0] Egress port is 511
[15:29:22.546] [bmv2] [D] [thread 18727] [25.0] [cxt 0] Dropping packet at the end of ingress
[15:29:22.607] [bmv2] [D] [thread 18727] [26.0] [cxt 0] Processing packet received on port 1
[15:29:22.607] [bmv2] [D] [thread 18727] [26.0] [cxt 0] Parser 'parser': start
[15:29:22.607] [bmv2] [D] [thread 18727] [26.0] [cxt 0] Parser 'parser' entering state 'start'
[15:29:22.607] [bmv2] [D] [thread 18727] [26.0] [cxt 0] Extracting header 'ethernet'
[15:29:22.607] [bmv2] [D] [thread 18727] [26.0] [cxt 0] Extracting header 'ethernet'
[15:29:22.607] [bmv2] [D] [thread 18727] [26.0] [cxt 0] Parser state 'start': key is 0000
[15:29:22.607] [bmv2] [T] [thread 18727] [26.0] [cxt 0] Bytes parsed: 28
[15:29:22.607] [bmv2] [D] [thread 18727] [26.0] [cxt 0] Parser 'parser': end
[15:29:22.607] [bmv2] [D] [thread 18727] [26.0] [cxt 0] Pipeline 'ingress': start
[15:29:22.607] [bmv2] [T] [thread 18727] [26.0] [cxt 0] source_routing.p4(150) Condition "hdr.srcRoutes[0].isValid()" (node_2) is false
[15:29:22.607] [bmv2] [T] [thread 18727] [26.0] [cxt 0] Applying table 'tbl_drop'
[15:29:22.607] [bmv2] [D] [thread 18727] [26.0] [cxt 0] Looking up key:

[15:29:22.607] [bmv2] [D] [thread 18727] [26.0] [cxt 0] Table 'tbl_drop': miss
[15:29:22.607] [bmv2] [D] [thread 18727] [26.0] [cxt 0] Action entry is MyIngress.drop - 
[15:29:22.607] [bmv2] [T] [thread 18727] [26.0] [cxt 0] Action MyIngress.drop
[15:29:22.607] [bmv2] [T] [thread 18727] [26.0] [cxt 0] source_routing.p4(122) Primitive mark_to_drop(standard_metadata)
[15:29:22.607] [bmv2] [D] [thread 18727] [26.0] [cxt 0] Pipeline 'ingress': end
[15:29:22.607] [bmv2] [D] [thread 18727] [26.0] [cxt 0] Egress port is 511
[15:29:22.607] [bmv2] [D] [thread 18727] [26.0] [cxt 0] Dropping packet at the end of ingress
[15:29:22.643] [bmv2] [D] [thread 18727] [27.0] [cxt 0] Processing packet received on port 2
[15:29:22.643] [bmv2] [D] [thread 18727] [27.0] [cxt 0] Parser 'parser': start
[15:29:22.643] [bmv2] [D] [thread 18727] [27.0] [cxt 0] Parser 'parser' entering state 'start'
[15:29:22.643] [bmv2] [D] [thread 18727] [27.0] [cxt 0] Extracting header 'ethernet'
[15:29:22.643] [bmv2] [D] [thread 18727] [27.0] [cxt 0] Extracting header 'ethernet'
[15:29:22.643] [bmv2] [D] [thread 18727] [27.0] [cxt 0] Parser state 'start': key is 0000
[15:29:22.643] [bmv2] [T] [thread 18727] [27.0] [cxt 0] Bytes parsed: 28
[15:29:22.643] [bmv2] [D] [thread 18727] [27.0] [cxt 0] Parser 'parser': end
[15:29:22.643] [bmv2] [D] [thread 18727] [27.0] [cxt 0] Pipeline 'ingress': start
[15:29:22.643] [bmv2] [T] [thread 18727] [27.0] [cxt 0] source_routing.p4(150) Condition "hdr.srcRoutes[0].isValid()" (node_2) is false
[15:29:22.643] [bmv2] [T] [thread 18727] [27.0] [cxt 0] Applying table 'tbl_drop'
[15:29:22.643] [bmv2] [D] [thread 18727] [27.0] [cxt 0] Looking up key:

[15:29:22.643] [bmv2] [D] [thread 18727] [27.0] [cxt 0] Table 'tbl_drop': miss
[15:29:22.643] [bmv2] [D] [thread 18727] [27.0] [cxt 0] Action entry is MyIngress.drop - 
[15:29:22.643] [bmv2] [T] [thread 18727] [27.0] [cxt 0] Action MyIngress.drop
[15:29:22.643] [bmv2] [T] [thread 18727] [27.0] [cxt 0] source_routing.p4(122) Primitive mark_to_drop(standard_metadata)
[15:29:22.643] [bmv2] [D] [thread 18727] [27.0] [cxt 0] Pipeline 'ingress': end
[15:29:22.643] [bmv2] [D] [thread 18727] [27.0] [cxt 0] Egress port is 511
[15:29:22.643] [bmv2] [D] [thread 18727] [27.0] [cxt 0] Dropping packet at the end of ingress
[15:29:22.707] [bmv2] [D] [thread 18727] [28.0] [cxt 0] Processing packet received on port 3
[15:29:22.707] [bmv2] [D] [thread 18727] [28.0] [cxt 0] Parser 'parser': start
[15:29:22.707] [bmv2] [D] [thread 18727] [28.0] [cxt 0] Parser 'parser' entering state 'start'
[15:29:22.707] [bmv2] [D] [thread 18727] [28.0] [cxt 0] Extracting header 'ethernet'
[15:29:22.707] [bmv2] [D] [thread 18727] [28.0] [cxt 0] Extracting header 'ethernet'
[15:29:22.707] [bmv2] [D] [thread 18727] [28.0] [cxt 0] Parser state 'start': key is 0000
[15:29:22.707] [bmv2] [T] [thread 18727] [28.0] [cxt 0] Bytes parsed: 28
[15:29:22.707] [bmv2] [D] [thread 18727] [28.0] [cxt 0] Parser 'parser': end
[15:29:22.707] [bmv2] [D] [thread 18727] [28.0] [cxt 0] Pipeline 'ingress': start
[15:29:22.707] [bmv2] [T] [thread 18727] [28.0] [cxt 0] source_routing.p4(150) Condition "hdr.srcRoutes[0].isValid()" (node_2) is false
[15:29:22.707] [bmv2] [T] [thread 18727] [28.0] [cxt 0] Applying table 'tbl_drop'
[15:29:22.707] [bmv2] [D] [thread 18727] [28.0] [cxt 0] Looking up key:

[15:29:22.707] [bmv2] [D] [thread 18727] [28.0] [cxt 0] Table 'tbl_drop': miss
[15:29:22.707] [bmv2] [D] [thread 18727] [28.0] [cxt 0] Action entry is MyIngress.drop - 
[15:29:22.707] [bmv2] [T] [thread 18727] [28.0] [cxt 0] Action MyIngress.drop
[15:29:22.707] [bmv2] [T] [thread 18727] [28.0] [cxt 0] source_routing.p4(122) Primitive mark_to_drop(standard_metadata)
[15:29:22.707] [bmv2] [D] [thread 18727] [28.0] [cxt 0] Pipeline 'ingress': end
[15:29:22.707] [bmv2] [D] [thread 18727] [28.0] [cxt 0] Egress port is 511
[15:29:22.707] [bmv2] [D] [thread 18727] [28.0] [cxt 0] Dropping packet at the end of ingress
[15:29:23.124] [bmv2] [D] [thread 18727] [29.0] [cxt 0] Processing packet received on port 2
[15:29:23.124] [bmv2] [D] [thread 18727] [29.0] [cxt 0] Parser 'parser': start
[15:29:23.124] [bmv2] [D] [thread 18727] [29.0] [cxt 0] Parser 'parser' entering state 'start'
[15:29:23.124] [bmv2] [D] [thread 18727] [29.0] [cxt 0] Extracting header 'ethernet'
[15:29:23.124] [bmv2] [D] [thread 18727] [29.0] [cxt 0] Extracting header 'ethernet'
[15:29:23.124] [bmv2] [D] [thread 18727] [29.0] [cxt 0] Parser state 'start': key is 0000
[15:29:23.124] [bmv2] [T] [thread 18727] [29.0] [cxt 0] Bytes parsed: 28
[15:29:23.124] [bmv2] [D] [thread 18727] [29.0] [cxt 0] Parser 'parser': end
[15:29:23.124] [bmv2] [D] [thread 18727] [29.0] [cxt 0] Pipeline 'ingress': start
[15:29:23.124] [bmv2] [T] [thread 18727] [29.0] [cxt 0] source_routing.p4(150) Condition "hdr.srcRoutes[0].isValid()" (node_2) is false
[15:29:23.124] [bmv2] [T] [thread 18727] [29.0] [cxt 0] Applying table 'tbl_drop'
[15:29:23.124] [bmv2] [D] [thread 18727] [29.0] [cxt 0] Looking up key:

[15:29:23.124] [bmv2] [D] [thread 18727] [29.0] [cxt 0] Table 'tbl_drop': miss
[15:29:23.124] [bmv2] [D] [thread 18727] [29.0] [cxt 0] Action entry is MyIngress.drop - 
[15:29:23.124] [bmv2] [T] [thread 18727] [29.0] [cxt 0] Action MyIngress.drop
[15:29:23.124] [bmv2] [T] [thread 18727] [29.0] [cxt 0] source_routing.p4(122) Primitive mark_to_drop(standard_metadata)
[15:29:23.124] [bmv2] [D] [thread 18727] [29.0] [cxt 0] Pipeline 'ingress': end
[15:29:23.124] [bmv2] [D] [thread 18727] [29.0] [cxt 0] Egress port is 511
[15:29:23.124] [bmv2] [D] [thread 18727] [29.0] [cxt 0] Dropping packet at the end of ingress
[15:29:24.664] [bmv2] [D] [thread 18727] [30.0] [cxt 0] Processing packet received on port 1
[15:29:24.665] [bmv2] [D] [thread 18727] [30.0] [cxt 0] Parser 'parser': start
[15:29:24.665] [bmv2] [D] [thread 18727] [30.0] [cxt 0] Parser 'parser' entering state 'start'
[15:29:24.665] [bmv2] [D] [thread 18727] [30.0] [cxt 0] Extracting header 'ethernet'
[15:29:24.665] [bmv2] [D] [thread 18727] [30.0] [cxt 0] Extracting header 'ethernet'
[15:29:24.665] [bmv2] [D] [thread 18727] [30.0] [cxt 0] Parser state 'start': key is 0000
[15:29:24.665] [bmv2] [T] [thread 18727] [30.0] [cxt 0] Bytes parsed: 28
[15:29:24.665] [bmv2] [D] [thread 18727] [30.0] [cxt 0] Parser 'parser': end
[15:29:24.665] [bmv2] [D] [thread 18727] [30.0] [cxt 0] Pipeline 'ingress': start
[15:29:24.665] [bmv2] [T] [thread 18727] [30.0] [cxt 0] source_routing.p4(150) Condition "hdr.srcRoutes[0].isValid()" (node_2) is false
[15:29:24.665] [bmv2] [T] [thread 18727] [30.0] [cxt 0] Applying table 'tbl_drop'
[15:29:24.665] [bmv2] [D] [thread 18727] [30.0] [cxt 0] Looking up key:

[15:29:24.665] [bmv2] [D] [thread 18727] [30.0] [cxt 0] Table 'tbl_drop': miss
[15:29:24.665] [bmv2] [D] [thread 18727] [30.0] [cxt 0] Action entry is MyIngress.drop - 
[15:29:24.665] [bmv2] [T] [thread 18727] [30.0] [cxt 0] Action MyIngress.drop
[15:29:24.665] [bmv2] [T] [thread 18727] [30.0] [cxt 0] source_routing.p4(122) Primitive mark_to_drop(standard_metadata)
[15:29:24.665] [bmv2] [D] [thread 18727] [30.0] [cxt 0] Pipeline 'ingress': end
[15:29:24.665] [bmv2] [D] [thread 18727] [30.0] [cxt 0] Egress port is 511
[15:29:24.665] [bmv2] [D] [thread 18727] [30.0] [cxt 0] Dropping packet at the end of ingress
[15:29:24.665] [bmv2] [D] [thread 18727] [31.0] [cxt 0] Processing packet received on port 3
[15:29:24.665] [bmv2] [D] [thread 18727] [31.0] [cxt 0] Parser 'parser': start
[15:29:24.665] [bmv2] [D] [thread 18727] [31.0] [cxt 0] Parser 'parser' entering state 'start'
[15:29:24.665] [bmv2] [D] [thread 18727] [31.0] [cxt 0] Extracting header 'ethernet'
[15:29:24.665] [bmv2] [D] [thread 18727] [31.0] [cxt 0] Extracting header 'ethernet'
[15:29:24.665] [bmv2] [D] [thread 18727] [31.0] [cxt 0] Parser state 'start': key is 0000
[15:29:24.665] [bmv2] [T] [thread 18727] [31.0] [cxt 0] Bytes parsed: 28
[15:29:24.665] [bmv2] [D] [thread 18727] [31.0] [cxt 0] Parser 'parser': end
[15:29:24.665] [bmv2] [D] [thread 18727] [31.0] [cxt 0] Pipeline 'ingress': start
[15:29:24.665] [bmv2] [T] [thread 18727] [31.0] [cxt 0] source_routing.p4(150) Condition "hdr.srcRoutes[0].isValid()" (node_2) is false
[15:29:24.665] [bmv2] [T] [thread 18727] [31.0] [cxt 0] Applying table 'tbl_drop'
[15:29:24.666] [bmv2] [D] [thread 18727] [31.0] [cxt 0] Looking up key:

[15:29:24.666] [bmv2] [D] [thread 18727] [31.0] [cxt 0] Table 'tbl_drop': miss
[15:29:24.666] [bmv2] [D] [thread 18727] [31.0] [cxt 0] Action entry is MyIngress.drop - 
[15:29:24.666] [bmv2] [T] [thread 18727] [31.0] [cxt 0] Action MyIngress.drop
[15:29:24.666] [bmv2] [T] [thread 18727] [31.0] [cxt 0] source_routing.p4(122) Primitive mark_to_drop(standard_metadata)
[15:29:24.667] [bmv2] [D] [thread 18727] [31.0] [cxt 0] Pipeline 'ingress': end
[15:29:24.667] [bmv2] [D] [thread 18727] [31.0] [cxt 0] Egress port is 511
[15:29:24.667] [bmv2] [D] [thread 18727] [31.0] [cxt 0] Dropping packet at the end of ingress
[15:29:24.781] [bmv2] [D] [thread 18727] [32.0] [cxt 0] Processing packet received on port 3
[15:29:24.781] [bmv2] [D] [thread 18727] [32.0] [cxt 0] Parser 'parser': start
[15:29:24.781] [bmv2] [D] [thread 18727] [32.0] [cxt 0] Parser 'parser' entering state 'start'
[15:29:24.781] [bmv2] [D] [thread 18727] [32.0] [cxt 0] Extracting header 'ethernet'
[15:29:24.781] [bmv2] [D] [thread 18727] [32.0] [cxt 0] Extracting header 'ethernet'
[15:29:24.781] [bmv2] [D] [thread 18727] [32.0] [cxt 0] Parser state 'start': key is 0000
[15:29:24.781] [bmv2] [T] [thread 18727] [32.0] [cxt 0] Bytes parsed: 28
[15:29:24.781] [bmv2] [D] [thread 18727] [32.0] [cxt 0] Parser 'parser': end
[15:29:24.781] [bmv2] [D] [thread 18727] [32.0] [cxt 0] Pipeline 'ingress': start
[15:29:24.781] [bmv2] [T] [thread 18727] [32.0] [cxt 0] source_routing.p4(150) Condition "hdr.srcRoutes[0].isValid()" (node_2) is false
[15:29:24.781] [bmv2] [T] [thread 18727] [32.0] [cxt 0] Applying table 'tbl_drop'
[15:29:24.781] [bmv2] [D] [thread 18727] [32.0] [cxt 0] Looking up key:

[15:29:24.781] [bmv2] [D] [thread 18727] [32.0] [cxt 0] Table 'tbl_drop': miss
[15:29:24.781] [bmv2] [D] [thread 18727] [32.0] [cxt 0] Action entry is MyIngress.drop - 
[15:29:24.781] [bmv2] [T] [thread 18727] [32.0] [cxt 0] Action MyIngress.drop
[15:29:24.781] [bmv2] [T] [thread 18727] [32.0] [cxt 0] source_routing.p4(122) Primitive mark_to_drop(standard_metadata)
[15:29:24.781] [bmv2] [D] [thread 18727] [32.0] [cxt 0] Pipeline 'ingress': end
[15:29:24.781] [bmv2] [D] [thread 18727] [32.0] [cxt 0] Egress port is 511
[15:29:24.781] [bmv2] [D] [thread 18727] [32.0] [cxt 0] Dropping packet at the end of ingress
[15:29:24.846] [bmv2] [D] [thread 18727] [33.0] [cxt 0] Processing packet received on port 1
[15:29:24.846] [bmv2] [D] [thread 18727] [33.0] [cxt 0] Parser 'parser': start
[15:29:24.846] [bmv2] [D] [thread 18727] [33.0] [cxt 0] Parser 'parser' entering state 'start'
[15:29:24.846] [bmv2] [D] [thread 18727] [33.0] [cxt 0] Extracting header 'ethernet'
[15:29:24.847] [bmv2] [D] [thread 18727] [33.0] [cxt 0] Extracting header 'ethernet'
[15:29:24.847] [bmv2] [D] [thread 18727] [33.0] [cxt 0] Parser state 'start': key is 0000
[15:29:24.847] [bmv2] [T] [thread 18727] [33.0] [cxt 0] Bytes parsed: 28
[15:29:24.847] [bmv2] [D] [thread 18727] [33.0] [cxt 0] Parser 'parser': end
[15:29:24.847] [bmv2] [D] [thread 18727] [33.0] [cxt 0] Pipeline 'ingress': start
[15:29:24.847] [bmv2] [T] [thread 18727] [33.0] [cxt 0] source_routing.p4(150) Condition "hdr.srcRoutes[0].isValid()" (node_2) is false
[15:29:24.847] [bmv2] [T] [thread 18727] [33.0] [cxt 0] Applying table 'tbl_drop'
[15:29:24.847] [bmv2] [D] [thread 18727] [33.0] [cxt 0] Looking up key:

[15:29:24.847] [bmv2] [D] [thread 18727] [33.0] [cxt 0] Table 'tbl_drop': miss
[15:29:24.847] [bmv2] [D] [thread 18727] [33.0] [cxt 0] Action entry is MyIngress.drop - 
[15:29:24.847] [bmv2] [T] [thread 18727] [33.0] [cxt 0] Action MyIngress.drop
[15:29:24.847] [bmv2] [T] [thread 18727] [33.0] [cxt 0] source_routing.p4(122) Primitive mark_to_drop(standard_metadata)
[15:29:24.847] [bmv2] [D] [thread 18727] [33.0] [cxt 0] Pipeline 'ingress': end
[15:29:24.847] [bmv2] [D] [thread 18727] [33.0] [cxt 0] Egress port is 511
[15:29:24.847] [bmv2] [D] [thread 18727] [33.0] [cxt 0] Dropping packet at the end of ingress
[15:29:24.875] [bmv2] [D] [thread 18727] [34.0] [cxt 0] Processing packet received on port 2
[15:29:24.875] [bmv2] [D] [thread 18727] [34.0] [cxt 0] Parser 'parser': start
[15:29:24.875] [bmv2] [D] [thread 18727] [34.0] [cxt 0] Parser 'parser' entering state 'start'
[15:29:24.875] [bmv2] [D] [thread 18727] [34.0] [cxt 0] Extracting header 'ethernet'
[15:29:24.875] [bmv2] [D] [thread 18727] [34.0] [cxt 0] Extracting header 'ethernet'
[15:29:24.875] [bmv2] [D] [thread 18727] [34.0] [cxt 0] Parser state 'start': key is 0000
[15:29:24.875] [bmv2] [T] [thread 18727] [34.0] [cxt 0] Bytes parsed: 28
[15:29:24.875] [bmv2] [D] [thread 18727] [34.0] [cxt 0] Parser 'parser': end
[15:29:24.875] [bmv2] [D] [thread 18727] [34.0] [cxt 0] Pipeline 'ingress': start
[15:29:24.875] [bmv2] [T] [thread 18727] [34.0] [cxt 0] source_routing.p4(150) Condition "hdr.srcRoutes[0].isValid()" (node_2) is false
[15:29:24.875] [bmv2] [T] [thread 18727] [34.0] [cxt 0] Applying table 'tbl_drop'
[15:29:24.875] [bmv2] [D] [thread 18727] [34.0] [cxt 0] Looking up key:

[15:29:24.875] [bmv2] [D] [thread 18727] [34.0] [cxt 0] Table 'tbl_drop': miss
[15:29:24.875] [bmv2] [D] [thread 18727] [34.0] [cxt 0] Action entry is MyIngress.drop - 
[15:29:24.875] [bmv2] [T] [thread 18727] [34.0] [cxt 0] Action MyIngress.drop
[15:29:24.875] [bmv2] [T] [thread 18727] [34.0] [cxt 0] source_routing.p4(122) Primitive mark_to_drop(standard_metadata)
[15:29:24.875] [bmv2] [D] [thread 18727] [34.0] [cxt 0] Pipeline 'ingress': end
[15:29:24.875] [bmv2] [D] [thread 18727] [34.0] [cxt 0] Egress port is 511
[15:29:24.875] [bmv2] [D] [thread 18727] [34.0] [cxt 0] Dropping packet at the end of ingress
[15:29:24.900] [bmv2] [D] [thread 18727] [35.0] [cxt 0] Processing packet received on port 3
[15:29:24.900] [bmv2] [D] [thread 18727] [35.0] [cxt 0] Parser 'parser': start
[15:29:24.900] [bmv2] [D] [thread 18727] [35.0] [cxt 0] Parser 'parser' entering state 'start'
[15:29:24.900] [bmv2] [D] [thread 18727] [35.0] [cxt 0] Extracting header 'ethernet'
[15:29:24.900] [bmv2] [D] [thread 18727] [35.0] [cxt 0] Extracting header 'ethernet'
[15:29:24.900] [bmv2] [D] [thread 18727] [35.0] [cxt 0] Parser state 'start': key is 0000
[15:29:24.900] [bmv2] [T] [thread 18727] [35.0] [cxt 0] Bytes parsed: 28
[15:29:24.900] [bmv2] [D] [thread 18727] [35.0] [cxt 0] Parser 'parser': end
[15:29:24.900] [bmv2] [D] [thread 18727] [35.0] [cxt 0] Pipeline 'ingress': start
[15:29:24.900] [bmv2] [T] [thread 18727] [35.0] [cxt 0] source_routing.p4(150) Condition "hdr.srcRoutes[0].isValid()" (node_2) is false
[15:29:24.900] [bmv2] [T] [thread 18727] [35.0] [cxt 0] Applying table 'tbl_drop'
[15:29:24.900] [bmv2] [D] [thread 18727] [35.0] [cxt 0] Looking up key:

[15:29:24.900] [bmv2] [D] [thread 18727] [35.0] [cxt 0] Table 'tbl_drop': miss
[15:29:24.900] [bmv2] [D] [thread 18727] [35.0] [cxt 0] Action entry is MyIngress.drop - 
[15:29:24.900] [bmv2] [T] [thread 18727] [35.0] [cxt 0] Action MyIngress.drop
[15:29:24.900] [bmv2] [T] [thread 18727] [35.0] [cxt 0] source_routing.p4(122) Primitive mark_to_drop(standard_metadata)
[15:29:24.900] [bmv2] [D] [thread 18727] [35.0] [cxt 0] Pipeline 'ingress': end
[15:29:24.900] [bmv2] [D] [thread 18727] [35.0] [cxt 0] Egress port is 511
[15:29:24.900] [bmv2] [D] [thread 18727] [35.0] [cxt 0] Dropping packet at the end of ingress
[15:29:24.901] [bmv2] [D] [thread 18727] [36.0] [cxt 0] Processing packet received on port 2
[15:29:24.901] [bmv2] [D] [thread 18727] [36.0] [cxt 0] Parser 'parser': start
[15:29:24.901] [bmv2] [D] [thread 18727] [36.0] [cxt 0] Parser 'parser' entering state 'start'
[15:29:24.901] [bmv2] [D] [thread 18727] [36.0] [cxt 0] Extracting header 'ethernet'
[15:29:24.901] [bmv2] [D] [thread 18727] [36.0] [cxt 0] Extracting header 'ethernet'
[15:29:24.901] [bmv2] [D] [thread 18727] [36.0] [cxt 0] Parser state 'start': key is 0000
[15:29:24.901] [bmv2] [T] [thread 18727] [36.0] [cxt 0] Bytes parsed: 28
[15:29:24.901] [bmv2] [D] [thread 18727] [36.0] [cxt 0] Parser 'parser': end
[15:29:24.901] [bmv2] [D] [thread 18727] [36.0] [cxt 0] Pipeline 'ingress': start
[15:29:24.901] [bmv2] [T] [thread 18727] [36.0] [cxt 0] source_routing.p4(150) Condition "hdr.srcRoutes[0].isValid()" (node_2) is false
[15:29:24.901] [bmv2] [T] [thread 18727] [36.0] [cxt 0] Applying table 'tbl_drop'
[15:29:24.901] [bmv2] [D] [thread 18727] [36.0] [cxt 0] Looking up key:

[15:29:24.901] [bmv2] [D] [thread 18727] [36.0] [cxt 0] Table 'tbl_drop': miss
[15:29:24.901] [bmv2] [D] [thread 18727] [36.0] [cxt 0] Action entry is MyIngress.drop - 
[15:29:24.901] [bmv2] [T] [thread 18727] [36.0] [cxt 0] Action MyIngress.drop
[15:29:24.901] [bmv2] [T] [thread 18727] [36.0] [cxt 0] source_routing.p4(122) Primitive mark_to_drop(standard_metadata)
[15:29:24.901] [bmv2] [D] [thread 18727] [36.0] [cxt 0] Pipeline 'ingress': end
[15:29:24.901] [bmv2] [D] [thread 18727] [36.0] [cxt 0] Egress port is 511
[15:29:24.901] [bmv2] [D] [thread 18727] [36.0] [cxt 0] Dropping packet at the end of ingress
[15:29:24.901] [bmv2] [D] [thread 18727] [37.0] [cxt 0] Processing packet received on port 2
[15:29:24.901] [bmv2] [D] [thread 18727] [37.0] [cxt 0] Parser 'parser': start
[15:29:24.901] [bmv2] [D] [thread 18727] [37.0] [cxt 0] Parser 'parser' entering state 'start'
[15:29:24.901] [bmv2] [D] [thread 18727] [37.0] [cxt 0] Extracting header 'ethernet'
[15:29:24.901] [bmv2] [D] [thread 18727] [37.0] [cxt 0] Extracting header 'ethernet'
[15:29:24.901] [bmv2] [D] [thread 18727] [37.0] [cxt 0] Parser state 'start': key is 0000
[15:29:24.901] [bmv2] [T] [thread 18727] [37.0] [cxt 0] Bytes parsed: 28
[15:29:24.902] [bmv2] [D] [thread 18727] [37.0] [cxt 0] Parser 'parser': end
[15:29:24.902] [bmv2] [D] [thread 18727] [37.0] [cxt 0] Pipeline 'ingress': start
[15:29:24.902] [bmv2] [T] [thread 18727] [37.0] [cxt 0] source_routing.p4(150) Condition "hdr.srcRoutes[0].isValid()" (node_2) is false
[15:29:24.902] [bmv2] [T] [thread 18727] [37.0] [cxt 0] Applying table 'tbl_drop'
[15:29:24.902] [bmv2] [D] [thread 18727] [37.0] [cxt 0] Looking up key:

[15:29:24.902] [bmv2] [D] [thread 18727] [37.0] [cxt 0] Table 'tbl_drop': miss
[15:29:24.902] [bmv2] [D] [thread 18727] [37.0] [cxt 0] Action entry is MyIngress.drop - 
[15:29:24.902] [bmv2] [T] [thread 18727] [37.0] [cxt 0] Action MyIngress.drop
[15:29:24.902] [bmv2] [T] [thread 18727] [37.0] [cxt 0] source_routing.p4(122) Primitive mark_to_drop(standard_metadata)
[15:29:24.902] [bmv2] [D] [thread 18727] [37.0] [cxt 0] Pipeline 'ingress': end
[15:29:24.902] [bmv2] [D] [thread 18727] [37.0] [cxt 0] Egress port is 511
[15:29:24.902] [bmv2] [D] [thread 18727] [37.0] [cxt 0] Dropping packet at the end of ingress
[15:29:24.939] [bmv2] [D] [thread 18727] [38.0] [cxt 0] Processing packet received on port 3
[15:29:24.939] [bmv2] [D] [thread 18727] [38.0] [cxt 0] Parser 'parser': start
[15:29:24.939] [bmv2] [D] [thread 18727] [38.0] [cxt 0] Parser 'parser' entering state 'start'
[15:29:24.939] [bmv2] [D] [thread 18727] [38.0] [cxt 0] Extracting header 'ethernet'
[15:29:24.939] [bmv2] [D] [thread 18727] [38.0] [cxt 0] Extracting header 'ethernet'
[15:29:24.939] [bmv2] [D] [thread 18727] [38.0] [cxt 0] Parser state 'start': key is 0000
[15:29:24.939] [bmv2] [T] [thread 18727] [38.0] [cxt 0] Bytes parsed: 28
[15:29:24.939] [bmv2] [D] [thread 18727] [38.0] [cxt 0] Parser 'parser': end
[15:29:24.939] [bmv2] [D] [thread 18727] [38.0] [cxt 0] Pipeline 'ingress': start
[15:29:24.939] [bmv2] [T] [thread 18727] [38.0] [cxt 0] source_routing.p4(150) Condition "hdr.srcRoutes[0].isValid()" (node_2) is false
[15:29:24.939] [bmv2] [T] [thread 18727] [38.0] [cxt 0] Applying table 'tbl_drop'
[15:29:24.939] [bmv2] [D] [thread 18727] [38.0] [cxt 0] Looking up key:

[15:29:24.939] [bmv2] [D] [thread 18727] [38.0] [cxt 0] Table 'tbl_drop': miss
[15:29:24.939] [bmv2] [D] [thread 18727] [38.0] [cxt 0] Action entry is MyIngress.drop - 
[15:29:24.939] [bmv2] [T] [thread 18727] [38.0] [cxt 0] Action MyIngress.drop
[15:29:24.939] [bmv2] [T] [thread 18727] [38.0] [cxt 0] source_routing.p4(122) Primitive mark_to_drop(standard_metadata)
[15:29:24.939] [bmv2] [D] [thread 18727] [38.0] [cxt 0] Pipeline 'ingress': end
[15:29:24.939] [bmv2] [D] [thread 18727] [38.0] [cxt 0] Egress port is 511
[15:29:24.939] [bmv2] [D] [thread 18727] [38.0] [cxt 0] Dropping packet at the end of ingress
[15:29:25.356] [bmv2] [D] [thread 18727] [39.0] [cxt 0] Processing packet received on port 2
[15:29:25.356] [bmv2] [D] [thread 18727] [39.0] [cxt 0] Parser 'parser': start
[15:29:25.356] [bmv2] [D] [thread 18727] [39.0] [cxt 0] Parser 'parser' entering state 'start'
[15:29:25.356] [bmv2] [D] [thread 18727] [39.0] [cxt 0] Extracting header 'ethernet'
[15:29:25.356] [bmv2] [D] [thread 18727] [39.0] [cxt 0] Extracting header 'ethernet'
[15:29:25.356] [bmv2] [D] [thread 18727] [39.0] [cxt 0] Parser state 'start': key is 0000
[15:29:25.356] [bmv2] [T] [thread 18727] [39.0] [cxt 0] Bytes parsed: 28
[15:29:25.356] [bmv2] [D] [thread 18727] [39.0] [cxt 0] Parser 'parser': end
[15:29:25.356] [bmv2] [D] [thread 18727] [39.0] [cxt 0] Pipeline 'ingress': start
[15:29:25.356] [bmv2] [T] [thread 18727] [39.0] [cxt 0] source_routing.p4(150) Condition "hdr.srcRoutes[0].isValid()" (node_2) is false
[15:29:25.356] [bmv2] [T] [thread 18727] [39.0] [cxt 0] Applying table 'tbl_drop'
[15:29:25.356] [bmv2] [D] [thread 18727] [39.0] [cxt 0] Looking up key:

[15:29:25.356] [bmv2] [D] [thread 18727] [39.0] [cxt 0] Table 'tbl_drop': miss
[15:29:25.356] [bmv2] [D] [thread 18727] [39.0] [cxt 0] Action entry is MyIngress.drop - 
[15:29:25.356] [bmv2] [T] [thread 18727] [39.0] [cxt 0] Action MyIngress.drop
[15:29:25.356] [bmv2] [T] [thread 18727] [39.0] [cxt 0] source_routing.p4(122) Primitive mark_to_drop(standard_metadata)
[15:29:25.356] [bmv2] [D] [thread 18727] [39.0] [cxt 0] Pipeline 'ingress': end
[15:29:25.356] [bmv2] [D] [thread 18727] [39.0] [cxt 0] Egress port is 511
[15:29:25.356] [bmv2] [D] [thread 18727] [39.0] [cxt 0] Dropping packet at the end of ingress
[15:29:32.326] [bmv2] [D] [thread 18727] [40.0] [cxt 0] Processing packet received on port 2
[15:29:32.326] [bmv2] [D] [thread 18727] [40.0] [cxt 0] Parser 'parser': start
[15:29:32.326] [bmv2] [D] [thread 18727] [40.0] [cxt 0] Parser 'parser' entering state 'start'
[15:29:32.326] [bmv2] [D] [thread 18727] [40.0] [cxt 0] Extracting header 'ethernet'
[15:29:32.326] [bmv2] [D] [thread 18727] [40.0] [cxt 0] Extracting header 'ethernet'
[15:29:32.326] [bmv2] [D] [thread 18727] [40.0] [cxt 0] Parser state 'start': key is 0000
[15:29:32.326] [bmv2] [T] [thread 18727] [40.0] [cxt 0] Bytes parsed: 28
[15:29:32.326] [bmv2] [D] [thread 18727] [40.0] [cxt 0] Parser 'parser': end
[15:29:32.326] [bmv2] [D] [thread 18727] [40.0] [cxt 0] Pipeline 'ingress': start
[15:29:32.326] [bmv2] [T] [thread 18727] [40.0] [cxt 0] source_routing.p4(150) Condition "hdr.srcRoutes[0].isValid()" (node_2) is false
[15:29:32.326] [bmv2] [T] [thread 18727] [40.0] [cxt 0] Applying table 'tbl_drop'
[15:29:32.326] [bmv2] [D] [thread 18727] [40.0] [cxt 0] Looking up key:

[15:29:32.326] [bmv2] [D] [thread 18727] [40.0] [cxt 0] Table 'tbl_drop': miss
[15:29:32.326] [bmv2] [D] [thread 18727] [40.0] [cxt 0] Action entry is MyIngress.drop - 
[15:29:32.326] [bmv2] [T] [thread 18727] [40.0] [cxt 0] Action MyIngress.drop
[15:29:32.326] [bmv2] [T] [thread 18727] [40.0] [cxt 0] source_routing.p4(122) Primitive mark_to_drop(standard_metadata)
[15:29:32.326] [bmv2] [D] [thread 18727] [40.0] [cxt 0] Pipeline 'ingress': end
[15:29:32.327] [bmv2] [D] [thread 18727] [40.0] [cxt 0] Egress port is 511
[15:29:32.327] [bmv2] [D] [thread 18727] [40.0] [cxt 0] Dropping packet at the end of ingress
[15:29:32.840] [bmv2] [D] [thread 18727] [41.0] [cxt 0] Processing packet received on port 3
[15:29:32.840] [bmv2] [D] [thread 18727] [41.0] [cxt 0] Parser 'parser': start
[15:29:32.841] [bmv2] [D] [thread 18727] [41.0] [cxt 0] Parser 'parser' entering state 'start'
[15:29:32.841] [bmv2] [D] [thread 18727] [41.0] [cxt 0] Extracting header 'ethernet'
[15:29:32.841] [bmv2] [D] [thread 18727] [41.0] [cxt 0] Extracting header 'ethernet'
[15:29:32.841] [bmv2] [D] [thread 18727] [41.0] [cxt 0] Parser state 'start': key is 0000
[15:29:32.841] [bmv2] [T] [thread 18727] [41.0] [cxt 0] Bytes parsed: 28
[15:29:32.841] [bmv2] [D] [thread 18727] [41.0] [cxt 0] Parser 'parser': end
[15:29:32.841] [bmv2] [D] [thread 18727] [41.0] [cxt 0] Pipeline 'ingress': start
[15:29:32.841] [bmv2] [T] [thread 18727] [41.0] [cxt 0] source_routing.p4(150) Condition "hdr.srcRoutes[0].isValid()" (node_2) is false
[15:29:32.841] [bmv2] [T] [thread 18727] [41.0] [cxt 0] Applying table 'tbl_drop'
[15:29:32.841] [bmv2] [D] [thread 18727] [41.0] [cxt 0] Looking up key:

[15:29:32.841] [bmv2] [D] [thread 18727] [41.0] [cxt 0] Table 'tbl_drop': miss
[15:29:32.841] [bmv2] [D] [thread 18727] [41.0] [cxt 0] Action entry is MyIngress.drop - 
[15:29:32.841] [bmv2] [T] [thread 18727] [41.0] [cxt 0] Action MyIngress.drop
[15:29:32.841] [bmv2] [T] [thread 18727] [41.0] [cxt 0] source_routing.p4(122) Primitive mark_to_drop(standard_metadata)
[15:29:32.841] [bmv2] [D] [thread 18727] [41.0] [cxt 0] Pipeline 'ingress': end
[15:29:32.841] [bmv2] [D] [thread 18727] [41.0] [cxt 0] Egress port is 511
[15:29:32.841] [bmv2] [D] [thread 18727] [41.0] [cxt 0] Dropping packet at the end of ingress
[15:29:33.349] [bmv2] [D] [thread 18727] [42.0] [cxt 0] Processing packet received on port 1
[15:29:33.349] [bmv2] [D] [thread 18727] [42.0] [cxt 0] Parser 'parser': start
[15:29:33.349] [bmv2] [D] [thread 18727] [42.0] [cxt 0] Parser 'parser' entering state 'start'
[15:29:33.349] [bmv2] [D] [thread 18727] [42.0] [cxt 0] Extracting header 'ethernet'
[15:29:33.349] [bmv2] [D] [thread 18727] [42.0] [cxt 0] Extracting header 'ethernet'
[15:29:33.349] [bmv2] [D] [thread 18727] [42.0] [cxt 0] Parser state 'start': key is 0000
[15:29:33.349] [bmv2] [T] [thread 18727] [42.0] [cxt 0] Bytes parsed: 28
[15:29:33.349] [bmv2] [D] [thread 18727] [42.0] [cxt 0] Parser 'parser': end
[15:29:33.349] [bmv2] [D] [thread 18727] [42.0] [cxt 0] Pipeline 'ingress': start
[15:29:33.349] [bmv2] [T] [thread 18727] [42.0] [cxt 0] source_routing.p4(150) Condition "hdr.srcRoutes[0].isValid()" (node_2) is false
[15:29:33.349] [bmv2] [T] [thread 18727] [42.0] [cxt 0] Applying table 'tbl_drop'
[15:29:33.349] [bmv2] [D] [thread 18727] [42.0] [cxt 0] Looking up key:

[15:29:33.349] [bmv2] [D] [thread 18727] [42.0] [cxt 0] Table 'tbl_drop': miss
[15:29:33.349] [bmv2] [D] [thread 18727] [42.0] [cxt 0] Action entry is MyIngress.drop - 
[15:29:33.349] [bmv2] [T] [thread 18727] [42.0] [cxt 0] Action MyIngress.drop
[15:29:33.349] [bmv2] [T] [thread 18727] [42.0] [cxt 0] source_routing.p4(122) Primitive mark_to_drop(standard_metadata)
[15:29:33.349] [bmv2] [D] [thread 18727] [42.0] [cxt 0] Pipeline 'ingress': end
[15:29:33.349] [bmv2] [D] [thread 18727] [42.0] [cxt 0] Egress port is 511
[15:29:33.349] [bmv2] [D] [thread 18727] [42.0] [cxt 0] Dropping packet at the end of ingress
[15:29:33.605] [bmv2] [D] [thread 18727] [43.0] [cxt 0] Processing packet received on port 2
[15:29:33.605] [bmv2] [D] [thread 18727] [43.0] [cxt 0] Parser 'parser': start
[15:29:33.605] [bmv2] [D] [thread 18727] [43.0] [cxt 0] Parser 'parser' entering state 'start'
[15:29:33.605] [bmv2] [D] [thread 18727] [43.0] [cxt 0] Extracting header 'ethernet'
[15:29:33.605] [bmv2] [D] [thread 18727] [43.0] [cxt 0] Extracting header 'ethernet'
[15:29:33.605] [bmv2] [D] [thread 18727] [43.0] [cxt 0] Parser state 'start': key is 0000
[15:29:33.605] [bmv2] [T] [thread 18727] [43.0] [cxt 0] Bytes parsed: 28
[15:29:33.605] [bmv2] [D] [thread 18727] [43.0] [cxt 0] Parser 'parser': end
[15:29:33.605] [bmv2] [D] [thread 18727] [43.0] [cxt 0] Pipeline 'ingress': start
[15:29:33.605] [bmv2] [T] [thread 18727] [43.0] [cxt 0] source_routing.p4(150) Condition "hdr.srcRoutes[0].isValid()" (node_2) is false
[15:29:33.605] [bmv2] [T] [thread 18727] [43.0] [cxt 0] Applying table 'tbl_drop'
[15:29:33.606] [bmv2] [D] [thread 18727] [43.0] [cxt 0] Looking up key:

[15:29:33.606] [bmv2] [D] [thread 18727] [43.0] [cxt 0] Table 'tbl_drop': miss
[15:29:33.606] [bmv2] [D] [thread 18727] [43.0] [cxt 0] Action entry is MyIngress.drop - 
[15:29:33.606] [bmv2] [T] [thread 18727] [43.0] [cxt 0] Action MyIngress.drop
[15:29:33.606] [bmv2] [T] [thread 18727] [43.0] [cxt 0] source_routing.p4(122) Primitive mark_to_drop(standard_metadata)
[15:29:33.606] [bmv2] [D] [thread 18727] [43.0] [cxt 0] Pipeline 'ingress': end
[15:29:33.606] [bmv2] [D] [thread 18727] [43.0] [cxt 0] Egress port is 511
[15:29:33.606] [bmv2] [D] [thread 18727] [43.0] [cxt 0] Dropping packet at the end of ingress
[15:29:33.860] [bmv2] [D] [thread 18727] [44.0] [cxt 0] Processing packet received on port 3
[15:29:33.860] [bmv2] [D] [thread 18727] [44.0] [cxt 0] Parser 'parser': start
[15:29:33.860] [bmv2] [D] [thread 18727] [44.0] [cxt 0] Parser 'parser' entering state 'start'
[15:29:33.860] [bmv2] [D] [thread 18727] [44.0] [cxt 0] Extracting header 'ethernet'
[15:29:33.860] [bmv2] [D] [thread 18727] [44.0] [cxt 0] Extracting header 'ethernet'
[15:29:33.860] [bmv2] [D] [thread 18727] [44.0] [cxt 0] Parser state 'start': key is 0000
[15:29:33.860] [bmv2] [T] [thread 18727] [44.0] [cxt 0] Bytes parsed: 28
[15:29:33.860] [bmv2] [D] [thread 18727] [44.0] [cxt 0] Parser 'parser': end
[15:29:33.860] [bmv2] [D] [thread 18727] [44.0] [cxt 0] Pipeline 'ingress': start
[15:29:33.860] [bmv2] [T] [thread 18727] [44.0] [cxt 0] source_routing.p4(150) Condition "hdr.srcRoutes[0].isValid()" (node_2) is false
[15:29:33.860] [bmv2] [T] [thread 18727] [44.0] [cxt 0] Applying table 'tbl_drop'
[15:29:33.860] [bmv2] [D] [thread 18727] [44.0] [cxt 0] Looking up key:

[15:29:33.860] [bmv2] [D] [thread 18727] [44.0] [cxt 0] Table 'tbl_drop': miss
[15:29:33.860] [bmv2] [D] [thread 18727] [44.0] [cxt 0] Action entry is MyIngress.drop - 
[15:29:33.860] [bmv2] [T] [thread 18727] [44.0] [cxt 0] Action MyIngress.drop
[15:29:33.860] [bmv2] [T] [thread 18727] [44.0] [cxt 0] source_routing.p4(122) Primitive mark_to_drop(standard_metadata)
[15:29:33.860] [bmv2] [D] [thread 18727] [44.0] [cxt 0] Pipeline 'ingress': end
[15:29:33.860] [bmv2] [D] [thread 18727] [44.0] [cxt 0] Egress port is 511
[15:29:33.860] [bmv2] [D] [thread 18727] [44.0] [cxt 0] Dropping packet at the end of ingress
[15:29:46.662] [bmv2] [D] [thread 18727] [45.0] [cxt 0] Processing packet received on port 2
[15:29:46.662] [bmv2] [D] [thread 18727] [45.0] [cxt 0] Parser 'parser': start
[15:29:46.662] [bmv2] [D] [thread 18727] [45.0] [cxt 0] Parser 'parser' entering state 'start'
[15:29:46.662] [bmv2] [D] [thread 18727] [45.0] [cxt 0] Extracting header 'ethernet'
[15:29:46.662] [bmv2] [D] [thread 18727] [45.0] [cxt 0] Extracting header 'ethernet'
[15:29:46.662] [bmv2] [D] [thread 18727] [45.0] [cxt 0] Parser state 'start': key is 0000
[15:29:46.662] [bmv2] [T] [thread 18727] [45.0] [cxt 0] Bytes parsed: 28
[15:29:46.662] [bmv2] [D] [thread 18727] [45.0] [cxt 0] Parser 'parser': end
[15:29:46.662] [bmv2] [D] [thread 18727] [45.0] [cxt 0] Pipeline 'ingress': start
[15:29:46.662] [bmv2] [T] [thread 18727] [45.0] [cxt 0] source_routing.p4(150) Condition "hdr.srcRoutes[0].isValid()" (node_2) is false
[15:29:46.662] [bmv2] [T] [thread 18727] [45.0] [cxt 0] Applying table 'tbl_drop'
[15:29:46.662] [bmv2] [D] [thread 18727] [45.0] [cxt 0] Looking up key:

[15:29:46.662] [bmv2] [D] [thread 18727] [45.0] [cxt 0] Table 'tbl_drop': miss
[15:29:46.662] [bmv2] [D] [thread 18727] [45.0] [cxt 0] Action entry is MyIngress.drop - 
[15:29:46.662] [bmv2] [T] [thread 18727] [45.0] [cxt 0] Action MyIngress.drop
[15:29:46.662] [bmv2] [T] [thread 18727] [45.0] [cxt 0] source_routing.p4(122) Primitive mark_to_drop(standard_metadata)
[15:29:46.662] [bmv2] [D] [thread 18727] [45.0] [cxt 0] Pipeline 'ingress': end
[15:29:46.662] [bmv2] [D] [thread 18727] [45.0] [cxt 0] Egress port is 511
[15:29:46.662] [bmv2] [D] [thread 18727] [45.0] [cxt 0] Dropping packet at the end of ingress
[15:29:48.200] [bmv2] [D] [thread 18727] [46.0] [cxt 0] Processing packet received on port 3
[15:29:48.200] [bmv2] [D] [thread 18727] [46.0] [cxt 0] Parser 'parser': start
[15:29:48.200] [bmv2] [D] [thread 18727] [46.0] [cxt 0] Parser 'parser' entering state 'start'
[15:29:48.200] [bmv2] [D] [thread 18727] [46.0] [cxt 0] Extracting header 'ethernet'
[15:29:48.200] [bmv2] [D] [thread 18727] [46.0] [cxt 0] Extracting header 'ethernet'
[15:29:48.200] [bmv2] [D] [thread 18727] [46.0] [cxt 0] Parser state 'start': key is 0000
[15:29:48.200] [bmv2] [T] [thread 18727] [46.0] [cxt 0] Bytes parsed: 28
[15:29:48.200] [bmv2] [D] [thread 18727] [46.0] [cxt 0] Parser 'parser': end
[15:29:48.200] [bmv2] [D] [thread 18727] [46.0] [cxt 0] Pipeline 'ingress': start
[15:29:48.200] [bmv2] [T] [thread 18727] [46.0] [cxt 0] source_routing.p4(150) Condition "hdr.srcRoutes[0].isValid()" (node_2) is false
[15:29:48.200] [bmv2] [T] [thread 18727] [46.0] [cxt 0] Applying table 'tbl_drop'
[15:29:48.200] [bmv2] [D] [thread 18727] [46.0] [cxt 0] Looking up key:

[15:29:48.200] [bmv2] [D] [thread 18727] [46.0] [cxt 0] Table 'tbl_drop': miss
[15:29:48.200] [bmv2] [D] [thread 18727] [46.0] [cxt 0] Action entry is MyIngress.drop - 
[15:29:48.200] [bmv2] [T] [thread 18727] [46.0] [cxt 0] Action MyIngress.drop
[15:29:48.200] [bmv2] [T] [thread 18727] [46.0] [cxt 0] source_routing.p4(122) Primitive mark_to_drop(standard_metadata)
[15:29:48.200] [bmv2] [D] [thread 18727] [46.0] [cxt 0] Pipeline 'ingress': end
[15:29:48.200] [bmv2] [D] [thread 18727] [46.0] [cxt 0] Egress port is 511
[15:29:48.200] [bmv2] [D] [thread 18727] [46.0] [cxt 0] Dropping packet at the end of ingress
[15:29:50.500] [bmv2] [D] [thread 18727] [47.0] [cxt 0] Processing packet received on port 2
[15:29:50.501] [bmv2] [D] [thread 18727] [47.0] [cxt 0] Parser 'parser': start
[15:29:50.501] [bmv2] [D] [thread 18727] [47.0] [cxt 0] Parser 'parser' entering state 'start'
[15:29:50.501] [bmv2] [D] [thread 18727] [47.0] [cxt 0] Extracting header 'ethernet'
[15:29:50.501] [bmv2] [D] [thread 18727] [47.0] [cxt 0] Extracting header 'ethernet'
[15:29:50.501] [bmv2] [D] [thread 18727] [47.0] [cxt 0] Parser state 'start': key is 0000
[15:29:50.501] [bmv2] [T] [thread 18727] [47.0] [cxt 0] Bytes parsed: 28
[15:29:50.501] [bmv2] [D] [thread 18727] [47.0] [cxt 0] Parser 'parser': end
[15:29:50.501] [bmv2] [D] [thread 18727] [47.0] [cxt 0] Pipeline 'ingress': start
[15:29:50.501] [bmv2] [T] [thread 18727] [47.0] [cxt 0] source_routing.p4(150) Condition "hdr.srcRoutes[0].isValid()" (node_2) is false
[15:29:50.501] [bmv2] [T] [thread 18727] [47.0] [cxt 0] Applying table 'tbl_drop'
[15:29:50.501] [bmv2] [D] [thread 18727] [47.0] [cxt 0] Looking up key:

[15:29:50.501] [bmv2] [D] [thread 18727] [47.0] [cxt 0] Table 'tbl_drop': miss
[15:29:50.501] [bmv2] [D] [thread 18727] [47.0] [cxt 0] Action entry is MyIngress.drop - 
[15:29:50.501] [bmv2] [T] [thread 18727] [47.0] [cxt 0] Action MyIngress.drop
[15:29:50.501] [bmv2] [T] [thread 18727] [47.0] [cxt 0] source_routing.p4(122) Primitive mark_to_drop(standard_metadata)
[15:29:50.501] [bmv2] [D] [thread 18727] [47.0] [cxt 0] Pipeline 'ingress': end
[15:29:50.501] [bmv2] [D] [thread 18727] [47.0] [cxt 0] Egress port is 511
[15:29:50.501] [bmv2] [D] [thread 18727] [47.0] [cxt 0] Dropping packet at the end of ingress
[15:29:52.548] [bmv2] [D] [thread 18727] [48.0] [cxt 0] Processing packet received on port 3
[15:29:52.548] [bmv2] [D] [thread 18727] [48.0] [cxt 0] Parser 'parser': start
[15:29:52.548] [bmv2] [D] [thread 18727] [48.0] [cxt 0] Parser 'parser' entering state 'start'
[15:29:52.548] [bmv2] [D] [thread 18727] [48.0] [cxt 0] Extracting header 'ethernet'
[15:29:52.548] [bmv2] [D] [thread 18727] [48.0] [cxt 0] Extracting header 'ethernet'
[15:29:52.548] [bmv2] [D] [thread 18727] [48.0] [cxt 0] Parser state 'start': key is 0000
[15:29:52.548] [bmv2] [T] [thread 18727] [48.0] [cxt 0] Bytes parsed: 28
[15:29:52.548] [bmv2] [D] [thread 18727] [48.0] [cxt 0] Parser 'parser': end
[15:29:52.548] [bmv2] [D] [thread 18727] [48.0] [cxt 0] Pipeline 'ingress': start
[15:29:52.548] [bmv2] [T] [thread 18727] [48.0] [cxt 0] source_routing.p4(150) Condition "hdr.srcRoutes[0].isValid()" (node_2) is false
[15:29:52.548] [bmv2] [T] [thread 18727] [48.0] [cxt 0] Applying table 'tbl_drop'
[15:29:52.548] [bmv2] [D] [thread 18727] [48.0] [cxt 0] Looking up key:

[15:29:52.548] [bmv2] [D] [thread 18727] [48.0] [cxt 0] Table 'tbl_drop': miss
[15:29:52.548] [bmv2] [D] [thread 18727] [48.0] [cxt 0] Action entry is MyIngress.drop - 
[15:29:52.548] [bmv2] [T] [thread 18727] [48.0] [cxt 0] Action MyIngress.drop
[15:29:52.548] [bmv2] [T] [thread 18727] [48.0] [cxt 0] source_routing.p4(122) Primitive mark_to_drop(standard_metadata)
[15:29:52.548] [bmv2] [D] [thread 18727] [48.0] [cxt 0] Pipeline 'ingress': end
[15:29:52.548] [bmv2] [D] [thread 18727] [48.0] [cxt 0] Egress port is 511
[15:29:52.548] [bmv2] [D] [thread 18727] [48.0] [cxt 0] Dropping packet at the end of ingress
[15:29:52.552] [bmv2] [D] [thread 18727] [49.0] [cxt 0] Processing packet received on port 1
[15:29:52.552] [bmv2] [D] [thread 18727] [49.0] [cxt 0] Parser 'parser': start
[15:29:52.552] [bmv2] [D] [thread 18727] [49.0] [cxt 0] Parser 'parser' entering state 'start'
[15:29:52.552] [bmv2] [D] [thread 18727] [49.0] [cxt 0] Extracting header 'ethernet'
[15:29:52.552] [bmv2] [D] [thread 18727] [49.0] [cxt 0] Extracting header 'ethernet'
[15:29:52.552] [bmv2] [D] [thread 18727] [49.0] [cxt 0] Parser state 'start': key is 0000
[15:29:52.552] [bmv2] [T] [thread 18727] [49.0] [cxt 0] Bytes parsed: 28
[15:29:52.552] [bmv2] [D] [thread 18727] [49.0] [cxt 0] Parser 'parser': end
[15:29:52.552] [bmv2] [D] [thread 18727] [49.0] [cxt 0] Pipeline 'ingress': start
[15:29:52.552] [bmv2] [T] [thread 18727] [49.0] [cxt 0] source_routing.p4(150) Condition "hdr.srcRoutes[0].isValid()" (node_2) is false
[15:29:52.552] [bmv2] [T] [thread 18727] [49.0] [cxt 0] Applying table 'tbl_drop'
[15:29:52.552] [bmv2] [D] [thread 18727] [49.0] [cxt 0] Looking up key:

[15:29:52.552] [bmv2] [D] [thread 18727] [49.0] [cxt 0] Table 'tbl_drop': miss
[15:29:52.552] [bmv2] [D] [thread 18727] [49.0] [cxt 0] Action entry is MyIngress.drop - 
[15:29:52.552] [bmv2] [T] [thread 18727] [49.0] [cxt 0] Action MyIngress.drop
[15:29:52.552] [bmv2] [T] [thread 18727] [49.0] [cxt 0] source_routing.p4(122) Primitive mark_to_drop(standard_metadata)
[15:29:52.552] [bmv2] [D] [thread 18727] [49.0] [cxt 0] Pipeline 'ingress': end
[15:29:52.552] [bmv2] [D] [thread 18727] [49.0] [cxt 0] Egress port is 511
[15:29:52.552] [bmv2] [D] [thread 18727] [49.0] [cxt 0] Dropping packet at the end of ingress
open: No such file or directory
open: No such file or directory
open: No such file or directory
open: No such file or directory
open: No such file or directory
