Calling target program-options parser
[15:33:37.862] [bmv2] [D] [thread 19373] Set default default entry for table 'tbl_srcRoute_finish': MyIngress.srcRoute_finish - 
[15:33:37.863] [bmv2] [D] [thread 19373] Set default default entry for table 'tbl_srcRoute_nhop': MyIngress.srcRoute_nhop - 
[15:33:37.863] [bmv2] [D] [thread 19373] Set default default entry for table 'tbl_update_ttl': MyIngress.update_ttl - 
[15:33:37.863] [bmv2] [D] [thread 19373] Set default default entry for table 'tbl_drop': MyIngress.drop - 
Adding interface s3-eth1 as port 1
[15:33:37.864] [bmv2] [D] [thread 19373] Adding interface s3-eth1 as port 1
Adding interface s3-eth2 as port 2
[15:33:37.908] [bmv2] [D] [thread 19373] Adding interface s3-eth2 as port 2
Adding interface s3-eth3 as port 3
[15:33:37.964] [bmv2] [D] [thread 19373] Adding interface s3-eth3 as port 3
Server listening on 0.0.0.0:50053
[15:33:37.994] [bmv2] [I] [thread 19373] Starting Thrift server on port 9092
[15:33:37.995] [bmv2] [I] [thread 19373] Thrift server was started
[15:33:38.020] [bmv2] [D] [thread 19384] [0.0] [cxt 0] Processing packet received on port 2
[15:33:38.020] [bmv2] [D] [thread 19384] [0.0] [cxt 0] Parser 'parser': start
[15:33:38.020] [bmv2] [D] [thread 19384] [0.0] [cxt 0] Parser 'parser' entering state 'start'
[15:33:38.020] [bmv2] [D] [thread 19384] [0.0] [cxt 0] Extracting header 'ethernet'
[15:33:38.020] [bmv2] [D] [thread 19384] [0.0] [cxt 0] Parser state 'start': key is 86dd
[15:33:38.020] [bmv2] [T] [thread 19384] [0.0] [cxt 0] Bytes parsed: 14
[15:33:38.020] [bmv2] [D] [thread 19384] [0.0] [cxt 0] Parser 'parser': end
[15:33:38.020] [bmv2] [D] [thread 19384] [0.0] [cxt 0] Pipeline 'ingress': start
[15:33:38.020] [bmv2] [T] [thread 19384] [0.0] [cxt 0] source_routing.p4(149) Condition "hdr.srcRoutes[0].isValid()" (node_2) is false
[15:33:38.020] [bmv2] [T] [thread 19384] [0.0] [cxt 0] Applying table 'tbl_drop'
[15:33:38.020] [bmv2] [D] [thread 19384] [0.0] [cxt 0] Looking up key:

[15:33:38.020] [bmv2] [D] [thread 19384] [0.0] [cxt 0] Table 'tbl_drop': miss
[15:33:38.020] [bmv2] [D] [thread 19384] [0.0] [cxt 0] Action entry is MyIngress.drop - 
[15:33:38.020] [bmv2] [T] [thread 19384] [0.0] [cxt 0] Action MyIngress.drop
[15:33:38.020] [bmv2] [T] [thread 19384] [0.0] [cxt 0] source_routing.p4(121) Primitive mark_to_drop(standard_metadata)
[15:33:38.020] [bmv2] [D] [thread 19384] [0.0] [cxt 0] Pipeline 'ingress': end
[15:33:38.020] [bmv2] [D] [thread 19384] [0.0] [cxt 0] Egress port is 511
[15:33:38.020] [bmv2] [D] [thread 19384] [0.0] [cxt 0] Dropping packet at the end of ingress
[15:33:38.047] [bmv2] [D] [thread 19384] [1.0] [cxt 0] Processing packet received on port 2
[15:33:38.048] [bmv2] [D] [thread 19384] [1.0] [cxt 0] Parser 'parser': start
[15:33:38.048] [bmv2] [D] [thread 19384] [1.0] [cxt 0] Parser 'parser' entering state 'start'
[15:33:38.048] [bmv2] [D] [thread 19384] [1.0] [cxt 0] Extracting header 'ethernet'
[15:33:38.048] [bmv2] [D] [thread 19384] [1.0] [cxt 0] Parser state 'start': key is 86dd
[15:33:38.048] [bmv2] [T] [thread 19384] [1.0] [cxt 0] Bytes parsed: 14
[15:33:38.048] [bmv2] [D] [thread 19384] [1.0] [cxt 0] Parser 'parser': end
[15:33:38.048] [bmv2] [D] [thread 19384] [1.0] [cxt 0] Pipeline 'ingress': start
[15:33:38.048] [bmv2] [T] [thread 19384] [1.0] [cxt 0] source_routing.p4(149) Condition "hdr.srcRoutes[0].isValid()" (node_2) is false
[15:33:38.048] [bmv2] [T] [thread 19384] [1.0] [cxt 0] Applying table 'tbl_drop'
[15:33:38.048] [bmv2] [D] [thread 19384] [1.0] [cxt 0] Looking up key:

[15:33:38.048] [bmv2] [D] [thread 19384] [1.0] [cxt 0] Table 'tbl_drop': miss
[15:33:38.048] [bmv2] [D] [thread 19384] [1.0] [cxt 0] Action entry is MyIngress.drop - 
[15:33:38.048] [bmv2] [T] [thread 19384] [1.0] [cxt 0] Action MyIngress.drop
[15:33:38.048] [bmv2] [T] [thread 19384] [1.0] [cxt 0] source_routing.p4(121) Primitive mark_to_drop(standard_metadata)
[15:33:38.048] [bmv2] [D] [thread 19384] [1.0] [cxt 0] Pipeline 'ingress': end
[15:33:38.048] [bmv2] [D] [thread 19384] [1.0] [cxt 0] Egress port is 511
[15:33:38.048] [bmv2] [D] [thread 19384] [1.0] [cxt 0] Dropping packet at the end of ingress
[15:33:38.057] [bmv2] [D] [thread 19384] [2.0] [cxt 0] Processing packet received on port 2
[15:33:38.057] [bmv2] [D] [thread 19384] [2.0] [cxt 0] Parser 'parser': start
[15:33:38.057] [bmv2] [D] [thread 19384] [2.0] [cxt 0] Parser 'parser' entering state 'start'
[15:33:38.057] [bmv2] [D] [thread 19384] [2.0] [cxt 0] Extracting header 'ethernet'
[15:33:38.057] [bmv2] [D] [thread 19384] [2.0] [cxt 0] Parser state 'start': key is 86dd
[15:33:38.057] [bmv2] [T] [thread 19384] [2.0] [cxt 0] Bytes parsed: 14
[15:33:38.057] [bmv2] [D] [thread 19384] [2.0] [cxt 0] Parser 'parser': end
[15:33:38.057] [bmv2] [D] [thread 19384] [2.0] [cxt 0] Pipeline 'ingress': start
[15:33:38.057] [bmv2] [T] [thread 19384] [2.0] [cxt 0] source_routing.p4(149) Condition "hdr.srcRoutes[0].isValid()" (node_2) is false
[15:33:38.057] [bmv2] [T] [thread 19384] [2.0] [cxt 0] Applying table 'tbl_drop'
[15:33:38.057] [bmv2] [D] [thread 19384] [2.0] [cxt 0] Looking up key:

[15:33:38.057] [bmv2] [D] [thread 19384] [2.0] [cxt 0] Table 'tbl_drop': miss
[15:33:38.057] [bmv2] [D] [thread 19384] [2.0] [cxt 0] Action entry is MyIngress.drop - 
[15:33:38.057] [bmv2] [T] [thread 19384] [2.0] [cxt 0] Action MyIngress.drop
[15:33:38.057] [bmv2] [T] [thread 19384] [2.0] [cxt 0] source_routing.p4(121) Primitive mark_to_drop(standard_metadata)
[15:33:38.057] [bmv2] [D] [thread 19384] [2.0] [cxt 0] Pipeline 'ingress': end
[15:33:38.057] [bmv2] [D] [thread 19384] [2.0] [cxt 0] Egress port is 511
[15:33:38.057] [bmv2] [D] [thread 19384] [2.0] [cxt 0] Dropping packet at the end of ingress
[15:33:38.057] [bmv2] [D] [thread 19384] [3.0] [cxt 0] Processing packet received on port 2
[15:33:38.057] [bmv2] [D] [thread 19384] [3.0] [cxt 0] Parser 'parser': start
[15:33:38.057] [bmv2] [D] [thread 19384] [3.0] [cxt 0] Parser 'parser' entering state 'start'
[15:33:38.057] [bmv2] [D] [thread 19384] [3.0] [cxt 0] Extracting header 'ethernet'
[15:33:38.057] [bmv2] [D] [thread 19384] [3.0] [cxt 0] Parser state 'start': key is 86dd
[15:33:38.057] [bmv2] [T] [thread 19384] [3.0] [cxt 0] Bytes parsed: 14
[15:33:38.057] [bmv2] [D] [thread 19384] [3.0] [cxt 0] Parser 'parser': end
[15:33:38.057] [bmv2] [D] [thread 19384] [3.0] [cxt 0] Pipeline 'ingress': start
[15:33:38.057] [bmv2] [T] [thread 19384] [3.0] [cxt 0] source_routing.p4(149) Condition "hdr.srcRoutes[0].isValid()" (node_2) is false
[15:33:38.057] [bmv2] [T] [thread 19384] [3.0] [cxt 0] Applying table 'tbl_drop'
[15:33:38.057] [bmv2] [D] [thread 19384] [3.0] [cxt 0] Looking up key:

[15:33:38.057] [bmv2] [D] [thread 19384] [3.0] [cxt 0] Table 'tbl_drop': miss
[15:33:38.057] [bmv2] [D] [thread 19384] [3.0] [cxt 0] Action entry is MyIngress.drop - 
[15:33:38.057] [bmv2] [T] [thread 19384] [3.0] [cxt 0] Action MyIngress.drop
[15:33:38.057] [bmv2] [T] [thread 19384] [3.0] [cxt 0] source_routing.p4(121) Primitive mark_to_drop(standard_metadata)
[15:33:38.057] [bmv2] [D] [thread 19384] [3.0] [cxt 0] Pipeline 'ingress': end
[15:33:38.057] [bmv2] [D] [thread 19384] [3.0] [cxt 0] Egress port is 511
[15:33:38.057] [bmv2] [D] [thread 19384] [3.0] [cxt 0] Dropping packet at the end of ingress
[15:33:38.064] [bmv2] [D] [thread 19384] [4.0] [cxt 0] Processing packet received on port 2
[15:33:38.064] [bmv2] [D] [thread 19384] [4.0] [cxt 0] Parser 'parser': start
[15:33:38.064] [bmv2] [D] [thread 19384] [4.0] [cxt 0] Parser 'parser' entering state 'start'
[15:33:38.064] [bmv2] [D] [thread 19384] [4.0] [cxt 0] Extracting header 'ethernet'
[15:33:38.064] [bmv2] [D] [thread 19384] [4.0] [cxt 0] Parser state 'start': key is 86dd
[15:33:38.064] [bmv2] [T] [thread 19384] [4.0] [cxt 0] Bytes parsed: 14
[15:33:38.064] [bmv2] [D] [thread 19384] [4.0] [cxt 0] Parser 'parser': end
[15:33:38.064] [bmv2] [D] [thread 19384] [4.0] [cxt 0] Pipeline 'ingress': start
[15:33:38.064] [bmv2] [T] [thread 19384] [4.0] [cxt 0] source_routing.p4(149) Condition "hdr.srcRoutes[0].isValid()" (node_2) is false
[15:33:38.064] [bmv2] [T] [thread 19384] [4.0] [cxt 0] Applying table 'tbl_drop'
[15:33:38.064] [bmv2] [D] [thread 19384] [4.0] [cxt 0] Looking up key:

[15:33:38.064] [bmv2] [D] [thread 19384] [4.0] [cxt 0] Table 'tbl_drop': miss
[15:33:38.064] [bmv2] [D] [thread 19384] [4.0] [cxt 0] Action entry is MyIngress.drop - 
[15:33:38.064] [bmv2] [T] [thread 19384] [4.0] [cxt 0] Action MyIngress.drop
[15:33:38.064] [bmv2] [T] [thread 19384] [4.0] [cxt 0] source_routing.p4(121) Primitive mark_to_drop(standard_metadata)
[15:33:38.064] [bmv2] [D] [thread 19384] [4.0] [cxt 0] Pipeline 'ingress': end
[15:33:38.064] [bmv2] [D] [thread 19384] [4.0] [cxt 0] Egress port is 511
[15:33:38.064] [bmv2] [D] [thread 19384] [4.0] [cxt 0] Dropping packet at the end of ingress
[15:33:38.112] [bmv2] [D] [thread 19384] [5.0] [cxt 0] Processing packet received on port 3
[15:33:38.112] [bmv2] [D] [thread 19384] [5.0] [cxt 0] Parser 'parser': start
[15:33:38.112] [bmv2] [D] [thread 19384] [5.0] [cxt 0] Parser 'parser' entering state 'start'
[15:33:38.112] [bmv2] [D] [thread 19384] [5.0] [cxt 0] Extracting header 'ethernet'
[15:33:38.112] [bmv2] [D] [thread 19384] [5.0] [cxt 0] Parser state 'start': key is 86dd
[15:33:38.112] [bmv2] [T] [thread 19384] [5.0] [cxt 0] Bytes parsed: 14
[15:33:38.112] [bmv2] [D] [thread 19384] [5.0] [cxt 0] Parser 'parser': end
[15:33:38.112] [bmv2] [D] [thread 19384] [5.0] [cxt 0] Pipeline 'ingress': start
[15:33:38.112] [bmv2] [T] [thread 19384] [5.0] [cxt 0] source_routing.p4(149) Condition "hdr.srcRoutes[0].isValid()" (node_2) is false
[15:33:38.112] [bmv2] [T] [thread 19384] [5.0] [cxt 0] Applying table 'tbl_drop'
[15:33:38.112] [bmv2] [D] [thread 19384] [5.0] [cxt 0] Looking up key:

[15:33:38.112] [bmv2] [D] [thread 19384] [5.0] [cxt 0] Table 'tbl_drop': miss
[15:33:38.112] [bmv2] [D] [thread 19384] [5.0] [cxt 0] Action entry is MyIngress.drop - 
[15:33:38.112] [bmv2] [T] [thread 19384] [5.0] [cxt 0] Action MyIngress.drop
[15:33:38.112] [bmv2] [T] [thread 19384] [5.0] [cxt 0] source_routing.p4(121) Primitive mark_to_drop(standard_metadata)
[15:33:38.112] [bmv2] [D] [thread 19384] [5.0] [cxt 0] Pipeline 'ingress': end
[15:33:38.112] [bmv2] [D] [thread 19384] [5.0] [cxt 0] Egress port is 511
[15:33:38.112] [bmv2] [D] [thread 19384] [5.0] [cxt 0] Dropping packet at the end of ingress
[15:33:38.116] [bmv2] [D] [thread 19384] [6.0] [cxt 0] Processing packet received on port 2
[15:33:38.116] [bmv2] [D] [thread 19384] [6.0] [cxt 0] Parser 'parser': start
[15:33:38.116] [bmv2] [D] [thread 19384] [6.0] [cxt 0] Parser 'parser' entering state 'start'
[15:33:38.116] [bmv2] [D] [thread 19384] [6.0] [cxt 0] Extracting header 'ethernet'
[15:33:38.116] [bmv2] [D] [thread 19384] [6.0] [cxt 0] Parser state 'start': key is 86dd
[15:33:38.116] [bmv2] [T] [thread 19384] [6.0] [cxt 0] Bytes parsed: 14
[15:33:38.116] [bmv2] [D] [thread 19384] [6.0] [cxt 0] Parser 'parser': end
[15:33:38.116] [bmv2] [D] [thread 19384] [6.0] [cxt 0] Pipeline 'ingress': start
[15:33:38.116] [bmv2] [T] [thread 19384] [6.0] [cxt 0] source_routing.p4(149) Condition "hdr.srcRoutes[0].isValid()" (node_2) is false
[15:33:38.116] [bmv2] [T] [thread 19384] [6.0] [cxt 0] Applying table 'tbl_drop'
[15:33:38.116] [bmv2] [D] [thread 19384] [6.0] [cxt 0] Looking up key:

[15:33:38.116] [bmv2] [D] [thread 19384] [6.0] [cxt 0] Table 'tbl_drop': miss
[15:33:38.116] [bmv2] [D] [thread 19384] [6.0] [cxt 0] Action entry is MyIngress.drop - 
[15:33:38.116] [bmv2] [T] [thread 19384] [6.0] [cxt 0] Action MyIngress.drop
[15:33:38.116] [bmv2] [T] [thread 19384] [6.0] [cxt 0] source_routing.p4(121) Primitive mark_to_drop(standard_metadata)
[15:33:38.116] [bmv2] [D] [thread 19384] [6.0] [cxt 0] Pipeline 'ingress': end
[15:33:38.116] [bmv2] [D] [thread 19384] [6.0] [cxt 0] Egress port is 511
[15:33:38.116] [bmv2] [D] [thread 19384] [6.0] [cxt 0] Dropping packet at the end of ingress
[15:33:38.121] [bmv2] [D] [thread 19384] [7.0] [cxt 0] Processing packet received on port 2
[15:33:38.121] [bmv2] [D] [thread 19384] [7.0] [cxt 0] Parser 'parser': start
[15:33:38.121] [bmv2] [D] [thread 19384] [7.0] [cxt 0] Parser 'parser' entering state 'start'
[15:33:38.121] [bmv2] [D] [thread 19384] [7.0] [cxt 0] Extracting header 'ethernet'
[15:33:38.121] [bmv2] [D] [thread 19384] [7.0] [cxt 0] Parser state 'start': key is 86dd
[15:33:38.121] [bmv2] [T] [thread 19384] [7.0] [cxt 0] Bytes parsed: 14
[15:33:38.121] [bmv2] [D] [thread 19384] [7.0] [cxt 0] Parser 'parser': end
[15:33:38.121] [bmv2] [D] [thread 19384] [7.0] [cxt 0] Pipeline 'ingress': start
[15:33:38.121] [bmv2] [T] [thread 19384] [7.0] [cxt 0] source_routing.p4(149) Condition "hdr.srcRoutes[0].isValid()" (node_2) is false
[15:33:38.121] [bmv2] [T] [thread 19384] [7.0] [cxt 0] Applying table 'tbl_drop'
[15:33:38.121] [bmv2] [D] [thread 19384] [7.0] [cxt 0] Looking up key:

[15:33:38.121] [bmv2] [D] [thread 19384] [7.0] [cxt 0] Table 'tbl_drop': miss
[15:33:38.121] [bmv2] [D] [thread 19384] [7.0] [cxt 0] Action entry is MyIngress.drop - 
[15:33:38.121] [bmv2] [T] [thread 19384] [7.0] [cxt 0] Action MyIngress.drop
[15:33:38.121] [bmv2] [T] [thread 19384] [7.0] [cxt 0] source_routing.p4(121) Primitive mark_to_drop(standard_metadata)
[15:33:38.121] [bmv2] [D] [thread 19384] [7.0] [cxt 0] Pipeline 'ingress': end
[15:33:38.121] [bmv2] [D] [thread 19384] [7.0] [cxt 0] Egress port is 511
[15:33:38.121] [bmv2] [D] [thread 19384] [7.0] [cxt 0] Dropping packet at the end of ingress
[15:33:38.144] [bmv2] [D] [thread 19384] [8.0] [cxt 0] Processing packet received on port 1
[15:33:38.144] [bmv2] [D] [thread 19384] [8.0] [cxt 0] Parser 'parser': start
[15:33:38.144] [bmv2] [D] [thread 19384] [8.0] [cxt 0] Parser 'parser' entering state 'start'
[15:33:38.144] [bmv2] [D] [thread 19384] [8.0] [cxt 0] Extracting header 'ethernet'
[15:33:38.144] [bmv2] [D] [thread 19384] [8.0] [cxt 0] Parser state 'start': key is 86dd
[15:33:38.144] [bmv2] [T] [thread 19384] [8.0] [cxt 0] Bytes parsed: 14
[15:33:38.144] [bmv2] [D] [thread 19384] [8.0] [cxt 0] Parser 'parser': end
[15:33:38.144] [bmv2] [D] [thread 19384] [8.0] [cxt 0] Pipeline 'ingress': start
[15:33:38.144] [bmv2] [T] [thread 19384] [8.0] [cxt 0] source_routing.p4(149) Condition "hdr.srcRoutes[0].isValid()" (node_2) is false
[15:33:38.144] [bmv2] [T] [thread 19384] [8.0] [cxt 0] Applying table 'tbl_drop'
[15:33:38.144] [bmv2] [D] [thread 19384] [8.0] [cxt 0] Looking up key:

[15:33:38.144] [bmv2] [D] [thread 19384] [8.0] [cxt 0] Table 'tbl_drop': miss
[15:33:38.144] [bmv2] [D] [thread 19384] [8.0] [cxt 0] Action entry is MyIngress.drop - 
[15:33:38.144] [bmv2] [T] [thread 19384] [8.0] [cxt 0] Action MyIngress.drop
[15:33:38.144] [bmv2] [T] [thread 19384] [8.0] [cxt 0] source_routing.p4(121) Primitive mark_to_drop(standard_metadata)
[15:33:38.144] [bmv2] [D] [thread 19384] [8.0] [cxt 0] Pipeline 'ingress': end
[15:33:38.144] [bmv2] [D] [thread 19384] [8.0] [cxt 0] Egress port is 511
[15:33:38.144] [bmv2] [D] [thread 19384] [8.0] [cxt 0] Dropping packet at the end of ingress
[15:33:38.177] [bmv2] [D] [thread 19384] [9.0] [cxt 0] Processing packet received on port 2
[15:33:38.177] [bmv2] [D] [thread 19384] [9.0] [cxt 0] Parser 'parser': start
[15:33:38.177] [bmv2] [D] [thread 19384] [9.0] [cxt 0] Parser 'parser' entering state 'start'
[15:33:38.177] [bmv2] [D] [thread 19384] [9.0] [cxt 0] Extracting header 'ethernet'
[15:33:38.177] [bmv2] [D] [thread 19384] [9.0] [cxt 0] Parser state 'start': key is 86dd
[15:33:38.177] [bmv2] [T] [thread 19384] [9.0] [cxt 0] Bytes parsed: 14
[15:33:38.177] [bmv2] [D] [thread 19384] [9.0] [cxt 0] Parser 'parser': end
[15:33:38.177] [bmv2] [D] [thread 19384] [9.0] [cxt 0] Pipeline 'ingress': start
[15:33:38.177] [bmv2] [T] [thread 19384] [9.0] [cxt 0] source_routing.p4(149) Condition "hdr.srcRoutes[0].isValid()" (node_2) is false
[15:33:38.177] [bmv2] [T] [thread 19384] [9.0] [cxt 0] Applying table 'tbl_drop'
[15:33:38.177] [bmv2] [D] [thread 19384] [9.0] [cxt 0] Looking up key:

[15:33:38.177] [bmv2] [D] [thread 19384] [9.0] [cxt 0] Table 'tbl_drop': miss
[15:33:38.177] [bmv2] [D] [thread 19384] [9.0] [cxt 0] Action entry is MyIngress.drop - 
[15:33:38.177] [bmv2] [T] [thread 19384] [9.0] [cxt 0] Action MyIngress.drop
[15:33:38.177] [bmv2] [T] [thread 19384] [9.0] [cxt 0] source_routing.p4(121) Primitive mark_to_drop(standard_metadata)
[15:33:38.177] [bmv2] [D] [thread 19384] [9.0] [cxt 0] Pipeline 'ingress': end
[15:33:38.177] [bmv2] [D] [thread 19384] [9.0] [cxt 0] Egress port is 511
[15:33:38.177] [bmv2] [D] [thread 19384] [9.0] [cxt 0] Dropping packet at the end of ingress
[15:33:38.298] [bmv2] [D] [thread 19384] [10.0] [cxt 0] Processing packet received on port 2
[15:33:38.298] [bmv2] [D] [thread 19384] [10.0] [cxt 0] Parser 'parser': start
[15:33:38.298] [bmv2] [D] [thread 19384] [10.0] [cxt 0] Parser 'parser' entering state 'start'
[15:33:38.298] [bmv2] [D] [thread 19384] [10.0] [cxt 0] Extracting header 'ethernet'
[15:33:38.298] [bmv2] [D] [thread 19384] [10.0] [cxt 0] Parser state 'start': key is 86dd
[15:33:38.298] [bmv2] [T] [thread 19384] [10.0] [cxt 0] Bytes parsed: 14
[15:33:38.298] [bmv2] [D] [thread 19384] [10.0] [cxt 0] Parser 'parser': end
[15:33:38.298] [bmv2] [D] [thread 19384] [10.0] [cxt 0] Pipeline 'ingress': start
[15:33:38.298] [bmv2] [T] [thread 19384] [10.0] [cxt 0] source_routing.p4(149) Condition "hdr.srcRoutes[0].isValid()" (node_2) is false
[15:33:38.298] [bmv2] [T] [thread 19384] [10.0] [cxt 0] Applying table 'tbl_drop'
[15:33:38.298] [bmv2] [D] [thread 19384] [10.0] [cxt 0] Looking up key:

[15:33:38.298] [bmv2] [D] [thread 19384] [10.0] [cxt 0] Table 'tbl_drop': miss
[15:33:38.298] [bmv2] [D] [thread 19384] [10.0] [cxt 0] Action entry is MyIngress.drop - 
[15:33:38.298] [bmv2] [T] [thread 19384] [10.0] [cxt 0] Action MyIngress.drop
[15:33:38.298] [bmv2] [T] [thread 19384] [10.0] [cxt 0] source_routing.p4(121) Primitive mark_to_drop(standard_metadata)
[15:33:38.298] [bmv2] [D] [thread 19384] [10.0] [cxt 0] Pipeline 'ingress': end
[15:33:38.298] [bmv2] [D] [thread 19384] [10.0] [cxt 0] Egress port is 511
[15:33:38.298] [bmv2] [D] [thread 19384] [10.0] [cxt 0] Dropping packet at the end of ingress
[15:33:38.341] [bmv2] [D] [thread 19384] [11.0] [cxt 0] Processing packet received on port 2
[15:33:38.341] [bmv2] [D] [thread 19384] [11.0] [cxt 0] Parser 'parser': start
[15:33:38.341] [bmv2] [D] [thread 19384] [11.0] [cxt 0] Parser 'parser' entering state 'start'
[15:33:38.341] [bmv2] [D] [thread 19384] [11.0] [cxt 0] Extracting header 'ethernet'
[15:33:38.341] [bmv2] [D] [thread 19384] [11.0] [cxt 0] Parser state 'start': key is 86dd
[15:33:38.341] [bmv2] [T] [thread 19384] [11.0] [cxt 0] Bytes parsed: 14
[15:33:38.341] [bmv2] [D] [thread 19384] [11.0] [cxt 0] Parser 'parser': end
[15:33:38.341] [bmv2] [D] [thread 19384] [11.0] [cxt 0] Pipeline 'ingress': start
[15:33:38.341] [bmv2] [T] [thread 19384] [11.0] [cxt 0] source_routing.p4(149) Condition "hdr.srcRoutes[0].isValid()" (node_2) is false
[15:33:38.341] [bmv2] [T] [thread 19384] [11.0] [cxt 0] Applying table 'tbl_drop'
[15:33:38.341] [bmv2] [D] [thread 19384] [11.0] [cxt 0] Looking up key:

[15:33:38.341] [bmv2] [D] [thread 19384] [11.0] [cxt 0] Table 'tbl_drop': miss
[15:33:38.341] [bmv2] [D] [thread 19384] [11.0] [cxt 0] Action entry is MyIngress.drop - 
[15:33:38.341] [bmv2] [T] [thread 19384] [11.0] [cxt 0] Action MyIngress.drop
[15:33:38.341] [bmv2] [T] [thread 19384] [11.0] [cxt 0] source_routing.p4(121) Primitive mark_to_drop(standard_metadata)
[15:33:38.341] [bmv2] [D] [thread 19384] [11.0] [cxt 0] Pipeline 'ingress': end
[15:33:38.341] [bmv2] [D] [thread 19384] [11.0] [cxt 0] Egress port is 511
[15:33:38.341] [bmv2] [D] [thread 19384] [11.0] [cxt 0] Dropping packet at the end of ingress
[15:33:38.364] [bmv2] [D] [thread 19384] [12.0] [cxt 0] Processing packet received on port 3
[15:33:38.364] [bmv2] [D] [thread 19384] [12.0] [cxt 0] Parser 'parser': start
[15:33:38.364] [bmv2] [D] [thread 19384] [12.0] [cxt 0] Parser 'parser' entering state 'start'
[15:33:38.364] [bmv2] [D] [thread 19384] [12.0] [cxt 0] Extracting header 'ethernet'
[15:33:38.364] [bmv2] [D] [thread 19384] [12.0] [cxt 0] Parser state 'start': key is 86dd
[15:33:38.364] [bmv2] [T] [thread 19384] [12.0] [cxt 0] Bytes parsed: 14
[15:33:38.364] [bmv2] [D] [thread 19384] [12.0] [cxt 0] Parser 'parser': end
[15:33:38.364] [bmv2] [D] [thread 19384] [12.0] [cxt 0] Pipeline 'ingress': start
[15:33:38.364] [bmv2] [T] [thread 19384] [12.0] [cxt 0] source_routing.p4(149) Condition "hdr.srcRoutes[0].isValid()" (node_2) is false
[15:33:38.364] [bmv2] [T] [thread 19384] [12.0] [cxt 0] Applying table 'tbl_drop'
[15:33:38.364] [bmv2] [D] [thread 19384] [12.0] [cxt 0] Looking up key:

[15:33:38.364] [bmv2] [D] [thread 19384] [12.0] [cxt 0] Table 'tbl_drop': miss
[15:33:38.364] [bmv2] [D] [thread 19384] [12.0] [cxt 0] Action entry is MyIngress.drop - 
[15:33:38.364] [bmv2] [T] [thread 19384] [12.0] [cxt 0] Action MyIngress.drop
[15:33:38.364] [bmv2] [T] [thread 19384] [12.0] [cxt 0] source_routing.p4(121) Primitive mark_to_drop(standard_metadata)
[15:33:38.364] [bmv2] [D] [thread 19384] [12.0] [cxt 0] Pipeline 'ingress': end
[15:33:38.364] [bmv2] [D] [thread 19384] [12.0] [cxt 0] Egress port is 511
[15:33:38.364] [bmv2] [D] [thread 19384] [12.0] [cxt 0] Dropping packet at the end of ingress
[15:33:38.398] [bmv2] [D] [thread 19384] [13.0] [cxt 0] Processing packet received on port 1
[15:33:38.398] [bmv2] [D] [thread 19384] [13.0] [cxt 0] Parser 'parser': start
[15:33:38.398] [bmv2] [D] [thread 19384] [13.0] [cxt 0] Parser 'parser' entering state 'start'
[15:33:38.398] [bmv2] [D] [thread 19384] [13.0] [cxt 0] Extracting header 'ethernet'
[15:33:38.398] [bmv2] [D] [thread 19384] [13.0] [cxt 0] Parser state 'start': key is 86dd
[15:33:38.398] [bmv2] [T] [thread 19384] [13.0] [cxt 0] Bytes parsed: 14
[15:33:38.398] [bmv2] [D] [thread 19384] [13.0] [cxt 0] Parser 'parser': end
[15:33:38.398] [bmv2] [D] [thread 19384] [13.0] [cxt 0] Pipeline 'ingress': start
[15:33:38.398] [bmv2] [T] [thread 19384] [13.0] [cxt 0] source_routing.p4(149) Condition "hdr.srcRoutes[0].isValid()" (node_2) is false
[15:33:38.398] [bmv2] [T] [thread 19384] [13.0] [cxt 0] Applying table 'tbl_drop'
[15:33:38.398] [bmv2] [D] [thread 19384] [13.0] [cxt 0] Looking up key:

[15:33:38.398] [bmv2] [D] [thread 19384] [13.0] [cxt 0] Table 'tbl_drop': miss
[15:33:38.398] [bmv2] [D] [thread 19384] [13.0] [cxt 0] Action entry is MyIngress.drop - 
[15:33:38.398] [bmv2] [T] [thread 19384] [13.0] [cxt 0] Action MyIngress.drop
[15:33:38.398] [bmv2] [T] [thread 19384] [13.0] [cxt 0] source_routing.p4(121) Primitive mark_to_drop(standard_metadata)
[15:33:38.398] [bmv2] [D] [thread 19384] [13.0] [cxt 0] Pipeline 'ingress': end
[15:33:38.398] [bmv2] [D] [thread 19384] [13.0] [cxt 0] Egress port is 511
[15:33:38.398] [bmv2] [D] [thread 19384] [13.0] [cxt 0] Dropping packet at the end of ingress
[15:33:38.413] [bmv2] [D] [thread 19384] [14.0] [cxt 0] Processing packet received on port 1
[15:33:38.413] [bmv2] [D] [thread 19384] [14.0] [cxt 0] Parser 'parser': start
[15:33:38.413] [bmv2] [D] [thread 19384] [14.0] [cxt 0] Parser 'parser' entering state 'start'
[15:33:38.413] [bmv2] [D] [thread 19384] [14.0] [cxt 0] Extracting header 'ethernet'
[15:33:38.413] [bmv2] [D] [thread 19384] [14.0] [cxt 0] Parser state 'start': key is 86dd
[15:33:38.413] [bmv2] [T] [thread 19384] [14.0] [cxt 0] Bytes parsed: 14
[15:33:38.413] [bmv2] [D] [thread 19384] [14.0] [cxt 0] Parser 'parser': end
[15:33:38.413] [bmv2] [D] [thread 19384] [14.0] [cxt 0] Pipeline 'ingress': start
[15:33:38.413] [bmv2] [T] [thread 19384] [14.0] [cxt 0] source_routing.p4(149) Condition "hdr.srcRoutes[0].isValid()" (node_2) is false
[15:33:38.413] [bmv2] [T] [thread 19384] [14.0] [cxt 0] Applying table 'tbl_drop'
[15:33:38.413] [bmv2] [D] [thread 19384] [14.0] [cxt 0] Looking up key:

[15:33:38.413] [bmv2] [D] [thread 19384] [14.0] [cxt 0] Table 'tbl_drop': miss
[15:33:38.413] [bmv2] [D] [thread 19384] [14.0] [cxt 0] Action entry is MyIngress.drop - 
[15:33:38.413] [bmv2] [T] [thread 19384] [14.0] [cxt 0] Action MyIngress.drop
[15:33:38.413] [bmv2] [T] [thread 19384] [14.0] [cxt 0] source_routing.p4(121) Primitive mark_to_drop(standard_metadata)
[15:33:38.413] [bmv2] [D] [thread 19384] [14.0] [cxt 0] Pipeline 'ingress': end
[15:33:38.413] [bmv2] [D] [thread 19384] [14.0] [cxt 0] Egress port is 511
[15:33:38.413] [bmv2] [D] [thread 19384] [14.0] [cxt 0] Dropping packet at the end of ingress
[15:33:38.413] [bmv2] [D] [thread 19384] [15.0] [cxt 0] Processing packet received on port 3
[15:33:38.413] [bmv2] [D] [thread 19384] [15.0] [cxt 0] Parser 'parser': start
[15:33:38.413] [bmv2] [D] [thread 19384] [15.0] [cxt 0] Parser 'parser' entering state 'start'
[15:33:38.413] [bmv2] [D] [thread 19384] [15.0] [cxt 0] Extracting header 'ethernet'
[15:33:38.413] [bmv2] [D] [thread 19384] [15.0] [cxt 0] Parser state 'start': key is 86dd
[15:33:38.413] [bmv2] [T] [thread 19384] [15.0] [cxt 0] Bytes parsed: 14
[15:33:38.413] [bmv2] [D] [thread 19384] [15.0] [cxt 0] Parser 'parser': end
[15:33:38.413] [bmv2] [D] [thread 19384] [15.0] [cxt 0] Pipeline 'ingress': start
[15:33:38.413] [bmv2] [T] [thread 19384] [15.0] [cxt 0] source_routing.p4(149) Condition "hdr.srcRoutes[0].isValid()" (node_2) is false
[15:33:38.413] [bmv2] [T] [thread 19384] [15.0] [cxt 0] Applying table 'tbl_drop'
[15:33:38.413] [bmv2] [D] [thread 19384] [15.0] [cxt 0] Looking up key:

[15:33:38.413] [bmv2] [D] [thread 19384] [15.0] [cxt 0] Table 'tbl_drop': miss
[15:33:38.413] [bmv2] [D] [thread 19384] [15.0] [cxt 0] Action entry is MyIngress.drop - 
[15:33:38.413] [bmv2] [T] [thread 19384] [15.0] [cxt 0] Action MyIngress.drop
[15:33:38.413] [bmv2] [T] [thread 19384] [15.0] [cxt 0] source_routing.p4(121) Primitive mark_to_drop(standard_metadata)
[15:33:38.413] [bmv2] [D] [thread 19384] [15.0] [cxt 0] Pipeline 'ingress': end
[15:33:38.413] [bmv2] [D] [thread 19384] [15.0] [cxt 0] Egress port is 511
[15:33:38.413] [bmv2] [D] [thread 19384] [15.0] [cxt 0] Dropping packet at the end of ingress
[15:33:38.413] [bmv2] [D] [thread 19384] [16.0] [cxt 0] Processing packet received on port 1
[15:33:38.413] [bmv2] [D] [thread 19384] [16.0] [cxt 0] Parser 'parser': start
[15:33:38.413] [bmv2] [D] [thread 19384] [16.0] [cxt 0] Parser 'parser' entering state 'start'
[15:33:38.413] [bmv2] [D] [thread 19384] [16.0] [cxt 0] Extracting header 'ethernet'
[15:33:38.413] [bmv2] [D] [thread 19384] [16.0] [cxt 0] Parser state 'start': key is 86dd
[15:33:38.413] [bmv2] [T] [thread 19384] [16.0] [cxt 0] Bytes parsed: 14
[15:33:38.413] [bmv2] [D] [thread 19384] [16.0] [cxt 0] Parser 'parser': end
[15:33:38.413] [bmv2] [D] [thread 19384] [16.0] [cxt 0] Pipeline 'ingress': start
[15:33:38.413] [bmv2] [T] [thread 19384] [16.0] [cxt 0] source_routing.p4(149) Condition "hdr.srcRoutes[0].isValid()" (node_2) is false
[15:33:38.413] [bmv2] [T] [thread 19384] [16.0] [cxt 0] Applying table 'tbl_drop'
[15:33:38.413] [bmv2] [D] [thread 19384] [16.0] [cxt 0] Looking up key:

[15:33:38.413] [bmv2] [D] [thread 19384] [16.0] [cxt 0] Table 'tbl_drop': miss
[15:33:38.413] [bmv2] [D] [thread 19384] [16.0] [cxt 0] Action entry is MyIngress.drop - 
[15:33:38.413] [bmv2] [T] [thread 19384] [16.0] [cxt 0] Action MyIngress.drop
[15:33:38.413] [bmv2] [T] [thread 19384] [16.0] [cxt 0] source_routing.p4(121) Primitive mark_to_drop(standard_metadata)
[15:33:38.413] [bmv2] [D] [thread 19384] [16.0] [cxt 0] Pipeline 'ingress': end
[15:33:38.414] [bmv2] [D] [thread 19384] [16.0] [cxt 0] Egress port is 511
[15:33:38.414] [bmv2] [D] [thread 19384] [16.0] [cxt 0] Dropping packet at the end of ingress
[15:33:38.414] [bmv2] [D] [thread 19384] [17.0] [cxt 0] Processing packet received on port 3
[15:33:38.414] [bmv2] [D] [thread 19384] [17.0] [cxt 0] Parser 'parser': start
[15:33:38.414] [bmv2] [D] [thread 19384] [17.0] [cxt 0] Parser 'parser' entering state 'start'
[15:33:38.414] [bmv2] [D] [thread 19384] [17.0] [cxt 0] Extracting header 'ethernet'
[15:33:38.414] [bmv2] [D] [thread 19384] [17.0] [cxt 0] Parser state 'start': key is 86dd
[15:33:38.414] [bmv2] [T] [thread 19384] [17.0] [cxt 0] Bytes parsed: 14
[15:33:38.414] [bmv2] [D] [thread 19384] [17.0] [cxt 0] Parser 'parser': end
[15:33:38.414] [bmv2] [D] [thread 19384] [17.0] [cxt 0] Pipeline 'ingress': start
[15:33:38.414] [bmv2] [T] [thread 19384] [17.0] [cxt 0] source_routing.p4(149) Condition "hdr.srcRoutes[0].isValid()" (node_2) is false
[15:33:38.414] [bmv2] [T] [thread 19384] [17.0] [cxt 0] Applying table 'tbl_drop'
[15:33:38.414] [bmv2] [D] [thread 19384] [17.0] [cxt 0] Looking up key:

[15:33:38.414] [bmv2] [D] [thread 19384] [17.0] [cxt 0] Table 'tbl_drop': miss
[15:33:38.414] [bmv2] [D] [thread 19384] [17.0] [cxt 0] Action entry is MyIngress.drop - 
[15:33:38.414] [bmv2] [T] [thread 19384] [17.0] [cxt 0] Action MyIngress.drop
[15:33:38.414] [bmv2] [T] [thread 19384] [17.0] [cxt 0] source_routing.p4(121) Primitive mark_to_drop(standard_metadata)
[15:33:38.414] [bmv2] [D] [thread 19384] [17.0] [cxt 0] Pipeline 'ingress': end
[15:33:38.414] [bmv2] [D] [thread 19384] [17.0] [cxt 0] Egress port is 511
[15:33:38.414] [bmv2] [D] [thread 19384] [17.0] [cxt 0] Dropping packet at the end of ingress
[15:33:38.423] [bmv2] [D] [thread 19384] [18.0] [cxt 0] Processing packet received on port 3
[15:33:38.424] [bmv2] [D] [thread 19384] [18.0] [cxt 0] Parser 'parser': start
[15:33:38.424] [bmv2] [D] [thread 19384] [18.0] [cxt 0] Parser 'parser' entering state 'start'
[15:33:38.424] [bmv2] [D] [thread 19384] [18.0] [cxt 0] Extracting header 'ethernet'
[15:33:38.424] [bmv2] [D] [thread 19384] [18.0] [cxt 0] Parser state 'start': key is 86dd
[15:33:38.424] [bmv2] [T] [thread 19384] [18.0] [cxt 0] Bytes parsed: 14
[15:33:38.424] [bmv2] [D] [thread 19384] [18.0] [cxt 0] Parser 'parser': end
[15:33:38.424] [bmv2] [D] [thread 19384] [18.0] [cxt 0] Pipeline 'ingress': start
[15:33:38.424] [bmv2] [T] [thread 19384] [18.0] [cxt 0] source_routing.p4(149) Condition "hdr.srcRoutes[0].isValid()" (node_2) is false
[15:33:38.424] [bmv2] [T] [thread 19384] [18.0] [cxt 0] Applying table 'tbl_drop'
[15:33:38.424] [bmv2] [D] [thread 19384] [18.0] [cxt 0] Looking up key:

[15:33:38.424] [bmv2] [D] [thread 19384] [18.0] [cxt 0] Table 'tbl_drop': miss
[15:33:38.424] [bmv2] [D] [thread 19384] [18.0] [cxt 0] Action entry is MyIngress.drop - 
[15:33:38.424] [bmv2] [T] [thread 19384] [18.0] [cxt 0] Action MyIngress.drop
[15:33:38.424] [bmv2] [T] [thread 19384] [18.0] [cxt 0] source_routing.p4(121) Primitive mark_to_drop(standard_metadata)
[15:33:38.424] [bmv2] [D] [thread 19384] [18.0] [cxt 0] Pipeline 'ingress': end
[15:33:38.424] [bmv2] [D] [thread 19384] [18.0] [cxt 0] Egress port is 511
[15:33:38.424] [bmv2] [D] [thread 19384] [18.0] [cxt 0] Dropping packet at the end of ingress
[15:33:38.432] [bmv2] [D] [thread 19384] [19.0] [cxt 0] Processing packet received on port 2
[15:33:38.432] [bmv2] [D] [thread 19384] [19.0] [cxt 0] Parser 'parser': start
[15:33:38.432] [bmv2] [D] [thread 19384] [19.0] [cxt 0] Parser 'parser' entering state 'start'
[15:33:38.432] [bmv2] [D] [thread 19384] [19.0] [cxt 0] Extracting header 'ethernet'
[15:33:38.432] [bmv2] [D] [thread 19384] [19.0] [cxt 0] Parser state 'start': key is 86dd
[15:33:38.432] [bmv2] [T] [thread 19384] [19.0] [cxt 0] Bytes parsed: 14
[15:33:38.432] [bmv2] [D] [thread 19384] [19.0] [cxt 0] Parser 'parser': end
[15:33:38.432] [bmv2] [D] [thread 19384] [19.0] [cxt 0] Pipeline 'ingress': start
[15:33:38.432] [bmv2] [T] [thread 19384] [19.0] [cxt 0] source_routing.p4(149) Condition "hdr.srcRoutes[0].isValid()" (node_2) is false
[15:33:38.432] [bmv2] [T] [thread 19384] [19.0] [cxt 0] Applying table 'tbl_drop'
[15:33:38.432] [bmv2] [D] [thread 19384] [19.0] [cxt 0] Looking up key:

[15:33:38.432] [bmv2] [D] [thread 19384] [19.0] [cxt 0] Table 'tbl_drop': miss
[15:33:38.432] [bmv2] [D] [thread 19384] [19.0] [cxt 0] Action entry is MyIngress.drop - 
[15:33:38.432] [bmv2] [T] [thread 19384] [19.0] [cxt 0] Action MyIngress.drop
[15:33:38.432] [bmv2] [T] [thread 19384] [19.0] [cxt 0] source_routing.p4(121) Primitive mark_to_drop(standard_metadata)
[15:33:38.432] [bmv2] [D] [thread 19384] [19.0] [cxt 0] Pipeline 'ingress': end
[15:33:38.432] [bmv2] [D] [thread 19384] [19.0] [cxt 0] Egress port is 511
[15:33:38.432] [bmv2] [D] [thread 19384] [19.0] [cxt 0] Dropping packet at the end of ingress
[15:33:38.498] [bmv2] [D] [thread 19384] [20.0] [cxt 0] Processing packet received on port 2
[15:33:38.498] [bmv2] [D] [thread 19384] [20.0] [cxt 0] Parser 'parser': start
[15:33:38.498] [bmv2] [D] [thread 19384] [20.0] [cxt 0] Parser 'parser' entering state 'start'
[15:33:38.498] [bmv2] [D] [thread 19384] [20.0] [cxt 0] Extracting header 'ethernet'
[15:33:38.498] [bmv2] [D] [thread 19384] [20.0] [cxt 0] Parser state 'start': key is 86dd
[15:33:38.499] [bmv2] [T] [thread 19384] [20.0] [cxt 0] Bytes parsed: 14
[15:33:38.499] [bmv2] [D] [thread 19384] [20.0] [cxt 0] Parser 'parser': end
[15:33:38.499] [bmv2] [D] [thread 19384] [20.0] [cxt 0] Pipeline 'ingress': start
[15:33:38.499] [bmv2] [T] [thread 19384] [20.0] [cxt 0] source_routing.p4(149) Condition "hdr.srcRoutes[0].isValid()" (node_2) is false
[15:33:38.499] [bmv2] [T] [thread 19384] [20.0] [cxt 0] Applying table 'tbl_drop'
[15:33:38.499] [bmv2] [D] [thread 19384] [20.0] [cxt 0] Looking up key:

[15:33:38.499] [bmv2] [D] [thread 19384] [20.0] [cxt 0] Table 'tbl_drop': miss
[15:33:38.499] [bmv2] [D] [thread 19384] [20.0] [cxt 0] Action entry is MyIngress.drop - 
[15:33:38.499] [bmv2] [T] [thread 19384] [20.0] [cxt 0] Action MyIngress.drop
[15:33:38.499] [bmv2] [T] [thread 19384] [20.0] [cxt 0] source_routing.p4(121) Primitive mark_to_drop(standard_metadata)
[15:33:38.499] [bmv2] [D] [thread 19384] [20.0] [cxt 0] Pipeline 'ingress': end
[15:33:38.499] [bmv2] [D] [thread 19384] [20.0] [cxt 0] Egress port is 511
[15:33:38.499] [bmv2] [D] [thread 19384] [20.0] [cxt 0] Dropping packet at the end of ingress
[15:33:38.532] [bmv2] [D] [thread 19384] [21.0] [cxt 0] Processing packet received on port 3
[15:33:38.532] [bmv2] [D] [thread 19384] [21.0] [cxt 0] Parser 'parser': start
[15:33:38.532] [bmv2] [D] [thread 19384] [21.0] [cxt 0] Parser 'parser' entering state 'start'
[15:33:38.532] [bmv2] [D] [thread 19384] [21.0] [cxt 0] Extracting header 'ethernet'
[15:33:38.532] [bmv2] [D] [thread 19384] [21.0] [cxt 0] Parser state 'start': key is 86dd
[15:33:38.532] [bmv2] [T] [thread 19384] [21.0] [cxt 0] Bytes parsed: 14
[15:33:38.532] [bmv2] [D] [thread 19384] [21.0] [cxt 0] Parser 'parser': end
[15:33:38.532] [bmv2] [D] [thread 19384] [21.0] [cxt 0] Pipeline 'ingress': start
[15:33:38.532] [bmv2] [T] [thread 19384] [21.0] [cxt 0] source_routing.p4(149) Condition "hdr.srcRoutes[0].isValid()" (node_2) is false
[15:33:38.532] [bmv2] [T] [thread 19384] [21.0] [cxt 0] Applying table 'tbl_drop'
[15:33:38.532] [bmv2] [D] [thread 19384] [21.0] [cxt 0] Looking up key:

[15:33:38.532] [bmv2] [D] [thread 19384] [21.0] [cxt 0] Table 'tbl_drop': miss
[15:33:38.532] [bmv2] [D] [thread 19384] [21.0] [cxt 0] Action entry is MyIngress.drop - 
[15:33:38.532] [bmv2] [T] [thread 19384] [21.0] [cxt 0] Action MyIngress.drop
[15:33:38.532] [bmv2] [T] [thread 19384] [21.0] [cxt 0] source_routing.p4(121) Primitive mark_to_drop(standard_metadata)
[15:33:38.532] [bmv2] [D] [thread 19384] [21.0] [cxt 0] Pipeline 'ingress': end
[15:33:38.532] [bmv2] [D] [thread 19384] [21.0] [cxt 0] Egress port is 511
[15:33:38.532] [bmv2] [D] [thread 19384] [21.0] [cxt 0] Dropping packet at the end of ingress
[15:33:38.532] [bmv2] [D] [thread 19384] [22.0] [cxt 0] Processing packet received on port 3
[15:33:38.532] [bmv2] [D] [thread 19384] [22.0] [cxt 0] Parser 'parser': start
[15:33:38.532] [bmv2] [D] [thread 19384] [22.0] [cxt 0] Parser 'parser' entering state 'start'
[15:33:38.532] [bmv2] [D] [thread 19384] [22.0] [cxt 0] Extracting header 'ethernet'
[15:33:38.532] [bmv2] [D] [thread 19384] [22.0] [cxt 0] Parser state 'start': key is 86dd
[15:33:38.532] [bmv2] [T] [thread 19384] [22.0] [cxt 0] Bytes parsed: 14
[15:33:38.532] [bmv2] [D] [thread 19384] [22.0] [cxt 0] Parser 'parser': end
[15:33:38.532] [bmv2] [D] [thread 19384] [22.0] [cxt 0] Pipeline 'ingress': start
[15:33:38.532] [bmv2] [T] [thread 19384] [22.0] [cxt 0] source_routing.p4(149) Condition "hdr.srcRoutes[0].isValid()" (node_2) is false
[15:33:38.532] [bmv2] [T] [thread 19384] [22.0] [cxt 0] Applying table 'tbl_drop'
[15:33:38.533] [bmv2] [D] [thread 19384] [22.0] [cxt 0] Looking up key:

[15:33:38.533] [bmv2] [D] [thread 19384] [22.0] [cxt 0] Table 'tbl_drop': miss
[15:33:38.533] [bmv2] [D] [thread 19384] [22.0] [cxt 0] Action entry is MyIngress.drop - 
[15:33:38.533] [bmv2] [T] [thread 19384] [22.0] [cxt 0] Action MyIngress.drop
[15:33:38.533] [bmv2] [T] [thread 19384] [22.0] [cxt 0] source_routing.p4(121) Primitive mark_to_drop(standard_metadata)
[15:33:38.533] [bmv2] [D] [thread 19384] [22.0] [cxt 0] Pipeline 'ingress': end
[15:33:38.533] [bmv2] [D] [thread 19384] [22.0] [cxt 0] Egress port is 511
[15:33:38.533] [bmv2] [D] [thread 19384] [22.0] [cxt 0] Dropping packet at the end of ingress
[15:33:38.537] [bmv2] [D] [thread 19384] [23.0] [cxt 0] Processing packet received on port 3
[15:33:38.537] [bmv2] [D] [thread 19384] [23.0] [cxt 0] Parser 'parser': start
[15:33:38.537] [bmv2] [D] [thread 19384] [23.0] [cxt 0] Parser 'parser' entering state 'start'
[15:33:38.537] [bmv2] [D] [thread 19384] [23.0] [cxt 0] Extracting header 'ethernet'
[15:33:38.537] [bmv2] [D] [thread 19384] [23.0] [cxt 0] Parser state 'start': key is 86dd
[15:33:38.537] [bmv2] [T] [thread 19384] [23.0] [cxt 0] Bytes parsed: 14
[15:33:38.537] [bmv2] [D] [thread 19384] [23.0] [cxt 0] Parser 'parser': end
[15:33:38.537] [bmv2] [D] [thread 19384] [23.0] [cxt 0] Pipeline 'ingress': start
[15:33:38.537] [bmv2] [T] [thread 19384] [23.0] [cxt 0] source_routing.p4(149) Condition "hdr.srcRoutes[0].isValid()" (node_2) is false
[15:33:38.537] [bmv2] [T] [thread 19384] [23.0] [cxt 0] Applying table 'tbl_drop'
[15:33:38.537] [bmv2] [D] [thread 19384] [23.0] [cxt 0] Looking up key:

[15:33:38.537] [bmv2] [D] [thread 19384] [23.0] [cxt 0] Table 'tbl_drop': miss
[15:33:38.537] [bmv2] [D] [thread 19384] [23.0] [cxt 0] Action entry is MyIngress.drop - 
[15:33:38.537] [bmv2] [T] [thread 19384] [23.0] [cxt 0] Action MyIngress.drop
[15:33:38.537] [bmv2] [T] [thread 19384] [23.0] [cxt 0] source_routing.p4(121) Primitive mark_to_drop(standard_metadata)
[15:33:38.537] [bmv2] [D] [thread 19384] [23.0] [cxt 0] Pipeline 'ingress': end
[15:33:38.537] [bmv2] [D] [thread 19384] [23.0] [cxt 0] Egress port is 511
[15:33:38.537] [bmv2] [D] [thread 19384] [23.0] [cxt 0] Dropping packet at the end of ingress
[15:33:38.563] [bmv2] [D] [thread 19384] [24.0] [cxt 0] Processing packet received on port 3
[15:33:38.563] [bmv2] [D] [thread 19384] [24.0] [cxt 0] Parser 'parser': start
[15:33:38.563] [bmv2] [D] [thread 19384] [24.0] [cxt 0] Parser 'parser' entering state 'start'
[15:33:38.563] [bmv2] [D] [thread 19384] [24.0] [cxt 0] Extracting header 'ethernet'
[15:33:38.563] [bmv2] [D] [thread 19384] [24.0] [cxt 0] Parser state 'start': key is 86dd
[15:33:38.563] [bmv2] [T] [thread 19384] [24.0] [cxt 0] Bytes parsed: 14
[15:33:38.563] [bmv2] [D] [thread 19384] [24.0] [cxt 0] Parser 'parser': end
[15:33:38.563] [bmv2] [D] [thread 19384] [24.0] [cxt 0] Pipeline 'ingress': start
[15:33:38.563] [bmv2] [T] [thread 19384] [24.0] [cxt 0] source_routing.p4(149) Condition "hdr.srcRoutes[0].isValid()" (node_2) is false
[15:33:38.563] [bmv2] [T] [thread 19384] [24.0] [cxt 0] Applying table 'tbl_drop'
[15:33:38.563] [bmv2] [D] [thread 19384] [24.0] [cxt 0] Looking up key:

[15:33:38.563] [bmv2] [D] [thread 19384] [24.0] [cxt 0] Table 'tbl_drop': miss
[15:33:38.563] [bmv2] [D] [thread 19384] [24.0] [cxt 0] Action entry is MyIngress.drop - 
[15:33:38.563] [bmv2] [T] [thread 19384] [24.0] [cxt 0] Action MyIngress.drop
[15:33:38.563] [bmv2] [T] [thread 19384] [24.0] [cxt 0] source_routing.p4(121) Primitive mark_to_drop(standard_metadata)
[15:33:38.563] [bmv2] [D] [thread 19384] [24.0] [cxt 0] Pipeline 'ingress': end
[15:33:38.563] [bmv2] [D] [thread 19384] [24.0] [cxt 0] Egress port is 511
[15:33:38.563] [bmv2] [D] [thread 19384] [24.0] [cxt 0] Dropping packet at the end of ingress
[15:33:38.600] [bmv2] [D] [thread 19384] [25.0] [cxt 0] Processing packet received on port 1
[15:33:38.600] [bmv2] [D] [thread 19384] [25.0] [cxt 0] Parser 'parser': start
[15:33:38.601] [bmv2] [D] [thread 19384] [25.0] [cxt 0] Parser 'parser' entering state 'start'
[15:33:38.601] [bmv2] [D] [thread 19384] [25.0] [cxt 0] Extracting header 'ethernet'
[15:33:38.601] [bmv2] [D] [thread 19384] [25.0] [cxt 0] Parser state 'start': key is 86dd
[15:33:38.601] [bmv2] [T] [thread 19384] [25.0] [cxt 0] Bytes parsed: 14
[15:33:38.601] [bmv2] [D] [thread 19384] [25.0] [cxt 0] Parser 'parser': end
[15:33:38.601] [bmv2] [D] [thread 19384] [25.0] [cxt 0] Pipeline 'ingress': start
[15:33:38.601] [bmv2] [T] [thread 19384] [25.0] [cxt 0] source_routing.p4(149) Condition "hdr.srcRoutes[0].isValid()" (node_2) is false
[15:33:38.601] [bmv2] [T] [thread 19384] [25.0] [cxt 0] Applying table 'tbl_drop'
[15:33:38.601] [bmv2] [D] [thread 19384] [25.0] [cxt 0] Looking up key:

[15:33:38.601] [bmv2] [D] [thread 19384] [25.0] [cxt 0] Table 'tbl_drop': miss
[15:33:38.601] [bmv2] [D] [thread 19384] [25.0] [cxt 0] Action entry is MyIngress.drop - 
[15:33:38.601] [bmv2] [T] [thread 19384] [25.0] [cxt 0] Action MyIngress.drop
[15:33:38.601] [bmv2] [T] [thread 19384] [25.0] [cxt 0] source_routing.p4(121) Primitive mark_to_drop(standard_metadata)
[15:33:38.601] [bmv2] [D] [thread 19384] [25.0] [cxt 0] Pipeline 'ingress': end
[15:33:38.601] [bmv2] [D] [thread 19384] [25.0] [cxt 0] Egress port is 511
[15:33:38.601] [bmv2] [D] [thread 19384] [25.0] [cxt 0] Dropping packet at the end of ingress
[15:33:38.689] [bmv2] [D] [thread 19384] [26.0] [cxt 0] Processing packet received on port 2
[15:33:38.689] [bmv2] [D] [thread 19384] [26.0] [cxt 0] Parser 'parser': start
[15:33:38.689] [bmv2] [D] [thread 19384] [26.0] [cxt 0] Parser 'parser' entering state 'start'
[15:33:38.689] [bmv2] [D] [thread 19384] [26.0] [cxt 0] Extracting header 'ethernet'
[15:33:38.689] [bmv2] [D] [thread 19384] [26.0] [cxt 0] Parser state 'start': key is 86dd
[15:33:38.689] [bmv2] [T] [thread 19384] [26.0] [cxt 0] Bytes parsed: 14
[15:33:38.689] [bmv2] [D] [thread 19384] [26.0] [cxt 0] Parser 'parser': end
[15:33:38.689] [bmv2] [D] [thread 19384] [26.0] [cxt 0] Pipeline 'ingress': start
[15:33:38.689] [bmv2] [T] [thread 19384] [26.0] [cxt 0] source_routing.p4(149) Condition "hdr.srcRoutes[0].isValid()" (node_2) is false
[15:33:38.689] [bmv2] [T] [thread 19384] [26.0] [cxt 0] Applying table 'tbl_drop'
[15:33:38.689] [bmv2] [D] [thread 19384] [26.0] [cxt 0] Looking up key:

[15:33:38.689] [bmv2] [D] [thread 19384] [26.0] [cxt 0] Table 'tbl_drop': miss
[15:33:38.689] [bmv2] [D] [thread 19384] [26.0] [cxt 0] Action entry is MyIngress.drop - 
[15:33:38.689] [bmv2] [T] [thread 19384] [26.0] [cxt 0] Action MyIngress.drop
[15:33:38.689] [bmv2] [T] [thread 19384] [26.0] [cxt 0] source_routing.p4(121) Primitive mark_to_drop(standard_metadata)
[15:33:38.689] [bmv2] [D] [thread 19384] [26.0] [cxt 0] Pipeline 'ingress': end
[15:33:38.689] [bmv2] [D] [thread 19384] [26.0] [cxt 0] Egress port is 511
[15:33:38.689] [bmv2] [D] [thread 19384] [26.0] [cxt 0] Dropping packet at the end of ingress
[15:33:38.797] [bmv2] [D] [thread 19384] [27.0] [cxt 0] Processing packet received on port 3
[15:33:38.797] [bmv2] [D] [thread 19384] [27.0] [cxt 0] Parser 'parser': start
[15:33:38.797] [bmv2] [D] [thread 19384] [27.0] [cxt 0] Parser 'parser' entering state 'start'
[15:33:38.797] [bmv2] [D] [thread 19384] [27.0] [cxt 0] Extracting header 'ethernet'
[15:33:38.797] [bmv2] [D] [thread 19384] [27.0] [cxt 0] Parser state 'start': key is 86dd
[15:33:38.797] [bmv2] [T] [thread 19384] [27.0] [cxt 0] Bytes parsed: 14
[15:33:38.797] [bmv2] [D] [thread 19384] [27.0] [cxt 0] Parser 'parser': end
[15:33:38.797] [bmv2] [D] [thread 19384] [27.0] [cxt 0] Pipeline 'ingress': start
[15:33:38.797] [bmv2] [T] [thread 19384] [27.0] [cxt 0] source_routing.p4(149) Condition "hdr.srcRoutes[0].isValid()" (node_2) is false
[15:33:38.797] [bmv2] [T] [thread 19384] [27.0] [cxt 0] Applying table 'tbl_drop'
[15:33:38.797] [bmv2] [D] [thread 19384] [27.0] [cxt 0] Looking up key:

[15:33:38.797] [bmv2] [D] [thread 19384] [27.0] [cxt 0] Table 'tbl_drop': miss
[15:33:38.797] [bmv2] [D] [thread 19384] [27.0] [cxt 0] Action entry is MyIngress.drop - 
[15:33:38.797] [bmv2] [T] [thread 19384] [27.0] [cxt 0] Action MyIngress.drop
[15:33:38.797] [bmv2] [T] [thread 19384] [27.0] [cxt 0] source_routing.p4(121) Primitive mark_to_drop(standard_metadata)
[15:33:38.797] [bmv2] [D] [thread 19384] [27.0] [cxt 0] Pipeline 'ingress': end
[15:33:38.797] [bmv2] [D] [thread 19384] [27.0] [cxt 0] Egress port is 511
[15:33:38.797] [bmv2] [D] [thread 19384] [27.0] [cxt 0] Dropping packet at the end of ingress
[15:33:38.885] [bmv2] [D] [thread 19384] [28.0] [cxt 0] Processing packet received on port 2
[15:33:38.885] [bmv2] [D] [thread 19384] [28.0] [cxt 0] Parser 'parser': start
[15:33:38.885] [bmv2] [D] [thread 19384] [28.0] [cxt 0] Parser 'parser' entering state 'start'
[15:33:38.885] [bmv2] [D] [thread 19384] [28.0] [cxt 0] Extracting header 'ethernet'
[15:33:38.885] [bmv2] [D] [thread 19384] [28.0] [cxt 0] Parser state 'start': key is 86dd
[15:33:38.885] [bmv2] [T] [thread 19384] [28.0] [cxt 0] Bytes parsed: 14
[15:33:38.885] [bmv2] [D] [thread 19384] [28.0] [cxt 0] Parser 'parser': end
[15:33:38.885] [bmv2] [D] [thread 19384] [28.0] [cxt 0] Pipeline 'ingress': start
[15:33:38.885] [bmv2] [T] [thread 19384] [28.0] [cxt 0] source_routing.p4(149) Condition "hdr.srcRoutes[0].isValid()" (node_2) is false
[15:33:38.885] [bmv2] [T] [thread 19384] [28.0] [cxt 0] Applying table 'tbl_drop'
[15:33:38.885] [bmv2] [D] [thread 19384] [28.0] [cxt 0] Looking up key:

[15:33:38.885] [bmv2] [D] [thread 19384] [28.0] [cxt 0] Table 'tbl_drop': miss
[15:33:38.885] [bmv2] [D] [thread 19384] [28.0] [cxt 0] Action entry is MyIngress.drop - 
[15:33:38.885] [bmv2] [T] [thread 19384] [28.0] [cxt 0] Action MyIngress.drop
[15:33:38.885] [bmv2] [T] [thread 19384] [28.0] [cxt 0] source_routing.p4(121) Primitive mark_to_drop(standard_metadata)
[15:33:38.885] [bmv2] [D] [thread 19384] [28.0] [cxt 0] Pipeline 'ingress': end
[15:33:38.885] [bmv2] [D] [thread 19384] [28.0] [cxt 0] Egress port is 511
[15:33:38.885] [bmv2] [D] [thread 19384] [28.0] [cxt 0] Dropping packet at the end of ingress
[15:33:39.048] [bmv2] [D] [thread 19384] [29.0] [cxt 0] Processing packet received on port 3
[15:33:39.048] [bmv2] [D] [thread 19384] [29.0] [cxt 0] Parser 'parser': start
[15:33:39.048] [bmv2] [D] [thread 19384] [29.0] [cxt 0] Parser 'parser' entering state 'start'
[15:33:39.048] [bmv2] [D] [thread 19384] [29.0] [cxt 0] Extracting header 'ethernet'
[15:33:39.048] [bmv2] [D] [thread 19384] [29.0] [cxt 0] Parser state 'start': key is 86dd
[15:33:39.048] [bmv2] [T] [thread 19384] [29.0] [cxt 0] Bytes parsed: 14
[15:33:39.048] [bmv2] [D] [thread 19384] [29.0] [cxt 0] Parser 'parser': end
[15:33:39.048] [bmv2] [D] [thread 19384] [29.0] [cxt 0] Pipeline 'ingress': start
[15:33:39.048] [bmv2] [T] [thread 19384] [29.0] [cxt 0] source_routing.p4(149) Condition "hdr.srcRoutes[0].isValid()" (node_2) is false
[15:33:39.048] [bmv2] [T] [thread 19384] [29.0] [cxt 0] Applying table 'tbl_drop'
[15:33:39.048] [bmv2] [D] [thread 19384] [29.0] [cxt 0] Looking up key:

[15:33:39.048] [bmv2] [D] [thread 19384] [29.0] [cxt 0] Table 'tbl_drop': miss
[15:33:39.048] [bmv2] [D] [thread 19384] [29.0] [cxt 0] Action entry is MyIngress.drop - 
[15:33:39.048] [bmv2] [T] [thread 19384] [29.0] [cxt 0] Action MyIngress.drop
[15:33:39.048] [bmv2] [T] [thread 19384] [29.0] [cxt 0] source_routing.p4(121) Primitive mark_to_drop(standard_metadata)
[15:33:39.048] [bmv2] [D] [thread 19384] [29.0] [cxt 0] Pipeline 'ingress': end
[15:33:39.048] [bmv2] [D] [thread 19384] [29.0] [cxt 0] Egress port is 511
[15:33:39.048] [bmv2] [D] [thread 19384] [29.0] [cxt 0] Dropping packet at the end of ingress
[15:33:39.141] [bmv2] [D] [thread 19384] [30.0] [cxt 0] Processing packet received on port 3
[15:33:39.141] [bmv2] [D] [thread 19384] [30.0] [cxt 0] Parser 'parser': start
[15:33:39.141] [bmv2] [D] [thread 19384] [30.0] [cxt 0] Parser 'parser' entering state 'start'
[15:33:39.141] [bmv2] [D] [thread 19384] [30.0] [cxt 0] Extracting header 'ethernet'
[15:33:39.141] [bmv2] [D] [thread 19384] [30.0] [cxt 0] Parser state 'start': key is 86dd
[15:33:39.141] [bmv2] [T] [thread 19384] [30.0] [cxt 0] Bytes parsed: 14
[15:33:39.141] [bmv2] [D] [thread 19384] [30.0] [cxt 0] Parser 'parser': end
[15:33:39.141] [bmv2] [D] [thread 19384] [30.0] [cxt 0] Pipeline 'ingress': start
[15:33:39.141] [bmv2] [T] [thread 19384] [30.0] [cxt 0] source_routing.p4(149) Condition "hdr.srcRoutes[0].isValid()" (node_2) is false
[15:33:39.141] [bmv2] [T] [thread 19384] [30.0] [cxt 0] Applying table 'tbl_drop'
[15:33:39.141] [bmv2] [D] [thread 19384] [30.0] [cxt 0] Looking up key:

[15:33:39.141] [bmv2] [D] [thread 19384] [30.0] [cxt 0] Table 'tbl_drop': miss
[15:33:39.141] [bmv2] [D] [thread 19384] [30.0] [cxt 0] Action entry is MyIngress.drop - 
[15:33:39.141] [bmv2] [T] [thread 19384] [30.0] [cxt 0] Action MyIngress.drop
[15:33:39.141] [bmv2] [T] [thread 19384] [30.0] [cxt 0] source_routing.p4(121) Primitive mark_to_drop(standard_metadata)
[15:33:39.141] [bmv2] [D] [thread 19384] [30.0] [cxt 0] Pipeline 'ingress': end
[15:33:39.141] [bmv2] [D] [thread 19384] [30.0] [cxt 0] Egress port is 511
[15:33:39.141] [bmv2] [D] [thread 19384] [30.0] [cxt 0] Dropping packet at the end of ingress
[15:33:39.144] [bmv2] [D] [thread 19384] [31.0] [cxt 0] Processing packet received on port 3
[15:33:39.144] [bmv2] [D] [thread 19384] [31.0] [cxt 0] Parser 'parser': start
[15:33:39.144] [bmv2] [D] [thread 19384] [31.0] [cxt 0] Parser 'parser' entering state 'start'
[15:33:39.144] [bmv2] [D] [thread 19384] [31.0] [cxt 0] Extracting header 'ethernet'
[15:33:39.145] [bmv2] [D] [thread 19384] [31.0] [cxt 0] Parser state 'start': key is 86dd
[15:33:39.145] [bmv2] [T] [thread 19384] [31.0] [cxt 0] Bytes parsed: 14
[15:33:39.145] [bmv2] [D] [thread 19384] [31.0] [cxt 0] Parser 'parser': end
[15:33:39.145] [bmv2] [D] [thread 19384] [31.0] [cxt 0] Pipeline 'ingress': start
[15:33:39.145] [bmv2] [T] [thread 19384] [31.0] [cxt 0] source_routing.p4(149) Condition "hdr.srcRoutes[0].isValid()" (node_2) is false
[15:33:39.145] [bmv2] [T] [thread 19384] [31.0] [cxt 0] Applying table 'tbl_drop'
[15:33:39.145] [bmv2] [D] [thread 19384] [31.0] [cxt 0] Looking up key:

[15:33:39.145] [bmv2] [D] [thread 19384] [31.0] [cxt 0] Table 'tbl_drop': miss
[15:33:39.145] [bmv2] [D] [thread 19384] [31.0] [cxt 0] Action entry is MyIngress.drop - 
[15:33:39.145] [bmv2] [T] [thread 19384] [31.0] [cxt 0] Action MyIngress.drop
[15:33:39.145] [bmv2] [T] [thread 19384] [31.0] [cxt 0] source_routing.p4(121) Primitive mark_to_drop(standard_metadata)
[15:33:39.145] [bmv2] [D] [thread 19384] [31.0] [cxt 0] Pipeline 'ingress': end
[15:33:39.145] [bmv2] [D] [thread 19384] [31.0] [cxt 0] Egress port is 511
[15:33:39.145] [bmv2] [D] [thread 19384] [31.0] [cxt 0] Dropping packet at the end of ingress
[15:33:39.244] [bmv2] [D] [thread 19384] [32.0] [cxt 0] Processing packet received on port 3
[15:33:39.245] [bmv2] [D] [thread 19384] [32.0] [cxt 0] Parser 'parser': start
[15:33:39.245] [bmv2] [D] [thread 19384] [32.0] [cxt 0] Parser 'parser' entering state 'start'
[15:33:39.245] [bmv2] [D] [thread 19384] [32.0] [cxt 0] Extracting header 'ethernet'
[15:33:39.245] [bmv2] [D] [thread 19384] [32.0] [cxt 0] Parser state 'start': key is 86dd
[15:33:39.245] [bmv2] [T] [thread 19384] [32.0] [cxt 0] Bytes parsed: 14
[15:33:39.245] [bmv2] [D] [thread 19384] [32.0] [cxt 0] Parser 'parser': end
[15:33:39.245] [bmv2] [D] [thread 19384] [32.0] [cxt 0] Pipeline 'ingress': start
[15:33:39.245] [bmv2] [T] [thread 19384] [32.0] [cxt 0] source_routing.p4(149) Condition "hdr.srcRoutes[0].isValid()" (node_2) is false
[15:33:39.245] [bmv2] [T] [thread 19384] [32.0] [cxt 0] Applying table 'tbl_drop'
[15:33:39.245] [bmv2] [D] [thread 19384] [32.0] [cxt 0] Looking up key:

[15:33:39.245] [bmv2] [D] [thread 19384] [32.0] [cxt 0] Table 'tbl_drop': miss
[15:33:39.245] [bmv2] [D] [thread 19384] [32.0] [cxt 0] Action entry is MyIngress.drop - 
[15:33:39.245] [bmv2] [T] [thread 19384] [32.0] [cxt 0] Action MyIngress.drop
[15:33:39.245] [bmv2] [T] [thread 19384] [32.0] [cxt 0] source_routing.p4(121) Primitive mark_to_drop(standard_metadata)
[15:33:39.245] [bmv2] [D] [thread 19384] [32.0] [cxt 0] Pipeline 'ingress': end
[15:33:39.245] [bmv2] [D] [thread 19384] [32.0] [cxt 0] Egress port is 511
[15:33:39.245] [bmv2] [D] [thread 19384] [32.0] [cxt 0] Dropping packet at the end of ingress
[15:33:39.542] [bmv2] [W] [thread 19449] [P4Runtime] p4::tmp::P4DeviceConfig is deprecated
[15:33:39.544] [bmv2] [D] [thread 19449] Set default default entry for table 'tbl_srcRoute_finish': MyIngress.srcRoute_finish - 
[15:33:39.544] [bmv2] [D] [thread 19449] Set default default entry for table 'tbl_srcRoute_nhop': MyIngress.srcRoute_nhop - 
[15:33:39.544] [bmv2] [D] [thread 19449] Set default default entry for table 'tbl_update_ttl': MyIngress.update_ttl - 
[15:33:39.544] [bmv2] [D] [thread 19449] Set default default entry for table 'tbl_drop': MyIngress.drop - 
[15:33:39.545] [bmv2] [D] [thread 19449] simple_switch target has been notified of a config swap
[15:33:39.572] [bmv2] [D] [thread 19384] [33.0] [cxt 0] Processing packet received on port 2
[15:33:39.572] [bmv2] [D] [thread 19384] [33.0] [cxt 0] Parser 'parser': start
[15:33:39.572] [bmv2] [D] [thread 19384] [33.0] [cxt 0] Parser 'parser' entering state 'start'
[15:33:39.572] [bmv2] [D] [thread 19384] [33.0] [cxt 0] Extracting header 'ethernet'
[15:33:39.572] [bmv2] [D] [thread 19384] [33.0] [cxt 0] Parser state 'start': key is 86dd
[15:33:39.572] [bmv2] [T] [thread 19384] [33.0] [cxt 0] Bytes parsed: 14
[15:33:39.572] [bmv2] [D] [thread 19384] [33.0] [cxt 0] Parser 'parser': end
[15:33:39.572] [bmv2] [D] [thread 19384] [33.0] [cxt 0] Pipeline 'ingress': start
[15:33:39.572] [bmv2] [T] [thread 19384] [33.0] [cxt 0] source_routing.p4(149) Condition "hdr.srcRoutes[0].isValid()" (node_2) is false
[15:33:39.572] [bmv2] [T] [thread 19384] [33.0] [cxt 0] Applying table 'tbl_drop'
[15:33:39.572] [bmv2] [D] [thread 19384] [33.0] [cxt 0] Looking up key:

[15:33:39.572] [bmv2] [D] [thread 19384] [33.0] [cxt 0] Table 'tbl_drop': miss
[15:33:39.572] [bmv2] [D] [thread 19384] [33.0] [cxt 0] Action entry is MyIngress.drop - 
[15:33:39.572] [bmv2] [T] [thread 19384] [33.0] [cxt 0] Action MyIngress.drop
[15:33:39.572] [bmv2] [T] [thread 19384] [33.0] [cxt 0] source_routing.p4(121) Primitive mark_to_drop(standard_metadata)
[15:33:39.572] [bmv2] [D] [thread 19384] [33.0] [cxt 0] Pipeline 'ingress': end
[15:33:39.572] [bmv2] [D] [thread 19384] [33.0] [cxt 0] Egress port is 511
[15:33:39.572] [bmv2] [D] [thread 19384] [33.0] [cxt 0] Dropping packet at the end of ingress
[15:33:39.634] [bmv2] [D] [thread 19384] [34.0] [cxt 0] Processing packet received on port 3
[15:33:39.634] [bmv2] [D] [thread 19384] [34.0] [cxt 0] Parser 'parser': start
[15:33:39.634] [bmv2] [D] [thread 19384] [34.0] [cxt 0] Parser 'parser' entering state 'start'
[15:33:39.634] [bmv2] [D] [thread 19384] [34.0] [cxt 0] Extracting header 'ethernet'
[15:33:39.634] [bmv2] [D] [thread 19384] [34.0] [cxt 0] Parser state 'start': key is 86dd
[15:33:39.634] [bmv2] [T] [thread 19384] [34.0] [cxt 0] Bytes parsed: 14
[15:33:39.634] [bmv2] [D] [thread 19384] [34.0] [cxt 0] Parser 'parser': end
[15:33:39.634] [bmv2] [D] [thread 19384] [34.0] [cxt 0] Pipeline 'ingress': start
[15:33:39.634] [bmv2] [T] [thread 19384] [34.0] [cxt 0] source_routing.p4(149) Condition "hdr.srcRoutes[0].isValid()" (node_2) is false
[15:33:39.634] [bmv2] [T] [thread 19384] [34.0] [cxt 0] Applying table 'tbl_drop'
[15:33:39.634] [bmv2] [D] [thread 19384] [34.0] [cxt 0] Looking up key:

[15:33:39.634] [bmv2] [D] [thread 19384] [34.0] [cxt 0] Table 'tbl_drop': miss
[15:33:39.634] [bmv2] [D] [thread 19384] [34.0] [cxt 0] Action entry is MyIngress.drop - 
[15:33:39.634] [bmv2] [T] [thread 19384] [34.0] [cxt 0] Action MyIngress.drop
[15:33:39.634] [bmv2] [T] [thread 19384] [34.0] [cxt 0] source_routing.p4(121) Primitive mark_to_drop(standard_metadata)
[15:33:39.634] [bmv2] [D] [thread 19384] [34.0] [cxt 0] Pipeline 'ingress': end
[15:33:39.634] [bmv2] [D] [thread 19384] [34.0] [cxt 0] Egress port is 511
[15:33:39.634] [bmv2] [D] [thread 19384] [34.0] [cxt 0] Dropping packet at the end of ingress
[15:33:39.676] [bmv2] [D] [thread 19384] [35.0] [cxt 0] Processing packet received on port 1
[15:33:39.676] [bmv2] [D] [thread 19384] [35.0] [cxt 0] Parser 'parser': start
[15:33:39.676] [bmv2] [D] [thread 19384] [35.0] [cxt 0] Parser 'parser' entering state 'start'
[15:33:39.676] [bmv2] [D] [thread 19384] [35.0] [cxt 0] Extracting header 'ethernet'
[15:33:39.676] [bmv2] [D] [thread 19384] [35.0] [cxt 0] Parser state 'start': key is 86dd
[15:33:39.676] [bmv2] [T] [thread 19384] [35.0] [cxt 0] Bytes parsed: 14
[15:33:39.676] [bmv2] [D] [thread 19384] [35.0] [cxt 0] Parser 'parser': end
[15:33:39.676] [bmv2] [D] [thread 19384] [35.0] [cxt 0] Pipeline 'ingress': start
[15:33:39.676] [bmv2] [T] [thread 19384] [35.0] [cxt 0] source_routing.p4(149) Condition "hdr.srcRoutes[0].isValid()" (node_2) is false
[15:33:39.676] [bmv2] [T] [thread 19384] [35.0] [cxt 0] Applying table 'tbl_drop'
[15:33:39.676] [bmv2] [D] [thread 19384] [35.0] [cxt 0] Looking up key:

[15:33:39.676] [bmv2] [D] [thread 19384] [35.0] [cxt 0] Table 'tbl_drop': miss
[15:33:39.676] [bmv2] [D] [thread 19384] [35.0] [cxt 0] Action entry is MyIngress.drop - 
[15:33:39.676] [bmv2] [T] [thread 19384] [35.0] [cxt 0] Action MyIngress.drop
[15:33:39.676] [bmv2] [T] [thread 19384] [35.0] [cxt 0] source_routing.p4(121) Primitive mark_to_drop(standard_metadata)
[15:33:39.676] [bmv2] [D] [thread 19384] [35.0] [cxt 0] Pipeline 'ingress': end
[15:33:39.676] [bmv2] [D] [thread 19384] [35.0] [cxt 0] Egress port is 511
[15:33:39.676] [bmv2] [D] [thread 19384] [35.0] [cxt 0] Dropping packet at the end of ingress
[15:33:39.958] [bmv2] [D] [thread 19384] [36.0] [cxt 0] Processing packet received on port 2
[15:33:39.958] [bmv2] [D] [thread 19384] [36.0] [cxt 0] Parser 'parser': start
[15:33:39.958] [bmv2] [D] [thread 19384] [36.0] [cxt 0] Parser 'parser' entering state 'start'
[15:33:39.958] [bmv2] [D] [thread 19384] [36.0] [cxt 0] Extracting header 'ethernet'
[15:33:39.958] [bmv2] [D] [thread 19384] [36.0] [cxt 0] Parser state 'start': key is 86dd
[15:33:39.958] [bmv2] [T] [thread 19384] [36.0] [cxt 0] Bytes parsed: 14
[15:33:39.958] [bmv2] [D] [thread 19384] [36.0] [cxt 0] Parser 'parser': end
[15:33:39.958] [bmv2] [D] [thread 19384] [36.0] [cxt 0] Pipeline 'ingress': start
[15:33:39.958] [bmv2] [T] [thread 19384] [36.0] [cxt 0] source_routing.p4(149) Condition "hdr.srcRoutes[0].isValid()" (node_2) is false
[15:33:39.958] [bmv2] [T] [thread 19384] [36.0] [cxt 0] Applying table 'tbl_drop'
[15:33:39.958] [bmv2] [D] [thread 19384] [36.0] [cxt 0] Looking up key:

[15:33:39.958] [bmv2] [D] [thread 19384] [36.0] [cxt 0] Table 'tbl_drop': miss
[15:33:39.958] [bmv2] [D] [thread 19384] [36.0] [cxt 0] Action entry is MyIngress.drop - 
[15:33:39.959] [bmv2] [T] [thread 19384] [36.0] [cxt 0] Action MyIngress.drop
[15:33:39.959] [bmv2] [T] [thread 19384] [36.0] [cxt 0] source_routing.p4(121) Primitive mark_to_drop(standard_metadata)
[15:33:39.959] [bmv2] [D] [thread 19384] [36.0] [cxt 0] Pipeline 'ingress': end
[15:33:39.959] [bmv2] [D] [thread 19384] [36.0] [cxt 0] Egress port is 511
[15:33:39.959] [bmv2] [D] [thread 19384] [36.0] [cxt 0] Dropping packet at the end of ingress
[15:33:40.317] [bmv2] [D] [thread 19384] [37.0] [cxt 0] Processing packet received on port 3
[15:33:40.317] [bmv2] [D] [thread 19384] [37.0] [cxt 0] Parser 'parser': start
[15:33:40.317] [bmv2] [D] [thread 19384] [37.0] [cxt 0] Parser 'parser' entering state 'start'
[15:33:40.317] [bmv2] [D] [thread 19384] [37.0] [cxt 0] Extracting header 'ethernet'
[15:33:40.317] [bmv2] [D] [thread 19384] [37.0] [cxt 0] Parser state 'start': key is 86dd
[15:33:40.317] [bmv2] [T] [thread 19384] [37.0] [cxt 0] Bytes parsed: 14
[15:33:40.317] [bmv2] [D] [thread 19384] [37.0] [cxt 0] Parser 'parser': end
[15:33:40.317] [bmv2] [D] [thread 19384] [37.0] [cxt 0] Pipeline 'ingress': start
[15:33:40.317] [bmv2] [T] [thread 19384] [37.0] [cxt 0] source_routing.p4(149) Condition "hdr.srcRoutes[0].isValid()" (node_2) is false
[15:33:40.317] [bmv2] [T] [thread 19384] [37.0] [cxt 0] Applying table 'tbl_drop'
[15:33:40.317] [bmv2] [D] [thread 19384] [37.0] [cxt 0] Looking up key:

[15:33:40.317] [bmv2] [D] [thread 19384] [37.0] [cxt 0] Table 'tbl_drop': miss
[15:33:40.317] [bmv2] [D] [thread 19384] [37.0] [cxt 0] Action entry is MyIngress.drop - 
[15:33:40.317] [bmv2] [T] [thread 19384] [37.0] [cxt 0] Action MyIngress.drop
[15:33:40.317] [bmv2] [T] [thread 19384] [37.0] [cxt 0] source_routing.p4(121) Primitive mark_to_drop(standard_metadata)
[15:33:40.317] [bmv2] [D] [thread 19384] [37.0] [cxt 0] Pipeline 'ingress': end
[15:33:40.317] [bmv2] [D] [thread 19384] [37.0] [cxt 0] Egress port is 511
[15:33:40.317] [bmv2] [D] [thread 19384] [37.0] [cxt 0] Dropping packet at the end of ingress
[15:33:41.645] [bmv2] [D] [thread 19384] [38.0] [cxt 0] Processing packet received on port 2
[15:33:41.645] [bmv2] [D] [thread 19384] [38.0] [cxt 0] Parser 'parser': start
[15:33:41.645] [bmv2] [D] [thread 19384] [38.0] [cxt 0] Parser 'parser' entering state 'start'
[15:33:41.645] [bmv2] [D] [thread 19384] [38.0] [cxt 0] Extracting header 'ethernet'
[15:33:41.645] [bmv2] [D] [thread 19384] [38.0] [cxt 0] Parser state 'start': key is 86dd
[15:33:41.645] [bmv2] [T] [thread 19384] [38.0] [cxt 0] Bytes parsed: 14
[15:33:41.645] [bmv2] [D] [thread 19384] [38.0] [cxt 0] Parser 'parser': end
[15:33:41.645] [bmv2] [D] [thread 19384] [38.0] [cxt 0] Pipeline 'ingress': start
[15:33:41.645] [bmv2] [T] [thread 19384] [38.0] [cxt 0] source_routing.p4(149) Condition "hdr.srcRoutes[0].isValid()" (node_2) is false
[15:33:41.645] [bmv2] [T] [thread 19384] [38.0] [cxt 0] Applying table 'tbl_drop'
[15:33:41.645] [bmv2] [D] [thread 19384] [38.0] [cxt 0] Looking up key:

[15:33:41.645] [bmv2] [D] [thread 19384] [38.0] [cxt 0] Table 'tbl_drop': miss
[15:33:41.645] [bmv2] [D] [thread 19384] [38.0] [cxt 0] Action entry is MyIngress.drop - 
[15:33:41.645] [bmv2] [T] [thread 19384] [38.0] [cxt 0] Action MyIngress.drop
[15:33:41.645] [bmv2] [T] [thread 19384] [38.0] [cxt 0] source_routing.p4(121) Primitive mark_to_drop(standard_metadata)
[15:33:41.645] [bmv2] [D] [thread 19384] [38.0] [cxt 0] Pipeline 'ingress': end
[15:33:41.645] [bmv2] [D] [thread 19384] [38.0] [cxt 0] Egress port is 511
[15:33:41.645] [bmv2] [D] [thread 19384] [38.0] [cxt 0] Dropping packet at the end of ingress
[15:33:41.672] [bmv2] [D] [thread 19384] [39.0] [cxt 0] Processing packet received on port 1
[15:33:41.672] [bmv2] [D] [thread 19384] [39.0] [cxt 0] Parser 'parser': start
[15:33:41.672] [bmv2] [D] [thread 19384] [39.0] [cxt 0] Parser 'parser' entering state 'start'
[15:33:41.672] [bmv2] [D] [thread 19384] [39.0] [cxt 0] Extracting header 'ethernet'
[15:33:41.672] [bmv2] [D] [thread 19384] [39.0] [cxt 0] Parser state 'start': key is 86dd
[15:33:41.672] [bmv2] [T] [thread 19384] [39.0] [cxt 0] Bytes parsed: 14
[15:33:41.672] [bmv2] [D] [thread 19384] [39.0] [cxt 0] Parser 'parser': end
[15:33:41.672] [bmv2] [D] [thread 19384] [39.0] [cxt 0] Pipeline 'ingress': start
[15:33:41.672] [bmv2] [T] [thread 19384] [39.0] [cxt 0] source_routing.p4(149) Condition "hdr.srcRoutes[0].isValid()" (node_2) is false
[15:33:41.672] [bmv2] [T] [thread 19384] [39.0] [cxt 0] Applying table 'tbl_drop'
[15:33:41.672] [bmv2] [D] [thread 19384] [39.0] [cxt 0] Looking up key:

[15:33:41.672] [bmv2] [D] [thread 19384] [39.0] [cxt 0] Table 'tbl_drop': miss
[15:33:41.672] [bmv2] [D] [thread 19384] [39.0] [cxt 0] Action entry is MyIngress.drop - 
[15:33:41.672] [bmv2] [T] [thread 19384] [39.0] [cxt 0] Action MyIngress.drop
[15:33:41.672] [bmv2] [T] [thread 19384] [39.0] [cxt 0] source_routing.p4(121) Primitive mark_to_drop(standard_metadata)
[15:33:41.672] [bmv2] [D] [thread 19384] [39.0] [cxt 0] Pipeline 'ingress': end
[15:33:41.672] [bmv2] [D] [thread 19384] [39.0] [cxt 0] Egress port is 511
[15:33:41.672] [bmv2] [D] [thread 19384] [39.0] [cxt 0] Dropping packet at the end of ingress
[15:33:41.708] [bmv2] [D] [thread 19384] [40.0] [cxt 0] Processing packet received on port 3
[15:33:41.708] [bmv2] [D] [thread 19384] [40.0] [cxt 0] Parser 'parser': start
[15:33:41.708] [bmv2] [D] [thread 19384] [40.0] [cxt 0] Parser 'parser' entering state 'start'
[15:33:41.708] [bmv2] [D] [thread 19384] [40.0] [cxt 0] Extracting header 'ethernet'
[15:33:41.708] [bmv2] [D] [thread 19384] [40.0] [cxt 0] Parser state 'start': key is 86dd
[15:33:41.708] [bmv2] [T] [thread 19384] [40.0] [cxt 0] Bytes parsed: 14
[15:33:41.708] [bmv2] [D] [thread 19384] [40.0] [cxt 0] Parser 'parser': end
[15:33:41.708] [bmv2] [D] [thread 19384] [40.0] [cxt 0] Pipeline 'ingress': start
[15:33:41.708] [bmv2] [T] [thread 19384] [40.0] [cxt 0] source_routing.p4(149) Condition "hdr.srcRoutes[0].isValid()" (node_2) is false
[15:33:41.708] [bmv2] [T] [thread 19384] [40.0] [cxt 0] Applying table 'tbl_drop'
[15:33:41.708] [bmv2] [D] [thread 19384] [40.0] [cxt 0] Looking up key:

[15:33:41.708] [bmv2] [D] [thread 19384] [40.0] [cxt 0] Table 'tbl_drop': miss
[15:33:41.708] [bmv2] [D] [thread 19384] [40.0] [cxt 0] Action entry is MyIngress.drop - 
[15:33:41.708] [bmv2] [T] [thread 19384] [40.0] [cxt 0] Action MyIngress.drop
[15:33:41.708] [bmv2] [T] [thread 19384] [40.0] [cxt 0] source_routing.p4(121) Primitive mark_to_drop(standard_metadata)
[15:33:41.708] [bmv2] [D] [thread 19384] [40.0] [cxt 0] Pipeline 'ingress': end
[15:33:41.708] [bmv2] [D] [thread 19384] [40.0] [cxt 0] Egress port is 511
[15:33:41.708] [bmv2] [D] [thread 19384] [40.0] [cxt 0] Dropping packet at the end of ingress
[15:33:41.749] [bmv2] [D] [thread 19384] [41.0] [cxt 0] Processing packet received on port 1
[15:33:41.749] [bmv2] [D] [thread 19384] [41.0] [cxt 0] Parser 'parser': start
[15:33:41.749] [bmv2] [D] [thread 19384] [41.0] [cxt 0] Parser 'parser' entering state 'start'
[15:33:41.749] [bmv2] [D] [thread 19384] [41.0] [cxt 0] Extracting header 'ethernet'
[15:33:41.749] [bmv2] [D] [thread 19384] [41.0] [cxt 0] Parser state 'start': key is 86dd
[15:33:41.749] [bmv2] [T] [thread 19384] [41.0] [cxt 0] Bytes parsed: 14
[15:33:41.749] [bmv2] [D] [thread 19384] [41.0] [cxt 0] Parser 'parser': end
[15:33:41.749] [bmv2] [D] [thread 19384] [41.0] [cxt 0] Pipeline 'ingress': start
[15:33:41.749] [bmv2] [T] [thread 19384] [41.0] [cxt 0] source_routing.p4(149) Condition "hdr.srcRoutes[0].isValid()" (node_2) is false
[15:33:41.749] [bmv2] [T] [thread 19384] [41.0] [cxt 0] Applying table 'tbl_drop'
[15:33:41.749] [bmv2] [D] [thread 19384] [41.0] [cxt 0] Looking up key:

[15:33:41.749] [bmv2] [D] [thread 19384] [41.0] [cxt 0] Table 'tbl_drop': miss
[15:33:41.749] [bmv2] [D] [thread 19384] [41.0] [cxt 0] Action entry is MyIngress.drop - 
[15:33:41.749] [bmv2] [T] [thread 19384] [41.0] [cxt 0] Action MyIngress.drop
[15:33:41.749] [bmv2] [T] [thread 19384] [41.0] [cxt 0] source_routing.p4(121) Primitive mark_to_drop(standard_metadata)
[15:33:41.749] [bmv2] [D] [thread 19384] [41.0] [cxt 0] Pipeline 'ingress': end
[15:33:41.749] [bmv2] [D] [thread 19384] [41.0] [cxt 0] Egress port is 511
[15:33:41.749] [bmv2] [D] [thread 19384] [41.0] [cxt 0] Dropping packet at the end of ingress
[15:33:41.926] [bmv2] [D] [thread 19384] [42.0] [cxt 0] Processing packet received on port 2
[15:33:41.926] [bmv2] [D] [thread 19384] [42.0] [cxt 0] Parser 'parser': start
[15:33:41.926] [bmv2] [D] [thread 19384] [42.0] [cxt 0] Parser 'parser' entering state 'start'
[15:33:41.926] [bmv2] [D] [thread 19384] [42.0] [cxt 0] Extracting header 'ethernet'
[15:33:41.926] [bmv2] [D] [thread 19384] [42.0] [cxt 0] Parser state 'start': key is 86dd
[15:33:41.926] [bmv2] [T] [thread 19384] [42.0] [cxt 0] Bytes parsed: 14
[15:33:41.926] [bmv2] [D] [thread 19384] [42.0] [cxt 0] Parser 'parser': end
[15:33:41.926] [bmv2] [D] [thread 19384] [42.0] [cxt 0] Pipeline 'ingress': start
[15:33:41.926] [bmv2] [T] [thread 19384] [42.0] [cxt 0] source_routing.p4(149) Condition "hdr.srcRoutes[0].isValid()" (node_2) is false
[15:33:41.926] [bmv2] [T] [thread 19384] [42.0] [cxt 0] Applying table 'tbl_drop'
[15:33:41.926] [bmv2] [D] [thread 19384] [42.0] [cxt 0] Looking up key:

[15:33:41.926] [bmv2] [D] [thread 19384] [42.0] [cxt 0] Table 'tbl_drop': miss
[15:33:41.926] [bmv2] [D] [thread 19384] [42.0] [cxt 0] Action entry is MyIngress.drop - 
[15:33:41.926] [bmv2] [T] [thread 19384] [42.0] [cxt 0] Action MyIngress.drop
[15:33:41.926] [bmv2] [T] [thread 19384] [42.0] [cxt 0] source_routing.p4(121) Primitive mark_to_drop(standard_metadata)
[15:33:41.926] [bmv2] [D] [thread 19384] [42.0] [cxt 0] Pipeline 'ingress': end
[15:33:41.926] [bmv2] [D] [thread 19384] [42.0] [cxt 0] Egress port is 511
[15:33:41.926] [bmv2] [D] [thread 19384] [42.0] [cxt 0] Dropping packet at the end of ingress
[15:33:41.926] [bmv2] [D] [thread 19384] [43.0] [cxt 0] Processing packet received on port 2
[15:33:41.926] [bmv2] [D] [thread 19384] [43.0] [cxt 0] Parser 'parser': start
[15:33:41.926] [bmv2] [D] [thread 19384] [43.0] [cxt 0] Parser 'parser' entering state 'start'
[15:33:41.926] [bmv2] [D] [thread 19384] [43.0] [cxt 0] Extracting header 'ethernet'
[15:33:41.926] [bmv2] [D] [thread 19384] [43.0] [cxt 0] Parser state 'start': key is 86dd
[15:33:41.926] [bmv2] [T] [thread 19384] [43.0] [cxt 0] Bytes parsed: 14
[15:33:41.926] [bmv2] [D] [thread 19384] [43.0] [cxt 0] Parser 'parser': end
[15:33:41.926] [bmv2] [D] [thread 19384] [43.0] [cxt 0] Pipeline 'ingress': start
[15:33:41.926] [bmv2] [T] [thread 19384] [43.0] [cxt 0] source_routing.p4(149) Condition "hdr.srcRoutes[0].isValid()" (node_2) is false
[15:33:41.926] [bmv2] [T] [thread 19384] [43.0] [cxt 0] Applying table 'tbl_drop'
[15:33:41.926] [bmv2] [D] [thread 19384] [43.0] [cxt 0] Looking up key:

[15:33:41.926] [bmv2] [D] [thread 19384] [43.0] [cxt 0] Table 'tbl_drop': miss
[15:33:41.926] [bmv2] [D] [thread 19384] [43.0] [cxt 0] Action entry is MyIngress.drop - 
[15:33:41.926] [bmv2] [T] [thread 19384] [43.0] [cxt 0] Action MyIngress.drop
[15:33:41.926] [bmv2] [T] [thread 19384] [43.0] [cxt 0] source_routing.p4(121) Primitive mark_to_drop(standard_metadata)
[15:33:41.926] [bmv2] [D] [thread 19384] [43.0] [cxt 0] Pipeline 'ingress': end
[15:33:41.926] [bmv2] [D] [thread 19384] [43.0] [cxt 0] Egress port is 511
[15:33:41.926] [bmv2] [D] [thread 19384] [43.0] [cxt 0] Dropping packet at the end of ingress
[15:33:42.030] [bmv2] [D] [thread 19384] [44.0] [cxt 0] Processing packet received on port 2
[15:33:42.030] [bmv2] [D] [thread 19384] [44.0] [cxt 0] Parser 'parser': start
[15:33:42.030] [bmv2] [D] [thread 19384] [44.0] [cxt 0] Parser 'parser' entering state 'start'
[15:33:42.030] [bmv2] [D] [thread 19384] [44.0] [cxt 0] Extracting header 'ethernet'
[15:33:42.030] [bmv2] [D] [thread 19384] [44.0] [cxt 0] Parser state 'start': key is 86dd
[15:33:42.030] [bmv2] [T] [thread 19384] [44.0] [cxt 0] Bytes parsed: 14
[15:33:42.030] [bmv2] [D] [thread 19384] [44.0] [cxt 0] Parser 'parser': end
[15:33:42.030] [bmv2] [D] [thread 19384] [44.0] [cxt 0] Pipeline 'ingress': start
[15:33:42.030] [bmv2] [T] [thread 19384] [44.0] [cxt 0] source_routing.p4(149) Condition "hdr.srcRoutes[0].isValid()" (node_2) is false
[15:33:42.030] [bmv2] [T] [thread 19384] [44.0] [cxt 0] Applying table 'tbl_drop'
[15:33:42.030] [bmv2] [D] [thread 19384] [44.0] [cxt 0] Looking up key:

[15:33:42.030] [bmv2] [D] [thread 19384] [44.0] [cxt 0] Table 'tbl_drop': miss
[15:33:42.030] [bmv2] [D] [thread 19384] [44.0] [cxt 0] Action entry is MyIngress.drop - 
[15:33:42.030] [bmv2] [T] [thread 19384] [44.0] [cxt 0] Action MyIngress.drop
[15:33:42.030] [bmv2] [T] [thread 19384] [44.0] [cxt 0] source_routing.p4(121) Primitive mark_to_drop(standard_metadata)
[15:33:42.030] [bmv2] [D] [thread 19384] [44.0] [cxt 0] Pipeline 'ingress': end
[15:33:42.030] [bmv2] [D] [thread 19384] [44.0] [cxt 0] Egress port is 511
[15:33:42.030] [bmv2] [D] [thread 19384] [44.0] [cxt 0] Dropping packet at the end of ingress
[15:33:42.180] [bmv2] [D] [thread 19384] [45.0] [cxt 0] Processing packet received on port 3
[15:33:42.180] [bmv2] [D] [thread 19384] [45.0] [cxt 0] Parser 'parser': start
[15:33:42.180] [bmv2] [D] [thread 19384] [45.0] [cxt 0] Parser 'parser' entering state 'start'
[15:33:42.180] [bmv2] [D] [thread 19384] [45.0] [cxt 0] Extracting header 'ethernet'
[15:33:42.180] [bmv2] [D] [thread 19384] [45.0] [cxt 0] Parser state 'start': key is 86dd
[15:33:42.180] [bmv2] [T] [thread 19384] [45.0] [cxt 0] Bytes parsed: 14
[15:33:42.180] [bmv2] [D] [thread 19384] [45.0] [cxt 0] Parser 'parser': end
[15:33:42.180] [bmv2] [D] [thread 19384] [45.0] [cxt 0] Pipeline 'ingress': start
[15:33:42.180] [bmv2] [T] [thread 19384] [45.0] [cxt 0] source_routing.p4(149) Condition "hdr.srcRoutes[0].isValid()" (node_2) is false
[15:33:42.180] [bmv2] [T] [thread 19384] [45.0] [cxt 0] Applying table 'tbl_drop'
[15:33:42.180] [bmv2] [D] [thread 19384] [45.0] [cxt 0] Looking up key:

[15:33:42.180] [bmv2] [D] [thread 19384] [45.0] [cxt 0] Table 'tbl_drop': miss
[15:33:42.180] [bmv2] [D] [thread 19384] [45.0] [cxt 0] Action entry is MyIngress.drop - 
[15:33:42.180] [bmv2] [T] [thread 19384] [45.0] [cxt 0] Action MyIngress.drop
[15:33:42.180] [bmv2] [T] [thread 19384] [45.0] [cxt 0] source_routing.p4(121) Primitive mark_to_drop(standard_metadata)
[15:33:42.180] [bmv2] [D] [thread 19384] [45.0] [cxt 0] Pipeline 'ingress': end
[15:33:42.180] [bmv2] [D] [thread 19384] [45.0] [cxt 0] Egress port is 511
[15:33:42.180] [bmv2] [D] [thread 19384] [45.0] [cxt 0] Dropping packet at the end of ingress
[15:33:42.392] [bmv2] [D] [thread 19384] [46.0] [cxt 0] Processing packet received on port 3
[15:33:42.393] [bmv2] [D] [thread 19384] [46.0] [cxt 0] Parser 'parser': start
[15:33:42.393] [bmv2] [D] [thread 19384] [46.0] [cxt 0] Parser 'parser' entering state 'start'
[15:33:42.393] [bmv2] [D] [thread 19384] [46.0] [cxt 0] Extracting header 'ethernet'
[15:33:42.393] [bmv2] [D] [thread 19384] [46.0] [cxt 0] Parser state 'start': key is 86dd
[15:33:42.393] [bmv2] [T] [thread 19384] [46.0] [cxt 0] Bytes parsed: 14
[15:33:42.393] [bmv2] [D] [thread 19384] [46.0] [cxt 0] Parser 'parser': end
[15:33:42.393] [bmv2] [D] [thread 19384] [46.0] [cxt 0] Pipeline 'ingress': start
[15:33:42.393] [bmv2] [T] [thread 19384] [46.0] [cxt 0] source_routing.p4(149) Condition "hdr.srcRoutes[0].isValid()" (node_2) is false
[15:33:42.393] [bmv2] [T] [thread 19384] [46.0] [cxt 0] Applying table 'tbl_drop'
[15:33:42.393] [bmv2] [D] [thread 19384] [46.0] [cxt 0] Looking up key:

[15:33:42.393] [bmv2] [D] [thread 19384] [46.0] [cxt 0] Table 'tbl_drop': miss
[15:33:42.393] [bmv2] [D] [thread 19384] [46.0] [cxt 0] Action entry is MyIngress.drop - 
[15:33:42.393] [bmv2] [T] [thread 19384] [46.0] [cxt 0] Action MyIngress.drop
[15:33:42.393] [bmv2] [T] [thread 19384] [46.0] [cxt 0] source_routing.p4(121) Primitive mark_to_drop(standard_metadata)
[15:33:42.393] [bmv2] [D] [thread 19384] [46.0] [cxt 0] Pipeline 'ingress': end
[15:33:42.393] [bmv2] [D] [thread 19384] [46.0] [cxt 0] Egress port is 511
[15:33:42.393] [bmv2] [D] [thread 19384] [46.0] [cxt 0] Dropping packet at the end of ingress
[15:33:42.436] [bmv2] [D] [thread 19384] [47.0] [cxt 0] Processing packet received on port 3
[15:33:42.436] [bmv2] [D] [thread 19384] [47.0] [cxt 0] Parser 'parser': start
[15:33:42.436] [bmv2] [D] [thread 19384] [47.0] [cxt 0] Parser 'parser' entering state 'start'
[15:33:42.436] [bmv2] [D] [thread 19384] [47.0] [cxt 0] Extracting header 'ethernet'
[15:33:42.436] [bmv2] [D] [thread 19384] [47.0] [cxt 0] Parser state 'start': key is 86dd
[15:33:42.436] [bmv2] [T] [thread 19384] [47.0] [cxt 0] Bytes parsed: 14
[15:33:42.436] [bmv2] [D] [thread 19384] [47.0] [cxt 0] Parser 'parser': end
[15:33:42.436] [bmv2] [D] [thread 19384] [47.0] [cxt 0] Pipeline 'ingress': start
[15:33:42.436] [bmv2] [T] [thread 19384] [47.0] [cxt 0] source_routing.p4(149) Condition "hdr.srcRoutes[0].isValid()" (node_2) is false
[15:33:42.436] [bmv2] [T] [thread 19384] [47.0] [cxt 0] Applying table 'tbl_drop'
[15:33:42.436] [bmv2] [D] [thread 19384] [47.0] [cxt 0] Looking up key:

[15:33:42.436] [bmv2] [D] [thread 19384] [47.0] [cxt 0] Table 'tbl_drop': miss
[15:33:42.436] [bmv2] [D] [thread 19384] [47.0] [cxt 0] Action entry is MyIngress.drop - 
[15:33:42.436] [bmv2] [T] [thread 19384] [47.0] [cxt 0] Action MyIngress.drop
[15:33:42.436] [bmv2] [T] [thread 19384] [47.0] [cxt 0] source_routing.p4(121) Primitive mark_to_drop(standard_metadata)
[15:33:42.436] [bmv2] [D] [thread 19384] [47.0] [cxt 0] Pipeline 'ingress': end
[15:33:42.436] [bmv2] [D] [thread 19384] [47.0] [cxt 0] Egress port is 511
[15:33:42.436] [bmv2] [D] [thread 19384] [47.0] [cxt 0] Dropping packet at the end of ingress
