Calling target program-options parser
[18:56:04.654] [bmv2] [D] [thread 22916] Set default default entry for table 'MyIngress.ipv4_lpm': MyIngress.drop - 
[18:56:04.655] [bmv2] [D] [thread 22916] Set default default entry for table 'tbl_link_monitor183': link_monitor183 - 
[18:56:04.672] [bmv2] [D] [thread 22916] Set default default entry for table 'tbl_link_monitor220': link_monitor220 - 
[18:56:04.673] [bmv2] [D] [thread 22916] Set default default entry for table 'tbl_link_monitor223': link_monitor223 - 
[18:56:04.673] [bmv2] [D] [thread 22916] Set default default entry for table 'tbl_link_monitor223_0': link_monitor223_0 - 
[18:56:04.673] [bmv2] [D] [thread 22916] Set default default entry for table 'tbl_link_monitor224': link_monitor224 - 
[18:56:04.673] [bmv2] [D] [thread 22916] Set default default entry for table 'tbl_link_monitor228': link_monitor228 - 
[18:56:04.673] [bmv2] [D] [thread 22916] Set default default entry for table 'tbl_link_monitor231': link_monitor231 - 
[18:56:04.673] [bmv2] [D] [thread 22916] Set default default entry for table 'tbl_link_monitor234': link_monitor234 - 
[18:56:04.673] [bmv2] [D] [thread 22916] Set default default entry for table 'MyEgress.swid': NoAction - 
[18:56:04.673] [bmv2] [D] [thread 22916] Set default default entry for table 'tbl_link_monitor239': link_monitor239 - 
Adding interface s3-eth1 as port 1
[18:56:04.676] [bmv2] [D] [thread 22916] Adding interface s3-eth1 as port 1
Adding interface s3-eth2 as port 2
[18:56:04.740] [bmv2] [D] [thread 22916] Adding interface s3-eth2 as port 2
Server listening on 0.0.0.0:50053
[18:56:04.809] [bmv2] [I] [thread 22916] Starting Thrift server on port 9092
[18:56:04.811] [bmv2] [I] [thread 22916] Thrift server was started
[18:56:04.816] [bmv2] [D] [thread 22928] [0.0] [cxt 0] Processing packet received on port 1
[18:56:04.816] [bmv2] [D] [thread 22928] [0.0] [cxt 0] Parser 'parser': start
[18:56:04.816] [bmv2] [D] [thread 22928] [0.0] [cxt 0] Parser 'parser' entering state 'start'
[18:56:04.816] [bmv2] [D] [thread 22928] [0.0] [cxt 0] Extracting header 'ethernet'
[18:56:04.816] [bmv2] [D] [thread 22928] [0.0] [cxt 0] Parser state 'start': key is 86dd
[18:56:04.816] [bmv2] [T] [thread 22928] [0.0] [cxt 0] Bytes parsed: 14
[18:56:04.816] [bmv2] [D] [thread 22928] [0.0] [cxt 0] Parser 'parser': end
[18:56:04.816] [bmv2] [D] [thread 22928] [0.0] [cxt 0] Pipeline 'ingress': start
[18:56:04.816] [bmv2] [T] [thread 22928] [0.0] [cxt 0] link_monitor.p4(179) Condition "hdr.ipv4.isValid()" (node_2) is false
[18:56:04.816] [bmv2] [T] [thread 22928] [0.0] [cxt 0] link_monitor.p4(182) Condition "hdr.probe.isValid()" (node_4) is false
[18:56:04.816] [bmv2] [D] [thread 22928] [0.0] [cxt 0] Pipeline 'ingress': end
[18:56:04.816] [bmv2] [D] [thread 22928] [0.0] [cxt 0] Egress port is 0
[18:56:04.816] [bmv2] [D] [thread 22929] [0.0] [cxt 0] Pipeline 'egress': start
[18:56:04.816] [bmv2] [T] [thread 22929] [0.0] [cxt 0] Applying table 'tbl_link_monitor220'
[18:56:04.816] [bmv2] [D] [thread 22929] [0.0] [cxt 0] Looking up key:

[18:56:04.816] [bmv2] [D] [thread 22929] [0.0] [cxt 0] Table 'tbl_link_monitor220': miss
[18:56:04.816] [bmv2] [D] [thread 22929] [0.0] [cxt 0] Action entry is link_monitor220 - 
[18:56:04.816] [bmv2] [T] [thread 22929] [0.0] [cxt 0] Action link_monitor220
[18:56:04.816] [bmv2] [T] [thread 22929] [0.0] [cxt 0] link_monitor.p4(220) Primitive (bit<32>)standard_metadata.egress_port
[18:56:04.816] [bmv2] [T] [thread 22929] [0.0] [cxt 0] link_monitor.p4(220) Primitive byte_cnt_reg.read(byte_cnt, (bit<32>)standard_metadata.egress_port)
[18:56:04.817] [bmv2] [T] [thread 22929] [0.0] [cxt 0] Read register 'MyEgress.byte_cnt_reg' at index 0 read value 0
[18:56:04.817] [bmv2] [T] [thread 22929] [0.0] [cxt 0] link_monitor.p4(221) Primitive byte_cnt = byte_cnt + standard_metadata.packet_length
[18:56:04.817] [bmv2] [T] [thread 22929] [0.0] [cxt 0] link_monitor.p4(223) Condition "hdr.probe.isValid()" (node_9) is false
[18:56:04.817] [bmv2] [T] [thread 22929] [0.0] [cxt 0] Applying table 'tbl_link_monitor223_0'
[18:56:04.817] [bmv2] [D] [thread 22929] [0.0] [cxt 0] Looking up key:

[18:56:04.817] [bmv2] [D] [thread 22929] [0.0] [cxt 0] Table 'tbl_link_monitor223_0': miss
[18:56:04.817] [bmv2] [D] [thread 22929] [0.0] [cxt 0] Action entry is link_monitor223_0 - 
[18:56:04.817] [bmv2] [T] [thread 22929] [0.0] [cxt 0] Action link_monitor223_0
[18:56:04.817] [bmv2] [T] [thread 22929] [0.0] [cxt 0] link_monitor.p4(223) Primitive (hdr.probe.isValid()) ? 0 : byte_cnt
[18:56:04.817] [bmv2] [T] [thread 22929] [0.0] [cxt 0] Applying table 'tbl_link_monitor224'
[18:56:04.817] [bmv2] [D] [thread 22929] [0.0] [cxt 0] Looking up key:

[18:56:04.817] [bmv2] [D] [thread 22929] [0.0] [cxt 0] Table 'tbl_link_monitor224': miss
[18:56:04.817] [bmv2] [D] [thread 22929] [0.0] [cxt 0] Action entry is link_monitor224 - 
[18:56:04.817] [bmv2] [T] [thread 22929] [0.0] [cxt 0] Action link_monitor224
[18:56:04.817] [bmv2] [T] [thread 22929] [0.0] [cxt 0] link_monitor.p4(224) Primitive (bit<32>)standard_metadata.egress_port
[18:56:04.817] [bmv2] [T] [thread 22929] [0.0] [cxt 0] link_monitor.p4(224) Primitive byte_cnt_reg.write((bit<32>)standard_metadata.egress_port, new_byte_cnt)
[18:56:04.817] [bmv2] [T] [thread 22929] [0.0] [cxt 0] Wrote register 'MyEgress.byte_cnt_reg' at index 0 with value 208
[18:56:04.817] [bmv2] [T] [thread 22929] [0.0] [cxt 0] link_monitor.p4(226) Condition "hdr.probe.isValid()" (node_13) is false
[18:56:04.817] [bmv2] [D] [thread 22929] [0.0] [cxt 0] Pipeline 'egress': end
[18:56:04.817] [bmv2] [D] [thread 22929] [0.0] [cxt 0] Deparser 'deparser': start
[18:56:04.817] [bmv2] [T] [thread 22929] [0.0] [cxt 0] Skipping checksum 'cksum' update because condition not met
[18:56:04.817] [bmv2] [D] [thread 22929] [0.0] [cxt 0] Deparsing header 'ethernet'
[18:56:04.817] [bmv2] [D] [thread 22929] [0.0] [cxt 0] Deparser 'deparser': end
[18:56:04.817] [bmv2] [D] [thread 22933] [0.0] [cxt 0] Transmitting packet of size 208 out of port 0
[18:56:04.976] [bmv2] [D] [thread 22928] [1.0] [cxt 0] Processing packet received on port 1
[18:56:04.977] [bmv2] [D] [thread 22928] [1.0] [cxt 0] Parser 'parser': start
[18:56:04.977] [bmv2] [D] [thread 22928] [1.0] [cxt 0] Parser 'parser' entering state 'start'
[18:56:04.977] [bmv2] [D] [thread 22928] [1.0] [cxt 0] Extracting header 'ethernet'
[18:56:04.977] [bmv2] [D] [thread 22928] [1.0] [cxt 0] Parser state 'start': key is 86dd
[18:56:04.977] [bmv2] [T] [thread 22928] [1.0] [cxt 0] Bytes parsed: 14
[18:56:04.977] [bmv2] [D] [thread 22928] [1.0] [cxt 0] Parser 'parser': end
[18:56:04.977] [bmv2] [D] [thread 22928] [1.0] [cxt 0] Pipeline 'ingress': start
[18:56:04.977] [bmv2] [T] [thread 22928] [1.0] [cxt 0] link_monitor.p4(179) Condition "hdr.ipv4.isValid()" (node_2) is false
[18:56:04.977] [bmv2] [T] [thread 22928] [1.0] [cxt 0] link_monitor.p4(182) Condition "hdr.probe.isValid()" (node_4) is false
[18:56:04.977] [bmv2] [D] [thread 22928] [1.0] [cxt 0] Pipeline 'ingress': end
[18:56:04.977] [bmv2] [D] [thread 22928] [1.0] [cxt 0] Egress port is 0
[18:56:04.977] [bmv2] [D] [thread 22929] [1.0] [cxt 0] Pipeline 'egress': start
[18:56:04.977] [bmv2] [T] [thread 22929] [1.0] [cxt 0] Applying table 'tbl_link_monitor220'
[18:56:04.977] [bmv2] [D] [thread 22929] [1.0] [cxt 0] Looking up key:

[18:56:04.977] [bmv2] [D] [thread 22929] [1.0] [cxt 0] Table 'tbl_link_monitor220': miss
[18:56:04.977] [bmv2] [D] [thread 22929] [1.0] [cxt 0] Action entry is link_monitor220 - 
[18:56:04.977] [bmv2] [T] [thread 22929] [1.0] [cxt 0] Action link_monitor220
[18:56:04.977] [bmv2] [T] [thread 22929] [1.0] [cxt 0] link_monitor.p4(220) Primitive (bit<32>)standard_metadata.egress_port
[18:56:04.977] [bmv2] [T] [thread 22929] [1.0] [cxt 0] link_monitor.p4(220) Primitive byte_cnt_reg.read(byte_cnt, (bit<32>)standard_metadata.egress_port)
[18:56:04.977] [bmv2] [T] [thread 22929] [1.0] [cxt 0] Read register 'MyEgress.byte_cnt_reg' at index 0 read value 208
[18:56:04.977] [bmv2] [T] [thread 22929] [1.0] [cxt 0] link_monitor.p4(221) Primitive byte_cnt = byte_cnt + standard_metadata.packet_length
[18:56:04.977] [bmv2] [T] [thread 22929] [1.0] [cxt 0] link_monitor.p4(223) Condition "hdr.probe.isValid()" (node_9) is false
[18:56:04.977] [bmv2] [T] [thread 22929] [1.0] [cxt 0] Applying table 'tbl_link_monitor223_0'
[18:56:04.977] [bmv2] [D] [thread 22929] [1.0] [cxt 0] Looking up key:

[18:56:04.977] [bmv2] [D] [thread 22929] [1.0] [cxt 0] Table 'tbl_link_monitor223_0': miss
[18:56:04.977] [bmv2] [D] [thread 22929] [1.0] [cxt 0] Action entry is link_monitor223_0 - 
[18:56:04.977] [bmv2] [T] [thread 22929] [1.0] [cxt 0] Action link_monitor223_0
[18:56:04.977] [bmv2] [T] [thread 22929] [1.0] [cxt 0] link_monitor.p4(223) Primitive (hdr.probe.isValid()) ? 0 : byte_cnt
[18:56:04.977] [bmv2] [T] [thread 22929] [1.0] [cxt 0] Applying table 'tbl_link_monitor224'
[18:56:04.977] [bmv2] [D] [thread 22929] [1.0] [cxt 0] Looking up key:

[18:56:04.977] [bmv2] [D] [thread 22929] [1.0] [cxt 0] Table 'tbl_link_monitor224': miss
[18:56:04.977] [bmv2] [D] [thread 22929] [1.0] [cxt 0] Action entry is link_monitor224 - 
[18:56:04.977] [bmv2] [T] [thread 22929] [1.0] [cxt 0] Action link_monitor224
[18:56:04.977] [bmv2] [T] [thread 22929] [1.0] [cxt 0] link_monitor.p4(224) Primitive (bit<32>)standard_metadata.egress_port
[18:56:04.977] [bmv2] [T] [thread 22929] [1.0] [cxt 0] link_monitor.p4(224) Primitive byte_cnt_reg.write((bit<32>)standard_metadata.egress_port, new_byte_cnt)
[18:56:04.977] [bmv2] [T] [thread 22929] [1.0] [cxt 0] Wrote register 'MyEgress.byte_cnt_reg' at index 0 with value 404
[18:56:04.977] [bmv2] [T] [thread 22929] [1.0] [cxt 0] link_monitor.p4(226) Condition "hdr.probe.isValid()" (node_13) is false
[18:56:04.977] [bmv2] [D] [thread 22929] [1.0] [cxt 0] Pipeline 'egress': end
[18:56:04.977] [bmv2] [D] [thread 22929] [1.0] [cxt 0] Deparser 'deparser': start
[18:56:04.977] [bmv2] [T] [thread 22929] [1.0] [cxt 0] Skipping checksum 'cksum' update because condition not met
[18:56:04.977] [bmv2] [D] [thread 22929] [1.0] [cxt 0] Deparsing header 'ethernet'
[18:56:04.977] [bmv2] [D] [thread 22929] [1.0] [cxt 0] Deparser 'deparser': end
[18:56:04.977] [bmv2] [D] [thread 22933] [1.0] [cxt 0] Transmitting packet of size 196 out of port 0
[18:56:05.256] [bmv2] [D] [thread 22928] [2.0] [cxt 0] Processing packet received on port 2
[18:56:05.256] [bmv2] [D] [thread 22928] [2.0] [cxt 0] Parser 'parser': start
[18:56:05.256] [bmv2] [D] [thread 22928] [2.0] [cxt 0] Parser 'parser' entering state 'start'
[18:56:05.256] [bmv2] [D] [thread 22928] [2.0] [cxt 0] Extracting header 'ethernet'
[18:56:05.256] [bmv2] [D] [thread 22928] [2.0] [cxt 0] Parser state 'start': key is 86dd
[18:56:05.256] [bmv2] [T] [thread 22928] [2.0] [cxt 0] Bytes parsed: 14
[18:56:05.256] [bmv2] [D] [thread 22928] [2.0] [cxt 0] Parser 'parser': end
[18:56:05.256] [bmv2] [D] [thread 22928] [2.0] [cxt 0] Pipeline 'ingress': start
[18:56:05.256] [bmv2] [T] [thread 22928] [2.0] [cxt 0] link_monitor.p4(179) Condition "hdr.ipv4.isValid()" (node_2) is false
[18:56:05.256] [bmv2] [T] [thread 22928] [2.0] [cxt 0] link_monitor.p4(182) Condition "hdr.probe.isValid()" (node_4) is false
[18:56:05.256] [bmv2] [D] [thread 22928] [2.0] [cxt 0] Pipeline 'ingress': end
[18:56:05.256] [bmv2] [D] [thread 22928] [2.0] [cxt 0] Egress port is 0
[18:56:05.256] [bmv2] [D] [thread 22929] [2.0] [cxt 0] Pipeline 'egress': start
[18:56:05.256] [bmv2] [T] [thread 22929] [2.0] [cxt 0] Applying table 'tbl_link_monitor220'
[18:56:05.256] [bmv2] [D] [thread 22929] [2.0] [cxt 0] Looking up key:

[18:56:05.256] [bmv2] [D] [thread 22929] [2.0] [cxt 0] Table 'tbl_link_monitor220': miss
[18:56:05.256] [bmv2] [D] [thread 22929] [2.0] [cxt 0] Action entry is link_monitor220 - 
[18:56:05.256] [bmv2] [T] [thread 22929] [2.0] [cxt 0] Action link_monitor220
[18:56:05.256] [bmv2] [T] [thread 22929] [2.0] [cxt 0] link_monitor.p4(220) Primitive (bit<32>)standard_metadata.egress_port
[18:56:05.256] [bmv2] [T] [thread 22929] [2.0] [cxt 0] link_monitor.p4(220) Primitive byte_cnt_reg.read(byte_cnt, (bit<32>)standard_metadata.egress_port)
[18:56:05.256] [bmv2] [T] [thread 22929] [2.0] [cxt 0] Read register 'MyEgress.byte_cnt_reg' at index 0 read value 404
[18:56:05.256] [bmv2] [T] [thread 22929] [2.0] [cxt 0] link_monitor.p4(221) Primitive byte_cnt = byte_cnt + standard_metadata.packet_length
[18:56:05.256] [bmv2] [T] [thread 22929] [2.0] [cxt 0] link_monitor.p4(223) Condition "hdr.probe.isValid()" (node_9) is false
[18:56:05.256] [bmv2] [T] [thread 22929] [2.0] [cxt 0] Applying table 'tbl_link_monitor223_0'
[18:56:05.256] [bmv2] [D] [thread 22929] [2.0] [cxt 0] Looking up key:

[18:56:05.256] [bmv2] [D] [thread 22929] [2.0] [cxt 0] Table 'tbl_link_monitor223_0': miss
[18:56:05.256] [bmv2] [D] [thread 22929] [2.0] [cxt 0] Action entry is link_monitor223_0 - 
[18:56:05.256] [bmv2] [T] [thread 22929] [2.0] [cxt 0] Action link_monitor223_0
[18:56:05.256] [bmv2] [T] [thread 22929] [2.0] [cxt 0] link_monitor.p4(223) Primitive (hdr.probe.isValid()) ? 0 : byte_cnt
[18:56:05.256] [bmv2] [T] [thread 22929] [2.0] [cxt 0] Applying table 'tbl_link_monitor224'
[18:56:05.256] [bmv2] [D] [thread 22929] [2.0] [cxt 0] Looking up key:

[18:56:05.256] [bmv2] [D] [thread 22929] [2.0] [cxt 0] Table 'tbl_link_monitor224': miss
[18:56:05.256] [bmv2] [D] [thread 22929] [2.0] [cxt 0] Action entry is link_monitor224 - 
[18:56:05.256] [bmv2] [T] [thread 22929] [2.0] [cxt 0] Action link_monitor224
[18:56:05.256] [bmv2] [T] [thread 22929] [2.0] [cxt 0] link_monitor.p4(224) Primitive (bit<32>)standard_metadata.egress_port
[18:56:05.256] [bmv2] [T] [thread 22929] [2.0] [cxt 0] link_monitor.p4(224) Primitive byte_cnt_reg.write((bit<32>)standard_metadata.egress_port, new_byte_cnt)
[18:56:05.256] [bmv2] [T] [thread 22929] [2.0] [cxt 0] Wrote register 'MyEgress.byte_cnt_reg' at index 0 with value 600
[18:56:05.256] [bmv2] [T] [thread 22929] [2.0] [cxt 0] link_monitor.p4(226) Condition "hdr.probe.isValid()" (node_13) is false
[18:56:05.256] [bmv2] [D] [thread 22929] [2.0] [cxt 0] Pipeline 'egress': end
[18:56:05.256] [bmv2] [D] [thread 22929] [2.0] [cxt 0] Deparser 'deparser': start
[18:56:05.256] [bmv2] [T] [thread 22929] [2.0] [cxt 0] Skipping checksum 'cksum' update because condition not met
[18:56:05.256] [bmv2] [D] [thread 22929] [2.0] [cxt 0] Deparsing header 'ethernet'
[18:56:05.256] [bmv2] [D] [thread 22929] [2.0] [cxt 0] Deparser 'deparser': end
[18:56:05.256] [bmv2] [D] [thread 22933] [2.0] [cxt 0] Transmitting packet of size 196 out of port 0
[18:56:05.279] [bmv2] [D] [thread 22928] [3.0] [cxt 0] Processing packet received on port 2
[18:56:05.279] [bmv2] [D] [thread 22928] [3.0] [cxt 0] Parser 'parser': start
[18:56:05.279] [bmv2] [D] [thread 22928] [3.0] [cxt 0] Parser 'parser' entering state 'start'
[18:56:05.279] [bmv2] [D] [thread 22928] [3.0] [cxt 0] Extracting header 'ethernet'
[18:56:05.279] [bmv2] [D] [thread 22928] [3.0] [cxt 0] Parser state 'start': key is 86dd
[18:56:05.279] [bmv2] [T] [thread 22928] [3.0] [cxt 0] Bytes parsed: 14
[18:56:05.279] [bmv2] [D] [thread 22928] [3.0] [cxt 0] Parser 'parser': end
[18:56:05.279] [bmv2] [D] [thread 22928] [3.0] [cxt 0] Pipeline 'ingress': start
[18:56:05.279] [bmv2] [T] [thread 22928] [3.0] [cxt 0] link_monitor.p4(179) Condition "hdr.ipv4.isValid()" (node_2) is false
[18:56:05.279] [bmv2] [T] [thread 22928] [3.0] [cxt 0] link_monitor.p4(182) Condition "hdr.probe.isValid()" (node_4) is false
[18:56:05.279] [bmv2] [D] [thread 22928] [3.0] [cxt 0] Pipeline 'ingress': end
[18:56:05.279] [bmv2] [D] [thread 22928] [3.0] [cxt 0] Egress port is 0
[18:56:05.279] [bmv2] [D] [thread 22929] [3.0] [cxt 0] Pipeline 'egress': start
[18:56:05.280] [bmv2] [T] [thread 22929] [3.0] [cxt 0] Applying table 'tbl_link_monitor220'
[18:56:05.280] [bmv2] [D] [thread 22929] [3.0] [cxt 0] Looking up key:

[18:56:05.280] [bmv2] [D] [thread 22929] [3.0] [cxt 0] Table 'tbl_link_monitor220': miss
[18:56:05.280] [bmv2] [D] [thread 22929] [3.0] [cxt 0] Action entry is link_monitor220 - 
[18:56:05.280] [bmv2] [T] [thread 22929] [3.0] [cxt 0] Action link_monitor220
[18:56:05.280] [bmv2] [T] [thread 22929] [3.0] [cxt 0] link_monitor.p4(220) Primitive (bit<32>)standard_metadata.egress_port
[18:56:05.280] [bmv2] [T] [thread 22929] [3.0] [cxt 0] link_monitor.p4(220) Primitive byte_cnt_reg.read(byte_cnt, (bit<32>)standard_metadata.egress_port)
[18:56:05.280] [bmv2] [T] [thread 22929] [3.0] [cxt 0] Read register 'MyEgress.byte_cnt_reg' at index 0 read value 600
[18:56:05.280] [bmv2] [T] [thread 22929] [3.0] [cxt 0] link_monitor.p4(221) Primitive byte_cnt = byte_cnt + standard_metadata.packet_length
[18:56:05.280] [bmv2] [T] [thread 22929] [3.0] [cxt 0] link_monitor.p4(223) Condition "hdr.probe.isValid()" (node_9) is false
[18:56:05.280] [bmv2] [T] [thread 22929] [3.0] [cxt 0] Applying table 'tbl_link_monitor223_0'
[18:56:05.280] [bmv2] [D] [thread 22929] [3.0] [cxt 0] Looking up key:

[18:56:05.280] [bmv2] [D] [thread 22929] [3.0] [cxt 0] Table 'tbl_link_monitor223_0': miss
[18:56:05.280] [bmv2] [D] [thread 22929] [3.0] [cxt 0] Action entry is link_monitor223_0 - 
[18:56:05.280] [bmv2] [T] [thread 22929] [3.0] [cxt 0] Action link_monitor223_0
[18:56:05.280] [bmv2] [T] [thread 22929] [3.0] [cxt 0] link_monitor.p4(223) Primitive (hdr.probe.isValid()) ? 0 : byte_cnt
[18:56:05.280] [bmv2] [T] [thread 22929] [3.0] [cxt 0] Applying table 'tbl_link_monitor224'
[18:56:05.280] [bmv2] [D] [thread 22929] [3.0] [cxt 0] Looking up key:

[18:56:05.280] [bmv2] [D] [thread 22929] [3.0] [cxt 0] Table 'tbl_link_monitor224': miss
[18:56:05.280] [bmv2] [D] [thread 22929] [3.0] [cxt 0] Action entry is link_monitor224 - 
[18:56:05.280] [bmv2] [T] [thread 22929] [3.0] [cxt 0] Action link_monitor224
[18:56:05.280] [bmv2] [T] [thread 22929] [3.0] [cxt 0] link_monitor.p4(224) Primitive (bit<32>)standard_metadata.egress_port
[18:56:05.281] [bmv2] [T] [thread 22929] [3.0] [cxt 0] link_monitor.p4(224) Primitive byte_cnt_reg.write((bit<32>)standard_metadata.egress_port, new_byte_cnt)
[18:56:05.281] [bmv2] [T] [thread 22929] [3.0] [cxt 0] Wrote register 'MyEgress.byte_cnt_reg' at index 0 with value 796
[18:56:05.281] [bmv2] [T] [thread 22929] [3.0] [cxt 0] link_monitor.p4(226) Condition "hdr.probe.isValid()" (node_13) is false
[18:56:05.281] [bmv2] [D] [thread 22929] [3.0] [cxt 0] Pipeline 'egress': end
[18:56:05.281] [bmv2] [D] [thread 22929] [3.0] [cxt 0] Deparser 'deparser': start
[18:56:05.281] [bmv2] [T] [thread 22929] [3.0] [cxt 0] Skipping checksum 'cksum' update because condition not met
[18:56:05.281] [bmv2] [D] [thread 22929] [3.0] [cxt 0] Deparsing header 'ethernet'
[18:56:05.281] [bmv2] [D] [thread 22929] [3.0] [cxt 0] Deparser 'deparser': end
[18:56:05.281] [bmv2] [D] [thread 22933] [3.0] [cxt 0] Transmitting packet of size 196 out of port 0
[18:56:05.663] [bmv2] [D] [thread 22928] [4.0] [cxt 0] Processing packet received on port 1
[18:56:05.663] [bmv2] [D] [thread 22928] [4.0] [cxt 0] Parser 'parser': start
[18:56:05.663] [bmv2] [D] [thread 22928] [4.0] [cxt 0] Parser 'parser' entering state 'start'
[18:56:05.663] [bmv2] [D] [thread 22928] [4.0] [cxt 0] Extracting header 'ethernet'
[18:56:05.663] [bmv2] [D] [thread 22928] [4.0] [cxt 0] Parser state 'start': key is 86dd
[18:56:05.663] [bmv2] [T] [thread 22928] [4.0] [cxt 0] Bytes parsed: 14
[18:56:05.663] [bmv2] [D] [thread 22928] [4.0] [cxt 0] Parser 'parser': end
[18:56:05.663] [bmv2] [D] [thread 22928] [4.0] [cxt 0] Pipeline 'ingress': start
[18:56:05.663] [bmv2] [T] [thread 22928] [4.0] [cxt 0] link_monitor.p4(179) Condition "hdr.ipv4.isValid()" (node_2) is false
[18:56:05.663] [bmv2] [T] [thread 22928] [4.0] [cxt 0] link_monitor.p4(182) Condition "hdr.probe.isValid()" (node_4) is false
[18:56:05.663] [bmv2] [D] [thread 22928] [4.0] [cxt 0] Pipeline 'ingress': end
[18:56:05.663] [bmv2] [D] [thread 22928] [4.0] [cxt 0] Egress port is 0
[18:56:05.663] [bmv2] [D] [thread 22929] [4.0] [cxt 0] Pipeline 'egress': start
[18:56:05.663] [bmv2] [T] [thread 22929] [4.0] [cxt 0] Applying table 'tbl_link_monitor220'
[18:56:05.663] [bmv2] [D] [thread 22929] [4.0] [cxt 0] Looking up key:

[18:56:05.663] [bmv2] [D] [thread 22929] [4.0] [cxt 0] Table 'tbl_link_monitor220': miss
[18:56:05.663] [bmv2] [D] [thread 22929] [4.0] [cxt 0] Action entry is link_monitor220 - 
[18:56:05.663] [bmv2] [T] [thread 22929] [4.0] [cxt 0] Action link_monitor220
[18:56:05.663] [bmv2] [T] [thread 22929] [4.0] [cxt 0] link_monitor.p4(220) Primitive (bit<32>)standard_metadata.egress_port
[18:56:05.663] [bmv2] [T] [thread 22929] [4.0] [cxt 0] link_monitor.p4(220) Primitive byte_cnt_reg.read(byte_cnt, (bit<32>)standard_metadata.egress_port)
[18:56:05.663] [bmv2] [T] [thread 22929] [4.0] [cxt 0] Read register 'MyEgress.byte_cnt_reg' at index 0 read value 796
[18:56:05.663] [bmv2] [T] [thread 22929] [4.0] [cxt 0] link_monitor.p4(221) Primitive byte_cnt = byte_cnt + standard_metadata.packet_length
[18:56:05.663] [bmv2] [T] [thread 22929] [4.0] [cxt 0] link_monitor.p4(223) Condition "hdr.probe.isValid()" (node_9) is false
[18:56:05.663] [bmv2] [T] [thread 22929] [4.0] [cxt 0] Applying table 'tbl_link_monitor223_0'
[18:56:05.663] [bmv2] [D] [thread 22929] [4.0] [cxt 0] Looking up key:

[18:56:05.663] [bmv2] [D] [thread 22929] [4.0] [cxt 0] Table 'tbl_link_monitor223_0': miss
[18:56:05.663] [bmv2] [D] [thread 22929] [4.0] [cxt 0] Action entry is link_monitor223_0 - 
[18:56:05.663] [bmv2] [T] [thread 22929] [4.0] [cxt 0] Action link_monitor223_0
[18:56:05.663] [bmv2] [T] [thread 22929] [4.0] [cxt 0] link_monitor.p4(223) Primitive (hdr.probe.isValid()) ? 0 : byte_cnt
[18:56:05.663] [bmv2] [T] [thread 22929] [4.0] [cxt 0] Applying table 'tbl_link_monitor224'
[18:56:05.663] [bmv2] [D] [thread 22929] [4.0] [cxt 0] Looking up key:

[18:56:05.663] [bmv2] [D] [thread 22929] [4.0] [cxt 0] Table 'tbl_link_monitor224': miss
[18:56:05.663] [bmv2] [D] [thread 22929] [4.0] [cxt 0] Action entry is link_monitor224 - 
[18:56:05.663] [bmv2] [T] [thread 22929] [4.0] [cxt 0] Action link_monitor224
[18:56:05.663] [bmv2] [T] [thread 22929] [4.0] [cxt 0] link_monitor.p4(224) Primitive (bit<32>)standard_metadata.egress_port
[18:56:05.663] [bmv2] [T] [thread 22929] [4.0] [cxt 0] link_monitor.p4(224) Primitive byte_cnt_reg.write((bit<32>)standard_metadata.egress_port, new_byte_cnt)
[18:56:05.663] [bmv2] [T] [thread 22929] [4.0] [cxt 0] Wrote register 'MyEgress.byte_cnt_reg' at index 0 with value 992
[18:56:05.663] [bmv2] [T] [thread 22929] [4.0] [cxt 0] link_monitor.p4(226) Condition "hdr.probe.isValid()" (node_13) is false
[18:56:05.663] [bmv2] [D] [thread 22929] [4.0] [cxt 0] Pipeline 'egress': end
[18:56:05.663] [bmv2] [D] [thread 22929] [4.0] [cxt 0] Deparser 'deparser': start
[18:56:05.663] [bmv2] [T] [thread 22929] [4.0] [cxt 0] Skipping checksum 'cksum' update because condition not met
[18:56:05.664] [bmv2] [D] [thread 22929] [4.0] [cxt 0] Deparsing header 'ethernet'
[18:56:05.664] [bmv2] [D] [thread 22929] [4.0] [cxt 0] Deparser 'deparser': end
[18:56:05.664] [bmv2] [D] [thread 22933] [4.0] [cxt 0] Transmitting packet of size 196 out of port 0
[18:56:05.980] [bmv2] [D] [thread 22928] [5.0] [cxt 0] Processing packet received on port 1
[18:56:05.980] [bmv2] [D] [thread 22928] [5.0] [cxt 0] Parser 'parser': start
[18:56:05.980] [bmv2] [D] [thread 22928] [5.0] [cxt 0] Parser 'parser' entering state 'start'
[18:56:05.980] [bmv2] [D] [thread 22928] [5.0] [cxt 0] Extracting header 'ethernet'
[18:56:05.981] [bmv2] [D] [thread 22928] [5.0] [cxt 0] Parser state 'start': key is 86dd
[18:56:05.981] [bmv2] [T] [thread 22928] [5.0] [cxt 0] Bytes parsed: 14
[18:56:05.981] [bmv2] [D] [thread 22928] [5.0] [cxt 0] Parser 'parser': end
[18:56:05.981] [bmv2] [D] [thread 22928] [5.0] [cxt 0] Pipeline 'ingress': start
[18:56:05.981] [bmv2] [T] [thread 22928] [5.0] [cxt 0] link_monitor.p4(179) Condition "hdr.ipv4.isValid()" (node_2) is false
[18:56:05.981] [bmv2] [T] [thread 22928] [5.0] [cxt 0] link_monitor.p4(182) Condition "hdr.probe.isValid()" (node_4) is false
[18:56:05.981] [bmv2] [D] [thread 22928] [5.0] [cxt 0] Pipeline 'ingress': end
[18:56:05.981] [bmv2] [D] [thread 22928] [5.0] [cxt 0] Egress port is 0
[18:56:05.981] [bmv2] [D] [thread 22929] [5.0] [cxt 0] Pipeline 'egress': start
[18:56:05.981] [bmv2] [T] [thread 22929] [5.0] [cxt 0] Applying table 'tbl_link_monitor220'
[18:56:05.981] [bmv2] [D] [thread 22929] [5.0] [cxt 0] Looking up key:

[18:56:05.981] [bmv2] [D] [thread 22929] [5.0] [cxt 0] Table 'tbl_link_monitor220': miss
[18:56:05.981] [bmv2] [D] [thread 22929] [5.0] [cxt 0] Action entry is link_monitor220 - 
[18:56:05.981] [bmv2] [T] [thread 22929] [5.0] [cxt 0] Action link_monitor220
[18:56:05.981] [bmv2] [T] [thread 22929] [5.0] [cxt 0] link_monitor.p4(220) Primitive (bit<32>)standard_metadata.egress_port
[18:56:05.981] [bmv2] [T] [thread 22929] [5.0] [cxt 0] link_monitor.p4(220) Primitive byte_cnt_reg.read(byte_cnt, (bit<32>)standard_metadata.egress_port)
[18:56:05.981] [bmv2] [T] [thread 22929] [5.0] [cxt 0] Read register 'MyEgress.byte_cnt_reg' at index 0 read value 992
[18:56:05.981] [bmv2] [T] [thread 22929] [5.0] [cxt 0] link_monitor.p4(221) Primitive byte_cnt = byte_cnt + standard_metadata.packet_length
[18:56:05.981] [bmv2] [T] [thread 22929] [5.0] [cxt 0] link_monitor.p4(223) Condition "hdr.probe.isValid()" (node_9) is false
[18:56:05.981] [bmv2] [T] [thread 22929] [5.0] [cxt 0] Applying table 'tbl_link_monitor223_0'
[18:56:05.981] [bmv2] [D] [thread 22929] [5.0] [cxt 0] Looking up key:

[18:56:05.981] [bmv2] [D] [thread 22929] [5.0] [cxt 0] Table 'tbl_link_monitor223_0': miss
[18:56:05.981] [bmv2] [D] [thread 22929] [5.0] [cxt 0] Action entry is link_monitor223_0 - 
[18:56:05.981] [bmv2] [T] [thread 22929] [5.0] [cxt 0] Action link_monitor223_0
[18:56:05.981] [bmv2] [T] [thread 22929] [5.0] [cxt 0] link_monitor.p4(223) Primitive (hdr.probe.isValid()) ? 0 : byte_cnt
[18:56:05.981] [bmv2] [T] [thread 22929] [5.0] [cxt 0] Applying table 'tbl_link_monitor224'
[18:56:05.981] [bmv2] [D] [thread 22929] [5.0] [cxt 0] Looking up key:

[18:56:05.981] [bmv2] [D] [thread 22929] [5.0] [cxt 0] Table 'tbl_link_monitor224': miss
[18:56:05.981] [bmv2] [D] [thread 22929] [5.0] [cxt 0] Action entry is link_monitor224 - 
[18:56:05.981] [bmv2] [T] [thread 22929] [5.0] [cxt 0] Action link_monitor224
[18:56:05.981] [bmv2] [T] [thread 22929] [5.0] [cxt 0] link_monitor.p4(224) Primitive (bit<32>)standard_metadata.egress_port
[18:56:05.981] [bmv2] [T] [thread 22929] [5.0] [cxt 0] link_monitor.p4(224) Primitive byte_cnt_reg.write((bit<32>)standard_metadata.egress_port, new_byte_cnt)
[18:56:05.981] [bmv2] [T] [thread 22929] [5.0] [cxt 0] Wrote register 'MyEgress.byte_cnt_reg' at index 0 with value 1188
[18:56:05.981] [bmv2] [T] [thread 22929] [5.0] [cxt 0] link_monitor.p4(226) Condition "hdr.probe.isValid()" (node_13) is false
[18:56:05.982] [bmv2] [D] [thread 22929] [5.0] [cxt 0] Pipeline 'egress': end
[18:56:05.982] [bmv2] [D] [thread 22929] [5.0] [cxt 0] Deparser 'deparser': start
[18:56:05.982] [bmv2] [T] [thread 22929] [5.0] [cxt 0] Skipping checksum 'cksum' update because condition not met
[18:56:05.982] [bmv2] [D] [thread 22929] [5.0] [cxt 0] Deparsing header 'ethernet'
[18:56:05.982] [bmv2] [D] [thread 22929] [5.0] [cxt 0] Deparser 'deparser': end
[18:56:05.982] [bmv2] [D] [thread 22933] [5.0] [cxt 0] Transmitting packet of size 196 out of port 0
[18:56:07.131] [bmv2] [W] [thread 23019] [P4Runtime] p4::tmp::P4DeviceConfig is deprecated
[18:56:07.162] [bmv2] [D] [thread 23019] Set default default entry for table 'MyIngress.ipv4_lpm': MyIngress.drop - 
[18:56:07.162] [bmv2] [D] [thread 23019] Set default default entry for table 'tbl_link_monitor183': link_monitor183 - 
[18:56:07.164] [bmv2] [D] [thread 23019] Set default default entry for table 'tbl_link_monitor220': link_monitor220 - 
[18:56:07.164] [bmv2] [D] [thread 23019] Set default default entry for table 'tbl_link_monitor223': link_monitor223 - 
[18:56:07.165] [bmv2] [D] [thread 23019] Set default default entry for table 'tbl_link_monitor223_0': link_monitor223_0 - 
[18:56:07.165] [bmv2] [D] [thread 23019] Set default default entry for table 'tbl_link_monitor224': link_monitor224 - 
[18:56:07.165] [bmv2] [D] [thread 23019] Set default default entry for table 'tbl_link_monitor228': link_monitor228 - 
[18:56:07.165] [bmv2] [D] [thread 23019] Set default default entry for table 'tbl_link_monitor231': link_monitor231 - 
[18:56:07.165] [bmv2] [D] [thread 23019] Set default default entry for table 'tbl_link_monitor234': link_monitor234 - 
[18:56:07.165] [bmv2] [D] [thread 23019] Set default default entry for table 'MyEgress.swid': NoAction - 
[18:56:07.165] [bmv2] [D] [thread 23019] Set default default entry for table 'tbl_link_monitor239': link_monitor239 - 
[18:56:07.173] [bmv2] [D] [thread 23019] simple_switch target has been notified of a config swap
[18:56:07.176] [bmv2] [D] [thread 23021] Set default entry for table 'MyEgress.swid': MyEgress.set_swid - 3,
[18:56:07.177] [bmv2] [D] [thread 23021] Set default entry for table 'MyIngress.ipv4_lpm': MyIngress.drop - 
[18:56:07.179] [bmv2] [D] [thread 23021] Entry 0 added to table 'MyIngress.ipv4_lpm'
[18:56:07.179] [bmv2] [D] [thread 23021] Dumping entry 0
Match key:
* hdr.ipv4.dstAddr    : LPM       0a000101/32
Action entry: MyIngress.ipv4_forward - 80000000100,1,

[18:56:07.180] [bmv2] [D] [thread 23021] Entry 1 added to table 'MyIngress.ipv4_lpm'
[18:56:07.180] [bmv2] [D] [thread 23021] Dumping entry 1
Match key:
* hdr.ipv4.dstAddr    : LPM       0a000202/32
Action entry: MyIngress.ipv4_forward - 80000000100,1,

[18:56:07.182] [bmv2] [D] [thread 23021] Entry 2 added to table 'MyIngress.ipv4_lpm'
[18:56:07.182] [bmv2] [D] [thread 23021] Dumping entry 2
Match key:
* hdr.ipv4.dstAddr    : LPM       0a000303/32
Action entry: MyIngress.ipv4_forward - 80000000200,2,

[18:56:07.184] [bmv2] [D] [thread 23021] Entry 3 added to table 'MyIngress.ipv4_lpm'
[18:56:07.184] [bmv2] [D] [thread 23021] Dumping entry 3
Match key:
* hdr.ipv4.dstAddr    : LPM       0a000404/32
Action entry: MyIngress.ipv4_forward - 80000000200,2,

[18:56:07.262] [bmv2] [D] [thread 22928] [6.0] [cxt 0] Processing packet received on port 2
[18:56:07.262] [bmv2] [D] [thread 22928] [6.0] [cxt 0] Parser 'parser': start
[18:56:07.262] [bmv2] [D] [thread 22928] [6.0] [cxt 0] Parser 'parser' entering state 'start'
[18:56:07.262] [bmv2] [D] [thread 22928] [6.0] [cxt 0] Extracting header 'ethernet'
[18:56:07.262] [bmv2] [D] [thread 22928] [6.0] [cxt 0] Parser state 'start': key is 86dd
[18:56:07.262] [bmv2] [T] [thread 22928] [6.0] [cxt 0] Bytes parsed: 14
[18:56:07.262] [bmv2] [D] [thread 22928] [6.0] [cxt 0] Parser 'parser': end
[18:56:07.262] [bmv2] [D] [thread 22928] [6.0] [cxt 0] Pipeline 'ingress': start
[18:56:07.262] [bmv2] [T] [thread 22928] [6.0] [cxt 0] link_monitor.p4(179) Condition "hdr.ipv4.isValid()" (node_2) is false
[18:56:07.262] [bmv2] [T] [thread 22928] [6.0] [cxt 0] link_monitor.p4(182) Condition "hdr.probe.isValid()" (node_4) is false
[18:56:07.262] [bmv2] [D] [thread 22928] [6.0] [cxt 0] Pipeline 'ingress': end
[18:56:07.262] [bmv2] [D] [thread 22928] [6.0] [cxt 0] Egress port is 0
[18:56:07.263] [bmv2] [D] [thread 22929] [6.0] [cxt 0] Pipeline 'egress': start
[18:56:07.263] [bmv2] [T] [thread 22929] [6.0] [cxt 0] Applying table 'tbl_link_monitor220'
[18:56:07.263] [bmv2] [D] [thread 22929] [6.0] [cxt 0] Looking up key:

[18:56:07.263] [bmv2] [D] [thread 22929] [6.0] [cxt 0] Table 'tbl_link_monitor220': miss
[18:56:07.263] [bmv2] [D] [thread 22929] [6.0] [cxt 0] Action entry is link_monitor220 - 
[18:56:07.263] [bmv2] [T] [thread 22929] [6.0] [cxt 0] Action link_monitor220
[18:56:07.263] [bmv2] [T] [thread 22929] [6.0] [cxt 0] link_monitor.p4(220) Primitive (bit<32>)standard_metadata.egress_port
[18:56:07.263] [bmv2] [T] [thread 22929] [6.0] [cxt 0] link_monitor.p4(220) Primitive byte_cnt_reg.read(byte_cnt, (bit<32>)standard_metadata.egress_port)
[18:56:07.263] [bmv2] [T] [thread 22929] [6.0] [cxt 0] Read register 'MyEgress.byte_cnt_reg' at index 0 read value 0
[18:56:07.263] [bmv2] [T] [thread 22929] [6.0] [cxt 0] link_monitor.p4(221) Primitive byte_cnt = byte_cnt + standard_metadata.packet_length
[18:56:07.263] [bmv2] [T] [thread 22929] [6.0] [cxt 0] link_monitor.p4(223) Condition "hdr.probe.isValid()" (node_9) is false
[18:56:07.263] [bmv2] [T] [thread 22929] [6.0] [cxt 0] Applying table 'tbl_link_monitor223_0'
[18:56:07.263] [bmv2] [D] [thread 22929] [6.0] [cxt 0] Looking up key:

[18:56:07.263] [bmv2] [D] [thread 22929] [6.0] [cxt 0] Table 'tbl_link_monitor223_0': miss
[18:56:07.263] [bmv2] [D] [thread 22929] [6.0] [cxt 0] Action entry is link_monitor223_0 - 
[18:56:07.263] [bmv2] [T] [thread 22929] [6.0] [cxt 0] Action link_monitor223_0
[18:56:07.263] [bmv2] [T] [thread 22929] [6.0] [cxt 0] link_monitor.p4(223) Primitive (hdr.probe.isValid()) ? 0 : byte_cnt
[18:56:07.263] [bmv2] [T] [thread 22929] [6.0] [cxt 0] Applying table 'tbl_link_monitor224'
[18:56:07.263] [bmv2] [D] [thread 22929] [6.0] [cxt 0] Looking up key:

[18:56:07.263] [bmv2] [D] [thread 22929] [6.0] [cxt 0] Table 'tbl_link_monitor224': miss
[18:56:07.263] [bmv2] [D] [thread 22929] [6.0] [cxt 0] Action entry is link_monitor224 - 
[18:56:07.263] [bmv2] [T] [thread 22929] [6.0] [cxt 0] Action link_monitor224
[18:56:07.263] [bmv2] [T] [thread 22929] [6.0] [cxt 0] link_monitor.p4(224) Primitive (bit<32>)standard_metadata.egress_port
[18:56:07.263] [bmv2] [T] [thread 22929] [6.0] [cxt 0] link_monitor.p4(224) Primitive byte_cnt_reg.write((bit<32>)standard_metadata.egress_port, new_byte_cnt)
[18:56:07.263] [bmv2] [T] [thread 22929] [6.0] [cxt 0] Wrote register 'MyEgress.byte_cnt_reg' at index 0 with value 196
[18:56:07.263] [bmv2] [T] [thread 22929] [6.0] [cxt 0] link_monitor.p4(226) Condition "hdr.probe.isValid()" (node_13) is false
[18:56:07.263] [bmv2] [D] [thread 22929] [6.0] [cxt 0] Pipeline 'egress': end
[18:56:07.263] [bmv2] [D] [thread 22929] [6.0] [cxt 0] Deparser 'deparser': start
[18:56:07.263] [bmv2] [T] [thread 22929] [6.0] [cxt 0] Skipping checksum 'cksum' update because condition not met
[18:56:07.263] [bmv2] [D] [thread 22929] [6.0] [cxt 0] Deparsing header 'ethernet'
[18:56:07.263] [bmv2] [D] [thread 22929] [6.0] [cxt 0] Deparser 'deparser': end
[18:56:07.263] [bmv2] [D] [thread 22933] [6.0] [cxt 0] Transmitting packet of size 196 out of port 0
[18:56:07.284] [bmv2] [D] [thread 22928] [7.0] [cxt 0] Processing packet received on port 2
[18:56:07.284] [bmv2] [D] [thread 22928] [7.0] [cxt 0] Parser 'parser': start
[18:56:07.284] [bmv2] [D] [thread 22928] [7.0] [cxt 0] Parser 'parser' entering state 'start'
[18:56:07.284] [bmv2] [D] [thread 22928] [7.0] [cxt 0] Extracting header 'ethernet'
[18:56:07.284] [bmv2] [D] [thread 22928] [7.0] [cxt 0] Parser state 'start': key is 86dd
[18:56:07.284] [bmv2] [T] [thread 22928] [7.0] [cxt 0] Bytes parsed: 14
[18:56:07.284] [bmv2] [D] [thread 22928] [7.0] [cxt 0] Parser 'parser': end
[18:56:07.284] [bmv2] [D] [thread 22928] [7.0] [cxt 0] Pipeline 'ingress': start
[18:56:07.284] [bmv2] [T] [thread 22928] [7.0] [cxt 0] link_monitor.p4(179) Condition "hdr.ipv4.isValid()" (node_2) is false
[18:56:07.284] [bmv2] [T] [thread 22928] [7.0] [cxt 0] link_monitor.p4(182) Condition "hdr.probe.isValid()" (node_4) is false
[18:56:07.284] [bmv2] [D] [thread 22928] [7.0] [cxt 0] Pipeline 'ingress': end
[18:56:07.284] [bmv2] [D] [thread 22928] [7.0] [cxt 0] Egress port is 0
[18:56:07.286] [bmv2] [D] [thread 22929] [7.0] [cxt 0] Pipeline 'egress': start
[18:56:07.286] [bmv2] [T] [thread 22929] [7.0] [cxt 0] Applying table 'tbl_link_monitor220'
[18:56:07.286] [bmv2] [D] [thread 22929] [7.0] [cxt 0] Looking up key:

[18:56:07.286] [bmv2] [D] [thread 22929] [7.0] [cxt 0] Table 'tbl_link_monitor220': miss
[18:56:07.286] [bmv2] [D] [thread 22929] [7.0] [cxt 0] Action entry is link_monitor220 - 
[18:56:07.286] [bmv2] [T] [thread 22929] [7.0] [cxt 0] Action link_monitor220
[18:56:07.286] [bmv2] [T] [thread 22929] [7.0] [cxt 0] link_monitor.p4(220) Primitive (bit<32>)standard_metadata.egress_port
[18:56:07.286] [bmv2] [T] [thread 22929] [7.0] [cxt 0] link_monitor.p4(220) Primitive byte_cnt_reg.read(byte_cnt, (bit<32>)standard_metadata.egress_port)
[18:56:07.286] [bmv2] [T] [thread 22929] [7.0] [cxt 0] Read register 'MyEgress.byte_cnt_reg' at index 0 read value 196
[18:56:07.286] [bmv2] [T] [thread 22929] [7.0] [cxt 0] link_monitor.p4(221) Primitive byte_cnt = byte_cnt + standard_metadata.packet_length
[18:56:07.286] [bmv2] [T] [thread 22929] [7.0] [cxt 0] link_monitor.p4(223) Condition "hdr.probe.isValid()" (node_9) is false
[18:56:07.286] [bmv2] [T] [thread 22929] [7.0] [cxt 0] Applying table 'tbl_link_monitor223_0'
[18:56:07.286] [bmv2] [D] [thread 22929] [7.0] [cxt 0] Looking up key:

[18:56:07.286] [bmv2] [D] [thread 22929] [7.0] [cxt 0] Table 'tbl_link_monitor223_0': miss
[18:56:07.286] [bmv2] [D] [thread 22929] [7.0] [cxt 0] Action entry is link_monitor223_0 - 
[18:56:07.286] [bmv2] [T] [thread 22929] [7.0] [cxt 0] Action link_monitor223_0
[18:56:07.286] [bmv2] [T] [thread 22929] [7.0] [cxt 0] link_monitor.p4(223) Primitive (hdr.probe.isValid()) ? 0 : byte_cnt
[18:56:07.286] [bmv2] [T] [thread 22929] [7.0] [cxt 0] Applying table 'tbl_link_monitor224'
[18:56:07.286] [bmv2] [D] [thread 22929] [7.0] [cxt 0] Looking up key:

[18:56:07.286] [bmv2] [D] [thread 22929] [7.0] [cxt 0] Table 'tbl_link_monitor224': miss
[18:56:07.286] [bmv2] [D] [thread 22929] [7.0] [cxt 0] Action entry is link_monitor224 - 
[18:56:07.286] [bmv2] [T] [thread 22929] [7.0] [cxt 0] Action link_monitor224
[18:56:07.286] [bmv2] [T] [thread 22929] [7.0] [cxt 0] link_monitor.p4(224) Primitive (bit<32>)standard_metadata.egress_port
[18:56:07.286] [bmv2] [T] [thread 22929] [7.0] [cxt 0] link_monitor.p4(224) Primitive byte_cnt_reg.write((bit<32>)standard_metadata.egress_port, new_byte_cnt)
[18:56:07.286] [bmv2] [T] [thread 22929] [7.0] [cxt 0] Wrote register 'MyEgress.byte_cnt_reg' at index 0 with value 392
[18:56:07.286] [bmv2] [T] [thread 22929] [7.0] [cxt 0] link_monitor.p4(226) Condition "hdr.probe.isValid()" (node_13) is false
[18:56:07.286] [bmv2] [D] [thread 22929] [7.0] [cxt 0] Pipeline 'egress': end
[18:56:07.286] [bmv2] [D] [thread 22929] [7.0] [cxt 0] Deparser 'deparser': start
[18:56:07.286] [bmv2] [T] [thread 22929] [7.0] [cxt 0] Skipping checksum 'cksum' update because condition not met
[18:56:07.286] [bmv2] [D] [thread 22929] [7.0] [cxt 0] Deparsing header 'ethernet'
[18:56:07.286] [bmv2] [D] [thread 22929] [7.0] [cxt 0] Deparser 'deparser': end
[18:56:07.287] [bmv2] [D] [thread 22933] [7.0] [cxt 0] Transmitting packet of size 196 out of port 0
[18:56:07.323] [bmv2] [D] [thread 22928] [8.0] [cxt 0] Processing packet received on port 2
[18:56:07.323] [bmv2] [D] [thread 22928] [8.0] [cxt 0] Parser 'parser': start
[18:56:07.323] [bmv2] [D] [thread 22928] [8.0] [cxt 0] Parser 'parser' entering state 'start'
[18:56:07.323] [bmv2] [D] [thread 22928] [8.0] [cxt 0] Extracting header 'ethernet'
[18:56:07.324] [bmv2] [D] [thread 22928] [8.0] [cxt 0] Parser state 'start': key is 86dd
[18:56:07.324] [bmv2] [T] [thread 22928] [8.0] [cxt 0] Bytes parsed: 14
[18:56:07.324] [bmv2] [D] [thread 22928] [8.0] [cxt 0] Parser 'parser': end
[18:56:07.324] [bmv2] [D] [thread 22928] [8.0] [cxt 0] Pipeline 'ingress': start
[18:56:07.324] [bmv2] [T] [thread 22928] [8.0] [cxt 0] link_monitor.p4(179) Condition "hdr.ipv4.isValid()" (node_2) is false
[18:56:07.324] [bmv2] [T] [thread 22928] [8.0] [cxt 0] link_monitor.p4(182) Condition "hdr.probe.isValid()" (node_4) is false
[18:56:07.324] [bmv2] [D] [thread 22928] [8.0] [cxt 0] Pipeline 'ingress': end
[18:56:07.324] [bmv2] [D] [thread 22928] [8.0] [cxt 0] Egress port is 0
[18:56:07.324] [bmv2] [D] [thread 22929] [8.0] [cxt 0] Pipeline 'egress': start
[18:56:07.324] [bmv2] [T] [thread 22929] [8.0] [cxt 0] Applying table 'tbl_link_monitor220'
[18:56:07.326] [bmv2] [D] [thread 22929] [8.0] [cxt 0] Looking up key:

[18:56:07.326] [bmv2] [D] [thread 22929] [8.0] [cxt 0] Table 'tbl_link_monitor220': miss
[18:56:07.326] [bmv2] [D] [thread 22929] [8.0] [cxt 0] Action entry is link_monitor220 - 
[18:56:07.326] [bmv2] [T] [thread 22929] [8.0] [cxt 0] Action link_monitor220
[18:56:07.326] [bmv2] [T] [thread 22929] [8.0] [cxt 0] link_monitor.p4(220) Primitive (bit<32>)standard_metadata.egress_port
[18:56:07.326] [bmv2] [T] [thread 22929] [8.0] [cxt 0] link_monitor.p4(220) Primitive byte_cnt_reg.read(byte_cnt, (bit<32>)standard_metadata.egress_port)
[18:56:07.326] [bmv2] [T] [thread 22929] [8.0] [cxt 0] Read register 'MyEgress.byte_cnt_reg' at index 0 read value 392
[18:56:07.326] [bmv2] [T] [thread 22929] [8.0] [cxt 0] link_monitor.p4(221) Primitive byte_cnt = byte_cnt + standard_metadata.packet_length
[18:56:07.326] [bmv2] [T] [thread 22929] [8.0] [cxt 0] link_monitor.p4(223) Condition "hdr.probe.isValid()" (node_9) is false
[18:56:07.326] [bmv2] [T] [thread 22929] [8.0] [cxt 0] Applying table 'tbl_link_monitor223_0'
[18:56:07.326] [bmv2] [D] [thread 22929] [8.0] [cxt 0] Looking up key:

[18:56:07.326] [bmv2] [D] [thread 22929] [8.0] [cxt 0] Table 'tbl_link_monitor223_0': miss
[18:56:07.326] [bmv2] [D] [thread 22929] [8.0] [cxt 0] Action entry is link_monitor223_0 - 
[18:56:07.326] [bmv2] [T] [thread 22929] [8.0] [cxt 0] Action link_monitor223_0
[18:56:07.326] [bmv2] [T] [thread 22929] [8.0] [cxt 0] link_monitor.p4(223) Primitive (hdr.probe.isValid()) ? 0 : byte_cnt
[18:56:07.326] [bmv2] [T] [thread 22929] [8.0] [cxt 0] Applying table 'tbl_link_monitor224'
[18:56:07.326] [bmv2] [D] [thread 22929] [8.0] [cxt 0] Looking up key:

[18:56:07.326] [bmv2] [D] [thread 22929] [8.0] [cxt 0] Table 'tbl_link_monitor224': miss
[18:56:07.326] [bmv2] [D] [thread 22929] [8.0] [cxt 0] Action entry is link_monitor224 - 
[18:56:07.326] [bmv2] [T] [thread 22929] [8.0] [cxt 0] Action link_monitor224
[18:56:07.326] [bmv2] [T] [thread 22929] [8.0] [cxt 0] link_monitor.p4(224) Primitive (bit<32>)standard_metadata.egress_port
[18:56:07.326] [bmv2] [T] [thread 22929] [8.0] [cxt 0] link_monitor.p4(224) Primitive byte_cnt_reg.write((bit<32>)standard_metadata.egress_port, new_byte_cnt)
[18:56:07.326] [bmv2] [T] [thread 22929] [8.0] [cxt 0] Wrote register 'MyEgress.byte_cnt_reg' at index 0 with value 462
[18:56:07.326] [bmv2] [T] [thread 22929] [8.0] [cxt 0] link_monitor.p4(226) Condition "hdr.probe.isValid()" (node_13) is false
[18:56:07.326] [bmv2] [D] [thread 22929] [8.0] [cxt 0] Pipeline 'egress': end
[18:56:07.326] [bmv2] [D] [thread 22929] [8.0] [cxt 0] Deparser 'deparser': start
[18:56:07.326] [bmv2] [T] [thread 22929] [8.0] [cxt 0] Skipping checksum 'cksum' update because condition not met
[18:56:07.326] [bmv2] [D] [thread 22929] [8.0] [cxt 0] Deparsing header 'ethernet'
[18:56:07.326] [bmv2] [D] [thread 22929] [8.0] [cxt 0] Deparser 'deparser': end
[18:56:07.326] [bmv2] [D] [thread 22933] [8.0] [cxt 0] Transmitting packet of size 70 out of port 0
[18:56:07.581] [bmv2] [D] [thread 22928] [9.0] [cxt 0] Processing packet received on port 1
[18:56:07.581] [bmv2] [D] [thread 22928] [9.0] [cxt 0] Parser 'parser': start
[18:56:07.581] [bmv2] [D] [thread 22928] [9.0] [cxt 0] Parser 'parser' entering state 'start'
[18:56:07.581] [bmv2] [D] [thread 22928] [9.0] [cxt 0] Extracting header 'ethernet'
[18:56:07.582] [bmv2] [D] [thread 22928] [9.0] [cxt 0] Parser state 'start': key is 86dd
[18:56:07.582] [bmv2] [T] [thread 22928] [9.0] [cxt 0] Bytes parsed: 14
[18:56:07.582] [bmv2] [D] [thread 22928] [9.0] [cxt 0] Parser 'parser': end
[18:56:07.582] [bmv2] [D] [thread 22928] [9.0] [cxt 0] Pipeline 'ingress': start
[18:56:07.582] [bmv2] [T] [thread 22928] [9.0] [cxt 0] link_monitor.p4(179) Condition "hdr.ipv4.isValid()" (node_2) is false
[18:56:07.582] [bmv2] [T] [thread 22928] [9.0] [cxt 0] link_monitor.p4(182) Condition "hdr.probe.isValid()" (node_4) is false
[18:56:07.582] [bmv2] [D] [thread 22928] [9.0] [cxt 0] Pipeline 'ingress': end
[18:56:07.582] [bmv2] [D] [thread 22928] [9.0] [cxt 0] Egress port is 0
[18:56:07.582] [bmv2] [D] [thread 22929] [9.0] [cxt 0] Pipeline 'egress': start
[18:56:07.582] [bmv2] [T] [thread 22929] [9.0] [cxt 0] Applying table 'tbl_link_monitor220'
[18:56:07.582] [bmv2] [D] [thread 22929] [9.0] [cxt 0] Looking up key:

[18:56:07.582] [bmv2] [D] [thread 22929] [9.0] [cxt 0] Table 'tbl_link_monitor220': miss
[18:56:07.582] [bmv2] [D] [thread 22929] [9.0] [cxt 0] Action entry is link_monitor220 - 
[18:56:07.582] [bmv2] [T] [thread 22929] [9.0] [cxt 0] Action link_monitor220
[18:56:07.582] [bmv2] [T] [thread 22929] [9.0] [cxt 0] link_monitor.p4(220) Primitive (bit<32>)standard_metadata.egress_port
[18:56:07.582] [bmv2] [T] [thread 22929] [9.0] [cxt 0] link_monitor.p4(220) Primitive byte_cnt_reg.read(byte_cnt, (bit<32>)standard_metadata.egress_port)
[18:56:07.582] [bmv2] [T] [thread 22929] [9.0] [cxt 0] Read register 'MyEgress.byte_cnt_reg' at index 0 read value 462
[18:56:07.582] [bmv2] [T] [thread 22929] [9.0] [cxt 0] link_monitor.p4(221) Primitive byte_cnt = byte_cnt + standard_metadata.packet_length
[18:56:07.582] [bmv2] [T] [thread 22929] [9.0] [cxt 0] link_monitor.p4(223) Condition "hdr.probe.isValid()" (node_9) is false
[18:56:07.582] [bmv2] [T] [thread 22929] [9.0] [cxt 0] Applying table 'tbl_link_monitor223_0'
[18:56:07.582] [bmv2] [D] [thread 22929] [9.0] [cxt 0] Looking up key:

[18:56:07.582] [bmv2] [D] [thread 22929] [9.0] [cxt 0] Table 'tbl_link_monitor223_0': miss
[18:56:07.582] [bmv2] [D] [thread 22929] [9.0] [cxt 0] Action entry is link_monitor223_0 - 
[18:56:07.582] [bmv2] [T] [thread 22929] [9.0] [cxt 0] Action link_monitor223_0
[18:56:07.582] [bmv2] [T] [thread 22929] [9.0] [cxt 0] link_monitor.p4(223) Primitive (hdr.probe.isValid()) ? 0 : byte_cnt
[18:56:07.582] [bmv2] [T] [thread 22929] [9.0] [cxt 0] Applying table 'tbl_link_monitor224'
[18:56:07.582] [bmv2] [D] [thread 22929] [9.0] [cxt 0] Looking up key:

[18:56:07.582] [bmv2] [D] [thread 22929] [9.0] [cxt 0] Table 'tbl_link_monitor224': miss
[18:56:07.582] [bmv2] [D] [thread 22929] [9.0] [cxt 0] Action entry is link_monitor224 - 
[18:56:07.582] [bmv2] [T] [thread 22929] [9.0] [cxt 0] Action link_monitor224
[18:56:07.582] [bmv2] [T] [thread 22929] [9.0] [cxt 0] link_monitor.p4(224) Primitive (bit<32>)standard_metadata.egress_port
[18:56:07.582] [bmv2] [T] [thread 22929] [9.0] [cxt 0] link_monitor.p4(224) Primitive byte_cnt_reg.write((bit<32>)standard_metadata.egress_port, new_byte_cnt)
[18:56:07.582] [bmv2] [T] [thread 22929] [9.0] [cxt 0] Wrote register 'MyEgress.byte_cnt_reg' at index 0 with value 532
[18:56:07.582] [bmv2] [T] [thread 22929] [9.0] [cxt 0] link_monitor.p4(226) Condition "hdr.probe.isValid()" (node_13) is false
[18:56:07.582] [bmv2] [D] [thread 22929] [9.0] [cxt 0] Pipeline 'egress': end
[18:56:07.582] [bmv2] [D] [thread 22929] [9.0] [cxt 0] Deparser 'deparser': start
[18:56:07.582] [bmv2] [T] [thread 22929] [9.0] [cxt 0] Skipping checksum 'cksum' update because condition not met
[18:56:07.582] [bmv2] [D] [thread 22929] [9.0] [cxt 0] Deparsing header 'ethernet'
[18:56:07.582] [bmv2] [D] [thread 22929] [9.0] [cxt 0] Deparser 'deparser': end
[18:56:07.583] [bmv2] [D] [thread 22933] [9.0] [cxt 0] Transmitting packet of size 70 out of port 0
[18:56:07.667] [bmv2] [D] [thread 22928] [10.0] [cxt 0] Processing packet received on port 1
[18:56:07.667] [bmv2] [D] [thread 22928] [10.0] [cxt 0] Parser 'parser': start
[18:56:07.667] [bmv2] [D] [thread 22928] [10.0] [cxt 0] Parser 'parser' entering state 'start'
[18:56:07.667] [bmv2] [D] [thread 22928] [10.0] [cxt 0] Extracting header 'ethernet'
[18:56:07.667] [bmv2] [D] [thread 22928] [10.0] [cxt 0] Parser state 'start': key is 86dd
[18:56:07.667] [bmv2] [T] [thread 22928] [10.0] [cxt 0] Bytes parsed: 14
[18:56:07.667] [bmv2] [D] [thread 22928] [10.0] [cxt 0] Parser 'parser': end
[18:56:07.667] [bmv2] [D] [thread 22928] [10.0] [cxt 0] Pipeline 'ingress': start
[18:56:07.667] [bmv2] [T] [thread 22928] [10.0] [cxt 0] link_monitor.p4(179) Condition "hdr.ipv4.isValid()" (node_2) is false
[18:56:07.667] [bmv2] [T] [thread 22928] [10.0] [cxt 0] link_monitor.p4(182) Condition "hdr.probe.isValid()" (node_4) is false
[18:56:07.667] [bmv2] [D] [thread 22928] [10.0] [cxt 0] Pipeline 'ingress': end
[18:56:07.668] [bmv2] [D] [thread 22928] [10.0] [cxt 0] Egress port is 0
[18:56:07.668] [bmv2] [D] [thread 22929] [10.0] [cxt 0] Pipeline 'egress': start
[18:56:07.668] [bmv2] [T] [thread 22929] [10.0] [cxt 0] Applying table 'tbl_link_monitor220'
[18:56:07.668] [bmv2] [D] [thread 22929] [10.0] [cxt 0] Looking up key:

[18:56:07.668] [bmv2] [D] [thread 22929] [10.0] [cxt 0] Table 'tbl_link_monitor220': miss
[18:56:07.668] [bmv2] [D] [thread 22929] [10.0] [cxt 0] Action entry is link_monitor220 - 
[18:56:07.668] [bmv2] [T] [thread 22929] [10.0] [cxt 0] Action link_monitor220
[18:56:07.668] [bmv2] [T] [thread 22929] [10.0] [cxt 0] link_monitor.p4(220) Primitive (bit<32>)standard_metadata.egress_port
[18:56:07.668] [bmv2] [T] [thread 22929] [10.0] [cxt 0] link_monitor.p4(220) Primitive byte_cnt_reg.read(byte_cnt, (bit<32>)standard_metadata.egress_port)
[18:56:07.668] [bmv2] [T] [thread 22929] [10.0] [cxt 0] Read register 'MyEgress.byte_cnt_reg' at index 0 read value 532
[18:56:07.668] [bmv2] [T] [thread 22929] [10.0] [cxt 0] link_monitor.p4(221) Primitive byte_cnt = byte_cnt + standard_metadata.packet_length
[18:56:07.668] [bmv2] [T] [thread 22929] [10.0] [cxt 0] link_monitor.p4(223) Condition "hdr.probe.isValid()" (node_9) is false
[18:56:07.668] [bmv2] [T] [thread 22929] [10.0] [cxt 0] Applying table 'tbl_link_monitor223_0'
[18:56:07.668] [bmv2] [D] [thread 22929] [10.0] [cxt 0] Looking up key:

[18:56:07.668] [bmv2] [D] [thread 22929] [10.0] [cxt 0] Table 'tbl_link_monitor223_0': miss
[18:56:07.668] [bmv2] [D] [thread 22929] [10.0] [cxt 0] Action entry is link_monitor223_0 - 
[18:56:07.668] [bmv2] [T] [thread 22929] [10.0] [cxt 0] Action link_monitor223_0
[18:56:07.668] [bmv2] [T] [thread 22929] [10.0] [cxt 0] link_monitor.p4(223) Primitive (hdr.probe.isValid()) ? 0 : byte_cnt
[18:56:07.668] [bmv2] [T] [thread 22929] [10.0] [cxt 0] Applying table 'tbl_link_monitor224'
[18:56:07.668] [bmv2] [D] [thread 22929] [10.0] [cxt 0] Looking up key:

[18:56:07.669] [bmv2] [D] [thread 22929] [10.0] [cxt 0] Table 'tbl_link_monitor224': miss
[18:56:07.669] [bmv2] [D] [thread 22929] [10.0] [cxt 0] Action entry is link_monitor224 - 
[18:56:07.669] [bmv2] [T] [thread 22929] [10.0] [cxt 0] Action link_monitor224
[18:56:07.669] [bmv2] [T] [thread 22929] [10.0] [cxt 0] link_monitor.p4(224) Primitive (bit<32>)standard_metadata.egress_port
[18:56:07.669] [bmv2] [T] [thread 22929] [10.0] [cxt 0] link_monitor.p4(224) Primitive byte_cnt_reg.write((bit<32>)standard_metadata.egress_port, new_byte_cnt)
[18:56:07.669] [bmv2] [T] [thread 22929] [10.0] [cxt 0] Wrote register 'MyEgress.byte_cnt_reg' at index 0 with value 728
[18:56:07.669] [bmv2] [T] [thread 22929] [10.0] [cxt 0] link_monitor.p4(226) Condition "hdr.probe.isValid()" (node_13) is false
[18:56:07.669] [bmv2] [D] [thread 22929] [10.0] [cxt 0] Pipeline 'egress': end
[18:56:07.669] [bmv2] [D] [thread 22929] [10.0] [cxt 0] Deparser 'deparser': start
[18:56:07.669] [bmv2] [T] [thread 22929] [10.0] [cxt 0] Skipping checksum 'cksum' update because condition not met
[18:56:07.669] [bmv2] [D] [thread 22929] [10.0] [cxt 0] Deparsing header 'ethernet'
[18:56:07.669] [bmv2] [D] [thread 22929] [10.0] [cxt 0] Deparser 'deparser': end
[18:56:07.669] [bmv2] [D] [thread 22933] [10.0] [cxt 0] Transmitting packet of size 196 out of port 0
[18:56:07.844] [bmv2] [D] [thread 22928] [11.0] [cxt 0] Processing packet received on port 2
[18:56:07.844] [bmv2] [D] [thread 22928] [11.0] [cxt 0] Parser 'parser': start
[18:56:07.844] [bmv2] [D] [thread 22928] [11.0] [cxt 0] Parser 'parser' entering state 'start'
[18:56:07.844] [bmv2] [D] [thread 22928] [11.0] [cxt 0] Extracting header 'ethernet'
[18:56:07.844] [bmv2] [D] [thread 22928] [11.0] [cxt 0] Parser state 'start': key is 86dd
[18:56:07.844] [bmv2] [T] [thread 22928] [11.0] [cxt 0] Bytes parsed: 14
[18:56:07.844] [bmv2] [D] [thread 22928] [11.0] [cxt 0] Parser 'parser': end
[18:56:07.844] [bmv2] [D] [thread 22928] [11.0] [cxt 0] Pipeline 'ingress': start
[18:56:07.844] [bmv2] [T] [thread 22928] [11.0] [cxt 0] link_monitor.p4(179) Condition "hdr.ipv4.isValid()" (node_2) is false
[18:56:07.844] [bmv2] [T] [thread 22928] [11.0] [cxt 0] link_monitor.p4(182) Condition "hdr.probe.isValid()" (node_4) is false
[18:56:07.844] [bmv2] [D] [thread 22928] [11.0] [cxt 0] Pipeline 'ingress': end
[18:56:07.844] [bmv2] [D] [thread 22928] [11.0] [cxt 0] Egress port is 0
[18:56:07.844] [bmv2] [D] [thread 22929] [11.0] [cxt 0] Pipeline 'egress': start
[18:56:07.844] [bmv2] [T] [thread 22929] [11.0] [cxt 0] Applying table 'tbl_link_monitor220'
[18:56:07.844] [bmv2] [D] [thread 22929] [11.0] [cxt 0] Looking up key:

[18:56:07.844] [bmv2] [D] [thread 22929] [11.0] [cxt 0] Table 'tbl_link_monitor220': miss
[18:56:07.844] [bmv2] [D] [thread 22929] [11.0] [cxt 0] Action entry is link_monitor220 - 
[18:56:07.844] [bmv2] [T] [thread 22929] [11.0] [cxt 0] Action link_monitor220
[18:56:07.844] [bmv2] [T] [thread 22929] [11.0] [cxt 0] link_monitor.p4(220) Primitive (bit<32>)standard_metadata.egress_port
[18:56:07.844] [bmv2] [T] [thread 22929] [11.0] [cxt 0] link_monitor.p4(220) Primitive byte_cnt_reg.read(byte_cnt, (bit<32>)standard_metadata.egress_port)
[18:56:07.844] [bmv2] [T] [thread 22929] [11.0] [cxt 0] Read register 'MyEgress.byte_cnt_reg' at index 0 read value 728
[18:56:07.844] [bmv2] [T] [thread 22929] [11.0] [cxt 0] link_monitor.p4(221) Primitive byte_cnt = byte_cnt + standard_metadata.packet_length
[18:56:07.844] [bmv2] [T] [thread 22929] [11.0] [cxt 0] link_monitor.p4(223) Condition "hdr.probe.isValid()" (node_9) is false
[18:56:07.844] [bmv2] [T] [thread 22929] [11.0] [cxt 0] Applying table 'tbl_link_monitor223_0'
[18:56:07.844] [bmv2] [D] [thread 22929] [11.0] [cxt 0] Looking up key:

[18:56:07.844] [bmv2] [D] [thread 22929] [11.0] [cxt 0] Table 'tbl_link_monitor223_0': miss
[18:56:07.844] [bmv2] [D] [thread 22929] [11.0] [cxt 0] Action entry is link_monitor223_0 - 
[18:56:07.844] [bmv2] [T] [thread 22929] [11.0] [cxt 0] Action link_monitor223_0
[18:56:07.844] [bmv2] [T] [thread 22929] [11.0] [cxt 0] link_monitor.p4(223) Primitive (hdr.probe.isValid()) ? 0 : byte_cnt
[18:56:07.844] [bmv2] [T] [thread 22929] [11.0] [cxt 0] Applying table 'tbl_link_monitor224'
[18:56:07.844] [bmv2] [D] [thread 22929] [11.0] [cxt 0] Looking up key:

[18:56:07.844] [bmv2] [D] [thread 22929] [11.0] [cxt 0] Table 'tbl_link_monitor224': miss
[18:56:07.844] [bmv2] [D] [thread 22929] [11.0] [cxt 0] Action entry is link_monitor224 - 
[18:56:07.844] [bmv2] [T] [thread 22929] [11.0] [cxt 0] Action link_monitor224
[18:56:07.844] [bmv2] [T] [thread 22929] [11.0] [cxt 0] link_monitor.p4(224) Primitive (bit<32>)standard_metadata.egress_port
[18:56:07.844] [bmv2] [T] [thread 22929] [11.0] [cxt 0] link_monitor.p4(224) Primitive byte_cnt_reg.write((bit<32>)standard_metadata.egress_port, new_byte_cnt)
[18:56:07.844] [bmv2] [T] [thread 22929] [11.0] [cxt 0] Wrote register 'MyEgress.byte_cnt_reg' at index 0 with value 798
[18:56:07.844] [bmv2] [T] [thread 22929] [11.0] [cxt 0] link_monitor.p4(226) Condition "hdr.probe.isValid()" (node_13) is false
[18:56:07.845] [bmv2] [D] [thread 22929] [11.0] [cxt 0] Pipeline 'egress': end
[18:56:07.845] [bmv2] [D] [thread 22929] [11.0] [cxt 0] Deparser 'deparser': start
[18:56:07.845] [bmv2] [T] [thread 22929] [11.0] [cxt 0] Skipping checksum 'cksum' update because condition not met
[18:56:07.845] [bmv2] [D] [thread 22929] [11.0] [cxt 0] Deparsing header 'ethernet'
[18:56:07.845] [bmv2] [D] [thread 22929] [11.0] [cxt 0] Deparser 'deparser': end
[18:56:07.845] [bmv2] [D] [thread 22933] [11.0] [cxt 0] Transmitting packet of size 70 out of port 0
[18:56:07.984] [bmv2] [D] [thread 22928] [12.0] [cxt 0] Processing packet received on port 1
[18:56:07.987] [bmv2] [D] [thread 22928] [12.0] [cxt 0] Parser 'parser': start
[18:56:07.987] [bmv2] [D] [thread 22928] [12.0] [cxt 0] Parser 'parser' entering state 'start'
[18:56:07.987] [bmv2] [D] [thread 22928] [12.0] [cxt 0] Extracting header 'ethernet'
[18:56:07.987] [bmv2] [D] [thread 22928] [12.0] [cxt 0] Parser state 'start': key is 86dd
[18:56:07.987] [bmv2] [T] [thread 22928] [12.0] [cxt 0] Bytes parsed: 14
[18:56:07.987] [bmv2] [D] [thread 22928] [12.0] [cxt 0] Parser 'parser': end
[18:56:07.987] [bmv2] [D] [thread 22928] [12.0] [cxt 0] Pipeline 'ingress': start
[18:56:07.987] [bmv2] [T] [thread 22928] [12.0] [cxt 0] link_monitor.p4(179) Condition "hdr.ipv4.isValid()" (node_2) is false
[18:56:07.987] [bmv2] [T] [thread 22928] [12.0] [cxt 0] link_monitor.p4(182) Condition "hdr.probe.isValid()" (node_4) is false
[18:56:07.987] [bmv2] [D] [thread 22928] [12.0] [cxt 0] Pipeline 'ingress': end
[18:56:07.987] [bmv2] [D] [thread 22928] [12.0] [cxt 0] Egress port is 0
[18:56:07.987] [bmv2] [D] [thread 22929] [12.0] [cxt 0] Pipeline 'egress': start
[18:56:07.987] [bmv2] [T] [thread 22929] [12.0] [cxt 0] Applying table 'tbl_link_monitor220'
[18:56:07.987] [bmv2] [D] [thread 22929] [12.0] [cxt 0] Looking up key:

[18:56:07.987] [bmv2] [D] [thread 22929] [12.0] [cxt 0] Table 'tbl_link_monitor220': miss
[18:56:07.987] [bmv2] [D] [thread 22929] [12.0] [cxt 0] Action entry is link_monitor220 - 
[18:56:07.988] [bmv2] [T] [thread 22929] [12.0] [cxt 0] Action link_monitor220
[18:56:07.988] [bmv2] [T] [thread 22929] [12.0] [cxt 0] link_monitor.p4(220) Primitive (bit<32>)standard_metadata.egress_port
[18:56:07.988] [bmv2] [T] [thread 22929] [12.0] [cxt 0] link_monitor.p4(220) Primitive byte_cnt_reg.read(byte_cnt, (bit<32>)standard_metadata.egress_port)
[18:56:07.988] [bmv2] [T] [thread 22929] [12.0] [cxt 0] Read register 'MyEgress.byte_cnt_reg' at index 0 read value 798
[18:56:07.988] [bmv2] [T] [thread 22929] [12.0] [cxt 0] link_monitor.p4(221) Primitive byte_cnt = byte_cnt + standard_metadata.packet_length
[18:56:07.988] [bmv2] [T] [thread 22929] [12.0] [cxt 0] link_monitor.p4(223) Condition "hdr.probe.isValid()" (node_9) is false
[18:56:07.988] [bmv2] [T] [thread 22929] [12.0] [cxt 0] Applying table 'tbl_link_monitor223_0'
[18:56:07.988] [bmv2] [D] [thread 22929] [12.0] [cxt 0] Looking up key:

[18:56:07.988] [bmv2] [D] [thread 22929] [12.0] [cxt 0] Table 'tbl_link_monitor223_0': miss
[18:56:07.988] [bmv2] [D] [thread 22929] [12.0] [cxt 0] Action entry is link_monitor223_0 - 
[18:56:07.988] [bmv2] [T] [thread 22929] [12.0] [cxt 0] Action link_monitor223_0
[18:56:07.988] [bmv2] [T] [thread 22929] [12.0] [cxt 0] link_monitor.p4(223) Primitive (hdr.probe.isValid()) ? 0 : byte_cnt
[18:56:07.988] [bmv2] [T] [thread 22929] [12.0] [cxt 0] Applying table 'tbl_link_monitor224'
[18:56:07.988] [bmv2] [D] [thread 22929] [12.0] [cxt 0] Looking up key:

[18:56:07.988] [bmv2] [D] [thread 22929] [12.0] [cxt 0] Table 'tbl_link_monitor224': miss
[18:56:07.988] [bmv2] [D] [thread 22929] [12.0] [cxt 0] Action entry is link_monitor224 - 
[18:56:07.988] [bmv2] [T] [thread 22929] [12.0] [cxt 0] Action link_monitor224
[18:56:07.988] [bmv2] [T] [thread 22929] [12.0] [cxt 0] link_monitor.p4(224) Primitive (bit<32>)standard_metadata.egress_port
[18:56:07.988] [bmv2] [T] [thread 22929] [12.0] [cxt 0] link_monitor.p4(224) Primitive byte_cnt_reg.write((bit<32>)standard_metadata.egress_port, new_byte_cnt)
[18:56:07.988] [bmv2] [T] [thread 22929] [12.0] [cxt 0] Wrote register 'MyEgress.byte_cnt_reg' at index 0 with value 994
[18:56:07.988] [bmv2] [T] [thread 22929] [12.0] [cxt 0] link_monitor.p4(226) Condition "hdr.probe.isValid()" (node_13) is false
[18:56:07.988] [bmv2] [D] [thread 22929] [12.0] [cxt 0] Pipeline 'egress': end
[18:56:07.988] [bmv2] [D] [thread 22929] [12.0] [cxt 0] Deparser 'deparser': start
[18:56:07.988] [bmv2] [T] [thread 22929] [12.0] [cxt 0] Skipping checksum 'cksum' update because condition not met
[18:56:07.988] [bmv2] [D] [thread 22929] [12.0] [cxt 0] Deparsing header 'ethernet'
[18:56:07.988] [bmv2] [D] [thread 22929] [12.0] [cxt 0] Deparser 'deparser': end
[18:56:07.988] [bmv2] [D] [thread 22933] [12.0] [cxt 0] Transmitting packet of size 196 out of port 0
[18:56:08.361] [bmv2] [D] [thread 22928] [13.0] [cxt 0] Processing packet received on port 1
[18:56:08.361] [bmv2] [D] [thread 22928] [13.0] [cxt 0] Parser 'parser': start
[18:56:08.361] [bmv2] [D] [thread 22928] [13.0] [cxt 0] Parser 'parser' entering state 'start'
[18:56:08.361] [bmv2] [D] [thread 22928] [13.0] [cxt 0] Extracting header 'ethernet'
[18:56:08.361] [bmv2] [D] [thread 22928] [13.0] [cxt 0] Parser state 'start': key is 86dd
[18:56:08.361] [bmv2] [T] [thread 22928] [13.0] [cxt 0] Bytes parsed: 14
[18:56:08.361] [bmv2] [D] [thread 22928] [13.0] [cxt 0] Parser 'parser': end
[18:56:08.361] [bmv2] [D] [thread 22928] [13.0] [cxt 0] Pipeline 'ingress': start
[18:56:08.361] [bmv2] [T] [thread 22928] [13.0] [cxt 0] link_monitor.p4(179) Condition "hdr.ipv4.isValid()" (node_2) is false
[18:56:08.361] [bmv2] [T] [thread 22928] [13.0] [cxt 0] link_monitor.p4(182) Condition "hdr.probe.isValid()" (node_4) is false
[18:56:08.361] [bmv2] [D] [thread 22928] [13.0] [cxt 0] Pipeline 'ingress': end
[18:56:08.361] [bmv2] [D] [thread 22928] [13.0] [cxt 0] Egress port is 0
[18:56:08.361] [bmv2] [D] [thread 22929] [13.0] [cxt 0] Pipeline 'egress': start
[18:56:08.361] [bmv2] [T] [thread 22929] [13.0] [cxt 0] Applying table 'tbl_link_monitor220'
[18:56:08.361] [bmv2] [D] [thread 22929] [13.0] [cxt 0] Looking up key:

[18:56:08.361] [bmv2] [D] [thread 22929] [13.0] [cxt 0] Table 'tbl_link_monitor220': miss
[18:56:08.361] [bmv2] [D] [thread 22929] [13.0] [cxt 0] Action entry is link_monitor220 - 
[18:56:08.361] [bmv2] [T] [thread 22929] [13.0] [cxt 0] Action link_monitor220
[18:56:08.361] [bmv2] [T] [thread 22929] [13.0] [cxt 0] link_monitor.p4(220) Primitive (bit<32>)standard_metadata.egress_port
[18:56:08.361] [bmv2] [T] [thread 22929] [13.0] [cxt 0] link_monitor.p4(220) Primitive byte_cnt_reg.read(byte_cnt, (bit<32>)standard_metadata.egress_port)
[18:56:08.361] [bmv2] [T] [thread 22929] [13.0] [cxt 0] Read register 'MyEgress.byte_cnt_reg' at index 0 read value 994
[18:56:08.361] [bmv2] [T] [thread 22929] [13.0] [cxt 0] link_monitor.p4(221) Primitive byte_cnt = byte_cnt + standard_metadata.packet_length
[18:56:08.361] [bmv2] [T] [thread 22929] [13.0] [cxt 0] link_monitor.p4(223) Condition "hdr.probe.isValid()" (node_9) is false
[18:56:08.361] [bmv2] [T] [thread 22929] [13.0] [cxt 0] Applying table 'tbl_link_monitor223_0'
[18:56:08.361] [bmv2] [D] [thread 22929] [13.0] [cxt 0] Looking up key:

[18:56:08.361] [bmv2] [D] [thread 22929] [13.0] [cxt 0] Table 'tbl_link_monitor223_0': miss
[18:56:08.361] [bmv2] [D] [thread 22929] [13.0] [cxt 0] Action entry is link_monitor223_0 - 
[18:56:08.361] [bmv2] [T] [thread 22929] [13.0] [cxt 0] Action link_monitor223_0
[18:56:08.361] [bmv2] [T] [thread 22929] [13.0] [cxt 0] link_monitor.p4(223) Primitive (hdr.probe.isValid()) ? 0 : byte_cnt
[18:56:08.361] [bmv2] [T] [thread 22929] [13.0] [cxt 0] Applying table 'tbl_link_monitor224'
[18:56:08.361] [bmv2] [D] [thread 22929] [13.0] [cxt 0] Looking up key:

[18:56:08.361] [bmv2] [D] [thread 22929] [13.0] [cxt 0] Table 'tbl_link_monitor224': miss
[18:56:08.362] [bmv2] [D] [thread 22929] [13.0] [cxt 0] Action entry is link_monitor224 - 
[18:56:08.362] [bmv2] [T] [thread 22929] [13.0] [cxt 0] Action link_monitor224
[18:56:08.362] [bmv2] [T] [thread 22929] [13.0] [cxt 0] link_monitor.p4(224) Primitive (bit<32>)standard_metadata.egress_port
[18:56:08.362] [bmv2] [T] [thread 22929] [13.0] [cxt 0] link_monitor.p4(224) Primitive byte_cnt_reg.write((bit<32>)standard_metadata.egress_port, new_byte_cnt)
[18:56:08.362] [bmv2] [T] [thread 22929] [13.0] [cxt 0] Wrote register 'MyEgress.byte_cnt_reg' at index 0 with value 1064
[18:56:08.362] [bmv2] [T] [thread 22929] [13.0] [cxt 0] link_monitor.p4(226) Condition "hdr.probe.isValid()" (node_13) is false
[18:56:08.362] [bmv2] [D] [thread 22929] [13.0] [cxt 0] Pipeline 'egress': end
[18:56:08.362] [bmv2] [D] [thread 22929] [13.0] [cxt 0] Deparser 'deparser': start
[18:56:08.362] [bmv2] [T] [thread 22929] [13.0] [cxt 0] Skipping checksum 'cksum' update because condition not met
[18:56:08.362] [bmv2] [D] [thread 22929] [13.0] [cxt 0] Deparsing header 'ethernet'
[18:56:08.363] [bmv2] [D] [thread 22929] [13.0] [cxt 0] Deparser 'deparser': end
[18:56:08.363] [bmv2] [D] [thread 22933] [13.0] [cxt 0] Transmitting packet of size 70 out of port 0
