Calling target program-options parser
[18:56:05.303] [bmv2] [D] [thread 22938] Set default default entry for table 'MyIngress.ipv4_lpm': MyIngress.drop - 
[18:56:05.303] [bmv2] [D] [thread 22938] Set default default entry for table 'tbl_link_monitor183': link_monitor183 - 
[18:56:05.321] [bmv2] [D] [thread 22938] Set default default entry for table 'tbl_link_monitor220': link_monitor220 - 
[18:56:05.321] [bmv2] [D] [thread 22938] Set default default entry for table 'tbl_link_monitor223': link_monitor223 - 
[18:56:05.321] [bmv2] [D] [thread 22938] Set default default entry for table 'tbl_link_monitor223_0': link_monitor223_0 - 
[18:56:05.321] [bmv2] [D] [thread 22938] Set default default entry for table 'tbl_link_monitor224': link_monitor224 - 
[18:56:05.321] [bmv2] [D] [thread 22938] Set default default entry for table 'tbl_link_monitor228': link_monitor228 - 
[18:56:05.321] [bmv2] [D] [thread 22938] Set default default entry for table 'tbl_link_monitor231': link_monitor231 - 
[18:56:05.321] [bmv2] [D] [thread 22938] Set default default entry for table 'tbl_link_monitor234': link_monitor234 - 
[18:56:05.321] [bmv2] [D] [thread 22938] Set default default entry for table 'MyEgress.swid': NoAction - 
[18:56:05.321] [bmv2] [D] [thread 22938] Set default default entry for table 'tbl_link_monitor239': link_monitor239 - 
Adding interface s4-eth1 as port 1
[18:56:05.324] [bmv2] [D] [thread 22938] Adding interface s4-eth1 as port 1
Adding interface s4-eth2 as port 2
[18:56:05.416] [bmv2] [D] [thread 22938] Adding interface s4-eth2 as port 2
Server listening on 0.0.0.0:50054
[18:56:05.488] [bmv2] [I] [thread 22938] Starting Thrift server on port 9093
[18:56:05.494] [bmv2] [I] [thread 22938] Thrift server was started
[18:56:05.512] [bmv2] [D] [thread 22953] [0.0] [cxt 0] Processing packet received on port 2
[18:56:05.512] [bmv2] [D] [thread 22953] [0.0] [cxt 0] Parser 'parser': start
[18:56:05.512] [bmv2] [D] [thread 22953] [0.0] [cxt 0] Parser 'parser' entering state 'start'
[18:56:05.512] [bmv2] [D] [thread 22953] [0.0] [cxt 0] Extracting header 'ethernet'
[18:56:05.512] [bmv2] [D] [thread 22953] [0.0] [cxt 0] Parser state 'start': key is 86dd
[18:56:05.512] [bmv2] [T] [thread 22953] [0.0] [cxt 0] Bytes parsed: 14
[18:56:05.512] [bmv2] [D] [thread 22953] [0.0] [cxt 0] Parser 'parser': end
[18:56:05.512] [bmv2] [D] [thread 22953] [0.0] [cxt 0] Pipeline 'ingress': start
[18:56:05.512] [bmv2] [T] [thread 22953] [0.0] [cxt 0] link_monitor.p4(179) Condition "hdr.ipv4.isValid()" (node_2) is false
[18:56:05.512] [bmv2] [T] [thread 22953] [0.0] [cxt 0] link_monitor.p4(182) Condition "hdr.probe.isValid()" (node_4) is false
[18:56:05.513] [bmv2] [D] [thread 22953] [0.0] [cxt 0] Pipeline 'ingress': end
[18:56:05.513] [bmv2] [D] [thread 22953] [0.0] [cxt 0] Egress port is 0
[18:56:05.513] [bmv2] [D] [thread 22954] [0.0] [cxt 0] Pipeline 'egress': start
[18:56:05.513] [bmv2] [T] [thread 22954] [0.0] [cxt 0] Applying table 'tbl_link_monitor220'
[18:56:05.513] [bmv2] [D] [thread 22954] [0.0] [cxt 0] Looking up key:

[18:56:05.513] [bmv2] [D] [thread 22954] [0.0] [cxt 0] Table 'tbl_link_monitor220': miss
[18:56:05.513] [bmv2] [D] [thread 22954] [0.0] [cxt 0] Action entry is link_monitor220 - 
[18:56:05.513] [bmv2] [T] [thread 22954] [0.0] [cxt 0] Action link_monitor220
[18:56:05.513] [bmv2] [T] [thread 22954] [0.0] [cxt 0] link_monitor.p4(220) Primitive (bit<32>)standard_metadata.egress_port
[18:56:05.513] [bmv2] [T] [thread 22954] [0.0] [cxt 0] link_monitor.p4(220) Primitive byte_cnt_reg.read(byte_cnt, (bit<32>)standard_metadata.egress_port)
[18:56:05.513] [bmv2] [T] [thread 22954] [0.0] [cxt 0] Read register 'MyEgress.byte_cnt_reg' at index 0 read value 0
[18:56:05.513] [bmv2] [T] [thread 22954] [0.0] [cxt 0] link_monitor.p4(221) Primitive byte_cnt = byte_cnt + standard_metadata.packet_length
[18:56:05.513] [bmv2] [T] [thread 22954] [0.0] [cxt 0] link_monitor.p4(223) Condition "hdr.probe.isValid()" (node_9) is false
[18:56:05.513] [bmv2] [T] [thread 22954] [0.0] [cxt 0] Applying table 'tbl_link_monitor223_0'
[18:56:05.513] [bmv2] [D] [thread 22954] [0.0] [cxt 0] Looking up key:

[18:56:05.513] [bmv2] [D] [thread 22954] [0.0] [cxt 0] Table 'tbl_link_monitor223_0': miss
[18:56:05.513] [bmv2] [D] [thread 22954] [0.0] [cxt 0] Action entry is link_monitor223_0 - 
[18:56:05.513] [bmv2] [T] [thread 22954] [0.0] [cxt 0] Action link_monitor223_0
[18:56:05.513] [bmv2] [T] [thread 22954] [0.0] [cxt 0] link_monitor.p4(223) Primitive (hdr.probe.isValid()) ? 0 : byte_cnt
[18:56:05.513] [bmv2] [T] [thread 22954] [0.0] [cxt 0] Applying table 'tbl_link_monitor224'
[18:56:05.513] [bmv2] [D] [thread 22954] [0.0] [cxt 0] Looking up key:

[18:56:05.513] [bmv2] [D] [thread 22954] [0.0] [cxt 0] Table 'tbl_link_monitor224': miss
[18:56:05.513] [bmv2] [D] [thread 22954] [0.0] [cxt 0] Action entry is link_monitor224 - 
[18:56:05.513] [bmv2] [T] [thread 22954] [0.0] [cxt 0] Action link_monitor224
[18:56:05.513] [bmv2] [T] [thread 22954] [0.0] [cxt 0] link_monitor.p4(224) Primitive (bit<32>)standard_metadata.egress_port
[18:56:05.513] [bmv2] [T] [thread 22954] [0.0] [cxt 0] link_monitor.p4(224) Primitive byte_cnt_reg.write((bit<32>)standard_metadata.egress_port, new_byte_cnt)
[18:56:05.513] [bmv2] [T] [thread 22954] [0.0] [cxt 0] Wrote register 'MyEgress.byte_cnt_reg' at index 0 with value 196
[18:56:05.513] [bmv2] [T] [thread 22954] [0.0] [cxt 0] link_monitor.p4(226) Condition "hdr.probe.isValid()" (node_13) is false
[18:56:05.513] [bmv2] [D] [thread 22954] [0.0] [cxt 0] Pipeline 'egress': end
[18:56:05.513] [bmv2] [D] [thread 22954] [0.0] [cxt 0] Deparser 'deparser': start
[18:56:05.513] [bmv2] [T] [thread 22954] [0.0] [cxt 0] Skipping checksum 'cksum' update because condition not met
[18:56:05.513] [bmv2] [D] [thread 22954] [0.0] [cxt 0] Deparsing header 'ethernet'
[18:56:05.513] [bmv2] [D] [thread 22954] [0.0] [cxt 0] Deparser 'deparser': end
[18:56:05.514] [bmv2] [D] [thread 22958] [0.0] [cxt 0] Transmitting packet of size 196 out of port 0
[18:56:05.727] [bmv2] [D] [thread 22953] [1.0] [cxt 0] Processing packet received on port 1
[18:56:05.727] [bmv2] [D] [thread 22953] [1.0] [cxt 0] Parser 'parser': start
[18:56:05.727] [bmv2] [D] [thread 22953] [1.0] [cxt 0] Parser 'parser' entering state 'start'
[18:56:05.727] [bmv2] [D] [thread 22953] [1.0] [cxt 0] Extracting header 'ethernet'
[18:56:05.727] [bmv2] [D] [thread 22953] [1.0] [cxt 0] Parser state 'start': key is 86dd
[18:56:05.727] [bmv2] [T] [thread 22953] [1.0] [cxt 0] Bytes parsed: 14
[18:56:05.727] [bmv2] [D] [thread 22953] [1.0] [cxt 0] Parser 'parser': end
[18:56:05.727] [bmv2] [D] [thread 22953] [1.0] [cxt 0] Pipeline 'ingress': start
[18:56:05.727] [bmv2] [T] [thread 22953] [1.0] [cxt 0] link_monitor.p4(179) Condition "hdr.ipv4.isValid()" (node_2) is false
[18:56:05.727] [bmv2] [T] [thread 22953] [1.0] [cxt 0] link_monitor.p4(182) Condition "hdr.probe.isValid()" (node_4) is false
[18:56:05.727] [bmv2] [D] [thread 22953] [1.0] [cxt 0] Pipeline 'ingress': end
[18:56:05.727] [bmv2] [D] [thread 22953] [1.0] [cxt 0] Egress port is 0
[18:56:05.727] [bmv2] [D] [thread 22954] [1.0] [cxt 0] Pipeline 'egress': start
[18:56:05.727] [bmv2] [T] [thread 22954] [1.0] [cxt 0] Applying table 'tbl_link_monitor220'
[18:56:05.727] [bmv2] [D] [thread 22954] [1.0] [cxt 0] Looking up key:

[18:56:05.727] [bmv2] [D] [thread 22954] [1.0] [cxt 0] Table 'tbl_link_monitor220': miss
[18:56:05.727] [bmv2] [D] [thread 22954] [1.0] [cxt 0] Action entry is link_monitor220 - 
[18:56:05.727] [bmv2] [T] [thread 22954] [1.0] [cxt 0] Action link_monitor220
[18:56:05.727] [bmv2] [T] [thread 22954] [1.0] [cxt 0] link_monitor.p4(220) Primitive (bit<32>)standard_metadata.egress_port
[18:56:05.727] [bmv2] [T] [thread 22954] [1.0] [cxt 0] link_monitor.p4(220) Primitive byte_cnt_reg.read(byte_cnt, (bit<32>)standard_metadata.egress_port)
[18:56:05.727] [bmv2] [T] [thread 22954] [1.0] [cxt 0] Read register 'MyEgress.byte_cnt_reg' at index 0 read value 196
[18:56:05.727] [bmv2] [T] [thread 22954] [1.0] [cxt 0] link_monitor.p4(221) Primitive byte_cnt = byte_cnt + standard_metadata.packet_length
[18:56:05.727] [bmv2] [T] [thread 22954] [1.0] [cxt 0] link_monitor.p4(223) Condition "hdr.probe.isValid()" (node_9) is false
[18:56:05.727] [bmv2] [T] [thread 22954] [1.0] [cxt 0] Applying table 'tbl_link_monitor223_0'
[18:56:05.727] [bmv2] [D] [thread 22954] [1.0] [cxt 0] Looking up key:

[18:56:05.727] [bmv2] [D] [thread 22954] [1.0] [cxt 0] Table 'tbl_link_monitor223_0': miss
[18:56:05.727] [bmv2] [D] [thread 22954] [1.0] [cxt 0] Action entry is link_monitor223_0 - 
[18:56:05.727] [bmv2] [T] [thread 22954] [1.0] [cxt 0] Action link_monitor223_0
[18:56:05.727] [bmv2] [T] [thread 22954] [1.0] [cxt 0] link_monitor.p4(223) Primitive (hdr.probe.isValid()) ? 0 : byte_cnt
[18:56:05.727] [bmv2] [T] [thread 22954] [1.0] [cxt 0] Applying table 'tbl_link_monitor224'
[18:56:05.727] [bmv2] [D] [thread 22954] [1.0] [cxt 0] Looking up key:

[18:56:05.727] [bmv2] [D] [thread 22954] [1.0] [cxt 0] Table 'tbl_link_monitor224': miss
[18:56:05.727] [bmv2] [D] [thread 22954] [1.0] [cxt 0] Action entry is link_monitor224 - 
[18:56:05.727] [bmv2] [T] [thread 22954] [1.0] [cxt 0] Action link_monitor224
[18:56:05.727] [bmv2] [T] [thread 22954] [1.0] [cxt 0] link_monitor.p4(224) Primitive (bit<32>)standard_metadata.egress_port
[18:56:05.727] [bmv2] [T] [thread 22954] [1.0] [cxt 0] link_monitor.p4(224) Primitive byte_cnt_reg.write((bit<32>)standard_metadata.egress_port, new_byte_cnt)
[18:56:05.727] [bmv2] [T] [thread 22954] [1.0] [cxt 0] Wrote register 'MyEgress.byte_cnt_reg' at index 0 with value 392
[18:56:05.727] [bmv2] [T] [thread 22954] [1.0] [cxt 0] link_monitor.p4(226) Condition "hdr.probe.isValid()" (node_13) is false
[18:56:05.727] [bmv2] [D] [thread 22954] [1.0] [cxt 0] Pipeline 'egress': end
[18:56:05.727] [bmv2] [D] [thread 22954] [1.0] [cxt 0] Deparser 'deparser': start
[18:56:05.727] [bmv2] [T] [thread 22954] [1.0] [cxt 0] Skipping checksum 'cksum' update because condition not met
[18:56:05.727] [bmv2] [D] [thread 22954] [1.0] [cxt 0] Deparsing header 'ethernet'
[18:56:05.727] [bmv2] [D] [thread 22954] [1.0] [cxt 0] Deparser 'deparser': end
[18:56:05.727] [bmv2] [D] [thread 22958] [1.0] [cxt 0] Transmitting packet of size 196 out of port 0
[18:56:05.932] [bmv2] [D] [thread 22953] [2.0] [cxt 0] Processing packet received on port 1
[18:56:05.932] [bmv2] [D] [thread 22953] [2.0] [cxt 0] Parser 'parser': start
[18:56:05.932] [bmv2] [D] [thread 22953] [2.0] [cxt 0] Parser 'parser' entering state 'start'
[18:56:05.932] [bmv2] [D] [thread 22953] [2.0] [cxt 0] Extracting header 'ethernet'
[18:56:05.932] [bmv2] [D] [thread 22953] [2.0] [cxt 0] Parser state 'start': key is 86dd
[18:56:05.932] [bmv2] [T] [thread 22953] [2.0] [cxt 0] Bytes parsed: 14
[18:56:05.932] [bmv2] [D] [thread 22953] [2.0] [cxt 0] Parser 'parser': end
[18:56:05.932] [bmv2] [D] [thread 22953] [2.0] [cxt 0] Pipeline 'ingress': start
[18:56:05.932] [bmv2] [T] [thread 22953] [2.0] [cxt 0] link_monitor.p4(179) Condition "hdr.ipv4.isValid()" (node_2) is false
[18:56:05.933] [bmv2] [T] [thread 22953] [2.0] [cxt 0] link_monitor.p4(182) Condition "hdr.probe.isValid()" (node_4) is false
[18:56:05.933] [bmv2] [D] [thread 22953] [2.0] [cxt 0] Pipeline 'ingress': end
[18:56:05.933] [bmv2] [D] [thread 22953] [2.0] [cxt 0] Egress port is 0
[18:56:05.933] [bmv2] [D] [thread 22954] [2.0] [cxt 0] Pipeline 'egress': start
[18:56:05.933] [bmv2] [T] [thread 22954] [2.0] [cxt 0] Applying table 'tbl_link_monitor220'
[18:56:05.933] [bmv2] [D] [thread 22954] [2.0] [cxt 0] Looking up key:

[18:56:05.933] [bmv2] [D] [thread 22954] [2.0] [cxt 0] Table 'tbl_link_monitor220': miss
[18:56:05.933] [bmv2] [D] [thread 22954] [2.0] [cxt 0] Action entry is link_monitor220 - 
[18:56:05.933] [bmv2] [T] [thread 22954] [2.0] [cxt 0] Action link_monitor220
[18:56:05.933] [bmv2] [T] [thread 22954] [2.0] [cxt 0] link_monitor.p4(220) Primitive (bit<32>)standard_metadata.egress_port
[18:56:05.933] [bmv2] [T] [thread 22954] [2.0] [cxt 0] link_monitor.p4(220) Primitive byte_cnt_reg.read(byte_cnt, (bit<32>)standard_metadata.egress_port)
[18:56:05.933] [bmv2] [T] [thread 22954] [2.0] [cxt 0] Read register 'MyEgress.byte_cnt_reg' at index 0 read value 392
[18:56:05.933] [bmv2] [T] [thread 22954] [2.0] [cxt 0] link_monitor.p4(221) Primitive byte_cnt = byte_cnt + standard_metadata.packet_length
[18:56:05.933] [bmv2] [T] [thread 22954] [2.0] [cxt 0] link_monitor.p4(223) Condition "hdr.probe.isValid()" (node_9) is false
[18:56:05.933] [bmv2] [T] [thread 22954] [2.0] [cxt 0] Applying table 'tbl_link_monitor223_0'
[18:56:05.933] [bmv2] [D] [thread 22954] [2.0] [cxt 0] Looking up key:

[18:56:05.933] [bmv2] [D] [thread 22954] [2.0] [cxt 0] Table 'tbl_link_monitor223_0': miss
[18:56:05.933] [bmv2] [D] [thread 22954] [2.0] [cxt 0] Action entry is link_monitor223_0 - 
[18:56:05.933] [bmv2] [T] [thread 22954] [2.0] [cxt 0] Action link_monitor223_0
[18:56:05.933] [bmv2] [T] [thread 22954] [2.0] [cxt 0] link_monitor.p4(223) Primitive (hdr.probe.isValid()) ? 0 : byte_cnt
[18:56:05.933] [bmv2] [T] [thread 22954] [2.0] [cxt 0] Applying table 'tbl_link_monitor224'
[18:56:05.933] [bmv2] [D] [thread 22954] [2.0] [cxt 0] Looking up key:

[18:56:05.933] [bmv2] [D] [thread 22954] [2.0] [cxt 0] Table 'tbl_link_monitor224': miss
[18:56:05.933] [bmv2] [D] [thread 22954] [2.0] [cxt 0] Action entry is link_monitor224 - 
[18:56:05.933] [bmv2] [T] [thread 22954] [2.0] [cxt 0] Action link_monitor224
[18:56:05.933] [bmv2] [T] [thread 22954] [2.0] [cxt 0] link_monitor.p4(224) Primitive (bit<32>)standard_metadata.egress_port
[18:56:05.933] [bmv2] [T] [thread 22954] [2.0] [cxt 0] link_monitor.p4(224) Primitive byte_cnt_reg.write((bit<32>)standard_metadata.egress_port, new_byte_cnt)
[18:56:05.933] [bmv2] [T] [thread 22954] [2.0] [cxt 0] Wrote register 'MyEgress.byte_cnt_reg' at index 0 with value 588
[18:56:05.933] [bmv2] [T] [thread 22954] [2.0] [cxt 0] link_monitor.p4(226) Condition "hdr.probe.isValid()" (node_13) is false
[18:56:05.933] [bmv2] [D] [thread 22954] [2.0] [cxt 0] Pipeline 'egress': end
[18:56:05.933] [bmv2] [D] [thread 22954] [2.0] [cxt 0] Deparser 'deparser': start
[18:56:05.933] [bmv2] [T] [thread 22954] [2.0] [cxt 0] Skipping checksum 'cksum' update because condition not met
[18:56:05.933] [bmv2] [D] [thread 22954] [2.0] [cxt 0] Deparsing header 'ethernet'
[18:56:05.933] [bmv2] [D] [thread 22954] [2.0] [cxt 0] Deparser 'deparser': end
[18:56:05.933] [bmv2] [D] [thread 22958] [2.0] [cxt 0] Transmitting packet of size 196 out of port 0
[18:56:06.111] [bmv2] [D] [thread 22953] [3.0] [cxt 0] Processing packet received on port 2
[18:56:06.111] [bmv2] [D] [thread 22953] [3.0] [cxt 0] Parser 'parser': start
[18:56:06.111] [bmv2] [D] [thread 22953] [3.0] [cxt 0] Parser 'parser' entering state 'start'
[18:56:06.111] [bmv2] [D] [thread 22953] [3.0] [cxt 0] Extracting header 'ethernet'
[18:56:06.111] [bmv2] [D] [thread 22953] [3.0] [cxt 0] Parser state 'start': key is 86dd
[18:56:06.111] [bmv2] [T] [thread 22953] [3.0] [cxt 0] Bytes parsed: 14
[18:56:06.111] [bmv2] [D] [thread 22953] [3.0] [cxt 0] Parser 'parser': end
[18:56:06.111] [bmv2] [D] [thread 22953] [3.0] [cxt 0] Pipeline 'ingress': start
[18:56:06.111] [bmv2] [T] [thread 22953] [3.0] [cxt 0] link_monitor.p4(179) Condition "hdr.ipv4.isValid()" (node_2) is false
[18:56:06.111] [bmv2] [T] [thread 22953] [3.0] [cxt 0] link_monitor.p4(182) Condition "hdr.probe.isValid()" (node_4) is false
[18:56:06.111] [bmv2] [D] [thread 22953] [3.0] [cxt 0] Pipeline 'ingress': end
[18:56:06.111] [bmv2] [D] [thread 22953] [3.0] [cxt 0] Egress port is 0
[18:56:06.111] [bmv2] [D] [thread 22954] [3.0] [cxt 0] Pipeline 'egress': start
[18:56:06.111] [bmv2] [T] [thread 22954] [3.0] [cxt 0] Applying table 'tbl_link_monitor220'
[18:56:06.111] [bmv2] [D] [thread 22954] [3.0] [cxt 0] Looking up key:

[18:56:06.111] [bmv2] [D] [thread 22954] [3.0] [cxt 0] Table 'tbl_link_monitor220': miss
[18:56:06.111] [bmv2] [D] [thread 22954] [3.0] [cxt 0] Action entry is link_monitor220 - 
[18:56:06.111] [bmv2] [T] [thread 22954] [3.0] [cxt 0] Action link_monitor220
[18:56:06.112] [bmv2] [T] [thread 22954] [3.0] [cxt 0] link_monitor.p4(220) Primitive (bit<32>)standard_metadata.egress_port
[18:56:06.112] [bmv2] [T] [thread 22954] [3.0] [cxt 0] link_monitor.p4(220) Primitive byte_cnt_reg.read(byte_cnt, (bit<32>)standard_metadata.egress_port)
[18:56:06.112] [bmv2] [T] [thread 22954] [3.0] [cxt 0] Read register 'MyEgress.byte_cnt_reg' at index 0 read value 588
[18:56:06.112] [bmv2] [T] [thread 22954] [3.0] [cxt 0] link_monitor.p4(221) Primitive byte_cnt = byte_cnt + standard_metadata.packet_length
[18:56:06.112] [bmv2] [T] [thread 22954] [3.0] [cxt 0] link_monitor.p4(223) Condition "hdr.probe.isValid()" (node_9) is false
[18:56:06.112] [bmv2] [T] [thread 22954] [3.0] [cxt 0] Applying table 'tbl_link_monitor223_0'
[18:56:06.112] [bmv2] [D] [thread 22954] [3.0] [cxt 0] Looking up key:

[18:56:06.112] [bmv2] [D] [thread 22954] [3.0] [cxt 0] Table 'tbl_link_monitor223_0': miss
[18:56:06.112] [bmv2] [D] [thread 22954] [3.0] [cxt 0] Action entry is link_monitor223_0 - 
[18:56:06.112] [bmv2] [T] [thread 22954] [3.0] [cxt 0] Action link_monitor223_0
[18:56:06.112] [bmv2] [T] [thread 22954] [3.0] [cxt 0] link_monitor.p4(223) Primitive (hdr.probe.isValid()) ? 0 : byte_cnt
[18:56:06.112] [bmv2] [T] [thread 22954] [3.0] [cxt 0] Applying table 'tbl_link_monitor224'
[18:56:06.112] [bmv2] [D] [thread 22954] [3.0] [cxt 0] Looking up key:

[18:56:06.112] [bmv2] [D] [thread 22954] [3.0] [cxt 0] Table 'tbl_link_monitor224': miss
[18:56:06.112] [bmv2] [D] [thread 22954] [3.0] [cxt 0] Action entry is link_monitor224 - 
[18:56:06.112] [bmv2] [T] [thread 22954] [3.0] [cxt 0] Action link_monitor224
[18:56:06.112] [bmv2] [T] [thread 22954] [3.0] [cxt 0] link_monitor.p4(224) Primitive (bit<32>)standard_metadata.egress_port
[18:56:06.112] [bmv2] [T] [thread 22954] [3.0] [cxt 0] link_monitor.p4(224) Primitive byte_cnt_reg.write((bit<32>)standard_metadata.egress_port, new_byte_cnt)
[18:56:06.112] [bmv2] [T] [thread 22954] [3.0] [cxt 0] Wrote register 'MyEgress.byte_cnt_reg' at index 0 with value 784
[18:56:06.112] [bmv2] [T] [thread 22954] [3.0] [cxt 0] link_monitor.p4(226) Condition "hdr.probe.isValid()" (node_13) is false
[18:56:06.112] [bmv2] [D] [thread 22954] [3.0] [cxt 0] Pipeline 'egress': end
[18:56:06.112] [bmv2] [D] [thread 22954] [3.0] [cxt 0] Deparser 'deparser': start
[18:56:06.112] [bmv2] [T] [thread 22954] [3.0] [cxt 0] Skipping checksum 'cksum' update because condition not met
[18:56:06.112] [bmv2] [D] [thread 22954] [3.0] [cxt 0] Deparsing header 'ethernet'
[18:56:06.112] [bmv2] [D] [thread 22954] [3.0] [cxt 0] Deparser 'deparser': end
[18:56:06.113] [bmv2] [D] [thread 22958] [3.0] [cxt 0] Transmitting packet of size 196 out of port 0
[18:56:07.265] [bmv2] [W] [thread 23032] [P4Runtime] p4::tmp::P4DeviceConfig is deprecated
[18:56:07.266] [bmv2] [D] [thread 23032] Set default default entry for table 'MyIngress.ipv4_lpm': MyIngress.drop - 
[18:56:07.266] [bmv2] [D] [thread 23032] Set default default entry for table 'tbl_link_monitor183': link_monitor183 - 
[18:56:07.267] [bmv2] [D] [thread 23032] Set default default entry for table 'tbl_link_monitor220': link_monitor220 - 
[18:56:07.267] [bmv2] [D] [thread 23032] Set default default entry for table 'tbl_link_monitor223': link_monitor223 - 
[18:56:07.267] [bmv2] [D] [thread 23032] Set default default entry for table 'tbl_link_monitor223_0': link_monitor223_0 - 
[18:56:07.267] [bmv2] [D] [thread 23032] Set default default entry for table 'tbl_link_monitor224': link_monitor224 - 
[18:56:07.267] [bmv2] [D] [thread 23032] Set default default entry for table 'tbl_link_monitor228': link_monitor228 - 
[18:56:07.267] [bmv2] [D] [thread 23032] Set default default entry for table 'tbl_link_monitor231': link_monitor231 - 
[18:56:07.267] [bmv2] [D] [thread 23032] Set default default entry for table 'tbl_link_monitor234': link_monitor234 - 
[18:56:07.267] [bmv2] [D] [thread 23032] Set default default entry for table 'MyEgress.swid': NoAction - 
[18:56:07.267] [bmv2] [D] [thread 23032] Set default default entry for table 'tbl_link_monitor239': link_monitor239 - 
[18:56:07.288] [bmv2] [D] [thread 23032] simple_switch target has been notified of a config swap
[18:56:07.300] [bmv2] [D] [thread 23033] Set default entry for table 'MyEgress.swid': MyEgress.set_swid - 4,
[18:56:07.305] [bmv2] [D] [thread 23032] Set default entry for table 'MyIngress.ipv4_lpm': MyIngress.drop - 
[18:56:07.317] [bmv2] [D] [thread 23033] Entry 0 added to table 'MyIngress.ipv4_lpm'
[18:56:07.317] [bmv2] [D] [thread 23033] Dumping entry 0
Match key:
* hdr.ipv4.dstAddr    : LPM       0a000101/32
Action entry: MyIngress.ipv4_forward - 80000000100,2,

[18:56:07.321] [bmv2] [D] [thread 23032] Entry 1 added to table 'MyIngress.ipv4_lpm'
[18:56:07.321] [bmv2] [D] [thread 23032] Dumping entry 1
Match key:
* hdr.ipv4.dstAddr    : LPM       0a000202/32
Action entry: MyIngress.ipv4_forward - 80000000100,2,

[18:56:07.326] [bmv2] [D] [thread 23033] Entry 2 added to table 'MyIngress.ipv4_lpm'
[18:56:07.326] [bmv2] [D] [thread 23033] Dumping entry 2
Match key:
* hdr.ipv4.dstAddr    : LPM       0a000303/32
Action entry: MyIngress.ipv4_forward - 80000000200,1,

[18:56:07.329] [bmv2] [D] [thread 23032] Entry 3 added to table 'MyIngress.ipv4_lpm'
[18:56:07.329] [bmv2] [D] [thread 23032] Dumping entry 3
Match key:
* hdr.ipv4.dstAddr    : LPM       0a000404/32
Action entry: MyIngress.ipv4_forward - 80000000200,1,

[18:56:07.511] [bmv2] [D] [thread 22953] [4.0] [cxt 0] Processing packet received on port 2
[18:56:07.512] [bmv2] [D] [thread 22953] [4.0] [cxt 0] Parser 'parser': start
[18:56:07.512] [bmv2] [D] [thread 22953] [4.0] [cxt 0] Parser 'parser' entering state 'start'
[18:56:07.512] [bmv2] [D] [thread 22953] [4.0] [cxt 0] Extracting header 'ethernet'
[18:56:07.512] [bmv2] [D] [thread 22953] [4.0] [cxt 0] Parser state 'start': key is 86dd
[18:56:07.512] [bmv2] [T] [thread 22953] [4.0] [cxt 0] Bytes parsed: 14
[18:56:07.512] [bmv2] [D] [thread 22953] [4.0] [cxt 0] Parser 'parser': end
[18:56:07.512] [bmv2] [D] [thread 22953] [4.0] [cxt 0] Pipeline 'ingress': start
[18:56:07.512] [bmv2] [T] [thread 22953] [4.0] [cxt 0] link_monitor.p4(179) Condition "hdr.ipv4.isValid()" (node_2) is false
[18:56:07.512] [bmv2] [T] [thread 22953] [4.0] [cxt 0] link_monitor.p4(182) Condition "hdr.probe.isValid()" (node_4) is false
[18:56:07.512] [bmv2] [D] [thread 22953] [4.0] [cxt 0] Pipeline 'ingress': end
[18:56:07.512] [bmv2] [D] [thread 22953] [4.0] [cxt 0] Egress port is 0
[18:56:07.512] [bmv2] [D] [thread 22954] [4.0] [cxt 0] Pipeline 'egress': start
[18:56:07.512] [bmv2] [T] [thread 22954] [4.0] [cxt 0] Applying table 'tbl_link_monitor220'
[18:56:07.512] [bmv2] [D] [thread 22954] [4.0] [cxt 0] Looking up key:

[18:56:07.512] [bmv2] [D] [thread 22954] [4.0] [cxt 0] Table 'tbl_link_monitor220': miss
[18:56:07.512] [bmv2] [D] [thread 22954] [4.0] [cxt 0] Action entry is link_monitor220 - 
[18:56:07.512] [bmv2] [T] [thread 22954] [4.0] [cxt 0] Action link_monitor220
[18:56:07.513] [bmv2] [T] [thread 22954] [4.0] [cxt 0] link_monitor.p4(220) Primitive (bit<32>)standard_metadata.egress_port
[18:56:07.513] [bmv2] [T] [thread 22954] [4.0] [cxt 0] link_monitor.p4(220) Primitive byte_cnt_reg.read(byte_cnt, (bit<32>)standard_metadata.egress_port)
[18:56:07.513] [bmv2] [T] [thread 22954] [4.0] [cxt 0] Read register 'MyEgress.byte_cnt_reg' at index 0 read value 0
[18:56:07.513] [bmv2] [T] [thread 22954] [4.0] [cxt 0] link_monitor.p4(221) Primitive byte_cnt = byte_cnt + standard_metadata.packet_length
[18:56:07.513] [bmv2] [T] [thread 22954] [4.0] [cxt 0] link_monitor.p4(223) Condition "hdr.probe.isValid()" (node_9) is false
[18:56:07.513] [bmv2] [T] [thread 22954] [4.0] [cxt 0] Applying table 'tbl_link_monitor223_0'
[18:56:07.513] [bmv2] [D] [thread 22954] [4.0] [cxt 0] Looking up key:

[18:56:07.513] [bmv2] [D] [thread 22954] [4.0] [cxt 0] Table 'tbl_link_monitor223_0': miss
[18:56:07.513] [bmv2] [D] [thread 22954] [4.0] [cxt 0] Action entry is link_monitor223_0 - 
[18:56:07.513] [bmv2] [T] [thread 22954] [4.0] [cxt 0] Action link_monitor223_0
[18:56:07.513] [bmv2] [T] [thread 22954] [4.0] [cxt 0] link_monitor.p4(223) Primitive (hdr.probe.isValid()) ? 0 : byte_cnt
[18:56:07.513] [bmv2] [T] [thread 22954] [4.0] [cxt 0] Applying table 'tbl_link_monitor224'
[18:56:07.513] [bmv2] [D] [thread 22954] [4.0] [cxt 0] Looking up key:

[18:56:07.513] [bmv2] [D] [thread 22954] [4.0] [cxt 0] Table 'tbl_link_monitor224': miss
[18:56:07.513] [bmv2] [D] [thread 22954] [4.0] [cxt 0] Action entry is link_monitor224 - 
[18:56:07.513] [bmv2] [T] [thread 22954] [4.0] [cxt 0] Action link_monitor224
[18:56:07.513] [bmv2] [T] [thread 22954] [4.0] [cxt 0] link_monitor.p4(224) Primitive (bit<32>)standard_metadata.egress_port
[18:56:07.513] [bmv2] [T] [thread 22954] [4.0] [cxt 0] link_monitor.p4(224) Primitive byte_cnt_reg.write((bit<32>)standard_metadata.egress_port, new_byte_cnt)
[18:56:07.513] [bmv2] [T] [thread 22954] [4.0] [cxt 0] Wrote register 'MyEgress.byte_cnt_reg' at index 0 with value 196
[18:56:07.513] [bmv2] [T] [thread 22954] [4.0] [cxt 0] link_monitor.p4(226) Condition "hdr.probe.isValid()" (node_13) is false
[18:56:07.513] [bmv2] [D] [thread 22954] [4.0] [cxt 0] Pipeline 'egress': end
[18:56:07.513] [bmv2] [D] [thread 22954] [4.0] [cxt 0] Deparser 'deparser': start
[18:56:07.513] [bmv2] [T] [thread 22954] [4.0] [cxt 0] Skipping checksum 'cksum' update because condition not met
[18:56:07.513] [bmv2] [D] [thread 22954] [4.0] [cxt 0] Deparsing header 'ethernet'
[18:56:07.513] [bmv2] [D] [thread 22954] [4.0] [cxt 0] Deparser 'deparser': end
[18:56:07.518] [bmv2] [D] [thread 22958] [4.0] [cxt 0] Transmitting packet of size 196 out of port 0
[18:56:07.732] [bmv2] [D] [thread 22953] [5.0] [cxt 0] Processing packet received on port 1
[18:56:07.732] [bmv2] [D] [thread 22953] [5.0] [cxt 0] Parser 'parser': start
[18:56:07.732] [bmv2] [D] [thread 22953] [5.0] [cxt 0] Parser 'parser' entering state 'start'
[18:56:07.732] [bmv2] [D] [thread 22953] [5.0] [cxt 0] Extracting header 'ethernet'
[18:56:07.732] [bmv2] [D] [thread 22953] [5.0] [cxt 0] Parser state 'start': key is 86dd
[18:56:07.732] [bmv2] [T] [thread 22953] [5.0] [cxt 0] Bytes parsed: 14
[18:56:07.732] [bmv2] [D] [thread 22953] [5.0] [cxt 0] Parser 'parser': end
[18:56:07.732] [bmv2] [D] [thread 22953] [5.0] [cxt 0] Pipeline 'ingress': start
[18:56:07.732] [bmv2] [T] [thread 22953] [5.0] [cxt 0] link_monitor.p4(179) Condition "hdr.ipv4.isValid()" (node_2) is false
[18:56:07.732] [bmv2] [T] [thread 22953] [5.0] [cxt 0] link_monitor.p4(182) Condition "hdr.probe.isValid()" (node_4) is false
[18:56:07.732] [bmv2] [D] [thread 22953] [5.0] [cxt 0] Pipeline 'ingress': end
[18:56:07.732] [bmv2] [D] [thread 22953] [5.0] [cxt 0] Egress port is 0
[18:56:07.732] [bmv2] [D] [thread 22954] [5.0] [cxt 0] Pipeline 'egress': start
[18:56:07.732] [bmv2] [T] [thread 22954] [5.0] [cxt 0] Applying table 'tbl_link_monitor220'
[18:56:07.732] [bmv2] [D] [thread 22954] [5.0] [cxt 0] Looking up key:

[18:56:07.732] [bmv2] [D] [thread 22954] [5.0] [cxt 0] Table 'tbl_link_monitor220': miss
[18:56:07.732] [bmv2] [D] [thread 22954] [5.0] [cxt 0] Action entry is link_monitor220 - 
[18:56:07.732] [bmv2] [T] [thread 22954] [5.0] [cxt 0] Action link_monitor220
[18:56:07.732] [bmv2] [T] [thread 22954] [5.0] [cxt 0] link_monitor.p4(220) Primitive (bit<32>)standard_metadata.egress_port
[18:56:07.732] [bmv2] [T] [thread 22954] [5.0] [cxt 0] link_monitor.p4(220) Primitive byte_cnt_reg.read(byte_cnt, (bit<32>)standard_metadata.egress_port)
[18:56:07.732] [bmv2] [T] [thread 22954] [5.0] [cxt 0] Read register 'MyEgress.byte_cnt_reg' at index 0 read value 196
[18:56:07.732] [bmv2] [T] [thread 22954] [5.0] [cxt 0] link_monitor.p4(221) Primitive byte_cnt = byte_cnt + standard_metadata.packet_length
[18:56:07.732] [bmv2] [T] [thread 22954] [5.0] [cxt 0] link_monitor.p4(223) Condition "hdr.probe.isValid()" (node_9) is false
[18:56:07.732] [bmv2] [T] [thread 22954] [5.0] [cxt 0] Applying table 'tbl_link_monitor223_0'
[18:56:07.732] [bmv2] [D] [thread 22954] [5.0] [cxt 0] Looking up key:

[18:56:07.732] [bmv2] [D] [thread 22954] [5.0] [cxt 0] Table 'tbl_link_monitor223_0': miss
[18:56:07.732] [bmv2] [D] [thread 22954] [5.0] [cxt 0] Action entry is link_monitor223_0 - 
[18:56:07.732] [bmv2] [T] [thread 22954] [5.0] [cxt 0] Action link_monitor223_0
[18:56:07.732] [bmv2] [T] [thread 22954] [5.0] [cxt 0] link_monitor.p4(223) Primitive (hdr.probe.isValid()) ? 0 : byte_cnt
[18:56:07.732] [bmv2] [T] [thread 22954] [5.0] [cxt 0] Applying table 'tbl_link_monitor224'
[18:56:07.732] [bmv2] [D] [thread 22954] [5.0] [cxt 0] Looking up key:

[18:56:07.732] [bmv2] [D] [thread 22954] [5.0] [cxt 0] Table 'tbl_link_monitor224': miss
[18:56:07.732] [bmv2] [D] [thread 22954] [5.0] [cxt 0] Action entry is link_monitor224 - 
[18:56:07.732] [bmv2] [T] [thread 22954] [5.0] [cxt 0] Action link_monitor224
[18:56:07.732] [bmv2] [T] [thread 22954] [5.0] [cxt 0] link_monitor.p4(224) Primitive (bit<32>)standard_metadata.egress_port
[18:56:07.732] [bmv2] [T] [thread 22954] [5.0] [cxt 0] link_monitor.p4(224) Primitive byte_cnt_reg.write((bit<32>)standard_metadata.egress_port, new_byte_cnt)
[18:56:07.732] [bmv2] [T] [thread 22954] [5.0] [cxt 0] Wrote register 'MyEgress.byte_cnt_reg' at index 0 with value 392
[18:56:07.732] [bmv2] [T] [thread 22954] [5.0] [cxt 0] link_monitor.p4(226) Condition "hdr.probe.isValid()" (node_13) is false
[18:56:07.732] [bmv2] [D] [thread 22954] [5.0] [cxt 0] Pipeline 'egress': end
[18:56:07.732] [bmv2] [D] [thread 22954] [5.0] [cxt 0] Deparser 'deparser': start
[18:56:07.732] [bmv2] [T] [thread 22954] [5.0] [cxt 0] Skipping checksum 'cksum' update because condition not met
[18:56:07.732] [bmv2] [D] [thread 22954] [5.0] [cxt 0] Deparsing header 'ethernet'
[18:56:07.732] [bmv2] [D] [thread 22954] [5.0] [cxt 0] Deparser 'deparser': end
[18:56:07.732] [bmv2] [D] [thread 22958] [5.0] [cxt 0] Transmitting packet of size 196 out of port 0
[18:56:07.844] [bmv2] [D] [thread 22953] [6.0] [cxt 0] Processing packet received on port 1
[18:56:07.844] [bmv2] [D] [thread 22953] [6.0] [cxt 0] Parser 'parser': start
[18:56:07.844] [bmv2] [D] [thread 22953] [6.0] [cxt 0] Parser 'parser' entering state 'start'
[18:56:07.844] [bmv2] [D] [thread 22953] [6.0] [cxt 0] Extracting header 'ethernet'
[18:56:07.844] [bmv2] [D] [thread 22953] [6.0] [cxt 0] Parser state 'start': key is 86dd
[18:56:07.844] [bmv2] [T] [thread 22953] [6.0] [cxt 0] Bytes parsed: 14
[18:56:07.844] [bmv2] [D] [thread 22953] [6.0] [cxt 0] Parser 'parser': end
[18:56:07.844] [bmv2] [D] [thread 22953] [6.0] [cxt 0] Pipeline 'ingress': start
[18:56:07.844] [bmv2] [T] [thread 22953] [6.0] [cxt 0] link_monitor.p4(179) Condition "hdr.ipv4.isValid()" (node_2) is false
[18:56:07.844] [bmv2] [T] [thread 22953] [6.0] [cxt 0] link_monitor.p4(182) Condition "hdr.probe.isValid()" (node_4) is false
[18:56:07.844] [bmv2] [D] [thread 22953] [6.0] [cxt 0] Pipeline 'ingress': end
[18:56:07.844] [bmv2] [D] [thread 22953] [6.0] [cxt 0] Egress port is 0
[18:56:07.844] [bmv2] [D] [thread 22954] [6.0] [cxt 0] Pipeline 'egress': start
[18:56:07.844] [bmv2] [T] [thread 22954] [6.0] [cxt 0] Applying table 'tbl_link_monitor220'
[18:56:07.844] [bmv2] [D] [thread 22954] [6.0] [cxt 0] Looking up key:

[18:56:07.844] [bmv2] [D] [thread 22954] [6.0] [cxt 0] Table 'tbl_link_monitor220': miss
[18:56:07.844] [bmv2] [D] [thread 22954] [6.0] [cxt 0] Action entry is link_monitor220 - 
[18:56:07.844] [bmv2] [T] [thread 22954] [6.0] [cxt 0] Action link_monitor220
[18:56:07.844] [bmv2] [T] [thread 22954] [6.0] [cxt 0] link_monitor.p4(220) Primitive (bit<32>)standard_metadata.egress_port
[18:56:07.844] [bmv2] [T] [thread 22954] [6.0] [cxt 0] link_monitor.p4(220) Primitive byte_cnt_reg.read(byte_cnt, (bit<32>)standard_metadata.egress_port)
[18:56:07.844] [bmv2] [T] [thread 22954] [6.0] [cxt 0] Read register 'MyEgress.byte_cnt_reg' at index 0 read value 392
[18:56:07.844] [bmv2] [T] [thread 22954] [6.0] [cxt 0] link_monitor.p4(221) Primitive byte_cnt = byte_cnt + standard_metadata.packet_length
[18:56:07.844] [bmv2] [T] [thread 22954] [6.0] [cxt 0] link_monitor.p4(223) Condition "hdr.probe.isValid()" (node_9) is false
[18:56:07.844] [bmv2] [T] [thread 22954] [6.0] [cxt 0] Applying table 'tbl_link_monitor223_0'
[18:56:07.844] [bmv2] [D] [thread 22954] [6.0] [cxt 0] Looking up key:

[18:56:07.844] [bmv2] [D] [thread 22954] [6.0] [cxt 0] Table 'tbl_link_monitor223_0': miss
[18:56:07.844] [bmv2] [D] [thread 22954] [6.0] [cxt 0] Action entry is link_monitor223_0 - 
[18:56:07.844] [bmv2] [T] [thread 22954] [6.0] [cxt 0] Action link_monitor223_0
[18:56:07.844] [bmv2] [T] [thread 22954] [6.0] [cxt 0] link_monitor.p4(223) Primitive (hdr.probe.isValid()) ? 0 : byte_cnt
[18:56:07.845] [bmv2] [T] [thread 22954] [6.0] [cxt 0] Applying table 'tbl_link_monitor224'
[18:56:07.845] [bmv2] [D] [thread 22954] [6.0] [cxt 0] Looking up key:

[18:56:07.845] [bmv2] [D] [thread 22954] [6.0] [cxt 0] Table 'tbl_link_monitor224': miss
[18:56:07.845] [bmv2] [D] [thread 22954] [6.0] [cxt 0] Action entry is link_monitor224 - 
[18:56:07.845] [bmv2] [T] [thread 22954] [6.0] [cxt 0] Action link_monitor224
[18:56:07.845] [bmv2] [T] [thread 22954] [6.0] [cxt 0] link_monitor.p4(224) Primitive (bit<32>)standard_metadata.egress_port
[18:56:07.845] [bmv2] [T] [thread 22954] [6.0] [cxt 0] link_monitor.p4(224) Primitive byte_cnt_reg.write((bit<32>)standard_metadata.egress_port, new_byte_cnt)
[18:56:07.845] [bmv2] [T] [thread 22954] [6.0] [cxt 0] Wrote register 'MyEgress.byte_cnt_reg' at index 0 with value 462
[18:56:07.845] [bmv2] [T] [thread 22954] [6.0] [cxt 0] link_monitor.p4(226) Condition "hdr.probe.isValid()" (node_13) is false
[18:56:07.845] [bmv2] [D] [thread 22954] [6.0] [cxt 0] Pipeline 'egress': end
[18:56:07.845] [bmv2] [D] [thread 22954] [6.0] [cxt 0] Deparser 'deparser': start
[18:56:07.845] [bmv2] [T] [thread 22954] [6.0] [cxt 0] Skipping checksum 'cksum' update because condition not met
[18:56:07.845] [bmv2] [D] [thread 22954] [6.0] [cxt 0] Deparsing header 'ethernet'
[18:56:07.845] [bmv2] [D] [thread 22954] [6.0] [cxt 0] Deparser 'deparser': end
[18:56:07.845] [bmv2] [D] [thread 22958] [6.0] [cxt 0] Transmitting packet of size 70 out of port 0
[18:56:07.931] [bmv2] [D] [thread 22953] [7.0] [cxt 0] Processing packet received on port 1
[18:56:07.931] [bmv2] [D] [thread 22953] [7.0] [cxt 0] Parser 'parser': start
[18:56:07.931] [bmv2] [D] [thread 22953] [7.0] [cxt 0] Parser 'parser' entering state 'start'
[18:56:07.931] [bmv2] [D] [thread 22953] [7.0] [cxt 0] Extracting header 'ethernet'
[18:56:07.931] [bmv2] [D] [thread 22953] [7.0] [cxt 0] Parser state 'start': key is 86dd
[18:56:07.931] [bmv2] [T] [thread 22953] [7.0] [cxt 0] Bytes parsed: 14
[18:56:07.931] [bmv2] [D] [thread 22953] [7.0] [cxt 0] Parser 'parser': end
[18:56:07.931] [bmv2] [D] [thread 22953] [7.0] [cxt 0] Pipeline 'ingress': start
[18:56:07.931] [bmv2] [T] [thread 22953] [7.0] [cxt 0] link_monitor.p4(179) Condition "hdr.ipv4.isValid()" (node_2) is false
[18:56:07.931] [bmv2] [T] [thread 22953] [7.0] [cxt 0] link_monitor.p4(182) Condition "hdr.probe.isValid()" (node_4) is false
[18:56:07.931] [bmv2] [D] [thread 22953] [7.0] [cxt 0] Pipeline 'ingress': end
[18:56:07.931] [bmv2] [D] [thread 22953] [7.0] [cxt 0] Egress port is 0
[18:56:07.931] [bmv2] [D] [thread 22954] [7.0] [cxt 0] Pipeline 'egress': start
[18:56:07.931] [bmv2] [T] [thread 22954] [7.0] [cxt 0] Applying table 'tbl_link_monitor220'
[18:56:07.931] [bmv2] [D] [thread 22954] [7.0] [cxt 0] Looking up key:

[18:56:07.931] [bmv2] [D] [thread 22954] [7.0] [cxt 0] Table 'tbl_link_monitor220': miss
[18:56:07.931] [bmv2] [D] [thread 22954] [7.0] [cxt 0] Action entry is link_monitor220 - 
[18:56:07.931] [bmv2] [T] [thread 22954] [7.0] [cxt 0] Action link_monitor220
[18:56:07.931] [bmv2] [T] [thread 22954] [7.0] [cxt 0] link_monitor.p4(220) Primitive (bit<32>)standard_metadata.egress_port
[18:56:07.931] [bmv2] [T] [thread 22954] [7.0] [cxt 0] link_monitor.p4(220) Primitive byte_cnt_reg.read(byte_cnt, (bit<32>)standard_metadata.egress_port)
[18:56:07.931] [bmv2] [T] [thread 22954] [7.0] [cxt 0] Read register 'MyEgress.byte_cnt_reg' at index 0 read value 462
[18:56:07.931] [bmv2] [T] [thread 22954] [7.0] [cxt 0] link_monitor.p4(221) Primitive byte_cnt = byte_cnt + standard_metadata.packet_length
[18:56:07.931] [bmv2] [T] [thread 22954] [7.0] [cxt 0] link_monitor.p4(223) Condition "hdr.probe.isValid()" (node_9) is false
[18:56:07.931] [bmv2] [T] [thread 22954] [7.0] [cxt 0] Applying table 'tbl_link_monitor223_0'
[18:56:07.931] [bmv2] [D] [thread 22954] [7.0] [cxt 0] Looking up key:

[18:56:07.931] [bmv2] [D] [thread 22954] [7.0] [cxt 0] Table 'tbl_link_monitor223_0': miss
[18:56:07.931] [bmv2] [D] [thread 22954] [7.0] [cxt 0] Action entry is link_monitor223_0 - 
[18:56:07.931] [bmv2] [T] [thread 22954] [7.0] [cxt 0] Action link_monitor223_0
[18:56:07.931] [bmv2] [T] [thread 22954] [7.0] [cxt 0] link_monitor.p4(223) Primitive (hdr.probe.isValid()) ? 0 : byte_cnt
[18:56:07.931] [bmv2] [T] [thread 22954] [7.0] [cxt 0] Applying table 'tbl_link_monitor224'
[18:56:07.931] [bmv2] [D] [thread 22954] [7.0] [cxt 0] Looking up key:

[18:56:07.931] [bmv2] [D] [thread 22954] [7.0] [cxt 0] Table 'tbl_link_monitor224': miss
[18:56:07.931] [bmv2] [D] [thread 22954] [7.0] [cxt 0] Action entry is link_monitor224 - 
[18:56:07.931] [bmv2] [T] [thread 22954] [7.0] [cxt 0] Action link_monitor224
[18:56:07.931] [bmv2] [T] [thread 22954] [7.0] [cxt 0] link_monitor.p4(224) Primitive (bit<32>)standard_metadata.egress_port
[18:56:07.931] [bmv2] [T] [thread 22954] [7.0] [cxt 0] link_monitor.p4(224) Primitive byte_cnt_reg.write((bit<32>)standard_metadata.egress_port, new_byte_cnt)
[18:56:07.931] [bmv2] [T] [thread 22954] [7.0] [cxt 0] Wrote register 'MyEgress.byte_cnt_reg' at index 0 with value 658
[18:56:07.931] [bmv2] [T] [thread 22954] [7.0] [cxt 0] link_monitor.p4(226) Condition "hdr.probe.isValid()" (node_13) is false
[18:56:07.931] [bmv2] [D] [thread 22954] [7.0] [cxt 0] Pipeline 'egress': end
[18:56:07.931] [bmv2] [D] [thread 22954] [7.0] [cxt 0] Deparser 'deparser': start
[18:56:07.931] [bmv2] [T] [thread 22954] [7.0] [cxt 0] Skipping checksum 'cksum' update because condition not met
[18:56:07.931] [bmv2] [D] [thread 22954] [7.0] [cxt 0] Deparsing header 'ethernet'
[18:56:07.931] [bmv2] [D] [thread 22954] [7.0] [cxt 0] Deparser 'deparser': end
[18:56:07.932] [bmv2] [D] [thread 22958] [7.0] [cxt 0] Transmitting packet of size 196 out of port 0
[18:56:08.091] [bmv2] [D] [thread 22953] [8.0] [cxt 0] Processing packet received on port 1
[18:56:08.091] [bmv2] [D] [thread 22953] [8.0] [cxt 0] Parser 'parser': start
[18:56:08.091] [bmv2] [D] [thread 22953] [8.0] [cxt 0] Parser 'parser' entering state 'start'
[18:56:08.091] [bmv2] [D] [thread 22953] [8.0] [cxt 0] Extracting header 'ethernet'
[18:56:08.091] [bmv2] [D] [thread 22953] [8.0] [cxt 0] Parser state 'start': key is 86dd
[18:56:08.091] [bmv2] [T] [thread 22953] [8.0] [cxt 0] Bytes parsed: 14
[18:56:08.091] [bmv2] [D] [thread 22953] [8.0] [cxt 0] Parser 'parser': end
[18:56:08.091] [bmv2] [D] [thread 22953] [8.0] [cxt 0] Pipeline 'ingress': start
[18:56:08.091] [bmv2] [T] [thread 22953] [8.0] [cxt 0] link_monitor.p4(179) Condition "hdr.ipv4.isValid()" (node_2) is false
[18:56:08.091] [bmv2] [T] [thread 22953] [8.0] [cxt 0] link_monitor.p4(182) Condition "hdr.probe.isValid()" (node_4) is false
[18:56:08.091] [bmv2] [D] [thread 22953] [8.0] [cxt 0] Pipeline 'ingress': end
[18:56:08.091] [bmv2] [D] [thread 22953] [8.0] [cxt 0] Egress port is 0
[18:56:08.091] [bmv2] [D] [thread 22953] [9.0] [cxt 0] Processing packet received on port 2
[18:56:08.091] [bmv2] [D] [thread 22953] [9.0] [cxt 0] Parser 'parser': start
[18:56:08.091] [bmv2] [D] [thread 22953] [9.0] [cxt 0] Parser 'parser' entering state 'start'
[18:56:08.091] [bmv2] [D] [thread 22953] [9.0] [cxt 0] Extracting header 'ethernet'
[18:56:08.091] [bmv2] [D] [thread 22953] [9.0] [cxt 0] Parser state 'start': key is 86dd
[18:56:08.091] [bmv2] [T] [thread 22953] [9.0] [cxt 0] Bytes parsed: 14
[18:56:08.091] [bmv2] [D] [thread 22953] [9.0] [cxt 0] Parser 'parser': end
[18:56:08.091] [bmv2] [D] [thread 22953] [9.0] [cxt 0] Pipeline 'ingress': start
[18:56:08.091] [bmv2] [T] [thread 22953] [9.0] [cxt 0] link_monitor.p4(179) Condition "hdr.ipv4.isValid()" (node_2) is false
[18:56:08.091] [bmv2] [T] [thread 22953] [9.0] [cxt 0] link_monitor.p4(182) Condition "hdr.probe.isValid()" (node_4) is false
[18:56:08.091] [bmv2] [D] [thread 22953] [9.0] [cxt 0] Pipeline 'ingress': end
[18:56:08.091] [bmv2] [D] [thread 22953] [9.0] [cxt 0] Egress port is 0
[18:56:08.091] [bmv2] [D] [thread 22954] [8.0] [cxt 0] Pipeline 'egress': start
[18:56:08.091] [bmv2] [T] [thread 22954] [8.0] [cxt 0] Applying table 'tbl_link_monitor220'
[18:56:08.091] [bmv2] [D] [thread 22954] [8.0] [cxt 0] Looking up key:

[18:56:08.091] [bmv2] [D] [thread 22954] [8.0] [cxt 0] Table 'tbl_link_monitor220': miss
[18:56:08.091] [bmv2] [D] [thread 22954] [8.0] [cxt 0] Action entry is link_monitor220 - 
[18:56:08.091] [bmv2] [T] [thread 22954] [8.0] [cxt 0] Action link_monitor220
[18:56:08.091] [bmv2] [T] [thread 22954] [8.0] [cxt 0] link_monitor.p4(220) Primitive (bit<32>)standard_metadata.egress_port
[18:56:08.091] [bmv2] [T] [thread 22954] [8.0] [cxt 0] link_monitor.p4(220) Primitive byte_cnt_reg.read(byte_cnt, (bit<32>)standard_metadata.egress_port)
[18:56:08.091] [bmv2] [T] [thread 22954] [8.0] [cxt 0] Read register 'MyEgress.byte_cnt_reg' at index 0 read value 658
[18:56:08.091] [bmv2] [T] [thread 22954] [8.0] [cxt 0] link_monitor.p4(221) Primitive byte_cnt = byte_cnt + standard_metadata.packet_length
[18:56:08.091] [bmv2] [T] [thread 22954] [8.0] [cxt 0] link_monitor.p4(223) Condition "hdr.probe.isValid()" (node_9) is false
[18:56:08.091] [bmv2] [T] [thread 22954] [8.0] [cxt 0] Applying table 'tbl_link_monitor223_0'
[18:56:08.091] [bmv2] [D] [thread 22954] [8.0] [cxt 0] Looking up key:

[18:56:08.091] [bmv2] [D] [thread 22954] [8.0] [cxt 0] Table 'tbl_link_monitor223_0': miss
[18:56:08.091] [bmv2] [D] [thread 22954] [8.0] [cxt 0] Action entry is link_monitor223_0 - 
[18:56:08.091] [bmv2] [T] [thread 22954] [8.0] [cxt 0] Action link_monitor223_0
[18:56:08.091] [bmv2] [T] [thread 22954] [8.0] [cxt 0] link_monitor.p4(223) Primitive (hdr.probe.isValid()) ? 0 : byte_cnt
[18:56:08.091] [bmv2] [T] [thread 22954] [8.0] [cxt 0] Applying table 'tbl_link_monitor224'
[18:56:08.091] [bmv2] [D] [thread 22954] [8.0] [cxt 0] Looking up key:

[18:56:08.091] [bmv2] [D] [thread 22954] [8.0] [cxt 0] Table 'tbl_link_monitor224': miss
[18:56:08.091] [bmv2] [D] [thread 22954] [8.0] [cxt 0] Action entry is link_monitor224 - 
[18:56:08.091] [bmv2] [T] [thread 22954] [8.0] [cxt 0] Action link_monitor224
[18:56:08.091] [bmv2] [T] [thread 22954] [8.0] [cxt 0] link_monitor.p4(224) Primitive (bit<32>)standard_metadata.egress_port
[18:56:08.091] [bmv2] [T] [thread 22954] [8.0] [cxt 0] link_monitor.p4(224) Primitive byte_cnt_reg.write((bit<32>)standard_metadata.egress_port, new_byte_cnt)
[18:56:08.092] [bmv2] [T] [thread 22954] [8.0] [cxt 0] Wrote register 'MyEgress.byte_cnt_reg' at index 0 with value 728
[18:56:08.092] [bmv2] [T] [thread 22954] [8.0] [cxt 0] link_monitor.p4(226) Condition "hdr.probe.isValid()" (node_13) is false
[18:56:08.092] [bmv2] [D] [thread 22954] [8.0] [cxt 0] Pipeline 'egress': end
[18:56:08.092] [bmv2] [D] [thread 22954] [8.0] [cxt 0] Deparser 'deparser': start
[18:56:08.092] [bmv2] [T] [thread 22954] [8.0] [cxt 0] Skipping checksum 'cksum' update because condition not met
[18:56:08.092] [bmv2] [D] [thread 22954] [8.0] [cxt 0] Deparsing header 'ethernet'
[18:56:08.092] [bmv2] [D] [thread 22954] [8.0] [cxt 0] Deparser 'deparser': end
[18:56:08.092] [bmv2] [D] [thread 22954] [9.0] [cxt 0] Pipeline 'egress': start
[18:56:08.092] [bmv2] [T] [thread 22954] [9.0] [cxt 0] Applying table 'tbl_link_monitor220'
[18:56:08.092] [bmv2] [D] [thread 22954] [9.0] [cxt 0] Looking up key:

[18:56:08.092] [bmv2] [D] [thread 22954] [9.0] [cxt 0] Table 'tbl_link_monitor220': miss
[18:56:08.092] [bmv2] [D] [thread 22954] [9.0] [cxt 0] Action entry is link_monitor220 - 
[18:56:08.092] [bmv2] [T] [thread 22954] [9.0] [cxt 0] Action link_monitor220
[18:56:08.092] [bmv2] [T] [thread 22954] [9.0] [cxt 0] link_monitor.p4(220) Primitive (bit<32>)standard_metadata.egress_port
[18:56:08.092] [bmv2] [T] [thread 22954] [9.0] [cxt 0] link_monitor.p4(220) Primitive byte_cnt_reg.read(byte_cnt, (bit<32>)standard_metadata.egress_port)
[18:56:08.092] [bmv2] [T] [thread 22954] [9.0] [cxt 0] Read register 'MyEgress.byte_cnt_reg' at index 0 read value 728
[18:56:08.092] [bmv2] [T] [thread 22954] [9.0] [cxt 0] link_monitor.p4(221) Primitive byte_cnt = byte_cnt + standard_metadata.packet_length
[18:56:08.092] [bmv2] [T] [thread 22954] [9.0] [cxt 0] link_monitor.p4(223) Condition "hdr.probe.isValid()" (node_9) is false
[18:56:08.092] [bmv2] [T] [thread 22954] [9.0] [cxt 0] Applying table 'tbl_link_monitor223_0'
[18:56:08.092] [bmv2] [D] [thread 22954] [9.0] [cxt 0] Looking up key:

[18:56:08.092] [bmv2] [D] [thread 22954] [9.0] [cxt 0] Table 'tbl_link_monitor223_0': miss
[18:56:08.092] [bmv2] [D] [thread 22954] [9.0] [cxt 0] Action entry is link_monitor223_0 - 
[18:56:08.092] [bmv2] [T] [thread 22954] [9.0] [cxt 0] Action link_monitor223_0
[18:56:08.092] [bmv2] [T] [thread 22954] [9.0] [cxt 0] link_monitor.p4(223) Primitive (hdr.probe.isValid()) ? 0 : byte_cnt
[18:56:08.092] [bmv2] [T] [thread 22954] [9.0] [cxt 0] Applying table 'tbl_link_monitor224'
[18:56:08.092] [bmv2] [D] [thread 22954] [9.0] [cxt 0] Looking up key:

[18:56:08.092] [bmv2] [D] [thread 22954] [9.0] [cxt 0] Table 'tbl_link_monitor224': miss
[18:56:08.092] [bmv2] [D] [thread 22954] [9.0] [cxt 0] Action entry is link_monitor224 - 
[18:56:08.092] [bmv2] [T] [thread 22954] [9.0] [cxt 0] Action link_monitor224
[18:56:08.092] [bmv2] [T] [thread 22954] [9.0] [cxt 0] link_monitor.p4(224) Primitive (bit<32>)standard_metadata.egress_port
[18:56:08.092] [bmv2] [T] [thread 22954] [9.0] [cxt 0] link_monitor.p4(224) Primitive byte_cnt_reg.write((bit<32>)standard_metadata.egress_port, new_byte_cnt)
[18:56:08.092] [bmv2] [D] [thread 22958] [8.0] [cxt 0] Transmitting packet of size 70 out of port 0
[18:56:08.092] [bmv2] [T] [thread 22954] [9.0] [cxt 0] Wrote register 'MyEgress.byte_cnt_reg' at index 0 with value 798
[18:56:08.093] [bmv2] [T] [thread 22954] [9.0] [cxt 0] link_monitor.p4(226) Condition "hdr.probe.isValid()" (node_13) is false
[18:56:08.093] [bmv2] [D] [thread 22954] [9.0] [cxt 0] Pipeline 'egress': end
[18:56:08.093] [bmv2] [D] [thread 22954] [9.0] [cxt 0] Deparser 'deparser': start
[18:56:08.093] [bmv2] [T] [thread 22954] [9.0] [cxt 0] Skipping checksum 'cksum' update because condition not met
[18:56:08.093] [bmv2] [D] [thread 22954] [9.0] [cxt 0] Deparsing header 'ethernet'
[18:56:08.093] [bmv2] [D] [thread 22954] [9.0] [cxt 0] Deparser 'deparser': end
[18:56:08.093] [bmv2] [D] [thread 22958] [9.0] [cxt 0] Transmitting packet of size 70 out of port 0
[18:56:08.116] [bmv2] [D] [thread 22953] [10.0] [cxt 0] Processing packet received on port 2
[18:56:08.116] [bmv2] [D] [thread 22953] [10.0] [cxt 0] Parser 'parser': start
[18:56:08.116] [bmv2] [D] [thread 22953] [10.0] [cxt 0] Parser 'parser' entering state 'start'
[18:56:08.116] [bmv2] [D] [thread 22953] [10.0] [cxt 0] Extracting header 'ethernet'
[18:56:08.116] [bmv2] [D] [thread 22953] [10.0] [cxt 0] Parser state 'start': key is 86dd
[18:56:08.116] [bmv2] [T] [thread 22953] [10.0] [cxt 0] Bytes parsed: 14
[18:56:08.116] [bmv2] [D] [thread 22953] [10.0] [cxt 0] Parser 'parser': end
[18:56:08.116] [bmv2] [D] [thread 22953] [10.0] [cxt 0] Pipeline 'ingress': start
[18:56:08.116] [bmv2] [T] [thread 22953] [10.0] [cxt 0] link_monitor.p4(179) Condition "hdr.ipv4.isValid()" (node_2) is false
[18:56:08.116] [bmv2] [T] [thread 22953] [10.0] [cxt 0] link_monitor.p4(182) Condition "hdr.probe.isValid()" (node_4) is false
[18:56:08.116] [bmv2] [D] [thread 22953] [10.0] [cxt 0] Pipeline 'ingress': end
[18:56:08.116] [bmv2] [D] [thread 22953] [10.0] [cxt 0] Egress port is 0
[18:56:08.116] [bmv2] [D] [thread 22954] [10.0] [cxt 0] Pipeline 'egress': start
[18:56:08.116] [bmv2] [T] [thread 22954] [10.0] [cxt 0] Applying table 'tbl_link_monitor220'
[18:56:08.116] [bmv2] [D] [thread 22954] [10.0] [cxt 0] Looking up key:

[18:56:08.116] [bmv2] [D] [thread 22954] [10.0] [cxt 0] Table 'tbl_link_monitor220': miss
[18:56:08.116] [bmv2] [D] [thread 22954] [10.0] [cxt 0] Action entry is link_monitor220 - 
[18:56:08.116] [bmv2] [T] [thread 22954] [10.0] [cxt 0] Action link_monitor220
[18:56:08.116] [bmv2] [T] [thread 22954] [10.0] [cxt 0] link_monitor.p4(220) Primitive (bit<32>)standard_metadata.egress_port
[18:56:08.116] [bmv2] [T] [thread 22954] [10.0] [cxt 0] link_monitor.p4(220) Primitive byte_cnt_reg.read(byte_cnt, (bit<32>)standard_metadata.egress_port)
[18:56:08.116] [bmv2] [T] [thread 22954] [10.0] [cxt 0] Read register 'MyEgress.byte_cnt_reg' at index 0 read value 798
[18:56:08.116] [bmv2] [T] [thread 22954] [10.0] [cxt 0] link_monitor.p4(221) Primitive byte_cnt = byte_cnt + standard_metadata.packet_length
[18:56:08.116] [bmv2] [T] [thread 22954] [10.0] [cxt 0] link_monitor.p4(223) Condition "hdr.probe.isValid()" (node_9) is false
[18:56:08.116] [bmv2] [T] [thread 22954] [10.0] [cxt 0] Applying table 'tbl_link_monitor223_0'
[18:56:08.116] [bmv2] [D] [thread 22954] [10.0] [cxt 0] Looking up key:

[18:56:08.116] [bmv2] [D] [thread 22954] [10.0] [cxt 0] Table 'tbl_link_monitor223_0': miss
[18:56:08.116] [bmv2] [D] [thread 22954] [10.0] [cxt 0] Action entry is link_monitor223_0 - 
[18:56:08.116] [bmv2] [T] [thread 22954] [10.0] [cxt 0] Action link_monitor223_0
[18:56:08.116] [bmv2] [T] [thread 22954] [10.0] [cxt 0] link_monitor.p4(223) Primitive (hdr.probe.isValid()) ? 0 : byte_cnt
[18:56:08.116] [bmv2] [T] [thread 22954] [10.0] [cxt 0] Applying table 'tbl_link_monitor224'
[18:56:08.116] [bmv2] [D] [thread 22954] [10.0] [cxt 0] Looking up key:

[18:56:08.116] [bmv2] [D] [thread 22954] [10.0] [cxt 0] Table 'tbl_link_monitor224': miss
[18:56:08.116] [bmv2] [D] [thread 22954] [10.0] [cxt 0] Action entry is link_monitor224 - 
[18:56:08.116] [bmv2] [T] [thread 22954] [10.0] [cxt 0] Action link_monitor224
[18:56:08.116] [bmv2] [T] [thread 22954] [10.0] [cxt 0] link_monitor.p4(224) Primitive (bit<32>)standard_metadata.egress_port
[18:56:08.116] [bmv2] [T] [thread 22954] [10.0] [cxt 0] link_monitor.p4(224) Primitive byte_cnt_reg.write((bit<32>)standard_metadata.egress_port, new_byte_cnt)
[18:56:08.116] [bmv2] [T] [thread 22954] [10.0] [cxt 0] Wrote register 'MyEgress.byte_cnt_reg' at index 0 with value 994
[18:56:08.116] [bmv2] [T] [thread 22954] [10.0] [cxt 0] link_monitor.p4(226) Condition "hdr.probe.isValid()" (node_13) is false
[18:56:08.116] [bmv2] [D] [thread 22954] [10.0] [cxt 0] Pipeline 'egress': end
[18:56:08.116] [bmv2] [D] [thread 22954] [10.0] [cxt 0] Deparser 'deparser': start
[18:56:08.116] [bmv2] [T] [thread 22954] [10.0] [cxt 0] Skipping checksum 'cksum' update because condition not met
[18:56:08.116] [bmv2] [D] [thread 22954] [10.0] [cxt 0] Deparsing header 'ethernet'
[18:56:08.116] [bmv2] [D] [thread 22954] [10.0] [cxt 0] Deparser 'deparser': end
[18:56:08.117] [bmv2] [D] [thread 22958] [10.0] [cxt 0] Transmitting packet of size 196 out of port 0
[18:56:08.860] [bmv2] [D] [thread 22953] [11.0] [cxt 0] Processing packet received on port 2
[18:56:08.860] [bmv2] [D] [thread 22953] [11.0] [cxt 0] Parser 'parser': start
[18:56:08.860] [bmv2] [D] [thread 22953] [11.0] [cxt 0] Parser 'parser' entering state 'start'
[18:56:08.860] [bmv2] [D] [thread 22953] [11.0] [cxt 0] Extracting header 'ethernet'
[18:56:08.860] [bmv2] [D] [thread 22953] [11.0] [cxt 0] Parser state 'start': key is 86dd
[18:56:08.860] [bmv2] [T] [thread 22953] [11.0] [cxt 0] Bytes parsed: 14
[18:56:08.860] [bmv2] [D] [thread 22953] [11.0] [cxt 0] Parser 'parser': end
[18:56:08.860] [bmv2] [D] [thread 22953] [11.0] [cxt 0] Pipeline 'ingress': start
[18:56:08.860] [bmv2] [T] [thread 22953] [11.0] [cxt 0] link_monitor.p4(179) Condition "hdr.ipv4.isValid()" (node_2) is false
[18:56:08.860] [bmv2] [T] [thread 22953] [11.0] [cxt 0] link_monitor.p4(182) Condition "hdr.probe.isValid()" (node_4) is false
[18:56:08.860] [bmv2] [D] [thread 22953] [11.0] [cxt 0] Pipeline 'ingress': end
[18:56:08.860] [bmv2] [D] [thread 22953] [11.0] [cxt 0] Egress port is 0
[18:56:08.860] [bmv2] [D] [thread 22954] [11.0] [cxt 0] Pipeline 'egress': start
[18:56:08.860] [bmv2] [T] [thread 22954] [11.0] [cxt 0] Applying table 'tbl_link_monitor220'
[18:56:08.860] [bmv2] [D] [thread 22954] [11.0] [cxt 0] Looking up key:

[18:56:08.860] [bmv2] [D] [thread 22954] [11.0] [cxt 0] Table 'tbl_link_monitor220': miss
[18:56:08.860] [bmv2] [D] [thread 22954] [11.0] [cxt 0] Action entry is link_monitor220 - 
[18:56:08.860] [bmv2] [T] [thread 22954] [11.0] [cxt 0] Action link_monitor220
[18:56:08.860] [bmv2] [T] [thread 22954] [11.0] [cxt 0] link_monitor.p4(220) Primitive (bit<32>)standard_metadata.egress_port
[18:56:08.860] [bmv2] [T] [thread 22954] [11.0] [cxt 0] link_monitor.p4(220) Primitive byte_cnt_reg.read(byte_cnt, (bit<32>)standard_metadata.egress_port)
[18:56:08.860] [bmv2] [T] [thread 22954] [11.0] [cxt 0] Read register 'MyEgress.byte_cnt_reg' at index 0 read value 994
[18:56:08.860] [bmv2] [T] [thread 22954] [11.0] [cxt 0] link_monitor.p4(221) Primitive byte_cnt = byte_cnt + standard_metadata.packet_length
[18:56:08.860] [bmv2] [T] [thread 22954] [11.0] [cxt 0] link_monitor.p4(223) Condition "hdr.probe.isValid()" (node_9) is false
[18:56:08.860] [bmv2] [T] [thread 22954] [11.0] [cxt 0] Applying table 'tbl_link_monitor223_0'
[18:56:08.860] [bmv2] [D] [thread 22954] [11.0] [cxt 0] Looking up key:

[18:56:08.860] [bmv2] [D] [thread 22954] [11.0] [cxt 0] Table 'tbl_link_monitor223_0': miss
[18:56:08.860] [bmv2] [D] [thread 22954] [11.0] [cxt 0] Action entry is link_monitor223_0 - 
[18:56:08.860] [bmv2] [T] [thread 22954] [11.0] [cxt 0] Action link_monitor223_0
[18:56:08.860] [bmv2] [T] [thread 22954] [11.0] [cxt 0] link_monitor.p4(223) Primitive (hdr.probe.isValid()) ? 0 : byte_cnt
[18:56:08.860] [bmv2] [T] [thread 22954] [11.0] [cxt 0] Applying table 'tbl_link_monitor224'
[18:56:08.860] [bmv2] [D] [thread 22954] [11.0] [cxt 0] Looking up key:

[18:56:08.860] [bmv2] [D] [thread 22954] [11.0] [cxt 0] Table 'tbl_link_monitor224': miss
[18:56:08.860] [bmv2] [D] [thread 22954] [11.0] [cxt 0] Action entry is link_monitor224 - 
[18:56:08.860] [bmv2] [T] [thread 22954] [11.0] [cxt 0] Action link_monitor224
[18:56:08.860] [bmv2] [T] [thread 22954] [11.0] [cxt 0] link_monitor.p4(224) Primitive (bit<32>)standard_metadata.egress_port
[18:56:08.860] [bmv2] [T] [thread 22954] [11.0] [cxt 0] link_monitor.p4(224) Primitive byte_cnt_reg.write((bit<32>)standard_metadata.egress_port, new_byte_cnt)
[18:56:08.860] [bmv2] [T] [thread 22954] [11.0] [cxt 0] Wrote register 'MyEgress.byte_cnt_reg' at index 0 with value 1064
[18:56:08.860] [bmv2] [T] [thread 22954] [11.0] [cxt 0] link_monitor.p4(226) Condition "hdr.probe.isValid()" (node_13) is false
[18:56:08.860] [bmv2] [D] [thread 22954] [11.0] [cxt 0] Pipeline 'egress': end
[18:56:08.860] [bmv2] [D] [thread 22954] [11.0] [cxt 0] Deparser 'deparser': start
[18:56:08.860] [bmv2] [T] [thread 22954] [11.0] [cxt 0] Skipping checksum 'cksum' update because condition not met
[18:56:08.861] [bmv2] [D] [thread 22954] [11.0] [cxt 0] Deparsing header 'ethernet'
[18:56:08.861] [bmv2] [D] [thread 22954] [11.0] [cxt 0] Deparser 'deparser': end
[18:56:08.861] [bmv2] [D] [thread 22958] [11.0] [cxt 0] Transmitting packet of size 70 out of port 0
